[20:23:57] This is prokka 1.14.6
[20:23:57] Written by Torsten Seemann <torsten.seemann@gmail.com>
[20:23:57] Homepage is https://github.com/tseemann/prokka
[20:23:57] Local time is Tue Aug  9 20:23:57 2022
[20:23:57] You are diego
[20:23:57] Operating system is linux
[20:23:57] You have BioPerl 1.007002
[20:23:57] System has 12 cores.
[20:23:57] Will use maximum of 8 cores.
[20:23:57] Annotating as >>> Bacteria <<<
[20:23:57] Enabling options to ensure Genbank/ENA/DDJB submission compliance.
[20:23:57] Creating new output folder: prokka_VFRANSCY_pseudofinder
[20:23:57] Running: mkdir -p prokka_VFRANSCY_pseudofinder
[20:23:57] Using filename prefix: VFRANSCY.XXX
[20:23:57] Setting HMMER_NCPU=1
[20:23:57] Writing log to: prokka_VFRANSCY_pseudofinder/VFRANSCY.log
[20:23:57] Command: /home/diego/miniconda3/envs/prokka_env/bin/prokka VFRANSCY.fasta --prefix VFRANSCY --locustag VFRANSCY --outdir prokka_VFRANSCY_pseudofinder -gcode 11 --compliant --rfam --cdsrnaolap --force
[20:23:57] Appending to PATH: /home/diego/miniconda3/envs/prokka_env/bin
[20:23:57] Looking for 'aragorn' - found /home/diego/miniconda3/envs/prokka_env/bin/aragorn
[20:23:57] Determined aragorn version is 001002 from 'ARAGORN v1.2.38 Dean Laslett'
[20:23:57] Looking for 'barrnap' - found /home/diego/miniconda3/envs/prokka_env/bin/barrnap
[20:23:57] Determined barrnap version is 000009 from 'barrnap 0.9'
[20:23:57] Looking for 'blastp' - found /home/diego/miniconda3/envs/prokka_env/bin/blastp
[20:23:57] Determined blastp version is 002010 from 'blastp: 2.10.1+'
[20:23:57] Looking for 'cmpress' - found /home/diego/miniconda3/envs/prokka_env/bin/cmpress
[20:23:57] Determined cmpress version is 001001 from '# INFERNAL 1.1.3 (Nov 2019)'
[20:23:57] Looking for 'cmscan' - found /home/diego/miniconda3/envs/prokka_env/bin/cmscan
[20:23:57] Determined cmscan version is 001001 from '# INFERNAL 1.1.3 (Nov 2019)'
[20:23:57] Looking for 'egrep' - found /usr/bin/egrep
[20:23:57] Looking for 'find' - found /usr/bin/find
[20:23:57] Looking for 'grep' - found /usr/bin/grep
[20:23:57] Looking for 'hmmpress' - found /home/diego/miniconda3/envs/prokka_env/bin/hmmpress
[20:23:57] Determined hmmpress version is 003003 from '# HMMER 3.3.2 (Nov 2020); http://hmmer.org/'
[20:23:57] Looking for 'hmmscan' - found /home/diego/miniconda3/envs/prokka_env/bin/hmmscan
[20:23:57] Determined hmmscan version is 003003 from '# HMMER 3.3.2 (Nov 2020); http://hmmer.org/'
[20:23:57] Looking for 'java' - found /home/diego/miniconda3/envs/prokka_env/bin/java
[20:23:57] Looking for 'makeblastdb' - found /home/diego/miniconda3/envs/prokka_env/bin/makeblastdb
[20:23:57] Determined makeblastdb version is 002010 from 'makeblastdb: 2.10.1+'
[20:23:57] Looking for 'minced' - found /home/diego/miniconda3/envs/prokka_env/bin/minced
[20:23:57] Determined minced version is 004002 from 'minced 0.4.2'
[20:23:57] Looking for 'parallel' - found /home/diego/miniconda3/envs/prokka_env/bin/parallel
[20:23:57] Determined parallel version is 20201122 from 'GNU parallel 20201122'
[20:23:57] Looking for 'prodigal' - found /home/diego/miniconda3/envs/prokka_env/bin/prodigal
[20:23:57] Determined prodigal version is 002006 from 'Prodigal V2.6.3: February, 2016'
[20:23:57] Looking for 'prokka-genbank_to_fasta_db' - found /home/diego/miniconda3/envs/prokka_env/bin/prokka-genbank_to_fasta_db
[20:23:57] Looking for 'rnammer' - found /home/diego/rnammer-1.2.src/rnammer
[20:23:57] Determined rnammer version is 001002 from 'This rnammer 1.2, running from '/home/diego/rnammer-1.2.src/''
[20:23:57] Looking for 'sed' - found /usr/bin/sed
[20:23:57] Looking for 'tbl2asn' - found /home/diego/tbl2asn
[20:23:57] Determined tbl2asn version is 025008 from 'tbl2asn 25.8   arguments:'
[20:23:57] Using genetic code table 11.
[20:23:57] Loading and checking input file: VFRANSCY.fasta
[20:23:57] Wrote 1 contigs totalling 125763 bp.
[20:23:57] Predicting tRNAs and tmRNAs
[20:23:57] Running: aragorn -l -gc11  -w prokka_VFRANSCY_pseudofinder\/VFRANSCY\.fna
[20:23:57] 1 tRNA-Phe [14342,14414] 34 (gaa)
[20:23:57] 2 tRNA-Gln [18821,18893] 34 (ttg)
[20:23:57] 3 tRNA-Ser [27243,27328] 36 (gct)
[20:23:57] 4 tmRNA* c[32191,32515] 199,234 AKEENISYCYA*
[20:23:57] 5 tRNA-Leu [50546,50626] 34 (aag)
[20:23:57] 6 tRNA-Leu [50627,50702] 36 (tag)
[20:23:57] 7 tRNA-Ser [50701,50786] 36 (aga)
[20:23:57] 8 tRNA-Asn c[55542,55614] 33 (gtt)
[20:23:57] 9 tRNA-Cys c[56256,56329] 34 (gca)
[20:23:57] 10 tRNA-Gly c[56333,56404] 33 (gcc)
[20:23:57] 11 tRNA-Val [63375,63446] 33 (tac)
[20:23:57] 12 tRNA-Leu c[65237,65318] 36 (caa)
[20:23:57] 13 tRNA-Ser c[65319,65404] 36 (tga)
[20:23:57] 14 tRNA-Thr [71458,71529] 33 (tgt)
[20:23:57] 15 tRNA-His [71532,71607] 34 (gtg)
[20:23:57] 16 tRNA-Lys c[72465,72539] 35 (ttt)
[20:23:57] 17 tRNA-Val c[73349,73422] 34 (aac)
[20:23:57] 18 tRNA-Arg c[74486,74558] 34 (tct)
[20:23:57] 19 tRNA-Met c[74594,74665] 33 (cat)
[20:23:57] 20 tRNA-Pro [74708,74779] 33 (tgg)
[20:23:57] 21 tRNA-Asp c[84285,84358] 35 (gtc)
[20:23:57] 22 tRNA-Glu c[84358,84430] 34 (ttc)
[20:23:57] 23 tRNA-Ala c[107120,107193] 34 (tgc)
[20:23:57] 24 tRNA-Ile c[111385,111458] 34 (gat)
[20:23:57] 25 tRNA-Met [125530,125601] 34 (cat)
[20:23:57] 26 tRNA-Tyr [125602,125686] 35 (gta)
[20:23:57] 27 tRNA-Gly [125686,125758] 34 (tcc)
[20:23:57] Found 27 tRNAs
[20:23:57] Predicting Ribosomal RNAs
[20:23:57] Running Barrnap with 8 threads
[20:23:58] 1 gnl|Prokka|VFRANSCY_1 108591 23S ribosomal RNA
[20:23:58] 2 gnl|Prokka|VFRANSCY_1 111476 16S ribosomal RNA
[20:23:58] Found 2 rRNAs
[20:23:58] Scanning for ncRNAs... please be patient.
[20:23:58] Running: cmscan -Z 0.251526 --cut_ga --rfam --nohmmonly --fmt 2 --cpu 8 --tblout /dev/stdout -o /dev/null --noali /home/diego/miniconda3/envs/prokka_env/db/cm/Bacteria prokka_VFRANSCY_pseudofinder\/VFRANSCY\.fna
[20:24:03] Found 0 ncRNAs.
[20:24:03] Total of 28 tRNA + rRNA features
[20:24:03] Searching for CRISPR repeats
[20:24:03] Found 0 CRISPRs
[20:24:03] Predicting coding sequences
[20:24:03] Contigs total 125763 bp, so using single mode
[20:24:03] Running: prodigal -i prokka_VFRANSCY_pseudofinder\/VFRANSCY\.fna -c -m -g 11 -p single -f sco -q
[20:24:03] Found 143 CDS
[20:24:03] Connecting features back to sequences
[20:24:03] Not using genus-specific database. Try --usegenus to enable it.
[20:24:03] Annotating CDS, please be patient.
[20:24:03] Will use 8 CPUs for similarity searching.
[20:24:03] There are still 143 unannotated CDS left (started with 143)
[20:24:03] Will use blast to search against /home/diego/miniconda3/envs/prokka_env/db/kingdom/Bacteria/IS with 8 CPUs
[20:24:03] Running: cat prokka_VFRANSCY_pseudofinder\/VFRANSCY\.IS\.tmp\.214950\.faa | parallel --gnu --plain -j 8 --block 2434 --recstart '>' --pipe blastp -query - -db /home/diego/miniconda3/envs/prokka_env/db/kingdom/Bacteria/IS -evalue 1e-30 -qcov_hsp_perc 90 -num_threads 1 -num_descriptions 1 -num_alignments 1 -seg no > prokka_VFRANSCY_pseudofinder\/VFRANSCY\.IS\.tmp\.214950\.blast 2> /dev/null
[20:24:04] Deleting unwanted file: prokka_VFRANSCY_pseudofinder/VFRANSCY.IS.tmp.214950.faa
[20:24:04] Deleting unwanted file: prokka_VFRANSCY_pseudofinder/VFRANSCY.IS.tmp.214950.blast
[20:24:04] There are still 143 unannotated CDS left (started with 143)
[20:24:04] Will use blast to search against /home/diego/miniconda3/envs/prokka_env/db/kingdom/Bacteria/AMR with 8 CPUs
[20:24:04] Running: cat prokka_VFRANSCY_pseudofinder\/VFRANSCY\.AMR\.tmp\.214950\.faa | parallel --gnu --plain -j 8 --block 2434 --recstart '>' --pipe blastp -query - -db /home/diego/miniconda3/envs/prokka_env/db/kingdom/Bacteria/AMR -evalue 9.99999999999999e-301 -qcov_hsp_perc 90 -num_threads 1 -num_descriptions 1 -num_alignments 1 -seg no > prokka_VFRANSCY_pseudofinder\/VFRANSCY\.AMR\.tmp\.214950\.blast 2> /dev/null
[20:24:05] Deleting unwanted file: prokka_VFRANSCY_pseudofinder/VFRANSCY.AMR.tmp.214950.faa
[20:24:05] Deleting unwanted file: prokka_VFRANSCY_pseudofinder/VFRANSCY.AMR.tmp.214950.blast
[20:24:05] There are still 143 unannotated CDS left (started with 143)
[20:24:05] Will use blast to search against /home/diego/miniconda3/envs/prokka_env/db/kingdom/Bacteria/sprot with 8 CPUs
[20:24:05] Running: cat prokka_VFRANSCY_pseudofinder\/VFRANSCY\.sprot\.tmp\.214950\.faa | parallel --gnu --plain -j 8 --block 2434 --recstart '>' --pipe blastp -query - -db /home/diego/miniconda3/envs/prokka_env/db/kingdom/Bacteria/sprot -evalue 1e-09 -qcov_hsp_perc 80 -num_threads 1 -num_descriptions 1 -num_alignments 1 -seg no > prokka_VFRANSCY_pseudofinder\/VFRANSCY\.sprot\.tmp\.214950\.blast 2> /dev/null
[20:24:07] Deleting unwanted file: prokka_VFRANSCY_pseudofinder/VFRANSCY.sprot.tmp.214950.faa
[20:24:07] Deleting unwanted file: prokka_VFRANSCY_pseudofinder/VFRANSCY.sprot.tmp.214950.blast
[20:24:07] There are still 60 unannotated CDS left (started with 143)
[20:24:07] Will use hmmer3 to search against /home/diego/miniconda3/envs/prokka_env/db/hmm/HAMAP.hmm with 8 CPUs
[20:24:07] Running: cat prokka_VFRANSCY_pseudofinder\/VFRANSCY\.HAMAP\.hmm\.tmp\.214950\.faa | parallel --gnu --plain -j 8 --block 756 --recstart '>' --pipe hmmscan --noali --notextw --acc -E 1e-09 --cpu 1 /home/diego/miniconda3/envs/prokka_env/db/hmm/HAMAP.hmm /dev/stdin > prokka_VFRANSCY_pseudofinder\/VFRANSCY\.HAMAP\.hmm\.tmp\.214950\.hmmer3 2> /dev/null
[20:24:08] Deleting unwanted file: prokka_VFRANSCY_pseudofinder/VFRANSCY.HAMAP.hmm.tmp.214950.faa
[20:24:08] Deleting unwanted file: prokka_VFRANSCY_pseudofinder/VFRANSCY.HAMAP.hmm.tmp.214950.hmmer3
[20:24:08] Labelling remaining 48 proteins as 'hypothetical protein'
[20:24:08] Found 94 unique /gene codes.
[20:24:08] Fixed 0 colliding /gene names.
[20:24:08] Adding /locus_tag identifiers
[20:24:08] Assigned 172 locus_tags to CDS and RNA features.
[20:24:08] Writing outputs to prokka_VFRANSCY_pseudofinder/
[20:24:08] Generating annotation statistics file
[20:24:08] Generating Genbank and Sequin files
[20:24:08] Running: tbl2asn -V b -a r10k -l paired-ends -M n -N 1 -y 'Annotated using prokka 1.14.6 from https://github.com/tseemann/prokka' -Z prokka_VFRANSCY_pseudofinder\/VFRANSCY\.err -i prokka_VFRANSCY_pseudofinder\/VFRANSCY\.fsa 2> /dev/null
[20:24:08] Deleting unwanted file: prokka_VFRANSCY_pseudofinder/errorsummary.val
[20:24:08] Deleting unwanted file: prokka_VFRANSCY_pseudofinder/VFRANSCY.dr
[20:24:08] Deleting unwanted file: prokka_VFRANSCY_pseudofinder/VFRANSCY.fixedproducts
[20:24:08] Deleting unwanted file: prokka_VFRANSCY_pseudofinder/VFRANSCY.ecn
[20:24:08] Deleting unwanted file: prokka_VFRANSCY_pseudofinder/VFRANSCY.val
[20:24:08] Repairing broken .GBK output that tbl2asn produces...
[20:24:08] Running: sed 's/COORDINATES: profile/COORDINATES:profile/' < prokka_VFRANSCY_pseudofinder\/VFRANSCY\.gbf > prokka_VFRANSCY_pseudofinder\/VFRANSCY\.gbk
[20:24:08] Deleting unwanted file: prokka_VFRANSCY_pseudofinder/VFRANSCY.gbf
[20:24:08] Output files:
[20:24:08] prokka_VFRANSCY_pseudofinder/VFRANSCY.gff
[20:24:08] prokka_VFRANSCY_pseudofinder/VFRANSCY.tsv
[20:24:08] prokka_VFRANSCY_pseudofinder/VFRANSCY.gbk
[20:24:08] prokka_VFRANSCY_pseudofinder/VFRANSCY.sqn
[20:24:08] prokka_VFRANSCY_pseudofinder/VFRANSCY.log
[20:24:08] prokka_VFRANSCY_pseudofinder/VFRANSCY.tbl
[20:24:08] prokka_VFRANSCY_pseudofinder/VFRANSCY.txt
[20:24:08] prokka_VFRANSCY_pseudofinder/VFRANSCY.ffn
[20:24:08] prokka_VFRANSCY_pseudofinder/VFRANSCY.err
[20:24:08] prokka_VFRANSCY_pseudofinder/VFRANSCY.fsa
[20:24:08] prokka_VFRANSCY_pseudofinder/VFRANSCY.fna
[20:24:08] prokka_VFRANSCY_pseudofinder/VFRANSCY.faa
[20:24:08] Annotation finished successfully.
[20:24:08] Walltime used: 0.18 minutes
[20:24:08] If you use this result please cite the Prokka paper:
[20:24:08] Seemann T (2014) Prokka: rapid prokaryotic genome annotation. Bioinformatics. 30(14):2068-9.
[20:24:08] Type 'prokka --citation' for more details.
[20:24:08] Share and enjoy!
