Discrepancy Report Results

Summary
FATAL: MISSING_PROTEIN_ID:125 proteins have invalid IDs.
DISC_SOURCE_QUALS_ASNDISC:strain (all present, all unique)
DISC_SOURCE_QUALS_ASNDISC:taxname (all present, all unique)
DISC_FEATURE_COUNT:CDS: 125 present
DISC_FEATURE_COUNT:tRNA: 27 present
DISC_FEATURE_COUNT:rRNA: 2 present
DISC_COUNT_NUCLEOTIDES:1 nucleotide Bioseqs are present
FEATURE_LOCATION_CONFLICT:154 features have inconsistent gene locations.
DISC_QUALITY_SCORES:Quality scores are missing on all sequences.
ONCALLER_COMMENT_PRESENT:1 comment descriptors were found (all same)
SHORT_PROT_SEQUENCES:2 protein sequences are shorter than 50 aa.
MISSING_GENOMEASSEMBLY_COMMENTS:1 bioseqs are missing GenomeAssembly structured comments
MOLTYPE_NOT_MRNA:1 molecule types are not set as mRNA.
TECHNIQUE_NOT_TSA:1 technique are not set as TSA
MISSING_STRUCTURED_COMMENT:1 sequences do not include structured comments.
MISSING_PROJECT:126 sequences do not include project.
DISC_INCONSISTENT_MOLINFO_TECH:Molinfo Technique Report (some missing, all same)


Detailed Report

FATAL: DiscRep_ALL:MISSING_PROTEIN_ID::125 proteins have invalid IDs.
prokka_VFISSCOL1/VFISSCOL1:VFISSCOL1_1 (length 122)
prokka_VFISSCOL1/VFISSCOL1:VFISSCOL1_2 (length 204)
prokka_VFISSCOL1/VFISSCOL1:VFISSCOL1_3 (length 146)
prokka_VFISSCOL1/VFISSCOL1:VFISSCOL1_4 (length 113)
prokka_VFISSCOL1/VFISSCOL1:VFISSCOL1_5 (length 1289)
prokka_VFISSCOL1/VFISSCOL1:VFISSCOL1_6 (length 1284)
prokka_VFISSCOL1/VFISSCOL1:VFISSCOL1_7 (length 127)
prokka_VFISSCOL1/VFISSCOL1:VFISSCOL1_8 (length 160)
prokka_VFISSCOL1/VFISSCOL1:VFISSCOL1_9 (length 678)
prokka_VFISSCOL1/VFISSCOL1:VFISSCOL1_10 (length 99)
prokka_VFISSCOL1/VFISSCOL1:VFISSCOL1_11 (length 147)
prokka_VFISSCOL1/VFISSCOL1:VFISSCOL1_12 (length 261)
prokka_VFISSCOL1/VFISSCOL1:VFISSCOL1_13 (length 60)
prokka_VFISSCOL1/VFISSCOL1:VFISSCOL1_14 (length 432)
prokka_VFISSCOL1/VFISSCOL1:VFISSCOL1_15 (length 235)
prokka_VFISSCOL1/VFISSCOL1:VFISSCOL1_16 (length 385)
prokka_VFISSCOL1/VFISSCOL1:VFISSCOL1_17 (length 129)
prokka_VFISSCOL1/VFISSCOL1:VFISSCOL1_18 (length 102)
prokka_VFISSCOL1/VFISSCOL1:VFISSCOL1_19 (length 261)
prokka_VFISSCOL1/VFISSCOL1:VFISSCOL1_20 (length 218)
prokka_VFISSCOL1/VFISSCOL1:VFISSCOL1_21 (length 508)
prokka_VFISSCOL1/VFISSCOL1:VFISSCOL1_22 (length 170)
prokka_VFISSCOL1/VFISSCOL1:VFISSCOL1_23 (length 183)
prokka_VFISSCOL1/VFISSCOL1:VFISSCOL1_24 (length 377)
prokka_VFISSCOL1/VFISSCOL1:VFISSCOL1_25 (length 448)
prokka_VFISSCOL1/VFISSCOL1:VFISSCOL1_26 (length 238)
prokka_VFISSCOL1/VFISSCOL1:VFISSCOL1_27 (length 286)
prokka_VFISSCOL1/VFISSCOL1:VFISSCOL1_28 (length 100)
prokka_VFISSCOL1/VFISSCOL1:VFISSCOL1_29 (length 765)
prokka_VFISSCOL1/VFISSCOL1:VFISSCOL1_30 (length 45)
prokka_VFISSCOL1/VFISSCOL1:VFISSCOL1_31 (length 64)
prokka_VFISSCOL1/VFISSCOL1:VFISSCOL1_32 (length 222)
prokka_VFISSCOL1/VFISSCOL1:VFISSCOL1_33 (length 382)
prokka_VFISSCOL1/VFISSCOL1:VFISSCOL1_34 (length 291)
prokka_VFISSCOL1/VFISSCOL1:VFISSCOL1_35 (length 254)
prokka_VFISSCOL1/VFISSCOL1:VFISSCOL1_36 (length 327)
prokka_VFISSCOL1/VFISSCOL1:VFISSCOL1_37 (length 195)
prokka_VFISSCOL1/VFISSCOL1:VFISSCOL1_38 (length 418)
prokka_VFISSCOL1/VFISSCOL1:VFISSCOL1_39 (length 467)
prokka_VFISSCOL1/VFISSCOL1:VFISSCOL1_40 (length 397)
prokka_VFISSCOL1/VFISSCOL1:VFISSCOL1_41 (length 320)
prokka_VFISSCOL1/VFISSCOL1:VFISSCOL1_42 (length 444)
prokka_VFISSCOL1/VFISSCOL1:VFISSCOL1_43 (length 985)
prokka_VFISSCOL1/VFISSCOL1:VFISSCOL1_44 (length 339)
prokka_VFISSCOL1/VFISSCOL1:VFISSCOL1_45 (length 210)
prokka_VFISSCOL1/VFISSCOL1:VFISSCOL1_46 (length 378)
prokka_VFISSCOL1/VFISSCOL1:VFISSCOL1_47 (length 244)
prokka_VFISSCOL1/VFISSCOL1:VFISSCOL1_48 (length 86)
prokka_VFISSCOL1/VFISSCOL1:VFISSCOL1_49 (length 355)
prokka_VFISSCOL1/VFISSCOL1:VFISSCOL1_50 (length 1027)
prokka_VFISSCOL1/VFISSCOL1:VFISSCOL1_51 (length 180)
prokka_VFISSCOL1/VFISSCOL1:VFISSCOL1_52 (length 180)
prokka_VFISSCOL1/VFISSCOL1:VFISSCOL1_53 (length 414)
prokka_VFISSCOL1/VFISSCOL1:VFISSCOL1_54 (length 324)
prokka_VFISSCOL1/VFISSCOL1:VFISSCOL1_55 (length 194)
prokka_VFISSCOL1/VFISSCOL1:VFISSCOL1_56 (length 201)
prokka_VFISSCOL1/VFISSCOL1:VFISSCOL1_57 (length 232)
prokka_VFISSCOL1/VFISSCOL1:VFISSCOL1_58 (length 242)
prokka_VFISSCOL1/VFISSCOL1:VFISSCOL1_59 (length 93)
prokka_VFISSCOL1/VFISSCOL1:VFISSCOL1_60 (length 82)
prokka_VFISSCOL1/VFISSCOL1:VFISSCOL1_61 (length 59)
prokka_VFISSCOL1/VFISSCOL1:VFISSCOL1_62 (length 154)
prokka_VFISSCOL1/VFISSCOL1:VFISSCOL1_63 (length 352)
prokka_VFISSCOL1/VFISSCOL1:VFISSCOL1_64 (length 172)
prokka_VFISSCOL1/VFISSCOL1:VFISSCOL1_65 (length 346)
prokka_VFISSCOL1/VFISSCOL1:VFISSCOL1_66 (length 360)
prokka_VFISSCOL1/VFISSCOL1:VFISSCOL1_67 (length 260)
prokka_VFISSCOL1/VFISSCOL1:VFISSCOL1_68 (length 363)
prokka_VFISSCOL1/VFISSCOL1:VFISSCOL1_69 (length 450)
prokka_VFISSCOL1/VFISSCOL1:VFISSCOL1_70 (length 390)
prokka_VFISSCOL1/VFISSCOL1:VFISSCOL1_71 (length 424)
prokka_VFISSCOL1/VFISSCOL1:VFISSCOL1_72 (length 52)
prokka_VFISSCOL1/VFISSCOL1:VFISSCOL1_73 (length 83)
prokka_VFISSCOL1/VFISSCOL1:VFISSCOL1_74 (length 98)
prokka_VFISSCOL1/VFISSCOL1:VFISSCOL1_75 (length 435)
prokka_VFISSCOL1/VFISSCOL1:VFISSCOL1_76 (length 612)
prokka_VFISSCOL1/VFISSCOL1:VFISSCOL1_77 (length 87)
prokka_VFISSCOL1/VFISSCOL1:VFISSCOL1_78 (length 532)
prokka_VFISSCOL1/VFISSCOL1:VFISSCOL1_79 (length 413)
prokka_VFISSCOL1/VFISSCOL1:VFISSCOL1_80 (length 368)
prokka_VFISSCOL1/VFISSCOL1:VFISSCOL1_81 (length 359)
prokka_VFISSCOL1/VFISSCOL1:VFISSCOL1_82 (length 203)
prokka_VFISSCOL1/VFISSCOL1:VFISSCOL1_83 (length 334)
prokka_VFISSCOL1/VFISSCOL1:VFISSCOL1_84 (length 601)
prokka_VFISSCOL1/VFISSCOL1:VFISSCOL1_85 (length 148)
prokka_VFISSCOL1/VFISSCOL1:VFISSCOL1_86 (length 315)
prokka_VFISSCOL1/VFISSCOL1:VFISSCOL1_87 (length 337)
prokka_VFISSCOL1/VFISSCOL1:VFISSCOL1_88 (length 228)
prokka_VFISSCOL1/VFISSCOL1:VFISSCOL1_89 (length 753)
prokka_VFISSCOL1/VFISSCOL1:VFISSCOL1_90 (length 218)
prokka_VFISSCOL1/VFISSCOL1:VFISSCOL1_91 (length 408)
prokka_VFISSCOL1/VFISSCOL1:VFISSCOL1_92 (length 76)
prokka_VFISSCOL1/VFISSCOL1:VFISSCOL1_93 (length 152)
prokka_VFISSCOL1/VFISSCOL1:VFISSCOL1_94 (length 159)
prokka_VFISSCOL1/VFISSCOL1:VFISSCOL1_95 (length 142)
prokka_VFISSCOL1/VFISSCOL1:VFISSCOL1_96 (length 221)
prokka_VFISSCOL1/VFISSCOL1:VFISSCOL1_97 (length 81)
prokka_VFISSCOL1/VFISSCOL1:VFISSCOL1_98 (length 108)
prokka_VFISSCOL1/VFISSCOL1:VFISSCOL1_99 (length 267)
prokka_VFISSCOL1/VFISSCOL1:VFISSCOL1_100 (length 403)
prokka_VFISSCOL1/VFISSCOL1:VFISSCOL1_101 (length 143)
prokka_VFISSCOL1/VFISSCOL1:VFISSCOL1_102 (length 203)
prokka_VFISSCOL1/VFISSCOL1:VFISSCOL1_103 (length 57)
prokka_VFISSCOL1/VFISSCOL1:VFISSCOL1_104 (length 263)
prokka_VFISSCOL1/VFISSCOL1:VFISSCOL1_105 (length 94)
prokka_VFISSCOL1/VFISSCOL1:VFISSCOL1_106 (length 114)
prokka_VFISSCOL1/VFISSCOL1:VFISSCOL1_107 (length 212)
prokka_VFISSCOL1/VFISSCOL1:VFISSCOL1_108 (length 139)
prokka_VFISSCOL1/VFISSCOL1:VFISSCOL1_109 (length 78)
prokka_VFISSCOL1/VFISSCOL1:VFISSCOL1_110 (length 121)
prokka_VFISSCOL1/VFISSCOL1:VFISSCOL1_111 (length 183)
prokka_VFISSCOL1/VFISSCOL1:VFISSCOL1_112 (length 100)
prokka_VFISSCOL1/VFISSCOL1:VFISSCOL1_113 (length 121)
prokka_VFISSCOL1/VFISSCOL1:VFISSCOL1_114 (length 177)
prokka_VFISSCOL1/VFISSCOL1:VFISSCOL1_115 (length 111)
prokka_VFISSCOL1/VFISSCOL1:VFISSCOL1_116 (length 141)
prokka_VFISSCOL1/VFISSCOL1:VFISSCOL1_117 (length 115)
prokka_VFISSCOL1/VFISSCOL1:VFISSCOL1_118 (length 71)
prokka_VFISSCOL1/VFISSCOL1:VFISSCOL1_119 (length 37)
prokka_VFISSCOL1/VFISSCOL1:VFISSCOL1_120 (length 112)
prokka_VFISSCOL1/VFISSCOL1:VFISSCOL1_121 (length 113)
prokka_VFISSCOL1/VFISSCOL1:VFISSCOL1_122 (length 188)
prokka_VFISSCOL1/VFISSCOL1:VFISSCOL1_123 (length 211)
prokka_VFISSCOL1/VFISSCOL1:VFISSCOL1_124 (length 100)
prokka_VFISSCOL1/VFISSCOL1:VFISSCOL1_125 (length 370)

DiscRep_ALL:DISC_SOURCE_QUALS_ASNDISC::strain (all present, all unique)
DiscRep_SUB:DISC_SOURCE_QUALS_ASNDISC::1 sources have unique values for strain
DiscRep_ALL:DISC_SOURCE_QUALS_ASNDISC::taxname (all present, all unique)
DiscRep_SUB:DISC_SOURCE_QUALS_ASNDISC::1 sources have unique values for taxname
DiscRep_ALL:DISC_FEATURE_COUNT::CDS: 125 present
DiscRep_ALL:DISC_FEATURE_COUNT::tRNA: 27 present
DiscRep_ALL:DISC_FEATURE_COUNT::rRNA: 2 present
DiscRep_ALL:DISC_COUNT_NUCLEOTIDES::1 nucleotide Bioseqs are present
prokka_VFISSCOL1/VFISSCOL1:VFISSCOL1 (length 125362)

DiscRep_ALL:FEATURE_LOCATION_CONFLICT::154 features have inconsistent gene locations.
DiscRep_SUB:FEATURE_LOCATION_CONFLICT::Coding region xref gene does not exist
prokka_VFISSCOL1/VFISSCOL1:CDS	50S ribosomal protein L11	VFISSCOL1:1251-1619	VFISSCOL1_00002

DiscRep_SUB:FEATURE_LOCATION_CONFLICT::Coding region xref gene does not exist
prokka_VFISSCOL1/VFISSCOL1:CDS	hypothetical protein	VFISSCOL1:1613-2227	VFISSCOL1_00003

DiscRep_SUB:FEATURE_LOCATION_CONFLICT::Coding region xref gene does not exist
prokka_VFISSCOL1/VFISSCOL1:CDS	hypothetical protein	VFISSCOL1:2227-2667	VFISSCOL1_00004

DiscRep_SUB:FEATURE_LOCATION_CONFLICT::Coding region xref gene does not exist
prokka_VFISSCOL1/VFISSCOL1:CDS	50S ribosomal protein L7/L12	VFISSCOL1:2645-2986	VFISSCOL1_00005

DiscRep_SUB:FEATURE_LOCATION_CONFLICT::Coding region xref gene does not exist
prokka_VFISSCOL1/VFISSCOL1:CDS	DNA-directed RNA polymerase subunit beta	VFISSCOL1:2983-6852	VFISSCOL1_00006

DiscRep_SUB:FEATURE_LOCATION_CONFLICT::Coding region xref gene does not exist
prokka_VFISSCOL1/VFISSCOL1:CDS	DNA-directed RNA polymerase subunit beta'	VFISSCOL1:6825-10679	VFISSCOL1_00007

DiscRep_SUB:FEATURE_LOCATION_CONFLICT::Coding region xref gene does not exist
prokka_VFISSCOL1/VFISSCOL1:CDS	30S ribosomal protein S12	VFISSCOL1:10630-11013	VFISSCOL1_00008

DiscRep_SUB:FEATURE_LOCATION_CONFLICT::Coding region xref gene does not exist
prokka_VFISSCOL1/VFISSCOL1:CDS	30S ribosomal protein S7	VFISSCOL1:10991-11473	VFISSCOL1_00009

DiscRep_SUB:FEATURE_LOCATION_CONFLICT::Coding region xref gene does not exist
prokka_VFISSCOL1/VFISSCOL1:CDS	Elongation factor G	VFISSCOL1:11473-13509	VFISSCOL1_00010

DiscRep_SUB:FEATURE_LOCATION_CONFLICT::Coding region xref gene does not exist
prokka_VFISSCOL1/VFISSCOL1:CDS	30S ribosomal protein S10	VFISSCOL1:13506-13805	VFISSCOL1_00011

DiscRep_SUB:FEATURE_LOCATION_CONFLICT::Coding region xref gene does not exist
prokka_VFISSCOL1/VFISSCOL1:CDS	hypothetical protein	VFISSCOL1:13889-14332	VFISSCOL1_00013

DiscRep_SUB:FEATURE_LOCATION_CONFLICT::Coding region xref gene does not exist
prokka_VFISSCOL1/VFISSCOL1:CDS	Glycine--tRNA ligase alpha subunit	VFISSCOL1:14319-15104	VFISSCOL1_00014

DiscRep_SUB:FEATURE_LOCATION_CONFLICT::Coding region xref gene does not exist
prokka_VFISSCOL1/VFISSCOL1:CDS	hypothetical protein	VFISSCOL1:15101-15283	VFISSCOL1_00015

DiscRep_SUB:FEATURE_LOCATION_CONFLICT::Coding region xref gene does not exist
prokka_VFISSCOL1/VFISSCOL1:CDS	hypothetical protein	VFISSCOL1:15540-16838	VFISSCOL1_00016

DiscRep_SUB:FEATURE_LOCATION_CONFLICT::Coding region xref gene does not exist
prokka_VFISSCOL1/VFISSCOL1:CDS	Ribosomal RNA small subunit methyltransferase A	VFISSCOL1:c17498-16791	VFISSCOL1_00017

DiscRep_SUB:FEATURE_LOCATION_CONFLICT::Coding region xref gene does not exist
prokka_VFISSCOL1/VFISSCOL1:CDS	hypothetical protein	VFISSCOL1:c18633-17476	VFISSCOL1_00018

DiscRep_SUB:FEATURE_LOCATION_CONFLICT::Coding region xref gene does not exist
prokka_VFISSCOL1/VFISSCOL1:CDS	30S ribosomal protein S9	VFISSCOL1:c19019-18630	VFISSCOL1_00019

DiscRep_SUB:FEATURE_LOCATION_CONFLICT::Coding region xref gene does not exist
prokka_VFISSCOL1/VFISSCOL1:CDS	50S ribosomal protein L13	VFISSCOL1:c19324-19016	VFISSCOL1_00020

DiscRep_SUB:FEATURE_LOCATION_CONFLICT::Coding region xref gene does not exist
prokka_VFISSCOL1/VFISSCOL1:CDS	Diaminopimelate epimerase	VFISSCOL1:c20102-19317	VFISSCOL1_00021

DiscRep_SUB:FEATURE_LOCATION_CONFLICT::Coding region xref gene does not exist
prokka_VFISSCOL1/VFISSCOL1:CDS	Ribose-5-phosphate isomerase A	VFISSCOL1:c20755-20099	VFISSCOL1_00022

DiscRep_SUB:FEATURE_LOCATION_CONFLICT::Coding region xref gene does not exist
prokka_VFISSCOL1/VFISSCOL1:CDS	Translation initiation factor IF-2	VFISSCOL1:c22274-20748	VFISSCOL1_00023

DiscRep_SUB:FEATURE_LOCATION_CONFLICT::Coding region xref gene does not exist
prokka_VFISSCOL1/VFISSCOL1:CDS	hypothetical protein	VFISSCOL1:23224-23736	VFISSCOL1_00025

DiscRep_SUB:FEATURE_LOCATION_CONFLICT::Coding region xref gene does not exist
prokka_VFISSCOL1/VFISSCOL1:CDS	Ribosomal RNA small subunit methyltransferase D	VFISSCOL1:c24282-23731	VFISSCOL1_00026

DiscRep_SUB:FEATURE_LOCATION_CONFLICT::Coding region xref gene does not exist
prokka_VFISSCOL1/VFISSCOL1:CDS	Cysteine desulfurase IscS	VFISSCOL1:24555-25688	VFISSCOL1_00027

DiscRep_SUB:FEATURE_LOCATION_CONFLICT::Coding region xref gene does not exist
prokka_VFISSCOL1/VFISSCOL1:CDS	Lysine--tRNA ligase	VFISSCOL1:c27031-25685	VFISSCOL1_00028

DiscRep_SUB:FEATURE_LOCATION_CONFLICT::Coding region xref gene does not exist
prokka_VFISSCOL1/VFISSCOL1:CDS	Peptide chain release factor RF2	VFISSCOL1:c27744-27028	VFISSCOL1_00029

DiscRep_SUB:FEATURE_LOCATION_CONFLICT::Coding region xref gene does not exist
prokka_VFISSCOL1/VFISSCOL1:CDS	4-hydroxy-tetrahydrodipicolinate synthase	VFISSCOL1:c28561-27701	VFISSCOL1_00030

DiscRep_SUB:FEATURE_LOCATION_CONFLICT::Coding region xref gene does not exist
prokka_VFISSCOL1/VFISSCOL1:CDS	tRNA(Ile)-lysidine synthase	VFISSCOL1:28600-28902	VFISSCOL1_00031

DiscRep_SUB:FEATURE_LOCATION_CONFLICT::Coding region xref gene does not exist
prokka_VFISSCOL1/VFISSCOL1:CDS	hypothetical protein	VFISSCOL1:c33285-30988	VFISSCOL1_00033

DiscRep_SUB:FEATURE_LOCATION_CONFLICT::Coding region xref gene does not exist
prokka_VFISSCOL1/VFISSCOL1:CDS	hypothetical protein	VFISSCOL1:c33419-33282	VFISSCOL1_00034

DiscRep_SUB:FEATURE_LOCATION_CONFLICT::Coding region xref gene does not exist
prokka_VFISSCOL1/VFISSCOL1:CDS	hypothetical protein	VFISSCOL1:c33595-33401	VFISSCOL1_00035

DiscRep_SUB:FEATURE_LOCATION_CONFLICT::Coding region xref gene does not exist
prokka_VFISSCOL1/VFISSCOL1:CDS	hypothetical protein	VFISSCOL1:33985-34653	VFISSCOL1_00036

DiscRep_SUB:FEATURE_LOCATION_CONFLICT::Coding region xref gene does not exist
prokka_VFISSCOL1/VFISSCOL1:CDS	Cystathionine beta-lyase	VFISSCOL1:34650-35798	VFISSCOL1_00037

DiscRep_SUB:FEATURE_LOCATION_CONFLICT::Coding region xref gene does not exist
prokka_VFISSCOL1/VFISSCOL1:CDS	Peptide chain release factor 1	VFISSCOL1:c36656-35781	VFISSCOL1_00038

DiscRep_SUB:FEATURE_LOCATION_CONFLICT::Coding region xref gene does not exist
prokka_VFISSCOL1/VFISSCOL1:CDS	Indole-3-glycerol phosphate synthase	VFISSCOL1:c37404-36640	VFISSCOL1_00039

DiscRep_SUB:FEATURE_LOCATION_CONFLICT::Coding region xref gene does not exist
prokka_VFISSCOL1/VFISSCOL1:CDS	Anthranilate phosphoribosyltransferase	VFISSCOL1:c38365-37382	VFISSCOL1_00040

DiscRep_SUB:FEATURE_LOCATION_CONFLICT::Coding region xref gene does not exist
prokka_VFISSCOL1/VFISSCOL1:CDS	Aminodeoxychorismate/anthranilate synthase component 2	VFISSCOL1:c38927-38340	VFISSCOL1_00041

DiscRep_SUB:FEATURE_LOCATION_CONFLICT::Coding region xref gene does not exist
prokka_VFISSCOL1/VFISSCOL1:CDS	Isochorismate synthase MenF	VFISSCOL1:c40180-38924	VFISSCOL1_00042

DiscRep_SUB:FEATURE_LOCATION_CONFLICT::Coding region xref gene does not exist
prokka_VFISSCOL1/VFISSCOL1:CDS	Argininosuccinate lyase	VFISSCOL1:c41570-40167	VFISSCOL1_00043

DiscRep_SUB:FEATURE_LOCATION_CONFLICT::Coding region xref gene does not exist
prokka_VFISSCOL1/VFISSCOL1:CDS	Glutamine--tRNA ligase	VFISSCOL1:c43023-41830	VFISSCOL1_00044

DiscRep_SUB:FEATURE_LOCATION_CONFLICT::Coding region xref gene does not exist
prokka_VFISSCOL1/VFISSCOL1:CDS	Homoserine kinase	VFISSCOL1:c43960-42998	VFISSCOL1_00045

DiscRep_SUB:FEATURE_LOCATION_CONFLICT::Coding region xref gene does not exist
prokka_VFISSCOL1/VFISSCOL1:CDS	DNA primase	VFISSCOL1:43965-45299	VFISSCOL1_00046

DiscRep_SUB:FEATURE_LOCATION_CONFLICT::Coding region xref gene does not exist
prokka_VFISSCOL1/VFISSCOL1:CDS	DNA polymerase III subunit alpha	VFISSCOL1:46771-49728	VFISSCOL1_00048

DiscRep_SUB:FEATURE_LOCATION_CONFLICT::Coding region xref gene does not exist
prokka_VFISSCOL1/VFISSCOL1:CDS	Aspartate-semialdehyde dehydrogenase 1	VFISSCOL1:50215-51234	VFISSCOL1_00051

DiscRep_SUB:FEATURE_LOCATION_CONFLICT::Coding region xref gene does not exist
prokka_VFISSCOL1/VFISSCOL1:CDS	N-(5'-phosphoribosyl)anthranilate isomerase	VFISSCOL1:51212-51844	VFISSCOL1_00052

DiscRep_SUB:FEATURE_LOCATION_CONFLICT::Coding region xref gene does not exist
prokka_VFISSCOL1/VFISSCOL1:CDS	Tryptophan synthase beta chain	VFISSCOL1:51831-52967	VFISSCOL1_00053

DiscRep_SUB:FEATURE_LOCATION_CONFLICT::Coding region xref gene does not exist
prokka_VFISSCOL1/VFISSCOL1:CDS	Tryptophan synthase alpha chain	VFISSCOL1:52964-53698	VFISSCOL1_00054

DiscRep_SUB:FEATURE_LOCATION_CONFLICT::Coding region xref gene does not exist
prokka_VFISSCOL1/VFISSCOL1:CDS	hypothetical protein	VFISSCOL1:53686-53946	VFISSCOL1_00055

DiscRep_SUB:FEATURE_LOCATION_CONFLICT::Coding region xref gene does not exist
prokka_VFISSCOL1/VFISSCOL1:CDS	Carbamoyl-phosphate synthase small chain	VFISSCOL1:54981-56048	VFISSCOL1_00059

DiscRep_SUB:FEATURE_LOCATION_CONFLICT::Coding region xref gene does not exist
prokka_VFISSCOL1/VFISSCOL1:CDS	Carbamoyl-phosphate synthase large chain	VFISSCOL1:56038-59121	VFISSCOL1_00060

DiscRep_SUB:FEATURE_LOCATION_CONFLICT::Coding region xref gene does not exist
prokka_VFISSCOL1/VFISSCOL1:CDS	Ribosomal RNA large subunit methyltransferase E	VFISSCOL1:59118-59660	VFISSCOL1_00061

DiscRep_SUB:FEATURE_LOCATION_CONFLICT::Coding region xref gene does not exist
prokka_VFISSCOL1/VFISSCOL1:CDS	ATP-dependent Clp protease proteolytic subunit	VFISSCOL1:59650-60192	VFISSCOL1_00062

DiscRep_SUB:FEATURE_LOCATION_CONFLICT::Coding region xref gene does not exist
prokka_VFISSCOL1/VFISSCOL1:CDS	Histidinol dehydrogenase	VFISSCOL1:64008-65252	VFISSCOL1_00067

DiscRep_SUB:FEATURE_LOCATION_CONFLICT::Coding region xref gene does not exist
prokka_VFISSCOL1/VFISSCOL1:CDS	Histidinol-phosphate aminotransferase 2	VFISSCOL1:65249-66223	VFISSCOL1_00068

DiscRep_SUB:FEATURE_LOCATION_CONFLICT::Coding region xref gene does not exist
prokka_VFISSCOL1/VFISSCOL1:CDS	Imidazoleglycerol-phosphate dehydratase	VFISSCOL1:66220-66804	VFISSCOL1_00069

DiscRep_SUB:FEATURE_LOCATION_CONFLICT::Coding region xref gene does not exist
prokka_VFISSCOL1/VFISSCOL1:CDS	Imidazole glycerol phosphate synthase subunit HisH	VFISSCOL1:66801-67406	VFISSCOL1_00070

DiscRep_SUB:FEATURE_LOCATION_CONFLICT::Coding region xref gene does not exist
prokka_VFISSCOL1/VFISSCOL1:CDS	1-(5-phosphoribosyl)-5-[(5-phosphoribosylamino)methylideneamino] imidazole-4-carboxamide isomerase	VFISSCOL1:67403-68101	VFISSCOL1_00071

DiscRep_SUB:FEATURE_LOCATION_CONFLICT::Coding region xref gene does not exist
prokka_VFISSCOL1/VFISSCOL1:CDS	Imidazole glycerol phosphate synthase subunit HisF	VFISSCOL1:68098-68826	VFISSCOL1_00072

DiscRep_SUB:FEATURE_LOCATION_CONFLICT::Coding region xref gene does not exist
prokka_VFISSCOL1/VFISSCOL1:CDS	Phosphoribosyl-AMP cyclohydrolase	VFISSCOL1:68823-69104	VFISSCOL1_00073

DiscRep_SUB:FEATURE_LOCATION_CONFLICT::Coding region xref gene does not exist
prokka_VFISSCOL1/VFISSCOL1:CDS	Histidine biosynthesis bifunctional protein HisIE	VFISSCOL1:69101-69349	VFISSCOL1_00074

DiscRep_SUB:FEATURE_LOCATION_CONFLICT::Coding region xref gene does not exist
prokka_VFISSCOL1/VFISSCOL1:CDS	hypothetical protein	VFISSCOL1:c70864-70685	VFISSCOL1_00078

DiscRep_SUB:FEATURE_LOCATION_CONFLICT::Coding region xref gene does not exist
prokka_VFISSCOL1/VFISSCOL1:CDS	Translation initiation factor IF-3	VFISSCOL1:c71300-70836	VFISSCOL1_00079

DiscRep_SUB:FEATURE_LOCATION_CONFLICT::Coding region xref gene does not exist
prokka_VFISSCOL1/VFISSCOL1:CDS	Chorismate synthase	VFISSCOL1:c72362-71304	VFISSCOL1_00080

DiscRep_SUB:FEATURE_LOCATION_CONFLICT::Coding region xref gene does not exist
prokka_VFISSCOL1/VFISSCOL1:CDS	hypothetical protein	VFISSCOL1:c73576-73058	VFISSCOL1_00084

DiscRep_SUB:FEATURE_LOCATION_CONFLICT::Coding region xref gene does not exist
prokka_VFISSCOL1/VFISSCOL1:CDS	hypothetical protein	VFISSCOL1:c74613-73573	VFISSCOL1_00085

DiscRep_SUB:FEATURE_LOCATION_CONFLICT::Coding region xref gene does not exist
prokka_VFISSCOL1/VFISSCOL1:CDS	Aspartate aminotransferase	VFISSCOL1:74642-75724	VFISSCOL1_00086

DiscRep_SUB:FEATURE_LOCATION_CONFLICT::Coding region xref gene does not exist
prokka_VFISSCOL1/VFISSCOL1:CDS	2,3,4,5-tetrahydropyridine-2,6-dicarboxylate N-succinyltransferase	VFISSCOL1:75705-76487	VFISSCOL1_00087

DiscRep_SUB:FEATURE_LOCATION_CONFLICT::Coding region xref gene does not exist
prokka_VFISSCOL1/VFISSCOL1:CDS	Succinyl-diaminopimelate desuccinylase	VFISSCOL1:76488-77579	VFISSCOL1_00088

DiscRep_SUB:FEATURE_LOCATION_CONFLICT::Coding region xref gene does not exist
prokka_VFISSCOL1/VFISSCOL1:CDS	Threonine synthase	VFISSCOL1:c78928-77576	VFISSCOL1_00089

DiscRep_SUB:FEATURE_LOCATION_CONFLICT::Coding region xref gene does not exist
prokka_VFISSCOL1/VFISSCOL1:CDS	Homoserine dehydrogenase	VFISSCOL1:c80100-78928	VFISSCOL1_00090

DiscRep_SUB:FEATURE_LOCATION_CONFLICT::Coding region xref gene does not exist
prokka_VFISSCOL1/VFISSCOL1:CDS	Replicative DNA helicase	VFISSCOL1:c81371-80097	VFISSCOL1_00091

DiscRep_SUB:FEATURE_LOCATION_CONFLICT::Coding region xref gene does not exist
prokka_VFISSCOL1/VFISSCOL1:CDS	hypothetical protein	VFISSCOL1:c81526-81368	VFISSCOL1_00092

DiscRep_SUB:FEATURE_LOCATION_CONFLICT::Coding region xref gene does not exist
prokka_VFISSCOL1/VFISSCOL1:CDS	hypothetical protein	VFISSCOL1:c81774-81523	VFISSCOL1_00093

DiscRep_SUB:FEATURE_LOCATION_CONFLICT::Coding region xref gene does not exist
prokka_VFISSCOL1/VFISSCOL1:CDS	Thioredoxin	VFISSCOL1:81827-82123	VFISSCOL1_00094

DiscRep_SUB:FEATURE_LOCATION_CONFLICT::Coding region xref gene does not exist
prokka_VFISSCOL1/VFISSCOL1:CDS	tRNA modification GTPase MnmE	VFISSCOL1:82518-83825	VFISSCOL1_00097

DiscRep_SUB:FEATURE_LOCATION_CONFLICT::Coding region xref gene does not exist
prokka_VFISSCOL1/VFISSCOL1:CDS	tRNA uridine 5-carboxymethylaminomethyl modification enzyme MnmG	VFISSCOL1:83822-85660	VFISSCOL1_00098

DiscRep_SUB:FEATURE_LOCATION_CONFLICT::Coding region xref gene does not exist
prokka_VFISSCOL1/VFISSCOL1:CDS	10 kDa chaperonin	VFISSCOL1:85669-85932	VFISSCOL1_00099

DiscRep_SUB:FEATURE_LOCATION_CONFLICT::Coding region xref gene does not exist
prokka_VFISSCOL1/VFISSCOL1:CDS	60 kDa chaperonin	VFISSCOL1:85932-87530	VFISSCOL1_00100

DiscRep_SUB:FEATURE_LOCATION_CONFLICT::Coding region xref gene does not exist
prokka_VFISSCOL1/VFISSCOL1:CDS	3-phosphoshikimate 1-carboxyvinyltransferase	VFISSCOL1:87571-88812	VFISSCOL1_00101

DiscRep_SUB:FEATURE_LOCATION_CONFLICT::Coding region xref gene does not exist
prokka_VFISSCOL1/VFISSCOL1:CDS	30S ribosomal protein S1	VFISSCOL1:88805-89911	VFISSCOL1_00102

DiscRep_SUB:FEATURE_LOCATION_CONFLICT::Coding region xref gene does not exist
prokka_VFISSCOL1/VFISSCOL1:CDS	hypothetical protein	VFISSCOL1:c90970-89891	VFISSCOL1_00103

DiscRep_SUB:FEATURE_LOCATION_CONFLICT::Coding region xref gene does not exist
prokka_VFISSCOL1/VFISSCOL1:CDS	hypothetical protein	VFISSCOL1:91103-91714	VFISSCOL1_00104

DiscRep_SUB:FEATURE_LOCATION_CONFLICT::Coding region xref gene does not exist
prokka_VFISSCOL1/VFISSCOL1:CDS	Chaperone protein DnaJ	VFISSCOL1:c92695-91691	VFISSCOL1_00105

DiscRep_SUB:FEATURE_LOCATION_CONFLICT::Coding region xref gene does not exist
prokka_VFISSCOL1/VFISSCOL1:CDS	Chaperone protein DnaK	VFISSCOL1:c94497-92692	VFISSCOL1_00106

DiscRep_SUB:FEATURE_LOCATION_CONFLICT::Coding region xref gene does not exist
prokka_VFISSCOL1/VFISSCOL1:CDS	Protein GrpE	VFISSCOL1:c94943-94497	VFISSCOL1_00107

DiscRep_SUB:FEATURE_LOCATION_CONFLICT::Coding region xref gene does not exist
prokka_VFISSCOL1/VFISSCOL1:CDS	Phospho-2-dehydro-3-deoxyheptonate aldolase, Phe-sensitive	VFISSCOL1:94987-95934	VFISSCOL1_00108

DiscRep_SUB:FEATURE_LOCATION_CONFLICT::Coding region xref gene does not exist
prokka_VFISSCOL1/VFISSCOL1:CDS	tRNA-specific 2-thiouridylase MnmA	VFISSCOL1:c96937-95924	VFISSCOL1_00109

DiscRep_SUB:FEATURE_LOCATION_CONFLICT::Coding region xref gene does not exist
prokka_VFISSCOL1/VFISSCOL1:CDS	hypothetical protein	VFISSCOL1:c97589-96903	VFISSCOL1_00110

DiscRep_SUB:FEATURE_LOCATION_CONFLICT::Coding region xref gene does not exist
prokka_VFISSCOL1/VFISSCOL1:CDS	Leucine--tRNA ligase	VFISSCOL1:c99850-97589	VFISSCOL1_00111

DiscRep_SUB:FEATURE_LOCATION_CONFLICT::Coding region xref gene does not exist
prokka_VFISSCOL1/VFISSCOL1:CDS	4-hydroxy-tetrahydrodipicolinate reductase	VFISSCOL1:c100503-99847	VFISSCOL1_00112

DiscRep_SUB:FEATURE_LOCATION_CONFLICT::Coding region xref gene does not exist
prokka_VFISSCOL1/VFISSCOL1:CDS	NADP-dependent malic enzyme	VFISSCOL1:c101722-100496	VFISSCOL1_00113

DiscRep_SUB:FEATURE_LOCATION_CONFLICT::Coding region xref gene does not exist
prokka_VFISSCOL1/VFISSCOL1:CDS	hypothetical protein	VFISSCOL1:c101942-101712	VFISSCOL1_00114

DiscRep_SUB:FEATURE_LOCATION_CONFLICT::Coding region xref gene does not exist
prokka_VFISSCOL1/VFISSCOL1:CDS	hypothetical protein	VFISSCOL1:c102482-102024	VFISSCOL1_00115

DiscRep_SUB:FEATURE_LOCATION_CONFLICT::Coding region xref gene does not exist
prokka_VFISSCOL1/VFISSCOL1:CDS	Shikimate dehydrogenase (NADP(+))	VFISSCOL1:c104800-104321	VFISSCOL1_00116

DiscRep_SUB:FEATURE_LOCATION_CONFLICT::Coding region xref gene does not exist
prokka_VFISSCOL1/VFISSCOL1:CDS	3-dehydroquinate dehydratase 1	VFISSCOL1:104811-105239	VFISSCOL1_00117

DiscRep_SUB:FEATURE_LOCATION_CONFLICT::Coding region xref gene does not exist
prokka_VFISSCOL1/VFISSCOL1:CDS	hypothetical protein	VFISSCOL1:c105882-105217	VFISSCOL1_00118

DiscRep_SUB:FEATURE_LOCATION_CONFLICT::Coding region xref gene does not exist
prokka_VFISSCOL1/VFISSCOL1:CDS	50S ribosomal protein L27	VFISSCOL1:c106117-105872	VFISSCOL1_00119

DiscRep_SUB:FEATURE_LOCATION_CONFLICT::Coding region xref gene does not exist
prokka_VFISSCOL1/VFISSCOL1:CDS	hypothetical protein	VFISSCOL1:c106422-106096	VFISSCOL1_00120

DiscRep_SUB:FEATURE_LOCATION_CONFLICT::Coding region xref gene does not exist
prokka_VFISSCOL1/VFISSCOL1:CDS	Ribosomal RNA small subunit methyltransferase H	VFISSCOL1:c107222-106419	VFISSCOL1_00121

DiscRep_SUB:FEATURE_LOCATION_CONFLICT::Coding region xref gene does not exist
prokka_VFISSCOL1/VFISSCOL1:CDS	Argininosuccinate synthase	VFISSCOL1:107309-108520	VFISSCOL1_00123

DiscRep_SUB:FEATURE_LOCATION_CONFLICT::Coding region xref gene does not exist
prokka_VFISSCOL1/VFISSCOL1:CDS	50S ribosomal protein L3	VFISSCOL1:113125-113556	VFISSCOL1_00127

DiscRep_SUB:FEATURE_LOCATION_CONFLICT::Coding region xref gene does not exist
prokka_VFISSCOL1/VFISSCOL1:CDS	hypothetical protein	VFISSCOL1:113531-114142	VFISSCOL1_00128

DiscRep_SUB:FEATURE_LOCATION_CONFLICT::Coding region xref gene does not exist
prokka_VFISSCOL1/VFISSCOL1:CDS	hypothetical protein	VFISSCOL1:114111-114284	VFISSCOL1_00129

DiscRep_SUB:FEATURE_LOCATION_CONFLICT::Coding region xref gene does not exist
prokka_VFISSCOL1/VFISSCOL1:CDS	50S ribosomal protein L2	VFISSCOL1:114281-115072	VFISSCOL1_00130

DiscRep_SUB:FEATURE_LOCATION_CONFLICT::Coding region xref gene does not exist
prokka_VFISSCOL1/VFISSCOL1:CDS	30S ribosomal protein S19	VFISSCOL1:115056-115340	VFISSCOL1_00131

DiscRep_SUB:FEATURE_LOCATION_CONFLICT::Coding region xref gene does not exist
prokka_VFISSCOL1/VFISSCOL1:CDS	hypothetical protein	VFISSCOL1:115324-115668	VFISSCOL1_00132

DiscRep_SUB:FEATURE_LOCATION_CONFLICT::Coding region xref gene does not exist
prokka_VFISSCOL1/VFISSCOL1:CDS	30S ribosomal protein S3	VFISSCOL1:115653-116291	VFISSCOL1_00133

DiscRep_SUB:FEATURE_LOCATION_CONFLICT::Coding region xref gene does not exist
prokka_VFISSCOL1/VFISSCOL1:CDS	50S ribosomal protein L16	VFISSCOL1:116263-116682	VFISSCOL1_00134

DiscRep_SUB:FEATURE_LOCATION_CONFLICT::Coding region xref gene does not exist
prokka_VFISSCOL1/VFISSCOL1:CDS	hypothetical protein	VFISSCOL1:116679-116915	VFISSCOL1_00135

DiscRep_SUB:FEATURE_LOCATION_CONFLICT::Coding region xref gene does not exist
prokka_VFISSCOL1/VFISSCOL1:CDS	50S ribosomal protein L14	VFISSCOL1:116912-117277	VFISSCOL1_00136

DiscRep_SUB:FEATURE_LOCATION_CONFLICT::Coding region xref gene does not exist
prokka_VFISSCOL1/VFISSCOL1:CDS	50S ribosomal protein L5	VFISSCOL1:117278-117829	VFISSCOL1_00137

DiscRep_SUB:FEATURE_LOCATION_CONFLICT::Coding region xref gene does not exist
prokka_VFISSCOL1/VFISSCOL1:CDS	30S ribosomal protein S14	VFISSCOL1:117822-118124	VFISSCOL1_00138

DiscRep_SUB:FEATURE_LOCATION_CONFLICT::Coding region xref gene does not exist
prokka_VFISSCOL1/VFISSCOL1:CDS	hypothetical protein	VFISSCOL1:118124-118489	VFISSCOL1_00139

DiscRep_SUB:FEATURE_LOCATION_CONFLICT::Coding region xref gene does not exist
prokka_VFISSCOL1/VFISSCOL1:CDS	50S ribosomal protein L6	VFISSCOL1:118482-119015	VFISSCOL1_00140

DiscRep_SUB:FEATURE_LOCATION_CONFLICT::Coding region xref gene does not exist
prokka_VFISSCOL1/VFISSCOL1:CDS	hypothetical protein	VFISSCOL1:118978-119313	VFISSCOL1_00141

DiscRep_SUB:FEATURE_LOCATION_CONFLICT::Coding region xref gene does not exist
prokka_VFISSCOL1/VFISSCOL1:CDS	30S ribosomal protein S5	VFISSCOL1:119313-119738	VFISSCOL1_00142

DiscRep_SUB:FEATURE_LOCATION_CONFLICT::Coding region xref gene does not exist
prokka_VFISSCOL1/VFISSCOL1:CDS	50S ribosomal protein L15	VFISSCOL1:119735-120082	VFISSCOL1_00143

DiscRep_SUB:FEATURE_LOCATION_CONFLICT::Coding region xref gene does not exist
prokka_VFISSCOL1/VFISSCOL1:CDS	Translation initiation factor IF-1	VFISSCOL1:120075-120290	VFISSCOL1_00144

DiscRep_SUB:FEATURE_LOCATION_CONFLICT::Coding region xref gene does not exist
prokka_VFISSCOL1/VFISSCOL1:CDS	hypothetical protein	VFISSCOL1:120287-120400	VFISSCOL1_00145

DiscRep_SUB:FEATURE_LOCATION_CONFLICT::Coding region xref gene does not exist
prokka_VFISSCOL1/VFISSCOL1:CDS	30S ribosomal protein S13	VFISSCOL1:120406-120744	VFISSCOL1_00146

DiscRep_SUB:FEATURE_LOCATION_CONFLICT::Coding region xref gene does not exist
prokka_VFISSCOL1/VFISSCOL1:CDS	30S ribosomal protein S11	VFISSCOL1:120745-121086	VFISSCOL1_00147

DiscRep_SUB:FEATURE_LOCATION_CONFLICT::Coding region xref gene does not exist
prokka_VFISSCOL1/VFISSCOL1:CDS	30S ribosomal protein S4	VFISSCOL1:121083-121649	VFISSCOL1_00148

DiscRep_SUB:FEATURE_LOCATION_CONFLICT::Coding region xref gene does not exist
prokka_VFISSCOL1/VFISSCOL1:CDS	DNA-directed RNA polymerase subunit alpha	VFISSCOL1:121649-122284	VFISSCOL1_00149

DiscRep_SUB:FEATURE_LOCATION_CONFLICT::Coding region xref gene does not exist
prokka_VFISSCOL1/VFISSCOL1:CDS	hypothetical protein	VFISSCOL1:122281-122583	VFISSCOL1_00150

DiscRep_SUB:FEATURE_LOCATION_CONFLICT::Coding region xref gene does not exist
prokka_VFISSCOL1/VFISSCOL1:CDS	Diaminopimelate decarboxylase	VFISSCOL1:c123692-122580	VFISSCOL1_00151

DiscRep_SUB:FEATURE_LOCATION_CONFLICT::RNA feature xref gene does not exist
prokka_VFISSCOL1/VFISSCOL1:tRNA	Trp	VFISSCOL1:1178-1250	VFISSCOL1_00001

DiscRep_SUB:FEATURE_LOCATION_CONFLICT::RNA feature xref gene does not exist
prokka_VFISSCOL1/VFISSCOL1:tRNA	Phe	VFISSCOL1:13809-13881	VFISSCOL1_00012

DiscRep_SUB:FEATURE_LOCATION_CONFLICT::RNA feature xref gene does not exist
prokka_VFISSCOL1/VFISSCOL1:tRNA	Gln	VFISSCOL1:22281-22352	VFISSCOL1_00024

DiscRep_SUB:FEATURE_LOCATION_CONFLICT::RNA feature xref gene does not exist
prokka_VFISSCOL1/VFISSCOL1:tRNA	Ser	VFISSCOL1:30731-30816	VFISSCOL1_00032

DiscRep_SUB:FEATURE_LOCATION_CONFLICT::RNA feature xref gene does not exist
prokka_VFISSCOL1/VFISSCOL1:tRNA	Met	VFISSCOL1:46692-46763	VFISSCOL1_00047

DiscRep_SUB:FEATURE_LOCATION_CONFLICT::RNA feature xref gene does not exist
prokka_VFISSCOL1/VFISSCOL1:tRNA	Leu	VFISSCOL1:49879-49951	VFISSCOL1_00049

DiscRep_SUB:FEATURE_LOCATION_CONFLICT::RNA feature xref gene does not exist
prokka_VFISSCOL1/VFISSCOL1:tRNA	Ser	VFISSCOL1:49952-50041	VFISSCOL1_00050

DiscRep_SUB:FEATURE_LOCATION_CONFLICT::RNA feature xref gene does not exist
prokka_VFISSCOL1/VFISSCOL1:tRNA	Asn	VFISSCOL1:c54206-54135	VFISSCOL1_00056

DiscRep_SUB:FEATURE_LOCATION_CONFLICT::RNA feature xref gene does not exist
prokka_VFISSCOL1/VFISSCOL1:tRNA	Cys	VFISSCOL1:c54389-54319	VFISSCOL1_00057

DiscRep_SUB:FEATURE_LOCATION_CONFLICT::RNA feature xref gene does not exist
prokka_VFISSCOL1/VFISSCOL1:tRNA	Gly	VFISSCOL1:c54462-54389	VFISSCOL1_00058

DiscRep_SUB:FEATURE_LOCATION_CONFLICT::RNA feature xref gene does not exist
prokka_VFISSCOL1/VFISSCOL1:tRNA	Val	VFISSCOL1:61325-61396	VFISSCOL1_00063

DiscRep_SUB:FEATURE_LOCATION_CONFLICT::RNA feature xref gene does not exist
prokka_VFISSCOL1/VFISSCOL1:tRNA	Leu	VFISSCOL1:c63248-63167	VFISSCOL1_00064

DiscRep_SUB:FEATURE_LOCATION_CONFLICT::RNA feature xref gene does not exist
prokka_VFISSCOL1/VFISSCOL1:tRNA	Ser	VFISSCOL1:c63332-63246	VFISSCOL1_00065

DiscRep_SUB:FEATURE_LOCATION_CONFLICT::RNA feature xref gene does not exist
prokka_VFISSCOL1/VFISSCOL1:tRNA	Arg	VFISSCOL1:63332-63403	VFISSCOL1_00066

DiscRep_SUB:FEATURE_LOCATION_CONFLICT::RNA feature xref gene does not exist
prokka_VFISSCOL1/VFISSCOL1:tRNA	Thr	VFISSCOL1:69350-69420	VFISSCOL1_00075

DiscRep_SUB:FEATURE_LOCATION_CONFLICT::RNA feature xref gene does not exist
prokka_VFISSCOL1/VFISSCOL1:tRNA	His	VFISSCOL1:69422-69494	VFISSCOL1_00076

DiscRep_SUB:FEATURE_LOCATION_CONFLICT::RNA feature xref gene does not exist
prokka_VFISSCOL1/VFISSCOL1:tRNA	Lys	VFISSCOL1:c70379-70306	VFISSCOL1_00077

DiscRep_SUB:FEATURE_LOCATION_CONFLICT::RNA feature xref gene does not exist
prokka_VFISSCOL1/VFISSCOL1:tRNA	Arg	VFISSCOL1:c72443-72370	VFISSCOL1_00081

DiscRep_SUB:FEATURE_LOCATION_CONFLICT::RNA feature xref gene does not exist
prokka_VFISSCOL1/VFISSCOL1:tRNA	Met	VFISSCOL1:c72641-72569	VFISSCOL1_00082

DiscRep_SUB:FEATURE_LOCATION_CONFLICT::RNA feature xref gene does not exist
prokka_VFISSCOL1/VFISSCOL1:tRNA	Pro	VFISSCOL1:72677-72749	VFISSCOL1_00083

DiscRep_SUB:FEATURE_LOCATION_CONFLICT::RNA feature xref gene does not exist
prokka_VFISSCOL1/VFISSCOL1:tRNA	Asp	VFISSCOL1:c82410-82338	VFISSCOL1_00095

DiscRep_SUB:FEATURE_LOCATION_CONFLICT::RNA feature xref gene does not exist
prokka_VFISSCOL1/VFISSCOL1:tRNA	Glu	VFISSCOL1:c82484-82411	VFISSCOL1_00096

DiscRep_SUB:FEATURE_LOCATION_CONFLICT::RNA feature xref gene does not exist
prokka_VFISSCOL1/VFISSCOL1:tRNA	Ala	VFISSCOL1:c107299-107228	VFISSCOL1_00122

DiscRep_SUB:FEATURE_LOCATION_CONFLICT::RNA feature xref gene does not exist
prokka_VFISSCOL1/VFISSCOL1:rRNA	23S ribosomal RNA	VFISSCOL1:c111400-108657	VFISSCOL1_00124

DiscRep_SUB:FEATURE_LOCATION_CONFLICT::RNA feature xref gene does not exist
prokka_VFISSCOL1/VFISSCOL1:tRNA	Ile	VFISSCOL1:c111497-111426	VFISSCOL1_00125

DiscRep_SUB:FEATURE_LOCATION_CONFLICT::RNA feature xref gene does not exist
prokka_VFISSCOL1/VFISSCOL1:rRNA	16S ribosomal RNA	VFISSCOL1:c113002-111515	VFISSCOL1_00126

DiscRep_SUB:FEATURE_LOCATION_CONFLICT::RNA feature xref gene does not exist
prokka_VFISSCOL1/VFISSCOL1:tRNA	Met	VFISSCOL1:125123-125194	VFISSCOL1_00152

DiscRep_SUB:FEATURE_LOCATION_CONFLICT::RNA feature xref gene does not exist
prokka_VFISSCOL1/VFISSCOL1:tRNA	Tyr	VFISSCOL1:125195-125279	VFISSCOL1_00153

DiscRep_SUB:FEATURE_LOCATION_CONFLICT::RNA feature xref gene does not exist
prokka_VFISSCOL1/VFISSCOL1:tRNA	Gly	VFISSCOL1:125283-125353	VFISSCOL1_00154

DiscRep_ALL:DISC_QUALITY_SCORES::Quality scores are missing on all sequences.

DiscRep_ALL:ONCALLER_COMMENT_PRESENT::1 comment descriptors were found (all same)
prokka_VFISSCOL1/VFISSCOL1:VFISSCOL1:Annotated using prokka 1.14.6 from https://github.com/tseemann/prokka

DiscRep_ALL:SHORT_PROT_SEQUENCES::2 protein sequences are shorter than 50 aa.
prokka_VFISSCOL1/VFISSCOL1:VFISSCOL1_30 (length 45)
prokka_VFISSCOL1/VFISSCOL1:VFISSCOL1_119 (length 37)

DiscRep_ALL:MISSING_GENOMEASSEMBLY_COMMENTS::1 bioseqs are missing GenomeAssembly structured comments
prokka_VFISSCOL1/VFISSCOL1:VFISSCOL1 (length 125362)

DiscRep_ALL:MOLTYPE_NOT_MRNA::1 molecule types are not set as mRNA.
prokka_VFISSCOL1/VFISSCOL1:VFISSCOL1 (length 125362)

DiscRep_ALL:TECHNIQUE_NOT_TSA::1 technique are not set as TSA
prokka_VFISSCOL1/VFISSCOL1:VFISSCOL1 (length 125362)

DiscRep_ALL:MISSING_STRUCTURED_COMMENT::1 sequences do not include structured comments.
prokka_VFISSCOL1/VFISSCOL1:VFISSCOL1 (length 125362)

DiscRep_ALL:MISSING_PROJECT::126 sequences do not include project.
prokka_VFISSCOL1/VFISSCOL1:VFISSCOL1 (length 125362)
prokka_VFISSCOL1/VFISSCOL1:VFISSCOL1_1 (length 122)
prokka_VFISSCOL1/VFISSCOL1:VFISSCOL1_2 (length 204)
prokka_VFISSCOL1/VFISSCOL1:VFISSCOL1_3 (length 146)
prokka_VFISSCOL1/VFISSCOL1:VFISSCOL1_4 (length 113)
prokka_VFISSCOL1/VFISSCOL1:VFISSCOL1_5 (length 1289)
prokka_VFISSCOL1/VFISSCOL1:VFISSCOL1_6 (length 1284)
prokka_VFISSCOL1/VFISSCOL1:VFISSCOL1_7 (length 127)
prokka_VFISSCOL1/VFISSCOL1:VFISSCOL1_8 (length 160)
prokka_VFISSCOL1/VFISSCOL1:VFISSCOL1_9 (length 678)
prokka_VFISSCOL1/VFISSCOL1:VFISSCOL1_10 (length 99)
prokka_VFISSCOL1/VFISSCOL1:VFISSCOL1_11 (length 147)
prokka_VFISSCOL1/VFISSCOL1:VFISSCOL1_12 (length 261)
prokka_VFISSCOL1/VFISSCOL1:VFISSCOL1_13 (length 60)
prokka_VFISSCOL1/VFISSCOL1:VFISSCOL1_14 (length 432)
prokka_VFISSCOL1/VFISSCOL1:VFISSCOL1_15 (length 235)
prokka_VFISSCOL1/VFISSCOL1:VFISSCOL1_16 (length 385)
prokka_VFISSCOL1/VFISSCOL1:VFISSCOL1_17 (length 129)
prokka_VFISSCOL1/VFISSCOL1:VFISSCOL1_18 (length 102)
prokka_VFISSCOL1/VFISSCOL1:VFISSCOL1_19 (length 261)
prokka_VFISSCOL1/VFISSCOL1:VFISSCOL1_20 (length 218)
prokka_VFISSCOL1/VFISSCOL1:VFISSCOL1_21 (length 508)
prokka_VFISSCOL1/VFISSCOL1:VFISSCOL1_22 (length 170)
prokka_VFISSCOL1/VFISSCOL1:VFISSCOL1_23 (length 183)
prokka_VFISSCOL1/VFISSCOL1:VFISSCOL1_24 (length 377)
prokka_VFISSCOL1/VFISSCOL1:VFISSCOL1_25 (length 448)
prokka_VFISSCOL1/VFISSCOL1:VFISSCOL1_26 (length 238)
prokka_VFISSCOL1/VFISSCOL1:VFISSCOL1_27 (length 286)
prokka_VFISSCOL1/VFISSCOL1:VFISSCOL1_28 (length 100)
prokka_VFISSCOL1/VFISSCOL1:VFISSCOL1_29 (length 765)
prokka_VFISSCOL1/VFISSCOL1:VFISSCOL1_30 (length 45)
prokka_VFISSCOL1/VFISSCOL1:VFISSCOL1_31 (length 64)
prokka_VFISSCOL1/VFISSCOL1:VFISSCOL1_32 (length 222)
prokka_VFISSCOL1/VFISSCOL1:VFISSCOL1_33 (length 382)
prokka_VFISSCOL1/VFISSCOL1:VFISSCOL1_34 (length 291)
prokka_VFISSCOL1/VFISSCOL1:VFISSCOL1_35 (length 254)
prokka_VFISSCOL1/VFISSCOL1:VFISSCOL1_36 (length 327)
prokka_VFISSCOL1/VFISSCOL1:VFISSCOL1_37 (length 195)
prokka_VFISSCOL1/VFISSCOL1:VFISSCOL1_38 (length 418)
prokka_VFISSCOL1/VFISSCOL1:VFISSCOL1_39 (length 467)
prokka_VFISSCOL1/VFISSCOL1:VFISSCOL1_40 (length 397)
prokka_VFISSCOL1/VFISSCOL1:VFISSCOL1_41 (length 320)
prokka_VFISSCOL1/VFISSCOL1:VFISSCOL1_42 (length 444)
prokka_VFISSCOL1/VFISSCOL1:VFISSCOL1_43 (length 985)
prokka_VFISSCOL1/VFISSCOL1:VFISSCOL1_44 (length 339)
prokka_VFISSCOL1/VFISSCOL1:VFISSCOL1_45 (length 210)
prokka_VFISSCOL1/VFISSCOL1:VFISSCOL1_46 (length 378)
prokka_VFISSCOL1/VFISSCOL1:VFISSCOL1_47 (length 244)
prokka_VFISSCOL1/VFISSCOL1:VFISSCOL1_48 (length 86)
prokka_VFISSCOL1/VFISSCOL1:VFISSCOL1_49 (length 355)
prokka_VFISSCOL1/VFISSCOL1:VFISSCOL1_50 (length 1027)
prokka_VFISSCOL1/VFISSCOL1:VFISSCOL1_51 (length 180)
prokka_VFISSCOL1/VFISSCOL1:VFISSCOL1_52 (length 180)
prokka_VFISSCOL1/VFISSCOL1:VFISSCOL1_53 (length 414)
prokka_VFISSCOL1/VFISSCOL1:VFISSCOL1_54 (length 324)
prokka_VFISSCOL1/VFISSCOL1:VFISSCOL1_55 (length 194)
prokka_VFISSCOL1/VFISSCOL1:VFISSCOL1_56 (length 201)
prokka_VFISSCOL1/VFISSCOL1:VFISSCOL1_57 (length 232)
prokka_VFISSCOL1/VFISSCOL1:VFISSCOL1_58 (length 242)
prokka_VFISSCOL1/VFISSCOL1:VFISSCOL1_59 (length 93)
prokka_VFISSCOL1/VFISSCOL1:VFISSCOL1_60 (length 82)
prokka_VFISSCOL1/VFISSCOL1:VFISSCOL1_61 (length 59)
prokka_VFISSCOL1/VFISSCOL1:VFISSCOL1_62 (length 154)
prokka_VFISSCOL1/VFISSCOL1:VFISSCOL1_63 (length 352)
prokka_VFISSCOL1/VFISSCOL1:VFISSCOL1_64 (length 172)
prokka_VFISSCOL1/VFISSCOL1:VFISSCOL1_65 (length 346)
prokka_VFISSCOL1/VFISSCOL1:VFISSCOL1_66 (length 360)
prokka_VFISSCOL1/VFISSCOL1:VFISSCOL1_67 (length 260)
prokka_VFISSCOL1/VFISSCOL1:VFISSCOL1_68 (length 363)
prokka_VFISSCOL1/VFISSCOL1:VFISSCOL1_69 (length 450)
prokka_VFISSCOL1/VFISSCOL1:VFISSCOL1_70 (length 390)
prokka_VFISSCOL1/VFISSCOL1:VFISSCOL1_71 (length 424)
prokka_VFISSCOL1/VFISSCOL1:VFISSCOL1_72 (length 52)
prokka_VFISSCOL1/VFISSCOL1:VFISSCOL1_73 (length 83)
prokka_VFISSCOL1/VFISSCOL1:VFISSCOL1_74 (length 98)
prokka_VFISSCOL1/VFISSCOL1:VFISSCOL1_75 (length 435)
prokka_VFISSCOL1/VFISSCOL1:VFISSCOL1_76 (length 612)
prokka_VFISSCOL1/VFISSCOL1:VFISSCOL1_77 (length 87)
prokka_VFISSCOL1/VFISSCOL1:VFISSCOL1_78 (length 532)
prokka_VFISSCOL1/VFISSCOL1:VFISSCOL1_79 (length 413)
prokka_VFISSCOL1/VFISSCOL1:VFISSCOL1_80 (length 368)
prokka_VFISSCOL1/VFISSCOL1:VFISSCOL1_81 (length 359)
prokka_VFISSCOL1/VFISSCOL1:VFISSCOL1_82 (length 203)
prokka_VFISSCOL1/VFISSCOL1:VFISSCOL1_83 (length 334)
prokka_VFISSCOL1/VFISSCOL1:VFISSCOL1_84 (length 601)
prokka_VFISSCOL1/VFISSCOL1:VFISSCOL1_85 (length 148)
prokka_VFISSCOL1/VFISSCOL1:VFISSCOL1_86 (length 315)
prokka_VFISSCOL1/VFISSCOL1:VFISSCOL1_87 (length 337)
prokka_VFISSCOL1/VFISSCOL1:VFISSCOL1_88 (length 228)
prokka_VFISSCOL1/VFISSCOL1:VFISSCOL1_89 (length 753)
prokka_VFISSCOL1/VFISSCOL1:VFISSCOL1_90 (length 218)
prokka_VFISSCOL1/VFISSCOL1:VFISSCOL1_91 (length 408)
prokka_VFISSCOL1/VFISSCOL1:VFISSCOL1_92 (length 76)
prokka_VFISSCOL1/VFISSCOL1:VFISSCOL1_93 (length 152)
prokka_VFISSCOL1/VFISSCOL1:VFISSCOL1_94 (length 159)
prokka_VFISSCOL1/VFISSCOL1:VFISSCOL1_95 (length 142)
prokka_VFISSCOL1/VFISSCOL1:VFISSCOL1_96 (length 221)
prokka_VFISSCOL1/VFISSCOL1:VFISSCOL1_97 (length 81)
prokka_VFISSCOL1/VFISSCOL1:VFISSCOL1_98 (length 108)
prokka_VFISSCOL1/VFISSCOL1:VFISSCOL1_99 (length 267)
prokka_VFISSCOL1/VFISSCOL1:VFISSCOL1_100 (length 403)
prokka_VFISSCOL1/VFISSCOL1:VFISSCOL1_101 (length 143)
prokka_VFISSCOL1/VFISSCOL1:VFISSCOL1_102 (length 203)
prokka_VFISSCOL1/VFISSCOL1:VFISSCOL1_103 (length 57)
prokka_VFISSCOL1/VFISSCOL1:VFISSCOL1_104 (length 263)
prokka_VFISSCOL1/VFISSCOL1:VFISSCOL1_105 (length 94)
prokka_VFISSCOL1/VFISSCOL1:VFISSCOL1_106 (length 114)
prokka_VFISSCOL1/VFISSCOL1:VFISSCOL1_107 (length 212)
prokka_VFISSCOL1/VFISSCOL1:VFISSCOL1_108 (length 139)
prokka_VFISSCOL1/VFISSCOL1:VFISSCOL1_109 (length 78)
prokka_VFISSCOL1/VFISSCOL1:VFISSCOL1_110 (length 121)
prokka_VFISSCOL1/VFISSCOL1:VFISSCOL1_111 (length 183)
prokka_VFISSCOL1/VFISSCOL1:VFISSCOL1_112 (length 100)
prokka_VFISSCOL1/VFISSCOL1:VFISSCOL1_113 (length 121)
prokka_VFISSCOL1/VFISSCOL1:VFISSCOL1_114 (length 177)
prokka_VFISSCOL1/VFISSCOL1:VFISSCOL1_115 (length 111)
prokka_VFISSCOL1/VFISSCOL1:VFISSCOL1_116 (length 141)
prokka_VFISSCOL1/VFISSCOL1:VFISSCOL1_117 (length 115)
prokka_VFISSCOL1/VFISSCOL1:VFISSCOL1_118 (length 71)
prokka_VFISSCOL1/VFISSCOL1:VFISSCOL1_119 (length 37)
prokka_VFISSCOL1/VFISSCOL1:VFISSCOL1_120 (length 112)
prokka_VFISSCOL1/VFISSCOL1:VFISSCOL1_121 (length 113)
prokka_VFISSCOL1/VFISSCOL1:VFISSCOL1_122 (length 188)
prokka_VFISSCOL1/VFISSCOL1:VFISSCOL1_123 (length 211)
prokka_VFISSCOL1/VFISSCOL1:VFISSCOL1_124 (length 100)
prokka_VFISSCOL1/VFISSCOL1:VFISSCOL1_125 (length 370)

DiscRep_ALL:DISC_INCONSISTENT_MOLINFO_TECH::Molinfo Technique Report (some missing, all same)
DiscRep_SUB:DISC_INCONSISTENT_MOLINFO_TECH::technique (all missing)
DiscRep_SUB:DISC_INCONSISTENT_MOLINFO_TECH::1 Molinfos are missing field technique
prokka_VFISSCOL1/VFISSCOL1:VFISSCOL1 (length 125362)

