18:43:16.498 - INFO - UTILS - version=1.8.2
18:43:16.498 - INFO - UTILS - developer: Oliver Schwengers, github.com/oschwengers
18:43:16.498 - INFO - UTILS - command: /home/diego/miniconda3/envs/bakta/bin/bakta VFIND2.fasta --complete --translation-table 11 --keep-contig-headers --compliant --threads 30 --output annotation_bakta/bakta_VFIND2
18:43:16.498 - INFO - UTILS - local time: 2023-11-07 18:43:16
18:43:16.499 - INFO - UTILS - machine: type=x86_64, cores=32
18:43:16.499 - INFO - UTILS - system: type=Linux, release=6.5.0-10-generic
18:43:16.499 - INFO - UTILS - python: version=3.10.12, implementation=CPython
18:43:16.499 - INFO - CONFIG - threads=30
18:43:16.499 - INFO - CONFIG - verbose=False
18:43:16.499 - INFO - CONFIG - debug=False
18:43:16.499 - INFO - CONFIG - database: type=environment, path=/mnt/ssd/databases/bakta_db
18:43:16.499 - INFO - CONFIG - tmp-path=/tmp/tmpqlq214sd
18:43:16.499 - INFO - CONFIG - genome-path=/home/diego/Documents/metagenomes/annotation_symbio_merge/annotation_Beta/genomes/VFIND2.fasta
18:43:16.499 - INFO - CONFIG - min_contig_length=1
18:43:16.499 - INFO - CONFIG - prefix=VFIND2
18:43:16.499 - INFO - CONFIG - output-path=/home/diego/Documents/metagenomes/annotation_symbio_merge/annotation_Beta/genomes/annotation_bakta/bakta_VFIND2
18:43:16.499 - INFO - CONFIG - force=False
18:43:16.499 - INFO - CONFIG - genus=None
18:43:16.499 - INFO - CONFIG - species=None
18:43:16.499 - INFO - CONFIG - strain=None
18:43:16.499 - INFO - CONFIG - plasmid=None
18:43:16.499 - INFO - CONFIG - complete=True
18:43:16.499 - INFO - CONFIG - prodigal_tf=None
18:43:16.500 - INFO - CONFIG - translation_table=11
18:43:16.500 - INFO - CONFIG - gram=?
18:43:16.500 - INFO - CONFIG - compliant=True
18:43:16.500 - INFO - CONFIG - compliant mode! min_contig_length=200
18:43:16.500 - INFO - CONFIG - meta=False
18:43:16.500 - INFO - CONFIG - locus=None
18:43:16.500 - INFO - CONFIG - locus-tag=None
18:43:16.500 - INFO - CONFIG - keep_contig_headers=True
18:43:16.500 - INFO - CONFIG - replicon-table=None
18:43:16.500 - INFO - CONFIG - skip-tRNA=False
18:43:16.500 - INFO - CONFIG - skip-tmRNA=False
18:43:16.500 - INFO - CONFIG - skip-rRNA=False
18:43:16.500 - INFO - CONFIG - skip-ncRNA=False
18:43:16.500 - INFO - CONFIG - skip-ncRNA-region=False
18:43:16.500 - INFO - CONFIG - skip-CRISPR=False
18:43:16.500 - INFO - CONFIG - skip-CDS=False
18:43:16.500 - INFO - CONFIG - skip-pseudo=False
18:43:16.500 - INFO - CONFIG - skip-sORF=False
18:43:16.500 - INFO - CONFIG - skip-gap=False
18:43:16.500 - INFO - CONFIG - skip-ori=False
18:43:16.500 - INFO - CONFIG - skip-plot=False
18:43:16.500 - INFO - DB - detected: major=5, minor=0, type=full, date=2023-02-20
18:43:16.533 - INFO - UTILS - dependency: tool=tRNAscan-SE, version=v2.0.12, path=/home/diego/miniconda3/envs/bakta/bin/tRNAscan-SE
18:43:16.534 - INFO - UTILS - dependency: tool=Aragorn, version=v1.2.41, path=/home/diego/miniconda3/envs/bakta/bin/aragorn
18:43:16.535 - INFO - UTILS - dependency: tool=CMscan, version=v1.1.4, path=/home/diego/miniconda3/envs/bakta/bin/cmscan
18:43:16.536 - INFO - UTILS - dependency: tool=PilerCR, version=v1.6.0, path=/home/diego/miniconda3/envs/bakta/bin/pilercr
18:43:16.562 - INFO - UTILS - dependency: tool=Pyrodigal, version=v2.3.0, path=/home/diego/miniconda3/envs/bakta/bin/python
18:43:16.563 - INFO - UTILS - dependency: tool=AMRFinderPlus, version=v3.11.18, path=/home/diego/miniconda3/envs/bakta/bin/amrfinder
18:43:16.592 - INFO - UTILS - dependency: tool=Pyhmmer, version=v0.10.2, path=/home/diego/miniconda3/envs/bakta/bin/python
18:43:16.594 - INFO - UTILS - dependency: tool=Diamond, version=v2.1.8, path=/home/diego/miniconda3/envs/bakta/bin/diamond
18:43:16.639 - INFO - UTILS - dependency: tool=Blastn, version=v2.14.1, path=/home/diego/miniconda3/envs/bakta/bin/blastn
18:43:16.790 - INFO - UTILS - dependency: tool=Circos, version=v0.69.8, path=/home/diego/miniconda3/envs/bakta/bin/circos
18:43:16.802 - INFO - FASTA - imported: id=VFIND2, length=123027, description=, genomic=True, dna=True
18:43:16.802 - INFO - MAIN - imported sequences=1
18:43:16.802 - INFO - UTILS - qc: revised sequence: id=VFIND2, orig-id=, type=contig, complete=True, topology=circular, name=, description='', orig-description=''
18:43:16.802 - INFO - FASTA - write genome sequences: path=/tmp/tmpqlq214sd/contigs.fna, description=False, wrap=False
18:43:21.823 - INFO - T_RNA - contig=VFIND2, start=1182, stop=1252, strand=+, gene=trnW, product=tRNA-Trp(cca), score=47.5, nt=[AGAGATATAT..TTTATCTCTA]
18:43:21.823 - INFO - T_RNA - contig=VFIND2, start=14294, stop=14366, strand=+, gene=trnF, product=tRNA-Phe(gaa), score=62.6, nt=[GGTTCAATAA..CTTTGAACCA]
18:43:21.823 - INFO - T_RNA - contig=VFIND2, start=19887, stop=19958, strand=+, gene=trnQ, product=tRNA-Gln(ttg), score=59.6, nt=[CGGGAAATAA..ACTTTCCCTG]
18:43:21.823 - INFO - T_RNA - contig=VFIND2, start=27825, stop=27908, strand=+, gene=trnS, product=tRNA-Ser(gct), score=52.5, nt=[GAGATATGGC..TTTGTCTCTA]
18:43:21.823 - INFO - T_RNA - contig=VFIND2, start=46019, stop=46253, strand=+, gene=None, product=tRNA-Xxx, score=50.0, nt=[AGGTCGTTAG..GCACGACCTA]
18:43:21.823 - INFO - T_RNA - contig=VFIND2, start=49336, stop=49409, strand=+, gene=trnL, product=tRNA-Leu(tag), score=51.5, nt=[GCGAGAATGG..ACTTCTCGTA]
18:43:21.823 - INFO - T_RNA - contig=VFIND2, start=49409, stop=49493, strand=+, gene=trnS, product=tRNA-Ser(aga), score=56.6, nt=[AGGTGAGATG..TTCTCTCCTA]
18:43:21.823 - INFO - T_RNA - contig=VFIND2, start=61345, stop=61417, strand=+, gene=trnV, product=tRNA-Val(tac), score=55.2, nt=[AAGCATTTAA..GCAATGCTTA]
18:43:21.823 - INFO - T_RNA - contig=VFIND2, start=63406, stop=63477, strand=+, gene=trnR, product=tRNA-Arg(acg), score=49.8, nt=[GCAACTATAG..GATAGTTGTA]
18:43:21.823 - INFO - T_RNA - contig=VFIND2, start=72724, stop=72795, strand=+, gene=trnP, product=tRNA-Pro(tgg), score=65.4, nt=[CGAAAGATAG..GTTCTTTCGA]
18:43:21.823 - INFO - T_RNA - contig=VFIND2, start=122788, stop=122860, strand=+, gene=trnM, product=tRNA-Met(cat), score=49.8, nt=[AGCGAATTAG..TGATTCGCTA]
18:43:21.823 - INFO - T_RNA - contig=VFIND2, start=122862, stop=122945, strand=+, gene=trnY, product=tRNA-Tyr(gta), score=57.0, nt=[GAAGGAATGT..ATTTCCTTCA]
18:43:21.823 - INFO - T_RNA - contig=VFIND2, start=122948, stop=123018, strand=+, gene=trnG, product=tRNA-Gly(tcc), score=53.2, nt=[GCAAATATAA..TTTTTTTGCT]
18:43:21.823 - INFO - T_RNA - contig=VFIND2, start=108893, stop=108964, strand=-, gene=trnI, product=tRNA-Ile(gat), score=62.4, nt=[AGGTCTATGG..ATTAGACCTA]
18:43:21.823 - INFO - T_RNA - contig=VFIND2, start=104695, stop=104766, strand=-, gene=trnA, product=tRNA-Ala(tgc), score=59.8, nt=[GGGGGAATAA..ATTTTCTCCA]
18:43:21.823 - INFO - T_RNA - contig=VFIND2, start=82014, stop=82086, strand=-, gene=trnD, product=tRNA-Asp(gtc), score=53.4, nt=[GAAGTGATAG..GTTCATTTCG]
18:43:21.823 - INFO - T_RNA - contig=VFIND2, start=72616, stop=72687, strand=-, gene=trnfM, product=tRNA-fMet(cat), score=59.4, nt=[TGTAGAATAG..TTTTCTACAA]
18:43:21.823 - INFO - T_RNA - contig=VFIND2, start=72429, stop=72500, strand=-, gene=trnR, product=tRNA-Arg(tct), score=49.0, nt=[CTCCTTGTAG..TGTAGGGAGA]
18:43:21.823 - INFO - T_RNA - contig=VFIND2, start=71295, stop=71366, strand=-, gene=trnV, product=tRNA-Val(aac), score=47.5, nt=[AGGCTAGTAT..ATCTTGCCTA]
18:43:21.823 - INFO - T_RNA - contig=VFIND2, start=70276, stop=70348, strand=-, gene=trnK, product=tRNA-Lys(ttt), score=66.8, nt=[AGGTTGTTAG..TTACGGCCTA]
18:43:21.823 - INFO - T_RNA - contig=VFIND2, start=63322, stop=63404, strand=-, gene=trnS, product=tRNA-Ser(tga), score=59.8, nt=[GAAGATATGA..ATTATCTTCT]
18:43:21.823 - INFO - T_RNA - contig=VFIND2, start=54375, stop=54447, strand=-, gene=trnC, product=tRNA-Cys(gca), score=46.6, nt=[GGCAAGATAA..GTTCATGCCT]
18:43:21.824 - INFO - T_RNA - contig=VFIND2, start=54153, stop=54224, strand=-, gene=trnN, product=tRNA-Asn(gtt), score=54.8, nt=[TTTCTAGTAA..AGCTAGAAAG]
18:43:21.824 - INFO - T_RNA - predicted=23
18:43:21.841 - INFO - TM_RNA - predicted=0
18:43:22.995 - INFO - R_RNA - contig=VFIND2, start=108974, stop=110460, strand=-, gene=rrs, product=16S ribosomal RNA, length=1487, coverage=0.970, truncated=None, score=1343.9, evalue=2.5e-42, nt=[AAAATTCAGA..TTTTTTAAAG]
18:43:22.995 - INFO - R_RNA - contig=VFIND2, start=106005, stop=106109, strand=-, gene=rrf, product=5S ribosomal RNA, length=105, coverage=0.882, truncated=None, score=43.2, evalue=1.0e-06, nt=[TTTGACAGCA..GTTGTCATTC]
18:43:22.995 - INFO - R_RNA - contig=VFIND2, start=106126, stop=108878, strand=-, gene=rrl, product=23S ribosomal RNA, length=2753, coverage=0.941, truncated=None, score=2371.6, evalue=3.2e-05, nt=[TGTTGATTAA..GTTCAATATT]
18:43:22.995 - INFO - R_RNA - predicted=3
18:43:23.737 - INFO - NC_RNA - predicted=0
18:43:23.954 - INFO - NC_RNA_REGION - predicted=0
18:43:23.999 - INFO - CRISPR - predicted=0
18:43:23.999 - INFO - CDS - create prodigal training info object: meta=False, closed=False
18:43:24.105 - INFO - CDS - contig=VFIND2, start=1, stop=1182, strand=+, frame=1, truncated=5-prime, start-type=Edge, RBS-motif=None
18:43:24.105 - INFO - CDS - contig=VFIND2, start=1257, stop=1634, strand=+, frame=3, truncated=no, start-type=ATG, RBS-motif=None
18:43:24.105 - INFO - CDS - contig=VFIND2, start=1627, stop=2247, strand=+, frame=1, truncated=no, start-type=ATG, RBS-motif=None
18:43:24.105 - INFO - CDS - contig=VFIND2, start=2231, stop=2680, strand=+, frame=2, truncated=no, start-type=ATG, RBS-motif=None
18:43:24.105 - INFO - CDS - contig=VFIND2, start=2658, stop=3005, strand=+, frame=3, truncated=no, start-type=ATG, RBS-motif=TTATT
18:43:24.105 - INFO - CDS - contig=VFIND2, start=3002, stop=6868, strand=+, frame=2, truncated=no, start-type=ATG, RBS-motif=None
18:43:24.105 - INFO - CDS - contig=VFIND2, start=6865, stop=10755, strand=+, frame=1, truncated=no, start-type=ATG, RBS-motif=None
18:43:24.105 - INFO - CDS - contig=VFIND2, start=10742, stop=11113, strand=+, frame=2, truncated=no, start-type=ATG, RBS-motif=None
18:43:24.105 - INFO - CDS - contig=VFIND2, start=11091, stop=11579, strand=+, frame=3, truncated=no, start-type=ATG, RBS-motif=None
18:43:24.105 - INFO - CDS - contig=VFIND2, start=11579, stop=13606, strand=+, frame=2, truncated=no, start-type=ATG, RBS-motif=None
18:43:24.105 - INFO - CDS - contig=VFIND2, start=13603, stop=13899, strand=+, frame=1, truncated=no, start-type=ATG, RBS-motif=None
18:43:24.105 - INFO - CDS - contig=VFIND2, start=13896, stop=14303, strand=+, frame=3, truncated=no, start-type=ATG, RBS-motif=None
18:43:24.105 - INFO - CDS - contig=VFIND2, start=14343, stop=14804, strand=+, frame=3, truncated=no, start-type=GTG, RBS-motif=None
18:43:24.105 - INFO - CDS - contig=VFIND2, start=14801, stop=15154, strand=+, frame=2, truncated=no, start-type=ATG, RBS-motif=None
18:43:24.105 - INFO - CDS - contig=VFIND2, start=15151, stop=15924, strand=+, frame=1, truncated=no, start-type=ATG, RBS-motif=None
18:43:24.105 - INFO - CDS - contig=VFIND2, start=15886, stop=16608, strand=-, frame=1, truncated=no, start-type=ATG, RBS-motif=None
18:43:24.105 - INFO - CDS - contig=VFIND2, start=16592, stop=17704, strand=-, frame=3, truncated=no, start-type=ATG, RBS-motif=None
18:43:24.105 - INFO - CDS - contig=VFIND2, start=17704, stop=18090, strand=-, frame=1, truncated=no, start-type=ATG, RBS-motif=None
18:43:24.105 - INFO - CDS - contig=VFIND2, start=18087, stop=18392, strand=-, frame=2, truncated=no, start-type=ATG, RBS-motif=None
18:43:24.105 - INFO - CDS - contig=VFIND2, start=18389, stop=19195, strand=-, frame=3, truncated=no, start-type=ATG, RBS-motif=None
18:43:24.105 - INFO - CDS - contig=VFIND2, start=19192, stop=19851, strand=-, frame=1, truncated=no, start-type=ATG, RBS-motif=None
18:43:24.105 - INFO - CDS - contig=VFIND2, start=19967, stop=20794, strand=+, frame=2, truncated=no, start-type=ATG, RBS-motif=None
18:43:24.105 - INFO - CDS - contig=VFIND2, start=20791, stop=21039, strand=+, frame=1, truncated=no, start-type=ATG, RBS-motif=None
18:43:24.105 - INFO - CDS - contig=VFIND2, start=21029, stop=21568, strand=-, frame=3, truncated=no, start-type=ATG, RBS-motif=ATCTT
18:43:24.105 - INFO - CDS - contig=VFIND2, start=21836, stop=22915, strand=+, frame=2, truncated=no, start-type=ATG, RBS-motif=None
18:43:24.105 - INFO - CDS - contig=VFIND2, start=22912, stop=24207, strand=-, frame=1, truncated=no, start-type=ATG, RBS-motif=None
18:43:24.105 - INFO - CDS - contig=VFIND2, start=24204, stop=24911, strand=-, frame=2, truncated=no, start-type=ATG, RBS-motif=None
18:43:24.105 - INFO - CDS - contig=VFIND2, start=24880, stop=25779, strand=-, frame=1, truncated=no, start-type=ATG, RBS-motif=None
18:43:24.105 - INFO - CDS - contig=VFIND2, start=25785, stop=26684, strand=+, frame=3, truncated=no, start-type=TTG, RBS-motif=None
18:43:24.105 - INFO - CDS - contig=VFIND2, start=26681, stop=27826, strand=+, frame=2, truncated=no, start-type=ATG, RBS-motif=None
18:43:24.105 - INFO - CDS - contig=VFIND2, start=27890, stop=28066, strand=-, frame=3, truncated=no, start-type=ATG, RBS-motif=None
18:43:24.105 - INFO - CDS - contig=VFIND2, start=28066, stop=30426, strand=-, frame=1, truncated=no, start-type=ATG, RBS-motif=None
18:43:24.105 - INFO - CDS - contig=VFIND2, start=30419, stop=30559, strand=-, frame=3, truncated=no, start-type=ATG, RBS-motif=None
18:43:24.105 - INFO - CDS - contig=VFIND2, start=30535, stop=30723, strand=-, frame=1, truncated=no, start-type=ATG, RBS-motif=None
18:43:24.105 - INFO - CDS - contig=VFIND2, start=30731, stop=32953, strand=+, frame=2, truncated=no, start-type=ATG, RBS-motif=None
18:43:24.105 - INFO - CDS - contig=VFIND2, start=33141, stop=33869, strand=+, frame=3, truncated=no, start-type=ATG, RBS-motif=None
18:43:24.105 - INFO - CDS - contig=VFIND2, start=33866, stop=35029, strand=+, frame=2, truncated=no, start-type=ATG, RBS-motif=None
18:43:24.105 - INFO - CDS - contig=VFIND2, start=35012, stop=35914, strand=-, frame=3, truncated=no, start-type=ATG, RBS-motif=None
18:43:24.105 - INFO - CDS - contig=VFIND2, start=35907, stop=36623, strand=-, frame=2, truncated=no, start-type=ATG, RBS-motif=None
18:43:24.106 - INFO - CDS - contig=VFIND2, start=36613, stop=37560, strand=-, frame=1, truncated=no, start-type=ATG, RBS-motif=TTATT
18:43:24.106 - INFO - CDS - contig=VFIND2, start=37557, stop=38129, strand=-, frame=2, truncated=no, start-type=ATG, RBS-motif=None
18:43:24.106 - INFO - CDS - contig=VFIND2, start=38126, stop=39346, strand=-, frame=3, truncated=no, start-type=ATG, RBS-motif=None
18:43:24.106 - INFO - CDS - contig=VFIND2, start=39346, stop=40725, strand=-, frame=1, truncated=no, start-type=ATG, RBS-motif=None
18:43:24.106 - INFO - CDS - contig=VFIND2, start=40989, stop=42365, strand=-, frame=2, truncated=no, start-type=ATG, RBS-motif=None
18:43:24.106 - INFO - CDS - contig=VFIND2, start=42328, stop=43317, strand=-, frame=1, truncated=no, start-type=ATG, RBS-motif=None
18:43:24.106 - INFO - CDS - contig=VFIND2, start=43319, stop=44629, strand=+, frame=2, truncated=no, start-type=ATG, RBS-motif=None
18:43:24.106 - INFO - CDS - contig=VFIND2, start=44616, stop=46028, strand=+, frame=3, truncated=no, start-type=ATG, RBS-motif=None
18:43:24.106 - INFO - CDS - contig=VFIND2, start=46255, stop=49170, strand=+, frame=1, truncated=no, start-type=ATG, RBS-motif=None
18:43:24.106 - INFO - CDS - contig=VFIND2, start=49167, stop=49379, strand=+, frame=3, truncated=no, start-type=ATG, RBS-motif=None
18:43:24.106 - INFO - CDS - contig=VFIND2, start=49501, stop=50256, strand=+, frame=1, truncated=no, start-type=ATG, RBS-motif=None
18:43:24.106 - INFO - CDS - contig=VFIND2, start=50253, stop=51236, strand=+, frame=3, truncated=no, start-type=ATG, RBS-motif=ATCTT
18:43:24.106 - INFO - CDS - contig=VFIND2, start=51233, stop=51829, strand=+, frame=2, truncated=no, start-type=ATG, RBS-motif=None
18:43:24.106 - INFO - CDS - contig=VFIND2, start=51822, stop=52979, strand=+, frame=3, truncated=no, start-type=ATG, RBS-motif=None
18:43:24.106 - INFO - CDS - contig=VFIND2, start=52976, stop=53710, strand=+, frame=2, truncated=no, start-type=ATG, RBS-motif=None
18:43:24.106 - INFO - CDS - contig=VFIND2, start=53698, stop=53952, strand=+, frame=1, truncated=no, start-type=ATG, RBS-motif=None
18:43:24.106 - INFO - CDS - contig=VFIND2, start=53933, stop=54151, strand=+, frame=2, truncated=no, start-type=ATG, RBS-motif=None
18:43:24.106 - INFO - CDS - contig=VFIND2, start=54235, stop=54402, strand=+, frame=1, truncated=no, start-type=ATG, RBS-motif=None
18:43:24.106 - INFO - CDS - contig=VFIND2, start=54514, stop=55029, strand=-, frame=1, truncated=no, start-type=ATG, RBS-motif=None
18:43:24.106 - INFO - CDS - contig=VFIND2, start=55087, stop=56091, strand=+, frame=1, truncated=no, start-type=TTG, RBS-motif=None
18:43:24.106 - INFO - CDS - contig=VFIND2, start=56084, stop=59152, strand=+, frame=2, truncated=no, start-type=ATG, RBS-motif=None
18:43:24.106 - INFO - CDS - contig=VFIND2, start=59095, stop=59643, strand=+, frame=1, truncated=no, start-type=ATG, RBS-motif=None
18:43:24.106 - INFO - CDS - contig=VFIND2, start=59640, stop=60212, strand=+, frame=3, truncated=no, start-type=ATG, RBS-motif=None
18:43:24.106 - INFO - CDS - contig=VFIND2, start=60209, stop=61354, strand=+, frame=2, truncated=no, start-type=ATG, RBS-motif=None
18:43:24.106 - INFO - CDS - contig=VFIND2, start=61427, stop=62182, strand=+, frame=2, truncated=no, start-type=ATG, RBS-motif=TTATT
18:43:24.106 - INFO - CDS - contig=VFIND2, start=62175, stop=63254, strand=+, frame=3, truncated=no, start-type=ATG, RBS-motif=None
18:43:24.106 - INFO - CDS - contig=VFIND2, start=63491, stop=64093, strand=+, frame=2, truncated=no, start-type=ATG, RBS-motif=None
18:43:24.106 - INFO - CDS - contig=VFIND2, start=64086, stop=65309, strand=+, frame=3, truncated=no, start-type=ATG, RBS-motif=None
18:43:24.106 - INFO - CDS - contig=VFIND2, start=65309, stop=66280, strand=+, frame=2, truncated=no, start-type=ATG, RBS-motif=None
18:43:24.106 - INFO - CDS - contig=VFIND2, start=66243, stop=66803, strand=+, frame=3, truncated=no, start-type=ATG, RBS-motif=None
18:43:24.106 - INFO - CDS - contig=VFIND2, start=66800, stop=67399, strand=+, frame=2, truncated=no, start-type=ATG, RBS-motif=None
18:43:24.106 - INFO - CDS - contig=VFIND2, start=67396, stop=68094, strand=+, frame=1, truncated=no, start-type=ATG, RBS-motif=None
18:43:24.106 - INFO - CDS - contig=VFIND2, start=68091, stop=68831, strand=+, frame=3, truncated=no, start-type=ATG, RBS-motif=None
18:43:24.106 - INFO - CDS - contig=VFIND2, start=68828, stop=69100, strand=+, frame=2, truncated=no, start-type=ATG, RBS-motif=None
18:43:24.106 - INFO - CDS - contig=VFIND2, start=69097, stop=69363, strand=+, frame=1, truncated=no, start-type=ATG, RBS-motif=None
18:43:24.106 - INFO - CDS - contig=VFIND2, start=69483, stop=70289, strand=+, frame=3, truncated=no, start-type=ATG, RBS-motif=None
18:43:24.106 - INFO - CDS - contig=VFIND2, start=70339, stop=70686, strand=-, frame=1, truncated=no, start-type=ATG, RBS-motif=None
18:43:24.106 - INFO - CDS - contig=VFIND2, start=70646, stop=70837, strand=-, frame=3, truncated=no, start-type=ATG, RBS-motif=None
18:43:24.106 - INFO - CDS - contig=VFIND2, start=70824, stop=71285, strand=-, frame=2, truncated=no, start-type=ATG, RBS-motif=ATCTT
18:43:24.106 - INFO - CDS - contig=VFIND2, start=71365, stop=72420, strand=-, frame=1, truncated=no, start-type=ATG, RBS-motif=None
18:43:24.106 - INFO - CDS - contig=VFIND2, start=73121, stop=73630, strand=-, frame=3, truncated=no, start-type=ATG, RBS-motif=None
18:43:24.106 - INFO - CDS - contig=VFIND2, start=73627, stop=73773, strand=-, frame=1, truncated=no, start-type=ATG, RBS-motif=None
18:43:24.106 - INFO - CDS - contig=VFIND2, start=73758, stop=74594, strand=-, frame=2, truncated=no, start-type=ATG, RBS-motif=None
18:43:24.106 - INFO - CDS - contig=VFIND2, start=74668, stop=75765, strand=+, frame=1, truncated=no, start-type=ATG, RBS-motif=ATATT
18:43:24.106 - INFO - CDS - contig=VFIND2, start=75747, stop=76532, strand=+, frame=3, truncated=no, start-type=ATG, RBS-motif=None
18:43:24.106 - INFO - CDS - contig=VFIND2, start=76529, stop=77572, strand=+, frame=2, truncated=no, start-type=ATG, RBS-motif=ATATT
18:43:24.106 - INFO - CDS - contig=VFIND2, start=77569, stop=78897, strand=-, frame=1, truncated=no, start-type=ATG, RBS-motif=None
18:43:24.106 - INFO - CDS - contig=VFIND2, start=78894, stop=80066, strand=-, frame=2, truncated=no, start-type=ATG, RBS-motif=None
18:43:24.106 - INFO - CDS - contig=VFIND2, start=80066, stop=81337, strand=-, frame=3, truncated=no, start-type=GTG, RBS-motif=None
18:43:24.106 - INFO - CDS - contig=VFIND2, start=81327, stop=81506, strand=-, frame=2, truncated=no, start-type=ATG, RBS-motif=None
18:43:24.106 - INFO - CDS - contig=VFIND2, start=81506, stop=81841, strand=-, frame=3, truncated=no, start-type=ATG, RBS-motif=None
18:43:24.106 - INFO - CDS - contig=VFIND2, start=81864, stop=82115, strand=+, frame=3, truncated=no, start-type=ATG, RBS-motif=None
18:43:24.106 - INFO - CDS - contig=VFIND2, start=82144, stop=83289, strand=-, frame=1, truncated=no, start-type=ATG, RBS-motif=None
18:43:24.106 - INFO - CDS - contig=VFIND2, start=83327, stop=84637, strand=+, frame=2, truncated=no, start-type=ATG, RBS-motif=None
18:43:24.106 - INFO - CDS - contig=VFIND2, start=84634, stop=86466, strand=+, frame=1, truncated=no, start-type=ATG, RBS-motif=None
18:43:24.106 - INFO - CDS - contig=VFIND2, start=86475, stop=86744, strand=+, frame=3, truncated=no, start-type=ATG, RBS-motif=None
18:43:24.106 - INFO - CDS - contig=VFIND2, start=86734, stop=88344, strand=+, frame=1, truncated=no, start-type=ATG, RBS-motif=None
18:43:24.106 - INFO - CDS - contig=VFIND2, start=88374, stop=89630, strand=+, frame=3, truncated=no, start-type=ATG, RBS-motif=ATCTT
18:43:24.106 - INFO - CDS - contig=VFIND2, start=89627, stop=90724, strand=+, frame=2, truncated=no, start-type=ATG, RBS-motif=TTATT
18:43:24.106 - INFO - CDS - contig=VFIND2, start=90711, stop=91772, strand=-, frame=2, truncated=no, start-type=ATG, RBS-motif=None
18:43:24.106 - INFO - CDS - contig=VFIND2, start=91896, stop=92501, strand=+, frame=3, truncated=no, start-type=ATG, RBS-motif=None
18:43:24.106 - INFO - CDS - contig=VFIND2, start=92478, stop=93482, strand=-, frame=2, truncated=no, start-type=ATG, RBS-motif=None
18:43:24.106 - INFO - CDS - contig=VFIND2, start=93482, stop=95293, strand=-, frame=3, truncated=no, start-type=ATG, RBS-motif=None
18:43:24.107 - INFO - CDS - contig=VFIND2, start=95293, stop=95718, strand=-, frame=1, truncated=no, start-type=ATG, RBS-motif=None
18:43:24.107 - INFO - CDS - contig=VFIND2, start=95755, stop=96684, strand=+, frame=1, truncated=no, start-type=ATG, RBS-motif=None
18:43:24.107 - INFO - CDS - contig=VFIND2, start=96681, stop=97676, strand=-, frame=2, truncated=no, start-type=ATG, RBS-motif=None
18:43:24.107 - INFO - CDS - contig=VFIND2, start=97673, stop=98308, strand=-, frame=3, truncated=no, start-type=ATG, RBS-motif=None
18:43:24.107 - INFO - CDS - contig=VFIND2, start=98305, stop=100437, strand=-, frame=1, truncated=no, start-type=ATG, RBS-motif=None
18:43:24.107 - INFO - CDS - contig=VFIND2, start=100424, stop=101047, strand=-, frame=3, truncated=no, start-type=ATG, RBS-motif=None
18:43:24.107 - INFO - CDS - contig=VFIND2, start=101038, stop=102231, strand=-, frame=1, truncated=no, start-type=ATG, RBS-motif=None
18:43:24.107 - INFO - CDS - contig=VFIND2, start=102197, stop=102787, strand=-, frame=3, truncated=no, start-type=ATG, RBS-motif=None
18:43:24.107 - INFO - CDS - contig=VFIND2, start=102933, stop=103340, strand=+, frame=3, truncated=no, start-type=ATG, RBS-motif=None
18:43:24.107 - INFO - CDS - contig=VFIND2, start=103332, stop=103583, strand=-, frame=2, truncated=no, start-type=ATG, RBS-motif=None
18:43:24.107 - INFO - CDS - contig=VFIND2, start=103543, stop=103893, strand=-, frame=1, truncated=no, start-type=ATG, RBS-motif=None
18:43:24.107 - INFO - CDS - contig=VFIND2, start=103890, stop=104693, strand=-, frame=2, truncated=no, start-type=ATG, RBS-motif=None
18:43:24.107 - INFO - CDS - contig=VFIND2, start=104773, stop=106005, strand=+, frame=1, truncated=no, start-type=ATG, RBS-motif=None
18:43:24.107 - INFO - CDS - contig=VFIND2, start=106307, stop=106594, strand=+, frame=2, truncated=no, start-type=ATG, RBS-motif=None
18:43:24.107 - INFO - CDS - contig=VFIND2, start=110567, stop=111001, strand=+, frame=2, truncated=no, start-type=ATG, RBS-motif=None
18:43:24.107 - INFO - CDS - contig=VFIND2, start=110982, stop=111548, strand=+, frame=3, truncated=no, start-type=ATG, RBS-motif=ATATT
18:43:24.107 - INFO - CDS - contig=VFIND2, start=111538, stop=111738, strand=+, frame=1, truncated=no, start-type=ATG, RBS-motif=None
18:43:24.107 - INFO - CDS - contig=VFIND2, start=111731, stop=112540, strand=+, frame=2, truncated=no, start-type=ATG, RBS-motif=None
18:43:24.107 - INFO - CDS - contig=VFIND2, start=112533, stop=112799, strand=+, frame=3, truncated=no, start-type=ATG, RBS-motif=None
18:43:24.107 - INFO - CDS - contig=VFIND2, start=112796, stop=113134, strand=+, frame=2, truncated=no, start-type=ATG, RBS-motif=None
18:43:24.107 - INFO - CDS - contig=VFIND2, start=113124, stop=113732, strand=+, frame=3, truncated=no, start-type=ATG, RBS-motif=ATATT
18:43:24.107 - INFO - CDS - contig=VFIND2, start=113722, stop=114132, strand=+, frame=1, truncated=no, start-type=ATG, RBS-motif=None
18:43:24.107 - INFO - CDS - contig=VFIND2, start=114129, stop=114245, strand=+, frame=3, truncated=no, start-type=ATG, RBS-motif=None
18:43:24.107 - INFO - CDS - contig=VFIND2, start=114211, stop=114438, strand=+, frame=1, truncated=no, start-type=ATG, RBS-motif=None
18:43:24.107 - INFO - CDS - contig=VFIND2, start=114435, stop=114797, strand=+, frame=3, truncated=no, start-type=ATG, RBS-motif=None
18:43:24.107 - INFO - CDS - contig=VFIND2, start=114797, stop=115342, strand=+, frame=2, truncated=no, start-type=ATG, RBS-motif=None
18:43:24.107 - INFO - CDS - contig=VFIND2, start=115342, stop=115644, strand=+, frame=1, truncated=no, start-type=ATG, RBS-motif=None
18:43:24.107 - INFO - CDS - contig=VFIND2, start=115644, stop=116012, strand=+, frame=3, truncated=no, start-type=ATG, RBS-motif=None
18:43:24.107 - INFO - CDS - contig=VFIND2, start=116012, stop=116548, strand=+, frame=2, truncated=no, start-type=ATG, RBS-motif=None
18:43:24.107 - INFO - CDS - contig=VFIND2, start=116864, stop=117295, strand=+, frame=2, truncated=no, start-type=ATG, RBS-motif=TTATT
18:43:24.107 - INFO - CDS - contig=VFIND2, start=117273, stop=117647, strand=+, frame=3, truncated=no, start-type=ATG, RBS-motif=TTATT
18:43:24.107 - INFO - CDS - contig=VFIND2, start=117644, stop=117856, strand=+, frame=2, truncated=no, start-type=ATG, RBS-motif=None
18:43:24.107 - INFO - CDS - contig=VFIND2, start=117853, stop=117966, strand=+, frame=1, truncated=no, start-type=ATG, RBS-motif=None
18:43:24.107 - INFO - CDS - contig=VFIND2, start=117963, stop=118301, strand=+, frame=3, truncated=no, start-type=ATG, RBS-motif=None
18:43:24.107 - INFO - CDS - contig=VFIND2, start=118298, stop=118639, strand=+, frame=2, truncated=no, start-type=ATG, RBS-motif=None
18:43:24.107 - INFO - CDS - contig=VFIND2, start=118636, stop=119178, strand=+, frame=1, truncated=no, start-type=ATG, RBS-motif=None
18:43:24.107 - INFO - CDS - contig=VFIND2, start=119168, stop=120043, strand=+, frame=2, truncated=no, start-type=ATG, RBS-motif=None
18:43:24.107 - INFO - CDS - contig=VFIND2, start=120033, stop=120254, strand=+, frame=3, truncated=no, start-type=ATG, RBS-motif=None
18:43:24.107 - INFO - CDS - contig=VFIND2, start=120247, stop=121365, strand=-, frame=1, truncated=no, start-type=ATG, RBS-motif=None
18:43:24.107 - INFO - CDS - contig=VFIND2, start=121547, stop=121786, strand=+, frame=2, truncated=no, start-type=TTG, RBS-motif=None
18:43:24.107 - INFO - CDS - contig=VFIND2, start=121770, stop=122801, strand=+, frame=3, truncated=no, start-type=ATG, RBS-motif=None
18:43:24.107 - INFO - CDS - contig=VFIND2, start=122927, stop=123025, strand=-, frame=3, truncated=5-prime, start-type=Edge, RBS-motif=None
18:43:24.107 - INFO - CDS - truncated CDS: contig=VFIND2, start=1, stop=1182, strand=+, frame=1, truncated=5-prime, start-type=Edge, RBS-motif=None, aa-hexdigest=2e787cea6af829b1a5ab2feba63943c5, aa=[MKKIFERSKP..TIGAGVIIDL]
18:43:24.107 - INFO - CDS - truncated CDS: contig=VFIND2, start=122927, stop=123025, strand=-, frame=3, truncated=5-prime, start-type=Edge, RBS-motif=None, aa-hexdigest=b027385db75d50746169f757fce3e91c, aa=[NFKQKKGIEP..SYICDEGNWI]
18:43:24.107 - INFO - CDS - contig=VFIND2, start=1257, stop=1634, strand=+, nt=[ATGAAAAAAA..ATATGAGTAA]
18:43:24.107 - INFO - CDS - contig=VFIND2, start=1627, stop=2247, strand=+, nt=[ATGAGTAACT..ATTTAAATAA]
18:43:24.107 - INFO - CDS - contig=VFIND2, start=2231, stop=2680, strand=+, nt=[ATGAAAAATT..AAATTTTTAA]
18:43:24.107 - INFO - CDS - contig=VFIND2, start=2658, stop=3005, strand=+, nt=[ATGAAAATAA..AATAGAATGA]
18:43:24.107 - INFO - CDS - contig=VFIND2, start=3002, stop=6868, strand=+, nt=[ATGATTTTAA..ATTAAAATGA]
18:43:24.107 - INFO - CDS - contig=VFIND2, start=6865, stop=10755, strand=+, nt=[ATGAAAAAGA..CAACAATTAA]
18:43:24.107 - INFO - CDS - contig=VFIND2, start=10742, stop=11113, strand=+, nt=[ATGTCAACAA..AAATGTCTAG]
18:43:24.107 - INFO - CDS - contig=VFIND2, start=11091, stop=11579, strand=+, nt=[ATGGAAGTAA..TGTATTTTAA]
18:43:24.107 - INFO - CDS - contig=VFIND2, start=11579, stop=13606, strand=+, nt=[ATGAAGACCA..TCACATATGA]
18:43:24.107 - INFO - CDS - contig=VFIND2, start=13603, stop=13899, strand=+, nt=[ATGATAAAAA..AAAAGAATGA]
18:43:24.107 - INFO - CDS - contig=VFIND2, start=13896, stop=14303, strand=+, nt=[ATGAAATTAT..GGTTCAATAA]
18:43:24.107 - INFO - CDS - contig=VFIND2, start=14343, stop=14804, strand=+, nt=[GTGGTTCGAG..ACTAAAATGA]
18:43:24.107 - INFO - CDS - contig=VFIND2, start=14801, stop=15154, strand=+, nt=[ATGATTTTTC..GAAAGAATGA]
18:43:24.107 - INFO - CDS - contig=VFIND2, start=15151, stop=15924, strand=+, nt=[ATGATTTTTT..AAAAATATAA]
18:43:24.107 - INFO - CDS - contig=VFIND2, start=15886, stop=16608, strand=-, nt=[ATGTTAAAAG..AATTGTATAA]
18:43:24.107 - INFO - CDS - contig=VFIND2, start=16592, stop=17704, strand=-, nt=[ATGATTTTTA..AAGAATATAA]
18:43:24.107 - INFO - CDS - contig=VFIND2, start=17704, stop=18090, strand=-, nt=[ATGATAGGAA..AAAAAGATAA]
18:43:24.107 - INFO - CDS - contig=VFIND2, start=18087, stop=18392, strand=-, nt=[ATGAATTTTA..TTTTAAATGA]
18:43:24.107 - INFO - CDS - contig=VFIND2, start=18389, stop=19195, strand=-, nt=[ATGAAGTTCA..TAAAATATGA]
18:43:24.107 - INFO - CDS - contig=VFIND2, start=19192, stop=19851, strand=-, nt=[ATGATAAAAA..CGAAAAATGA]
18:43:24.107 - INFO - CDS - contig=VFIND2, start=19967, stop=20794, strand=+, nt=[ATGTTTTTAA..TTTGCTATGA]
18:43:24.107 - INFO - CDS - contig=VFIND2, start=20791, stop=21039, strand=+, nt=[ATGATAAGAT..TAAAAATTAG]
18:43:24.107 - INFO - CDS - contig=VFIND2, start=21029, stop=21568, strand=-, nt=[ATGAATAATT..TAATTTTTAA]
18:43:24.107 - INFO - CDS - contig=VFIND2, start=21836, stop=22915, strand=+, nt=[ATGTACCTTG..TTATTTTTAA]
18:43:24.107 - INFO - CDS - contig=VFIND2, start=22912, stop=24207, strand=-, nt=[ATGAAAAAAT..TTTTAATTAA]
18:43:24.107 - INFO - CDS - contig=VFIND2, start=24204, stop=24911, strand=-, nt=[ATGATAAATT..TCATAAATGA]
18:43:24.107 - INFO - CDS - contig=VFIND2, start=24880, stop=25779, strand=-, nt=[ATGATTAAAG..ATACATTTAA]
18:43:24.107 - INFO - CDS - contig=VFIND2, start=25785, stop=26684, strand=+, nt=[TTGAAAAATT..AATAAAATGA]
18:43:24.107 - INFO - CDS - contig=VFIND2, start=26681, stop=27826, strand=+, nt=[ATGAAAATAG..TAAATTATGA]
18:43:24.107 - INFO - CDS - contig=VFIND2, start=27890, stop=28066, strand=-, nt=[ATGAATTATA..AGGGATTTGA]
18:43:24.107 - INFO - CDS - contig=VFIND2, start=28066, stop=30426, strand=-, nt=[ATGAATAATT..ATTTTTCTAA]
18:43:24.107 - INFO - CDS - contig=VFIND2, start=30419, stop=30559, strand=-, nt=[ATGGCAAAAA..ACATGAATAA]
18:43:24.107 - INFO - CDS - contig=VFIND2, start=30535, stop=30723, strand=-, nt=[ATGTTGTTTG..AAAAAAATAA]
18:43:24.107 - INFO - CDS - contig=VFIND2, start=30731, stop=32953, strand=+, nt=[ATGAATATCA..GATTAAATAA]
18:43:24.107 - INFO - CDS - contig=VFIND2, start=33141, stop=33869, strand=+, nt=[ATGATAATTG..TAAGATATGA]
18:43:24.107 - INFO - CDS - contig=VFIND2, start=33866, stop=35029, strand=+, nt=[ATGAAAAAAA..TTTTGATTAA]
18:43:24.107 - INFO - CDS - contig=VFIND2, start=35012, stop=35914, strand=-, nt=[ATGGATAAAA..AAACATTTAA]
18:43:24.108 - INFO - CDS - contig=VFIND2, start=35907, stop=36623, strand=-, nt=[ATGATTTATA..TAATGGATAA]
18:43:24.108 - INFO - CDS - contig=VFIND2, start=36613, stop=37560, strand=-, nt=[ATGAATTTCT..TGATTTATAA]
18:43:24.108 - INFO - CDS - contig=VFIND2, start=37557, stop=38129, strand=-, nt=[ATGATAATTT..TTCAAAATGA]
18:43:24.108 - INFO - CDS - contig=VFIND2, start=38126, stop=39346, strand=-, nt=[ATGTTTAAAA..CAAAAAATGA]
18:43:24.108 - INFO - CDS - contig=VFIND2, start=39346, stop=40725, strand=-, nt=[ATGAAAAAAT..TAAAATATAA]
18:43:24.108 - INFO - CDS - contig=VFIND2, start=40989, stop=42365, strand=-, nt=[ATGAAAAACT..TTCTGTTTAA]
18:43:24.108 - INFO - CDS - contig=VFIND2, start=42328, stop=43317, strand=-, nt=[ATGGCTTTTT..AAAAAGGTAA]
18:43:24.108 - INFO - CDS - contig=VFIND2, start=43319, stop=44629, strand=+, nt=[ATGAAAAAAA..AAAATTATAA]
18:43:24.108 - INFO - CDS - contig=VFIND2, start=44616, stop=46028, strand=+, nt=[ATGAAAAATT..AGGTCGTTAG]
18:43:24.108 - INFO - CDS - contig=VFIND2, start=46255, stop=49170, strand=+, nt=[ATGAAATTTT..TTATAAATGA]
18:43:24.108 - INFO - CDS - contig=VFIND2, start=49167, stop=49379, strand=+, nt=[ATGAAAAAAA..TAGGATCTAG]
18:43:24.108 - INFO - CDS - contig=VFIND2, start=49501, stop=50256, strand=+, nt=[ATGAATAGCA..TTTTAAATGA]
18:43:24.108 - INFO - CDS - contig=VFIND2, start=50253, stop=51236, strand=+, nt=[ATGATAATAG..AAATAAATGA]
18:43:24.108 - INFO - CDS - contig=VFIND2, start=51233, stop=51829, strand=+, nt=[ATGAAATTGA..AAATGTATAA]
18:43:24.108 - INFO - CDS - contig=VFIND2, start=51822, stop=52979, strand=+, nt=[ATGTATAATT..AAATATATGA]
18:43:24.108 - INFO - CDS - contig=VFIND2, start=52976, stop=53710, strand=+, nt=[ATGATAATTC..CTTAAAATAA]
18:43:24.108 - INFO - CDS - contig=VFIND2, start=53698, stop=53952, strand=+, nt=[ATGCTTAAAA..AATTAATTAA]
18:43:24.108 - INFO - CDS - contig=VFIND2, start=53933, stop=54151, strand=+, nt=[ATGATCTACA..AACACTTTGA]
18:43:24.108 - INFO - CDS - contig=VFIND2, start=54235, stop=54402, strand=+, nt=[ATGGCTGTTC..AACCTTGTAA]
18:43:24.108 - INFO - CDS - contig=VFIND2, start=54514, stop=55029, strand=-, nt=[ATGCATTATA..ATTTAGCTAG]
18:43:24.108 - INFO - CDS - contig=VFIND2, start=55087, stop=56091, strand=+, nt=[TTGGGGATAA..AAATGAATAA]
18:43:24.108 - INFO - CDS - contig=VFIND2, start=56084, stop=59152, strand=+, nt=[ATGAATAAAA..ATACAATTAA]
18:43:24.108 - INFO - CDS - contig=VFIND2, start=59095, stop=59643, strand=+, nt=[ATGTTTGATT..ATTCAAATGA]
18:43:24.108 - INFO - CDS - contig=VFIND2, start=59640, stop=60212, strand=+, nt=[ATGAAATATT..AAAAAAATGA]
18:43:24.108 - INFO - CDS - contig=VFIND2, start=60209, stop=61354, strand=+, nt=[ATGAATATGT..AAGCATTTAA]
18:43:24.108 - INFO - CDS - contig=VFIND2, start=61427, stop=62182, strand=+, nt=[ATGATATATA..AAATGAATAA]
18:43:24.108 - INFO - CDS - contig=VFIND2, start=62175, stop=63254, strand=+, nt=[ATGAATAAAA..TAATACCTAA]
18:43:24.108 - INFO - CDS - contig=VFIND2, start=63491, stop=64093, strand=+, nt=[ATGATTTTAT..AAATGATTAA]
18:43:24.108 - INFO - CDS - contig=VFIND2, start=64086, stop=65309, strand=+, nt=[ATGATTAAAA..TAGAATATAA]
18:43:24.108 - INFO - CDS - contig=VFIND2, start=65309, stop=66280, strand=+, nt=[ATGAAAAAAA..GCGAAACTGA]
18:43:24.108 - INFO - CDS - contig=VFIND2, start=66243, stop=66803, strand=+, nt=[ATGAAATTCA..TACGAAATGA]
18:43:24.108 - INFO - CDS - contig=VFIND2, start=66800, stop=67399, strand=+, nt=[ATGATAGTGG..AAAATTATGA]
18:43:24.108 - INFO - CDS - contig=VFIND2, start=67396, stop=68094, strand=+, nt=[ATGAAAATAA..AATAATATGA]
18:43:24.108 - INFO - CDS - contig=VFIND2, start=68091, stop=68831, strand=+, nt=[ATGATTTACA..TATAAGATGA]
18:43:24.108 - INFO - CDS - contig=VFIND2, start=68828, stop=69100, strand=+, nt=[ATGATTTATC..TTTTAAATGA]
18:43:24.108 - INFO - CDS - contig=VFIND2, start=69097, stop=69363, strand=+, nt=[ATGATAAAAT..TAAAAAATAA]
18:43:24.108 - INFO - CDS - contig=VFIND2, start=69483, stop=70289, strand=+, nt=[ATGAATTATA..CCGTAAGTGA]
18:43:24.108 - INFO - CDS - contig=VFIND2, start=70339, stop=70686, strand=-, nt=[ATGTCAAGAG..AGGTTGTTAG]
18:43:24.108 - INFO - CDS - contig=VFIND2, start=70646, stop=70837, strand=-, nt=[ATGATAAAGT..AAAAACATAA]
18:43:24.108 - INFO - CDS - contig=VFIND2, start=70824, stop=71285, strand=-, nt=[ATGATAAAAT..TAAAGTTTAA]
18:43:24.108 - INFO - CDS - contig=VFIND2, start=71365, stop=72420, strand=-, nt=[ATGAATATAA..TTTTTTTTAG]
18:43:24.108 - INFO - CDS - contig=VFIND2, start=73121, stop=73630, strand=-, nt=[ATGAATAGAA..TTCTTCTTAA]
18:43:24.108 - INFO - CDS - contig=VFIND2, start=73627, stop=73773, strand=-, nt=[ATGTCTAAAT..AATAAGATGA]
18:43:24.108 - INFO - CDS - contig=VFIND2, start=73758, stop=74594, strand=-, nt=[ATGAAAAATT..AAATTTTTAA]
18:43:24.108 - INFO - CDS - contig=VFIND2, start=74668, stop=75765, strand=+, nt=[ATGAATAAAG..AAAAAAATAA]
18:43:24.108 - INFO - CDS - contig=VFIND2, start=75747, stop=76532, strand=+, nt=[ATGTTTGAAA..ATTAAGATGA]
18:43:24.108 - INFO - CDS - contig=VFIND2, start=76529, stop=77572, strand=+, nt=[ATGATAAGTT..TATATCTTAA]
18:43:24.108 - INFO - CDS - contig=VFIND2, start=77569, stop=78897, strand=-, nt=[ATGAAATATT..TAGAAATTAA]
18:43:24.108 - INFO - CDS - contig=VFIND2, start=78894, stop=80066, strand=-, nt=[ATGAATAATA..TTTTAAATGA]
18:43:24.108 - INFO - CDS - contig=VFIND2, start=80066, stop=81337, strand=-, nt=[GTGATCAATA..ATTTATTTAA]
18:43:24.108 - INFO - CDS - contig=VFIND2, start=81327, stop=81506, strand=-, nt=[ATGTATTATA..TGATCAATAA]
18:43:24.108 - INFO - CDS - contig=VFIND2, start=81506, stop=81841, strand=-, nt=[ATGTCTATAA..TATAGAATAA]
18:43:24.108 - INFO - CDS - contig=VFIND2, start=81864, stop=82115, strand=+, nt=[ATGTTAATAT..ACCCTTATAA]
18:43:24.108 - INFO - CDS - contig=VFIND2, start=82144, stop=83289, strand=-, nt=[ATGCATATTG..TTTTATCTAA]
18:43:24.108 - INFO - CDS - contig=VFIND2, start=83327, stop=84637, strand=+, nt=[ATGATTAAAA..AGGAAAATGA]
18:43:24.108 - INFO - CDS - contig=VFIND2, start=84634, stop=86466, strand=+, nt=[ATGAAATTTA..TAGGTTATAA]
18:43:24.108 - INFO - CDS - contig=VFIND2, start=86475, stop=86744, strand=+, nt=[ATGAAAAATA..TGTCTTATAA]
18:43:24.108 - INFO - CDS - contig=VFIND2, start=86734, stop=88344, strand=+, nt=[ATGTCTTATA..AAATTTATAA]
18:43:24.108 - INFO - CDS - contig=VFIND2, start=88374, stop=89630, strand=+, nt=[ATGAATATTT..TTTTATATGA]
18:43:24.108 - INFO - CDS - contig=VFIND2, start=89627, stop=90724, strand=+, nt=[ATGAAAAAGT..TAAACTATAG]
18:43:24.108 - INFO - CDS - contig=VFIND2, start=90711, stop=91772, strand=-, nt=[ATGATTATTT..AGTTTACTGA]
18:43:24.108 - INFO - CDS - contig=VFIND2, start=91896, stop=92501, strand=+, nt=[ATGTATATAG..AGTTTTTTAA]
18:43:24.108 - INFO - CDS - contig=VFIND2, start=92478, stop=93482, strand=-, nt=[ATGTTGGAAA..CGAGAAATAA]
18:43:24.108 - INFO - CDS - contig=VFIND2, start=93482, stop=95293, strand=-, nt=[ATGACAAAAA..CAATAAATAA]
18:43:24.108 - INFO - CDS - contig=VFIND2, start=95293, stop=95718, strand=-, nt=[ATGAAAAATA..TACTATTTAA]
18:43:24.108 - INFO - CDS - contig=VFIND2, start=95755, stop=96684, strand=+, nt=[ATGAATAAAA..TTATTATTAA]
18:43:24.108 - INFO - CDS - contig=VFIND2, start=96681, stop=97676, strand=-, nt=[ATGAAAATAT..GGTGATTTAA]
18:43:24.108 - INFO - CDS - contig=VFIND2, start=97673, stop=98308, strand=-, nt=[ATGATAAAAA..TATTCAATGA]
18:43:24.108 - INFO - CDS - contig=VFIND2, start=98305, stop=100437, strand=-, nt=[ATGACGATTT..AACTGAATGA]
18:43:24.108 - INFO - CDS - contig=VFIND2, start=100424, stop=101047, strand=-, nt=[ATGTCAGTAA..CGATTTGTAA]
18:43:24.108 - INFO - CDS - contig=VFIND2, start=101038, stop=102231, strand=-, nt=[ATGAAAAAAT..ATGTCAGTAA]
18:43:24.108 - INFO - CDS - contig=VFIND2, start=102197, stop=102787, strand=-, nt=[ATGTTATATT..ACAAACCTAA]
18:43:24.108 - INFO - CDS - contig=VFIND2, start=102933, stop=103340, strand=+, nt=[ATGAAAAAAA..ATTAAATTAA]
18:43:24.108 - INFO - CDS - contig=VFIND2, start=103332, stop=103583, strand=-, nt=[ATGGCAAAGA..ATTAATTTAA]
18:43:24.108 - INFO - CDS - contig=VFIND2, start=103543, stop=103893, strand=-, nt=[ATGATAGAAA..AGAACGGTAG]
18:43:24.108 - INFO - CDS - contig=VFIND2, start=103890, stop=104693, strand=-, nt=[ATGATAAAAA..AAAAAAATGA]
18:43:24.108 - INFO - CDS - contig=VFIND2, start=104773, stop=106005, strand=+, nt=[ATGAAGTTAA..AAAAATATAG]
18:43:24.108 - INFO - CDS - contig=VFIND2, start=106307, stop=106594, strand=+, nt=[ATGAAACAAC..TAAGCGATAG]
18:43:24.108 - INFO - CDS - contig=VFIND2, start=110567, stop=111001, strand=+, nt=[ATGAATTACT..TGAATTTTAA]
18:43:24.108 - INFO - CDS - contig=VFIND2, start=110982, stop=111548, strand=+, nt=[ATGAAAATTT..TGAAAATTGA]
18:43:24.108 - INFO - CDS - contig=VFIND2, start=111538, stop=111738, strand=+, nt=[ATGAAAATTG..TTATGATTAA]
18:43:24.108 - INFO - CDS - contig=VFIND2, start=111731, stop=112540, strand=+, nt=[ATGATTAAAA..AAATGTCTAA]
18:43:24.108 - INFO - CDS - contig=VFIND2, start=112533, stop=112799, strand=+, nt=[ATGTCTAAAT..TATTAAATGA]
18:43:24.108 - INFO - CDS - contig=VFIND2, start=112796, stop=113134, strand=+, nt=[ATGAAAATTT..TGGGAAATAA]
18:43:24.108 - INFO - CDS - contig=VFIND2, start=113124, stop=113732, strand=+, nt=[ATGGGAAATA..TGATATCTAA]
18:43:24.108 - INFO - CDS - contig=VFIND2, start=113722, stop=114132, strand=+, nt=[ATGATATCTA..AAATCTATGA]
18:43:24.108 - INFO - CDS - contig=VFIND2, start=114129, stop=114245, strand=+, nt=[ATGAATAATA..TAAGTTCTAA]
18:43:24.108 - INFO - CDS - contig=VFIND2, start=114211, stop=114438, strand=+, nt=[ATGTTGTTAG..AAGCAAATGA]
18:43:24.108 - INFO - CDS - contig=VFIND2, start=114435, stop=114797, strand=+, nt=[ATGATATACA..TACTATATAA]
18:43:24.108 - INFO - CDS - contig=VFIND2, start=114797, stop=115342, strand=+, nt=[ATGTATTGTC..ATTTGTTTAA]
18:43:24.108 - INFO - CDS - contig=VFIND2, start=115342, stop=115644, strand=+, nt=[ATGTCAAAAA..TAGTTGGTAA]
18:43:24.108 - INFO - CDS - contig=VFIND2, start=115644, stop=116012, strand=+, nt=[ATGAACGATT..TTCTATATAA]
18:43:24.108 - INFO - CDS - contig=VFIND2, start=116012, stop=116548, strand=+, nt=[ATGTCAAAAA..AAAAAAATGA]
18:43:24.108 - INFO - CDS - contig=VFIND2, start=116864, stop=117295, strand=+, nt=[ATGATAAAAA..TATTTTTTAA]
18:43:24.108 - INFO - CDS - contig=VFIND2, start=117273, stop=117647, strand=+, nt=[ATGATAAAAG..TTGTAAATGA]
18:43:24.108 - INFO - CDS - contig=VFIND2, start=117644, stop=117856, strand=+, nt=[ATGAAAAAAA..AATGAAATGA]
18:43:24.108 - INFO - CDS - contig=VFIND2, start=117853, stop=117966, strand=+, nt=[ATGAAAGTTC..ACAAGGATGA]
18:43:24.108 - INFO - CDS - contig=VFIND2, start=117963, stop=118301, strand=+, nt=[ATGAATATAT..TTTAGGATGA]
18:43:24.108 - INFO - CDS - contig=VFIND2, start=118298, stop=118639, strand=+, nt=[ATGAAATATT..AAGAGTATGA]
18:43:24.108 - INFO - CDS - contig=VFIND2, start=118636, stop=119178, strand=+, nt=[ATGAAAAGAG..TGAATACTAA]
18:43:24.108 - INFO - CDS - contig=VFIND2, start=119168, stop=120043, strand=+, nt=[ATGAATACTA..TGAGACATAG]
18:43:24.108 - INFO - CDS - contig=VFIND2, start=120033, stop=120254, strand=+, nt=[ATGAGACATA..TTCTAGATAA]
18:43:24.108 - INFO - CDS - contig=VFIND2, start=120247, stop=121365, strand=-, nt=[ATGAAAAAAA..ATTTATCTAG]
18:43:24.108 - INFO - CDS - contig=VFIND2, start=121547, stop=121786, strand=+, nt=[TTGAGAATAT..TAAAAAATAA]
18:43:24.108 - INFO - CDS - contig=VFIND2, start=121770, stop=122801, strand=+, nt=[ATGAGAATAA..AATTAGTTAA]
18:43:24.108 - INFO - CDS - contig=VFIND2, start=1, stop=1182, strand=+, nt=[ATGAAAAAAA..AGACCTTTAA]
18:43:24.108 - INFO - CDS - contig=VFIND2, start=122927, stop=123025, strand=-, nt=[AATTTTAAGC..TTGGATTTGA]
18:43:24.124 - INFO - CDS - predicted=144
18:43:24.137 - INFO - ORF - discard spurious: contig=VFIND2, start=106307, stop=106594, strand=+, homology=Spurious_ORF_05, evalue=4.6e-46, bitscore=148.498566
18:43:24.150 - INFO - ORF - discarded=1
18:43:24.204 - INFO - UPS - looked-up=0
18:43:24.205 - INFO - IPS - looked-up=0
18:43:24.205 - INFO - ORF - write internal aa seqs: # seqs=143, path=/tmp/tmpqlq214sd/cds.psc.faa
18:44:08.723 - INFO - PSC - found: PSC=0, PSCC=29
18:44:08.739 - INFO - PSC - looked-up=29
18:44:08.746 - INFO - PSCC - looked-up=23
18:44:08.746 - INFO - ORF - write internal aa seqs: # seqs=143, path=/tmp/tmpqlq214sd/cds.expert.faa
18:44:09.415 - INFO - EXPERT-AMRFINDER - found=0
18:44:09.974 - INFO - EXPERT_AA_SEQ - found=0
18:44:09.974 - INFO - ANNOTATION - marked as hypothetical: contig=VFIND2, start=1257, stop=1634, strand=+
18:44:09.975 - INFO - ANNOTATION - marked as hypothetical: contig=VFIND2, start=1627, stop=2247, strand=+
18:44:09.975 - INFO - ANNOTATION - marked as hypothetical: contig=VFIND2, start=2231, stop=2680, strand=+
18:44:09.975 - INFO - ANNOTATION - marked as hypothetical: contig=VFIND2, start=2658, stop=3005, strand=+
18:44:09.975 - INFO - ANNOTATION - marked as hypothetical: contig=VFIND2, start=3002, stop=6868, strand=+
18:44:09.975 - INFO - ANNOTATION - marked as hypothetical: contig=VFIND2, start=6865, stop=10755, strand=+
18:44:09.975 - INFO - ANNOTATION - marked as hypothetical: contig=VFIND2, start=10742, stop=11113, strand=+
18:44:09.975 - INFO - ANNOTATION - marked as hypothetical: contig=VFIND2, start=11091, stop=11579, strand=+
18:44:09.975 - INFO - ANNOTATION - marked as hypothetical: contig=VFIND2, start=13603, stop=13899, strand=+
18:44:09.975 - INFO - ANNOTATION - marked as hypothetical: contig=VFIND2, start=13896, stop=14303, strand=+
18:44:09.975 - INFO - ANNOTATION - marked as hypothetical: contig=VFIND2, start=14343, stop=14804, strand=+
18:44:09.975 - INFO - ANNOTATION - marked as hypothetical: contig=VFIND2, start=14801, stop=15154, strand=+
18:44:09.975 - INFO - ANNOTATION - marked as hypothetical: contig=VFIND2, start=15151, stop=15924, strand=+
18:44:09.975 - INFO - ANNOTATION - marked as hypothetical: contig=VFIND2, start=15886, stop=16608, strand=-
18:44:09.975 - INFO - ANNOTATION - marked as hypothetical: contig=VFIND2, start=16592, stop=17704, strand=-
18:44:09.975 - INFO - ANNOTATION - marked as hypothetical: contig=VFIND2, start=18087, stop=18392, strand=-
18:44:09.975 - INFO - ANNOTATION - marked as hypothetical: contig=VFIND2, start=18389, stop=19195, strand=-
18:44:09.975 - INFO - ANNOTATION - marked as hypothetical: contig=VFIND2, start=19192, stop=19851, strand=-
18:44:09.975 - INFO - ANNOTATION - marked as hypothetical: contig=VFIND2, start=19967, stop=20794, strand=+
18:44:09.975 - INFO - ANNOTATION - marked as hypothetical: contig=VFIND2, start=20791, stop=21039, strand=+
18:44:09.975 - INFO - ANNOTATION - marked as hypothetical: contig=VFIND2, start=21029, stop=21568, strand=-
18:44:09.975 - INFO - ANNOTATION - marked as hypothetical: contig=VFIND2, start=21836, stop=22915, strand=+
18:44:09.975 - INFO - ANNOTATION - marked as hypothetical: contig=VFIND2, start=22912, stop=24207, strand=-
18:44:09.975 - INFO - ANNOTATION - marked as hypothetical: contig=VFIND2, start=24204, stop=24911, strand=-
18:44:09.975 - INFO - ANNOTATION - marked as hypothetical: contig=VFIND2, start=24880, stop=25779, strand=-
18:44:09.975 - INFO - ANNOTATION - marked as hypothetical: contig=VFIND2, start=25785, stop=26684, strand=+
18:44:09.975 - INFO - ANNOTATION - marked as hypothetical: contig=VFIND2, start=26681, stop=27826, strand=+
18:44:09.975 - INFO - ANNOTATION - marked as hypothetical: contig=VFIND2, start=27890, stop=28066, strand=-
18:44:09.975 - INFO - ANNOTATION - marked as hypothetical: contig=VFIND2, start=28066, stop=30426, strand=-
18:44:09.975 - INFO - ANNOTATION - marked as hypothetical: contig=VFIND2, start=30419, stop=30559, strand=-
18:44:09.975 - INFO - ANNOTATION - marked as hypothetical: contig=VFIND2, start=30535, stop=30723, strand=-
18:44:09.975 - INFO - ANNOTATION - marked as hypothetical: contig=VFIND2, start=30731, stop=32953, strand=+
18:44:09.975 - INFO - ANNOTATION - marked as hypothetical: contig=VFIND2, start=33141, stop=33869, strand=+
18:44:09.975 - INFO - ANNOTATION - marked as hypothetical: contig=VFIND2, start=33866, stop=35029, strand=+
18:44:09.975 - INFO - ANNOTATION - marked as hypothetical: contig=VFIND2, start=35012, stop=35914, strand=-
18:44:09.975 - INFO - ANNOTATION - marked as hypothetical: contig=VFIND2, start=35907, stop=36623, strand=-
18:44:09.975 - INFO - ANNOTATION - marked as hypothetical: contig=VFIND2, start=36613, stop=37560, strand=-
18:44:09.975 - INFO - ANNOTATION - marked as hypothetical: contig=VFIND2, start=37557, stop=38129, strand=-
18:44:09.975 - INFO - ANNOTATION - marked as hypothetical: contig=VFIND2, start=38126, stop=39346, strand=-
18:44:09.975 - INFO - ANNOTATION - marked as hypothetical: contig=VFIND2, start=39346, stop=40725, strand=-
18:44:09.975 - INFO - ANNOTATION - marked as hypothetical: contig=VFIND2, start=40989, stop=42365, strand=-
18:44:09.975 - INFO - ANNOTATION - marked as hypothetical: contig=VFIND2, start=42328, stop=43317, strand=-
18:44:09.975 - INFO - ANNOTATION - marked as hypothetical: contig=VFIND2, start=43319, stop=44629, strand=+
18:44:09.975 - INFO - ANNOTATION - marked as hypothetical: contig=VFIND2, start=44616, stop=46028, strand=+
18:44:09.975 - INFO - ANNOTATION - marked as hypothetical: contig=VFIND2, start=46255, stop=49170, strand=+
18:44:09.975 - INFO - ANNOTATION - marked as hypothetical: contig=VFIND2, start=49167, stop=49379, strand=+
18:44:09.975 - INFO - ANNOTATION - marked as hypothetical: contig=VFIND2, start=49501, stop=50256, strand=+
18:44:09.975 - INFO - ANNOTATION - marked as hypothetical: contig=VFIND2, start=51233, stop=51829, strand=+
18:44:09.975 - INFO - ANNOTATION - marked as hypothetical: contig=VFIND2, start=51822, stop=52979, strand=+
18:44:09.975 - INFO - ANNOTATION - marked as hypothetical: contig=VFIND2, start=52976, stop=53710, strand=+
18:44:09.975 - INFO - ANNOTATION - marked as hypothetical: contig=VFIND2, start=53698, stop=53952, strand=+
18:44:09.975 - INFO - ANNOTATION - marked as hypothetical: contig=VFIND2, start=53933, stop=54151, strand=+
18:44:09.975 - INFO - ANNOTATION - marked as hypothetical: contig=VFIND2, start=54235, stop=54402, strand=+
18:44:09.975 - INFO - ANNOTATION - marked as hypothetical: contig=VFIND2, start=54514, stop=55029, strand=-
18:44:09.975 - INFO - ANNOTATION - marked as hypothetical: contig=VFIND2, start=55087, stop=56091, strand=+
18:44:09.975 - INFO - ANNOTATION - marked as hypothetical: contig=VFIND2, start=56084, stop=59152, strand=+
18:44:09.975 - INFO - ANNOTATION - marked as hypothetical: contig=VFIND2, start=59095, stop=59643, strand=+
18:44:09.975 - INFO - ANNOTATION - fix gene: extract symbol from protein name. symbol=clpX
18:44:09.975 - INFO - ANNOTATION - marked as hypothetical: contig=VFIND2, start=61427, stop=62182, strand=+
18:44:09.975 - INFO - ANNOTATION - marked as hypothetical: contig=VFIND2, start=62175, stop=63254, strand=+
18:44:09.976 - INFO - ANNOTATION - marked as hypothetical: contig=VFIND2, start=63491, stop=64093, strand=+
18:44:09.976 - INFO - ANNOTATION - marked as hypothetical: contig=VFIND2, start=64086, stop=65309, strand=+
18:44:09.976 - INFO - ANNOTATION - marked as hypothetical: contig=VFIND2, start=65309, stop=66280, strand=+
18:44:09.976 - INFO - ANNOTATION - marked as hypothetical: contig=VFIND2, start=66800, stop=67399, strand=+
18:44:09.976 - INFO - ANNOTATION - marked as hypothetical: contig=VFIND2, start=67396, stop=68094, strand=+
18:44:09.976 - INFO - ANNOTATION - marked as hypothetical: contig=VFIND2, start=68828, stop=69100, strand=+
18:44:09.976 - INFO - ANNOTATION - marked as hypothetical: contig=VFIND2, start=69097, stop=69363, strand=+
18:44:09.976 - INFO - ANNOTATION - marked as hypothetical: contig=VFIND2, start=69483, stop=70289, strand=+
18:44:09.976 - INFO - ANNOTATION - marked as hypothetical: contig=VFIND2, start=70646, stop=70837, strand=-
18:44:09.976 - INFO - ANNOTATION - marked as hypothetical: contig=VFIND2, start=70824, stop=71285, strand=-
18:44:09.976 - INFO - ANNOTATION - marked as hypothetical: contig=VFIND2, start=73121, stop=73630, strand=-
18:44:09.976 - INFO - ANNOTATION - marked as hypothetical: contig=VFIND2, start=73627, stop=73773, strand=-
18:44:09.976 - INFO - ANNOTATION - marked as hypothetical: contig=VFIND2, start=73758, stop=74594, strand=-
18:44:09.976 - INFO - ANNOTATION - marked as hypothetical: contig=VFIND2, start=74668, stop=75765, strand=+
18:44:09.976 - INFO - ANNOTATION - marked as hypothetical: contig=VFIND2, start=76529, stop=77572, strand=+
18:44:09.976 - INFO - ANNOTATION - marked as hypothetical: contig=VFIND2, start=77569, stop=78897, strand=-
18:44:09.976 - INFO - ANNOTATION - marked as hypothetical: contig=VFIND2, start=78894, stop=80066, strand=-
18:44:09.976 - INFO - ANNOTATION - marked as hypothetical: contig=VFIND2, start=80066, stop=81337, strand=-
18:44:09.976 - INFO - ANNOTATION - marked as hypothetical: contig=VFIND2, start=81327, stop=81506, strand=-
18:44:09.976 - INFO - ANNOTATION - marked as hypothetical: contig=VFIND2, start=81506, stop=81841, strand=-
18:44:09.976 - INFO - ANNOTATION - marked as hypothetical: contig=VFIND2, start=81864, stop=82115, strand=+
18:44:09.976 - INFO - ANNOTATION - marked as hypothetical: contig=VFIND2, start=82144, stop=83289, strand=-
18:44:09.976 - INFO - ANNOTATION - marked as hypothetical: contig=VFIND2, start=83327, stop=84637, strand=+
18:44:09.976 - INFO - ANNOTATION - marked as hypothetical: contig=VFIND2, start=84634, stop=86466, strand=+
18:44:09.976 - INFO - ANNOTATION - marked as hypothetical: contig=VFIND2, start=86475, stop=86744, strand=+
18:44:09.976 - INFO - ANNOTATION - marked as hypothetical: contig=VFIND2, start=88374, stop=89630, strand=+
18:44:09.976 - INFO - ANNOTATION - marked as hypothetical: contig=VFIND2, start=89627, stop=90724, strand=+
18:44:09.976 - INFO - ANNOTATION - marked as hypothetical: contig=VFIND2, start=90711, stop=91772, strand=-
18:44:09.976 - INFO - ANNOTATION - marked as hypothetical: contig=VFIND2, start=91896, stop=92501, strand=+
18:44:09.976 - INFO - ANNOTATION - marked as hypothetical: contig=VFIND2, start=92478, stop=93482, strand=-
18:44:09.976 - INFO - ANNOTATION - fix gene: extract symbol from protein name. symbol=dnaK
18:44:09.976 - INFO - ANNOTATION - marked as hypothetical: contig=VFIND2, start=95293, stop=95718, strand=-
18:44:09.976 - INFO - ANNOTATION - marked as hypothetical: contig=VFIND2, start=95755, stop=96684, strand=+
18:44:09.976 - INFO - ANNOTATION - marked as hypothetical: contig=VFIND2, start=96681, stop=97676, strand=-
18:44:09.976 - INFO - ANNOTATION - marked as hypothetical: contig=VFIND2, start=97673, stop=98308, strand=-
18:44:09.976 - INFO - ANNOTATION - marked as hypothetical: contig=VFIND2, start=98305, stop=100437, strand=-
18:44:09.976 - INFO - ANNOTATION - marked as hypothetical: contig=VFIND2, start=100424, stop=101047, strand=-
18:44:09.976 - INFO - ANNOTATION - marked as hypothetical: contig=VFIND2, start=102197, stop=102787, strand=-
18:44:09.976 - INFO - ANNOTATION - marked as hypothetical: contig=VFIND2, start=103332, stop=103583, strand=-
18:44:09.976 - INFO - ANNOTATION - marked as hypothetical: contig=VFIND2, start=103543, stop=103893, strand=-
18:44:09.976 - INFO - ANNOTATION - marked as hypothetical: contig=VFIND2, start=103890, stop=104693, strand=-
18:44:09.976 - INFO - ANNOTATION - marked as hypothetical: contig=VFIND2, start=110567, stop=111001, strand=+
18:44:09.976 - INFO - ANNOTATION - marked as hypothetical: contig=VFIND2, start=110982, stop=111548, strand=+
18:44:09.976 - INFO - ANNOTATION - marked as hypothetical: contig=VFIND2, start=111538, stop=111738, strand=+
18:44:09.976 - INFO - ANNOTATION - marked as hypothetical: contig=VFIND2, start=112796, stop=113134, strand=+
18:44:09.976 - INFO - ANNOTATION - marked as hypothetical: contig=VFIND2, start=113124, stop=113732, strand=+
18:44:09.976 - INFO - ANNOTATION - marked as hypothetical: contig=VFIND2, start=114129, stop=114245, strand=+
18:44:09.976 - INFO - ANNOTATION - marked as hypothetical: contig=VFIND2, start=114211, stop=114438, strand=+
18:44:09.976 - INFO - ANNOTATION - marked as hypothetical: contig=VFIND2, start=115342, stop=115644, strand=+
18:44:09.976 - INFO - ANNOTATION - marked as hypothetical: contig=VFIND2, start=115644, stop=116012, strand=+
18:44:09.976 - INFO - ANNOTATION - marked as hypothetical: contig=VFIND2, start=116012, stop=116548, strand=+
18:44:09.976 - INFO - ANNOTATION - marked as hypothetical: contig=VFIND2, start=116864, stop=117295, strand=+
18:44:09.976 - INFO - ANNOTATION - marked as hypothetical: contig=VFIND2, start=117273, stop=117647, strand=+
18:44:09.976 - INFO - ANNOTATION - marked as hypothetical: contig=VFIND2, start=117853, stop=117966, strand=+
18:44:09.976 - INFO - ANNOTATION - marked as hypothetical: contig=VFIND2, start=118636, stop=119178, strand=+
18:44:09.976 - INFO - ANNOTATION - marked as hypothetical: contig=VFIND2, start=119168, stop=120043, strand=+
18:44:09.976 - INFO - ANNOTATION - marked as hypothetical: contig=VFIND2, start=120033, stop=120254, strand=+
18:44:09.976 - INFO - ANNOTATION - marked as hypothetical: contig=VFIND2, start=120247, stop=121365, strand=-
18:44:09.976 - INFO - ANNOTATION - marked as hypothetical: contig=VFIND2, start=121547, stop=121786, strand=+
18:44:09.976 - INFO - ANNOTATION - marked as hypothetical: contig=VFIND2, start=121770, stop=122801, strand=+
18:44:09.976 - INFO - ANNOTATION - marked as hypothetical: contig=VFIND2, start=1, stop=1182, strand=+
18:44:09.976 - INFO - ANNOTATION - marked as hypothetical: contig=VFIND2, start=122927, stop=123025, strand=-
18:44:09.976 - INFO - ORF - write internal aa seqs: # seqs=118, path=/tmp/tmpqlq214sd/cds.pseudo.candidates.faa
18:44:59.390 - INFO - CDS - found: pseudogene-candidates=0
18:44:59.390 - INFO - PSC - looked-up=0
18:44:59.390 - INFO - PSCC - looked-up=0
18:44:59.414 - INFO - CDS - pfam detected: contig=VFIND2, start=62175, stop=63254, strand=+, pfam-id=PF00004.32, length=158, aa-start=40, aa-stop=172, aa-cov=0.4, hmm-cov=0.8, evalue=2.4e-08, bitscore=27.4, name=AAA
18:44:59.418 - INFO - CDS - pfam detected: contig=VFIND2, start=80066, stop=81337, strand=-, pfam-id=PF13481.9, length=198, aa-start=173, aa-stop=351, aa-cov=0.4, hmm-cov=0.9, evalue=1.7e-12, bitscore=40.2, name=AAA_25
18:44:59.436 - INFO - CDS - pfam detected: contig=VFIND2, start=120247, stop=121365, strand=-, pfam-id=PF01168.23, length=203, aa-start=23, aa-stop=219, aa-cov=0.5, hmm-cov=0.9, evalue=1.2e-08, bitscore=27.8, name=Ala_racemase_N
18:44:59.442 - INFO - CDS - pfam detected: contig=VFIND2, start=74668, stop=75765, strand=+, pfam-id=PF04864.16, length=160, aa-start=90, aa-stop=248, aa-cov=0.4, hmm-cov=0.9, evalue=4.0e-10, bitscore=32.0, name=Alliinase_C
18:44:59.446 - INFO - CDS - pfam detected: contig=VFIND2, start=74668, stop=75765, strand=+, pfam-id=PF00155.24, length=321, aa-start=40, aa-stop=340, aa-cov=0.8, hmm-cov=1.0, evalue=7.3e-39, bitscore=126.8, name=Aminotran_1_2
18:44:59.446 - INFO - CDS - pfam detected: contig=VFIND2, start=65309, stop=66280, strand=+, pfam-id=PF00155.24, length=325, aa-start=27, aa-stop=307, aa-cov=0.9, hmm-cov=1.0, evalue=1.1e-22, bitscore=73.6, name=Aminotran_1_2
18:44:59.446 - INFO - CDS - pfam detected: contig=VFIND2, start=21836, stop=22915, strand=+, pfam-id=PF00155.24, length=192, aa-start=39, aa-stop=199, aa-cov=0.4, hmm-cov=1.0, evalue=1.2e-08, bitscore=27.4, name=Aminotran_1_2
18:44:59.448 - INFO - CDS - pfam detected: contig=VFIND2, start=21836, stop=22915, strand=+, pfam-id=PF00266.22, length=384, aa-start=2, aa-stop=342, aa-cov=0.9, hmm-cov=1.0, evalue=8.0e-49, bitscore=159.4, name=Aminotran_5
18:44:59.450 - INFO - CDS - pfam detected: contig=VFIND2, start=28066, stop=30426, strand=-, pfam-id=PF08264.16, length=153, aa-start=568, aa-stop=710, aa-cov=0.2, hmm-cov=1.0, evalue=5.2e-22, bitscore=71.4, name=Anticodon_1
18:44:59.459 - INFO - CDS - pfam detected: contig=VFIND2, start=39346, stop=40725, strand=-, pfam-id=PF14698.9, length=52, aa-start=358, aa-stop=409, aa-cov=0.1, hmm-cov=1.0, evalue=3.3e-15, bitscore=49.6, name=ASL_C2
18:44:59.462 - INFO - CDS - pfam detected: contig=VFIND2, start=80066, stop=81337, strand=-, pfam-id=PF06745.16, length=192, aa-start=176, aa-stop=364, aa-cov=0.4, hmm-cov=0.9, evalue=1.1e-09, bitscore=30.9, name=ATPase
18:44:59.463 - INFO - CDS - pfam detected: contig=VFIND2, start=56084, stop=59152, strand=+, pfam-id=PF15632.9, length=104, aa-start=733, aa-stop=836, aa-cov=0.1, hmm-cov=0.8, evalue=2.2e-12, bitscore=39.8, name=ATPgrasp_Ter
18:44:59.565 - INFO - CDS - pfam detected: contig=VFIND2, start=86475, stop=86744, strand=+, pfam-id=PF00166.24, length=92, aa-start=5, aa-stop=84, aa-cov=0.9, hmm-cov=1.0, evalue=6.1e-11, bitscore=35.2, name=Cpn10
18:44:59.565 - INFO - CDS - pfam detected: contig=VFIND2, start=56084, stop=59152, strand=+, pfam-id=PF02786.20, length=217, aa-start=120, aa-stop=330, aa-cov=0.2, hmm-cov=1.0, evalue=1.3e-72, bitscore=236.6, name=CPSase_L_D2
18:44:59.567 - INFO - CDS - pfam detected: contig=VFIND2, start=56084, stop=59152, strand=+, pfam-id=PF02787.22, length=76, aa-start=419, aa-stop=491, aa-cov=0.1, hmm-cov=1.0, evalue=4.0e-16, bitscore=51.8, name=CPSase_L_D3
18:44:59.569 - INFO - CDS - pfam detected: contig=VFIND2, start=55087, stop=56091, strand=+, pfam-id=PF00988.25, length=106, aa-start=2, aa-stop=107, aa-cov=0.3, hmm-cov=1.0, evalue=7.2e-35, bitscore=112.6, name=CPSase_sm_chain
18:44:59.593 - INFO - CDS - pfam detected: contig=VFIND2, start=33866, stop=35029, strand=+, pfam-id=PF01053.23, length=385, aa-start=5, aa-stop=383, aa-cov=1.0, hmm-cov=1.0, evalue=1.4e-73, bitscore=240.5, name=Cys_Met_Meta_PP
18:44:59.597 - INFO - CDS - pfam detected: contig=VFIND2, start=95755, stop=96684, strand=+, pfam-id=PF00793.23, length=286, aa-start=10, aa-stop=290, aa-cov=0.9, hmm-cov=0.9, evalue=5.2e-66, bitscore=215.2, name=DAHP_synth_1
18:44:59.599 - INFO - CDS - pfam detected: contig=VFIND2, start=100424, stop=101047, strand=-, pfam-id=PF05173.17, length=117, aa-start=100, aa-stop=206, aa-cov=0.5, hmm-cov=1.0, evalue=4.5e-18, bitscore=58.4, name=DapB_C
18:44:59.599 - INFO - CDS - pfam detected: contig=VFIND2, start=100424, stop=101047, strand=-, pfam-id=PF01113.23, length=63, aa-start=35, aa-stop=95, aa-cov=0.3, hmm-cov=1.0, evalue=2.3e-14, bitscore=46.5, name=DapB_N
18:44:59.600 - INFO - CDS - pfam detected: contig=VFIND2, start=18389, stop=19195, strand=-, pfam-id=PF01678.22, length=84, aa-start=3, aa-stop=84, aa-cov=0.3, hmm-cov=1.0, evalue=1.3e-16, bitscore=53.8, name=DAP_epimerase
18:44:59.609 - INFO - CDS - pfam detected: contig=VFIND2, start=21836, stop=22915, strand=+, pfam-id=PF01041.20, length=163, aa-start=43, aa-stop=194, aa-cov=0.4, hmm-cov=0.9, evalue=5.3e-07, bitscore=22.0, name=DegT_DnrJ_EryC1
18:44:59.611 - INFO - CDS - pfam detected: contig=VFIND2, start=24880, stop=25779, strand=-, pfam-id=PF00701.25, length=286, aa-start=2, aa-stop=286, aa-cov=1.0, hmm-cov=1.0, evalue=2.9e-75, bitscore=245.6, name=DHDPS
18:44:59.612 - INFO - CDS - pfam detected: contig=VFIND2, start=121770, stop=122801, strand=+, pfam-id=PF01761.23, length=261, aa-start=49, aa-stop=304, aa-cov=0.7, hmm-cov=1.0, evalue=7.0e-78, bitscore=254.3, name=DHQ_synthase
18:44:59.618 - INFO - CDS - pfam detected: contig=VFIND2, start=80066, stop=81337, strand=-, pfam-id=PF00772.24, length=97, aa-start=7, aa-stop=101, aa-cov=0.2, hmm-cov=1.0, evalue=3.4e-14, bitscore=45.8, name=DnaB
18:44:59.618 - INFO - CDS - pfam detected: contig=VFIND2, start=80066, stop=81337, strand=-, pfam-id=PF03796.18, length=251, aa-start=175, aa-stop=422, aa-cov=0.6, hmm-cov=1.0, evalue=2.9e-90, bitscore=294.9, name=DnaB_C
18:44:59.618 - INFO - CDS - pfam detected: contig=VFIND2, start=92478, stop=93482, strand=-, pfam-id=PF00226.34, length=58, aa-start=4, aa-stop=61, aa-cov=0.2, hmm-cov=1.0, evalue=3.2e-26, bitscore=84.3, name=DnaJ
18:44:59.619 - INFO - CDS - pfam detected: contig=VFIND2, start=92478, stop=93482, strand=-, pfam-id=PF01556.21, length=212, aa-start=104, aa-stop=314, aa-cov=0.6, hmm-cov=0.7, evalue=6.0e-24, bitscore=77.8, name=DnaJ_C
18:44:59.619 - INFO - CDS - pfam detected: contig=VFIND2, start=92478, stop=93482, strand=-, pfam-id=PF00684.22, length=66, aa-start=128, aa-stop=188, aa-cov=0.2, hmm-cov=1.0, evalue=2.7e-12, bitscore=39.8, name=DnaJ_CXXCXGXG
18:44:59.622 - INFO - CDS - pfam detected: contig=VFIND2, start=46255, stop=49170, strand=+, pfam-id=PF07733.15, length=259, aa-start=270, aa-stop=528, aa-cov=0.3, hmm-cov=1.0, evalue=6.8e-82, bitscore=267.8, name=DNA_pol3_alpha
18:44:59.623 - INFO - CDS - pfam detected: contig=VFIND2, start=62175, stop=63254, strand=+, pfam-id=PF13177.9, length=160, aa-start=19, aa-stop=176, aa-cov=0.4, hmm-cov=1.0, evalue=3.7e-25, bitscore=81.8, name=DNA_pol3_delta2
18:44:59.623 - INFO - CDS - pfam detected: contig=VFIND2, start=61427, stop=62182, strand=+, pfam-id=PF13177.9, length=139, aa-start=21, aa-stop=159, aa-cov=0.6, hmm-cov=1.0, evalue=1.3e-14, bitscore=47.5, name=DNA_pol3_delta2
18:44:59.623 - INFO - CDS - pfam detected: contig=VFIND2, start=46255, stop=49170, strand=+, pfam-id=PF17657.4, length=160, aa-start=531, aa-stop=679, aa-cov=0.2, hmm-cov=1.0, evalue=1.0e-36, bitscore=118.7, name=DNA_pol3_finger
18:44:59.625 - INFO - CDS - pfam detected: contig=VFIND2, start=54514, stop=55029, strand=-, pfam-id=PF01612.23, length=107, aa-start=5, aa-stop=106, aa-cov=0.6, hmm-cov=0.7, evalue=2.0e-08, bitscore=27.1, name=DNA_pol_A_exo1
18:44:59.809 - INFO - CDS - pfam detected: contig=VFIND2, start=83327, stop=84637, strand=+, pfam-id=PF02421.21, length=124, aa-start=213, aa-stop=333, aa-cov=0.3, hmm-cov=1.0, evalue=2.4e-10, bitscore=33.1, name=FeoB_N
18:44:59.855 - INFO - CDS - pfam detected: contig=VFIND2, start=55087, stop=56091, strand=+, pfam-id=PF00117.31, length=190, aa-start=162, aa-stop=329, aa-cov=0.5, hmm-cov=1.0, evalue=2.3e-35, bitscore=115.0, name=GATase
18:44:59.855 - INFO - CDS - pfam detected: contig=VFIND2, start=37557, stop=38129, strand=-, pfam-id=PF00117.31, length=189, aa-start=5, aa-stop=185, aa-cov=1.0, hmm-cov=1.0, evalue=2.4e-35, bitscore=115.0, name=GATase
18:44:59.856 - INFO - CDS - pfam detected: contig=VFIND2, start=66800, stop=67399, strand=+, pfam-id=PF00117.31, length=210, aa-start=5, aa-stop=196, aa-cov=1.0, hmm-cov=0.9, evalue=2.2e-13, bitscore=43.3, name=GATase
18:44:59.866 - INFO - CDS - pfam detected: contig=VFIND2, start=84634, stop=86466, strand=+, pfam-id=PF13932.9, length=216, aa-start=397, aa-stop=598, aa-cov=0.3, hmm-cov=1.0, evalue=6.8e-40, bitscore=130.4, name=GIDA_C
18:44:59.912 - INFO - CDS - pfam detected: contig=VFIND2, start=1, stop=1182, strand=+, pfam-id=PF00009.30, length=202, aa-start=9, aa-stop=198, aa-cov=0.5, hmm-cov=0.9, evalue=4.2e-54, bitscore=176.0, name=GTP_EFTU
18:44:59.912 - INFO - CDS - pfam detected: contig=VFIND2, start=1, stop=1182, strand=+, pfam-id=PF03144.28, length=73, aa-start=226, aa-stop=294, aa-cov=0.2, hmm-cov=1.0, evalue=2.7e-19, bitscore=62.4, name=GTP_EFTU_D2
18:44:59.912 - INFO - CDS - pfam detected: contig=VFIND2, start=1, stop=1182, strand=+, pfam-id=PF03143.20, length=105, aa-start=300, aa-stop=392, aa-cov=0.2, hmm-cov=1.0, evalue=5.2e-34, bitscore=109.8, name=GTP_EFTU_D3
18:44:59.939 - INFO - CDS - pfam detected: contig=VFIND2, start=46255, stop=49170, strand=+, pfam-id=PF14579.9, length=86, aa-start=759, aa-stop=841, aa-cov=0.1, hmm-cov=1.0, evalue=4.6e-21, bitscore=67.9, name=HHH_6
18:44:59.951 - INFO - CDS - pfam detected: contig=VFIND2, start=78894, stop=80066, strand=-, pfam-id=PF00742.22, length=169, aa-start=132, aa-stop=297, aa-cov=0.4, hmm-cov=1.0, evalue=2.7e-28, bitscore=91.9, name=Homoserine_dh
18:44:59.973 - INFO - CDS - pfam detected: contig=VFIND2, start=70824, stop=71285, strand=-, pfam-id=PF05198.19, length=59, aa-start=1, aa-stop=59, aa-cov=0.4, hmm-cov=1.0, evalue=2.9e-14, bitscore=46.1, name=IF3_N
18:44:59.975 - INFO - CDS - pfam detected: contig=VFIND2, start=35907, stop=36623, strand=-, pfam-id=PF00218.24, length=244, aa-start=4, aa-stop=229, aa-cov=0.9, hmm-cov=1.0, evalue=2.1e-33, bitscore=108.5, name=IGPS
18:45:00.005 - INFO - CDS - pfam detected: contig=VFIND2, start=113124, stop=113732, strand=+, pfam-id=PF07650.20, length=49, aa-start=49, aa-stop=93, aa-cov=0.2, hmm-cov=1.0, evalue=4.3e-09, bitscore=29.1, name=KH_2
18:45:00.052 - INFO - CDS - pfam detected: contig=VFIND2, start=39346, stop=40725, strand=-, pfam-id=PF00206.23, length=310, aa-start=7, aa-stop=294, aa-cov=0.6, hmm-cov=1.0, evalue=1.5e-58, bitscore=191.5, name=Lyase_1
18:45:00.055 - INFO - CDS - pfam detected: contig=VFIND2, start=76529, stop=77572, strand=+, pfam-id=PF07687.17, length=97, aa-start=163, aa-stop=250, aa-cov=0.3, hmm-cov=1.0, evalue=1.6e-13, bitscore=43.6, name=M20_dimer
18:45:00.075 - INFO - CDS - pfam detected: contig=VFIND2, start=30731, stop=32953, strand=+, pfam-id=PF08267.15, length=316, aa-start=5, aa-stop=307, aa-cov=0.4, hmm-cov=1.0, evalue=1.4e-59, bitscore=195.0, name=Meth_synt_1
18:45:00.075 - INFO - CDS - pfam detected: contig=VFIND2, start=30731, stop=32953, strand=+, pfam-id=PF01717.21, length=322, aa-start=405, aa-stop=724, aa-cov=0.4, hmm-cov=1.0, evalue=1.2e-92, bitscore=303.6, name=Meth_synt_2
18:45:00.104 - INFO - CDS - pfam detected: contig=VFIND2, start=21029, stop=21568, strand=-, pfam-id=PF05175.17, length=87, aa-start=42, aa-stop=126, aa-cov=0.5, hmm-cov=0.9, evalue=2.1e-08, bitscore=26.9, name=MTS
18:45:00.165 - INFO - CDS - pfam detected: contig=VFIND2, start=120247, stop=121365, strand=-, pfam-id=PF02784.19, length=246, aa-start=23, aa-stop=260, aa-cov=0.6, hmm-cov=1.0, evalue=5.5e-52, bitscore=169.5, name=Orn_Arg_deC_N
18:45:00.166 - INFO - CDS - pfam detected: contig=VFIND2, start=120247, stop=121365, strand=-, pfam-id=PF00278.25, length=92, aa-start=261, aa-stop=351, aa-cov=0.2, hmm-cov=1.0, evalue=8.8e-21, bitscore=66.9, name=Orn_DAP_Arg_deC
18:45:00.167 - INFO - CDS - pfam detected: contig=VFIND2, start=69483, stop=70289, strand=+, pfam-id=PF00185.27, length=97, aa-start=172, aa-stop=262, aa-cov=0.3, hmm-cov=1.0, evalue=3.5e-23, bitscore=75.3, name=OTCace
18:45:00.167 - INFO - CDS - pfam detected: contig=VFIND2, start=69483, stop=70289, strand=+, pfam-id=PF02729.24, length=139, aa-start=8, aa-stop=133, aa-cov=0.5, hmm-cov=1.0, evalue=2.3e-34, bitscore=111.5, name=OTCace_N
18:45:00.195 - INFO - CDS - pfam detected: contig=VFIND2, start=35012, stop=35914, strand=-, pfam-id=PF03462.21, length=136, aa-start=21, aa-stop=152, aa-cov=0.4, hmm-cov=1.0, evalue=4.2e-34, bitscore=111.0, name=PCRF
18:45:00.196 - INFO - CDS - pfam detected: contig=VFIND2, start=24204, stop=24911, strand=-, pfam-id=PF03462.21, length=99, aa-start=11, aa-stop=107, aa-cov=0.4, hmm-cov=1.0, evalue=1.5e-20, bitscore=66.7, name=PCRF
18:45:00.210 - INFO - CDS - pfam detected: contig=VFIND2, start=55087, stop=56091, strand=+, pfam-id=PF07722.16, length=35, aa-start=217, aa-stop=247, aa-cov=0.1, hmm-cov=1.0, evalue=7.4e-07, bitscore=22.0, name=Peptidase_C26
18:45:00.212 - INFO - CDS - pfam detected: contig=VFIND2, start=37557, stop=38129, strand=-, pfam-id=PF07722.16, length=114, aa-start=72, aa-stop=170, aa-cov=0.5, hmm-cov=1.0, evalue=1.1e-06, bitscore=21.5, name=Peptidase_C26
18:45:00.218 - INFO - CDS - pfam detected: contig=VFIND2, start=13896, stop=14303, strand=+, pfam-id=PF01327.24, length=114, aa-start=30, aa-stop=131, aa-cov=0.8, hmm-cov=1.0, evalue=1.4e-11, bitscore=37.1, name=Pep_deformylase
18:45:00.286 - INFO - CDS - pfam detected: contig=VFIND2, start=51233, stop=51829, strand=+, pfam-id=PF00697.25, length=196, aa-start=4, aa-stop=193, aa-cov=1.0, hmm-cov=1.0, evalue=8.7e-22, bitscore=70.7, name=PRAI
18:45:00.289 - INFO - CDS - pfam detected: contig=VFIND2, start=19967, stop=20794, strand=+, pfam-id=PF00156.30, length=44, aa-start=186, aa-stop=229, aa-cov=0.2, hmm-cov=1.0, evalue=9.0e-10, bitscore=31.1, name=Pribosyltran
18:45:00.291 - INFO - CDS - pfam detected: contig=VFIND2, start=19967, stop=20794, strand=+, pfam-id=PF13793.9, length=86, aa-start=13, aa-stop=96, aa-cov=0.3, hmm-cov=1.0, evalue=2.5e-15, bitscore=49.4, name=Pribosyltran_N
18:45:00.333 - INFO - CDS - pfam detected: contig=VFIND2, start=1257, stop=1634, strand=+, pfam-id=PF03946.17, length=58, aa-start=6, aa-stop=63, aa-cov=0.5, hmm-cov=1.0, evalue=1.1e-15, bitscore=50.2, name=Ribosomal_L11_N
18:45:00.333 - INFO - CDS - pfam detected: contig=VFIND2, start=2658, stop=3005, strand=+, pfam-id=PF00542.22, length=64, aa-start=51, aa-stop=114, aa-cov=0.6, hmm-cov=1.0, evalue=6.1e-19, bitscore=61.2, name=Ribosomal_L12
18:45:00.334 - INFO - CDS - pfam detected: contig=VFIND2, start=112796, stop=113134, strand=+, pfam-id=PF00237.22, length=97, aa-start=8, aa-stop=104, aa-cov=0.9, hmm-cov=1.0, evalue=8.2e-11, bitscore=35.1, name=Ribosomal_L22
18:45:00.334 - INFO - CDS - pfam detected: contig=VFIND2, start=20791, stop=21039, strand=+, pfam-id=PF01386.22, length=71, aa-start=9, aa-stop=78, aa-cov=0.9, hmm-cov=1.0, evalue=1.6e-08, bitscore=27.9, name=Ribosomal_L25p
18:45:00.335 - INFO - CDS - pfam detected: contig=VFIND2, start=117853, stop=117966, strand=+, pfam-id=PF00444.21, length=38, aa-start=1, aa-stop=37, aa-cov=1.0, hmm-cov=1.0, evalue=5.6e-15, bitscore=48.2, name=Ribosomal_L36
18:45:00.336 - INFO - CDS - pfam detected: contig=VFIND2, start=13603, stop=13899, strand=+, pfam-id=PF00338.25, length=91, aa-start=4, aa-stop=92, aa-cov=0.9, hmm-cov=1.0, evalue=6.5e-18, bitscore=57.8, name=Ribosomal_S10
18:45:00.336 - INFO - CDS - pfam detected: contig=VFIND2, start=49167, stop=49379, strand=+, pfam-id=PF00312.25, length=55, aa-start=4, aa-stop=58, aa-cov=0.8, hmm-cov=1.0, evalue=1.7e-17, bitscore=56.5, name=Ribosomal_S15
18:45:00.336 - INFO - CDS - pfam detected: contig=VFIND2, start=114211, stop=114438, strand=+, pfam-id=PF00366.23, length=67, aa-start=4, aa-stop=70, aa-cov=0.9, hmm-cov=1.0, evalue=8.7e-13, bitscore=41.2, name=Ribosomal_S17
18:45:00.336 - INFO - CDS - pfam detected: contig=VFIND2, start=113124, stop=113732, strand=+, pfam-id=PF00189.23, length=82, aa-start=117, aa-stop=198, aa-cov=0.4, hmm-cov=1.0, evalue=2.0e-21, bitscore=69.3, name=Ribosomal_S3_C
18:45:00.336 - INFO - CDS - pfam detected: contig=VFIND2, start=116864, stop=117295, strand=+, pfam-id=PF00333.23, length=61, aa-start=3, aa-stop=63, aa-cov=0.4, hmm-cov=1.0, evalue=1.7e-12, bitscore=40.1, name=Ribosomal_S5
18:45:00.336 - INFO - CDS - pfam detected: contig=VFIND2, start=116864, stop=117295, strand=+, pfam-id=PF03719.18, length=54, aa-start=77, aa-stop=130, aa-cov=0.4, hmm-cov=1.0, evalue=2.3e-14, bitscore=45.7, name=Ribosomal_S5_C
18:45:00.336 - INFO - CDS - pfam detected: contig=VFIND2, start=81506, stop=81841, strand=-, pfam-id=PF01250.20, length=89, aa-start=15, aa-stop=100, aa-cov=0.8, hmm-cov=1.0, evalue=6.6e-11, bitscore=35.4, name=Ribosomal_S6
18:45:00.337 - INFO - CDS - pfam detected: contig=VFIND2, start=11091, stop=11579, strand=+, pfam-id=PF00177.24, length=150, aa-start=6, aa-stop=155, aa-cov=0.9, hmm-cov=1.0, evalue=2.1e-37, bitscore=121.0, name=Ribosomal_S7
18:45:00.338 - INFO - CDS - pfam detected: contig=VFIND2, start=115644, stop=116012, strand=+, pfam-id=PF00410.22, length=125, aa-start=3, aa-stop=122, aa-cov=1.0, hmm-cov=1.0, evalue=1.2e-12, bitscore=40.8, name=Ribosomal_S8
18:45:00.340 - INFO - CDS - pfam detected: contig=VFIND2, start=54514, stop=55029, strand=-, pfam-id=PF13482.9, length=141, aa-start=8, aa-stop=144, aa-cov=0.8, hmm-cov=0.8, evalue=1.6e-10, bitscore=34.1, name=RNase_H_2
18:45:00.341 - INFO - CDS - pfam detected: contig=VFIND2, start=119168, stop=120043, strand=+, pfam-id=PF01000.29, length=94, aa-start=55, aa-stop=144, aa-cov=0.3, hmm-cov=1.0, evalue=2.7e-13, bitscore=43.2, name=RNA_pol_A_bac
18:45:00.342 - INFO - CDS - pfam detected: contig=VFIND2, start=119168, stop=120043, strand=+, pfam-id=PF01193.27, length=186, aa-start=25, aa-stop=210, aa-cov=0.6, hmm-cov=0.4, evalue=7.4e-13, bitscore=41.1, name=RNA_pol_L
18:45:00.342 - INFO - CDS - pfam detected: contig=VFIND2, start=6865, stop=10755, strand=+, pfam-id=PF04997.15, length=362, aa-start=2, aa-stop=330, aa-cov=0.3, hmm-cov=0.9, evalue=1.6e-68, bitscore=224.2, name=RNA_pol_Rpb1_1
18:45:00.342 - INFO - CDS - pfam detected: contig=VFIND2, start=6865, stop=10755, strand=+, pfam-id=PF00623.23, length=87, aa-start=386, aa-stop=472, aa-cov=0.1, hmm-cov=1.0, evalue=8.2e-36, bitscore=116.7, name=RNA_pol_Rpb1_2
18:45:00.342 - INFO - CDS - pfam detected: contig=VFIND2, start=6865, stop=10755, strand=+, pfam-id=PF04983.21, length=167, aa-start=477, aa-stop=620, aa-cov=0.1, hmm-cov=0.9, evalue=1.9e-17, bitscore=56.6, name=RNA_pol_Rpb1_3
18:45:00.342 - INFO - CDS - pfam detected: contig=VFIND2, start=6865, stop=10755, strand=+, pfam-id=PF05000.20, length=74, aa-start=649, aa-stop=720, aa-cov=0.1, hmm-cov=1.0, evalue=3.6e-08, bitscore=26.3, name=RNA_pol_Rpb1_4
18:45:00.343 - INFO - CDS - pfam detected: contig=VFIND2, start=6865, stop=10755, strand=+, pfam-id=PF04998.20, length=483, aa-start=729, aa-stop=1202, aa-cov=0.4, hmm-cov=0.5, evalue=3.9e-54, bitscore=176.7, name=RNA_pol_Rpb1_5
18:45:00.343 - INFO - CDS - pfam detected: contig=VFIND2, start=3002, stop=6868, strand=+, pfam-id=PF04561.17, length=137, aa-start=144, aa-stop=273, aa-cov=0.1, hmm-cov=1.0, evalue=9.2e-14, bitscore=44.4, name=RNA_pol_Rpb2_2
18:45:00.343 - INFO - CDS - pfam detected: contig=VFIND2, start=3002, stop=6868, strand=+, pfam-id=PF04565.19, length=68, aa-start=483, aa-stop=550, aa-cov=0.1, hmm-cov=1.0, evalue=9.2e-28, bitscore=89.2, name=RNA_pol_Rpb2_3
18:45:00.347 - INFO - CDS - pfam detected: contig=VFIND2, start=3002, stop=6868, strand=+, pfam-id=PF00562.31, length=528, aa-start=688, aa-stop=1212, aa-cov=0.4, hmm-cov=0.7, evalue=3.3e-104, bitscore=341.9, name=RNA_pol_Rpb2_6
18:45:00.347 - INFO - CDS - pfam detected: contig=VFIND2, start=3002, stop=6868, strand=+, pfam-id=PF04560.23, length=84, aa-start=1214, aa-stop=1287, aa-cov=0.1, hmm-cov=1.0, evalue=3.0e-25, bitscore=81.4, name=RNA_pol_Rpb2_7
18:45:00.350 - INFO - CDS - pfam detected: contig=VFIND2, start=15886, stop=16608, strand=-, pfam-id=PF00398.23, length=210, aa-start=9, aa-stop=198, aa-cov=0.8, hmm-cov=1.0, evalue=4.9e-23, bitscore=74.4, name=RrnaAD
18:45:00.355 - INFO - CDS - pfam detected: contig=VFIND2, start=54514, stop=55029, strand=-, pfam-id=PF16473.8, length=175, aa-start=7, aa-stop=160, aa-cov=0.9, hmm-cov=0.9, evalue=6.0e-12, bitscore=38.8, name=Rv2179c-like
18:45:00.356 - INFO - CDS - pfam detected: contig=VFIND2, start=89627, stop=90724, strand=+, pfam-id=PF00575.26, length=71, aa-start=73, aa-stop=137, aa-cov=0.2, hmm-cov=1.0, evalue=1.7e-08, bitscore=27.7, name=S1
18:45:00.356 - INFO - CDS - pfam detected: contig=VFIND2, start=118636, stop=119178, strand=+, pfam-id=PF01479.28, length=47, aa-start=86, aa-stop=132, aa-cov=0.3, hmm-cov=1.0, evalue=3.6e-15, bitscore=48.4, name=S4
18:45:00.368 - INFO - CDS - pfam detected: contig=VFIND2, start=44616, stop=46028, strand=+, pfam-id=PF04542.17, length=70, aa-start=237, aa-stop=306, aa-cov=0.1, hmm-cov=1.0, evalue=1.1e-21, bitscore=69.4, name=Sigma70_r2
18:45:00.368 - INFO - CDS - pfam detected: contig=VFIND2, start=44616, stop=46028, strand=+, pfam-id=PF04545.19, length=50, aa-start=405, aa-stop=454, aa-cov=0.1, hmm-cov=0.9, evalue=2.3e-17, bitscore=55.2, name=Sigma70_r4
18:45:00.421 - INFO - CDS - pfam detected: contig=VFIND2, start=77569, stop=78897, strand=-, pfam-id=PF14821.9, length=80, aa-start=2, aa-stop=78, aa-cov=0.2, hmm-cov=1.0, evalue=3.3e-13, bitscore=42.7, name=Thr_synth_N
18:45:00.427 - INFO - CDS - pfam detected: contig=VFIND2, start=43319, stop=44629, strand=+, pfam-id=PF13662.9, length=78, aa-start=184, aa-stop=250, aa-cov=0.2, hmm-cov=1.0, evalue=7.0e-10, bitscore=32.2, name=Toprim_4
18:45:00.440 - INFO - CDS - pfam detected: contig=VFIND2, start=40989, stop=42365, strand=-, pfam-id=PF00749.24, length=311, aa-start=16, aa-stop=302, aa-cov=0.6, hmm-cov=1.0, evalue=5.8e-51, bitscore=166.1, name=tRNA-synt_1c
18:45:00.441 - INFO - CDS - pfam detected: contig=VFIND2, start=82144, stop=83289, strand=-, pfam-id=PF00749.24, length=137, aa-start=94, aa-stop=226, aa-cov=0.3, hmm-cov=1.0, evalue=6.6e-43, bitscore=139.6, name=tRNA-synt_1c
18:45:00.442 - INFO - CDS - pfam detected: contig=VFIND2, start=22912, stop=24207, strand=-, pfam-id=PF00152.23, length=307, aa-start=131, aa-stop=430, aa-cov=0.7, hmm-cov=1.0, evalue=1.0e-69, bitscore=227.9, name=tRNA-synt_2
18:45:00.442 - INFO - CDS - pfam detected: contig=VFIND2, start=22912, stop=24207, strand=-, pfam-id=PF01336.28, length=80, aa-start=22, aa-stop=99, aa-cov=0.2, hmm-cov=0.9, evalue=1.9e-12, bitscore=40.0, name=tRNA_anti-codon
18:45:00.443 - INFO - CDS - pfam detected: contig=VFIND2, start=96681, stop=97676, strand=-, pfam-id=PF03054.19, length=201, aa-start=1, aa-stop=192, aa-cov=0.6, hmm-cov=1.0, evalue=1.4e-52, bitscore=171.3, name=tRNA_Me_trans
18:45:00.443 - INFO - CDS - pfam detected: contig=VFIND2, start=96681, stop=97676, strand=-, pfam-id=PF20258.1, length=37, aa-start=298, aa-stop=329, aa-cov=0.1, hmm-cov=1.0, evalue=3.2e-07, bitscore=23.6, name=tRNA_Me_trans_C
18:45:00.443 - INFO - CDS - pfam detected: contig=VFIND2, start=52976, stop=53710, strand=+, pfam-id=PF00290.23, length=225, aa-start=2, aa-stop=223, aa-cov=0.9, hmm-cov=1.0, evalue=4.3e-25, bitscore=81.0, name=Trp_syntA
18:45:00.459 - INFO - CDS - pfam detected: contig=VFIND2, start=43319, stop=44629, strand=+, pfam-id=PF01807.23, length=61, aa-start=6, aa-stop=65, aa-cov=0.1, hmm-cov=1.0, evalue=3.4e-14, bitscore=45.4, name=zf-CHC2
18:45:00.462 - INFO - CDS - predicted-pfams=106, CDS-w/-pfams=65
18:45:00.511 - INFO - S_ORF - predicted=1042
18:45:00.569 - INFO - S_ORF - sORF filter: # valid=28, # discarded=1014
18:45:00.601 - INFO - ORF - discarded=0
18:45:00.622 - INFO - UPS - looked-up=0
18:45:00.623 - INFO - IPS - looked-up=0
18:45:00.623 - INFO - ORF - write internal aa seqs: # seqs=28, path=/tmp/tmpqlq214sd/sorf.faa
18:45:00.686 - INFO - S_ORF - found=0
18:45:00.686 - INFO - PSC - looked-up=0
18:45:00.686 - INFO - PSCC - looked-up=0
18:45:01.166 - INFO - ORI - predicted=0
18:45:01.236 - INFO - ORI - predicted=0
18:45:01.236 - INFO - ANNOTATION - overlap: CDS (None/hypothetical protein) [13896, 14303] overlapping tRNA (trnF) [14294, 14366], [14294,14303], contig=VFIND2
18:45:01.237 - INFO - ANNOTATION - overlap: CDS (None/hypothetical protein) [14343, 14804] overlapping tRNA (trnF) [14294, 14366], [14343,14366], contig=VFIND2
18:45:01.237 - INFO - ANNOTATION - overlap: CDS (None/hypothetical protein) [26681, 27826] overlapping tRNA (trnS) [27825, 27908], [27825,27826], contig=VFIND2
18:45:01.237 - INFO - ANNOTATION - overlap: CDS (None/hypothetical protein) [27890, 28066] overlapping tRNA (trnS) [27825, 27908], [27890,27908], contig=VFIND2
18:45:01.237 - INFO - ANNOTATION - overlap: CDS (None/hypothetical protein) [44616, 46028] overlapping tRNA (None) [46019, 46253], [46019,46028], contig=VFIND2
18:45:01.237 - INFO - ANNOTATION - overlap: CDS (None/hypothetical protein) [49167, 49379] overlapping tRNA (trnL) [49336, 49409], [49336,49379], contig=VFIND2
18:45:01.237 - INFO - ANNOTATION - overlap: CDS (None/hypothetical protein) [54235, 54402] overlapping tRNA (trnC) [54375, 54447], [54375,54402], contig=VFIND2
18:45:01.237 - INFO - ANNOTATION - overlap: CDS (clpX/ATP-dependent Clp protease ATP-binding subunit ClpX) [60209, 61354] overlapping tRNA (trnV) [61345, 61417], [61345,61354], contig=VFIND2
18:45:01.237 - INFO - ANNOTATION - overlap: CDS (None/hypothetical protein) [69483, 70289] overlapping tRNA (trnK) [70276, 70348], [70276,70289], contig=VFIND2
18:45:01.237 - INFO - ANNOTATION - overlap: CDS (None/50S ribosomal protein L20) [70339, 70686] overlapping tRNA (trnK) [70276, 70348], [70339,70348], contig=VFIND2
18:45:01.237 - INFO - ANNOTATION - overlap: CDS (None/Chorismate synthase) [71365, 72420] overlapping tRNA (trnV) [71295, 71366], [71365,71366], contig=VFIND2
18:45:01.237 - INFO - ANNOTATION - overlap: CDS (None/hypothetical protein) [81864, 82115] overlapping tRNA (trnD) [82014, 82086], [82014,82086], contig=VFIND2
18:45:01.237 - INFO - ANNOTATION - overlap: CDS (None/argininosuccinate synthase) [104773, 106005] overlapping rRNA (rrf) [106005, 106109], [106005,106005], contig=VFIND2
18:45:01.237 - INFO - ANNOTATION - overlap: CDS (None/hypothetical protein) [121770, 122801] overlapping tRNA (trnM) [122788, 122860], [122788,122801], contig=VFIND2
18:45:01.237 - INFO - ANNOTATION - overlap: CDS (None/hypothetical protein) [1, 1182] overlapping tRNA (trnW) [1182, 1252], [1182,1182], contig=VFIND2
18:45:01.237 - INFO - ANNOTATION - overlap: CDS (None/hypothetical protein) [122927, 123025] overlapping tRNA (trnY) [122862, 122945], [122927,122945], contig=VFIND2
18:45:01.237 - INFO - ANNOTATION - overlap: CDS (None/hypothetical protein) [122927, 123025] overlapping tRNA (trnG) [122948, 123018], [122948,123018], contig=VFIND2
18:45:01.237 - INFO - UTILS - generated sequence tag prefix: prefix=JEEFODFCLG, length=10, MD5=3EEF8DFC509859B1A9C4B30CB192FBA9
18:45:01.237 - INFO - MAIN - selected features=153
18:45:01.237 - INFO - UTILS - generated sequence tag prefix: prefix=JEEFOD, length=6, MD5=3EEF8DFC509859B1A9C4B30CB192FBA9
18:45:01.237 - INFO - MAIN - locus tag prefix=JEEFOD
18:45:01.237 - INFO - UTILS - genome-size=123027
18:45:01.238 - INFO - UTILS - GC=0.203
18:45:01.238 - INFO - UTILS - N=0.000
18:45:01.238 - INFO - UTILS - N50=123027
18:45:01.238 - INFO - UTILS - coding-ratio=0.899
18:45:01.238 - INFO - TSV - write tsv: path=/home/diego/Documents/metagenomes/annotation_symbio_merge/annotation_Beta/genomes/annotation_bakta/bakta_VFIND2/VFIND2.tsv
18:45:01.238 - INFO - GFF - write GFF3: path=/home/diego/Documents/metagenomes/annotation_symbio_merge/annotation_Beta/genomes/annotation_bakta/bakta_VFIND2/VFIND2.gff3
18:45:01.240 - INFO - INSDC - write GenBank: path=/home/diego/Documents/metagenomes/annotation_symbio_merge/annotation_Beta/genomes/annotation_bakta/bakta_VFIND2/VFIND2.gbff
18:45:01.244 - INFO - INSDC - write EMBL: path=/home/diego/Documents/metagenomes/annotation_symbio_merge/annotation_Beta/genomes/annotation_bakta/bakta_VFIND2/VFIND2.embl
18:45:01.250 - INFO - FASTA - write genome sequences: path=/home/diego/Documents/metagenomes/annotation_symbio_merge/annotation_Beta/genomes/annotation_bakta/bakta_VFIND2/VFIND2.fna, description=True, wrap=True
18:45:01.250 - INFO - FASTA - write feature nucleotide sequences: path=/home/diego/Documents/metagenomes/annotation_symbio_merge/annotation_Beta/genomes/annotation_bakta/bakta_VFIND2/VFIND2.ffn
18:45:01.250 - INFO - FASTA - write translated CDS/sORF: path=/home/diego/Documents/metagenomes/annotation_symbio_merge/annotation_Beta/genomes/annotation_bakta/bakta_VFIND2/VFIND2.faa
18:45:01.269 - INFO - PLOT - write circular genome plot: file-name=VFIND2, output-dir=/home/diego/Documents/metagenomes/annotation_symbio_merge/annotation_Beta/genomes/annotation_bakta/bakta_VFIND2
18:45:04.282 - INFO - TSV - write hypothetical tsv: path=/home/diego/Documents/metagenomes/annotation_symbio_merge/annotation_Beta/genomes/annotation_bakta/bakta_VFIND2/VFIND2.hypotheticals.tsv
18:45:04.283 - INFO - FASTA - write translated CDS/sORF: path=/home/diego/Documents/metagenomes/annotation_symbio_merge/annotation_Beta/genomes/annotation_bakta/bakta_VFIND2/VFIND2.hypotheticals.faa
18:45:04.283 - INFO - JSON - write JSON: path=/home/diego/Documents/metagenomes/annotation_symbio_merge/annotation_Beta/genomes/annotation_bakta/bakta_VFIND2/VFIND2.json
18:45:04.288 - INFO - MAIN - removed tmp dir: /tmp/tmpqlq214sd
