[11:29:51] This is prokka 1.13
[11:29:51] Written by Torsten Seemann <torsten.seemann@gmail.com>
[11:29:51] Homepage is https://github.com/tseemann/prokka
[11:29:51] Local time is Fri Dec 15 11:29:51 2023
[11:29:51] You are diego
[11:29:51] Operating system is linux
[11:29:51] You have BioPerl 1.007002
[11:29:51] System has 32 cores.
[11:29:51] Will use maximum of 32 cores.
[11:29:51] Annotating as >>> Bacteria <<<
[11:29:51] Enabling options to ensure Genbank/ENA/DDJB submission compliance.
[11:29:51] Creating new output folder: annotation_prokka/prokka_VFQUISP
[11:29:51] Running: mkdir -p annotation_prokka\/prokka_VFQUISP
[11:29:51] Using filename prefix: prokka_VFQUISP.XXX
[11:29:51] Setting HMMER_NCPU=1
[11:29:51] Writing log to: annotation_prokka/prokka_VFQUISP/prokka_VFQUISP.log
[11:29:51] Command: /home/diego/miniconda3/envs/prokka_env/bin/prokka VFQUISP.fasta --prefix prokka_VFQUISP --outdir annotation_prokka/prokka_VFQUISP --cpus 32 --locustag VFQUISP --gcode 11 --compliant --force
[11:29:51] Appending to PATH: /home/diego/miniconda3/envs/prokka_env/bin
[11:29:51] Looking for 'aragorn' - found /home/diego/miniconda3/envs/prokka_env/bin/aragorn
[11:29:51] Determined aragorn version is 1.2
[11:29:51] Looking for 'barrnap' - found /home/diego/miniconda3/envs/prokka_env/bin/barrnap
[11:29:51] Determined barrnap version is 0.9
[11:29:51] Looking for 'blastp' - found /home/diego/miniconda3/envs/prokka_env/bin/blastp
[11:29:51] Determined blastp version is 2.14
[11:29:51] Looking for 'cmpress' - found /home/diego/miniconda3/envs/prokka_env/bin/cmpress
[11:29:51] Determined cmpress version is 1.1
[11:29:51] Looking for 'cmscan' - found /home/diego/miniconda3/envs/prokka_env/bin/cmscan
[11:29:51] Determined cmscan version is 1.1
[11:29:51] Looking for 'egrep' - found /usr/bin/egrep
[11:29:51] Looking for 'find' - found /usr/bin/find
[11:29:51] Looking for 'grep' - found /usr/bin/grep
[11:29:51] Looking for 'hmmpress' - found /home/diego/miniconda3/envs/prokka_env/bin/hmmpress
[11:29:51] Determined hmmpress version is 3.3
[11:29:51] Looking for 'hmmscan' - found /home/diego/miniconda3/envs/prokka_env/bin/hmmscan
[11:29:51] Determined hmmscan version is 3.3
[11:29:51] Looking for 'java' - found /home/diego/miniconda3/envs/prokka_env/bin/java
[11:29:51] Looking for 'less' - found /usr/bin/less
[11:29:51] Looking for 'makeblastdb' - found /home/diego/miniconda3/envs/prokka_env/bin/makeblastdb
[11:29:51] Determined makeblastdb version is 2.14
[11:29:51] Looking for 'minced' - found /home/diego/miniconda3/envs/prokka_env/bin/minced
[11:29:51] Determined minced version is 4.2
[11:29:51] Looking for 'parallel' - found /home/diego/miniconda3/envs/prokka_env/bin/parallel
[11:29:52] Determined parallel version is 20160622
[11:29:52] Looking for 'prodigal' - found /home/diego/miniconda3/envs/prokka_env/bin/prodigal
[11:29:52] Determined prodigal version is 2.6
[11:29:52] Looking for 'prokka-genbank_to_fasta_db' - found /home/diego/miniconda3/envs/prokka_env/bin/prokka-genbank_to_fasta_db
[11:29:52] Looking for 'rnammer' - found /home/diego/rnammer-1.2.src/rnammer
[11:29:52] Determined rnammer version is 1.2
[11:29:52] Looking for 'sed' - found /usr/bin/sed
[11:29:52] Looking for 'tbl2asn' - found /home/diego/miniconda3/envs/prokka_env/bin/tbl2asn
[11:29:52] Determined tbl2asn version is 25.8
[11:29:52] Using genetic code table 11.
[11:29:52] Loading and checking input file: VFQUISP.fasta
[11:29:52] Wrote 1 contigs totalling 114846 bp.
[11:29:52] Predicting tRNAs and tmRNAs
[11:29:52] Running: aragorn -l -gc11  -w annotation_prokka\/prokka_VFQUISP\/prokka_VFQUISP\.fna
[11:29:52] 1 tRNA-Phe [13567,13639] 34 (gaa)
[11:29:52] 2 tRNA-Gln [17202,17274] 35 (ttg)
[11:29:52] 3 tRNA-Ser [23976,24061] 36 (gct)
[11:29:52] 4 tRNA-Leu [43797,43871] 36 (aag)
[11:29:52] 5 tRNA-Leu [43873,43947] 35 (tag)
[11:29:52] 6 tRNA-Ser [43946,44030] 36 (aga)
[11:29:52] 7 tRNA-Asn c[48627,48701] 35 (gtt)
[11:29:52] 8 tRNA-Cys c[48842,48916] 37 (gca)
[11:29:52] 9 tRNA-Gly c[48917,48987] 33 (gcc)
[11:29:52] 10 tRNA-Val [55575,55646] 33 (tac)
[11:29:52] 11 tRNA-Leu c[56741,56817] 37 (caa)
[11:29:52] 12 tRNA-Ser c[56817,56901] 36 (tga)
[11:29:52] 13 tRNA-His [62855,62925] 33 (gtg)
[11:29:52] 14 tRNA-Lys c[63723,63795] 34 (ttt)
[11:29:52] 15 tRNA-Val c[64588,64660] 34 (aac)
[11:29:52] 16 tRNA-Arg c[65713,65783] 33 (tct)
[11:29:52] 17 tRNA-Met c[65783,65857] 34 (cat)
[11:29:52] 18 tRNA-Pro [65860,65933] 34 (tgg)
[11:29:52] 19 tRNA-Asp c[73767,73837] 33 (gtc)
[11:29:52] 20 tRNA-Glu c[73838,73908] 33 (ttc)
[11:29:52] 21 tRNA-Ala c[96317,96389] 34 (tgc)
[11:29:52] 22 tRNA-Ile c[100504,100574] 33 (gat)
[11:29:52] 23 tRNA-Tyr [114679,114762] 35 (gta)
[11:29:52] 24 tRNA-Gly [114767,114837] 33 (tcc)
[11:29:52] Found 24 tRNAs
[11:29:52] Predicting Ribosomal RNAs
[11:29:52] Running Barrnap with 32 threads
[11:29:52] 1 gnl|Prokka|VFQUISP_1 97763 23S ribosomal RNA
[11:29:52] 2 gnl|Prokka|VFQUISP_1 100582 16S ribosomal RNA
[11:29:52] Found 2 rRNAs
[11:29:52] Skipping ncRNA search, enable with --rfam if desired.
[11:29:52] Total of 26 tRNA + rRNA features
[11:29:52] Searching for CRISPR repeats
[11:29:52] Found 0 CRISPRs
[11:29:52] Predicting coding sequences
[11:29:52] Contigs total 114846 bp, so using single mode
[11:29:52] Running: prodigal -i annotation_prokka\/prokka_VFQUISP\/prokka_VFQUISP\.fna -c -m -g 11 -p single -f sco -q
[11:29:53] Excluding CDS which overlaps existing RNA (tRNA) at gnl|Prokka|VFQUISP_1:13145..13573 on + strand
[11:29:53] Excluding CDS which overlaps existing RNA (tRNA) at gnl|Prokka|VFQUISP_1:22826..23977 on + strand
[11:29:53] Excluding CDS which overlaps existing RNA (tRNA) at gnl|Prokka|VFQUISP_1:24059..26437 on - strand
[11:29:53] Excluding CDS which overlaps existing RNA (tRNA) at gnl|Prokka|VFQUISP_1:43957..44829 on + strand
[11:29:53] Excluding CDS which overlaps existing RNA (tRNA) at gnl|Prokka|VFQUISP_1:48458..48640 on + strand
[11:29:53] Excluding CDS which overlaps existing RNA (tRNA) at gnl|Prokka|VFQUISP_1:48703..48843 on + strand
[11:29:53] Excluding CDS which overlaps existing RNA (tRNA) at gnl|Prokka|VFQUISP_1:54397..55584 on + strand
[11:29:53] Excluding CDS which overlaps existing RNA (tRNA) at gnl|Prokka|VFQUISP_1:55653..56771 on + strand
[11:29:53] Excluding CDS which overlaps existing RNA (tRNA) at gnl|Prokka|VFQUISP_1:62574..62855 on + strand
[11:29:53] Excluding CDS which overlaps existing RNA (tRNA) at gnl|Prokka|VFQUISP_1:62936..63736 on + strand
[11:29:53] Excluding CDS which overlaps existing RNA (tRNA) at gnl|Prokka|VFQUISP_1:63786..64136 on - strand
[11:29:53] Excluding CDS which overlaps existing RNA (tRNA) at gnl|Prokka|VFQUISP_1:64658..65710 on - strand
[11:29:53] Excluding CDS which overlaps existing RNA (tRNA) at gnl|Prokka|VFQUISP_1:65933..66244 on + strand
[11:29:53] Excluding CDS which overlaps existing RNA (tRNA) at gnl|Prokka|VFQUISP_1:73894..74955 on - strand
[11:29:53] Excluding CDS which overlaps existing RNA (rRNA) at gnl|Prokka|VFQUISP_1:97949..98158 on - strand
[11:29:53] Excluding CDS which overlaps existing RNA (rRNA) at gnl|Prokka|VFQUISP_1:98224..98322 on - strand
[11:29:53] Excluding CDS which overlaps existing RNA (rRNA) at gnl|Prokka|VFQUISP_1:99867..100016 on + strand
[11:29:53] Found 116 CDS
[11:29:53] Connecting features back to sequences
[11:29:53] Not using genus-specific database. Try --usegenus to enable it.
[11:29:53] Annotating CDS, please be patient.
[11:29:53] Will use 32 CPUs for similarity searching.
[11:29:53] There are still 116 unannotated CDS left (started with 116)
[11:29:53] Will use blast to search against /home/diego/miniconda3/envs/prokka_env/bin/../db/kingdom/Bacteria/sprot with 32 CPUs
[11:29:53] Running: cat annotation_prokka\/prokka_VFQUISP\/sprot\.faa | parallel --gnu --plain -j 32 --block 505 --recstart '>' --pipe blastp -query - -db /home/diego/miniconda3/envs/prokka_env/bin/../db/kingdom/Bacteria/sprot -evalue 1e-06 -num_threads 1 -num_descriptions 1 -num_alignments 1 -seg no > annotation_prokka\/prokka_VFQUISP\/sprot\.blast 2> /dev/null
[11:29:54] Deleting unwanted file: annotation_prokka/prokka_VFQUISP/sprot.faa
[11:29:54] Deleting unwanted file: annotation_prokka/prokka_VFQUISP/sprot.blast
[11:29:54] There are still 30 unannotated CDS left (started with 116)
[11:29:54] Will use hmmer3 to search against /home/diego/miniconda3/envs/prokka_env/bin/../db/hmm/HAMAP.hmm with 32 CPUs
[11:29:54] Running: cat annotation_prokka\/prokka_VFQUISP\/HAMAP\.hmm\.faa | parallel --gnu --plain -j 32 --block 70 --recstart '>' --pipe hmmscan --noali --notextw --acc -E 1e-06 --cpu 1 /home/diego/miniconda3/envs/prokka_env/bin/../db/hmm/HAMAP.hmm /dev/stdin > annotation_prokka\/prokka_VFQUISP\/HAMAP\.hmm\.hmmer3 2> /dev/null
[11:29:54] Deleting unwanted file: annotation_prokka/prokka_VFQUISP/HAMAP.hmm.faa
[11:29:54] Deleting unwanted file: annotation_prokka/prokka_VFQUISP/HAMAP.hmm.hmmer3
[11:29:54] Labelling remaining 19 proteins as 'hypothetical protein'
[11:29:54] Found 97 unique /gene codes.
[11:29:54] Fixed 0 colliding /gene names.
[11:29:54] Adding /locus_tag identifiers
[11:29:54] Assigned 142 locus_tags to CDS and RNA features.
[11:29:54] Writing outputs to annotation_prokka/prokka_VFQUISP/
[11:29:54] Generating annotation statistics file
[11:29:54] Generating Genbank and Sequin files
[11:29:54] Running: tbl2asn -V b -a r10k -l paired-ends -M n -N 1 -y 'Annotated using prokka 1.13 from https://github.com/tseemann/prokka' -Z annotation_prokka\/prokka_VFQUISP\/prokka_VFQUISP\.err -i annotation_prokka\/prokka_VFQUISP\/prokka_VFQUISP\.fsa 2> /dev/null
[11:29:55] Deleting unwanted file: annotation_prokka/prokka_VFQUISP/errorsummary.val
[11:29:55] Deleting unwanted file: annotation_prokka/prokka_VFQUISP/prokka_VFQUISP.dr
[11:29:55] Deleting unwanted file: annotation_prokka/prokka_VFQUISP/prokka_VFQUISP.fixedproducts
[11:29:55] Deleting unwanted file: annotation_prokka/prokka_VFQUISP/prokka_VFQUISP.ecn
[11:29:55] Deleting unwanted file: annotation_prokka/prokka_VFQUISP/prokka_VFQUISP.val
[11:29:55] Repairing broken .GBK output that tbl2asn produces...
[11:29:55] Running: sed 's/COORDINATES: profile/COORDINATES:profile/' < annotation_prokka\/prokka_VFQUISP\/prokka_VFQUISP\.gbf > annotation_prokka\/prokka_VFQUISP\/prokka_VFQUISP\.gbk
[11:29:55] Deleting unwanted file: annotation_prokka/prokka_VFQUISP/prokka_VFQUISP.gbf
[11:29:55] Output files:
[11:29:55] annotation_prokka/prokka_VFQUISP/prokka_VFQUISP.err
[11:29:55] annotation_prokka/prokka_VFQUISP/prokka_VFQUISP.faa
[11:29:55] annotation_prokka/prokka_VFQUISP/prokka_VFQUISP.tsv
[11:29:55] annotation_prokka/prokka_VFQUISP/prokka_VFQUISP.fna
[11:29:55] annotation_prokka/prokka_VFQUISP/prokka_VFQUISP.tbl
[11:29:55] annotation_prokka/prokka_VFQUISP/prokka_VFQUISP.txt
[11:29:55] annotation_prokka/prokka_VFQUISP/prokka_VFQUISP.log
[11:29:55] annotation_prokka/prokka_VFQUISP/prokka_VFQUISP.gff
[11:29:55] annotation_prokka/prokka_VFQUISP/prokka_VFQUISP.gbk
[11:29:55] annotation_prokka/prokka_VFQUISP/prokka_VFQUISP.sqn
[11:29:55] annotation_prokka/prokka_VFQUISP/prokka_VFQUISP.ffn
[11:29:55] annotation_prokka/prokka_VFQUISP/prokka_VFQUISP.fsa
[11:29:55] Annotation finished successfully.
[11:29:55] Walltime used: 0.07 minutes
[11:29:55] If you use this result please cite the Prokka paper:
[11:29:55] Seemann T (2014) Prokka: rapid prokaryotic genome annotation. Bioinformatics. 30(14):2068-9.
[11:29:55] Type 'prokka --citation' for more details.
[11:29:55] Thank you, come again.
