Discrepancy Report Results

Summary
DISC_SOURCE_QUALS_ASNDISC:strain (all present, all unique)
DISC_SOURCE_QUALS_ASNDISC:taxname (all present, all unique)
DISC_FEATURE_COUNT:gene: 159 present
DISC_FEATURE_COUNT:CDS: 133 present
DISC_FEATURE_COUNT:tRNA: 24 present
DISC_FEATURE_COUNT:rRNA: 2 present
DISC_COUNT_NUCLEOTIDES:1 nucleotide Bioseqs are present
OVERLAPPING_GENES:117 genes overlap another gene on the same strand.
RNA_CDS_OVERLAP:17 coding regions overlap RNA features
SUSPECT_PRODUCT_NAMES:1 product_names contain suspect phrase or characters
	May contain database identifier more appropriate in note; remove from product name
		1 features Contains underscore
DISC_QUALITY_SCORES:Quality scores are missing on all sequences.
ONCALLER_COMMENT_PRESENT:1 comment descriptors were found (all same)
SHORT_PROT_SEQUENCES:5 protein sequences are shorter than 50 aa.
MISSING_GENOMEASSEMBLY_COMMENTS:1 bioseqs are missing GenomeAssembly structured comments
FIND_OVERLAPPED_GENES:2 genes completely overlapped by other genes
MOLTYPE_NOT_MRNA:1 molecule types are not set as mRNA.
TECHNIQUE_NOT_TSA:1 technique are not set as TSA
MISSING_STRUCTURED_COMMENT:1 sequences do not include structured comments.
MISSING_PROJECT:134 sequences do not include project.
DISC_INCONSISTENT_MOLINFO_TECH:Molinfo Technique Report (some missing, all same)


Detailed Report

DiscRep_ALL:DISC_SOURCE_QUALS_ASNDISC::strain (all present, all unique)
DiscRep_SUB:DISC_SOURCE_QUALS_ASNDISC::1 sources have unique values for strain
DiscRep_ALL:DISC_SOURCE_QUALS_ASNDISC::taxname (all present, all unique)
DiscRep_SUB:DISC_SOURCE_QUALS_ASNDISC::1 sources have unique values for taxname
DiscRep_ALL:DISC_FEATURE_COUNT::gene: 159 present
DiscRep_ALL:DISC_FEATURE_COUNT::CDS: 133 present
DiscRep_ALL:DISC_FEATURE_COUNT::tRNA: 24 present
DiscRep_ALL:DISC_FEATURE_COUNT::rRNA: 2 present
DiscRep_ALL:DISC_COUNT_NUCLEOTIDES::1 nucleotide Bioseqs are present
annotation_prokka/prokka_VFQUISP/prokka_VFQUISP:Prokka:VFQUISP_1 (length 114846)

DiscRep_ALL:OVERLAPPING_GENES::117 genes overlap another gene on the same strand.
annotation_prokka/prokka_VFQUISP/prokka_VFQUISP:Gene	rplK	VFQUISP_1:1187-1621	VFQUISP_00002
annotation_prokka/prokka_VFQUISP/prokka_VFQUISP:Gene	VFQUISP_00003	VFQUISP_1:1611-2063	VFQUISP_00003
annotation_prokka/prokka_VFQUISP/prokka_VFQUISP:Gene	rplL	VFQUISP_1:2029-2382	VFQUISP_00004
annotation_prokka/prokka_VFQUISP/prokka_VFQUISP:Gene	rpoB	VFQUISP_1:2372-6196	VFQUISP_00005
annotation_prokka/prokka_VFQUISP/prokka_VFQUISP:Gene	rpoC	VFQUISP_1:6196-9765	VFQUISP_00006
annotation_prokka/prokka_VFQUISP/prokka_VFQUISP:Gene	rpsL	VFQUISP_1:9766-10152	VFQUISP_00007
annotation_prokka/prokka_VFQUISP/prokka_VFQUISP:Gene	rpsG	VFQUISP_1:10091-10609	VFQUISP_00008
annotation_prokka/prokka_VFQUISP/prokka_VFQUISP:Gene	fusA	VFQUISP_1:10609-12657	VFQUISP_00009
annotation_prokka/prokka_VFQUISP/prokka_VFQUISP:Gene	rpsJ	VFQUISP_1:12657-12941	VFQUISP_00010
annotation_prokka/prokka_VFQUISP/prokka_VFQUISP:Gene	def	VFQUISP_1:13145-13573	VFQUISP_00011
annotation_prokka/prokka_VFQUISP/prokka_VFQUISP:Gene	VFQUISP_00012	VFQUISP_1:13567-13639	VFQUISP_00012
annotation_prokka/prokka_VFQUISP/prokka_VFQUISP:Gene	tyrS	VFQUISP_1:c14808-13807	VFQUISP_00014
annotation_prokka/prokka_VFQUISP/prokka_VFQUISP:Gene	rpsI	VFQUISP_1:c15203-14805	VFQUISP_00015
annotation_prokka/prokka_VFQUISP/prokka_VFQUISP:Gene	rplM	VFQUISP_1:c15502-15197	VFQUISP_00016
annotation_prokka/prokka_VFQUISP/prokka_VFQUISP:Gene	dapF	VFQUISP_1:c16286-15486	VFQUISP_00017
annotation_prokka/prokka_VFQUISP/prokka_VFQUISP:Gene	VFQUISP_00018	VFQUISP_1:c16867-16283	VFQUISP_00018
annotation_prokka/prokka_VFQUISP/prokka_VFQUISP:Gene	prs	VFQUISP_1:17278-18204	VFQUISP_00021
annotation_prokka/prokka_VFQUISP/prokka_VFQUISP:Gene	VFQUISP_00022	VFQUISP_1:18188-18685	VFQUISP_00022
annotation_prokka/prokka_VFQUISP/prokka_VFQUISP:Gene	tilS	VFQUISP_1:21960-22862	VFQUISP_00027
annotation_prokka/prokka_VFQUISP/prokka_VFQUISP:Gene	lysC	VFQUISP_1:22826-23977	VFQUISP_00028
annotation_prokka/prokka_VFQUISP/prokka_VFQUISP:Gene	VFQUISP_00029	VFQUISP_1:23976-24061	VFQUISP_00029
annotation_prokka/prokka_VFQUISP/prokka_VFQUISP:Gene	ileS	VFQUISP_1:c26437-24059	VFQUISP_00030
annotation_prokka/prokka_VFQUISP/prokka_VFQUISP:Gene	VFQUISP_00031	VFQUISP_1:c26567-26430	VFQUISP_00031
annotation_prokka/prokka_VFQUISP/prokka_VFQUISP:Gene	prfA	VFQUISP_1:c31554-30862	VFQUISP_00035
annotation_prokka/prokka_VFQUISP/prokka_VFQUISP:Gene	trpC	VFQUISP_1:c32300-31551	VFQUISP_00036
annotation_prokka/prokka_VFQUISP/prokka_VFQUISP:Gene	trpD	VFQUISP_1:c33189-32275	VFQUISP_00037
annotation_prokka/prokka_VFQUISP/prokka_VFQUISP:Gene	pabA	VFQUISP_1:c33755-33165	VFQUISP_00038
annotation_prokka/prokka_VFQUISP/prokka_VFQUISP:Gene	trpE	VFQUISP_1:c35011-33752	VFQUISP_00039
annotation_prokka/prokka_VFQUISP/prokka_VFQUISP:Gene	argH	VFQUISP_1:c36383-35001	VFQUISP_00040
annotation_prokka/prokka_VFQUISP/prokka_VFQUISP:Gene	glnS	VFQUISP_1:c37807-36533	VFQUISP_00041
annotation_prokka/prokka_VFQUISP/prokka_VFQUISP:Gene	thrB	VFQUISP_1:c38733-37792	VFQUISP_00042
annotation_prokka/prokka_VFQUISP/prokka_VFQUISP:Gene	dnaG	VFQUISP_1:38750-39511	VFQUISP_00043
annotation_prokka/prokka_VFQUISP/prokka_VFQUISP:Gene	sigA	VFQUISP_1:39489-40736	VFQUISP_00044
annotation_prokka/prokka_VFQUISP/prokka_VFQUISP:Gene	VFQUISP_00047	VFQUISP_1:43873-43947	VFQUISP_00047
annotation_prokka/prokka_VFQUISP/prokka_VFQUISP:Gene	VFQUISP_00048	VFQUISP_1:43946-44030	VFQUISP_00048
annotation_prokka/prokka_VFQUISP/prokka_VFQUISP:Gene	metF	VFQUISP_1:43957-44829	VFQUISP_00049
annotation_prokka/prokka_VFQUISP/prokka_VFQUISP:Gene	asd	VFQUISP_1:44826-45875	VFQUISP_00050
annotation_prokka/prokka_VFQUISP/prokka_VFQUISP:Gene	trpF	VFQUISP_1:45868-46431	VFQUISP_00051
annotation_prokka/prokka_VFQUISP/prokka_VFQUISP:Gene	trpB	VFQUISP_1:46428-47567	VFQUISP_00052
annotation_prokka/prokka_VFQUISP/prokka_VFQUISP:Gene	trpA	VFQUISP_1:47564-48244	VFQUISP_00053
annotation_prokka/prokka_VFQUISP/prokka_VFQUISP:Gene	rpsP	VFQUISP_1:48241-48501	VFQUISP_00054
annotation_prokka/prokka_VFQUISP/prokka_VFQUISP:Gene	VFQUISP_00055	VFQUISP_1:48458-48640	VFQUISP_00055
annotation_prokka/prokka_VFQUISP/prokka_VFQUISP:Gene	carA	VFQUISP_1:49898-50725	VFQUISP_00061
annotation_prokka/prokka_VFQUISP/prokka_VFQUISP:Gene	carB	VFQUISP_1:50715-53849	VFQUISP_00062
annotation_prokka/prokka_VFQUISP/prokka_VFQUISP:Gene	clpP	VFQUISP_1:53846-54400	VFQUISP_00063
annotation_prokka/prokka_VFQUISP/prokka_VFQUISP:Gene	clpX	VFQUISP_1:54397-55584	VFQUISP_00064
annotation_prokka/prokka_VFQUISP/prokka_VFQUISP:Gene	VFQUISP_00065	VFQUISP_1:55575-55646	VFQUISP_00065
annotation_prokka/prokka_VFQUISP/prokka_VFQUISP:Gene	VFQUISP_00067	VFQUISP_1:c56817-56741	VFQUISP_00067
annotation_prokka/prokka_VFQUISP/prokka_VFQUISP:Gene	VFQUISP_00068	VFQUISP_1:c56901-56817	VFQUISP_00068
annotation_prokka/prokka_VFQUISP/prokka_VFQUISP:Gene	hisG	VFQUISP_1:56917-57504	VFQUISP_00069
annotation_prokka/prokka_VFQUISP/prokka_VFQUISP:Gene	hisD	VFQUISP_1:57491-58723	VFQUISP_00070
annotation_prokka/prokka_VFQUISP/prokka_VFQUISP:Gene	hisC2	VFQUISP_1:58707-59720	VFQUISP_00071
annotation_prokka/prokka_VFQUISP/prokka_VFQUISP:Gene	hisB	VFQUISP_1:59689-60243	VFQUISP_00072
annotation_prokka/prokka_VFQUISP/prokka_VFQUISP:Gene	hisH	VFQUISP_1:60240-60848	VFQUISP_00073
annotation_prokka/prokka_VFQUISP/prokka_VFQUISP:Gene	hisA	VFQUISP_1:60845-61567	VFQUISP_00074
annotation_prokka/prokka_VFQUISP/prokka_VFQUISP:Gene	hisF	VFQUISP_1:61557-62300	VFQUISP_00075
annotation_prokka/prokka_VFQUISP/prokka_VFQUISP:Gene	hisI	VFQUISP_1:62293-62577	VFQUISP_00076
annotation_prokka/prokka_VFQUISP/prokka_VFQUISP:Gene	hisE	VFQUISP_1:62574-62855	VFQUISP_00077
annotation_prokka/prokka_VFQUISP/prokka_VFQUISP:Gene	VFQUISP_00078	VFQUISP_1:62855-62925	VFQUISP_00078
annotation_prokka/prokka_VFQUISP/prokka_VFQUISP:Gene	VFQUISP_00080	VFQUISP_1:c63795-63723	VFQUISP_00080
annotation_prokka/prokka_VFQUISP/prokka_VFQUISP:Gene	rplT	VFQUISP_1:c64136-63786	VFQUISP_00081
annotation_prokka/prokka_VFQUISP/prokka_VFQUISP:Gene	VFQUISP_00083	VFQUISP_1:c64660-64588	VFQUISP_00083
annotation_prokka/prokka_VFQUISP/prokka_VFQUISP:Gene	aroC	VFQUISP_1:c65710-64658	VFQUISP_00084
annotation_prokka/prokka_VFQUISP/prokka_VFQUISP:Gene	VFQUISP_00085	VFQUISP_1:c65783-65713	VFQUISP_00085
annotation_prokka/prokka_VFQUISP/prokka_VFQUISP:Gene	VFQUISP_00086	VFQUISP_1:c65857-65783	VFQUISP_00086
annotation_prokka/prokka_VFQUISP/prokka_VFQUISP:Gene	VFQUISP_00087	VFQUISP_1:65860-65933	VFQUISP_00087
annotation_prokka/prokka_VFQUISP/prokka_VFQUISP:Gene	VFQUISP_00088	VFQUISP_1:65933-66244	VFQUISP_00088
annotation_prokka/prokka_VFQUISP/prokka_VFQUISP:Gene	VFQUISP_00089	VFQUISP_1:c66716-66237	VFQUISP_00089
annotation_prokka/prokka_VFQUISP/prokka_VFQUISP:Gene	VFQUISP_00090	VFQUISP_1:c67180-66713	VFQUISP_00090
annotation_prokka/prokka_VFQUISP/prokka_VFQUISP:Gene	rpsB	VFQUISP_1:c67698-67177	VFQUISP_00091
annotation_prokka/prokka_VFQUISP/prokka_VFQUISP:Gene	aspC	VFQUISP_1:67703-68800	VFQUISP_00092
annotation_prokka/prokka_VFQUISP/prokka_VFQUISP:Gene	dapD	VFQUISP_1:68766-69557	VFQUISP_00093
annotation_prokka/prokka_VFQUISP/prokka_VFQUISP:Gene	dapE	VFQUISP_1:69554-70603	VFQUISP_00094
annotation_prokka/prokka_VFQUISP/prokka_VFQUISP:Gene	dnaB	VFQUISP_1:c73181-71892	VFQUISP_00096
annotation_prokka/prokka_VFQUISP/prokka_VFQUISP:Gene	rpsR	VFQUISP_1:c73599-73168	VFQUISP_00097
annotation_prokka/prokka_VFQUISP/prokka_VFQUISP:Gene	VFQUISP_00099	VFQUISP_1:c73908-73838	VFQUISP_00099
annotation_prokka/prokka_VFQUISP/prokka_VFQUISP:Gene	gltX1	VFQUISP_1:c74955-73894	VFQUISP_00100
annotation_prokka/prokka_VFQUISP/prokka_VFQUISP:Gene	mnmE	VFQUISP_1:75023-76315	VFQUISP_00101
annotation_prokka/prokka_VFQUISP/prokka_VFQUISP:Gene	mnmG	VFQUISP_1:76312-78096	VFQUISP_00102
annotation_prokka/prokka_VFQUISP/prokka_VFQUISP:Gene	groS	VFQUISP_1:78100-78354	VFQUISP_00103
annotation_prokka/prokka_VFQUISP/prokka_VFQUISP:Gene	groL	VFQUISP_1:78354-79940	VFQUISP_00104
annotation_prokka/prokka_VFQUISP/prokka_VFQUISP:Gene	aroA	VFQUISP_1:79940-81214	VFQUISP_00105
annotation_prokka/prokka_VFQUISP/prokka_VFQUISP:Gene	dnaK	VFQUISP_1:c86824-85022	VFQUISP_00110
annotation_prokka/prokka_VFQUISP/prokka_VFQUISP:Gene	grpE	VFQUISP_1:c87303-86821	VFQUISP_00111
annotation_prokka/prokka_VFQUISP/prokka_VFQUISP:Gene	mnmA	VFQUISP_1:c89255-88281	VFQUISP_00113
annotation_prokka/prokka_VFQUISP/prokka_VFQUISP:Gene	VFQUISP_00114	VFQUISP_1:c89914-89228	VFQUISP_00114
annotation_prokka/prokka_VFQUISP/prokka_VFQUISP:Gene	leuS	VFQUISP_1:c92025-89905	VFQUISP_00115
annotation_prokka/prokka_VFQUISP/prokka_VFQUISP:Gene	dapB	VFQUISP_1:c92656-92015	VFQUISP_00116
annotation_prokka/prokka_VFQUISP/prokka_VFQUISP:Gene	maeB	VFQUISP_1:c93891-92653	VFQUISP_00117
annotation_prokka/prokka_VFQUISP/prokka_VFQUISP:Gene	aroE	VFQUISP_1:c94363-93857	VFQUISP_00118
annotation_prokka/prokka_VFQUISP/prokka_VFQUISP:Gene	rpmA	VFQUISP_1:c95256-95014	VFQUISP_00120
annotation_prokka/prokka_VFQUISP/prokka_VFQUISP:Gene	rplU	VFQUISP_1:c95555-95226	VFQUISP_00121
annotation_prokka/prokka_VFQUISP/prokka_VFQUISP:Gene	rsmH	VFQUISP_1:c96316-95555	VFQUISP_00122
annotation_prokka/prokka_VFQUISP/prokka_VFQUISP:Gene	VFQUISP_00125	VFQUISP_1:c100483-97763	VFQUISP_00125
annotation_prokka/prokka_VFQUISP/prokka_VFQUISP:Gene	VFQUISP_00126	VFQUISP_1:c98158-97949	VFQUISP_00126
annotation_prokka/prokka_VFQUISP/prokka_VFQUISP:Gene	VFQUISP_00127	VFQUISP_1:c98322-98224	VFQUISP_00127
annotation_prokka/prokka_VFQUISP/prokka_VFQUISP:Gene	VFQUISP_00133	VFQUISP_1:102866-103462	VFQUISP_00133
annotation_prokka/prokka_VFQUISP/prokka_VFQUISP:Gene	VFQUISP_00134	VFQUISP_1:103459-103689	VFQUISP_00134
annotation_prokka/prokka_VFQUISP/prokka_VFQUISP:Gene	rplB	VFQUISP_1:103667-104494	VFQUISP_00135
annotation_prokka/prokka_VFQUISP/prokka_VFQUISP:Gene	rpsS	VFQUISP_1:104481-104774	VFQUISP_00136
annotation_prokka/prokka_VFQUISP/prokka_VFQUISP:Gene	rplV	VFQUISP_1:104743-105078	VFQUISP_00137
annotation_prokka/prokka_VFQUISP/prokka_VFQUISP:Gene	rpsC	VFQUISP_1:105063-105671	VFQUISP_00138
annotation_prokka/prokka_VFQUISP/prokka_VFQUISP:Gene	rplP	VFQUISP_1:105664-106050	VFQUISP_00139
annotation_prokka/prokka_VFQUISP/prokka_VFQUISP:Gene	rpsQ	VFQUISP_1:106040-106261	VFQUISP_00140
annotation_prokka/prokka_VFQUISP/prokka_VFQUISP:Gene	rplN	VFQUISP_1:106261-106632	VFQUISP_00141
annotation_prokka/prokka_VFQUISP/prokka_VFQUISP:Gene	rplE	VFQUISP_1:106629-107180	VFQUISP_00142
annotation_prokka/prokka_VFQUISP/prokka_VFQUISP:Gene	rpsN	VFQUISP_1:107173-107478	VFQUISP_00143
annotation_prokka/prokka_VFQUISP/prokka_VFQUISP:Gene	VFQUISP_00144	VFQUISP_1:107475-107861	VFQUISP_00144
annotation_prokka/prokka_VFQUISP/prokka_VFQUISP:Gene	rplF	VFQUISP_1:107848-108384	VFQUISP_00145
annotation_prokka/prokka_VFQUISP/prokka_VFQUISP:Gene	VFQUISP_00146	VFQUISP_1:108341-108703	VFQUISP_00146
annotation_prokka/prokka_VFQUISP/prokka_VFQUISP:Gene	rpsE	VFQUISP_1:108696-109094	VFQUISP_00147
annotation_prokka/prokka_VFQUISP/prokka_VFQUISP:Gene	rplO	VFQUISP_1:109096-109476	VFQUISP_00148
annotation_prokka/prokka_VFQUISP/prokka_VFQUISP:Gene	infA	VFQUISP_1:109457-109672	VFQUISP_00149
annotation_prokka/prokka_VFQUISP/prokka_VFQUISP:Gene	rpmJ	VFQUISP_1:109669-109782	VFQUISP_00150
annotation_prokka/prokka_VFQUISP/prokka_VFQUISP:Gene	rpsM	VFQUISP_1:109754-110134	VFQUISP_00151
annotation_prokka/prokka_VFQUISP/prokka_VFQUISP:Gene	rpsK	VFQUISP_1:110131-110493	VFQUISP_00152
annotation_prokka/prokka_VFQUISP/prokka_VFQUISP:Gene	rpsD	VFQUISP_1:110493-111020	VFQUISP_00153

DiscRep_ALL:RNA_CDS_OVERLAP::17 coding regions overlap RNA features
FATAL: DiscRep_SUB:RNA_CDS_OVERLAP::3 coding regions aletely containedntained in RNAs
annotation_prokka/prokka_VFQUISP/prokka_VFQUISP:CDS	hypothetical protein	VFQUISP_1:c98158-97949	VFQUISP_00126
annotation_prokka/prokka_VFQUISP/prokka_VFQUISP:rRNA	23S ribosomal RNA	VFQUISP_1:c100483-97763	VFQUISP_00125
annotation_prokka/prokka_VFQUISP/prokka_VFQUISP:CDS	hypothetical protein	VFQUISP_1:c98322-98224	VFQUISP_00127
annotation_prokka/prokka_VFQUISP/prokka_VFQUISP:rRNA	23S ribosomal RNA	VFQUISP_1:c100483-97763	VFQUISP_00125
annotation_prokka/prokka_VFQUISP/prokka_VFQUISP:CDS	hypothetical protein	VFQUISP_1:99867-100016	VFQUISP_00128
annotation_prokka/prokka_VFQUISP/prokka_VFQUISP:rRNA	23S ribosomal RNA	VFQUISP_1:c100483-97763	VFQUISP_00125

DiscRep_SUB:RNA_CDS_OVERLAP::14 coding regions overlap RNAs (no containment)
DiscRep_SUB:RNA_CDS_OVERLAP::9 coding regions overlap RNAs on the same strand (no containment)
annotation_prokka/prokka_VFQUISP/prokka_VFQUISP:CDS	Peptide deformylase	VFQUISP_1:13145-13573	VFQUISP_00011
annotation_prokka/prokka_VFQUISP/prokka_VFQUISP:tRNA	Phe	VFQUISP_1:13567-13639	VFQUISP_00012
annotation_prokka/prokka_VFQUISP/prokka_VFQUISP:CDS	Aspartate kinase Ask_LysC	VFQUISP_1:22826-23977	VFQUISP_00028
annotation_prokka/prokka_VFQUISP/prokka_VFQUISP:tRNA	Ser	VFQUISP_1:23976-24061	VFQUISP_00029
annotation_prokka/prokka_VFQUISP/prokka_VFQUISP:CDS	5,10-methylenetetrahydrofolate reductase	VFQUISP_1:43957-44829	VFQUISP_00049
annotation_prokka/prokka_VFQUISP/prokka_VFQUISP:tRNA	Ser	VFQUISP_1:43946-44030	VFQUISP_00048
annotation_prokka/prokka_VFQUISP/prokka_VFQUISP:CDS	ATP-dependent Clp protease ATP-binding subunit ClpX	VFQUISP_1:54397-55584	VFQUISP_00064
annotation_prokka/prokka_VFQUISP/prokka_VFQUISP:tRNA	Val	VFQUISP_1:55575-55646	VFQUISP_00065
annotation_prokka/prokka_VFQUISP/prokka_VFQUISP:CDS	Phosphoribosyl-ATP pyrophosphatase	VFQUISP_1:62574-62855	VFQUISP_00077
annotation_prokka/prokka_VFQUISP/prokka_VFQUISP:tRNA	His	VFQUISP_1:62855-62925	VFQUISP_00078
annotation_prokka/prokka_VFQUISP/prokka_VFQUISP:CDS	50S ribosomal protein L20	VFQUISP_1:c64136-63786	VFQUISP_00081
annotation_prokka/prokka_VFQUISP/prokka_VFQUISP:tRNA	Lys	VFQUISP_1:c63795-63723	VFQUISP_00080
annotation_prokka/prokka_VFQUISP/prokka_VFQUISP:CDS	Chorismate synthase	VFQUISP_1:c65710-64658	VFQUISP_00084
annotation_prokka/prokka_VFQUISP/prokka_VFQUISP:tRNA	Val	VFQUISP_1:c64660-64588	VFQUISP_00083
annotation_prokka/prokka_VFQUISP/prokka_VFQUISP:CDS	hypothetical protein	VFQUISP_1:65933-66244	VFQUISP_00088
annotation_prokka/prokka_VFQUISP/prokka_VFQUISP:tRNA	Pro	VFQUISP_1:65860-65933	VFQUISP_00087
annotation_prokka/prokka_VFQUISP/prokka_VFQUISP:CDS	Glutamate--tRNA ligase 1	VFQUISP_1:c74955-73894	VFQUISP_00100
annotation_prokka/prokka_VFQUISP/prokka_VFQUISP:tRNA	Glu	VFQUISP_1:c73908-73838	VFQUISP_00099

DiscRep_SUB:RNA_CDS_OVERLAP::5 coding regions overlap RNAs on the opposite strand (no containment)
annotation_prokka/prokka_VFQUISP/prokka_VFQUISP:CDS	Isoleucine--tRNA ligase	VFQUISP_1:c26437-24059	VFQUISP_00030
annotation_prokka/prokka_VFQUISP/prokka_VFQUISP:tRNA	Ser	VFQUISP_1:23976-24061	VFQUISP_00029
annotation_prokka/prokka_VFQUISP/prokka_VFQUISP:CDS	hypothetical protein	VFQUISP_1:48458-48640	VFQUISP_00055
annotation_prokka/prokka_VFQUISP/prokka_VFQUISP:tRNA	Asn	VFQUISP_1:c48701-48627	VFQUISP_00056
annotation_prokka/prokka_VFQUISP/prokka_VFQUISP:CDS	hypothetical protein	VFQUISP_1:48703-48843	VFQUISP_00057
annotation_prokka/prokka_VFQUISP/prokka_VFQUISP:tRNA	Cys	VFQUISP_1:c48916-48842	VFQUISP_00058
annotation_prokka/prokka_VFQUISP/prokka_VFQUISP:CDS	DNA polymerase III subunit tau	VFQUISP_1:55653-56771	VFQUISP_00066
annotation_prokka/prokka_VFQUISP/prokka_VFQUISP:tRNA	Leu	VFQUISP_1:c56817-56741	VFQUISP_00067
annotation_prokka/prokka_VFQUISP/prokka_VFQUISP:CDS	Ornithine carbamoyltransferase 1, anabolic	VFQUISP_1:62936-63736	VFQUISP_00079
annotation_prokka/prokka_VFQUISP/prokka_VFQUISP:tRNA	Lys	VFQUISP_1:c63795-63723	VFQUISP_00080

DiscRep_ALL:SUSPECT_PRODUCT_NAMES::1 product_names contain suspect phrase or characters
DiscRep_SUB:SUSPECT_PRODUCT_NAMES::May contain database identifier more appropriate in note; remove from product name
DiscRep_SUB:SUSPECT_PRODUCT_NAMES::1 features Contains underscore
annotation_prokka/prokka_VFQUISP/prokka_VFQUISP:CDS	Aspartate kinase Ask_LysC	VFQUISP_1:22826-23977	VFQUISP_00028

DiscRep_ALL:DISC_QUALITY_SCORES::Quality scores are missing on all sequences.

DiscRep_ALL:ONCALLER_COMMENT_PRESENT::1 comment descriptors were found (all same)
annotation_prokka/prokka_VFQUISP/prokka_VFQUISP:Prokka:VFQUISP_1:Annotated using prokka 1.13 from https://github.com/tseemann/prokka

DiscRep_ALL:SHORT_PROT_SEQUENCES::5 protein sequences are shorter than 50 aa.
annotation_prokka/prokka_VFQUISP/prokka_VFQUISP:Prokka:VFQUISP_00031 (length 45)
annotation_prokka/prokka_VFQUISP/prokka_VFQUISP:Prokka:VFQUISP_00057 (length 46)
annotation_prokka/prokka_VFQUISP/prokka_VFQUISP:Prokka:VFQUISP_00127 (length 32)
annotation_prokka/prokka_VFQUISP/prokka_VFQUISP:Prokka:VFQUISP_00128 (length 49)
annotation_prokka/prokka_VFQUISP/prokka_VFQUISP:Prokka:VFQUISP_00150 (length 37)

DiscRep_ALL:MISSING_GENOMEASSEMBLY_COMMENTS::1 bioseqs are missing GenomeAssembly structured comments
annotation_prokka/prokka_VFQUISP/prokka_VFQUISP:Prokka:VFQUISP_1 (length 114846)

DiscRep_ALL:FIND_OVERLAPPED_GENES::2 genes completely overlapped by other genes
annotation_prokka/prokka_VFQUISP/prokka_VFQUISP:Gene	VFQUISP_00126	VFQUISP_1:c98158-97949	VFQUISP_00126
annotation_prokka/prokka_VFQUISP/prokka_VFQUISP:Gene	VFQUISP_00127	VFQUISP_1:c98322-98224	VFQUISP_00127

DiscRep_ALL:MOLTYPE_NOT_MRNA::1 molecule types are not set as mRNA.
annotation_prokka/prokka_VFQUISP/prokka_VFQUISP:Prokka:VFQUISP_1 (length 114846)

DiscRep_ALL:TECHNIQUE_NOT_TSA::1 technique are not set as TSA
annotation_prokka/prokka_VFQUISP/prokka_VFQUISP:Prokka:VFQUISP_1 (length 114846)

DiscRep_ALL:MISSING_STRUCTURED_COMMENT::1 sequences do not include structured comments.
annotation_prokka/prokka_VFQUISP/prokka_VFQUISP:Prokka:VFQUISP_1 (length 114846)

DiscRep_ALL:MISSING_PROJECT::134 sequences do not include project.
annotation_prokka/prokka_VFQUISP/prokka_VFQUISP:Prokka:VFQUISP_1 (length 114846)
annotation_prokka/prokka_VFQUISP/prokka_VFQUISP:Prokka:VFQUISP_00001 (length 393)
annotation_prokka/prokka_VFQUISP/prokka_VFQUISP:Prokka:VFQUISP_00002 (length 144)
annotation_prokka/prokka_VFQUISP/prokka_VFQUISP:Prokka:VFQUISP_00003 (length 150)
annotation_prokka/prokka_VFQUISP/prokka_VFQUISP:Prokka:VFQUISP_00004 (length 117)
annotation_prokka/prokka_VFQUISP/prokka_VFQUISP:Prokka:VFQUISP_00005 (length 1274)
annotation_prokka/prokka_VFQUISP/prokka_VFQUISP:Prokka:VFQUISP_00006 (length 1189)
annotation_prokka/prokka_VFQUISP/prokka_VFQUISP:Prokka:VFQUISP_00007 (length 128)
annotation_prokka/prokka_VFQUISP/prokka_VFQUISP:Prokka:VFQUISP_00008 (length 172)
annotation_prokka/prokka_VFQUISP/prokka_VFQUISP:Prokka:VFQUISP_00009 (length 682)
annotation_prokka/prokka_VFQUISP/prokka_VFQUISP:Prokka:VFQUISP_00010 (length 94)
annotation_prokka/prokka_VFQUISP/prokka_VFQUISP:Prokka:VFQUISP_00011 (length 142)
annotation_prokka/prokka_VFQUISP/prokka_VFQUISP:Prokka:VFQUISP_00013 (length 60)
annotation_prokka/prokka_VFQUISP/prokka_VFQUISP:Prokka:VFQUISP_00014 (length 333)
annotation_prokka/prokka_VFQUISP/prokka_VFQUISP:Prokka:VFQUISP_00015 (length 132)
annotation_prokka/prokka_VFQUISP/prokka_VFQUISP:Prokka:VFQUISP_00016 (length 101)
annotation_prokka/prokka_VFQUISP/prokka_VFQUISP:Prokka:VFQUISP_00017 (length 266)
annotation_prokka/prokka_VFQUISP/prokka_VFQUISP:Prokka:VFQUISP_00018 (length 194)
annotation_prokka/prokka_VFQUISP/prokka_VFQUISP:Prokka:VFQUISP_00019 (length 108)
annotation_prokka/prokka_VFQUISP/prokka_VFQUISP:Prokka:VFQUISP_00021 (length 308)
annotation_prokka/prokka_VFQUISP/prokka_VFQUISP:Prokka:VFQUISP_00022 (length 165)
annotation_prokka/prokka_VFQUISP/prokka_VFQUISP:Prokka:VFQUISP_00023 (length 176)
annotation_prokka/prokka_VFQUISP/prokka_VFQUISP:Prokka:VFQUISP_00024 (length 329)
annotation_prokka/prokka_VFQUISP/prokka_VFQUISP:Prokka:VFQUISP_00025 (length 210)
annotation_prokka/prokka_VFQUISP/prokka_VFQUISP:Prokka:VFQUISP_00026 (length 186)
annotation_prokka/prokka_VFQUISP/prokka_VFQUISP:Prokka:VFQUISP_00027 (length 300)
annotation_prokka/prokka_VFQUISP/prokka_VFQUISP:Prokka:VFQUISP_00028 (length 383)
annotation_prokka/prokka_VFQUISP/prokka_VFQUISP:Prokka:VFQUISP_00030 (length 792)
annotation_prokka/prokka_VFQUISP/prokka_VFQUISP:Prokka:VFQUISP_00031 (length 45)
annotation_prokka/prokka_VFQUISP/prokka_VFQUISP:Prokka:VFQUISP_00032 (length 742)
annotation_prokka/prokka_VFQUISP/prokka_VFQUISP:Prokka:VFQUISP_00033 (length 212)
annotation_prokka/prokka_VFQUISP/prokka_VFQUISP:Prokka:VFQUISP_00034 (length 367)
annotation_prokka/prokka_VFQUISP/prokka_VFQUISP:Prokka:VFQUISP_00035 (length 230)
annotation_prokka/prokka_VFQUISP/prokka_VFQUISP:Prokka:VFQUISP_00036 (length 249)
annotation_prokka/prokka_VFQUISP/prokka_VFQUISP:Prokka:VFQUISP_00037 (length 304)
annotation_prokka/prokka_VFQUISP/prokka_VFQUISP:Prokka:VFQUISP_00038 (length 196)
annotation_prokka/prokka_VFQUISP/prokka_VFQUISP:Prokka:VFQUISP_00039 (length 419)
annotation_prokka/prokka_VFQUISP/prokka_VFQUISP:Prokka:VFQUISP_00040 (length 460)
annotation_prokka/prokka_VFQUISP/prokka_VFQUISP:Prokka:VFQUISP_00041 (length 424)
annotation_prokka/prokka_VFQUISP/prokka_VFQUISP:Prokka:VFQUISP_00042 (length 313)
annotation_prokka/prokka_VFQUISP/prokka_VFQUISP:Prokka:VFQUISP_00043 (length 253)
annotation_prokka/prokka_VFQUISP/prokka_VFQUISP:Prokka:VFQUISP_00044 (length 415)
annotation_prokka/prokka_VFQUISP/prokka_VFQUISP:Prokka:VFQUISP_00045 (length 941)
annotation_prokka/prokka_VFQUISP/prokka_VFQUISP:Prokka:VFQUISP_00049 (length 290)
annotation_prokka/prokka_VFQUISP/prokka_VFQUISP:Prokka:VFQUISP_00050 (length 349)
annotation_prokka/prokka_VFQUISP/prokka_VFQUISP:Prokka:VFQUISP_00051 (length 187)
annotation_prokka/prokka_VFQUISP/prokka_VFQUISP:Prokka:VFQUISP_00052 (length 379)
annotation_prokka/prokka_VFQUISP/prokka_VFQUISP:Prokka:VFQUISP_00053 (length 226)
annotation_prokka/prokka_VFQUISP/prokka_VFQUISP:Prokka:VFQUISP_00054 (length 86)
annotation_prokka/prokka_VFQUISP/prokka_VFQUISP:Prokka:VFQUISP_00055 (length 60)
annotation_prokka/prokka_VFQUISP/prokka_VFQUISP:Prokka:VFQUISP_00057 (length 46)
annotation_prokka/prokka_VFQUISP/prokka_VFQUISP:Prokka:VFQUISP_00060 (length 225)
annotation_prokka/prokka_VFQUISP/prokka_VFQUISP:Prokka:VFQUISP_00061 (length 275)
annotation_prokka/prokka_VFQUISP/prokka_VFQUISP:Prokka:VFQUISP_00062 (length 1044)
annotation_prokka/prokka_VFQUISP/prokka_VFQUISP:Prokka:VFQUISP_00063 (length 184)
annotation_prokka/prokka_VFQUISP/prokka_VFQUISP:Prokka:VFQUISP_00064 (length 395)
annotation_prokka/prokka_VFQUISP/prokka_VFQUISP:Prokka:VFQUISP_00066 (length 372)
annotation_prokka/prokka_VFQUISP/prokka_VFQUISP:Prokka:VFQUISP_00069 (length 195)
annotation_prokka/prokka_VFQUISP/prokka_VFQUISP:Prokka:VFQUISP_00070 (length 410)
annotation_prokka/prokka_VFQUISP/prokka_VFQUISP:Prokka:VFQUISP_00071 (length 337)
annotation_prokka/prokka_VFQUISP/prokka_VFQUISP:Prokka:VFQUISP_00072 (length 184)
annotation_prokka/prokka_VFQUISP/prokka_VFQUISP:Prokka:VFQUISP_00073 (length 202)
annotation_prokka/prokka_VFQUISP/prokka_VFQUISP:Prokka:VFQUISP_00074 (length 240)
annotation_prokka/prokka_VFQUISP/prokka_VFQUISP:Prokka:VFQUISP_00075 (length 247)
annotation_prokka/prokka_VFQUISP/prokka_VFQUISP:Prokka:VFQUISP_00076 (length 94)
annotation_prokka/prokka_VFQUISP/prokka_VFQUISP:Prokka:VFQUISP_00077 (length 93)
annotation_prokka/prokka_VFQUISP/prokka_VFQUISP:Prokka:VFQUISP_00079 (length 266)
annotation_prokka/prokka_VFQUISP/prokka_VFQUISP:Prokka:VFQUISP_00081 (length 116)
annotation_prokka/prokka_VFQUISP/prokka_VFQUISP:Prokka:VFQUISP_00082 (length 112)
annotation_prokka/prokka_VFQUISP/prokka_VFQUISP:Prokka:VFQUISP_00084 (length 350)
annotation_prokka/prokka_VFQUISP/prokka_VFQUISP:Prokka:VFQUISP_00088 (length 103)
annotation_prokka/prokka_VFQUISP/prokka_VFQUISP:Prokka:VFQUISP_00089 (length 159)
annotation_prokka/prokka_VFQUISP/prokka_VFQUISP:Prokka:VFQUISP_00090 (length 155)
annotation_prokka/prokka_VFQUISP/prokka_VFQUISP:Prokka:VFQUISP_00091 (length 173)
annotation_prokka/prokka_VFQUISP/prokka_VFQUISP:Prokka:VFQUISP_00092 (length 365)
annotation_prokka/prokka_VFQUISP/prokka_VFQUISP:Prokka:VFQUISP_00093 (length 263)
annotation_prokka/prokka_VFQUISP/prokka_VFQUISP:Prokka:VFQUISP_00094 (length 349)
annotation_prokka/prokka_VFQUISP/prokka_VFQUISP:Prokka:VFQUISP_00095 (length 434)
annotation_prokka/prokka_VFQUISP/prokka_VFQUISP:Prokka:VFQUISP_00096 (length 429)
annotation_prokka/prokka_VFQUISP/prokka_VFQUISP:Prokka:VFQUISP_00097 (length 143)
annotation_prokka/prokka_VFQUISP/prokka_VFQUISP:Prokka:VFQUISP_00100 (length 353)
annotation_prokka/prokka_VFQUISP/prokka_VFQUISP:Prokka:VFQUISP_00101 (length 430)
annotation_prokka/prokka_VFQUISP/prokka_VFQUISP:Prokka:VFQUISP_00102 (length 594)
annotation_prokka/prokka_VFQUISP/prokka_VFQUISP:Prokka:VFQUISP_00103 (length 84)
annotation_prokka/prokka_VFQUISP/prokka_VFQUISP:Prokka:VFQUISP_00104 (length 528)
annotation_prokka/prokka_VFQUISP/prokka_VFQUISP:Prokka:VFQUISP_00105 (length 424)
annotation_prokka/prokka_VFQUISP/prokka_VFQUISP:Prokka:VFQUISP_00106 (length 379)
annotation_prokka/prokka_VFQUISP/prokka_VFQUISP:Prokka:VFQUISP_00107 (length 354)
annotation_prokka/prokka_VFQUISP/prokka_VFQUISP:Prokka:VFQUISP_00108 (length 196)
annotation_prokka/prokka_VFQUISP/prokka_VFQUISP:Prokka:VFQUISP_00109 (length 325)
annotation_prokka/prokka_VFQUISP/prokka_VFQUISP:Prokka:VFQUISP_00110 (length 600)
annotation_prokka/prokka_VFQUISP/prokka_VFQUISP:Prokka:VFQUISP_00111 (length 160)
annotation_prokka/prokka_VFQUISP/prokka_VFQUISP:Prokka:VFQUISP_00112 (length 328)
annotation_prokka/prokka_VFQUISP/prokka_VFQUISP:Prokka:VFQUISP_00113 (length 324)
annotation_prokka/prokka_VFQUISP/prokka_VFQUISP:Prokka:VFQUISP_00114 (length 228)
annotation_prokka/prokka_VFQUISP/prokka_VFQUISP:Prokka:VFQUISP_00115 (length 706)
annotation_prokka/prokka_VFQUISP/prokka_VFQUISP:Prokka:VFQUISP_00116 (length 213)
annotation_prokka/prokka_VFQUISP/prokka_VFQUISP:Prokka:VFQUISP_00117 (length 412)
annotation_prokka/prokka_VFQUISP/prokka_VFQUISP:Prokka:VFQUISP_00118 (length 168)
annotation_prokka/prokka_VFQUISP/prokka_VFQUISP:Prokka:VFQUISP_00119 (length 150)
annotation_prokka/prokka_VFQUISP/prokka_VFQUISP:Prokka:VFQUISP_00120 (length 80)
annotation_prokka/prokka_VFQUISP/prokka_VFQUISP:Prokka:VFQUISP_00121 (length 109)
annotation_prokka/prokka_VFQUISP/prokka_VFQUISP:Prokka:VFQUISP_00122 (length 253)
annotation_prokka/prokka_VFQUISP/prokka_VFQUISP:Prokka:VFQUISP_00124 (length 414)
annotation_prokka/prokka_VFQUISP/prokka_VFQUISP:Prokka:VFQUISP_00126 (length 69)
annotation_prokka/prokka_VFQUISP/prokka_VFQUISP:Prokka:VFQUISP_00127 (length 32)
annotation_prokka/prokka_VFQUISP/prokka_VFQUISP:Prokka:VFQUISP_00128 (length 49)
annotation_prokka/prokka_VFQUISP/prokka_VFQUISP:Prokka:VFQUISP_00131 (length 67)
annotation_prokka/prokka_VFQUISP/prokka_VFQUISP:Prokka:VFQUISP_00132 (length 139)
annotation_prokka/prokka_VFQUISP/prokka_VFQUISP:Prokka:VFQUISP_00133 (length 198)
annotation_prokka/prokka_VFQUISP/prokka_VFQUISP:Prokka:VFQUISP_00134 (length 76)
annotation_prokka/prokka_VFQUISP/prokka_VFQUISP:Prokka:VFQUISP_00135 (length 275)
annotation_prokka/prokka_VFQUISP/prokka_VFQUISP:Prokka:VFQUISP_00136 (length 97)
annotation_prokka/prokka_VFQUISP/prokka_VFQUISP:Prokka:VFQUISP_00137 (length 111)
annotation_prokka/prokka_VFQUISP/prokka_VFQUISP:Prokka:VFQUISP_00138 (length 202)
annotation_prokka/prokka_VFQUISP/prokka_VFQUISP:Prokka:VFQUISP_00139 (length 128)
annotation_prokka/prokka_VFQUISP/prokka_VFQUISP:Prokka:VFQUISP_00140 (length 73)
annotation_prokka/prokka_VFQUISP/prokka_VFQUISP:Prokka:VFQUISP_00141 (length 123)
annotation_prokka/prokka_VFQUISP/prokka_VFQUISP:Prokka:VFQUISP_00142 (length 183)
annotation_prokka/prokka_VFQUISP/prokka_VFQUISP:Prokka:VFQUISP_00143 (length 101)
annotation_prokka/prokka_VFQUISP/prokka_VFQUISP:Prokka:VFQUISP_00144 (length 128)
annotation_prokka/prokka_VFQUISP/prokka_VFQUISP:Prokka:VFQUISP_00145 (length 178)
annotation_prokka/prokka_VFQUISP/prokka_VFQUISP:Prokka:VFQUISP_00146 (length 120)
annotation_prokka/prokka_VFQUISP/prokka_VFQUISP:Prokka:VFQUISP_00147 (length 132)
annotation_prokka/prokka_VFQUISP/prokka_VFQUISP:Prokka:VFQUISP_00148 (length 126)
annotation_prokka/prokka_VFQUISP/prokka_VFQUISP:Prokka:VFQUISP_00149 (length 71)
annotation_prokka/prokka_VFQUISP/prokka_VFQUISP:Prokka:VFQUISP_00150 (length 37)
annotation_prokka/prokka_VFQUISP/prokka_VFQUISP:Prokka:VFQUISP_00151 (length 126)
annotation_prokka/prokka_VFQUISP/prokka_VFQUISP:Prokka:VFQUISP_00152 (length 120)
annotation_prokka/prokka_VFQUISP/prokka_VFQUISP:Prokka:VFQUISP_00153 (length 175)
annotation_prokka/prokka_VFQUISP/prokka_VFQUISP:Prokka:VFQUISP_00154 (length 263)
annotation_prokka/prokka_VFQUISP/prokka_VFQUISP:Prokka:VFQUISP_00155 (length 78)
annotation_prokka/prokka_VFQUISP/prokka_VFQUISP:Prokka:VFQUISP_00156 (length 376)
annotation_prokka/prokka_VFQUISP/prokka_VFQUISP:Prokka:VFQUISP_00157 (length 348)

DiscRep_ALL:DISC_INCONSISTENT_MOLINFO_TECH::Molinfo Technique Report (some missing, all same)
DiscRep_SUB:DISC_INCONSISTENT_MOLINFO_TECH::technique (all missing)
DiscRep_SUB:DISC_INCONSISTENT_MOLINFO_TECH::1 Molinfos are missing field technique
annotation_prokka/prokka_VFQUISP/prokka_VFQUISP:Prokka:VFQUISP_1 (length 114846)

