[20:34:21] This is prokka 1.13
[20:34:21] Written by Torsten Seemann <torsten.seemann@gmail.com>
[20:34:21] Homepage is https://github.com/tseemann/prokka
[20:34:21] Local time is Tue Nov  7 20:34:21 2023
[20:34:21] You are diego
[20:34:21] Operating system is linux
[20:34:21] You have BioPerl 1.007002
[20:34:21] System has 32 cores.
[20:34:21] Will use maximum of 30 cores.
[20:34:21] Annotating as >>> Bacteria <<<
[20:34:21] Enabling options to ensure Genbank/ENA/DDJB submission compliance.
[20:34:21] Re-using existing --outdir annotation_prokka/prokka_VFLIBAN
[20:34:21] Using filename prefix: prokka_VFLIBAN.XXX
[20:34:21] Setting HMMER_NCPU=1
[20:34:21] Writing log to: annotation_prokka/prokka_VFLIBAN/prokka_VFLIBAN.log
[20:34:21] Command: /home/diego/miniconda3/envs/prokka_env/bin/prokka VFLIBAN.fasta --prefix prokka_VFLIBAN --outdir annotation_prokka/prokka_VFLIBAN --cpus 30 --locustag VFLIBAN --gcode 11 --force --compliant
[20:34:21] Appending to PATH: /home/diego/miniconda3/envs/prokka_env/bin
[20:34:21] Looking for 'aragorn' - found /home/diego/miniconda3/envs/prokka_env/bin/aragorn
[20:34:21] Determined aragorn version is 1.2
[20:34:21] Looking for 'barrnap' - found /home/diego/miniconda3/envs/prokka_env/bin/barrnap
[20:34:21] Determined barrnap version is 0.9
[20:34:21] Looking for 'blastp' - found /home/diego/miniconda3/envs/prokka_env/bin/blastp
[20:34:21] Determined blastp version is 2.14
[20:34:21] Looking for 'cmpress' - found /home/diego/miniconda3/envs/prokka_env/bin/cmpress
[20:34:21] Determined cmpress version is 1.1
[20:34:21] Looking for 'cmscan' - found /home/diego/miniconda3/envs/prokka_env/bin/cmscan
[20:34:21] Determined cmscan version is 1.1
[20:34:21] Looking for 'egrep' - found /usr/bin/egrep
[20:34:21] Looking for 'find' - found /usr/bin/find
[20:34:21] Looking for 'grep' - found /usr/bin/grep
[20:34:21] Looking for 'hmmpress' - found /home/diego/miniconda3/envs/prokka_env/bin/hmmpress
[20:34:21] Determined hmmpress version is 3.3
[20:34:21] Looking for 'hmmscan' - found /home/diego/miniconda3/envs/prokka_env/bin/hmmscan
[20:34:21] Determined hmmscan version is 3.3
[20:34:21] Looking for 'java' - found /home/diego/miniconda3/envs/prokka_env/bin/java
[20:34:21] Looking for 'less' - found /usr/bin/less
[20:34:21] Looking for 'makeblastdb' - found /home/diego/miniconda3/envs/prokka_env/bin/makeblastdb
[20:34:21] Determined makeblastdb version is 2.14
[20:34:21] Looking for 'minced' - found /home/diego/miniconda3/envs/prokka_env/bin/minced
[20:34:21] Determined minced version is 4.2
[20:34:21] Looking for 'parallel' - found /home/diego/miniconda3/envs/prokka_env/bin/parallel
[20:34:21] Determined parallel version is 20160622
[20:34:21] Looking for 'prodigal' - found /home/diego/miniconda3/envs/prokka_env/bin/prodigal
[20:34:21] Determined prodigal version is 2.6
[20:34:21] Looking for 'prokka-genbank_to_fasta_db' - found /home/diego/miniconda3/envs/prokka_env/bin/prokka-genbank_to_fasta_db
[20:34:22] Looking for 'rnammer' - found /home/diego/rnammer-1.2.src/rnammer
[20:34:22] Determined rnammer version is 1.2
[20:34:22] Looking for 'sed' - found /usr/bin/sed
[20:34:22] Looking for 'tbl2asn' - found /home/diego/miniconda3/envs/prokka_env/bin/tbl2asn
[20:34:22] Determined tbl2asn version is 25.8
[20:34:22] Using genetic code table 11.
[20:34:22] Loading and checking input file: VFLIBAN.fasta
[20:34:22] Wrote 1 contigs totalling 120299 bp.
[20:34:22] Predicting tRNAs and tmRNAs
[20:34:22] Running: aragorn -l -gc11  -w annotation_prokka\/prokka_VFLIBAN\/prokka_VFLIBAN\.fna
[20:34:22] 1 tRNA-Trp [1179,1251] 35 (cca)
[20:34:22] 2 tRNA-Phe [14209,14281] 34 (gaa)
[20:34:22] 3 tRNA-Gln [20032,20103] 34 (ttg)
[20:34:22] 4 tRNA-Ser [28255,28341] 35 (gct)
[20:34:22] 5 tRNA-Met [45777,45848] 33 (cat)
[20:34:22] 6 tRNA-Leu [48877,48951] 35 (tag)
[20:34:22] 7 tRNA-Ser [48951,49035] 36 (gga)
[20:34:22] 8 tRNA-Asn c[53634,53708] 35 (gtt)
[20:34:22] 9 tRNA-Cys c[53816,53888] 34 (gca)
[20:34:22] 10 tRNA-Gly c[53895,53969] 35 (gcc)
[20:34:22] 11 tRNA-Val [60778,60848] 33 (tac)
[20:34:22] 12 tRNA-Leu c[62580,62667] 35 (caa)
[20:34:22] 13 tRNA-Ser c[62667,62753] 36 (tga)
[20:34:22] 14 tRNA-Arg [62757,62830] 35 (acg)
[20:34:22] 15 tRNA-Thr [68701,68771] 33 (tgt)
[20:34:22] 16 tRNA-His [68773,68846] 35 (gtg)
[20:34:22] 17 tRNA-Lys c[69660,69735] 36 (ttt)
[20:34:22] 18 tRNA-Val c[70621,70696] 36 (aac)
[20:34:22] 19 tRNA-Arg c[71754,71825] 34 (tct)
[20:34:22] 20 tRNA-Met c[71939,72010] 33 (cat)
[20:34:22] 21 tRNA-Pro [72047,72120] 35 (tgg)
[20:34:22] 22 tRNA-Asp c[81453,81526] 35 (gtc)
[20:34:22] 23 tRNA-Glu c[81528,81598] 33 (ttc)
[20:34:22] 24 tRNA-Ala c[102378,102449] 33 (tgc)
[20:34:22] 25 tRNA-Ile c[106601,106672] 33 (gat)
[20:34:22] 26 tRNA-Met [120046,120118] 34 (cat)
[20:34:22] 27 tRNA-Tyr [120132,120218] 36 (gta)
[20:34:22] 28 tRNA-Gly [120221,120291] 33 (tcc)
[20:34:22] Found 28 tRNAs
[20:34:22] Predicting Ribosomal RNAs
[20:34:22] Running Barrnap with 30 threads
[20:34:22] 1 gnl|Prokka|VFLIBAN_1 103808 23S ribosomal RNA
[20:34:22] 2 gnl|Prokka|VFLIBAN_1 106688 16S ribosomal RNA
[20:34:22] Found 2 rRNAs
[20:34:22] Skipping ncRNA search, enable with --rfam if desired.
[20:34:22] Total of 30 tRNA + rRNA features
[20:34:22] Searching for CRISPR repeats
[20:34:22] Found 0 CRISPRs
[20:34:22] Predicting coding sequences
[20:34:22] Contigs total 120299 bp, so using single mode
[20:34:22] Running: prodigal -i annotation_prokka\/prokka_VFLIBAN\/prokka_VFLIBAN\.fna -c -m -g 11 -p single -f sco -q
[20:34:22] Excluding CDS which overlaps existing RNA (tRNA) at gnl|Prokka|VFLIBAN_1:1..1188 on + strand
[20:34:22] Excluding CDS which overlaps existing RNA (tRNA) at gnl|Prokka|VFLIBAN_1:13826..14209 on + strand
[20:34:22] Excluding CDS which overlaps existing RNA (tRNA) at gnl|Prokka|VFLIBAN_1:26292..28256 on + strand
[20:34:22] Excluding CDS which overlaps existing RNA (tRNA) at gnl|Prokka|VFLIBAN_1:28323..28493 on - strand
[20:34:22] Excluding CDS which overlaps existing RNA (tRNA) at gnl|Prokka|VFLIBAN_1:44377..45786 on + strand
[20:34:22] Excluding CDS which overlaps existing RNA (tRNA) at gnl|Prokka|VFLIBAN_1:48713..48907 on + strand
[20:34:22] Excluding CDS which overlaps existing RNA (tRNA) at gnl|Prokka|VFLIBAN_1:53954..54466 on - strand
[20:34:22] Excluding CDS which overlaps existing RNA (tRNA) at gnl|Prokka|VFLIBAN_1:59639..60787 on + strand
[20:34:22] Excluding CDS which overlaps existing RNA (tRNA) at gnl|Prokka|VFLIBAN_1:61529..62587 on + strand
[20:34:22] Excluding CDS which overlaps existing RNA (tRNA) at gnl|Prokka|VFLIBAN_1:68438..68710 on + strand
[20:34:22] Excluding CDS which overlaps existing RNA (tRNA) at gnl|Prokka|VFLIBAN_1:68854..69663 on + strand
[20:34:22] Excluding CDS which overlaps existing RNA (tRNA) at gnl|Prokka|VFLIBAN_1:69725..70036 on - strand
[20:34:22] Excluding CDS which overlaps existing RNA (tRNA) at gnl|Prokka|VFLIBAN_1:70694..71746 on - strand
[20:34:22] Excluding CDS which overlaps existing RNA (tRNA) at gnl|Prokka|VFLIBAN_1:71828..71950 on + strand
[20:34:22] Excluding CDS which overlaps existing RNA (tRNA) at gnl|Prokka|VFLIBAN_1:81252..81491 on + strand
[20:34:22] Excluding CDS which overlaps existing RNA (rRNA) at gnl|Prokka|VFLIBAN_1:104255..104389 on - strand
[20:34:22] Excluding CDS which overlaps existing RNA (rRNA) at gnl|Prokka|VFLIBAN_1:104589..104732 on + strand
[20:34:22] Excluding CDS which overlaps existing RNA (tRNA) at gnl|Prokka|VFLIBAN_1:119074..120060 on + strand
[20:34:22] Excluding CDS which overlaps existing RNA (tRNA) at gnl|Prokka|VFLIBAN_1:120099..120257 on - strand
[20:34:22] Found 122 CDS
[20:34:22] Connecting features back to sequences
[20:34:22] Not using genus-specific database. Try --usegenus to enable it.
[20:34:22] Annotating CDS, please be patient.
[20:34:22] Will use 30 CPUs for similarity searching.
[20:34:22] There are still 122 unannotated CDS left (started with 122)
[20:34:22] Will use blast to search against /home/diego/miniconda3/envs/prokka_env/bin/../db/kingdom/Bacteria/sprot with 30 CPUs
[20:34:22] Running: cat annotation_prokka\/prokka_VFLIBAN\/sprot\.faa | parallel --gnu --plain -j 30 --block 568 --recstart '>' --pipe blastp -query - -db /home/diego/miniconda3/envs/prokka_env/bin/../db/kingdom/Bacteria/sprot -evalue 1e-06 -num_threads 1 -num_descriptions 1 -num_alignments 1 -seg no > annotation_prokka\/prokka_VFLIBAN\/sprot\.blast 2> /dev/null
[20:34:23] Deleting unwanted file: annotation_prokka/prokka_VFLIBAN/sprot.faa
[20:34:23] Deleting unwanted file: annotation_prokka/prokka_VFLIBAN/sprot.blast
[20:34:23] There are still 28 unannotated CDS left (started with 122)
[20:34:23] Will use hmmer3 to search against /home/diego/miniconda3/envs/prokka_env/bin/../db/hmm/HAMAP.hmm with 30 CPUs
[20:34:23] Running: cat annotation_prokka\/prokka_VFLIBAN\/HAMAP\.hmm\.faa | parallel --gnu --plain -j 30 --block 74 --recstart '>' --pipe hmmscan --noali --notextw --acc -E 1e-06 --cpu 1 /home/diego/miniconda3/envs/prokka_env/bin/../db/hmm/HAMAP.hmm /dev/stdin > annotation_prokka\/prokka_VFLIBAN\/HAMAP\.hmm\.hmmer3 2> /dev/null
[20:34:23] Deleting unwanted file: annotation_prokka/prokka_VFLIBAN/HAMAP.hmm.faa
[20:34:23] Deleting unwanted file: annotation_prokka/prokka_VFLIBAN/HAMAP.hmm.hmmer3
[20:34:23] Labelling remaining 23 proteins as 'hypothetical protein'
[20:34:23] Found 99 unique /gene codes.
[20:34:23] Fixed 0 colliding /gene names.
[20:34:23] Adding /locus_tag identifiers
[20:34:23] Assigned 152 locus_tags to CDS and RNA features.
[20:34:23] Writing outputs to annotation_prokka/prokka_VFLIBAN/
[20:34:23] Generating annotation statistics file
[20:34:23] Generating Genbank and Sequin files
[20:34:23] Running: tbl2asn -V b -a r10k -l paired-ends -M n -N 1 -y 'Annotated using prokka 1.13 from https://github.com/tseemann/prokka' -Z annotation_prokka\/prokka_VFLIBAN\/prokka_VFLIBAN\.err -i annotation_prokka\/prokka_VFLIBAN\/prokka_VFLIBAN\.fsa 2> /dev/null
[20:34:23] Deleting unwanted file: annotation_prokka/prokka_VFLIBAN/errorsummary.val
[20:34:23] Deleting unwanted file: annotation_prokka/prokka_VFLIBAN/prokka_VFLIBAN.dr
[20:34:23] Deleting unwanted file: annotation_prokka/prokka_VFLIBAN/prokka_VFLIBAN.fixedproducts
[20:34:23] Deleting unwanted file: annotation_prokka/prokka_VFLIBAN/prokka_VFLIBAN.ecn
[20:34:23] Deleting unwanted file: annotation_prokka/prokka_VFLIBAN/prokka_VFLIBAN.val
[20:34:23] Repairing broken .GBK output that tbl2asn produces...
[20:34:23] Running: sed 's/COORDINATES: profile/COORDINATES:profile/' < annotation_prokka\/prokka_VFLIBAN\/prokka_VFLIBAN\.gbf > annotation_prokka\/prokka_VFLIBAN\/prokka_VFLIBAN\.gbk
[20:34:23] Deleting unwanted file: annotation_prokka/prokka_VFLIBAN/prokka_VFLIBAN.gbf
[20:34:23] Output files:
[20:34:23] annotation_prokka/prokka_VFLIBAN/prokka_VFLIBAN.fna
[20:34:23] annotation_prokka/prokka_VFLIBAN/prokka_VFLIBAN.gff
[20:34:23] annotation_prokka/prokka_VFLIBAN/prokka_VFLIBAN.err
[20:34:23] annotation_prokka/prokka_VFLIBAN/prokka_VFLIBAN.fsa
[20:34:23] annotation_prokka/prokka_VFLIBAN/prokka_VFLIBAN.tsv
[20:34:23] annotation_prokka/prokka_VFLIBAN/prokka_VFLIBAN.faa
[20:34:23] annotation_prokka/prokka_VFLIBAN/prokka_VFLIBAN.txt
[20:34:23] annotation_prokka/prokka_VFLIBAN/prokka_VFLIBAN.sqn
[20:34:23] annotation_prokka/prokka_VFLIBAN/prokka_VFLIBAN.log
[20:34:23] annotation_prokka/prokka_VFLIBAN/prokka_VFLIBAN.tbl
[20:34:23] annotation_prokka/prokka_VFLIBAN/prokka_VFLIBAN.gbk
[20:34:23] annotation_prokka/prokka_VFLIBAN/prokka_VFLIBAN.ffn
[20:34:23] Annotation finished successfully.
[20:34:23] Walltime used: 0.03 minutes
[20:34:23] If you use this result please cite the Prokka paper:
[20:34:23] Seemann T (2014) Prokka: rapid prokaryotic genome annotation. Bioinformatics. 30(14):2068-9.
[20:34:23] Type 'prokka --citation' for more details.
[20:34:23] Thank you, come again.
