Discrepancy Report Results

Summary
DISC_SOURCE_QUALS_ASNDISC:strain (all present, all unique)
DISC_SOURCE_QUALS_ASNDISC:taxname (all present, all unique)
DISC_FEATURE_COUNT:gene: 171 present
DISC_FEATURE_COUNT:CDS: 143 present
DISC_FEATURE_COUNT:tRNA: 26 present
DISC_FEATURE_COUNT:rRNA: 2 present
DISC_COUNT_NUCLEOTIDES:1 nucleotide Bioseqs are present
OVERLAPPING_GENES:139 genes overlap another gene on the same strand.
RNA_CDS_OVERLAP:20 coding regions overlap RNA features
DISC_QUALITY_SCORES:Quality scores are missing on all sequences.
ONCALLER_COMMENT_PRESENT:1 comment descriptors were found (all same)
SHORT_PROT_SEQUENCES:7 protein sequences are shorter than 50 aa.
MISSING_GENOMEASSEMBLY_COMMENTS:1 bioseqs are missing GenomeAssembly structured comments
FIND_OVERLAPPED_GENES:2 genes completely overlapped by other genes
MOLTYPE_NOT_MRNA:1 molecule types are not set as mRNA.
TECHNIQUE_NOT_TSA:1 technique are not set as TSA
MISSING_STRUCTURED_COMMENT:1 sequences do not include structured comments.
MISSING_PROJECT:144 sequences do not include project.
DISC_INCONSISTENT_MOLINFO_TECH:Molinfo Technique Report (some missing, all same)


Detailed Report

DiscRep_ALL:DISC_SOURCE_QUALS_ASNDISC::strain (all present, all unique)
DiscRep_SUB:DISC_SOURCE_QUALS_ASNDISC::1 sources have unique values for strain
DiscRep_ALL:DISC_SOURCE_QUALS_ASNDISC::taxname (all present, all unique)
DiscRep_SUB:DISC_SOURCE_QUALS_ASNDISC::1 sources have unique values for taxname
DiscRep_ALL:DISC_FEATURE_COUNT::gene: 171 present
DiscRep_ALL:DISC_FEATURE_COUNT::CDS: 143 present
DiscRep_ALL:DISC_FEATURE_COUNT::tRNA: 26 present
DiscRep_ALL:DISC_FEATURE_COUNT::rRNA: 2 present
DiscRep_ALL:DISC_COUNT_NUCLEOTIDES::1 nucleotide Bioseqs are present
prokka_VFOMMDIS_pseudofinder/VFOMMDIS:Prokka:VFOMMDIS_1 (length 115186)

DiscRep_ALL:OVERLAPPING_GENES::139 genes overlap another gene on the same strand.
prokka_VFOMMDIS_pseudofinder/VFOMMDIS:Gene	tufA	VFOMMDIS_1:1-1191	VFOMMDIS_00001
prokka_VFOMMDIS_pseudofinder/VFOMMDIS:Gene	VFOMMDIS_00002	VFOMMDIS_1:1181-1254	VFOMMDIS_00002
prokka_VFOMMDIS_pseudofinder/VFOMMDIS:Gene	rplK	VFOMMDIS_1:1253-1624	VFOMMDIS_00003
prokka_VFOMMDIS_pseudofinder/VFOMMDIS:Gene	VFOMMDIS_00004	VFOMMDIS_1:1614-2168	VFOMMDIS_00004
prokka_VFOMMDIS_pseudofinder/VFOMMDIS:Gene	VFOMMDIS_00005	VFOMMDIS_1:2149-2577	VFOMMDIS_00005
prokka_VFOMMDIS_pseudofinder/VFOMMDIS:Gene	VFOMMDIS_00006	VFOMMDIS_1:2555-2890	VFOMMDIS_00006
prokka_VFOMMDIS_pseudofinder/VFOMMDIS:Gene	rpoB	VFOMMDIS_1:2887-6339	VFOMMDIS_00007
prokka_VFOMMDIS_pseudofinder/VFOMMDIS:Gene	rpoC	VFOMMDIS_1:6336-9968	VFOMMDIS_00008
prokka_VFOMMDIS_pseudofinder/VFOMMDIS:Gene	rpsL	VFOMMDIS_1:9943-10326	VFOMMDIS_00009
prokka_VFOMMDIS_pseudofinder/VFOMMDIS:Gene	rpsG	VFOMMDIS_1:10304-10777	VFOMMDIS_00010
prokka_VFOMMDIS_pseudofinder/VFOMMDIS:Gene	fusA	VFOMMDIS_1:10777-12774	VFOMMDIS_00011
prokka_VFOMMDIS_pseudofinder/VFOMMDIS:Gene	rpsJ	VFOMMDIS_1:12771-13061	VFOMMDIS_00012
prokka_VFOMMDIS_pseudofinder/VFOMMDIS:Gene	VFOMMDIS_00013	VFOMMDIS_1:13058-13450	VFOMMDIS_00013
prokka_VFOMMDIS_pseudofinder/VFOMMDIS:Gene	VFOMMDIS_00014	VFOMMDIS_1:13441-13513	VFOMMDIS_00014
prokka_VFOMMDIS_pseudofinder/VFOMMDIS:Gene	VFOMMDIS_00015	VFOMMDIS_1:13522-13887	VFOMMDIS_00015
prokka_VFOMMDIS_pseudofinder/VFOMMDIS:Gene	VFOMMDIS_00016	VFOMMDIS_1:13871-14668	VFOMMDIS_00016
prokka_VFOMMDIS_pseudofinder/VFOMMDIS:Gene	rsmA	VFOMMDIS_1:c15314-14637	VFOMMDIS_00017
prokka_VFOMMDIS_pseudofinder/VFOMMDIS:Gene	VFOMMDIS_00018	VFOMMDIS_1:c16365-15295	VFOMMDIS_00018
prokka_VFOMMDIS_pseudofinder/VFOMMDIS:Gene	rpsI	VFOMMDIS_1:c16751-16362	VFOMMDIS_00019
prokka_VFOMMDIS_pseudofinder/VFOMMDIS:Gene	VFOMMDIS_00020	VFOMMDIS_1:c17023-16748	VFOMMDIS_00020
prokka_VFOMMDIS_pseudofinder/VFOMMDIS:Gene	dapF	VFOMMDIS_1:c17726-17013	VFOMMDIS_00021
prokka_VFOMMDIS_pseudofinder/VFOMMDIS:Gene	rpiA	VFOMMDIS_1:c18325-17723	VFOMMDIS_00022
prokka_VFOMMDIS_pseudofinder/VFOMMDIS:Gene	infB	VFOMMDIS_1:c19689-18322	VFOMMDIS_00023
prokka_VFOMMDIS_pseudofinder/VFOMMDIS:Gene	prs	VFOMMDIS_1:19804-20523	VFOMMDIS_00025
prokka_VFOMMDIS_pseudofinder/VFOMMDIS:Gene	VFOMMDIS_00026	VFOMMDIS_1:20520-20966	VFOMMDIS_00026
prokka_VFOMMDIS_pseudofinder/VFOMMDIS:Gene	lysS	VFOMMDIS_1:c23860-22757	VFOMMDIS_00030
prokka_VFOMMDIS_pseudofinder/VFOMMDIS:Gene	prfB	VFOMMDIS_1:c24492-23857	VFOMMDIS_00031
prokka_VFOMMDIS_pseudofinder/VFOMMDIS:Gene	dapA	VFOMMDIS_1:c25360-24485	VFOMMDIS_00032
prokka_VFOMMDIS_pseudofinder/VFOMMDIS:Gene	tilS	VFOMMDIS_1:25449-27269	VFOMMDIS_00033
prokka_VFOMMDIS_pseudofinder/VFOMMDIS:Gene	VFOMMDIS_00034	VFOMMDIS_1:27247-27330	VFOMMDIS_00034
prokka_VFOMMDIS_pseudofinder/VFOMMDIS:Gene	VFOMMDIS_00035	VFOMMDIS_1:c29688-27463	VFOMMDIS_00035
prokka_VFOMMDIS_pseudofinder/VFOMMDIS:Gene	VFOMMDIS_00036	VFOMMDIS_1:c29825-29685	VFOMMDIS_00036
prokka_VFOMMDIS_pseudofinder/VFOMMDIS:Gene	VFOMMDIS_00037	VFOMMDIS_1:c29962-29804	VFOMMDIS_00037
prokka_VFOMMDIS_pseudofinder/VFOMMDIS:Gene	VFOMMDIS_00039	VFOMMDIS_1:32320-32955	VFOMMDIS_00039
prokka_VFOMMDIS_pseudofinder/VFOMMDIS:Gene	metC	VFOMMDIS_1:32952-34019	VFOMMDIS_00040
prokka_VFOMMDIS_pseudofinder/VFOMMDIS:Gene	prfA	VFOMMDIS_1:c34829-34002	VFOMMDIS_00041
prokka_VFOMMDIS_pseudofinder/VFOMMDIS:Gene	trpC	VFOMMDIS_1:c35490-34819	VFOMMDIS_00042
prokka_VFOMMDIS_pseudofinder/VFOMMDIS:Gene	trpD	VFOMMDIS_1:c36388-35462	VFOMMDIS_00043
prokka_VFOMMDIS_pseudofinder/VFOMMDIS:Gene	pabA	VFOMMDIS_1:c36875-36336	VFOMMDIS_00044
prokka_VFOMMDIS_pseudofinder/VFOMMDIS:Gene	menF	VFOMMDIS_1:c37987-36872	VFOMMDIS_00045
prokka_VFOMMDIS_pseudofinder/VFOMMDIS:Gene	argH	VFOMMDIS_1:c39324-37984	VFOMMDIS_00046
prokka_VFOMMDIS_pseudofinder/VFOMMDIS:Gene	gluQ	VFOMMDIS_1:c40831-39542	VFOMMDIS_00047
prokka_VFOMMDIS_pseudofinder/VFOMMDIS:Gene	thrB	VFOMMDIS_1:c41639-40812	VFOMMDIS_00048
prokka_VFOMMDIS_pseudofinder/VFOMMDIS:Gene	tsaD	VFOMMDIS_1:c42463-41624	VFOMMDIS_00049
prokka_VFOMMDIS_pseudofinder/VFOMMDIS:Gene	dnaG	VFOMMDIS_1:42504-43598	VFOMMDIS_00050
prokka_VFOMMDIS_pseudofinder/VFOMMDIS:Gene	rpoD	VFOMMDIS_1:43595-44914	VFOMMDIS_00051
prokka_VFOMMDIS_pseudofinder/VFOMMDIS:Gene	dnaE	VFOMMDIS_1:45142-47946	VFOMMDIS_00052
prokka_VFOMMDIS_pseudofinder/VFOMMDIS:Gene	VFOMMDIS_00053	VFOMMDIS_1:47927-48079	VFOMMDIS_00053
prokka_VFOMMDIS_pseudofinder/VFOMMDIS:Gene	VFOMMDIS_00054	VFOMMDIS_1:48045-48117	VFOMMDIS_00054
prokka_VFOMMDIS_pseudofinder/VFOMMDIS:Gene	VFOMMDIS_00056	VFOMMDIS_1:48191-48273	VFOMMDIS_00056
prokka_VFOMMDIS_pseudofinder/VFOMMDIS:Gene	VFOMMDIS_00057	VFOMMDIS_1:48201-48986	VFOMMDIS_00057
prokka_VFOMMDIS_pseudofinder/VFOMMDIS:Gene	asd	VFOMMDIS_1:48961-49938	VFOMMDIS_00058
prokka_VFOMMDIS_pseudofinder/VFOMMDIS:Gene	trpF	VFOMMDIS_1:49898-50404	VFOMMDIS_00059
prokka_VFOMMDIS_pseudofinder/VFOMMDIS:Gene	trpB	VFOMMDIS_1:50397-51518	VFOMMDIS_00060
prokka_VFOMMDIS_pseudofinder/VFOMMDIS:Gene	trpA	VFOMMDIS_1:51515-52111	VFOMMDIS_00061
prokka_VFOMMDIS_pseudofinder/VFOMMDIS:Gene	VFOMMDIS_00062	VFOMMDIS_1:52093-52326	VFOMMDIS_00062
prokka_VFOMMDIS_pseudofinder/VFOMMDIS:Gene	VFOMMDIS_00063	VFOMMDIS_1:52307-52522	VFOMMDIS_00063
prokka_VFOMMDIS_pseudofinder/VFOMMDIS:Gene	VFOMMDIS_00066	VFOMMDIS_1:c53165-53095	VFOMMDIS_00066
prokka_VFOMMDIS_pseudofinder/VFOMMDIS:Gene	VFOMMDIS_00067	VFOMMDIS_1:c53238-53165	VFOMMDIS_00067
prokka_VFOMMDIS_pseudofinder/VFOMMDIS:Gene	dnaQ	VFOMMDIS_1:c53705-53223	VFOMMDIS_00068
prokka_VFOMMDIS_pseudofinder/VFOMMDIS:Gene	carA	VFOMMDIS_1:53740-54759	VFOMMDIS_00069
prokka_VFOMMDIS_pseudofinder/VFOMMDIS:Gene	carB	VFOMMDIS_1:54756-57794	VFOMMDIS_00070
prokka_VFOMMDIS_pseudofinder/VFOMMDIS:Gene	rlmE	VFOMMDIS_1:57772-58281	VFOMMDIS_00071
prokka_VFOMMDIS_pseudofinder/VFOMMDIS:Gene	clpP	VFOMMDIS_1:58275-58838	VFOMMDIS_00072
prokka_VFOMMDIS_pseudofinder/VFOMMDIS:Gene	clpX	VFOMMDIS_1:58835-59923	VFOMMDIS_00073
prokka_VFOMMDIS_pseudofinder/VFOMMDIS:Gene	VFOMMDIS_00074	VFOMMDIS_1:59914-59985	VFOMMDIS_00074
prokka_VFOMMDIS_pseudofinder/VFOMMDIS:Gene	hisG	VFOMMDIS_1:60153-60743	VFOMMDIS_00077
prokka_VFOMMDIS_pseudofinder/VFOMMDIS:Gene	hisD	VFOMMDIS_1:60730-61911	VFOMMDIS_00078
prokka_VFOMMDIS_pseudofinder/VFOMMDIS:Gene	hisC	VFOMMDIS_1:61904-62770	VFOMMDIS_00079
prokka_VFOMMDIS_pseudofinder/VFOMMDIS:Gene	hisB	VFOMMDIS_1:62767-63321	VFOMMDIS_00080
prokka_VFOMMDIS_pseudofinder/VFOMMDIS:Gene	hisH	VFOMMDIS_1:63318-63893	VFOMMDIS_00081
prokka_VFOMMDIS_pseudofinder/VFOMMDIS:Gene	hisA	VFOMMDIS_1:63890-64573	VFOMMDIS_00082
prokka_VFOMMDIS_pseudofinder/VFOMMDIS:Gene	hisF	VFOMMDIS_1:64570-65289	VFOMMDIS_00083
prokka_VFOMMDIS_pseudofinder/VFOMMDIS:Gene	hisI	VFOMMDIS_1:65286-65567	VFOMMDIS_00084
prokka_VFOMMDIS_pseudofinder/VFOMMDIS:Gene	hisE	VFOMMDIS_1:65554-65820	VFOMMDIS_00085
prokka_VFOMMDIS_pseudofinder/VFOMMDIS:Gene	VFOMMDIS_00086	VFOMMDIS_1:65819-65891	VFOMMDIS_00086
prokka_VFOMMDIS_pseudofinder/VFOMMDIS:Gene	VFOMMDIS_00088	VFOMMDIS_1:c66748-66675	VFOMMDIS_00088
prokka_VFOMMDIS_pseudofinder/VFOMMDIS:Gene	rplT	VFOMMDIS_1:c67079-66738	VFOMMDIS_00089
prokka_VFOMMDIS_pseudofinder/VFOMMDIS:Gene	VFOMMDIS_00090	VFOMMDIS_1:c67203-67036	VFOMMDIS_00090
prokka_VFOMMDIS_pseudofinder/VFOMMDIS:Gene	infC	VFOMMDIS_1:c67622-67197	VFOMMDIS_00091
prokka_VFOMMDIS_pseudofinder/VFOMMDIS:Gene	VFOMMDIS_00097	VFOMMDIS_1:68963-69055	VFOMMDIS_00097
prokka_VFOMMDIS_pseudofinder/VFOMMDIS:Gene	VFOMMDIS_00098	VFOMMDIS_1:69032-69103	VFOMMDIS_00098
prokka_VFOMMDIS_pseudofinder/VFOMMDIS:Gene	VFOMMDIS_00100	VFOMMDIS_1:c69861-69367	VFOMMDIS_00100
prokka_VFOMMDIS_pseudofinder/VFOMMDIS:Gene	VFOMMDIS_00101	VFOMMDIS_1:c70651-69842	VFOMMDIS_00101
prokka_VFOMMDIS_pseudofinder/VFOMMDIS:Gene	aspC	VFOMMDIS_1:70800-71846	VFOMMDIS_00102
prokka_VFOMMDIS_pseudofinder/VFOMMDIS:Gene	dapD	VFOMMDIS_1:71815-72540	VFOMMDIS_00103
prokka_VFOMMDIS_pseudofinder/VFOMMDIS:Gene	dapE	VFOMMDIS_1:72530-73597	VFOMMDIS_00104
prokka_VFOMMDIS_pseudofinder/VFOMMDIS:Gene	VFOMMDIS_00105	VFOMMDIS_1:c73805-73587	VFOMMDIS_00105
prokka_VFOMMDIS_pseudofinder/VFOMMDIS:Gene	thrC	VFOMMDIS_1:c75036-73783	VFOMMDIS_00106
prokka_VFOMMDIS_pseudofinder/VFOMMDIS:Gene	VFOMMDIS_00107	VFOMMDIS_1:c76157-75033	VFOMMDIS_00107
prokka_VFOMMDIS_pseudofinder/VFOMMDIS:Gene	dnaC	VFOMMDIS_1:c77338-76154	VFOMMDIS_00108
prokka_VFOMMDIS_pseudofinder/VFOMMDIS:Gene	VFOMMDIS_00109	VFOMMDIS_1:c77489-77328	VFOMMDIS_00109
prokka_VFOMMDIS_pseudofinder/VFOMMDIS:Gene	VFOMMDIS_00110	VFOMMDIS_1:c77758-77486	VFOMMDIS_00110
prokka_VFOMMDIS_pseudofinder/VFOMMDIS:Gene	mnmE	VFOMMDIS_1:78435-79694	VFOMMDIS_00114
prokka_VFOMMDIS_pseudofinder/VFOMMDIS:Gene	mnmG	VFOMMDIS_1:79691-81436	VFOMMDIS_00115
prokka_VFOMMDIS_pseudofinder/VFOMMDIS:Gene	VFOMMDIS_00116	VFOMMDIS_1:81433-81684	VFOMMDIS_00116
prokka_VFOMMDIS_pseudofinder/VFOMMDIS:Gene	groL	VFOMMDIS_1:81665-83239	VFOMMDIS_00117
prokka_VFOMMDIS_pseudofinder/VFOMMDIS:Gene	aroA	VFOMMDIS_1:83240-84460	VFOMMDIS_00118
prokka_VFOMMDIS_pseudofinder/VFOMMDIS:Gene	VFOMMDIS_00119	VFOMMDIS_1:84457-85410	VFOMMDIS_00119
prokka_VFOMMDIS_pseudofinder/VFOMMDIS:Gene	dnaJ	VFOMMDIS_1:c87891-86917	VFOMMDIS_00122
prokka_VFOMMDIS_pseudofinder/VFOMMDIS:Gene	dnaK	VFOMMDIS_1:c89668-87878	VFOMMDIS_00123
prokka_VFOMMDIS_pseudofinder/VFOMMDIS:Gene	mnmA	VFOMMDIS_1:c91846-91010	VFOMMDIS_00126
prokka_VFOMMDIS_pseudofinder/VFOMMDIS:Gene	VFOMMDIS_00127	VFOMMDIS_1:c93717-91843	VFOMMDIS_00127
prokka_VFOMMDIS_pseudofinder/VFOMMDIS:Gene	dapB	VFOMMDIS_1:c94349-93714	VFOMMDIS_00128
prokka_VFOMMDIS_pseudofinder/VFOMMDIS:Gene	maeB	VFOMMDIS_1:c95557-94346	VFOMMDIS_00129
prokka_VFOMMDIS_pseudofinder/VFOMMDIS:Gene	aroE	VFOMMDIS_1:c96227-95508	VFOMMDIS_00130
prokka_VFOMMDIS_pseudofinder/VFOMMDIS:Gene	rpmA	VFOMMDIS_1:c96865-96611	VFOMMDIS_00132
prokka_VFOMMDIS_pseudofinder/VFOMMDIS:Gene	VFOMMDIS_00133	VFOMMDIS_1:c97149-96844	VFOMMDIS_00133
prokka_VFOMMDIS_pseudofinder/VFOMMDIS:Gene	rsmH	VFOMMDIS_1:c97819-97142	VFOMMDIS_00134
prokka_VFOMMDIS_pseudofinder/VFOMMDIS:Gene	VFOMMDIS_00137	VFOMMDIS_1:c101912-99200	VFOMMDIS_00137
prokka_VFOMMDIS_pseudofinder/VFOMMDIS:Gene	VFOMMDIS_00139	VFOMMDIS_1:c100297-100190	VFOMMDIS_00139
prokka_VFOMMDIS_pseudofinder/VFOMMDIS:Gene	VFOMMDIS_00141	VFOMMDIS_1:c103498-102019	VFOMMDIS_00141
prokka_VFOMMDIS_pseudofinder/VFOMMDIS:Gene	VFOMMDIS_00142	VFOMMDIS_1:c102589-102455	VFOMMDIS_00142
prokka_VFOMMDIS_pseudofinder/VFOMMDIS:Gene	VFOMMDIS_00143	VFOMMDIS_1:103580-103969	VFOMMDIS_00143
prokka_VFOMMDIS_pseudofinder/VFOMMDIS:Gene	VFOMMDIS_00144	VFOMMDIS_1:103963-104484	VFOMMDIS_00144
prokka_VFOMMDIS_pseudofinder/VFOMMDIS:Gene	VFOMMDIS_00145	VFOMMDIS_1:104453-104617	VFOMMDIS_00145
prokka_VFOMMDIS_pseudofinder/VFOMMDIS:Gene	rplB	VFOMMDIS_1:104614-105387	VFOMMDIS_00146
prokka_VFOMMDIS_pseudofinder/VFOMMDIS:Gene	rpsS	VFOMMDIS_1:105384-105635	VFOMMDIS_00147
prokka_VFOMMDIS_pseudofinder/VFOMMDIS:Gene	VFOMMDIS_00148	VFOMMDIS_1:105632-105964	VFOMMDIS_00148
prokka_VFOMMDIS_pseudofinder/VFOMMDIS:Gene	rpsC	VFOMMDIS_1:105949-106575	VFOMMDIS_00149
prokka_VFOMMDIS_pseudofinder/VFOMMDIS:Gene	rplP	VFOMMDIS_1:106547-106972	VFOMMDIS_00150
prokka_VFOMMDIS_pseudofinder/VFOMMDIS:Gene	VFOMMDIS_00151	VFOMMDIS_1:106953-107171	VFOMMDIS_00151
prokka_VFOMMDIS_pseudofinder/VFOMMDIS:Gene	rplN	VFOMMDIS_1:107168-107530	VFOMMDIS_00152
prokka_VFOMMDIS_pseudofinder/VFOMMDIS:Gene	rplE	VFOMMDIS_1:107527-108063	VFOMMDIS_00153
prokka_VFOMMDIS_pseudofinder/VFOMMDIS:Gene	rpsN	VFOMMDIS_1:108063-108359	VFOMMDIS_00154
prokka_VFOMMDIS_pseudofinder/VFOMMDIS:Gene	rpsH	VFOMMDIS_1:108360-108737	VFOMMDIS_00155
prokka_VFOMMDIS_pseudofinder/VFOMMDIS:Gene	VFOMMDIS_00156	VFOMMDIS_1:108718-109236	VFOMMDIS_00156
prokka_VFOMMDIS_pseudofinder/VFOMMDIS:Gene	VFOMMDIS_00157	VFOMMDIS_1:109199-109486	VFOMMDIS_00157
prokka_VFOMMDIS_pseudofinder/VFOMMDIS:Gene	rpsE	VFOMMDIS_1:109455-109889	VFOMMDIS_00158
prokka_VFOMMDIS_pseudofinder/VFOMMDIS:Gene	rplO	VFOMMDIS_1:109873-110208	VFOMMDIS_00159
prokka_VFOMMDIS_pseudofinder/VFOMMDIS:Gene	infA	VFOMMDIS_1:110189-110413	VFOMMDIS_00160
prokka_VFOMMDIS_pseudofinder/VFOMMDIS:Gene	VFOMMDIS_00161	VFOMMDIS_1:110410-110523	VFOMMDIS_00161
prokka_VFOMMDIS_pseudofinder/VFOMMDIS:Gene	rpsM	VFOMMDIS_1:110520-110849	VFOMMDIS_00162
prokka_VFOMMDIS_pseudofinder/VFOMMDIS:Gene	rpsK	VFOMMDIS_1:110846-111187	VFOMMDIS_00163
prokka_VFOMMDIS_pseudofinder/VFOMMDIS:Gene	VFOMMDIS_00164	VFOMMDIS_1:111184-111666	VFOMMDIS_00164
prokka_VFOMMDIS_pseudofinder/VFOMMDIS:Gene	rpoA	VFOMMDIS_1:111656-112261	VFOMMDIS_00165
prokka_VFOMMDIS_pseudofinder/VFOMMDIS:Gene	VFOMMDIS_00166	VFOMMDIS_1:112251-112520	VFOMMDIS_00166
prokka_VFOMMDIS_pseudofinder/VFOMMDIS:Gene	aroB	VFOMMDIS_1:113946-114935	VFOMMDIS_00168
prokka_VFOMMDIS_pseudofinder/VFOMMDIS:Gene	VFOMMDIS_00169	VFOMMDIS_1:114912-114983	VFOMMDIS_00169

DiscRep_ALL:RNA_CDS_OVERLAP::20 coding regions overlap RNA features
FATAL: DiscRep_SUB:RNA_CDS_OVERLAP::3 coding regions are completely contained in RNAs
prokka_VFOMMDIS_pseudofinder/VFOMMDIS:CDS	hypothetical protein	VFOMMDIS_1:99985-100128	VFOMMDIS_00138
prokka_VFOMMDIS_pseudofinder/VFOMMDIS:rRNA	23S ribosomal RNA	VFOMMDIS_1:c101912-99200	VFOMMDIS_00137
prokka_VFOMMDIS_pseudofinder/VFOMMDIS:CDS	hypothetical protein	VFOMMDIS_1:c100297-100190	VFOMMDIS_00139
prokka_VFOMMDIS_pseudofinder/VFOMMDIS:rRNA	23S ribosomal RNA	VFOMMDIS_1:c101912-99200	VFOMMDIS_00137
prokka_VFOMMDIS_pseudofinder/VFOMMDIS:CDS	hypothetical protein	VFOMMDIS_1:c102589-102455	VFOMMDIS_00142
prokka_VFOMMDIS_pseudofinder/VFOMMDIS:rRNA	16S ribosomal RNA	VFOMMDIS_1:c103498-102019	VFOMMDIS_00141

DiscRep_SUB:RNA_CDS_OVERLAP::17 coding regions overlap RNAs (no containment)
DiscRep_SUB:RNA_CDS_OVERLAP::12 coding regions overlap RNAs on the same strand (no containment)
prokka_VFOMMDIS_pseudofinder/VFOMMDIS:CDS	Elongation factor Tu	VFOMMDIS_1:1-1191	VFOMMDIS_00001
prokka_VFOMMDIS_pseudofinder/VFOMMDIS:tRNA	Trp	VFOMMDIS_1:1181-1254	VFOMMDIS_00002
prokka_VFOMMDIS_pseudofinder/VFOMMDIS:CDS	50S ribosomal protein L11	VFOMMDIS_1:1253-1624	VFOMMDIS_00003
prokka_VFOMMDIS_pseudofinder/VFOMMDIS:tRNA	Trp	VFOMMDIS_1:1181-1254	VFOMMDIS_00002
prokka_VFOMMDIS_pseudofinder/VFOMMDIS:CDS	hypothetical protein	VFOMMDIS_1:13058-13450	VFOMMDIS_00013
prokka_VFOMMDIS_pseudofinder/VFOMMDIS:tRNA	Phe	VFOMMDIS_1:13441-13513	VFOMMDIS_00014
prokka_VFOMMDIS_pseudofinder/VFOMMDIS:CDS	tRNA(Ile)-lysidine synthase	VFOMMDIS_1:25449-27269	VFOMMDIS_00033
prokka_VFOMMDIS_pseudofinder/VFOMMDIS:tRNA	Ser	VFOMMDIS_1:27247-27330	VFOMMDIS_00034
prokka_VFOMMDIS_pseudofinder/VFOMMDIS:CDS	hypothetical protein	VFOMMDIS_1:47927-48079	VFOMMDIS_00053
prokka_VFOMMDIS_pseudofinder/VFOMMDIS:tRNA	Leu	VFOMMDIS_1:48045-48117	VFOMMDIS_00054
prokka_VFOMMDIS_pseudofinder/VFOMMDIS:CDS	hypothetical protein	VFOMMDIS_1:48201-48986	VFOMMDIS_00057
prokka_VFOMMDIS_pseudofinder/VFOMMDIS:tRNA	Ser	VFOMMDIS_1:48191-48273	VFOMMDIS_00056
prokka_VFOMMDIS_pseudofinder/VFOMMDIS:CDS	DNA polymerase III subunit epsilon	VFOMMDIS_1:c53705-53223	VFOMMDIS_00068
prokka_VFOMMDIS_pseudofinder/VFOMMDIS:tRNA	Gly	VFOMMDIS_1:c53238-53165	VFOMMDIS_00067
prokka_VFOMMDIS_pseudofinder/VFOMMDIS:CDS	ATP-dependent Clp protease ATP-binding subunit ClpX	VFOMMDIS_1:58835-59923	VFOMMDIS_00073
prokka_VFOMMDIS_pseudofinder/VFOMMDIS:tRNA	Val	VFOMMDIS_1:59914-59985	VFOMMDIS_00074
prokka_VFOMMDIS_pseudofinder/VFOMMDIS:CDS	Phosphoribosyl-ATP pyrophosphatase	VFOMMDIS_1:65554-65820	VFOMMDIS_00085
prokka_VFOMMDIS_pseudofinder/VFOMMDIS:tRNA	His	VFOMMDIS_1:65819-65891	VFOMMDIS_00086
prokka_VFOMMDIS_pseudofinder/VFOMMDIS:CDS	50S ribosomal protein L20	VFOMMDIS_1:c67079-66738	VFOMMDIS_00089
prokka_VFOMMDIS_pseudofinder/VFOMMDIS:tRNA	Lys	VFOMMDIS_1:c66748-66675	VFOMMDIS_00088
prokka_VFOMMDIS_pseudofinder/VFOMMDIS:CDS	hypothetical protein	VFOMMDIS_1:68963-69055	VFOMMDIS_00097
prokka_VFOMMDIS_pseudofinder/VFOMMDIS:tRNA	Pro	VFOMMDIS_1:69032-69103	VFOMMDIS_00098
prokka_VFOMMDIS_pseudofinder/VFOMMDIS:CDS	3-dehydroquinate synthase	VFOMMDIS_1:113946-114935	VFOMMDIS_00168
prokka_VFOMMDIS_pseudofinder/VFOMMDIS:tRNA	Met	VFOMMDIS_1:114912-114983	VFOMMDIS_00169

DiscRep_SUB:RNA_CDS_OVERLAP::5 coding regions overlap RNAs on the opposite strand (no containment)
prokka_VFOMMDIS_pseudofinder/VFOMMDIS:CDS	hypothetical protein	VFOMMDIS_1:52591-53061	VFOMMDIS_00065
prokka_VFOMMDIS_pseudofinder/VFOMMDIS:tRNA	Asn	VFOMMDIS_1:c52597-52526	VFOMMDIS_00064
prokka_VFOMMDIS_pseudofinder/VFOMMDIS:CDS	Ornithine carbamoyltransferase	VFOMMDIS_1:65892-66689	VFOMMDIS_00087
prokka_VFOMMDIS_pseudofinder/VFOMMDIS:tRNA	Lys	VFOMMDIS_1:c66748-66675	VFOMMDIS_00088
prokka_VFOMMDIS_pseudofinder/VFOMMDIS:CDS	hypothetical protein	VFOMMDIS_1:68806-68934	VFOMMDIS_00095
prokka_VFOMMDIS_pseudofinder/VFOMMDIS:tRNA	Arg	VFOMMDIS_1:c68806-68733	VFOMMDIS_00094
prokka_VFOMMDIS_pseudofinder/VFOMMDIS:CDS	hypothetical protein	VFOMMDIS_1:68806-68934	VFOMMDIS_00095
prokka_VFOMMDIS_pseudofinder/VFOMMDIS:tRNA	Met	VFOMMDIS_1:c68997-68926	VFOMMDIS_00096
prokka_VFOMMDIS_pseudofinder/VFOMMDIS:CDS	hypothetical protein	VFOMMDIS_1:68963-69055	VFOMMDIS_00097
prokka_VFOMMDIS_pseudofinder/VFOMMDIS:tRNA	Met	VFOMMDIS_1:c68997-68926	VFOMMDIS_00096

DiscRep_ALL:DISC_QUALITY_SCORES::Quality scores are missing on all sequences.

DiscRep_ALL:ONCALLER_COMMENT_PRESENT::1 comment descriptors were found (all same)
prokka_VFOMMDIS_pseudofinder/VFOMMDIS:Prokka:VFOMMDIS_1:Annotated using prokka 1.14.6 from https://github.com/tseemann/prokka

DiscRep_ALL:SHORT_PROT_SEQUENCES::7 protein sequences are shorter than 50 aa.
prokka_VFOMMDIS_pseudofinder/VFOMMDIS:Prokka:VFOMMDIS_00036 (length 46)
prokka_VFOMMDIS_pseudofinder/VFOMMDIS:Prokka:VFOMMDIS_00095 (length 42)
prokka_VFOMMDIS_pseudofinder/VFOMMDIS:Prokka:VFOMMDIS_00097 (length 30)
prokka_VFOMMDIS_pseudofinder/VFOMMDIS:Prokka:VFOMMDIS_00138 (length 47)
prokka_VFOMMDIS_pseudofinder/VFOMMDIS:Prokka:VFOMMDIS_00139 (length 35)
prokka_VFOMMDIS_pseudofinder/VFOMMDIS:Prokka:VFOMMDIS_00142 (length 44)
prokka_VFOMMDIS_pseudofinder/VFOMMDIS:Prokka:VFOMMDIS_00161 (length 37)

DiscRep_ALL:MISSING_GENOMEASSEMBLY_COMMENTS::1 bioseqs are missing GenomeAssembly structured comments
prokka_VFOMMDIS_pseudofinder/VFOMMDIS:Prokka:VFOMMDIS_1 (length 115186)

DiscRep_ALL:FIND_OVERLAPPED_GENES::2 genes completely overlapped by other genes
prokka_VFOMMDIS_pseudofinder/VFOMMDIS:Gene	VFOMMDIS_00139	VFOMMDIS_1:c100297-100190	VFOMMDIS_00139
prokka_VFOMMDIS_pseudofinder/VFOMMDIS:Gene	VFOMMDIS_00142	VFOMMDIS_1:c102589-102455	VFOMMDIS_00142

DiscRep_ALL:MOLTYPE_NOT_MRNA::1 molecule types are not set as mRNA.
prokka_VFOMMDIS_pseudofinder/VFOMMDIS:Prokka:VFOMMDIS_1 (length 115186)

DiscRep_ALL:TECHNIQUE_NOT_TSA::1 technique are not set as TSA
prokka_VFOMMDIS_pseudofinder/VFOMMDIS:Prokka:VFOMMDIS_1 (length 115186)

DiscRep_ALL:MISSING_STRUCTURED_COMMENT::1 sequences do not include structured comments.
prokka_VFOMMDIS_pseudofinder/VFOMMDIS:Prokka:VFOMMDIS_1 (length 115186)

DiscRep_ALL:MISSING_PROJECT::144 sequences do not include project.
prokka_VFOMMDIS_pseudofinder/VFOMMDIS:Prokka:VFOMMDIS_1 (length 115186)
prokka_VFOMMDIS_pseudofinder/VFOMMDIS:Prokka:VFOMMDIS_00001 (length 396)
prokka_VFOMMDIS_pseudofinder/VFOMMDIS:Prokka:VFOMMDIS_00003 (length 123)
prokka_VFOMMDIS_pseudofinder/VFOMMDIS:Prokka:VFOMMDIS_00004 (length 184)
prokka_VFOMMDIS_pseudofinder/VFOMMDIS:Prokka:VFOMMDIS_00005 (length 142)
prokka_VFOMMDIS_pseudofinder/VFOMMDIS:Prokka:VFOMMDIS_00006 (length 111)
prokka_VFOMMDIS_pseudofinder/VFOMMDIS:Prokka:VFOMMDIS_00007 (length 1150)
prokka_VFOMMDIS_pseudofinder/VFOMMDIS:Prokka:VFOMMDIS_00008 (length 1210)
prokka_VFOMMDIS_pseudofinder/VFOMMDIS:Prokka:VFOMMDIS_00009 (length 127)
prokka_VFOMMDIS_pseudofinder/VFOMMDIS:Prokka:VFOMMDIS_00010 (length 157)
prokka_VFOMMDIS_pseudofinder/VFOMMDIS:Prokka:VFOMMDIS_00011 (length 665)
prokka_VFOMMDIS_pseudofinder/VFOMMDIS:Prokka:VFOMMDIS_00012 (length 96)
prokka_VFOMMDIS_pseudofinder/VFOMMDIS:Prokka:VFOMMDIS_00013 (length 130)
prokka_VFOMMDIS_pseudofinder/VFOMMDIS:Prokka:VFOMMDIS_00015 (length 121)
prokka_VFOMMDIS_pseudofinder/VFOMMDIS:Prokka:VFOMMDIS_00016 (length 265)
prokka_VFOMMDIS_pseudofinder/VFOMMDIS:Prokka:VFOMMDIS_00017 (length 225)
prokka_VFOMMDIS_pseudofinder/VFOMMDIS:Prokka:VFOMMDIS_00018 (length 356)
prokka_VFOMMDIS_pseudofinder/VFOMMDIS:Prokka:VFOMMDIS_00019 (length 129)
prokka_VFOMMDIS_pseudofinder/VFOMMDIS:Prokka:VFOMMDIS_00020 (length 91)
prokka_VFOMMDIS_pseudofinder/VFOMMDIS:Prokka:VFOMMDIS_00021 (length 237)
prokka_VFOMMDIS_pseudofinder/VFOMMDIS:Prokka:VFOMMDIS_00022 (length 200)
prokka_VFOMMDIS_pseudofinder/VFOMMDIS:Prokka:VFOMMDIS_00023 (length 455)
prokka_VFOMMDIS_pseudofinder/VFOMMDIS:Prokka:VFOMMDIS_00025 (length 239)
prokka_VFOMMDIS_pseudofinder/VFOMMDIS:Prokka:VFOMMDIS_00026 (length 148)
prokka_VFOMMDIS_pseudofinder/VFOMMDIS:Prokka:VFOMMDIS_00027 (length 168)
prokka_VFOMMDIS_pseudofinder/VFOMMDIS:Prokka:VFOMMDIS_00028 (length 55)
prokka_VFOMMDIS_pseudofinder/VFOMMDIS:Prokka:VFOMMDIS_00029 (length 348)
prokka_VFOMMDIS_pseudofinder/VFOMMDIS:Prokka:VFOMMDIS_00030 (length 367)
prokka_VFOMMDIS_pseudofinder/VFOMMDIS:Prokka:VFOMMDIS_00031 (length 211)
prokka_VFOMMDIS_pseudofinder/VFOMMDIS:Prokka:VFOMMDIS_00032 (length 291)
prokka_VFOMMDIS_pseudofinder/VFOMMDIS:Prokka:VFOMMDIS_00033 (length 606)
prokka_VFOMMDIS_pseudofinder/VFOMMDIS:Prokka:VFOMMDIS_00035 (length 741)
prokka_VFOMMDIS_pseudofinder/VFOMMDIS:Prokka:VFOMMDIS_00036 (length 46)
prokka_VFOMMDIS_pseudofinder/VFOMMDIS:Prokka:VFOMMDIS_00037 (length 52)
prokka_VFOMMDIS_pseudofinder/VFOMMDIS:Prokka:VFOMMDIS_00038 (length 708)
prokka_VFOMMDIS_pseudofinder/VFOMMDIS:Prokka:VFOMMDIS_00039 (length 211)
prokka_VFOMMDIS_pseudofinder/VFOMMDIS:Prokka:VFOMMDIS_00040 (length 355)
prokka_VFOMMDIS_pseudofinder/VFOMMDIS:Prokka:VFOMMDIS_00041 (length 275)
prokka_VFOMMDIS_pseudofinder/VFOMMDIS:Prokka:VFOMMDIS_00042 (length 223)
prokka_VFOMMDIS_pseudofinder/VFOMMDIS:Prokka:VFOMMDIS_00043 (length 308)
prokka_VFOMMDIS_pseudofinder/VFOMMDIS:Prokka:VFOMMDIS_00044 (length 179)
prokka_VFOMMDIS_pseudofinder/VFOMMDIS:Prokka:VFOMMDIS_00045 (length 371)
prokka_VFOMMDIS_pseudofinder/VFOMMDIS:Prokka:VFOMMDIS_00046 (length 446)
prokka_VFOMMDIS_pseudofinder/VFOMMDIS:Prokka:VFOMMDIS_00047 (length 429)
prokka_VFOMMDIS_pseudofinder/VFOMMDIS:Prokka:VFOMMDIS_00048 (length 275)
prokka_VFOMMDIS_pseudofinder/VFOMMDIS:Prokka:VFOMMDIS_00049 (length 279)
prokka_VFOMMDIS_pseudofinder/VFOMMDIS:Prokka:VFOMMDIS_00050 (length 364)
prokka_VFOMMDIS_pseudofinder/VFOMMDIS:Prokka:VFOMMDIS_00051 (length 439)
prokka_VFOMMDIS_pseudofinder/VFOMMDIS:Prokka:VFOMMDIS_00052 (length 934)
prokka_VFOMMDIS_pseudofinder/VFOMMDIS:Prokka:VFOMMDIS_00053 (length 50)
prokka_VFOMMDIS_pseudofinder/VFOMMDIS:Prokka:VFOMMDIS_00057 (length 261)
prokka_VFOMMDIS_pseudofinder/VFOMMDIS:Prokka:VFOMMDIS_00058 (length 325)
prokka_VFOMMDIS_pseudofinder/VFOMMDIS:Prokka:VFOMMDIS_00059 (length 168)
prokka_VFOMMDIS_pseudofinder/VFOMMDIS:Prokka:VFOMMDIS_00060 (length 373)
prokka_VFOMMDIS_pseudofinder/VFOMMDIS:Prokka:VFOMMDIS_00061 (length 198)
prokka_VFOMMDIS_pseudofinder/VFOMMDIS:Prokka:VFOMMDIS_00062 (length 77)
prokka_VFOMMDIS_pseudofinder/VFOMMDIS:Prokka:VFOMMDIS_00063 (length 71)
prokka_VFOMMDIS_pseudofinder/VFOMMDIS:Prokka:VFOMMDIS_00065 (length 156)
prokka_VFOMMDIS_pseudofinder/VFOMMDIS:Prokka:VFOMMDIS_00068 (length 160)
prokka_VFOMMDIS_pseudofinder/VFOMMDIS:Prokka:VFOMMDIS_00069 (length 339)
prokka_VFOMMDIS_pseudofinder/VFOMMDIS:Prokka:VFOMMDIS_00070 (length 1012)
prokka_VFOMMDIS_pseudofinder/VFOMMDIS:Prokka:VFOMMDIS_00071 (length 169)
prokka_VFOMMDIS_pseudofinder/VFOMMDIS:Prokka:VFOMMDIS_00072 (length 187)
prokka_VFOMMDIS_pseudofinder/VFOMMDIS:Prokka:VFOMMDIS_00073 (length 362)
prokka_VFOMMDIS_pseudofinder/VFOMMDIS:Prokka:VFOMMDIS_00077 (length 196)
prokka_VFOMMDIS_pseudofinder/VFOMMDIS:Prokka:VFOMMDIS_00078 (length 393)
prokka_VFOMMDIS_pseudofinder/VFOMMDIS:Prokka:VFOMMDIS_00079 (length 288)
prokka_VFOMMDIS_pseudofinder/VFOMMDIS:Prokka:VFOMMDIS_00080 (length 184)
prokka_VFOMMDIS_pseudofinder/VFOMMDIS:Prokka:VFOMMDIS_00081 (length 191)
prokka_VFOMMDIS_pseudofinder/VFOMMDIS:Prokka:VFOMMDIS_00082 (length 227)
prokka_VFOMMDIS_pseudofinder/VFOMMDIS:Prokka:VFOMMDIS_00083 (length 239)
prokka_VFOMMDIS_pseudofinder/VFOMMDIS:Prokka:VFOMMDIS_00084 (length 93)
prokka_VFOMMDIS_pseudofinder/VFOMMDIS:Prokka:VFOMMDIS_00085 (length 88)
prokka_VFOMMDIS_pseudofinder/VFOMMDIS:Prokka:VFOMMDIS_00087 (length 265)
prokka_VFOMMDIS_pseudofinder/VFOMMDIS:Prokka:VFOMMDIS_00089 (length 113)
prokka_VFOMMDIS_pseudofinder/VFOMMDIS:Prokka:VFOMMDIS_00090 (length 55)
prokka_VFOMMDIS_pseudofinder/VFOMMDIS:Prokka:VFOMMDIS_00091 (length 141)
prokka_VFOMMDIS_pseudofinder/VFOMMDIS:Prokka:VFOMMDIS_00093 (length 342)
prokka_VFOMMDIS_pseudofinder/VFOMMDIS:Prokka:VFOMMDIS_00095 (length 42)
prokka_VFOMMDIS_pseudofinder/VFOMMDIS:Prokka:VFOMMDIS_00097 (length 30)
prokka_VFOMMDIS_pseudofinder/VFOMMDIS:Prokka:VFOMMDIS_00099 (length 96)
prokka_VFOMMDIS_pseudofinder/VFOMMDIS:Prokka:VFOMMDIS_00100 (length 164)
prokka_VFOMMDIS_pseudofinder/VFOMMDIS:Prokka:VFOMMDIS_00101 (length 269)
prokka_VFOMMDIS_pseudofinder/VFOMMDIS:Prokka:VFOMMDIS_00102 (length 348)
prokka_VFOMMDIS_pseudofinder/VFOMMDIS:Prokka:VFOMMDIS_00103 (length 241)
prokka_VFOMMDIS_pseudofinder/VFOMMDIS:Prokka:VFOMMDIS_00104 (length 355)
prokka_VFOMMDIS_pseudofinder/VFOMMDIS:Prokka:VFOMMDIS_00105 (length 72)
prokka_VFOMMDIS_pseudofinder/VFOMMDIS:Prokka:VFOMMDIS_00106 (length 417)
prokka_VFOMMDIS_pseudofinder/VFOMMDIS:Prokka:VFOMMDIS_00107 (length 374)
prokka_VFOMMDIS_pseudofinder/VFOMMDIS:Prokka:VFOMMDIS_00108 (length 394)
prokka_VFOMMDIS_pseudofinder/VFOMMDIS:Prokka:VFOMMDIS_00109 (length 53)
prokka_VFOMMDIS_pseudofinder/VFOMMDIS:Prokka:VFOMMDIS_00110 (length 90)
prokka_VFOMMDIS_pseudofinder/VFOMMDIS:Prokka:VFOMMDIS_00111 (length 98)
prokka_VFOMMDIS_pseudofinder/VFOMMDIS:Prokka:VFOMMDIS_00114 (length 419)
prokka_VFOMMDIS_pseudofinder/VFOMMDIS:Prokka:VFOMMDIS_00115 (length 581)
prokka_VFOMMDIS_pseudofinder/VFOMMDIS:Prokka:VFOMMDIS_00116 (length 83)
prokka_VFOMMDIS_pseudofinder/VFOMMDIS:Prokka:VFOMMDIS_00117 (length 524)
prokka_VFOMMDIS_pseudofinder/VFOMMDIS:Prokka:VFOMMDIS_00118 (length 406)
prokka_VFOMMDIS_pseudofinder/VFOMMDIS:Prokka:VFOMMDIS_00119 (length 317)
prokka_VFOMMDIS_pseudofinder/VFOMMDIS:Prokka:VFOMMDIS_00120 (length 281)
prokka_VFOMMDIS_pseudofinder/VFOMMDIS:Prokka:VFOMMDIS_00121 (length 194)
prokka_VFOMMDIS_pseudofinder/VFOMMDIS:Prokka:VFOMMDIS_00122 (length 324)
prokka_VFOMMDIS_pseudofinder/VFOMMDIS:Prokka:VFOMMDIS_00123 (length 596)
prokka_VFOMMDIS_pseudofinder/VFOMMDIS:Prokka:VFOMMDIS_00124 (length 146)
prokka_VFOMMDIS_pseudofinder/VFOMMDIS:Prokka:VFOMMDIS_00125 (length 301)
prokka_VFOMMDIS_pseudofinder/VFOMMDIS:Prokka:VFOMMDIS_00126 (length 278)
prokka_VFOMMDIS_pseudofinder/VFOMMDIS:Prokka:VFOMMDIS_00127 (length 624)
prokka_VFOMMDIS_pseudofinder/VFOMMDIS:Prokka:VFOMMDIS_00128 (length 211)
prokka_VFOMMDIS_pseudofinder/VFOMMDIS:Prokka:VFOMMDIS_00129 (length 403)
prokka_VFOMMDIS_pseudofinder/VFOMMDIS:Prokka:VFOMMDIS_00130 (length 239)
prokka_VFOMMDIS_pseudofinder/VFOMMDIS:Prokka:VFOMMDIS_00131 (length 129)
prokka_VFOMMDIS_pseudofinder/VFOMMDIS:Prokka:VFOMMDIS_00132 (length 84)
prokka_VFOMMDIS_pseudofinder/VFOMMDIS:Prokka:VFOMMDIS_00133 (length 101)
prokka_VFOMMDIS_pseudofinder/VFOMMDIS:Prokka:VFOMMDIS_00134 (length 225)
prokka_VFOMMDIS_pseudofinder/VFOMMDIS:Prokka:VFOMMDIS_00136 (length 400)
prokka_VFOMMDIS_pseudofinder/VFOMMDIS:Prokka:VFOMMDIS_00138 (length 47)
prokka_VFOMMDIS_pseudofinder/VFOMMDIS:Prokka:VFOMMDIS_00139 (length 35)
prokka_VFOMMDIS_pseudofinder/VFOMMDIS:Prokka:VFOMMDIS_00142 (length 44)
prokka_VFOMMDIS_pseudofinder/VFOMMDIS:Prokka:VFOMMDIS_00143 (length 129)
prokka_VFOMMDIS_pseudofinder/VFOMMDIS:Prokka:VFOMMDIS_00144 (length 173)
prokka_VFOMMDIS_pseudofinder/VFOMMDIS:Prokka:VFOMMDIS_00145 (length 54)
prokka_VFOMMDIS_pseudofinder/VFOMMDIS:Prokka:VFOMMDIS_00146 (length 257)
prokka_VFOMMDIS_pseudofinder/VFOMMDIS:Prokka:VFOMMDIS_00147 (length 83)
prokka_VFOMMDIS_pseudofinder/VFOMMDIS:Prokka:VFOMMDIS_00148 (length 110)
prokka_VFOMMDIS_pseudofinder/VFOMMDIS:Prokka:VFOMMDIS_00149 (length 208)
prokka_VFOMMDIS_pseudofinder/VFOMMDIS:Prokka:VFOMMDIS_00150 (length 141)
prokka_VFOMMDIS_pseudofinder/VFOMMDIS:Prokka:VFOMMDIS_00151 (length 72)
prokka_VFOMMDIS_pseudofinder/VFOMMDIS:Prokka:VFOMMDIS_00152 (length 120)
prokka_VFOMMDIS_pseudofinder/VFOMMDIS:Prokka:VFOMMDIS_00153 (length 178)
prokka_VFOMMDIS_pseudofinder/VFOMMDIS:Prokka:VFOMMDIS_00154 (length 98)
prokka_VFOMMDIS_pseudofinder/VFOMMDIS:Prokka:VFOMMDIS_00155 (length 125)
prokka_VFOMMDIS_pseudofinder/VFOMMDIS:Prokka:VFOMMDIS_00156 (length 172)
prokka_VFOMMDIS_pseudofinder/VFOMMDIS:Prokka:VFOMMDIS_00157 (length 95)
prokka_VFOMMDIS_pseudofinder/VFOMMDIS:Prokka:VFOMMDIS_00158 (length 144)
prokka_VFOMMDIS_pseudofinder/VFOMMDIS:Prokka:VFOMMDIS_00159 (length 111)
prokka_VFOMMDIS_pseudofinder/VFOMMDIS:Prokka:VFOMMDIS_00160 (length 74)
prokka_VFOMMDIS_pseudofinder/VFOMMDIS:Prokka:VFOMMDIS_00161 (length 37)
prokka_VFOMMDIS_pseudofinder/VFOMMDIS:Prokka:VFOMMDIS_00162 (length 109)
prokka_VFOMMDIS_pseudofinder/VFOMMDIS:Prokka:VFOMMDIS_00163 (length 113)
prokka_VFOMMDIS_pseudofinder/VFOMMDIS:Prokka:VFOMMDIS_00164 (length 160)
prokka_VFOMMDIS_pseudofinder/VFOMMDIS:Prokka:VFOMMDIS_00165 (length 201)
prokka_VFOMMDIS_pseudofinder/VFOMMDIS:Prokka:VFOMMDIS_00166 (length 89)
prokka_VFOMMDIS_pseudofinder/VFOMMDIS:Prokka:VFOMMDIS_00167 (length 359)
prokka_VFOMMDIS_pseudofinder/VFOMMDIS:Prokka:VFOMMDIS_00168 (length 329)

DiscRep_ALL:DISC_INCONSISTENT_MOLINFO_TECH::Molinfo Technique Report (some missing, all same)
DiscRep_SUB:DISC_INCONSISTENT_MOLINFO_TECH::technique (all missing)
DiscRep_SUB:DISC_INCONSISTENT_MOLINFO_TECH::1 Molinfos are missing field technique
prokka_VFOMMDIS_pseudofinder/VFOMMDIS:Prokka:VFOMMDIS_1 (length 115186)

