[20:21:57] This is prokka 1.14.6
[20:21:57] Written by Torsten Seemann <torsten.seemann@gmail.com>
[20:21:57] Homepage is https://github.com/tseemann/prokka
[20:21:57] Local time is Tue Aug  9 20:21:57 2022
[20:21:57] You are diego
[20:21:57] Operating system is linux
[20:21:57] You have BioPerl 1.007002
[20:21:57] System has 12 cores.
[20:21:57] Will use maximum of 8 cores.
[20:21:57] Annotating as >>> Bacteria <<<
[20:21:57] Enabling options to ensure Genbank/ENA/DDJB submission compliance.
[20:21:57] Creating new output folder: prokka_VFOMMDIS_pseudofinder
[20:21:57] Running: mkdir -p prokka_VFOMMDIS_pseudofinder
[20:21:57] Using filename prefix: VFOMMDIS.XXX
[20:21:57] Setting HMMER_NCPU=1
[20:21:57] Writing log to: prokka_VFOMMDIS_pseudofinder/VFOMMDIS.log
[20:21:57] Command: /home/diego/miniconda3/envs/prokka_env/bin/prokka VFOMMDIS.fasta --prefix VFOMMDIS --locustag VFOMMDIS --outdir prokka_VFOMMDIS_pseudofinder -gcode 11 --compliant --rfam --cdsrnaolap --force
[20:21:57] Appending to PATH: /home/diego/miniconda3/envs/prokka_env/bin
[20:21:57] Looking for 'aragorn' - found /home/diego/miniconda3/envs/prokka_env/bin/aragorn
[20:21:57] Determined aragorn version is 001002 from 'ARAGORN v1.2.38 Dean Laslett'
[20:21:57] Looking for 'barrnap' - found /home/diego/miniconda3/envs/prokka_env/bin/barrnap
[20:21:57] Determined barrnap version is 000009 from 'barrnap 0.9'
[20:21:57] Looking for 'blastp' - found /home/diego/miniconda3/envs/prokka_env/bin/blastp
[20:21:57] Determined blastp version is 002010 from 'blastp: 2.10.1+'
[20:21:57] Looking for 'cmpress' - found /home/diego/miniconda3/envs/prokka_env/bin/cmpress
[20:21:57] Determined cmpress version is 001001 from '# INFERNAL 1.1.3 (Nov 2019)'
[20:21:57] Looking for 'cmscan' - found /home/diego/miniconda3/envs/prokka_env/bin/cmscan
[20:21:57] Determined cmscan version is 001001 from '# INFERNAL 1.1.3 (Nov 2019)'
[20:21:57] Looking for 'egrep' - found /usr/bin/egrep
[20:21:57] Looking for 'find' - found /usr/bin/find
[20:21:57] Looking for 'grep' - found /usr/bin/grep
[20:21:57] Looking for 'hmmpress' - found /home/diego/miniconda3/envs/prokka_env/bin/hmmpress
[20:21:57] Determined hmmpress version is 003003 from '# HMMER 3.3.2 (Nov 2020); http://hmmer.org/'
[20:21:57] Looking for 'hmmscan' - found /home/diego/miniconda3/envs/prokka_env/bin/hmmscan
[20:21:57] Determined hmmscan version is 003003 from '# HMMER 3.3.2 (Nov 2020); http://hmmer.org/'
[20:21:57] Looking for 'java' - found /home/diego/miniconda3/envs/prokka_env/bin/java
[20:21:57] Looking for 'makeblastdb' - found /home/diego/miniconda3/envs/prokka_env/bin/makeblastdb
[20:21:57] Determined makeblastdb version is 002010 from 'makeblastdb: 2.10.1+'
[20:21:57] Looking for 'minced' - found /home/diego/miniconda3/envs/prokka_env/bin/minced
[20:21:57] Determined minced version is 004002 from 'minced 0.4.2'
[20:21:57] Looking for 'parallel' - found /home/diego/miniconda3/envs/prokka_env/bin/parallel
[20:21:57] Determined parallel version is 20201122 from 'GNU parallel 20201122'
[20:21:57] Looking for 'prodigal' - found /home/diego/miniconda3/envs/prokka_env/bin/prodigal
[20:21:57] Determined prodigal version is 002006 from 'Prodigal V2.6.3: February, 2016'
[20:21:57] Looking for 'prokka-genbank_to_fasta_db' - found /home/diego/miniconda3/envs/prokka_env/bin/prokka-genbank_to_fasta_db
[20:21:57] Looking for 'rnammer' - found /home/diego/rnammer-1.2.src/rnammer
[20:21:57] Determined rnammer version is 001002 from 'This rnammer 1.2, running from '/home/diego/rnammer-1.2.src/''
[20:21:57] Looking for 'sed' - found /usr/bin/sed
[20:21:57] Looking for 'tbl2asn' - found /home/diego/tbl2asn
[20:21:57] Determined tbl2asn version is 025008 from 'tbl2asn 25.8   arguments:'
[20:21:57] Using genetic code table 11.
[20:21:57] Loading and checking input file: VFOMMDIS.fasta
[20:21:57] Wrote 1 contigs totalling 115186 bp.
[20:21:57] Predicting tRNAs and tmRNAs
[20:21:57] Running: aragorn -l -gc11  -w prokka_VFOMMDIS_pseudofinder\/VFOMMDIS\.fna
[20:21:57] 1 tRNA-Trp [1181,1254] 35 (cca)
[20:21:57] 2 tRNA-Phe [13441,13513] 34 (gaa)
[20:21:57] 3 tRNA-Gln [19724,19797] 35 (ttg)
[20:21:57] 4 tRNA-Ser [27247,27330] 35 (gct)
[20:21:57] 5 tRNA-Leu [48045,48117] 34 (aag)
[20:21:57] 6 tRNA-Leu [48118,48190] 34 (tag)
[20:21:57] 7 tRNA-Ser [48191,48273] 35 (aga)
[20:21:57] 8 tRNA-Asn c[52526,52597] 33 (gtt)
[20:21:57] 9 tRNA-Cys c[53095,53165] 33 (gca)
[20:21:57] 10 tRNA-Gly c[53165,53238] 34 (gcc)
[20:21:57] 11 tRNA-Val [59914,59985] 33 (tac)
[20:21:57] 12 tRNA-Leu c[59985,60059] 35 (caa)
[20:21:57] 13 tRNA-Ser c[60060,60144] 36 (tga)
[20:21:57] 14 tRNA-His [65819,65891] 34 (gtg)
[20:21:57] 15 tRNA-Lys c[66675,66748] 34 (ttt)
[20:21:57] 16 tRNA-Val c[67624,67695] 33 (gac)
[20:21:57] 17 tRNA-Arg c[68733,68806] 35 (tct)
[20:21:57] 18 tRNA-Met c[68926,68997] 33 (cat)
[20:21:57] 19 tRNA-Pro [69032,69103] 33 (tgg)
[20:21:57] 20 tRNA-Asp c[78258,78332] 35 (gtc)
[20:21:57] 21 tRNA-Glu c[78334,78404] 33 (ttc)
[20:21:57] 22 tRNA-Ala c[97821,97893] 34 (tgc)
[20:21:57] 23 tRNA-Ile c[101934,102005] 33 (gat)
[20:21:57] 24 tRNA-Met [114912,114983] 34 (cat)
[20:21:57] 25 tRNA-Tyr [115021,115106] 36 (gta)
[20:21:57] 26 tRNA-Gly [115109,115179] 33 (tcc)
[20:21:57] Found 26 tRNAs
[20:21:57] Predicting Ribosomal RNAs
[20:21:57] Running Barrnap with 8 threads
[20:21:58] 1 gnl|Prokka|VFOMMDIS_1 99200 23S ribosomal RNA
[20:21:58] 2 gnl|Prokka|VFOMMDIS_1 102019 16S ribosomal RNA
[20:21:58] Found 2 rRNAs
[20:21:58] Scanning for ncRNAs... please be patient.
[20:21:58] Running: cmscan -Z 0.230372 --cut_ga --rfam --nohmmonly --fmt 2 --cpu 8 --tblout /dev/stdout -o /dev/null --noali /home/diego/miniconda3/envs/prokka_env/db/cm/Bacteria prokka_VFOMMDIS_pseudofinder\/VFOMMDIS\.fna
[20:22:03] Found 0 ncRNAs.
[20:22:03] Total of 28 tRNA + rRNA features
[20:22:03] Searching for CRISPR repeats
[20:22:03] Found 0 CRISPRs
[20:22:03] Predicting coding sequences
[20:22:03] Contigs total 115186 bp, so using single mode
[20:22:03] Running: prodigal -i prokka_VFOMMDIS_pseudofinder\/VFOMMDIS\.fna -c -m -g 11 -p single -f sco -q
[20:22:03] Found 143 CDS
[20:22:03] Connecting features back to sequences
[20:22:03] Not using genus-specific database. Try --usegenus to enable it.
[20:22:03] Annotating CDS, please be patient.
[20:22:03] Will use 8 CPUs for similarity searching.
[20:22:03] There are still 143 unannotated CDS left (started with 143)
[20:22:03] Will use blast to search against /home/diego/miniconda3/envs/prokka_env/db/kingdom/Bacteria/IS with 8 CPUs
[20:22:03] Running: cat prokka_VFOMMDIS_pseudofinder\/VFOMMDIS\.IS\.tmp\.208543\.faa | parallel --gnu --plain -j 8 --block 2305 --recstart '>' --pipe blastp -query - -db /home/diego/miniconda3/envs/prokka_env/db/kingdom/Bacteria/IS -evalue 1e-30 -qcov_hsp_perc 90 -num_threads 1 -num_descriptions 1 -num_alignments 1 -seg no > prokka_VFOMMDIS_pseudofinder\/VFOMMDIS\.IS\.tmp\.208543\.blast 2> /dev/null
[20:22:04] Deleting unwanted file: prokka_VFOMMDIS_pseudofinder/VFOMMDIS.IS.tmp.208543.faa
[20:22:04] Deleting unwanted file: prokka_VFOMMDIS_pseudofinder/VFOMMDIS.IS.tmp.208543.blast
[20:22:04] There are still 143 unannotated CDS left (started with 143)
[20:22:04] Will use blast to search against /home/diego/miniconda3/envs/prokka_env/db/kingdom/Bacteria/AMR with 8 CPUs
[20:22:04] Running: cat prokka_VFOMMDIS_pseudofinder\/VFOMMDIS\.AMR\.tmp\.208543\.faa | parallel --gnu --plain -j 8 --block 2305 --recstart '>' --pipe blastp -query - -db /home/diego/miniconda3/envs/prokka_env/db/kingdom/Bacteria/AMR -evalue 9.99999999999999e-301 -qcov_hsp_perc 90 -num_threads 1 -num_descriptions 1 -num_alignments 1 -seg no > prokka_VFOMMDIS_pseudofinder\/VFOMMDIS\.AMR\.tmp\.208543\.blast 2> /dev/null
[20:22:04] Deleting unwanted file: prokka_VFOMMDIS_pseudofinder/VFOMMDIS.AMR.tmp.208543.faa
[20:22:04] Deleting unwanted file: prokka_VFOMMDIS_pseudofinder/VFOMMDIS.AMR.tmp.208543.blast
[20:22:04] There are still 143 unannotated CDS left (started with 143)
[20:22:04] Will use blast to search against /home/diego/miniconda3/envs/prokka_env/db/kingdom/Bacteria/sprot with 8 CPUs
[20:22:04] Running: cat prokka_VFOMMDIS_pseudofinder\/VFOMMDIS\.sprot\.tmp\.208543\.faa | parallel --gnu --plain -j 8 --block 2305 --recstart '>' --pipe blastp -query - -db /home/diego/miniconda3/envs/prokka_env/db/kingdom/Bacteria/sprot -evalue 1e-09 -qcov_hsp_perc 80 -num_threads 1 -num_descriptions 1 -num_alignments 1 -seg no > prokka_VFOMMDIS_pseudofinder\/VFOMMDIS\.sprot\.tmp\.208543\.blast 2> /dev/null
[20:22:07] Deleting unwanted file: prokka_VFOMMDIS_pseudofinder/VFOMMDIS.sprot.tmp.208543.faa
[20:22:07] Deleting unwanted file: prokka_VFOMMDIS_pseudofinder/VFOMMDIS.sprot.tmp.208543.blast
[20:22:07] There are still 66 unannotated CDS left (started with 143)
[20:22:07] Will use hmmer3 to search against /home/diego/miniconda3/envs/prokka_env/db/hmm/HAMAP.hmm with 8 CPUs
[20:22:07] Running: cat prokka_VFOMMDIS_pseudofinder\/VFOMMDIS\.HAMAP\.hmm\.tmp\.208543\.faa | parallel --gnu --plain -j 8 --block 788 --recstart '>' --pipe hmmscan --noali --notextw --acc -E 1e-09 --cpu 1 /home/diego/miniconda3/envs/prokka_env/db/hmm/HAMAP.hmm /dev/stdin > prokka_VFOMMDIS_pseudofinder\/VFOMMDIS\.HAMAP\.hmm\.tmp\.208543\.hmmer3 2> /dev/null
[20:22:08] Deleting unwanted file: prokka_VFOMMDIS_pseudofinder/VFOMMDIS.HAMAP.hmm.tmp.208543.faa
[20:22:08] Deleting unwanted file: prokka_VFOMMDIS_pseudofinder/VFOMMDIS.HAMAP.hmm.tmp.208543.hmmer3
[20:22:08] Labelling remaining 48 proteins as 'hypothetical protein'
[20:22:08] Found 95 unique /gene codes.
[20:22:08] Fixed 0 colliding /gene names.
[20:22:08] Adding /locus_tag identifiers
[20:22:08] Assigned 171 locus_tags to CDS and RNA features.
[20:22:08] Writing outputs to prokka_VFOMMDIS_pseudofinder/
[20:22:08] Generating annotation statistics file
[20:22:08] Generating Genbank and Sequin files
[20:22:08] Running: tbl2asn -V b -a r10k -l paired-ends -M n -N 1 -y 'Annotated using prokka 1.14.6 from https://github.com/tseemann/prokka' -Z prokka_VFOMMDIS_pseudofinder\/VFOMMDIS\.err -i prokka_VFOMMDIS_pseudofinder\/VFOMMDIS\.fsa 2> /dev/null
[20:22:08] Deleting unwanted file: prokka_VFOMMDIS_pseudofinder/errorsummary.val
[20:22:08] Deleting unwanted file: prokka_VFOMMDIS_pseudofinder/VFOMMDIS.dr
[20:22:08] Deleting unwanted file: prokka_VFOMMDIS_pseudofinder/VFOMMDIS.fixedproducts
[20:22:08] Deleting unwanted file: prokka_VFOMMDIS_pseudofinder/VFOMMDIS.ecn
[20:22:08] Deleting unwanted file: prokka_VFOMMDIS_pseudofinder/VFOMMDIS.val
[20:22:08] Repairing broken .GBK output that tbl2asn produces...
[20:22:08] Running: sed 's/COORDINATES: profile/COORDINATES:profile/' < prokka_VFOMMDIS_pseudofinder\/VFOMMDIS\.gbf > prokka_VFOMMDIS_pseudofinder\/VFOMMDIS\.gbk
[20:22:08] Deleting unwanted file: prokka_VFOMMDIS_pseudofinder/VFOMMDIS.gbf
[20:22:08] Output files:
[20:22:08] prokka_VFOMMDIS_pseudofinder/VFOMMDIS.tbl
[20:22:08] prokka_VFOMMDIS_pseudofinder/VFOMMDIS.log
[20:22:08] prokka_VFOMMDIS_pseudofinder/VFOMMDIS.faa
[20:22:08] prokka_VFOMMDIS_pseudofinder/VFOMMDIS.fsa
[20:22:08] prokka_VFOMMDIS_pseudofinder/VFOMMDIS.gbk
[20:22:08] prokka_VFOMMDIS_pseudofinder/VFOMMDIS.tsv
[20:22:08] prokka_VFOMMDIS_pseudofinder/VFOMMDIS.err
[20:22:08] prokka_VFOMMDIS_pseudofinder/VFOMMDIS.sqn
[20:22:08] prokka_VFOMMDIS_pseudofinder/VFOMMDIS.fna
[20:22:08] prokka_VFOMMDIS_pseudofinder/VFOMMDIS.txt
[20:22:08] prokka_VFOMMDIS_pseudofinder/VFOMMDIS.ffn
[20:22:08] prokka_VFOMMDIS_pseudofinder/VFOMMDIS.gff
[20:22:08] Annotation finished successfully.
[20:22:08] Walltime used: 0.18 minutes
[20:22:08] If you use this result please cite the Prokka paper:
[20:22:08] Seemann T (2014) Prokka: rapid prokaryotic genome annotation. Bioinformatics. 30(14):2068-9.
[20:22:08] Type 'prokka --citation' for more details.
[20:22:08] Share and enjoy!
