Discrepancy Report Results

Summary
DISC_SOURCE_QUALS_ASNDISC:strain (all present, all unique)
DISC_SOURCE_QUALS_ASNDISC:taxname (all present, all unique)
DISC_FEATURE_COUNT:gene: 170 present
DISC_FEATURE_COUNT:CDS: 142 present
DISC_FEATURE_COUNT:tRNA: 26 present
DISC_FEATURE_COUNT:rRNA: 2 present
DISC_COUNT_NUCLEOTIDES:1 nucleotide Bioseqs are present
OVERLAPPING_GENES:120 genes overlap another gene on the same strand.
FATAL: RNA_CDS_OVERLAP:21 coding regions overlap RNA features
DISC_QUALITY_SCORES:Quality scores are missing on all sequences.
ONCALLER_COMMENT_PRESENT:1 comment descriptors were found (all same)
SHORT_PROT_SEQUENCES:6 protein sequences are shorter than 50 aa.
MISSING_GENOMEASSEMBLY_COMMENTS:1 bioseqs are missing GenomeAssembly structured comments
MOLTYPE_NOT_MRNA:1 molecule types are not set as mRNA.
TECHNIQUE_NOT_TSA:1 technique are not set as TSA
MISSING_STRUCTURED_COMMENT:1 sequences do not include structured comments.
MISSING_PROJECT:143 sequences do not include project.
DISC_INCONSISTENT_MOLINFO_TECH:Molinfo Technique Report (some missing, all same)


Detailed Report

DiscRep_ALL:DISC_SOURCE_QUALS_ASNDISC::strain (all present, all unique)
DiscRep_SUB:DISC_SOURCE_QUALS_ASNDISC::1 sources have unique values for strain
DiscRep_ALL:DISC_SOURCE_QUALS_ASNDISC::taxname (all present, all unique)
DiscRep_SUB:DISC_SOURCE_QUALS_ASNDISC::1 sources have unique values for taxname
DiscRep_ALL:DISC_FEATURE_COUNT::gene: 170 present
DiscRep_ALL:DISC_FEATURE_COUNT::CDS: 142 present
DiscRep_ALL:DISC_FEATURE_COUNT::tRNA: 26 present
DiscRep_ALL:DISC_FEATURE_COUNT::rRNA: 2 present
DiscRep_ALL:DISC_COUNT_NUCLEOTIDES::1 nucleotide Bioseqs are present
prokka_VFCALKRU_pseudofinder/VFCALKRU:Prokka:VFCALKRU_1 (length 122629)

DiscRep_ALL:OVERLAPPING_GENES::120 genes overlap another gene on the same strand.
prokka_VFCALKRU_pseudofinder/VFCALKRU:Gene	tufA	VFCALKRU_1:1-1191	VFCALKRU_00001
prokka_VFCALKRU_pseudofinder/VFCALKRU:Gene	VFCALKRU_00002	VFCALKRU_1:1189-1262	VFCALKRU_00002
prokka_VFCALKRU_pseudofinder/VFCALKRU:Gene	rplK	VFCALKRU_1:1268-1663	VFCALKRU_00003
prokka_VFCALKRU_pseudofinder/VFCALKRU:Gene	VFCALKRU_00004	VFCALKRU_1:1630-2226	VFCALKRU_00004
prokka_VFCALKRU_pseudofinder/VFCALKRU:Gene	VFCALKRU_00005	VFCALKRU_1:2223-2675	VFCALKRU_00005
prokka_VFCALKRU_pseudofinder/VFCALKRU:Gene	rplL	VFCALKRU_1:2672-3016	VFCALKRU_00006
prokka_VFCALKRU_pseudofinder/VFCALKRU:Gene	rpoB	VFCALKRU_1:3019-6723	VFCALKRU_00007
prokka_VFCALKRU_pseudofinder/VFCALKRU:Gene	rpoC	VFCALKRU_1:6720-10481	VFCALKRU_00008
prokka_VFCALKRU_pseudofinder/VFCALKRU:Gene	rpsL	VFCALKRU_1:10478-10864	VFCALKRU_00009
prokka_VFCALKRU_pseudofinder/VFCALKRU:Gene	rpsG	VFCALKRU_1:10839-11312	VFCALKRU_00010
prokka_VFCALKRU_pseudofinder/VFCALKRU:Gene	fusA	VFCALKRU_1:11312-13342	VFCALKRU_00011
prokka_VFCALKRU_pseudofinder/VFCALKRU:Gene	rpsJ	VFCALKRU_1:13333-13638	VFCALKRU_00012
prokka_VFCALKRU_pseudofinder/VFCALKRU:Gene	def1	VFCALKRU_1:13635-14054	VFCALKRU_00013
prokka_VFCALKRU_pseudofinder/VFCALKRU:Gene	VFCALKRU_00014	VFCALKRU_1:14047-14121	VFCALKRU_00014
prokka_VFCALKRU_pseudofinder/VFCALKRU:Gene	VFCALKRU_00016	VFCALKRU_1:c15163-14405	VFCALKRU_00016
prokka_VFCALKRU_pseudofinder/VFCALKRU:Gene	VFCALKRU_00017	VFCALKRU_1:c16239-15154	VFCALKRU_00017
prokka_VFCALKRU_pseudofinder/VFCALKRU:Gene	rpsI	VFCALKRU_1:c16632-16240	VFCALKRU_00018
prokka_VFCALKRU_pseudofinder/VFCALKRU:Gene	VFCALKRU_00019	VFCALKRU_1:c16948-16619	VFCALKRU_00019
prokka_VFCALKRU_pseudofinder/VFCALKRU:Gene	dapF	VFCALKRU_1:c17729-16905	VFCALKRU_00020
prokka_VFCALKRU_pseudofinder/VFCALKRU:Gene	prs	VFCALKRU_1:18763-19620	VFCALKRU_00022
prokka_VFCALKRU_pseudofinder/VFCALKRU:Gene	VFCALKRU_00023	VFCALKRU_1:19601-20101	VFCALKRU_00023
prokka_VFCALKRU_pseudofinder/VFCALKRU:Gene	lysS	VFCALKRU_1:c23369-22095	VFCALKRU_00026
prokka_VFCALKRU_pseudofinder/VFCALKRU:Gene	prfB	VFCALKRU_1:c24055-23369	VFCALKRU_00027
prokka_VFCALKRU_pseudofinder/VFCALKRU:Gene	dapA	VFCALKRU_1:c24947-24042	VFCALKRU_00028
prokka_VFCALKRU_pseudofinder/VFCALKRU:Gene	tilS	VFCALKRU_1:24951-25895	VFCALKRU_00029
prokka_VFCALKRU_pseudofinder/VFCALKRU:Gene	VFCALKRU_00030	VFCALKRU_1:25876-27012	VFCALKRU_00030
prokka_VFCALKRU_pseudofinder/VFCALKRU:Gene	VFCALKRU_00031	VFCALKRU_1:27011-27095	VFCALKRU_00031
prokka_VFCALKRU_pseudofinder/VFCALKRU:Gene	VFCALKRU_00033	VFCALKRU_1:c29512-27317	VFCALKRU_00033
prokka_VFCALKRU_pseudofinder/VFCALKRU:Gene	VFCALKRU_00034	VFCALKRU_1:c29658-29509	VFCALKRU_00034
prokka_VFCALKRU_pseudofinder/VFCALKRU:Gene	VFCALKRU_00036	VFCALKRU_1:32232-32972	VFCALKRU_00036
prokka_VFCALKRU_pseudofinder/VFCALKRU:Gene	metC	VFCALKRU_1:32963-34096	VFCALKRU_00037
prokka_VFCALKRU_pseudofinder/VFCALKRU:Gene	prfA	VFCALKRU_1:c34942-34079	VFCALKRU_00038
prokka_VFCALKRU_pseudofinder/VFCALKRU:Gene	trpC	VFCALKRU_1:c35679-34939	VFCALKRU_00039
prokka_VFCALKRU_pseudofinder/VFCALKRU:Gene	trpD	VFCALKRU_1:c36686-35679	VFCALKRU_00040
prokka_VFCALKRU_pseudofinder/VFCALKRU:Gene	pabA	VFCALKRU_1:c37233-36673	VFCALKRU_00041
prokka_VFCALKRU_pseudofinder/VFCALKRU:Gene	menF	VFCALKRU_1:c38453-37230	VFCALKRU_00042
prokka_VFCALKRU_pseudofinder/VFCALKRU:Gene	argH	VFCALKRU_1:c39832-38450	VFCALKRU_00043
prokka_VFCALKRU_pseudofinder/VFCALKRU:Gene	VFCALKRU_00047	VFCALKRU_1:43639-43779	VFCALKRU_00047
prokka_VFCALKRU_pseudofinder/VFCALKRU:Gene	rpoD	VFCALKRU_1:43776-45179	VFCALKRU_00048
prokka_VFCALKRU_pseudofinder/VFCALKRU:Gene	dnaE	VFCALKRU_1:45396-48281	VFCALKRU_00049
prokka_VFCALKRU_pseudofinder/VFCALKRU:Gene	VFCALKRU_00050	VFCALKRU_1:48274-48447	VFCALKRU_00050
prokka_VFCALKRU_pseudofinder/VFCALKRU:Gene	VFCALKRU_00051	VFCALKRU_1:48426-48513	VFCALKRU_00051
prokka_VFCALKRU_pseudofinder/VFCALKRU:Gene	VFCALKRU_00052	VFCALKRU_1:48512-48595	VFCALKRU_00052
prokka_VFCALKRU_pseudofinder/VFCALKRU:Gene	asd	VFCALKRU_1:49443-50453	VFCALKRU_00054
prokka_VFCALKRU_pseudofinder/VFCALKRU:Gene	trpF	VFCALKRU_1:50419-51027	VFCALKRU_00055
prokka_VFCALKRU_pseudofinder/VFCALKRU:Gene	trpB	VFCALKRU_1:51011-52138	VFCALKRU_00056
prokka_VFCALKRU_pseudofinder/VFCALKRU:Gene	trpA	VFCALKRU_1:52138-52812	VFCALKRU_00057
prokka_VFCALKRU_pseudofinder/VFCALKRU:Gene	VFCALKRU_00058	VFCALKRU_1:52793-53056	VFCALKRU_00058
prokka_VFCALKRU_pseudofinder/VFCALKRU:Gene	VFCALKRU_00059	VFCALKRU_1:53037-53264	VFCALKRU_00059
prokka_VFCALKRU_pseudofinder/VFCALKRU:Gene	VFCALKRU_00064	VFCALKRU_1:c54017-53946	VFCALKRU_00064
prokka_VFCALKRU_pseudofinder/VFCALKRU:Gene	dnaQ	VFCALKRU_1:c54530-54003	VFCALKRU_00065
prokka_VFCALKRU_pseudofinder/VFCALKRU:Gene	carA	VFCALKRU_1:54544-55593	VFCALKRU_00066
prokka_VFCALKRU_pseudofinder/VFCALKRU:Gene	carB	VFCALKRU_1:55575-58655	VFCALKRU_00067
prokka_VFCALKRU_pseudofinder/VFCALKRU:Gene	rlmE	VFCALKRU_1:58642-59193	VFCALKRU_00068
prokka_VFCALKRU_pseudofinder/VFCALKRU:Gene	clpP	VFCALKRU_1:59190-59753	VFCALKRU_00069
prokka_VFCALKRU_pseudofinder/VFCALKRU:Gene	clpX	VFCALKRU_1:59750-60916	VFCALKRU_00070
prokka_VFCALKRU_pseudofinder/VFCALKRU:Gene	VFCALKRU_00071	VFCALKRU_1:60914-60987	VFCALKRU_00071
prokka_VFCALKRU_pseudofinder/VFCALKRU:Gene	VFCALKRU_00072	VFCALKRU_1:60998-61588	VFCALKRU_00072
prokka_VFCALKRU_pseudofinder/VFCALKRU:Gene	VFCALKRU_00073	VFCALKRU_1:61566-62585	VFCALKRU_00073
prokka_VFCALKRU_pseudofinder/VFCALKRU:Gene	hisG	VFCALKRU_1:62916-63500	VFCALKRU_00077
prokka_VFCALKRU_pseudofinder/VFCALKRU:Gene	hisD	VFCALKRU_1:63478-64728	VFCALKRU_00078
prokka_VFCALKRU_pseudofinder/VFCALKRU:Gene	hisC_1	VFCALKRU_1:64710-65714	VFCALKRU_00079
prokka_VFCALKRU_pseudofinder/VFCALKRU:Gene	hisB	VFCALKRU_1:65671-66243	VFCALKRU_00080
prokka_VFCALKRU_pseudofinder/VFCALKRU:Gene	hisH	VFCALKRU_1:66236-66832	VFCALKRU_00081
prokka_VFCALKRU_pseudofinder/VFCALKRU:Gene	hisA	VFCALKRU_1:66823-67509	VFCALKRU_00082
prokka_VFCALKRU_pseudofinder/VFCALKRU:Gene	hisF	VFCALKRU_1:67509-68255	VFCALKRU_00083
prokka_VFCALKRU_pseudofinder/VFCALKRU:Gene	hisI	VFCALKRU_1:68248-68547	VFCALKRU_00084
prokka_VFCALKRU_pseudofinder/VFCALKRU:Gene	hisE	VFCALKRU_1:68528-68806	VFCALKRU_00085
prokka_VFCALKRU_pseudofinder/VFCALKRU:Gene	VFCALKRU_00086	VFCALKRU_1:68797-68867	VFCALKRU_00086
prokka_VFCALKRU_pseudofinder/VFCALKRU:Gene	VFCALKRU_00089	VFCALKRU_1:c69861-69788	VFCALKRU_00089
prokka_VFCALKRU_pseudofinder/VFCALKRU:Gene	rplT	VFCALKRU_1:c70214-69852	VFCALKRU_00090
prokka_VFCALKRU_pseudofinder/VFCALKRU:Gene	VFCALKRU_00091	VFCALKRU_1:c70365-70201	VFCALKRU_00091
prokka_VFCALKRU_pseudofinder/VFCALKRU:Gene	infC	VFCALKRU_1:c70795-70349	VFCALKRU_00092
prokka_VFCALKRU_pseudofinder/VFCALKRU:Gene	VFCALKRU_00093	VFCALKRU_1:c70898-70827	VFCALKRU_00093
prokka_VFCALKRU_pseudofinder/VFCALKRU:Gene	aroC	VFCALKRU_1:c71820-70897	VFCALKRU_00094
prokka_VFCALKRU_pseudofinder/VFCALKRU:Gene	VFCALKRU_00100	VFCALKRU_1:c73229-72711	VFCALKRU_00100
prokka_VFCALKRU_pseudofinder/VFCALKRU:Gene	VFCALKRU_00101	VFCALKRU_1:c74089-73229	VFCALKRU_00101
prokka_VFCALKRU_pseudofinder/VFCALKRU:Gene	thrC	VFCALKRU_1:c78562-77177	VFCALKRU_00105
prokka_VFCALKRU_pseudofinder/VFCALKRU:Gene	VFCALKRU_00106	VFCALKRU_1:c79752-78559	VFCALKRU_00106
prokka_VFCALKRU_pseudofinder/VFCALKRU:Gene	VFCALKRU_00110	VFCALKRU_1:c81879-81804	VFCALKRU_00110
prokka_VFCALKRU_pseudofinder/VFCALKRU:Gene	VFCALKRU_00112	VFCALKRU_1:c81951-81879	VFCALKRU_00112
prokka_VFCALKRU_pseudofinder/VFCALKRU:Gene	gluQ	VFCALKRU_1:c83144-81936	VFCALKRU_00113
prokka_VFCALKRU_pseudofinder/VFCALKRU:Gene	mnmE	VFCALKRU_1:83153-84460	VFCALKRU_00114
prokka_VFCALKRU_pseudofinder/VFCALKRU:Gene	mnmG	VFCALKRU_1:84457-86262	VFCALKRU_00115
prokka_VFCALKRU_pseudofinder/VFCALKRU:Gene	VFCALKRU_00116	VFCALKRU_1:86335-86601	VFCALKRU_00116
prokka_VFCALKRU_pseudofinder/VFCALKRU:Gene	groL	VFCALKRU_1:86591-88177	VFCALKRU_00117
prokka_VFCALKRU_pseudofinder/VFCALKRU:Gene	aroA	VFCALKRU_1:88239-89516	VFCALKRU_00118
prokka_VFCALKRU_pseudofinder/VFCALKRU:Gene	rpsA	VFCALKRU_1:89501-90553	VFCALKRU_00119
prokka_VFCALKRU_pseudofinder/VFCALKRU:Gene	VFCALKRU_00127	VFCALKRU_1:c100007-97965	VFCALKRU_00127
prokka_VFCALKRU_pseudofinder/VFCALKRU:Gene	dapB	VFCALKRU_1:c100642-100007	VFCALKRU_00128
prokka_VFCALKRU_pseudofinder/VFCALKRU:Gene	maeB	VFCALKRU_1:c101849-100635	VFCALKRU_00129
prokka_VFCALKRU_pseudofinder/VFCALKRU:Gene	aroE	VFCALKRU_1:c102465-101821	VFCALKRU_00130
prokka_VFCALKRU_pseudofinder/VFCALKRU:Gene	rpmA	VFCALKRU_1:c103204-102965	VFCALKRU_00132
prokka_VFCALKRU_pseudofinder/VFCALKRU:Gene	VFCALKRU_00133	VFCALKRU_1:c103505-103173	VFCALKRU_00133
prokka_VFCALKRU_pseudofinder/VFCALKRU:Gene	VFCALKRU_00134	VFCALKRU_1:c104290-103496	VFCALKRU_00134
prokka_VFCALKRU_pseudofinder/VFCALKRU:Gene	rplD	VFCALKRU_1:110811-111416	VFCALKRU_00142
prokka_VFCALKRU_pseudofinder/VFCALKRU:Gene	VFCALKRU_00143	VFCALKRU_1:111397-111588	VFCALKRU_00143
prokka_VFCALKRU_pseudofinder/VFCALKRU:Gene	rplB	VFCALKRU_1:111585-112394	VFCALKRU_00144
prokka_VFCALKRU_pseudofinder/VFCALKRU:Gene	rpsS	VFCALKRU_1:112391-112657	VFCALKRU_00145
prokka_VFCALKRU_pseudofinder/VFCALKRU:Gene	VFCALKRU_00146	VFCALKRU_1:112654-112956	VFCALKRU_00146
prokka_VFCALKRU_pseudofinder/VFCALKRU:Gene	rpsC	VFCALKRU_1:112960-113550	VFCALKRU_00147
prokka_VFCALKRU_pseudofinder/VFCALKRU:Gene	rplP	VFCALKRU_1:113547-113939	VFCALKRU_00148
prokka_VFCALKRU_pseudofinder/VFCALKRU:Gene	VFCALKRU_00149	VFCALKRU_1:113936-114169	VFCALKRU_00149
prokka_VFCALKRU_pseudofinder/VFCALKRU:Gene	rplN	VFCALKRU_1:114166-114531	VFCALKRU_00150
prokka_VFCALKRU_pseudofinder/VFCALKRU:Gene	rplE	VFCALKRU_1:114521-115033	VFCALKRU_00151
prokka_VFCALKRU_pseudofinder/VFCALKRU:Gene	rpsN	VFCALKRU_1:115033-115308	VFCALKRU_00152
prokka_VFCALKRU_pseudofinder/VFCALKRU:Gene	rpsH	VFCALKRU_1:115308-115676	VFCALKRU_00153
prokka_VFCALKRU_pseudofinder/VFCALKRU:Gene	rplF	VFCALKRU_1:115678-116205	VFCALKRU_00154
prokka_VFCALKRU_pseudofinder/VFCALKRU:Gene	VFCALKRU_00155	VFCALKRU_1:116205-116498	VFCALKRU_00155
prokka_VFCALKRU_pseudofinder/VFCALKRU:Gene	rpsE	VFCALKRU_1:116498-116911	VFCALKRU_00156
prokka_VFCALKRU_pseudofinder/VFCALKRU:Gene	VFCALKRU_00157	VFCALKRU_1:116918-117211	VFCALKRU_00157
prokka_VFCALKRU_pseudofinder/VFCALKRU:Gene	infA	VFCALKRU_1:117198-117419	VFCALKRU_00158
prokka_VFCALKRU_pseudofinder/VFCALKRU:Gene	rpmJ	VFCALKRU_1:117416-117529	VFCALKRU_00159
prokka_VFCALKRU_pseudofinder/VFCALKRU:Gene	rpsM	VFCALKRU_1:117526-117870	VFCALKRU_00160
prokka_VFCALKRU_pseudofinder/VFCALKRU:Gene	rpsK	VFCALKRU_1:117833-118207	VFCALKRU_00161
prokka_VFCALKRU_pseudofinder/VFCALKRU:Gene	rpoA	VFCALKRU_1:118791-119651	VFCALKRU_00163
prokka_VFCALKRU_pseudofinder/VFCALKRU:Gene	VFCALKRU_00164	VFCALKRU_1:119648-119881	VFCALKRU_00164
prokka_VFCALKRU_pseudofinder/VFCALKRU:Gene	VFCALKRU_00166	VFCALKRU_1:120980-121384	VFCALKRU_00166
prokka_VFCALKRU_pseudofinder/VFCALKRU:Gene	aroB	VFCALKRU_1:121374-122417	VFCALKRU_00167
prokka_VFCALKRU_pseudofinder/VFCALKRU:Gene	VFCALKRU_00168	VFCALKRU_1:122394-122465	VFCALKRU_00168

FATAL: DiscRep_ALL:RNA_CDS_OVERLAP::21 coding regions overlap RNA features
FATAL: DiscRep_SUB:RNA_CDS_OVERLAP::1 coding regions are completely contained in RNAs
prokka_VFCALKRU_pseudofinder/VFCALKRU:CDS	hypothetical protein	VFCALKRU_1:106521-106664	VFCALKRU_00138
prokka_VFCALKRU_pseudofinder/VFCALKRU:rRNA	23S ribosomal RNA	VFCALKRU_1:c108504-105726	VFCALKRU_00137

FATAL: DiscRep_SUB:RNA_CDS_OVERLAP::1 coding regions completely contain tRNAs
prokka_VFCALKRU_pseudofinder/VFCALKRU:CDS	hypothetical protein	VFCALKRU_1:81813-81959	VFCALKRU_00111
prokka_VFCALKRU_pseudofinder/VFCALKRU:tRNA	Glu	VFCALKRU_1:c81951-81879	VFCALKRU_00112

DiscRep_SUB:RNA_CDS_OVERLAP::19 coding regions overlap RNAs (no containment)
DiscRep_SUB:RNA_CDS_OVERLAP::11 coding regions overlap RNAs on the same strand (no containment)
prokka_VFCALKRU_pseudofinder/VFCALKRU:CDS	Elongation factor Tu	VFCALKRU_1:1-1191	VFCALKRU_00001
prokka_VFCALKRU_pseudofinder/VFCALKRU:tRNA	Trp	VFCALKRU_1:1189-1262	VFCALKRU_00002
prokka_VFCALKRU_pseudofinder/VFCALKRU:CDS	Peptide deformylase 1	VFCALKRU_1:13635-14054	VFCALKRU_00013
prokka_VFCALKRU_pseudofinder/VFCALKRU:tRNA	Phe	VFCALKRU_1:14047-14121	VFCALKRU_00014
prokka_VFCALKRU_pseudofinder/VFCALKRU:CDS	Aspartate kinase	VFCALKRU_1:25876-27012	VFCALKRU_00030
prokka_VFCALKRU_pseudofinder/VFCALKRU:tRNA	Ser	VFCALKRU_1:27011-27095	VFCALKRU_00031
prokka_VFCALKRU_pseudofinder/VFCALKRU:CDS	hypothetical protein	VFCALKRU_1:48274-48447	VFCALKRU_00050
prokka_VFCALKRU_pseudofinder/VFCALKRU:tRNA	Leu	VFCALKRU_1:48426-48513	VFCALKRU_00051
prokka_VFCALKRU_pseudofinder/VFCALKRU:CDS	DNA polymerase III subunit epsilon	VFCALKRU_1:c54530-54003	VFCALKRU_00065
prokka_VFCALKRU_pseudofinder/VFCALKRU:tRNA	Gly	VFCALKRU_1:c54017-53946	VFCALKRU_00064
prokka_VFCALKRU_pseudofinder/VFCALKRU:CDS	ATP-dependent Clp protease ATP-binding subunit ClpX	VFCALKRU_1:59750-60916	VFCALKRU_00070
prokka_VFCALKRU_pseudofinder/VFCALKRU:tRNA	Val	VFCALKRU_1:60914-60987	VFCALKRU_00071
prokka_VFCALKRU_pseudofinder/VFCALKRU:CDS	Phosphoribosyl-ATP pyrophosphatase	VFCALKRU_1:68528-68806	VFCALKRU_00085
prokka_VFCALKRU_pseudofinder/VFCALKRU:tRNA	Thr	VFCALKRU_1:68797-68867	VFCALKRU_00086
prokka_VFCALKRU_pseudofinder/VFCALKRU:CDS	50S ribosomal protein L20	VFCALKRU_1:c70214-69852	VFCALKRU_00090
prokka_VFCALKRU_pseudofinder/VFCALKRU:tRNA	Lys	VFCALKRU_1:c69861-69788	VFCALKRU_00089
prokka_VFCALKRU_pseudofinder/VFCALKRU:CDS	Chorismate synthase	VFCALKRU_1:c71820-70897	VFCALKRU_00094
prokka_VFCALKRU_pseudofinder/VFCALKRU:tRNA	Val	VFCALKRU_1:c70898-70827	VFCALKRU_00093
prokka_VFCALKRU_pseudofinder/VFCALKRU:CDS	Glutamyl-Q tRNA(Asp) synthetase	VFCALKRU_1:c83144-81936	VFCALKRU_00113
prokka_VFCALKRU_pseudofinder/VFCALKRU:tRNA	Glu	VFCALKRU_1:c81951-81879	VFCALKRU_00112
prokka_VFCALKRU_pseudofinder/VFCALKRU:CDS	3-dehydroquinate synthase	VFCALKRU_1:121374-122417	VFCALKRU_00167
prokka_VFCALKRU_pseudofinder/VFCALKRU:tRNA	Met	VFCALKRU_1:122394-122465	VFCALKRU_00168

DiscRep_SUB:RNA_CDS_OVERLAP::8 coding regions overlap RNAs on the opposite strand (no containment)
prokka_VFCALKRU_pseudofinder/VFCALKRU:CDS	hypothetical protein	VFCALKRU_1:c27298-27086	VFCALKRU_00032
prokka_VFCALKRU_pseudofinder/VFCALKRU:tRNA	Ser	VFCALKRU_1:27011-27095	VFCALKRU_00031
prokka_VFCALKRU_pseudofinder/VFCALKRU:CDS	hypothetical protein	VFCALKRU_1:53738-53902	VFCALKRU_00062
prokka_VFCALKRU_pseudofinder/VFCALKRU:tRNA	Cys	VFCALKRU_1:c53945-53874	VFCALKRU_00063
prokka_VFCALKRU_pseudofinder/VFCALKRU:CDS	hypothetical protein	VFCALKRU_1:62627-62785	VFCALKRU_00074
prokka_VFCALKRU_pseudofinder/VFCALKRU:tRNA	Leu	VFCALKRU_1:c62818-62735	VFCALKRU_00075
prokka_VFCALKRU_pseudofinder/VFCALKRU:CDS	Ornithine carbamoyltransferase, anabolic	VFCALKRU_1:68962-69801	VFCALKRU_00088
prokka_VFCALKRU_pseudofinder/VFCALKRU:tRNA	Lys	VFCALKRU_1:c69861-69788	VFCALKRU_00089
prokka_VFCALKRU_pseudofinder/VFCALKRU:CDS	hypothetical protein	VFCALKRU_1:72037-72171	VFCALKRU_00096
prokka_VFCALKRU_pseudofinder/VFCALKRU:tRNA	Met	VFCALKRU_1:c72225-72153	VFCALKRU_00097
prokka_VFCALKRU_pseudofinder/VFCALKRU:CDS	hypothetical protein	VFCALKRU_1:81601-81804	VFCALKRU_00109
prokka_VFCALKRU_pseudofinder/VFCALKRU:tRNA	Asp	VFCALKRU_1:c81879-81804	VFCALKRU_00110
prokka_VFCALKRU_pseudofinder/VFCALKRU:CDS	hypothetical protein	VFCALKRU_1:81813-81959	VFCALKRU_00111
prokka_VFCALKRU_pseudofinder/VFCALKRU:tRNA	Asp	VFCALKRU_1:c81879-81804	VFCALKRU_00110
prokka_VFCALKRU_pseudofinder/VFCALKRU:CDS	Argininosuccinate synthase	VFCALKRU_1:104371-105597	VFCALKRU_00136
prokka_VFCALKRU_pseudofinder/VFCALKRU:tRNA	Ala	VFCALKRU_1:c104371-104298	VFCALKRU_00135

DiscRep_ALL:DISC_QUALITY_SCORES::Quality scores are missing on all sequences.

DiscRep_ALL:ONCALLER_COMMENT_PRESENT::1 comment descriptors were found (all same)
prokka_VFCALKRU_pseudofinder/VFCALKRU:Prokka:VFCALKRU_1:Annotated using prokka 1.14.6 from https://github.com/tseemann/prokka

DiscRep_ALL:SHORT_PROT_SEQUENCES::6 protein sequences are shorter than 50 aa.
prokka_VFCALKRU_pseudofinder/VFCALKRU:Prokka:VFCALKRU_00034 (length 49)
prokka_VFCALKRU_pseudofinder/VFCALKRU:Prokka:VFCALKRU_00047 (length 46)
prokka_VFCALKRU_pseudofinder/VFCALKRU:Prokka:VFCALKRU_00096 (length 44)
prokka_VFCALKRU_pseudofinder/VFCALKRU:Prokka:VFCALKRU_00111 (length 48)
prokka_VFCALKRU_pseudofinder/VFCALKRU:Prokka:VFCALKRU_00138 (length 47)
prokka_VFCALKRU_pseudofinder/VFCALKRU:Prokka:VFCALKRU_00159 (length 37)

DiscRep_ALL:MISSING_GENOMEASSEMBLY_COMMENTS::1 bioseqs are missing GenomeAssembly structured comments
prokka_VFCALKRU_pseudofinder/VFCALKRU:Prokka:VFCALKRU_1 (length 122629)

DiscRep_ALL:MOLTYPE_NOT_MRNA::1 molecule types are not set as mRNA.
prokka_VFCALKRU_pseudofinder/VFCALKRU:Prokka:VFCALKRU_1 (length 122629)

DiscRep_ALL:TECHNIQUE_NOT_TSA::1 technique are not set as TSA
prokka_VFCALKRU_pseudofinder/VFCALKRU:Prokka:VFCALKRU_1 (length 122629)

DiscRep_ALL:MISSING_STRUCTURED_COMMENT::1 sequences do not include structured comments.
prokka_VFCALKRU_pseudofinder/VFCALKRU:Prokka:VFCALKRU_1 (length 122629)

DiscRep_ALL:MISSING_PROJECT::143 sequences do not include project.
prokka_VFCALKRU_pseudofinder/VFCALKRU:Prokka:VFCALKRU_1 (length 122629)
prokka_VFCALKRU_pseudofinder/VFCALKRU:Prokka:VFCALKRU_00001 (length 396)
prokka_VFCALKRU_pseudofinder/VFCALKRU:Prokka:VFCALKRU_00003 (length 131)
prokka_VFCALKRU_pseudofinder/VFCALKRU:Prokka:VFCALKRU_00004 (length 198)
prokka_VFCALKRU_pseudofinder/VFCALKRU:Prokka:VFCALKRU_00005 (length 150)
prokka_VFCALKRU_pseudofinder/VFCALKRU:Prokka:VFCALKRU_00006 (length 114)
prokka_VFCALKRU_pseudofinder/VFCALKRU:Prokka:VFCALKRU_00007 (length 1234)
prokka_VFCALKRU_pseudofinder/VFCALKRU:Prokka:VFCALKRU_00008 (length 1253)
prokka_VFCALKRU_pseudofinder/VFCALKRU:Prokka:VFCALKRU_00009 (length 128)
prokka_VFCALKRU_pseudofinder/VFCALKRU:Prokka:VFCALKRU_00010 (length 157)
prokka_VFCALKRU_pseudofinder/VFCALKRU:Prokka:VFCALKRU_00011 (length 676)
prokka_VFCALKRU_pseudofinder/VFCALKRU:Prokka:VFCALKRU_00012 (length 101)
prokka_VFCALKRU_pseudofinder/VFCALKRU:Prokka:VFCALKRU_00013 (length 139)
prokka_VFCALKRU_pseudofinder/VFCALKRU:Prokka:VFCALKRU_00015 (length 123)
prokka_VFCALKRU_pseudofinder/VFCALKRU:Prokka:VFCALKRU_00016 (length 252)
prokka_VFCALKRU_pseudofinder/VFCALKRU:Prokka:VFCALKRU_00017 (length 361)
prokka_VFCALKRU_pseudofinder/VFCALKRU:Prokka:VFCALKRU_00018 (length 130)
prokka_VFCALKRU_pseudofinder/VFCALKRU:Prokka:VFCALKRU_00019 (length 109)
prokka_VFCALKRU_pseudofinder/VFCALKRU:Prokka:VFCALKRU_00020 (length 274)
prokka_VFCALKRU_pseudofinder/VFCALKRU:Prokka:VFCALKRU_00021 (length 149)
prokka_VFCALKRU_pseudofinder/VFCALKRU:Prokka:VFCALKRU_00022 (length 285)
prokka_VFCALKRU_pseudofinder/VFCALKRU:Prokka:VFCALKRU_00023 (length 166)
prokka_VFCALKRU_pseudofinder/VFCALKRU:Prokka:VFCALKRU_00024 (length 181)
prokka_VFCALKRU_pseudofinder/VFCALKRU:Prokka:VFCALKRU_00025 (length 373)
prokka_VFCALKRU_pseudofinder/VFCALKRU:Prokka:VFCALKRU_00026 (length 424)
prokka_VFCALKRU_pseudofinder/VFCALKRU:Prokka:VFCALKRU_00027 (length 228)
prokka_VFCALKRU_pseudofinder/VFCALKRU:Prokka:VFCALKRU_00028 (length 301)
prokka_VFCALKRU_pseudofinder/VFCALKRU:Prokka:VFCALKRU_00029 (length 314)
prokka_VFCALKRU_pseudofinder/VFCALKRU:Prokka:VFCALKRU_00030 (length 378)
prokka_VFCALKRU_pseudofinder/VFCALKRU:Prokka:VFCALKRU_00032 (length 70)
prokka_VFCALKRU_pseudofinder/VFCALKRU:Prokka:VFCALKRU_00033 (length 731)
prokka_VFCALKRU_pseudofinder/VFCALKRU:Prokka:VFCALKRU_00034 (length 49)
prokka_VFCALKRU_pseudofinder/VFCALKRU:Prokka:VFCALKRU_00035 (length 724)
prokka_VFCALKRU_pseudofinder/VFCALKRU:Prokka:VFCALKRU_00036 (length 246)
prokka_VFCALKRU_pseudofinder/VFCALKRU:Prokka:VFCALKRU_00037 (length 377)
prokka_VFCALKRU_pseudofinder/VFCALKRU:Prokka:VFCALKRU_00038 (length 287)
prokka_VFCALKRU_pseudofinder/VFCALKRU:Prokka:VFCALKRU_00039 (length 246)
prokka_VFCALKRU_pseudofinder/VFCALKRU:Prokka:VFCALKRU_00040 (length 335)
prokka_VFCALKRU_pseudofinder/VFCALKRU:Prokka:VFCALKRU_00041 (length 186)
prokka_VFCALKRU_pseudofinder/VFCALKRU:Prokka:VFCALKRU_00042 (length 407)
prokka_VFCALKRU_pseudofinder/VFCALKRU:Prokka:VFCALKRU_00043 (length 460)
prokka_VFCALKRU_pseudofinder/VFCALKRU:Prokka:VFCALKRU_00044 (length 320)
prokka_VFCALKRU_pseudofinder/VFCALKRU:Prokka:VFCALKRU_00045 (length 443)
prokka_VFCALKRU_pseudofinder/VFCALKRU:Prokka:VFCALKRU_00046 (length 108)
prokka_VFCALKRU_pseudofinder/VFCALKRU:Prokka:VFCALKRU_00047 (length 46)
prokka_VFCALKRU_pseudofinder/VFCALKRU:Prokka:VFCALKRU_00048 (length 467)
prokka_VFCALKRU_pseudofinder/VFCALKRU:Prokka:VFCALKRU_00049 (length 961)
prokka_VFCALKRU_pseudofinder/VFCALKRU:Prokka:VFCALKRU_00050 (length 57)
prokka_VFCALKRU_pseudofinder/VFCALKRU:Prokka:VFCALKRU_00054 (length 336)
prokka_VFCALKRU_pseudofinder/VFCALKRU:Prokka:VFCALKRU_00055 (length 202)
prokka_VFCALKRU_pseudofinder/VFCALKRU:Prokka:VFCALKRU_00056 (length 375)
prokka_VFCALKRU_pseudofinder/VFCALKRU:Prokka:VFCALKRU_00057 (length 224)
prokka_VFCALKRU_pseudofinder/VFCALKRU:Prokka:VFCALKRU_00058 (length 87)
prokka_VFCALKRU_pseudofinder/VFCALKRU:Prokka:VFCALKRU_00059 (length 75)
prokka_VFCALKRU_pseudofinder/VFCALKRU:Prokka:VFCALKRU_00061 (length 130)
prokka_VFCALKRU_pseudofinder/VFCALKRU:Prokka:VFCALKRU_00062 (length 54)
prokka_VFCALKRU_pseudofinder/VFCALKRU:Prokka:VFCALKRU_00065 (length 175)
prokka_VFCALKRU_pseudofinder/VFCALKRU:Prokka:VFCALKRU_00066 (length 349)
prokka_VFCALKRU_pseudofinder/VFCALKRU:Prokka:VFCALKRU_00067 (length 1026)
prokka_VFCALKRU_pseudofinder/VFCALKRU:Prokka:VFCALKRU_00068 (length 183)
prokka_VFCALKRU_pseudofinder/VFCALKRU:Prokka:VFCALKRU_00069 (length 187)
prokka_VFCALKRU_pseudofinder/VFCALKRU:Prokka:VFCALKRU_00070 (length 388)
prokka_VFCALKRU_pseudofinder/VFCALKRU:Prokka:VFCALKRU_00072 (length 196)
prokka_VFCALKRU_pseudofinder/VFCALKRU:Prokka:VFCALKRU_00073 (length 339)
prokka_VFCALKRU_pseudofinder/VFCALKRU:Prokka:VFCALKRU_00074 (length 52)
prokka_VFCALKRU_pseudofinder/VFCALKRU:Prokka:VFCALKRU_00077 (length 194)
prokka_VFCALKRU_pseudofinder/VFCALKRU:Prokka:VFCALKRU_00078 (length 416)
prokka_VFCALKRU_pseudofinder/VFCALKRU:Prokka:VFCALKRU_00079 (length 334)
prokka_VFCALKRU_pseudofinder/VFCALKRU:Prokka:VFCALKRU_00080 (length 190)
prokka_VFCALKRU_pseudofinder/VFCALKRU:Prokka:VFCALKRU_00081 (length 198)
prokka_VFCALKRU_pseudofinder/VFCALKRU:Prokka:VFCALKRU_00082 (length 228)
prokka_VFCALKRU_pseudofinder/VFCALKRU:Prokka:VFCALKRU_00083 (length 248)
prokka_VFCALKRU_pseudofinder/VFCALKRU:Prokka:VFCALKRU_00084 (length 99)
prokka_VFCALKRU_pseudofinder/VFCALKRU:Prokka:VFCALKRU_00085 (length 92)
prokka_VFCALKRU_pseudofinder/VFCALKRU:Prokka:VFCALKRU_00088 (length 279)
prokka_VFCALKRU_pseudofinder/VFCALKRU:Prokka:VFCALKRU_00090 (length 120)
prokka_VFCALKRU_pseudofinder/VFCALKRU:Prokka:VFCALKRU_00091 (length 54)
prokka_VFCALKRU_pseudofinder/VFCALKRU:Prokka:VFCALKRU_00092 (length 148)
prokka_VFCALKRU_pseudofinder/VFCALKRU:Prokka:VFCALKRU_00094 (length 307)
prokka_VFCALKRU_pseudofinder/VFCALKRU:Prokka:VFCALKRU_00096 (length 44)
prokka_VFCALKRU_pseudofinder/VFCALKRU:Prokka:VFCALKRU_00099 (length 123)
prokka_VFCALKRU_pseudofinder/VFCALKRU:Prokka:VFCALKRU_00100 (length 172)
prokka_VFCALKRU_pseudofinder/VFCALKRU:Prokka:VFCALKRU_00101 (length 286)
prokka_VFCALKRU_pseudofinder/VFCALKRU:Prokka:VFCALKRU_00102 (length 369)
prokka_VFCALKRU_pseudofinder/VFCALKRU:Prokka:VFCALKRU_00103 (length 166)
prokka_VFCALKRU_pseudofinder/VFCALKRU:Prokka:VFCALKRU_00104 (length 361)
prokka_VFCALKRU_pseudofinder/VFCALKRU:Prokka:VFCALKRU_00105 (length 461)
prokka_VFCALKRU_pseudofinder/VFCALKRU:Prokka:VFCALKRU_00106 (length 397)
prokka_VFCALKRU_pseudofinder/VFCALKRU:Prokka:VFCALKRU_00107 (length 419)
prokka_VFCALKRU_pseudofinder/VFCALKRU:Prokka:VFCALKRU_00108 (length 103)
prokka_VFCALKRU_pseudofinder/VFCALKRU:Prokka:VFCALKRU_00109 (length 67)
prokka_VFCALKRU_pseudofinder/VFCALKRU:Prokka:VFCALKRU_00111 (length 48)
prokka_VFCALKRU_pseudofinder/VFCALKRU:Prokka:VFCALKRU_00113 (length 402)
prokka_VFCALKRU_pseudofinder/VFCALKRU:Prokka:VFCALKRU_00114 (length 435)
prokka_VFCALKRU_pseudofinder/VFCALKRU:Prokka:VFCALKRU_00115 (length 601)
prokka_VFCALKRU_pseudofinder/VFCALKRU:Prokka:VFCALKRU_00116 (length 88)
prokka_VFCALKRU_pseudofinder/VFCALKRU:Prokka:VFCALKRU_00117 (length 528)
prokka_VFCALKRU_pseudofinder/VFCALKRU:Prokka:VFCALKRU_00118 (length 425)
prokka_VFCALKRU_pseudofinder/VFCALKRU:Prokka:VFCALKRU_00119 (length 350)
prokka_VFCALKRU_pseudofinder/VFCALKRU:Prokka:VFCALKRU_00120 (length 325)
prokka_VFCALKRU_pseudofinder/VFCALKRU:Prokka:VFCALKRU_00121 (length 236)
prokka_VFCALKRU_pseudofinder/VFCALKRU:Prokka:VFCALKRU_00122 (length 341)
prokka_VFCALKRU_pseudofinder/VFCALKRU:Prokka:VFCALKRU_00123 (length 601)
prokka_VFCALKRU_pseudofinder/VFCALKRU:Prokka:VFCALKRU_00124 (length 140)
prokka_VFCALKRU_pseudofinder/VFCALKRU:Prokka:VFCALKRU_00125 (length 321)
prokka_VFCALKRU_pseudofinder/VFCALKRU:Prokka:VFCALKRU_00126 (length 331)
prokka_VFCALKRU_pseudofinder/VFCALKRU:Prokka:VFCALKRU_00127 (length 680)
prokka_VFCALKRU_pseudofinder/VFCALKRU:Prokka:VFCALKRU_00128 (length 211)
prokka_VFCALKRU_pseudofinder/VFCALKRU:Prokka:VFCALKRU_00129 (length 404)
prokka_VFCALKRU_pseudofinder/VFCALKRU:Prokka:VFCALKRU_00130 (length 214)
prokka_VFCALKRU_pseudofinder/VFCALKRU:Prokka:VFCALKRU_00131 (length 138)
prokka_VFCALKRU_pseudofinder/VFCALKRU:Prokka:VFCALKRU_00132 (length 79)
prokka_VFCALKRU_pseudofinder/VFCALKRU:Prokka:VFCALKRU_00133 (length 110)
prokka_VFCALKRU_pseudofinder/VFCALKRU:Prokka:VFCALKRU_00134 (length 264)
prokka_VFCALKRU_pseudofinder/VFCALKRU:Prokka:VFCALKRU_00136 (length 408)
prokka_VFCALKRU_pseudofinder/VFCALKRU:Prokka:VFCALKRU_00138 (length 47)
prokka_VFCALKRU_pseudofinder/VFCALKRU:Prokka:VFCALKRU_00141 (length 137)
prokka_VFCALKRU_pseudofinder/VFCALKRU:Prokka:VFCALKRU_00142 (length 201)
prokka_VFCALKRU_pseudofinder/VFCALKRU:Prokka:VFCALKRU_00143 (length 63)
prokka_VFCALKRU_pseudofinder/VFCALKRU:Prokka:VFCALKRU_00144 (length 269)
prokka_VFCALKRU_pseudofinder/VFCALKRU:Prokka:VFCALKRU_00145 (length 88)
prokka_VFCALKRU_pseudofinder/VFCALKRU:Prokka:VFCALKRU_00146 (length 100)
prokka_VFCALKRU_pseudofinder/VFCALKRU:Prokka:VFCALKRU_00147 (length 196)
prokka_VFCALKRU_pseudofinder/VFCALKRU:Prokka:VFCALKRU_00148 (length 130)
prokka_VFCALKRU_pseudofinder/VFCALKRU:Prokka:VFCALKRU_00149 (length 77)
prokka_VFCALKRU_pseudofinder/VFCALKRU:Prokka:VFCALKRU_00150 (length 121)
prokka_VFCALKRU_pseudofinder/VFCALKRU:Prokka:VFCALKRU_00151 (length 170)
prokka_VFCALKRU_pseudofinder/VFCALKRU:Prokka:VFCALKRU_00152 (length 91)
prokka_VFCALKRU_pseudofinder/VFCALKRU:Prokka:VFCALKRU_00153 (length 122)
prokka_VFCALKRU_pseudofinder/VFCALKRU:Prokka:VFCALKRU_00154 (length 175)
prokka_VFCALKRU_pseudofinder/VFCALKRU:Prokka:VFCALKRU_00155 (length 97)
prokka_VFCALKRU_pseudofinder/VFCALKRU:Prokka:VFCALKRU_00156 (length 137)
prokka_VFCALKRU_pseudofinder/VFCALKRU:Prokka:VFCALKRU_00157 (length 97)
prokka_VFCALKRU_pseudofinder/VFCALKRU:Prokka:VFCALKRU_00158 (length 73)
prokka_VFCALKRU_pseudofinder/VFCALKRU:Prokka:VFCALKRU_00159 (length 37)
prokka_VFCALKRU_pseudofinder/VFCALKRU:Prokka:VFCALKRU_00160 (length 114)
prokka_VFCALKRU_pseudofinder/VFCALKRU:Prokka:VFCALKRU_00161 (length 124)
prokka_VFCALKRU_pseudofinder/VFCALKRU:Prokka:VFCALKRU_00162 (length 173)
prokka_VFCALKRU_pseudofinder/VFCALKRU:Prokka:VFCALKRU_00163 (length 286)
prokka_VFCALKRU_pseudofinder/VFCALKRU:Prokka:VFCALKRU_00164 (length 77)
prokka_VFCALKRU_pseudofinder/VFCALKRU:Prokka:VFCALKRU_00165 (length 285)
prokka_VFCALKRU_pseudofinder/VFCALKRU:Prokka:VFCALKRU_00166 (length 134)
prokka_VFCALKRU_pseudofinder/VFCALKRU:Prokka:VFCALKRU_00167 (length 347)

DiscRep_ALL:DISC_INCONSISTENT_MOLINFO_TECH::Molinfo Technique Report (some missing, all same)
DiscRep_SUB:DISC_INCONSISTENT_MOLINFO_TECH::technique (all missing)
DiscRep_SUB:DISC_INCONSISTENT_MOLINFO_TECH::1 Molinfos are missing field technique
prokka_VFCALKRU_pseudofinder/VFCALKRU:Prokka:VFCALKRU_1 (length 122629)

