Discrepancy Report Results

Summary
DISC_SOURCE_QUALS_ASNDISC:strain (all present, all unique)
DISC_SOURCE_QUALS_ASNDISC:taxname (all present, all unique)
DISC_FEATURE_COUNT:gene: 182 present
DISC_FEATURE_COUNT:CDS: 148 present
DISC_FEATURE_COUNT:tRNA: 29 present
DISC_FEATURE_COUNT:rRNA: 3 present
DISC_FEATURE_COUNT:misc_RNA: 1 present
DISC_FEATURE_COUNT:tmRNA: 1 present
DISC_COUNT_NUCLEOTIDES:1 nucleotide Bioseqs are present
OVERLAPPING_GENES:50 genes overlap another gene on the same strand.
FATAL: RNA_CDS_OVERLAP:8 coding regions overlap RNA features
DISC_QUALITY_SCORES:Quality scores are missing on all sequences.
DISC_BAD_BACTERIAL_GENE_NAME:1 bacterial genes do not start with lowercase letters
ONCALLER_COMMENT_PRESENT:1 comment descriptors were found (all same)
SHORT_PROT_SEQUENCES:6 protein sequences are shorter than 50 aa.
MISSING_GENOMEASSEMBLY_COMMENTS:1 bioseqs are missing GenomeAssembly structured comments
TEST_UNUSUAL_MISC_RNA:1 unexpected misc_RNA features found.  misc_RNAs are unusual in a genome, consider using ncRNA, misc_binding, or misc_feature as appropriate.
FIND_OVERLAPPED_GENES:1 genes completely overlapped by other genes
MOLTYPE_NOT_MRNA:1 molecule types are not set as mRNA.
TECHNIQUE_NOT_TSA:1 technique are not set as TSA
MISSING_STRUCTURED_COMMENT:1 sequences do not include structured comments.
MISSING_PROJECT:149 sequences do not include project.
DISC_INCONSISTENT_MOLINFO_TECH:Molinfo Technique Report (some missing, all same)


Detailed Report

DiscRep_ALL:DISC_SOURCE_QUALS_ASNDISC::strain (all present, all unique)
DiscRep_SUB:DISC_SOURCE_QUALS_ASNDISC::1 sources have unique values for strain
DiscRep_ALL:DISC_SOURCE_QUALS_ASNDISC::taxname (all present, all unique)
DiscRep_SUB:DISC_SOURCE_QUALS_ASNDISC::1 sources have unique values for taxname
DiscRep_ALL:DISC_FEATURE_COUNT::gene: 182 present
DiscRep_ALL:DISC_FEATURE_COUNT::CDS: 148 present
DiscRep_ALL:DISC_FEATURE_COUNT::tRNA: 29 present
DiscRep_ALL:DISC_FEATURE_COUNT::rRNA: 3 present
DiscRep_ALL:DISC_FEATURE_COUNT::misc_RNA: 1 present
DiscRep_ALL:DISC_FEATURE_COUNT::tmRNA: 1 present
DiscRep_ALL:DISC_COUNT_NUCLEOTIDES::1 nucleotide Bioseqs are present
prokka_SMTETSUL_pseudofinder/SMTETSUL:Prokka:SMTETSUL_1 (length 147554)

DiscRep_ALL:OVERLAPPING_GENES::50 genes overlap another gene on the same strand.
prokka_SMTETSUL_pseudofinder/SMTETSUL:Gene	SMTETSUL_00020	SMTETSUL_1:c21230-21030	SMTETSUL_00020
prokka_SMTETSUL_pseudofinder/SMTETSUL:Gene	SMTETSUL_00021	SMTETSUL_1:c21508-21227	SMTETSUL_00021
prokka_SMTETSUL_pseudofinder/SMTETSUL:Gene	SMTETSUL_00022	SMTETSUL_1:c21902-21501	SMTETSUL_00022
prokka_SMTETSUL_pseudofinder/SMTETSUL:Gene	ssrA	SMTETSUL_1:c22151-21868	SMTETSUL_00023
prokka_SMTETSUL_pseudofinder/SMTETSUL:Gene	rpmA	SMTETSUL_1:c22420-22169	SMTETSUL_00024
prokka_SMTETSUL_pseudofinder/SMTETSUL:Gene	rplU	SMTETSUL_1:c22748-22410	SMTETSUL_00025
prokka_SMTETSUL_pseudofinder/SMTETSUL:Gene	glyQS	SMTETSUL_1:c32841-31363	SMTETSUL_00039
prokka_SMTETSUL_pseudofinder/SMTETSUL:Gene	fdx	SMTETSUL_1:c33034-32831	SMTETSUL_00040
prokka_SMTETSUL_pseudofinder/SMTETSUL:Gene	iscS	SMTETSUL_1:c40228-39095	SMTETSUL_00047
prokka_SMTETSUL_pseudofinder/SMTETSUL:Gene	tilS	SMTETSUL_1:c41153-40206	SMTETSUL_00048
prokka_SMTETSUL_pseudofinder/SMTETSUL:Gene	grpE	SMTETSUL_1:49846-50403	SMTETSUL_00057
prokka_SMTETSUL_pseudofinder/SMTETSUL:Gene	dnaJ	SMTETSUL_1:50381-51496	SMTETSUL_00058
prokka_SMTETSUL_pseudofinder/SMTETSUL:Gene	rplM	SMTETSUL_1:57783-58184	SMTETSUL_00066
prokka_SMTETSUL_pseudofinder/SMTETSUL:Gene	rpsI	SMTETSUL_1:58184-58576	SMTETSUL_00067
prokka_SMTETSUL_pseudofinder/SMTETSUL:Gene	rpsB	SMTETSUL_1:58530-59315	SMTETSUL_00068
prokka_SMTETSUL_pseudofinder/SMTETSUL:Gene	SMTETSUL_00090	SMTETSUL_1:74434-74506	SMTETSUL_00090
prokka_SMTETSUL_pseudofinder/SMTETSUL:Gene	rplK	SMTETSUL_1:74449-74949	SMTETSUL_00091
prokka_SMTETSUL_pseudofinder/SMTETSUL:Gene	rplA	SMTETSUL_1:74942-75577	SMTETSUL_00092
prokka_SMTETSUL_pseudofinder/SMTETSUL:Gene	SMTETSUL_00093	SMTETSUL_1:75587-76150	SMTETSUL_00093
prokka_SMTETSUL_pseudofinder/SMTETSUL:Gene	rplL	SMTETSUL_1:76140-76508	SMTETSUL_00094
prokka_SMTETSUL_pseudofinder/SMTETSUL:Gene	rpoB	SMTETSUL_1:76508-80218	SMTETSUL_00095
prokka_SMTETSUL_pseudofinder/SMTETSUL:Gene	rpmG	SMTETSUL_1:c86910-86725	SMTETSUL_00101
prokka_SMTETSUL_pseudofinder/SMTETSUL:Gene	SMTETSUL_00102	SMTETSUL_1:c87136-86900	SMTETSUL_00102
prokka_SMTETSUL_pseudofinder/SMTETSUL:Gene	leuS	SMTETSUL_1:c92262-89521	SMTETSUL_00105
prokka_SMTETSUL_pseudofinder/SMTETSUL:Gene	tyrS1	SMTETSUL_1:c93514-92252	SMTETSUL_00106
prokka_SMTETSUL_pseudofinder/SMTETSUL:Gene	leuC	SMTETSUL_1:94774-96189	SMTETSUL_00108
prokka_SMTETSUL_pseudofinder/SMTETSUL:Gene	leuD1	SMTETSUL_1:96176-96760	SMTETSUL_00109
prokka_SMTETSUL_pseudofinder/SMTETSUL:Gene	sufC	SMTETSUL_1:108487-109233	SMTETSUL_00123
prokka_SMTETSUL_pseudofinder/SMTETSUL:Gene	SMTETSUL_00124	SMTETSUL_1:109230-110567	SMTETSUL_00124
prokka_SMTETSUL_pseudofinder/SMTETSUL:Gene	sufS	SMTETSUL_1:110554-111765	SMTETSUL_00125
prokka_SMTETSUL_pseudofinder/SMTETSUL:Gene	SMTETSUL_00130	SMTETSUL_1:114364-114483	SMTETSUL_00130
prokka_SMTETSUL_pseudofinder/SMTETSUL:Gene	SMTETSUL_00131	SMTETSUL_1:114372-114442	SMTETSUL_00131
prokka_SMTETSUL_pseudofinder/SMTETSUL:Gene	rpsJ	SMTETSUL_1:122898-123194	SMTETSUL_00143
prokka_SMTETSUL_pseudofinder/SMTETSUL:Gene	rplC	SMTETSUL_1:123188-123814	SMTETSUL_00144
prokka_SMTETSUL_pseudofinder/SMTETSUL:Gene	SMTETSUL_00146	SMTETSUL_1:124472-124834	SMTETSUL_00146
prokka_SMTETSUL_pseudofinder/SMTETSUL:Gene	rplB	SMTETSUL_1:124824-125651	SMTETSUL_00147
prokka_SMTETSUL_pseudofinder/SMTETSUL:Gene	rpsS	SMTETSUL_1:125663-125968	SMTETSUL_00148
prokka_SMTETSUL_pseudofinder/SMTETSUL:Gene	SMTETSUL_00149	SMTETSUL_1:125961-126338	SMTETSUL_00149
prokka_SMTETSUL_pseudofinder/SMTETSUL:Gene	rpsC	SMTETSUL_1:126323-127000	SMTETSUL_00150
prokka_SMTETSUL_pseudofinder/SMTETSUL:Gene	rplP	SMTETSUL_1:127020-127424	SMTETSUL_00151
prokka_SMTETSUL_pseudofinder/SMTETSUL:Gene	rpsQ	SMTETSUL_1:127424-127669	SMTETSUL_00152
prokka_SMTETSUL_pseudofinder/SMTETSUL:Gene	SMTETSUL_00154	SMTETSUL_1:128054-128407	SMTETSUL_00154
prokka_SMTETSUL_pseudofinder/SMTETSUL:Gene	rplE	SMTETSUL_1:128391-128948	SMTETSUL_00155
prokka_SMTETSUL_pseudofinder/SMTETSUL:Gene	rpsN2	SMTETSUL_1:128941-129210	SMTETSUL_00156
prokka_SMTETSUL_pseudofinder/SMTETSUL:Gene	rpsM	SMTETSUL_1:131955-132332	SMTETSUL_00164
prokka_SMTETSUL_pseudofinder/SMTETSUL:Gene	rpsK	SMTETSUL_1:132329-132688	SMTETSUL_00165
prokka_SMTETSUL_pseudofinder/SMTETSUL:Gene	rpoA	SMTETSUL_1:133374-134348	SMTETSUL_00167
prokka_SMTETSUL_pseudofinder/SMTETSUL:Gene	rplQ	SMTETSUL_1:134345-134695	SMTETSUL_00168
prokka_SMTETSUL_pseudofinder/SMTETSUL:Gene	acoA	SMTETSUL_1:139317-140336	SMTETSUL_00174
prokka_SMTETSUL_pseudofinder/SMTETSUL:Gene	pdhC	SMTETSUL_1:140324-141409	SMTETSUL_00175

FATAL: DiscRep_ALL:RNA_CDS_OVERLAP::8 coding regions overlap RNA features
FATAL: DiscRep_SUB:RNA_CDS_OVERLAP::2 coding regions are completely contained in RNAs
prokka_SMTETSUL_pseudofinder/SMTETSUL:CDS	hypothetical protein	SMTETSUL_1:66111-66569	SMTETSUL_00078
prokka_SMTETSUL_pseudofinder/SMTETSUL:rRNA	23S ribosomal RNA	SMTETSUL_1:c68860-65988	SMTETSUL_00077
prokka_SMTETSUL_pseudofinder/SMTETSUL:CDS	hypothetical protein	SMTETSUL_1:69684-69992	SMTETSUL_00082
prokka_SMTETSUL_pseudofinder/SMTETSUL:rRNA	16S ribosomal RNA	SMTETSUL_1:c70645-69109	SMTETSUL_00081

FATAL: DiscRep_SUB:RNA_CDS_OVERLAP::1 coding regions completely contain tRNAs
prokka_SMTETSUL_pseudofinder/SMTETSUL:CDS	hypothetical protein	SMTETSUL_1:114364-114483	SMTETSUL_00130
prokka_SMTETSUL_pseudofinder/SMTETSUL:tRNA	Gln	SMTETSUL_1:114372-114442	SMTETSUL_00131

DiscRep_SUB:RNA_CDS_OVERLAP::5 coding regions overlap RNAs (no containment)
DiscRep_SUB:RNA_CDS_OVERLAP::2 coding regions overlap RNAs on the same strand (no containment)
prokka_SMTETSUL_pseudofinder/SMTETSUL:CDS	hypothetical protein	SMTETSUL_1:c21902-21501	SMTETSUL_00022
prokka_SMTETSUL_pseudofinder/SMTETSUL:tmRNA	transfer-messenger RNA, SsrA	SMTETSUL_1:c22151-21868	SMTETSUL_00023
prokka_SMTETSUL_pseudofinder/SMTETSUL:CDS	50S ribosomal protein L11	SMTETSUL_1:74449-74949	SMTETSUL_00091
prokka_SMTETSUL_pseudofinder/SMTETSUL:tRNA	Trp	SMTETSUL_1:74434-74506	SMTETSUL_00090

DiscRep_SUB:RNA_CDS_OVERLAP::3 coding regions overlap RNAs on the opposite strand (no containment)
prokka_SMTETSUL_pseudofinder/SMTETSUL:CDS	Glycine--tRNA ligase	SMTETSUL_1:c32841-31363	SMTETSUL_00039
prokka_SMTETSUL_pseudofinder/SMTETSUL:tRNA	Arg	SMTETSUL_1:31292-31366	SMTETSUL_00038
prokka_SMTETSUL_pseudofinder/SMTETSUL:CDS	hypothetical protein	SMTETSUL_1:c86713-86591	SMTETSUL_00100
prokka_SMTETSUL_pseudofinder/SMTETSUL:tRNA	His	SMTETSUL_1:86521-86596	SMTETSUL_00099
prokka_SMTETSUL_pseudofinder/SMTETSUL:CDS	DNA mismatch repair protein MutL	SMTETSUL_1:c137554-135872	SMTETSUL_00171
prokka_SMTETSUL_pseudofinder/SMTETSUL:RNA	RNaseP_bact_a	SMTETSUL_1:135601-135906	SMTETSUL_00170

DiscRep_ALL:DISC_QUALITY_SCORES::Quality scores are missing on all sequences.

DiscRep_ALL:DISC_BAD_BACTERIAL_GENE_NAME::1 bacterial genes do not start with lowercase letters
prokka_SMTETSUL_pseudofinder/SMTETSUL:Gene	TSFM	SMTETSUL_1:59331-59957	SMTETSUL_00069

DiscRep_ALL:ONCALLER_COMMENT_PRESENT::1 comment descriptors were found (all same)
prokka_SMTETSUL_pseudofinder/SMTETSUL:Prokka:SMTETSUL_1:Annotated using prokka 1.14.6 from https://github.com/tseemann/prokka

DiscRep_ALL:SHORT_PROT_SEQUENCES::6 protein sequences are shorter than 50 aa.
prokka_SMTETSUL_pseudofinder/SMTETSUL:Prokka:SMTETSUL_00029 (length 32)
prokka_SMTETSUL_pseudofinder/SMTETSUL:Prokka:SMTETSUL_00032 (length 47)
prokka_SMTETSUL_pseudofinder/SMTETSUL:Prokka:SMTETSUL_00100 (length 40)
prokka_SMTETSUL_pseudofinder/SMTETSUL:Prokka:SMTETSUL_00130 (length 39)
prokka_SMTETSUL_pseudofinder/SMTETSUL:Prokka:SMTETSUL_00136 (length 38)
prokka_SMTETSUL_pseudofinder/SMTETSUL:Prokka:SMTETSUL_00163 (length 38)

DiscRep_ALL:MISSING_GENOMEASSEMBLY_COMMENTS::1 bioseqs are missing GenomeAssembly structured comments
prokka_SMTETSUL_pseudofinder/SMTETSUL:Prokka:SMTETSUL_1 (length 147554)

DiscRep_ALL:TEST_UNUSUAL_MISC_RNA::1 unexpected misc_RNA features found.  misc_RNAs are unusual in a genome, consider using ncRNA, misc_binding, or misc_feature as appropriate.
prokka_SMTETSUL_pseudofinder/SMTETSUL:RNA	RNaseP_bact_a	SMTETSUL_1:135601-135906	SMTETSUL_00170

DiscRep_ALL:FIND_OVERLAPPED_GENES::1 genes completely overlapped by other genes
prokka_SMTETSUL_pseudofinder/SMTETSUL:Gene	SMTETSUL_00131	SMTETSUL_1:114372-114442	SMTETSUL_00131

DiscRep_ALL:MOLTYPE_NOT_MRNA::1 molecule types are not set as mRNA.
prokka_SMTETSUL_pseudofinder/SMTETSUL:Prokka:SMTETSUL_1 (length 147554)

DiscRep_ALL:TECHNIQUE_NOT_TSA::1 technique are not set as TSA
prokka_SMTETSUL_pseudofinder/SMTETSUL:Prokka:SMTETSUL_1 (length 147554)

DiscRep_ALL:MISSING_STRUCTURED_COMMENT::1 sequences do not include structured comments.
prokka_SMTETSUL_pseudofinder/SMTETSUL:Prokka:SMTETSUL_1 (length 147554)

DiscRep_ALL:MISSING_PROJECT::149 sequences do not include project.
prokka_SMTETSUL_pseudofinder/SMTETSUL:Prokka:SMTETSUL_1 (length 147554)
prokka_SMTETSUL_pseudofinder/SMTETSUL:Prokka:SMTETSUL_00001 (length 166)
prokka_SMTETSUL_pseudofinder/SMTETSUL:Prokka:SMTETSUL_00002 (length 862)
prokka_SMTETSUL_pseudofinder/SMTETSUL:Prokka:SMTETSUL_00003 (length 110)
prokka_SMTETSUL_pseudofinder/SMTETSUL:Prokka:SMTETSUL_00004 (length 369)
prokka_SMTETSUL_pseudofinder/SMTETSUL:Prokka:SMTETSUL_00005 (length 384)
prokka_SMTETSUL_pseudofinder/SMTETSUL:Prokka:SMTETSUL_00006 (length 211)
prokka_SMTETSUL_pseudofinder/SMTETSUL:Prokka:SMTETSUL_00007 (length 420)
prokka_SMTETSUL_pseudofinder/SMTETSUL:Prokka:SMTETSUL_00008 (length 352)
prokka_SMTETSUL_pseudofinder/SMTETSUL:Prokka:SMTETSUL_00009 (length 252)
prokka_SMTETSUL_pseudofinder/SMTETSUL:Prokka:SMTETSUL_00011 (length 1154)
prokka_SMTETSUL_pseudofinder/SMTETSUL:Prokka:SMTETSUL_00013 (length 378)
prokka_SMTETSUL_pseudofinder/SMTETSUL:Prokka:SMTETSUL_00014 (length 410)
prokka_SMTETSUL_pseudofinder/SMTETSUL:Prokka:SMTETSUL_00015 (length 536)
prokka_SMTETSUL_pseudofinder/SMTETSUL:Prokka:SMTETSUL_00016 (length 616)
prokka_SMTETSUL_pseudofinder/SMTETSUL:Prokka:SMTETSUL_00017 (length 133)
prokka_SMTETSUL_pseudofinder/SMTETSUL:Prokka:SMTETSUL_00019 (length 198)
prokka_SMTETSUL_pseudofinder/SMTETSUL:Prokka:SMTETSUL_00020 (length 66)
prokka_SMTETSUL_pseudofinder/SMTETSUL:Prokka:SMTETSUL_00021 (length 93)
prokka_SMTETSUL_pseudofinder/SMTETSUL:Prokka:SMTETSUL_00022 (length 133)
prokka_SMTETSUL_pseudofinder/SMTETSUL:Prokka:SMTETSUL_00024 (length 83)
prokka_SMTETSUL_pseudofinder/SMTETSUL:Prokka:SMTETSUL_00025 (length 112)
prokka_SMTETSUL_pseudofinder/SMTETSUL:Prokka:SMTETSUL_00027 (length 182)
prokka_SMTETSUL_pseudofinder/SMTETSUL:Prokka:SMTETSUL_00028 (length 323)
prokka_SMTETSUL_pseudofinder/SMTETSUL:Prokka:SMTETSUL_00029 (length 32)
prokka_SMTETSUL_pseudofinder/SMTETSUL:Prokka:SMTETSUL_00032 (length 47)
prokka_SMTETSUL_pseudofinder/SMTETSUL:Prokka:SMTETSUL_00033 (length 259)
prokka_SMTETSUL_pseudofinder/SMTETSUL:Prokka:SMTETSUL_00034 (length 435)
prokka_SMTETSUL_pseudofinder/SMTETSUL:Prokka:SMTETSUL_00035 (length 379)
prokka_SMTETSUL_pseudofinder/SMTETSUL:Prokka:SMTETSUL_00039 (length 492)
prokka_SMTETSUL_pseudofinder/SMTETSUL:Prokka:SMTETSUL_00040 (length 67)
prokka_SMTETSUL_pseudofinder/SMTETSUL:Prokka:SMTETSUL_00041 (length 104)
prokka_SMTETSUL_pseudofinder/SMTETSUL:Prokka:SMTETSUL_00042 (length 454)
prokka_SMTETSUL_pseudofinder/SMTETSUL:Prokka:SMTETSUL_00043 (length 71)
prokka_SMTETSUL_pseudofinder/SMTETSUL:Prokka:SMTETSUL_00044 (length 588)
prokka_SMTETSUL_pseudofinder/SMTETSUL:Prokka:SMTETSUL_00046 (length 484)
prokka_SMTETSUL_pseudofinder/SMTETSUL:Prokka:SMTETSUL_00047 (length 377)
prokka_SMTETSUL_pseudofinder/SMTETSUL:Prokka:SMTETSUL_00048 (length 315)
prokka_SMTETSUL_pseudofinder/SMTETSUL:Prokka:SMTETSUL_00051 (length 1122)
prokka_SMTETSUL_pseudofinder/SMTETSUL:Prokka:SMTETSUL_00053 (length 453)
prokka_SMTETSUL_pseudofinder/SMTETSUL:Prokka:SMTETSUL_00054 (length 331)
prokka_SMTETSUL_pseudofinder/SMTETSUL:Prokka:SMTETSUL_00055 (length 285)
prokka_SMTETSUL_pseudofinder/SMTETSUL:Prokka:SMTETSUL_00056 (length 458)
prokka_SMTETSUL_pseudofinder/SMTETSUL:Prokka:SMTETSUL_00057 (length 185)
prokka_SMTETSUL_pseudofinder/SMTETSUL:Prokka:SMTETSUL_00058 (length 371)
prokka_SMTETSUL_pseudofinder/SMTETSUL:Prokka:SMTETSUL_00059 (length 394)
prokka_SMTETSUL_pseudofinder/SMTETSUL:Prokka:SMTETSUL_00060 (length 352)
prokka_SMTETSUL_pseudofinder/SMTETSUL:Prokka:SMTETSUL_00061 (length 153)
prokka_SMTETSUL_pseudofinder/SMTETSUL:Prokka:SMTETSUL_00062 (length 114)
prokka_SMTETSUL_pseudofinder/SMTETSUL:Prokka:SMTETSUL_00063 (length 68)
prokka_SMTETSUL_pseudofinder/SMTETSUL:Prokka:SMTETSUL_00064 (length 183)
prokka_SMTETSUL_pseudofinder/SMTETSUL:Prokka:SMTETSUL_00065 (length 626)
prokka_SMTETSUL_pseudofinder/SMTETSUL:Prokka:SMTETSUL_00066 (length 133)
prokka_SMTETSUL_pseudofinder/SMTETSUL:Prokka:SMTETSUL_00067 (length 130)
prokka_SMTETSUL_pseudofinder/SMTETSUL:Prokka:SMTETSUL_00068 (length 261)
prokka_SMTETSUL_pseudofinder/SMTETSUL:Prokka:SMTETSUL_00069 (length 208)
prokka_SMTETSUL_pseudofinder/SMTETSUL:Prokka:SMTETSUL_00072 (length 865)
prokka_SMTETSUL_pseudofinder/SMTETSUL:Prokka:SMTETSUL_00073 (length 403)
prokka_SMTETSUL_pseudofinder/SMTETSUL:Prokka:SMTETSUL_00074 (length 216)
prokka_SMTETSUL_pseudofinder/SMTETSUL:Prokka:SMTETSUL_00075 (length 349)
prokka_SMTETSUL_pseudofinder/SMTETSUL:Prokka:SMTETSUL_00078 (length 152)
prokka_SMTETSUL_pseudofinder/SMTETSUL:Prokka:SMTETSUL_00082 (length 102)
prokka_SMTETSUL_pseudofinder/SMTETSUL:Prokka:SMTETSUL_00083 (length 440)
prokka_SMTETSUL_pseudofinder/SMTETSUL:Prokka:SMTETSUL_00084 (length 138)
prokka_SMTETSUL_pseudofinder/SMTETSUL:Prokka:SMTETSUL_00089 (length 395)
prokka_SMTETSUL_pseudofinder/SMTETSUL:Prokka:SMTETSUL_00091 (length 166)
prokka_SMTETSUL_pseudofinder/SMTETSUL:Prokka:SMTETSUL_00092 (length 211)
prokka_SMTETSUL_pseudofinder/SMTETSUL:Prokka:SMTETSUL_00093 (length 187)
prokka_SMTETSUL_pseudofinder/SMTETSUL:Prokka:SMTETSUL_00094 (length 122)
prokka_SMTETSUL_pseudofinder/SMTETSUL:Prokka:SMTETSUL_00095 (length 1236)
prokka_SMTETSUL_pseudofinder/SMTETSUL:Prokka:SMTETSUL_00096 (length 1360)
prokka_SMTETSUL_pseudofinder/SMTETSUL:Prokka:SMTETSUL_00097 (length 250)
prokka_SMTETSUL_pseudofinder/SMTETSUL:Prokka:SMTETSUL_00098 (length 324)
prokka_SMTETSUL_pseudofinder/SMTETSUL:Prokka:SMTETSUL_00100 (length 40)
prokka_SMTETSUL_pseudofinder/SMTETSUL:Prokka:SMTETSUL_00101 (length 61)
prokka_SMTETSUL_pseudofinder/SMTETSUL:Prokka:SMTETSUL_00102 (length 78)
prokka_SMTETSUL_pseudofinder/SMTETSUL:Prokka:SMTETSUL_00103 (length 414)
prokka_SMTETSUL_pseudofinder/SMTETSUL:Prokka:SMTETSUL_00105 (length 913)
prokka_SMTETSUL_pseudofinder/SMTETSUL:Prokka:SMTETSUL_00106 (length 420)
prokka_SMTETSUL_pseudofinder/SMTETSUL:Prokka:SMTETSUL_00107 (length 384)
prokka_SMTETSUL_pseudofinder/SMTETSUL:Prokka:SMTETSUL_00108 (length 471)
prokka_SMTETSUL_pseudofinder/SMTETSUL:Prokka:SMTETSUL_00109 (length 194)
prokka_SMTETSUL_pseudofinder/SMTETSUL:Prokka:SMTETSUL_00110 (length 360)
prokka_SMTETSUL_pseudofinder/SMTETSUL:Prokka:SMTETSUL_00111 (length 126)
prokka_SMTETSUL_pseudofinder/SMTETSUL:Prokka:SMTETSUL_00112 (length 336)
prokka_SMTETSUL_pseudofinder/SMTETSUL:Prokka:SMTETSUL_00113 (length 63)
prokka_SMTETSUL_pseudofinder/SMTETSUL:Prokka:SMTETSUL_00114 (length 316)
prokka_SMTETSUL_pseudofinder/SMTETSUL:Prokka:SMTETSUL_00115 (length 460)
prokka_SMTETSUL_pseudofinder/SMTETSUL:Prokka:SMTETSUL_00118 (length 156)
prokka_SMTETSUL_pseudofinder/SMTETSUL:Prokka:SMTETSUL_00119 (length 546)
prokka_SMTETSUL_pseudofinder/SMTETSUL:Prokka:SMTETSUL_00120 (length 89)
prokka_SMTETSUL_pseudofinder/SMTETSUL:Prokka:SMTETSUL_00121 (length 440)
prokka_SMTETSUL_pseudofinder/SMTETSUL:Prokka:SMTETSUL_00122 (length 475)
prokka_SMTETSUL_pseudofinder/SMTETSUL:Prokka:SMTETSUL_00123 (length 248)
prokka_SMTETSUL_pseudofinder/SMTETSUL:Prokka:SMTETSUL_00124 (length 445)
prokka_SMTETSUL_pseudofinder/SMTETSUL:Prokka:SMTETSUL_00125 (length 403)
prokka_SMTETSUL_pseudofinder/SMTETSUL:Prokka:SMTETSUL_00126 (length 583)
prokka_SMTETSUL_pseudofinder/SMTETSUL:Prokka:SMTETSUL_00127 (length 80)
prokka_SMTETSUL_pseudofinder/SMTETSUL:Prokka:SMTETSUL_00129 (length 107)
prokka_SMTETSUL_pseudofinder/SMTETSUL:Prokka:SMTETSUL_00130 (length 39)
prokka_SMTETSUL_pseudofinder/SMTETSUL:Prokka:SMTETSUL_00132 (length 61)
prokka_SMTETSUL_pseudofinder/SMTETSUL:Prokka:SMTETSUL_00133 (length 326)
prokka_SMTETSUL_pseudofinder/SMTETSUL:Prokka:SMTETSUL_00134 (length 330)
prokka_SMTETSUL_pseudofinder/SMTETSUL:Prokka:SMTETSUL_00135 (length 62)
prokka_SMTETSUL_pseudofinder/SMTETSUL:Prokka:SMTETSUL_00136 (length 38)
prokka_SMTETSUL_pseudofinder/SMTETSUL:Prokka:SMTETSUL_00137 (length 50)
prokka_SMTETSUL_pseudofinder/SMTETSUL:Prokka:SMTETSUL_00138 (length 70)
prokka_SMTETSUL_pseudofinder/SMTETSUL:Prokka:SMTETSUL_00139 (length 98)
prokka_SMTETSUL_pseudofinder/SMTETSUL:Prokka:SMTETSUL_00140 (length 126)
prokka_SMTETSUL_pseudofinder/SMTETSUL:Prokka:SMTETSUL_00141 (length 156)
prokka_SMTETSUL_pseudofinder/SMTETSUL:Prokka:SMTETSUL_00142 (length 694)
prokka_SMTETSUL_pseudofinder/SMTETSUL:Prokka:SMTETSUL_00143 (length 98)
prokka_SMTETSUL_pseudofinder/SMTETSUL:Prokka:SMTETSUL_00144 (length 208)
prokka_SMTETSUL_pseudofinder/SMTETSUL:Prokka:SMTETSUL_00145 (length 215)
prokka_SMTETSUL_pseudofinder/SMTETSUL:Prokka:SMTETSUL_00146 (length 120)
prokka_SMTETSUL_pseudofinder/SMTETSUL:Prokka:SMTETSUL_00147 (length 275)
prokka_SMTETSUL_pseudofinder/SMTETSUL:Prokka:SMTETSUL_00148 (length 101)
prokka_SMTETSUL_pseudofinder/SMTETSUL:Prokka:SMTETSUL_00149 (length 125)
prokka_SMTETSUL_pseudofinder/SMTETSUL:Prokka:SMTETSUL_00150 (length 225)
prokka_SMTETSUL_pseudofinder/SMTETSUL:Prokka:SMTETSUL_00151 (length 134)
prokka_SMTETSUL_pseudofinder/SMTETSUL:Prokka:SMTETSUL_00152 (length 81)
prokka_SMTETSUL_pseudofinder/SMTETSUL:Prokka:SMTETSUL_00153 (length 122)
prokka_SMTETSUL_pseudofinder/SMTETSUL:Prokka:SMTETSUL_00154 (length 117)
prokka_SMTETSUL_pseudofinder/SMTETSUL:Prokka:SMTETSUL_00155 (length 185)
prokka_SMTETSUL_pseudofinder/SMTETSUL:Prokka:SMTETSUL_00156 (length 89)
prokka_SMTETSUL_pseudofinder/SMTETSUL:Prokka:SMTETSUL_00157 (length 129)
prokka_SMTETSUL_pseudofinder/SMTETSUL:Prokka:SMTETSUL_00158 (length 188)
prokka_SMTETSUL_pseudofinder/SMTETSUL:Prokka:SMTETSUL_00159 (length 102)
prokka_SMTETSUL_pseudofinder/SMTETSUL:Prokka:SMTETSUL_00160 (length 158)
prokka_SMTETSUL_pseudofinder/SMTETSUL:Prokka:SMTETSUL_00161 (length 153)
prokka_SMTETSUL_pseudofinder/SMTETSUL:Prokka:SMTETSUL_00162 (length 71)
prokka_SMTETSUL_pseudofinder/SMTETSUL:Prokka:SMTETSUL_00163 (length 38)
prokka_SMTETSUL_pseudofinder/SMTETSUL:Prokka:SMTETSUL_00164 (length 125)
prokka_SMTETSUL_pseudofinder/SMTETSUL:Prokka:SMTETSUL_00165 (length 119)
prokka_SMTETSUL_pseudofinder/SMTETSUL:Prokka:SMTETSUL_00166 (length 198)
prokka_SMTETSUL_pseudofinder/SMTETSUL:Prokka:SMTETSUL_00167 (length 324)
prokka_SMTETSUL_pseudofinder/SMTETSUL:Prokka:SMTETSUL_00168 (length 116)
prokka_SMTETSUL_pseudofinder/SMTETSUL:Prokka:SMTETSUL_00169 (length 298)
prokka_SMTETSUL_pseudofinder/SMTETSUL:Prokka:SMTETSUL_00171 (length 560)
prokka_SMTETSUL_pseudofinder/SMTETSUL:Prokka:SMTETSUL_00172 (length 490)
prokka_SMTETSUL_pseudofinder/SMTETSUL:Prokka:SMTETSUL_00174 (length 339)
prokka_SMTETSUL_pseudofinder/SMTETSUL:Prokka:SMTETSUL_00175 (length 361)
prokka_SMTETSUL_pseudofinder/SMTETSUL:Prokka:SMTETSUL_00176 (length 134)
prokka_SMTETSUL_pseudofinder/SMTETSUL:Prokka:SMTETSUL_00177 (length 51)
prokka_SMTETSUL_pseudofinder/SMTETSUL:Prokka:SMTETSUL_00178 (length 84)
prokka_SMTETSUL_pseudofinder/SMTETSUL:Prokka:SMTETSUL_00179 (length 344)
prokka_SMTETSUL_pseudofinder/SMTETSUL:Prokka:SMTETSUL_00180 (length 78)
prokka_SMTETSUL_pseudofinder/SMTETSUL:Prokka:SMTETSUL_00181 (length 559)
prokka_SMTETSUL_pseudofinder/SMTETSUL:Prokka:SMTETSUL_00182 (length 586)

DiscRep_ALL:DISC_INCONSISTENT_MOLINFO_TECH::Molinfo Technique Report (some missing, all same)
DiscRep_SUB:DISC_INCONSISTENT_MOLINFO_TECH::technique (all missing)
DiscRep_SUB:DISC_INCONSISTENT_MOLINFO_TECH::1 Molinfos are missing field technique
prokka_SMTETSUL_pseudofinder/SMTETSUL:Prokka:SMTETSUL_1 (length 147554)

