[15:17:23] This is prokka 1.14.6
[15:17:23] Written by Torsten Seemann <torsten.seemann@gmail.com>
[15:17:23] Homepage is https://github.com/tseemann/prokka
[15:17:23] Local time is Wed Aug 10 15:17:23 2022
[15:17:23] You are diego
[15:17:23] Operating system is linux
[15:17:23] You have BioPerl 1.007002
[15:17:23] System has 12 cores.
[15:17:23] Will use maximum of 8 cores.
[15:17:23] Annotating as >>> Bacteria <<<
[15:17:23] Enabling options to ensure Genbank/ENA/DDJB submission compliance.
[15:17:23] Creating new output folder: prokka_SMTETSUL_pseudofinder
[15:17:23] Running: mkdir -p prokka_SMTETSUL_pseudofinder
[15:17:23] Using filename prefix: SMTETSUL.XXX
[15:17:23] Setting HMMER_NCPU=1
[15:17:23] Writing log to: prokka_SMTETSUL_pseudofinder/SMTETSUL.log
[15:17:23] Command: /home/diego/miniconda3/envs/prokka_env/bin/prokka SMTETSUL.fasta --prefix SMTETSUL --locustag SMTETSUL --outdir prokka_SMTETSUL_pseudofinder -gcode 11 --compliant --rfam --cdsrnaolap --force
[15:17:23] Appending to PATH: /home/diego/miniconda3/envs/prokka_env/bin
[15:17:23] Looking for 'aragorn' - found /home/diego/miniconda3/envs/prokka_env/bin/aragorn
[15:17:23] Determined aragorn version is 001002 from 'ARAGORN v1.2.38 Dean Laslett'
[15:17:23] Looking for 'barrnap' - found /home/diego/miniconda3/envs/prokka_env/bin/barrnap
[15:17:23] Determined barrnap version is 000009 from 'barrnap 0.9'
[15:17:23] Looking for 'blastp' - found /home/diego/miniconda3/envs/prokka_env/bin/blastp
[15:17:23] Determined blastp version is 002010 from 'blastp: 2.10.1+'
[15:17:23] Looking for 'cmpress' - found /home/diego/miniconda3/envs/prokka_env/bin/cmpress
[15:17:23] Determined cmpress version is 001001 from '# INFERNAL 1.1.3 (Nov 2019)'
[15:17:23] Looking for 'cmscan' - found /home/diego/miniconda3/envs/prokka_env/bin/cmscan
[15:17:23] Determined cmscan version is 001001 from '# INFERNAL 1.1.3 (Nov 2019)'
[15:17:23] Looking for 'egrep' - found /usr/bin/egrep
[15:17:23] Looking for 'find' - found /usr/bin/find
[15:17:23] Looking for 'grep' - found /usr/bin/grep
[15:17:23] Looking for 'hmmpress' - found /home/diego/miniconda3/envs/prokka_env/bin/hmmpress
[15:17:23] Determined hmmpress version is 003003 from '# HMMER 3.3.2 (Nov 2020); http://hmmer.org/'
[15:17:23] Looking for 'hmmscan' - found /home/diego/miniconda3/envs/prokka_env/bin/hmmscan
[15:17:23] Determined hmmscan version is 003003 from '# HMMER 3.3.2 (Nov 2020); http://hmmer.org/'
[15:17:23] Looking for 'java' - found /home/diego/miniconda3/envs/prokka_env/bin/java
[15:17:23] Looking for 'makeblastdb' - found /home/diego/miniconda3/envs/prokka_env/bin/makeblastdb
[15:17:23] Determined makeblastdb version is 002010 from 'makeblastdb: 2.10.1+'
[15:17:23] Looking for 'minced' - found /home/diego/miniconda3/envs/prokka_env/bin/minced
[15:17:23] Determined minced version is 004002 from 'minced 0.4.2'
[15:17:23] Looking for 'parallel' - found /home/diego/miniconda3/envs/prokka_env/bin/parallel
[15:17:23] Determined parallel version is 20201122 from 'GNU parallel 20201122'
[15:17:23] Looking for 'prodigal' - found /home/diego/miniconda3/envs/prokka_env/bin/prodigal
[15:17:23] Determined prodigal version is 002006 from 'Prodigal V2.6.3: February, 2016'
[15:17:23] Looking for 'prokka-genbank_to_fasta_db' - found /home/diego/miniconda3/envs/prokka_env/bin/prokka-genbank_to_fasta_db
[15:17:23] Looking for 'rnammer' - found /home/diego/rnammer-1.2.src/rnammer
[15:17:23] Determined rnammer version is 001002 from 'This rnammer 1.2, running from '/home/diego/rnammer-1.2.src/''
[15:17:23] Looking for 'sed' - found /usr/bin/sed
[15:17:23] Looking for 'tbl2asn' - found /home/diego/tbl2asn
[15:17:23] Determined tbl2asn version is 025008 from 'tbl2asn 25.8   arguments:'
[15:17:23] Using genetic code table 11.
[15:17:23] Loading and checking input file: SMTETSUL.fasta
[15:17:23] Wrote 1 contigs totalling 147554 bp.
[15:17:23] Predicting tRNAs and tmRNAs
[15:17:23] Running: aragorn -l -gc11  -w prokka_SMTETSUL_pseudofinder\/SMTETSUL\.fna
[15:17:23] 1 tRNA-Met [9858,9932] 35 (cat)
[15:17:23] 2 tRNA-Asn c[13496,13571] 36 (gtt)
[15:17:23] 3 tRNA-Cys c[20157,20227] 33 (gca)
[15:17:23] 4 tmRNA c[21868,22151] 98,124 GKNYSLAA*
[15:17:23] 5 tRNA-Met c[22788,22865] 36 (cat)
[15:17:23] 6 tRNA-Leu [25603,25687] 35 (tag)
[15:17:23] 7 tRNA-Leu [25692,25770] 36 (caa)
[15:17:23] 8 tRNA-Ser [31108,31190] 34 (gct)
[15:17:23] 9 tRNA-Pro [31196,31270] 36 (tgg)
[15:17:23] 10 tRNA-Arg [31292,31366] 35 (tct)
[15:17:23] 11 tRNA-Ser c[37369,37455] 36 (tga)
[15:17:23] 12 tRNA-Lys [41257,41329] 34 (ttt)
[15:17:23] 13 tRNA-Asp c[41335,41408] 35 (gtc)
[15:17:23] 14 tRNA-Val c[44851,44925] 36 (tac)
[15:17:23] 15 tRNA-Leu c[59994,60078] 35 (taa)
[15:17:23] 16 tRNA-Gly c[60084,60156] 34 (gcc)
[15:17:23] 17 tRNA-Ala c[68912,68985] 35 (tgc)
[15:17:23] 18 tRNA-Ile c[68990,69063] 35 (gat)
[15:17:23] 19 tRNA-Thr [72853,72926] 35 (tgt)
[15:17:23] 20 tRNA-Tyr [72937,73018] 35 (gta)
[15:17:23] 21 tRNA-Gly [73056,73129] 35 (tcc)
[15:17:23] 22 tRNA-Thr [73140,73214] 35 (ggt)
[15:17:23] 23 tRNA-Trp [74434,74506] 34 (cca)
[15:17:23] 24 tRNA-His [86521,86596] 36 (gtg)
[15:17:23] 25 tRNA-Phe c[89441,89512] 34 (gaa)
[15:17:23] 26 tRNA-Leu c[102142,102215] 35 (gag)
[15:17:23] 27 tRNA-Met [102326,102401] 36 (cat)
[15:17:23] 28 tRNA-Glu c[113899,113970] 34 (ttc)
[15:17:23] 29 tRNA-Gln [114372,114442] 33 (ttg)
[15:17:23] 30 tRNA-Arg c[139048,139121] 35 (acg)
[15:17:23] Found 30 tRNAs
[15:17:23] Predicting Ribosomal RNAs
[15:17:23] Running Barrnap with 8 threads
[15:17:24] 1 gnl|Prokka|SMTETSUL_1 65819 5S ribosomal RNA
[15:17:24] 2 gnl|Prokka|SMTETSUL_1 65988 23S ribosomal RNA
[15:17:24] 3 gnl|Prokka|SMTETSUL_1 69109 16S ribosomal RNA
[15:17:24] Found 3 rRNAs
[15:17:24] Scanning for ncRNAs... please be patient.
[15:17:24] Running: cmscan -Z 0.295108 --cut_ga --rfam --nohmmonly --fmt 2 --cpu 8 --tblout /dev/stdout -o /dev/null --noali /home/diego/miniconda3/envs/prokka_env/db/cm/Bacteria prokka_SMTETSUL_pseudofinder\/SMTETSUL\.fna
[15:17:29] 1 ncRNA 1 gnl|Prokka|SMTETSUL_1 1..367
[15:17:29] Found 1 ncRNAs.
[15:17:29] Total of 32 tRNA + rRNA features
[15:17:29] Searching for CRISPR repeats
[15:17:30] Found 0 CRISPRs
[15:17:30] Predicting coding sequences
[15:17:30] Contigs total 147554 bp, so using single mode
[15:17:30] Running: prodigal -i prokka_SMTETSUL_pseudofinder\/SMTETSUL\.fna -c -m -g 11 -p single -f sco -q
[15:17:30] Found 148 CDS
[15:17:30] Connecting features back to sequences
[15:17:30] Not using genus-specific database. Try --usegenus to enable it.
[15:17:30] Annotating CDS, please be patient.
[15:17:30] Will use 8 CPUs for similarity searching.
[15:17:30] There are still 148 unannotated CDS left (started with 148)
[15:17:30] Will use blast to search against /home/diego/miniconda3/envs/prokka_env/db/kingdom/Bacteria/IS with 8 CPUs
[15:17:30] Running: cat prokka_SMTETSUL_pseudofinder\/SMTETSUL\.IS\.tmp\.36068\.faa | parallel --gnu --plain -j 8 --block 2695 --recstart '>' --pipe blastp -query - -db /home/diego/miniconda3/envs/prokka_env/db/kingdom/Bacteria/IS -evalue 1e-30 -qcov_hsp_perc 90 -num_threads 1 -num_descriptions 1 -num_alignments 1 -seg no > prokka_SMTETSUL_pseudofinder\/SMTETSUL\.IS\.tmp\.36068\.blast 2> /dev/null
[15:17:31] Deleting unwanted file: prokka_SMTETSUL_pseudofinder/SMTETSUL.IS.tmp.36068.faa
[15:17:31] Deleting unwanted file: prokka_SMTETSUL_pseudofinder/SMTETSUL.IS.tmp.36068.blast
[15:17:31] There are still 148 unannotated CDS left (started with 148)
[15:17:31] Will use blast to search against /home/diego/miniconda3/envs/prokka_env/db/kingdom/Bacteria/AMR with 8 CPUs
[15:17:31] Running: cat prokka_SMTETSUL_pseudofinder\/SMTETSUL\.AMR\.tmp\.36068\.faa | parallel --gnu --plain -j 8 --block 2695 --recstart '>' --pipe blastp -query - -db /home/diego/miniconda3/envs/prokka_env/db/kingdom/Bacteria/AMR -evalue 9.99999999999999e-301 -qcov_hsp_perc 90 -num_threads 1 -num_descriptions 1 -num_alignments 1 -seg no > prokka_SMTETSUL_pseudofinder\/SMTETSUL\.AMR\.tmp\.36068\.blast 2> /dev/null
[15:17:32] Deleting unwanted file: prokka_SMTETSUL_pseudofinder/SMTETSUL.AMR.tmp.36068.faa
[15:17:32] Deleting unwanted file: prokka_SMTETSUL_pseudofinder/SMTETSUL.AMR.tmp.36068.blast
[15:17:32] There are still 148 unannotated CDS left (started with 148)
[15:17:32] Will use blast to search against /home/diego/miniconda3/envs/prokka_env/db/kingdom/Bacteria/sprot with 8 CPUs
[15:17:32] Running: cat prokka_SMTETSUL_pseudofinder\/SMTETSUL\.sprot\.tmp\.36068\.faa | parallel --gnu --plain -j 8 --block 2695 --recstart '>' --pipe blastp -query - -db /home/diego/miniconda3/envs/prokka_env/db/kingdom/Bacteria/sprot -evalue 1e-09 -qcov_hsp_perc 80 -num_threads 1 -num_descriptions 1 -num_alignments 1 -seg no > prokka_SMTETSUL_pseudofinder\/SMTETSUL\.sprot\.tmp\.36068\.blast 2> /dev/null
[15:17:34] Modify product: 23S rRNA 5-hydroxycytidine C2501 synthase => 23S rRNA 5-hydroxycytidine synthase
[15:17:34] Modify product: Probable ATP-dependent transporter SufC => putative ATP-dependent transporter SufC
[15:17:34] Cleaned 2 /product names
[15:17:34] Deleting unwanted file: prokka_SMTETSUL_pseudofinder/SMTETSUL.sprot.tmp.36068.faa
[15:17:34] Deleting unwanted file: prokka_SMTETSUL_pseudofinder/SMTETSUL.sprot.tmp.36068.blast
[15:17:34] There are still 42 unannotated CDS left (started with 148)
[15:17:34] Will use hmmer3 to search against /home/diego/miniconda3/envs/prokka_env/db/hmm/HAMAP.hmm with 8 CPUs
[15:17:34] Running: cat prokka_SMTETSUL_pseudofinder\/SMTETSUL\.HAMAP\.hmm\.tmp\.36068\.faa | parallel --gnu --plain -j 8 --block 402 --recstart '>' --pipe hmmscan --noali --notextw --acc -E 1e-09 --cpu 1 /home/diego/miniconda3/envs/prokka_env/db/hmm/HAMAP.hmm /dev/stdin > prokka_SMTETSUL_pseudofinder\/SMTETSUL\.HAMAP\.hmm\.tmp\.36068\.hmmer3 2> /dev/null
[15:17:35] Deleting unwanted file: prokka_SMTETSUL_pseudofinder/SMTETSUL.HAMAP.hmm.tmp.36068.faa
[15:17:35] Deleting unwanted file: prokka_SMTETSUL_pseudofinder/SMTETSUL.HAMAP.hmm.tmp.36068.hmmer3
[15:17:35] Labelling remaining 31 proteins as 'hypothetical protein'
[15:17:35] Possible /pseudo 'Polyribonucleotide nucleotidyltransferase' at gnl|Prokka|SMTETSUL_1 position 117985
[15:17:35] Found 115 unique /gene codes.
[15:17:35] Fixed 2 duplicate /gene - pnp_1 pnp_2
[15:17:35] Fixed 1 colliding /gene names.
[15:17:35] Adding /locus_tag identifiers
[15:17:35] Assigned 182 locus_tags to CDS and RNA features.
[15:17:35] Writing outputs to prokka_SMTETSUL_pseudofinder/
[15:17:35] Generating annotation statistics file
[15:17:35] Generating Genbank and Sequin files
[15:17:35] Running: tbl2asn -V b -a r10k -l paired-ends -M n -N 1 -y 'Annotated using prokka 1.14.6 from https://github.com/tseemann/prokka' -Z prokka_SMTETSUL_pseudofinder\/SMTETSUL\.err -i prokka_SMTETSUL_pseudofinder\/SMTETSUL\.fsa 2> /dev/null
[15:17:35] Deleting unwanted file: prokka_SMTETSUL_pseudofinder/errorsummary.val
[15:17:35] Deleting unwanted file: prokka_SMTETSUL_pseudofinder/SMTETSUL.dr
[15:17:35] Deleting unwanted file: prokka_SMTETSUL_pseudofinder/SMTETSUL.fixedproducts
[15:17:35] Deleting unwanted file: prokka_SMTETSUL_pseudofinder/SMTETSUL.ecn
[15:17:35] Deleting unwanted file: prokka_SMTETSUL_pseudofinder/SMTETSUL.val
[15:17:35] Repairing broken .GBK output that tbl2asn produces...
[15:17:35] Running: sed 's/COORDINATES: profile/COORDINATES:profile/' < prokka_SMTETSUL_pseudofinder\/SMTETSUL\.gbf > prokka_SMTETSUL_pseudofinder\/SMTETSUL\.gbk
[15:17:35] Deleting unwanted file: prokka_SMTETSUL_pseudofinder/SMTETSUL.gbf
[15:17:35] Output files:
[15:17:35] prokka_SMTETSUL_pseudofinder/SMTETSUL.err
[15:17:35] prokka_SMTETSUL_pseudofinder/SMTETSUL.ffn
[15:17:35] prokka_SMTETSUL_pseudofinder/SMTETSUL.faa
[15:17:35] prokka_SMTETSUL_pseudofinder/SMTETSUL.tbl
[15:17:35] prokka_SMTETSUL_pseudofinder/SMTETSUL.sqn
[15:17:35] prokka_SMTETSUL_pseudofinder/SMTETSUL.log
[15:17:35] prokka_SMTETSUL_pseudofinder/SMTETSUL.fna
[15:17:35] prokka_SMTETSUL_pseudofinder/SMTETSUL.gbk
[15:17:35] prokka_SMTETSUL_pseudofinder/SMTETSUL.txt
[15:17:35] prokka_SMTETSUL_pseudofinder/SMTETSUL.fsa
[15:17:35] prokka_SMTETSUL_pseudofinder/SMTETSUL.tsv
[15:17:35] prokka_SMTETSUL_pseudofinder/SMTETSUL.gff
[15:17:35] Annotation finished successfully.
[15:17:35] Walltime used: 0.20 minutes
[15:17:35] If you use this result please cite the Prokka paper:
[15:17:35] Seemann T (2014) Prokka: rapid prokaryotic genome annotation. Bioinformatics. 30(14):2068-9.
[15:17:35] Type 'prokka --citation' for more details.
[15:17:35] Thank you, come again.
