18:34:31.195 - INFO - UTILS - version=1.8.2
18:34:31.195 - INFO - UTILS - developer: Oliver Schwengers, github.com/oschwengers
18:34:31.195 - INFO - UTILS - command: /home/diego/miniconda3/envs/bakta/bin/bakta VFDICEUR.fasta --complete --translation-table 11 --keep-contig-headers --compliant --threads 30 --output annotation_bakta/bakta_VFDICEUR
18:34:31.195 - INFO - UTILS - local time: 2023-11-07 18:34:31
18:34:31.196 - INFO - UTILS - machine: type=x86_64, cores=32
18:34:31.196 - INFO - UTILS - system: type=Linux, release=6.5.0-10-generic
18:34:31.196 - INFO - UTILS - python: version=3.10.12, implementation=CPython
18:34:31.196 - INFO - CONFIG - threads=30
18:34:31.196 - INFO - CONFIG - verbose=False
18:34:31.196 - INFO - CONFIG - debug=False
18:34:31.196 - INFO - CONFIG - database: type=environment, path=/mnt/ssd/databases/bakta_db
18:34:31.196 - INFO - CONFIG - tmp-path=/tmp/tmpkhuqj_mz
18:34:31.196 - INFO - CONFIG - genome-path=/home/diego/Documents/metagenomes/annotation_symbio_merge/annotation_Beta/genomes/VFDICEUR.fasta
18:34:31.196 - INFO - CONFIG - min_contig_length=1
18:34:31.196 - INFO - CONFIG - prefix=VFDICEUR
18:34:31.196 - INFO - CONFIG - output-path=/home/diego/Documents/metagenomes/annotation_symbio_merge/annotation_Beta/genomes/annotation_bakta/bakta_VFDICEUR
18:34:31.196 - INFO - CONFIG - force=False
18:34:31.196 - INFO - CONFIG - genus=None
18:34:31.196 - INFO - CONFIG - species=None
18:34:31.196 - INFO - CONFIG - strain=None
18:34:31.196 - INFO - CONFIG - plasmid=None
18:34:31.196 - INFO - CONFIG - complete=True
18:34:31.196 - INFO - CONFIG - prodigal_tf=None
18:34:31.196 - INFO - CONFIG - translation_table=11
18:34:31.196 - INFO - CONFIG - gram=?
18:34:31.196 - INFO - CONFIG - compliant=True
18:34:31.197 - INFO - CONFIG - compliant mode! min_contig_length=200
18:34:31.197 - INFO - CONFIG - meta=False
18:34:31.197 - INFO - CONFIG - locus=None
18:34:31.197 - INFO - CONFIG - locus-tag=None
18:34:31.197 - INFO - CONFIG - keep_contig_headers=True
18:34:31.197 - INFO - CONFIG - replicon-table=None
18:34:31.197 - INFO - CONFIG - skip-tRNA=False
18:34:31.197 - INFO - CONFIG - skip-tmRNA=False
18:34:31.197 - INFO - CONFIG - skip-rRNA=False
18:34:31.197 - INFO - CONFIG - skip-ncRNA=False
18:34:31.197 - INFO - CONFIG - skip-ncRNA-region=False
18:34:31.197 - INFO - CONFIG - skip-CRISPR=False
18:34:31.197 - INFO - CONFIG - skip-CDS=False
18:34:31.197 - INFO - CONFIG - skip-pseudo=False
18:34:31.197 - INFO - CONFIG - skip-sORF=False
18:34:31.197 - INFO - CONFIG - skip-gap=False
18:34:31.197 - INFO - CONFIG - skip-ori=False
18:34:31.197 - INFO - CONFIG - skip-plot=False
18:34:31.197 - INFO - DB - detected: major=5, minor=0, type=full, date=2023-02-20
18:34:31.231 - INFO - UTILS - dependency: tool=tRNAscan-SE, version=v2.0.12, path=/home/diego/miniconda3/envs/bakta/bin/tRNAscan-SE
18:34:31.231 - INFO - UTILS - dependency: tool=Aragorn, version=v1.2.41, path=/home/diego/miniconda3/envs/bakta/bin/aragorn
18:34:31.233 - INFO - UTILS - dependency: tool=CMscan, version=v1.1.4, path=/home/diego/miniconda3/envs/bakta/bin/cmscan
18:34:31.234 - INFO - UTILS - dependency: tool=PilerCR, version=v1.6.0, path=/home/diego/miniconda3/envs/bakta/bin/pilercr
18:34:31.260 - INFO - UTILS - dependency: tool=Pyrodigal, version=v2.3.0, path=/home/diego/miniconda3/envs/bakta/bin/python
18:34:31.261 - INFO - UTILS - dependency: tool=AMRFinderPlus, version=v3.11.18, path=/home/diego/miniconda3/envs/bakta/bin/amrfinder
18:34:31.289 - INFO - UTILS - dependency: tool=Pyhmmer, version=v0.10.2, path=/home/diego/miniconda3/envs/bakta/bin/python
18:34:31.290 - INFO - UTILS - dependency: tool=Diamond, version=v2.1.8, path=/home/diego/miniconda3/envs/bakta/bin/diamond
18:34:31.335 - INFO - UTILS - dependency: tool=Blastn, version=v2.14.1, path=/home/diego/miniconda3/envs/bakta/bin/blastn
18:34:31.482 - INFO - UTILS - dependency: tool=Circos, version=v0.69.8, path=/home/diego/miniconda3/envs/bakta/bin/circos
18:34:31.494 - INFO - FASTA - imported: id=VFDICEUR, length=122141, description=, genomic=True, dna=True
18:34:31.494 - INFO - MAIN - imported sequences=1
18:34:31.494 - INFO - UTILS - qc: revised sequence: id=VFDICEUR, orig-id=, type=contig, complete=True, topology=circular, name=, description='', orig-description=''
18:34:31.494 - INFO - FASTA - write genome sequences: path=/tmp/tmpkhuqj_mz/contigs.fna, description=False, wrap=False
18:34:36.634 - INFO - T_RNA - contig=VFDICEUR, start=1189, stop=1259, strand=+, gene=trnW, product=tRNA-Trp(cca), score=41.5, nt=[AGAGATGTAT..TCCATCTCTG]
18:34:36.634 - INFO - T_RNA - contig=VFDICEUR, start=14013, stop=14084, strand=+, gene=trnF, product=tRNA-Phe(gaa), score=63.6, nt=[GACTTAATAG..CTTTAAGTCA]
18:34:36.634 - INFO - T_RNA - contig=VFDICEUR, start=26952, stop=27035, strand=+, gene=trnS, product=tRNA-Ser(gct), score=63.7, nt=[GGAGATATGG..GCTATCTCCT]
18:34:36.634 - INFO - T_RNA - contig=VFDICEUR, start=44981, stop=45201, strand=+, gene=None, product=tRNA-Xxx, score=48.1, nt=[AGGTCGTTAG..GCACGACCTA]
18:34:36.634 - INFO - T_RNA - contig=VFDICEUR, start=48226, stop=48307, strand=+, gene=trnL, product=tRNA-Leu(aag), score=49.4, nt=[CCAGTATGGT..ACTACTGGCA]
18:34:36.634 - INFO - T_RNA - contig=VFDICEUR, start=48308, stop=48388, strand=+, gene=trnL, product=tRNA-Leu(tag), score=59.7, nt=[GCAAGAATGG..ACTTCTTGCA]
18:34:36.634 - INFO - T_RNA - contig=VFDICEUR, start=48389, stop=48473, strand=+, gene=trnS, product=tRNA-Ser(aga), score=53.8, nt=[TGAAGGATAG..TTTCCTTCAA]
18:34:36.634 - INFO - T_RNA - contig=VFDICEUR, start=60697, stop=60768, strand=+, gene=trnV, product=tRNA-Val(tac), score=61.2, nt=[AAGCATTTAG..ACAATGCTTA]
18:34:36.634 - INFO - T_RNA - contig=VFDICEUR, start=68576, stop=68646, strand=+, gene=trnT, product=tRNA-Thr(tgt), score=61.5, nt=[ACCGAATTAA..GTATTCGGTA]
18:34:36.634 - INFO - T_RNA - contig=VFDICEUR, start=68648, stop=68722, strand=+, gene=trnH, product=tRNA-His(gtg), score=44.9, nt=[ATGATTGTAA..AATCATCCCA]
18:34:36.634 - INFO - T_RNA - contig=VFDICEUR, start=72104, stop=72175, strand=+, gene=trnP, product=tRNA-Pro(tgg), score=63.9, nt=[CAGAAAGTAA..ATCTTTCTGA]
18:34:36.634 - INFO - T_RNA - contig=VFDICEUR, start=121978, stop=122062, strand=+, gene=trnY, product=tRNA-Tyr(gta), score=62.1, nt=[GAAGAAATGC..ACTTTCTTCA]
18:34:36.634 - INFO - T_RNA - contig=VFDICEUR, start=122064, stop=122135, strand=+, gene=trnG, product=tRNA-Gly(tcc), score=43.6, nt=[GCAAATATAT..TTTATTTGCT]
18:34:36.634 - INFO - T_RNA - contig=VFDICEUR, start=108048, stop=108119, strand=-, gene=trnI, product=tRNA-Ile(gat), score=53.5, nt=[AGGTCTATAG..ATTAGACCTA]
18:34:36.634 - INFO - T_RNA - contig=VFDICEUR, start=103834, stop=103905, strand=-, gene=trnA, product=tRNA-Ala(tgc), score=61.1, nt=[GGGAAAGTAA..TTTTTTTCCA]
18:34:36.634 - INFO - T_RNA - contig=VFDICEUR, start=81616, stop=81689, strand=-, gene=trnD, product=tRNA-Asp(gtc), score=56.5, nt=[GGGGTAATAG..ATTTACCTCG]
18:34:36.634 - INFO - T_RNA - contig=VFDICEUR, start=71949, stop=72021, strand=-, gene=trnfM, product=tRNA-fMet(cat), score=52.2, nt=[TGCAAGGTAG..ATCTTTGCGC]
18:34:36.634 - INFO - T_RNA - contig=VFDICEUR, start=71760, stop=71830, strand=-, gene=trnR, product=tRNA-Arg(tct), score=46.8, nt=[CTCCTTATAG..TGTTGGGAGG]
18:34:36.634 - INFO - T_RNA - contig=VFDICEUR, start=70621, stop=70692, strand=-, gene=trnV, product=tRNA-Val(aac), score=59.2, nt=[AGAACTATAG..TTTGGTTCTC]
18:34:36.634 - INFO - T_RNA - contig=VFDICEUR, start=69568, stop=69641, strand=-, gene=trnK, product=tRNA-Lys(ttt), score=64.4, nt=[GGGTTGTTAG..GCACATCCTA]
18:34:36.634 - INFO - T_RNA - contig=VFDICEUR, start=62595, stop=62679, strand=-, gene=trnS, product=tRNA-Ser(tga), score=49.2, nt=[GAAGATATGT..GTTATCTTCG]
18:34:36.634 - INFO - T_RNA - contig=VFDICEUR, start=62512, stop=62594, strand=-, gene=trnL, product=tRNA-Leu(caa), score=57.0, nt=[GCCTAAGTGA..ATCTTAGGCA]
18:34:36.634 - INFO - T_RNA - contig=VFDICEUR, start=53728, stop=53799, strand=-, gene=trnG, product=tRNA-Gly(gcc), score=49.4, nt=[GCAAAGATAG..ATTCTTTGCT]
18:34:36.634 - INFO - T_RNA - contig=VFDICEUR, start=53040, stop=53111, strand=-, gene=trnN, product=tRNA-Asn(gtt), score=58.3, nt=[TTCTCAATAG..AGTTGAGAAG]
18:34:36.635 - INFO - T_RNA - predicted=24
18:34:36.664 - INFO - TM_RNA - predicted=0
18:34:37.876 - INFO - R_RNA - contig=VFDICEUR, start=108124, stop=109635, strand=-, gene=rrs, product=16S ribosomal RNA, length=1512, coverage=0.986, truncated=None, score=1302.4, evalue=3.6e-41, nt=[TTTACTAAGA..TATATATATA]
18:34:37.876 - INFO - R_RNA - contig=VFDICEUR, start=105258, stop=108037, strand=-, gene=rrl, product=23S ribosomal RNA, length=2780, coverage=0.950, truncated=None, score=2327.6, evalue=4.0e-05, nt=[GTTTAAGGAG..ACTTAACTAT]
18:34:37.876 - INFO - R_RNA - predicted=2
18:34:38.410 - INFO - NC_RNA - predicted=0
18:34:38.549 - INFO - NC_RNA_REGION - predicted=0
18:34:38.577 - INFO - CRISPR - predicted=0
18:34:38.577 - INFO - CDS - create prodigal training info object: meta=False, closed=False
18:34:38.697 - INFO - CDS - contig=VFDICEUR, start=1, stop=126, strand=+, frame=1, truncated=5-prime, start-type=Edge, RBS-motif=None
18:34:38.697 - INFO - CDS - contig=VFDICEUR, start=270, stop=1190, strand=+, frame=3, truncated=no, start-type=ATG, RBS-motif=AAA
18:34:38.697 - INFO - CDS - contig=VFDICEUR, start=1267, stop=1659, strand=+, frame=1, truncated=no, start-type=ATG, RBS-motif=None
18:34:38.697 - INFO - CDS - contig=VFDICEUR, start=1626, stop=2213, strand=+, frame=3, truncated=no, start-type=ATG, RBS-motif=AATAA
18:34:38.697 - INFO - CDS - contig=VFDICEUR, start=2210, stop=2686, strand=+, frame=2, truncated=no, start-type=ATG, RBS-motif=None
18:34:38.697 - INFO - CDS - contig=VFDICEUR, start=2655, stop=3005, strand=+, frame=3, truncated=no, start-type=ATG, RBS-motif=AATAA
18:34:38.697 - INFO - CDS - contig=VFDICEUR, start=3002, stop=6679, strand=+, frame=2, truncated=no, start-type=ATG, RBS-motif=AAAA
18:34:38.697 - INFO - CDS - contig=VFDICEUR, start=6676, stop=10443, strand=+, frame=1, truncated=no, start-type=ATG, RBS-motif=None
18:34:38.697 - INFO - CDS - contig=VFDICEUR, start=10440, stop=10826, strand=+, frame=3, truncated=no, start-type=ATG, RBS-motif=None
18:34:38.697 - INFO - CDS - contig=VFDICEUR, start=10801, stop=11274, strand=+, frame=1, truncated=no, start-type=ATG, RBS-motif=AACAA
18:34:38.697 - INFO - CDS - contig=VFDICEUR, start=11283, stop=13298, strand=+, frame=3, truncated=no, start-type=ATG, RBS-motif=AAA
18:34:38.697 - INFO - CDS - contig=VFDICEUR, start=13298, stop=13603, strand=+, frame=2, truncated=no, start-type=ATG, RBS-motif=AAAA
18:34:38.697 - INFO - CDS - contig=VFDICEUR, start=13600, stop=14019, strand=+, frame=1, truncated=no, start-type=ATG, RBS-motif=None
18:34:38.697 - INFO - CDS - contig=VFDICEUR, start=14096, stop=14545, strand=+, frame=2, truncated=no, start-type=ATG, RBS-motif=None
18:34:38.697 - INFO - CDS - contig=VFDICEUR, start=14408, stop=15127, strand=-, frame=2, truncated=no, start-type=ATG, RBS-motif=None
18:34:38.697 - INFO - CDS - contig=VFDICEUR, start=15118, stop=16203, strand=-, frame=3, truncated=no, start-type=ATG, RBS-motif=None
18:34:38.697 - INFO - CDS - contig=VFDICEUR, start=16204, stop=16596, strand=-, frame=3, truncated=no, start-type=ATG, RBS-motif=None
18:34:38.697 - INFO - CDS - contig=VFDICEUR, start=16583, stop=16891, strand=-, frame=2, truncated=no, start-type=ATG, RBS-motif=None
18:34:38.697 - INFO - CDS - contig=VFDICEUR, start=16869, stop=17693, strand=-, frame=1, truncated=no, start-type=ATG, RBS-motif=None
18:34:38.697 - INFO - CDS - contig=VFDICEUR, start=17693, stop=18247, strand=-, frame=2, truncated=no, start-type=ATG, RBS-motif=None
18:34:38.697 - INFO - CDS - contig=VFDICEUR, start=18724, stop=19584, strand=+, frame=1, truncated=no, start-type=ATG, RBS-motif=None
18:34:38.697 - INFO - CDS - contig=VFDICEUR, start=19565, stop=20065, strand=+, frame=2, truncated=no, start-type=ATG, RBS-motif=None
18:34:38.697 - INFO - CDS - contig=VFDICEUR, start=20051, stop=20596, strand=-, frame=2, truncated=no, start-type=ATG, RBS-motif=None
18:34:38.697 - INFO - CDS - contig=VFDICEUR, start=20933, stop=22060, strand=+, frame=2, truncated=no, start-type=ATG, RBS-motif=AACAA
18:34:38.697 - INFO - CDS - contig=VFDICEUR, start=22032, stop=23306, strand=-, frame=1, truncated=no, start-type=ATG, RBS-motif=None
18:34:38.697 - INFO - CDS - contig=VFDICEUR, start=23306, stop=23992, strand=-, frame=2, truncated=no, start-type=ATG, RBS-motif=None
18:34:38.697 - INFO - CDS - contig=VFDICEUR, start=23979, stop=24884, strand=-, frame=1, truncated=no, start-type=ATG, RBS-motif=None
18:34:38.697 - INFO - CDS - contig=VFDICEUR, start=24888, stop=25823, strand=+, frame=3, truncated=no, start-type=ATG, RBS-motif=AAAA
18:34:38.697 - INFO - CDS - contig=VFDICEUR, start=25813, stop=26952, strand=+, frame=1, truncated=no, start-type=TTG, RBS-motif=AAAA
18:34:38.697 - INFO - CDS - contig=VFDICEUR, start=27027, stop=27239, strand=-, frame=1, truncated=no, start-type=ATG, RBS-motif=None
18:34:38.697 - INFO - CDS - contig=VFDICEUR, start=27261, stop=29456, strand=-, frame=1, truncated=no, start-type=ATG, RBS-motif=None
18:34:38.698 - INFO - CDS - contig=VFDICEUR, start=29453, stop=29602, strand=-, frame=2, truncated=no, start-type=ATG, RBS-motif=AAA
18:34:38.698 - INFO - CDS - contig=VFDICEUR, start=29775, stop=31949, strand=+, frame=3, truncated=no, start-type=GTG, RBS-motif=AAA
18:34:38.698 - INFO - CDS - contig=VFDICEUR, start=32151, stop=32816, strand=+, frame=3, truncated=no, start-type=ATG, RBS-motif=AACAA
18:34:38.698 - INFO - CDS - contig=VFDICEUR, start=32807, stop=33943, strand=+, frame=2, truncated=no, start-type=ATG, RBS-motif=None
18:34:38.698 - INFO - CDS - contig=VFDICEUR, start=33922, stop=34785, strand=-, frame=3, truncated=no, start-type=ATG, RBS-motif=None
18:34:38.698 - INFO - CDS - contig=VFDICEUR, start=34782, stop=35522, strand=-, frame=1, truncated=no, start-type=ATG, RBS-motif=AAA
18:34:38.698 - INFO - CDS - contig=VFDICEUR, start=35522, stop=36529, strand=-, frame=2, truncated=no, start-type=ATG, RBS-motif=AAA
18:34:38.698 - INFO - CDS - contig=VFDICEUR, start=36516, stop=37076, strand=-, frame=1, truncated=no, start-type=ATG, RBS-motif=AAA
18:34:38.698 - INFO - CDS - contig=VFDICEUR, start=37073, stop=38302, strand=-, frame=2, truncated=no, start-type=ATG, RBS-motif=None
18:34:38.698 - INFO - CDS - contig=VFDICEUR, start=38299, stop=39681, strand=-, frame=3, truncated=no, start-type=ATG, RBS-motif=None
18:34:38.698 - INFO - CDS - contig=VFDICEUR, start=39683, stop=40645, strand=-, frame=2, truncated=no, start-type=ATG, RBS-motif=AAAA
18:34:38.698 - INFO - CDS - contig=VFDICEUR, start=40730, stop=40825, strand=+, frame=2, truncated=no, start-type=ATG, RBS-motif=AACAA
18:34:38.698 - INFO - CDS - contig=VFDICEUR, start=40888, stop=42216, strand=-, frame=3, truncated=no, start-type=ATG, RBS-motif=AAA
18:34:38.698 - INFO - CDS - contig=VFDICEUR, start=43053, stop=43409, strand=+, frame=3, truncated=no, start-type=GTG, RBS-motif=AAA
18:34:38.698 - INFO - CDS - contig=VFDICEUR, start=43451, stop=43609, strand=+, frame=2, truncated=no, start-type=ATG, RBS-motif=AAAA
18:34:38.698 - INFO - CDS - contig=VFDICEUR, start=43587, stop=44990, strand=+, frame=3, truncated=no, start-type=ATG, RBS-motif=None
18:34:38.698 - INFO - CDS - contig=VFDICEUR, start=45203, stop=48082, strand=+, frame=2, truncated=no, start-type=ATG, RBS-motif=None
18:34:38.698 - INFO - CDS - contig=VFDICEUR, start=48075, stop=48245, strand=+, frame=3, truncated=no, start-type=ATG, RBS-motif=AAAA
18:34:38.698 - INFO - CDS - contig=VFDICEUR, start=49223, stop=50233, strand=+, frame=2, truncated=no, start-type=ATG, RBS-motif=AAA
18:34:38.698 - INFO - CDS - contig=VFDICEUR, start=50199, stop=50804, strand=+, frame=3, truncated=no, start-type=ATG, RBS-motif=AAA
18:34:38.698 - INFO - CDS - contig=VFDICEUR, start=50788, stop=51264, strand=+, frame=1, truncated=no, start-type=ATG, RBS-motif=AAAA
18:34:38.698 - INFO - CDS - contig=VFDICEUR, start=51389, stop=51913, strand=+, frame=2, truncated=no, start-type=ATG, RBS-motif=None
18:34:38.698 - INFO - CDS - contig=VFDICEUR, start=51913, stop=52599, strand=+, frame=1, truncated=no, start-type=ATG, RBS-motif=None
18:34:38.698 - INFO - CDS - contig=VFDICEUR, start=52568, stop=52831, strand=+, frame=2, truncated=no, start-type=ATG, RBS-motif=AAAA
18:34:38.698 - INFO - CDS - contig=VFDICEUR, start=52812, stop=53039, strand=+, frame=3, truncated=no, start-type=ATG, RBS-motif=None
18:34:38.698 - INFO - CDS - contig=VFDICEUR, start=53130, stop=53513, strand=+, frame=3, truncated=no, start-type=ATG, RBS-motif=None
18:34:38.698 - INFO - CDS - contig=VFDICEUR, start=53520, stop=53684, strand=+, frame=3, truncated=no, start-type=ATG, RBS-motif=AACAA
18:34:38.698 - INFO - CDS - contig=VFDICEUR, start=53785, stop=54312, strand=-, frame=3, truncated=no, start-type=ATG, RBS-motif=None
18:34:38.698 - INFO - CDS - contig=VFDICEUR, start=54326, stop=55375, strand=+, frame=2, truncated=no, start-type=ATG, RBS-motif=AACAA
18:34:38.698 - INFO - CDS - contig=VFDICEUR, start=55357, stop=58437, strand=+, frame=1, truncated=no, start-type=ATG, RBS-motif=AAA
18:34:38.698 - INFO - CDS - contig=VFDICEUR, start=58424, stop=58975, strand=+, frame=2, truncated=no, start-type=ATG, RBS-motif=AAA
18:34:38.698 - INFO - CDS - contig=VFDICEUR, start=58972, stop=59535, strand=+, frame=1, truncated=no, start-type=ATG, RBS-motif=AAAA
18:34:38.698 - INFO - CDS - contig=VFDICEUR, start=59532, stop=60698, strand=+, frame=3, truncated=no, start-type=ATG, RBS-motif=AATAA
18:34:38.698 - INFO - CDS - contig=VFDICEUR, start=60780, stop=61367, strand=+, frame=3, truncated=no, start-type=ATG, RBS-motif=AAAA
18:34:38.698 - INFO - CDS - contig=VFDICEUR, start=61342, stop=62361, strand=+, frame=1, truncated=no, start-type=ATG, RBS-motif=AAAA
18:34:38.698 - INFO - CDS - contig=VFDICEUR, start=62403, stop=62561, strand=+, frame=3, truncated=no, start-type=ATG, RBS-motif=AAAA
18:34:38.698 - INFO - CDS - contig=VFDICEUR, start=62558, stop=62752, strand=+, frame=2, truncated=no, start-type=TTG, RBS-motif=AAAA
18:34:38.698 - INFO - CDS - contig=VFDICEUR, start=62694, stop=63266, strand=+, frame=3, truncated=no, start-type=ATG, RBS-motif=AAAA
18:34:38.698 - INFO - CDS - contig=VFDICEUR, start=63254, stop=64489, strand=+, frame=2, truncated=no, start-type=ATG, RBS-motif=AAAA
18:34:38.698 - INFO - CDS - contig=VFDICEUR, start=64486, stop=65490, strand=+, frame=1, truncated=no, start-type=ATG, RBS-motif=None
18:34:38.698 - INFO - CDS - contig=VFDICEUR, start=65447, stop=66019, strand=+, frame=2, truncated=no, start-type=ATG, RBS-motif=AAAA
18:34:38.698 - INFO - CDS - contig=VFDICEUR, start=66012, stop=66599, strand=+, frame=3, truncated=no, start-type=ATG, RBS-motif=AACAA
18:34:38.698 - INFO - CDS - contig=VFDICEUR, start=66599, stop=67288, strand=+, frame=2, truncated=no, start-type=ATG, RBS-motif=AAAA
18:34:38.698 - INFO - CDS - contig=VFDICEUR, start=67285, stop=68031, strand=+, frame=1, truncated=no, start-type=ATG, RBS-motif=AAA
18:34:38.698 - INFO - CDS - contig=VFDICEUR, start=68024, stop=68326, strand=+, frame=2, truncated=no, start-type=ATG, RBS-motif=AAAA
18:34:38.698 - INFO - CDS - contig=VFDICEUR, start=68307, stop=68585, strand=+, frame=3, truncated=no, start-type=ATG, RBS-motif=None
18:34:38.698 - INFO - CDS - contig=VFDICEUR, start=68743, stop=69570, strand=+, frame=1, truncated=no, start-type=ATG, RBS-motif=None
18:34:38.698 - INFO - CDS - contig=VFDICEUR, start=69632, stop=69994, strand=-, frame=2, truncated=no, start-type=ATG, RBS-motif=None
18:34:38.698 - INFO - CDS - contig=VFDICEUR, start=69981, stop=70145, strand=-, frame=1, truncated=no, start-type=ATG, RBS-motif=None
18:34:38.698 - INFO - CDS - contig=VFDICEUR, start=70129, stop=70581, strand=-, frame=3, truncated=no, start-type=ATG, RBS-motif=AAAA
18:34:38.698 - INFO - CDS - contig=VFDICEUR, start=70691, stop=71758, strand=-, frame=2, truncated=no, start-type=ATG, RBS-motif=None
18:34:38.698 - INFO - CDS - contig=VFDICEUR, start=71833, stop=71967, strand=+, frame=1, truncated=no, start-type=ATG, RBS-motif=AAA
18:34:38.698 - INFO - CDS - contig=VFDICEUR, start=72183, stop=72536, strand=+, frame=3, truncated=no, start-type=ATG, RBS-motif=AATAA
18:34:38.698 - INFO - CDS - contig=VFDICEUR, start=72510, stop=73025, strand=-, frame=1, truncated=no, start-type=ATG, RBS-motif=AAA
18:34:38.698 - INFO - CDS - contig=VFDICEUR, start=73025, stop=74008, strand=-, frame=2, truncated=no, start-type=TTG, RBS-motif=AAA
18:34:38.698 - INFO - CDS - contig=VFDICEUR, start=74028, stop=75092, strand=+, frame=3, truncated=no, start-type=ATG, RBS-motif=AACAA
18:34:38.698 - INFO - CDS - contig=VFDICEUR, start=75058, stop=75786, strand=+, frame=1, truncated=no, start-type=ATG, RBS-motif=None
18:34:38.698 - INFO - CDS - contig=VFDICEUR, start=75788, stop=76864, strand=+, frame=2, truncated=no, start-type=ATG, RBS-motif=AACAA
18:34:38.698 - INFO - CDS - contig=VFDICEUR, start=76979, stop=78364, strand=-, frame=2, truncated=no, start-type=ATG, RBS-motif=None
18:34:38.698 - INFO - CDS - contig=VFDICEUR, start=78361, stop=79554, strand=-, frame=3, truncated=no, start-type=ATG, RBS-motif=None
18:34:38.698 - INFO - CDS - contig=VFDICEUR, start=79551, stop=80810, strand=-, frame=1, truncated=no, start-type=ATG, RBS-motif=AATAA
18:34:38.698 - INFO - CDS - contig=VFDICEUR, start=80925, stop=81101, strand=-, frame=1, truncated=no, start-type=ATG, RBS-motif=AAA
18:34:38.698 - INFO - CDS - contig=VFDICEUR, start=81091, stop=81408, strand=-, frame=3, truncated=no, start-type=ATG, RBS-motif=None
18:34:38.698 - INFO - CDS - contig=VFDICEUR, start=81412, stop=81615, strand=+, frame=1, truncated=no, start-type=ATG, RBS-motif=None
18:34:38.698 - INFO - CDS - contig=VFDICEUR, start=81747, stop=82955, strand=-, frame=1, truncated=no, start-type=ATG, RBS-motif=None
18:34:38.698 - INFO - CDS - contig=VFDICEUR, start=82964, stop=84271, strand=+, frame=2, truncated=no, start-type=ATG, RBS-motif=None
18:34:38.699 - INFO - CDS - contig=VFDICEUR, start=84268, stop=86064, strand=+, frame=1, truncated=no, start-type=ATG, RBS-motif=None
18:34:38.699 - INFO - CDS - contig=VFDICEUR, start=86135, stop=86401, strand=+, frame=2, truncated=no, start-type=ATG, RBS-motif=AACAA
18:34:38.699 - INFO - CDS - contig=VFDICEUR, start=86391, stop=87980, strand=+, frame=3, truncated=no, start-type=ATG, RBS-motif=AAAA
18:34:38.699 - INFO - CDS - contig=VFDICEUR, start=88027, stop=89310, strand=+, frame=1, truncated=no, start-type=ATG, RBS-motif=None
18:34:38.699 - INFO - CDS - contig=VFDICEUR, start=89289, stop=90341, strand=+, frame=3, truncated=no, start-type=ATG, RBS-motif=None
18:34:38.699 - INFO - CDS - contig=VFDICEUR, start=90333, stop=91292, strand=-, frame=1, truncated=no, start-type=TTG, RBS-motif=None
18:34:38.699 - INFO - CDS - contig=VFDICEUR, start=91405, stop=92115, strand=+, frame=1, truncated=no, start-type=ATG, RBS-motif=None
18:34:38.699 - INFO - CDS - contig=VFDICEUR, start=92107, stop=93132, strand=-, frame=3, truncated=no, start-type=ATG, RBS-motif=None
18:34:38.699 - INFO - CDS - contig=VFDICEUR, start=93144, stop=94949, strand=-, frame=1, truncated=no, start-type=ATG, RBS-motif=None
18:34:38.699 - INFO - CDS - contig=VFDICEUR, start=94951, stop=95373, strand=-, frame=3, truncated=no, start-type=ATG, RBS-motif=AACAA
18:34:38.699 - INFO - CDS - contig=VFDICEUR, start=95427, stop=96395, strand=+, frame=3, truncated=no, start-type=ATG, RBS-motif=AACAA
18:34:38.699 - INFO - CDS - contig=VFDICEUR, start=96388, stop=97383, strand=-, frame=3, truncated=no, start-type=ATG, RBS-motif=None
18:34:38.699 - INFO - CDS - contig=VFDICEUR, start=97496, stop=99541, strand=-, frame=2, truncated=no, start-type=ATG, RBS-motif=None
18:34:38.699 - INFO - CDS - contig=VFDICEUR, start=99541, stop=100176, strand=-, frame=3, truncated=no, start-type=ATG, RBS-motif=None
18:34:38.699 - INFO - CDS - contig=VFDICEUR, start=100169, stop=101383, strand=-, frame=2, truncated=no, start-type=ATG, RBS-motif=None
18:34:38.699 - INFO - CDS - contig=VFDICEUR, start=101355, stop=102011, strand=-, frame=1, truncated=no, start-type=TTG, RBS-motif=AAA
18:34:38.699 - INFO - CDS - contig=VFDICEUR, start=102094, stop=102510, strand=+, frame=1, truncated=no, start-type=ATG, RBS-motif=AAAA
18:34:38.699 - INFO - CDS - contig=VFDICEUR, start=102499, stop=102738, strand=-, frame=3, truncated=no, start-type=ATG, RBS-motif=None
18:34:38.699 - INFO - CDS - contig=VFDICEUR, start=102731, stop=103039, strand=-, frame=2, truncated=no, start-type=ATG, RBS-motif=AAAA
18:34:38.699 - INFO - CDS - contig=VFDICEUR, start=103030, stop=103821, strand=-, frame=3, truncated=no, start-type=TTG, RBS-motif=None
18:34:38.699 - INFO - CDS - contig=VFDICEUR, start=103906, stop=105144, strand=+, frame=1, truncated=no, start-type=ATG, RBS-motif=None
18:34:38.699 - INFO - CDS - contig=VFDICEUR, start=105721, stop=105855, strand=-, frame=3, truncated=no, start-type=ATG, RBS-motif=None
18:34:38.699 - INFO - CDS - contig=VFDICEUR, start=106056, stop=106199, strand=+, frame=3, truncated=no, start-type=ATG, RBS-motif=None
18:34:38.699 - INFO - CDS - contig=VFDICEUR, start=109904, stop=110347, strand=+, frame=2, truncated=no, start-type=ATG, RBS-motif=None
18:34:38.699 - INFO - CDS - contig=VFDICEUR, start=110313, stop=110915, strand=+, frame=3, truncated=no, start-type=ATG, RBS-motif=AAAA
18:34:38.699 - INFO - CDS - contig=VFDICEUR, start=110896, stop=111159, strand=+, frame=1, truncated=no, start-type=ATG, RBS-motif=AAAA
18:34:38.699 - INFO - CDS - contig=VFDICEUR, start=111113, stop=111892, strand=+, frame=2, truncated=no, start-type=GTG, RBS-motif=AAAA
18:34:38.699 - INFO - CDS - contig=VFDICEUR, start=111889, stop=112155, strand=+, frame=1, truncated=no, start-type=ATG, RBS-motif=AAA
18:34:38.699 - INFO - CDS - contig=VFDICEUR, start=112152, stop=112454, strand=+, frame=3, truncated=no, start-type=ATG, RBS-motif=AAAA
18:34:38.699 - INFO - CDS - contig=VFDICEUR, start=112459, stop=113049, strand=+, frame=1, truncated=no, start-type=ATG, RBS-motif=AATAA
18:34:38.699 - INFO - CDS - contig=VFDICEUR, start=113046, stop=113438, strand=+, frame=3, truncated=no, start-type=ATG, RBS-motif=AATAA
18:34:38.699 - INFO - CDS - contig=VFDICEUR, start=113435, stop=113668, strand=+, frame=2, truncated=no, start-type=ATG, RBS-motif=AACAA
18:34:38.699 - INFO - CDS - contig=VFDICEUR, start=113665, stop=114030, strand=+, frame=1, truncated=no, start-type=ATG, RBS-motif=AAAA
18:34:38.699 - INFO - CDS - contig=VFDICEUR, start=114031, stop=114543, strand=+, frame=1, truncated=no, start-type=ATG, RBS-motif=AAA
18:34:38.699 - INFO - CDS - contig=VFDICEUR, start=114543, stop=114818, strand=+, frame=3, truncated=no, start-type=ATG, RBS-motif=None
18:34:38.699 - INFO - CDS - contig=VFDICEUR, start=114818, stop=115183, strand=+, frame=2, truncated=no, start-type=ATG, RBS-motif=AAAA
18:34:38.699 - INFO - CDS - contig=VFDICEUR, start=115185, stop=115712, strand=+, frame=3, truncated=no, start-type=ATG, RBS-motif=AAAA
18:34:38.699 - INFO - CDS - contig=VFDICEUR, start=115675, stop=115998, strand=+, frame=1, truncated=no, start-type=ATG, RBS-motif=None
18:34:38.699 - INFO - CDS - contig=VFDICEUR, start=115998, stop=116420, strand=+, frame=3, truncated=no, start-type=ATG, RBS-motif=AATAA
18:34:38.699 - INFO - CDS - contig=VFDICEUR, start=116410, stop=116703, strand=+, frame=1, truncated=no, start-type=ATG, RBS-motif=AAA
18:34:38.699 - INFO - CDS - contig=VFDICEUR, start=116690, stop=116911, strand=+, frame=2, truncated=no, start-type=ATG, RBS-motif=AACAA
18:34:38.699 - INFO - CDS - contig=VFDICEUR, start=116908, stop=117018, strand=+, frame=1, truncated=no, start-type=ATG, RBS-motif=AATAA
18:34:38.699 - INFO - CDS - contig=VFDICEUR, start=117015, stop=117359, strand=+, frame=3, truncated=no, start-type=ATG, RBS-motif=AAAA
18:34:38.699 - INFO - CDS - contig=VFDICEUR, start=117322, stop=117696, strand=+, frame=1, truncated=no, start-type=ATG, RBS-motif=None
18:34:38.699 - INFO - CDS - contig=VFDICEUR, start=117768, stop=118286, strand=+, frame=3, truncated=no, start-type=ATG, RBS-motif=AAAA
18:34:38.699 - INFO - CDS - contig=VFDICEUR, start=118292, stop=119155, strand=+, frame=2, truncated=no, start-type=ATG, RBS-motif=None
18:34:38.699 - INFO - CDS - contig=VFDICEUR, start=119152, stop=119391, strand=+, frame=1, truncated=no, start-type=ATG, RBS-motif=None
18:34:38.699 - INFO - CDS - contig=VFDICEUR, start=119384, stop=120478, strand=-, frame=2, truncated=no, start-type=TTG, RBS-motif=None
18:34:38.699 - INFO - CDS - contig=VFDICEUR, start=120489, stop=120893, strand=+, frame=3, truncated=no, start-type=ATG, RBS-motif=AAAA
18:34:38.699 - INFO - CDS - contig=VFDICEUR, start=120886, stop=121929, strand=+, frame=1, truncated=no, start-type=ATG, RBS-motif=None
18:34:38.699 - INFO - CDS - truncated CDS: contig=VFDICEUR, start=1, stop=126, strand=+, frame=1, truncated=5-prime, start-type=Edge, RBS-motif=None, aa-hexdigest=f9a6064d60807b7b7b10dd176cd7aba0, aa=[MKTQFLREKE..TQVLSKNMDA]
18:34:38.699 - INFO - CDS - contig=VFDICEUR, start=270, stop=1190, strand=+, nt=[ATGATAACTG..AATAAAATAG]
18:34:38.699 - INFO - CDS - contig=VFDICEUR, start=1267, stop=1659, strand=+, nt=[ATGACCCCAA..ATCCAATTAA]
18:34:38.699 - INFO - CDS - contig=VFDICEUR, start=1626, stop=2213, strand=+, nt=[ATGCGCAAAG..ACTACAATGA]
18:34:38.699 - INFO - CDS - contig=VFDICEUR, start=2210, stop=2686, strand=+, nt=[ATGAATAACA..AAACAATTGA]
18:34:38.699 - INFO - CDS - contig=VFDICEUR, start=2655, stop=3005, strand=+, nt=[ATGAAAATAA..AACATCATGA]
18:34:38.699 - INFO - CDS - contig=VFDICEUR, start=3002, stop=6679, strand=+, nt=[ATGATAATAA..AGTAAAATGA]
18:34:38.699 - INFO - CDS - contig=VFDICEUR, start=6676, stop=10443, strand=+, nt=[ATGAAAACAA..GAAAAAATGA]
18:34:38.699 - INFO - CDS - contig=VFDICEUR, start=10440, stop=10826, strand=+, nt=[ATGAAAACAA..AACTATTTAA]
18:34:38.699 - INFO - CDS - contig=VFDICEUR, start=10801, stop=11274, strand=+, nt=[ATGTCAAGAA..TGCCTTCTAA]
18:34:38.699 - INFO - CDS - contig=VFDICEUR, start=11283, stop=13298, strand=+, nt=[ATGCGGAATT..TAAACAGTAA]
18:34:38.699 - INFO - CDS - contig=VFDICEUR, start=13298, stop=13603, strand=+, nt=[ATGAAATTAA..AATAAAATGA]
18:34:38.699 - INFO - CDS - contig=VFDICEUR, start=13600, stop=14019, strand=+, nt=[ATGAACATTT..AAAGACTTAA]
18:34:38.699 - INFO - CDS - contig=VFDICEUR, start=14096, stop=14545, strand=+, nt=[ATGCCAGCCA..TAACAACTAA]
18:34:38.699 - INFO - CDS - contig=VFDICEUR, start=14408, stop=15127, strand=-, nt=[ATGTACTTAA..TTATAAGTAG]
18:34:38.699 - INFO - CDS - contig=VFDICEUR, start=15118, stop=16203, strand=-, nt=[ATGTTGTTAA..ATGTACTTAA]
18:34:38.699 - INFO - CDS - contig=VFDICEUR, start=16204, stop=16596, strand=-, nt=[ATGATTTTAG..TAAGCGGTAA]
18:34:38.699 - INFO - CDS - contig=VFDICEUR, start=16583, stop=16891, strand=-, nt=[ATGGTTATAG..TTTTAGGTAG]
18:34:38.699 - INFO - CDS - contig=VFDICEUR, start=16869, stop=17693, strand=-, nt=[ATGTACTTAA..TAAAAAATAA]
18:34:38.699 - INFO - CDS - contig=VFDICEUR, start=17693, stop=18247, strand=-, nt=[ATGATGGCTA..TTTTGTTTAA]
18:34:38.699 - INFO - CDS - contig=VFDICEUR, start=18724, stop=19584, strand=+, nt=[ATGCTAATTT..CATTTATTAG]
18:34:38.699 - INFO - CDS - contig=VFDICEUR, start=19565, stop=20065, strand=+, nt=[ATGATAAAAA..TACGTTCTAA]
18:34:38.699 - INFO - CDS - contig=VFDICEUR, start=20051, stop=20596, strand=-, nt=[ATGGTTATTT..ACGTAAATAA]
18:34:38.699 - INFO - CDS - contig=VFDICEUR, start=20933, stop=22060, strand=+, nt=[ATGTCAACAA..AAAACAATAA]
18:34:38.700 - INFO - CDS - contig=VFDICEUR, start=22032, stop=23306, strand=-, nt=[ATGTATATAT..AAGGGGTTAA]
18:34:38.700 - INFO - CDS - contig=VFDICEUR, start=23306, stop=23992, strand=-, nt=[ATGAGTTTAA..TATTTTATAA]
18:34:38.700 - INFO - CDS - contig=VFDICEUR, start=23979, stop=24884, strand=-, nt=[ATGTTTTTTA..GTTTAACTAG]
18:34:38.700 - INFO - CDS - contig=VFDICEUR, start=24888, stop=25823, strand=+, nt=[ATGAAAACAA..TGAAAATTGA]
18:34:38.700 - INFO - CDS - contig=VFDICEUR, start=25813, stop=26952, strand=+, nt=[TTGAAAATTG..AAGAATATAG]
18:34:38.700 - INFO - CDS - contig=VFDICEUR, start=27027, stop=27239, strand=-, nt=[ATGCGATTAA..TAGGAGATAG]
18:34:38.700 - INFO - CDS - contig=VFDICEUR, start=27261, stop=29456, strand=-, nt=[ATGAATTATT..TAATAGTTAA]
18:34:38.700 - INFO - CDS - contig=VFDICEUR, start=29453, stop=29602, strand=-, nt=[ATGAGTTCTA..TTTTAAATGA]
18:34:38.700 - INFO - CDS - contig=VFDICEUR, start=29775, stop=31949, strand=+, nt=[GTGATAACAA..ACAAAGCTAA]
18:34:38.700 - INFO - CDS - contig=VFDICEUR, start=32151, stop=32816, strand=+, nt=[ATGTATAATA..ATGCATTTAA]
18:34:38.700 - INFO - CDS - contig=VFDICEUR, start=32807, stop=33943, strand=+, nt=[ATGCATTTAA..ATCTAAATAA]
18:34:38.700 - INFO - CDS - contig=VFDICEUR, start=33922, stop=34785, strand=-, nt=[ATGACTGTTA..TATTTTGTAG]
18:34:38.700 - INFO - CDS - contig=VFDICEUR, start=34782, stop=35522, strand=-, nt=[ATGGTGTTGA..TACTATATGA]
18:34:38.700 - INFO - CDS - contig=VFDICEUR, start=35522, stop=36529, strand=-, nt=[ATGAGATTGC..TATCTTGTAA]
18:34:38.700 - INFO - CDS - contig=VFDICEUR, start=36516, stop=37076, strand=-, nt=[ATGATTTTAT..GATTGCTTAA]
18:34:38.700 - INFO - CDS - contig=VFDICEUR, start=37073, stop=38302, strand=-, nt=[ATGAATATTG..AAAGAGATGA]
18:34:38.700 - INFO - CDS - contig=VFDICEUR, start=38299, stop=39681, strand=-, nt=[ATGATTAATT..TAAGATATGA]
18:34:38.700 - INFO - CDS - contig=VFDICEUR, start=39683, stop=40645, strand=-, nt=[ATGATTTCTG..ATATTTTTAG]
18:34:38.700 - INFO - CDS - contig=VFDICEUR, start=40730, stop=40825, strand=+, nt=[ATGGAAACAA..AACCTATTAA]
18:34:38.700 - INFO - CDS - contig=VFDICEUR, start=40888, stop=42216, strand=-, nt=[ATGTTAGATT..TATTTTATAA]
18:34:38.700 - INFO - CDS - contig=VFDICEUR, start=43053, stop=43409, strand=+, nt=[GTGATAACCC..CACAACCTAA]
18:34:38.700 - INFO - CDS - contig=VFDICEUR, start=43451, stop=43609, strand=+, nt=[ATGTATCTCT..ACATACTTAA]
18:34:38.700 - INFO - CDS - contig=VFDICEUR, start=43587, stop=44990, strand=+, nt=[ATGGATATAT..AGGTCGTTAG]
18:34:38.700 - INFO - CDS - contig=VFDICEUR, start=45203, stop=48082, strand=+, nt=[ATGAAAATAC..AAATGAATAA]
18:34:38.700 - INFO - CDS - contig=VFDICEUR, start=48075, stop=48245, strand=+, nt=[ATGAATAAAA..GAAATGGTAA]
18:34:38.700 - INFO - CDS - contig=VFDICEUR, start=49223, stop=50233, strand=+, nt=[ATGAAAACAC..AAACAATTAA]
18:34:38.700 - INFO - CDS - contig=VFDICEUR, start=50199, stop=50804, strand=+, nt=[ATGAAAATAA..AACAGTATAA]
18:34:38.700 - INFO - CDS - contig=VFDICEUR, start=50788, stop=51264, strand=+, nt=[ATGTGCAAAC..TAGGCGCTAA]
18:34:38.700 - INFO - CDS - contig=VFDICEUR, start=51389, stop=51913, strand=+, nt=[ATGGTACGTA..AGACATATAA]
18:34:38.700 - INFO - CDS - contig=VFDICEUR, start=51913, stop=52599, strand=+, nt=[ATGAACAAAA..AAATAAGTAA]
18:34:38.700 - INFO - CDS - contig=VFDICEUR, start=52568, stop=52831, strand=+, nt=[ATGTTAAAAA..AATATATTAA]
18:34:38.700 - INFO - CDS - contig=VFDICEUR, start=52812, stop=53039, strand=+, nt=[ATGAAATTAA..AATACAATAA]
18:34:38.700 - INFO - CDS - contig=VFDICEUR, start=53130, stop=53513, strand=+, nt=[ATGCTTGCGC..ATGCATTTAA]
18:34:38.700 - INFO - CDS - contig=VFDICEUR, start=53520, stop=53684, strand=+, nt=[ATGGCAGTAC..ACCGATATAA]
18:34:38.700 - INFO - CDS - contig=VFDICEUR, start=53785, stop=54312, strand=-, nt=[ATGCAGCGGT..GATAGCTTAA]
18:34:38.700 - INFO - CDS - contig=VFDICEUR, start=54326, stop=55375, strand=+, nt=[ATGACATTGG..AATATACTAA]
18:34:38.700 - INFO - CDS - contig=VFDICEUR, start=55357, stop=58437, strand=+, nt=[ATGTCAAAAA..CATCTTTTAA]
18:34:38.700 - INFO - CDS - contig=VFDICEUR, start=58424, stop=58975, strand=+, nt=[ATGACATCTT..AAACAAATGA]
18:34:38.700 - INFO - CDS - contig=VFDICEUR, start=58972, stop=59535, strand=+, nt=[ATGATAAACT..AATAAAATGA]
18:34:38.700 - INFO - CDS - contig=VFDICEUR, start=59532, stop=60698, strand=+, nt=[ATGATATACA..ATACAAATAA]
18:34:38.700 - INFO - CDS - contig=VFDICEUR, start=60780, stop=61367, strand=+, nt=[ATGCTCTACC..TATACAATAA]
18:34:38.700 - INFO - CDS - contig=VFDICEUR, start=61342, stop=62361, strand=+, nt=[ATGACAACCA..CACAACCTAA]
18:34:38.700 - INFO - CDS - contig=VFDICEUR, start=62403, stop=62561, strand=+, nt=[ATGTATCTCT..AAGATTTTGA]
18:34:38.700 - INFO - CDS - contig=VFDICEUR, start=62558, stop=62752, strand=+, nt=[TTGAATCTTC..AAAAATATAA]
18:34:38.700 - INFO - CDS - contig=VFDICEUR, start=62694, stop=63266, strand=+, nt=[ATGCTAAAAA..CAACAGATAA]
18:34:38.700 - INFO - CDS - contig=VFDICEUR, start=63254, stop=64489, strand=+, nt=[ATGCAACAGA..TAATACATGA]
18:34:38.700 - INFO - CDS - contig=VFDICEUR, start=64486, stop=65490, strand=+, nt=[ATGATAAAAA..CAGAAAGTAA]
18:34:38.700 - INFO - CDS - contig=VFDICEUR, start=65447, stop=66019, strand=+, nt=[ATGAAAAAAG..ATATGATTAA]
18:34:38.700 - INFO - CDS - contig=VFDICEUR, start=66012, stop=66599, strand=+, nt=[ATGATTAAAG..ATTACAATAA]
18:34:38.700 - INFO - CDS - contig=VFDICEUR, start=66599, stop=67288, strand=+, nt=[ATGAAATTAA..ATTTGAATGA]
18:34:38.700 - INFO - CDS - contig=VFDICEUR, start=67285, stop=68031, strand=+, nt=[ATGACTAAAA..ACATGAGTAA]
18:34:38.700 - INFO - CDS - contig=VFDICEUR, start=68024, stop=68326, strand=+, nt=[ATGAGTAAAC..ACATCTATAA]
18:34:38.700 - INFO - CDS - contig=VFDICEUR, start=68307, stop=68585, strand=+, nt=[ATGATAACAG..ACCGAATTAA]
18:34:38.700 - INFO - CDS - contig=VFDICEUR, start=68743, stop=69570, strand=+, nt=[ATGAAAAATC..AACAAATTAG]
18:34:38.700 - INFO - CDS - contig=VFDICEUR, start=69632, stop=69994, strand=-, nt=[ATGCCACGGG..GGGTTGTTAG]
18:34:38.700 - INFO - CDS - contig=VFDICEUR, start=69981, stop=70145, strand=-, nt=[ATGGCGTTAA..CACGGGTTAA]
18:34:38.700 - INFO - CDS - contig=VFDICEUR, start=70129, stop=70581, strand=-, nt=[ATGAGAATAA..TAAAGCCTAA]
18:34:38.700 - INFO - CDS - contig=VFDICEUR, start=70691, stop=71758, strand=-, nt=[ATGGTAATAA..TTTTATATAG]
18:34:38.700 - INFO - CDS - contig=VFDICEUR, start=71833, stop=71967, strand=+, nt=[ATGATAAGAA..TAGGATTTGA]
18:34:38.700 - INFO - CDS - contig=VFDICEUR, start=72183, stop=72536, strand=+, nt=[ATGAAACCAA..ATGCCAATAA]
18:34:38.700 - INFO - CDS - contig=VFDICEUR, start=72510, stop=73025, strand=-, nt=[ATGTTATCTG..GTTTTTTTAA]
18:34:38.700 - INFO - CDS - contig=VFDICEUR, start=73025, stop=74008, strand=-, nt=[TTGATAAAAA..TTTAAAATAA]
18:34:38.700 - INFO - CDS - contig=VFDICEUR, start=74028, stop=75092, strand=+, nt=[ATGCAAAAAC..AAACAATTAA]
18:34:38.700 - INFO - CDS - contig=VFDICEUR, start=75058, stop=75786, strand=+, nt=[ATGAAAGATA..AAGAAGATAA]
18:34:38.700 - INFO - CDS - contig=VFDICEUR, start=75788, stop=76864, strand=+, nt=[ATGCAATTAA..GAAGATATAA]
18:34:38.700 - INFO - CDS - contig=VFDICEUR, start=76979, stop=78364, strand=-, nt=[ATGATTTTTA..TTTATTATAA]
18:34:38.700 - INFO - CDS - contig=VFDICEUR, start=78361, stop=79554, strand=-, nt=[ATGAGATATT..TATATTATGA]
18:34:38.700 - INFO - CDS - contig=VFDICEUR, start=79551, stop=80810, strand=-, nt=[ATGTTTTCAT..GTCTGAATGA]
18:34:38.700 - INFO - CDS - contig=VFDICEUR, start=80925, stop=81101, strand=-, nt=[ATGATTGTTG..GCGCTTTTAG]
18:34:38.700 - INFO - CDS - contig=VFDICEUR, start=81091, stop=81408, strand=-, nt=[ATGAACTTGT..TGATTGTTGA]
18:34:38.700 - INFO - CDS - contig=VFDICEUR, start=81412, stop=81615, strand=+, nt=[ATGAAAAAAC..AAGCATATAA]
18:34:38.700 - INFO - CDS - contig=VFDICEUR, start=81747, stop=82955, strand=-, nt=[ATGGTATGTG..TTTCATCTAA]
18:34:38.700 - INFO - CDS - contig=VFDICEUR, start=82964, stop=84271, strand=+, nt=[ATGAAAAACT..AGGTAAATGA]
18:34:38.700 - INFO - CDS - contig=VFDICEUR, start=84268, stop=86064, strand=+, nt=[ATGAAAACTG..AAACCATTAG]
18:34:38.700 - INFO - CDS - contig=VFDICEUR, start=86135, stop=86401, strand=+, nt=[ATGTTAAAAA..TGAAAAATAA]
18:34:38.700 - INFO - CDS - contig=VFDICEUR, start=86391, stop=87980, strand=+, nt=[ATGAAAAATA..CACAAAATAA]
18:34:38.700 - INFO - CDS - contig=VFDICEUR, start=88027, stop=89310, strand=+, nt=[ATGAACCAAT..CTTAAAATAA]
18:34:38.700 - INFO - CDS - contig=VFDICEUR, start=89289, stop=90341, strand=+, nt=[ATGTCTAAAA..ATTAAGTTAA]
18:34:38.700 - INFO - CDS - contig=VFDICEUR, start=90333, stop=91292, strand=-, nt=[TTGGCATATA..ATTAACTTAA]
18:34:38.700 - INFO - CDS - contig=VFDICEUR, start=91405, stop=92115, strand=+, nt=[ATGAAAAAAC..ATTAAAATAG]
18:34:38.700 - INFO - CDS - contig=VFDICEUR, start=92107, stop=93132, strand=-, nt=[ATGTATGCTA..ACTATTTTAA]
18:34:38.700 - INFO - CDS - contig=VFDICEUR, start=93144, stop=94949, strand=-, nt=[ATGTCAAAAA..AAAAACCTAA]
18:34:38.700 - INFO - CDS - contig=VFDICEUR, start=94951, stop=95373, strand=-, nt=[ATGAGTGTTT..GCGTAATTGA]
18:34:38.700 - INFO - CDS - contig=VFDICEUR, start=95427, stop=96395, strand=+, nt=[ATGTCAAATA..CTTTAAATAA]
18:34:38.700 - INFO - CDS - contig=VFDICEUR, start=96388, stop=97383, strand=-, nt=[ATGGTAGTTG..AATTATTTAA]
18:34:38.700 - INFO - CDS - contig=VFDICEUR, start=97496, stop=99541, strand=-, nt=[ATGTTGAATA..TACTATTTAA]
18:34:38.700 - INFO - CDS - contig=VFDICEUR, start=99541, stop=100176, strand=-, nt=[ATGTTTAACC..TAAGGTTTAA]
18:34:38.700 - INFO - CDS - contig=VFDICEUR, start=100169, stop=101383, strand=-, nt=[ATGCAAGATT..AGATGTTTAA]
18:34:38.700 - INFO - CDS - contig=VFDICEUR, start=101355, stop=102011, strand=-, nt=[TTGTTTATAT..AATATCATAG]
18:34:38.700 - INFO - CDS - contig=VFDICEUR, start=102094, stop=102510, strand=+, nt=[ATGACCACAA..AACTAACTAA]
18:34:38.700 - INFO - CDS - contig=VFDICEUR, start=102499, stop=102738, strand=-, nt=[ATGGCTAAAA..AGTTAGTTAA]
18:34:38.700 - INFO - CDS - contig=VFDICEUR, start=102731, stop=103039, strand=-, nt=[ATGTTTGTAG..TAATGGCTAA]
18:34:38.700 - INFO - CDS - contig=VFDICEUR, start=103030, stop=103821, strand=-, nt=[TTGTTTGTTA..ATGTTTGTAG]
18:34:38.700 - INFO - CDS - contig=VFDICEUR, start=103906, stop=105144, strand=+, nt=[ATGAAAATAA..AGCTTGTTAA]
18:34:38.700 - INFO - CDS - contig=VFDICEUR, start=105721, stop=105855, strand=-, nt=[ATGTTACATA..TATCGCTTAA]
18:34:38.700 - INFO - CDS - contig=VFDICEUR, start=106056, stop=106199, strand=+, nt=[ATGGGGTCTT..GCTACCTTAG]
18:34:38.700 - INFO - CDS - contig=VFDICEUR, start=109904, stop=110347, strand=+, nt=[ATGAACACTA..TAAAACTTAA]
18:34:38.700 - INFO - CDS - contig=VFDICEUR, start=110313, stop=110915, strand=+, nt=[ATGCTTATCA..AATTACATAG]
18:34:38.700 - INFO - CDS - contig=VFDICEUR, start=110896, stop=111159, strand=+, nt=[ATGAAATTAC..ACAAAGGTAA]
18:34:38.700 - INFO - CDS - contig=VFDICEUR, start=111113, stop=111892, strand=+, nt=[GTGAGGTGGC..AAAACGATGA]
18:34:38.700 - INFO - CDS - contig=VFDICEUR, start=111889, stop=112155, strand=+, nt=[ATGAAAATAC..TAAACGATGA]
18:34:38.700 - INFO - CDS - contig=VFDICEUR, start=112152, stop=112454, strand=+, nt=[ATGACCATCT..ACTAAAATAA]
18:34:38.700 - INFO - CDS - contig=VFDICEUR, start=112459, stop=113049, strand=+, nt=[ATGAGCAATA..AACACAATGA]
18:34:38.700 - INFO - CDS - contig=VFDICEUR, start=113046, stop=113438, strand=+, nt=[ATGAAAAATT..CAACACATGA]
18:34:38.700 - INFO - CDS - contig=VFDICEUR, start=113435, stop=113668, strand=+, nt=[ATGAAAATCA..TAACCTATGA]
18:34:38.700 - INFO - CDS - contig=VFDICEUR, start=113665, stop=114030, strand=+, nt=[ATGATATTAC..TGTTATATAA]
18:34:38.700 - INFO - CDS - contig=VFDICEUR, start=114031, stop=114543, strand=+, nt=[ATGACCCACC..TTTTATCTAA]
18:34:38.700 - INFO - CDS - contig=VFDICEUR, start=114543, stop=114818, strand=+, nt=[ATGGCTAAAA..AAATTGGTAA]
18:34:38.700 - INFO - CDS - contig=VFDICEUR, start=114818, stop=115183, strand=+, nt=[ATGTTTAACT..AATAAAATAA]
18:34:38.700 - INFO - CDS - contig=VFDICEUR, start=115185, stop=115712, strand=+, nt=[ATGTCTAAAA..AAAAAAATAA]
18:34:38.701 - INFO - CDS - contig=VFDICEUR, start=115675, stop=115998, strand=+, nt=[ATGAACACCC..ATGTAACTAA]
18:34:38.701 - INFO - CDS - contig=VFDICEUR, start=115998, stop=116420, strand=+, nt=[ATGAAGGAAA..TGAAAACTAA]
18:34:38.701 - INFO - CDS - contig=VFDICEUR, start=116410, stop=116703, strand=+, nt=[ATGAAAACTA..GTGCAAATAA]
18:34:38.701 - INFO - CDS - contig=VFDICEUR, start=116690, stop=116911, strand=+, nt=[ATGTGTGCAA..ATTAAAATGA]
18:34:38.701 - INFO - CDS - contig=VFDICEUR, start=116908, stop=117018, strand=+, nt=[ATGAAAGTAA..ACAAGGATGA]
18:34:38.701 - INFO - CDS - contig=VFDICEUR, start=117015, stop=117359, strand=+, nt=[ATGAATCTAC..ATACAATTAA]
18:34:38.701 - INFO - CDS - contig=VFDICEUR, start=117322, stop=117696, strand=+, nt=[ATGCCAAAAC..ACGAACTTAA]
18:34:38.701 - INFO - CDS - contig=VFDICEUR, start=117768, stop=118286, strand=+, nt=[ATGCAACAAA..CACTTTATAA]
18:34:38.701 - INFO - CDS - contig=VFDICEUR, start=118292, stop=119155, strand=+, nt=[ATGTATCCCA..AATAAAATGA]
18:34:38.701 - INFO - CDS - contig=VFDICEUR, start=119152, stop=119391, strand=+, nt=[ATGAGACATA..TATCAAATAA]
18:34:38.701 - INFO - CDS - contig=VFDICEUR, start=119384, stop=120478, strand=-, nt=[TTGGATTGTC..GTTTATTTGA]
18:34:38.701 - INFO - CDS - contig=VFDICEUR, start=120489, stop=120893, strand=+, nt=[ATGCAATTTC..AAATGACTAA]
18:34:38.701 - INFO - CDS - contig=VFDICEUR, start=120886, stop=121929, strand=+, nt=[ATGACTAACA..TGTGGTATAA]
18:34:38.701 - INFO - CDS - contig=VFDICEUR, start=1, stop=126, strand=+, nt=[ATGAAAACAC..GGATGCATAG]
18:34:38.716 - INFO - CDS - predicted=147
18:34:38.770 - INFO - ORF - discarded=0
18:34:38.836 - INFO - UPS - looked-up=0
18:34:38.837 - INFO - IPS - looked-up=0
18:34:38.837 - INFO - ORF - write internal aa seqs: # seqs=147, path=/tmp/tmpkhuqj_mz/cds.psc.faa
18:35:18.591 - INFO - PSC - found: PSC=0, PSCC=20
18:35:18.605 - INFO - PSC - looked-up=20
18:35:18.608 - INFO - PSCC - looked-up=15
18:35:18.608 - INFO - ORF - write internal aa seqs: # seqs=147, path=/tmp/tmpkhuqj_mz/cds.expert.faa
18:35:19.138 - INFO - EXPERT-AMRFINDER - found=0
18:35:19.638 - INFO - EXPERT_AA_SEQ - found=0
18:35:19.639 - INFO - ANNOTATION - marked as hypothetical: contig=VFDICEUR, start=270, stop=1190, strand=+
18:35:19.639 - INFO - ANNOTATION - marked as hypothetical: contig=VFDICEUR, start=1267, stop=1659, strand=+
18:35:19.639 - INFO - ANNOTATION - marked as hypothetical: contig=VFDICEUR, start=1626, stop=2213, strand=+
18:35:19.639 - INFO - ANNOTATION - marked as hypothetical: contig=VFDICEUR, start=2210, stop=2686, strand=+
18:35:19.639 - INFO - ANNOTATION - marked as hypothetical: contig=VFDICEUR, start=2655, stop=3005, strand=+
18:35:19.639 - INFO - ANNOTATION - marked as hypothetical: contig=VFDICEUR, start=3002, stop=6679, strand=+
18:35:19.639 - INFO - ANNOTATION - marked as hypothetical: contig=VFDICEUR, start=6676, stop=10443, strand=+
18:35:19.639 - INFO - ANNOTATION - marked as hypothetical: contig=VFDICEUR, start=10440, stop=10826, strand=+
18:35:19.639 - INFO - ANNOTATION - marked as hypothetical: contig=VFDICEUR, start=10801, stop=11274, strand=+
18:35:19.639 - INFO - ANNOTATION - marked as hypothetical: contig=VFDICEUR, start=13298, stop=13603, strand=+
18:35:19.639 - INFO - ANNOTATION - marked as hypothetical: contig=VFDICEUR, start=13600, stop=14019, strand=+
18:35:19.639 - INFO - ANNOTATION - marked as hypothetical: contig=VFDICEUR, start=14096, stop=14545, strand=+
18:35:19.639 - INFO - ANNOTATION - marked as hypothetical: contig=VFDICEUR, start=14408, stop=15127, strand=-
18:35:19.639 - INFO - ANNOTATION - marked as hypothetical: contig=VFDICEUR, start=15118, stop=16203, strand=-
18:35:19.639 - INFO - ANNOTATION - marked as hypothetical: contig=VFDICEUR, start=16204, stop=16596, strand=-
18:35:19.639 - INFO - ANNOTATION - marked as hypothetical: contig=VFDICEUR, start=16583, stop=16891, strand=-
18:35:19.639 - INFO - ANNOTATION - marked as hypothetical: contig=VFDICEUR, start=16869, stop=17693, strand=-
18:35:19.639 - INFO - ANNOTATION - marked as hypothetical: contig=VFDICEUR, start=17693, stop=18247, strand=-
18:35:19.639 - INFO - ANNOTATION - marked as hypothetical: contig=VFDICEUR, start=18724, stop=19584, strand=+
18:35:19.639 - INFO - ANNOTATION - marked as hypothetical: contig=VFDICEUR, start=19565, stop=20065, strand=+
18:35:19.639 - INFO - ANNOTATION - marked as hypothetical: contig=VFDICEUR, start=20051, stop=20596, strand=-
18:35:19.639 - INFO - ANNOTATION - marked as hypothetical: contig=VFDICEUR, start=20933, stop=22060, strand=+
18:35:19.639 - INFO - ANNOTATION - marked as hypothetical: contig=VFDICEUR, start=22032, stop=23306, strand=-
18:35:19.639 - INFO - ANNOTATION - marked as hypothetical: contig=VFDICEUR, start=23306, stop=23992, strand=-
18:35:19.639 - INFO - ANNOTATION - marked as hypothetical: contig=VFDICEUR, start=23979, stop=24884, strand=-
18:35:19.639 - INFO - ANNOTATION - marked as hypothetical: contig=VFDICEUR, start=24888, stop=25823, strand=+
18:35:19.639 - INFO - ANNOTATION - marked as hypothetical: contig=VFDICEUR, start=25813, stop=26952, strand=+
18:35:19.639 - INFO - ANNOTATION - marked as hypothetical: contig=VFDICEUR, start=27027, stop=27239, strand=-
18:35:19.639 - INFO - ANNOTATION - marked as hypothetical: contig=VFDICEUR, start=27261, stop=29456, strand=-
18:35:19.639 - INFO - ANNOTATION - marked as hypothetical: contig=VFDICEUR, start=29453, stop=29602, strand=-
18:35:19.639 - INFO - ANNOTATION - marked as hypothetical: contig=VFDICEUR, start=29775, stop=31949, strand=+
18:35:19.639 - INFO - ANNOTATION - marked as hypothetical: contig=VFDICEUR, start=32151, stop=32816, strand=+
18:35:19.639 - INFO - ANNOTATION - marked as hypothetical: contig=VFDICEUR, start=32807, stop=33943, strand=+
18:35:19.639 - INFO - ANNOTATION - marked as hypothetical: contig=VFDICEUR, start=33922, stop=34785, strand=-
18:35:19.639 - INFO - ANNOTATION - marked as hypothetical: contig=VFDICEUR, start=34782, stop=35522, strand=-
18:35:19.639 - INFO - ANNOTATION - marked as hypothetical: contig=VFDICEUR, start=35522, stop=36529, strand=-
18:35:19.639 - INFO - ANNOTATION - marked as hypothetical: contig=VFDICEUR, start=36516, stop=37076, strand=-
18:35:19.639 - INFO - ANNOTATION - marked as hypothetical: contig=VFDICEUR, start=37073, stop=38302, strand=-
18:35:19.639 - INFO - ANNOTATION - marked as hypothetical: contig=VFDICEUR, start=38299, stop=39681, strand=-
18:35:19.639 - INFO - ANNOTATION - marked as hypothetical: contig=VFDICEUR, start=39683, stop=40645, strand=-
18:35:19.639 - INFO - ANNOTATION - marked as hypothetical: contig=VFDICEUR, start=40730, stop=40825, strand=+
18:35:19.639 - INFO - ANNOTATION - marked as hypothetical: contig=VFDICEUR, start=40888, stop=42216, strand=-
18:35:19.639 - INFO - ANNOTATION - marked as hypothetical: contig=VFDICEUR, start=43053, stop=43409, strand=+
18:35:19.639 - INFO - ANNOTATION - marked as hypothetical: contig=VFDICEUR, start=43451, stop=43609, strand=+
18:35:19.639 - INFO - ANNOTATION - marked as hypothetical: contig=VFDICEUR, start=43587, stop=44990, strand=+
18:35:19.639 - INFO - ANNOTATION - marked as hypothetical: contig=VFDICEUR, start=45203, stop=48082, strand=+
18:35:19.639 - INFO - ANNOTATION - marked as hypothetical: contig=VFDICEUR, start=48075, stop=48245, strand=+
18:35:19.639 - INFO - ANNOTATION - marked as hypothetical: contig=VFDICEUR, start=49223, stop=50233, strand=+
18:35:19.639 - INFO - ANNOTATION - marked as hypothetical: contig=VFDICEUR, start=50199, stop=50804, strand=+
18:35:19.639 - INFO - ANNOTATION - marked as hypothetical: contig=VFDICEUR, start=50788, stop=51264, strand=+
18:35:19.639 - INFO - ANNOTATION - marked as hypothetical: contig=VFDICEUR, start=51389, stop=51913, strand=+
18:35:19.639 - INFO - ANNOTATION - marked as hypothetical: contig=VFDICEUR, start=51913, stop=52599, strand=+
18:35:19.639 - INFO - ANNOTATION - marked as hypothetical: contig=VFDICEUR, start=52568, stop=52831, strand=+
18:35:19.639 - INFO - ANNOTATION - marked as hypothetical: contig=VFDICEUR, start=52812, stop=53039, strand=+
18:35:19.639 - INFO - ANNOTATION - marked as hypothetical: contig=VFDICEUR, start=53130, stop=53513, strand=+
18:35:19.639 - INFO - ANNOTATION - marked as hypothetical: contig=VFDICEUR, start=53520, stop=53684, strand=+
18:35:19.639 - INFO - ANNOTATION - marked as hypothetical: contig=VFDICEUR, start=53785, stop=54312, strand=-
18:35:19.639 - INFO - ANNOTATION - marked as hypothetical: contig=VFDICEUR, start=54326, stop=55375, strand=+
18:35:19.639 - INFO - ANNOTATION - marked as hypothetical: contig=VFDICEUR, start=55357, stop=58437, strand=+
18:35:19.639 - INFO - ANNOTATION - marked as hypothetical: contig=VFDICEUR, start=58424, stop=58975, strand=+
18:35:19.639 - INFO - ANNOTATION - fix gene: extract symbol from protein name. symbol=clpX
18:35:19.639 - INFO - ANNOTATION - marked as hypothetical: contig=VFDICEUR, start=60780, stop=61367, strand=+
18:35:19.639 - INFO - ANNOTATION - marked as hypothetical: contig=VFDICEUR, start=61342, stop=62361, strand=+
18:35:19.639 - INFO - ANNOTATION - marked as hypothetical: contig=VFDICEUR, start=62403, stop=62561, strand=+
18:35:19.639 - INFO - ANNOTATION - marked as hypothetical: contig=VFDICEUR, start=62558, stop=62752, strand=+
18:35:19.639 - INFO - ANNOTATION - marked as hypothetical: contig=VFDICEUR, start=62694, stop=63266, strand=+
18:35:19.639 - INFO - ANNOTATION - marked as hypothetical: contig=VFDICEUR, start=63254, stop=64489, strand=+
18:35:19.639 - INFO - ANNOTATION - marked as hypothetical: contig=VFDICEUR, start=64486, stop=65490, strand=+
18:35:19.639 - INFO - ANNOTATION - marked as hypothetical: contig=VFDICEUR, start=65447, stop=66019, strand=+
18:35:19.639 - INFO - ANNOTATION - marked as hypothetical: contig=VFDICEUR, start=66012, stop=66599, strand=+
18:35:19.639 - INFO - ANNOTATION - marked as hypothetical: contig=VFDICEUR, start=66599, stop=67288, strand=+
18:35:19.639 - INFO - ANNOTATION - marked as hypothetical: contig=VFDICEUR, start=67285, stop=68031, strand=+
18:35:19.639 - INFO - ANNOTATION - marked as hypothetical: contig=VFDICEUR, start=68024, stop=68326, strand=+
18:35:19.640 - INFO - ANNOTATION - marked as hypothetical: contig=VFDICEUR, start=68307, stop=68585, strand=+
18:35:19.640 - INFO - ANNOTATION - marked as hypothetical: contig=VFDICEUR, start=68743, stop=69570, strand=+
18:35:19.640 - INFO - ANNOTATION - marked as hypothetical: contig=VFDICEUR, start=69632, stop=69994, strand=-
18:35:19.640 - INFO - ANNOTATION - marked as hypothetical: contig=VFDICEUR, start=69981, stop=70145, strand=-
18:35:19.640 - INFO - ANNOTATION - marked as hypothetical: contig=VFDICEUR, start=70129, stop=70581, strand=-
18:35:19.640 - INFO - ANNOTATION - marked as hypothetical: contig=VFDICEUR, start=71833, stop=71967, strand=+
18:35:19.640 - INFO - ANNOTATION - marked as hypothetical: contig=VFDICEUR, start=72183, stop=72536, strand=+
18:35:19.640 - INFO - ANNOTATION - marked as hypothetical: contig=VFDICEUR, start=72510, stop=73025, strand=-
18:35:19.640 - INFO - ANNOTATION - marked as hypothetical: contig=VFDICEUR, start=73025, stop=74008, strand=-
18:35:19.640 - INFO - ANNOTATION - marked as hypothetical: contig=VFDICEUR, start=74028, stop=75092, strand=+
18:35:19.640 - INFO - ANNOTATION - marked as hypothetical: contig=VFDICEUR, start=75788, stop=76864, strand=+
18:35:19.640 - INFO - ANNOTATION - marked as hypothetical: contig=VFDICEUR, start=76979, stop=78364, strand=-
18:35:19.640 - INFO - ANNOTATION - marked as hypothetical: contig=VFDICEUR, start=78361, stop=79554, strand=-
18:35:19.640 - INFO - ANNOTATION - marked as hypothetical: contig=VFDICEUR, start=79551, stop=80810, strand=-
18:35:19.640 - INFO - ANNOTATION - marked as hypothetical: contig=VFDICEUR, start=80925, stop=81101, strand=-
18:35:19.640 - INFO - ANNOTATION - marked as hypothetical: contig=VFDICEUR, start=81091, stop=81408, strand=-
18:35:19.640 - INFO - ANNOTATION - marked as hypothetical: contig=VFDICEUR, start=81412, stop=81615, strand=+
18:35:19.640 - INFO - ANNOTATION - marked as hypothetical: contig=VFDICEUR, start=81747, stop=82955, strand=-
18:35:19.640 - INFO - ANNOTATION - marked as hypothetical: contig=VFDICEUR, start=82964, stop=84271, strand=+
18:35:19.640 - INFO - ANNOTATION - marked as hypothetical: contig=VFDICEUR, start=84268, stop=86064, strand=+
18:35:19.640 - INFO - ANNOTATION - marked as hypothetical: contig=VFDICEUR, start=86135, stop=86401, strand=+
18:35:19.640 - INFO - ANNOTATION - marked as hypothetical: contig=VFDICEUR, start=88027, stop=89310, strand=+
18:35:19.640 - INFO - ANNOTATION - marked as hypothetical: contig=VFDICEUR, start=89289, stop=90341, strand=+
18:35:19.640 - INFO - ANNOTATION - marked as hypothetical: contig=VFDICEUR, start=90333, stop=91292, strand=-
18:35:19.640 - INFO - ANNOTATION - marked as hypothetical: contig=VFDICEUR, start=91405, stop=92115, strand=+
18:35:19.640 - INFO - ANNOTATION - marked as hypothetical: contig=VFDICEUR, start=92107, stop=93132, strand=-
18:35:19.640 - INFO - ANNOTATION - fix gene: extract symbol from protein name. symbol=dnaK
18:35:19.640 - INFO - ANNOTATION - marked as hypothetical: contig=VFDICEUR, start=94951, stop=95373, strand=-
18:35:19.640 - INFO - ANNOTATION - marked as hypothetical: contig=VFDICEUR, start=95427, stop=96395, strand=+
18:35:19.640 - INFO - ANNOTATION - marked as hypothetical: contig=VFDICEUR, start=96388, stop=97383, strand=-
18:35:19.640 - INFO - ANNOTATION - marked as hypothetical: contig=VFDICEUR, start=97496, stop=99541, strand=-
18:35:19.640 - INFO - ANNOTATION - marked as hypothetical: contig=VFDICEUR, start=99541, stop=100176, strand=-
18:35:19.640 - INFO - ANNOTATION - marked as hypothetical: contig=VFDICEUR, start=101355, stop=102011, strand=-
18:35:19.640 - INFO - ANNOTATION - marked as hypothetical: contig=VFDICEUR, start=102499, stop=102738, strand=-
18:35:19.640 - INFO - ANNOTATION - marked as hypothetical: contig=VFDICEUR, start=102731, stop=103039, strand=-
18:35:19.640 - INFO - ANNOTATION - marked as hypothetical: contig=VFDICEUR, start=103030, stop=103821, strand=-
18:35:19.640 - INFO - ANNOTATION - marked as hypothetical: contig=VFDICEUR, start=103906, stop=105144, strand=+
18:35:19.640 - INFO - ANNOTATION - marked as hypothetical: contig=VFDICEUR, start=105721, stop=105855, strand=-
18:35:19.640 - INFO - ANNOTATION - marked as hypothetical: contig=VFDICEUR, start=106056, stop=106199, strand=+
18:35:19.640 - INFO - ANNOTATION - marked as hypothetical: contig=VFDICEUR, start=109904, stop=110347, strand=+
18:35:19.640 - INFO - ANNOTATION - marked as hypothetical: contig=VFDICEUR, start=110313, stop=110915, strand=+
18:35:19.640 - INFO - ANNOTATION - marked as hypothetical: contig=VFDICEUR, start=110896, stop=111159, strand=+
18:35:19.640 - INFO - ANNOTATION - marked as hypothetical: contig=VFDICEUR, start=112152, stop=112454, strand=+
18:35:19.640 - INFO - ANNOTATION - marked as hypothetical: contig=VFDICEUR, start=112459, stop=113049, strand=+
18:35:19.640 - INFO - ANNOTATION - marked as hypothetical: contig=VFDICEUR, start=113046, stop=113438, strand=+
18:35:19.640 - INFO - ANNOTATION - marked as hypothetical: contig=VFDICEUR, start=113435, stop=113668, strand=+
18:35:19.640 - INFO - ANNOTATION - marked as hypothetical: contig=VFDICEUR, start=114031, stop=114543, strand=+
18:35:19.640 - INFO - ANNOTATION - marked as hypothetical: contig=VFDICEUR, start=114543, stop=114818, strand=+
18:35:19.640 - INFO - ANNOTATION - marked as hypothetical: contig=VFDICEUR, start=114818, stop=115183, strand=+
18:35:19.640 - INFO - ANNOTATION - marked as hypothetical: contig=VFDICEUR, start=115185, stop=115712, strand=+
18:35:19.640 - INFO - ANNOTATION - marked as hypothetical: contig=VFDICEUR, start=115675, stop=115998, strand=+
18:35:19.640 - INFO - ANNOTATION - marked as hypothetical: contig=VFDICEUR, start=115998, stop=116420, strand=+
18:35:19.640 - INFO - ANNOTATION - marked as hypothetical: contig=VFDICEUR, start=116410, stop=116703, strand=+
18:35:19.640 - INFO - ANNOTATION - marked as hypothetical: contig=VFDICEUR, start=116908, stop=117018, strand=+
18:35:19.640 - INFO - ANNOTATION - marked as hypothetical: contig=VFDICEUR, start=117768, stop=118286, strand=+
18:35:19.640 - INFO - ANNOTATION - marked as hypothetical: contig=VFDICEUR, start=118292, stop=119155, strand=+
18:35:19.640 - INFO - ANNOTATION - marked as hypothetical: contig=VFDICEUR, start=119152, stop=119391, strand=+
18:35:19.640 - INFO - ANNOTATION - marked as hypothetical: contig=VFDICEUR, start=119384, stop=120478, strand=-
18:35:19.640 - INFO - ANNOTATION - marked as hypothetical: contig=VFDICEUR, start=120489, stop=120893, strand=+
18:35:19.640 - INFO - ANNOTATION - marked as hypothetical: contig=VFDICEUR, start=120886, stop=121929, strand=+
18:35:19.640 - INFO - ANNOTATION - marked as hypothetical: contig=VFDICEUR, start=1, stop=126, strand=+
18:35:19.640 - INFO - ORF - write internal aa seqs: # seqs=131, path=/tmp/tmpkhuqj_mz/cds.pseudo.candidates.faa
18:36:06.636 - INFO - CDS - found: pseudogene-candidates=0
18:36:06.636 - INFO - PSC - looked-up=0
18:36:06.637 - INFO - PSCC - looked-up=0
18:36:06.659 - INFO - CDS - pfam detected: contig=VFDICEUR, start=61342, stop=62361, strand=+, pfam-id=PF00004.32, length=145, aa-start=42, aa-stop=164, aa-cov=0.4, hmm-cov=0.8, evalue=1.0e-11, bitscore=38.5, name=AAA
18:36:06.679 - INFO - CDS - pfam detected: contig=VFDICEUR, start=64486, stop=65490, strand=+, pfam-id=PF00155.24, length=285, aa-start=26, aa-stop=281, aa-cov=0.8, hmm-cov=1.0, evalue=1.3e-30, bitscore=99.8, name=Aminotran_1_2
18:36:06.680 - INFO - CDS - pfam detected: contig=VFDICEUR, start=74028, stop=75092, strand=+, pfam-id=PF00155.24, length=282, aa-start=68, aa-stop=328, aa-cov=0.7, hmm-cov=1.0, evalue=6.4e-22, bitscore=71.2, name=Aminotran_1_2
18:36:06.680 - INFO - CDS - pfam detected: contig=VFDICEUR, start=20933, stop=22060, strand=+, pfam-id=PF00266.22, length=380, aa-start=6, aa-stop=354, aa-cov=0.9, hmm-cov=1.0, evalue=1.8e-55, bitscore=181.4, name=Aminotran_5
18:36:06.683 - INFO - CDS - pfam detected: contig=VFDICEUR, start=27261, stop=29456, strand=-, pfam-id=PF08264.16, length=92, aa-start=520, aa-stop=611, aa-cov=0.1, hmm-cov=1.0, evalue=1.2e-13, bitscore=44.4, name=Anticodon_1
18:36:06.694 - INFO - CDS - pfam detected: contig=VFDICEUR, start=38299, stop=39681, strand=-, pfam-id=PF14698.9, length=51, aa-start=363, aa-stop=412, aa-cov=0.1, hmm-cov=1.0, evalue=6.6e-11, bitscore=36.0, name=ASL_C2
18:36:06.696 - INFO - CDS - pfam detected: contig=VFDICEUR, start=55357, stop=58437, strand=+, pfam-id=PF13535.9, length=106, aa-start=195, aa-stop=300, aa-cov=0.1, hmm-cov=1.0, evalue=1.6e-11, bitscore=37.2, name=ATP-grasp_4
18:36:06.698 - INFO - CDS - pfam detected: contig=VFDICEUR, start=55357, stop=58437, strand=+, pfam-id=PF15632.9, length=126, aa-start=742, aa-stop=866, aa-cov=0.1, hmm-cov=0.9, evalue=8.8e-14, bitscore=44.5, name=ATPgrasp_Ter
18:36:06.781 - INFO - CDS - pfam detected: contig=VFDICEUR, start=86135, stop=86401, strand=+, pfam-id=PF00166.24, length=91, aa-start=3, aa-stop=83, aa-cov=0.9, hmm-cov=1.0, evalue=8.4e-13, bitscore=41.3, name=Cpn10
18:36:06.782 - INFO - CDS - pfam detected: contig=VFDICEUR, start=55357, stop=58437, strand=+, pfam-id=PF02786.20, length=213, aa-start=120, aa-stop=328, aa-cov=0.2, hmm-cov=1.0, evalue=3.4e-72, bitscore=235.4, name=CPSase_L_D2
18:36:06.782 - INFO - CDS - pfam detected: contig=VFDICEUR, start=54326, stop=55375, strand=+, pfam-id=PF00988.25, length=119, aa-start=5, aa-stop=123, aa-cov=0.3, hmm-cov=1.0, evalue=3.5e-31, bitscore=100.8, name=CPSase_sm_chain
18:36:06.802 - INFO - CDS - pfam detected: contig=VFDICEUR, start=32807, stop=33943, strand=+, pfam-id=PF01053.23, length=374, aa-start=14, aa-stop=371, aa-cov=0.9, hmm-cov=1.0, evalue=5.5e-62, bitscore=202.5, name=Cys_Met_Meta_PP
18:36:06.810 - INFO - CDS - pfam detected: contig=VFDICEUR, start=95427, stop=96395, strand=+, pfam-id=PF00793.23, length=296, aa-start=17, aa-stop=307, aa-cov=0.9, hmm-cov=0.9, evalue=8.0e-72, bitscore=234.4, name=DAHP_synth_1
18:36:06.812 - INFO - CDS - pfam detected: contig=VFDICEUR, start=99541, stop=100176, strand=-, pfam-id=PF05173.17, length=110, aa-start=111, aa-stop=210, aa-cov=0.5, hmm-cov=1.0, evalue=1.6e-15, bitscore=50.3, name=DapB_C
18:36:06.812 - INFO - CDS - pfam detected: contig=VFDICEUR, start=99541, stop=100176, strand=-, pfam-id=PF01113.23, length=69, aa-start=32, aa-stop=100, aa-cov=0.3, hmm-cov=1.0, evalue=6.1e-18, bitscore=58.2, name=DapB_N
18:36:06.813 - INFO - CDS - pfam detected: contig=VFDICEUR, start=16869, stop=17693, strand=-, pfam-id=PF01678.22, length=81, aa-start=151, aa-stop=225, aa-cov=0.3, hmm-cov=1.0, evalue=2.2e-13, bitscore=43.5, name=DAP_epimerase
18:36:06.824 - INFO - CDS - pfam detected: contig=VFDICEUR, start=23979, stop=24884, strand=-, pfam-id=PF00701.25, length=214, aa-start=6, aa-stop=219, aa-cov=0.7, hmm-cov=1.0, evalue=4.3e-22, bitscore=71.2, name=DHDPS
18:36:06.826 - INFO - CDS - pfam detected: contig=VFDICEUR, start=120886, stop=121929, strand=+, pfam-id=PF01761.23, length=261, aa-start=57, aa-stop=313, aa-cov=0.7, hmm-cov=1.0, evalue=7.8e-77, bitscore=251.0, name=DHQ_synthase
18:36:06.831 - INFO - CDS - pfam detected: contig=VFDICEUR, start=79551, stop=80810, strand=-, pfam-id=PF00772.24, length=93, aa-start=6, aa-stop=95, aa-cov=0.2, hmm-cov=1.0, evalue=1.5e-14, bitscore=47.1, name=DnaB
18:36:06.831 - INFO - CDS - pfam detected: contig=VFDICEUR, start=79551, stop=80810, strand=-, pfam-id=PF03796.18, length=254, aa-start=167, aa-stop=416, aa-cov=0.6, hmm-cov=1.0, evalue=5.5e-67, bitscore=218.8, name=DnaB_C
18:36:06.831 - INFO - CDS - pfam detected: contig=VFDICEUR, start=92107, stop=93132, strand=-, pfam-id=PF00226.34, length=56, aa-start=4, aa-stop=58, aa-cov=0.2, hmm-cov=1.0, evalue=2.5e-24, bitscore=78.4, name=DnaJ
18:36:06.832 - INFO - CDS - pfam detected: contig=VFDICEUR, start=92107, stop=93132, strand=-, pfam-id=PF01556.21, length=215, aa-start=110, aa-stop=323, aa-cov=0.6, hmm-cov=0.7, evalue=3.0e-18, bitscore=59.4, name=DnaJ_C
18:36:06.833 - INFO - CDS - pfam detected: contig=VFDICEUR, start=92107, stop=93132, strand=-, pfam-id=PF00684.22, length=66, aa-start=135, aa-stop=195, aa-cov=0.2, hmm-cov=1.0, evalue=8.0e-12, bitscore=38.5, name=DnaJ_CXXCXGXG
18:36:06.833 - INFO - CDS - pfam detected: contig=VFDICEUR, start=45203, stop=48082, strand=+, pfam-id=PF07733.15, length=243, aa-start=284, aa-stop=507, aa-cov=0.2, hmm-cov=1.0, evalue=1.0e-67, bitscore=221.5, name=DNA_pol3_alpha
18:36:06.834 - INFO - CDS - pfam detected: contig=VFDICEUR, start=61342, stop=62361, strand=+, pfam-id=PF13177.9, length=160, aa-start=20, aa-stop=172, aa-cov=0.5, hmm-cov=1.0, evalue=8.0e-27, bitscore=87.3, name=DNA_pol3_delta2
18:36:06.834 - INFO - CDS - pfam detected: contig=VFDICEUR, start=45203, stop=48082, strand=+, pfam-id=PF17657.4, length=151, aa-start=513, aa-stop=653, aa-cov=0.1, hmm-cov=1.0, evalue=9.4e-32, bitscore=102.7, name=DNA_pol3_finger
18:36:07.013 - INFO - CDS - pfam detected: contig=VFDICEUR, start=82964, stop=84271, strand=+, pfam-id=PF02421.21, length=88, aa-start=219, aa-stop=305, aa-cov=0.2, hmm-cov=1.0, evalue=2.2e-12, bitscore=39.8, name=FeoB_N
18:36:07.071 - INFO - CDS - pfam detected: contig=VFDICEUR, start=54326, stop=55375, strand=+, pfam-id=PF00117.31, length=191, aa-start=168, aa-stop=340, aa-cov=0.5, hmm-cov=1.0, evalue=2.9e-30, bitscore=98.5, name=GATase
18:36:07.072 - INFO - CDS - pfam detected: contig=VFDICEUR, start=36516, stop=37076, strand=-, pfam-id=PF00117.31, length=189, aa-start=4, aa-stop=181, aa-cov=1.0, hmm-cov=1.0, evalue=2.7e-23, bitscore=75.7, name=GATase
18:36:07.072 - INFO - CDS - pfam detected: contig=VFDICEUR, start=66012, stop=66599, strand=+, pfam-id=PF00117.31, length=200, aa-start=16, aa-stop=193, aa-cov=0.9, hmm-cov=0.9, evalue=4.1e-18, bitscore=58.9, name=GATase
18:36:07.095 - INFO - CDS - pfam detected: contig=VFDICEUR, start=84268, stop=86064, strand=+, pfam-id=PF13932.9, length=214, aa-start=395, aa-stop=588, aa-cov=0.3, hmm-cov=1.0, evalue=4.1e-30, bitscore=98.6, name=GIDA_C
18:36:07.147 - INFO - CDS - pfam detected: contig=VFDICEUR, start=270, stop=1190, strand=+, pfam-id=PF00009.30, length=121, aa-start=1, aa-stop=113, aa-cov=0.4, hmm-cov=0.9, evalue=5.9e-20, bitscore=64.7, name=GTP_EFTU
18:36:07.147 - INFO - CDS - pfam detected: contig=VFDICEUR, start=1, stop=126, strand=+, pfam-id=PF00009.30, length=29, aa-start=9, aa-stop=37, aa-cov=0.7, hmm-cov=1.0, evalue=3.1e-11, bitscore=36.2, name=GTP_EFTU
18:36:07.147 - INFO - CDS - pfam detected: contig=VFDICEUR, start=270, stop=1190, strand=+, pfam-id=PF03144.28, length=73, aa-start=137, aa-stop=205, aa-cov=0.2, hmm-cov=1.0, evalue=5.0e-19, bitscore=61.6, name=GTP_EFTU_D2
18:36:07.147 - INFO - CDS - pfam detected: contig=VFDICEUR, start=270, stop=1190, strand=+, pfam-id=PF03143.20, length=107, aa-start=210, aa-stop=304, aa-cov=0.3, hmm-cov=1.0, evalue=1.2e-36, bitscore=118.3, name=GTP_EFTU_D3
18:36:07.177 - INFO - CDS - pfam detected: contig=VFDICEUR, start=45203, stop=48082, strand=+, pfam-id=PF14579.9, length=89, aa-start=733, aa-stop=818, aa-cov=0.1, hmm-cov=1.0, evalue=8.1e-20, bitscore=64.0, name=HHH_6
18:36:07.190 - INFO - CDS - pfam detected: contig=VFDICEUR, start=78361, stop=79554, strand=-, pfam-id=PF00742.22, length=174, aa-start=134, aa-stop=306, aa-cov=0.4, hmm-cov=1.0, evalue=1.1e-23, bitscore=77.1, name=Homoserine_dh
18:36:07.221 - INFO - CDS - pfam detected: contig=VFDICEUR, start=34782, stop=35522, strand=-, pfam-id=PF00218.24, length=200, aa-start=50, aa-stop=239, aa-cov=0.8, hmm-cov=1.0, evalue=1.1e-14, bitscore=47.2, name=IGPS
18:36:07.303 - INFO - CDS - pfam detected: contig=VFDICEUR, start=38299, stop=39681, strand=-, pfam-id=PF00206.23, length=226, aa-start=86, aa-stop=299, aa-cov=0.5, hmm-cov=1.0, evalue=9.6e-52, bitscore=169.3, name=Lyase_1
18:36:07.329 - INFO - CDS - pfam detected: contig=VFDICEUR, start=29775, stop=31949, strand=+, pfam-id=PF08267.15, length=310, aa-start=4, aa-stop=293, aa-cov=0.4, hmm-cov=1.0, evalue=3.3e-61, bitscore=200.5, name=Meth_synt_1
18:36:07.330 - INFO - CDS - pfam detected: contig=VFDICEUR, start=29775, stop=31949, strand=+, pfam-id=PF01717.21, length=329, aa-start=389, aa-stop=714, aa-cov=0.5, hmm-cov=1.0, evalue=1.6e-82, bitscore=270.3, name=Meth_synt_2
18:36:07.401 - INFO - CDS - pfam detected: contig=VFDICEUR, start=119384, stop=120478, strand=-, pfam-id=PF02784.19, length=236, aa-start=32, aa-stop=255, aa-cov=0.6, hmm-cov=1.0, evalue=3.4e-38, bitscore=124.5, name=Orn_Arg_deC_N
18:36:07.402 - INFO - CDS - pfam detected: contig=VFDICEUR, start=119384, stop=120478, strand=-, pfam-id=PF00278.25, length=191, aa-start=155, aa-stop=343, aa-cov=0.5, hmm-cov=0.5, evalue=1.0e-15, bitscore=50.9, name=Orn_DAP_Arg_deC
18:36:07.403 - INFO - CDS - pfam detected: contig=VFDICEUR, start=68743, stop=69570, strand=+, pfam-id=PF00185.27, length=89, aa-start=190, aa-stop=270, aa-cov=0.3, hmm-cov=1.0, evalue=3.5e-17, bitscore=56.0, name=OTCace
18:36:07.403 - INFO - CDS - pfam detected: contig=VFDICEUR, start=68743, stop=69570, strand=+, pfam-id=PF02729.24, length=144, aa-start=2, aa-stop=134, aa-cov=0.5, hmm-cov=1.0, evalue=1.8e-31, bitscore=102.3, name=OTCace_N
18:36:07.426 - INFO - CDS - pfam detected: contig=VFDICEUR, start=33922, stop=34785, strand=-, pfam-id=PF03462.21, length=92, aa-start=58, aa-stop=148, aa-cov=0.3, hmm-cov=1.0, evalue=2.8e-29, bitscore=95.3, name=PCRF
18:36:07.427 - INFO - CDS - pfam detected: contig=VFDICEUR, start=23306, stop=23992, strand=-, pfam-id=PF03462.21, length=92, aa-start=8, aa-stop=98, aa-cov=0.4, hmm-cov=1.0, evalue=2.6e-18, bitscore=59.6, name=PCRF
18:36:07.440 - INFO - CDS - pfam detected: contig=VFDICEUR, start=66012, stop=66599, strand=+, pfam-id=PF07722.16, length=126, aa-start=60, aa-stop=179, aa-cov=0.6, hmm-cov=1.0, evalue=3.2e-08, bitscore=26.6, name=Peptidase_C26
18:36:07.449 - INFO - CDS - pfam detected: contig=VFDICEUR, start=13600, stop=14019, strand=+, pfam-id=PF01327.24, length=147, aa-start=4, aa-stop=138, aa-cov=1.0, hmm-cov=1.0, evalue=2.4e-41, bitscore=134.0, name=Pep_deformylase
18:36:07.516 - INFO - CDS - pfam detected: contig=VFDICEUR, start=50199, stop=50804, strand=+, pfam-id=PF00697.25, length=198, aa-start=4, aa-stop=196, aa-cov=1.0, hmm-cov=1.0, evalue=2.9e-33, bitscore=108.2, name=PRAI
18:36:07.520 - INFO - CDS - pfam detected: contig=VFDICEUR, start=18724, stop=19584, strand=+, pfam-id=PF00156.30, length=33, aa-start=193, aa-stop=225, aa-cov=0.1, hmm-cov=1.0, evalue=2.9e-08, bitscore=26.3, name=Pribosyltran
18:36:07.520 - INFO - CDS - pfam detected: contig=VFDICEUR, start=18724, stop=19584, strand=+, pfam-id=PF13793.9, length=112, aa-start=6, aa-stop=117, aa-cov=0.4, hmm-cov=1.0, evalue=6.3e-26, bitscore=83.7, name=Pribosyltran_N
18:36:07.575 - INFO - CDS - pfam detected: contig=VFDICEUR, start=1267, stop=1659, strand=+, pfam-id=PF03946.17, length=58, aa-start=8, aa-stop=65, aa-cov=0.4, hmm-cov=1.0, evalue=1.0e-17, bitscore=56.8, name=Ribosomal_L11_N
18:36:07.576 - INFO - CDS - pfam detected: contig=VFDICEUR, start=2655, stop=3005, strand=+, pfam-id=PF00542.22, length=65, aa-start=50, aa-stop=114, aa-cov=0.6, hmm-cov=1.0, evalue=4.3e-18, bitscore=58.6, name=Ribosomal_L12
18:36:07.577 - INFO - CDS - pfam detected: contig=VFDICEUR, start=113046, stop=113438, strand=+, pfam-id=PF00252.21, length=127, aa-start=2, aa-stop=124, aa-cov=0.9, hmm-cov=1.0, evalue=9.7e-32, bitscore=102.9, name=Ribosomal_L16
18:36:07.578 - INFO - CDS - pfam detected: contig=VFDICEUR, start=112152, stop=112454, strand=+, pfam-id=PF00237.22, length=101, aa-start=6, aa-stop=100, aa-cov=0.9, hmm-cov=1.0, evalue=9.0e-13, bitscore=41.5, name=Ribosomal_L22
18:36:07.581 - INFO - CDS - pfam detected: contig=VFDICEUR, start=116908, stop=117018, strand=+, pfam-id=PF00444.21, length=38, aa-start=1, aa-stop=36, aa-cov=1.0, hmm-cov=1.0, evalue=7.1e-10, bitscore=32.0, name=Ribosomal_L36
18:36:07.582 - INFO - CDS - pfam detected: contig=VFDICEUR, start=114031, stop=114543, strand=+, pfam-id=PF00281.22, length=57, aa-start=15, aa-stop=71, aa-cov=0.3, hmm-cov=1.0, evalue=1.4e-17, bitscore=56.9, name=Ribosomal_L5
18:36:07.582 - INFO - CDS - pfam detected: contig=VFDICEUR, start=114031, stop=114543, strand=+, pfam-id=PF00673.24, length=92, aa-start=78, aa-stop=169, aa-cov=0.5, hmm-cov=1.0, evalue=2.2e-27, bitscore=88.3, name=Ribosomal_L5_C
18:36:07.583 - INFO - CDS - pfam detected: contig=VFDICEUR, start=13298, stop=13603, strand=+, pfam-id=PF00338.25, length=95, aa-start=5, aa-stop=96, aa-cov=0.9, hmm-cov=1.0, evalue=2.2e-18, bitscore=59.5, name=Ribosomal_S10
18:36:07.584 - INFO - CDS - pfam detected: contig=VFDICEUR, start=113435, stop=113668, strand=+, pfam-id=PF00366.23, length=67, aa-start=7, aa-stop=73, aa-cov=0.9, hmm-cov=1.0, evalue=8.6e-09, bitscore=28.5, name=Ribosomal_S17
18:36:07.584 - INFO - CDS - pfam detected: contig=VFDICEUR, start=112459, stop=113049, strand=+, pfam-id=PF00189.23, length=83, aa-start=110, aa-stop=192, aa-cov=0.4, hmm-cov=1.0, evalue=7.0e-22, bitscore=70.9, name=Ribosomal_S3_C
18:36:07.584 - INFO - CDS - pfam detected: contig=VFDICEUR, start=115998, stop=116420, strand=+, pfam-id=PF00333.23, length=59, aa-start=3, aa-stop=60, aa-cov=0.4, hmm-cov=1.0, evalue=5.9e-09, bitscore=29.0, name=Ribosomal_S5
18:36:07.584 - INFO - CDS - pfam detected: contig=VFDICEUR, start=115998, stop=116420, strand=+, pfam-id=PF03719.18, length=65, aa-start=75, aa-stop=139, aa-cov=0.5, hmm-cov=1.0, evalue=1.3e-17, bitscore=56.1, name=Ribosomal_S5_C
18:36:07.584 - INFO - CDS - pfam detected: contig=VFDICEUR, start=81091, stop=81408, strand=-, pfam-id=PF01250.20, length=91, aa-start=5, aa-stop=93, aa-cov=0.8, hmm-cov=1.0, evalue=5.2e-09, bitscore=29.4, name=Ribosomal_S6
18:36:07.584 - INFO - CDS - pfam detected: contig=VFDICEUR, start=10801, stop=11274, strand=+, pfam-id=PF00177.24, length=150, aa-start=1, aa-stop=150, aa-cov=1.0, hmm-cov=1.0, evalue=1.6e-44, bitscore=144.2, name=Ribosomal_S7
18:36:07.584 - INFO - CDS - pfam detected: contig=VFDICEUR, start=114818, stop=115183, strand=+, pfam-id=PF00410.22, length=123, aa-start=6, aa-stop=120, aa-cov=1.0, hmm-cov=1.0, evalue=1.3e-21, bitscore=70.0, name=Ribosomal_S8
18:36:07.598 - INFO - CDS - pfam detected: contig=VFDICEUR, start=6676, stop=10443, strand=+, pfam-id=PF04997.15, length=339, aa-start=2, aa-stop=324, aa-cov=0.3, hmm-cov=0.9, evalue=1.9e-61, bitscore=201.1, name=RNA_pol_Rpb1_1
18:36:07.598 - INFO - CDS - pfam detected: contig=VFDICEUR, start=6676, stop=10443, strand=+, pfam-id=PF00623.23, length=84, aa-start=381, aa-stop=464, aa-cov=0.1, hmm-cov=1.0, evalue=1.8e-31, bitscore=102.7, name=RNA_pol_Rpb1_2
18:36:07.598 - INFO - CDS - pfam detected: contig=VFDICEUR, start=6676, stop=10443, strand=+, pfam-id=PF04983.21, length=168, aa-start=471, aa-stop=615, aa-cov=0.1, hmm-cov=0.9, evalue=1.8e-15, bitscore=50.3, name=RNA_pol_Rpb1_3
18:36:07.598 - INFO - CDS - pfam detected: contig=VFDICEUR, start=6676, stop=10443, strand=+, pfam-id=PF05000.20, length=81, aa-start=649, aa-stop=728, aa-cov=0.1, hmm-cov=0.9, evalue=6.9e-08, bitscore=25.5, name=RNA_pol_Rpb1_4
18:36:07.598 - INFO - CDS - pfam detected: contig=VFDICEUR, start=6676, stop=10443, strand=+, pfam-id=PF04998.20, length=481, aa-start=737, aa-stop=1198, aa-cov=0.4, hmm-cov=0.5, evalue=4.2e-46, bitscore=150.6, name=RNA_pol_Rpb1_5
18:36:07.598 - INFO - CDS - pfam detected: contig=VFDICEUR, start=3002, stop=6679, strand=+, pfam-id=PF04565.19, length=69, aa-start=456, aa-stop=524, aa-cov=0.1, hmm-cov=1.0, evalue=3.3e-23, bitscore=74.8, name=RNA_pol_Rpb2_3
18:36:07.598 - INFO - CDS - pfam detected: contig=VFDICEUR, start=3002, stop=6679, strand=+, pfam-id=PF00562.31, length=496, aa-start=661, aa-stop=1149, aa-cov=0.4, hmm-cov=0.8, evalue=8.7e-105, bitscore=343.9, name=RNA_pol_Rpb2_6
18:36:07.599 - INFO - CDS - pfam detected: contig=VFDICEUR, start=3002, stop=6679, strand=+, pfam-id=PF04560.23, length=84, aa-start=1151, aa-stop=1224, aa-cov=0.1, hmm-cov=1.0, evalue=8.5e-25, bitscore=80.1, name=RNA_pol_Rpb2_7
18:36:07.602 - INFO - CDS - pfam detected: contig=VFDICEUR, start=14408, stop=15127, strand=-, pfam-id=PF00398.23, length=123, aa-start=19, aa-stop=130, aa-cov=0.5, hmm-cov=1.0, evalue=2.9e-14, bitscore=45.8, name=RrnaAD
18:36:07.605 - INFO - CDS - pfam detected: contig=VFDICEUR, start=53785, stop=54312, strand=-, pfam-id=PF16473.8, length=171, aa-start=5, aa-stop=158, aa-cov=0.9, hmm-cov=0.9, evalue=3.6e-10, bitscore=33.1, name=Rv2179c-like
18:36:07.607 - INFO - CDS - pfam detected: contig=VFDICEUR, start=89289, stop=90341, strand=+, pfam-id=PF00575.26, length=64, aa-start=151, aa-stop=207, aa-cov=0.2, hmm-cov=1.0, evalue=2.1e-09, bitscore=30.8, name=S1
18:36:07.607 - INFO - CDS - pfam detected: contig=VFDICEUR, start=117768, stop=118286, strand=+, pfam-id=PF01479.28, length=47, aa-start=82, aa-stop=128, aa-cov=0.3, hmm-cov=1.0, evalue=1.5e-13, bitscore=43.4, name=S4
18:36:07.613 - INFO - CDS - pfam detected: contig=VFDICEUR, start=49223, stop=50233, strand=+, pfam-id=PF01118.27, length=77, aa-start=27, aa-stop=103, aa-cov=0.2, hmm-cov=1.0, evalue=1.6e-09, bitscore=31.3, name=Semialdhyde_dh
18:36:07.613 - INFO - CDS - pfam detected: contig=VFDICEUR, start=49223, stop=50233, strand=+, pfam-id=PF02774.21, length=194, aa-start=126, aa-stop=310, aa-cov=0.6, hmm-cov=0.9, evalue=2.0e-31, bitscore=102.5, name=Semialdhyde_dhC
18:36:07.618 - INFO - CDS - pfam detected: contig=VFDICEUR, start=43587, stop=44990, strand=+, pfam-id=PF04542.17, length=70, aa-start=235, aa-stop=304, aa-cov=0.1, hmm-cov=1.0, evalue=2.7e-21, bitscore=68.3, name=Sigma70_r2
18:36:07.618 - INFO - CDS - pfam detected: contig=VFDICEUR, start=43587, stop=44990, strand=+, pfam-id=PF04545.19, length=49, aa-start=404, aa-stop=452, aa-cov=0.1, hmm-cov=0.9, evalue=1.3e-14, bitscore=46.6, name=Sigma70_r4
18:36:07.619 - INFO - CDS - pfam detected: contig=VFDICEUR, start=120489, stop=120893, strand=+, pfam-id=PF01202.25, length=92, aa-start=8, aa-stop=97, aa-cov=0.7, hmm-cov=1.0, evalue=1.0e-08, bitscore=28.5, name=SKI
18:36:07.623 - INFO - CDS - pfam detected: contig=VFDICEUR, start=66012, stop=66599, strand=+, pfam-id=PF01174.22, length=187, aa-start=12, aa-stop=193, aa-cov=0.9, hmm-cov=1.0, evalue=2.7e-12, bitscore=40.0, name=SNO
18:36:07.668 - INFO - CDS - pfam detected: contig=VFDICEUR, start=76979, stop=78364, strand=-, pfam-id=PF14821.9, length=64, aa-start=3, aa-stop=63, aa-cov=0.1, hmm-cov=1.0, evalue=3.7e-11, bitscore=36.2, name=Thr_synth_N
18:36:07.688 - INFO - CDS - pfam detected: contig=VFDICEUR, start=81747, stop=82955, strand=-, pfam-id=PF00749.24, length=118, aa-start=113, aa-stop=225, aa-cov=0.3, hmm-cov=1.0, evalue=8.2e-42, bitscore=136.2, name=tRNA-synt_1c
18:36:07.688 - INFO - CDS - pfam detected: contig=VFDICEUR, start=22032, stop=23306, strand=-, pfam-id=PF00152.23, length=345, aa-start=96, aa-stop=422, aa-cov=0.8, hmm-cov=0.9, evalue=7.2e-50, bitscore=162.8, name=tRNA-synt_2
18:36:07.690 - INFO - CDS - pfam detected: contig=VFDICEUR, start=96388, stop=97383, strand=-, pfam-id=PF03054.19, length=202, aa-start=2, aa-stop=187, aa-cov=0.6, hmm-cov=1.0, evalue=7.0e-31, bitscore=100.5, name=tRNA_Me_trans
18:36:07.692 - INFO - CDS - pfam detected: contig=VFDICEUR, start=51913, stop=52599, strand=+, pfam-id=PF00290.23, length=236, aa-start=3, aa-stop=218, aa-cov=0.9, hmm-cov=1.0, evalue=1.9e-10, bitscore=33.1, name=Trp_syntA
18:36:07.715 - INFO - CDS - predicted-pfams=90, CDS-w/-pfams=61
18:36:07.763 - INFO - S_ORF - predicted=1349
18:36:07.826 - INFO - S_ORF - sORF filter: # valid=83, # discarded=1266
18:36:07.856 - INFO - ORF - discarded=0
18:36:07.893 - INFO - UPS - looked-up=0
18:36:07.894 - INFO - IPS - looked-up=0
18:36:07.894 - INFO - ORF - write internal aa seqs: # seqs=83, path=/tmp/tmpkhuqj_mz/sorf.faa
18:36:07.975 - INFO - S_ORF - found=0
18:36:07.975 - INFO - PSC - looked-up=0
18:36:07.975 - INFO - PSCC - looked-up=0
18:36:08.470 - INFO - ORI - predicted=0
18:36:08.535 - INFO - ORI - predicted=0
18:36:08.536 - INFO - ANNOTATION - overlap: CDS (None/hypothetical protein) [270, 1190] overlapping tRNA (trnW) [1189, 1259], [1189,1190], contig=VFDICEUR
18:36:08.536 - INFO - ANNOTATION - overlap: CDS (None/hypothetical protein) [13600, 14019] overlapping tRNA (trnF) [14013, 14084], [14013,14019], contig=VFDICEUR
18:36:08.536 - INFO - ANNOTATION - overlap: CDS (None/hypothetical protein) [25813, 26952] overlapping tRNA (trnS) [26952, 27035], [26952,26952], contig=VFDICEUR
18:36:08.536 - INFO - ANNOTATION - overlap: CDS (None/hypothetical protein) [27027, 27239] overlapping tRNA (trnS) [26952, 27035], [27027,27035], contig=VFDICEUR
18:36:08.536 - INFO - ANNOTATION - overlap: CDS (None/hypothetical protein) [43587, 44990] overlapping tRNA (None) [44981, 45201], [44981,44990], contig=VFDICEUR
18:36:08.536 - INFO - ANNOTATION - overlap: CDS (None/hypothetical protein) [48075, 48245] overlapping tRNA (trnL) [48226, 48307], [48226,48245], contig=VFDICEUR
18:36:08.536 - INFO - ANNOTATION - overlap: CDS (None/hypothetical protein) [53785, 54312] overlapping tRNA (trnG) [53728, 53799], [53785,53799], contig=VFDICEUR
18:36:08.536 - INFO - ANNOTATION - overlap: CDS (clpX/ATP-dependent Clp protease ATP-binding subunit ClpX) [59532, 60698] overlapping tRNA (trnV) [60697, 60768], [60697,60698], contig=VFDICEUR
18:36:08.536 - INFO - ANNOTATION - overlap: CDS (None/hypothetical protein) [62403, 62561] overlapping tRNA (trnL) [62512, 62594], [62512,62561], contig=VFDICEUR
18:36:08.536 - INFO - ANNOTATION - overlap: CDS (None/hypothetical protein) [62558, 62752] overlapping tRNA (trnS) [62595, 62679], [62595,62679], contig=VFDICEUR
18:36:08.536 - INFO - ANNOTATION - overlap: CDS (None/hypothetical protein) [62558, 62752] overlapping tRNA (trnL) [62512, 62594], [62558,62594], contig=VFDICEUR
18:36:08.536 - INFO - ANNOTATION - overlap: CDS (None/hypothetical protein) [68307, 68585] overlapping tRNA (trnT) [68576, 68646], [68576,68585], contig=VFDICEUR
18:36:08.536 - INFO - ANNOTATION - overlap: CDS (None/hypothetical protein) [68743, 69570] overlapping tRNA (trnK) [69568, 69641], [69568,69570], contig=VFDICEUR
18:36:08.536 - INFO - ANNOTATION - overlap: CDS (None/hypothetical protein) [69632, 69994] overlapping tRNA (trnK) [69568, 69641], [69632,69641], contig=VFDICEUR
18:36:08.536 - INFO - ANNOTATION - overlap: CDS (None/Chorismate synthase) [70691, 71758] overlapping tRNA (trnV) [70621, 70692], [70691,70692], contig=VFDICEUR
18:36:08.536 - INFO - ANNOTATION - overlap: CDS (None/hypothetical protein) [71833, 71967] overlapping tRNA (trnfM) [71949, 72021], [71949,71967], contig=VFDICEUR
18:36:08.536 - INFO - ANNOTATION - overlap: CDS (None/hypothetical protein) [105721, 105855] overlapping rRNA (rrl) [105258, 108037], [105721,105855], contig=VFDICEUR
18:36:08.536 - INFO - ANNOTATION - overlap: CDS (None/hypothetical protein) [106056, 106199] overlapping rRNA (rrl) [105258, 108037], [106056,106199], contig=VFDICEUR
18:36:08.536 - INFO - UTILS - generated sequence tag prefix: prefix=HACDHBINCP, length=10, MD5=1ACD1B27C977CC60F952710DA1952071
18:36:08.536 - INFO - MAIN - selected features=156
18:36:08.536 - INFO - UTILS - generated sequence tag prefix: prefix=HACDHB, length=6, MD5=1ACD1B27C977CC60F952710DA1952071
18:36:08.536 - INFO - MAIN - locus tag prefix=HACDHB
18:36:08.536 - INFO - UTILS - genome-size=122141
18:36:08.537 - INFO - UTILS - GC=0.292
18:36:08.537 - INFO - UTILS - N=0.000
18:36:08.537 - INFO - UTILS - N50=122141
18:36:08.537 - INFO - UTILS - coding-ratio=0.899
18:36:08.537 - INFO - TSV - write tsv: path=/home/diego/Documents/metagenomes/annotation_symbio_merge/annotation_Beta/genomes/annotation_bakta/bakta_VFDICEUR/VFDICEUR.tsv
18:36:08.537 - INFO - GFF - write GFF3: path=/home/diego/Documents/metagenomes/annotation_symbio_merge/annotation_Beta/genomes/annotation_bakta/bakta_VFDICEUR/VFDICEUR.gff3
18:36:08.539 - INFO - INSDC - write GenBank: path=/home/diego/Documents/metagenomes/annotation_symbio_merge/annotation_Beta/genomes/annotation_bakta/bakta_VFDICEUR/VFDICEUR.gbff
18:36:08.543 - INFO - INSDC - write EMBL: path=/home/diego/Documents/metagenomes/annotation_symbio_merge/annotation_Beta/genomes/annotation_bakta/bakta_VFDICEUR/VFDICEUR.embl
18:36:08.549 - INFO - FASTA - write genome sequences: path=/home/diego/Documents/metagenomes/annotation_symbio_merge/annotation_Beta/genomes/annotation_bakta/bakta_VFDICEUR/VFDICEUR.fna, description=True, wrap=True
18:36:08.549 - INFO - FASTA - write feature nucleotide sequences: path=/home/diego/Documents/metagenomes/annotation_symbio_merge/annotation_Beta/genomes/annotation_bakta/bakta_VFDICEUR/VFDICEUR.ffn
18:36:08.550 - INFO - FASTA - write translated CDS/sORF: path=/home/diego/Documents/metagenomes/annotation_symbio_merge/annotation_Beta/genomes/annotation_bakta/bakta_VFDICEUR/VFDICEUR.faa
18:36:08.569 - INFO - PLOT - write circular genome plot: file-name=VFDICEUR, output-dir=/home/diego/Documents/metagenomes/annotation_symbio_merge/annotation_Beta/genomes/annotation_bakta/bakta_VFDICEUR
18:36:11.622 - INFO - TSV - write hypothetical tsv: path=/home/diego/Documents/metagenomes/annotation_symbio_merge/annotation_Beta/genomes/annotation_bakta/bakta_VFDICEUR/VFDICEUR.hypotheticals.tsv
18:36:11.623 - INFO - FASTA - write translated CDS/sORF: path=/home/diego/Documents/metagenomes/annotation_symbio_merge/annotation_Beta/genomes/annotation_bakta/bakta_VFDICEUR/VFDICEUR.hypotheticals.faa
18:36:11.623 - INFO - JSON - write JSON: path=/home/diego/Documents/metagenomes/annotation_symbio_merge/annotation_Beta/genomes/annotation_bakta/bakta_VFDICEUR/VFDICEUR.json
18:36:11.628 - INFO - MAIN - removed tmp dir: /tmp/tmpkhuqj_mz
