18:06:47.082 - INFO - UTILS - version=1.8.2
18:06:47.082 - INFO - UTILS - developer: Oliver Schwengers, github.com/oschwengers
18:06:47.082 - INFO - UTILS - command: /home/diego/miniconda3/envs/bakta/bin/bakta VFAKOQUE.fasta --complete --translation-table 11 --keep-contig-headers --compliant --threads 30 --output annotation_bakta/bakta_VFAKOQUE
18:06:47.082 - INFO - UTILS - local time: 2023-11-07 18:06:47
18:06:47.083 - INFO - UTILS - machine: type=x86_64, cores=32
18:06:47.083 - INFO - UTILS - system: type=Linux, release=6.5.0-10-generic
18:06:47.083 - INFO - UTILS - python: version=3.10.12, implementation=CPython
18:06:47.083 - INFO - CONFIG - threads=30
18:06:47.083 - INFO - CONFIG - verbose=False
18:06:47.083 - INFO - CONFIG - debug=False
18:06:47.083 - INFO - CONFIG - database: type=environment, path=/mnt/ssd/databases/bakta_db
18:06:47.083 - INFO - CONFIG - tmp-path=/tmp/tmp0y7eukja
18:06:47.083 - INFO - CONFIG - genome-path=/home/diego/Documents/metagenomes/annotation_symbio_merge/annotation_Beta/genomes/VFAKOQUE.fasta
18:06:47.083 - INFO - CONFIG - min_contig_length=1
18:06:47.083 - INFO - CONFIG - prefix=VFAKOQUE
18:06:47.083 - INFO - CONFIG - output-path=/home/diego/Documents/metagenomes/annotation_symbio_merge/annotation_Beta/genomes/annotation_bakta/bakta_VFAKOQUE
18:06:47.083 - INFO - CONFIG - force=False
18:06:47.083 - INFO - CONFIG - genus=None
18:06:47.083 - INFO - CONFIG - species=None
18:06:47.083 - INFO - CONFIG - strain=None
18:06:47.083 - INFO - CONFIG - plasmid=None
18:06:47.083 - INFO - CONFIG - complete=True
18:06:47.083 - INFO - CONFIG - prodigal_tf=None
18:06:47.083 - INFO - CONFIG - translation_table=11
18:06:47.083 - INFO - CONFIG - gram=?
18:06:47.083 - INFO - CONFIG - compliant=True
18:06:47.083 - INFO - CONFIG - compliant mode! min_contig_length=200
18:06:47.083 - INFO - CONFIG - meta=False
18:06:47.083 - INFO - CONFIG - locus=None
18:06:47.083 - INFO - CONFIG - locus-tag=None
18:06:47.083 - INFO - CONFIG - keep_contig_headers=True
18:06:47.083 - INFO - CONFIG - replicon-table=None
18:06:47.083 - INFO - CONFIG - skip-tRNA=False
18:06:47.083 - INFO - CONFIG - skip-tmRNA=False
18:06:47.083 - INFO - CONFIG - skip-rRNA=False
18:06:47.083 - INFO - CONFIG - skip-ncRNA=False
18:06:47.083 - INFO - CONFIG - skip-ncRNA-region=False
18:06:47.083 - INFO - CONFIG - skip-CRISPR=False
18:06:47.083 - INFO - CONFIG - skip-CDS=False
18:06:47.083 - INFO - CONFIG - skip-pseudo=False
18:06:47.083 - INFO - CONFIG - skip-sORF=False
18:06:47.083 - INFO - CONFIG - skip-gap=False
18:06:47.084 - INFO - CONFIG - skip-ori=False
18:06:47.084 - INFO - CONFIG - skip-plot=False
18:06:47.084 - INFO - DB - detected: major=5, minor=0, type=full, date=2023-02-20
18:06:47.117 - INFO - UTILS - dependency: tool=tRNAscan-SE, version=v2.0.12, path=/home/diego/miniconda3/envs/bakta/bin/tRNAscan-SE
18:06:47.118 - INFO - UTILS - dependency: tool=Aragorn, version=v1.2.41, path=/home/diego/miniconda3/envs/bakta/bin/aragorn
18:06:47.119 - INFO - UTILS - dependency: tool=CMscan, version=v1.1.4, path=/home/diego/miniconda3/envs/bakta/bin/cmscan
18:06:47.120 - INFO - UTILS - dependency: tool=PilerCR, version=v1.6.0, path=/home/diego/miniconda3/envs/bakta/bin/pilercr
18:06:47.146 - INFO - UTILS - dependency: tool=Pyrodigal, version=v2.3.0, path=/home/diego/miniconda3/envs/bakta/bin/python
18:06:47.147 - INFO - UTILS - dependency: tool=AMRFinderPlus, version=v3.11.18, path=/home/diego/miniconda3/envs/bakta/bin/amrfinder
18:06:47.175 - INFO - UTILS - dependency: tool=Pyhmmer, version=v0.10.2, path=/home/diego/miniconda3/envs/bakta/bin/python
18:06:47.176 - INFO - UTILS - dependency: tool=Diamond, version=v2.1.8, path=/home/diego/miniconda3/envs/bakta/bin/diamond
18:06:47.219 - INFO - UTILS - dependency: tool=Blastn, version=v2.14.1, path=/home/diego/miniconda3/envs/bakta/bin/blastn
18:06:47.369 - INFO - UTILS - dependency: tool=Circos, version=v0.69.8, path=/home/diego/miniconda3/envs/bakta/bin/circos
18:06:47.380 - INFO - FASTA - imported: id=VFAKOQUE, length=117375, description=, genomic=True, dna=True
18:06:47.380 - INFO - MAIN - imported sequences=1
18:06:47.380 - INFO - UTILS - qc: revised sequence: id=VFAKOQUE, orig-id=, type=contig, complete=True, topology=circular, name=, description='', orig-description=''
18:06:47.380 - INFO - FASTA - write genome sequences: path=/tmp/tmp0y7eukja/contigs.fna, description=False, wrap=False
18:06:51.826 - INFO - T_RNA - contig=VFAKOQUE, start=1195, stop=1265, strand=+, gene=trnW, product=tRNA-Trp(cca), score=57.1, nt=[AGAGATATTT..TCTATCTCTA]
18:06:51.826 - INFO - T_RNA - contig=VFAKOQUE, start=14601, stop=14672, strand=+, gene=trnF, product=tRNA-Phe(gaa), score=63.2, nt=[GATTTAATAG..TTTTAAATCA]
18:06:51.826 - INFO - T_RNA - contig=VFAKOQUE, start=20189, stop=20260, strand=+, gene=trnQ, product=tRNA-Gln(ttg), score=55.3, nt=[GGGAAGTAAC..ATTTTCCCTG]
18:06:51.826 - INFO - T_RNA - contig=VFAKOQUE, start=28617, stop=28699, strand=+, gene=trnS, product=tRNA-Ser(gct), score=58.9, nt=[AGAGGTATGA..TCTATCTCTT]
18:06:51.826 - INFO - T_RNA - contig=VFAKOQUE, start=42627, stop=42871, strand=+, gene=None, product=tRNA-Xxx, score=47.4, nt=[AGGTCGTTAG..GCACGACCTA]
18:06:51.826 - INFO - T_RNA - contig=VFAKOQUE, start=46081, stop=46153, strand=+, gene=trnL, product=tRNA-Leu(aag), score=39.9, nt=[ACTGGTGTGG..ATCATCAGTA]
18:06:51.826 - INFO - T_RNA - contig=VFAKOQUE, start=46155, stop=46227, strand=+, gene=trnL, product=tRNA-Leu(tag), score=57.9, nt=[ATGAATGTAG..ATCATTCATA]
18:06:51.826 - INFO - T_RNA - contig=VFAKOQUE, start=46229, stop=46311, strand=+, gene=trnS, product=tRNA-Ser(aga), score=56.0, nt=[GGAAAGATGG..CCTCTTTCTT]
18:06:51.826 - INFO - T_RNA - contig=VFAKOQUE, start=56462, stop=56533, strand=+, gene=trnV, product=tRNA-Val(tac), score=55.9, nt=[AGGTATTTAA..TCAATACCTA]
18:06:51.827 - INFO - T_RNA - contig=VFAKOQUE, start=64828, stop=64898, strand=+, gene=trnH, product=tRNA-His(gtg), score=40.6, nt=[ATAGGTATAA..ACTATCTATC]
18:06:51.827 - INFO - T_RNA - contig=VFAKOQUE, start=68321, stop=68392, strand=+, gene=trnP, product=tRNA-Pro(tgg), score=51.3, nt=[CGGGGAGTAG..ATCTCTCCGT]
18:06:51.827 - INFO - T_RNA - contig=VFAKOQUE, start=117123, stop=117194, strand=+, gene=trnM, product=tRNA-Met(cat), score=46.9, nt=[GGTGAATTAG..TAATTCGCCT]
18:06:51.827 - INFO - T_RNA - contig=VFAKOQUE, start=117197, stop=117281, strand=+, gene=trnY, product=tRNA-Tyr(gta), score=62.4, nt=[GAAGAAGTTT..ACCTTCTTCA]
18:06:51.827 - INFO - T_RNA - contig=VFAKOQUE, start=117282, stop=117352, strand=+, gene=trnG, product=tRNA-Gly(tcc), score=52.5, nt=[GCGAATATAA..TTTATTCGTT]
18:06:51.827 - INFO - T_RNA - contig=VFAKOQUE, start=102809, stop=102880, strand=-, gene=trnI, product=tRNA-Ile(aat), score=57.2, nt=[AGGTCTATAG..ATTAGACCTA]
18:06:51.827 - INFO - T_RNA - contig=VFAKOQUE, start=98506, stop=98580, strand=-, gene=trnA, product=tRNA-Ala(tgc), score=59.3, nt=[GGGGATTTAA..TTCTCCACCA]
18:06:51.827 - INFO - T_RNA - contig=VFAKOQUE, start=76877, stop=76949, strand=-, gene=trnD, product=tRNA-Asp(gtc), score=57.8, nt=[GGAATGATAG..GTTCATTTCG]
18:06:51.827 - INFO - T_RNA - contig=VFAKOQUE, start=68185, stop=68256, strand=-, gene=trnI, product=tRNA-Ile2(cat), score=44.7, nt=[AGCATAGTAG..ATCTATGTAA]
18:06:51.827 - INFO - T_RNA - contig=VFAKOQUE, start=68000, stop=68070, strand=-, gene=trnR, product=tRNA-Arg(tct), score=54.6, nt=[CTCCTTATAG..TGTAAGGAGG]
18:06:51.827 - INFO - T_RNA - contig=VFAKOQUE, start=66839, stop=66910, strand=-, gene=trnV, product=tRNA-Val(aac), score=57.1, nt=[AGGTCTATAA..ATTAGACCTA]
18:06:51.827 - INFO - T_RNA - contig=VFAKOQUE, start=65780, stop=65852, strand=-, gene=trnK, product=tRNA-Lys(ttt), score=68.9, nt=[GGGTTGTTAG..GCACAGCCTA]
18:06:51.827 - INFO - T_RNA - contig=VFAKOQUE, start=58584, stop=58666, strand=-, gene=trnS, product=tRNA-Ser(tga), score=63.3, nt=[GAAGATATGG..ACTATCTTCT]
18:06:51.827 - INFO - T_RNA - contig=VFAKOQUE, start=48691, stop=48762, strand=-, gene=trnN, product=tRNA-Asn(gtt), score=53.1, nt=[TTCCTAATAA..AGTTAGGAAG]
18:06:51.827 - INFO - T_RNA - predicted=23
18:06:51.850 - INFO - TM_RNA - predicted=0
18:06:52.984 - INFO - R_RNA - contig=VFAKOQUE, start=102890, stop=104370, strand=-, gene=rrs, product=16S ribosomal RNA, length=1481, coverage=0.966, truncated=None, score=1275.4, evalue=2.0e-40, nt=[TGATATAAGA..TAAAAAAAAA]
18:06:52.985 - INFO - R_RNA - contig=VFAKOQUE, start=100050, stop=102797, strand=-, gene=rrl, product=23S ribosomal RNA, length=2748, coverage=0.939, truncated=None, score=2192.8, evalue=7.8e-05, nt=[ATTAGACAAA..AATCTATTAT]
18:06:52.985 - INFO - R_RNA - predicted=2
18:06:53.567 - INFO - NC_RNA - predicted=0
18:06:53.749 - INFO - NC_RNA_REGION - predicted=0
18:06:53.782 - INFO - CRISPR - predicted=0
18:06:53.782 - INFO - CDS - create prodigal training info object: meta=False, closed=False
18:06:53.883 - INFO - CDS - contig=VFAKOQUE, start=1, stop=1209, strand=+, frame=1, truncated=5-prime, start-type=Edge, RBS-motif=None
18:06:53.884 - INFO - CDS - contig=VFAKOQUE, start=1239, stop=1688, strand=+, frame=3, truncated=no, start-type=ATG, RBS-motif=None
18:06:53.884 - INFO - CDS - contig=VFAKOQUE, start=1690, stop=2277, strand=+, frame=1, truncated=no, start-type=ATG, RBS-motif=None
18:06:53.884 - INFO - CDS - contig=VFAKOQUE, start=2274, stop=2714, strand=+, frame=3, truncated=no, start-type=ATG, RBS-motif=None
18:06:53.884 - INFO - CDS - contig=VFAKOQUE, start=2798, stop=3157, strand=+, frame=2, truncated=no, start-type=ATG, RBS-motif=None
18:06:53.884 - INFO - CDS - contig=VFAKOQUE, start=3157, stop=6993, strand=+, frame=1, truncated=no, start-type=ATG, RBS-motif=None
18:06:53.884 - INFO - CDS - contig=VFAKOQUE, start=6990, stop=10925, strand=+, frame=3, truncated=no, start-type=ATG, RBS-motif=None
18:06:53.884 - INFO - CDS - contig=VFAKOQUE, start=10913, stop=11308, strand=+, frame=2, truncated=no, start-type=ATG, RBS-motif=None
18:06:53.884 - INFO - CDS - contig=VFAKOQUE, start=11289, stop=11762, strand=+, frame=3, truncated=no, start-type=ATG, RBS-motif=None
18:06:53.884 - INFO - CDS - contig=VFAKOQUE, start=11766, stop=13844, strand=+, frame=3, truncated=no, start-type=ATG, RBS-motif=None
18:06:53.884 - INFO - CDS - contig=VFAKOQUE, start=13876, stop=14178, strand=+, frame=1, truncated=no, start-type=ATG, RBS-motif=None
18:06:53.884 - INFO - CDS - contig=VFAKOQUE, start=14172, stop=14597, strand=+, frame=3, truncated=no, start-type=ATG, RBS-motif=None
18:06:53.884 - INFO - CDS - contig=VFAKOQUE, start=14766, stop=15209, strand=+, frame=3, truncated=no, start-type=ATG, RBS-motif=None
18:06:53.884 - INFO - CDS - contig=VFAKOQUE, start=15324, stop=16448, strand=+, frame=3, truncated=no, start-type=ATG, RBS-motif=None
18:06:53.884 - INFO - CDS - contig=VFAKOQUE, start=16482, stop=16859, strand=+, frame=3, truncated=no, start-type=ATG, RBS-motif=None
18:06:53.884 - INFO - CDS - contig=VFAKOQUE, start=16893, stop=17282, strand=+, frame=3, truncated=no, start-type=ATG, RBS-motif=None
18:06:53.884 - INFO - CDS - contig=VFAKOQUE, start=17272, stop=18093, strand=-, frame=1, truncated=no, start-type=ATG, RBS-motif=None
18:06:53.884 - INFO - CDS - contig=VFAKOQUE, start=18086, stop=18748, strand=-, frame=3, truncated=no, start-type=ATG, RBS-motif=None
18:06:53.884 - INFO - CDS - contig=VFAKOQUE, start=18741, stop=20129, strand=-, frame=2, truncated=no, start-type=ATG, RBS-motif=None
18:06:53.884 - INFO - CDS - contig=VFAKOQUE, start=20281, stop=21177, strand=+, frame=1, truncated=no, start-type=ATG, RBS-motif=None
18:06:53.884 - INFO - CDS - contig=VFAKOQUE, start=21174, stop=21716, strand=+, frame=3, truncated=no, start-type=ATG, RBS-motif=None
18:06:53.884 - INFO - CDS - contig=VFAKOQUE, start=21718, stop=22281, strand=-, frame=1, truncated=no, start-type=ATG, RBS-motif=None
18:06:53.884 - INFO - CDS - contig=VFAKOQUE, start=22550, stop=23623, strand=+, frame=2, truncated=no, start-type=ATG, RBS-motif=None
18:06:53.884 - INFO - CDS - contig=VFAKOQUE, start=23616, stop=24932, strand=-, frame=2, truncated=no, start-type=ATG, RBS-motif=None
18:06:53.884 - INFO - CDS - contig=VFAKOQUE, start=24913, stop=25632, strand=-, frame=1, truncated=no, start-type=ATG, RBS-motif=None
18:06:53.884 - INFO - CDS - contig=VFAKOQUE, start=25586, stop=26497, strand=-, frame=3, truncated=no, start-type=ATG, RBS-motif=None
18:06:53.884 - INFO - CDS - contig=VFAKOQUE, start=26509, stop=27450, strand=+, frame=1, truncated=no, start-type=TTG, RBS-motif=None
18:06:53.884 - INFO - CDS - contig=VFAKOQUE, start=27431, stop=28618, strand=+, frame=2, truncated=no, start-type=ATG, RBS-motif=None
18:06:53.884 - INFO - CDS - contig=VFAKOQUE, start=28698, stop=31130, strand=-, frame=2, truncated=no, start-type=ATG, RBS-motif=None
18:06:53.884 - INFO - CDS - contig=VFAKOQUE, start=31200, stop=33689, strand=+, frame=3, truncated=no, start-type=ATG, RBS-motif=None
18:06:53.884 - INFO - CDS - contig=VFAKOQUE, start=33957, stop=34667, strand=+, frame=3, truncated=no, start-type=ATG, RBS-motif=None
18:06:53.884 - INFO - CDS - contig=VFAKOQUE, start=34664, stop=35452, strand=+, frame=2, truncated=no, start-type=ATG, RBS-motif=None
18:06:53.884 - INFO - CDS - contig=VFAKOQUE, start=35628, stop=35726, strand=-, frame=2, truncated=no, start-type=ATG, RBS-motif=None
18:06:53.884 - INFO - CDS - contig=VFAKOQUE, start=35774, stop=37135, strand=-, frame=3, truncated=no, start-type=ATG, RBS-motif=None
18:06:53.884 - INFO - CDS - contig=VFAKOQUE, start=37429, stop=38814, strand=-, frame=1, truncated=no, start-type=ATG, RBS-motif=None
18:06:53.884 - INFO - CDS - contig=VFAKOQUE, start=38811, stop=39779, strand=-, frame=2, truncated=no, start-type=ATG, RBS-motif=None
18:06:53.884 - INFO - CDS - contig=VFAKOQUE, start=39783, stop=41249, strand=+, frame=3, truncated=no, start-type=ATG, RBS-motif=None
18:06:53.884 - INFO - CDS - contig=VFAKOQUE, start=41242, stop=42636, strand=+, frame=1, truncated=no, start-type=ATG, RBS-motif=None
18:06:53.884 - INFO - CDS - contig=VFAKOQUE, start=42900, stop=45920, strand=+, frame=3, truncated=no, start-type=ATG, RBS-motif=None
18:06:53.884 - INFO - CDS - contig=VFAKOQUE, start=45917, stop=46081, strand=+, frame=2, truncated=no, start-type=ATG, RBS-motif=None
18:06:53.884 - INFO - CDS - contig=VFAKOQUE, start=46203, stop=46358, strand=+, frame=3, truncated=no, start-type=GTG, RBS-motif=None
18:06:53.884 - INFO - CDS - contig=VFAKOQUE, start=46327, stop=47124, strand=+, frame=1, truncated=no, start-type=ATG, RBS-motif=None
18:06:53.884 - INFO - CDS - contig=VFAKOQUE, start=47114, stop=48181, strand=+, frame=2, truncated=no, start-type=ATG, RBS-motif=None
18:06:53.884 - INFO - CDS - contig=VFAKOQUE, start=48216, stop=48488, strand=+, frame=3, truncated=no, start-type=ATG, RBS-motif=None
18:06:53.884 - INFO - CDS - contig=VFAKOQUE, start=48469, stop=48690, strand=+, frame=1, truncated=no, start-type=ATG, RBS-motif=None
18:06:53.884 - INFO - CDS - contig=VFAKOQUE, start=49019, stop=49201, strand=+, frame=2, truncated=no, start-type=ATG, RBS-motif=None
18:06:53.884 - INFO - CDS - contig=VFAKOQUE, start=49319, stop=49900, strand=-, frame=3, truncated=no, start-type=GTG, RBS-motif=None
18:06:53.884 - INFO - CDS - contig=VFAKOQUE, start=49914, stop=51005, strand=+, frame=3, truncated=no, start-type=ATG, RBS-motif=None
18:06:53.884 - INFO - CDS - contig=VFAKOQUE, start=51002, stop=54148, strand=+, frame=2, truncated=no, start-type=ATG, RBS-motif=None
18:06:53.884 - INFO - CDS - contig=VFAKOQUE, start=54145, stop=54711, strand=+, frame=1, truncated=no, start-type=ATG, RBS-motif=None
18:06:53.884 - INFO - CDS - contig=VFAKOQUE, start=54701, stop=55270, strand=+, frame=2, truncated=no, start-type=ATG, RBS-motif=None
18:06:53.884 - INFO - CDS - contig=VFAKOQUE, start=55270, stop=56451, strand=+, frame=1, truncated=no, start-type=ATG, RBS-motif=None
18:06:53.884 - INFO - CDS - contig=VFAKOQUE, start=56546, stop=57430, strand=+, frame=2, truncated=no, start-type=ATG, RBS-motif=None
18:06:53.885 - INFO - CDS - contig=VFAKOQUE, start=57423, stop=58502, strand=+, frame=3, truncated=no, start-type=ATG, RBS-motif=None
18:06:53.885 - INFO - CDS - contig=VFAKOQUE, start=58678, stop=59310, strand=+, frame=1, truncated=no, start-type=ATG, RBS-motif=None
18:06:53.885 - INFO - CDS - contig=VFAKOQUE, start=59322, stop=60596, strand=+, frame=3, truncated=no, start-type=ATG, RBS-motif=None
18:06:53.885 - INFO - CDS - contig=VFAKOQUE, start=60584, stop=61573, strand=+, frame=2, truncated=no, start-type=ATG, RBS-motif=None
18:06:53.885 - INFO - CDS - contig=VFAKOQUE, start=61560, stop=62159, strand=+, frame=3, truncated=no, start-type=ATG, RBS-motif=None
18:06:53.885 - INFO - CDS - contig=VFAKOQUE, start=62159, stop=62776, strand=+, frame=2, truncated=no, start-type=ATG, RBS-motif=None
18:06:53.885 - INFO - CDS - contig=VFAKOQUE, start=62776, stop=63489, strand=+, frame=1, truncated=no, start-type=ATG, RBS-motif=None
18:06:53.885 - INFO - CDS - contig=VFAKOQUE, start=63482, stop=64237, strand=+, frame=2, truncated=no, start-type=ATG, RBS-motif=None
18:06:53.885 - INFO - CDS - contig=VFAKOQUE, start=64230, stop=64523, strand=+, frame=3, truncated=no, start-type=ATG, RBS-motif=None
18:06:53.885 - INFO - CDS - contig=VFAKOQUE, start=64516, stop=64806, strand=+, frame=1, truncated=no, start-type=ATG, RBS-motif=None
18:06:53.885 - INFO - CDS - contig=VFAKOQUE, start=64912, stop=65793, strand=+, frame=1, truncated=no, start-type=ATG, RBS-motif=None
18:06:53.885 - INFO - CDS - contig=VFAKOQUE, start=65843, stop=66190, strand=-, frame=3, truncated=no, start-type=ATG, RBS-motif=None
18:06:53.885 - INFO - CDS - contig=VFAKOQUE, start=66190, stop=66366, strand=-, frame=1, truncated=no, start-type=ATG, RBS-motif=None
18:06:53.885 - INFO - CDS - contig=VFAKOQUE, start=66320, stop=66811, strand=-, frame=3, truncated=no, start-type=ATG, RBS-motif=None
18:06:53.885 - INFO - CDS - contig=VFAKOQUE, start=66909, stop=67964, strand=-, frame=2, truncated=no, start-type=ATG, RBS-motif=None
18:06:53.885 - INFO - CDS - contig=VFAKOQUE, start=68071, stop=68175, strand=+, frame=1, truncated=no, start-type=ATG, RBS-motif=None
18:06:53.885 - INFO - CDS - contig=VFAKOQUE, start=68302, stop=68739, strand=+, frame=1, truncated=no, start-type=ATG, RBS-motif=None
18:06:53.885 - INFO - CDS - contig=VFAKOQUE, start=68717, stop=69253, strand=-, frame=3, truncated=no, start-type=ATG, RBS-motif=None
18:06:53.885 - INFO - CDS - contig=VFAKOQUE, start=69253, stop=70152, strand=-, frame=1, truncated=no, start-type=ATG, RBS-motif=None
18:06:53.885 - INFO - CDS - contig=VFAKOQUE, start=70183, stop=70971, strand=+, frame=1, truncated=no, start-type=ATG, RBS-motif=None
18:06:53.885 - INFO - CDS - contig=VFAKOQUE, start=70989, stop=72092, strand=+, frame=3, truncated=no, start-type=ATG, RBS-motif=None
18:06:53.885 - INFO - CDS - contig=VFAKOQUE, start=72089, stop=73438, strand=-, frame=3, truncated=no, start-type=ATG, RBS-motif=None
18:06:53.885 - INFO - CDS - contig=VFAKOQUE, start=73442, stop=74629, strand=-, frame=3, truncated=no, start-type=ATG, RBS-motif=None
18:06:53.885 - INFO - CDS - contig=VFAKOQUE, start=74629, stop=75840, strand=-, frame=1, truncated=no, start-type=GTG, RBS-motif=None
18:06:53.885 - INFO - CDS - contig=VFAKOQUE, start=75827, stop=76291, strand=-, frame=3, truncated=no, start-type=ATG, RBS-motif=None
18:06:53.885 - INFO - CDS - contig=VFAKOQUE, start=76293, stop=76652, strand=+, frame=3, truncated=no, start-type=ATG, RBS-motif=None
18:06:53.885 - INFO - CDS - contig=VFAKOQUE, start=76649, stop=76870, strand=+, frame=2, truncated=no, start-type=ATG, RBS-motif=None
18:06:53.885 - INFO - CDS - contig=VFAKOQUE, start=77058, stop=78359, strand=+, frame=3, truncated=no, start-type=ATG, RBS-motif=None
18:06:53.885 - INFO - CDS - contig=VFAKOQUE, start=78369, stop=80150, strand=+, frame=3, truncated=no, start-type=ATG, RBS-motif=None
18:06:53.885 - INFO - CDS - contig=VFAKOQUE, start=80220, stop=80507, strand=+, frame=3, truncated=no, start-type=ATG, RBS-motif=None
18:06:53.885 - INFO - CDS - contig=VFAKOQUE, start=80510, stop=82135, strand=+, frame=2, truncated=no, start-type=ATG, RBS-motif=None
18:06:53.885 - INFO - CDS - contig=VFAKOQUE, start=82172, stop=83476, strand=+, frame=2, truncated=no, start-type=ATG, RBS-motif=None
18:06:53.885 - INFO - CDS - contig=VFAKOQUE, start=83476, stop=84654, strand=+, frame=1, truncated=no, start-type=ATG, RBS-motif=None
18:06:53.885 - INFO - CDS - contig=VFAKOQUE, start=84643, stop=85596, strand=-, frame=1, truncated=no, start-type=ATG, RBS-motif=None
18:06:53.885 - INFO - CDS - contig=VFAKOQUE, start=85843, stop=85977, strand=+, frame=1, truncated=no, start-type=ATG, RBS-motif=None
18:06:53.885 - INFO - CDS - contig=VFAKOQUE, start=85974, stop=86108, strand=+, frame=3, truncated=no, start-type=ATG, RBS-motif=None
18:06:53.885 - INFO - CDS - contig=VFAKOQUE, start=86081, stop=86773, strand=+, frame=2, truncated=no, start-type=ATG, RBS-motif=None
18:06:53.885 - INFO - CDS - contig=VFAKOQUE, start=86756, stop=87829, strand=-, frame=3, truncated=no, start-type=ATG, RBS-motif=None
18:06:53.885 - INFO - CDS - contig=VFAKOQUE, start=87891, stop=89711, strand=-, frame=2, truncated=no, start-type=ATG, RBS-motif=None
18:06:53.885 - INFO - CDS - contig=VFAKOQUE, start=89711, stop=90163, strand=-, frame=3, truncated=no, start-type=ATG, RBS-motif=None
18:06:53.885 - INFO - CDS - contig=VFAKOQUE, start=90269, stop=91273, strand=+, frame=2, truncated=no, start-type=ATG, RBS-motif=None
18:06:53.885 - INFO - CDS - contig=VFAKOQUE, start=91263, stop=92216, strand=-, frame=2, truncated=no, start-type=ATG, RBS-motif=None
18:06:53.885 - INFO - CDS - contig=VFAKOQUE, start=92492, stop=94318, strand=-, frame=3, truncated=no, start-type=ATG, RBS-motif=None
18:06:53.885 - INFO - CDS - contig=VFAKOQUE, start=94312, stop=94920, strand=-, frame=1, truncated=no, start-type=ATG, RBS-motif=None
18:06:53.885 - INFO - CDS - contig=VFAKOQUE, start=94910, stop=96139, strand=-, frame=3, truncated=no, start-type=ATG, RBS-motif=None
18:06:53.885 - INFO - CDS - contig=VFAKOQUE, start=96084, stop=96857, strand=-, frame=2, truncated=no, start-type=ATG, RBS-motif=None
18:06:53.885 - INFO - CDS - contig=VFAKOQUE, start=96872, stop=97300, strand=+, frame=2, truncated=no, start-type=ATG, RBS-motif=None
18:06:53.885 - INFO - CDS - contig=VFAKOQUE, start=97293, stop=97538, strand=-, frame=2, truncated=no, start-type=ATG, RBS-motif=None
18:06:53.885 - INFO - CDS - contig=VFAKOQUE, start=97507, stop=97839, strand=-, frame=1, truncated=no, start-type=ATG, RBS-motif=None
18:06:53.885 - INFO - CDS - contig=VFAKOQUE, start=97836, stop=98489, strand=-, frame=2, truncated=no, start-type=ATG, RBS-motif=None
18:06:53.885 - INFO - CDS - contig=VFAKOQUE, start=98656, stop=99930, strand=+, frame=1, truncated=no, start-type=ATG, RBS-motif=None
18:06:53.885 - INFO - CDS - contig=VFAKOQUE, start=100508, stop=100606, strand=-, frame=3, truncated=no, start-type=ATG, RBS-motif=None
18:06:53.885 - INFO - CDS - contig=VFAKOQUE, start=103274, stop=103456, strand=-, frame=3, truncated=no, start-type=ATG, RBS-motif=None
18:06:53.885 - INFO - CDS - contig=VFAKOQUE, start=104444, stop=105010, strand=+, frame=2, truncated=no, start-type=ATG, RBS-motif=None
18:06:53.885 - INFO - CDS - contig=VFAKOQUE, start=104997, stop=105560, strand=+, frame=3, truncated=no, start-type=ATG, RBS-motif=None
18:06:53.885 - INFO - CDS - contig=VFAKOQUE, start=105557, stop=105766, strand=+, frame=2, truncated=no, start-type=ATG, RBS-motif=None
18:06:53.885 - INFO - CDS - contig=VFAKOQUE, start=105759, stop=106577, strand=+, frame=3, truncated=no, start-type=ATG, RBS-motif=None
18:06:53.885 - INFO - CDS - contig=VFAKOQUE, start=106564, stop=106827, strand=+, frame=1, truncated=no, start-type=ATG, RBS-motif=None
18:06:53.885 - INFO - CDS - contig=VFAKOQUE, start=106827, stop=107147, strand=+, frame=3, truncated=no, start-type=ATG, RBS-motif=None
18:06:53.885 - INFO - CDS - contig=VFAKOQUE, start=107137, stop=107745, strand=+, frame=1, truncated=no, start-type=ATG, RBS-motif=None
18:06:53.885 - INFO - CDS - contig=VFAKOQUE, start=107730, stop=108173, strand=+, frame=3, truncated=no, start-type=GTG, RBS-motif=None
18:06:53.885 - INFO - CDS - contig=VFAKOQUE, start=108175, stop=108327, strand=+, frame=1, truncated=no, start-type=ATG, RBS-motif=None
18:06:53.885 - INFO - CDS - contig=VFAKOQUE, start=108287, stop=108514, strand=+, frame=2, truncated=no, start-type=ATG, RBS-motif=None
18:06:53.885 - INFO - CDS - contig=VFAKOQUE, start=108511, stop=108876, strand=+, frame=1, truncated=no, start-type=ATG, RBS-motif=None
18:06:53.885 - INFO - CDS - contig=VFAKOQUE, start=108884, stop=109435, strand=+, frame=2, truncated=no, start-type=ATG, RBS-motif=None
18:06:53.885 - INFO - CDS - contig=VFAKOQUE, start=109386, stop=109736, strand=+, frame=3, truncated=no, start-type=ATG, RBS-motif=None
18:06:53.885 - INFO - CDS - contig=VFAKOQUE, start=109739, stop=110116, strand=+, frame=2, truncated=no, start-type=ATG, RBS-motif=None
18:06:53.885 - INFO - CDS - contig=VFAKOQUE, start=110109, stop=110642, strand=+, frame=3, truncated=no, start-type=ATG, RBS-motif=None
18:06:53.885 - INFO - CDS - contig=VFAKOQUE, start=110668, stop=110964, strand=+, frame=1, truncated=no, start-type=ATG, RBS-motif=None
18:06:53.885 - INFO - CDS - contig=VFAKOQUE, start=110966, stop=111394, strand=+, frame=2, truncated=no, start-type=ATG, RBS-motif=None
18:06:53.886 - INFO - CDS - contig=VFAKOQUE, start=111381, stop=111776, strand=+, frame=3, truncated=no, start-type=ATG, RBS-motif=None
18:06:53.886 - INFO - CDS - contig=VFAKOQUE, start=111776, stop=111991, strand=+, frame=2, truncated=no, start-type=ATG, RBS-motif=None
18:06:53.886 - INFO - CDS - contig=VFAKOQUE, start=111988, stop=112101, strand=+, frame=1, truncated=no, start-type=ATG, RBS-motif=None
18:06:53.886 - INFO - CDS - contig=VFAKOQUE, start=112098, stop=112454, strand=+, frame=3, truncated=no, start-type=ATG, RBS-motif=None
18:06:53.886 - INFO - CDS - contig=VFAKOQUE, start=112444, stop=112794, strand=+, frame=1, truncated=no, start-type=ATG, RBS-motif=None
18:06:53.886 - INFO - CDS - contig=VFAKOQUE, start=112794, stop=113357, strand=+, frame=3, truncated=no, start-type=ATG, RBS-motif=None
18:06:53.886 - INFO - CDS - contig=VFAKOQUE, start=113354, stop=114241, strand=+, frame=2, truncated=no, start-type=ATG, RBS-motif=None
18:06:53.886 - INFO - CDS - contig=VFAKOQUE, start=114231, stop=114524, strand=+, frame=3, truncated=no, start-type=ATG, RBS-motif=None
18:06:53.886 - INFO - CDS - contig=VFAKOQUE, start=114521, stop=115660, strand=-, frame=3, truncated=no, start-type=ATG, RBS-motif=None
18:06:53.886 - INFO - CDS - contig=VFAKOQUE, start=115661, stop=116080, strand=+, frame=2, truncated=no, start-type=ATG, RBS-motif=None
18:06:53.886 - INFO - CDS - contig=VFAKOQUE, start=116082, stop=117113, strand=+, frame=3, truncated=no, start-type=ATG, RBS-motif=None
18:06:53.886 - INFO - CDS - truncated CDS: contig=VFAKOQUE, start=1, stop=1209, strand=+, frame=1, truncated=5-prime, start-type=Edge, RBS-motif=None, aa-hexdigest=ed1fd758506f97f0e418d4d41024d7bb, aa=[MKQKFTRNKI..VIDINIRDIS]
18:06:53.886 - INFO - CDS - contig=VFAKOQUE, start=1239, stop=1688, strand=+, nt=[ATGAAGGTTC..AAAATTTTAA]
18:06:53.886 - INFO - CDS - contig=VFAKOQUE, start=1690, stop=2277, strand=+, nt=[ATGGATAGTT..AGTTATATGA]
18:06:53.886 - INFO - CDS - contig=VFAKOQUE, start=2274, stop=2714, strand=+, nt=[ATGATTAATG..ACTAGGTTAA]
18:06:53.886 - INFO - CDS - contig=VFAKOQUE, start=2798, stop=3157, strand=+, nt=[ATGAATTTAA..GTTGAAATAA]
18:06:53.886 - INFO - CDS - contig=VFAKOQUE, start=3157, stop=6993, strand=+, nt=[ATGTTTAATT..ATTATTATGA]
18:06:53.886 - INFO - CDS - contig=VFAKOQUE, start=6990, stop=10925, strand=+, nt=[ATGAAGGAAT..CCTACTATAA]
18:06:53.886 - INFO - CDS - contig=VFAKOQUE, start=10913, stop=11308, strand=+, nt=[ATGCCTACTA..AGAAAAGTAA]
18:06:53.886 - INFO - CDS - contig=VFAKOQUE, start=11289, stop=11762, strand=+, nt=[ATGTCAAGAA..TTCATTTTAA]
18:06:53.886 - INFO - CDS - contig=VFAKOQUE, start=11766, stop=13844, strand=+, nt=[ATGATTGATA..AAAAAATTAA]
18:06:53.886 - INFO - CDS - contig=VFAKOQUE, start=13876, stop=14178, strand=+, nt=[ATGAAATTTA..ACGATGTTAG]
18:06:53.886 - INFO - CDS - contig=VFAKOQUE, start=14172, stop=14597, strand=+, nt=[ATGTTAGTTA..TAAAAATTGA]
18:06:53.886 - INFO - CDS - contig=VFAKOQUE, start=14766, stop=15209, strand=+, nt=[ATGATAAAAA..AAGTGCTTGA]
18:06:53.886 - INFO - CDS - contig=VFAKOQUE, start=15324, stop=16448, strand=+, nt=[ATGTTTATAG..CAGTATATGA]
18:06:53.886 - INFO - CDS - contig=VFAKOQUE, start=16482, stop=16859, strand=+, nt=[ATGATTAAAT..AGAATTTTAA]
18:06:53.886 - INFO - CDS - contig=VFAKOQUE, start=16893, stop=17282, strand=+, nt=[ATGATAGGTA..TAAACGTTGA]
18:06:53.886 - INFO - CDS - contig=VFAKOQUE, start=17272, stop=18093, strand=-, nt=[ATGACTAATT..CAACGTTTAG]
18:06:53.886 - INFO - CDS - contig=VFAKOQUE, start=18086, stop=18748, strand=-, nt=[ATGATTAAAA..CTATGACTAA]
18:06:53.886 - INFO - CDS - contig=VFAKOQUE, start=18741, stop=20129, strand=-, nt=[ATGATTAATA..TCATGATTAA]
18:06:53.886 - INFO - CDS - contig=VFAKOQUE, start=20281, stop=21177, strand=+, nt=[ATGTTCTACA..ATTTAAATGA]
18:06:53.886 - INFO - CDS - contig=VFAKOQUE, start=21174, stop=21716, strand=+, nt=[ATGATTAGAC..TTTGAAGTAA]
18:06:53.886 - INFO - CDS - contig=VFAKOQUE, start=21718, stop=22281, strand=-, nt=[ATGATAAAAA..AAAAAAATAA]
18:06:53.886 - INFO - CDS - contig=VFAKOQUE, start=22550, stop=23623, strand=+, nt=[ATGCCAAGAT..TTTTAATTAA]
18:06:53.886 - INFO - CDS - contig=VFAKOQUE, start=23616, stop=24932, strand=-, nt=[ATGAAAAATA..AATTAATTAA]
18:06:53.886 - INFO - CDS - contig=VFAKOQUE, start=24913, stop=25632, strand=-, nt=[ATGATTACGA..TAATAAATAA]
18:06:53.886 - INFO - CDS - contig=VFAKOQUE, start=25586, stop=26497, strand=-, nt=[ATGATAAAGG..ACAAAAATAA]
18:06:53.886 - INFO - CDS - contig=VFAKOQUE, start=26509, stop=27450, strand=+, nt=[TTGTTTAAAA..TCATTCATAA]
18:06:53.886 - INFO - CDS - contig=VFAKOQUE, start=27431, stop=28618, strand=+, nt=[ATGGCGATTT..TAATCTATAG]
18:06:53.886 - INFO - CDS - contig=VFAKOQUE, start=28698, stop=31130, strand=-, nt=[ATGATAAAAT..ATATTTTTAA]
18:06:53.886 - INFO - CDS - contig=VFAKOQUE, start=31200, stop=33689, strand=+, nt=[ATGAATATAT..TTTATATTAA]
18:06:53.886 - INFO - CDS - contig=VFAKOQUE, start=33957, stop=34667, strand=+, nt=[ATGGATTATT..GTTATTATGA]
18:06:53.886 - INFO - CDS - contig=VFAKOQUE, start=34664, stop=35452, strand=+, nt=[ATGAAGAAAA..TACTTGTTAA]
18:06:53.886 - INFO - CDS - contig=VFAKOQUE, start=35628, stop=35726, strand=-, nt=[ATGATAAAAA..CCATATTTAA]
18:06:53.886 - INFO - CDS - contig=VFAKOQUE, start=35774, stop=37135, strand=-, nt=[ATGAAAAAAT..GATAAAATGA]
18:06:53.886 - INFO - CDS - contig=VFAKOQUE, start=37429, stop=38814, strand=-, nt=[ATGAAAAAAT..TTTCAGATAA]
18:06:53.886 - INFO - CDS - contig=VFAKOQUE, start=38811, stop=39779, strand=-, nt=[ATGGCTGTCT..AAAAATATGA]
18:06:53.886 - INFO - CDS - contig=VFAKOQUE, start=39783, stop=41249, strand=+, nt=[ATGAATTTTT..AAATGAATGA]
18:06:53.886 - INFO - CDS - contig=VFAKOQUE, start=41242, stop=42636, strand=+, nt=[ATGAATGAAA..AGGTCGTTAG]
18:06:53.886 - INFO - CDS - contig=VFAKOQUE, start=42900, stop=45920, strand=+, nt=[ATGTTTATTA..TTTAAAATGA]
18:06:53.886 - INFO - CDS - contig=VFAKOQUE, start=45917, stop=46081, strand=+, nt=[ATGAATTCCA..AAAAGATTAA]
18:06:53.886 - INFO - CDS - contig=VFAKOQUE, start=46203, stop=46358, strand=+, nt=[GTGGGTTCGA..TTCCCTTTAA]
18:06:53.886 - INFO - CDS - contig=VFAKOQUE, start=46327, stop=47124, strand=+, nt=[ATGAATTATT..TGATTATTAA]
18:06:53.886 - INFO - CDS - contig=VFAKOQUE, start=47114, stop=48181, strand=+, nt=[ATGATTATTA..ATTCATTTAG]
18:06:53.886 - INFO - CDS - contig=VFAKOQUE, start=48216, stop=48488, strand=+, nt=[ATGTTCCGTG..TGTATCCTAA]
18:06:53.886 - INFO - CDS - contig=VFAKOQUE, start=48469, stop=48690, strand=+, nt=[ATGAGTTTAC..TTTTAACTAA]
18:06:53.886 - INFO - CDS - contig=VFAKOQUE, start=49019, stop=49201, strand=+, nt=[ATGATAGCTT..AAATAAGTGA]
18:06:53.886 - INFO - CDS - contig=VFAKOQUE, start=49319, stop=49900, strand=-, nt=[GTGGCTTTAG..CTTAAAGTAA]
18:06:53.886 - INFO - CDS - contig=VFAKOQUE, start=49914, stop=51005, strand=+, nt=[ATGTTTTTAA..TGTTAAATGA]
18:06:53.886 - INFO - CDS - contig=VFAKOQUE, start=51002, stop=54148, strand=+, nt=[ATGAATAATA..TTTGGTATGA]
18:06:53.886 - INFO - CDS - contig=VFAKOQUE, start=54145, stop=54711, strand=+, nt=[ATGAACTTTT..TGACATATAA]
18:06:53.886 - INFO - CDS - contig=VFAKOQUE, start=54701, stop=55270, strand=+, nt=[ATGACATATA..AATCGTTTAA]
18:06:53.886 - INFO - CDS - contig=VFAKOQUE, start=55270, stop=56451, strand=+, nt=[ATGATTATTT..TTATTTTTAG]
18:06:53.886 - INFO - CDS - contig=VFAKOQUE, start=56546, stop=57430, strand=+, nt=[ATGTTTAGTA..TTATGCTTAG]
18:06:53.886 - INFO - CDS - contig=VFAKOQUE, start=57423, stop=58502, strand=+, nt=[ATGCTTAGAA..TTTAAGTTAA]
18:06:53.886 - INFO - CDS - contig=VFAKOQUE, start=58678, stop=59310, strand=+, nt=[ATGATTATAG..CAAGTTTTAA]
18:06:53.886 - INFO - CDS - contig=VFAKOQUE, start=59322, stop=60596, strand=+, nt=[ATGATTTTAA..GTTAATTTAA]
18:06:53.886 - INFO - CDS - contig=VFAKOQUE, start=60584, stop=61573, strand=+, nt=[ATGGTTAATT..TTTTAATTAA]
18:06:53.886 - INFO - CDS - contig=VFAKOQUE, start=61560, stop=62159, strand=+, nt=[ATGATTTTAA..TAAGTTTTAA]
18:06:53.886 - INFO - CDS - contig=VFAKOQUE, start=62159, stop=62776, strand=+, nt=[ATGATTATAG..TTGGAATTAA]
18:06:53.886 - INFO - CDS - contig=VFAKOQUE, start=62776, stop=63489, strand=+, nt=[ATGATTTTCA..TAATGTTTAG]
18:06:53.886 - INFO - CDS - contig=VFAKOQUE, start=63482, stop=64237, strand=+, nt=[ATGTTTAGTA..GTATGATTAA]
18:06:53.886 - INFO - CDS - contig=VFAKOQUE, start=64230, stop=64523, strand=+, nt=[ATGATTAATT..TCATGTATGA]
18:06:53.886 - INFO - CDS - contig=VFAKOQUE, start=64516, stop=64806, strand=+, nt=[ATGTATGATG..GAGTAAGTAA]
18:06:53.886 - INFO - CDS - contig=VFAKOQUE, start=64912, stop=65793, strand=+, nt=[ATGAATTATT..CTGTGCGTGA]
18:06:53.886 - INFO - CDS - contig=VFAKOQUE, start=65843, stop=66190, strand=-, nt=[ATGGCTCGAG..GGGTTGTTAG]
18:06:53.886 - INFO - CDS - contig=VFAKOQUE, start=66190, stop=66366, strand=-, nt=[ATGGGAAAAT..ATTAATATAA]
18:06:53.886 - INFO - CDS - contig=VFAKOQUE, start=66320, stop=66811, strand=-, nt=[ATGTTAATAA..GAATCATTGA]
18:06:53.886 - INFO - CDS - contig=VFAKOQUE, start=66909, stop=67964, strand=-, nt=[ATGAGTAATA..TTTCTATTAG]
18:06:53.886 - INFO - CDS - contig=VFAKOQUE, start=68071, stop=68175, strand=+, nt=[ATGAAAATTG..TAGGAGATAA]
18:06:53.886 - INFO - CDS - contig=VFAKOQUE, start=68302, stop=68739, strand=+, nt=[ATGGTATTAT..TGTTGAATAG]
18:06:53.886 - INFO - CDS - contig=VFAKOQUE, start=68717, stop=69253, strand=-, nt=[ATGATAAATA..TAATTCTTAA]
18:06:53.886 - INFO - CDS - contig=VFAKOQUE, start=69253, stop=70152, strand=-, nt=[ATGCCAAATC..AATAAAATAA]
18:06:53.886 - INFO - CDS - contig=VFAKOQUE, start=70183, stop=70971, strand=+, nt=[ATGAAAAAGG..ATATGTTTAA]
18:06:53.886 - INFO - CDS - contig=VFAKOQUE, start=70989, stop=72092, strand=+, nt=[ATGATTAATT..TATTAATTAA]
18:06:53.886 - INFO - CDS - contig=VFAKOQUE, start=72089, stop=73438, strand=-, nt=[ATGTATACAT..CAAAATTTAA]
18:06:53.886 - INFO - CDS - contig=VFAKOQUE, start=73442, stop=74629, strand=-, nt=[ATGATAAAAT..AAAAATATGA]
18:06:53.886 - INFO - CDS - contig=VFAKOQUE, start=74629, stop=75840, strand=-, nt=[GTGAAAGATT..ATTCTATTAA]
18:06:53.886 - INFO - CDS - contig=VFAKOQUE, start=75827, stop=76291, strand=-, nt=[ATGTTTTATT..AAGATTATAA]
18:06:53.886 - INFO - CDS - contig=VFAKOQUE, start=76293, stop=76652, strand=+, nt=[ATGAATAAAG..ATCTAAATGA]
18:06:53.886 - INFO - CDS - contig=VFAKOQUE, start=76649, stop=76870, strand=+, nt=[ATGAAAATAT..TAAAATATAA]
18:06:53.886 - INFO - CDS - contig=VFAKOQUE, start=77058, stop=78359, strand=+, nt=[ATGAGAGAAA..AGGTAAATAG]
18:06:53.886 - INFO - CDS - contig=VFAKOQUE, start=78369, stop=80150, strand=+, nt=[ATGTTTTACG..ATATCAGTAG]
18:06:53.886 - INFO - CDS - contig=VFAKOQUE, start=80220, stop=80507, strand=+, nt=[ATGGAAATTA..AAAGAAATAA]
18:06:53.886 - INFO - CDS - contig=VFAKOQUE, start=80510, stop=82135, strand=+, nt=[ATGACTTATA..TACCCAGTAA]
18:06:53.886 - INFO - CDS - contig=VFAKOQUE, start=82172, stop=83476, strand=+, nt=[ATGAATTTAA..TTTATATTAA]
18:06:53.887 - INFO - CDS - contig=VFAKOQUE, start=83476, stop=84654, strand=+, nt=[ATGTTTATAA..AGAAAATTAG]
18:06:53.887 - INFO - CDS - contig=VFAKOQUE, start=84643, stop=85596, strand=-, nt=[ATGAAGGAAT..AATTTTCTAG]
18:06:53.887 - INFO - CDS - contig=VFAKOQUE, start=85843, stop=85977, strand=+, nt=[ATGAAGGAAT..CAGGTTATGA]
18:06:53.887 - INFO - CDS - contig=VFAKOQUE, start=85974, stop=86108, strand=+, nt=[ATGAAGAGAA..AAGTTGTTGA]
18:06:53.887 - INFO - CDS - contig=VFAKOQUE, start=86081, stop=86773, strand=+, nt=[ATGTGGAAGA..TAGCTTTTAA]
18:06:53.887 - INFO - CDS - contig=VFAKOQUE, start=86756, stop=87829, strand=-, nt=[ATGCAAAAAA..TATTCTTTAA]
18:06:53.887 - INFO - CDS - contig=VFAKOQUE, start=87891, stop=89711, strand=-, nt=[ATGGAAAAAA..CAAAAAATAA]
18:06:53.887 - INFO - CDS - contig=VFAKOQUE, start=89711, stop=90163, strand=-, nt=[ATGAATAACT..AATTCAATAA]
18:06:53.887 - INFO - CDS - contig=VFAKOQUE, start=90269, stop=91273, strand=+, nt=[ATGGATAAAT..TAATTTGTAA]
18:06:53.887 - INFO - CDS - contig=VFAKOQUE, start=91263, stop=92216, strand=-, nt=[ATGTCCATAA..TACAAATTAA]
18:06:53.887 - INFO - CDS - contig=VFAKOQUE, start=92492, stop=94318, strand=-, nt=[ATGCTAAAAA..AATAAATTAA]
18:06:53.887 - INFO - CDS - contig=VFAKOQUE, start=94312, stop=94920, strand=-, nt=[ATGTCAATTA..AAAATGCTAA]
18:06:53.887 - INFO - CDS - contig=VFAKOQUE, start=94910, stop=96139, strand=-, nt=[ATGACCAATT..TGTCAATTAA]
18:06:53.887 - INFO - CDS - contig=VFAKOQUE, start=96084, stop=96857, strand=-, nt=[ATGAATGAAA..CAAAAGGTAA]
18:06:53.887 - INFO - CDS - contig=VFAKOQUE, start=96872, stop=97300, strand=+, nt=[ATGAAAAAAA..TATTAAATAA]
18:06:53.887 - INFO - CDS - contig=VFAKOQUE, start=97293, stop=97538, strand=-, nt=[ATGGCGAAAA..AATTATTTAA]
18:06:53.887 - INFO - CDS - contig=VFAKOQUE, start=97507, stop=97839, strand=-, nt=[ATGATATTAA..GATCACTTAA]
18:06:53.887 - INFO - CDS - contig=VFAKOQUE, start=97836, stop=98489, strand=-, nt=[ATGTTATTTA..TAAAAAATGA]
18:06:53.887 - INFO - CDS - contig=VFAKOQUE, start=98656, stop=99930, strand=+, nt=[ATGAAAATTA..ATTATATTAA]
18:06:53.887 - INFO - CDS - contig=VFAKOQUE, start=100508, stop=100606, strand=-, nt=[ATGGCTCATG..TATCGCTTAA]
18:06:53.887 - INFO - CDS - contig=VFAKOQUE, start=103274, stop=103456, strand=-, nt=[ATGTGGATTA..ATTTTTTTAA]
18:06:53.887 - INFO - CDS - contig=VFAKOQUE, start=104444, stop=105010, strand=+, nt=[ATGAAGAAAT..GAAAATTTAA]
18:06:53.887 - INFO - CDS - contig=VFAKOQUE, start=104997, stop=105560, strand=+, nt=[ATGAGAAAAT..TTTTAAATGA]
18:06:53.887 - INFO - CDS - contig=VFAKOQUE, start=105557, stop=105766, strand=+, nt=[ATGATATTAT..TTATGATTAA]
18:06:53.887 - INFO - CDS - contig=VFAKOQUE, start=105759, stop=106577, strand=+, nt=[ATGATTAAGA..AAGTAAATAA]
18:06:53.887 - INFO - CDS - contig=VFAKOQUE, start=106564, stop=106827, strand=+, nt=[ATGAAAGTAA..GATTAATTAA]
18:06:53.887 - INFO - CDS - contig=VFAKOQUE, start=106827, stop=107147, strand=+, nt=[ATGATTTGTG..TGGGAAATAA]
18:06:53.887 - INFO - CDS - contig=VFAKOQUE, start=107137, stop=107745, strand=+, nt=[ATGGGAAATA..TTTTATTTGA]
18:06:53.887 - INFO - CDS - contig=VFAKOQUE, start=107730, stop=108173, strand=+, nt=[GTGGTTTTTT..TTTGAATTAA]
18:06:53.887 - INFO - CDS - contig=VFAKOQUE, start=108175, stop=108327, strand=+, nt=[ATGATTGTTT..GTTCAAGTAA]
18:06:53.887 - INFO - CDS - contig=VFAKOQUE, start=108287, stop=108514, strand=+, nt=[ATGAAAAAAG..TTTATCATGA]
18:06:53.887 - INFO - CDS - contig=VFAKOQUE, start=108511, stop=108876, strand=+, nt=[ATGATTTATC..TGTAATATAA]
18:06:53.887 - INFO - CDS - contig=VFAKOQUE, start=108884, stop=109435, strand=+, nt=[ATGTATATAT..TAATGTCTAA]
18:06:53.887 - INFO - CDS - contig=VFAKOQUE, start=109386, stop=109736, strand=+, nt=[ATGCTTATAT..TACGTGGTGA]
18:06:53.887 - INFO - CDS - contig=VFAKOQUE, start=109739, stop=110116, strand=+, nt=[ATGTATGATA..ATATGTCTAA]
18:06:53.887 - INFO - CDS - contig=VFAKOQUE, start=110109, stop=110642, strand=+, nt=[ATGTCTAAAA..AAAAAAATAA]
18:06:53.887 - INFO - CDS - contig=VFAKOQUE, start=110668, stop=110964, strand=+, nt=[ATGGAAAACT..TTTTATTTAG]
18:06:53.887 - INFO - CDS - contig=VFAKOQUE, start=110966, stop=111394, strand=+, nt=[ATGATTAAAA..TAAATTTTGA]
18:06:53.887 - INFO - CDS - contig=VFAKOQUE, start=111381, stop=111776, strand=+, nt=[ATGATAAATT..TAACTATTAA]
18:06:53.887 - INFO - CDS - contig=VFAKOQUE, start=111776, stop=111991, strand=+, nt=[ATGATTAAAA..TATTAAATGA]
18:06:53.887 - INFO - CDS - contig=VFAKOQUE, start=111988, stop=112101, strand=+, nt=[ATGAAGGTTA..ACAAGGATGA]
18:06:53.887 - INFO - CDS - contig=VFAKOQUE, start=112098, stop=112454, strand=+, nt=[ATGAATATAA..TGACTTCTGA]
18:06:53.887 - INFO - CDS - contig=VFAKOQUE, start=112444, stop=112794, strand=+, nt=[ATGACTTCTG..AAGAGTATAA]
18:06:53.887 - INFO - CDS - contig=VFAKOQUE, start=112794, stop=113357, strand=+, nt=[ATGATTAAAA..TTATAGATGA]
18:06:53.887 - INFO - CDS - contig=VFAKOQUE, start=113354, stop=114241, strand=+, nt=[ATGATTTCTT..TGAGACATAG]
18:06:53.887 - INFO - CDS - contig=VFAKOQUE, start=114231, stop=114524, strand=+, nt=[ATGAGACATA..GTTATTTTAA]
18:06:53.887 - INFO - CDS - contig=VFAKOQUE, start=114521, stop=115660, strand=-, nt=[ATGAAAAAAT..AATTATTTAA]
18:06:53.887 - INFO - CDS - contig=VFAKOQUE, start=115661, stop=116080, strand=+, nt=[ATGTTTCGTT..TTTATCTTAA]
18:06:53.887 - INFO - CDS - contig=VFAKOQUE, start=116082, stop=117113, strand=+, nt=[ATGATTAATG..TTGTTTTTAA]
18:06:53.887 - INFO - CDS - contig=VFAKOQUE, start=1, stop=1209, strand=+, nt=[ATGAAGCAGA..TATTTCTTAA]
18:06:53.901 - INFO - CDS - predicted=134
18:06:53.948 - INFO - ORF - discarded=0
18:06:54.020 - INFO - UPS - looked-up=0
18:06:54.021 - INFO - IPS - looked-up=0
18:06:54.022 - INFO - ORF - write internal aa seqs: # seqs=134, path=/tmp/tmp0y7eukja/cds.psc.faa
18:07:33.298 - INFO - PSC - found: PSC=0, PSCC=25
18:07:33.315 - INFO - PSC - looked-up=25
18:07:33.320 - INFO - PSCC - looked-up=24
18:07:33.320 - INFO - ORF - write internal aa seqs: # seqs=134, path=/tmp/tmp0y7eukja/cds.expert.faa
18:07:33.874 - INFO - EXPERT-AMRFINDER - found=0
18:07:34.360 - INFO - EXPERT_AA_SEQ - found=0
18:07:34.360 - INFO - ANNOTATION - marked as hypothetical: contig=VFAKOQUE, start=1239, stop=1688, strand=+
18:07:34.360 - INFO - ANNOTATION - marked as hypothetical: contig=VFAKOQUE, start=1690, stop=2277, strand=+
18:07:34.360 - INFO - ANNOTATION - marked as hypothetical: contig=VFAKOQUE, start=2274, stop=2714, strand=+
18:07:34.360 - INFO - ANNOTATION - marked as hypothetical: contig=VFAKOQUE, start=2798, stop=3157, strand=+
18:07:34.360 - INFO - ANNOTATION - marked as hypothetical: contig=VFAKOQUE, start=3157, stop=6993, strand=+
18:07:34.360 - INFO - ANNOTATION - marked as hypothetical: contig=VFAKOQUE, start=6990, stop=10925, strand=+
18:07:34.360 - INFO - ANNOTATION - marked as hypothetical: contig=VFAKOQUE, start=10913, stop=11308, strand=+
18:07:34.360 - INFO - ANNOTATION - marked as hypothetical: contig=VFAKOQUE, start=11289, stop=11762, strand=+
18:07:34.360 - INFO - ANNOTATION - marked as hypothetical: contig=VFAKOQUE, start=13876, stop=14178, strand=+
18:07:34.360 - INFO - ANNOTATION - marked as hypothetical: contig=VFAKOQUE, start=14172, stop=14597, strand=+
18:07:34.360 - INFO - ANNOTATION - marked as hypothetical: contig=VFAKOQUE, start=14766, stop=15209, strand=+
18:07:34.360 - INFO - ANNOTATION - marked as hypothetical: contig=VFAKOQUE, start=15324, stop=16448, strand=+
18:07:34.360 - INFO - ANNOTATION - marked as hypothetical: contig=VFAKOQUE, start=16482, stop=16859, strand=+
18:07:34.360 - INFO - ANNOTATION - marked as hypothetical: contig=VFAKOQUE, start=16893, stop=17282, strand=+
18:07:34.360 - INFO - ANNOTATION - marked as hypothetical: contig=VFAKOQUE, start=17272, stop=18093, strand=-
18:07:34.360 - INFO - ANNOTATION - marked as hypothetical: contig=VFAKOQUE, start=18086, stop=18748, strand=-
18:07:34.360 - INFO - ANNOTATION - marked as hypothetical: contig=VFAKOQUE, start=18741, stop=20129, strand=-
18:07:34.360 - INFO - ANNOTATION - marked as hypothetical: contig=VFAKOQUE, start=20281, stop=21177, strand=+
18:07:34.360 - INFO - ANNOTATION - marked as hypothetical: contig=VFAKOQUE, start=21174, stop=21716, strand=+
18:07:34.360 - INFO - ANNOTATION - marked as hypothetical: contig=VFAKOQUE, start=21718, stop=22281, strand=-
18:07:34.360 - INFO - ANNOTATION - marked as hypothetical: contig=VFAKOQUE, start=22550, stop=23623, strand=+
18:07:34.360 - INFO - ANNOTATION - marked as hypothetical: contig=VFAKOQUE, start=23616, stop=24932, strand=-
18:07:34.360 - INFO - ANNOTATION - marked as hypothetical: contig=VFAKOQUE, start=24913, stop=25632, strand=-
18:07:34.360 - INFO - ANNOTATION - marked as hypothetical: contig=VFAKOQUE, start=25586, stop=26497, strand=-
18:07:34.360 - INFO - ANNOTATION - marked as hypothetical: contig=VFAKOQUE, start=26509, stop=27450, strand=+
18:07:34.360 - INFO - ANNOTATION - marked as hypothetical: contig=VFAKOQUE, start=27431, stop=28618, strand=+
18:07:34.360 - INFO - ANNOTATION - marked as hypothetical: contig=VFAKOQUE, start=28698, stop=31130, strand=-
18:07:34.360 - INFO - ANNOTATION - marked as hypothetical: contig=VFAKOQUE, start=31200, stop=33689, strand=+
18:07:34.360 - INFO - ANNOTATION - marked as hypothetical: contig=VFAKOQUE, start=33957, stop=34667, strand=+
18:07:34.360 - INFO - ANNOTATION - marked as hypothetical: contig=VFAKOQUE, start=34664, stop=35452, strand=+
18:07:34.360 - INFO - ANNOTATION - marked as hypothetical: contig=VFAKOQUE, start=35628, stop=35726, strand=-
18:07:34.360 - INFO - ANNOTATION - marked as hypothetical: contig=VFAKOQUE, start=35774, stop=37135, strand=-
18:07:34.360 - INFO - ANNOTATION - marked as hypothetical: contig=VFAKOQUE, start=37429, stop=38814, strand=-
18:07:34.360 - INFO - ANNOTATION - marked as hypothetical: contig=VFAKOQUE, start=38811, stop=39779, strand=-
18:07:34.360 - INFO - ANNOTATION - marked as hypothetical: contig=VFAKOQUE, start=39783, stop=41249, strand=+
18:07:34.360 - INFO - ANNOTATION - marked as hypothetical: contig=VFAKOQUE, start=41242, stop=42636, strand=+
18:07:34.360 - INFO - ANNOTATION - marked as hypothetical: contig=VFAKOQUE, start=42900, stop=45920, strand=+
18:07:34.360 - INFO - ANNOTATION - marked as hypothetical: contig=VFAKOQUE, start=45917, stop=46081, strand=+
18:07:34.360 - INFO - ANNOTATION - marked as hypothetical: contig=VFAKOQUE, start=46203, stop=46358, strand=+
18:07:34.360 - INFO - ANNOTATION - marked as hypothetical: contig=VFAKOQUE, start=46327, stop=47124, strand=+
18:07:34.360 - INFO - ANNOTATION - marked as hypothetical: contig=VFAKOQUE, start=47114, stop=48181, strand=+
18:07:34.360 - INFO - ANNOTATION - marked as hypothetical: contig=VFAKOQUE, start=48216, stop=48488, strand=+
18:07:34.360 - INFO - ANNOTATION - marked as hypothetical: contig=VFAKOQUE, start=48469, stop=48690, strand=+
18:07:34.360 - INFO - ANNOTATION - marked as hypothetical: contig=VFAKOQUE, start=49019, stop=49201, strand=+
18:07:34.360 - INFO - ANNOTATION - marked as hypothetical: contig=VFAKOQUE, start=49914, stop=51005, strand=+
18:07:34.360 - INFO - ANNOTATION - marked as hypothetical: contig=VFAKOQUE, start=51002, stop=54148, strand=+
18:07:34.361 - INFO - ANNOTATION - marked as hypothetical: contig=VFAKOQUE, start=54145, stop=54711, strand=+
18:07:34.361 - INFO - ANNOTATION - fix gene: extract symbol from protein name. symbol=clpX
18:07:34.361 - INFO - ANNOTATION - marked as hypothetical: contig=VFAKOQUE, start=56546, stop=57430, strand=+
18:07:34.361 - INFO - ANNOTATION - marked as hypothetical: contig=VFAKOQUE, start=57423, stop=58502, strand=+
18:07:34.361 - INFO - ANNOTATION - marked as hypothetical: contig=VFAKOQUE, start=58678, stop=59310, strand=+
18:07:34.361 - INFO - ANNOTATION - marked as hypothetical: contig=VFAKOQUE, start=59322, stop=60596, strand=+
18:07:34.361 - INFO - ANNOTATION - marked as hypothetical: contig=VFAKOQUE, start=60584, stop=61573, strand=+
18:07:34.361 - INFO - ANNOTATION - marked as hypothetical: contig=VFAKOQUE, start=62159, stop=62776, strand=+
18:07:34.361 - INFO - ANNOTATION - marked as hypothetical: contig=VFAKOQUE, start=62776, stop=63489, strand=+
18:07:34.361 - INFO - ANNOTATION - marked as hypothetical: contig=VFAKOQUE, start=64516, stop=64806, strand=+
18:07:34.361 - INFO - ANNOTATION - marked as hypothetical: contig=VFAKOQUE, start=64912, stop=65793, strand=+
18:07:34.361 - INFO - ANNOTATION - marked as hypothetical: contig=VFAKOQUE, start=65843, stop=66190, strand=-
18:07:34.361 - INFO - ANNOTATION - marked as hypothetical: contig=VFAKOQUE, start=66190, stop=66366, strand=-
18:07:34.361 - INFO - ANNOTATION - marked as hypothetical: contig=VFAKOQUE, start=66320, stop=66811, strand=-
18:07:34.361 - INFO - ANNOTATION - marked as hypothetical: contig=VFAKOQUE, start=66909, stop=67964, strand=-
18:07:34.361 - INFO - ANNOTATION - marked as hypothetical: contig=VFAKOQUE, start=68071, stop=68175, strand=+
18:07:34.361 - INFO - ANNOTATION - marked as hypothetical: contig=VFAKOQUE, start=68302, stop=68739, strand=+
18:07:34.361 - INFO - ANNOTATION - marked as hypothetical: contig=VFAKOQUE, start=68717, stop=69253, strand=-
18:07:34.361 - INFO - ANNOTATION - marked as hypothetical: contig=VFAKOQUE, start=69253, stop=70152, strand=-
18:07:34.361 - INFO - ANNOTATION - marked as hypothetical: contig=VFAKOQUE, start=70989, stop=72092, strand=+
18:07:34.361 - INFO - ANNOTATION - marked as hypothetical: contig=VFAKOQUE, start=72089, stop=73438, strand=-
18:07:34.361 - INFO - ANNOTATION - marked as hypothetical: contig=VFAKOQUE, start=73442, stop=74629, strand=-
18:07:34.361 - INFO - ANNOTATION - marked as hypothetical: contig=VFAKOQUE, start=74629, stop=75840, strand=-
18:07:34.361 - INFO - ANNOTATION - marked as hypothetical: contig=VFAKOQUE, start=75827, stop=76291, strand=-
18:07:34.361 - INFO - ANNOTATION - marked as hypothetical: contig=VFAKOQUE, start=76293, stop=76652, strand=+
18:07:34.361 - INFO - ANNOTATION - marked as hypothetical: contig=VFAKOQUE, start=76649, stop=76870, strand=+
18:07:34.361 - INFO - ANNOTATION - marked as hypothetical: contig=VFAKOQUE, start=77058, stop=78359, strand=+
18:07:34.361 - INFO - ANNOTATION - marked as hypothetical: contig=VFAKOQUE, start=78369, stop=80150, strand=+
18:07:34.361 - INFO - ANNOTATION - marked as hypothetical: contig=VFAKOQUE, start=80220, stop=80507, strand=+
18:07:34.361 - INFO - ANNOTATION - marked as hypothetical: contig=VFAKOQUE, start=82172, stop=83476, strand=+
18:07:34.361 - INFO - ANNOTATION - marked as hypothetical: contig=VFAKOQUE, start=83476, stop=84654, strand=+
18:07:34.361 - INFO - ANNOTATION - marked as hypothetical: contig=VFAKOQUE, start=84643, stop=85596, strand=-
18:07:34.361 - INFO - ANNOTATION - marked as hypothetical: contig=VFAKOQUE, start=85843, stop=85977, strand=+
18:07:34.361 - INFO - ANNOTATION - marked as hypothetical: contig=VFAKOQUE, start=86081, stop=86773, strand=+
18:07:34.361 - INFO - ANNOTATION - marked as hypothetical: contig=VFAKOQUE, start=86756, stop=87829, strand=-
18:07:34.361 - INFO - ANNOTATION - fix gene: extract symbol from protein name. symbol=dnaK
18:07:34.361 - INFO - ANNOTATION - marked as hypothetical: contig=VFAKOQUE, start=89711, stop=90163, strand=-
18:07:34.361 - INFO - ANNOTATION - marked as hypothetical: contig=VFAKOQUE, start=90269, stop=91273, strand=+
18:07:34.361 - INFO - ANNOTATION - marked as hypothetical: contig=VFAKOQUE, start=91263, stop=92216, strand=-
18:07:34.361 - INFO - ANNOTATION - marked as hypothetical: contig=VFAKOQUE, start=92492, stop=94318, strand=-
18:07:34.361 - INFO - ANNOTATION - marked as hypothetical: contig=VFAKOQUE, start=94312, stop=94920, strand=-
18:07:34.361 - INFO - ANNOTATION - marked as hypothetical: contig=VFAKOQUE, start=96084, stop=96857, strand=-
18:07:34.361 - INFO - ANNOTATION - marked as hypothetical: contig=VFAKOQUE, start=97507, stop=97839, strand=-
18:07:34.361 - INFO - ANNOTATION - marked as hypothetical: contig=VFAKOQUE, start=97836, stop=98489, strand=-
18:07:34.361 - INFO - ANNOTATION - marked as hypothetical: contig=VFAKOQUE, start=98656, stop=99930, strand=+
18:07:34.361 - INFO - ANNOTATION - marked as hypothetical: contig=VFAKOQUE, start=100508, stop=100606, strand=-
18:07:34.361 - INFO - ANNOTATION - marked as hypothetical: contig=VFAKOQUE, start=104444, stop=105010, strand=+
18:07:34.361 - INFO - ANNOTATION - marked as hypothetical: contig=VFAKOQUE, start=104997, stop=105560, strand=+
18:07:34.361 - INFO - ANNOTATION - marked as hypothetical: contig=VFAKOQUE, start=105557, stop=105766, strand=+
18:07:34.361 - INFO - ANNOTATION - marked as hypothetical: contig=VFAKOQUE, start=106827, stop=107147, strand=+
18:07:34.361 - INFO - ANNOTATION - marked as hypothetical: contig=VFAKOQUE, start=107137, stop=107745, strand=+
18:07:34.361 - INFO - ANNOTATION - marked as hypothetical: contig=VFAKOQUE, start=107730, stop=108173, strand=+
18:07:34.361 - INFO - ANNOTATION - marked as hypothetical: contig=VFAKOQUE, start=108175, stop=108327, strand=+
18:07:34.361 - INFO - ANNOTATION - marked as hypothetical: contig=VFAKOQUE, start=108287, stop=108514, strand=+
18:07:34.361 - INFO - ANNOTATION - marked as hypothetical: contig=VFAKOQUE, start=109386, stop=109736, strand=+
18:07:34.361 - INFO - ANNOTATION - marked as hypothetical: contig=VFAKOQUE, start=109739, stop=110116, strand=+
18:07:34.361 - INFO - ANNOTATION - marked as hypothetical: contig=VFAKOQUE, start=110109, stop=110642, strand=+
18:07:34.361 - INFO - ANNOTATION - marked as hypothetical: contig=VFAKOQUE, start=110668, stop=110964, strand=+
18:07:34.361 - INFO - ANNOTATION - marked as hypothetical: contig=VFAKOQUE, start=110966, stop=111394, strand=+
18:07:34.361 - INFO - ANNOTATION - marked as hypothetical: contig=VFAKOQUE, start=111381, stop=111776, strand=+
18:07:34.361 - INFO - ANNOTATION - marked as hypothetical: contig=VFAKOQUE, start=112794, stop=113357, strand=+
18:07:34.361 - INFO - ANNOTATION - marked as hypothetical: contig=VFAKOQUE, start=113354, stop=114241, strand=+
18:07:34.361 - INFO - ANNOTATION - marked as hypothetical: contig=VFAKOQUE, start=114231, stop=114524, strand=+
18:07:34.361 - INFO - ANNOTATION - marked as hypothetical: contig=VFAKOQUE, start=114521, stop=115660, strand=-
18:07:34.361 - INFO - ANNOTATION - marked as hypothetical: contig=VFAKOQUE, start=115661, stop=116080, strand=+
18:07:34.361 - INFO - ANNOTATION - marked as hypothetical: contig=VFAKOQUE, start=116082, stop=117113, strand=+
18:07:34.361 - INFO - ORF - write internal aa seqs: # seqs=110, path=/tmp/tmp0y7eukja/cds.pseudo.candidates.faa
18:08:20.252 - INFO - CDS - found: pseudogene-candidates=0
18:08:20.252 - INFO - PSC - looked-up=0
18:08:20.260 - INFO - PSCC - looked-up=0
18:08:20.282 - INFO - CDS - pfam detected: contig=VFAKOQUE, start=57423, stop=58502, strand=+, pfam-id=PF00004.32, length=143, aa-start=41, aa-stop=170, aa-cov=0.4, hmm-cov=0.9, evalue=3.3e-09, bitscore=30.1, name=AAA
18:08:20.282 - INFO - CDS - pfam detected: contig=VFAKOQUE, start=74629, stop=75840, strand=-, pfam-id=PF00004.32, length=100, aa-start=178, aa-stop=275, aa-cov=0.2, hmm-cov=0.7, evalue=6.5e-08, bitscore=25.9, name=AAA
18:08:20.283 - INFO - CDS - pfam detected: contig=VFAKOQUE, start=74629, stop=75840, strand=-, pfam-id=PF13481.9, length=187, aa-start=156, aa-stop=333, aa-cov=0.4, hmm-cov=1.0, evalue=4.7e-12, bitscore=38.7, name=AAA_25
18:08:20.302 - INFO - CDS - pfam detected: contig=VFAKOQUE, start=60584, stop=61573, strand=+, pfam-id=PF00155.24, length=126, aa-start=116, aa-stop=231, aa-cov=0.4, hmm-cov=1.0, evalue=1.7e-10, bitscore=33.4, name=Aminotran_1_2
18:08:20.302 - INFO - CDS - pfam detected: contig=VFAKOQUE, start=22550, stop=23623, strand=+, pfam-id=PF00266.22, length=193, aa-start=21, aa-stop=210, aa-cov=0.5, hmm-cov=1.0, evalue=9.2e-29, bitscore=93.2, name=Aminotran_5
18:08:20.305 - INFO - CDS - pfam detected: contig=VFAKOQUE, start=28698, stop=31130, strand=-, pfam-id=PF08264.16, length=153, aa-start=582, aa-stop=727, aa-cov=0.2, hmm-cov=1.0, evalue=1.2e-17, bitscore=57.2, name=Anticodon_1
18:08:20.314 - INFO - CDS - pfam detected: contig=VFAKOQUE, start=35774, stop=37135, strand=-, pfam-id=PF14698.9, length=70, aa-start=363, aa-stop=432, aa-cov=0.2, hmm-cov=0.9, evalue=3.2e-14, bitscore=46.3, name=ASL_C2
18:08:20.317 - INFO - CDS - pfam detected: contig=VFAKOQUE, start=74629, stop=75840, strand=-, pfam-id=PF06745.16, length=230, aa-start=159, aa-stop=385, aa-cov=0.6, hmm-cov=0.9, evalue=1.0e-14, bitscore=47.3, name=ATPase
18:08:20.317 - INFO - CDS - pfam detected: contig=VFAKOQUE, start=51002, stop=54148, strand=+, pfam-id=PF15632.9, length=123, aa-start=744, aa-stop=865, aa-cov=0.1, hmm-cov=0.9, evalue=8.3e-12, bitscore=37.8, name=ATPgrasp_Ter
18:08:20.413 - INFO - CDS - pfam detected: contig=VFAKOQUE, start=80220, stop=80507, strand=+, pfam-id=PF00166.24, length=92, aa-start=9, aa-stop=92, aa-cov=0.9, hmm-cov=1.0, evalue=9.6e-09, bitscore=28.1, name=Cpn10
18:08:20.414 - INFO - CDS - pfam detected: contig=VFAKOQUE, start=51002, stop=54148, strand=+, pfam-id=PF02786.20, length=172, aa-start=166, aa-stop=333, aa-cov=0.2, hmm-cov=1.0, evalue=1.7e-70, bitscore=229.6, name=CPSase_L_D2
18:08:20.414 - INFO - CDS - pfam detected: contig=VFAKOQUE, start=51002, stop=54148, strand=+, pfam-id=PF02787.22, length=79, aa-start=420, aa-stop=498, aa-cov=0.1, hmm-cov=1.0, evalue=2.2e-10, bitscore=33.3, name=CPSase_L_D3
18:08:20.415 - INFO - CDS - pfam detected: contig=VFAKOQUE, start=49914, stop=51005, strand=+, pfam-id=PF00988.25, length=115, aa-start=17, aa-stop=131, aa-cov=0.3, hmm-cov=1.0, evalue=9.1e-37, bitscore=118.6, name=CPSase_sm_chain
18:08:20.449 - INFO - CDS - pfam detected: contig=VFAKOQUE, start=34664, stop=35452, strand=+, pfam-id=PF01053.23, length=207, aa-start=52, aa-stop=257, aa-cov=0.8, hmm-cov=1.0, evalue=3.2e-36, bitscore=117.4, name=Cys_Met_Meta_PP
18:08:20.454 - INFO - CDS - pfam detected: contig=VFAKOQUE, start=90269, stop=91273, strand=+, pfam-id=PF00793.23, length=293, aa-start=27, aa-stop=317, aa-cov=0.9, hmm-cov=0.9, evalue=3.0e-64, bitscore=209.3, name=DAHP_synth_1
18:08:20.455 - INFO - CDS - pfam detected: contig=VFAKOQUE, start=94312, stop=94920, strand=-, pfam-id=PF05173.17, length=115, aa-start=96, aa-stop=201, aa-cov=0.5, hmm-cov=1.0, evalue=2.2e-22, bitscore=72.2, name=DapB_C
18:08:20.455 - INFO - CDS - pfam detected: contig=VFAKOQUE, start=94312, stop=94920, strand=-, pfam-id=PF01113.23, length=59, aa-start=30, aa-stop=88, aa-cov=0.3, hmm-cov=1.0, evalue=2.5e-08, bitscore=26.9, name=DapB_N
18:08:20.456 - INFO - CDS - pfam detected: contig=VFAKOQUE, start=17272, stop=18093, strand=-, pfam-id=PF01678.22, length=93, aa-start=6, aa-stop=93, aa-cov=0.3, hmm-cov=1.0, evalue=2.8e-12, bitscore=39.7, name=DAP_epimerase
18:08:20.473 - INFO - CDS - pfam detected: contig=VFAKOQUE, start=25586, stop=26497, strand=-, pfam-id=PF00701.25, length=289, aa-start=2, aa-stop=289, aa-cov=1.0, hmm-cov=1.0, evalue=1.7e-76, bitscore=249.5, name=DHDPS
18:08:20.474 - INFO - CDS - pfam detected: contig=VFAKOQUE, start=116082, stop=117113, strand=+, pfam-id=PF01761.23, length=258, aa-start=56, aa-stop=311, aa-cov=0.7, hmm-cov=1.0, evalue=5.3e-69, bitscore=225.0, name=DHQ_synthase
18:08:20.489 - INFO - CDS - pfam detected: contig=VFAKOQUE, start=74629, stop=75840, strand=-, pfam-id=PF03796.18, length=253, aa-start=158, aa-stop=402, aa-cov=0.6, hmm-cov=1.0, evalue=1.6e-71, bitscore=233.4, name=DnaB_C
18:08:20.489 - INFO - CDS - pfam detected: contig=VFAKOQUE, start=86756, stop=87829, strand=-, pfam-id=PF00226.34, length=57, aa-start=5, aa-stop=61, aa-cov=0.2, hmm-cov=1.0, evalue=2.0e-26, bitscore=84.8, name=DnaJ
18:08:20.490 - INFO - CDS - pfam detected: contig=VFAKOQUE, start=86756, stop=87829, strand=-, pfam-id=PF01556.21, length=211, aa-start=130, aa-stop=339, aa-cov=0.6, hmm-cov=0.7, evalue=9.7e-24, bitscore=77.0, name=DnaJ_C
18:08:20.490 - INFO - CDS - pfam detected: contig=VFAKOQUE, start=86756, stop=87829, strand=-, pfam-id=PF00684.22, length=66, aa-start=152, aa-stop=212, aa-cov=0.2, hmm-cov=1.0, evalue=1.7e-13, bitscore=43.5, name=DnaJ_CXXCXGXG
18:08:20.492 - INFO - CDS - pfam detected: contig=VFAKOQUE, start=42900, stop=45920, strand=+, pfam-id=PF07733.15, length=244, aa-start=303, aa-stop=546, aa-cov=0.2, hmm-cov=1.0, evalue=2.5e-76, bitscore=249.5, name=DNA_pol3_alpha
18:08:20.492 - INFO - CDS - pfam detected: contig=VFAKOQUE, start=84643, stop=85596, strand=-, pfam-id=PF02768.18, length=115, aa-start=201, aa-stop=315, aa-cov=0.4, hmm-cov=1.0, evalue=7.0e-10, bitscore=31.7, name=DNA_pol3_beta_3
18:08:20.492 - INFO - CDS - pfam detected: contig=VFAKOQUE, start=57423, stop=58502, strand=+, pfam-id=PF13177.9, length=161, aa-start=20, aa-stop=176, aa-cov=0.4, hmm-cov=1.0, evalue=7.3e-18, bitscore=57.9, name=DNA_pol3_delta2
18:08:20.492 - INFO - CDS - pfam detected: contig=VFAKOQUE, start=56546, stop=57430, strand=+, pfam-id=PF13177.9, length=79, aa-start=109, aa-stop=187, aa-cov=0.3, hmm-cov=1.0, evalue=1.2e-12, bitscore=41.0, name=DNA_pol3_delta2
18:08:20.492 - INFO - CDS - pfam detected: contig=VFAKOQUE, start=42900, stop=45920, strand=+, pfam-id=PF17657.4, length=147, aa-start=559, aa-stop=699, aa-cov=0.1, hmm-cov=1.0, evalue=6.0e-34, bitscore=109.6, name=DNA_pol3_finger
18:08:20.664 - INFO - CDS - pfam detected: contig=VFAKOQUE, start=77058, stop=78359, strand=+, pfam-id=PF02421.21, length=92, aa-start=220, aa-stop=311, aa-cov=0.2, hmm-cov=1.0, evalue=1.4e-08, bitscore=27.2, name=FeoB_N
18:08:20.722 - INFO - CDS - pfam detected: contig=VFAKOQUE, start=49914, stop=51005, strand=+, pfam-id=PF00117.31, length=190, aa-start=186, aa-stop=358, aa-cov=0.5, hmm-cov=1.0, evalue=3.9e-33, bitscore=107.6, name=GATase
18:08:20.724 - INFO - CDS - pfam detected: contig=VFAKOQUE, start=62159, stop=62776, strand=+, pfam-id=PF00117.31, length=191, aa-start=15, aa-stop=191, aa-cov=0.9, hmm-cov=0.9, evalue=1.4e-11, bitscore=37.3, name=GATase
18:08:20.740 - INFO - CDS - pfam detected: contig=VFAKOQUE, start=78369, stop=80150, strand=+, pfam-id=PF13932.9, length=62, aa-start=398, aa-stop=459, aa-cov=0.1, hmm-cov=1.0, evalue=1.7e-12, bitscore=40.7, name=GIDA_C
18:08:20.798 - INFO - CDS - pfam detected: contig=VFAKOQUE, start=18741, stop=20129, strand=-, pfam-id=PF00009.30, length=187, aa-start=10, aa-stop=167, aa-cov=0.3, hmm-cov=1.0, evalue=1.2e-21, bitscore=70.0, name=GTP_EFTU
18:08:20.834 - INFO - CDS - pfam detected: contig=VFAKOQUE, start=42900, stop=45920, strand=+, pfam-id=PF14579.9, length=86, aa-start=776, aa-stop=860, aa-cov=0.1, hmm-cov=1.0, evalue=1.0e-13, bitscore=44.2, name=HHH_6
18:08:20.850 - INFO - CDS - pfam detected: contig=VFAKOQUE, start=73442, stop=74629, strand=-, pfam-id=PF00742.22, length=178, aa-start=130, aa-stop=306, aa-cov=0.4, hmm-cov=1.0, evalue=2.4e-36, bitscore=118.0, name=Homoserine_dh
18:08:20.919 - INFO - CDS - pfam detected: contig=VFAKOQUE, start=107137, stop=107745, strand=+, pfam-id=PF07650.20, length=70, aa-start=38, aa-stop=102, aa-cov=0.3, hmm-cov=1.0, evalue=2.8e-08, bitscore=26.4, name=KH_2
18:08:20.958 - INFO - CDS - pfam detected: contig=VFAKOQUE, start=35774, stop=37135, strand=-, pfam-id=PF00206.23, length=310, aa-start=8, aa-stop=300, aa-cov=0.6, hmm-cov=1.0, evalue=1.6e-64, bitscore=211.0, name=Lyase_1
18:08:20.961 - INFO - CDS - pfam detected: contig=VFAKOQUE, start=70989, stop=72092, strand=+, pfam-id=PF07687.17, length=96, aa-start=176, aa-stop=264, aa-cov=0.2, hmm-cov=1.0, evalue=6.8e-11, bitscore=34.9, name=M20_dimer
18:08:20.996 - INFO - CDS - pfam detected: contig=VFAKOQUE, start=31200, stop=33689, strand=+, pfam-id=PF08267.15, length=311, aa-start=82, aa-stop=382, aa-cov=0.4, hmm-cov=1.0, evalue=1.3e-63, bitscore=208.1, name=Meth_synt_1
18:08:20.999 - INFO - CDS - pfam detected: contig=VFAKOQUE, start=31200, stop=33689, strand=+, pfam-id=PF01717.21, length=314, aa-start=494, aa-stop=807, aa-cov=0.4, hmm-cov=1.0, evalue=6.4e-94, bitscore=307.6, name=Meth_synt_2
18:08:21.027 - INFO - CDS - pfam detected: contig=VFAKOQUE, start=46327, stop=47124, strand=+, pfam-id=PF02219.20, length=152, aa-start=104, aa-stop=250, aa-cov=0.6, hmm-cov=1.0, evalue=8.3e-14, bitscore=44.3, name=MTHFR
18:08:21.028 - INFO - CDS - pfam detected: contig=VFAKOQUE, start=21718, stop=22281, strand=-, pfam-id=PF05175.17, length=124, aa-start=35, aa-stop=151, aa-cov=0.6, hmm-cov=0.9, evalue=3.5e-09, bitscore=29.3, name=MTS
18:08:21.047 - INFO - CDS - pfam detected: contig=VFAKOQUE, start=74629, stop=75840, strand=-, pfam-id=PF00931.25, length=109, aa-start=177, aa-stop=281, aa-cov=0.3, hmm-cov=1.0, evalue=4.1e-08, bitscore=25.5, name=NB-ARC
18:08:21.075 - INFO - CDS - pfam detected: contig=VFAKOQUE, start=114521, stop=115660, strand=-, pfam-id=PF02784.19, length=239, aa-start=34, aa-stop=260, aa-cov=0.6, hmm-cov=1.0, evalue=1.2e-45, bitscore=148.5, name=Orn_Arg_deC_N
18:08:21.075 - INFO - CDS - pfam detected: contig=VFAKOQUE, start=114521, stop=115660, strand=-, pfam-id=PF00278.25, length=186, aa-start=166, aa-stop=350, aa-cov=0.5, hmm-cov=0.5, evalue=4.2e-18, bitscore=58.2, name=Orn_DAP_Arg_deC
18:08:21.076 - INFO - CDS - pfam detected: contig=VFAKOQUE, start=64912, stop=65793, strand=+, pfam-id=PF00185.27, length=150, aa-start=151, aa-stop=286, aa-cov=0.5, hmm-cov=1.0, evalue=1.1e-24, bitscore=80.1, name=OTCace
18:08:21.076 - INFO - CDS - pfam detected: contig=VFAKOQUE, start=64912, stop=65793, strand=+, pfam-id=PF02729.24, length=127, aa-start=17, aa-stop=136, aa-cov=0.4, hmm-cov=1.0, evalue=8.4e-26, bitscore=83.6, name=OTCace_N
18:08:21.093 - INFO - CDS - pfam detected: contig=VFAKOQUE, start=24913, stop=25632, strand=-, pfam-id=PF03462.21, length=101, aa-start=10, aa-stop=104, aa-cov=0.4, hmm-cov=1.0, evalue=1.9e-23, bitscore=76.1, name=PCRF
18:08:21.112 - INFO - CDS - pfam detected: contig=VFAKOQUE, start=14172, stop=14597, strand=+, pfam-id=PF01327.24, length=116, aa-start=32, aa-stop=138, aa-cov=0.8, hmm-cov=1.0, evalue=2.0e-15, bitscore=49.6, name=Pep_deformylase
18:08:21.172 - INFO - CDS - pfam detected: contig=VFAKOQUE, start=20281, stop=21177, strand=+, pfam-id=PF00156.30, length=108, aa-start=148, aa-stop=247, aa-cov=0.3, hmm-cov=1.0, evalue=2.8e-09, bitscore=29.3, name=Pribosyltran
18:08:21.173 - INFO - CDS - pfam detected: contig=VFAKOQUE, start=20281, stop=21177, strand=+, pfam-id=PF13793.9, length=114, aa-start=4, aa-stop=117, aa-cov=0.4, hmm-cov=1.0, evalue=3.7e-21, bitscore=68.1, name=Pribosyltran_N
18:08:21.173 - INFO - CDS - pfam detected: contig=VFAKOQUE, start=20281, stop=21177, strand=+, pfam-id=PF14572.9, length=83, aa-start=212, aa-stop=290, aa-cov=0.3, hmm-cov=1.0, evalue=2.4e-10, bitscore=33.4, name=Pribosyl_synth
18:08:21.198 - INFO - CDS - pfam detected: contig=VFAKOQUE, start=74629, stop=75840, strand=-, pfam-id=PF08423.14, length=197, aa-start=150, aa-stop=335, aa-cov=0.5, hmm-cov=0.9, evalue=4.6e-07, bitscore=22.1, name=Rad51
18:08:21.201 - INFO - CDS - pfam detected: contig=VFAKOQUE, start=18741, stop=20129, strand=-, pfam-id=PF00071.25, length=155, aa-start=12, aa-stop=161, aa-cov=0.3, hmm-cov=1.0, evalue=7.0e-12, bitscore=38.0, name=Ras
18:08:21.222 - INFO - CDS - pfam detected: contig=VFAKOQUE, start=1239, stop=1688, strand=+, pfam-id=PF03946.17, length=57, aa-start=23, aa-stop=79, aa-cov=0.4, hmm-cov=1.0, evalue=7.6e-14, bitscore=44.2, name=Ribosomal_L11_N
18:08:21.222 - INFO - CDS - pfam detected: contig=VFAKOQUE, start=2798, stop=3157, strand=+, pfam-id=PF00542.22, length=65, aa-start=55, aa-stop=119, aa-cov=0.5, hmm-cov=1.0, evalue=2.7e-19, bitscore=62.2, name=Ribosomal_L12
18:08:21.223 - INFO - CDS - pfam detected: contig=VFAKOQUE, start=107730, stop=108173, strand=+, pfam-id=PF00252.21, length=131, aa-start=12, aa-stop=139, aa-cov=0.9, hmm-cov=1.0, evalue=7.6e-28, bitscore=90.0, name=Ribosomal_L16
18:08:21.225 - INFO - CDS - pfam detected: contig=VFAKOQUE, start=106827, stop=107147, strand=+, pfam-id=PF00237.22, length=98, aa-start=8, aa-stop=99, aa-cov=0.9, hmm-cov=1.0, evalue=8.2e-11, bitscore=34.9, name=Ribosomal_L22
18:08:21.225 - INFO - CDS - pfam detected: contig=VFAKOQUE, start=13876, stop=14178, strand=+, pfam-id=PF00338.25, length=93, aa-start=6, aa-stop=95, aa-cov=0.9, hmm-cov=1.0, evalue=3.2e-19, bitscore=61.9, name=Ribosomal_S10
18:08:21.225 - INFO - CDS - pfam detected: contig=VFAKOQUE, start=45917, stop=46081, strand=+, pfam-id=PF00312.25, length=51, aa-start=3, aa-stop=53, aa-cov=0.9, hmm-cov=1.0, evalue=5.5e-16, bitscore=51.5, name=Ribosomal_S15
18:08:21.225 - INFO - CDS - pfam detected: contig=VFAKOQUE, start=108287, stop=108514, strand=+, pfam-id=PF00366.23, length=67, aa-start=5, aa-stop=71, aa-cov=0.9, hmm-cov=1.0, evalue=1.3e-10, bitscore=34.1, name=Ribosomal_S17
18:08:21.227 - INFO - CDS - pfam detected: contig=VFAKOQUE, start=107137, stop=107745, strand=+, pfam-id=PF00189.23, length=81, aa-start=119, aa-stop=199, aa-cov=0.4, hmm-cov=1.0, evalue=5.9e-20, bitscore=64.5, name=Ribosomal_S3_C
18:08:21.227 - INFO - CDS - pfam detected: contig=VFAKOQUE, start=110966, stop=111394, strand=+, pfam-id=PF00333.23, length=60, aa-start=3, aa-stop=61, aa-cov=0.4, hmm-cov=1.0, evalue=5.6e-11, bitscore=35.2, name=Ribosomal_S5
18:08:21.227 - INFO - CDS - pfam detected: contig=VFAKOQUE, start=110966, stop=111394, strand=+, pfam-id=PF03719.18, length=57, aa-start=78, aa-stop=134, aa-cov=0.4, hmm-cov=1.0, evalue=7.4e-13, bitscore=40.7, name=Ribosomal_S5_C
18:08:21.227 - INFO - CDS - pfam detected: contig=VFAKOQUE, start=75827, stop=76291, strand=-, pfam-id=PF01250.20, length=89, aa-start=4, aa-stop=88, aa-cov=0.6, hmm-cov=1.0, evalue=1.5e-09, bitscore=30.9, name=Ribosomal_S6
18:08:21.227 - INFO - CDS - pfam detected: contig=VFAKOQUE, start=11289, stop=11762, strand=+, pfam-id=PF00177.24, length=150, aa-start=1, aa-stop=150, aa-cov=1.0, hmm-cov=1.0, evalue=1.0e-35, bitscore=115.4, name=Ribosomal_S7
18:08:21.227 - INFO - CDS - pfam detected: contig=VFAKOQUE, start=109739, stop=110116, strand=+, pfam-id=PF00410.22, length=123, aa-start=3, aa-stop=120, aa-cov=0.9, hmm-cov=1.0, evalue=1.9e-18, bitscore=59.5, name=Ribosomal_S8
18:08:21.233 - INFO - CDS - pfam detected: contig=VFAKOQUE, start=113354, stop=114241, strand=+, pfam-id=PF01000.29, length=93, aa-start=56, aa-stop=143, aa-cov=0.3, hmm-cov=1.0, evalue=6.7e-13, bitscore=41.9, name=RNA_pol_A_bac
18:08:21.233 - INFO - CDS - pfam detected: contig=VFAKOQUE, start=113354, stop=114241, strand=+, pfam-id=PF01193.27, length=173, aa-start=24, aa-stop=196, aa-cov=0.6, hmm-cov=0.3, evalue=6.3e-08, bitscore=25.2, name=RNA_pol_L
18:08:21.233 - INFO - CDS - pfam detected: contig=VFAKOQUE, start=6990, stop=10925, strand=+, pfam-id=PF04997.15, length=352, aa-start=2, aa-stop=331, aa-cov=0.3, hmm-cov=0.9, evalue=2.0e-58, bitscore=190.9, name=RNA_pol_Rpb1_1
18:08:21.233 - INFO - CDS - pfam detected: contig=VFAKOQUE, start=6990, stop=10925, strand=+, pfam-id=PF00623.23, length=90, aa-start=385, aa-stop=474, aa-cov=0.1, hmm-cov=1.0, evalue=3.2e-34, bitscore=111.3, name=RNA_pol_Rpb1_2
18:08:21.234 - INFO - CDS - pfam detected: contig=VFAKOQUE, start=6990, stop=10925, strand=+, pfam-id=PF04998.20, length=475, aa-start=741, aa-stop=1207, aa-cov=0.4, hmm-cov=0.5, evalue=1.7e-52, bitscore=171.2, name=RNA_pol_Rpb1_5
18:08:21.234 - INFO - CDS - pfam detected: contig=VFAKOQUE, start=3157, stop=6993, strand=+, pfam-id=PF04561.17, length=45, aa-start=150, aa-stop=193, aa-cov=0.0, hmm-cov=1.0, evalue=1.3e-11, bitscore=37.3, name=RNA_pol_Rpb2_2
18:08:21.234 - INFO - CDS - pfam detected: contig=VFAKOQUE, start=3157, stop=6993, strand=+, pfam-id=PF04565.19, length=69, aa-start=479, aa-stop=547, aa-cov=0.1, hmm-cov=1.0, evalue=3.3e-23, bitscore=74.5, name=RNA_pol_Rpb2_3
18:08:21.235 - INFO - CDS - pfam detected: contig=VFAKOQUE, start=3157, stop=6993, strand=+, pfam-id=PF00562.31, length=597, aa-start=623, aa-stop=1201, aa-cov=0.5, hmm-cov=0.6, evalue=3.0e-94, bitscore=309.0, name=RNA_pol_Rpb2_6
18:08:21.235 - INFO - CDS - pfam detected: contig=VFAKOQUE, start=3157, stop=6993, strand=+, pfam-id=PF04560.23, length=84, aa-start=1204, aa-stop=1277, aa-cov=0.1, hmm-cov=1.0, evalue=1.6e-25, bitscore=82.2, name=RNA_pol_Rpb2_7
18:08:21.236 - INFO - CDS - pfam detected: contig=VFAKOQUE, start=18741, stop=20129, strand=-, pfam-id=PF08477.16, length=119, aa-start=11, aa-stop=119, aa-cov=0.2, hmm-cov=1.0, evalue=1.4e-09, bitscore=31.0, name=Roc
18:08:21.243 - INFO - CDS - pfam detected: contig=VFAKOQUE, start=83476, stop=84654, strand=+, pfam-id=PF00575.26, length=72, aa-start=168, aa-stop=234, aa-cov=0.2, hmm-cov=1.0, evalue=2.5e-18, bitscore=59.1, name=S1
18:08:21.243 - INFO - CDS - pfam detected: contig=VFAKOQUE, start=112794, stop=113357, strand=+, pfam-id=PF01479.28, length=47, aa-start=85, aa-stop=131, aa-cov=0.3, hmm-cov=1.0, evalue=3.1e-13, bitscore=42.1, name=S4
18:08:21.251 - INFO - CDS - pfam detected: contig=VFAKOQUE, start=47114, stop=48181, strand=+, pfam-id=PF02774.21, length=205, aa-start=142, aa-stop=338, aa-cov=0.6, hmm-cov=0.9, evalue=1.5e-26, bitscore=86.4, name=Semialdhyde_dhC
18:08:21.257 - INFO - CDS - pfam detected: contig=VFAKOQUE, start=96084, stop=96857, strand=-, pfam-id=PF08501.14, length=84, aa-start=6, aa-stop=89, aa-cov=0.3, hmm-cov=1.0, evalue=2.2e-09, bitscore=30.3, name=Shikimate_dh_N
18:08:21.261 - INFO - CDS - pfam detected: contig=VFAKOQUE, start=41242, stop=42636, strand=+, pfam-id=PF04542.17, length=67, aa-start=235, aa-stop=301, aa-cov=0.1, hmm-cov=1.0, evalue=1.0e-20, bitscore=66.2, name=Sigma70_r2
18:08:21.262 - INFO - CDS - pfam detected: contig=VFAKOQUE, start=41242, stop=42636, strand=+, pfam-id=PF04545.19, length=51, aa-start=400, aa-stop=450, aa-cov=0.1, hmm-cov=0.9, evalue=1.0e-16, bitscore=53.0, name=Sigma70_r4
18:08:21.280 - INFO - CDS - pfam detected: contig=VFAKOQUE, start=21718, stop=22281, strand=-, pfam-id=PF01564.20, length=108, aa-start=52, aa-stop=153, aa-cov=0.5, hmm-cov=1.0, evalue=6.7e-08, bitscore=24.9, name=Spermine_synth
18:08:21.347 - INFO - CDS - pfam detected: contig=VFAKOQUE, start=76293, stop=76652, strand=+, pfam-id=PF00085.23, length=83, aa-start=32, aa-stop=114, aa-cov=0.7, hmm-cov=1.0, evalue=1.8e-17, bitscore=56.1, name=Thioredoxin
18:08:21.351 - INFO - CDS - pfam detected: contig=VFAKOQUE, start=72089, stop=73438, strand=-, pfam-id=PF14821.9, length=79, aa-start=2, aa-stop=80, aa-cov=0.2, hmm-cov=1.0, evalue=8.7e-24, bitscore=76.4, name=Thr_synth_N
18:08:21.384 - INFO - CDS - pfam detected: contig=VFAKOQUE, start=37429, stop=38814, strand=-, pfam-id=PF00749.24, length=318, aa-start=17, aa-stop=323, aa-cov=0.7, hmm-cov=1.0, evalue=5.1e-52, bitscore=169.5, name=tRNA-synt_1c
18:08:21.385 - INFO - CDS - pfam detected: contig=VFAKOQUE, start=23616, stop=24932, strand=-, pfam-id=PF00152.23, length=321, aa-start=122, aa-stop=431, aa-cov=0.7, hmm-cov=0.9, evalue=3.3e-54, bitscore=176.8, name=tRNA-synt_2
18:08:21.385 - INFO - CDS - pfam detected: contig=VFAKOQUE, start=23616, stop=24932, strand=-, pfam-id=PF01409.23, length=68, aa-start=196, aa-stop=262, aa-cov=0.2, hmm-cov=1.0, evalue=5.3e-10, bitscore=31.9, name=tRNA-synt_2d
18:08:21.385 - INFO - CDS - pfam detected: contig=VFAKOQUE, start=23616, stop=24932, strand=-, pfam-id=PF01336.28, length=73, aa-start=29, aa-stop=99, aa-cov=0.2, hmm-cov=0.9, evalue=5.9e-09, bitscore=28.7, name=tRNA_anti-codon
18:08:21.385 - INFO - CDS - pfam detected: contig=VFAKOQUE, start=91263, stop=92216, strand=-, pfam-id=PF03054.19, length=201, aa-start=2, aa-stop=188, aa-cov=0.6, hmm-cov=1.0, evalue=9.0e-48, bitscore=155.4, name=tRNA_Me_trans
18:08:21.429 - INFO - CDS - pfam detected: contig=VFAKOQUE, start=39783, stop=41249, strand=+, pfam-id=PF01807.23, length=63, aa-start=5, aa-stop=67, aa-cov=0.1, hmm-cov=1.0, evalue=1.3e-16, bitscore=53.0, name=zf-CHC2
18:08:21.431 - INFO - CDS - predicted-pfams=93, CDS-w/-pfams=59
18:08:21.486 - INFO - S_ORF - predicted=1198
18:08:21.541 - INFO - S_ORF - sORF filter: # valid=62, # discarded=1136
18:08:21.578 - INFO - ORF - discarded=0
18:08:21.618 - INFO - UPS - looked-up=0
18:08:21.619 - INFO - IPS - looked-up=0
18:08:21.619 - INFO - ORF - write internal aa seqs: # seqs=62, path=/tmp/tmp0y7eukja/sorf.faa
18:08:21.685 - INFO - S_ORF - found=0
18:08:21.685 - INFO - PSC - looked-up=0
18:08:21.686 - INFO - PSCC - looked-up=0
18:08:22.166 - INFO - ORI - predicted=0
18:08:22.228 - INFO - ORI - predicted=0
18:08:22.228 - INFO - ANNOTATION - overlap: CDS (None/hypothetical protein) [1239, 1688] overlapping tRNA (trnW) [1195, 1265], [1239,1265], contig=VFAKOQUE
18:08:22.229 - INFO - ANNOTATION - overlap: CDS (None/hypothetical protein) [27431, 28618] overlapping tRNA (trnS) [28617, 28699], [28617,28618], contig=VFAKOQUE
18:08:22.229 - INFO - ANNOTATION - overlap: CDS (None/hypothetical protein) [28698, 31130] overlapping tRNA (trnS) [28617, 28699], [28698,28699], contig=VFAKOQUE
18:08:22.229 - INFO - ANNOTATION - overlap: CDS (None/hypothetical protein) [41242, 42636] overlapping tRNA (None) [42627, 42871], [42627,42636], contig=VFAKOQUE
18:08:22.229 - INFO - ANNOTATION - overlap: CDS (None/hypothetical protein) [45917, 46081] overlapping tRNA (trnL) [46081, 46153], [46081,46081], contig=VFAKOQUE
18:08:22.229 - INFO - ANNOTATION - overlap: CDS (None/hypothetical protein) [46203, 46358] overlapping tRNA (trnL) [46155, 46227], [46203,46227], contig=VFAKOQUE
18:08:22.229 - INFO - ANNOTATION - overlap: CDS (None/hypothetical protein) [46203, 46358] overlapping tRNA (trnS) [46229, 46311], [46229,46311], contig=VFAKOQUE
18:08:22.229 - INFO - ANNOTATION - overlap: CDS (None/hypothetical protein) [64912, 65793] overlapping tRNA (trnK) [65780, 65852], [65780,65793], contig=VFAKOQUE
18:08:22.229 - INFO - ANNOTATION - overlap: CDS (None/hypothetical protein) [65843, 66190] overlapping tRNA (trnK) [65780, 65852], [65843,65852], contig=VFAKOQUE
18:08:22.229 - INFO - ANNOTATION - overlap: CDS (None/hypothetical protein) [66909, 67964] overlapping tRNA (trnV) [66839, 66910], [66909,66910], contig=VFAKOQUE
18:08:22.229 - INFO - ANNOTATION - overlap: CDS (None/hypothetical protein) [68302, 68739] overlapping tRNA (trnP) [68321, 68392], [68321,68392], contig=VFAKOQUE
18:08:22.229 - INFO - ANNOTATION - overlap: CDS (None/hypothetical protein) [100508, 100606] overlapping rRNA (rrl) [100050, 102797], [100508,100606], contig=VFAKOQUE
18:08:22.229 - INFO - ANNOTATION - overlap: CDS (None/Mobile element protein) [103274, 103456] overlapping rRNA (rrs) [102890, 104370], [103274,103456], contig=VFAKOQUE
18:08:22.229 - INFO - ANNOTATION - overlap: CDS (None/Elongation factor Tu) [1, 1209] overlapping tRNA (trnW) [1195, 1265], [1195,1209], contig=VFAKOQUE
18:08:22.229 - INFO - UTILS - generated sequence tag prefix: prefix=LJGPACCEEB, length=10, MD5=5309ACCEEB9D44E263DDCB0395DB65A9
18:08:22.229 - INFO - MAIN - selected features=146
18:08:22.229 - INFO - UTILS - generated sequence tag prefix: prefix=LJGPAC, length=6, MD5=5309ACCEEB9D44E263DDCB0395DB65A9
18:08:22.229 - INFO - MAIN - locus tag prefix=LJGPAC
18:08:22.230 - INFO - UTILS - genome-size=117375
18:08:22.230 - INFO - UTILS - GC=0.223
18:08:22.230 - INFO - UTILS - N=0.000
18:08:22.230 - INFO - UTILS - N50=117375
18:08:22.230 - INFO - UTILS - coding-ratio=0.895
18:08:22.230 - INFO - TSV - write tsv: path=/home/diego/Documents/metagenomes/annotation_symbio_merge/annotation_Beta/genomes/annotation_bakta/bakta_VFAKOQUE/VFAKOQUE.tsv
18:08:22.230 - INFO - GFF - write GFF3: path=/home/diego/Documents/metagenomes/annotation_symbio_merge/annotation_Beta/genomes/annotation_bakta/bakta_VFAKOQUE/VFAKOQUE.gff3
18:08:22.232 - INFO - INSDC - write GenBank: path=/home/diego/Documents/metagenomes/annotation_symbio_merge/annotation_Beta/genomes/annotation_bakta/bakta_VFAKOQUE/VFAKOQUE.gbff
18:08:22.236 - INFO - INSDC - write EMBL: path=/home/diego/Documents/metagenomes/annotation_symbio_merge/annotation_Beta/genomes/annotation_bakta/bakta_VFAKOQUE/VFAKOQUE.embl
18:08:22.242 - INFO - FASTA - write genome sequences: path=/home/diego/Documents/metagenomes/annotation_symbio_merge/annotation_Beta/genomes/annotation_bakta/bakta_VFAKOQUE/VFAKOQUE.fna, description=True, wrap=True
18:08:22.242 - INFO - FASTA - write feature nucleotide sequences: path=/home/diego/Documents/metagenomes/annotation_symbio_merge/annotation_Beta/genomes/annotation_bakta/bakta_VFAKOQUE/VFAKOQUE.ffn
18:08:22.242 - INFO - FASTA - write translated CDS/sORF: path=/home/diego/Documents/metagenomes/annotation_symbio_merge/annotation_Beta/genomes/annotation_bakta/bakta_VFAKOQUE/VFAKOQUE.faa
18:08:22.261 - INFO - PLOT - write circular genome plot: file-name=VFAKOQUE, output-dir=/home/diego/Documents/metagenomes/annotation_symbio_merge/annotation_Beta/genomes/annotation_bakta/bakta_VFAKOQUE
18:08:25.418 - INFO - TSV - write hypothetical tsv: path=/home/diego/Documents/metagenomes/annotation_symbio_merge/annotation_Beta/genomes/annotation_bakta/bakta_VFAKOQUE/VFAKOQUE.hypotheticals.tsv
18:08:25.419 - INFO - FASTA - write translated CDS/sORF: path=/home/diego/Documents/metagenomes/annotation_symbio_merge/annotation_Beta/genomes/annotation_bakta/bakta_VFAKOQUE/VFAKOQUE.hypotheticals.faa
18:08:25.419 - INFO - JSON - write JSON: path=/home/diego/Documents/metagenomes/annotation_symbio_merge/annotation_Beta/genomes/annotation_bakta/bakta_VFAKOQUE/VFAKOQUE.json
18:08:25.423 - INFO - MAIN - removed tmp dir: /tmp/tmp0y7eukja
