[20:19:05] This is prokka 1.14.6
[20:19:05] Written by Torsten Seemann <torsten.seemann@gmail.com>
[20:19:05] Homepage is https://github.com/tseemann/prokka
[20:19:05] Local time is Tue Aug  9 20:19:05 2022
[20:19:05] You are diego
[20:19:05] Operating system is linux
[20:19:05] You have BioPerl 1.007002
[20:19:05] System has 12 cores.
[20:19:05] Will use maximum of 8 cores.
[20:19:05] Annotating as >>> Bacteria <<<
[20:19:05] Enabling options to ensure Genbank/ENA/DDJB submission compliance.
[20:19:05] Re-using existing --outdir prokka_VFCIXPIL_pseudofinder
[20:19:05] Using filename prefix: VFCIXPIL.XXX
[20:19:05] Setting HMMER_NCPU=1
[20:19:05] Writing log to: prokka_VFCIXPIL_pseudofinder/VFCIXPIL.log
[20:19:05] Command: /home/diego/miniconda3/envs/prokka_env/bin/prokka VFCIXPIL.fasta --prefix VFCIXPIL --locustag VFCIXPIL --outdir prokka_VFCIXPIL_pseudofinder -gcode 11 --compliant --rfam --cdsrnaolap --force
[20:19:05] Appending to PATH: /home/diego/miniconda3/envs/prokka_env/bin
[20:19:05] Looking for 'aragorn' - found /home/diego/miniconda3/envs/prokka_env/bin/aragorn
[20:19:05] Determined aragorn version is 001002 from 'ARAGORN v1.2.38 Dean Laslett'
[20:19:05] Looking for 'barrnap' - found /home/diego/miniconda3/envs/prokka_env/bin/barrnap
[20:19:05] Determined barrnap version is 000009 from 'barrnap 0.9'
[20:19:05] Looking for 'blastp' - found /home/diego/miniconda3/envs/prokka_env/bin/blastp
[20:19:05] Determined blastp version is 002010 from 'blastp: 2.10.1+'
[20:19:05] Looking for 'cmpress' - found /home/diego/miniconda3/envs/prokka_env/bin/cmpress
[20:19:05] Determined cmpress version is 001001 from '# INFERNAL 1.1.3 (Nov 2019)'
[20:19:05] Looking for 'cmscan' - found /home/diego/miniconda3/envs/prokka_env/bin/cmscan
[20:19:05] Determined cmscan version is 001001 from '# INFERNAL 1.1.3 (Nov 2019)'
[20:19:05] Looking for 'egrep' - found /usr/bin/egrep
[20:19:05] Looking for 'find' - found /usr/bin/find
[20:19:05] Looking for 'grep' - found /usr/bin/grep
[20:19:05] Looking for 'hmmpress' - found /home/diego/miniconda3/envs/prokka_env/bin/hmmpress
[20:19:05] Determined hmmpress version is 003003 from '# HMMER 3.3.2 (Nov 2020); http://hmmer.org/'
[20:19:05] Looking for 'hmmscan' - found /home/diego/miniconda3/envs/prokka_env/bin/hmmscan
[20:19:05] Determined hmmscan version is 003003 from '# HMMER 3.3.2 (Nov 2020); http://hmmer.org/'
[20:19:05] Looking for 'java' - found /home/diego/miniconda3/envs/prokka_env/bin/java
[20:19:05] Looking for 'makeblastdb' - found /home/diego/miniconda3/envs/prokka_env/bin/makeblastdb
[20:19:05] Determined makeblastdb version is 002010 from 'makeblastdb: 2.10.1+'
[20:19:05] Looking for 'minced' - found /home/diego/miniconda3/envs/prokka_env/bin/minced
[20:19:05] Determined minced version is 004002 from 'minced 0.4.2'
[20:19:05] Looking for 'parallel' - found /home/diego/miniconda3/envs/prokka_env/bin/parallel
[20:19:05] Determined parallel version is 20201122 from 'GNU parallel 20201122'
[20:19:05] Looking for 'prodigal' - found /home/diego/miniconda3/envs/prokka_env/bin/prodigal
[20:19:05] Determined prodigal version is 002006 from 'Prodigal V2.6.3: February, 2016'
[20:19:05] Looking for 'prokka-genbank_to_fasta_db' - found /home/diego/miniconda3/envs/prokka_env/bin/prokka-genbank_to_fasta_db
[20:19:05] Looking for 'rnammer' - found /home/diego/rnammer-1.2.src/rnammer
[20:19:05] Determined rnammer version is 001002 from 'This rnammer 1.2, running from '/home/diego/rnammer-1.2.src/''
[20:19:05] Looking for 'sed' - found /usr/bin/sed
[20:19:05] Looking for 'tbl2asn' - found /home/diego/tbl2asn
[20:19:05] Determined tbl2asn version is 025008 from 'tbl2asn 25.8   arguments:'
[20:19:05] Using genetic code table 11.
[20:19:05] Loading and checking input file: VFCIXPIL.fasta
[20:19:05] Wrote 1 contigs totalling 136474 bp.
[20:19:05] Predicting tRNAs and tmRNAs
[20:19:05] Running: aragorn -l -gc11  -w prokka_VFCIXPIL_pseudofinder\/VFCIXPIL\.fna
[20:19:05] 1 tRNA-Trp [1184,1254] 33 (cca)
[20:19:05] 2 tRNA-Phe [14626,14699] 34 (gaa)
[20:19:05] 3 tRNA-Gln [22841,22915] 35 (ttg)
[20:19:05] 4 tRNA-Ser [34038,34120] 35 (gct)
[20:19:05] 5 tRNA-Leu [55233,55313] 35 (aag)
[20:19:05] 6 tRNA-Leu [55314,55398] 35 (tag)
[20:19:05] 7 tRNA-Ser [55398,55482] 36 (aga)
[20:19:05] 8 tRNA-Asn c[59229,59301] 34 (gtt)
[20:19:05] 9 tRNA-Cys c[60476,60548] 34 (gca)
[20:19:05] 10 tRNA-Gly c[60548,60622] 35 (gcc)
[20:19:05] 11 tRNA-Val [67618,67689] 33 (tac)
[20:19:05] 12 tRNA-Leu c[69338,69420] 36 (caa)
[20:19:05] 13 tRNA-Ser c[69417,69503] 36 (tga)
[20:19:05] 14 tRNA-Arg [69577,69648] 34 (acg)
[20:19:05] 15 tRNA-Thr [72712,72784] 34 (tgt)
[20:19:05] 16 tRNA-His [72786,72857] 33 (gtg)
[20:19:05] 17 tRNA-Lys c[73900,73974] 35 (ttt)
[20:19:05] 18 tRNA-Val c[75063,75138] 35 (aac)
[20:19:05] 19 tRNA-Arg c[76214,76284] 33 (tct)
[20:19:05] 20 tRNA-Met c[76407,76481] 35 (cat)
[20:19:05] 21 tRNA-Pro [77944,78017] 34 (tgg)
[20:19:05] 22 tRNA-Asp c[88975,89048] 35 (gtc)
[20:19:05] 23 tRNA-Glu c[89048,89120] 34 (ttc)
[20:19:05] 24 tRNA-Ala c[117684,117755] 33 (tgc)
[20:19:05] 25 tRNA-Ile c[121643,121714] 33 (gat)
[20:19:05] 26 tRNA-Met [136145,136217] 34 (cat)
[20:19:05] 27 tRNA-Tyr [136301,136387] 35 (gta)
[20:19:05] 28 tRNA-Gly [136389,136459] 33 (tcc)
[20:19:05] Found 28 tRNAs
[20:19:05] Predicting Ribosomal RNAs
[20:19:05] Running Barrnap with 8 threads
[20:19:06] 1 gnl|Prokka|VFCIXPIL_1 118860 23S ribosomal RNA
[20:19:06] 2 gnl|Prokka|VFCIXPIL_1 121733 16S ribosomal RNA
[20:19:06] Found 2 rRNAs
[20:19:06] Scanning for ncRNAs... please be patient.
[20:19:06] Running: cmscan -Z 0.272948 --cut_ga --rfam --nohmmonly --fmt 2 --cpu 8 --tblout /dev/stdout -o /dev/null --noali /home/diego/miniconda3/envs/prokka_env/db/cm/Bacteria prokka_VFCIXPIL_pseudofinder\/VFCIXPIL\.fna
[20:19:12] Found 0 ncRNAs.
[20:19:12] Total of 30 tRNA + rRNA features
[20:19:12] Searching for CRISPR repeats
[20:19:12] Found 0 CRISPRs
[20:19:12] Predicting coding sequences
[20:19:12] Contigs total 136474 bp, so using single mode
[20:19:12] Running: prodigal -i prokka_VFCIXPIL_pseudofinder\/VFCIXPIL\.fna -c -m -g 11 -p single -f sco -q
[20:19:13] Found 117 CDS
[20:19:13] Connecting features back to sequences
[20:19:13] Not using genus-specific database. Try --usegenus to enable it.
[20:19:13] Annotating CDS, please be patient.
[20:19:13] Will use 8 CPUs for similarity searching.
[20:19:13] There are still 117 unannotated CDS left (started with 117)
[20:19:13] Will use blast to search against /home/diego/miniconda3/envs/prokka_env/db/kingdom/Bacteria/IS with 8 CPUs
[20:19:13] Running: cat prokka_VFCIXPIL_pseudofinder\/VFCIXPIL\.IS\.tmp\.198543\.faa | parallel --gnu --plain -j 8 --block 1831 --recstart '>' --pipe blastp -query - -db /home/diego/miniconda3/envs/prokka_env/db/kingdom/Bacteria/IS -evalue 1e-30 -qcov_hsp_perc 90 -num_threads 1 -num_descriptions 1 -num_alignments 1 -seg no > prokka_VFCIXPIL_pseudofinder\/VFCIXPIL\.IS\.tmp\.198543\.blast 2> /dev/null
[20:19:13] Deleting unwanted file: prokka_VFCIXPIL_pseudofinder/VFCIXPIL.IS.tmp.198543.faa
[20:19:13] Deleting unwanted file: prokka_VFCIXPIL_pseudofinder/VFCIXPIL.IS.tmp.198543.blast
[20:19:13] There are still 117 unannotated CDS left (started with 117)
[20:19:13] Will use blast to search against /home/diego/miniconda3/envs/prokka_env/db/kingdom/Bacteria/AMR with 8 CPUs
[20:19:13] Running: cat prokka_VFCIXPIL_pseudofinder\/VFCIXPIL\.AMR\.tmp\.198543\.faa | parallel --gnu --plain -j 8 --block 1831 --recstart '>' --pipe blastp -query - -db /home/diego/miniconda3/envs/prokka_env/db/kingdom/Bacteria/AMR -evalue 9.99999999999999e-301 -qcov_hsp_perc 90 -num_threads 1 -num_descriptions 1 -num_alignments 1 -seg no > prokka_VFCIXPIL_pseudofinder\/VFCIXPIL\.AMR\.tmp\.198543\.blast 2> /dev/null
[20:19:14] Deleting unwanted file: prokka_VFCIXPIL_pseudofinder/VFCIXPIL.AMR.tmp.198543.faa
[20:19:14] Deleting unwanted file: prokka_VFCIXPIL_pseudofinder/VFCIXPIL.AMR.tmp.198543.blast
[20:19:14] There are still 117 unannotated CDS left (started with 117)
[20:19:14] Will use blast to search against /home/diego/miniconda3/envs/prokka_env/db/kingdom/Bacteria/sprot with 8 CPUs
[20:19:14] Running: cat prokka_VFCIXPIL_pseudofinder\/VFCIXPIL\.sprot\.tmp\.198543\.faa | parallel --gnu --plain -j 8 --block 1831 --recstart '>' --pipe blastp -query - -db /home/diego/miniconda3/envs/prokka_env/db/kingdom/Bacteria/sprot -evalue 1e-09 -qcov_hsp_perc 80 -num_threads 1 -num_descriptions 1 -num_alignments 1 -seg no > prokka_VFCIXPIL_pseudofinder\/VFCIXPIL\.sprot\.tmp\.198543\.blast 2> /dev/null
[20:19:16] Deleting unwanted file: prokka_VFCIXPIL_pseudofinder/VFCIXPIL.sprot.tmp.198543.faa
[20:19:16] Deleting unwanted file: prokka_VFCIXPIL_pseudofinder/VFCIXPIL.sprot.tmp.198543.blast
[20:19:16] There are still 48 unannotated CDS left (started with 117)
[20:19:16] Will use hmmer3 to search against /home/diego/miniconda3/envs/prokka_env/db/hmm/HAMAP.hmm with 8 CPUs
[20:19:16] Running: cat prokka_VFCIXPIL_pseudofinder\/VFCIXPIL\.HAMAP\.hmm\.tmp\.198543\.faa | parallel --gnu --plain -j 8 --block 461 --recstart '>' --pipe hmmscan --noali --notextw --acc -E 1e-09 --cpu 1 /home/diego/miniconda3/envs/prokka_env/db/hmm/HAMAP.hmm /dev/stdin > prokka_VFCIXPIL_pseudofinder\/VFCIXPIL\.HAMAP\.hmm\.tmp\.198543\.hmmer3 2> /dev/null
[20:19:17] Deleting unwanted file: prokka_VFCIXPIL_pseudofinder/VFCIXPIL.HAMAP.hmm.tmp.198543.faa
[20:19:17] Deleting unwanted file: prokka_VFCIXPIL_pseudofinder/VFCIXPIL.HAMAP.hmm.tmp.198543.hmmer3
[20:19:17] Labelling remaining 44 proteins as 'hypothetical protein'
[20:19:17] Found 73 unique /gene codes.
[20:19:17] Fixed 0 colliding /gene names.
[20:19:17] Adding /locus_tag identifiers
[20:19:17] Assigned 147 locus_tags to CDS and RNA features.
[20:19:17] Writing outputs to prokka_VFCIXPIL_pseudofinder/
[20:19:17] Generating annotation statistics file
[20:19:17] Generating Genbank and Sequin files
[20:19:17] Running: tbl2asn -V b -a r10k -l paired-ends -M n -N 1 -y 'Annotated using prokka 1.14.6 from https://github.com/tseemann/prokka' -Z prokka_VFCIXPIL_pseudofinder\/VFCIXPIL\.err -i prokka_VFCIXPIL_pseudofinder\/VFCIXPIL\.fsa 2> /dev/null
[20:19:17] Deleting unwanted file: prokka_VFCIXPIL_pseudofinder/errorsummary.val
[20:19:17] Deleting unwanted file: prokka_VFCIXPIL_pseudofinder/VFCIXPIL.dr
[20:19:17] Deleting unwanted file: prokka_VFCIXPIL_pseudofinder/VFCIXPIL.fixedproducts
[20:19:17] Deleting unwanted file: prokka_VFCIXPIL_pseudofinder/VFCIXPIL.ecn
[20:19:17] Deleting unwanted file: prokka_VFCIXPIL_pseudofinder/VFCIXPIL.val
[20:19:17] Repairing broken .GBK output that tbl2asn produces...
[20:19:17] Running: sed 's/COORDINATES: profile/COORDINATES:profile/' < prokka_VFCIXPIL_pseudofinder\/VFCIXPIL\.gbf > prokka_VFCIXPIL_pseudofinder\/VFCIXPIL\.gbk
[20:19:17] Deleting unwanted file: prokka_VFCIXPIL_pseudofinder/VFCIXPIL.gbf
[20:19:17] Output files:
[20:19:17] prokka_VFCIXPIL_pseudofinder/VFCIXPIL.sqn
[20:19:17] prokka_VFCIXPIL_pseudofinder/VFCIXPIL.fna
[20:19:17] prokka_VFCIXPIL_pseudofinder/VFCIXPIL.tbl
[20:19:17] prokka_VFCIXPIL_pseudofinder/VFCIXPIL.gff
[20:19:17] prokka_VFCIXPIL_pseudofinder/VFCIXPIL.fsa
[20:19:17] prokka_VFCIXPIL_pseudofinder/VFCIXPIL.log
[20:19:17] prokka_VFCIXPIL_pseudofinder/VFCIXPIL.txt
[20:19:17] prokka_VFCIXPIL_pseudofinder/VFCIXPIL.err
[20:19:17] prokka_VFCIXPIL_pseudofinder/VFCIXPIL.gbk
[20:19:17] prokka_VFCIXPIL_pseudofinder/VFCIXPIL.tsv
[20:19:17] prokka_VFCIXPIL_pseudofinder/VFCIXPIL.faa
[20:19:17] prokka_VFCIXPIL_pseudofinder/VFCIXPIL.ffn
[20:19:17] Annotation finished successfully.
[20:19:17] Walltime used: 0.20 minutes
[20:19:17] If you use this result please cite the Prokka paper:
[20:19:17] Seemann T (2014) Prokka: rapid prokaryotic genome annotation. Bioinformatics. 30(14):2068-9.
[20:19:17] Type 'prokka --citation' for more details.
[20:19:17] Thank you, come again.
