[13:47:51] This is prokka 1.14.6
[13:47:51] Written by Torsten Seemann <torsten.seemann@gmail.com>
[13:47:51] Homepage is https://github.com/tseemann/prokka
[13:47:51] Local time is Thu Nov 10 13:47:51 2022
[13:47:51] You are diego
[13:47:51] Operating system is linux
[13:47:51] You have BioPerl 1.007002
[13:47:51] System has 12 cores.
[13:47:51] Will use maximum of 8 cores.
[13:47:51] Annotating as >>> Bacteria <<<
[13:47:51] Creating new output folder: prokka_VFMYCCUN
[13:47:51] Running: mkdir -p prokka_VFMYCCUN
[13:47:51] Using filename prefix: VFMYCCUN.XXX
[13:47:51] Setting HMMER_NCPU=1
[13:47:51] Writing log to: prokka_VFMYCCUN/VFMYCCUN.log
[13:47:51] Command: /home/diego/miniconda3/envs/prokka_env/bin/prokka VFMYCCUN.fasta --prefix VFMYCCUN --outdir prokka_VFMYCCUN --cpus 8 --locustag VFMYCCUN
[13:47:51] Appending to PATH: /home/diego/miniconda3/envs/prokka_env/bin
[13:47:51] Looking for 'aragorn' - found /home/diego/miniconda3/envs/prokka_env/bin/aragorn
[13:47:51] Determined aragorn version is 001002 from 'ARAGORN v1.2.38 Dean Laslett'
[13:47:51] Looking for 'barrnap' - found /home/diego/miniconda3/envs/prokka_env/bin/barrnap
[13:47:51] Determined barrnap version is 000009 from 'barrnap 0.9'
[13:47:51] Looking for 'blastp' - found /home/diego/miniconda3/envs/prokka_env/bin/blastp
[13:47:51] Determined blastp version is 002010 from 'blastp: 2.10.1+'
[13:47:51] Looking for 'cmpress' - found /home/diego/miniconda3/envs/prokka_env/bin/cmpress
[13:47:51] Determined cmpress version is 001001 from '# INFERNAL 1.1.3 (Nov 2019)'
[13:47:51] Looking for 'cmscan' - found /home/diego/miniconda3/envs/prokka_env/bin/cmscan
[13:47:51] Determined cmscan version is 001001 from '# INFERNAL 1.1.3 (Nov 2019)'
[13:47:51] Looking for 'egrep' - found /usr/bin/egrep
[13:47:51] Looking for 'find' - found /usr/bin/find
[13:47:51] Looking for 'grep' - found /usr/bin/grep
[13:47:51] Looking for 'hmmpress' - found /home/diego/miniconda3/envs/prokka_env/bin/hmmpress
[13:47:51] Determined hmmpress version is 003003 from '# HMMER 3.3.2 (Nov 2020); http://hmmer.org/'
[13:47:51] Looking for 'hmmscan' - found /home/diego/miniconda3/envs/prokka_env/bin/hmmscan
[13:47:51] Determined hmmscan version is 003003 from '# HMMER 3.3.2 (Nov 2020); http://hmmer.org/'
[13:47:51] Looking for 'java' - found /home/diego/miniconda3/envs/prokka_env/bin/java
[13:47:51] Looking for 'makeblastdb' - found /home/diego/miniconda3/envs/prokka_env/bin/makeblastdb
[13:47:51] Determined makeblastdb version is 002010 from 'makeblastdb: 2.10.1+'
[13:47:51] Looking for 'minced' - found /home/diego/miniconda3/envs/prokka_env/bin/minced
[13:47:51] Determined minced version is 004002 from 'minced 0.4.2'
[13:47:51] Looking for 'parallel' - found /home/diego/miniconda3/envs/prokka_env/bin/parallel
[13:47:51] Determined parallel version is 20201122 from 'GNU parallel 20201122'
[13:47:51] Looking for 'prodigal' - found /home/diego/miniconda3/envs/prokka_env/bin/prodigal
[13:47:51] Determined prodigal version is 002006 from 'Prodigal V2.6.3: February, 2016'
[13:47:51] Looking for 'prokka-genbank_to_fasta_db' - found /home/diego/miniconda3/envs/prokka_env/bin/prokka-genbank_to_fasta_db
[13:47:51] Looking for 'rnammer' - found /home/diego/rnammer-1.2.src/rnammer
[13:47:51] Determined rnammer version is 001002 from 'This rnammer 1.2, running from '/home/diego/rnammer-1.2.src/''
[13:47:51] Looking for 'sed' - found /usr/bin/sed
[13:47:51] Looking for 'tbl2asn' - found /home/diego/tbl2asn
[13:47:51] Determined tbl2asn version is 025008 from 'tbl2asn 25.8   arguments:'
[13:47:51] Using genetic code table 11.
[13:47:51] Loading and checking input file: VFMYCCUN.fasta
[13:47:51] Wrote 1 contigs totalling 117033 bp.
[13:47:51] Predicting tRNAs and tmRNAs
[13:47:51] Running: aragorn -l -gc11  -w prokka_VFMYCCUN\/VFMYCCUN\.fna
[13:47:51] 1 tRNA-Trp [1176,1246] 33 (cca)
[13:47:51] 2 tRNA-Phe [13926,14000] 35 (gaa)
[13:47:51] 3 tRNA-Gln [18508,18579] 34 (ttg)
[13:47:51] 4 tRNA-Ser [25381,25465] 36 (gct)
[13:47:51] 5 tRNA-Met [42795,42866] 33 (cat)
[13:47:51] 6 tRNA-Leu [45914,45988] 35 (tag)
[13:47:51] 7 tRNA-Ser [45989,46071] 35 (aga)
[13:47:51] 8 tRNA-Asn c[50684,50755] 33 (gtt)
[13:47:51] 9 tRNA-Cys c[50862,50932] 33 (gca)
[13:47:51] 10 tRNA-Gly c[50932,51005] 34 (gcc)
[13:47:51] 11 tRNA-Val [57694,57764] 33 (tac)
[13:47:51] 12 tRNA-Leu c[59514,59599] 36 (caa)
[13:47:51] 13 tRNA-Ser c[59601,59683] 35 (tga)
[13:47:51] 14 tRNA-Arg [59687,59759] 34 (acg)
[13:47:51] 15 tRNA-Thr [65611,65681] 33 (tgt)
[13:47:51] 16 tRNA-His [65683,65755] 34 (gtg)
[13:47:51] 17 tRNA-Lys c[66569,66644] 36 (ttt)
[13:47:51] 18 tRNA-Arg c[68628,68701] 35 (tct)
[13:47:51] 19 tRNA-Met c[68817,68890] 34 (cat)
[13:47:51] 20 tRNA-Pro [68923,68996] 34 (tgg)
[13:47:51] 21 tRNA-Asp c[78360,78433] 34 (gtc)
[13:47:51] 22 tRNA-Glu c[78435,78505] 33 (ttc)
[13:47:51] 23 tRNA-Ala c[99280,99351] 33 (tgc)
[13:47:51] 24 tRNA-Ile c[103446,103517] 33 (gat)
[13:47:51] 25 tRNA-Met [116798,116868] 33 (cat)
[13:47:51] 26 tRNA-Tyr [116871,116955] 35 (gta)
[13:47:51] 27 tRNA-Gly [116957,117027] 33 (tcc)
[13:47:51] Found 27 tRNAs
[13:47:51] Predicting Ribosomal RNAs
[13:47:51] Running Barrnap with 8 threads
[13:47:52] 1 VFMYCCUN 100687 23S ribosomal RNA
[13:47:52] 2 VFMYCCUN 103531 16S ribosomal RNA
[13:47:52] Found 2 rRNAs
[13:47:52] Skipping ncRNA search, enable with --rfam if desired.
[13:47:52] Total of 29 tRNA + rRNA features
[13:47:52] Searching for CRISPR repeats
[13:47:52] Found 0 CRISPRs
[13:47:52] Predicting coding sequences
[13:47:52] Contigs total 117033 bp, so using single mode
[13:47:52] Running: prodigal -i prokka_VFMYCCUN\/VFMYCCUN\.fna -c -m -g 11 -p single -f sco -q
[13:47:52] Excluding CDS which overlaps existing RNA (tRNA) at VFMYCCUN:1..1185 on + strand
[13:47:52] Excluding CDS which overlaps existing RNA (tRNA) at VFMYCCUN:13534..13944 on + strand
[13:47:52] Excluding CDS which overlaps existing RNA (tRNA) at VFMYCCUN:18555..19418 on + strand
[13:47:52] Excluding CDS which overlaps existing RNA (tRNA) at VFMYCCUN:23340..25382 on + strand
[13:47:52] Excluding CDS which overlaps existing RNA (tRNA) at VFMYCCUN:25446..25613 on - strand
[13:47:52] Excluding CDS which overlaps existing RNA (tRNA) at VFMYCCUN:41398..42804 on + strand
[13:47:52] Excluding CDS which overlaps existing RNA (tRNA) at VFMYCCUN:45759..45944 on + strand
[13:47:52] Excluding CDS which overlaps existing RNA (tRNA) at VFMYCCUN:50757..50888 on + strand
[13:47:52] Excluding CDS which overlaps existing RNA (tRNA) at VFMYCCUN:50977..51435 on - strand
[13:47:52] Excluding CDS which overlaps existing RNA (tRNA) at VFMYCCUN:56566..57708 on + strand
[13:47:52] Excluding CDS which overlaps existing RNA (tRNA) at VFMYCCUN:58448..59521 on + strand
[13:47:52] Excluding CDS which overlaps existing RNA (tRNA) at VFMYCCUN:65345..65620 on + strand
[13:47:52] Excluding CDS which overlaps existing RNA (tRNA) at VFMYCCUN:65760..66572 on + strand
[13:47:52] Excluding CDS which overlaps existing RNA (tRNA) at VFMYCCUN:66634..66981 on - strand
[13:47:52] Excluding CDS which overlaps existing RNA (tRNA) at VFMYCCUN:78157..78399 on + strand
[13:47:52] Excluding CDS which overlaps existing RNA (tRNA) at VFMYCCUN:98509..99306 on - strand
[13:47:52] Excluding CDS which overlaps existing RNA (rRNA) at VFMYCCUN:100808..101299 on + strand
[13:47:52] Excluding CDS which overlaps existing RNA (rRNA) at VFMYCCUN:101677..101784 on - strand
[13:47:52] Excluding CDS which overlaps existing RNA (tRNA) at VFMYCCUN:115813..116811 on + strand
[13:47:52] Found 118 CDS
[13:47:52] Connecting features back to sequences
[13:47:52] Not using genus-specific database. Try --usegenus to enable it.
[13:47:52] Annotating CDS, please be patient.
[13:47:52] Will use 8 CPUs for similarity searching.
[13:47:52] There are still 118 unannotated CDS left (started with 118)
[13:47:52] Will use blast to search against /home/diego/miniconda3/envs/prokka_env/db/kingdom/Bacteria/IS with 8 CPUs
[13:47:52] Running: cat prokka_VFMYCCUN\/VFMYCCUN\.IS\.tmp\.125320\.faa | parallel --gnu --plain -j 8 --block 2062 --recstart '>' --pipe blastp -query - -db /home/diego/miniconda3/envs/prokka_env/db/kingdom/Bacteria/IS -evalue 1e-30 -qcov_hsp_perc 90 -num_threads 1 -num_descriptions 1 -num_alignments 1 -seg no > prokka_VFMYCCUN\/VFMYCCUN\.IS\.tmp\.125320\.blast 2> /dev/null
[13:47:53] Deleting unwanted file: prokka_VFMYCCUN/VFMYCCUN.IS.tmp.125320.faa
[13:47:53] Deleting unwanted file: prokka_VFMYCCUN/VFMYCCUN.IS.tmp.125320.blast
[13:47:53] There are still 118 unannotated CDS left (started with 118)
[13:47:53] Will use blast to search against /home/diego/miniconda3/envs/prokka_env/db/kingdom/Bacteria/AMR with 8 CPUs
[13:47:53] Running: cat prokka_VFMYCCUN\/VFMYCCUN\.AMR\.tmp\.125320\.faa | parallel --gnu --plain -j 8 --block 2062 --recstart '>' --pipe blastp -query - -db /home/diego/miniconda3/envs/prokka_env/db/kingdom/Bacteria/AMR -evalue 9.99999999999999e-301 -qcov_hsp_perc 90 -num_threads 1 -num_descriptions 1 -num_alignments 1 -seg no > prokka_VFMYCCUN\/VFMYCCUN\.AMR\.tmp\.125320\.blast 2> /dev/null
[13:47:54] Deleting unwanted file: prokka_VFMYCCUN/VFMYCCUN.AMR.tmp.125320.faa
[13:47:54] Deleting unwanted file: prokka_VFMYCCUN/VFMYCCUN.AMR.tmp.125320.blast
[13:47:54] There are still 118 unannotated CDS left (started with 118)
[13:47:54] Will use blast to search against /home/diego/miniconda3/envs/prokka_env/db/kingdom/Bacteria/sprot with 8 CPUs
[13:47:54] Running: cat prokka_VFMYCCUN\/VFMYCCUN\.sprot\.tmp\.125320\.faa | parallel --gnu --plain -j 8 --block 2062 --recstart '>' --pipe blastp -query - -db /home/diego/miniconda3/envs/prokka_env/db/kingdom/Bacteria/sprot -evalue 1e-09 -qcov_hsp_perc 80 -num_threads 1 -num_descriptions 1 -num_alignments 1 -seg no > prokka_VFMYCCUN\/VFMYCCUN\.sprot\.tmp\.125320\.blast 2> /dev/null
[13:47:57] Deleting unwanted file: prokka_VFMYCCUN/VFMYCCUN.sprot.tmp.125320.faa
[13:47:57] Deleting unwanted file: prokka_VFMYCCUN/VFMYCCUN.sprot.tmp.125320.blast
[13:47:57] There are still 43 unannotated CDS left (started with 118)
[13:47:57] Will use hmmer3 to search against /home/diego/miniconda3/envs/prokka_env/db/hmm/HAMAP.hmm with 8 CPUs
[13:47:57] Running: cat prokka_VFMYCCUN\/VFMYCCUN\.HAMAP\.hmm\.tmp\.125320\.faa | parallel --gnu --plain -j 8 --block 562 --recstart '>' --pipe hmmscan --noali --notextw --acc -E 1e-09 --cpu 1 /home/diego/miniconda3/envs/prokka_env/db/hmm/HAMAP.hmm /dev/stdin > prokka_VFMYCCUN\/VFMYCCUN\.HAMAP\.hmm\.tmp\.125320\.hmmer3 2> /dev/null
[13:47:58] Deleting unwanted file: prokka_VFMYCCUN/VFMYCCUN.HAMAP.hmm.tmp.125320.faa
[13:47:58] Deleting unwanted file: prokka_VFMYCCUN/VFMYCCUN.HAMAP.hmm.tmp.125320.hmmer3
[13:47:58] Labelling remaining 35 proteins as 'hypothetical protein'
[13:47:58] Found 83 unique /gene codes.
[13:47:58] Fixed 0 colliding /gene names.
[13:47:58] Adding /locus_tag identifiers
[13:47:58] Assigned 147 locus_tags to CDS and RNA features.
[13:47:58] Writing outputs to prokka_VFMYCCUN/
[13:47:58] Generating annotation statistics file
[13:47:58] Generating Genbank and Sequin files
[13:47:58] Running: tbl2asn -V b -a r10k -l paired-ends -M n -N 1 -y 'Annotated using prokka 1.14.6 from https://github.com/tseemann/prokka' -Z prokka_VFMYCCUN\/VFMYCCUN\.err -i prokka_VFMYCCUN\/VFMYCCUN\.fsa 2> /dev/null
[13:47:59] Deleting unwanted file: prokka_VFMYCCUN/errorsummary.val
[13:47:59] Deleting unwanted file: prokka_VFMYCCUN/VFMYCCUN.dr
[13:47:59] Deleting unwanted file: prokka_VFMYCCUN/VFMYCCUN.fixedproducts
[13:47:59] Deleting unwanted file: prokka_VFMYCCUN/VFMYCCUN.ecn
[13:47:59] Deleting unwanted file: prokka_VFMYCCUN/VFMYCCUN.val
[13:47:59] Repairing broken .GBK output that tbl2asn produces...
[13:47:59] Running: sed 's/COORDINATES: profile/COORDINATES:profile/' < prokka_VFMYCCUN\/VFMYCCUN\.gbf > prokka_VFMYCCUN\/VFMYCCUN\.gbk
[13:47:59] Deleting unwanted file: prokka_VFMYCCUN/VFMYCCUN.gbf
[13:47:59] Output files:
[13:47:59] prokka_VFMYCCUN/VFMYCCUN.txt
[13:47:59] prokka_VFMYCCUN/VFMYCCUN.fsa
[13:47:59] prokka_VFMYCCUN/VFMYCCUN.gbk
[13:47:59] prokka_VFMYCCUN/VFMYCCUN.sqn
[13:47:59] prokka_VFMYCCUN/VFMYCCUN.faa
[13:47:59] prokka_VFMYCCUN/VFMYCCUN.tsv
[13:47:59] prokka_VFMYCCUN/VFMYCCUN.gff
[13:47:59] prokka_VFMYCCUN/VFMYCCUN.log
[13:47:59] prokka_VFMYCCUN/VFMYCCUN.tbl
[13:47:59] prokka_VFMYCCUN/VFMYCCUN.ffn
[13:47:59] prokka_VFMYCCUN/VFMYCCUN.err
[13:47:59] prokka_VFMYCCUN/VFMYCCUN.fna
[13:47:59] Annotation finished successfully.
[13:47:59] Walltime used: 0.13 minutes
[13:47:59] If you use this result please cite the Prokka paper:
[13:47:59] Seemann T (2014) Prokka: rapid prokaryotic genome annotation. Bioinformatics. 30(14):2068-9.
[13:47:59] Type 'prokka --citation' for more details.
[13:47:59] Thank you, come again.
