Discrepancy Report Results

Summary
DISC_SOURCE_QUALS_ASNDISC:strain (all present, all unique)
DISC_SOURCE_QUALS_ASNDISC:taxname (all present, all unique)
DISC_FEATURE_COUNT:gene: 176 present
DISC_FEATURE_COUNT:CDS: 142 present
DISC_FEATURE_COUNT:tRNA: 29 present
DISC_FEATURE_COUNT:rRNA: 3 present
DISC_FEATURE_COUNT:misc_RNA: 1 present
DISC_FEATURE_COUNT:tmRNA: 1 present
DISC_COUNT_NUCLEOTIDES:1 nucleotide Bioseqs are present
OVERLAPPING_GENES:49 genes overlap another gene on the same strand.
RNA_CDS_OVERLAP:6 coding regions overlap RNA features
DISC_QUALITY_SCORES:Quality scores are missing on all sequences.
DISC_BAD_BACTERIAL_GENE_NAME:2 bacterial genes do not start with lowercase letters
ONCALLER_COMMENT_PRESENT:1 comment descriptors were found (all same)
SHORT_PROT_SEQUENCES:3 protein sequences are shorter than 50 aa.
MISSING_GENOMEASSEMBLY_COMMENTS:1 bioseqs are missing GenomeAssembly structured comments
TEST_UNUSUAL_MISC_RNA:1 unexpected misc_RNA features found.  misc_RNAs are unusual in a genome, consider using ncRNA, misc_binding, or misc_feature as appropriate.
MOLTYPE_NOT_MRNA:1 molecule types are not set as mRNA.
TECHNIQUE_NOT_TSA:1 technique are not set as TSA
MISSING_STRUCTURED_COMMENT:1 sequences do not include structured comments.
MISSING_PROJECT:143 sequences do not include project.
DISC_INCONSISTENT_MOLINFO_TECH:Molinfo Technique Report (some missing, all same)


Detailed Report

DiscRep_ALL:DISC_SOURCE_QUALS_ASNDISC::strain (all present, all unique)
DiscRep_SUB:DISC_SOURCE_QUALS_ASNDISC::1 sources have unique values for strain
DiscRep_ALL:DISC_SOURCE_QUALS_ASNDISC::taxname (all present, all unique)
DiscRep_SUB:DISC_SOURCE_QUALS_ASNDISC::1 sources have unique values for taxname
DiscRep_ALL:DISC_FEATURE_COUNT::gene: 176 present
DiscRep_ALL:DISC_FEATURE_COUNT::CDS: 142 present
DiscRep_ALL:DISC_FEATURE_COUNT::tRNA: 29 present
DiscRep_ALL:DISC_FEATURE_COUNT::rRNA: 3 present
DiscRep_ALL:DISC_FEATURE_COUNT::misc_RNA: 1 present
DiscRep_ALL:DISC_FEATURE_COUNT::tmRNA: 1 present
DiscRep_ALL:DISC_COUNT_NUCLEOTIDES::1 nucleotide Bioseqs are present
prokka_SMSCODIS_pseudofinder/SMSCODIS:Prokka:SMSCODIS_1 (length 140757)

DiscRep_ALL:OVERLAPPING_GENES::49 genes overlap another gene on the same strand.
prokka_SMSCODIS_pseudofinder/SMSCODIS:Gene	prfA	SMSCODIS_1:7340-8428	SMSCODIS_00007
prokka_SMSCODIS_pseudofinder/SMSCODIS:Gene	rsmA	SMSCODIS_1:8406-9173	SMSCODIS_00008
prokka_SMSCODIS_pseudofinder/SMSCODIS:Gene	SMSCODIS_00018	SMSCODIS_1:c18437-18168	SMSCODIS_00018
prokka_SMSCODIS_pseudofinder/SMSCODIS:Gene	SMSCODIS_00019	SMSCODIS_1:c18798-18415	SMSCODIS_00019
prokka_SMSCODIS_pseudofinder/SMSCODIS:Gene	rpmA	SMSCODIS_1:c19365-19108	SMSCODIS_00021
prokka_SMSCODIS_pseudofinder/SMSCODIS:Gene	rplU	SMSCODIS_1:c19702-19355	SMSCODIS_00022
prokka_SMSCODIS_pseudofinder/SMSCODIS:Gene	grpE	SMSCODIS_1:44003-44557	SMSCODIS_00053
prokka_SMSCODIS_pseudofinder/SMSCODIS:Gene	dnaJ	SMSCODIS_1:44550-45722	SMSCODIS_00054
prokka_SMSCODIS_pseudofinder/SMSCODIS:Gene	SMSCODIS_00059	SMSCODIS_1:c49141-48935	SMSCODIS_00059
prokka_SMSCODIS_pseudofinder/SMSCODIS:Gene	infC	SMSCODIS_1:c49703-49086	SMSCODIS_00060
prokka_SMSCODIS_pseudofinder/SMSCODIS:Gene	rplM	SMSCODIS_1:51734-52141	SMSCODIS_00062
prokka_SMSCODIS_pseudofinder/SMSCODIS:Gene	rpsI	SMSCODIS_1:52141-52533	SMSCODIS_00063
prokka_SMSCODIS_pseudofinder/SMSCODIS:Gene	rpsB	SMSCODIS_1:52539-53264	SMSCODIS_00064
prokka_SMSCODIS_pseudofinder/SMSCODIS:Gene	TSFM	SMSCODIS_1:53242-53874	SMSCODIS_00065
prokka_SMSCODIS_pseudofinder/SMSCODIS:Gene	rplK	SMSCODIS_1:68762-69199	SMSCODIS_00087
prokka_SMSCODIS_pseudofinder/SMSCODIS:Gene	rplA	SMSCODIS_1:69168-69812	SMSCODIS_00088
prokka_SMSCODIS_pseudofinder/SMSCODIS:Gene	SMSCODIS_00089	SMSCODIS_1:69809-70351	SMSCODIS_00089
prokka_SMSCODIS_pseudofinder/SMSCODIS:Gene	rplL	SMSCODIS_1:70341-70709	SMSCODIS_00090
prokka_SMSCODIS_pseudofinder/SMSCODIS:Gene	SMSCODIS_00096	SMSCODIS_1:c80772-80587	SMSCODIS_00096
prokka_SMSCODIS_pseudofinder/SMSCODIS:Gene	SMSCODIS_00097	SMSCODIS_1:c80992-80762	SMSCODIS_00097
prokka_SMSCODIS_pseudofinder/SMSCODIS:Gene	SMSCODIS_00099	SMSCODIS_1:c82581-82508	SMSCODIS_00099
prokka_SMSCODIS_pseudofinder/SMSCODIS:Gene	leuS	SMSCODIS_1:c85325-82581	SMSCODIS_00100
prokka_SMSCODIS_pseudofinder/SMSCODIS:Gene	tyrS1	SMSCODIS_1:c86601-85315	SMSCODIS_00101
prokka_SMSCODIS_pseudofinder/SMSCODIS:Gene	leuC	SMSCODIS_1:87857-89266	SMSCODIS_00103
prokka_SMSCODIS_pseudofinder/SMSCODIS:Gene	leuD	SMSCODIS_1:89253-89837	SMSCODIS_00104
prokka_SMSCODIS_pseudofinder/SMSCODIS:Gene	sufC	SMSCODIS_1:101242-101988	SMSCODIS_00119
prokka_SMSCODIS_pseudofinder/SMSCODIS:Gene	sufD	SMSCODIS_1:101985-103334	SMSCODIS_00120
prokka_SMSCODIS_pseudofinder/SMSCODIS:Gene	sufS	SMSCODIS_1:103321-104550	SMSCODIS_00121
prokka_SMSCODIS_pseudofinder/SMSCODIS:Gene	pnp	SMSCODIS_1:c112116-109936	SMSCODIS_00131
prokka_SMSCODIS_pseudofinder/SMSCODIS:Gene	SMSCODIS_00132	SMSCODIS_1:c112319-112113	SMSCODIS_00132
prokka_SMSCODIS_pseudofinder/SMSCODIS:Gene	rpsJ	SMSCODIS_1:116256-116552	SMSCODIS_00138
prokka_SMSCODIS_pseudofinder/SMSCODIS:Gene	rplC	SMSCODIS_1:116546-117181	SMSCODIS_00139
prokka_SMSCODIS_pseudofinder/SMSCODIS:Gene	rplD	SMSCODIS_1:117175-117822	SMSCODIS_00140
prokka_SMSCODIS_pseudofinder/SMSCODIS:Gene	rpsS	SMSCODIS_1:118964-119269	SMSCODIS_00143
prokka_SMSCODIS_pseudofinder/SMSCODIS:Gene	SMSCODIS_00144	SMSCODIS_1:119262-119654	SMSCODIS_00144
prokka_SMSCODIS_pseudofinder/SMSCODIS:Gene	rpsC	SMSCODIS_1:119639-120340	SMSCODIS_00145
prokka_SMSCODIS_pseudofinder/SMSCODIS:Gene	rplP	SMSCODIS_1:120318-120722	SMSCODIS_00146
prokka_SMSCODIS_pseudofinder/SMSCODIS:Gene	rpsQ	SMSCODIS_1:120722-120994	SMSCODIS_00147
prokka_SMSCODIS_pseudofinder/SMSCODIS:Gene	rplN	SMSCODIS_1:120969-121337	SMSCODIS_00148
prokka_SMSCODIS_pseudofinder/SMSCODIS:Gene	SMSCODIS_00149	SMSCODIS_1:121361-121708	SMSCODIS_00149
prokka_SMSCODIS_pseudofinder/SMSCODIS:Gene	rplE	SMSCODIS_1:121692-122237	SMSCODIS_00150
prokka_SMSCODIS_pseudofinder/SMSCODIS:Gene	rpsM	SMSCODIS_1:125298-125675	SMSCODIS_00159
prokka_SMSCODIS_pseudofinder/SMSCODIS:Gene	rpsK	SMSCODIS_1:125672-126031	SMSCODIS_00160
prokka_SMSCODIS_pseudofinder/SMSCODIS:Gene	rpoA	SMSCODIS_1:126701-127687	SMSCODIS_00162
prokka_SMSCODIS_pseudofinder/SMSCODIS:Gene	rplQ	SMSCODIS_1:127684-128034	SMSCODIS_00163
prokka_SMSCODIS_pseudofinder/SMSCODIS:Gene	rsmH	SMSCODIS_1:128035-128976	SMSCODIS_00164
prokka_SMSCODIS_pseudofinder/SMSCODIS:Gene	SMSCODIS_00165	SMSCODIS_1:128946-129252	SMSCODIS_00165
prokka_SMSCODIS_pseudofinder/SMSCODIS:Gene	mutL	SMSCODIS_1:c130897-129218	SMSCODIS_00166
prokka_SMSCODIS_pseudofinder/SMSCODIS:Gene	lysS	SMSCODIS_1:c132354-130894	SMSCODIS_00167

DiscRep_ALL:RNA_CDS_OVERLAP::6 coding regions overlap RNA features
FATAL: DiscRep_SUB:RNA_CDS_OVERLAP::2 coding regions are completely contained in RNAs
prokka_SMSCODIS_pseudofinder/SMSCODIS:CDS	hypothetical protein	SMSCODIS_1:60188-60646	SMSCODIS_00074
prokka_SMSCODIS_pseudofinder/SMSCODIS:rRNA	23S ribosomal RNA	SMSCODIS_1:c62930-60066	SMSCODIS_00073
prokka_SMSCODIS_pseudofinder/SMSCODIS:CDS	hypothetical protein	SMSCODIS_1:60799-61056	SMSCODIS_00075
prokka_SMSCODIS_pseudofinder/SMSCODIS:rRNA	23S ribosomal RNA	SMSCODIS_1:c62930-60066	SMSCODIS_00073

DiscRep_SUB:RNA_CDS_OVERLAP::4 coding regions overlap RNAs (no containment)
DiscRep_SUB:RNA_CDS_OVERLAP::2 coding regions overlap RNAs on the same strand (no containment)
prokka_SMSCODIS_pseudofinder/SMSCODIS:CDS	Leucine--tRNA ligase	SMSCODIS_1:c85325-82581	SMSCODIS_00100
prokka_SMSCODIS_pseudofinder/SMSCODIS:tRNA	Phe	SMSCODIS_1:c82581-82508	SMSCODIS_00099
prokka_SMSCODIS_pseudofinder/SMSCODIS:CDS	Ribosomal RNA small subunit methyltransferase H	SMSCODIS_1:128035-128976	SMSCODIS_00164
prokka_SMSCODIS_pseudofinder/SMSCODIS:RNA	RNaseP_bact_a	SMSCODIS_1:128946-129252	SMSCODIS_00165

DiscRep_SUB:RNA_CDS_OVERLAP::2 coding regions overlap RNAs on the opposite strand (no containment)
prokka_SMSCODIS_pseudofinder/SMSCODIS:CDS	Glycine--tRNA ligase	SMSCODIS_1:c28874-27405	SMSCODIS_00037
prokka_SMSCODIS_pseudofinder/SMSCODIS:tRNA	Arg	SMSCODIS_1:27330-27405	SMSCODIS_00036
prokka_SMSCODIS_pseudofinder/SMSCODIS:CDS	DNA mismatch repair protein MutL	SMSCODIS_1:c130897-129218	SMSCODIS_00166
prokka_SMSCODIS_pseudofinder/SMSCODIS:RNA	RNaseP_bact_a	SMSCODIS_1:128946-129252	SMSCODIS_00165

DiscRep_ALL:DISC_QUALITY_SCORES::Quality scores are missing on all sequences.

DiscRep_ALL:DISC_BAD_BACTERIAL_GENE_NAME::2 bacterial genes do not start with lowercase letters
prokka_SMSCODIS_pseudofinder/SMSCODIS:Gene	TSFM	SMSCODIS_1:53242-53874	SMSCODIS_00065
prokka_SMSCODIS_pseudofinder/SMSCODIS:Gene	OSGEPL1	SMSCODIS_1:c113236-113105	SMSCODIS_00134

DiscRep_ALL:ONCALLER_COMMENT_PRESENT::1 comment descriptors were found (all same)
prokka_SMSCODIS_pseudofinder/SMSCODIS:Prokka:SMSCODIS_1:Annotated using prokka 1.14.6 from https://github.com/tseemann/prokka

DiscRep_ALL:SHORT_PROT_SEQUENCES::3 protein sequences are shorter than 50 aa.
prokka_SMSCODIS_pseudofinder/SMSCODIS:Prokka:SMSCODIS_00026 (length 30)
prokka_SMSCODIS_pseudofinder/SMSCODIS:Prokka:SMSCODIS_00134 (length 43)
prokka_SMSCODIS_pseudofinder/SMSCODIS:Prokka:SMSCODIS_00158 (length 38)

DiscRep_ALL:MISSING_GENOMEASSEMBLY_COMMENTS::1 bioseqs are missing GenomeAssembly structured comments
prokka_SMSCODIS_pseudofinder/SMSCODIS:Prokka:SMSCODIS_1 (length 140757)

DiscRep_ALL:TEST_UNUSUAL_MISC_RNA::1 unexpected misc_RNA features found.  misc_RNAs are unusual in a genome, consider using ncRNA, misc_binding, or misc_feature as appropriate.
prokka_SMSCODIS_pseudofinder/SMSCODIS:RNA	RNaseP_bact_a	SMSCODIS_1:128946-129252	SMSCODIS_00165

DiscRep_ALL:MOLTYPE_NOT_MRNA::1 molecule types are not set as mRNA.
prokka_SMSCODIS_pseudofinder/SMSCODIS:Prokka:SMSCODIS_1 (length 140757)

DiscRep_ALL:TECHNIQUE_NOT_TSA::1 technique are not set as TSA
prokka_SMSCODIS_pseudofinder/SMSCODIS:Prokka:SMSCODIS_1 (length 140757)

DiscRep_ALL:MISSING_STRUCTURED_COMMENT::1 sequences do not include structured comments.
prokka_SMSCODIS_pseudofinder/SMSCODIS:Prokka:SMSCODIS_1 (length 140757)

DiscRep_ALL:MISSING_PROJECT::143 sequences do not include project.
prokka_SMSCODIS_pseudofinder/SMSCODIS:Prokka:SMSCODIS_1 (length 140757)
prokka_SMSCODIS_pseudofinder/SMSCODIS:Prokka:SMSCODIS_00001 (length 216)
prokka_SMSCODIS_pseudofinder/SMSCODIS:Prokka:SMSCODIS_00002 (length 870)
prokka_SMSCODIS_pseudofinder/SMSCODIS:Prokka:SMSCODIS_00003 (length 110)
prokka_SMSCODIS_pseudofinder/SMSCODIS:Prokka:SMSCODIS_00004 (length 369)
prokka_SMSCODIS_pseudofinder/SMSCODIS:Prokka:SMSCODIS_00005 (length 384)
prokka_SMSCODIS_pseudofinder/SMSCODIS:Prokka:SMSCODIS_00006 (length 420)
prokka_SMSCODIS_pseudofinder/SMSCODIS:Prokka:SMSCODIS_00007 (length 362)
prokka_SMSCODIS_pseudofinder/SMSCODIS:Prokka:SMSCODIS_00008 (length 255)
prokka_SMSCODIS_pseudofinder/SMSCODIS:Prokka:SMSCODIS_00010 (length 1141)
prokka_SMSCODIS_pseudofinder/SMSCODIS:Prokka:SMSCODIS_00012 (length 533)
prokka_SMSCODIS_pseudofinder/SMSCODIS:Prokka:SMSCODIS_00013 (length 618)
prokka_SMSCODIS_pseudofinder/SMSCODIS:Prokka:SMSCODIS_00014 (length 135)
prokka_SMSCODIS_pseudofinder/SMSCODIS:Prokka:SMSCODIS_00016 (length 249)
prokka_SMSCODIS_pseudofinder/SMSCODIS:Prokka:SMSCODIS_00017 (length 68)
prokka_SMSCODIS_pseudofinder/SMSCODIS:Prokka:SMSCODIS_00018 (length 89)
prokka_SMSCODIS_pseudofinder/SMSCODIS:Prokka:SMSCODIS_00019 (length 127)
prokka_SMSCODIS_pseudofinder/SMSCODIS:Prokka:SMSCODIS_00021 (length 85)
prokka_SMSCODIS_pseudofinder/SMSCODIS:Prokka:SMSCODIS_00022 (length 115)
prokka_SMSCODIS_pseudofinder/SMSCODIS:Prokka:SMSCODIS_00024 (length 184)
prokka_SMSCODIS_pseudofinder/SMSCODIS:Prokka:SMSCODIS_00025 (length 326)
prokka_SMSCODIS_pseudofinder/SMSCODIS:Prokka:SMSCODIS_00026 (length 30)
prokka_SMSCODIS_pseudofinder/SMSCODIS:Prokka:SMSCODIS_00029 (length 209)
prokka_SMSCODIS_pseudofinder/SMSCODIS:Prokka:SMSCODIS_00030 (length 266)
prokka_SMSCODIS_pseudofinder/SMSCODIS:Prokka:SMSCODIS_00031 (length 282)
prokka_SMSCODIS_pseudofinder/SMSCODIS:Prokka:SMSCODIS_00032 (length 435)
prokka_SMSCODIS_pseudofinder/SMSCODIS:Prokka:SMSCODIS_00033 (length 370)
prokka_SMSCODIS_pseudofinder/SMSCODIS:Prokka:SMSCODIS_00037 (length 489)
prokka_SMSCODIS_pseudofinder/SMSCODIS:Prokka:SMSCODIS_00038 (length 65)
prokka_SMSCODIS_pseudofinder/SMSCODIS:Prokka:SMSCODIS_00039 (length 97)
prokka_SMSCODIS_pseudofinder/SMSCODIS:Prokka:SMSCODIS_00040 (length 443)
prokka_SMSCODIS_pseudofinder/SMSCODIS:Prokka:SMSCODIS_00041 (length 594)
prokka_SMSCODIS_pseudofinder/SMSCODIS:Prokka:SMSCODIS_00043 (length 484)
prokka_SMSCODIS_pseudofinder/SMSCODIS:Prokka:SMSCODIS_00044 (length 377)
prokka_SMSCODIS_pseudofinder/SMSCODIS:Prokka:SMSCODIS_00045 (length 316)
prokka_SMSCODIS_pseudofinder/SMSCODIS:Prokka:SMSCODIS_00048 (length 1136)
prokka_SMSCODIS_pseudofinder/SMSCODIS:Prokka:SMSCODIS_00050 (length 455)
prokka_SMSCODIS_pseudofinder/SMSCODIS:Prokka:SMSCODIS_00051 (length 286)
prokka_SMSCODIS_pseudofinder/SMSCODIS:Prokka:SMSCODIS_00052 (length 453)
prokka_SMSCODIS_pseudofinder/SMSCODIS:Prokka:SMSCODIS_00053 (length 184)
prokka_SMSCODIS_pseudofinder/SMSCODIS:Prokka:SMSCODIS_00054 (length 390)
prokka_SMSCODIS_pseudofinder/SMSCODIS:Prokka:SMSCODIS_00055 (length 394)
prokka_SMSCODIS_pseudofinder/SMSCODIS:Prokka:SMSCODIS_00056 (length 352)
prokka_SMSCODIS_pseudofinder/SMSCODIS:Prokka:SMSCODIS_00057 (length 159)
prokka_SMSCODIS_pseudofinder/SMSCODIS:Prokka:SMSCODIS_00058 (length 114)
prokka_SMSCODIS_pseudofinder/SMSCODIS:Prokka:SMSCODIS_00059 (length 68)
prokka_SMSCODIS_pseudofinder/SMSCODIS:Prokka:SMSCODIS_00060 (length 205)
prokka_SMSCODIS_pseudofinder/SMSCODIS:Prokka:SMSCODIS_00061 (length 623)
prokka_SMSCODIS_pseudofinder/SMSCODIS:Prokka:SMSCODIS_00062 (length 135)
prokka_SMSCODIS_pseudofinder/SMSCODIS:Prokka:SMSCODIS_00063 (length 130)
prokka_SMSCODIS_pseudofinder/SMSCODIS:Prokka:SMSCODIS_00064 (length 241)
prokka_SMSCODIS_pseudofinder/SMSCODIS:Prokka:SMSCODIS_00065 (length 210)
prokka_SMSCODIS_pseudofinder/SMSCODIS:Prokka:SMSCODIS_00068 (length 855)
prokka_SMSCODIS_pseudofinder/SMSCODIS:Prokka:SMSCODIS_00069 (length 405)
prokka_SMSCODIS_pseudofinder/SMSCODIS:Prokka:SMSCODIS_00070 (length 218)
prokka_SMSCODIS_pseudofinder/SMSCODIS:Prokka:SMSCODIS_00071 (length 366)
prokka_SMSCODIS_pseudofinder/SMSCODIS:Prokka:SMSCODIS_00074 (length 152)
prokka_SMSCODIS_pseudofinder/SMSCODIS:Prokka:SMSCODIS_00075 (length 85)
prokka_SMSCODIS_pseudofinder/SMSCODIS:Prokka:SMSCODIS_00079 (length 430)
prokka_SMSCODIS_pseudofinder/SMSCODIS:Prokka:SMSCODIS_00080 (length 137)
prokka_SMSCODIS_pseudofinder/SMSCODIS:Prokka:SMSCODIS_00085 (length 395)
prokka_SMSCODIS_pseudofinder/SMSCODIS:Prokka:SMSCODIS_00087 (length 145)
prokka_SMSCODIS_pseudofinder/SMSCODIS:Prokka:SMSCODIS_00088 (length 214)
prokka_SMSCODIS_pseudofinder/SMSCODIS:Prokka:SMSCODIS_00089 (length 180)
prokka_SMSCODIS_pseudofinder/SMSCODIS:Prokka:SMSCODIS_00090 (length 122)
prokka_SMSCODIS_pseudofinder/SMSCODIS:Prokka:SMSCODIS_00091 (length 1243)
prokka_SMSCODIS_pseudofinder/SMSCODIS:Prokka:SMSCODIS_00092 (length 1364)
prokka_SMSCODIS_pseudofinder/SMSCODIS:Prokka:SMSCODIS_00093 (length 246)
prokka_SMSCODIS_pseudofinder/SMSCODIS:Prokka:SMSCODIS_00094 (length 324)
prokka_SMSCODIS_pseudofinder/SMSCODIS:Prokka:SMSCODIS_00096 (length 61)
prokka_SMSCODIS_pseudofinder/SMSCODIS:Prokka:SMSCODIS_00097 (length 76)
prokka_SMSCODIS_pseudofinder/SMSCODIS:Prokka:SMSCODIS_00098 (length 414)
prokka_SMSCODIS_pseudofinder/SMSCODIS:Prokka:SMSCODIS_00100 (length 914)
prokka_SMSCODIS_pseudofinder/SMSCODIS:Prokka:SMSCODIS_00101 (length 428)
prokka_SMSCODIS_pseudofinder/SMSCODIS:Prokka:SMSCODIS_00102 (length 384)
prokka_SMSCODIS_pseudofinder/SMSCODIS:Prokka:SMSCODIS_00103 (length 469)
prokka_SMSCODIS_pseudofinder/SMSCODIS:Prokka:SMSCODIS_00104 (length 194)
prokka_SMSCODIS_pseudofinder/SMSCODIS:Prokka:SMSCODIS_00105 (length 362)
prokka_SMSCODIS_pseudofinder/SMSCODIS:Prokka:SMSCODIS_00106 (length 134)
prokka_SMSCODIS_pseudofinder/SMSCODIS:Prokka:SMSCODIS_00107 (length 331)
prokka_SMSCODIS_pseudofinder/SMSCODIS:Prokka:SMSCODIS_00108 (length 63)
prokka_SMSCODIS_pseudofinder/SMSCODIS:Prokka:SMSCODIS_00109 (length 324)
prokka_SMSCODIS_pseudofinder/SMSCODIS:Prokka:SMSCODIS_00110 (length 460)
prokka_SMSCODIS_pseudofinder/SMSCODIS:Prokka:SMSCODIS_00113 (length 145)
prokka_SMSCODIS_pseudofinder/SMSCODIS:Prokka:SMSCODIS_00114 (length 117)
prokka_SMSCODIS_pseudofinder/SMSCODIS:Prokka:SMSCODIS_00115 (length 546)
prokka_SMSCODIS_pseudofinder/SMSCODIS:Prokka:SMSCODIS_00116 (length 96)
prokka_SMSCODIS_pseudofinder/SMSCODIS:Prokka:SMSCODIS_00117 (length 432)
prokka_SMSCODIS_pseudofinder/SMSCODIS:Prokka:SMSCODIS_00118 (length 483)
prokka_SMSCODIS_pseudofinder/SMSCODIS:Prokka:SMSCODIS_00119 (length 248)
prokka_SMSCODIS_pseudofinder/SMSCODIS:Prokka:SMSCODIS_00120 (length 449)
prokka_SMSCODIS_pseudofinder/SMSCODIS:Prokka:SMSCODIS_00121 (length 409)
prokka_SMSCODIS_pseudofinder/SMSCODIS:Prokka:SMSCODIS_00122 (length 580)
prokka_SMSCODIS_pseudofinder/SMSCODIS:Prokka:SMSCODIS_00123 (length 80)
prokka_SMSCODIS_pseudofinder/SMSCODIS:Prokka:SMSCODIS_00125 (length 94)
prokka_SMSCODIS_pseudofinder/SMSCODIS:Prokka:SMSCODIS_00127 (length 61)
prokka_SMSCODIS_pseudofinder/SMSCODIS:Prokka:SMSCODIS_00128 (length 54)
prokka_SMSCODIS_pseudofinder/SMSCODIS:Prokka:SMSCODIS_00129 (length 326)
prokka_SMSCODIS_pseudofinder/SMSCODIS:Prokka:SMSCODIS_00130 (length 391)
prokka_SMSCODIS_pseudofinder/SMSCODIS:Prokka:SMSCODIS_00131 (length 726)
prokka_SMSCODIS_pseudofinder/SMSCODIS:Prokka:SMSCODIS_00132 (length 68)
prokka_SMSCODIS_pseudofinder/SMSCODIS:Prokka:SMSCODIS_00133 (length 98)
prokka_SMSCODIS_pseudofinder/SMSCODIS:Prokka:SMSCODIS_00134 (length 43)
prokka_SMSCODIS_pseudofinder/SMSCODIS:Prokka:SMSCODIS_00135 (length 126)
prokka_SMSCODIS_pseudofinder/SMSCODIS:Prokka:SMSCODIS_00136 (length 156)
prokka_SMSCODIS_pseudofinder/SMSCODIS:Prokka:SMSCODIS_00137 (length 694)
prokka_SMSCODIS_pseudofinder/SMSCODIS:Prokka:SMSCODIS_00138 (length 98)
prokka_SMSCODIS_pseudofinder/SMSCODIS:Prokka:SMSCODIS_00139 (length 211)
prokka_SMSCODIS_pseudofinder/SMSCODIS:Prokka:SMSCODIS_00140 (length 215)
prokka_SMSCODIS_pseudofinder/SMSCODIS:Prokka:SMSCODIS_00141 (length 97)
prokka_SMSCODIS_pseudofinder/SMSCODIS:Prokka:SMSCODIS_00142 (length 275)
prokka_SMSCODIS_pseudofinder/SMSCODIS:Prokka:SMSCODIS_00143 (length 101)
prokka_SMSCODIS_pseudofinder/SMSCODIS:Prokka:SMSCODIS_00144 (length 130)
prokka_SMSCODIS_pseudofinder/SMSCODIS:Prokka:SMSCODIS_00145 (length 233)
prokka_SMSCODIS_pseudofinder/SMSCODIS:Prokka:SMSCODIS_00146 (length 134)
prokka_SMSCODIS_pseudofinder/SMSCODIS:Prokka:SMSCODIS_00147 (length 90)
prokka_SMSCODIS_pseudofinder/SMSCODIS:Prokka:SMSCODIS_00148 (length 122)
prokka_SMSCODIS_pseudofinder/SMSCODIS:Prokka:SMSCODIS_00149 (length 115)
prokka_SMSCODIS_pseudofinder/SMSCODIS:Prokka:SMSCODIS_00150 (length 181)
prokka_SMSCODIS_pseudofinder/SMSCODIS:Prokka:SMSCODIS_00151 (length 89)
prokka_SMSCODIS_pseudofinder/SMSCODIS:Prokka:SMSCODIS_00152 (length 129)
prokka_SMSCODIS_pseudofinder/SMSCODIS:Prokka:SMSCODIS_00153 (length 192)
prokka_SMSCODIS_pseudofinder/SMSCODIS:Prokka:SMSCODIS_00154 (length 107)
prokka_SMSCODIS_pseudofinder/SMSCODIS:Prokka:SMSCODIS_00155 (length 164)
prokka_SMSCODIS_pseudofinder/SMSCODIS:Prokka:SMSCODIS_00156 (length 150)
prokka_SMSCODIS_pseudofinder/SMSCODIS:Prokka:SMSCODIS_00157 (length 71)
prokka_SMSCODIS_pseudofinder/SMSCODIS:Prokka:SMSCODIS_00158 (length 38)
prokka_SMSCODIS_pseudofinder/SMSCODIS:Prokka:SMSCODIS_00159 (length 125)
prokka_SMSCODIS_pseudofinder/SMSCODIS:Prokka:SMSCODIS_00160 (length 119)
prokka_SMSCODIS_pseudofinder/SMSCODIS:Prokka:SMSCODIS_00161 (length 198)
prokka_SMSCODIS_pseudofinder/SMSCODIS:Prokka:SMSCODIS_00162 (length 328)
prokka_SMSCODIS_pseudofinder/SMSCODIS:Prokka:SMSCODIS_00163 (length 116)
prokka_SMSCODIS_pseudofinder/SMSCODIS:Prokka:SMSCODIS_00164 (length 313)
prokka_SMSCODIS_pseudofinder/SMSCODIS:Prokka:SMSCODIS_00166 (length 559)
prokka_SMSCODIS_pseudofinder/SMSCODIS:Prokka:SMSCODIS_00167 (length 486)
prokka_SMSCODIS_pseudofinder/SMSCODIS:Prokka:SMSCODIS_00169 (length 329)
prokka_SMSCODIS_pseudofinder/SMSCODIS:Prokka:SMSCODIS_00170 (length 361)
prokka_SMSCODIS_pseudofinder/SMSCODIS:Prokka:SMSCODIS_00171 (length 137)
prokka_SMSCODIS_pseudofinder/SMSCODIS:Prokka:SMSCODIS_00172 (length 96)
prokka_SMSCODIS_pseudofinder/SMSCODIS:Prokka:SMSCODIS_00173 (length 344)
prokka_SMSCODIS_pseudofinder/SMSCODIS:Prokka:SMSCODIS_00174 (length 85)
prokka_SMSCODIS_pseudofinder/SMSCODIS:Prokka:SMSCODIS_00175 (length 576)
prokka_SMSCODIS_pseudofinder/SMSCODIS:Prokka:SMSCODIS_00176 (length 571)

DiscRep_ALL:DISC_INCONSISTENT_MOLINFO_TECH::Molinfo Technique Report (some missing, all same)
DiscRep_SUB:DISC_INCONSISTENT_MOLINFO_TECH::technique (all missing)
DiscRep_SUB:DISC_INCONSISTENT_MOLINFO_TECH::1 Molinfos are missing field technique
prokka_SMSCODIS_pseudofinder/SMSCODIS:Prokka:SMSCODIS_1 (length 140757)

