[20:18:05] This is prokka 1.14.6
[20:18:05] Written by Torsten Seemann <torsten.seemann@gmail.com>
[20:18:05] Homepage is https://github.com/tseemann/prokka
[20:18:05] Local time is Tue Aug  9 20:18:05 2022
[20:18:05] You are diego
[20:18:05] Operating system is linux
[20:18:05] You have BioPerl 1.007002
[20:18:05] System has 12 cores.
[20:18:05] Will use maximum of 8 cores.
[20:18:05] Annotating as >>> Bacteria <<<
[20:18:05] Enabling options to ensure Genbank/ENA/DDJB submission compliance.
[20:18:05] Creating new output folder: prokka_VFASICLA_pseudofinder
[20:18:05] Running: mkdir -p prokka_VFASICLA_pseudofinder
[20:18:05] Using filename prefix: VFASICLA.XXX
[20:18:05] Setting HMMER_NCPU=1
[20:18:05] Writing log to: prokka_VFASICLA_pseudofinder/VFASICLA.log
[20:18:05] Command: /home/diego/miniconda3/envs/prokka_env/bin/prokka VFASICLA.fasta --prefix VFASICLA --locustag VFASICLA --outdir prokka_VFASICLA_pseudofinder -gcode 11 --compliant --rfam --cdsrnaolap --force
[20:18:05] Appending to PATH: /home/diego/miniconda3/envs/prokka_env/bin
[20:18:05] Looking for 'aragorn' - found /home/diego/miniconda3/envs/prokka_env/bin/aragorn
[20:18:05] Determined aragorn version is 001002 from 'ARAGORN v1.2.38 Dean Laslett'
[20:18:05] Looking for 'barrnap' - found /home/diego/miniconda3/envs/prokka_env/bin/barrnap
[20:18:05] Determined barrnap version is 000009 from 'barrnap 0.9'
[20:18:05] Looking for 'blastp' - found /home/diego/miniconda3/envs/prokka_env/bin/blastp
[20:18:05] Determined blastp version is 002010 from 'blastp: 2.10.1+'
[20:18:05] Looking for 'cmpress' - found /home/diego/miniconda3/envs/prokka_env/bin/cmpress
[20:18:05] Determined cmpress version is 001001 from '# INFERNAL 1.1.3 (Nov 2019)'
[20:18:05] Looking for 'cmscan' - found /home/diego/miniconda3/envs/prokka_env/bin/cmscan
[20:18:05] Determined cmscan version is 001001 from '# INFERNAL 1.1.3 (Nov 2019)'
[20:18:05] Looking for 'egrep' - found /usr/bin/egrep
[20:18:05] Looking for 'find' - found /usr/bin/find
[20:18:05] Looking for 'grep' - found /usr/bin/grep
[20:18:05] Looking for 'hmmpress' - found /home/diego/miniconda3/envs/prokka_env/bin/hmmpress
[20:18:05] Determined hmmpress version is 003003 from '# HMMER 3.3.2 (Nov 2020); http://hmmer.org/'
[20:18:05] Looking for 'hmmscan' - found /home/diego/miniconda3/envs/prokka_env/bin/hmmscan
[20:18:05] Determined hmmscan version is 003003 from '# HMMER 3.3.2 (Nov 2020); http://hmmer.org/'
[20:18:05] Looking for 'java' - found /home/diego/miniconda3/envs/prokka_env/bin/java
[20:18:05] Looking for 'makeblastdb' - found /home/diego/miniconda3/envs/prokka_env/bin/makeblastdb
[20:18:05] Determined makeblastdb version is 002010 from 'makeblastdb: 2.10.1+'
[20:18:05] Looking for 'minced' - found /home/diego/miniconda3/envs/prokka_env/bin/minced
[20:18:05] Determined minced version is 004002 from 'minced 0.4.2'
[20:18:05] Looking for 'parallel' - found /home/diego/miniconda3/envs/prokka_env/bin/parallel
[20:18:05] Determined parallel version is 20201122 from 'GNU parallel 20201122'
[20:18:05] Looking for 'prodigal' - found /home/diego/miniconda3/envs/prokka_env/bin/prodigal
[20:18:05] Determined prodigal version is 002006 from 'Prodigal V2.6.3: February, 2016'
[20:18:05] Looking for 'prokka-genbank_to_fasta_db' - found /home/diego/miniconda3/envs/prokka_env/bin/prokka-genbank_to_fasta_db
[20:18:05] Looking for 'rnammer' - found /home/diego/rnammer-1.2.src/rnammer
[20:18:05] Determined rnammer version is 001002 from 'This rnammer 1.2, running from '/home/diego/rnammer-1.2.src/''
[20:18:05] Looking for 'sed' - found /usr/bin/sed
[20:18:05] Looking for 'tbl2asn' - found /home/diego/tbl2asn
[20:18:05] Determined tbl2asn version is 025008 from 'tbl2asn 25.8   arguments:'
[20:18:05] Using genetic code table 11.
[20:18:05] Loading and checking input file: VFASICLA.fasta
[20:18:05] Wrote 1 contigs totalling 119193 bp.
[20:18:05] Predicting tRNAs and tmRNAs
[20:18:05] Running: aragorn -l -gc11  -w prokka_VFASICLA_pseudofinder\/VFASICLA\.fna
[20:18:05] 1 tRNA-Trp [1192,1264] 34 (cca)
[20:18:05] 2 tRNA-Phe [13852,13924] 34 (gaa)
[20:18:05] 3 tRNA-Gln [18775,18847] 35 (ttg)
[20:18:05] 4 tRNA-Ser [25629,25714] 36 (gct)
[20:18:05] 5 tRNA-Thr c[27917,27986] 32 (cgt)
[20:18:05] 6 tRNA-Leu [46114,46186] 34 (tag)
[20:18:05] 7 tRNA-Ser [46187,46269] 35 (aga)
[20:18:05] 8 tRNA-Asn c[50825,50896] 33 (gtt)
[20:18:05] 9 tRNA-Cys c[51587,51658] 34 (gca)
[20:18:05] 10 tRNA-Gly c[51659,51731] 34 (gcc)
[20:18:05] 11 tRNA-Val [58560,58634] 35 (tac)
[20:18:05] 12 tRNA-Leu c[60114,60189] 36 (caa)
[20:18:05] 13 tRNA-Ser c[60187,60274] 36 (tga)
[20:18:05] 14 tRNA-Arg [60335,60407] 34 (acg)
[20:18:05] 15 tRNA-Thr [66251,66324] 35 (tgt)
[20:18:05] 16 tRNA-His [66324,66397] 34 (gtg)
[20:18:05] 17 tRNA-Lys c[67237,67309] 34 (ttt)
[20:18:05] 18 tRNA-Lys c[67310,67382] 34 (ctt)
[20:18:05] 19 tRNA-Val c[70387,70461] 35 (aac)
[20:18:05] 20 tRNA-Arg c[71509,71581] 34 (tct)
[20:18:05] 21 tRNA-Met c[71695,71766] 33 (cat)
[20:18:05] 22 tRNA-Pro [71803,71876] 34 (tgg)
[20:18:05] 23 tRNA-Asp c[80664,80736] 34 (gtc)
[20:18:05] 24 tRNA-Glu c[80737,80810] 35 (ttc)
[20:18:05] 25 tRNA-Ile c[105315,105387] 34 (gat)
[20:18:05] 26 tRNA-Ala c[105389,105461] 33 (tgc)
[20:18:05] 27 tRNA-Tyr [118957,119041] 36 (gta)
[20:18:05] 28 tRNA-Gly [119045,119115] 33 (tcc)
[20:18:05] 29 tRNA-Thr [119115,119189] 35 (agt)
[20:18:05] Found 29 tRNAs
[20:18:05] Predicting Ribosomal RNAs
[20:18:05] Running Barrnap with 8 threads
[20:18:06] 1 gnl|Prokka|VFASICLA_1 102517 23S ribosomal RNA
[20:18:06] 2 gnl|Prokka|VFASICLA_1 105497 16S ribosomal RNA
[20:18:06] Found 2 rRNAs
[20:18:06] Scanning for ncRNAs... please be patient.
[20:18:06] Running: cmscan -Z 0.238386 --cut_ga --rfam --nohmmonly --fmt 2 --cpu 8 --tblout /dev/stdout -o /dev/null --noali /home/diego/miniconda3/envs/prokka_env/db/cm/Bacteria prokka_VFASICLA_pseudofinder\/VFASICLA\.fna
[20:18:10] Found 0 ncRNAs.
[20:18:10] Total of 31 tRNA + rRNA features
[20:18:10] Searching for CRISPR repeats
[20:18:10] Found 0 CRISPRs
[20:18:10] Predicting coding sequences
[20:18:10] Contigs total 119193 bp, so using single mode
[20:18:10] Running: prodigal -i prokka_VFASICLA_pseudofinder\/VFASICLA\.fna -c -m -g 11 -p single -f sco -q
[20:18:11] Found 143 CDS
[20:18:11] Connecting features back to sequences
[20:18:11] Not using genus-specific database. Try --usegenus to enable it.
[20:18:11] Annotating CDS, please be patient.
[20:18:11] Will use 8 CPUs for similarity searching.
[20:18:11] There are still 143 unannotated CDS left (started with 143)
[20:18:11] Will use blast to search against /home/diego/miniconda3/envs/prokka_env/db/kingdom/Bacteria/IS with 8 CPUs
[20:18:11] Running: cat prokka_VFASICLA_pseudofinder\/VFASICLA\.IS\.tmp\.195100\.faa | parallel --gnu --plain -j 8 --block 2359 --recstart '>' --pipe blastp -query - -db /home/diego/miniconda3/envs/prokka_env/db/kingdom/Bacteria/IS -evalue 1e-30 -qcov_hsp_perc 90 -num_threads 1 -num_descriptions 1 -num_alignments 1 -seg no > prokka_VFASICLA_pseudofinder\/VFASICLA\.IS\.tmp\.195100\.blast 2> /dev/null
[20:18:11] Deleting unwanted file: prokka_VFASICLA_pseudofinder/VFASICLA.IS.tmp.195100.faa
[20:18:11] Deleting unwanted file: prokka_VFASICLA_pseudofinder/VFASICLA.IS.tmp.195100.blast
[20:18:12] There are still 143 unannotated CDS left (started with 143)
[20:18:12] Will use blast to search against /home/diego/miniconda3/envs/prokka_env/db/kingdom/Bacteria/AMR with 8 CPUs
[20:18:12] Running: cat prokka_VFASICLA_pseudofinder\/VFASICLA\.AMR\.tmp\.195100\.faa | parallel --gnu --plain -j 8 --block 2359 --recstart '>' --pipe blastp -query - -db /home/diego/miniconda3/envs/prokka_env/db/kingdom/Bacteria/AMR -evalue 9.99999999999999e-301 -qcov_hsp_perc 90 -num_threads 1 -num_descriptions 1 -num_alignments 1 -seg no > prokka_VFASICLA_pseudofinder\/VFASICLA\.AMR\.tmp\.195100\.blast 2> /dev/null
[20:18:12] Deleting unwanted file: prokka_VFASICLA_pseudofinder/VFASICLA.AMR.tmp.195100.faa
[20:18:12] Deleting unwanted file: prokka_VFASICLA_pseudofinder/VFASICLA.AMR.tmp.195100.blast
[20:18:12] There are still 143 unannotated CDS left (started with 143)
[20:18:12] Will use blast to search against /home/diego/miniconda3/envs/prokka_env/db/kingdom/Bacteria/sprot with 8 CPUs
[20:18:12] Running: cat prokka_VFASICLA_pseudofinder\/VFASICLA\.sprot\.tmp\.195100\.faa | parallel --gnu --plain -j 8 --block 2359 --recstart '>' --pipe blastp -query - -db /home/diego/miniconda3/envs/prokka_env/db/kingdom/Bacteria/sprot -evalue 1e-09 -qcov_hsp_perc 80 -num_threads 1 -num_descriptions 1 -num_alignments 1 -seg no > prokka_VFASICLA_pseudofinder\/VFASICLA\.sprot\.tmp\.195100\.blast 2> /dev/null
[20:18:15] Modify product: Probable phosphatase Rv3661 => putative phosphatase
[20:18:15] Cleaned 1 /product names
[20:18:15] Deleting unwanted file: prokka_VFASICLA_pseudofinder/VFASICLA.sprot.tmp.195100.faa
[20:18:15] Deleting unwanted file: prokka_VFASICLA_pseudofinder/VFASICLA.sprot.tmp.195100.blast
[20:18:15] There are still 67 unannotated CDS left (started with 143)
[20:18:15] Will use hmmer3 to search against /home/diego/miniconda3/envs/prokka_env/db/hmm/HAMAP.hmm with 8 CPUs
[20:18:15] Running: cat prokka_VFASICLA_pseudofinder\/VFASICLA\.HAMAP\.hmm\.tmp\.195100\.faa | parallel --gnu --plain -j 8 --block 824 --recstart '>' --pipe hmmscan --noali --notextw --acc -E 1e-09 --cpu 1 /home/diego/miniconda3/envs/prokka_env/db/hmm/HAMAP.hmm /dev/stdin > prokka_VFASICLA_pseudofinder\/VFASICLA\.HAMAP\.hmm\.tmp\.195100\.hmmer3 2> /dev/null
[20:18:15] Deleting unwanted file: prokka_VFASICLA_pseudofinder/VFASICLA.HAMAP.hmm.tmp.195100.faa
[20:18:15] Deleting unwanted file: prokka_VFASICLA_pseudofinder/VFASICLA.HAMAP.hmm.tmp.195100.hmmer3
[20:18:15] Labelling remaining 51 proteins as 'hypothetical protein'
[20:18:15] Found 89 unique /gene codes.
[20:18:15] Fixed 2 duplicate /gene - hisI_1 hisI_2
[20:18:15] Fixed 1 colliding /gene names.
[20:18:15] Adding /locus_tag identifiers
[20:18:15] Assigned 174 locus_tags to CDS and RNA features.
[20:18:15] Writing outputs to prokka_VFASICLA_pseudofinder/
[20:18:16] Generating annotation statistics file
[20:18:16] Generating Genbank and Sequin files
[20:18:16] Running: tbl2asn -V b -a r10k -l paired-ends -M n -N 1 -y 'Annotated using prokka 1.14.6 from https://github.com/tseemann/prokka' -Z prokka_VFASICLA_pseudofinder\/VFASICLA\.err -i prokka_VFASICLA_pseudofinder\/VFASICLA\.fsa 2> /dev/null
[20:18:16] Deleting unwanted file: prokka_VFASICLA_pseudofinder/errorsummary.val
[20:18:16] Deleting unwanted file: prokka_VFASICLA_pseudofinder/VFASICLA.dr
[20:18:16] Deleting unwanted file: prokka_VFASICLA_pseudofinder/VFASICLA.fixedproducts
[20:18:16] Deleting unwanted file: prokka_VFASICLA_pseudofinder/VFASICLA.ecn
[20:18:16] Deleting unwanted file: prokka_VFASICLA_pseudofinder/VFASICLA.val
[20:18:16] Repairing broken .GBK output that tbl2asn produces...
[20:18:16] Running: sed 's/COORDINATES: profile/COORDINATES:profile/' < prokka_VFASICLA_pseudofinder\/VFASICLA\.gbf > prokka_VFASICLA_pseudofinder\/VFASICLA\.gbk
[20:18:16] Deleting unwanted file: prokka_VFASICLA_pseudofinder/VFASICLA.gbf
[20:18:16] Output files:
[20:18:16] prokka_VFASICLA_pseudofinder/VFASICLA.sqn
[20:18:16] prokka_VFASICLA_pseudofinder/VFASICLA.tbl
[20:18:16] prokka_VFASICLA_pseudofinder/VFASICLA.gbk
[20:18:16] prokka_VFASICLA_pseudofinder/VFASICLA.tsv
[20:18:16] prokka_VFASICLA_pseudofinder/VFASICLA.faa
[20:18:16] prokka_VFASICLA_pseudofinder/VFASICLA.fna
[20:18:16] prokka_VFASICLA_pseudofinder/VFASICLA.gff
[20:18:16] prokka_VFASICLA_pseudofinder/VFASICLA.ffn
[20:18:16] prokka_VFASICLA_pseudofinder/VFASICLA.log
[20:18:16] prokka_VFASICLA_pseudofinder/VFASICLA.fsa
[20:18:16] prokka_VFASICLA_pseudofinder/VFASICLA.err
[20:18:16] prokka_VFASICLA_pseudofinder/VFASICLA.txt
[20:18:16] Annotation finished successfully.
[20:18:16] Walltime used: 0.18 minutes
[20:18:16] If you use this result please cite the Prokka paper:
[20:18:16] Seemann T (2014) Prokka: rapid prokaryotic genome annotation. Bioinformatics. 30(14):2068-9.
[20:18:16] Type 'prokka --citation' for more details.
[20:18:16] Share and enjoy!
