Discrepancy Report Results

Summary
DISC_SOURCE_QUALS_ASNDISC:strain (all present, all unique)
DISC_SOURCE_QUALS_ASNDISC:taxname (all present, all unique)
DISC_FEATURE_COUNT:gene: 175 present
DISC_FEATURE_COUNT:CDS: 142 present
DISC_FEATURE_COUNT:tRNA: 29 present
DISC_FEATURE_COUNT:rRNA: 3 present
DISC_FEATURE_COUNT:tmRNA: 1 present
DISC_COUNT_NUCLEOTIDES:1 nucleotide Bioseqs are present
OVERLAPPING_GENES:51 genes overlap another gene on the same strand.
DISC_QUALITY_SCORES:Quality scores are missing on all sequences.
ONCALLER_COMMENT_PRESENT:1 comment descriptors were found (all same)
SHORT_PROT_SEQUENCES:4 protein sequences are shorter than 50 aa.
MISSING_GENOMEASSEMBLY_COMMENTS:1 bioseqs are missing GenomeAssembly structured comments
MOLTYPE_NOT_MRNA:1 molecule types are not set as mRNA.
TECHNIQUE_NOT_TSA:1 technique are not set as TSA
MISSING_STRUCTURED_COMMENT:1 sequences do not include structured comments.
MISSING_PROJECT:143 sequences do not include project.
DISC_INCONSISTENT_MOLINFO_TECH:Molinfo Technique Report (some missing, all same)


Detailed Report

DiscRep_ALL:DISC_SOURCE_QUALS_ASNDISC::strain (all present, all unique)
DiscRep_SUB:DISC_SOURCE_QUALS_ASNDISC::1 sources have unique values for strain
DiscRep_ALL:DISC_SOURCE_QUALS_ASNDISC::taxname (all present, all unique)
DiscRep_SUB:DISC_SOURCE_QUALS_ASNDISC::1 sources have unique values for taxname
DiscRep_ALL:DISC_FEATURE_COUNT::gene: 175 present
DiscRep_ALL:DISC_FEATURE_COUNT::CDS: 142 present
DiscRep_ALL:DISC_FEATURE_COUNT::tRNA: 29 present
DiscRep_ALL:DISC_FEATURE_COUNT::rRNA: 3 present
DiscRep_ALL:DISC_FEATURE_COUNT::tmRNA: 1 present
DiscRep_ALL:DISC_COUNT_NUCLEOTIDES::1 nucleotide Bioseqs are present
prokka_SMDESRAP/prokka_SMDESRAP:Prokka:SMDESRAP_1 (length 148257)

DiscRep_ALL:OVERLAPPING_GENES::51 genes overlap another gene on the same strand.
prokka_SMDESRAP/prokka_SMDESRAP:Gene	mnmG	SMDESRAP_1:c18181-16331	SMDESRAP_00014
prokka_SMDESRAP/prokka_SMDESRAP:Gene	ybeY	SMDESRAP_1:c18545-18162	SMDESRAP_00015
prokka_SMDESRAP/prokka_SMDESRAP:Gene	gltX	SMDESRAP_1:c20982-19477	SMDESRAP_00018
prokka_SMDESRAP/prokka_SMDESRAP:Gene	rplI	SMDESRAP_1:c21431-20979	SMDESRAP_00019
prokka_SMDESRAP/prokka_SMDESRAP:Gene	rpsR	SMDESRAP_1:c21705-21436	SMDESRAP_00020
prokka_SMDESRAP/prokka_SMDESRAP:Gene	rpsF	SMDESRAP_1:c22045-21698	SMDESRAP_00021
prokka_SMDESRAP/prokka_SMDESRAP:Gene	rpmA	SMDESRAP_1:c22643-22386	SMDESRAP_00023
prokka_SMDESRAP/prokka_SMDESRAP:Gene	rplU	SMDESRAP_1:c22965-22633	SMDESRAP_00024
prokka_SMDESRAP/prokka_SMDESRAP:Gene	iscS	SMDESRAP_1:c41450-40317	SMDESRAP_00045
prokka_SMDESRAP/prokka_SMDESRAP:Gene	tilS	SMDESRAP_1:c42375-41428	SMDESRAP_00046
prokka_SMDESRAP/prokka_SMDESRAP:Gene	SMDESRAP_00052	SMDESRAP_1:c48882-48055	SMDESRAP_00052
prokka_SMDESRAP/prokka_SMDESRAP:Gene	dnaC	SMDESRAP_1:c50308-48875	SMDESRAP_00053
prokka_SMDESRAP/prokka_SMDESRAP:Gene	rplM	SMDESRAP_1:58242-58643	SMDESRAP_00063
prokka_SMDESRAP/prokka_SMDESRAP:Gene	rpsI	SMDESRAP_1:58640-59032	SMDESRAP_00064
prokka_SMDESRAP/prokka_SMDESRAP:Gene	rpsB	SMDESRAP_1:58986-59753	SMDESRAP_00065
prokka_SMDESRAP/prokka_SMDESRAP:Gene	rplK	SMDESRAP_1:74846-75298	SMDESRAP_00086
prokka_SMDESRAP/prokka_SMDESRAP:Gene	rplA	SMDESRAP_1:75267-75902	SMDESRAP_00087
prokka_SMDESRAP/prokka_SMDESRAP:Gene	rplJ	SMDESRAP_1:75923-76462	SMDESRAP_00088
prokka_SMDESRAP/prokka_SMDESRAP:Gene	rplL	SMDESRAP_1:76452-76829	SMDESRAP_00089
prokka_SMDESRAP/prokka_SMDESRAP:Gene	rpmG	SMDESRAP_1:c86875-86696	SMDESRAP_00095
prokka_SMDESRAP/prokka_SMDESRAP:Gene	rpmB	SMDESRAP_1:c87092-86865	SMDESRAP_00096
prokka_SMDESRAP/prokka_SMDESRAP:Gene	leuC	SMDESRAP_1:94537-95946	SMDESRAP_00102
prokka_SMDESRAP/prokka_SMDESRAP:Gene	leuD1	SMDESRAP_1:95933-96517	SMDESRAP_00103
prokka_SMDESRAP/prokka_SMDESRAP:Gene	sufC	SMDESRAP_1:108822-109565	SMDESRAP_00120
prokka_SMDESRAP/prokka_SMDESRAP:Gene	sufD	SMDESRAP_1:109562-110854	SMDESRAP_00121
prokka_SMDESRAP/prokka_SMDESRAP:Gene	rpsL	SMDESRAP_1:119052-119549	SMDESRAP_00133
prokka_SMDESRAP/prokka_SMDESRAP:Gene	rpsG	SMDESRAP_1:119549-120028	SMDESRAP_00134
prokka_SMDESRAP/prokka_SMDESRAP:Gene	fusA	SMDESRAP_1:120047-122140	SMDESRAP_00135
prokka_SMDESRAP/prokka_SMDESRAP:Gene	rpsJ	SMDESRAP_1:122134-122430	SMDESRAP_00136
prokka_SMDESRAP/prokka_SMDESRAP:Gene	rplC	SMDESRAP_1:122424-123059	SMDESRAP_00137
prokka_SMDESRAP/prokka_SMDESRAP:Gene	rplD	SMDESRAP_1:123053-123700	SMDESRAP_00138
prokka_SMDESRAP/prokka_SMDESRAP:Gene	rpsS	SMDESRAP_1:124871-125161	SMDESRAP_00141
prokka_SMDESRAP/prokka_SMDESRAP:Gene	rplV	SMDESRAP_1:125161-125535	SMDESRAP_00142
prokka_SMDESRAP/prokka_SMDESRAP:Gene	rpsC	SMDESRAP_1:125520-126218	SMDESRAP_00143
prokka_SMDESRAP/prokka_SMDESRAP:Gene	rplP	SMDESRAP_1:126196-126600	SMDESRAP_00144
prokka_SMDESRAP/prokka_SMDESRAP:Gene	rpsQ	SMDESRAP_1:126597-126839	SMDESRAP_00145
prokka_SMDESRAP/prokka_SMDESRAP:Gene	SMDESRAP_00147	SMDESRAP_1:127231-127563	SMDESRAP_00147
prokka_SMDESRAP/prokka_SMDESRAP:Gene	rplE	SMDESRAP_1:127547-128092	SMDESRAP_00148
prokka_SMDESRAP/prokka_SMDESRAP:Gene	rplF	SMDESRAP_1:128785-129342	SMDESRAP_00151
prokka_SMDESRAP/prokka_SMDESRAP:Gene	rplR	SMDESRAP_1:129299-129643	SMDESRAP_00152
prokka_SMDESRAP/prokka_SMDESRAP:Gene	rplO	SMDESRAP_1:130154-130630	SMDESRAP_00154
prokka_SMDESRAP/prokka_SMDESRAP:Gene	infA	SMDESRAP_1:130608-130823	SMDESRAP_00155
prokka_SMDESRAP/prokka_SMDESRAP:Gene	rpoA	SMDESRAP_1:132335-133393	SMDESRAP_00160
prokka_SMDESRAP/prokka_SMDESRAP:Gene	rplQ	SMDESRAP_1:133377-133727	SMDESRAP_00161
prokka_SMDESRAP/prokka_SMDESRAP:Gene	rsmH	SMDESRAP_1:133727-134629	SMDESRAP_00162
prokka_SMDESRAP/prokka_SMDESRAP:Gene	SMDESRAP_00169	SMDESRAP_1:141300-141728	SMDESRAP_00169
prokka_SMDESRAP/prokka_SMDESRAP:Gene	trxB	SMDESRAP_1:141692-142642	SMDESRAP_00170
prokka_SMDESRAP/prokka_SMDESRAP:Gene	SMDESRAP_00171	SMDESRAP_1:c143246-143112	SMDESRAP_00171
prokka_SMDESRAP/prokka_SMDESRAP:Gene	SMDESRAP_00172	SMDESRAP_1:c144282-143230	SMDESRAP_00172
prokka_SMDESRAP/prokka_SMDESRAP:Gene	ilvB	SMDESRAP_1:c146472-144793	SMDESRAP_00174
prokka_SMDESRAP/prokka_SMDESRAP:Gene	ilvD	SMDESRAP_1:c148178-146469	SMDESRAP_00175

DiscRep_ALL:DISC_QUALITY_SCORES::Quality scores are missing on all sequences.

DiscRep_ALL:ONCALLER_COMMENT_PRESENT::1 comment descriptors were found (all same)
prokka_SMDESRAP/prokka_SMDESRAP:Prokka:SMDESRAP_1:Annotated using prokka 1.13 from https://github.com/tseemann/prokka

DiscRep_ALL:SHORT_PROT_SEQUENCES::4 protein sequences are shorter than 50 aa.
prokka_SMDESRAP/prokka_SMDESRAP:Prokka:SMDESRAP_00079 (length 34)
prokka_SMDESRAP/prokka_SMDESRAP:Prokka:SMDESRAP_00113 (length 37)
prokka_SMDESRAP/prokka_SMDESRAP:Prokka:SMDESRAP_00156 (length 38)
prokka_SMDESRAP/prokka_SMDESRAP:Prokka:SMDESRAP_00171 (length 44)

DiscRep_ALL:MISSING_GENOMEASSEMBLY_COMMENTS::1 bioseqs are missing GenomeAssembly structured comments
prokka_SMDESRAP/prokka_SMDESRAP:Prokka:SMDESRAP_1 (length 148257)

DiscRep_ALL:MOLTYPE_NOT_MRNA::1 molecule types are not set as mRNA.
prokka_SMDESRAP/prokka_SMDESRAP:Prokka:SMDESRAP_1 (length 148257)

DiscRep_ALL:TECHNIQUE_NOT_TSA::1 technique are not set as TSA
prokka_SMDESRAP/prokka_SMDESRAP:Prokka:SMDESRAP_1 (length 148257)

DiscRep_ALL:MISSING_STRUCTURED_COMMENT::1 sequences do not include structured comments.
prokka_SMDESRAP/prokka_SMDESRAP:Prokka:SMDESRAP_1 (length 148257)

DiscRep_ALL:MISSING_PROJECT::143 sequences do not include project.
prokka_SMDESRAP/prokka_SMDESRAP:Prokka:SMDESRAP_1 (length 148257)
prokka_SMDESRAP/prokka_SMDESRAP:Prokka:SMDESRAP_00001 (length 216)
prokka_SMDESRAP/prokka_SMDESRAP:Prokka:SMDESRAP_00002 (length 847)
prokka_SMDESRAP/prokka_SMDESRAP:Prokka:SMDESRAP_00003 (length 110)
prokka_SMDESRAP/prokka_SMDESRAP:Prokka:SMDESRAP_00004 (length 369)
prokka_SMDESRAP/prokka_SMDESRAP:Prokka:SMDESRAP_00005 (length 368)
prokka_SMDESRAP/prokka_SMDESRAP:Prokka:SMDESRAP_00006 (length 391)
prokka_SMDESRAP/prokka_SMDESRAP:Prokka:SMDESRAP_00007 (length 352)
prokka_SMDESRAP/prokka_SMDESRAP:Prokka:SMDESRAP_00008 (length 250)
prokka_SMDESRAP/prokka_SMDESRAP:Prokka:SMDESRAP_00010 (length 1131)
prokka_SMDESRAP/prokka_SMDESRAP:Prokka:SMDESRAP_00012 (length 359)
prokka_SMDESRAP/prokka_SMDESRAP:Prokka:SMDESRAP_00013 (length 537)
prokka_SMDESRAP/prokka_SMDESRAP:Prokka:SMDESRAP_00014 (length 616)
prokka_SMDESRAP/prokka_SMDESRAP:Prokka:SMDESRAP_00015 (length 127)
prokka_SMDESRAP/prokka_SMDESRAP:Prokka:SMDESRAP_00017 (length 190)
prokka_SMDESRAP/prokka_SMDESRAP:Prokka:SMDESRAP_00018 (length 501)
prokka_SMDESRAP/prokka_SMDESRAP:Prokka:SMDESRAP_00019 (length 150)
prokka_SMDESRAP/prokka_SMDESRAP:Prokka:SMDESRAP_00020 (length 89)
prokka_SMDESRAP/prokka_SMDESRAP:Prokka:SMDESRAP_00021 (length 115)
prokka_SMDESRAP/prokka_SMDESRAP:Prokka:SMDESRAP_00023 (length 85)
prokka_SMDESRAP/prokka_SMDESRAP:Prokka:SMDESRAP_00024 (length 110)
prokka_SMDESRAP/prokka_SMDESRAP:Prokka:SMDESRAP_00026 (length 438)
prokka_SMDESRAP/prokka_SMDESRAP:Prokka:SMDESRAP_00027 (length 199)
prokka_SMDESRAP/prokka_SMDESRAP:Prokka:SMDESRAP_00028 (length 318)
prokka_SMDESRAP/prokka_SMDESRAP:Prokka:SMDESRAP_00029 (length 572)
prokka_SMDESRAP/prokka_SMDESRAP:Prokka:SMDESRAP_00032 (length 252)
prokka_SMDESRAP/prokka_SMDESRAP:Prokka:SMDESRAP_00033 (length 282)
prokka_SMDESRAP/prokka_SMDESRAP:Prokka:SMDESRAP_00034 (length 435)
prokka_SMDESRAP/prokka_SMDESRAP:Prokka:SMDESRAP_00035 (length 420)
prokka_SMDESRAP/prokka_SMDESRAP:Prokka:SMDESRAP_00039 (length 81)
prokka_SMDESRAP/prokka_SMDESRAP:Prokka:SMDESRAP_00040 (length 108)
prokka_SMDESRAP/prokka_SMDESRAP:Prokka:SMDESRAP_00041 (length 441)
prokka_SMDESRAP/prokka_SMDESRAP:Prokka:SMDESRAP_00042 (length 602)
prokka_SMDESRAP/prokka_SMDESRAP:Prokka:SMDESRAP_00044 (length 485)
prokka_SMDESRAP/prokka_SMDESRAP:Prokka:SMDESRAP_00045 (length 377)
prokka_SMDESRAP/prokka_SMDESRAP:Prokka:SMDESRAP_00046 (length 315)
prokka_SMDESRAP/prokka_SMDESRAP:Prokka:SMDESRAP_00049 (length 1300)
prokka_SMDESRAP/prokka_SMDESRAP:Prokka:SMDESRAP_00051 (length 451)
prokka_SMDESRAP/prokka_SMDESRAP:Prokka:SMDESRAP_00052 (length 275)
prokka_SMDESRAP/prokka_SMDESRAP:Prokka:SMDESRAP_00053 (length 477)
prokka_SMDESRAP/prokka_SMDESRAP:Prokka:SMDESRAP_00054 (length 180)
prokka_SMDESRAP/prokka_SMDESRAP:Prokka:SMDESRAP_00055 (length 368)
prokka_SMDESRAP/prokka_SMDESRAP:Prokka:SMDESRAP_00056 (length 392)
prokka_SMDESRAP/prokka_SMDESRAP:Prokka:SMDESRAP_00057 (length 353)
prokka_SMDESRAP/prokka_SMDESRAP:Prokka:SMDESRAP_00058 (length 150)
prokka_SMDESRAP/prokka_SMDESRAP:Prokka:SMDESRAP_00059 (length 113)
prokka_SMDESRAP/prokka_SMDESRAP:Prokka:SMDESRAP_00060 (length 68)
prokka_SMDESRAP/prokka_SMDESRAP:Prokka:SMDESRAP_00061 (length 197)
prokka_SMDESRAP/prokka_SMDESRAP:Prokka:SMDESRAP_00062 (length 624)
prokka_SMDESRAP/prokka_SMDESRAP:Prokka:SMDESRAP_00063 (length 133)
prokka_SMDESRAP/prokka_SMDESRAP:Prokka:SMDESRAP_00064 (length 130)
prokka_SMDESRAP/prokka_SMDESRAP:Prokka:SMDESRAP_00065 (length 255)
prokka_SMDESRAP/prokka_SMDESRAP:Prokka:SMDESRAP_00068 (length 849)
prokka_SMDESRAP/prokka_SMDESRAP:Prokka:SMDESRAP_00069 (length 404)
prokka_SMDESRAP/prokka_SMDESRAP:Prokka:SMDESRAP_00070 (length 216)
prokka_SMDESRAP/prokka_SMDESRAP:Prokka:SMDESRAP_00071 (length 343)
prokka_SMDESRAP/prokka_SMDESRAP:Prokka:SMDESRAP_00077 (length 430)
prokka_SMDESRAP/prokka_SMDESRAP:Prokka:SMDESRAP_00078 (length 137)
prokka_SMDESRAP/prokka_SMDESRAP:Prokka:SMDESRAP_00079 (length 34)
prokka_SMDESRAP/prokka_SMDESRAP:Prokka:SMDESRAP_00084 (length 395)
prokka_SMDESRAP/prokka_SMDESRAP:Prokka:SMDESRAP_00086 (length 150)
prokka_SMDESRAP/prokka_SMDESRAP:Prokka:SMDESRAP_00087 (length 211)
prokka_SMDESRAP/prokka_SMDESRAP:Prokka:SMDESRAP_00088 (length 179)
prokka_SMDESRAP/prokka_SMDESRAP:Prokka:SMDESRAP_00089 (length 125)
prokka_SMDESRAP/prokka_SMDESRAP:Prokka:SMDESRAP_00090 (length 1235)
prokka_SMDESRAP/prokka_SMDESRAP:Prokka:SMDESRAP_00091 (length 1371)
prokka_SMDESRAP/prokka_SMDESRAP:Prokka:SMDESRAP_00092 (length 251)
prokka_SMDESRAP/prokka_SMDESRAP:Prokka:SMDESRAP_00093 (length 324)
prokka_SMDESRAP/prokka_SMDESRAP:Prokka:SMDESRAP_00095 (length 59)
prokka_SMDESRAP/prokka_SMDESRAP:Prokka:SMDESRAP_00096 (length 75)
prokka_SMDESRAP/prokka_SMDESRAP:Prokka:SMDESRAP_00097 (length 415)
prokka_SMDESRAP/prokka_SMDESRAP:Prokka:SMDESRAP_00098 (length 282)
prokka_SMDESRAP/prokka_SMDESRAP:Prokka:SMDESRAP_00100 (length 420)
prokka_SMDESRAP/prokka_SMDESRAP:Prokka:SMDESRAP_00101 (length 384)
prokka_SMDESRAP/prokka_SMDESRAP:Prokka:SMDESRAP_00102 (length 469)
prokka_SMDESRAP/prokka_SMDESRAP:Prokka:SMDESRAP_00103 (length 194)
prokka_SMDESRAP/prokka_SMDESRAP:Prokka:SMDESRAP_00104 (length 358)
prokka_SMDESRAP/prokka_SMDESRAP:Prokka:SMDESRAP_00105 (length 268)
prokka_SMDESRAP/prokka_SMDESRAP:Prokka:SMDESRAP_00106 (length 122)
prokka_SMDESRAP/prokka_SMDESRAP:Prokka:SMDESRAP_00107 (length 265)
prokka_SMDESRAP/prokka_SMDESRAP:Prokka:SMDESRAP_00108 (length 64)
prokka_SMDESRAP/prokka_SMDESRAP:Prokka:SMDESRAP_00109 (length 324)
prokka_SMDESRAP/prokka_SMDESRAP:Prokka:SMDESRAP_00110 (length 463)
prokka_SMDESRAP/prokka_SMDESRAP:Prokka:SMDESRAP_00113 (length 37)
prokka_SMDESRAP/prokka_SMDESRAP:Prokka:SMDESRAP_00114 (length 150)
prokka_SMDESRAP/prokka_SMDESRAP:Prokka:SMDESRAP_00115 (length 106)
prokka_SMDESRAP/prokka_SMDESRAP:Prokka:SMDESRAP_00116 (length 543)
prokka_SMDESRAP/prokka_SMDESRAP:Prokka:SMDESRAP_00117 (length 89)
prokka_SMDESRAP/prokka_SMDESRAP:Prokka:SMDESRAP_00118 (length 434)
prokka_SMDESRAP/prokka_SMDESRAP:Prokka:SMDESRAP_00119 (length 478)
prokka_SMDESRAP/prokka_SMDESRAP:Prokka:SMDESRAP_00120 (length 247)
prokka_SMDESRAP/prokka_SMDESRAP:Prokka:SMDESRAP_00121 (length 430)
prokka_SMDESRAP/prokka_SMDESRAP:Prokka:SMDESRAP_00122 (length 404)
prokka_SMDESRAP/prokka_SMDESRAP:Prokka:SMDESRAP_00123 (length 74)
prokka_SMDESRAP/prokka_SMDESRAP:Prokka:SMDESRAP_00125 (length 98)
prokka_SMDESRAP/prokka_SMDESRAP:Prokka:SMDESRAP_00127 (length 62)
prokka_SMDESRAP/prokka_SMDESRAP:Prokka:SMDESRAP_00128 (length 326)
prokka_SMDESRAP/prokka_SMDESRAP:Prokka:SMDESRAP_00129 (length 314)
prokka_SMDESRAP/prokka_SMDESRAP:Prokka:SMDESRAP_00130 (length 719)
prokka_SMDESRAP/prokka_SMDESRAP:Prokka:SMDESRAP_00131 (length 58)
prokka_SMDESRAP/prokka_SMDESRAP:Prokka:SMDESRAP_00132 (length 93)
prokka_SMDESRAP/prokka_SMDESRAP:Prokka:SMDESRAP_00133 (length 165)
prokka_SMDESRAP/prokka_SMDESRAP:Prokka:SMDESRAP_00134 (length 159)
prokka_SMDESRAP/prokka_SMDESRAP:Prokka:SMDESRAP_00135 (length 697)
prokka_SMDESRAP/prokka_SMDESRAP:Prokka:SMDESRAP_00136 (length 98)
prokka_SMDESRAP/prokka_SMDESRAP:Prokka:SMDESRAP_00137 (length 211)
prokka_SMDESRAP/prokka_SMDESRAP:Prokka:SMDESRAP_00138 (length 215)
prokka_SMDESRAP/prokka_SMDESRAP:Prokka:SMDESRAP_00139 (length 108)
prokka_SMDESRAP/prokka_SMDESRAP:Prokka:SMDESRAP_00140 (length 276)
prokka_SMDESRAP/prokka_SMDESRAP:Prokka:SMDESRAP_00141 (length 96)
prokka_SMDESRAP/prokka_SMDESRAP:Prokka:SMDESRAP_00142 (length 124)
prokka_SMDESRAP/prokka_SMDESRAP:Prokka:SMDESRAP_00143 (length 232)
prokka_SMDESRAP/prokka_SMDESRAP:Prokka:SMDESRAP_00144 (length 134)
prokka_SMDESRAP/prokka_SMDESRAP:Prokka:SMDESRAP_00145 (length 80)
prokka_SMDESRAP/prokka_SMDESRAP:Prokka:SMDESRAP_00146 (length 122)
prokka_SMDESRAP/prokka_SMDESRAP:Prokka:SMDESRAP_00147 (length 110)
prokka_SMDESRAP/prokka_SMDESRAP:Prokka:SMDESRAP_00148 (length 181)
prokka_SMDESRAP/prokka_SMDESRAP:Prokka:SMDESRAP_00149 (length 89)
prokka_SMDESRAP/prokka_SMDESRAP:Prokka:SMDESRAP_00150 (length 129)
prokka_SMDESRAP/prokka_SMDESRAP:Prokka:SMDESRAP_00151 (length 185)
prokka_SMDESRAP/prokka_SMDESRAP:Prokka:SMDESRAP_00152 (length 114)
prokka_SMDESRAP/prokka_SMDESRAP:Prokka:SMDESRAP_00153 (length 164)
prokka_SMDESRAP/prokka_SMDESRAP:Prokka:SMDESRAP_00154 (length 158)
prokka_SMDESRAP/prokka_SMDESRAP:Prokka:SMDESRAP_00155 (length 71)
prokka_SMDESRAP/prokka_SMDESRAP:Prokka:SMDESRAP_00156 (length 38)
prokka_SMDESRAP/prokka_SMDESRAP:Prokka:SMDESRAP_00157 (length 127)
prokka_SMDESRAP/prokka_SMDESRAP:Prokka:SMDESRAP_00158 (length 117)
prokka_SMDESRAP/prokka_SMDESRAP:Prokka:SMDESRAP_00159 (length 198)
prokka_SMDESRAP/prokka_SMDESRAP:Prokka:SMDESRAP_00160 (length 352)
prokka_SMDESRAP/prokka_SMDESRAP:Prokka:SMDESRAP_00161 (length 116)
prokka_SMDESRAP/prokka_SMDESRAP:Prokka:SMDESRAP_00162 (length 300)
prokka_SMDESRAP/prokka_SMDESRAP:Prokka:SMDESRAP_00163 (length 543)
prokka_SMDESRAP/prokka_SMDESRAP:Prokka:SMDESRAP_00164 (length 493)
prokka_SMDESRAP/prokka_SMDESRAP:Prokka:SMDESRAP_00166 (length 331)
prokka_SMDESRAP/prokka_SMDESRAP:Prokka:SMDESRAP_00167 (length 366)
prokka_SMDESRAP/prokka_SMDESRAP:Prokka:SMDESRAP_00168 (length 161)
prokka_SMDESRAP/prokka_SMDESRAP:Prokka:SMDESRAP_00169 (length 142)
prokka_SMDESRAP/prokka_SMDESRAP:Prokka:SMDESRAP_00170 (length 316)
prokka_SMDESRAP/prokka_SMDESRAP:Prokka:SMDESRAP_00171 (length 44)
prokka_SMDESRAP/prokka_SMDESRAP:Prokka:SMDESRAP_00172 (length 350)
prokka_SMDESRAP/prokka_SMDESRAP:Prokka:SMDESRAP_00173 (length 78)
prokka_SMDESRAP/prokka_SMDESRAP:Prokka:SMDESRAP_00174 (length 559)
prokka_SMDESRAP/prokka_SMDESRAP:Prokka:SMDESRAP_00175 (length 569)

DiscRep_ALL:DISC_INCONSISTENT_MOLINFO_TECH::Molinfo Technique Report (some missing, all same)
DiscRep_SUB:DISC_INCONSISTENT_MOLINFO_TECH::technique (all missing)
DiscRep_SUB:DISC_INCONSISTENT_MOLINFO_TECH::1 Molinfos are missing field technique
prokka_SMDESRAP/prokka_SMDESRAP:Prokka:SMDESRAP_1 (length 148257)

