[18:32:50] This is prokka 1.13
[18:32:50] Written by Torsten Seemann <torsten.seemann@gmail.com>
[18:32:50] Homepage is https://github.com/tseemann/prokka
[18:32:50] Local time is Wed Feb 21 18:32:50 2024
[18:32:50] You are diego
[18:32:50] Operating system is linux
[18:32:50] You have BioPerl 1.007002
[18:32:50] System has 32 cores.
[18:32:50] Will use maximum of 30 cores.
[18:32:50] Annotating as >>> Bacteria <<<
[18:32:50] Enabling options to ensure Genbank/ENA/DDJB submission compliance.
[18:32:50] Creating new output folder: prokka_SMDESRAP
[18:32:50] Running: mkdir -p prokka_SMDESRAP
[18:32:50] Using filename prefix: SMDESRAP.XXX
[18:32:50] Setting HMMER_NCPU=1
[18:32:50] Writing log to: prokka_SMDESRAP/SMDESRAP.log
[18:32:50] Command: /home/diego/miniconda3/envs/prokka_env/bin/prokka SMDESRAP.fasta --outdir prokka_SMDESRAP --prefix SMDESRAP --gcode 4 --compliant --cpus 30 --locustag SMDESRAP
[18:32:50] Appending to PATH: /home/diego/miniconda3/envs/prokka_env/bin
[18:32:50] Looking for 'aragorn' - found /home/diego/miniconda3/envs/prokka_env/bin/aragorn
[18:32:50] Determined aragorn version is 1.2
[18:32:50] Looking for 'barrnap' - found /home/diego/miniconda3/envs/prokka_env/bin/barrnap
[18:32:50] Determined barrnap version is 0.9
[18:32:50] Looking for 'blastp' - found /home/diego/miniconda3/envs/prokka_env/bin/blastp
[18:32:50] Determined blastp version is 2.14
[18:32:50] Looking for 'cmpress' - found /home/diego/miniconda3/envs/prokka_env/bin/cmpress
[18:32:50] Determined cmpress version is 1.1
[18:32:50] Looking for 'cmscan' - found /home/diego/miniconda3/envs/prokka_env/bin/cmscan
[18:32:50] Determined cmscan version is 1.1
[18:32:50] Looking for 'egrep' - found /usr/bin/egrep
[18:32:50] Looking for 'find' - found /usr/bin/find
[18:32:50] Looking for 'grep' - found /usr/bin/grep
[18:32:50] Looking for 'hmmpress' - found /home/diego/miniconda3/envs/prokka_env/bin/hmmpress
[18:32:50] Determined hmmpress version is 3.3
[18:32:50] Looking for 'hmmscan' - found /home/diego/miniconda3/envs/prokka_env/bin/hmmscan
[18:32:50] Determined hmmscan version is 3.3
[18:32:50] Looking for 'java' - found /home/diego/miniconda3/envs/prokka_env/bin/java
[18:32:50] Looking for 'less' - found /usr/bin/less
[18:32:50] Looking for 'makeblastdb' - found /home/diego/miniconda3/envs/prokka_env/bin/makeblastdb
[18:32:50] Determined makeblastdb version is 2.14
[18:32:50] Looking for 'minced' - found /home/diego/miniconda3/envs/prokka_env/bin/minced
[18:32:50] Determined minced version is 4.2
[18:32:50] Looking for 'parallel' - found /home/diego/miniconda3/envs/prokka_env/bin/parallel
[18:32:50] Determined parallel version is 20160622
[18:32:50] Looking for 'prodigal' - found /home/diego/miniconda3/envs/prokka_env/bin/prodigal
[18:32:50] Determined prodigal version is 2.6
[18:32:50] Looking for 'prokka-genbank_to_fasta_db' - found /home/diego/miniconda3/envs/prokka_env/bin/prokka-genbank_to_fasta_db
[18:32:50] Looking for 'rnammer' - found /home/diego/rnammer-1.2.src/rnammer
[18:32:51] Determined rnammer version is 1.2
[18:32:51] Looking for 'sed' - found /usr/bin/sed
[18:32:51] Looking for 'tbl2asn' - found /home/diego/miniconda3/envs/prokka_env/bin/tbl2asn
[18:32:51] Determined tbl2asn version is 25.8
[18:32:51] Using genetic code table 4.
[18:32:51] Loading and checking input file: SMDESRAP.fasta
[18:32:51] Wrote 1 contigs totalling 148257 bp.
[18:32:51] Predicting tRNAs and tmRNAs
[18:32:51] Running: aragorn -l -gc4  -w prokka_SMDESRAP\/SMDESRAP\.fna
[18:32:51] 1 tRNA-Met [9115,9192] 35 (cat)
[18:32:51] 2 tRNA-Asn c[12684,12760] 36 (gtt)
[18:32:51] 3 tRNA-Cys c[18564,18634] 33 (gca)
[18:32:51] 4 tmRNA c[22088,22384] 98,124 GKNYSLAA*
[18:32:51] 5 tRNA-Met c[22987,23062] 36 (cat)
[18:32:51] 6 tRNA-Leu [27825,27910] 36 (tag)
[18:32:51] 7 tRNA-Leu [27913,27996] 35 (caa)
[18:32:51] 8 tRNA-Ser [32814,32897] 35 (gct)
[18:32:51] 9 tRNA-Pro [32906,32980] 36 (tgg)
[18:32:51] 10 tRNA-Arg [32985,33057] 34 (tct)
[18:32:51] 11 tRNA-Ser c[38626,38713] 36 (tga)
[18:32:51] 12 tRNA-Lys [42473,42545] 34 (ttt)
[18:32:51] 13 tRNA-Asp c[42551,42624] 35 (gtc)
[18:32:51] 14 tRNA-Val c[46600,46674] 36 (tac)
[18:32:51] 15 tRNA-Leu c[60407,60493] 35 (taa)
[18:32:51] 16 tRNA-Gly c[60499,60571] 34 (gcc)
[18:32:51] 17 tRNA-Ala c[69307,69380] 35 (tgc)
[18:32:51] 18 tRNA-Ile c[69385,69458] 35 (gat)
[18:32:51] 19 tRNA-Thr [73180,73253] 35 (tgt)
[18:32:51] 20 tRNA-Tyr [73264,73345] 35 (gta)
[18:32:51] 21 tRNA-Gly [73354,73427] 35 (tcc)
[18:32:51] 22 tRNA-Thr [73434,73508] 35 (ggt)
[18:32:51] 23 tRNA-Trp [74724,74797] 35 (cca)
[18:32:51] 24 tRNA-His [86508,86583] 36 (gtg)
[18:32:51] 25 tRNA-Phe c[89258,89330] 34 (gaa)
[18:32:51] 26 tRNA-Leu c[102401,102474] 35 (gag)
[18:32:51] 27 tRNA-Met [102524,102599] 36 (cat)
[18:32:51] 28 tRNA-Glu c[113058,113129] 34 (ttc)
[18:32:51] 29 tRNA-Gln [113523,113593] 33 (ttg)
[18:32:51] 30 tRNA-Arg c[138065,138138] 35 (acg)
[18:32:51] Found 30 tRNAs
[18:32:51] Predicting Ribosomal RNAs
[18:32:51] Running Barrnap with 30 threads
[18:32:51] 1 gnl|Prokka|SMDESRAP_1 66187 5S ribosomal RNA
[18:32:51] 2 gnl|Prokka|SMDESRAP_1 66414 23S ribosomal RNA
[18:32:51] 3 gnl|Prokka|SMDESRAP_1 69483 16S ribosomal RNA
[18:32:51] Found 3 rRNAs
[18:32:51] Skipping ncRNA search, enable with --rfam if desired.
[18:32:51] Total of 32 tRNA + rRNA features
[18:32:51] Searching for CRISPR repeats
[18:32:51] Found 0 CRISPRs
[18:32:51] Predicting coding sequences
[18:32:51] Contigs total 148257 bp, so using single mode
[18:32:51] Running: prodigal -i prokka_SMDESRAP\/SMDESRAP\.fna -c -m -g 4 -p single -f sco -q
[18:32:52] Excluding CDS which overlaps existing RNA (tRNA) at gnl|Prokka|SMDESRAP_1:33019..34509 on - strand
[18:32:52] Excluding CDS which overlaps existing RNA (tRNA) at gnl|Prokka|SMDESRAP_1:59774..60460 on + strand
[18:32:52] Excluding CDS which overlaps existing RNA (rRNA) at gnl|Prokka|SMDESRAP_1:66536..67081 on + strand
[18:32:52] Excluding CDS which overlaps existing RNA (rRNA) at gnl|Prokka|SMDESRAP_1:67858..68001 on - strand
[18:32:52] Excluding CDS which overlaps existing RNA (tRNA) at gnl|Prokka|SMDESRAP_1:85454..86512 on + strand
[18:32:52] Excluding CDS which overlaps existing RNA (tRNA) at gnl|Prokka|SMDESRAP_1:89330..92017 on - strand
[18:32:52] Found 137 CDS
[18:32:52] Connecting features back to sequences
[18:32:52] Not using genus-specific database. Try --usegenus to enable it.
[18:32:52] Annotating CDS, please be patient.
[18:32:52] Will use 30 CPUs for similarity searching.
[18:32:52] There are still 137 unannotated CDS left (started with 137)
[18:32:52] Will use blast to search against /home/diego/miniconda3/envs/prokka_env/bin/../db/kingdom/Bacteria/sprot with 30 CPUs
[18:32:52] Running: cat prokka_SMDESRAP\/sprot\.faa | parallel --gnu --plain -j 30 --block 710 --recstart '>' --pipe blastp -query - -db /home/diego/miniconda3/envs/prokka_env/bin/../db/kingdom/Bacteria/sprot -evalue 1e-06 -num_threads 1 -num_descriptions 1 -num_alignments 1 -seg no > prokka_SMDESRAP\/sprot\.blast 2> /dev/null
[18:32:53] Modify product: Probable ATP-dependent transporter SufC => putative ATP-dependent transporter SufC
[18:32:53] Cleaned 1 /product names
[18:32:53] Deleting unwanted file: prokka_SMDESRAP/sprot.faa
[18:32:53] Deleting unwanted file: prokka_SMDESRAP/sprot.blast
[18:32:53] There are still 18 unannotated CDS left (started with 137)
[18:32:53] Will use hmmer3 to search against /home/diego/miniconda3/envs/prokka_env/bin/../db/hmm/HAMAP.hmm with 30 CPUs
[18:32:53] Running: cat prokka_SMDESRAP\/HAMAP\.hmm\.faa | parallel --gnu --plain -j 30 --block 39 --recstart '>' --pipe hmmscan --noali --notextw --acc -E 1e-06 --cpu 1 /home/diego/miniconda3/envs/prokka_env/bin/../db/hmm/HAMAP.hmm /dev/stdin > prokka_SMDESRAP\/HAMAP\.hmm\.hmmer3 2> /dev/null
[18:32:54] Deleting unwanted file: prokka_SMDESRAP/HAMAP.hmm.faa
[18:32:54] Deleting unwanted file: prokka_SMDESRAP/HAMAP.hmm.hmmer3
[18:32:54] Labelling remaining 12 proteins as 'hypothetical protein'
[18:32:54] Found 124 unique /gene codes.
[18:32:54] Fixed 0 colliding /gene names.
[18:32:54] Adding /locus_tag identifiers
[18:32:54] Assigned 170 locus_tags to CDS and RNA features.
[18:32:54] Writing outputs to prokka_SMDESRAP/
[18:32:54] Generating annotation statistics file
[18:32:54] Generating Genbank and Sequin files
[18:32:54] Running: tbl2asn -V b -a r10k -l paired-ends -M n -N 1 -y 'Annotated using prokka 1.13 from https://github.com/tseemann/prokka' -Z prokka_SMDESRAP\/SMDESRAP\.err -i prokka_SMDESRAP\/SMDESRAP\.fsa 2> /dev/null
[18:32:55] Deleting unwanted file: prokka_SMDESRAP/errorsummary.val
[18:32:55] Deleting unwanted file: prokka_SMDESRAP/SMDESRAP.dr
[18:32:55] Deleting unwanted file: prokka_SMDESRAP/SMDESRAP.fixedproducts
[18:32:55] Deleting unwanted file: prokka_SMDESRAP/SMDESRAP.ecn
[18:32:55] Deleting unwanted file: prokka_SMDESRAP/SMDESRAP.val
[18:32:55] Repairing broken .GBK output that tbl2asn produces...
[18:32:55] Running: sed 's/COORDINATES: profile/COORDINATES:profile/' < prokka_SMDESRAP\/SMDESRAP\.gbf > prokka_SMDESRAP\/SMDESRAP\.gbk
[18:32:55] Deleting unwanted file: prokka_SMDESRAP/SMDESRAP.gbf
[18:32:55] Output files:
[18:32:55] prokka_SMDESRAP/SMDESRAP.tbl
[18:32:55] prokka_SMDESRAP/SMDESRAP.gff
[18:32:55] prokka_SMDESRAP/SMDESRAP.fna
[18:32:55] prokka_SMDESRAP/SMDESRAP.log
[18:32:55] prokka_SMDESRAP/SMDESRAP.gbk
[18:32:55] prokka_SMDESRAP/SMDESRAP.faa
[18:32:55] prokka_SMDESRAP/SMDESRAP.err
[18:32:55] prokka_SMDESRAP/SMDESRAP.fsa
[18:32:55] prokka_SMDESRAP/SMDESRAP.txt
[18:32:55] prokka_SMDESRAP/SMDESRAP.ffn
[18:32:55] prokka_SMDESRAP/SMDESRAP.sqn
[18:32:55] prokka_SMDESRAP/SMDESRAP.tsv
[18:32:55] Annotation finished successfully.
[18:32:55] Walltime used: 0.08 minutes
[18:32:55] If you use this result please cite the Prokka paper:
[18:32:55] Seemann T (2014) Prokka: rapid prokaryotic genome annotation. Bioinformatics. 30(14):2068-9.
[18:32:55] Type 'prokka --citation' for more details.
[18:32:55] Share and enjoy!
