14:37:42.370 - INFO - UTILS - version=1.5.0
14:37:42.370 - INFO - UTILS - developer: Oliver Schwengers, github.com/oschwengers
14:37:42.370 - INFO - UTILS - command: /home/diego/miniconda3/envs/bakta/bin/bakta VFDICMUL.fasta --prefix bakta_VFDICMUL --output bakta_VFDICMUL -t 8 --locus-tag VFDICMUL
14:37:42.370 - INFO - UTILS - local time: 2022-11-10 14:37:42
14:37:42.372 - INFO - UTILS - machine: type=x86_64, cores=12
14:37:42.372 - INFO - UTILS - system: type=Linux, release=5.15.0-52-generic
14:37:42.372 - INFO - UTILS - python: version=3.10.6, implementation=CPython
14:37:42.372 - INFO - CONFIG - threads=8
14:37:42.372 - INFO - CONFIG - verbose=False
14:37:42.372 - INFO - CONFIG - database: type=environment, path=/home/diego/bakta_db/db/db
14:37:42.373 - INFO - CONFIG - tmp-path=/tmp/tmppram2hdu
14:37:42.373 - INFO - CONFIG - genome-path=/home/diego/Documents/metagenomes/annotation_symbio_merge/annotation_Beta/genomes/VFDICMUL.fasta
14:37:42.373 - INFO - CONFIG - min_contig_length=1
14:37:42.373 - INFO - CONFIG - prefix=bakta_VFDICMUL
14:37:42.373 - INFO - CONFIG - output-path=/home/diego/Documents/metagenomes/annotation_symbio_merge/annotation_Beta/genomes/bakta_VFDICMUL
14:37:42.373 - INFO - CONFIG - genus=None
14:37:42.373 - INFO - CONFIG - species=None
14:37:42.373 - INFO - CONFIG - strain=None
14:37:42.373 - INFO - CONFIG - plasmid=None
14:37:42.373 - INFO - CONFIG - complete=False
14:37:42.373 - INFO - CONFIG - prodigal_tf=None
14:37:42.373 - INFO - CONFIG - translation_table=11
14:37:42.373 - INFO - CONFIG - gram=?
14:37:42.373 - INFO - CONFIG - compliant=False
14:37:42.373 - INFO - CONFIG - locus=None
14:37:42.373 - INFO - CONFIG - locus-tag=VFDICMUL
14:37:42.373 - INFO - CONFIG - keep_contig_headers=False
14:37:42.373 - INFO - CONFIG - replicon-table=None
14:37:42.373 - INFO - CONFIG - skip-tRNA=False
14:37:42.373 - INFO - CONFIG - skip-tmRNA=False
14:37:42.373 - INFO - CONFIG - skip-rRNA=False
14:37:42.373 - INFO - CONFIG - skip-ncRNA=False
14:37:42.373 - INFO - CONFIG - skip-ncRNA-region=False
14:37:42.374 - INFO - CONFIG - skip-CRISPR=False
14:37:42.374 - INFO - CONFIG - skip-CDS=False
14:37:42.374 - INFO - CONFIG - skip-pseudo=False
14:37:42.374 - INFO - CONFIG - skip-sORF=False
14:37:42.374 - INFO - CONFIG - skip-gap=False
14:37:42.374 - INFO - CONFIG - skip-ori=False
14:37:42.374 - INFO - DB - detected: major=4, minor=0, date=2022-08-25
14:37:42.449 - INFO - UTILS - dependency: tool=tRNAscan-SE, version=v2.0.9
14:37:42.451 - INFO - UTILS - dependency: tool=aragorn, version=v1.2.41
14:37:42.455 - INFO - UTILS - dependency: tool=cmscan, version=v1.1.4
14:37:42.457 - INFO - UTILS - dependency: tool=pilercr, version=v1.6.0
14:37:42.459 - INFO - UTILS - dependency: tool=prodigal, version=v2.6.3
14:37:42.462 - INFO - UTILS - dependency: tool=amrfinder, version=v3.10.40
14:37:42.487 - INFO - UTILS - dependency: tool=hmmsearch, version=v3.3.2
14:37:42.489 - INFO - UTILS - dependency: tool=diamond, version=v2.0.15
14:37:42.525 - INFO - UTILS - dependency: tool=blastn, version=v2.13.0
14:37:42.534 - INFO - FASTA - imported: id=VFDICMUL, length=122059, description=, genomic=True, dna=True
14:37:42.534 - INFO - MAIN - imported sequences=1
14:37:42.534 - INFO - UTILS - qc: revised sequence: id=contig_1, orig-id=VFDICMUL, type=contig, complete=False, topology=linear, name=, description='[gcode=11]', orig-description=''
14:37:42.535 - INFO - FASTA - write genome sequences: path=/tmp/tmppram2hdu/contigs.fna, description=False, wrap=False
14:37:50.739 - INFO - T_RNA - contig=contig_1, start=1190, stop=1260, strand=+, gene=Trp_trna, product=tRNA-Trp, score=39.4, nt=[AGAGATGTAT..TCCGTCTCTG]
14:37:50.739 - INFO - T_RNA - contig=contig_1, start=14043, stop=14114, strand=+, gene=Phe_trna, product=tRNA-Phe, score=62.9, nt=[GACTTAATAG..CTTTAAGTCA]
14:37:50.740 - INFO - T_RNA - contig=contig_1, start=27039, stop=27121, strand=+, gene=Ser_trna, product=tRNA-Ser, score=64.9, nt=[GGAGATATGG..GCTATCTCCT]
14:37:50.740 - INFO - T_RNA - contig=contig_1, start=44958, stop=45177, strand=+, gene=None, product=tRNA-Xxx, score=51.7, nt=[AGGTCGTTAG..GCACGACCTA]
14:37:50.740 - INFO - T_RNA - contig=contig_1, start=48211, stop=48292, strand=+, gene=Leu_trna, product=tRNA-Leu, score=52.3, nt=[CCAGTATGGT..ACTACTGGCA]
14:37:50.740 - INFO - T_RNA - contig=contig_1, start=48293, stop=48378, strand=+, gene=Leu_trna, product=tRNA-Leu, score=57.4, nt=[GCAAGAATGG..ACTTCTTGCA]
14:37:50.740 - INFO - T_RNA - contig=contig_1, start=48379, stop=48463, strand=+, gene=Ser_trna, product=tRNA-Ser, score=53.6, nt=[TGAAGGATAG..TTTCCTTCAA]
14:37:50.740 - INFO - T_RNA - contig=contig_1, start=60799, stop=60870, strand=+, gene=Val_trna, product=tRNA-Val, score=60.5, nt=[AAGCATTTAG..ACAATGCTTA]
14:37:50.740 - INFO - T_RNA - contig=contig_1, start=68458, stop=68529, strand=+, gene=Thr_trna, product=tRNA-Thr, score=62.6, nt=[ACCGAATTAA..GTATTCGGTA]
14:37:50.740 - INFO - T_RNA - contig=contig_1, start=68531, stop=68602, strand=+, gene=His_trna, product=tRNA-His, score=44.0, nt=[ATGGTTGTAA..ATCAATCATC]
14:37:50.740 - INFO - T_RNA - contig=contig_1, start=71984, stop=72055, strand=+, gene=Pro_trna, product=tRNA-Pro, score=65.9, nt=[CGGAAAGTAA..ATCTTTCTGA]
14:37:50.740 - INFO - T_RNA - contig=contig_1, start=121896, stop=121980, strand=+, gene=Tyr_trna, product=tRNA-Tyr, score=63.2, nt=[GAAGAAATGC..ACTTTCTTCA]
14:37:50.740 - INFO - T_RNA - contig=contig_1, start=121982, stop=122053, strand=+, gene=Gly_trna, product=tRNA-Gly, score=45.0, nt=[GCAAATATAT..TTTATTTGCT]
14:37:50.740 - INFO - T_RNA - contig=contig_1, start=107963, stop=108034, strand=-, gene=Ile_trna, product=tRNA-Ile, score=55.7, nt=[AGGTCTATAG..ATTAGGCCTA]
14:37:50.740 - INFO - T_RNA - contig=contig_1, start=103755, stop=103826, strand=-, gene=Ala_trna, product=tRNA-Ala, score=61.1, nt=[GGGAAAGTAA..TTTTTTTCCA]
14:37:50.740 - INFO - T_RNA - contig=contig_1, start=81550, stop=81623, strand=-, gene=Asp_trna, product=tRNA-Asp, score=54.2, nt=[GGGGTAATAG..ATTTATCTCG]
14:37:50.740 - INFO - T_RNA - contig=contig_1, start=71833, stop=71905, strand=-, gene=fMet_trna, product=tRNA-fMet, score=52.2, nt=[TGCAAGGTAG..ATCTTTGCGC]
14:37:50.740 - INFO - T_RNA - contig=contig_1, start=71644, stop=71714, strand=-, gene=Arg_trna, product=tRNA-Arg, score=43.9, nt=[CTCCTTATAG..TGTTGGGAGG]
14:37:50.740 - INFO - T_RNA - contig=contig_1, start=70506, stop=70577, strand=-, gene=Val_trna, product=tRNA-Val, score=56.4, nt=[AGAACTATAG..TTTGGTTCTT]
14:37:50.741 - INFO - T_RNA - contig=contig_1, start=69449, stop=69522, strand=-, gene=Lys_trna, product=tRNA-Lys, score=69.0, nt=[GGGTTGTTAG..GCACAGCCTA]
14:37:50.741 - INFO - T_RNA - contig=contig_1, start=62480, stop=62562, strand=-, gene=Ser_trna, product=tRNA-Ser, score=50.4, nt=[GAAGATATGT..GTTGTCTTCT]
14:37:50.741 - INFO - T_RNA - contig=contig_1, start=62399, stop=62479, strand=-, gene=Leu_trna, product=tRNA-Leu, score=57.0, nt=[GCCTAAGTGA..ATCTTAGGCA]
14:37:50.741 - INFO - T_RNA - contig=contig_1, start=53830, stop=53901, strand=-, gene=Gly_trna, product=tRNA-Gly, score=53.0, nt=[GCAAAGGTAG..ATTCTTTGCT]
14:37:50.741 - INFO - T_RNA - contig=contig_1, start=53758, stop=53829, strand=-, gene=Cys_trna, product=tRNA-Cys, score=46.1, nt=[GGTAAGATGA..GTTCTTACTT]
14:37:50.741 - INFO - T_RNA - contig=contig_1, start=53042, stop=53113, strand=-, gene=Asn_trna, product=tRNA-Asn, score=55.8, nt=[TTCTCAATAG..AGTTGGGAAG]
14:37:50.741 - INFO - T_RNA - predicted=25
14:37:50.762 - INFO - TM_RNA - predicted=0
14:37:53.266 - INFO - R_RNA - contig=contig_1, start=108039, stop=109549, strand=-, gene=16S_rrna, product=16S ribosomal RNA, length=1511, coverage=0.986, truncated=None, score=1304.2, evalue=3.9e-42, nt=[TTTATTAAGA..TAATTATATA]
14:37:53.266 - INFO - R_RNA - contig=contig_1, start=105178, stop=107953, strand=-, gene=23S_rrna, product=23S ribosomal RNA, length=2776, coverage=0.949, truncated=None, score=2337.9, evalue=3.8e-05, nt=[GTTTAAGGAG..ACTTAACTAC]
14:37:53.267 - INFO - R_RNA - predicted=2
14:37:55.477 - INFO - NC_RNA - predicted=0
14:37:55.936 - INFO - NC_RNA_REGION - predicted=0
14:37:55.982 - INFO - CRISPR - predicted=0
14:37:55.982 - INFO - CDS - create prodigal training file: file=/tmp/tmppram2hdu/prodigal.tf
14:37:56.176 - INFO - FASTA - write genome sequences: path=/tmp/tmppram2hdu/contigs.fasta, description=False, wrap=False
14:37:56.176 - INFO - CDS - run prodigal: type=contigs, # sequences=1
14:37:56.235 - INFO - CDS - contig=contig_1, start=1, stop=1191, strand=+, frame=1, truncated=no, start-type=ATG, RBS-motif=None
14:37:56.235 - INFO - CDS - contig=contig_1, start=1268, stop=1663, strand=+, frame=2, truncated=no, start-type=ATG, RBS-motif=None
14:37:56.235 - INFO - CDS - contig=contig_1, start=1630, stop=2217, strand=+, frame=1, truncated=no, start-type=ATG, RBS-motif=AATAA
14:37:56.235 - INFO - CDS - contig=contig_1, start=2214, stop=2681, strand=+, frame=3, truncated=no, start-type=ATG, RBS-motif=None
14:37:56.235 - INFO - CDS - contig=contig_1, start=2659, stop=3006, strand=+, frame=1, truncated=no, start-type=ATG, RBS-motif=AAA
14:37:56.235 - INFO - CDS - contig=contig_1, start=3006, stop=6710, strand=+, frame=3, truncated=no, start-type=ATG, RBS-motif=AAAA
14:37:56.235 - INFO - CDS - contig=contig_1, start=6707, stop=10474, strand=+, frame=2, truncated=no, start-type=ATG, RBS-motif=AAA
14:37:56.235 - INFO - CDS - contig=contig_1, start=10471, stop=10857, strand=+, frame=1, truncated=no, start-type=ATG, RBS-motif=AAAA
14:37:56.235 - INFO - CDS - contig=contig_1, start=10832, stop=11305, strand=+, frame=2, truncated=no, start-type=ATG, RBS-motif=AACAA
14:37:56.235 - INFO - CDS - contig=contig_1, start=11314, stop=13359, strand=+, frame=1, truncated=no, start-type=ATG, RBS-motif=AAA
14:37:56.235 - INFO - CDS - contig=contig_1, start=13328, stop=13633, strand=+, frame=2, truncated=no, start-type=ATG, RBS-motif=AAAA
14:37:56.235 - INFO - CDS - contig=contig_1, start=13630, stop=14049, strand=+, frame=1, truncated=no, start-type=ATG, RBS-motif=None
14:37:56.235 - INFO - CDS - contig=contig_1, start=14127, stop=14450, strand=+, frame=3, truncated=no, start-type=ATG, RBS-motif=None
14:37:56.235 - INFO - CDS - contig=contig_1, start=14434, stop=15144, strand=-, frame=2, truncated=no, start-type=ATG, RBS-motif=None
14:37:56.235 - INFO - CDS - contig=contig_1, start=15135, stop=16268, strand=-, frame=3, truncated=no, start-type=TTG, RBS-motif=AAAA
14:37:56.235 - INFO - CDS - contig=contig_1, start=16222, stop=16614, strand=-, frame=2, truncated=no, start-type=ATG, RBS-motif=None
14:37:56.236 - INFO - CDS - contig=contig_1, start=16601, stop=16909, strand=-, frame=1, truncated=no, start-type=ATG, RBS-motif=AAA
14:37:56.236 - INFO - CDS - contig=contig_1, start=16887, stop=17711, strand=-, frame=3, truncated=no, start-type=ATG, RBS-motif=None
14:37:56.236 - INFO - CDS - contig=contig_1, start=17711, stop=18262, strand=-, frame=1, truncated=no, start-type=ATG, RBS-motif=AAAA
14:37:56.236 - INFO - CDS - contig=contig_1, start=18811, stop=19671, strand=+, frame=1, truncated=no, start-type=ATG, RBS-motif=None
14:37:56.236 - INFO - CDS - contig=contig_1, start=19652, stop=20152, strand=+, frame=2, truncated=no, start-type=ATG, RBS-motif=AATAA
14:37:56.236 - INFO - CDS - contig=contig_1, start=20138, stop=20683, strand=-, frame=1, truncated=no, start-type=ATG, RBS-motif=None
14:37:56.236 - INFO - CDS - contig=contig_1, start=21014, stop=22150, strand=+, frame=2, truncated=no, start-type=ATG, RBS-motif=AACAA
14:37:56.236 - INFO - CDS - contig=contig_1, start=22122, stop=23396, strand=-, frame=3, truncated=no, start-type=ATG, RBS-motif=None
14:37:56.236 - INFO - CDS - contig=contig_1, start=23396, stop=24082, strand=-, frame=1, truncated=no, start-type=ATG, RBS-motif=None
14:37:56.236 - INFO - CDS - contig=contig_1, start=24069, stop=24974, strand=-, frame=3, truncated=no, start-type=ATG, RBS-motif=None
14:37:56.236 - INFO - CDS - contig=contig_1, start=24978, stop=25913, strand=+, frame=3, truncated=no, start-type=ATG, RBS-motif=AACAA
14:37:56.236 - INFO - CDS - contig=contig_1, start=25903, stop=27039, strand=+, frame=1, truncated=no, start-type=TTG, RBS-motif=AAAA
14:37:56.236 - INFO - CDS - contig=contig_1, start=27113, stop=27325, strand=-, frame=1, truncated=no, start-type=ATG, RBS-motif=None
14:37:56.236 - INFO - CDS - contig=contig_1, start=27347, stop=29542, strand=-, frame=1, truncated=no, start-type=ATG, RBS-motif=None
14:37:56.236 - INFO - CDS - contig=contig_1, start=29539, stop=29688, strand=-, frame=2, truncated=no, start-type=ATG, RBS-motif=None
14:37:56.236 - INFO - CDS - contig=contig_1, start=29860, stop=32034, strand=+, frame=1, truncated=no, start-type=GTG, RBS-motif=None
14:37:56.236 - INFO - CDS - contig=contig_1, start=32252, stop=32770, strand=+, frame=2, truncated=no, start-type=ATG, RBS-motif=AACAA
14:37:56.236 - INFO - CDS - contig=contig_1, start=32779, stop=33873, strand=+, frame=1, truncated=no, start-type=ATG, RBS-motif=AAA
14:37:56.236 - INFO - CDS - contig=contig_1, start=33866, stop=34726, strand=-, frame=1, truncated=no, start-type=ATG, RBS-motif=AATAA
14:37:56.236 - INFO - CDS - contig=contig_1, start=34723, stop=35463, strand=-, frame=2, truncated=no, start-type=ATG, RBS-motif=AAA
14:37:56.236 - INFO - CDS - contig=contig_1, start=35463, stop=36470, strand=-, frame=3, truncated=no, start-type=ATG, RBS-motif=None
14:37:56.236 - INFO - CDS - contig=contig_1, start=36457, stop=37017, strand=-, frame=2, truncated=no, start-type=ATG, RBS-motif=AAA
14:37:56.236 - INFO - CDS - contig=contig_1, start=37014, stop=38243, strand=-, frame=3, truncated=no, start-type=ATG, RBS-motif=None
14:37:56.236 - INFO - CDS - contig=contig_1, start=38240, stop=39589, strand=-, frame=1, truncated=no, start-type=ATG, RBS-motif=None
14:37:56.236 - INFO - CDS - contig=contig_1, start=39624, stop=40586, strand=-, frame=3, truncated=no, start-type=ATG, RBS-motif=AAA
14:37:56.236 - INFO - CDS - contig=contig_1, start=40830, stop=42131, strand=-, frame=3, truncated=no, start-type=GTG, RBS-motif=AAA
14:37:56.236 - INFO - CDS - contig=contig_1, start=42097, stop=43128, strand=-, frame=2, truncated=no, start-type=ATG, RBS-motif=None
14:37:56.236 - INFO - CDS - contig=contig_1, start=43564, stop=44955, strand=+, frame=1, truncated=no, start-type=ATG, RBS-motif=AAAA
14:37:56.236 - INFO - CDS - contig=contig_1, start=45179, stop=48064, strand=+, frame=2, truncated=no, start-type=ATG, RBS-motif=None
14:37:56.236 - INFO - CDS - contig=contig_1, start=48057, stop=48230, strand=+, frame=3, truncated=no, start-type=ATG, RBS-motif=AAAA
14:37:56.236 - INFO - CDS - contig=contig_1, start=49220, stop=50230, strand=+, frame=2, truncated=no, start-type=ATG, RBS-motif=AAA
14:37:56.237 - INFO - CDS - contig=contig_1, start=50196, stop=50795, strand=+, frame=3, truncated=no, start-type=ATG, RBS-motif=AAAA
14:37:56.237 - INFO - CDS - contig=contig_1, start=50788, stop=51915, strand=+, frame=1, truncated=no, start-type=ATG, RBS-motif=AAAA
14:37:56.237 - INFO - CDS - contig=contig_1, start=51915, stop=52589, strand=+, frame=3, truncated=no, start-type=ATG, RBS-motif=AAA
14:37:56.237 - INFO - CDS - contig=contig_1, start=52570, stop=52833, strand=+, frame=1, truncated=no, start-type=ATG, RBS-motif=AAA
14:37:56.237 - INFO - CDS - contig=contig_1, start=52814, stop=53041, strand=+, frame=2, truncated=no, start-type=ATG, RBS-motif=AAAA
14:37:56.237 - INFO - CDS - contig=contig_1, start=53023, stop=53130, strand=+, frame=1, truncated=no, start-type=ATG, RBS-motif=AAA
14:37:56.237 - INFO - CDS - contig=contig_1, start=53133, stop=53393, strand=+, frame=3, truncated=no, start-type=ATG, RBS-motif=None
14:37:56.237 - INFO - CDS - contig=contig_1, start=53416, stop=53622, strand=+, frame=1, truncated=no, start-type=ATG, RBS-motif=AAA
14:37:56.237 - INFO - CDS - contig=contig_1, start=53622, stop=53786, strand=+, frame=3, truncated=no, start-type=ATG, RBS-motif=None
14:37:56.237 - INFO - CDS - contig=contig_1, start=53887, stop=54396, strand=-, frame=2, truncated=no, start-type=TTG, RBS-motif=None
14:37:56.237 - INFO - CDS - contig=contig_1, start=54413, stop=55477, strand=+, frame=2, truncated=no, start-type=ATG, RBS-motif=AAAA
14:37:56.237 - INFO - CDS - contig=contig_1, start=55459, stop=58539, strand=+, frame=1, truncated=no, start-type=ATG, RBS-motif=AAA
14:37:56.237 - INFO - CDS - contig=contig_1, start=58526, stop=59077, strand=+, frame=2, truncated=no, start-type=ATG, RBS-motif=AAAA
14:37:56.237 - INFO - CDS - contig=contig_1, start=59074, stop=59637, strand=+, frame=1, truncated=no, start-type=ATG, RBS-motif=AAAA
14:37:56.237 - INFO - CDS - contig=contig_1, start=59634, stop=60800, strand=+, frame=3, truncated=no, start-type=ATG, RBS-motif=None
14:37:56.237 - INFO - CDS - contig=contig_1, start=60880, stop=61473, strand=+, frame=1, truncated=no, start-type=ATG, RBS-motif=None
14:37:56.237 - INFO - CDS - contig=contig_1, start=61451, stop=62248, strand=+, frame=2, truncated=no, start-type=ATG, RBS-motif=AACAA
14:37:56.237 - INFO - CDS - contig=contig_1, start=62290, stop=62517, strand=+, frame=1, truncated=no, start-type=ATG, RBS-motif=None
14:37:56.237 - INFO - CDS - contig=contig_1, start=62576, stop=63151, strand=+, frame=2, truncated=no, start-type=ATG, RBS-motif=AAAA
14:37:56.237 - INFO - CDS - contig=contig_1, start=63139, stop=64377, strand=+, frame=1, truncated=no, start-type=ATG, RBS-motif=AAAA
14:37:56.237 - INFO - CDS - contig=contig_1, start=64371, stop=65375, strand=+, frame=3, truncated=no, start-type=ATG, RBS-motif=AAAA
14:37:56.237 - INFO - CDS - contig=contig_1, start=65332, stop=65904, strand=+, frame=1, truncated=no, start-type=ATG, RBS-motif=AACAA
14:37:56.237 - INFO - CDS - contig=contig_1, start=65897, stop=66493, strand=+, frame=2, truncated=no, start-type=ATG, RBS-motif=AACAA
14:37:56.237 - INFO - CDS - contig=contig_1, start=66484, stop=67170, strand=+, frame=1, truncated=no, start-type=ATG, RBS-motif=AAAA
14:37:56.237 - INFO - CDS - contig=contig_1, start=67170, stop=67916, strand=+, frame=3, truncated=no, start-type=ATG, RBS-motif=AAA
14:37:56.237 - INFO - CDS - contig=contig_1, start=67909, stop=68208, strand=+, frame=1, truncated=no, start-type=ATG, RBS-motif=AAAA
14:37:56.237 - INFO - CDS - contig=contig_1, start=68189, stop=68467, strand=+, frame=2, truncated=no, start-type=ATG, RBS-motif=AAA
14:37:56.237 - INFO - CDS - contig=contig_1, start=68624, stop=69451, strand=+, frame=2, truncated=no, start-type=ATG, RBS-motif=None
14:37:56.237 - INFO - CDS - contig=contig_1, start=69523, stop=69876, strand=-, frame=2, truncated=no, start-type=ATG, RBS-motif=None
14:37:56.237 - INFO - CDS - contig=contig_1, start=69863, stop=70027, strand=-, frame=1, truncated=no, start-type=ATG, RBS-motif=AAA
14:37:56.237 - INFO - CDS - contig=contig_1, start=70029, stop=70460, strand=-, frame=3, truncated=no, start-type=ATG, RBS-motif=AAAA
14:37:56.237 - INFO - CDS - contig=contig_1, start=70576, stop=71700, strand=-, frame=2, truncated=no, start-type=ATG, RBS-motif=None
14:37:56.238 - INFO - CDS - contig=contig_1, start=71717, stop=71851, strand=+, frame=2, truncated=no, start-type=ATG, RBS-motif=AAA
14:37:56.238 - INFO - CDS - contig=contig_1, start=72063, stop=72455, strand=+, frame=3, truncated=no, start-type=ATG, RBS-motif=None
14:37:56.238 - INFO - CDS - contig=contig_1, start=72390, stop=72908, strand=-, frame=3, truncated=no, start-type=ATG, RBS-motif=AAA
14:37:56.238 - INFO - CDS - contig=contig_1, start=72908, stop=73768, strand=-, frame=1, truncated=no, start-type=TTG, RBS-motif=AAA
14:37:56.238 - INFO - CDS - contig=contig_1, start=73911, stop=74990, strand=+, frame=3, truncated=no, start-type=ATG, RBS-motif=AATAA
14:37:56.238 - INFO - CDS - contig=contig_1, start=74938, stop=75666, strand=+, frame=1, truncated=no, start-type=ATG, RBS-motif=AAA
14:37:56.238 - INFO - CDS - contig=contig_1, start=75668, stop=76522, strand=+, frame=2, truncated=no, start-type=ATG, RBS-motif=AAAA
14:37:56.238 - INFO - CDS - contig=contig_1, start=76922, stop=78307, strand=-, frame=1, truncated=no, start-type=ATG, RBS-motif=None
14:37:56.238 - INFO - CDS - contig=contig_1, start=78304, stop=79497, strand=-, frame=2, truncated=no, start-type=ATG, RBS-motif=None
14:37:56.238 - INFO - CDS - contig=contig_1, start=79494, stop=80750, strand=-, frame=3, truncated=no, start-type=ATG, RBS-motif=AATAA
14:37:56.238 - INFO - CDS - contig=contig_1, start=80861, stop=81037, strand=-, frame=1, truncated=no, start-type=ATG, RBS-motif=None
14:37:56.238 - INFO - CDS - contig=contig_1, start=81343, stop=81549, strand=+, frame=1, truncated=no, start-type=ATG, RBS-motif=AAAA
14:37:56.238 - INFO - CDS - contig=contig_1, start=81680, stop=82888, strand=-, frame=1, truncated=no, start-type=ATG, RBS-motif=None
14:37:56.238 - INFO - CDS - contig=contig_1, start=82897, stop=84204, strand=+, frame=1, truncated=no, start-type=ATG, RBS-motif=None
14:37:56.238 - INFO - CDS - contig=contig_1, start=84201, stop=86006, strand=+, frame=3, truncated=no, start-type=ATG, RBS-motif=AAAA
14:37:56.238 - INFO - CDS - contig=contig_1, start=86081, stop=86347, strand=+, frame=2, truncated=no, start-type=ATG, RBS-motif=AAA
14:37:56.238 - INFO - CDS - contig=contig_1, start=86337, stop=87926, strand=+, frame=3, truncated=no, start-type=ATG, RBS-motif=AAA
14:37:56.238 - INFO - CDS - contig=contig_1, start=87968, stop=89245, strand=+, frame=2, truncated=no, start-type=ATG, RBS-motif=None
14:37:56.238 - INFO - CDS - contig=contig_1, start=89230, stop=90273, strand=+, frame=1, truncated=no, start-type=ATG, RBS-motif=AAA
14:37:56.238 - INFO - CDS - contig=contig_1, start=90265, stop=91248, strand=-, frame=2, truncated=no, start-type=TTG, RBS-motif=AAA
14:37:56.238 - INFO - CDS - contig=contig_1, start=91334, stop=92044, strand=+, frame=2, truncated=no, start-type=ATG, RBS-motif=AAAA
14:37:56.238 - INFO - CDS - contig=contig_1, start=92036, stop=93061, strand=-, frame=1, truncated=no, start-type=ATG, RBS-motif=AAAA
14:37:56.238 - INFO - CDS - contig=contig_1, start=93076, stop=94881, strand=-, frame=2, truncated=no, start-type=ATG, RBS-motif=None
14:37:56.238 - INFO - CDS - contig=contig_1, start=94883, stop=95293, strand=-, frame=1, truncated=no, start-type=ATG, RBS-motif=AAA
14:37:56.238 - INFO - CDS - contig=contig_1, start=95358, stop=96326, strand=+, frame=3, truncated=no, start-type=ATG, RBS-motif=None
14:37:56.238 - INFO - CDS - contig=contig_1, start=96319, stop=97314, strand=-, frame=2, truncated=no, start-type=ATG, RBS-motif=None
14:37:56.238 - INFO - CDS - contig=contig_1, start=97414, stop=99462, strand=-, frame=2, truncated=no, start-type=ATG, RBS-motif=AAA
14:37:56.238 - INFO - CDS - contig=contig_1, start=99462, stop=100097, strand=-, frame=3, truncated=no, start-type=ATG, RBS-motif=None
14:37:56.238 - INFO - CDS - contig=contig_1, start=100090, stop=101304, strand=-, frame=2, truncated=no, start-type=ATG, RBS-motif=AAAA
14:37:56.238 - INFO - CDS - contig=contig_1, start=101276, stop=101920, strand=-, frame=1, truncated=no, start-type=TTG, RBS-motif=AAAA
14:37:56.238 - INFO - CDS - contig=contig_1, start=102015, stop=102431, strand=+, frame=3, truncated=no, start-type=ATG, RBS-motif=AAAA
14:37:56.238 - INFO - CDS - contig=contig_1, start=102420, stop=102659, strand=-, frame=3, truncated=no, start-type=ATG, RBS-motif=None
14:37:56.238 - INFO - CDS - contig=contig_1, start=102652, stop=102960, strand=-, frame=2, truncated=no, start-type=ATG, RBS-motif=AAAA
14:37:56.239 - INFO - CDS - contig=contig_1, start=102951, stop=103745, strand=-, frame=3, truncated=no, start-type=TTG, RBS-motif=AAA
14:37:56.239 - INFO - CDS - contig=contig_1, start=103827, stop=105056, strand=+, frame=3, truncated=no, start-type=ATG, RBS-motif=None
14:37:56.239 - INFO - CDS - contig=contig_1, start=105744, stop=105977, strand=-, frame=3, truncated=no, start-type=ATG, RBS-motif=AAA
14:37:56.239 - INFO - CDS - contig=contig_1, start=106235, stop=106501, strand=+, frame=2, truncated=no, start-type=TTG, RBS-motif=None
14:37:56.239 - INFO - CDS - contig=contig_1, start=107808, stop=108020, strand=-, frame=3, truncated=no, start-type=ATG, RBS-motif=None
14:37:56.239 - INFO - CDS - contig=contig_1, start=109814, stop=110284, strand=+, frame=2, truncated=no, start-type=ATG, RBS-motif=None
14:37:56.239 - INFO - CDS - contig=contig_1, start=110229, stop=110831, strand=+, frame=3, truncated=no, start-type=ATG, RBS-motif=AACAA
14:37:56.239 - INFO - CDS - contig=contig_1, start=110812, stop=111060, strand=+, frame=1, truncated=no, start-type=ATG, RBS-motif=AAA
14:37:56.239 - INFO - CDS - contig=contig_1, start=110999, stop=111808, strand=+, frame=2, truncated=no, start-type=ATG, RBS-motif=AATAA
14:37:56.239 - INFO - CDS - contig=contig_1, start=111805, stop=112071, strand=+, frame=1, truncated=no, start-type=ATG, RBS-motif=AAA
14:37:56.239 - INFO - CDS - contig=contig_1, start=112068, stop=112370, strand=+, frame=3, truncated=no, start-type=ATG, RBS-motif=AAAA
14:37:56.239 - INFO - CDS - contig=contig_1, start=112374, stop=112964, strand=+, frame=3, truncated=no, start-type=ATG, RBS-motif=None
14:37:56.239 - INFO - CDS - contig=contig_1, start=112961, stop=113353, strand=+, frame=2, truncated=no, start-type=ATG, RBS-motif=None
14:37:56.239 - INFO - CDS - contig=contig_1, start=113350, stop=113616, strand=+, frame=1, truncated=no, start-type=ATG, RBS-motif=AAA
14:37:56.239 - INFO - CDS - contig=contig_1, start=113579, stop=113944, strand=+, frame=2, truncated=no, start-type=ATG, RBS-motif=AAAA
14:37:56.239 - INFO - CDS - contig=contig_1, start=113945, stop=114457, strand=+, frame=2, truncated=no, start-type=ATG, RBS-motif=AAA
14:37:56.239 - INFO - CDS - contig=contig_1, start=114457, stop=114732, strand=+, frame=1, truncated=no, start-type=ATG, RBS-motif=None
14:37:56.239 - INFO - CDS - contig=contig_1, start=114732, stop=115100, strand=+, frame=3, truncated=no, start-type=ATG, RBS-motif=AAA
14:37:56.239 - INFO - CDS - contig=contig_1, start=115102, stop=115629, strand=+, frame=1, truncated=no, start-type=ATG, RBS-motif=AATAA
14:37:56.239 - INFO - CDS - contig=contig_1, start=115592, stop=115921, strand=+, frame=2, truncated=no, start-type=ATG, RBS-motif=None
14:37:56.239 - INFO - CDS - contig=contig_1, start=115921, stop=116337, strand=+, frame=1, truncated=no, start-type=ATG, RBS-motif=AAAA
14:37:56.239 - INFO - CDS - contig=contig_1, start=116340, stop=116633, strand=+, frame=3, truncated=no, start-type=ATG, RBS-motif=AAA
14:37:56.239 - INFO - CDS - contig=contig_1, start=116620, stop=116841, strand=+, frame=1, truncated=no, start-type=ATG, RBS-motif=AAA
14:37:56.239 - INFO - CDS - contig=contig_1, start=116838, stop=116951, strand=+, frame=3, truncated=no, start-type=ATG, RBS-motif=None
14:37:56.239 - INFO - CDS - contig=contig_1, start=116948, stop=117292, strand=+, frame=2, truncated=no, start-type=ATG, RBS-motif=AACAA
14:37:56.239 - INFO - CDS - contig=contig_1, start=117255, stop=117629, strand=+, frame=3, truncated=no, start-type=ATG, RBS-motif=AACAA
14:37:56.239 - INFO - CDS - contig=contig_1, start=117688, stop=118209, strand=+, frame=1, truncated=no, start-type=ATG, RBS-motif=None
14:37:56.239 - INFO - CDS - contig=contig_1, start=118209, stop=119072, strand=+, frame=3, truncated=no, start-type=ATG, RBS-motif=AAA
14:37:56.239 - INFO - CDS - contig=contig_1, start=119069, stop=119305, strand=+, frame=2, truncated=no, start-type=ATG, RBS-motif=None
14:37:56.239 - INFO - CDS - contig=contig_1, start=119302, stop=120336, strand=-, frame=2, truncated=no, start-type=TTG, RBS-motif=AATAA
14:37:56.239 - INFO - CDS - contig=contig_1, start=120407, stop=120814, strand=+, frame=2, truncated=no, start-type=ATG, RBS-motif=AAAA
14:37:56.239 - INFO - CDS - contig=contig_1, start=120804, stop=121847, strand=+, frame=3, truncated=no, start-type=ATG, RBS-motif=None
14:37:56.241 - INFO - CDS - contig=contig_1, start=1, stop=1191, strand=+, nt=[ATGAAAACAC..AATAAAATAG]
14:37:56.241 - INFO - CDS - contig=contig_1, start=1268, stop=1663, strand=+, nt=[ATGGCACAAA..AACAAACTAA]
14:37:56.241 - INFO - CDS - contig=contig_1, start=1630, stop=2217, strand=+, nt=[ATGCGCACAA..ATTACAATGA]
14:37:56.241 - INFO - CDS - contig=contig_1, start=2214, stop=2681, strand=+, nt=[ATGAACAGCA..AACTAATTAA]
14:37:56.241 - INFO - CDS - contig=contig_1, start=2659, stop=3006, strand=+, nt=[ATGAAAATAA..AAAAACATAA]
14:37:56.241 - INFO - CDS - contig=contig_1, start=3006, stop=6710, strand=+, nt=[ATGAAAATAA..AATAAAATGA]
14:37:56.241 - INFO - CDS - contig=contig_1, start=6707, stop=10474, strand=+, nt=[ATGAAAACAA..AAATAAATGA]
14:37:56.241 - INFO - CDS - contig=contig_1, start=10471, stop=10857, strand=+, nt=[ATGAAAACTA..AGATATTTAA]
14:37:56.241 - INFO - CDS - contig=contig_1, start=10832, stop=11305, strand=+, nt=[ATGTCAAGGA..TGCCTTCTAA]
14:37:56.241 - INFO - CDS - contig=contig_1, start=11314, stop=13359, strand=+, nt=[ATGAGAAATT..AATCCTTTAG]
14:37:56.241 - INFO - CDS - contig=contig_1, start=13328, stop=13633, strand=+, nt=[ATGAAACTAA..AACAACATGA]
14:37:56.241 - INFO - CDS - contig=contig_1, start=13630, stop=14049, strand=+, nt=[ATGAAAATAC..ACGGACTTAA]
14:37:56.241 - INFO - CDS - contig=contig_1, start=14127, stop=14450, strand=+, nt=[ATGCTAACTA..AAAACTCTAA]
14:37:56.241 - INFO - CDS - contig=contig_1, start=14434, stop=15144, strand=-, nt=[ATGTTTTTAA..TTTTTATTAA]
14:37:56.241 - INFO - CDS - contig=contig_1, start=15135, stop=16268, strand=-, nt=[TTGGTTTTGT..ATGTTTTTAA]
14:37:56.241 - INFO - CDS - contig=contig_1, start=16222, stop=16614, strand=-, nt=[ATGATTTTAG..TAAGCGGTGA]
14:37:56.241 - INFO - CDS - contig=contig_1, start=16601, stop=16909, strand=-, nt=[ATGATTATAG..TTTTAGGTAG]
14:37:56.241 - INFO - CDS - contig=contig_1, start=16887, stop=17711, strand=-, nt=[ATGTATTTGA..TAAAAGATAA]
14:37:56.241 - INFO - CDS - contig=contig_1, start=17711, stop=18262, strand=-, nt=[ATGATTAAAT..TTTTGATTAA]
14:37:56.241 - INFO - CDS - contig=contig_1, start=18811, stop=19671, strand=+, nt=[ATGCTAATCT..TATTCATTAG]
14:37:56.241 - INFO - CDS - contig=contig_1, start=19652, stop=20152, strand=+, nt=[ATGATAAAAA..TACGTTCTAG]
14:37:56.241 - INFO - CDS - contig=contig_1, start=20138, stop=20683, strand=-, nt=[ATGGTTATTT..ACGTAAATAG]
14:37:56.241 - INFO - CDS - contig=contig_1, start=21014, stop=22150, strand=+, nt=[ATGCAAGTAA..AAAACAATAA]
14:37:56.241 - INFO - CDS - contig=contig_1, start=22122, stop=23396, strand=-, nt=[ATGTATATAT..AAGGGGTTGA]
14:37:56.241 - INFO - CDS - contig=contig_1, start=23396, stop=24082, strand=-, nt=[ATGAGTTTAA..TGTGTTTTAA]
14:37:56.241 - INFO - CDS - contig=contig_1, start=24069, stop=24974, strand=-, nt=[ATGTTTGTTA..GTTTAATTAA]
14:37:56.241 - INFO - CDS - contig=contig_1, start=24978, stop=25913, strand=+, nt=[ATGAAAATAA..TGAAAACTGA]
14:37:56.241 - INFO - CDS - contig=contig_1, start=25903, stop=27039, strand=+, nt=[TTGAAAACTG..AAAAATATAG]
14:37:56.241 - INFO - CDS - contig=contig_1, start=27113, stop=27325, strand=-, nt=[ATGCGATTAA..TAGGAGATAG]
14:37:56.241 - INFO - CDS - contig=contig_1, start=27347, stop=29542, strand=-, nt=[ATGAATTACT..TAATAGTTAA]
14:37:56.241 - INFO - CDS - contig=contig_1, start=29539, stop=29688, strand=-, nt=[ATGAGTGCTA..TTTTAAATGA]
14:37:56.241 - INFO - CDS - contig=contig_1, start=29860, stop=32034, strand=+, nt=[GTGATTAAAA..ACAAAGCTAA]
14:37:56.241 - INFO - CDS - contig=contig_1, start=32252, stop=32770, strand=+, nt=[ATGATACAAC..AATTAAATAA]
14:37:56.241 - INFO - CDS - contig=contig_1, start=32779, stop=33873, strand=+, nt=[ATGAAACTAG..AATTAAATAA]
14:37:56.242 - INFO - CDS - contig=contig_1, start=33866, stop=34726, strand=-, nt=[ATGACTGCTA..TATTATTTAA]
14:37:56.242 - INFO - CDS - contig=contig_1, start=34723, stop=35463, strand=-, nt=[ATGTTGTTTA..TGTATTATGA]
14:37:56.242 - INFO - CDS - contig=contig_1, start=35463, stop=36470, strand=-, nt=[ATGAGATTGC..TATGTTGTGA]
14:37:56.242 - INFO - CDS - contig=contig_1, start=36457, stop=37017, strand=-, nt=[ATGATTTTAT..GATTGCTTGA]
14:37:56.242 - INFO - CDS - contig=contig_1, start=37014, stop=38243, strand=-, nt=[ATGAGTATTA..AAAAAGATGA]
14:37:56.242 - INFO - CDS - contig=contig_1, start=38240, stop=39589, strand=-, nt=[ATGTCTAAAA..TAAGTTATGA]
14:37:56.242 - INFO - CDS - contig=contig_1, start=39624, stop=40586, strand=-, nt=[ATGATTTCTG..ATATTTTTAG]
14:37:56.242 - INFO - CDS - contig=contig_1, start=40830, stop=42131, strand=-, nt=[GTGCCTTCAA..TATTTTGTAA]
14:37:56.242 - INFO - CDS - contig=contig_1, start=42097, stop=43128, strand=-, nt=[ATGGCAGTAT..TTCTTGTTAA]
14:37:56.242 - INFO - CDS - contig=contig_1, start=43564, stop=44955, strand=+, nt=[ATGGATGTAA..ATCAACATAA]
14:37:56.242 - INFO - CDS - contig=contig_1, start=45179, stop=48064, strand=+, nt=[ATGAAAATAC..ACATGGATAA]
14:37:56.242 - INFO - CDS - contig=contig_1, start=48057, stop=48230, strand=+, nt=[ATGGATAAAA..GAAATGGTAG]
14:37:56.242 - INFO - CDS - contig=contig_1, start=49220, stop=50230, strand=+, nt=[ATGAAAGCAA..AAACAATTAA]
14:37:56.242 - INFO - CDS - contig=contig_1, start=50196, stop=50795, strand=+, nt=[ATGAAAATAA..AAATGAATAA]
14:37:56.242 - INFO - CDS - contig=contig_1, start=50788, stop=51915, strand=+, nt=[ATGAATAAAC..AGATATCTAA]
14:37:56.242 - INFO - CDS - contig=contig_1, start=51915, stop=52589, strand=+, nt=[ATGAATAAAA..TAAAACTTAG]
14:37:56.242 - INFO - CDS - contig=contig_1, start=52570, stop=52833, strand=+, nt=[ATGTTAAAAA..AGTACATTAA]
14:37:56.242 - INFO - CDS - contig=contig_1, start=52814, stop=53041, strand=+, nt=[ATGAAATTAA..AATACAATAA]
14:37:56.242 - INFO - CDS - contig=contig_1, start=53023, stop=53130, strand=+, nt=[ATGGACAGAA..TCAGGCATAA]
14:37:56.242 - INFO - CDS - contig=contig_1, start=53133, stop=53393, strand=+, nt=[ATGCTAGCCA..AAACACATAA]
14:37:56.242 - INFO - CDS - contig=contig_1, start=53416, stop=53622, strand=+, nt=[ATGCTTAAAA..TTACAACTAA]
14:37:56.242 - INFO - CDS - contig=contig_1, start=53622, stop=53786, strand=+, nt=[ATGGCAGTAC..ACCGATATAA]
14:37:56.242 - INFO - CDS - contig=contig_1, start=53887, stop=54396, strand=-, nt=[TTGGATGTTG..GGTAGCTTAA]
14:37:56.242 - INFO - CDS - contig=contig_1, start=54413, stop=55477, strand=+, nt=[ATGAAACACA..AATATATTAA]
14:37:56.242 - INFO - CDS - contig=contig_1, start=55459, stop=58539, strand=+, nt=[ATGTCAAAAA..CATCTTTTAA]
14:37:56.242 - INFO - CDS - contig=contig_1, start=58526, stop=59077, strand=+, nt=[ATGACATCTT..AAACACATGA]
14:37:56.242 - INFO - CDS - contig=contig_1, start=59074, stop=59637, strand=+, nt=[ATGATAAACT..AATAAAATGA]
14:37:56.242 - INFO - CDS - contig=contig_1, start=59634, stop=60800, strand=+, nt=[ATGATATATA..ATATAAATAA]
14:37:56.242 - INFO - CDS - contig=contig_1, start=60880, stop=61473, strand=+, nt=[ATGATCTACC..TTTTATATAA]
14:37:56.242 - INFO - CDS - contig=contig_1, start=61451, stop=62248, strand=+, nt=[ATGACAAAAA..AACAACCTAA]
14:37:56.242 - INFO - CDS - contig=contig_1, start=62290, stop=62517, strand=+, nt=[ATGTACCTAG..AGAAAACTAA]
14:37:56.242 - INFO - CDS - contig=contig_1, start=62576, stop=63151, strand=+, nt=[ATGCTAAAAA..CAAAAAATAA]
14:37:56.242 - INFO - CDS - contig=contig_1, start=63139, stop=64377, strand=+, nt=[ATGCAAAAAA..CATATGGTAA]
14:37:56.242 - INFO - CDS - contig=contig_1, start=64371, stop=65375, strand=+, nt=[ATGGTAAAAA..TAGAAAGTAA]
14:37:56.242 - INFO - CDS - contig=contig_1, start=65332, stop=65904, strand=+, nt=[ATGAAAAAAG..ATATGATTAA]
14:37:56.242 - INFO - CDS - contig=contig_1, start=65897, stop=66493, strand=+, nt=[ATGATTAAAG..ATGCAATTAA]
14:37:56.242 - INFO - CDS - contig=contig_1, start=66484, stop=67170, strand=+, nt=[ATGCAATTAA..TCTATTCTGA]
14:37:56.242 - INFO - CDS - contig=contig_1, start=67170, stop=67916, strand=+, nt=[ATGACCAAAA..AAATGAATAA]
14:37:56.242 - INFO - CDS - contig=contig_1, start=67909, stop=68208, strand=+, nt=[ATGAATAAGC..GCATCTATAA]
14:37:56.242 - INFO - CDS - contig=contig_1, start=68189, stop=68467, strand=+, nt=[ATGATAACAA..ACCGAATTAA]
14:37:56.242 - INFO - CDS - contig=contig_1, start=68624, stop=69451, strand=+, nt=[ATGAACAAAC..CCATAATTAG]
14:37:56.242 - INFO - CDS - contig=contig_1, start=69523, stop=69876, strand=-, nt=[ATGCCGCGTG..TTTTTATTAG]
14:37:56.243 - INFO - CDS - contig=contig_1, start=69863, stop=70027, strand=-, nt=[ATGACTATGA..CGCGTGTTAA]
14:37:56.243 - INFO - CDS - contig=contig_1, start=70029, stop=70460, strand=-, nt=[ATGAAAATAA..AGTTAAGTGA]
14:37:56.243 - INFO - CDS - contig=contig_1, start=70576, stop=71700, strand=-, nt=[ATGGAAGAAC..TTATATATAG]
14:37:56.243 - INFO - CDS - contig=contig_1, start=71717, stop=71851, strand=+, nt=[ATGATAAGAA..TAGGATTTGA]
14:37:56.243 - INFO - CDS - contig=contig_1, start=72063, stop=72455, strand=+, nt=[ATGAAACAAA..GCAACAATGA]
14:37:56.243 - INFO - CDS - contig=contig_1, start=72390, stop=72908, strand=-, nt=[ATGTTATCAG..TTCTCTTTAA]
14:37:56.243 - INFO - CDS - contig=contig_1, start=72908, stop=73768, strand=-, nt=[TTGTTTTACC..TTTAAAATAA]
14:37:56.243 - INFO - CDS - contig=contig_1, start=73911, stop=74990, strand=+, nt=[ATGCACAAAC..ACAAAGGTAA]
14:37:56.243 - INFO - CDS - contig=contig_1, start=74938, stop=75666, strand=+, nt=[ATGAAAAATA..AAGAAAGTAA]
14:37:56.243 - INFO - CDS - contig=contig_1, start=75668, stop=76522, strand=+, nt=[ATGAAATTAT..CCAACACTAA]
14:37:56.243 - INFO - CDS - contig=contig_1, start=76922, stop=78307, strand=-, nt=[ATGATATTTA..TATGTTATAA]
14:37:56.243 - INFO - CDS - contig=contig_1, start=78304, stop=79497, strand=-, nt=[ATGAAGTATT..TGTATTATGA]
14:37:56.243 - INFO - CDS - contig=contig_1, start=79494, stop=80750, strand=-, nt=[ATGTTTTCAT..TGCTCAATGA]
14:37:56.243 - INFO - CDS - contig=contig_1, start=80861, stop=81037, strand=-, nt=[ATGATTATTG..AGGCATTTAG]
14:37:56.243 - INFO - CDS - contig=contig_1, start=81343, stop=81549, strand=+, nt=[ATGACAACAA..AAACATATAA]
14:37:56.243 - INFO - CDS - contig=contig_1, start=81680, stop=82888, strand=-, nt=[ATGGCACATA..TTTCATCTAA]
14:37:56.243 - INFO - CDS - contig=contig_1, start=82897, stop=84204, strand=+, nt=[ATGAAAACTA..AGGAAAATGA]
14:37:56.243 - INFO - CDS - contig=contig_1, start=84201, stop=86006, strand=+, nt=[ATGACAACTG..ACTATCATAA]
14:37:56.243 - INFO - CDS - contig=contig_1, start=86081, stop=86347, strand=+, nt=[ATGAACAAAA..TGAAAAATAA]
14:37:56.243 - INFO - CDS - contig=contig_1, start=86337, stop=87926, strand=+, nt=[ATGAAAAATA..AAAACAATAA]
14:37:56.243 - INFO - CDS - contig=contig_1, start=87968, stop=89245, strand=+, nt=[ATGAATCAAT..AACATCTTAA]
14:37:56.243 - INFO - CDS - contig=contig_1, start=89230, stop=90273, strand=+, nt=[ATGCCTAACA..ACTAAGTTAA]
14:37:56.243 - INFO - CDS - contig=contig_1, start=90265, stop=91248, strand=-, nt=[TTGCGGTTTT..ATTAACTTAG]
14:37:56.243 - INFO - CDS - contig=contig_1, start=91334, stop=92044, strand=+, nt=[ATGATAAAAC..ATTAAAATAG]
14:37:56.243 - INFO - CDS - contig=contig_1, start=92036, stop=93061, strand=-, nt=[ATGTATTCTA..ACTATTTTAA]
14:37:56.243 - INFO - CDS - contig=contig_1, start=93076, stop=94881, strand=-, nt=[ATGTCTAAAA..TAAGGCATAA]
14:37:56.243 - INFO - CDS - contig=contig_1, start=94883, stop=95293, strand=-, nt=[ATGGACAATT..CTGTAATTAA]
14:37:56.243 - INFO - CDS - contig=contig_1, start=95358, stop=96326, strand=+, nt=[ATGTCAAATA..TTTTAAATAA]
14:37:56.243 - INFO - CDS - contig=contig_1, start=96319, stop=97314, strand=-, nt=[ATGGTTGTTG..GATTATTTAA]
14:37:56.243 - INFO - CDS - contig=contig_1, start=97414, stop=99462, strand=-, nt=[ATGTTAAATA..CAATTGTTAA]
14:37:56.243 - INFO - CDS - contig=contig_1, start=99462, stop=100097, strand=-, nt=[ATGTTTAATA..TAAAGTTTAA]
14:37:56.243 - INFO - CDS - contig=contig_1, start=100090, stop=101304, strand=-, nt=[ATGAGAGATT..AAATGTTTAA]
14:37:56.243 - INFO - CDS - contig=contig_1, start=101276, stop=101920, strand=-, nt=[TTGGGTTTAA..AGTATCATAG]
14:37:56.243 - INFO - CDS - contig=contig_1, start=102015, stop=102431, strand=+, nt=[ATGACCACAA..AACCAGTTAA]
14:37:56.243 - INFO - CDS - contig=contig_1, start=102420, stop=102659, strand=-, nt=[ATGGCTAAAA..AACTGGTTAG]
14:37:56.243 - INFO - CDS - contig=contig_1, start=102652, stop=102960, strand=-, nt=[ATGTTTGTAG..TAATGGCTAA]
14:37:56.244 - INFO - CDS - contig=contig_1, start=102951, stop=103745, strand=-, nt=[TTGGTATTTG..ATGTTTGTAG]
14:37:56.244 - INFO - CDS - contig=contig_1, start=103827, stop=105056, strand=+, nt=[ATGAAAATAA..ACTAATATAG]
14:37:56.244 - INFO - CDS - contig=contig_1, start=105744, stop=105977, strand=-, nt=[ATGAACCTTT..ATATTTATAG]
14:37:56.244 - INFO - CDS - contig=contig_1, start=106235, stop=106501, strand=+, nt=[TTGCAGAGTG..TAATCTATAA]
14:37:56.244 - INFO - CDS - contig=contig_1, start=107808, stop=108020, strand=-, nt=[ATGGTAGAGC..ACTAATTTAG]
14:37:56.244 - INFO - CDS - contig=contig_1, start=109814, stop=110284, strand=+, nt=[ATGATTACTA..TAAAGCCTAA]
14:37:56.244 - INFO - CDS - contig=contig_1, start=110229, stop=110831, strand=+, nt=[ATGCTAATCA..ATTTATATAG]
14:37:56.244 - INFO - CDS - contig=contig_1, start=110812, stop=111060, strand=+, nt=[ATGAAATTAC..AACCTCGTAA]
14:37:56.244 - INFO - CDS - contig=contig_1, start=110999, stop=111808, strand=+, nt=[ATGACACACA..TAACCGATGA]
14:37:56.244 - INFO - CDS - contig=contig_1, start=111805, stop=112071, strand=+, nt=[ATGAAAATAC..TAAGCGATGA]
14:37:56.244 - INFO - CDS - contig=contig_1, start=112068, stop=112370, strand=+, nt=[ATGACAATAT..GTTAAGATAA]
14:37:56.244 - INFO - CDS - contig=contig_1, start=112374, stop=112964, strand=+, nt=[ATGAGCAATA..AATACCATGA]
14:37:56.244 - INFO - CDS - contig=contig_1, start=112961, stop=113353, strand=+, nt=[ATGAAAAACT..AAATATATGA]
14:37:56.244 - INFO - CDS - contig=contig_1, start=113350, stop=113616, strand=+, nt=[ATGAACATAA..TAATAGATAA]
14:37:56.244 - INFO - CDS - contig=contig_1, start=113579, stop=113944, strand=+, nt=[ATGATACTAC..CACAATATAA]
14:37:56.244 - INFO - CDS - contig=contig_1, start=113945, stop=114457, strand=+, nt=[ATGACCACCC..TTTTATATAA]
14:37:56.244 - INFO - CDS - contig=contig_1, start=114457, stop=114732, strand=+, nt=[ATGGCAAAAA..AAGCTGGTAA]
14:37:56.244 - INFO - CDS - contig=contig_1, start=114732, stop=115100, strand=+, nt=[ATGTTTAATT..AATAAAGTAA]
14:37:56.244 - INFO - CDS - contig=contig_1, start=115102, stop=115629, strand=+, nt=[ATGCCTAAAA..TAAAAAATAA]
14:37:56.244 - INFO - CDS - contig=contig_1, start=115592, stop=115921, strand=+, nt=[ATGAAATTCC..ATCTAACTAA]
14:37:56.244 - INFO - CDS - contig=contig_1, start=115921, stop=116337, strand=+, nt=[ATGAAAGAGA..CGCTAAATAA]
14:37:56.244 - INFO - CDS - contig=contig_1, start=116340, stop=116633, strand=+, nt=[ATGAAAAAAA..GTATAAATAA]
14:37:56.244 - INFO - CDS - contig=contig_1, start=116620, stop=116841, strand=+, nt=[ATGTGTATAA..ATTAAAATGA]
14:37:56.244 - INFO - CDS - contig=contig_1, start=116838, stop=116951, strand=+, nt=[ATGAAAGTAA..ACAAAAATGA]
14:37:56.244 - INFO - CDS - contig=contig_1, start=116948, stop=117292, strand=+, nt=[ATGAATCTAC..ATACAATTAA]
14:37:56.244 - INFO - CDS - contig=contig_1, start=117255, stop=117629, strand=+, nt=[ATGCCAAAAC..ACGCACCTAA]
14:37:56.244 - INFO - CDS - contig=contig_1, start=117688, stop=118209, strand=+, nt=[ATGCAAAAAA..CCTAATGTAA]
14:37:56.244 - INFO - CDS - contig=contig_1, start=118209, stop=119072, strand=+, nt=[ATGCCTACTA..AATAACATGA]
14:37:56.244 - INFO - CDS - contig=contig_1, start=119069, stop=119305, strand=+, nt=[ATGAGACATA..AATAAGTTAA]
14:37:56.244 - INFO - CDS - contig=contig_1, start=119302, stop=120336, strand=-, nt=[TTGGCTAATT..GTTTGTTTAA]
14:37:56.244 - INFO - CDS - contig=contig_1, start=120407, stop=120814, strand=+, nt=[ATGCAATTTC..TGAGAAATAA]
14:37:56.244 - INFO - CDS - contig=contig_1, start=120804, stop=121847, strand=+, nt=[ATGAGAAATA..TATGGTATAA]
14:37:56.244 - INFO - CDS - contig cds: predicted=144
14:37:56.244 - INFO - CDS - predicted=144
14:37:56.244 - INFO - ORF - write internal aa seqs: # seqs=144, path=/tmp/tmppram2hdu/cds.spurious.faa
14:37:56.493 - INFO - ORF - discarded=0
14:37:56.641 - INFO - UPS - looked-up=120
14:37:56.715 - INFO - IPS - looked-up=120
14:37:56.715 - INFO - ORF - write internal aa seqs: # seqs=24, path=/tmp/tmppram2hdu/cds.psc.faa
14:40:22.152 - INFO - PSC - found: PSC=16, PSCC=1
14:40:22.263 - INFO - PSC - looked-up=137
14:40:22.295 - INFO - PSCC - looked-up=80
14:40:22.296 - INFO - ORF - write internal aa seqs: # seqs=144, path=/tmp/tmppram2hdu/cds.expert.faa
14:40:24.254 - INFO - EXPERT-AMRFINDER - found=0
14:40:24.602 - INFO - EXPERT_AA_SEQ - found=0
14:40:24.611 - INFO - ANNOTATION - fix product: replace invalid characters (.@=?%). new=Ribosomal L18 of archaea, bacteria, mitoch and chloroplast, old=Ribosomal L18 of archaea, bacteria, mitoch. and chloroplast
14:40:24.613 - INFO - ORF - write internal aa seqs: # seqs=51, path=/tmp/tmppram2hdu/cds.pseudo.candidates.faa
14:43:13.087 - INFO - CDS - found: pseudogene-candidates=0
14:43:13.121 - INFO - PSC - looked-up=0
14:43:13.126 - INFO - PSCC - looked-up=0
14:43:13.130 - INFO - ORF - write internal aa seqs: # seqs=51, path=/tmp/tmppram2hdu/hypotheticals.faa
14:43:19.208 - INFO - CDS - pfam detected: contig=contig_1, start=86081, stop=86347, strand=+, pfam-id=PF00166.24, length=93, aa-start=3, aa-stop=85, aa-cov=0.9, hmm-cov=1.0, evalue=2.2e-13, bitscore=41.9, name=Cpn10
14:43:19.209 - INFO - CDS - pfam detected: contig=contig_1, start=99462, stop=100097, strand=-, pfam-id=PF05173.17, length=121, aa-start=105, aa-stop=211, aa-cov=0.5, hmm-cov=0.8, evalue=1.2e-14, bitscore=46.2, name=DapB_C
14:43:19.209 - INFO - CDS - pfam detected: contig=contig_1, start=99462, stop=100097, strand=-, pfam-id=PF01113.23, length=124, aa-start=2, aa-stop=100, aa-cov=0.5, hmm-cov=1.0, evalue=1.4e-17, bitscore=55.7, name=DapB_N
14:43:19.209 - INFO - CDS - pfam detected: contig=contig_1, start=78304, stop=79497, strand=-, pfam-id=PF00742.22, length=173, aa-start=131, aa-stop=307, aa-cov=0.4, hmm-cov=1.0, evalue=3.7e-24, bitscore=77.2, name=Homoserine_dh
14:43:19.209 - INFO - CDS - pfam detected: contig=contig_1, start=34723, stop=35463, strand=-, pfam-id=PF00218.24, length=254, aa-start=47, aa-stop=241, aa-cov=0.8, hmm-cov=0.6, evalue=1.3e-14, bitscore=45.6, name=IGPS
14:43:19.209 - INFO - CDS - pfam detected: contig=contig_1, start=100090, stop=101304, strand=-, pfam-id=PF00390.22, length=182, aa-start=15, aa-stop=112, aa-cov=0.2, hmm-cov=0.6, evalue=5.2e-25, bitscore=80.0, name=malic
14:43:19.210 - INFO - CDS - pfam detected: contig=contig_1, start=100090, stop=101304, strand=-, pfam-id=PF03949.18, length=258, aa-start=159, aa-stop=381, aa-cov=0.6, hmm-cov=0.9, evalue=6.1e-19, bitscore=60.0, name=Malic_M
14:43:19.210 - INFO - CDS - pfam detected: contig=contig_1, start=119302, stop=120336, strand=-, pfam-id=PF02784.19, length=247, aa-start=6, aa-stop=235, aa-cov=0.7, hmm-cov=0.9, evalue=3.7e-40, bitscore=129.5, name=Orn_Arg_deC_N
14:43:19.210 - INFO - CDS - pfam detected: contig=contig_1, start=119302, stop=120336, strand=-, pfam-id=PF00278.25, length=95, aa-start=6, aa-stop=323, aa-cov=0.9, hmm-cov=1.0, evalue=2.1e-16, bitscore=51.7, name=Orn_DAP_Arg_deC
14:43:19.210 - INFO - CDS - pfam detected: contig=contig_1, start=68624, stop=69451, strand=+, pfam-id=PF00185.27, length=157, aa-start=172, aa-stop=271, aa-cov=0.4, hmm-cov=0.6, evalue=8.4e-19, bitscore=59.9, name=OTCace
14:43:19.210 - INFO - CDS - pfam detected: contig=contig_1, start=68624, stop=69451, strand=+, pfam-id=PF02729.24, length=146, aa-start=2, aa-stop=136, aa-cov=0.5, hmm-cov=1.0, evalue=9.8e-35, bitscore=111.5, name=OTCace_N
14:43:19.210 - INFO - CDS - pfam detected: contig=contig_1, start=112068, stop=112370, strand=+, pfam-id=PF00237.22, length=103, aa-start=4, aa-stop=100, aa-cov=1.0, hmm-cov=1.0, evalue=1.5e-11, bitscore=36.2, name=Ribosomal_L22
14:43:19.210 - INFO - CDS - pfam detected: contig=contig_1, start=112374, stop=112964, strand=+, pfam-id=PF00189.23, length=83, aa-start=110, aa-stop=192, aa-cov=0.4, hmm-cov=1.0, evalue=2.3e-23, bitscore=74.3, name=Ribosomal_S3_C
14:43:19.210 - INFO - CDS - pfam detected: contig=contig_1, start=115921, stop=116337, strand=+, pfam-id=PF00333.23, length=65, aa-start=1, aa-stop=62, aa-cov=0.4, hmm-cov=0.9, evalue=2.4e-09, bitscore=28.9, name=Ribosomal_S5
14:43:19.210 - INFO - CDS - pfam detected: contig=contig_1, start=115921, stop=116337, strand=+, pfam-id=PF03719.18, length=71, aa-start=75, aa-stop=137, aa-cov=0.5, hmm-cov=0.8, evalue=1.2e-15, bitscore=48.5, name=Ribosomal_S5_C
14:43:19.210 - INFO - CDS - pfam detected: contig=contig_1, start=6707, stop=10474, strand=+, pfam-id=PF04997.15, length=312, aa-start=1, aa-stop=324, aa-cov=0.3, hmm-cov=1.0, evalue=8.6e-64, bitscore=207.5, name=RNA_pol_Rpb1_1
14:43:19.210 - INFO - CDS - pfam detected: contig=contig_1, start=6707, stop=10474, strand=+, pfam-id=PF00623.23, length=166, aa-start=326, aa-stop=385, aa-cov=0.0, hmm-cov=0.3, evalue=6.9e-33, bitscore=105.9, name=RNA_pol_Rpb1_2
14:43:19.211 - INFO - CDS - pfam detected: contig=contig_1, start=6707, stop=10474, strand=+, pfam-id=PF00623.23, length=166, aa-start=365, aa-stop=468, aa-cov=0.1, hmm-cov=0.6, evalue=6.9e-33, bitscore=105.9, name=RNA_pol_Rpb1_2
14:43:19.211 - INFO - CDS - pfam detected: contig=contig_1, start=6707, stop=10474, strand=+, pfam-id=PF04983.21, length=157, aa-start=471, aa-stop=615, aa-cov=0.1, hmm-cov=1.0, evalue=9.4e-14, bitscore=43.4, name=RNA_pol_Rpb1_3
14:43:19.211 - INFO - CDS - pfam detected: contig=contig_1, start=6707, stop=10474, strand=+, pfam-id=PF05000.20, length=108, aa-start=642, aa-stop=734, aa-cov=0.1, hmm-cov=0.6, evalue=1.9e-08, bitscore=26.0, name=RNA_pol_Rpb1_4
14:43:19.211 - INFO - CDS - pfam detected: contig=contig_1, start=6707, stop=10474, strand=+, pfam-id=PF04998.20, length=267, aa-start=737, aa-stop=1206, aa-cov=0.4, hmm-cov=1.0, evalue=3.4e-51, bitscore=165.9, name=RNA_pol_Rpb1_5
14:43:19.211 - INFO - CDS - pfam detected: contig=contig_1, start=3006, stop=6710, strand=+, pfam-id=PF04565.19, length=68, aa-start=459, aa-stop=526, aa-cov=0.1, hmm-cov=1.0, evalue=2.8e-23, bitscore=73.7, name=RNA_pol_Rpb2_3
14:43:19.211 - INFO - CDS - pfam detected: contig=contig_1, start=3006, stop=6710, strand=+, pfam-id=PF00562.31, length=389, aa-start=604, aa-stop=1158, aa-cov=0.4, hmm-cov=1.0, evalue=1.9e-105, bitscore=344.7, name=RNA_pol_Rpb2_6
14:43:19.212 - INFO - CDS - pfam detected: contig=contig_1, start=3006, stop=6710, strand=+, pfam-id=PF04560.23, length=87, aa-start=1160, aa-stop=1234, aa-cov=0.1, hmm-cov=1.0, evalue=1.8e-25, bitscore=81.0, name=RNA_pol_Rpb2_7
14:43:19.212 - INFO - CDS - pfam detected: contig=contig_1, start=14434, stop=15144, strand=-, pfam-id=PF00398.23, length=265, aa-start=4, aa-stop=155, aa-cov=0.6, hmm-cov=0.5, evalue=3.3e-16, bitscore=50.8, name=RrnaAD
14:43:19.212 - INFO - CDS - pfam detected: contig=contig_1, start=120407, stop=120814, strand=+, pfam-id=PF01202.25, length=158, aa-start=7, aa-stop=135, aa-cov=1.0, hmm-cov=0.8, evalue=5.2e-11, bitscore=34.6, name=SKI
14:43:19.212 - INFO - CDS - pfam detected: contig=contig_1, start=76922, stop=78307, strand=-, pfam-id=PF14821.9, length=79, aa-start=2, aa-stop=79, aa-cov=0.2, hmm-cov=0.9, evalue=1.1e-08, bitscore=27.0, name=Thr_synth_N
14:43:19.212 - INFO - CDS - pfam detected: contig=contig_1, start=81680, stop=82888, strand=-, pfam-id=PF00749.24, length=314, aa-start=3, aa-stop=98, aa-cov=0.2, hmm-cov=0.3, evalue=3.0e-39, bitscore=126.4, name=tRNA-synt_1c
14:43:19.212 - INFO - CDS - pfam detected: contig=contig_1, start=81680, stop=82888, strand=-, pfam-id=PF00749.24, length=314, aa-start=104, aa-stop=239, aa-cov=0.3, hmm-cov=0.3, evalue=3.0e-39, bitscore=126.4, name=tRNA-synt_1c
14:43:19.212 - INFO - CDS - pfam detected: contig=contig_1, start=22122, stop=23396, strand=-, pfam-id=PF00152.23, length=314, aa-start=91, aa-stop=423, aa-cov=0.8, hmm-cov=1.0, evalue=5.3e-48, bitscore=155.4, name=tRNA-synt_2
14:43:19.212 - INFO - CDS - pfam detected: contig=contig_1, start=96319, stop=97314, strand=-, pfam-id=PF03054.19, length=202, aa-start=1, aa-stop=188, aa-cov=0.6, hmm-cov=1.0, evalue=9.5e-32, bitscore=102.0, name=tRNA_Me_trans
14:43:19.213 - INFO - CDS - predicted-pfams=31, CDS-w/-pfams=18
14:43:19.722 - INFO - S_ORF - predicted=1258
14:43:19.795 - INFO - S_ORF - sORF filter: # valid=91, # discarded=1167
14:43:19.795 - INFO - ORF - write internal aa seqs: # seqs=91, path=/tmp/tmppram2hdu/sorf.spurious.faa
14:43:19.913 - INFO - ORF - discarded=0
14:43:19.959 - INFO - UPS - looked-up=0
14:43:19.960 - INFO - IPS - looked-up=0
14:43:19.961 - INFO - ORF - write internal aa seqs: # seqs=91, path=/tmp/tmppram2hdu/sorf.faa
14:43:20.130 - INFO - S_ORF - found=0
14:43:20.130 - INFO - PSC - looked-up=0
14:43:21.634 - INFO - ORI - predicted=0
14:43:21.726 - INFO - ORI - predicted=0
14:43:21.727 - INFO - ANNOTATION - overlap: CDS (tuf/elongation factor Tu) [1, 1191] overlapping tRNA (Trp_trna) [1190, 1260], [1190,1191], contig=contig_1
14:43:21.727 - INFO - ANNOTATION - overlap: CDS (def/peptide deformylase) [13630, 14049] overlapping tRNA (Phe_trna) [14043, 14114], [14043,14049], contig=contig_1
14:43:21.727 - INFO - ANNOTATION - overlap: CDS (None/Amino acid kinase family) [25903, 27039] overlapping tRNA (Ser_trna) [27039, 27121], [27039,27039], contig=contig_1
14:43:21.727 - INFO - ANNOTATION - overlap: CDS (None/hypothetical protein) [27113, 27325] overlapping tRNA (Ser_trna) [27039, 27121], [27113,27121], contig=contig_1
14:43:21.727 - INFO - ANNOTATION - overlap: CDS (None/hypothetical protein) [48057, 48230] overlapping tRNA (Leu_trna) [48211, 48292], [48211,48230], contig=contig_1
14:43:21.727 - INFO - ANNOTATION - overlap: CDS (None/hypothetical protein) [53023, 53130] overlapping tRNA (Asn_trna) [53042, 53113], [53042,53113], contig=contig_1
14:43:21.727 - INFO - ANNOTATION - overlap: CDS (None/50S ribosomal protein L32) [53622, 53786] overlapping tRNA (Cys_trna) [53758, 53829], [53758,53786], contig=contig_1
14:43:21.727 - INFO - ANNOTATION - overlap: CDS (None/3'-5' exoribonuclease) [53887, 54396] overlapping tRNA (Gly_trna) [53830, 53901], [53887,53901], contig=contig_1
14:43:21.727 - INFO - ANNOTATION - overlap: CDS (clpX/ATP-dependent Clp protease ATP-binding subunit ClpX) [59634, 60800] overlapping tRNA (Val_trna) [60799, 60870], [60799,60800], contig=contig_1
14:43:21.727 - INFO - ANNOTATION - overlap: CDS (None/hypothetical protein) [62290, 62517] overlapping tRNA (Ser_trna) [62480, 62562], [62480,62517], contig=contig_1
14:43:21.727 - INFO - ANNOTATION - overlap: CDS (None/hypothetical protein) [62290, 62517] overlapping tRNA (Leu_trna) [62399, 62479], [62399,62479], contig=contig_1
14:43:21.727 - INFO - ANNOTATION - overlap: CDS (None/Phosphoribosyl-ATP diphosphatase) [68189, 68467] overlapping tRNA (Thr_trna) [68458, 68529], [68458,68467], contig=contig_1
14:43:21.727 - INFO - ANNOTATION - overlap: CDS (None/hypothetical protein) [68624, 69451] overlapping tRNA (Lys_trna) [69449, 69522], [69449,69451], contig=contig_1
14:43:21.727 - INFO - ANNOTATION - overlap: CDS (aroC/chorismate synthase) [70576, 71700] overlapping tRNA (Arg_trna) [71644, 71714], [71644,71700], contig=contig_1
14:43:21.727 - INFO - ANNOTATION - overlap: CDS (aroC/chorismate synthase) [70576, 71700] overlapping tRNA (Val_trna) [70506, 70577], [70576,70577], contig=contig_1
14:43:21.727 - INFO - ANNOTATION - overlap: CDS (None/hypothetical protein) [71717, 71851] overlapping tRNA (fMet_trna) [71833, 71905], [71833,71851], contig=contig_1
14:43:21.727 - INFO - ANNOTATION - overlap: CDS (None/hypothetical protein) [105744, 105977] overlapping rRNA (23S_rrna) [105178, 107953], [105744,105977], contig=contig_1
14:43:21.727 - INFO - ANNOTATION - overlap: CDS (None/hypothetical protein) [106235, 106501] overlapping rRNA (23S_rrna) [105178, 107953], [106235,106501], contig=contig_1
14:43:21.728 - INFO - ANNOTATION - overlap: CDS (None/hypothetical protein) [107808, 108020] overlapping tRNA (Ile_trna) [107963, 108034], [107963,108020], contig=contig_1
14:43:21.728 - INFO - ANNOTATION - overlap: CDS (None/hypothetical protein) [107808, 108020] overlapping rRNA (23S_rrna) [105178, 107953], [107808,107953], contig=contig_1
14:43:21.728 - INFO - UTILS - generated sequence tag prefix: prefix=DGDGKIFHFL, length=10, MD5=D0D042F1F5D4836FDF042EA9905A99CE
14:43:21.728 - INFO - MAIN - selected features=154
14:43:21.728 - INFO - MAIN - locus tag prefix=VFDICMUL
14:43:21.728 - INFO - UTILS - genome-size=122059
14:43:21.729 - INFO - UTILS - GC=0.299
14:43:21.729 - INFO - UTILS - N=0.000
14:43:21.729 - INFO - UTILS - N50=122059
14:43:21.729 - INFO - UTILS - coding-ratio=0.908
14:43:21.730 - INFO - TSV - write tsv: path=/home/diego/Documents/metagenomes/annotation_symbio_merge/annotation_Beta/genomes/bakta_VFDICMUL/bakta_VFDICMUL.tsv
14:43:21.731 - INFO - GFF - write GFF3: path=/home/diego/Documents/metagenomes/annotation_symbio_merge/annotation_Beta/genomes/bakta_VFDICMUL/bakta_VFDICMUL.gff3
14:43:21.734 - INFO - INSDC - write GenBank: path=/home/diego/Documents/metagenomes/annotation_symbio_merge/annotation_Beta/genomes/bakta_VFDICMUL/bakta_VFDICMUL.gbff
14:43:21.746 - INFO - INSDC - write EMBL: path=/home/diego/Documents/metagenomes/annotation_symbio_merge/annotation_Beta/genomes/bakta_VFDICMUL/bakta_VFDICMUL.embl
14:43:21.763 - INFO - FASTA - write genome sequences: path=/home/diego/Documents/metagenomes/annotation_symbio_merge/annotation_Beta/genomes/bakta_VFDICMUL/bakta_VFDICMUL.fna, description=True, wrap=True
14:43:21.764 - INFO - FASTA - write feature nucleotide sequences: path=/home/diego/Documents/metagenomes/annotation_symbio_merge/annotation_Beta/genomes/bakta_VFDICMUL/bakta_VFDICMUL.ffn
14:43:21.764 - INFO - FASTA - write translated CDS/sORF: path=/home/diego/Documents/metagenomes/annotation_symbio_merge/annotation_Beta/genomes/bakta_VFDICMUL/bakta_VFDICMUL.faa
14:43:21.765 - INFO - TSV - write hypothetical tsv: path=/home/diego/Documents/metagenomes/annotation_symbio_merge/annotation_Beta/genomes/bakta_VFDICMUL/bakta_VFDICMUL.hypotheticals.tsv
14:43:21.765 - INFO - FASTA - write translated CDS/sORF: path=/home/diego/Documents/metagenomes/annotation_symbio_merge/annotation_Beta/genomes/bakta_VFDICMUL/bakta_VFDICMUL.hypotheticals.faa
14:43:21.765 - INFO - JSON - write JSON: path=/home/diego/Documents/metagenomes/annotation_symbio_merge/annotation_Beta/genomes/bakta_VFDICMUL/bakta_VFDICMUL.json
14:43:21.777 - INFO - MAIN - removed tmp dir: /tmp/tmppram2hdu
