18:36:11.840 - INFO - UTILS - version=1.8.2
18:36:11.840 - INFO - UTILS - developer: Oliver Schwengers, github.com/oschwengers
18:36:11.840 - INFO - UTILS - command: /home/diego/miniconda3/envs/bakta/bin/bakta VFDICMUL.fasta --complete --translation-table 11 --keep-contig-headers --compliant --threads 30 --output annotation_bakta/bakta_VFDICMUL
18:36:11.840 - INFO - UTILS - local time: 2023-11-07 18:36:11
18:36:11.841 - INFO - UTILS - machine: type=x86_64, cores=32
18:36:11.841 - INFO - UTILS - system: type=Linux, release=6.5.0-10-generic
18:36:11.841 - INFO - UTILS - python: version=3.10.12, implementation=CPython
18:36:11.841 - INFO - CONFIG - threads=30
18:36:11.841 - INFO - CONFIG - verbose=False
18:36:11.841 - INFO - CONFIG - debug=False
18:36:11.841 - INFO - CONFIG - database: type=environment, path=/mnt/ssd/databases/bakta_db
18:36:11.841 - INFO - CONFIG - tmp-path=/tmp/tmpxsguua6z
18:36:11.841 - INFO - CONFIG - genome-path=/home/diego/Documents/metagenomes/annotation_symbio_merge/annotation_Beta/genomes/VFDICMUL.fasta
18:36:11.841 - INFO - CONFIG - min_contig_length=1
18:36:11.841 - INFO - CONFIG - prefix=VFDICMUL
18:36:11.841 - INFO - CONFIG - output-path=/home/diego/Documents/metagenomes/annotation_symbio_merge/annotation_Beta/genomes/annotation_bakta/bakta_VFDICMUL
18:36:11.841 - INFO - CONFIG - force=False
18:36:11.841 - INFO - CONFIG - genus=None
18:36:11.841 - INFO - CONFIG - species=None
18:36:11.841 - INFO - CONFIG - strain=None
18:36:11.841 - INFO - CONFIG - plasmid=None
18:36:11.841 - INFO - CONFIG - complete=True
18:36:11.841 - INFO - CONFIG - prodigal_tf=None
18:36:11.841 - INFO - CONFIG - translation_table=11
18:36:11.841 - INFO - CONFIG - gram=?
18:36:11.841 - INFO - CONFIG - compliant=True
18:36:11.841 - INFO - CONFIG - compliant mode! min_contig_length=200
18:36:11.841 - INFO - CONFIG - meta=False
18:36:11.841 - INFO - CONFIG - locus=None
18:36:11.841 - INFO - CONFIG - locus-tag=None
18:36:11.841 - INFO - CONFIG - keep_contig_headers=True
18:36:11.841 - INFO - CONFIG - replicon-table=None
18:36:11.841 - INFO - CONFIG - skip-tRNA=False
18:36:11.841 - INFO - CONFIG - skip-tmRNA=False
18:36:11.841 - INFO - CONFIG - skip-rRNA=False
18:36:11.841 - INFO - CONFIG - skip-ncRNA=False
18:36:11.841 - INFO - CONFIG - skip-ncRNA-region=False
18:36:11.841 - INFO - CONFIG - skip-CRISPR=False
18:36:11.841 - INFO - CONFIG - skip-CDS=False
18:36:11.841 - INFO - CONFIG - skip-pseudo=False
18:36:11.841 - INFO - CONFIG - skip-sORF=False
18:36:11.841 - INFO - CONFIG - skip-gap=False
18:36:11.841 - INFO - CONFIG - skip-ori=False
18:36:11.841 - INFO - CONFIG - skip-plot=False
18:36:11.841 - INFO - DB - detected: major=5, minor=0, type=full, date=2023-02-20
18:36:11.875 - INFO - UTILS - dependency: tool=tRNAscan-SE, version=v2.0.12, path=/home/diego/miniconda3/envs/bakta/bin/tRNAscan-SE
18:36:11.876 - INFO - UTILS - dependency: tool=Aragorn, version=v1.2.41, path=/home/diego/miniconda3/envs/bakta/bin/aragorn
18:36:11.877 - INFO - UTILS - dependency: tool=CMscan, version=v1.1.4, path=/home/diego/miniconda3/envs/bakta/bin/cmscan
18:36:11.878 - INFO - UTILS - dependency: tool=PilerCR, version=v1.6.0, path=/home/diego/miniconda3/envs/bakta/bin/pilercr
18:36:11.905 - INFO - UTILS - dependency: tool=Pyrodigal, version=v2.3.0, path=/home/diego/miniconda3/envs/bakta/bin/python
18:36:11.906 - INFO - UTILS - dependency: tool=AMRFinderPlus, version=v3.11.18, path=/home/diego/miniconda3/envs/bakta/bin/amrfinder
18:36:11.934 - INFO - UTILS - dependency: tool=Pyhmmer, version=v0.10.2, path=/home/diego/miniconda3/envs/bakta/bin/python
18:36:11.935 - INFO - UTILS - dependency: tool=Diamond, version=v2.1.8, path=/home/diego/miniconda3/envs/bakta/bin/diamond
18:36:11.981 - INFO - UTILS - dependency: tool=Blastn, version=v2.14.1, path=/home/diego/miniconda3/envs/bakta/bin/blastn
18:36:12.130 - INFO - UTILS - dependency: tool=Circos, version=v0.69.8, path=/home/diego/miniconda3/envs/bakta/bin/circos
18:36:12.145 - INFO - FASTA - imported: id=VFDICMUL, length=122059, description=, genomic=True, dna=True
18:36:12.145 - INFO - MAIN - imported sequences=1
18:36:12.145 - INFO - UTILS - qc: revised sequence: id=VFDICMUL, orig-id=, type=contig, complete=True, topology=circular, name=, description='', orig-description=''
18:36:12.145 - INFO - FASTA - write genome sequences: path=/tmp/tmpxsguua6z/contigs.fna, description=False, wrap=False
18:36:17.179 - INFO - T_RNA - contig=VFDICMUL, start=1190, stop=1260, strand=+, gene=trnW, product=tRNA-Trp(cca), score=39.4, nt=[AGAGATGTAT..TCCGTCTCTG]
18:36:17.179 - INFO - T_RNA - contig=VFDICMUL, start=14043, stop=14114, strand=+, gene=trnF, product=tRNA-Phe(gaa), score=62.9, nt=[GACTTAATAG..CTTTAAGTCA]
18:36:17.179 - INFO - T_RNA - contig=VFDICMUL, start=27039, stop=27121, strand=+, gene=trnS, product=tRNA-Ser(gct), score=64.9, nt=[GGAGATATGG..GCTATCTCCT]
18:36:17.179 - INFO - T_RNA - contig=VFDICMUL, start=44958, stop=45177, strand=+, gene=None, product=tRNA-Xxx, score=51.7, nt=[AGGTCGTTAG..GCACGACCTA]
18:36:17.179 - INFO - T_RNA - contig=VFDICMUL, start=48211, stop=48292, strand=+, gene=trnL, product=tRNA-Leu(aag), score=52.3, nt=[CCAGTATGGT..ACTACTGGCA]
18:36:17.179 - INFO - T_RNA - contig=VFDICMUL, start=48293, stop=48378, strand=+, gene=trnL, product=tRNA-Leu(tag), score=57.4, nt=[GCAAGAATGG..ACTTCTTGCA]
18:36:17.179 - INFO - T_RNA - contig=VFDICMUL, start=48379, stop=48463, strand=+, gene=trnS, product=tRNA-Ser(aga), score=53.6, nt=[TGAAGGATAG..TTTCCTTCAA]
18:36:17.179 - INFO - T_RNA - contig=VFDICMUL, start=60799, stop=60870, strand=+, gene=trnV, product=tRNA-Val(tac), score=60.5, nt=[AAGCATTTAG..ACAATGCTTA]
18:36:17.179 - INFO - T_RNA - contig=VFDICMUL, start=68458, stop=68529, strand=+, gene=trnT, product=tRNA-Thr(tgt), score=62.6, nt=[ACCGAATTAA..GTATTCGGTA]
18:36:17.179 - INFO - T_RNA - contig=VFDICMUL, start=68531, stop=68602, strand=+, gene=trnH, product=tRNA-His(gtg), score=44.0, nt=[ATGGTTGTAA..ATCAATCATC]
18:36:17.179 - INFO - T_RNA - contig=VFDICMUL, start=71984, stop=72055, strand=+, gene=trnP, product=tRNA-Pro(tgg), score=65.9, nt=[CGGAAAGTAA..ATCTTTCTGA]
18:36:17.179 - INFO - T_RNA - contig=VFDICMUL, start=121896, stop=121980, strand=+, gene=trnY, product=tRNA-Tyr(gta), score=63.2, nt=[GAAGAAATGC..ACTTTCTTCA]
18:36:17.179 - INFO - T_RNA - contig=VFDICMUL, start=121982, stop=122053, strand=+, gene=trnG, product=tRNA-Gly(tcc), score=45.0, nt=[GCAAATATAT..TTTATTTGCT]
18:36:17.179 - INFO - T_RNA - contig=VFDICMUL, start=107963, stop=108034, strand=-, gene=trnI, product=tRNA-Ile(gat), score=55.7, nt=[AGGTCTATAG..ATTAGGCCTA]
18:36:17.179 - INFO - T_RNA - contig=VFDICMUL, start=103755, stop=103826, strand=-, gene=trnA, product=tRNA-Ala(tgc), score=61.1, nt=[GGGAAAGTAA..TTTTTTTCCA]
18:36:17.179 - INFO - T_RNA - contig=VFDICMUL, start=81550, stop=81623, strand=-, gene=trnD, product=tRNA-Asp(gtc), score=54.2, nt=[GGGGTAATAG..ATTTATCTCG]
18:36:17.179 - INFO - T_RNA - contig=VFDICMUL, start=71833, stop=71905, strand=-, gene=trnfM, product=tRNA-fMet(cat), score=52.2, nt=[TGCAAGGTAG..ATCTTTGCGC]
18:36:17.179 - INFO - T_RNA - contig=VFDICMUL, start=71644, stop=71714, strand=-, gene=trnR, product=tRNA-Arg(tct), score=43.9, nt=[CTCCTTATAG..TGTTGGGAGG]
18:36:17.179 - INFO - T_RNA - contig=VFDICMUL, start=70506, stop=70577, strand=-, gene=trnV, product=tRNA-Val(aac), score=56.4, nt=[AGAACTATAG..TTTGGTTCTT]
18:36:17.179 - INFO - T_RNA - contig=VFDICMUL, start=69449, stop=69522, strand=-, gene=trnK, product=tRNA-Lys(ttt), score=69.0, nt=[GGGTTGTTAG..GCACAGCCTA]
18:36:17.180 - INFO - T_RNA - contig=VFDICMUL, start=62480, stop=62562, strand=-, gene=trnS, product=tRNA-Ser(tga), score=50.4, nt=[GAAGATATGT..GTTGTCTTCT]
18:36:17.180 - INFO - T_RNA - contig=VFDICMUL, start=62399, stop=62479, strand=-, gene=trnL, product=tRNA-Leu(caa), score=57.0, nt=[GCCTAAGTGA..ATCTTAGGCA]
18:36:17.180 - INFO - T_RNA - contig=VFDICMUL, start=53830, stop=53901, strand=-, gene=trnG, product=tRNA-Gly(gcc), score=53.0, nt=[GCAAAGGTAG..ATTCTTTGCT]
18:36:17.180 - INFO - T_RNA - contig=VFDICMUL, start=53758, stop=53829, strand=-, gene=trnC, product=tRNA-Cys(gca), score=46.1, nt=[GGTAAGATGA..GTTCTTACTT]
18:36:17.180 - INFO - T_RNA - contig=VFDICMUL, start=53042, stop=53113, strand=-, gene=trnN, product=tRNA-Asn(gtt), score=55.8, nt=[TTCTCAATAG..AGTTGGGAAG]
18:36:17.180 - INFO - T_RNA - predicted=25
18:36:17.191 - INFO - TM_RNA - predicted=0
18:36:18.347 - INFO - R_RNA - contig=VFDICMUL, start=108039, stop=109549, strand=-, gene=rrs, product=16S ribosomal RNA, length=1511, coverage=0.986, truncated=None, score=1301.4, evalue=3.8e-41, nt=[TTTATTAAGA..TAATTATATA]
18:36:18.347 - INFO - R_RNA - contig=VFDICMUL, start=105178, stop=107953, strand=-, gene=rrl, product=23S ribosomal RNA, length=2776, coverage=0.949, truncated=None, score=2337.9, evalue=3.8e-05, nt=[GTTTAAGGAG..ACTTAACTAC]
18:36:18.347 - INFO - R_RNA - predicted=2
18:36:18.888 - INFO - NC_RNA - predicted=0
18:36:19.020 - INFO - NC_RNA_REGION - predicted=0
18:36:19.050 - INFO - CRISPR - predicted=0
18:36:19.050 - INFO - CDS - create prodigal training info object: meta=False, closed=False
18:36:19.174 - INFO - CDS - contig=VFDICMUL, start=1, stop=1191, strand=+, frame=1, truncated=5-prime, start-type=Edge, RBS-motif=None
18:36:19.174 - INFO - CDS - contig=VFDICMUL, start=1268, stop=1663, strand=+, frame=2, truncated=no, start-type=ATG, RBS-motif=None
18:36:19.174 - INFO - CDS - contig=VFDICMUL, start=1630, stop=2217, strand=+, frame=1, truncated=no, start-type=ATG, RBS-motif=AATAA
18:36:19.174 - INFO - CDS - contig=VFDICMUL, start=2214, stop=2681, strand=+, frame=3, truncated=no, start-type=ATG, RBS-motif=None
18:36:19.174 - INFO - CDS - contig=VFDICMUL, start=2659, stop=3006, strand=+, frame=1, truncated=no, start-type=ATG, RBS-motif=AAA
18:36:19.174 - INFO - CDS - contig=VFDICMUL, start=3006, stop=6710, strand=+, frame=3, truncated=no, start-type=ATG, RBS-motif=AAAA
18:36:19.174 - INFO - CDS - contig=VFDICMUL, start=6707, stop=10474, strand=+, frame=2, truncated=no, start-type=ATG, RBS-motif=AAA
18:36:19.174 - INFO - CDS - contig=VFDICMUL, start=10471, stop=10857, strand=+, frame=1, truncated=no, start-type=ATG, RBS-motif=AAAA
18:36:19.174 - INFO - CDS - contig=VFDICMUL, start=10832, stop=11305, strand=+, frame=2, truncated=no, start-type=ATG, RBS-motif=AACAA
18:36:19.174 - INFO - CDS - contig=VFDICMUL, start=11314, stop=13359, strand=+, frame=1, truncated=no, start-type=ATG, RBS-motif=AAA
18:36:19.174 - INFO - CDS - contig=VFDICMUL, start=13328, stop=13633, strand=+, frame=2, truncated=no, start-type=ATG, RBS-motif=AAAA
18:36:19.174 - INFO - CDS - contig=VFDICMUL, start=13630, stop=14049, strand=+, frame=1, truncated=no, start-type=ATG, RBS-motif=None
18:36:19.174 - INFO - CDS - contig=VFDICMUL, start=14127, stop=14450, strand=+, frame=3, truncated=no, start-type=ATG, RBS-motif=None
18:36:19.174 - INFO - CDS - contig=VFDICMUL, start=14434, stop=15144, strand=-, frame=2, truncated=no, start-type=ATG, RBS-motif=None
18:36:19.174 - INFO - CDS - contig=VFDICMUL, start=15135, stop=16268, strand=-, frame=3, truncated=no, start-type=TTG, RBS-motif=AAAA
18:36:19.174 - INFO - CDS - contig=VFDICMUL, start=16222, stop=16614, strand=-, frame=2, truncated=no, start-type=ATG, RBS-motif=None
18:36:19.174 - INFO - CDS - contig=VFDICMUL, start=16601, stop=16909, strand=-, frame=1, truncated=no, start-type=ATG, RBS-motif=AAA
18:36:19.174 - INFO - CDS - contig=VFDICMUL, start=16887, stop=17711, strand=-, frame=3, truncated=no, start-type=ATG, RBS-motif=None
18:36:19.174 - INFO - CDS - contig=VFDICMUL, start=17711, stop=18262, strand=-, frame=1, truncated=no, start-type=ATG, RBS-motif=AAAA
18:36:19.174 - INFO - CDS - contig=VFDICMUL, start=18811, stop=19671, strand=+, frame=1, truncated=no, start-type=ATG, RBS-motif=None
18:36:19.174 - INFO - CDS - contig=VFDICMUL, start=19652, stop=20152, strand=+, frame=2, truncated=no, start-type=ATG, RBS-motif=AATAA
18:36:19.174 - INFO - CDS - contig=VFDICMUL, start=20138, stop=20683, strand=-, frame=1, truncated=no, start-type=ATG, RBS-motif=None
18:36:19.174 - INFO - CDS - contig=VFDICMUL, start=21014, stop=22150, strand=+, frame=2, truncated=no, start-type=ATG, RBS-motif=AACAA
18:36:19.174 - INFO - CDS - contig=VFDICMUL, start=22122, stop=23396, strand=-, frame=3, truncated=no, start-type=ATG, RBS-motif=None
18:36:19.174 - INFO - CDS - contig=VFDICMUL, start=23396, stop=24082, strand=-, frame=1, truncated=no, start-type=ATG, RBS-motif=None
18:36:19.174 - INFO - CDS - contig=VFDICMUL, start=24069, stop=24974, strand=-, frame=3, truncated=no, start-type=ATG, RBS-motif=None
18:36:19.174 - INFO - CDS - contig=VFDICMUL, start=24978, stop=25913, strand=+, frame=3, truncated=no, start-type=ATG, RBS-motif=AACAA
18:36:19.174 - INFO - CDS - contig=VFDICMUL, start=25903, stop=27039, strand=+, frame=1, truncated=no, start-type=TTG, RBS-motif=AAAA
18:36:19.174 - INFO - CDS - contig=VFDICMUL, start=27113, stop=27325, strand=-, frame=1, truncated=no, start-type=ATG, RBS-motif=None
18:36:19.174 - INFO - CDS - contig=VFDICMUL, start=27347, stop=29542, strand=-, frame=1, truncated=no, start-type=ATG, RBS-motif=None
18:36:19.174 - INFO - CDS - contig=VFDICMUL, start=29539, stop=29688, strand=-, frame=2, truncated=no, start-type=ATG, RBS-motif=None
18:36:19.174 - INFO - CDS - contig=VFDICMUL, start=29860, stop=32034, strand=+, frame=1, truncated=no, start-type=GTG, RBS-motif=None
18:36:19.174 - INFO - CDS - contig=VFDICMUL, start=32252, stop=32770, strand=+, frame=2, truncated=no, start-type=ATG, RBS-motif=AACAA
18:36:19.174 - INFO - CDS - contig=VFDICMUL, start=32779, stop=33873, strand=+, frame=1, truncated=no, start-type=ATG, RBS-motif=AAA
18:36:19.174 - INFO - CDS - contig=VFDICMUL, start=33866, stop=34726, strand=-, frame=1, truncated=no, start-type=ATG, RBS-motif=AATAA
18:36:19.174 - INFO - CDS - contig=VFDICMUL, start=34723, stop=35463, strand=-, frame=2, truncated=no, start-type=ATG, RBS-motif=AAA
18:36:19.174 - INFO - CDS - contig=VFDICMUL, start=35463, stop=36470, strand=-, frame=3, truncated=no, start-type=ATG, RBS-motif=None
18:36:19.174 - INFO - CDS - contig=VFDICMUL, start=36457, stop=37017, strand=-, frame=2, truncated=no, start-type=ATG, RBS-motif=AAA
18:36:19.174 - INFO - CDS - contig=VFDICMUL, start=37014, stop=38243, strand=-, frame=3, truncated=no, start-type=ATG, RBS-motif=None
18:36:19.174 - INFO - CDS - contig=VFDICMUL, start=38240, stop=39589, strand=-, frame=1, truncated=no, start-type=ATG, RBS-motif=None
18:36:19.174 - INFO - CDS - contig=VFDICMUL, start=39624, stop=40586, strand=-, frame=3, truncated=no, start-type=ATG, RBS-motif=AAA
18:36:19.174 - INFO - CDS - contig=VFDICMUL, start=40830, stop=42131, strand=-, frame=3, truncated=no, start-type=GTG, RBS-motif=AAA
18:36:19.174 - INFO - CDS - contig=VFDICMUL, start=42097, stop=43128, strand=-, frame=2, truncated=no, start-type=ATG, RBS-motif=None
18:36:19.174 - INFO - CDS - contig=VFDICMUL, start=43564, stop=44955, strand=+, frame=1, truncated=no, start-type=ATG, RBS-motif=AAAA
18:36:19.174 - INFO - CDS - contig=VFDICMUL, start=45179, stop=48064, strand=+, frame=2, truncated=no, start-type=ATG, RBS-motif=None
18:36:19.174 - INFO - CDS - contig=VFDICMUL, start=48057, stop=48230, strand=+, frame=3, truncated=no, start-type=ATG, RBS-motif=AAAA
18:36:19.174 - INFO - CDS - contig=VFDICMUL, start=49220, stop=50230, strand=+, frame=2, truncated=no, start-type=ATG, RBS-motif=AAA
18:36:19.174 - INFO - CDS - contig=VFDICMUL, start=50196, stop=50795, strand=+, frame=3, truncated=no, start-type=ATG, RBS-motif=AAAA
18:36:19.174 - INFO - CDS - contig=VFDICMUL, start=50788, stop=51915, strand=+, frame=1, truncated=no, start-type=ATG, RBS-motif=AAAA
18:36:19.175 - INFO - CDS - contig=VFDICMUL, start=51915, stop=52589, strand=+, frame=3, truncated=no, start-type=ATG, RBS-motif=AAA
18:36:19.175 - INFO - CDS - contig=VFDICMUL, start=52570, stop=52833, strand=+, frame=1, truncated=no, start-type=ATG, RBS-motif=AAA
18:36:19.175 - INFO - CDS - contig=VFDICMUL, start=52814, stop=53041, strand=+, frame=2, truncated=no, start-type=ATG, RBS-motif=AAAA
18:36:19.175 - INFO - CDS - contig=VFDICMUL, start=53023, stop=53130, strand=+, frame=1, truncated=no, start-type=ATG, RBS-motif=AAA
18:36:19.175 - INFO - CDS - contig=VFDICMUL, start=53133, stop=53393, strand=+, frame=3, truncated=no, start-type=ATG, RBS-motif=None
18:36:19.175 - INFO - CDS - contig=VFDICMUL, start=53416, stop=53622, strand=+, frame=1, truncated=no, start-type=ATG, RBS-motif=AAA
18:36:19.175 - INFO - CDS - contig=VFDICMUL, start=53622, stop=53786, strand=+, frame=3, truncated=no, start-type=ATG, RBS-motif=None
18:36:19.175 - INFO - CDS - contig=VFDICMUL, start=53887, stop=54396, strand=-, frame=2, truncated=no, start-type=TTG, RBS-motif=None
18:36:19.175 - INFO - CDS - contig=VFDICMUL, start=54413, stop=55477, strand=+, frame=2, truncated=no, start-type=ATG, RBS-motif=AAAA
18:36:19.175 - INFO - CDS - contig=VFDICMUL, start=55459, stop=58539, strand=+, frame=1, truncated=no, start-type=ATG, RBS-motif=AAA
18:36:19.175 - INFO - CDS - contig=VFDICMUL, start=58526, stop=59077, strand=+, frame=2, truncated=no, start-type=ATG, RBS-motif=AAAA
18:36:19.175 - INFO - CDS - contig=VFDICMUL, start=59074, stop=59637, strand=+, frame=1, truncated=no, start-type=ATG, RBS-motif=AAAA
18:36:19.175 - INFO - CDS - contig=VFDICMUL, start=59634, stop=60800, strand=+, frame=3, truncated=no, start-type=ATG, RBS-motif=None
18:36:19.175 - INFO - CDS - contig=VFDICMUL, start=60880, stop=61473, strand=+, frame=1, truncated=no, start-type=ATG, RBS-motif=None
18:36:19.175 - INFO - CDS - contig=VFDICMUL, start=61451, stop=62248, strand=+, frame=2, truncated=no, start-type=ATG, RBS-motif=AACAA
18:36:19.175 - INFO - CDS - contig=VFDICMUL, start=62290, stop=62517, strand=+, frame=1, truncated=no, start-type=ATG, RBS-motif=None
18:36:19.175 - INFO - CDS - contig=VFDICMUL, start=62576, stop=63151, strand=+, frame=2, truncated=no, start-type=ATG, RBS-motif=AAAA
18:36:19.175 - INFO - CDS - contig=VFDICMUL, start=63139, stop=64377, strand=+, frame=1, truncated=no, start-type=ATG, RBS-motif=AAAA
18:36:19.175 - INFO - CDS - contig=VFDICMUL, start=64371, stop=65375, strand=+, frame=3, truncated=no, start-type=ATG, RBS-motif=AAAA
18:36:19.175 - INFO - CDS - contig=VFDICMUL, start=65332, stop=65904, strand=+, frame=1, truncated=no, start-type=ATG, RBS-motif=AACAA
18:36:19.175 - INFO - CDS - contig=VFDICMUL, start=65897, stop=66493, strand=+, frame=2, truncated=no, start-type=ATG, RBS-motif=AACAA
18:36:19.175 - INFO - CDS - contig=VFDICMUL, start=66484, stop=67170, strand=+, frame=1, truncated=no, start-type=ATG, RBS-motif=AAAA
18:36:19.175 - INFO - CDS - contig=VFDICMUL, start=67170, stop=67916, strand=+, frame=3, truncated=no, start-type=ATG, RBS-motif=AAA
18:36:19.175 - INFO - CDS - contig=VFDICMUL, start=67909, stop=68208, strand=+, frame=1, truncated=no, start-type=ATG, RBS-motif=AAAA
18:36:19.175 - INFO - CDS - contig=VFDICMUL, start=68189, stop=68467, strand=+, frame=2, truncated=no, start-type=ATG, RBS-motif=AAA
18:36:19.175 - INFO - CDS - contig=VFDICMUL, start=68624, stop=69451, strand=+, frame=2, truncated=no, start-type=ATG, RBS-motif=None
18:36:19.175 - INFO - CDS - contig=VFDICMUL, start=69523, stop=69876, strand=-, frame=2, truncated=no, start-type=ATG, RBS-motif=None
18:36:19.175 - INFO - CDS - contig=VFDICMUL, start=69863, stop=70027, strand=-, frame=1, truncated=no, start-type=ATG, RBS-motif=AAA
18:36:19.175 - INFO - CDS - contig=VFDICMUL, start=70029, stop=70460, strand=-, frame=3, truncated=no, start-type=ATG, RBS-motif=AAAA
18:36:19.175 - INFO - CDS - contig=VFDICMUL, start=70576, stop=71700, strand=-, frame=2, truncated=no, start-type=ATG, RBS-motif=None
18:36:19.175 - INFO - CDS - contig=VFDICMUL, start=71717, stop=71851, strand=+, frame=2, truncated=no, start-type=ATG, RBS-motif=AAA
18:36:19.175 - INFO - CDS - contig=VFDICMUL, start=72063, stop=72455, strand=+, frame=3, truncated=no, start-type=ATG, RBS-motif=None
18:36:19.175 - INFO - CDS - contig=VFDICMUL, start=72390, stop=72908, strand=-, frame=3, truncated=no, start-type=ATG, RBS-motif=AAA
18:36:19.175 - INFO - CDS - contig=VFDICMUL, start=72908, stop=73768, strand=-, frame=1, truncated=no, start-type=TTG, RBS-motif=AAA
18:36:19.175 - INFO - CDS - contig=VFDICMUL, start=73911, stop=74990, strand=+, frame=3, truncated=no, start-type=ATG, RBS-motif=AATAA
18:36:19.175 - INFO - CDS - contig=VFDICMUL, start=74938, stop=75666, strand=+, frame=1, truncated=no, start-type=ATG, RBS-motif=AAA
18:36:19.175 - INFO - CDS - contig=VFDICMUL, start=75668, stop=76522, strand=+, frame=2, truncated=no, start-type=ATG, RBS-motif=AAAA
18:36:19.175 - INFO - CDS - contig=VFDICMUL, start=76922, stop=78307, strand=-, frame=1, truncated=no, start-type=ATG, RBS-motif=None
18:36:19.175 - INFO - CDS - contig=VFDICMUL, start=78304, stop=79497, strand=-, frame=2, truncated=no, start-type=ATG, RBS-motif=None
18:36:19.175 - INFO - CDS - contig=VFDICMUL, start=79494, stop=80750, strand=-, frame=3, truncated=no, start-type=ATG, RBS-motif=AATAA
18:36:19.175 - INFO - CDS - contig=VFDICMUL, start=80861, stop=81037, strand=-, frame=1, truncated=no, start-type=ATG, RBS-motif=None
18:36:19.175 - INFO - CDS - contig=VFDICMUL, start=81343, stop=81549, strand=+, frame=1, truncated=no, start-type=ATG, RBS-motif=AAAA
18:36:19.175 - INFO - CDS - contig=VFDICMUL, start=81680, stop=82888, strand=-, frame=1, truncated=no, start-type=ATG, RBS-motif=None
18:36:19.175 - INFO - CDS - contig=VFDICMUL, start=82897, stop=84204, strand=+, frame=1, truncated=no, start-type=ATG, RBS-motif=None
18:36:19.175 - INFO - CDS - contig=VFDICMUL, start=84201, stop=86006, strand=+, frame=3, truncated=no, start-type=ATG, RBS-motif=AAAA
18:36:19.175 - INFO - CDS - contig=VFDICMUL, start=86081, stop=86347, strand=+, frame=2, truncated=no, start-type=ATG, RBS-motif=AAA
18:36:19.175 - INFO - CDS - contig=VFDICMUL, start=86337, stop=87926, strand=+, frame=3, truncated=no, start-type=ATG, RBS-motif=AAA
18:36:19.175 - INFO - CDS - contig=VFDICMUL, start=87968, stop=89245, strand=+, frame=2, truncated=no, start-type=ATG, RBS-motif=None
18:36:19.175 - INFO - CDS - contig=VFDICMUL, start=89230, stop=90273, strand=+, frame=1, truncated=no, start-type=ATG, RBS-motif=AAA
18:36:19.175 - INFO - CDS - contig=VFDICMUL, start=90265, stop=91248, strand=-, frame=2, truncated=no, start-type=TTG, RBS-motif=AAA
18:36:19.175 - INFO - CDS - contig=VFDICMUL, start=91334, stop=92044, strand=+, frame=2, truncated=no, start-type=ATG, RBS-motif=AAAA
18:36:19.175 - INFO - CDS - contig=VFDICMUL, start=92036, stop=93061, strand=-, frame=1, truncated=no, start-type=ATG, RBS-motif=AAAA
18:36:19.175 - INFO - CDS - contig=VFDICMUL, start=93076, stop=94881, strand=-, frame=2, truncated=no, start-type=ATG, RBS-motif=None
18:36:19.175 - INFO - CDS - contig=VFDICMUL, start=94883, stop=95293, strand=-, frame=1, truncated=no, start-type=ATG, RBS-motif=AAA
18:36:19.175 - INFO - CDS - contig=VFDICMUL, start=95358, stop=96326, strand=+, frame=3, truncated=no, start-type=ATG, RBS-motif=None
18:36:19.175 - INFO - CDS - contig=VFDICMUL, start=96319, stop=97314, strand=-, frame=2, truncated=no, start-type=ATG, RBS-motif=None
18:36:19.175 - INFO - CDS - contig=VFDICMUL, start=97414, stop=99462, strand=-, frame=2, truncated=no, start-type=ATG, RBS-motif=AAA
18:36:19.175 - INFO - CDS - contig=VFDICMUL, start=99462, stop=100097, strand=-, frame=3, truncated=no, start-type=ATG, RBS-motif=None
18:36:19.175 - INFO - CDS - contig=VFDICMUL, start=100090, stop=101304, strand=-, frame=2, truncated=no, start-type=ATG, RBS-motif=AAAA
18:36:19.175 - INFO - CDS - contig=VFDICMUL, start=101276, stop=101920, strand=-, frame=1, truncated=no, start-type=TTG, RBS-motif=AAAA
18:36:19.175 - INFO - CDS - contig=VFDICMUL, start=102015, stop=102431, strand=+, frame=3, truncated=no, start-type=ATG, RBS-motif=AAAA
18:36:19.175 - INFO - CDS - contig=VFDICMUL, start=102420, stop=102659, strand=-, frame=3, truncated=no, start-type=ATG, RBS-motif=None
18:36:19.175 - INFO - CDS - contig=VFDICMUL, start=102652, stop=102960, strand=-, frame=2, truncated=no, start-type=ATG, RBS-motif=AAAA
18:36:19.175 - INFO - CDS - contig=VFDICMUL, start=102951, stop=103745, strand=-, frame=3, truncated=no, start-type=TTG, RBS-motif=AAA
18:36:19.175 - INFO - CDS - contig=VFDICMUL, start=103827, stop=105056, strand=+, frame=3, truncated=no, start-type=ATG, RBS-motif=None
18:36:19.175 - INFO - CDS - contig=VFDICMUL, start=105744, stop=105977, strand=-, frame=3, truncated=no, start-type=ATG, RBS-motif=AAA
18:36:19.175 - INFO - CDS - contig=VFDICMUL, start=106235, stop=106501, strand=+, frame=2, truncated=no, start-type=TTG, RBS-motif=None
18:36:19.175 - INFO - CDS - contig=VFDICMUL, start=107808, stop=108020, strand=-, frame=3, truncated=no, start-type=ATG, RBS-motif=None
18:36:19.175 - INFO - CDS - contig=VFDICMUL, start=109814, stop=110284, strand=+, frame=2, truncated=no, start-type=ATG, RBS-motif=None
18:36:19.175 - INFO - CDS - contig=VFDICMUL, start=110229, stop=110831, strand=+, frame=3, truncated=no, start-type=ATG, RBS-motif=AACAA
18:36:19.176 - INFO - CDS - contig=VFDICMUL, start=110812, stop=111060, strand=+, frame=1, truncated=no, start-type=ATG, RBS-motif=AAA
18:36:19.176 - INFO - CDS - contig=VFDICMUL, start=110999, stop=111808, strand=+, frame=2, truncated=no, start-type=ATG, RBS-motif=AATAA
18:36:19.176 - INFO - CDS - contig=VFDICMUL, start=111805, stop=112071, strand=+, frame=1, truncated=no, start-type=ATG, RBS-motif=AAA
18:36:19.176 - INFO - CDS - contig=VFDICMUL, start=112068, stop=112370, strand=+, frame=3, truncated=no, start-type=ATG, RBS-motif=AAAA
18:36:19.176 - INFO - CDS - contig=VFDICMUL, start=112374, stop=112964, strand=+, frame=3, truncated=no, start-type=ATG, RBS-motif=None
18:36:19.176 - INFO - CDS - contig=VFDICMUL, start=112961, stop=113353, strand=+, frame=2, truncated=no, start-type=ATG, RBS-motif=None
18:36:19.176 - INFO - CDS - contig=VFDICMUL, start=113350, stop=113616, strand=+, frame=1, truncated=no, start-type=ATG, RBS-motif=AAA
18:36:19.176 - INFO - CDS - contig=VFDICMUL, start=113579, stop=113944, strand=+, frame=2, truncated=no, start-type=ATG, RBS-motif=AAAA
18:36:19.176 - INFO - CDS - contig=VFDICMUL, start=113945, stop=114457, strand=+, frame=2, truncated=no, start-type=ATG, RBS-motif=AAA
18:36:19.176 - INFO - CDS - contig=VFDICMUL, start=114457, stop=114732, strand=+, frame=1, truncated=no, start-type=ATG, RBS-motif=None
18:36:19.176 - INFO - CDS - contig=VFDICMUL, start=114732, stop=115100, strand=+, frame=3, truncated=no, start-type=ATG, RBS-motif=AAA
18:36:19.176 - INFO - CDS - contig=VFDICMUL, start=115102, stop=115629, strand=+, frame=1, truncated=no, start-type=ATG, RBS-motif=AATAA
18:36:19.176 - INFO - CDS - contig=VFDICMUL, start=115592, stop=115921, strand=+, frame=2, truncated=no, start-type=ATG, RBS-motif=None
18:36:19.176 - INFO - CDS - contig=VFDICMUL, start=115921, stop=116337, strand=+, frame=1, truncated=no, start-type=ATG, RBS-motif=AAAA
18:36:19.176 - INFO - CDS - contig=VFDICMUL, start=116340, stop=116633, strand=+, frame=3, truncated=no, start-type=ATG, RBS-motif=AAA
18:36:19.176 - INFO - CDS - contig=VFDICMUL, start=116620, stop=116841, strand=+, frame=1, truncated=no, start-type=ATG, RBS-motif=AAA
18:36:19.176 - INFO - CDS - contig=VFDICMUL, start=116838, stop=116951, strand=+, frame=3, truncated=no, start-type=ATG, RBS-motif=None
18:36:19.176 - INFO - CDS - contig=VFDICMUL, start=116948, stop=117292, strand=+, frame=2, truncated=no, start-type=ATG, RBS-motif=AACAA
18:36:19.176 - INFO - CDS - contig=VFDICMUL, start=117255, stop=117629, strand=+, frame=3, truncated=no, start-type=ATG, RBS-motif=AACAA
18:36:19.176 - INFO - CDS - contig=VFDICMUL, start=117688, stop=118209, strand=+, frame=1, truncated=no, start-type=ATG, RBS-motif=None
18:36:19.176 - INFO - CDS - contig=VFDICMUL, start=118209, stop=119072, strand=+, frame=3, truncated=no, start-type=ATG, RBS-motif=AAA
18:36:19.176 - INFO - CDS - contig=VFDICMUL, start=119069, stop=119305, strand=+, frame=2, truncated=no, start-type=ATG, RBS-motif=None
18:36:19.176 - INFO - CDS - contig=VFDICMUL, start=119302, stop=120336, strand=-, frame=2, truncated=no, start-type=TTG, RBS-motif=AATAA
18:36:19.176 - INFO - CDS - contig=VFDICMUL, start=120407, stop=120814, strand=+, frame=2, truncated=no, start-type=ATG, RBS-motif=AAAA
18:36:19.176 - INFO - CDS - contig=VFDICMUL, start=120804, stop=121847, strand=+, frame=3, truncated=no, start-type=ATG, RBS-motif=None
18:36:19.176 - INFO - CDS - truncated CDS: contig=VFDICMUL, start=1, stop=1191, strand=+, frame=1, truncated=5-prime, start-type=Edge, RBS-motif=None, aa-hexdigest=e412ccfbe29db4a5cf083beaf2dfad8b, aa=[MKTQFIRQKE..GAGIVTKIIK]
18:36:19.176 - INFO - CDS - contig=VFDICMUL, start=1268, stop=1663, strand=+, nt=[ATGGCACAAA..AACAAACTAA]
18:36:19.176 - INFO - CDS - contig=VFDICMUL, start=1630, stop=2217, strand=+, nt=[ATGCGCACAA..ATTACAATGA]
18:36:19.176 - INFO - CDS - contig=VFDICMUL, start=2214, stop=2681, strand=+, nt=[ATGAACAGCA..AACTAATTAA]
18:36:19.176 - INFO - CDS - contig=VFDICMUL, start=2659, stop=3006, strand=+, nt=[ATGAAAATAA..AAAAACATAA]
18:36:19.176 - INFO - CDS - contig=VFDICMUL, start=3006, stop=6710, strand=+, nt=[ATGAAAATAA..AATAAAATGA]
18:36:19.176 - INFO - CDS - contig=VFDICMUL, start=6707, stop=10474, strand=+, nt=[ATGAAAACAA..AAATAAATGA]
18:36:19.176 - INFO - CDS - contig=VFDICMUL, start=10471, stop=10857, strand=+, nt=[ATGAAAACTA..AGATATTTAA]
18:36:19.176 - INFO - CDS - contig=VFDICMUL, start=10832, stop=11305, strand=+, nt=[ATGTCAAGGA..TGCCTTCTAA]
18:36:19.176 - INFO - CDS - contig=VFDICMUL, start=11314, stop=13359, strand=+, nt=[ATGAGAAATT..AATCCTTTAG]
18:36:19.176 - INFO - CDS - contig=VFDICMUL, start=13328, stop=13633, strand=+, nt=[ATGAAACTAA..AACAACATGA]
18:36:19.176 - INFO - CDS - contig=VFDICMUL, start=13630, stop=14049, strand=+, nt=[ATGAAAATAC..ACGGACTTAA]
18:36:19.176 - INFO - CDS - contig=VFDICMUL, start=14127, stop=14450, strand=+, nt=[ATGCTAACTA..AAAACTCTAA]
18:36:19.176 - INFO - CDS - contig=VFDICMUL, start=14434, stop=15144, strand=-, nt=[ATGTTTTTAA..TTTTTATTAA]
18:36:19.176 - INFO - CDS - contig=VFDICMUL, start=15135, stop=16268, strand=-, nt=[TTGGTTTTGT..ATGTTTTTAA]
18:36:19.176 - INFO - CDS - contig=VFDICMUL, start=16222, stop=16614, strand=-, nt=[ATGATTTTAG..TAAGCGGTGA]
18:36:19.176 - INFO - CDS - contig=VFDICMUL, start=16601, stop=16909, strand=-, nt=[ATGATTATAG..TTTTAGGTAG]
18:36:19.176 - INFO - CDS - contig=VFDICMUL, start=16887, stop=17711, strand=-, nt=[ATGTATTTGA..TAAAAGATAA]
18:36:19.176 - INFO - CDS - contig=VFDICMUL, start=17711, stop=18262, strand=-, nt=[ATGATTAAAT..TTTTGATTAA]
18:36:19.176 - INFO - CDS - contig=VFDICMUL, start=18811, stop=19671, strand=+, nt=[ATGCTAATCT..TATTCATTAG]
18:36:19.176 - INFO - CDS - contig=VFDICMUL, start=19652, stop=20152, strand=+, nt=[ATGATAAAAA..TACGTTCTAG]
18:36:19.176 - INFO - CDS - contig=VFDICMUL, start=20138, stop=20683, strand=-, nt=[ATGGTTATTT..ACGTAAATAG]
18:36:19.176 - INFO - CDS - contig=VFDICMUL, start=21014, stop=22150, strand=+, nt=[ATGCAAGTAA..AAAACAATAA]
18:36:19.176 - INFO - CDS - contig=VFDICMUL, start=22122, stop=23396, strand=-, nt=[ATGTATATAT..AAGGGGTTGA]
18:36:19.176 - INFO - CDS - contig=VFDICMUL, start=23396, stop=24082, strand=-, nt=[ATGAGTTTAA..TGTGTTTTAA]
18:36:19.176 - INFO - CDS - contig=VFDICMUL, start=24069, stop=24974, strand=-, nt=[ATGTTTGTTA..GTTTAATTAA]
18:36:19.176 - INFO - CDS - contig=VFDICMUL, start=24978, stop=25913, strand=+, nt=[ATGAAAATAA..TGAAAACTGA]
18:36:19.176 - INFO - CDS - contig=VFDICMUL, start=25903, stop=27039, strand=+, nt=[TTGAAAACTG..AAAAATATAG]
18:36:19.176 - INFO - CDS - contig=VFDICMUL, start=27113, stop=27325, strand=-, nt=[ATGCGATTAA..TAGGAGATAG]
18:36:19.176 - INFO - CDS - contig=VFDICMUL, start=27347, stop=29542, strand=-, nt=[ATGAATTACT..TAATAGTTAA]
18:36:19.176 - INFO - CDS - contig=VFDICMUL, start=29539, stop=29688, strand=-, nt=[ATGAGTGCTA..TTTTAAATGA]
18:36:19.176 - INFO - CDS - contig=VFDICMUL, start=29860, stop=32034, strand=+, nt=[GTGATTAAAA..ACAAAGCTAA]
18:36:19.176 - INFO - CDS - contig=VFDICMUL, start=32252, stop=32770, strand=+, nt=[ATGATACAAC..AATTAAATAA]
18:36:19.176 - INFO - CDS - contig=VFDICMUL, start=32779, stop=33873, strand=+, nt=[ATGAAACTAG..AATTAAATAA]
18:36:19.176 - INFO - CDS - contig=VFDICMUL, start=33866, stop=34726, strand=-, nt=[ATGACTGCTA..TATTATTTAA]
18:36:19.176 - INFO - CDS - contig=VFDICMUL, start=34723, stop=35463, strand=-, nt=[ATGTTGTTTA..TGTATTATGA]
18:36:19.176 - INFO - CDS - contig=VFDICMUL, start=35463, stop=36470, strand=-, nt=[ATGAGATTGC..TATGTTGTGA]
18:36:19.176 - INFO - CDS - contig=VFDICMUL, start=36457, stop=37017, strand=-, nt=[ATGATTTTAT..GATTGCTTGA]
18:36:19.176 - INFO - CDS - contig=VFDICMUL, start=37014, stop=38243, strand=-, nt=[ATGAGTATTA..AAAAAGATGA]
18:36:19.176 - INFO - CDS - contig=VFDICMUL, start=38240, stop=39589, strand=-, nt=[ATGTCTAAAA..TAAGTTATGA]
18:36:19.176 - INFO - CDS - contig=VFDICMUL, start=39624, stop=40586, strand=-, nt=[ATGATTTCTG..ATATTTTTAG]
18:36:19.176 - INFO - CDS - contig=VFDICMUL, start=40830, stop=42131, strand=-, nt=[GTGCCTTCAA..TATTTTGTAA]
18:36:19.176 - INFO - CDS - contig=VFDICMUL, start=42097, stop=43128, strand=-, nt=[ATGGCAGTAT..TTCTTGTTAA]
18:36:19.176 - INFO - CDS - contig=VFDICMUL, start=43564, stop=44955, strand=+, nt=[ATGGATGTAA..ATCAACATAA]
18:36:19.176 - INFO - CDS - contig=VFDICMUL, start=45179, stop=48064, strand=+, nt=[ATGAAAATAC..ACATGGATAA]
18:36:19.176 - INFO - CDS - contig=VFDICMUL, start=48057, stop=48230, strand=+, nt=[ATGGATAAAA..GAAATGGTAG]
18:36:19.176 - INFO - CDS - contig=VFDICMUL, start=49220, stop=50230, strand=+, nt=[ATGAAAGCAA..AAACAATTAA]
18:36:19.176 - INFO - CDS - contig=VFDICMUL, start=50196, stop=50795, strand=+, nt=[ATGAAAATAA..AAATGAATAA]
18:36:19.176 - INFO - CDS - contig=VFDICMUL, start=50788, stop=51915, strand=+, nt=[ATGAATAAAC..AGATATCTAA]
18:36:19.176 - INFO - CDS - contig=VFDICMUL, start=51915, stop=52589, strand=+, nt=[ATGAATAAAA..TAAAACTTAG]
18:36:19.176 - INFO - CDS - contig=VFDICMUL, start=52570, stop=52833, strand=+, nt=[ATGTTAAAAA..AGTACATTAA]
18:36:19.176 - INFO - CDS - contig=VFDICMUL, start=52814, stop=53041, strand=+, nt=[ATGAAATTAA..AATACAATAA]
18:36:19.176 - INFO - CDS - contig=VFDICMUL, start=53023, stop=53130, strand=+, nt=[ATGGACAGAA..TCAGGCATAA]
18:36:19.176 - INFO - CDS - contig=VFDICMUL, start=53133, stop=53393, strand=+, nt=[ATGCTAGCCA..AAACACATAA]
18:36:19.176 - INFO - CDS - contig=VFDICMUL, start=53416, stop=53622, strand=+, nt=[ATGCTTAAAA..TTACAACTAA]
18:36:19.176 - INFO - CDS - contig=VFDICMUL, start=53622, stop=53786, strand=+, nt=[ATGGCAGTAC..ACCGATATAA]
18:36:19.176 - INFO - CDS - contig=VFDICMUL, start=53887, stop=54396, strand=-, nt=[TTGGATGTTG..GGTAGCTTAA]
18:36:19.176 - INFO - CDS - contig=VFDICMUL, start=54413, stop=55477, strand=+, nt=[ATGAAACACA..AATATATTAA]
18:36:19.176 - INFO - CDS - contig=VFDICMUL, start=55459, stop=58539, strand=+, nt=[ATGTCAAAAA..CATCTTTTAA]
18:36:19.176 - INFO - CDS - contig=VFDICMUL, start=58526, stop=59077, strand=+, nt=[ATGACATCTT..AAACACATGA]
18:36:19.176 - INFO - CDS - contig=VFDICMUL, start=59074, stop=59637, strand=+, nt=[ATGATAAACT..AATAAAATGA]
18:36:19.176 - INFO - CDS - contig=VFDICMUL, start=59634, stop=60800, strand=+, nt=[ATGATATATA..ATATAAATAA]
18:36:19.176 - INFO - CDS - contig=VFDICMUL, start=60880, stop=61473, strand=+, nt=[ATGATCTACC..TTTTATATAA]
18:36:19.176 - INFO - CDS - contig=VFDICMUL, start=61451, stop=62248, strand=+, nt=[ATGACAAAAA..AACAACCTAA]
18:36:19.176 - INFO - CDS - contig=VFDICMUL, start=62290, stop=62517, strand=+, nt=[ATGTACCTAG..AGAAAACTAA]
18:36:19.176 - INFO - CDS - contig=VFDICMUL, start=62576, stop=63151, strand=+, nt=[ATGCTAAAAA..CAAAAAATAA]
18:36:19.176 - INFO - CDS - contig=VFDICMUL, start=63139, stop=64377, strand=+, nt=[ATGCAAAAAA..CATATGGTAA]
18:36:19.176 - INFO - CDS - contig=VFDICMUL, start=64371, stop=65375, strand=+, nt=[ATGGTAAAAA..TAGAAAGTAA]
18:36:19.176 - INFO - CDS - contig=VFDICMUL, start=65332, stop=65904, strand=+, nt=[ATGAAAAAAG..ATATGATTAA]
18:36:19.176 - INFO - CDS - contig=VFDICMUL, start=65897, stop=66493, strand=+, nt=[ATGATTAAAG..ATGCAATTAA]
18:36:19.176 - INFO - CDS - contig=VFDICMUL, start=66484, stop=67170, strand=+, nt=[ATGCAATTAA..TCTATTCTGA]
18:36:19.176 - INFO - CDS - contig=VFDICMUL, start=67170, stop=67916, strand=+, nt=[ATGACCAAAA..AAATGAATAA]
18:36:19.177 - INFO - CDS - contig=VFDICMUL, start=67909, stop=68208, strand=+, nt=[ATGAATAAGC..GCATCTATAA]
18:36:19.177 - INFO - CDS - contig=VFDICMUL, start=68189, stop=68467, strand=+, nt=[ATGATAACAA..ACCGAATTAA]
18:36:19.177 - INFO - CDS - contig=VFDICMUL, start=68624, stop=69451, strand=+, nt=[ATGAACAAAC..CCATAATTAG]
18:36:19.177 - INFO - CDS - contig=VFDICMUL, start=69523, stop=69876, strand=-, nt=[ATGCCGCGTG..TTTTTATTAG]
18:36:19.177 - INFO - CDS - contig=VFDICMUL, start=69863, stop=70027, strand=-, nt=[ATGACTATGA..CGCGTGTTAA]
18:36:19.177 - INFO - CDS - contig=VFDICMUL, start=70029, stop=70460, strand=-, nt=[ATGAAAATAA..AGTTAAGTGA]
18:36:19.177 - INFO - CDS - contig=VFDICMUL, start=70576, stop=71700, strand=-, nt=[ATGGAAGAAC..TTATATATAG]
18:36:19.177 - INFO - CDS - contig=VFDICMUL, start=71717, stop=71851, strand=+, nt=[ATGATAAGAA..TAGGATTTGA]
18:36:19.177 - INFO - CDS - contig=VFDICMUL, start=72063, stop=72455, strand=+, nt=[ATGAAACAAA..GCAACAATGA]
18:36:19.177 - INFO - CDS - contig=VFDICMUL, start=72390, stop=72908, strand=-, nt=[ATGTTATCAG..TTCTCTTTAA]
18:36:19.177 - INFO - CDS - contig=VFDICMUL, start=72908, stop=73768, strand=-, nt=[TTGTTTTACC..TTTAAAATAA]
18:36:19.177 - INFO - CDS - contig=VFDICMUL, start=73911, stop=74990, strand=+, nt=[ATGCACAAAC..ACAAAGGTAA]
18:36:19.177 - INFO - CDS - contig=VFDICMUL, start=74938, stop=75666, strand=+, nt=[ATGAAAAATA..AAGAAAGTAA]
18:36:19.177 - INFO - CDS - contig=VFDICMUL, start=75668, stop=76522, strand=+, nt=[ATGAAATTAT..CCAACACTAA]
18:36:19.177 - INFO - CDS - contig=VFDICMUL, start=76922, stop=78307, strand=-, nt=[ATGATATTTA..TATGTTATAA]
18:36:19.177 - INFO - CDS - contig=VFDICMUL, start=78304, stop=79497, strand=-, nt=[ATGAAGTATT..TGTATTATGA]
18:36:19.177 - INFO - CDS - contig=VFDICMUL, start=79494, stop=80750, strand=-, nt=[ATGTTTTCAT..TGCTCAATGA]
18:36:19.177 - INFO - CDS - contig=VFDICMUL, start=80861, stop=81037, strand=-, nt=[ATGATTATTG..AGGCATTTAG]
18:36:19.177 - INFO - CDS - contig=VFDICMUL, start=81343, stop=81549, strand=+, nt=[ATGACAACAA..AAACATATAA]
18:36:19.177 - INFO - CDS - contig=VFDICMUL, start=81680, stop=82888, strand=-, nt=[ATGGCACATA..TTTCATCTAA]
18:36:19.177 - INFO - CDS - contig=VFDICMUL, start=82897, stop=84204, strand=+, nt=[ATGAAAACTA..AGGAAAATGA]
18:36:19.177 - INFO - CDS - contig=VFDICMUL, start=84201, stop=86006, strand=+, nt=[ATGACAACTG..ACTATCATAA]
18:36:19.177 - INFO - CDS - contig=VFDICMUL, start=86081, stop=86347, strand=+, nt=[ATGAACAAAA..TGAAAAATAA]
18:36:19.177 - INFO - CDS - contig=VFDICMUL, start=86337, stop=87926, strand=+, nt=[ATGAAAAATA..AAAACAATAA]
18:36:19.177 - INFO - CDS - contig=VFDICMUL, start=87968, stop=89245, strand=+, nt=[ATGAATCAAT..AACATCTTAA]
18:36:19.177 - INFO - CDS - contig=VFDICMUL, start=89230, stop=90273, strand=+, nt=[ATGCCTAACA..ACTAAGTTAA]
18:36:19.177 - INFO - CDS - contig=VFDICMUL, start=90265, stop=91248, strand=-, nt=[TTGCGGTTTT..ATTAACTTAG]
18:36:19.177 - INFO - CDS - contig=VFDICMUL, start=91334, stop=92044, strand=+, nt=[ATGATAAAAC..ATTAAAATAG]
18:36:19.177 - INFO - CDS - contig=VFDICMUL, start=92036, stop=93061, strand=-, nt=[ATGTATTCTA..ACTATTTTAA]
18:36:19.177 - INFO - CDS - contig=VFDICMUL, start=93076, stop=94881, strand=-, nt=[ATGTCTAAAA..TAAGGCATAA]
18:36:19.177 - INFO - CDS - contig=VFDICMUL, start=94883, stop=95293, strand=-, nt=[ATGGACAATT..CTGTAATTAA]
18:36:19.177 - INFO - CDS - contig=VFDICMUL, start=95358, stop=96326, strand=+, nt=[ATGTCAAATA..TTTTAAATAA]
18:36:19.177 - INFO - CDS - contig=VFDICMUL, start=96319, stop=97314, strand=-, nt=[ATGGTTGTTG..GATTATTTAA]
18:36:19.177 - INFO - CDS - contig=VFDICMUL, start=97414, stop=99462, strand=-, nt=[ATGTTAAATA..CAATTGTTAA]
18:36:19.177 - INFO - CDS - contig=VFDICMUL, start=99462, stop=100097, strand=-, nt=[ATGTTTAATA..TAAAGTTTAA]
18:36:19.177 - INFO - CDS - contig=VFDICMUL, start=100090, stop=101304, strand=-, nt=[ATGAGAGATT..AAATGTTTAA]
18:36:19.177 - INFO - CDS - contig=VFDICMUL, start=101276, stop=101920, strand=-, nt=[TTGGGTTTAA..AGTATCATAG]
18:36:19.177 - INFO - CDS - contig=VFDICMUL, start=102015, stop=102431, strand=+, nt=[ATGACCACAA..AACCAGTTAA]
18:36:19.177 - INFO - CDS - contig=VFDICMUL, start=102420, stop=102659, strand=-, nt=[ATGGCTAAAA..AACTGGTTAG]
18:36:19.177 - INFO - CDS - contig=VFDICMUL, start=102652, stop=102960, strand=-, nt=[ATGTTTGTAG..TAATGGCTAA]
18:36:19.177 - INFO - CDS - contig=VFDICMUL, start=102951, stop=103745, strand=-, nt=[TTGGTATTTG..ATGTTTGTAG]
18:36:19.177 - INFO - CDS - contig=VFDICMUL, start=103827, stop=105056, strand=+, nt=[ATGAAAATAA..ACTAATATAG]
18:36:19.177 - INFO - CDS - contig=VFDICMUL, start=105744, stop=105977, strand=-, nt=[ATGAACCTTT..ATATTTATAG]
18:36:19.177 - INFO - CDS - contig=VFDICMUL, start=106235, stop=106501, strand=+, nt=[TTGCAGAGTG..TAATCTATAA]
18:36:19.177 - INFO - CDS - contig=VFDICMUL, start=107808, stop=108020, strand=-, nt=[ATGGTAGAGC..ACTAATTTAG]
18:36:19.177 - INFO - CDS - contig=VFDICMUL, start=109814, stop=110284, strand=+, nt=[ATGATTACTA..TAAAGCCTAA]
18:36:19.177 - INFO - CDS - contig=VFDICMUL, start=110229, stop=110831, strand=+, nt=[ATGCTAATCA..ATTTATATAG]
18:36:19.177 - INFO - CDS - contig=VFDICMUL, start=110812, stop=111060, strand=+, nt=[ATGAAATTAC..AACCTCGTAA]
18:36:19.177 - INFO - CDS - contig=VFDICMUL, start=110999, stop=111808, strand=+, nt=[ATGACACACA..TAACCGATGA]
18:36:19.177 - INFO - CDS - contig=VFDICMUL, start=111805, stop=112071, strand=+, nt=[ATGAAAATAC..TAAGCGATGA]
18:36:19.177 - INFO - CDS - contig=VFDICMUL, start=112068, stop=112370, strand=+, nt=[ATGACAATAT..GTTAAGATAA]
18:36:19.177 - INFO - CDS - contig=VFDICMUL, start=112374, stop=112964, strand=+, nt=[ATGAGCAATA..AATACCATGA]
18:36:19.177 - INFO - CDS - contig=VFDICMUL, start=112961, stop=113353, strand=+, nt=[ATGAAAAACT..AAATATATGA]
18:36:19.177 - INFO - CDS - contig=VFDICMUL, start=113350, stop=113616, strand=+, nt=[ATGAACATAA..TAATAGATAA]
18:36:19.177 - INFO - CDS - contig=VFDICMUL, start=113579, stop=113944, strand=+, nt=[ATGATACTAC..CACAATATAA]
18:36:19.177 - INFO - CDS - contig=VFDICMUL, start=113945, stop=114457, strand=+, nt=[ATGACCACCC..TTTTATATAA]
18:36:19.177 - INFO - CDS - contig=VFDICMUL, start=114457, stop=114732, strand=+, nt=[ATGGCAAAAA..AAGCTGGTAA]
18:36:19.177 - INFO - CDS - contig=VFDICMUL, start=114732, stop=115100, strand=+, nt=[ATGTTTAATT..AATAAAGTAA]
18:36:19.177 - INFO - CDS - contig=VFDICMUL, start=115102, stop=115629, strand=+, nt=[ATGCCTAAAA..TAAAAAATAA]
18:36:19.177 - INFO - CDS - contig=VFDICMUL, start=115592, stop=115921, strand=+, nt=[ATGAAATTCC..ATCTAACTAA]
18:36:19.177 - INFO - CDS - contig=VFDICMUL, start=115921, stop=116337, strand=+, nt=[ATGAAAGAGA..CGCTAAATAA]
18:36:19.177 - INFO - CDS - contig=VFDICMUL, start=116340, stop=116633, strand=+, nt=[ATGAAAAAAA..GTATAAATAA]
18:36:19.177 - INFO - CDS - contig=VFDICMUL, start=116620, stop=116841, strand=+, nt=[ATGTGTATAA..ATTAAAATGA]
18:36:19.177 - INFO - CDS - contig=VFDICMUL, start=116838, stop=116951, strand=+, nt=[ATGAAAGTAA..ACAAAAATGA]
18:36:19.177 - INFO - CDS - contig=VFDICMUL, start=116948, stop=117292, strand=+, nt=[ATGAATCTAC..ATACAATTAA]
18:36:19.177 - INFO - CDS - contig=VFDICMUL, start=117255, stop=117629, strand=+, nt=[ATGCCAAAAC..ACGCACCTAA]
18:36:19.177 - INFO - CDS - contig=VFDICMUL, start=117688, stop=118209, strand=+, nt=[ATGCAAAAAA..CCTAATGTAA]
18:36:19.177 - INFO - CDS - contig=VFDICMUL, start=118209, stop=119072, strand=+, nt=[ATGCCTACTA..AATAACATGA]
18:36:19.177 - INFO - CDS - contig=VFDICMUL, start=119069, stop=119305, strand=+, nt=[ATGAGACATA..AATAAGTTAA]
18:36:19.177 - INFO - CDS - contig=VFDICMUL, start=119302, stop=120336, strand=-, nt=[TTGGCTAATT..GTTTGTTTAA]
18:36:19.177 - INFO - CDS - contig=VFDICMUL, start=120407, stop=120814, strand=+, nt=[ATGCAATTTC..TGAGAAATAA]
18:36:19.177 - INFO - CDS - contig=VFDICMUL, start=120804, stop=121847, strand=+, nt=[ATGAGAAATA..TATGGTATAA]
18:36:19.177 - INFO - CDS - contig=VFDICMUL, start=1, stop=1191, strand=+, nt=[ATGAAAACAC..AATAAAATAG]
18:36:19.196 - INFO - CDS - predicted=144
18:36:19.234 - INFO - ORF - discarded=0
18:36:19.300 - INFO - UPS - looked-up=0
18:36:19.302 - INFO - IPS - looked-up=0
18:36:19.302 - INFO - ORF - write internal aa seqs: # seqs=144, path=/tmp/tmpxsguua6z/cds.psc.faa
18:36:59.104 - INFO - PSC - found: PSC=0, PSCC=17
18:36:59.115 - INFO - PSC - looked-up=17
18:36:59.118 - INFO - PSCC - looked-up=14
18:36:59.118 - INFO - ORF - write internal aa seqs: # seqs=144, path=/tmp/tmpxsguua6z/cds.expert.faa
18:36:59.690 - INFO - EXPERT-AMRFINDER - found=0
18:37:00.176 - INFO - EXPERT_AA_SEQ - found=0
18:37:00.176 - INFO - ANNOTATION - marked as hypothetical: contig=VFDICMUL, start=1268, stop=1663, strand=+
18:37:00.176 - INFO - ANNOTATION - marked as hypothetical: contig=VFDICMUL, start=1630, stop=2217, strand=+
18:37:00.176 - INFO - ANNOTATION - marked as hypothetical: contig=VFDICMUL, start=2214, stop=2681, strand=+
18:37:00.176 - INFO - ANNOTATION - marked as hypothetical: contig=VFDICMUL, start=2659, stop=3006, strand=+
18:37:00.176 - INFO - ANNOTATION - marked as hypothetical: contig=VFDICMUL, start=3006, stop=6710, strand=+
18:37:00.176 - INFO - ANNOTATION - marked as hypothetical: contig=VFDICMUL, start=6707, stop=10474, strand=+
18:37:00.176 - INFO - ANNOTATION - marked as hypothetical: contig=VFDICMUL, start=10471, stop=10857, strand=+
18:37:00.176 - INFO - ANNOTATION - marked as hypothetical: contig=VFDICMUL, start=10832, stop=11305, strand=+
18:37:00.177 - INFO - ANNOTATION - marked as hypothetical: contig=VFDICMUL, start=13328, stop=13633, strand=+
18:37:00.177 - INFO - ANNOTATION - marked as hypothetical: contig=VFDICMUL, start=13630, stop=14049, strand=+
18:37:00.177 - INFO - ANNOTATION - marked as hypothetical: contig=VFDICMUL, start=14127, stop=14450, strand=+
18:37:00.177 - INFO - ANNOTATION - marked as hypothetical: contig=VFDICMUL, start=14434, stop=15144, strand=-
18:37:00.177 - INFO - ANNOTATION - marked as hypothetical: contig=VFDICMUL, start=15135, stop=16268, strand=-
18:37:00.177 - INFO - ANNOTATION - marked as hypothetical: contig=VFDICMUL, start=16222, stop=16614, strand=-
18:37:00.177 - INFO - ANNOTATION - marked as hypothetical: contig=VFDICMUL, start=16601, stop=16909, strand=-
18:37:00.177 - INFO - ANNOTATION - marked as hypothetical: contig=VFDICMUL, start=16887, stop=17711, strand=-
18:37:00.177 - INFO - ANNOTATION - marked as hypothetical: contig=VFDICMUL, start=17711, stop=18262, strand=-
18:37:00.177 - INFO - ANNOTATION - marked as hypothetical: contig=VFDICMUL, start=18811, stop=19671, strand=+
18:37:00.177 - INFO - ANNOTATION - marked as hypothetical: contig=VFDICMUL, start=19652, stop=20152, strand=+
18:37:00.177 - INFO - ANNOTATION - marked as hypothetical: contig=VFDICMUL, start=20138, stop=20683, strand=-
18:37:00.177 - INFO - ANNOTATION - marked as hypothetical: contig=VFDICMUL, start=21014, stop=22150, strand=+
18:37:00.177 - INFO - ANNOTATION - marked as hypothetical: contig=VFDICMUL, start=22122, stop=23396, strand=-
18:37:00.177 - INFO - ANNOTATION - marked as hypothetical: contig=VFDICMUL, start=23396, stop=24082, strand=-
18:37:00.177 - INFO - ANNOTATION - marked as hypothetical: contig=VFDICMUL, start=24069, stop=24974, strand=-
18:37:00.177 - INFO - ANNOTATION - marked as hypothetical: contig=VFDICMUL, start=24978, stop=25913, strand=+
18:37:00.177 - INFO - ANNOTATION - marked as hypothetical: contig=VFDICMUL, start=25903, stop=27039, strand=+
18:37:00.177 - INFO - ANNOTATION - marked as hypothetical: contig=VFDICMUL, start=27113, stop=27325, strand=-
18:37:00.177 - INFO - ANNOTATION - marked as hypothetical: contig=VFDICMUL, start=27347, stop=29542, strand=-
18:37:00.177 - INFO - ANNOTATION - marked as hypothetical: contig=VFDICMUL, start=29539, stop=29688, strand=-
18:37:00.177 - INFO - ANNOTATION - marked as hypothetical: contig=VFDICMUL, start=29860, stop=32034, strand=+
18:37:00.177 - INFO - ANNOTATION - marked as hypothetical: contig=VFDICMUL, start=32252, stop=32770, strand=+
18:37:00.177 - INFO - ANNOTATION - marked as hypothetical: contig=VFDICMUL, start=32779, stop=33873, strand=+
18:37:00.177 - INFO - ANNOTATION - marked as hypothetical: contig=VFDICMUL, start=33866, stop=34726, strand=-
18:37:00.177 - INFO - ANNOTATION - marked as hypothetical: contig=VFDICMUL, start=34723, stop=35463, strand=-
18:37:00.177 - INFO - ANNOTATION - marked as hypothetical: contig=VFDICMUL, start=35463, stop=36470, strand=-
18:37:00.177 - INFO - ANNOTATION - marked as hypothetical: contig=VFDICMUL, start=36457, stop=37017, strand=-
18:37:00.177 - INFO - ANNOTATION - marked as hypothetical: contig=VFDICMUL, start=37014, stop=38243, strand=-
18:37:00.177 - INFO - ANNOTATION - marked as hypothetical: contig=VFDICMUL, start=38240, stop=39589, strand=-
18:37:00.177 - INFO - ANNOTATION - marked as hypothetical: contig=VFDICMUL, start=39624, stop=40586, strand=-
18:37:00.177 - INFO - ANNOTATION - marked as hypothetical: contig=VFDICMUL, start=40830, stop=42131, strand=-
18:37:00.177 - INFO - ANNOTATION - marked as hypothetical: contig=VFDICMUL, start=42097, stop=43128, strand=-
18:37:00.177 - INFO - ANNOTATION - marked as hypothetical: contig=VFDICMUL, start=43564, stop=44955, strand=+
18:37:00.177 - INFO - ANNOTATION - marked as hypothetical: contig=VFDICMUL, start=45179, stop=48064, strand=+
18:37:00.177 - INFO - ANNOTATION - marked as hypothetical: contig=VFDICMUL, start=48057, stop=48230, strand=+
18:37:00.177 - INFO - ANNOTATION - marked as hypothetical: contig=VFDICMUL, start=49220, stop=50230, strand=+
18:37:00.177 - INFO - ANNOTATION - marked as hypothetical: contig=VFDICMUL, start=50196, stop=50795, strand=+
18:37:00.177 - INFO - ANNOTATION - marked as hypothetical: contig=VFDICMUL, start=51915, stop=52589, strand=+
18:37:00.177 - INFO - ANNOTATION - marked as hypothetical: contig=VFDICMUL, start=52570, stop=52833, strand=+
18:37:00.177 - INFO - ANNOTATION - marked as hypothetical: contig=VFDICMUL, start=52814, stop=53041, strand=+
18:37:00.177 - INFO - ANNOTATION - marked as hypothetical: contig=VFDICMUL, start=53023, stop=53130, strand=+
18:37:00.177 - INFO - ANNOTATION - marked as hypothetical: contig=VFDICMUL, start=53133, stop=53393, strand=+
18:37:00.177 - INFO - ANNOTATION - marked as hypothetical: contig=VFDICMUL, start=53416, stop=53622, strand=+
18:37:00.177 - INFO - ANNOTATION - marked as hypothetical: contig=VFDICMUL, start=53622, stop=53786, strand=+
18:37:00.177 - INFO - ANNOTATION - marked as hypothetical: contig=VFDICMUL, start=53887, stop=54396, strand=-
18:37:00.177 - INFO - ANNOTATION - marked as hypothetical: contig=VFDICMUL, start=54413, stop=55477, strand=+
18:37:00.177 - INFO - ANNOTATION - marked as hypothetical: contig=VFDICMUL, start=55459, stop=58539, strand=+
18:37:00.177 - INFO - ANNOTATION - marked as hypothetical: contig=VFDICMUL, start=58526, stop=59077, strand=+
18:37:00.177 - INFO - ANNOTATION - fix gene: extract symbol from protein name. symbol=clpX
18:37:00.177 - INFO - ANNOTATION - marked as hypothetical: contig=VFDICMUL, start=60880, stop=61473, strand=+
18:37:00.177 - INFO - ANNOTATION - marked as hypothetical: contig=VFDICMUL, start=61451, stop=62248, strand=+
18:37:00.177 - INFO - ANNOTATION - marked as hypothetical: contig=VFDICMUL, start=62290, stop=62517, strand=+
18:37:00.177 - INFO - ANNOTATION - marked as hypothetical: contig=VFDICMUL, start=62576, stop=63151, strand=+
18:37:00.177 - INFO - ANNOTATION - marked as hypothetical: contig=VFDICMUL, start=63139, stop=64377, strand=+
18:37:00.177 - INFO - ANNOTATION - marked as hypothetical: contig=VFDICMUL, start=64371, stop=65375, strand=+
18:37:00.177 - INFO - ANNOTATION - marked as hypothetical: contig=VFDICMUL, start=65332, stop=65904, strand=+
18:37:00.177 - INFO - ANNOTATION - marked as hypothetical: contig=VFDICMUL, start=65897, stop=66493, strand=+
18:37:00.177 - INFO - ANNOTATION - marked as hypothetical: contig=VFDICMUL, start=66484, stop=67170, strand=+
18:37:00.177 - INFO - ANNOTATION - marked as hypothetical: contig=VFDICMUL, start=67170, stop=67916, strand=+
18:37:00.177 - INFO - ANNOTATION - marked as hypothetical: contig=VFDICMUL, start=67909, stop=68208, strand=+
18:37:00.177 - INFO - ANNOTATION - marked as hypothetical: contig=VFDICMUL, start=68189, stop=68467, strand=+
18:37:00.177 - INFO - ANNOTATION - marked as hypothetical: contig=VFDICMUL, start=68624, stop=69451, strand=+
18:37:00.177 - INFO - ANNOTATION - marked as hypothetical: contig=VFDICMUL, start=69523, stop=69876, strand=-
18:37:00.177 - INFO - ANNOTATION - marked as hypothetical: contig=VFDICMUL, start=69863, stop=70027, strand=-
18:37:00.177 - INFO - ANNOTATION - marked as hypothetical: contig=VFDICMUL, start=70029, stop=70460, strand=-
18:37:00.177 - INFO - ANNOTATION - marked as hypothetical: contig=VFDICMUL, start=70576, stop=71700, strand=-
18:37:00.177 - INFO - ANNOTATION - marked as hypothetical: contig=VFDICMUL, start=71717, stop=71851, strand=+
18:37:00.177 - INFO - ANNOTATION - marked as hypothetical: contig=VFDICMUL, start=72063, stop=72455, strand=+
18:37:00.177 - INFO - ANNOTATION - marked as hypothetical: contig=VFDICMUL, start=72390, stop=72908, strand=-
18:37:00.177 - INFO - ANNOTATION - marked as hypothetical: contig=VFDICMUL, start=72908, stop=73768, strand=-
18:37:00.177 - INFO - ANNOTATION - marked as hypothetical: contig=VFDICMUL, start=73911, stop=74990, strand=+
18:37:00.178 - INFO - ANNOTATION - marked as hypothetical: contig=VFDICMUL, start=75668, stop=76522, strand=+
18:37:00.178 - INFO - ANNOTATION - marked as hypothetical: contig=VFDICMUL, start=76922, stop=78307, strand=-
18:37:00.178 - INFO - ANNOTATION - marked as hypothetical: contig=VFDICMUL, start=78304, stop=79497, strand=-
18:37:00.178 - INFO - ANNOTATION - marked as hypothetical: contig=VFDICMUL, start=79494, stop=80750, strand=-
18:37:00.178 - INFO - ANNOTATION - marked as hypothetical: contig=VFDICMUL, start=80861, stop=81037, strand=-
18:37:00.178 - INFO - ANNOTATION - marked as hypothetical: contig=VFDICMUL, start=81343, stop=81549, strand=+
18:37:00.178 - INFO - ANNOTATION - marked as hypothetical: contig=VFDICMUL, start=81680, stop=82888, strand=-
18:37:00.178 - INFO - ANNOTATION - marked as hypothetical: contig=VFDICMUL, start=82897, stop=84204, strand=+
18:37:00.178 - INFO - ANNOTATION - marked as hypothetical: contig=VFDICMUL, start=84201, stop=86006, strand=+
18:37:00.178 - INFO - ANNOTATION - marked as hypothetical: contig=VFDICMUL, start=86081, stop=86347, strand=+
18:37:00.178 - INFO - ANNOTATION - marked as hypothetical: contig=VFDICMUL, start=87968, stop=89245, strand=+
18:37:00.178 - INFO - ANNOTATION - marked as hypothetical: contig=VFDICMUL, start=89230, stop=90273, strand=+
18:37:00.178 - INFO - ANNOTATION - marked as hypothetical: contig=VFDICMUL, start=90265, stop=91248, strand=-
18:37:00.178 - INFO - ANNOTATION - marked as hypothetical: contig=VFDICMUL, start=91334, stop=92044, strand=+
18:37:00.178 - INFO - ANNOTATION - marked as hypothetical: contig=VFDICMUL, start=92036, stop=93061, strand=-
18:37:00.178 - INFO - ANNOTATION - fix gene: extract symbol from protein name. symbol=dnaK
18:37:00.178 - INFO - ANNOTATION - marked as hypothetical: contig=VFDICMUL, start=94883, stop=95293, strand=-
18:37:00.178 - INFO - ANNOTATION - marked as hypothetical: contig=VFDICMUL, start=95358, stop=96326, strand=+
18:37:00.178 - INFO - ANNOTATION - marked as hypothetical: contig=VFDICMUL, start=96319, stop=97314, strand=-
18:37:00.178 - INFO - ANNOTATION - marked as hypothetical: contig=VFDICMUL, start=97414, stop=99462, strand=-
18:37:00.178 - INFO - ANNOTATION - marked as hypothetical: contig=VFDICMUL, start=99462, stop=100097, strand=-
18:37:00.178 - INFO - ANNOTATION - marked as hypothetical: contig=VFDICMUL, start=101276, stop=101920, strand=-
18:37:00.178 - INFO - ANNOTATION - marked as hypothetical: contig=VFDICMUL, start=102015, stop=102431, strand=+
18:37:00.178 - INFO - ANNOTATION - marked as hypothetical: contig=VFDICMUL, start=102652, stop=102960, strand=-
18:37:00.178 - INFO - ANNOTATION - marked as hypothetical: contig=VFDICMUL, start=102951, stop=103745, strand=-
18:37:00.178 - INFO - ANNOTATION - marked as hypothetical: contig=VFDICMUL, start=103827, stop=105056, strand=+
18:37:00.178 - INFO - ANNOTATION - marked as hypothetical: contig=VFDICMUL, start=105744, stop=105977, strand=-
18:37:00.178 - INFO - ANNOTATION - marked as hypothetical: contig=VFDICMUL, start=106235, stop=106501, strand=+
18:37:00.178 - INFO - ANNOTATION - marked as hypothetical: contig=VFDICMUL, start=107808, stop=108020, strand=-
18:37:00.178 - INFO - ANNOTATION - marked as hypothetical: contig=VFDICMUL, start=109814, stop=110284, strand=+
18:37:00.178 - INFO - ANNOTATION - marked as hypothetical: contig=VFDICMUL, start=110229, stop=110831, strand=+
18:37:00.178 - INFO - ANNOTATION - marked as hypothetical: contig=VFDICMUL, start=110812, stop=111060, strand=+
18:37:00.178 - INFO - ANNOTATION - marked as hypothetical: contig=VFDICMUL, start=112068, stop=112370, strand=+
18:37:00.178 - INFO - ANNOTATION - marked as hypothetical: contig=VFDICMUL, start=112374, stop=112964, strand=+
18:37:00.178 - INFO - ANNOTATION - marked as hypothetical: contig=VFDICMUL, start=113350, stop=113616, strand=+
18:37:00.178 - INFO - ANNOTATION - marked as hypothetical: contig=VFDICMUL, start=113579, stop=113944, strand=+
18:37:00.178 - INFO - ANNOTATION - marked as hypothetical: contig=VFDICMUL, start=113945, stop=114457, strand=+
18:37:00.178 - INFO - ANNOTATION - marked as hypothetical: contig=VFDICMUL, start=114457, stop=114732, strand=+
18:37:00.178 - INFO - ANNOTATION - marked as hypothetical: contig=VFDICMUL, start=114732, stop=115100, strand=+
18:37:00.178 - INFO - ANNOTATION - marked as hypothetical: contig=VFDICMUL, start=115102, stop=115629, strand=+
18:37:00.178 - INFO - ANNOTATION - marked as hypothetical: contig=VFDICMUL, start=115592, stop=115921, strand=+
18:37:00.178 - INFO - ANNOTATION - marked as hypothetical: contig=VFDICMUL, start=115921, stop=116337, strand=+
18:37:00.178 - INFO - ANNOTATION - marked as hypothetical: contig=VFDICMUL, start=116340, stop=116633, strand=+
18:37:00.178 - INFO - ANNOTATION - marked as hypothetical: contig=VFDICMUL, start=116838, stop=116951, strand=+
18:37:00.178 - INFO - ANNOTATION - marked as hypothetical: contig=VFDICMUL, start=116948, stop=117292, strand=+
18:37:00.178 - INFO - ANNOTATION - marked as hypothetical: contig=VFDICMUL, start=117688, stop=118209, strand=+
18:37:00.178 - INFO - ANNOTATION - marked as hypothetical: contig=VFDICMUL, start=118209, stop=119072, strand=+
18:37:00.178 - INFO - ANNOTATION - marked as hypothetical: contig=VFDICMUL, start=119069, stop=119305, strand=+
18:37:00.178 - INFO - ANNOTATION - marked as hypothetical: contig=VFDICMUL, start=119302, stop=120336, strand=-
18:37:00.178 - INFO - ANNOTATION - marked as hypothetical: contig=VFDICMUL, start=120407, stop=120814, strand=+
18:37:00.178 - INFO - ANNOTATION - marked as hypothetical: contig=VFDICMUL, start=120804, stop=121847, strand=+
18:37:00.178 - INFO - ANNOTATION - marked as hypothetical: contig=VFDICMUL, start=1, stop=1191, strand=+
18:37:00.178 - INFO - ORF - write internal aa seqs: # seqs=129, path=/tmp/tmpxsguua6z/cds.pseudo.candidates.faa
18:37:47.824 - INFO - CDS - found: pseudogene-candidates=0
18:37:47.824 - INFO - PSC - looked-up=0
18:37:47.824 - INFO - PSCC - looked-up=0
18:37:47.845 - INFO - CDS - pfam detected: contig=VFDICMUL, start=61451, stop=62248, strand=+, pfam-id=PF00004.32, length=145, aa-start=42, aa-stop=164, aa-cov=0.5, hmm-cov=0.8, evalue=4.4e-12, bitscore=39.6, name=AAA
18:37:47.846 - INFO - CDS - pfam detected: contig=VFDICMUL, start=61451, stop=62248, strand=+, pfam-id=PF13401.9, length=126, aa-start=42, aa-stop=151, aa-cov=0.4, hmm-cov=1.0, evalue=3.3e-10, bitscore=33.4, name=AAA_22
18:37:47.847 - INFO - CDS - pfam detected: contig=VFDICMUL, start=79494, stop=80750, strand=-, pfam-id=PF13481.9, length=192, aa-start=165, aa-stop=346, aa-cov=0.4, hmm-cov=0.9, evalue=4.7e-11, bitscore=35.6, name=AAA_25
18:37:47.884 - INFO - CDS - pfam detected: contig=VFDICMUL, start=64371, stop=65375, strand=+, pfam-id=PF00155.24, length=283, aa-start=28, aa-stop=281, aa-cov=0.8, hmm-cov=1.0, evalue=8.6e-31, bitscore=100.4, name=Aminotran_1_2
18:37:47.885 - INFO - CDS - pfam detected: contig=VFDICMUL, start=73911, stop=74990, strand=+, pfam-id=PF00155.24, length=336, aa-start=13, aa-stop=326, aa-cov=0.9, hmm-cov=1.0, evalue=4.7e-22, bitscore=71.6, name=Aminotran_1_2
18:37:47.886 - INFO - CDS - pfam detected: contig=VFDICMUL, start=21014, stop=22150, strand=+, pfam-id=PF00266.22, length=380, aa-start=9, aa-stop=358, aa-cov=0.9, hmm-cov=1.0, evalue=1.1e-53, bitscore=175.5, name=Aminotran_5
18:37:47.889 - INFO - CDS - pfam detected: contig=VFDICMUL, start=27347, stop=29542, strand=-, pfam-id=PF08264.16, length=91, aa-start=536, aa-stop=621, aa-cov=0.1, hmm-cov=1.0, evalue=1.1e-12, bitscore=41.2, name=Anticodon_1
18:37:47.905 - INFO - CDS - pfam detected: contig=VFDICMUL, start=38240, stop=39589, strand=-, pfam-id=PF14698.9, length=32, aa-start=352, aa-stop=383, aa-cov=0.1, hmm-cov=1.0, evalue=9.2e-10, bitscore=32.3, name=ASL_C2
18:37:47.911 - INFO - CDS - pfam detected: contig=VFDICMUL, start=55459, stop=58539, strand=+, pfam-id=PF13535.9, length=117, aa-start=184, aa-stop=300, aa-cov=0.1, hmm-cov=1.0, evalue=3.5e-15, bitscore=49.0, name=ATP-grasp_4
18:37:47.913 - INFO - CDS - pfam detected: contig=VFDICMUL, start=55459, stop=58539, strand=+, pfam-id=PF15632.9, length=126, aa-start=742, aa-stop=864, aa-cov=0.1, hmm-cov=0.9, evalue=4.5e-14, bitscore=45.4, name=ATPgrasp_Ter
18:37:48.062 - INFO - CDS - pfam detected: contig=VFDICMUL, start=86081, stop=86347, strand=+, pfam-id=PF00166.24, length=92, aa-start=3, aa-stop=84, aa-cov=0.9, hmm-cov=1.0, evalue=5.6e-13, bitscore=41.9, name=Cpn10
18:37:48.064 - INFO - CDS - pfam detected: contig=VFDICMUL, start=55459, stop=58539, strand=+, pfam-id=PF02786.20, length=215, aa-start=120, aa-stop=328, aa-cov=0.2, hmm-cov=1.0, evalue=8.5e-75, bitscore=243.9, name=CPSase_L_D2
18:37:48.065 - INFO - CDS - pfam detected: contig=VFDICMUL, start=54413, stop=55477, strand=+, pfam-id=PF00988.25, length=118, aa-start=10, aa-stop=127, aa-cov=0.3, hmm-cov=1.0, evalue=6.3e-31, bitscore=99.9, name=CPSase_sm_chain
18:37:48.086 - INFO - CDS - pfam detected: contig=VFDICMUL, start=32779, stop=33873, strand=+, pfam-id=PF01053.23, length=372, aa-start=6, aa-stop=361, aa-cov=1.0, hmm-cov=1.0, evalue=1.1e-63, bitscore=208.1, name=Cys_Met_Meta_PP
18:37:48.090 - INFO - CDS - pfam detected: contig=VFDICMUL, start=95358, stop=96326, strand=+, pfam-id=PF00793.23, length=296, aa-start=17, aa-stop=307, aa-cov=0.9, hmm-cov=0.9, evalue=1.6e-68, bitscore=223.5, name=DAHP_synth_1
18:37:48.092 - INFO - CDS - pfam detected: contig=VFDICMUL, start=99462, stop=100097, strand=-, pfam-id=PF05173.17, length=98, aa-start=121, aa-stop=209, aa-cov=0.4, hmm-cov=1.0, evalue=2.9e-14, bitscore=46.2, name=DapB_C
18:37:48.092 - INFO - CDS - pfam detected: contig=VFDICMUL, start=99462, stop=100097, strand=-, pfam-id=PF01113.23, length=120, aa-start=6, aa-stop=100, aa-cov=0.5, hmm-cov=1.0, evalue=3.6e-17, bitscore=55.7, name=DapB_N
18:37:48.093 - INFO - CDS - pfam detected: contig=VFDICMUL, start=16887, stop=17711, strand=-, pfam-id=PF01678.22, length=77, aa-start=154, aa-stop=224, aa-cov=0.3, hmm-cov=1.0, evalue=5.2e-15, bitscore=48.8, name=DAP_epimerase
18:37:48.108 - INFO - CDS - pfam detected: contig=VFDICMUL, start=24069, stop=24974, strand=-, pfam-id=PF00701.25, length=212, aa-start=6, aa-stop=217, aa-cov=0.7, hmm-cov=1.0, evalue=1.3e-26, bitscore=86.0, name=DHDPS
18:37:48.109 - INFO - CDS - pfam detected: contig=VFDICMUL, start=102015, stop=102431, strand=+, pfam-id=PF01220.22, length=136, aa-start=4, aa-stop=136, aa-cov=1.0, hmm-cov=1.0, evalue=8.1e-44, bitscore=141.7, name=DHquinase_II
18:37:48.109 - INFO - CDS - pfam detected: contig=VFDICMUL, start=120804, stop=121847, strand=+, pfam-id=PF01761.23, length=262, aa-start=57, aa-stop=313, aa-cov=0.7, hmm-cov=1.0, evalue=5.1e-74, bitscore=241.7, name=DHQ_synthase
18:37:48.115 - INFO - CDS - pfam detected: contig=VFDICMUL, start=79494, stop=80750, strand=-, pfam-id=PF00772.24, length=92, aa-start=6, aa-stop=94, aa-cov=0.2, hmm-cov=1.0, evalue=3.3e-11, bitscore=36.3, name=DnaB
18:37:48.116 - INFO - CDS - pfam detected: contig=VFDICMUL, start=79494, stop=80750, strand=-, pfam-id=PF03796.18, length=254, aa-start=166, aa-stop=415, aa-cov=0.6, hmm-cov=1.0, evalue=1.7e-64, bitscore=210.6, name=DnaB_C
18:37:48.116 - INFO - CDS - pfam detected: contig=VFDICMUL, start=92036, stop=93061, strand=-, pfam-id=PF00226.34, length=56, aa-start=4, aa-stop=58, aa-cov=0.2, hmm-cov=1.0, evalue=2.6e-24, bitscore=78.2, name=DnaJ
18:37:48.116 - INFO - CDS - pfam detected: contig=VFDICMUL, start=92036, stop=93061, strand=-, pfam-id=PF01556.21, length=215, aa-start=110, aa-stop=323, aa-cov=0.6, hmm-cov=0.7, evalue=6.0e-19, bitscore=61.7, name=DnaJ_C
18:37:48.117 - INFO - CDS - pfam detected: contig=VFDICMUL, start=92036, stop=93061, strand=-, pfam-id=PF00684.22, length=66, aa-start=135, aa-stop=195, aa-cov=0.2, hmm-cov=1.0, evalue=8.8e-12, bitscore=38.3, name=DnaJ_CXXCXGXG
18:37:48.118 - INFO - CDS - pfam detected: contig=VFDICMUL, start=45179, stop=48064, strand=+, pfam-id=PF07733.15, length=251, aa-start=278, aa-stop=508, aa-cov=0.2, hmm-cov=1.0, evalue=7.0e-70, bitscore=228.6, name=DNA_pol3_alpha
18:37:48.118 - INFO - CDS - pfam detected: contig=VFDICMUL, start=61451, stop=62248, strand=+, pfam-id=PF13177.9, length=159, aa-start=21, aa-stop=172, aa-cov=0.6, hmm-cov=1.0, evalue=2.3e-27, bitscore=89.0, name=DNA_pol3_delta2
18:37:48.119 - INFO - CDS - pfam detected: contig=VFDICMUL, start=45179, stop=48064, strand=+, pfam-id=PF17657.4, length=161, aa-start=513, aa-stop=660, aa-cov=0.2, hmm-cov=1.0, evalue=1.2e-32, bitscore=105.6, name=DNA_pol3_finger
18:37:48.276 - INFO - CDS - pfam detected: contig=VFDICMUL, start=82897, stop=84204, strand=+, pfam-id=PF02421.21, length=88, aa-start=219, aa-stop=305, aa-cov=0.2, hmm-cov=1.0, evalue=5.9e-11, bitscore=35.2, name=FeoB_N
18:37:48.356 - INFO - CDS - pfam detected: contig=VFDICMUL, start=54413, stop=55477, strand=+, pfam-id=PF00117.31, length=191, aa-start=173, aa-stop=345, aa-cov=0.5, hmm-cov=1.0, evalue=6.1e-34, bitscore=110.5, name=GATase
18:37:48.357 - INFO - CDS - pfam detected: contig=VFDICMUL, start=36457, stop=37017, strand=-, pfam-id=PF00117.31, length=189, aa-start=4, aa-stop=181, aa-cov=1.0, hmm-cov=1.0, evalue=5.4e-20, bitscore=65.0, name=GATase
18:37:48.357 - INFO - CDS - pfam detected: contig=VFDICMUL, start=65897, stop=66493, strand=+, pfam-id=PF00117.31, length=185, aa-start=32, aa-stop=194, aa-cov=0.8, hmm-cov=0.9, evalue=3.9e-17, bitscore=55.7, name=GATase
18:37:48.374 - INFO - CDS - pfam detected: contig=VFDICMUL, start=84201, stop=86006, strand=+, pfam-id=PF13932.9, length=214, aa-start=395, aa-stop=589, aa-cov=0.3, hmm-cov=1.0, evalue=5.4e-33, bitscore=108.0, name=GIDA_C
18:37:48.442 - INFO - CDS - pfam detected: contig=VFDICMUL, start=1, stop=1191, strand=+, pfam-id=PF00009.30, length=207, aa-start=9, aa-stop=203, aa-cov=0.5, hmm-cov=0.9, evalue=3.4e-54, bitscore=176.4, name=GTP_EFTU
18:37:48.442 - INFO - CDS - pfam detected: contig=VFDICMUL, start=1, stop=1191, strand=+, pfam-id=PF03144.28, length=73, aa-start=227, aa-stop=295, aa-cov=0.2, hmm-cov=1.0, evalue=9.6e-19, bitscore=60.7, name=GTP_EFTU_D2
18:37:48.447 - INFO - CDS - pfam detected: contig=VFDICMUL, start=1, stop=1191, strand=+, pfam-id=PF03143.20, length=107, aa-start=300, aa-stop=394, aa-cov=0.2, hmm-cov=1.0, evalue=1.2e-37, bitscore=121.5, name=GTP_EFTU_D3
18:37:48.481 - INFO - CDS - pfam detected: contig=VFDICMUL, start=45179, stop=48064, strand=+, pfam-id=PF14579.9, length=89, aa-start=735, aa-stop=820, aa-cov=0.1, hmm-cov=1.0, evalue=4.4e-18, bitscore=58.4, name=HHH_6
18:37:48.497 - INFO - CDS - pfam detected: contig=VFDICMUL, start=78304, stop=79497, strand=-, pfam-id=PF00742.22, length=175, aa-start=133, aa-stop=306, aa-cov=0.4, hmm-cov=1.0, evalue=9.5e-24, bitscore=77.2, name=Homoserine_dh
18:37:48.534 - INFO - CDS - pfam detected: contig=VFDICMUL, start=34723, stop=35463, strand=-, pfam-id=PF00218.24, length=166, aa-start=79, aa-stop=238, aa-cov=0.7, hmm-cov=1.0, evalue=3.4e-14, bitscore=45.6, name=IGPS
18:37:48.615 - INFO - CDS - pfam detected: contig=VFDICMUL, start=38240, stop=39589, strand=-, pfam-id=PF00206.23, length=226, aa-start=74, aa-stop=287, aa-cov=0.5, hmm-cov=1.0, evalue=2.0e-51, bitscore=168.2, name=Lyase_1
18:37:48.636 - INFO - CDS - pfam detected: contig=VFDICMUL, start=29860, stop=32034, strand=+, pfam-id=PF08267.15, length=310, aa-start=4, aa-stop=293, aa-cov=0.4, hmm-cov=1.0, evalue=6.3e-59, bitscore=193.0, name=Meth_synt_1
18:37:48.636 - INFO - CDS - pfam detected: contig=VFDICMUL, start=29860, stop=32034, strand=+, pfam-id=PF01717.21, length=323, aa-start=389, aa-stop=709, aa-cov=0.4, hmm-cov=1.0, evalue=1.6e-86, bitscore=283.5, name=Meth_synt_2
18:37:48.690 - INFO - CDS - pfam detected: contig=VFDICMUL, start=119302, stop=120336, strand=-, pfam-id=PF02784.19, length=234, aa-start=13, aa-stop=235, aa-cov=0.6, hmm-cov=1.0, evalue=9.5e-40, bitscore=129.5, name=Orn_Arg_deC_N
18:37:48.690 - INFO - CDS - pfam detected: contig=VFDICMUL, start=119302, stop=120336, strand=-, pfam-id=PF00278.25, length=179, aa-start=147, aa-stop=323, aa-cov=0.5, hmm-cov=0.5, evalue=5.3e-16, bitscore=51.7, name=Orn_DAP_Arg_deC
18:37:48.691 - INFO - CDS - pfam detected: contig=VFDICMUL, start=68624, stop=69451, strand=+, pfam-id=PF00185.27, length=98, aa-start=181, aa-stop=270, aa-cov=0.3, hmm-cov=1.0, evalue=2.1e-18, bitscore=59.9, name=OTCace
18:37:48.691 - INFO - CDS - pfam detected: contig=VFDICMUL, start=68624, stop=69451, strand=+, pfam-id=PF02729.24, length=143, aa-start=4, aa-stop=135, aa-cov=0.5, hmm-cov=1.0, evalue=2.5e-34, bitscore=111.5, name=OTCace_N
18:37:48.714 - INFO - CDS - pfam detected: contig=VFDICMUL, start=33866, stop=34726, strand=-, pfam-id=PF03462.21, length=98, aa-start=51, aa-stop=147, aa-cov=0.3, hmm-cov=1.0, evalue=1.7e-29, bitscore=96.1, name=PCRF
18:37:48.714 - INFO - CDS - pfam detected: contig=VFDICMUL, start=23396, stop=24082, strand=-, pfam-id=PF03462.21, length=93, aa-start=7, aa-stop=98, aa-cov=0.4, hmm-cov=1.0, evalue=3.5e-18, bitscore=59.1, name=PCRF
18:37:48.726 - INFO - CDS - pfam detected: contig=VFDICMUL, start=65897, stop=66493, strand=+, pfam-id=PF07722.16, length=128, aa-start=59, aa-stop=179, aa-cov=0.6, hmm-cov=1.0, evalue=1.2e-06, bitscore=21.4, name=Peptidase_C26
18:37:48.734 - INFO - CDS - pfam detected: contig=VFDICMUL, start=13630, stop=14049, strand=+, pfam-id=PF01327.24, length=146, aa-start=5, aa-stop=138, aa-cov=1.0, hmm-cov=1.0, evalue=2.6e-38, bitscore=124.2, name=Pep_deformylase
18:37:48.796 - INFO - CDS - pfam detected: contig=VFDICMUL, start=50196, stop=50795, strand=+, pfam-id=PF00697.25, length=196, aa-start=4, aa-stop=194, aa-cov=1.0, hmm-cov=1.0, evalue=4.9e-34, bitscore=110.8, name=PRAI
18:37:48.801 - INFO - CDS - pfam detected: contig=VFDICMUL, start=18811, stop=19671, strand=+, pfam-id=PF00156.30, length=50, aa-start=178, aa-stop=227, aa-cov=0.2, hmm-cov=0.7, evalue=5.1e-09, bitscore=28.7, name=Pribosyltran
18:37:48.803 - INFO - CDS - pfam detected: contig=VFDICMUL, start=18811, stop=19671, strand=+, pfam-id=PF13793.9, length=112, aa-start=6, aa-stop=117, aa-cov=0.4, hmm-cov=1.0, evalue=1.5e-24, bitscore=79.3, name=Pribosyltran_N
18:37:48.822 - INFO - CDS - pfam detected: contig=VFDICMUL, start=84201, stop=86006, strand=+, pfam-id=PF00070.30, length=30, aa-start=5, aa-stop=34, aa-cov=0.0, hmm-cov=1.0, evalue=1.2e-06, bitscore=22.1, name=Pyr_redox
18:37:48.850 - INFO - CDS - pfam detected: contig=VFDICMUL, start=1268, stop=1663, strand=+, pfam-id=PF00298.22, length=65, aa-start=73, aa-stop=128, aa-cov=0.4, hmm-cov=1.0, evalue=1.1e-06, bitscore=22.2, name=Ribosomal_L11
18:37:48.852 - INFO - CDS - pfam detected: contig=VFDICMUL, start=1268, stop=1663, strand=+, pfam-id=PF03946.17, length=58, aa-start=8, aa-stop=65, aa-cov=0.4, hmm-cov=1.0, evalue=1.9e-17, bitscore=56.0, name=Ribosomal_L11_N
18:37:48.852 - INFO - CDS - pfam detected: contig=VFDICMUL, start=2659, stop=3006, strand=+, pfam-id=PF00542.22, length=65, aa-start=50, aa-stop=114, aa-cov=0.6, hmm-cov=1.0, evalue=2.0e-18, bitscore=59.7, name=Ribosomal_L12
18:37:48.852 - INFO - CDS - pfam detected: contig=VFDICMUL, start=113579, stop=113944, strand=+, pfam-id=PF00238.22, length=121, aa-start=1, aa-stop=120, aa-cov=1.0, hmm-cov=1.0, evalue=5.7e-36, bitscore=116.3, name=Ribosomal_L14
18:37:48.853 - INFO - CDS - pfam detected: contig=VFDICMUL, start=112068, stop=112370, strand=+, pfam-id=PF00237.22, length=100, aa-start=6, aa-stop=99, aa-cov=0.9, hmm-cov=1.0, evalue=3.9e-11, bitscore=36.2, name=Ribosomal_L22
18:37:48.855 - INFO - CDS - pfam detected: contig=VFDICMUL, start=116838, stop=116951, strand=+, pfam-id=PF00444.21, length=38, aa-start=1, aa-stop=37, aa-cov=1.0, hmm-cov=1.0, evalue=1.1e-13, bitscore=44.2, name=Ribosomal_L36
18:37:48.855 - INFO - CDS - pfam detected: contig=VFDICMUL, start=113945, stop=114457, strand=+, pfam-id=PF00281.22, length=55, aa-start=17, aa-stop=71, aa-cov=0.3, hmm-cov=1.0, evalue=4.0e-14, bitscore=45.8, name=Ribosomal_L5
18:37:48.856 - INFO - CDS - pfam detected: contig=VFDICMUL, start=113945, stop=114457, strand=+, pfam-id=PF00673.24, length=92, aa-start=78, aa-stop=169, aa-cov=0.5, hmm-cov=1.0, evalue=1.6e-26, bitscore=85.5, name=Ribosomal_L5_C
18:37:48.856 - INFO - CDS - pfam detected: contig=VFDICMUL, start=13328, stop=13633, strand=+, pfam-id=PF00338.25, length=94, aa-start=5, aa-stop=95, aa-cov=0.9, hmm-cov=1.0, evalue=1.8e-18, bitscore=59.7, name=Ribosomal_S10
18:37:48.857 - INFO - CDS - pfam detected: contig=VFDICMUL, start=113350, stop=113616, strand=+, pfam-id=PF00366.23, length=67, aa-start=7, aa-stop=73, aa-cov=0.8, hmm-cov=1.0, evalue=9.0e-11, bitscore=34.9, name=Ribosomal_S17
18:37:48.857 - INFO - CDS - pfam detected: contig=VFDICMUL, start=112374, stop=112964, strand=+, pfam-id=PF00189.23, length=80, aa-start=113, aa-stop=192, aa-cov=0.4, hmm-cov=1.0, evalue=5.8e-23, bitscore=74.3, name=Ribosomal_S3_C
18:37:48.857 - INFO - CDS - pfam detected: contig=VFDICMUL, start=115921, stop=116337, strand=+, pfam-id=PF00333.23, length=60, aa-start=3, aa-stop=61, aa-cov=0.4, hmm-cov=1.0, evalue=6.1e-09, bitscore=28.9, name=Ribosomal_S5
18:37:48.857 - INFO - CDS - pfam detected: contig=VFDICMUL, start=115921, stop=116337, strand=+, pfam-id=PF03719.18, length=60, aa-start=76, aa-stop=135, aa-cov=0.4, hmm-cov=1.0, evalue=3.2e-15, bitscore=48.5, name=Ribosomal_S5_C
18:37:48.858 - INFO - CDS - pfam detected: contig=VFDICMUL, start=10832, stop=11305, strand=+, pfam-id=PF00177.24, length=150, aa-start=1, aa-stop=150, aa-cov=1.0, hmm-cov=1.0, evalue=3.6e-43, bitscore=139.8, name=Ribosomal_S7
18:37:48.858 - INFO - CDS - pfam detected: contig=VFDICMUL, start=114732, stop=115100, strand=+, pfam-id=PF00410.22, length=123, aa-start=6, aa-stop=121, aa-cov=1.0, hmm-cov=1.0, evalue=2.2e-21, bitscore=69.2, name=Ribosomal_S8
18:37:48.864 - INFO - CDS - pfam detected: contig=VFDICMUL, start=6707, stop=10474, strand=+, pfam-id=PF04997.15, length=339, aa-start=2, aa-stop=324, aa-cov=0.3, hmm-cov=0.9, evalue=2.2e-63, bitscore=207.5, name=RNA_pol_Rpb1_1
18:37:48.864 - INFO - CDS - pfam detected: contig=VFDICMUL, start=6707, stop=10474, strand=+, pfam-id=PF00623.23, length=96, aa-start=370, aa-stop=464, aa-cov=0.1, hmm-cov=1.0, evalue=1.8e-32, bitscore=105.9, name=RNA_pol_Rpb1_2
18:37:48.867 - INFO - CDS - pfam detected: contig=VFDICMUL, start=6707, stop=10474, strand=+, pfam-id=PF04983.21, length=161, aa-start=471, aa-stop=615, aa-cov=0.1, hmm-cov=1.0, evalue=2.4e-13, bitscore=43.4, name=RNA_pol_Rpb1_3
18:37:48.868 - INFO - CDS - pfam detected: contig=VFDICMUL, start=6707, stop=10474, strand=+, pfam-id=PF05000.20, length=66, aa-start=661, aa-stop=725, aa-cov=0.1, hmm-cov=1.0, evalue=4.8e-08, bitscore=26.0, name=RNA_pol_Rpb1_4
18:37:48.868 - INFO - CDS - pfam detected: contig=VFDICMUL, start=6707, stop=10474, strand=+, pfam-id=PF04998.20, length=444, aa-start=737, aa-stop=1180, aa-cov=0.4, hmm-cov=0.6, evalue=8.6e-51, bitscore=165.9, name=RNA_pol_Rpb1_5
18:37:48.868 - INFO - CDS - pfam detected: contig=VFDICMUL, start=3006, stop=6710, strand=+, pfam-id=PF04565.19, length=68, aa-start=459, aa-stop=526, aa-cov=0.1, hmm-cov=1.0, evalue=7.2e-23, bitscore=73.7, name=RNA_pol_Rpb2_3
18:37:48.868 - INFO - CDS - pfam detected: contig=VFDICMUL, start=3006, stop=6710, strand=+, pfam-id=PF00562.31, length=503, aa-start=663, aa-stop=1158, aa-cov=0.4, hmm-cov=0.8, evalue=4.9e-105, bitscore=344.7, name=RNA_pol_Rpb2_6
18:37:48.868 - INFO - CDS - pfam detected: contig=VFDICMUL, start=3006, stop=6710, strand=+, pfam-id=PF04560.23, length=84, aa-start=1160, aa-stop=1233, aa-cov=0.1, hmm-cov=1.0, evalue=4.6e-25, bitscore=81.0, name=RNA_pol_Rpb2_7
18:37:48.873 - INFO - CDS - pfam detected: contig=VFDICMUL, start=14434, stop=15144, strand=-, pfam-id=PF00398.23, length=138, aa-start=9, aa-stop=135, aa-cov=0.5, hmm-cov=1.0, evalue=8.4e-16, bitscore=50.8, name=RrnaAD
18:37:48.877 - INFO - CDS - pfam detected: contig=VFDICMUL, start=53887, stop=54396, strand=-, pfam-id=PF16473.8, length=169, aa-start=2, aa-stop=155, aa-cov=0.9, hmm-cov=0.9, evalue=2.3e-09, bitscore=30.5, name=Rv2179c-like
18:37:48.878 - INFO - CDS - pfam detected: contig=VFDICMUL, start=89230, stop=90273, strand=+, pfam-id=PF00575.26, length=64, aa-start=148, aa-stop=204, aa-cov=0.2, hmm-cov=1.0, evalue=1.8e-08, bitscore=27.7, name=S1
18:37:48.879 - INFO - CDS - pfam detected: contig=VFDICMUL, start=117688, stop=118209, strand=+, pfam-id=PF01479.28, length=48, aa-start=81, aa-stop=128, aa-cov=0.3, hmm-cov=1.0, evalue=6.2e-15, bitscore=47.8, name=S4
18:37:48.879 - INFO - CDS - pfam detected: contig=VFDICMUL, start=117688, stop=118209, strand=+, pfam-id=PF13275.9, length=49, aa-start=81, aa-stop=129, aa-cov=0.3, hmm-cov=1.0, evalue=7.8e-08, bitscore=25.2, name=S4_2
18:37:48.887 - INFO - CDS - pfam detected: contig=VFDICMUL, start=49220, stop=50230, strand=+, pfam-id=PF01118.27, length=53, aa-start=51, aa-stop=103, aa-cov=0.2, hmm-cov=1.0, evalue=1.3e-08, bitscore=28.4, name=Semialdhyde_dh
18:37:48.887 - INFO - CDS - pfam detected: contig=VFDICMUL, start=49220, stop=50230, strand=+, pfam-id=PF02774.21, length=192, aa-start=128, aa-stop=310, aa-cov=0.5, hmm-cov=0.9, evalue=6.5e-29, bitscore=94.3, name=Semialdhyde_dhC
18:37:48.895 - INFO - CDS - pfam detected: contig=VFDICMUL, start=43564, stop=44955, strand=+, pfam-id=PF04542.17, length=70, aa-start=235, aa-stop=304, aa-cov=0.2, hmm-cov=1.0, evalue=5.5e-22, bitscore=70.5, name=Sigma70_r2
18:37:48.896 - INFO - CDS - pfam detected: contig=VFDICMUL, start=43564, stop=44955, strand=+, pfam-id=PF04545.19, length=49, aa-start=403, aa-stop=451, aa-cov=0.1, hmm-cov=0.9, evalue=1.1e-17, bitscore=56.4, name=Sigma70_r4
18:37:48.899 - INFO - CDS - pfam detected: contig=VFDICMUL, start=120407, stop=120814, strand=+, pfam-id=PF01202.25, length=125, aa-start=7, aa-stop=130, aa-cov=0.9, hmm-cov=1.0, evalue=1.3e-10, bitscore=34.6, name=SKI
18:37:48.905 - INFO - CDS - pfam detected: contig=VFDICMUL, start=65897, stop=66493, strand=+, pfam-id=PF01174.22, length=184, aa-start=16, aa-stop=193, aa-cov=0.9, hmm-cov=0.9, evalue=3.2e-10, bitscore=33.2, name=SNO
18:37:48.975 - INFO - CDS - pfam detected: contig=VFDICMUL, start=76922, stop=78307, strand=-, pfam-id=PF14821.9, length=70, aa-start=3, aa-stop=70, aa-cov=0.1, hmm-cov=1.0, evalue=2.7e-08, bitscore=27.0, name=Thr_synth_N
18:37:49.002 - INFO - CDS - pfam detected: contig=VFDICMUL, start=81680, stop=82888, strand=-, pfam-id=PF00749.24, length=109, aa-start=124, aa-stop=229, aa-cov=0.3, hmm-cov=1.0, evalue=7.6e-39, bitscore=126.4, name=tRNA-synt_1c
18:37:49.003 - INFO - CDS - pfam detected: contig=VFDICMUL, start=22122, stop=23396, strand=-, pfam-id=PF00152.23, length=346, aa-start=99, aa-stop=422, aa-cov=0.8, hmm-cov=0.9, evalue=1.3e-47, bitscore=155.4, name=tRNA-synt_2
18:37:49.004 - INFO - CDS - pfam detected: contig=VFDICMUL, start=22122, stop=23396, strand=-, pfam-id=PF01409.23, length=33, aa-start=184, aa-stop=216, aa-cov=0.1, hmm-cov=1.0, evalue=8.3e-07, bitscore=21.7, name=tRNA-synt_2d
18:37:49.007 - INFO - CDS - pfam detected: contig=VFDICMUL, start=96319, stop=97314, strand=-, pfam-id=PF03054.19, length=200, aa-start=2, aa-stop=187, aa-cov=0.6, hmm-cov=1.0, evalue=2.4e-31, bitscore=102.0, name=tRNA_Me_trans
18:37:49.009 - INFO - CDS - pfam detected: contig=VFDICMUL, start=51915, stop=52589, strand=+, pfam-id=PF00290.23, length=230, aa-start=4, aa-stop=213, aa-cov=0.9, hmm-cov=1.0, evalue=2.4e-10, bitscore=32.7, name=Trp_syntA
18:37:49.055 - INFO - CDS - predicted-pfams=95, CDS-w/-pfams=60
18:37:49.118 - INFO - S_ORF - predicted=1258
18:37:49.193 - INFO - S_ORF - sORF filter: # valid=91, # discarded=1167
18:37:49.248 - INFO - ORF - discarded=0
18:37:49.292 - INFO - UPS - looked-up=0
18:37:49.293 - INFO - IPS - looked-up=0
18:37:49.293 - INFO - ORF - write internal aa seqs: # seqs=91, path=/tmp/tmpxsguua6z/sorf.faa
18:37:49.367 - INFO - S_ORF - found=0
18:37:49.367 - INFO - PSC - looked-up=0
18:37:49.367 - INFO - PSCC - looked-up=0
18:37:49.848 - INFO - ORI - predicted=0
18:37:49.910 - INFO - ORI - predicted=0
18:37:49.911 - INFO - ANNOTATION - overlap: CDS (None/hypothetical protein) [13630, 14049] overlapping tRNA (trnF) [14043, 14114], [14043,14049], contig=VFDICMUL
18:37:49.911 - INFO - ANNOTATION - overlap: CDS (None/hypothetical protein) [25903, 27039] overlapping tRNA (trnS) [27039, 27121], [27039,27039], contig=VFDICMUL
18:37:49.911 - INFO - ANNOTATION - overlap: CDS (None/hypothetical protein) [27113, 27325] overlapping tRNA (trnS) [27039, 27121], [27113,27121], contig=VFDICMUL
18:37:49.911 - INFO - ANNOTATION - overlap: CDS (None/hypothetical protein) [48057, 48230] overlapping tRNA (trnL) [48211, 48292], [48211,48230], contig=VFDICMUL
18:37:49.911 - INFO - ANNOTATION - overlap: CDS (None/hypothetical protein) [53023, 53130] overlapping tRNA (trnN) [53042, 53113], [53042,53113], contig=VFDICMUL
18:37:49.911 - INFO - ANNOTATION - overlap: CDS (None/hypothetical protein) [53622, 53786] overlapping tRNA (trnC) [53758, 53829], [53758,53786], contig=VFDICMUL
18:37:49.911 - INFO - ANNOTATION - overlap: CDS (None/hypothetical protein) [53887, 54396] overlapping tRNA (trnG) [53830, 53901], [53887,53901], contig=VFDICMUL
18:37:49.911 - INFO - ANNOTATION - overlap: CDS (clpX/ATP-dependent Clp protease ATP-binding subunit ClpX) [59634, 60800] overlapping tRNA (trnV) [60799, 60870], [60799,60800], contig=VFDICMUL
18:37:49.911 - INFO - ANNOTATION - overlap: CDS (None/hypothetical protein) [62290, 62517] overlapping tRNA (trnS) [62480, 62562], [62480,62517], contig=VFDICMUL
18:37:49.911 - INFO - ANNOTATION - overlap: CDS (None/hypothetical protein) [62290, 62517] overlapping tRNA (trnL) [62399, 62479], [62399,62479], contig=VFDICMUL
18:37:49.911 - INFO - ANNOTATION - overlap: CDS (None/hypothetical protein) [68189, 68467] overlapping tRNA (trnT) [68458, 68529], [68458,68467], contig=VFDICMUL
18:37:49.911 - INFO - ANNOTATION - overlap: CDS (None/hypothetical protein) [68624, 69451] overlapping tRNA (trnK) [69449, 69522], [69449,69451], contig=VFDICMUL
18:37:49.911 - INFO - ANNOTATION - overlap: CDS (None/hypothetical protein) [70576, 71700] overlapping tRNA (trnR) [71644, 71714], [71644,71700], contig=VFDICMUL
18:37:49.911 - INFO - ANNOTATION - overlap: CDS (None/hypothetical protein) [70576, 71700] overlapping tRNA (trnV) [70506, 70577], [70576,70577], contig=VFDICMUL
18:37:49.911 - INFO - ANNOTATION - overlap: CDS (None/hypothetical protein) [71717, 71851] overlapping tRNA (trnfM) [71833, 71905], [71833,71851], contig=VFDICMUL
18:37:49.911 - INFO - ANNOTATION - overlap: CDS (None/hypothetical protein) [105744, 105977] overlapping rRNA (rrl) [105178, 107953], [105744,105977], contig=VFDICMUL
18:37:49.911 - INFO - ANNOTATION - overlap: CDS (None/hypothetical protein) [106235, 106501] overlapping rRNA (rrl) [105178, 107953], [106235,106501], contig=VFDICMUL
18:37:49.911 - INFO - ANNOTATION - overlap: CDS (None/hypothetical protein) [107808, 108020] overlapping tRNA (trnI) [107963, 108034], [107963,108020], contig=VFDICMUL
18:37:49.911 - INFO - ANNOTATION - overlap: CDS (None/hypothetical protein) [107808, 108020] overlapping rRNA (rrl) [105178, 107953], [107808,107953], contig=VFDICMUL
18:37:49.911 - INFO - ANNOTATION - overlap: CDS (None/hypothetical protein) [1, 1191] overlapping tRNA (trnW) [1190, 1260], [1190,1191], contig=VFDICMUL
18:37:49.912 - INFO - UTILS - generated sequence tag prefix: prefix=DGDGKIFHFL, length=10, MD5=D0D042F1F5D4836FDF042EA9905A99CE
18:37:49.912 - INFO - MAIN - selected features=154
18:37:49.912 - INFO - UTILS - generated sequence tag prefix: prefix=DGDGKI, length=6, MD5=D0D042F1F5D4836FDF042EA9905A99CE
18:37:49.912 - INFO - MAIN - locus tag prefix=DGDGKI
18:37:49.912 - INFO - UTILS - genome-size=122059
18:37:49.913 - INFO - UTILS - GC=0.299
18:37:49.913 - INFO - UTILS - N=0.000
18:37:49.913 - INFO - UTILS - N50=122059
18:37:49.913 - INFO - UTILS - coding-ratio=0.908
18:37:49.913 - INFO - TSV - write tsv: path=/home/diego/Documents/metagenomes/annotation_symbio_merge/annotation_Beta/genomes/annotation_bakta/bakta_VFDICMUL/VFDICMUL.tsv
18:37:49.913 - INFO - GFF - write GFF3: path=/home/diego/Documents/metagenomes/annotation_symbio_merge/annotation_Beta/genomes/annotation_bakta/bakta_VFDICMUL/VFDICMUL.gff3
18:37:49.915 - INFO - INSDC - write GenBank: path=/home/diego/Documents/metagenomes/annotation_symbio_merge/annotation_Beta/genomes/annotation_bakta/bakta_VFDICMUL/VFDICMUL.gbff
18:37:49.919 - INFO - INSDC - write EMBL: path=/home/diego/Documents/metagenomes/annotation_symbio_merge/annotation_Beta/genomes/annotation_bakta/bakta_VFDICMUL/VFDICMUL.embl
18:37:49.925 - INFO - FASTA - write genome sequences: path=/home/diego/Documents/metagenomes/annotation_symbio_merge/annotation_Beta/genomes/annotation_bakta/bakta_VFDICMUL/VFDICMUL.fna, description=True, wrap=True
18:37:49.925 - INFO - FASTA - write feature nucleotide sequences: path=/home/diego/Documents/metagenomes/annotation_symbio_merge/annotation_Beta/genomes/annotation_bakta/bakta_VFDICMUL/VFDICMUL.ffn
18:37:49.925 - INFO - FASTA - write translated CDS/sORF: path=/home/diego/Documents/metagenomes/annotation_symbio_merge/annotation_Beta/genomes/annotation_bakta/bakta_VFDICMUL/VFDICMUL.faa
18:37:49.945 - INFO - PLOT - write circular genome plot: file-name=VFDICMUL, output-dir=/home/diego/Documents/metagenomes/annotation_symbio_merge/annotation_Beta/genomes/annotation_bakta/bakta_VFDICMUL
18:37:52.992 - INFO - TSV - write hypothetical tsv: path=/home/diego/Documents/metagenomes/annotation_symbio_merge/annotation_Beta/genomes/annotation_bakta/bakta_VFDICMUL/VFDICMUL.hypotheticals.tsv
18:37:52.992 - INFO - FASTA - write translated CDS/sORF: path=/home/diego/Documents/metagenomes/annotation_symbio_merge/annotation_Beta/genomes/annotation_bakta/bakta_VFDICMUL/VFDICMUL.hypotheticals.faa
18:37:52.993 - INFO - JSON - write JSON: path=/home/diego/Documents/metagenomes/annotation_symbio_merge/annotation_Beta/genomes/annotation_bakta/bakta_VFDICMUL/VFDICMUL.json
18:37:52.997 - INFO - MAIN - removed tmp dir: /tmp/tmpxsguua6z
