[20:34:30] This is prokka 1.13
[20:34:30] Written by Torsten Seemann <torsten.seemann@gmail.com>
[20:34:30] Homepage is https://github.com/tseemann/prokka
[20:34:30] Local time is Tue Nov  7 20:34:30 2023
[20:34:30] You are diego
[20:34:30] Operating system is linux
[20:34:30] You have BioPerl 1.007002
[20:34:30] System has 32 cores.
[20:34:30] Will use maximum of 30 cores.
[20:34:30] Annotating as >>> Bacteria <<<
[20:34:30] Enabling options to ensure Genbank/ENA/DDJB submission compliance.
[20:34:30] Re-using existing --outdir annotation_prokka/prokka_VFMEEMAD
[20:34:30] Using filename prefix: prokka_VFMEEMAD.XXX
[20:34:30] Setting HMMER_NCPU=1
[20:34:30] Writing log to: annotation_prokka/prokka_VFMEEMAD/prokka_VFMEEMAD.log
[20:34:30] Command: /home/diego/miniconda3/envs/prokka_env/bin/prokka VFMEEMAD.fasta --prefix prokka_VFMEEMAD --outdir annotation_prokka/prokka_VFMEEMAD --cpus 30 --locustag VFMEEMAD --gcode 11 --force --compliant
[20:34:30] Appending to PATH: /home/diego/miniconda3/envs/prokka_env/bin
[20:34:30] Looking for 'aragorn' - found /home/diego/miniconda3/envs/prokka_env/bin/aragorn
[20:34:30] Determined aragorn version is 1.2
[20:34:30] Looking for 'barrnap' - found /home/diego/miniconda3/envs/prokka_env/bin/barrnap
[20:34:30] Determined barrnap version is 0.9
[20:34:30] Looking for 'blastp' - found /home/diego/miniconda3/envs/prokka_env/bin/blastp
[20:34:31] Determined blastp version is 2.14
[20:34:31] Looking for 'cmpress' - found /home/diego/miniconda3/envs/prokka_env/bin/cmpress
[20:34:31] Determined cmpress version is 1.1
[20:34:31] Looking for 'cmscan' - found /home/diego/miniconda3/envs/prokka_env/bin/cmscan
[20:34:31] Determined cmscan version is 1.1
[20:34:31] Looking for 'egrep' - found /usr/bin/egrep
[20:34:31] Looking for 'find' - found /usr/bin/find
[20:34:31] Looking for 'grep' - found /usr/bin/grep
[20:34:31] Looking for 'hmmpress' - found /home/diego/miniconda3/envs/prokka_env/bin/hmmpress
[20:34:31] Determined hmmpress version is 3.3
[20:34:31] Looking for 'hmmscan' - found /home/diego/miniconda3/envs/prokka_env/bin/hmmscan
[20:34:31] Determined hmmscan version is 3.3
[20:34:31] Looking for 'java' - found /home/diego/miniconda3/envs/prokka_env/bin/java
[20:34:31] Looking for 'less' - found /usr/bin/less
[20:34:31] Looking for 'makeblastdb' - found /home/diego/miniconda3/envs/prokka_env/bin/makeblastdb
[20:34:31] Determined makeblastdb version is 2.14
[20:34:31] Looking for 'minced' - found /home/diego/miniconda3/envs/prokka_env/bin/minced
[20:34:31] Determined minced version is 4.2
[20:34:31] Looking for 'parallel' - found /home/diego/miniconda3/envs/prokka_env/bin/parallel
[20:34:31] Determined parallel version is 20160622
[20:34:31] Looking for 'prodigal' - found /home/diego/miniconda3/envs/prokka_env/bin/prodigal
[20:34:31] Determined prodigal version is 2.6
[20:34:31] Looking for 'prokka-genbank_to_fasta_db' - found /home/diego/miniconda3/envs/prokka_env/bin/prokka-genbank_to_fasta_db
[20:34:31] Looking for 'rnammer' - found /home/diego/rnammer-1.2.src/rnammer
[20:34:31] Determined rnammer version is 1.2
[20:34:31] Looking for 'sed' - found /usr/bin/sed
[20:34:31] Looking for 'tbl2asn' - found /home/diego/miniconda3/envs/prokka_env/bin/tbl2asn
[20:34:31] Determined tbl2asn version is 25.8
[20:34:31] Using genetic code table 11.
[20:34:31] Loading and checking input file: VFMEEMAD.fasta
[20:34:31] Wrote 1 contigs totalling 74467 bp.
[20:34:31] Predicting tRNAs and tmRNAs
[20:34:31] Running: aragorn -l -gc11  -w annotation_prokka\/prokka_VFMEEMAD\/prokka_VFMEEMAD\.fna
[20:34:31] 1 tRNA-Asn c[27195,27268] 34 (gtt)
[20:34:31] 2 tRNA-Cys c[27368,27437] 31 (gca)
[20:34:31] 3 tRNA-Arg c[38126,38197] 33 (tct)
[20:34:31] 4 tRNA-Met c[38202,38273] 33 (cat)
[20:34:31] 5 tRNA-Pro [38292,38365] 34 (tgg)
[20:34:31] 6 tRNA-Asp c[44428,44498] 33 (gtc)
[20:34:31] 7 tRNA-Ile c[61008,61081] 34 (aat)
[20:34:31] Found 7 tRNAs
[20:34:31] Predicting Ribosomal RNAs
[20:34:31] Running Barrnap with 30 threads
[20:34:31] 1 gnl|Prokka|VFMEEMAD_1 58296 23S ribosomal RNA
[20:34:31] 2 gnl|Prokka|VFMEEMAD_1 61087 16S ribosomal RNA
[20:34:31] Found 2 rRNAs
[20:34:31] Skipping ncRNA search, enable with --rfam if desired.
[20:34:31] Total of 9 tRNA + rRNA features
[20:34:31] Searching for CRISPR repeats
[20:34:31] Found 0 CRISPRs
[20:34:31] Predicting coding sequences
[20:34:31] Contigs total 74467 bp, so using meta mode
[20:34:31] Running: prodigal -i annotation_prokka\/prokka_VFMEEMAD\/prokka_VFMEEMAD\.fna -c -m -g 11 -p meta -f sco -q
[20:34:31] Excluding CDS which overlaps existing RNA (tRNA) at gnl|Prokka|VFMEEMAD_1:27024..27203 on + strand
[20:34:31] Excluding CDS which overlaps existing RNA (tRNA) at gnl|Prokka|VFMEEMAD_1:27436..28047 on - strand
[20:34:31] Excluding CDS which overlaps existing RNA (tRNA) at gnl|Prokka|VFMEEMAD_1:37058..38137 on - strand
[20:34:31] Excluding CDS which overlaps existing RNA (tRNA) at gnl|Prokka|VFMEEMAD_1:38353..38814 on - strand
[20:34:31] Excluding CDS which overlaps existing RNA (rRNA) at gnl|Prokka|VFMEEMAD_1:59734..59865 on - strand
[20:34:31] Excluding CDS which overlaps existing RNA (rRNA) at gnl|Prokka|VFMEEMAD_1:61963..62082 on - strand
[20:34:31] Found 82 CDS
[20:34:31] Connecting features back to sequences
[20:34:31] Not using genus-specific database. Try --usegenus to enable it.
[20:34:31] Annotating CDS, please be patient.
[20:34:31] Will use 30 CPUs for similarity searching.
[20:34:31] There are still 82 unannotated CDS left (started with 82)
[20:34:31] Will use blast to search against /home/diego/miniconda3/envs/prokka_env/bin/../db/kingdom/Bacteria/sprot with 30 CPUs
[20:34:31] Running: cat annotation_prokka\/prokka_VFMEEMAD\/sprot\.faa | parallel --gnu --plain -j 30 --block 364 --recstart '>' --pipe blastp -query - -db /home/diego/miniconda3/envs/prokka_env/bin/../db/kingdom/Bacteria/sprot -evalue 1e-06 -num_threads 1 -num_descriptions 1 -num_alignments 1 -seg no > annotation_prokka\/prokka_VFMEEMAD\/sprot\.blast 2> /dev/null
[20:34:32] Deleting unwanted file: annotation_prokka/prokka_VFMEEMAD/sprot.faa
[20:34:32] Deleting unwanted file: annotation_prokka/prokka_VFMEEMAD/sprot.blast
[20:34:32] There are still 21 unannotated CDS left (started with 82)
[20:34:32] Will use hmmer3 to search against /home/diego/miniconda3/envs/prokka_env/bin/../db/hmm/HAMAP.hmm with 30 CPUs
[20:34:32] Running: cat annotation_prokka\/prokka_VFMEEMAD\/HAMAP\.hmm\.faa | parallel --gnu --plain -j 30 --block 47 --recstart '>' --pipe hmmscan --noali --notextw --acc -E 1e-06 --cpu 1 /home/diego/miniconda3/envs/prokka_env/bin/../db/hmm/HAMAP.hmm /dev/stdin > annotation_prokka\/prokka_VFMEEMAD\/HAMAP\.hmm\.hmmer3 2> /dev/null
[20:34:32] Deleting unwanted file: annotation_prokka/prokka_VFMEEMAD/HAMAP.hmm.faa
[20:34:32] Deleting unwanted file: annotation_prokka/prokka_VFMEEMAD/HAMAP.hmm.hmmer3
[20:34:32] Labelling remaining 16 proteins as 'hypothetical protein'
[20:34:32] Found 66 unique /gene codes.
[20:34:32] Fixed 0 colliding /gene names.
[20:34:32] Adding /locus_tag identifiers
[20:34:32] Assigned 91 locus_tags to CDS and RNA features.
[20:34:32] Writing outputs to annotation_prokka/prokka_VFMEEMAD/
[20:34:32] Generating annotation statistics file
[20:34:32] Generating Genbank and Sequin files
[20:34:32] Running: tbl2asn -V b -a r10k -l paired-ends -M n -N 1 -y 'Annotated using prokka 1.13 from https://github.com/tseemann/prokka' -Z annotation_prokka\/prokka_VFMEEMAD\/prokka_VFMEEMAD\.err -i annotation_prokka\/prokka_VFMEEMAD\/prokka_VFMEEMAD\.fsa 2> /dev/null
[20:34:32] Deleting unwanted file: annotation_prokka/prokka_VFMEEMAD/errorsummary.val
[20:34:32] Deleting unwanted file: annotation_prokka/prokka_VFMEEMAD/prokka_VFMEEMAD.dr
[20:34:32] Deleting unwanted file: annotation_prokka/prokka_VFMEEMAD/prokka_VFMEEMAD.fixedproducts
[20:34:32] Deleting unwanted file: annotation_prokka/prokka_VFMEEMAD/prokka_VFMEEMAD.ecn
[20:34:32] Deleting unwanted file: annotation_prokka/prokka_VFMEEMAD/prokka_VFMEEMAD.val
[20:34:32] Repairing broken .GBK output that tbl2asn produces...
[20:34:32] Running: sed 's/COORDINATES: profile/COORDINATES:profile/' < annotation_prokka\/prokka_VFMEEMAD\/prokka_VFMEEMAD\.gbf > annotation_prokka\/prokka_VFMEEMAD\/prokka_VFMEEMAD\.gbk
[20:34:32] Deleting unwanted file: annotation_prokka/prokka_VFMEEMAD/prokka_VFMEEMAD.gbf
[20:34:32] Output files:
[20:34:32] annotation_prokka/prokka_VFMEEMAD/prokka_VFMEEMAD.ffn
[20:34:32] annotation_prokka/prokka_VFMEEMAD/prokka_VFMEEMAD.faa
[20:34:32] annotation_prokka/prokka_VFMEEMAD/prokka_VFMEEMAD.txt
[20:34:32] annotation_prokka/prokka_VFMEEMAD/prokka_VFMEEMAD.fsa
[20:34:32] annotation_prokka/prokka_VFMEEMAD/prokka_VFMEEMAD.tbl
[20:34:32] annotation_prokka/prokka_VFMEEMAD/prokka_VFMEEMAD.log
[20:34:32] annotation_prokka/prokka_VFMEEMAD/prokka_VFMEEMAD.sqn
[20:34:32] annotation_prokka/prokka_VFMEEMAD/prokka_VFMEEMAD.gff
[20:34:32] annotation_prokka/prokka_VFMEEMAD/prokka_VFMEEMAD.err
[20:34:32] annotation_prokka/prokka_VFMEEMAD/prokka_VFMEEMAD.fna
[20:34:32] annotation_prokka/prokka_VFMEEMAD/prokka_VFMEEMAD.tsv
[20:34:32] annotation_prokka/prokka_VFMEEMAD/prokka_VFMEEMAD.gbk
[20:34:32] Annotation finished successfully.
[20:34:32] Walltime used: 0.03 minutes
[20:34:32] If you use this result please cite the Prokka paper:
[20:34:32] Seemann T (2014) Prokka: rapid prokaryotic genome annotation. Bioinformatics. 30(14):2068-9.
[20:34:32] Type 'prokka --citation' for more details.
[20:34:32] Thank you, come again.
