Discrepancy Report Results

Summary
DISC_SOURCE_QUALS_ASNDISC:strain (all present, all unique)
DISC_SOURCE_QUALS_ASNDISC:taxname (all present, all unique)
DISC_FEATURE_COUNT:gene: 161 present
DISC_FEATURE_COUNT:CDS: 134 present
DISC_FEATURE_COUNT:tRNA: 25 present
DISC_FEATURE_COUNT:rRNA: 2 present
DISC_COUNT_NUCLEOTIDES:1 nucleotide Bioseqs are present
OVERLAPPING_GENES:113 genes overlap another gene on the same strand.
FATAL: RNA_CDS_OVERLAP:15 coding regions overlap RNA features
SUSPECT_PRODUCT_NAMES:1 product_names contain suspect phrase or characters
	May contain database identifier more appropriate in note; remove from product name
		1 features Contains underscore
DISC_QUALITY_SCORES:Quality scores are missing on all sequences.
ONCALLER_COMMENT_PRESENT:1 comment descriptors were found (all same)
SHORT_PROT_SEQUENCES:6 protein sequences are shorter than 50 aa.
MISSING_GENOMEASSEMBLY_COMMENTS:1 bioseqs are missing GenomeAssembly structured comments
FIND_OVERLAPPED_GENES:4 genes completely overlapped by other genes
MOLTYPE_NOT_MRNA:1 molecule types are not set as mRNA.
TECHNIQUE_NOT_TSA:1 technique are not set as TSA
MISSING_STRUCTURED_COMMENT:1 sequences do not include structured comments.
MISSING_PROJECT:135 sequences do not include project.
DISC_INCONSISTENT_MOLINFO_TECH:Molinfo Technique Report (some missing, all same)


Detailed Report

DiscRep_ALL:DISC_SOURCE_QUALS_ASNDISC::strain (all present, all unique)
DiscRep_SUB:DISC_SOURCE_QUALS_ASNDISC::1 sources have unique values for strain
DiscRep_ALL:DISC_SOURCE_QUALS_ASNDISC::taxname (all present, all unique)
DiscRep_SUB:DISC_SOURCE_QUALS_ASNDISC::1 sources have unique values for taxname
DiscRep_ALL:DISC_FEATURE_COUNT::gene: 161 present
DiscRep_ALL:DISC_FEATURE_COUNT::CDS: 134 present
DiscRep_ALL:DISC_FEATURE_COUNT::tRNA: 25 present
DiscRep_ALL:DISC_FEATURE_COUNT::rRNA: 2 present
DiscRep_ALL:DISC_COUNT_NUCLEOTIDES::1 nucleotide Bioseqs are present
prokka_VFAKOQUE_pseudofinder/VFAKOQUE:Prokka:VFAKOQUE_1 (length 117375)

DiscRep_ALL:OVERLAPPING_GENES::113 genes overlap another gene on the same strand.
prokka_VFAKOQUE_pseudofinder/VFAKOQUE:Gene	tufA	VFAKOQUE_1:1-1209	VFAKOQUE_00001
prokka_VFAKOQUE_pseudofinder/VFAKOQUE:Gene	VFAKOQUE_00002	VFAKOQUE_1:1195-1265	VFAKOQUE_00002
prokka_VFAKOQUE_pseudofinder/VFAKOQUE:Gene	rplK	VFAKOQUE_1:1239-1688	VFAKOQUE_00003
prokka_VFAKOQUE_pseudofinder/VFAKOQUE:Gene	VFAKOQUE_00004	VFAKOQUE_1:1690-2277	VFAKOQUE_00004
prokka_VFAKOQUE_pseudofinder/VFAKOQUE:Gene	VFAKOQUE_00005	VFAKOQUE_1:2274-2714	VFAKOQUE_00005
prokka_VFAKOQUE_pseudofinder/VFAKOQUE:Gene	rplL	VFAKOQUE_1:2798-3157	VFAKOQUE_00006
prokka_VFAKOQUE_pseudofinder/VFAKOQUE:Gene	rpoB	VFAKOQUE_1:3157-6993	VFAKOQUE_00007
prokka_VFAKOQUE_pseudofinder/VFAKOQUE:Gene	rpoC	VFAKOQUE_1:6990-10925	VFAKOQUE_00008
prokka_VFAKOQUE_pseudofinder/VFAKOQUE:Gene	rpsL	VFAKOQUE_1:10913-11308	VFAKOQUE_00009
prokka_VFAKOQUE_pseudofinder/VFAKOQUE:Gene	rpsG	VFAKOQUE_1:11289-11762	VFAKOQUE_00010
prokka_VFAKOQUE_pseudofinder/VFAKOQUE:Gene	rpsJ	VFAKOQUE_1:13876-14178	VFAKOQUE_00012
prokka_VFAKOQUE_pseudofinder/VFAKOQUE:Gene	def	VFAKOQUE_1:14172-14597	VFAKOQUE_00013
prokka_VFAKOQUE_pseudofinder/VFAKOQUE:Gene	dapF	VFAKOQUE_1:c18093-17272	VFAKOQUE_00019
prokka_VFAKOQUE_pseudofinder/VFAKOQUE:Gene	rpiA	VFAKOQUE_1:c18748-18086	VFAKOQUE_00020
prokka_VFAKOQUE_pseudofinder/VFAKOQUE:Gene	infB	VFAKOQUE_1:c20129-18741	VFAKOQUE_00021
prokka_VFAKOQUE_pseudofinder/VFAKOQUE:Gene	prs	VFAKOQUE_1:20281-21177	VFAKOQUE_00023
prokka_VFAKOQUE_pseudofinder/VFAKOQUE:Gene	VFAKOQUE_00024	VFAKOQUE_1:21174-21716	VFAKOQUE_00024
prokka_VFAKOQUE_pseudofinder/VFAKOQUE:Gene	lysS	VFAKOQUE_1:c24932-23616	VFAKOQUE_00027
prokka_VFAKOQUE_pseudofinder/VFAKOQUE:Gene	prfA	VFAKOQUE_1:c25632-24913	VFAKOQUE_00028
prokka_VFAKOQUE_pseudofinder/VFAKOQUE:Gene	dapA	VFAKOQUE_1:c26497-25586	VFAKOQUE_00029
prokka_VFAKOQUE_pseudofinder/VFAKOQUE:Gene	tilS	VFAKOQUE_1:26509-27450	VFAKOQUE_00030
prokka_VFAKOQUE_pseudofinder/VFAKOQUE:Gene	lysC	VFAKOQUE_1:27431-28618	VFAKOQUE_00031
prokka_VFAKOQUE_pseudofinder/VFAKOQUE:Gene	VFAKOQUE_00032	VFAKOQUE_1:28617-28699	VFAKOQUE_00032
prokka_VFAKOQUE_pseudofinder/VFAKOQUE:Gene	VFAKOQUE_00035	VFAKOQUE_1:33957-34667	VFAKOQUE_00035
prokka_VFAKOQUE_pseudofinder/VFAKOQUE:Gene	metC	VFAKOQUE_1:34664-35452	VFAKOQUE_00036
prokka_VFAKOQUE_pseudofinder/VFAKOQUE:Gene	gluQ	VFAKOQUE_1:c38814-37429	VFAKOQUE_00039
prokka_VFAKOQUE_pseudofinder/VFAKOQUE:Gene	thrB	VFAKOQUE_1:c39779-38811	VFAKOQUE_00040
prokka_VFAKOQUE_pseudofinder/VFAKOQUE:Gene	dnaG	VFAKOQUE_1:39783-41249	VFAKOQUE_00041
prokka_VFAKOQUE_pseudofinder/VFAKOQUE:Gene	rpoD	VFAKOQUE_1:41242-42636	VFAKOQUE_00042
prokka_VFAKOQUE_pseudofinder/VFAKOQUE:Gene	dnaE	VFAKOQUE_1:42900-45920	VFAKOQUE_00043
prokka_VFAKOQUE_pseudofinder/VFAKOQUE:Gene	VFAKOQUE_00044	VFAKOQUE_1:45917-46081	VFAKOQUE_00044
prokka_VFAKOQUE_pseudofinder/VFAKOQUE:Gene	VFAKOQUE_00045	VFAKOQUE_1:46081-46153	VFAKOQUE_00045
prokka_VFAKOQUE_pseudofinder/VFAKOQUE:Gene	VFAKOQUE_00046	VFAKOQUE_1:46155-46227	VFAKOQUE_00046
prokka_VFAKOQUE_pseudofinder/VFAKOQUE:Gene	VFAKOQUE_00047	VFAKOQUE_1:46203-46358	VFAKOQUE_00047
prokka_VFAKOQUE_pseudofinder/VFAKOQUE:Gene	VFAKOQUE_00048	VFAKOQUE_1:46229-46311	VFAKOQUE_00048
prokka_VFAKOQUE_pseudofinder/VFAKOQUE:Gene	metF	VFAKOQUE_1:46327-47124	VFAKOQUE_00049
prokka_VFAKOQUE_pseudofinder/VFAKOQUE:Gene	asd	VFAKOQUE_1:47114-48181	VFAKOQUE_00050
prokka_VFAKOQUE_pseudofinder/VFAKOQUE:Gene	VFAKOQUE_00051	VFAKOQUE_1:48216-48488	VFAKOQUE_00051
prokka_VFAKOQUE_pseudofinder/VFAKOQUE:Gene	VFAKOQUE_00052	VFAKOQUE_1:48469-48690	VFAKOQUE_00052
prokka_VFAKOQUE_pseudofinder/VFAKOQUE:Gene	carA	VFAKOQUE_1:49914-51005	VFAKOQUE_00057
prokka_VFAKOQUE_pseudofinder/VFAKOQUE:Gene	carB	VFAKOQUE_1:51002-54148	VFAKOQUE_00058
prokka_VFAKOQUE_pseudofinder/VFAKOQUE:Gene	rlmE	VFAKOQUE_1:54145-54711	VFAKOQUE_00059
prokka_VFAKOQUE_pseudofinder/VFAKOQUE:Gene	clpP	VFAKOQUE_1:54701-55270	VFAKOQUE_00060
prokka_VFAKOQUE_pseudofinder/VFAKOQUE:Gene	clpX	VFAKOQUE_1:55270-56451	VFAKOQUE_00061
prokka_VFAKOQUE_pseudofinder/VFAKOQUE:Gene	VFAKOQUE_00063	VFAKOQUE_1:56546-57430	VFAKOQUE_00063
prokka_VFAKOQUE_pseudofinder/VFAKOQUE:Gene	VFAKOQUE_00064	VFAKOQUE_1:57423-58502	VFAKOQUE_00064
prokka_VFAKOQUE_pseudofinder/VFAKOQUE:Gene	hisD	VFAKOQUE_1:59322-60596	VFAKOQUE_00068
prokka_VFAKOQUE_pseudofinder/VFAKOQUE:Gene	hisC2	VFAKOQUE_1:60584-61573	VFAKOQUE_00069
prokka_VFAKOQUE_pseudofinder/VFAKOQUE:Gene	hisB	VFAKOQUE_1:61560-62159	VFAKOQUE_00070
prokka_VFAKOQUE_pseudofinder/VFAKOQUE:Gene	hisH	VFAKOQUE_1:62159-62776	VFAKOQUE_00071
prokka_VFAKOQUE_pseudofinder/VFAKOQUE:Gene	hisA	VFAKOQUE_1:62776-63489	VFAKOQUE_00072
prokka_VFAKOQUE_pseudofinder/VFAKOQUE:Gene	hisF	VFAKOQUE_1:63482-64237	VFAKOQUE_00073
prokka_VFAKOQUE_pseudofinder/VFAKOQUE:Gene	hisI_1	VFAKOQUE_1:64230-64523	VFAKOQUE_00074
prokka_VFAKOQUE_pseudofinder/VFAKOQUE:Gene	hisI_2	VFAKOQUE_1:64516-64806	VFAKOQUE_00075
prokka_VFAKOQUE_pseudofinder/VFAKOQUE:Gene	VFAKOQUE_00078	VFAKOQUE_1:c65852-65780	VFAKOQUE_00078
prokka_VFAKOQUE_pseudofinder/VFAKOQUE:Gene	rplT	VFAKOQUE_1:c66190-65843	VFAKOQUE_00079
prokka_VFAKOQUE_pseudofinder/VFAKOQUE:Gene	VFAKOQUE_00080	VFAKOQUE_1:c66366-66190	VFAKOQUE_00080
prokka_VFAKOQUE_pseudofinder/VFAKOQUE:Gene	infC	VFAKOQUE_1:c66811-66320	VFAKOQUE_00081
prokka_VFAKOQUE_pseudofinder/VFAKOQUE:Gene	VFAKOQUE_00082	VFAKOQUE_1:c66911-66838	VFAKOQUE_00082
prokka_VFAKOQUE_pseudofinder/VFAKOQUE:Gene	aroC	VFAKOQUE_1:c67964-66909	VFAKOQUE_00083
prokka_VFAKOQUE_pseudofinder/VFAKOQUE:Gene	VFAKOQUE_00087	VFAKOQUE_1:68302-68739	VFAKOQUE_00087
prokka_VFAKOQUE_pseudofinder/VFAKOQUE:Gene	VFAKOQUE_00088	VFAKOQUE_1:68320-68393	VFAKOQUE_00088
prokka_VFAKOQUE_pseudofinder/VFAKOQUE:Gene	VFAKOQUE_00089	VFAKOQUE_1:c69253-68717	VFAKOQUE_00089
prokka_VFAKOQUE_pseudofinder/VFAKOQUE:Gene	VFAKOQUE_00090	VFAKOQUE_1:c70152-69253	VFAKOQUE_00090
prokka_VFAKOQUE_pseudofinder/VFAKOQUE:Gene	VFAKOQUE_00094	VFAKOQUE_1:c74629-73442	VFAKOQUE_00094
prokka_VFAKOQUE_pseudofinder/VFAKOQUE:Gene	dnaC	VFAKOQUE_1:c75840-74629	VFAKOQUE_00095
prokka_VFAKOQUE_pseudofinder/VFAKOQUE:Gene	VFAKOQUE_00096	VFAKOQUE_1:c76291-75827	VFAKOQUE_00096
prokka_VFAKOQUE_pseudofinder/VFAKOQUE:Gene	VFAKOQUE_00097	VFAKOQUE_1:76293-76652	VFAKOQUE_00097
prokka_VFAKOQUE_pseudofinder/VFAKOQUE:Gene	VFAKOQUE_00098	VFAKOQUE_1:76649-76870	VFAKOQUE_00098
prokka_VFAKOQUE_pseudofinder/VFAKOQUE:Gene	aroA	VFAKOQUE_1:82172-83476	VFAKOQUE_00105
prokka_VFAKOQUE_pseudofinder/VFAKOQUE:Gene	VFAKOQUE_00106	VFAKOQUE_1:83476-84654	VFAKOQUE_00106
prokka_VFAKOQUE_pseudofinder/VFAKOQUE:Gene	VFAKOQUE_00108	VFAKOQUE_1:85843-85977	VFAKOQUE_00108
prokka_VFAKOQUE_pseudofinder/VFAKOQUE:Gene	rpmH	VFAKOQUE_1:85974-86108	VFAKOQUE_00109
prokka_VFAKOQUE_pseudofinder/VFAKOQUE:Gene	VFAKOQUE_00110	VFAKOQUE_1:86081-86773	VFAKOQUE_00110
prokka_VFAKOQUE_pseudofinder/VFAKOQUE:Gene	dnaK	VFAKOQUE_1:c89711-87891	VFAKOQUE_00112
prokka_VFAKOQUE_pseudofinder/VFAKOQUE:Gene	grpE	VFAKOQUE_1:c90163-89711	VFAKOQUE_00113
prokka_VFAKOQUE_pseudofinder/VFAKOQUE:Gene	VFAKOQUE_00116	VFAKOQUE_1:c94318-92492	VFAKOQUE_00116
prokka_VFAKOQUE_pseudofinder/VFAKOQUE:Gene	dapB	VFAKOQUE_1:c94920-94312	VFAKOQUE_00117
prokka_VFAKOQUE_pseudofinder/VFAKOQUE:Gene	maeB	VFAKOQUE_1:c96139-94910	VFAKOQUE_00118
prokka_VFAKOQUE_pseudofinder/VFAKOQUE:Gene	aroE	VFAKOQUE_1:c96857-96084	VFAKOQUE_00119
prokka_VFAKOQUE_pseudofinder/VFAKOQUE:Gene	rpmA	VFAKOQUE_1:c97538-97293	VFAKOQUE_00121
prokka_VFAKOQUE_pseudofinder/VFAKOQUE:Gene	VFAKOQUE_00122	VFAKOQUE_1:c97839-97507	VFAKOQUE_00122
prokka_VFAKOQUE_pseudofinder/VFAKOQUE:Gene	rsmH	VFAKOQUE_1:c98489-97836	VFAKOQUE_00123
prokka_VFAKOQUE_pseudofinder/VFAKOQUE:Gene	VFAKOQUE_00126	VFAKOQUE_1:c102786-100060	VFAKOQUE_00126
prokka_VFAKOQUE_pseudofinder/VFAKOQUE:Gene	VFAKOQUE_00127	VFAKOQUE_1:c100606-100508	VFAKOQUE_00127
prokka_VFAKOQUE_pseudofinder/VFAKOQUE:Gene	VFAKOQUE_00129	VFAKOQUE_1:c104364-102899	VFAKOQUE_00129
prokka_VFAKOQUE_pseudofinder/VFAKOQUE:Gene	VFAKOQUE_00130	VFAKOQUE_1:c103456-103274	VFAKOQUE_00130
prokka_VFAKOQUE_pseudofinder/VFAKOQUE:Gene	rplC	VFAKOQUE_1:104444-105010	VFAKOQUE_00131
prokka_VFAKOQUE_pseudofinder/VFAKOQUE:Gene	rplD	VFAKOQUE_1:104997-105560	VFAKOQUE_00132
prokka_VFAKOQUE_pseudofinder/VFAKOQUE:Gene	VFAKOQUE_00133	VFAKOQUE_1:105557-105766	VFAKOQUE_00133
prokka_VFAKOQUE_pseudofinder/VFAKOQUE:Gene	rplB	VFAKOQUE_1:105759-106577	VFAKOQUE_00134
prokka_VFAKOQUE_pseudofinder/VFAKOQUE:Gene	rpsS	VFAKOQUE_1:106564-106827	VFAKOQUE_00135
prokka_VFAKOQUE_pseudofinder/VFAKOQUE:Gene	VFAKOQUE_00136	VFAKOQUE_1:106827-107147	VFAKOQUE_00136
prokka_VFAKOQUE_pseudofinder/VFAKOQUE:Gene	rpsC	VFAKOQUE_1:107137-107745	VFAKOQUE_00137
prokka_VFAKOQUE_pseudofinder/VFAKOQUE:Gene	VFAKOQUE_00138	VFAKOQUE_1:107730-108173	VFAKOQUE_00138
prokka_VFAKOQUE_pseudofinder/VFAKOQUE:Gene	VFAKOQUE_00139	VFAKOQUE_1:108175-108327	VFAKOQUE_00139
prokka_VFAKOQUE_pseudofinder/VFAKOQUE:Gene	VFAKOQUE_00140	VFAKOQUE_1:108287-108514	VFAKOQUE_00140
prokka_VFAKOQUE_pseudofinder/VFAKOQUE:Gene	rplN	VFAKOQUE_1:108511-108876	VFAKOQUE_00141
prokka_VFAKOQUE_pseudofinder/VFAKOQUE:Gene	rplE	VFAKOQUE_1:108884-109435	VFAKOQUE_00142
prokka_VFAKOQUE_pseudofinder/VFAKOQUE:Gene	rpsN	VFAKOQUE_1:109386-109736	VFAKOQUE_00143
prokka_VFAKOQUE_pseudofinder/VFAKOQUE:Gene	rpsH	VFAKOQUE_1:109739-110116	VFAKOQUE_00144
prokka_VFAKOQUE_pseudofinder/VFAKOQUE:Gene	rplF	VFAKOQUE_1:110109-110642	VFAKOQUE_00145
prokka_VFAKOQUE_pseudofinder/VFAKOQUE:Gene	rpsE	VFAKOQUE_1:110966-111394	VFAKOQUE_00147
prokka_VFAKOQUE_pseudofinder/VFAKOQUE:Gene	VFAKOQUE_00148	VFAKOQUE_1:111381-111776	VFAKOQUE_00148
prokka_VFAKOQUE_pseudofinder/VFAKOQUE:Gene	infA	VFAKOQUE_1:111776-111991	VFAKOQUE_00149
prokka_VFAKOQUE_pseudofinder/VFAKOQUE:Gene	VFAKOQUE_00150	VFAKOQUE_1:111988-112101	VFAKOQUE_00150
prokka_VFAKOQUE_pseudofinder/VFAKOQUE:Gene	rpsM	VFAKOQUE_1:112098-112454	VFAKOQUE_00151
prokka_VFAKOQUE_pseudofinder/VFAKOQUE:Gene	rpsK	VFAKOQUE_1:112444-112794	VFAKOQUE_00152
prokka_VFAKOQUE_pseudofinder/VFAKOQUE:Gene	VFAKOQUE_00153	VFAKOQUE_1:112794-113357	VFAKOQUE_00153
prokka_VFAKOQUE_pseudofinder/VFAKOQUE:Gene	rpoA	VFAKOQUE_1:113354-114241	VFAKOQUE_00154
prokka_VFAKOQUE_pseudofinder/VFAKOQUE:Gene	VFAKOQUE_00155	VFAKOQUE_1:114231-114524	VFAKOQUE_00155
prokka_VFAKOQUE_pseudofinder/VFAKOQUE:Gene	VFAKOQUE_00160	VFAKOQUE_1:117197-117281	VFAKOQUE_00160
prokka_VFAKOQUE_pseudofinder/VFAKOQUE:Gene	VFAKOQUE_00161	VFAKOQUE_1:117281-117353	VFAKOQUE_00161

FATAL: DiscRep_ALL:RNA_CDS_OVERLAP::15 coding regions overlap RNA features
FATAL: DiscRep_SUB:RNA_CDS_OVERLAP::2 coding regions are completely contained in RNAs
prokka_VFAKOQUE_pseudofinder/VFAKOQUE:CDS	hypothetical protein	VFAKOQUE_1:c100606-100508	VFAKOQUE_00127
prokka_VFAKOQUE_pseudofinder/VFAKOQUE:rRNA	23S ribosomal RNA	VFAKOQUE_1:c102786-100060	VFAKOQUE_00126
prokka_VFAKOQUE_pseudofinder/VFAKOQUE:CDS	hypothetical protein	VFAKOQUE_1:c103456-103274	VFAKOQUE_00130
prokka_VFAKOQUE_pseudofinder/VFAKOQUE:rRNA	16S ribosomal RNA	VFAKOQUE_1:c104364-102899	VFAKOQUE_00129

FATAL: DiscRep_SUB:RNA_CDS_OVERLAP::2 coding regions completely contain tRNAs
prokka_VFAKOQUE_pseudofinder/VFAKOQUE:CDS	hypothetical protein	VFAKOQUE_1:46203-46358	VFAKOQUE_00047
prokka_VFAKOQUE_pseudofinder/VFAKOQUE:tRNA	Ser	VFAKOQUE_1:46229-46311	VFAKOQUE_00048
prokka_VFAKOQUE_pseudofinder/VFAKOQUE:CDS	hypothetical protein	VFAKOQUE_1:68302-68739	VFAKOQUE_00087
prokka_VFAKOQUE_pseudofinder/VFAKOQUE:tRNA	Pro	VFAKOQUE_1:68320-68393	VFAKOQUE_00088

DiscRep_SUB:RNA_CDS_OVERLAP::11 coding regions overlap RNAs (no containment)
DiscRep_SUB:RNA_CDS_OVERLAP::7 coding regions overlap RNAs on the same strand (no containment)
prokka_VFAKOQUE_pseudofinder/VFAKOQUE:CDS	Elongation factor Tu	VFAKOQUE_1:1-1209	VFAKOQUE_00001
prokka_VFAKOQUE_pseudofinder/VFAKOQUE:tRNA	Trp	VFAKOQUE_1:1195-1265	VFAKOQUE_00002
prokka_VFAKOQUE_pseudofinder/VFAKOQUE:CDS	50S ribosomal protein L11	VFAKOQUE_1:1239-1688	VFAKOQUE_00003
prokka_VFAKOQUE_pseudofinder/VFAKOQUE:tRNA	Trp	VFAKOQUE_1:1195-1265	VFAKOQUE_00002
prokka_VFAKOQUE_pseudofinder/VFAKOQUE:CDS	Aspartate kinase Ask_LysC	VFAKOQUE_1:27431-28618	VFAKOQUE_00031
prokka_VFAKOQUE_pseudofinder/VFAKOQUE:tRNA	Ser	VFAKOQUE_1:28617-28699	VFAKOQUE_00032
prokka_VFAKOQUE_pseudofinder/VFAKOQUE:CDS	hypothetical protein	VFAKOQUE_1:45917-46081	VFAKOQUE_00044
prokka_VFAKOQUE_pseudofinder/VFAKOQUE:tRNA	Leu	VFAKOQUE_1:46081-46153	VFAKOQUE_00045
prokka_VFAKOQUE_pseudofinder/VFAKOQUE:CDS	hypothetical protein	VFAKOQUE_1:46203-46358	VFAKOQUE_00047
prokka_VFAKOQUE_pseudofinder/VFAKOQUE:tRNA	Leu	VFAKOQUE_1:46155-46227	VFAKOQUE_00046
prokka_VFAKOQUE_pseudofinder/VFAKOQUE:CDS	50S ribosomal protein L20	VFAKOQUE_1:c66190-65843	VFAKOQUE_00079
prokka_VFAKOQUE_pseudofinder/VFAKOQUE:tRNA	Lys	VFAKOQUE_1:c65852-65780	VFAKOQUE_00078
prokka_VFAKOQUE_pseudofinder/VFAKOQUE:CDS	Chorismate synthase	VFAKOQUE_1:c67964-66909	VFAKOQUE_00083
prokka_VFAKOQUE_pseudofinder/VFAKOQUE:tRNA	Val	VFAKOQUE_1:c66911-66838	VFAKOQUE_00082

DiscRep_SUB:RNA_CDS_OVERLAP::4 coding regions overlap RNAs on the opposite strand (no containment)
prokka_VFAKOQUE_pseudofinder/VFAKOQUE:CDS	Isoleucine--tRNA ligase	VFAKOQUE_1:c31130-28698	VFAKOQUE_00033
prokka_VFAKOQUE_pseudofinder/VFAKOQUE:tRNA	Ser	VFAKOQUE_1:28617-28699	VFAKOQUE_00032
prokka_VFAKOQUE_pseudofinder/VFAKOQUE:CDS	hypothetical protein	VFAKOQUE_1:49019-49201	VFAKOQUE_00054
prokka_VFAKOQUE_pseudofinder/VFAKOQUE:tRNA	Cys	VFAKOQUE_1:c49266-49196	VFAKOQUE_00055
prokka_VFAKOQUE_pseudofinder/VFAKOQUE:CDS	Ornithine carbamoyltransferase, anabolic	VFAKOQUE_1:64912-65793	VFAKOQUE_00077
prokka_VFAKOQUE_pseudofinder/VFAKOQUE:tRNA	Lys	VFAKOQUE_1:c65852-65780	VFAKOQUE_00078
prokka_VFAKOQUE_pseudofinder/VFAKOQUE:CDS	hypothetical protein	VFAKOQUE_1:68071-68175	VFAKOQUE_00085
prokka_VFAKOQUE_pseudofinder/VFAKOQUE:tRNA	Arg	VFAKOQUE_1:c68071-67999	VFAKOQUE_00084

DiscRep_ALL:SUSPECT_PRODUCT_NAMES::1 product_names contain suspect phrase or characters
DiscRep_SUB:SUSPECT_PRODUCT_NAMES::May contain database identifier more appropriate in note; remove from product name
DiscRep_SUB:SUSPECT_PRODUCT_NAMES::1 features Contains underscore
prokka_VFAKOQUE_pseudofinder/VFAKOQUE:CDS	Aspartate kinase Ask_LysC	VFAKOQUE_1:27431-28618	VFAKOQUE_00031

DiscRep_ALL:DISC_QUALITY_SCORES::Quality scores are missing on all sequences.

DiscRep_ALL:ONCALLER_COMMENT_PRESENT::1 comment descriptors were found (all same)
prokka_VFAKOQUE_pseudofinder/VFAKOQUE:Prokka:VFAKOQUE_1:Annotated using prokka 1.14.6 from https://github.com/tseemann/prokka

DiscRep_ALL:SHORT_PROT_SEQUENCES::6 protein sequences are shorter than 50 aa.
prokka_VFAKOQUE_pseudofinder/VFAKOQUE:Prokka:VFAKOQUE_00037 (length 32)
prokka_VFAKOQUE_pseudofinder/VFAKOQUE:Prokka:VFAKOQUE_00085 (length 34)
prokka_VFAKOQUE_pseudofinder/VFAKOQUE:Prokka:VFAKOQUE_00108 (length 44)
prokka_VFAKOQUE_pseudofinder/VFAKOQUE:Prokka:VFAKOQUE_00109 (length 44)
prokka_VFAKOQUE_pseudofinder/VFAKOQUE:Prokka:VFAKOQUE_00127 (length 32)
prokka_VFAKOQUE_pseudofinder/VFAKOQUE:Prokka:VFAKOQUE_00150 (length 37)

DiscRep_ALL:MISSING_GENOMEASSEMBLY_COMMENTS::1 bioseqs are missing GenomeAssembly structured comments
prokka_VFAKOQUE_pseudofinder/VFAKOQUE:Prokka:VFAKOQUE_1 (length 117375)

DiscRep_ALL:FIND_OVERLAPPED_GENES::4 genes completely overlapped by other genes
prokka_VFAKOQUE_pseudofinder/VFAKOQUE:Gene	VFAKOQUE_00048	VFAKOQUE_1:46229-46311	VFAKOQUE_00048
prokka_VFAKOQUE_pseudofinder/VFAKOQUE:Gene	VFAKOQUE_00088	VFAKOQUE_1:68320-68393	VFAKOQUE_00088
prokka_VFAKOQUE_pseudofinder/VFAKOQUE:Gene	VFAKOQUE_00127	VFAKOQUE_1:c100606-100508	VFAKOQUE_00127
prokka_VFAKOQUE_pseudofinder/VFAKOQUE:Gene	VFAKOQUE_00130	VFAKOQUE_1:c103456-103274	VFAKOQUE_00130

DiscRep_ALL:MOLTYPE_NOT_MRNA::1 molecule types are not set as mRNA.
prokka_VFAKOQUE_pseudofinder/VFAKOQUE:Prokka:VFAKOQUE_1 (length 117375)

DiscRep_ALL:TECHNIQUE_NOT_TSA::1 technique are not set as TSA
prokka_VFAKOQUE_pseudofinder/VFAKOQUE:Prokka:VFAKOQUE_1 (length 117375)

DiscRep_ALL:MISSING_STRUCTURED_COMMENT::1 sequences do not include structured comments.
prokka_VFAKOQUE_pseudofinder/VFAKOQUE:Prokka:VFAKOQUE_1 (length 117375)

DiscRep_ALL:MISSING_PROJECT::135 sequences do not include project.
prokka_VFAKOQUE_pseudofinder/VFAKOQUE:Prokka:VFAKOQUE_1 (length 117375)
prokka_VFAKOQUE_pseudofinder/VFAKOQUE:Prokka:VFAKOQUE_00001 (length 402)
prokka_VFAKOQUE_pseudofinder/VFAKOQUE:Prokka:VFAKOQUE_00003 (length 149)
prokka_VFAKOQUE_pseudofinder/VFAKOQUE:Prokka:VFAKOQUE_00004 (length 195)
prokka_VFAKOQUE_pseudofinder/VFAKOQUE:Prokka:VFAKOQUE_00005 (length 146)
prokka_VFAKOQUE_pseudofinder/VFAKOQUE:Prokka:VFAKOQUE_00006 (length 119)
prokka_VFAKOQUE_pseudofinder/VFAKOQUE:Prokka:VFAKOQUE_00007 (length 1278)
prokka_VFAKOQUE_pseudofinder/VFAKOQUE:Prokka:VFAKOQUE_00008 (length 1311)
prokka_VFAKOQUE_pseudofinder/VFAKOQUE:Prokka:VFAKOQUE_00009 (length 131)
prokka_VFAKOQUE_pseudofinder/VFAKOQUE:Prokka:VFAKOQUE_00010 (length 157)
prokka_VFAKOQUE_pseudofinder/VFAKOQUE:Prokka:VFAKOQUE_00011 (length 692)
prokka_VFAKOQUE_pseudofinder/VFAKOQUE:Prokka:VFAKOQUE_00012 (length 100)
prokka_VFAKOQUE_pseudofinder/VFAKOQUE:Prokka:VFAKOQUE_00013 (length 141)
prokka_VFAKOQUE_pseudofinder/VFAKOQUE:Prokka:VFAKOQUE_00015 (length 147)
prokka_VFAKOQUE_pseudofinder/VFAKOQUE:Prokka:VFAKOQUE_00016 (length 374)
prokka_VFAKOQUE_pseudofinder/VFAKOQUE:Prokka:VFAKOQUE_00017 (length 125)
prokka_VFAKOQUE_pseudofinder/VFAKOQUE:Prokka:VFAKOQUE_00018 (length 129)
prokka_VFAKOQUE_pseudofinder/VFAKOQUE:Prokka:VFAKOQUE_00019 (length 273)
prokka_VFAKOQUE_pseudofinder/VFAKOQUE:Prokka:VFAKOQUE_00020 (length 220)
prokka_VFAKOQUE_pseudofinder/VFAKOQUE:Prokka:VFAKOQUE_00021 (length 462)
prokka_VFAKOQUE_pseudofinder/VFAKOQUE:Prokka:VFAKOQUE_00023 (length 298)
prokka_VFAKOQUE_pseudofinder/VFAKOQUE:Prokka:VFAKOQUE_00024 (length 180)
prokka_VFAKOQUE_pseudofinder/VFAKOQUE:Prokka:VFAKOQUE_00025 (length 187)
prokka_VFAKOQUE_pseudofinder/VFAKOQUE:Prokka:VFAKOQUE_00026 (length 357)
prokka_VFAKOQUE_pseudofinder/VFAKOQUE:Prokka:VFAKOQUE_00027 (length 438)
prokka_VFAKOQUE_pseudofinder/VFAKOQUE:Prokka:VFAKOQUE_00028 (length 239)
prokka_VFAKOQUE_pseudofinder/VFAKOQUE:Prokka:VFAKOQUE_00029 (length 303)
prokka_VFAKOQUE_pseudofinder/VFAKOQUE:Prokka:VFAKOQUE_00030 (length 313)
prokka_VFAKOQUE_pseudofinder/VFAKOQUE:Prokka:VFAKOQUE_00031 (length 395)
prokka_VFAKOQUE_pseudofinder/VFAKOQUE:Prokka:VFAKOQUE_00033 (length 810)
prokka_VFAKOQUE_pseudofinder/VFAKOQUE:Prokka:VFAKOQUE_00034 (length 829)
prokka_VFAKOQUE_pseudofinder/VFAKOQUE:Prokka:VFAKOQUE_00035 (length 236)
prokka_VFAKOQUE_pseudofinder/VFAKOQUE:Prokka:VFAKOQUE_00036 (length 262)
prokka_VFAKOQUE_pseudofinder/VFAKOQUE:Prokka:VFAKOQUE_00037 (length 32)
prokka_VFAKOQUE_pseudofinder/VFAKOQUE:Prokka:VFAKOQUE_00038 (length 453)
prokka_VFAKOQUE_pseudofinder/VFAKOQUE:Prokka:VFAKOQUE_00039 (length 461)
prokka_VFAKOQUE_pseudofinder/VFAKOQUE:Prokka:VFAKOQUE_00040 (length 322)
prokka_VFAKOQUE_pseudofinder/VFAKOQUE:Prokka:VFAKOQUE_00041 (length 488)
prokka_VFAKOQUE_pseudofinder/VFAKOQUE:Prokka:VFAKOQUE_00042 (length 464)
prokka_VFAKOQUE_pseudofinder/VFAKOQUE:Prokka:VFAKOQUE_00043 (length 1006)
prokka_VFAKOQUE_pseudofinder/VFAKOQUE:Prokka:VFAKOQUE_00044 (length 54)
prokka_VFAKOQUE_pseudofinder/VFAKOQUE:Prokka:VFAKOQUE_00047 (length 51)
prokka_VFAKOQUE_pseudofinder/VFAKOQUE:Prokka:VFAKOQUE_00049 (length 265)
prokka_VFAKOQUE_pseudofinder/VFAKOQUE:Prokka:VFAKOQUE_00050 (length 355)
prokka_VFAKOQUE_pseudofinder/VFAKOQUE:Prokka:VFAKOQUE_00051 (length 90)
prokka_VFAKOQUE_pseudofinder/VFAKOQUE:Prokka:VFAKOQUE_00052 (length 73)
prokka_VFAKOQUE_pseudofinder/VFAKOQUE:Prokka:VFAKOQUE_00054 (length 60)
prokka_VFAKOQUE_pseudofinder/VFAKOQUE:Prokka:VFAKOQUE_00056 (length 193)
prokka_VFAKOQUE_pseudofinder/VFAKOQUE:Prokka:VFAKOQUE_00057 (length 363)
prokka_VFAKOQUE_pseudofinder/VFAKOQUE:Prokka:VFAKOQUE_00058 (length 1048)
prokka_VFAKOQUE_pseudofinder/VFAKOQUE:Prokka:VFAKOQUE_00059 (length 188)
prokka_VFAKOQUE_pseudofinder/VFAKOQUE:Prokka:VFAKOQUE_00060 (length 189)
prokka_VFAKOQUE_pseudofinder/VFAKOQUE:Prokka:VFAKOQUE_00061 (length 393)
prokka_VFAKOQUE_pseudofinder/VFAKOQUE:Prokka:VFAKOQUE_00063 (length 294)
prokka_VFAKOQUE_pseudofinder/VFAKOQUE:Prokka:VFAKOQUE_00064 (length 359)
prokka_VFAKOQUE_pseudofinder/VFAKOQUE:Prokka:VFAKOQUE_00067 (length 210)
prokka_VFAKOQUE_pseudofinder/VFAKOQUE:Prokka:VFAKOQUE_00068 (length 424)
prokka_VFAKOQUE_pseudofinder/VFAKOQUE:Prokka:VFAKOQUE_00069 (length 329)
prokka_VFAKOQUE_pseudofinder/VFAKOQUE:Prokka:VFAKOQUE_00070 (length 199)
prokka_VFAKOQUE_pseudofinder/VFAKOQUE:Prokka:VFAKOQUE_00071 (length 205)
prokka_VFAKOQUE_pseudofinder/VFAKOQUE:Prokka:VFAKOQUE_00072 (length 237)
prokka_VFAKOQUE_pseudofinder/VFAKOQUE:Prokka:VFAKOQUE_00073 (length 251)
prokka_VFAKOQUE_pseudofinder/VFAKOQUE:Prokka:VFAKOQUE_00074 (length 97)
prokka_VFAKOQUE_pseudofinder/VFAKOQUE:Prokka:VFAKOQUE_00075 (length 96)
prokka_VFAKOQUE_pseudofinder/VFAKOQUE:Prokka:VFAKOQUE_00077 (length 293)
prokka_VFAKOQUE_pseudofinder/VFAKOQUE:Prokka:VFAKOQUE_00079 (length 115)
prokka_VFAKOQUE_pseudofinder/VFAKOQUE:Prokka:VFAKOQUE_00080 (length 58)
prokka_VFAKOQUE_pseudofinder/VFAKOQUE:Prokka:VFAKOQUE_00081 (length 163)
prokka_VFAKOQUE_pseudofinder/VFAKOQUE:Prokka:VFAKOQUE_00083 (length 351)
prokka_VFAKOQUE_pseudofinder/VFAKOQUE:Prokka:VFAKOQUE_00085 (length 34)
prokka_VFAKOQUE_pseudofinder/VFAKOQUE:Prokka:VFAKOQUE_00087 (length 145)
prokka_VFAKOQUE_pseudofinder/VFAKOQUE:Prokka:VFAKOQUE_00089 (length 178)
prokka_VFAKOQUE_pseudofinder/VFAKOQUE:Prokka:VFAKOQUE_00090 (length 299)
prokka_VFAKOQUE_pseudofinder/VFAKOQUE:Prokka:VFAKOQUE_00091 (length 262)
prokka_VFAKOQUE_pseudofinder/VFAKOQUE:Prokka:VFAKOQUE_00092 (length 367)
prokka_VFAKOQUE_pseudofinder/VFAKOQUE:Prokka:VFAKOQUE_00093 (length 449)
prokka_VFAKOQUE_pseudofinder/VFAKOQUE:Prokka:VFAKOQUE_00094 (length 395)
prokka_VFAKOQUE_pseudofinder/VFAKOQUE:Prokka:VFAKOQUE_00095 (length 403)
prokka_VFAKOQUE_pseudofinder/VFAKOQUE:Prokka:VFAKOQUE_00096 (length 154)
prokka_VFAKOQUE_pseudofinder/VFAKOQUE:Prokka:VFAKOQUE_00097 (length 119)
prokka_VFAKOQUE_pseudofinder/VFAKOQUE:Prokka:VFAKOQUE_00098 (length 73)
prokka_VFAKOQUE_pseudofinder/VFAKOQUE:Prokka:VFAKOQUE_00101 (length 433)
prokka_VFAKOQUE_pseudofinder/VFAKOQUE:Prokka:VFAKOQUE_00102 (length 593)
prokka_VFAKOQUE_pseudofinder/VFAKOQUE:Prokka:VFAKOQUE_00103 (length 95)
prokka_VFAKOQUE_pseudofinder/VFAKOQUE:Prokka:VFAKOQUE_00104 (length 541)
prokka_VFAKOQUE_pseudofinder/VFAKOQUE:Prokka:VFAKOQUE_00105 (length 434)
prokka_VFAKOQUE_pseudofinder/VFAKOQUE:Prokka:VFAKOQUE_00106 (length 392)
prokka_VFAKOQUE_pseudofinder/VFAKOQUE:Prokka:VFAKOQUE_00107 (length 317)
prokka_VFAKOQUE_pseudofinder/VFAKOQUE:Prokka:VFAKOQUE_00108 (length 44)
prokka_VFAKOQUE_pseudofinder/VFAKOQUE:Prokka:VFAKOQUE_00109 (length 44)
prokka_VFAKOQUE_pseudofinder/VFAKOQUE:Prokka:VFAKOQUE_00110 (length 230)
prokka_VFAKOQUE_pseudofinder/VFAKOQUE:Prokka:VFAKOQUE_00111 (length 357)
prokka_VFAKOQUE_pseudofinder/VFAKOQUE:Prokka:VFAKOQUE_00112 (length 606)
prokka_VFAKOQUE_pseudofinder/VFAKOQUE:Prokka:VFAKOQUE_00113 (length 150)
prokka_VFAKOQUE_pseudofinder/VFAKOQUE:Prokka:VFAKOQUE_00114 (length 334)
prokka_VFAKOQUE_pseudofinder/VFAKOQUE:Prokka:VFAKOQUE_00115 (length 317)
prokka_VFAKOQUE_pseudofinder/VFAKOQUE:Prokka:VFAKOQUE_00116 (length 608)
prokka_VFAKOQUE_pseudofinder/VFAKOQUE:Prokka:VFAKOQUE_00117 (length 202)
prokka_VFAKOQUE_pseudofinder/VFAKOQUE:Prokka:VFAKOQUE_00118 (length 409)
prokka_VFAKOQUE_pseudofinder/VFAKOQUE:Prokka:VFAKOQUE_00119 (length 257)
prokka_VFAKOQUE_pseudofinder/VFAKOQUE:Prokka:VFAKOQUE_00120 (length 142)
prokka_VFAKOQUE_pseudofinder/VFAKOQUE:Prokka:VFAKOQUE_00121 (length 81)
prokka_VFAKOQUE_pseudofinder/VFAKOQUE:Prokka:VFAKOQUE_00122 (length 110)
prokka_VFAKOQUE_pseudofinder/VFAKOQUE:Prokka:VFAKOQUE_00123 (length 217)
prokka_VFAKOQUE_pseudofinder/VFAKOQUE:Prokka:VFAKOQUE_00125 (length 424)
prokka_VFAKOQUE_pseudofinder/VFAKOQUE:Prokka:VFAKOQUE_00127 (length 32)
prokka_VFAKOQUE_pseudofinder/VFAKOQUE:Prokka:VFAKOQUE_00130 (length 60)
prokka_VFAKOQUE_pseudofinder/VFAKOQUE:Prokka:VFAKOQUE_00131 (length 188)
prokka_VFAKOQUE_pseudofinder/VFAKOQUE:Prokka:VFAKOQUE_00132 (length 187)
prokka_VFAKOQUE_pseudofinder/VFAKOQUE:Prokka:VFAKOQUE_00133 (length 69)
prokka_VFAKOQUE_pseudofinder/VFAKOQUE:Prokka:VFAKOQUE_00134 (length 272)
prokka_VFAKOQUE_pseudofinder/VFAKOQUE:Prokka:VFAKOQUE_00135 (length 87)
prokka_VFAKOQUE_pseudofinder/VFAKOQUE:Prokka:VFAKOQUE_00136 (length 106)
prokka_VFAKOQUE_pseudofinder/VFAKOQUE:Prokka:VFAKOQUE_00137 (length 202)
prokka_VFAKOQUE_pseudofinder/VFAKOQUE:Prokka:VFAKOQUE_00138 (length 147)
prokka_VFAKOQUE_pseudofinder/VFAKOQUE:Prokka:VFAKOQUE_00139 (length 50)
prokka_VFAKOQUE_pseudofinder/VFAKOQUE:Prokka:VFAKOQUE_00140 (length 75)
prokka_VFAKOQUE_pseudofinder/VFAKOQUE:Prokka:VFAKOQUE_00141 (length 121)
prokka_VFAKOQUE_pseudofinder/VFAKOQUE:Prokka:VFAKOQUE_00142 (length 183)
prokka_VFAKOQUE_pseudofinder/VFAKOQUE:Prokka:VFAKOQUE_00143 (length 116)
prokka_VFAKOQUE_pseudofinder/VFAKOQUE:Prokka:VFAKOQUE_00144 (length 125)
prokka_VFAKOQUE_pseudofinder/VFAKOQUE:Prokka:VFAKOQUE_00145 (length 177)
prokka_VFAKOQUE_pseudofinder/VFAKOQUE:Prokka:VFAKOQUE_00146 (length 98)
prokka_VFAKOQUE_pseudofinder/VFAKOQUE:Prokka:VFAKOQUE_00147 (length 142)
prokka_VFAKOQUE_pseudofinder/VFAKOQUE:Prokka:VFAKOQUE_00148 (length 131)
prokka_VFAKOQUE_pseudofinder/VFAKOQUE:Prokka:VFAKOQUE_00149 (length 71)
prokka_VFAKOQUE_pseudofinder/VFAKOQUE:Prokka:VFAKOQUE_00150 (length 37)
prokka_VFAKOQUE_pseudofinder/VFAKOQUE:Prokka:VFAKOQUE_00151 (length 118)
prokka_VFAKOQUE_pseudofinder/VFAKOQUE:Prokka:VFAKOQUE_00152 (length 116)
prokka_VFAKOQUE_pseudofinder/VFAKOQUE:Prokka:VFAKOQUE_00153 (length 187)
prokka_VFAKOQUE_pseudofinder/VFAKOQUE:Prokka:VFAKOQUE_00154 (length 295)
prokka_VFAKOQUE_pseudofinder/VFAKOQUE:Prokka:VFAKOQUE_00155 (length 97)
prokka_VFAKOQUE_pseudofinder/VFAKOQUE:Prokka:VFAKOQUE_00156 (length 379)
prokka_VFAKOQUE_pseudofinder/VFAKOQUE:Prokka:VFAKOQUE_00157 (length 139)
prokka_VFAKOQUE_pseudofinder/VFAKOQUE:Prokka:VFAKOQUE_00158 (length 343)

DiscRep_ALL:DISC_INCONSISTENT_MOLINFO_TECH::Molinfo Technique Report (some missing, all same)
DiscRep_SUB:DISC_INCONSISTENT_MOLINFO_TECH::technique (all missing)
DiscRep_SUB:DISC_INCONSISTENT_MOLINFO_TECH::1 Molinfos are missing field technique
prokka_VFAKOQUE_pseudofinder/VFAKOQUE:Prokka:VFAKOQUE_1 (length 117375)

