Discrepancy Report Results

Summary
DISC_SOURCE_QUALS_ASNDISC:strain (all present, all unique)
DISC_SOURCE_QUALS_ASNDISC:taxname (all present, all unique)
DISC_FEATURE_COUNT:gene: 147 present
DISC_FEATURE_COUNT:CDS: 123 present
DISC_FEATURE_COUNT:tRNA: 22 present
DISC_FEATURE_COUNT:rRNA: 2 present
DISC_COUNT_NUCLEOTIDES:1 nucleotide Bioseqs are present
OVERLAPPING_GENES:110 genes overlap another gene on the same strand.
RNA_CDS_OVERLAP:14 coding regions overlap RNA features
DISC_QUALITY_SCORES:Quality scores are missing on all sequences.
ONCALLER_COMMENT_PRESENT:1 comment descriptors were found (all same)
SHORT_PROT_SEQUENCES:4 protein sequences are shorter than 50 aa.
MISSING_GENOMEASSEMBLY_COMMENTS:1 bioseqs are missing GenomeAssembly structured comments
FIND_OVERLAPPED_GENES:1 genes completely overlapped by other genes
MOLTYPE_NOT_MRNA:1 molecule types are not set as mRNA.
TECHNIQUE_NOT_TSA:1 technique are not set as TSA
MISSING_STRUCTURED_COMMENT:1 sequences do not include structured comments.
MISSING_PROJECT:124 sequences do not include project.
DISC_INCONSISTENT_MOLINFO_TECH:Molinfo Technique Report (some missing, all same)


Detailed Report

DiscRep_ALL:DISC_SOURCE_QUALS_ASNDISC::strain (all present, all unique)
DiscRep_SUB:DISC_SOURCE_QUALS_ASNDISC::1 sources have unique values for strain
DiscRep_ALL:DISC_SOURCE_QUALS_ASNDISC::taxname (all present, all unique)
DiscRep_SUB:DISC_SOURCE_QUALS_ASNDISC::1 sources have unique values for taxname
DiscRep_ALL:DISC_FEATURE_COUNT::gene: 147 present
DiscRep_ALL:DISC_FEATURE_COUNT::CDS: 123 present
DiscRep_ALL:DISC_FEATURE_COUNT::tRNA: 22 present
DiscRep_ALL:DISC_FEATURE_COUNT::rRNA: 2 present
DiscRep_ALL:DISC_COUNT_NUCLEOTIDES::1 nucleotide Bioseqs are present
prokka_VFTETSUL_pseudofinder/VFTETSUL:Prokka:VFTETSUL_1 (length 102863)

DiscRep_ALL:OVERLAPPING_GENES::110 genes overlap another gene on the same strand.
prokka_VFTETSUL_pseudofinder/VFTETSUL:Gene	tufA	VFTETSUL_1:1-1188	VFTETSUL_00001
prokka_VFTETSUL_pseudofinder/VFTETSUL:Gene	VFTETSUL_00002	VFTETSUL_1:1178-1251	VFTETSUL_00002
prokka_VFTETSUL_pseudofinder/VFTETSUL:Gene	rplK	VFTETSUL_1:1258-1644	VFTETSUL_00003
prokka_VFTETSUL_pseudofinder/VFTETSUL:Gene	VFTETSUL_00004	VFTETSUL_1:1634-2278	VFTETSUL_00004
prokka_VFTETSUL_pseudofinder/VFTETSUL:Gene	VFTETSUL_00005	VFTETSUL_1:2271-2717	VFTETSUL_00005
prokka_VFTETSUL_pseudofinder/VFTETSUL:Gene	rplL	VFTETSUL_1:2695-3054	VFTETSUL_00006
prokka_VFTETSUL_pseudofinder/VFTETSUL:Gene	rpoB	VFTETSUL_1:3033-7196	VFTETSUL_00007
prokka_VFTETSUL_pseudofinder/VFTETSUL:Gene	rpoC	VFTETSUL_1:7172-11098	VFTETSUL_00008
prokka_VFTETSUL_pseudofinder/VFTETSUL:Gene	rpsL	VFTETSUL_1:11095-11490	VFTETSUL_00009
prokka_VFTETSUL_pseudofinder/VFTETSUL:Gene	rpsG	VFTETSUL_1:11459-11932	VFTETSUL_00010
prokka_VFTETSUL_pseudofinder/VFTETSUL:Gene	fusA	VFTETSUL_1:11932-13986	VFTETSUL_00011
prokka_VFTETSUL_pseudofinder/VFTETSUL:Gene	rpsJ	VFTETSUL_1:13974-14270	VFTETSUL_00012
prokka_VFTETSUL_pseudofinder/VFTETSUL:Gene	def	VFTETSUL_1:14267-14692	VFTETSUL_00013
prokka_VFTETSUL_pseudofinder/VFTETSUL:Gene	VFTETSUL_00014	VFTETSUL_1:14686-14758	VFTETSUL_00014
prokka_VFTETSUL_pseudofinder/VFTETSUL:Gene	rsmA	VFTETSUL_1:c15790-15095	VFTETSUL_00016
prokka_VFTETSUL_pseudofinder/VFTETSUL:Gene	VFTETSUL_00017	VFTETSUL_1:c16890-15787	VFTETSUL_00017
prokka_VFTETSUL_pseudofinder/VFTETSUL:Gene	rpsI	VFTETSUL_1:c17270-16887	VFTETSUL_00018
prokka_VFTETSUL_pseudofinder/VFTETSUL:Gene	VFTETSUL_00019	VFTETSUL_1:c17611-17276	VFTETSUL_00019
prokka_VFTETSUL_pseudofinder/VFTETSUL:Gene	dapF	VFTETSUL_1:c18401-17598	VFTETSUL_00020
prokka_VFTETSUL_pseudofinder/VFTETSUL:Gene	rpiA	VFTETSUL_1:c19043-18402	VFTETSUL_00021
prokka_VFTETSUL_pseudofinder/VFTETSUL:Gene	infB	VFTETSUL_1:c20667-19033	VFTETSUL_00022
prokka_VFTETSUL_pseudofinder/VFTETSUL:Gene	VFTETSUL_00023	VFTETSUL_1:20697-20770	VFTETSUL_00023
prokka_VFTETSUL_pseudofinder/VFTETSUL:Gene	prs	VFTETSUL_1:20712-21647	VFTETSUL_00024
prokka_VFTETSUL_pseudofinder/VFTETSUL:Gene	prfB	VFTETSUL_1:c25925-25227	VFTETSUL_00029
prokka_VFTETSUL_pseudofinder/VFTETSUL:Gene	dapA	VFTETSUL_1:c26811-25903	VFTETSUL_00030
prokka_VFTETSUL_pseudofinder/VFTETSUL:Gene	tilS	VFTETSUL_1:26812-28914	VFTETSUL_00031
prokka_VFTETSUL_pseudofinder/VFTETSUL:Gene	VFTETSUL_00032	VFTETSUL_1:28913-28996	VFTETSUL_00032
prokka_VFTETSUL_pseudofinder/VFTETSUL:Gene	VFTETSUL_00034	VFTETSUL_1:c29370-29230	VFTETSUL_00034
prokka_VFTETSUL_pseudofinder/VFTETSUL:Gene	VFTETSUL_00035	VFTETSUL_1:c29546-29352	VFTETSUL_00035
prokka_VFTETSUL_pseudofinder/VFTETSUL:Gene	VFTETSUL_00037	VFTETSUL_1:31993-32796	VFTETSUL_00037
prokka_VFTETSUL_pseudofinder/VFTETSUL:Gene	metC	VFTETSUL_1:32793-33926	VFTETSUL_00038
prokka_VFTETSUL_pseudofinder/VFTETSUL:Gene	trpG	VFTETSUL_1:c35303-34755	VFTETSUL_00040
prokka_VFTETSUL_pseudofinder/VFTETSUL:Gene	menF	VFTETSUL_1:c36586-35300	VFTETSUL_00041
prokka_VFTETSUL_pseudofinder/VFTETSUL:Gene	dnaE	VFTETSUL_1:40817-43813	VFTETSUL_00045
prokka_VFTETSUL_pseudofinder/VFTETSUL:Gene	rpsO	VFTETSUL_1:43806-43976	VFTETSUL_00046
prokka_VFTETSUL_pseudofinder/VFTETSUL:Gene	VFTETSUL_00047	VFTETSUL_1:44051-44782	VFTETSUL_00047
prokka_VFTETSUL_pseudofinder/VFTETSUL:Gene	asd	VFTETSUL_1:44779-45819	VFTETSUL_00048
prokka_VFTETSUL_pseudofinder/VFTETSUL:Gene	VFTETSUL_00049	VFTETSUL_1:46084-46341	VFTETSUL_00049
prokka_VFTETSUL_pseudofinder/VFTETSUL:Gene	VFTETSUL_00050	VFTETSUL_1:46322-46540	VFTETSUL_00050
prokka_VFTETSUL_pseudofinder/VFTETSUL:Gene	VFTETSUL_00052	VFTETSUL_1:c46793-46719	VFTETSUL_00052
prokka_VFTETSUL_pseudofinder/VFTETSUL:Gene	VFTETSUL_00053	VFTETSUL_1:c46864-46793	VFTETSUL_00053
prokka_VFTETSUL_pseudofinder/VFTETSUL:Gene	rlmE	VFTETSUL_1:47298-47921	VFTETSUL_00054
prokka_VFTETSUL_pseudofinder/VFTETSUL:Gene	clpP	VFTETSUL_1:47911-48477	VFTETSUL_00055
prokka_VFTETSUL_pseudofinder/VFTETSUL:Gene	clpX	VFTETSUL_1:48474-49634	VFTETSUL_00056
prokka_VFTETSUL_pseudofinder/VFTETSUL:Gene	VFTETSUL_00057	VFTETSUL_1:49625-49696	VFTETSUL_00057
prokka_VFTETSUL_pseudofinder/VFTETSUL:Gene	VFTETSUL_00058	VFTETSUL_1:49700-50500	VFTETSUL_00058
prokka_VFTETSUL_pseudofinder/VFTETSUL:Gene	ruvB	VFTETSUL_1:50472-51512	VFTETSUL_00059
prokka_VFTETSUL_pseudofinder/VFTETSUL:Gene	hisG	VFTETSUL_1:51667-52266	VFTETSUL_00061
prokka_VFTETSUL_pseudofinder/VFTETSUL:Gene	hisD	VFTETSUL_1:52263-53486	VFTETSUL_00062
prokka_VFTETSUL_pseudofinder/VFTETSUL:Gene	hisC	VFTETSUL_1:53473-54438	VFTETSUL_00063
prokka_VFTETSUL_pseudofinder/VFTETSUL:Gene	hisB	VFTETSUL_1:54435-55028	VFTETSUL_00064
prokka_VFTETSUL_pseudofinder/VFTETSUL:Gene	hisH	VFTETSUL_1:55025-55621	VFTETSUL_00065
prokka_VFTETSUL_pseudofinder/VFTETSUL:Gene	hisA	VFTETSUL_1:55618-56331	VFTETSUL_00066
prokka_VFTETSUL_pseudofinder/VFTETSUL:Gene	hisF	VFTETSUL_1:56321-57067	VFTETSUL_00067
prokka_VFTETSUL_pseudofinder/VFTETSUL:Gene	hisI_1	VFTETSUL_1:57064-57357	VFTETSUL_00068
prokka_VFTETSUL_pseudofinder/VFTETSUL:Gene	hisI_2	VFTETSUL_1:57338-57601	VFTETSUL_00069
prokka_VFTETSUL_pseudofinder/VFTETSUL:Gene	VFTETSUL_00071	VFTETSUL_1:c57751-57677	VFTETSUL_00071
prokka_VFTETSUL_pseudofinder/VFTETSUL:Gene	rplT	VFTETSUL_1:c58094-57741	VFTETSUL_00072
prokka_VFTETSUL_pseudofinder/VFTETSUL:Gene	VFTETSUL_00073	VFTETSUL_1:c58243-58082	VFTETSUL_00073
prokka_VFTETSUL_pseudofinder/VFTETSUL:Gene	infC	VFTETSUL_1:c58682-58224	VFTETSUL_00074
prokka_VFTETSUL_pseudofinder/VFTETSUL:Gene	VFTETSUL_00075	VFTETSUL_1:c58767-58693	VFTETSUL_00075
prokka_VFTETSUL_pseudofinder/VFTETSUL:Gene	aroC	VFTETSUL_1:c59820-58765	VFTETSUL_00076
prokka_VFTETSUL_pseudofinder/VFTETSUL:Gene	VFTETSUL_00081	VFTETSUL_1:c61029-60496	VFTETSUL_00081
prokka_VFTETSUL_pseudofinder/VFTETSUL:Gene	VFTETSUL_00082	VFTETSUL_1:c61982-61026	VFTETSUL_00082
prokka_VFTETSUL_pseudofinder/VFTETSUL:Gene	aspC	VFTETSUL_1:62116-63075	VFTETSUL_00083
prokka_VFTETSUL_pseudofinder/VFTETSUL:Gene	dapD	VFTETSUL_1:63054-63842	VFTETSUL_00084
prokka_VFTETSUL_pseudofinder/VFTETSUL:Gene	dapE	VFTETSUL_1:63835-64956	VFTETSUL_00085
prokka_VFTETSUL_pseudofinder/VFTETSUL:Gene	thrC	VFTETSUL_1:c66239-64953	VFTETSUL_00086
prokka_VFTETSUL_pseudofinder/VFTETSUL:Gene	VFTETSUL_00087	VFTETSUL_1:c67411-66236	VFTETSUL_00087
prokka_VFTETSUL_pseudofinder/VFTETSUL:Gene	radA	VFTETSUL_1:c68627-67401	VFTETSUL_00088
prokka_VFTETSUL_pseudofinder/VFTETSUL:Gene	rpsR	VFTETSUL_1:c68799-68620	VFTETSUL_00089
prokka_VFTETSUL_pseudofinder/VFTETSUL:Gene	VFTETSUL_00090	VFTETSUL_1:c69101-68796	VFTETSUL_00090
prokka_VFTETSUL_pseudofinder/VFTETSUL:Gene	mnmE	VFTETSUL_1:69506-70816	VFTETSUL_00094
prokka_VFTETSUL_pseudofinder/VFTETSUL:Gene	mnmG	VFTETSUL_1:70816-72669	VFTETSUL_00095
prokka_VFTETSUL_pseudofinder/VFTETSUL:Gene	aroA	VFTETSUL_1:72718-73992	VFTETSUL_00096
prokka_VFTETSUL_pseudofinder/VFTETSUL:Gene	VFTETSUL_00097	VFTETSUL_1:73989-75194	VFTETSUL_00097
prokka_VFTETSUL_pseudofinder/VFTETSUL:Gene	dnaJ	VFTETSUL_1:c77870-76839	VFTETSUL_00099
prokka_VFTETSUL_pseudofinder/VFTETSUL:Gene	dnaK	VFTETSUL_1:c79665-77863	VFTETSUL_00100
prokka_VFTETSUL_pseudofinder/VFTETSUL:Gene	VFTETSUL_00108	VFTETSUL_1:c84901-84533	VFTETSUL_00108
prokka_VFTETSUL_pseudofinder/VFTETSUL:Gene	rpmA	VFTETSUL_1:c85139-84891	VFTETSUL_00109
prokka_VFTETSUL_pseudofinder/VFTETSUL:Gene	VFTETSUL_00110	VFTETSUL_1:c85444-85118	VFTETSUL_00110
prokka_VFTETSUL_pseudofinder/VFTETSUL:Gene	rsmH	VFTETSUL_1:c86241-85441	VFTETSUL_00111
prokka_VFTETSUL_pseudofinder/VFTETSUL:Gene	VFTETSUL_00113	VFTETSUL_1:c89182-86459	VFTETSUL_00113
prokka_VFTETSUL_pseudofinder/VFTETSUL:Gene	VFTETSUL_00115	VFTETSUL_1:c88045-87908	VFTETSUL_00115
prokka_VFTETSUL_pseudofinder/VFTETSUL:Gene	VFTETSUL_00119	VFTETSUL_1:90885-91298	VFTETSUL_00119
prokka_VFTETSUL_pseudofinder/VFTETSUL:Gene	rplD	VFTETSUL_1:91288-91887	VFTETSUL_00120
prokka_VFTETSUL_pseudofinder/VFTETSUL:Gene	VFTETSUL_00121	VFTETSUL_1:91880-92062	VFTETSUL_00121
prokka_VFTETSUL_pseudofinder/VFTETSUL:Gene	rplB	VFTETSUL_1:92059-92853	VFTETSUL_00122
prokka_VFTETSUL_pseudofinder/VFTETSUL:Gene	rpsS	VFTETSUL_1:92837-93100	VFTETSUL_00123
prokka_VFTETSUL_pseudofinder/VFTETSUL:Gene	VFTETSUL_00124	VFTETSUL_1:93097-93414	VFTETSUL_00124
prokka_VFTETSUL_pseudofinder/VFTETSUL:Gene	rpsC	VFTETSUL_1:93414-94055	VFTETSUL_00125
prokka_VFTETSUL_pseudofinder/VFTETSUL:Gene	rplP	VFTETSUL_1:94018-94437	VFTETSUL_00126
prokka_VFTETSUL_pseudofinder/VFTETSUL:Gene	rplN	VFTETSUL_1:94569-94775	VFTETSUL_00127
prokka_VFTETSUL_pseudofinder/VFTETSUL:Gene	rplE	VFTETSUL_1:94765-95316	VFTETSUL_00128
prokka_VFTETSUL_pseudofinder/VFTETSUL:Gene	rpsN	VFTETSUL_1:95316-95618	VFTETSUL_00129
prokka_VFTETSUL_pseudofinder/VFTETSUL:Gene	VFTETSUL_00130	VFTETSUL_1:95618-95989	VFTETSUL_00130
prokka_VFTETSUL_pseudofinder/VFTETSUL:Gene	rplF	VFTETSUL_1:95982-96515	VFTETSUL_00131
prokka_VFTETSUL_pseudofinder/VFTETSUL:Gene	VFTETSUL_00132	VFTETSUL_1:96478-96810	VFTETSUL_00132
prokka_VFTETSUL_pseudofinder/VFTETSUL:Gene	rpsE	VFTETSUL_1:96814-97245	VFTETSUL_00133
prokka_VFTETSUL_pseudofinder/VFTETSUL:Gene	rplO	VFTETSUL_1:97238-97588	VFTETSUL_00134
prokka_VFTETSUL_pseudofinder/VFTETSUL:Gene	infA	VFTETSUL_1:97578-97793	VFTETSUL_00135
prokka_VFTETSUL_pseudofinder/VFTETSUL:Gene	rpmJ	VFTETSUL_1:97790-97903	VFTETSUL_00136
prokka_VFTETSUL_pseudofinder/VFTETSUL:Gene	rpsM	VFTETSUL_1:97900-98250	VFTETSUL_00137
prokka_VFTETSUL_pseudofinder/VFTETSUL:Gene	rpsK	VFTETSUL_1:98247-98588	VFTETSUL_00138
prokka_VFTETSUL_pseudofinder/VFTETSUL:Gene	VFTETSUL_00139	VFTETSUL_1:98589-99146	VFTETSUL_00139
prokka_VFTETSUL_pseudofinder/VFTETSUL:Gene	rpoA	VFTETSUL_1:99109-99759	VFTETSUL_00140
prokka_VFTETSUL_pseudofinder/VFTETSUL:Gene	VFTETSUL_00141	VFTETSUL_1:99749-100054	VFTETSUL_00141
prokka_VFTETSUL_pseudofinder/VFTETSUL:Gene	VFTETSUL_00143	VFTETSUL_1:101194-101625	VFTETSUL_00143
prokka_VFTETSUL_pseudofinder/VFTETSUL:Gene	aroB	VFTETSUL_1:101618-102646	VFTETSUL_00144
prokka_VFTETSUL_pseudofinder/VFTETSUL:Gene	VFTETSUL_00145	VFTETSUL_1:102623-102694	VFTETSUL_00145

DiscRep_ALL:RNA_CDS_OVERLAP::14 coding regions overlap RNA features
FATAL: DiscRep_SUB:RNA_CDS_OVERLAP::3 coding  are completely letely contained in RNAs
prokka_VFTETSUL_pseudofinder/VFTETSUL:CDS	hypothetical protein	VFTETSUL_1:86624-87016	VFTETSUL_00114
prokka_VFTETSUL_pseudofinder/VFTETSUL:rRNA	23S ribosomal RNA	VFTETSUL_1:c89182-86459	VFTETSUL_00113
prokka_VFTETSUL_pseudofinder/VFTETSUL:CDS	hypothetical protein	VFTETSUL_1:c88045-87908	VFTETSUL_00115
prokka_VFTETSUL_pseudofinder/VFTETSUL:rRNA	23S ribosomal RNA	VFTETSUL_1:c89182-86459	VFTETSUL_00113
prokka_VFTETSUL_pseudofinder/VFTETSUL:CDS	hypothetical protein	VFTETSUL_1:88256-88549	VFTETSUL_00116
prokka_VFTETSUL_pseudofinder/VFTETSUL:rRNA	23S ribosomal RNA	VFTETSUL_1:c89182-86459	VFTETSUL_00113

DiscRep_SUB:RNA_CDS_OVERLAP::11 coding regions overlap RNAs (no containment)
DiscRep_SUB:RNA_CDS_OVERLAP::8 coding regions overlap RNAs on the same strand (no containment)
prokka_VFTETSUL_pseudofinder/VFTETSUL:CDS	Elongation factor Tu	VFTETSUL_1:1-1188	VFTETSUL_00001
prokka_VFTETSUL_pseudofinder/VFTETSUL:tRNA	Trp	VFTETSUL_1:1178-1251	VFTETSUL_00002
prokka_VFTETSUL_pseudofinder/VFTETSUL:CDS	Peptide deformylase	VFTETSUL_1:14267-14692	VFTETSUL_00013
prokka_VFTETSUL_pseudofinder/VFTETSUL:tRNA	Phe	VFTETSUL_1:14686-14758	VFTETSUL_00014
prokka_VFTETSUL_pseudofinder/VFTETSUL:CDS	Ribose-phosphate pyrophosphokinase	VFTETSUL_1:20712-21647	VFTETSUL_00024
prokka_VFTETSUL_pseudofinder/VFTETSUL:tRNA	Gln	VFTETSUL_1:20697-20770	VFTETSUL_00023
prokka_VFTETSUL_pseudofinder/VFTETSUL:CDS	tRNA(Ile)-lysidine synthase	VFTETSUL_1:26812-28914	VFTETSUL_00031
prokka_VFTETSUL_pseudofinder/VFTETSUL:tRNA	Ser	VFTETSUL_1:28913-28996	VFTETSUL_00032
prokka_VFTETSUL_pseudofinder/VFTETSUL:CDS	ATP-dependent Clp protease ATP-binding subunit ClpX	VFTETSUL_1:48474-49634	VFTETSUL_00056
prokka_VFTETSUL_pseudofinder/VFTETSUL:tRNA	Val	VFTETSUL_1:49625-49696	VFTETSUL_00057
prokka_VFTETSUL_pseudofinder/VFTETSUL:CDS	50S ribosomal protein L20	VFTETSUL_1:c58094-57741	VFTETSUL_00072
prokka_VFTETSUL_pseudofinder/VFTETSUL:tRNA	Lys	VFTETSUL_1:c57751-57677	VFTETSUL_00071
prokka_VFTETSUL_pseudofinder/VFTETSUL:CDS	Chorismate synthase	VFTETSUL_1:c59820-58765	VFTETSUL_00076
prokka_VFTETSUL_pseudofinder/VFTETSUL:tRNA	Val	VFTETSUL_1:c58767-58693	VFTETSUL_00075
prokka_VFTETSUL_pseudofinder/VFTETSUL:CDS	3-dehydroquinate synthase	VFTETSUL_1:101618-102646	VFTETSUL_00144
prokka_VFTETSUL_pseudofinder/VFTETSUL:tRNA	Met	VFTETSUL_1:102623-102694	VFTETSUL_00145

DiscRep_SUB:RNA_CDS_OVERLAP::3 coding regions overlap RNAs on the opposite strand (no containment)
prokka_VFTETSUL_pseudofinder/VFTETSUL:CDS	hypothetical protein	VFTETSUL_1:c29185-28988	VFTETSUL_00033
prokka_VFTETSUL_pseudofinder/VFTETSUL:tRNA	Ser	VFTETSUL_1:28913-28996	VFTETSUL_00032
prokka_VFTETSUL_pseudofinder/VFTETSUL:CDS	hypothetical protein	VFTETSUL_1:59899-60018	VFTETSUL_00078
prokka_VFTETSUL_pseudofinder/VFTETSUL:tRNA	Arg	VFTETSUL_1:c59899-59826	VFTETSUL_00077
prokka_VFTETSUL_pseudofinder/VFTETSUL:CDS	hypothetical protein	VFTETSUL_1:69108-69335	VFTETSUL_00091
prokka_VFTETSUL_pseudofinder/VFTETSUL:tRNA	Asp	VFTETSUL_1:c69391-69316	VFTETSUL_00092

DiscRep_ALL:DISC_QUALITY_SCORES::Quality scores are missing on all sequences.

DiscRep_ALL:ONCALLER_COMMENT_PRESENT::1 comment descriptors were found (all same)
prokka_VFTETSUL_pseudofinder/VFTETSUL:Prokka:VFTETSUL_1:Annotated using prokka 1.14.6 from https://github.com/tseemann/prokka

DiscRep_ALL:SHORT_PROT_SEQUENCES::4 protein sequences are shorter than 50 aa.
prokka_VFTETSUL_pseudofinder/VFTETSUL:Prokka:VFTETSUL_00034 (length 46)
prokka_VFTETSUL_pseudofinder/VFTETSUL:Prokka:VFTETSUL_00078 (length 39)
prokka_VFTETSUL_pseudofinder/VFTETSUL:Prokka:VFTETSUL_00115 (length 45)
prokka_VFTETSUL_pseudofinder/VFTETSUL:Prokka:VFTETSUL_00136 (length 37)

DiscRep_ALL:MISSING_GENOMEASSEMBLY_COMMENTS::1 bioseqs are missing GenomeAssembly structured comments
prokka_VFTETSUL_pseudofinder/VFTETSUL:Prokka:VFTETSUL_1 (length 102863)

DiscRep_ALL:FIND_OVERLAPPED_GENES::1 genes completely overlapped by other genes
prokka_VFTETSUL_pseudofinder/VFTETSUL:Gene	VFTETSUL_00115	VFTETSUL_1:c88045-87908	VFTETSUL_00115

DiscRep_ALL:MOLTYPE_NOT_MRNA::1 molecule types are not set as mRNA.
prokka_VFTETSUL_pseudofinder/VFTETSUL:Prokka:VFTETSUL_1 (length 102863)

DiscRep_ALL:TECHNIQUE_NOT_TSA::1 technique are not set as TSA
prokka_VFTETSUL_pseudofinder/VFTETSUL:Prokka:VFTETSUL_1 (length 102863)

DiscRep_ALL:MISSING_STRUCTURED_COMMENT::1 sequences do not include structured comments.
prokka_VFTETSUL_pseudofinder/VFTETSUL:Prokka:VFTETSUL_1 (length 102863)

DiscRep_ALL:MISSING_PROJECT::124 sequences do not include project.
prokka_VFTETSUL_pseudofinder/VFTETSUL:Prokka:VFTETSUL_1 (length 102863)
prokka_VFTETSUL_pseudofinder/VFTETSUL:Prokka:VFTETSUL_00001 (length 395)
prokka_VFTETSUL_pseudofinder/VFTETSUL:Prokka:VFTETSUL_00003 (length 128)
prokka_VFTETSUL_pseudofinder/VFTETSUL:Prokka:VFTETSUL_00004 (length 214)
prokka_VFTETSUL_pseudofinder/VFTETSUL:Prokka:VFTETSUL_00005 (length 148)
prokka_VFTETSUL_pseudofinder/VFTETSUL:Prokka:VFTETSUL_00006 (length 119)
prokka_VFTETSUL_pseudofinder/VFTETSUL:Prokka:VFTETSUL_00007 (length 1387)
prokka_VFTETSUL_pseudofinder/VFTETSUL:Prokka:VFTETSUL_00008 (length 1308)
prokka_VFTETSUL_pseudofinder/VFTETSUL:Prokka:VFTETSUL_00009 (length 131)
prokka_VFTETSUL_pseudofinder/VFTETSUL:Prokka:VFTETSUL_00010 (length 157)
prokka_VFTETSUL_pseudofinder/VFTETSUL:Prokka:VFTETSUL_00011 (length 684)
prokka_VFTETSUL_pseudofinder/VFTETSUL:Prokka:VFTETSUL_00012 (length 98)
prokka_VFTETSUL_pseudofinder/VFTETSUL:Prokka:VFTETSUL_00013 (length 141)
prokka_VFTETSUL_pseudofinder/VFTETSUL:Prokka:VFTETSUL_00015 (length 111)
prokka_VFTETSUL_pseudofinder/VFTETSUL:Prokka:VFTETSUL_00016 (length 231)
prokka_VFTETSUL_pseudofinder/VFTETSUL:Prokka:VFTETSUL_00017 (length 367)
prokka_VFTETSUL_pseudofinder/VFTETSUL:Prokka:VFTETSUL_00018 (length 127)
prokka_VFTETSUL_pseudofinder/VFTETSUL:Prokka:VFTETSUL_00019 (length 111)
prokka_VFTETSUL_pseudofinder/VFTETSUL:Prokka:VFTETSUL_00020 (length 267)
prokka_VFTETSUL_pseudofinder/VFTETSUL:Prokka:VFTETSUL_00021 (length 213)
prokka_VFTETSUL_pseudofinder/VFTETSUL:Prokka:VFTETSUL_00022 (length 544)
prokka_VFTETSUL_pseudofinder/VFTETSUL:Prokka:VFTETSUL_00024 (length 311)
prokka_VFTETSUL_pseudofinder/VFTETSUL:Prokka:VFTETSUL_00025 (length 167)
prokka_VFTETSUL_pseudofinder/VFTETSUL:Prokka:VFTETSUL_00026 (length 186)
prokka_VFTETSUL_pseudofinder/VFTETSUL:Prokka:VFTETSUL_00027 (length 378)
prokka_VFTETSUL_pseudofinder/VFTETSUL:Prokka:VFTETSUL_00028 (length 432)
prokka_VFTETSUL_pseudofinder/VFTETSUL:Prokka:VFTETSUL_00029 (length 232)
prokka_VFTETSUL_pseudofinder/VFTETSUL:Prokka:VFTETSUL_00030 (length 302)
prokka_VFTETSUL_pseudofinder/VFTETSUL:Prokka:VFTETSUL_00031 (length 700)
prokka_VFTETSUL_pseudofinder/VFTETSUL:Prokka:VFTETSUL_00033 (length 65)
prokka_VFTETSUL_pseudofinder/VFTETSUL:Prokka:VFTETSUL_00034 (length 46)
prokka_VFTETSUL_pseudofinder/VFTETSUL:Prokka:VFTETSUL_00035 (length 64)
prokka_VFTETSUL_pseudofinder/VFTETSUL:Prokka:VFTETSUL_00036 (length 739)
prokka_VFTETSUL_pseudofinder/VFTETSUL:Prokka:VFTETSUL_00037 (length 267)
prokka_VFTETSUL_pseudofinder/VFTETSUL:Prokka:VFTETSUL_00038 (length 377)
prokka_VFTETSUL_pseudofinder/VFTETSUL:Prokka:VFTETSUL_00039 (length 267)
prokka_VFTETSUL_pseudofinder/VFTETSUL:Prokka:VFTETSUL_00040 (length 182)
prokka_VFTETSUL_pseudofinder/VFTETSUL:Prokka:VFTETSUL_00041 (length 428)
prokka_VFTETSUL_pseudofinder/VFTETSUL:Prokka:VFTETSUL_00042 (length 486)
prokka_VFTETSUL_pseudofinder/VFTETSUL:Prokka:VFTETSUL_00043 (length 303)
prokka_VFTETSUL_pseudofinder/VFTETSUL:Prokka:VFTETSUL_00044 (length 474)
prokka_VFTETSUL_pseudofinder/VFTETSUL:Prokka:VFTETSUL_00045 (length 998)
prokka_VFTETSUL_pseudofinder/VFTETSUL:Prokka:VFTETSUL_00046 (length 56)
prokka_VFTETSUL_pseudofinder/VFTETSUL:Prokka:VFTETSUL_00047 (length 243)
prokka_VFTETSUL_pseudofinder/VFTETSUL:Prokka:VFTETSUL_00048 (length 346)
prokka_VFTETSUL_pseudofinder/VFTETSUL:Prokka:VFTETSUL_00049 (length 85)
prokka_VFTETSUL_pseudofinder/VFTETSUL:Prokka:VFTETSUL_00050 (length 72)
prokka_VFTETSUL_pseudofinder/VFTETSUL:Prokka:VFTETSUL_00054 (length 207)
prokka_VFTETSUL_pseudofinder/VFTETSUL:Prokka:VFTETSUL_00055 (length 188)
prokka_VFTETSUL_pseudofinder/VFTETSUL:Prokka:VFTETSUL_00056 (length 386)
prokka_VFTETSUL_pseudofinder/VFTETSUL:Prokka:VFTETSUL_00058 (length 266)
prokka_VFTETSUL_pseudofinder/VFTETSUL:Prokka:VFTETSUL_00059 (length 346)
prokka_VFTETSUL_pseudofinder/VFTETSUL:Prokka:VFTETSUL_00061 (length 199)
prokka_VFTETSUL_pseudofinder/VFTETSUL:Prokka:VFTETSUL_00062 (length 407)
prokka_VFTETSUL_pseudofinder/VFTETSUL:Prokka:VFTETSUL_00063 (length 321)
prokka_VFTETSUL_pseudofinder/VFTETSUL:Prokka:VFTETSUL_00064 (length 197)
prokka_VFTETSUL_pseudofinder/VFTETSUL:Prokka:VFTETSUL_00065 (length 198)
prokka_VFTETSUL_pseudofinder/VFTETSUL:Prokka:VFTETSUL_00066 (length 237)
prokka_VFTETSUL_pseudofinder/VFTETSUL:Prokka:VFTETSUL_00067 (length 248)
prokka_VFTETSUL_pseudofinder/VFTETSUL:Prokka:VFTETSUL_00068 (length 97)
prokka_VFTETSUL_pseudofinder/VFTETSUL:Prokka:VFTETSUL_00069 (length 87)
prokka_VFTETSUL_pseudofinder/VFTETSUL:Prokka:VFTETSUL_00072 (length 117)
prokka_VFTETSUL_pseudofinder/VFTETSUL:Prokka:VFTETSUL_00073 (length 53)
prokka_VFTETSUL_pseudofinder/VFTETSUL:Prokka:VFTETSUL_00074 (length 152)
prokka_VFTETSUL_pseudofinder/VFTETSUL:Prokka:VFTETSUL_00076 (length 351)
prokka_VFTETSUL_pseudofinder/VFTETSUL:Prokka:VFTETSUL_00078 (length 39)
prokka_VFTETSUL_pseudofinder/VFTETSUL:Prokka:VFTETSUL_00081 (length 177)
prokka_VFTETSUL_pseudofinder/VFTETSUL:Prokka:VFTETSUL_00082 (length 318)
prokka_VFTETSUL_pseudofinder/VFTETSUL:Prokka:VFTETSUL_00083 (length 319)
prokka_VFTETSUL_pseudofinder/VFTETSUL:Prokka:VFTETSUL_00084 (length 262)
prokka_VFTETSUL_pseudofinder/VFTETSUL:Prokka:VFTETSUL_00085 (length 373)
prokka_VFTETSUL_pseudofinder/VFTETSUL:Prokka:VFTETSUL_00086 (length 428)
prokka_VFTETSUL_pseudofinder/VFTETSUL:Prokka:VFTETSUL_00087 (length 391)
prokka_VFTETSUL_pseudofinder/VFTETSUL:Prokka:VFTETSUL_00088 (length 408)
prokka_VFTETSUL_pseudofinder/VFTETSUL:Prokka:VFTETSUL_00089 (length 59)
prokka_VFTETSUL_pseudofinder/VFTETSUL:Prokka:VFTETSUL_00090 (length 101)
prokka_VFTETSUL_pseudofinder/VFTETSUL:Prokka:VFTETSUL_00091 (length 75)
prokka_VFTETSUL_pseudofinder/VFTETSUL:Prokka:VFTETSUL_00094 (length 436)
prokka_VFTETSUL_pseudofinder/VFTETSUL:Prokka:VFTETSUL_00095 (length 617)
prokka_VFTETSUL_pseudofinder/VFTETSUL:Prokka:VFTETSUL_00096 (length 424)
prokka_VFTETSUL_pseudofinder/VFTETSUL:Prokka:VFTETSUL_00097 (length 401)
prokka_VFTETSUL_pseudofinder/VFTETSUL:Prokka:VFTETSUL_00098 (length 435)
prokka_VFTETSUL_pseudofinder/VFTETSUL:Prokka:VFTETSUL_00099 (length 343)
prokka_VFTETSUL_pseudofinder/VFTETSUL:Prokka:VFTETSUL_00100 (length 600)
prokka_VFTETSUL_pseudofinder/VFTETSUL:Prokka:VFTETSUL_00101 (length 146)
prokka_VFTETSUL_pseudofinder/VFTETSUL:Prokka:VFTETSUL_00102 (length 316)
prokka_VFTETSUL_pseudofinder/VFTETSUL:Prokka:VFTETSUL_00103 (length 329)
prokka_VFTETSUL_pseudofinder/VFTETSUL:Prokka:VFTETSUL_00104 (length 195)
prokka_VFTETSUL_pseudofinder/VFTETSUL:Prokka:VFTETSUL_00105 (length 220)
prokka_VFTETSUL_pseudofinder/VFTETSUL:Prokka:VFTETSUL_00106 (length 243)
prokka_VFTETSUL_pseudofinder/VFTETSUL:Prokka:VFTETSUL_00107 (length 144)
prokka_VFTETSUL_pseudofinder/VFTETSUL:Prokka:VFTETSUL_00108 (length 122)
prokka_VFTETSUL_pseudofinder/VFTETSUL:Prokka:VFTETSUL_00109 (length 82)
prokka_VFTETSUL_pseudofinder/VFTETSUL:Prokka:VFTETSUL_00110 (length 108)
prokka_VFTETSUL_pseudofinder/VFTETSUL:Prokka:VFTETSUL_00111 (length 266)
prokka_VFTETSUL_pseudofinder/VFTETSUL:Prokka:VFTETSUL_00114 (length 130)
prokka_VFTETSUL_pseudofinder/VFTETSUL:Prokka:VFTETSUL_00115 (length 45)
prokka_VFTETSUL_pseudofinder/VFTETSUL:Prokka:VFTETSUL_00116 (length 97)
prokka_VFTETSUL_pseudofinder/VFTETSUL:Prokka:VFTETSUL_00119 (length 137)
prokka_VFTETSUL_pseudofinder/VFTETSUL:Prokka:VFTETSUL_00120 (length 199)
prokka_VFTETSUL_pseudofinder/VFTETSUL:Prokka:VFTETSUL_00121 (length 60)
prokka_VFTETSUL_pseudofinder/VFTETSUL:Prokka:VFTETSUL_00122 (length 264)
prokka_VFTETSUL_pseudofinder/VFTETSUL:Prokka:VFTETSUL_00123 (length 87)
prokka_VFTETSUL_pseudofinder/VFTETSUL:Prokka:VFTETSUL_00124 (length 105)
prokka_VFTETSUL_pseudofinder/VFTETSUL:Prokka:VFTETSUL_00125 (length 213)
prokka_VFTETSUL_pseudofinder/VFTETSUL:Prokka:VFTETSUL_00126 (length 139)
prokka_VFTETSUL_pseudofinder/VFTETSUL:Prokka:VFTETSUL_00127 (length 68)
prokka_VFTETSUL_pseudofinder/VFTETSUL:Prokka:VFTETSUL_00128 (length 183)
prokka_VFTETSUL_pseudofinder/VFTETSUL:Prokka:VFTETSUL_00129 (length 100)
prokka_VFTETSUL_pseudofinder/VFTETSUL:Prokka:VFTETSUL_00130 (length 123)
prokka_VFTETSUL_pseudofinder/VFTETSUL:Prokka:VFTETSUL_00131 (length 177)
prokka_VFTETSUL_pseudofinder/VFTETSUL:Prokka:VFTETSUL_00132 (length 110)
prokka_VFTETSUL_pseudofinder/VFTETSUL:Prokka:VFTETSUL_00133 (length 143)
prokka_VFTETSUL_pseudofinder/VFTETSUL:Prokka:VFTETSUL_00134 (length 116)
prokka_VFTETSUL_pseudofinder/VFTETSUL:Prokka:VFTETSUL_00135 (length 71)
prokka_VFTETSUL_pseudofinder/VFTETSUL:Prokka:VFTETSUL_00136 (length 37)
prokka_VFTETSUL_pseudofinder/VFTETSUL:Prokka:VFTETSUL_00137 (length 116)
prokka_VFTETSUL_pseudofinder/VFTETSUL:Prokka:VFTETSUL_00138 (length 113)
prokka_VFTETSUL_pseudofinder/VFTETSUL:Prokka:VFTETSUL_00139 (length 185)
prokka_VFTETSUL_pseudofinder/VFTETSUL:Prokka:VFTETSUL_00140 (length 216)
prokka_VFTETSUL_pseudofinder/VFTETSUL:Prokka:VFTETSUL_00141 (length 101)
prokka_VFTETSUL_pseudofinder/VFTETSUL:Prokka:VFTETSUL_00142 (length 382)
prokka_VFTETSUL_pseudofinder/VFTETSUL:Prokka:VFTETSUL_00143 (length 143)
prokka_VFTETSUL_pseudofinder/VFTETSUL:Prokka:VFTETSUL_00144 (length 342)

DiscRep_ALL:DISC_INCONSISTENT_MOLINFO_TECH::Molinfo Technique Report (some missing, all same)
DiscRep_SUB:DISC_INCONSISTENT_MOLINFO_TECH::technique (all missing)
DiscRep_SUB:DISC_INCONSISTENT_MOLINFO_TECH::1 Molinfos are missing field technique
prokka_VFTETSUL_pseudofinder/VFTETSUL:Prokka:VFTETSUL_1 (length 102863)

