[20:35:27] This is prokka 1.13
[20:35:27] Written by Torsten Seemann <torsten.seemann@gmail.com>
[20:35:27] Homepage is https://github.com/tseemann/prokka
[20:35:27] Local time is Tue Nov  7 20:35:27 2023
[20:35:27] You are diego
[20:35:27] Operating system is linux
[20:35:27] You have BioPerl 1.007002
[20:35:27] System has 32 cores.
[20:35:27] Will use maximum of 30 cores.
[20:35:27] Annotating as >>> Bacteria <<<
[20:35:27] Enabling options to ensure Genbank/ENA/DDJB submission compliance.
[20:35:27] Re-using existing --outdir annotation_prokka/prokka_VFUGYLON
[20:35:27] Using filename prefix: prokka_VFUGYLON.XXX
[20:35:27] Setting HMMER_NCPU=1
[20:35:27] Writing log to: annotation_prokka/prokka_VFUGYLON/prokka_VFUGYLON.log
[20:35:27] Command: /home/diego/miniconda3/envs/prokka_env/bin/prokka VFUGYLON.fasta --prefix prokka_VFUGYLON --outdir annotation_prokka/prokka_VFUGYLON --cpus 30 --locustag VFUGYLON --gcode 11 --force --compliant
[20:35:27] Appending to PATH: /home/diego/miniconda3/envs/prokka_env/bin
[20:35:27] Looking for 'aragorn' - found /home/diego/miniconda3/envs/prokka_env/bin/aragorn
[20:35:27] Determined aragorn version is 1.2
[20:35:27] Looking for 'barrnap' - found /home/diego/miniconda3/envs/prokka_env/bin/barrnap
[20:35:28] Determined barrnap version is 0.9
[20:35:28] Looking for 'blastp' - found /home/diego/miniconda3/envs/prokka_env/bin/blastp
[20:35:28] Determined blastp version is 2.14
[20:35:28] Looking for 'cmpress' - found /home/diego/miniconda3/envs/prokka_env/bin/cmpress
[20:35:28] Determined cmpress version is 1.1
[20:35:28] Looking for 'cmscan' - found /home/diego/miniconda3/envs/prokka_env/bin/cmscan
[20:35:28] Determined cmscan version is 1.1
[20:35:28] Looking for 'egrep' - found /usr/bin/egrep
[20:35:28] Looking for 'find' - found /usr/bin/find
[20:35:28] Looking for 'grep' - found /usr/bin/grep
[20:35:28] Looking for 'hmmpress' - found /home/diego/miniconda3/envs/prokka_env/bin/hmmpress
[20:35:28] Determined hmmpress version is 3.3
[20:35:28] Looking for 'hmmscan' - found /home/diego/miniconda3/envs/prokka_env/bin/hmmscan
[20:35:28] Determined hmmscan version is 3.3
[20:35:28] Looking for 'java' - found /home/diego/miniconda3/envs/prokka_env/bin/java
[20:35:28] Looking for 'less' - found /usr/bin/less
[20:35:28] Looking for 'makeblastdb' - found /home/diego/miniconda3/envs/prokka_env/bin/makeblastdb
[20:35:28] Determined makeblastdb version is 2.14
[20:35:28] Looking for 'minced' - found /home/diego/miniconda3/envs/prokka_env/bin/minced
[20:35:28] Determined minced version is 4.2
[20:35:28] Looking for 'parallel' - found /home/diego/miniconda3/envs/prokka_env/bin/parallel
[20:35:28] Determined parallel version is 20160622
[20:35:28] Looking for 'prodigal' - found /home/diego/miniconda3/envs/prokka_env/bin/prodigal
[20:35:28] Determined prodigal version is 2.6
[20:35:28] Looking for 'prokka-genbank_to_fasta_db' - found /home/diego/miniconda3/envs/prokka_env/bin/prokka-genbank_to_fasta_db
[20:35:28] Looking for 'rnammer' - found /home/diego/rnammer-1.2.src/rnammer
[20:35:28] Determined rnammer version is 1.2
[20:35:28] Looking for 'sed' - found /usr/bin/sed
[20:35:28] Looking for 'tbl2asn' - found /home/diego/miniconda3/envs/prokka_env/bin/tbl2asn
[20:35:28] Determined tbl2asn version is 25.8
[20:35:28] Using genetic code table 11.
[20:35:28] Loading and checking input file: VFUGYLON.fasta
[20:35:28] Wrote 1 contigs totalling 97592 bp.
[20:35:28] Predicting tRNAs and tmRNAs
[20:35:28] Running: aragorn -l -gc11  -w annotation_prokka\/prokka_VFUGYLON\/prokka_VFUGYLON\.fna
[20:35:28] 1 tRNA-Ser [30996,31080] 36 (aga)
[20:35:28] 2 tRNA-Lys c[49996,50070] 34 (ttt)
[20:35:28] 3 tRNA-Arg c[51980,52052] 34 (tct)
[20:35:28] 4 tRNA-Met c[52171,52245] 35 (cat)
[20:35:28] 5 tRNA-Pro [52280,52352] 34 (tgg)
[20:35:28] 6 tRNA-Asp c[61765,61840] 36 (gtc)
[20:35:28] 7 tRNA-Glu c[61839,61912] 35 (ttc)
[20:35:28] 8 tRNA-Ile c[84049,84122] 34 (gat)
[20:35:28] Found 8 tRNAs
[20:35:28] Predicting Ribosomal RNAs
[20:35:28] Running Barrnap with 30 threads
[20:35:28] 1 gnl|Prokka|VFUGYLON_1 81252 23S ribosomal RNA
[20:35:28] 2 gnl|Prokka|VFUGYLON_1 84190 16S ribosomal RNA
[20:35:28] Found 2 rRNAs
[20:35:28] Skipping ncRNA search, enable with --rfam if desired.
[20:35:28] Total of 10 tRNA + rRNA features
[20:35:28] Searching for CRISPR repeats
[20:35:28] Found 0 CRISPRs
[20:35:28] Predicting coding sequences
[20:35:28] Contigs total 97592 bp, so using meta mode
[20:35:28] Running: prodigal -i annotation_prokka\/prokka_VFUGYLON\/prokka_VFUGYLON\.fna -c -m -g 11 -p meta -f sco -q
[20:35:28] Excluding CDS which overlaps existing RNA (tRNA) at gnl|Prokka|VFUGYLON_1:30846..31010 on + strand
[20:35:28] Excluding CDS which overlaps existing RNA (tRNA) at gnl|Prokka|VFUGYLON_1:49186..50016 on + strand
[20:35:28] Excluding CDS which overlaps existing RNA (tRNA) at gnl|Prokka|VFUGYLON_1:50061..50393 on - strand
[20:35:28] Excluding CDS which overlaps existing RNA (tRNA) at gnl|Prokka|VFUGYLON_1:52341..52829 on - strand
[20:35:28] Excluding CDS which overlaps existing RNA (tRNA) at gnl|Prokka|VFUGYLON_1:61546..61773 on + strand
[20:35:28] Excluding CDS which overlaps existing RNA (tRNA) at gnl|Prokka|VFUGYLON_1:61897..62973 on - strand
[20:35:28] Found 115 CDS
[20:35:28] Connecting features back to sequences
[20:35:28] Not using genus-specific database. Try --usegenus to enable it.
[20:35:28] Annotating CDS, please be patient.
[20:35:28] Will use 30 CPUs for similarity searching.
[20:35:28] There are still 115 unannotated CDS left (started with 115)
[20:35:28] Will use blast to search against /home/diego/miniconda3/envs/prokka_env/bin/../db/kingdom/Bacteria/sprot with 30 CPUs
[20:35:28] Running: cat annotation_prokka\/prokka_VFUGYLON\/sprot\.faa | parallel --gnu --plain -j 30 --block 501 --recstart '>' --pipe blastp -query - -db /home/diego/miniconda3/envs/prokka_env/bin/../db/kingdom/Bacteria/sprot -evalue 1e-06 -num_threads 1 -num_descriptions 1 -num_alignments 1 -seg no > annotation_prokka\/prokka_VFUGYLON\/sprot\.blast 2> /dev/null
[20:35:29] Modify product: Probable phosphatase Rv3661 => putative phosphatase
[20:35:29] Cleaned 1 /product names
[20:35:29] Deleting unwanted file: annotation_prokka/prokka_VFUGYLON/sprot.faa
[20:35:29] Deleting unwanted file: annotation_prokka/prokka_VFUGYLON/sprot.blast
[20:35:29] There are still 24 unannotated CDS left (started with 115)
[20:35:29] Will use hmmer3 to search against /home/diego/miniconda3/envs/prokka_env/bin/../db/hmm/HAMAP.hmm with 30 CPUs
[20:35:29] Running: cat annotation_prokka\/prokka_VFUGYLON\/HAMAP\.hmm\.faa | parallel --gnu --plain -j 30 --block 58 --recstart '>' --pipe hmmscan --noali --notextw --acc -E 1e-06 --cpu 1 /home/diego/miniconda3/envs/prokka_env/bin/../db/hmm/HAMAP.hmm /dev/stdin > annotation_prokka\/prokka_VFUGYLON\/HAMAP\.hmm\.hmmer3 2> /dev/null
[20:35:29] Deleting unwanted file: annotation_prokka/prokka_VFUGYLON/HAMAP.hmm.faa
[20:35:29] Deleting unwanted file: annotation_prokka/prokka_VFUGYLON/HAMAP.hmm.hmmer3
[20:35:29] Labelling remaining 21 proteins as 'hypothetical protein'
[20:35:29] Found 92 unique /gene codes.
[20:35:29] Fixed 2 duplicate /gene - hisI_1 hisI_2
[20:35:29] Fixed 1 colliding /gene names.
[20:35:29] Adding /locus_tag identifiers
[20:35:29] Assigned 125 locus_tags to CDS and RNA features.
[20:35:29] Writing outputs to annotation_prokka/prokka_VFUGYLON/
[20:35:29] Generating annotation statistics file
[20:35:29] Generating Genbank and Sequin files
[20:35:29] Running: tbl2asn -V b -a r10k -l paired-ends -M n -N 1 -y 'Annotated using prokka 1.13 from https://github.com/tseemann/prokka' -Z annotation_prokka\/prokka_VFUGYLON\/prokka_VFUGYLON\.err -i annotation_prokka\/prokka_VFUGYLON\/prokka_VFUGYLON\.fsa 2> /dev/null
[20:35:29] Deleting unwanted file: annotation_prokka/prokka_VFUGYLON/errorsummary.val
[20:35:29] Deleting unwanted file: annotation_prokka/prokka_VFUGYLON/prokka_VFUGYLON.dr
[20:35:29] Deleting unwanted file: annotation_prokka/prokka_VFUGYLON/prokka_VFUGYLON.fixedproducts
[20:35:29] Deleting unwanted file: annotation_prokka/prokka_VFUGYLON/prokka_VFUGYLON.ecn
[20:35:29] Deleting unwanted file: annotation_prokka/prokka_VFUGYLON/prokka_VFUGYLON.val
[20:35:29] Repairing broken .GBK output that tbl2asn produces...
[20:35:29] Running: sed 's/COORDINATES: profile/COORDINATES:profile/' < annotation_prokka\/prokka_VFUGYLON\/prokka_VFUGYLON\.gbf > annotation_prokka\/prokka_VFUGYLON\/prokka_VFUGYLON\.gbk
[20:35:29] Deleting unwanted file: annotation_prokka/prokka_VFUGYLON/prokka_VFUGYLON.gbf
[20:35:29] Output files:
[20:35:30] annotation_prokka/prokka_VFUGYLON/prokka_VFUGYLON.gff
[20:35:30] annotation_prokka/prokka_VFUGYLON/prokka_VFUGYLON.faa
[20:35:30] annotation_prokka/prokka_VFUGYLON/prokka_VFUGYLON.tbl
[20:35:30] annotation_prokka/prokka_VFUGYLON/prokka_VFUGYLON.sqn
[20:35:30] annotation_prokka/prokka_VFUGYLON/prokka_VFUGYLON.gbk
[20:35:30] annotation_prokka/prokka_VFUGYLON/prokka_VFUGYLON.txt
[20:35:30] annotation_prokka/prokka_VFUGYLON/prokka_VFUGYLON.fsa
[20:35:30] annotation_prokka/prokka_VFUGYLON/prokka_VFUGYLON.fna
[20:35:30] annotation_prokka/prokka_VFUGYLON/prokka_VFUGYLON.ffn
[20:35:30] annotation_prokka/prokka_VFUGYLON/prokka_VFUGYLON.err
[20:35:30] annotation_prokka/prokka_VFUGYLON/prokka_VFUGYLON.tsv
[20:35:30] annotation_prokka/prokka_VFUGYLON/prokka_VFUGYLON.log
[20:35:30] Annotation finished successfully.
[20:35:30] Walltime used: 0.05 minutes
[20:35:30] If you use this result please cite the Prokka paper:
[20:35:30] Seemann T (2014) Prokka: rapid prokaryotic genome annotation. Bioinformatics. 30(14):2068-9.
[20:35:30] Type 'prokka --citation' for more details.
[20:35:30] Share and enjoy!
