Discrepancy Report Results

Summary
DISC_SOURCE_QUALS_ASNDISC:strain (all present, all unique)
DISC_SOURCE_QUALS_ASNDISC:taxname (all present, all unique)
DISC_FEATURE_COUNT:gene: 174 present
DISC_FEATURE_COUNT:CDS: 146 present
DISC_FEATURE_COUNT:tRNA: 26 present
DISC_FEATURE_COUNT:rRNA: 2 present
DISC_COUNT_NUCLEOTIDES:1 nucleotide Bioseqs are present
OVERLAPPING_GENES:136 genes overlap another gene on the same strand.
OVERLAPPING_CDS:4 coding regions overlap another coding region with a similar or identical name.
FATAL: RNA_CDS_OVERLAP:20 coding regions overlap RNA features
DISC_QUALITY_SCORES:Quality scores are missing on all sequences.
ONCALLER_COMMENT_PRESENT:1 comment descriptors were found (all same)
SHORT_PROT_SEQUENCES:4 protein sequences are shorter than 50 aa.
MISSING_GENOMEASSEMBLY_COMMENTS:1 bioseqs are missing GenomeAssembly structured comments
FIND_OVERLAPPED_GENES:1 genes completely overlapped by other genes
MOLTYPE_NOT_MRNA:1 molecule types are not set as mRNA.
TECHNIQUE_NOT_TSA:1 technique are not set as TSA
MISSING_STRUCTURED_COMMENT:1 sequences do not include structured comments.
MISSING_PROJECT:147 sequences do not include project.
DISC_INCONSISTENT_MOLINFO_TECH:Molinfo Technique Report (some missing, all same)


Detailed Report

DiscRep_ALL:DISC_SOURCE_QUALS_ASNDISC::strain (all present, all unique)
DiscRep_SUB:DISC_SOURCE_QUALS_ASNDISC::1 sources have unique values for strain
DiscRep_ALL:DISC_SOURCE_QUALS_ASNDISC::taxname (all present, all unique)
DiscRep_SUB:DISC_SOURCE_QUALS_ASNDISC::1 sources have unique values for taxname
DiscRep_ALL:DISC_FEATURE_COUNT::gene: 174 present
DiscRep_ALL:DISC_FEATURE_COUNT::CDS: 146 present
DiscRep_ALL:DISC_FEATURE_COUNT::tRNA: 26 present
DiscRep_ALL:DISC_FEATURE_COUNT::rRNA: 2 present
DiscRep_ALL:DISC_COUNT_NUCLEOTIDES::1 nucleotide Bioseqs are present
prokka_VFDICPAN5_pseudofinder/VFDICPAN5:Prokka:VFDICPAN5_1 (length 122171)

DiscRep_ALL:OVERLAPPING_GENES::136 genes overlap another gene on the same strand.
prokka_VFDICPAN5_pseudofinder/VFDICPAN5:Gene	tufA	VFDICPAN5_1:1-1191	VFDICPAN5_00001
prokka_VFDICPAN5_pseudofinder/VFDICPAN5:Gene	VFDICPAN5_00002	VFDICPAN5_1:1189-1262	VFDICPAN5_00002
prokka_VFDICPAN5_pseudofinder/VFDICPAN5:Gene	rplK	VFDICPAN5_1:1268-1660	VFDICPAN5_00003
prokka_VFDICPAN5_pseudofinder/VFDICPAN5:Gene	VFDICPAN5_00004	VFDICPAN5_1:1627-2211	VFDICPAN5_00004
prokka_VFDICPAN5_pseudofinder/VFDICPAN5:Gene	VFDICPAN5_00005	VFDICPAN5_1:2208-2684	VFDICPAN5_00005
prokka_VFDICPAN5_pseudofinder/VFDICPAN5:Gene	rplL	VFDICPAN5_1:2653-3003	VFDICPAN5_00006
prokka_VFDICPAN5_pseudofinder/VFDICPAN5:Gene	rpoB	VFDICPAN5_1:3000-6680	VFDICPAN5_00007
prokka_VFDICPAN5_pseudofinder/VFDICPAN5:Gene	rpoC	VFDICPAN5_1:6677-10444	VFDICPAN5_00008
prokka_VFDICPAN5_pseudofinder/VFDICPAN5:Gene	rpsL	VFDICPAN5_1:10441-10827	VFDICPAN5_00009
prokka_VFDICPAN5_pseudofinder/VFDICPAN5:Gene	rpsG	VFDICPAN5_1:10802-11275	VFDICPAN5_00010
prokka_VFDICPAN5_pseudofinder/VFDICPAN5:Gene	fusA	VFDICPAN5_1:11275-13302	VFDICPAN5_00011
prokka_VFDICPAN5_pseudofinder/VFDICPAN5:Gene	rpsJ	VFDICPAN5_1:13299-13604	VFDICPAN5_00012
prokka_VFDICPAN5_pseudofinder/VFDICPAN5:Gene	def	VFDICPAN5_1:13601-14020	VFDICPAN5_00013
prokka_VFDICPAN5_pseudofinder/VFDICPAN5:Gene	VFDICPAN5_00014	VFDICPAN5_1:14014-14085	VFDICPAN5_00014
prokka_VFDICPAN5_pseudofinder/VFDICPAN5:Gene	rsmA	VFDICPAN5_1:c15127-14417	VFDICPAN5_00016
prokka_VFDICPAN5_pseudofinder/VFDICPAN5:Gene	VFDICPAN5_00017	VFDICPAN5_1:c16200-15118	VFDICPAN5_00017
prokka_VFDICPAN5_pseudofinder/VFDICPAN5:Gene	rpsI	VFDICPAN5_1:c16593-16201	VFDICPAN5_00018
prokka_VFDICPAN5_pseudofinder/VFDICPAN5:Gene	VFDICPAN5_00019	VFDICPAN5_1:c16888-16580	VFDICPAN5_00019
prokka_VFDICPAN5_pseudofinder/VFDICPAN5:Gene	dapF	VFDICPAN5_1:c17690-16866	VFDICPAN5_00020
prokka_VFDICPAN5_pseudofinder/VFDICPAN5:Gene	VFDICPAN5_00021	VFDICPAN5_1:c18241-17690	VFDICPAN5_00021
prokka_VFDICPAN5_pseudofinder/VFDICPAN5:Gene	prs	VFDICPAN5_1:18721-19578	VFDICPAN5_00022
prokka_VFDICPAN5_pseudofinder/VFDICPAN5:Gene	VFDICPAN5_00023	VFDICPAN5_1:19559-20059	VFDICPAN5_00023
prokka_VFDICPAN5_pseudofinder/VFDICPAN5:Gene	lysS	VFDICPAN5_1:c23299-22025	VFDICPAN5_00026
prokka_VFDICPAN5_pseudofinder/VFDICPAN5:Gene	prfB	VFDICPAN5_1:c23985-23299	VFDICPAN5_00027
prokka_VFDICPAN5_pseudofinder/VFDICPAN5:Gene	dapA	VFDICPAN5_1:c24877-23972	VFDICPAN5_00028
prokka_VFDICPAN5_pseudofinder/VFDICPAN5:Gene	tilS	VFDICPAN5_1:24881-25816	VFDICPAN5_00029
prokka_VFDICPAN5_pseudofinder/VFDICPAN5:Gene	VFDICPAN5_00030	VFDICPAN5_1:25806-26945	VFDICPAN5_00030
prokka_VFDICPAN5_pseudofinder/VFDICPAN5:Gene	VFDICPAN5_00031	VFDICPAN5_1:26944-27029	VFDICPAN5_00031
prokka_VFDICPAN5_pseudofinder/VFDICPAN5:Gene	VFDICPAN5_00033	VFDICPAN5_1:c29446-27251	VFDICPAN5_00033
prokka_VFDICPAN5_pseudofinder/VFDICPAN5:Gene	VFDICPAN5_00034	VFDICPAN5_1:c29592-29443	VFDICPAN5_00034
prokka_VFDICPAN5_pseudofinder/VFDICPAN5:Gene	VFDICPAN5_00036	VFDICPAN5_1:32142-32807	VFDICPAN5_00036
prokka_VFDICPAN5_pseudofinder/VFDICPAN5:Gene	aar	VFDICPAN5_1:32798-33925	VFDICPAN5_00037
prokka_VFDICPAN5_pseudofinder/VFDICPAN5:Gene	prfA	VFDICPAN5_1:c34778-33915	VFDICPAN5_00038
prokka_VFDICPAN5_pseudofinder/VFDICPAN5:Gene	trpC	VFDICPAN5_1:c35515-34775	VFDICPAN5_00039
prokka_VFDICPAN5_pseudofinder/VFDICPAN5:Gene	trpD	VFDICPAN5_1:c36522-35515	VFDICPAN5_00040
prokka_VFDICPAN5_pseudofinder/VFDICPAN5:Gene	pabA	VFDICPAN5_1:c37069-36509	VFDICPAN5_00041
prokka_VFDICPAN5_pseudofinder/VFDICPAN5:Gene	menF	VFDICPAN5_1:c38295-37066	VFDICPAN5_00042
prokka_VFDICPAN5_pseudofinder/VFDICPAN5:Gene	argH	VFDICPAN5_1:c39674-38292	VFDICPAN5_00043
prokka_VFDICPAN5_pseudofinder/VFDICPAN5:Gene	VFDICPAN5_00045	VFDICPAN5_1:c42171-40879	VFDICPAN5_00045
prokka_VFDICPAN5_pseudofinder/VFDICPAN5:Gene	thrB	VFDICPAN5_1:c43168-42149	VFDICPAN5_00046
prokka_VFDICPAN5_pseudofinder/VFDICPAN5:Gene	VFDICPAN5_00047	VFDICPAN5_1:43448-43606	VFDICPAN5_00047
prokka_VFDICPAN5_pseudofinder/VFDICPAN5:Gene	rpoD	VFDICPAN5_1:43584-44978	VFDICPAN5_00048
prokka_VFDICPAN5_pseudofinder/VFDICPAN5:Gene	dnaE	VFDICPAN5_1:45197-48082	VFDICPAN5_00049
prokka_VFDICPAN5_pseudofinder/VFDICPAN5:Gene	VFDICPAN5_00050	VFDICPAN5_1:48075-48245	VFDICPAN5_00050
prokka_VFDICPAN5_pseudofinder/VFDICPAN5:Gene	VFDICPAN5_00051	VFDICPAN5_1:48225-48307	VFDICPAN5_00051
prokka_VFDICPAN5_pseudofinder/VFDICPAN5:Gene	VFDICPAN5_00054	VFDICPAN5_1:48664-49287	VFDICPAN5_00054
prokka_VFDICPAN5_pseudofinder/VFDICPAN5:Gene	asd1	VFDICPAN5_1:49268-50233	VFDICPAN5_00055
prokka_VFDICPAN5_pseudofinder/VFDICPAN5:Gene	trpF	VFDICPAN5_1:50199-50795	VFDICPAN5_00056
prokka_VFDICPAN5_pseudofinder/VFDICPAN5:Gene	trpB	VFDICPAN5_1:50788-51915	VFDICPAN5_00057
prokka_VFDICPAN5_pseudofinder/VFDICPAN5:Gene	trpA	VFDICPAN5_1:51915-52589	VFDICPAN5_00058
prokka_VFDICPAN5_pseudofinder/VFDICPAN5:Gene	VFDICPAN5_00059	VFDICPAN5_1:52570-52833	VFDICPAN5_00059
prokka_VFDICPAN5_pseudofinder/VFDICPAN5:Gene	VFDICPAN5_00060	VFDICPAN5_1:52814-53041	VFDICPAN5_00060
prokka_VFDICPAN5_pseudofinder/VFDICPAN5:Gene	VFDICPAN5_00064	VFDICPAN5_1:c53801-53730	VFDICPAN5_00064
prokka_VFDICPAN5_pseudofinder/VFDICPAN5:Gene	dnaQ	VFDICPAN5_1:c54314-53787	VFDICPAN5_00065
prokka_VFDICPAN5_pseudofinder/VFDICPAN5:Gene	carA	VFDICPAN5_1:54328-55377	VFDICPAN5_00066
prokka_VFDICPAN5_pseudofinder/VFDICPAN5:Gene	carB_1	VFDICPAN5_1:55359-57101	VFDICPAN5_00067
prokka_VFDICPAN5_pseudofinder/VFDICPAN5:Gene	carB_2	VFDICPAN5_1:57050-58465	VFDICPAN5_00068
prokka_VFDICPAN5_pseudofinder/VFDICPAN5:Gene	rlmE	VFDICPAN5_1:58425-58985	VFDICPAN5_00069
prokka_VFDICPAN5_pseudofinder/VFDICPAN5:Gene	clpP	VFDICPAN5_1:58972-59535	VFDICPAN5_00070
prokka_VFDICPAN5_pseudofinder/VFDICPAN5:Gene	clpX	VFDICPAN5_1:59532-60698	VFDICPAN5_00071
prokka_VFDICPAN5_pseudofinder/VFDICPAN5:Gene	VFDICPAN5_00072	VFDICPAN5_1:60696-60769	VFDICPAN5_00072
prokka_VFDICPAN5_pseudofinder/VFDICPAN5:Gene	VFDICPAN5_00073	VFDICPAN5_1:60778-61368	VFDICPAN5_00073
prokka_VFDICPAN5_pseudofinder/VFDICPAN5:Gene	VFDICPAN5_00074	VFDICPAN5_1:61343-62362	VFDICPAN5_00074
prokka_VFDICPAN5_pseudofinder/VFDICPAN5:Gene	VFDICPAN5_00076	VFDICPAN5_1:c62594-62512	VFDICPAN5_00076
prokka_VFDICPAN5_pseudofinder/VFDICPAN5:Gene	VFDICPAN5_00077	VFDICPAN5_1:c62678-62592	VFDICPAN5_00077
prokka_VFDICPAN5_pseudofinder/VFDICPAN5:Gene	hisG	VFDICPAN5_1:62694-63275	VFDICPAN5_00078
prokka_VFDICPAN5_pseudofinder/VFDICPAN5:Gene	hisD	VFDICPAN5_1:63253-64509	VFDICPAN5_00079
prokka_VFDICPAN5_pseudofinder/VFDICPAN5:Gene	hisC2	VFDICPAN5_1:64487-65491	VFDICPAN5_00080
prokka_VFDICPAN5_pseudofinder/VFDICPAN5:Gene	hisB	VFDICPAN5_1:65448-66020	VFDICPAN5_00081
prokka_VFDICPAN5_pseudofinder/VFDICPAN5:Gene	hisH	VFDICPAN5_1:66013-66603	VFDICPAN5_00082
prokka_VFDICPAN5_pseudofinder/VFDICPAN5:Gene	hisA	VFDICPAN5_1:66600-67286	VFDICPAN5_00083
prokka_VFDICPAN5_pseudofinder/VFDICPAN5:Gene	hisF	VFDICPAN5_1:67287-68033	VFDICPAN5_00084
prokka_VFDICPAN5_pseudofinder/VFDICPAN5:Gene	hisI	VFDICPAN5_1:68026-68343	VFDICPAN5_00085
prokka_VFDICPAN5_pseudofinder/VFDICPAN5:Gene	hisE	VFDICPAN5_1:68309-68587	VFDICPAN5_00086
prokka_VFDICPAN5_pseudofinder/VFDICPAN5:Gene	VFDICPAN5_00087	VFDICPAN5_1:68578-68648	VFDICPAN5_00087
prokka_VFDICPAN5_pseudofinder/VFDICPAN5:Gene	VFDICPAN5_00090	VFDICPAN5_1:c69646-69573	VFDICPAN5_00090
prokka_VFDICPAN5_pseudofinder/VFDICPAN5:Gene	rplT	VFDICPAN5_1:c69999-69637	VFDICPAN5_00091
prokka_VFDICPAN5_pseudofinder/VFDICPAN5:Gene	VFDICPAN5_00092	VFDICPAN5_1:c70150-69986	VFDICPAN5_00092
prokka_VFDICPAN5_pseudofinder/VFDICPAN5:Gene	infC	VFDICPAN5_1:c70586-70134	VFDICPAN5_00093
prokka_VFDICPAN5_pseudofinder/VFDICPAN5:Gene	VFDICPAN5_00094	VFDICPAN5_1:c70701-70630	VFDICPAN5_00094
prokka_VFDICPAN5_pseudofinder/VFDICPAN5:Gene	aroC	VFDICPAN5_1:c71929-70700	VFDICPAN5_00095
prokka_VFDICPAN5_pseudofinder/VFDICPAN5:Gene	VFDICPAN5_00096	VFDICPAN5_1:c71838-71768	VFDICPAN5_00096
prokka_VFDICPAN5_pseudofinder/VFDICPAN5:Gene	VFDICPAN5_00100	VFDICPAN5_1:c73030-72515	VFDICPAN5_00100
prokka_VFDICPAN5_pseudofinder/VFDICPAN5:Gene	VFDICPAN5_00101	VFDICPAN5_1:c73989-73030	VFDICPAN5_00101
prokka_VFDICPAN5_pseudofinder/VFDICPAN5:Gene	dapX	VFDICPAN5_1:74033-75097	VFDICPAN5_00102
prokka_VFDICPAN5_pseudofinder/VFDICPAN5:Gene	dapD	VFDICPAN5_1:75063-75791	VFDICPAN5_00103
prokka_VFDICPAN5_pseudofinder/VFDICPAN5:Gene	thrC	VFDICPAN5_1:c78368-76983	VFDICPAN5_00105
prokka_VFDICPAN5_pseudofinder/VFDICPAN5:Gene	VFDICPAN5_00106	VFDICPAN5_1:c79558-78365	VFDICPAN5_00106
prokka_VFDICPAN5_pseudofinder/VFDICPAN5:Gene	dnaC	VFDICPAN5_1:c80814-79555	VFDICPAN5_00107
prokka_VFDICPAN5_pseudofinder/VFDICPAN5:Gene	VFDICPAN5_00108	VFDICPAN5_1:c81104-80928	VFDICPAN5_00108
prokka_VFDICPAN5_pseudofinder/VFDICPAN5:Gene	VFDICPAN5_00109	VFDICPAN5_1:c81411-81094	VFDICPAN5_00109
prokka_VFDICPAN5_pseudofinder/VFDICPAN5:Gene	VFDICPAN5_00111	VFDICPAN5_1:c81693-81618	VFDICPAN5_00111
prokka_VFDICPAN5_pseudofinder/VFDICPAN5:Gene	VFDICPAN5_00112	VFDICPAN5_1:c81765-81693	VFDICPAN5_00112
prokka_VFDICPAN5_pseudofinder/VFDICPAN5:Gene	gluQ	VFDICPAN5_1:c82961-81750	VFDICPAN5_00113
prokka_VFDICPAN5_pseudofinder/VFDICPAN5:Gene	VFDICPAN5_00115	VFDICPAN5_1:83988-84278	VFDICPAN5_00115
prokka_VFDICPAN5_pseudofinder/VFDICPAN5:Gene	mnmG	VFDICPAN5_1:84275-86071	VFDICPAN5_00116
prokka_VFDICPAN5_pseudofinder/VFDICPAN5:Gene	VFDICPAN5_00117	VFDICPAN5_1:86140-86406	VFDICPAN5_00117
prokka_VFDICPAN5_pseudofinder/VFDICPAN5:Gene	groL	VFDICPAN5_1:86396-87988	VFDICPAN5_00118
prokka_VFDICPAN5_pseudofinder/VFDICPAN5:Gene	VFDICPAN5_00119	VFDICPAN5_1:88004-88093	VFDICPAN5_00119
prokka_VFDICPAN5_pseudofinder/VFDICPAN5:Gene	aroA_1	VFDICPAN5_1:88032-88358	VFDICPAN5_00120
prokka_VFDICPAN5_pseudofinder/VFDICPAN5:Gene	aroA_2	VFDICPAN5_1:88322-89293	VFDICPAN5_00121
prokka_VFDICPAN5_pseudofinder/VFDICPAN5:Gene	VFDICPAN5_00122	VFDICPAN5_1:89293-89505	VFDICPAN5_00122
prokka_VFDICPAN5_pseudofinder/VFDICPAN5:Gene	leuS	VFDICPAN5_1:c99563-97518	VFDICPAN5_00131
prokka_VFDICPAN5_pseudofinder/VFDICPAN5:Gene	dapB	VFDICPAN5_1:c100198-99563	VFDICPAN5_00132
prokka_VFDICPAN5_pseudofinder/VFDICPAN5:Gene	maeB	VFDICPAN5_1:c101405-100191	VFDICPAN5_00133
prokka_VFDICPAN5_pseudofinder/VFDICPAN5:Gene	aroE	VFDICPAN5_1:c102033-101377	VFDICPAN5_00134
prokka_VFDICPAN5_pseudofinder/VFDICPAN5:Gene	rpmA	VFDICPAN5_1:c102760-102521	VFDICPAN5_00136
prokka_VFDICPAN5_pseudofinder/VFDICPAN5:Gene	VFDICPAN5_00137	VFDICPAN5_1:c103061-102717	VFDICPAN5_00137
prokka_VFDICPAN5_pseudofinder/VFDICPAN5:Gene	VFDICPAN5_00138	VFDICPAN5_1:c103843-103052	VFDICPAN5_00138
prokka_VFDICPAN5_pseudofinder/VFDICPAN5:Gene	VFDICPAN5_00145	VFDICPAN5_1:109921-110370	VFDICPAN5_00145
prokka_VFDICPAN5_pseudofinder/VFDICPAN5:Gene	rplD	VFDICPAN5_1:110336-110938	VFDICPAN5_00146
prokka_VFDICPAN5_pseudofinder/VFDICPAN5:Gene	VFDICPAN5_00147	VFDICPAN5_1:110919-111191	VFDICPAN5_00147
prokka_VFDICPAN5_pseudofinder/VFDICPAN5:Gene	rplB	VFDICPAN5_1:111136-111915	VFDICPAN5_00148
prokka_VFDICPAN5_pseudofinder/VFDICPAN5:Gene	rpsS	VFDICPAN5_1:111912-112178	VFDICPAN5_00149
prokka_VFDICPAN5_pseudofinder/VFDICPAN5:Gene	VFDICPAN5_00150	VFDICPAN5_1:112175-112477	VFDICPAN5_00150
prokka_VFDICPAN5_pseudofinder/VFDICPAN5:Gene	rpsC	VFDICPAN5_1:112450-113070	VFDICPAN5_00151
prokka_VFDICPAN5_pseudofinder/VFDICPAN5:Gene	rplP	VFDICPAN5_1:113067-113459	VFDICPAN5_00152
prokka_VFDICPAN5_pseudofinder/VFDICPAN5:Gene	VFDICPAN5_00153	VFDICPAN5_1:113456-113689	VFDICPAN5_00153
prokka_VFDICPAN5_pseudofinder/VFDICPAN5:Gene	rplN	VFDICPAN5_1:113686-114051	VFDICPAN5_00154
prokka_VFDICPAN5_pseudofinder/VFDICPAN5:Gene	rplE	VFDICPAN5_1:114058-114564	VFDICPAN5_00155
prokka_VFDICPAN5_pseudofinder/VFDICPAN5:Gene	rpsN	VFDICPAN5_1:114564-114839	VFDICPAN5_00156
prokka_VFDICPAN5_pseudofinder/VFDICPAN5:Gene	VFDICPAN5_00157	VFDICPAN5_1:114839-115207	VFDICPAN5_00157
prokka_VFDICPAN5_pseudofinder/VFDICPAN5:Gene	rplF	VFDICPAN5_1:115210-115737	VFDICPAN5_00158
prokka_VFDICPAN5_pseudofinder/VFDICPAN5:Gene	VFDICPAN5_00159	VFDICPAN5_1:115734-116030	VFDICPAN5_00159
prokka_VFDICPAN5_pseudofinder/VFDICPAN5:Gene	rpsE	VFDICPAN5_1:116030-116452	VFDICPAN5_00160
prokka_VFDICPAN5_pseudofinder/VFDICPAN5:Gene	rplO	VFDICPAN5_1:116442-116735	VFDICPAN5_00161
prokka_VFDICPAN5_pseudofinder/VFDICPAN5:Gene	infA	VFDICPAN5_1:116722-116943	VFDICPAN5_00162
prokka_VFDICPAN5_pseudofinder/VFDICPAN5:Gene	rpmJ	VFDICPAN5_1:116940-117053	VFDICPAN5_00163
prokka_VFDICPAN5_pseudofinder/VFDICPAN5:Gene	rpsM	VFDICPAN5_1:117050-117394	VFDICPAN5_00164
prokka_VFDICPAN5_pseudofinder/VFDICPAN5:Gene	rpsK	VFDICPAN5_1:117357-117731	VFDICPAN5_00165
prokka_VFDICPAN5_pseudofinder/VFDICPAN5:Gene	VFDICPAN5_00166	VFDICPAN5_1:117676-118317	VFDICPAN5_00166
prokka_VFDICPAN5_pseudofinder/VFDICPAN5:Gene	rpoA	VFDICPAN5_1:118322-119185	VFDICPAN5_00167
prokka_VFDICPAN5_pseudofinder/VFDICPAN5:Gene	VFDICPAN5_00168	VFDICPAN5_1:119182-119421	VFDICPAN5_00168
prokka_VFDICPAN5_pseudofinder/VFDICPAN5:Gene	VFDICPAN5_00170	VFDICPAN5_1:120519-120926	VFDICPAN5_00170
prokka_VFDICPAN5_pseudofinder/VFDICPAN5:Gene	aroB	VFDICPAN5_1:120916-121959	VFDICPAN5_00171
prokka_VFDICPAN5_pseudofinder/VFDICPAN5:Gene	VFDICPAN5_00172	VFDICPAN5_1:121936-122007	VFDICPAN5_00172

DiscRep_ALL:OVERLAPPING_CDS::4 coding regions overlap another coding region with a similar or identical name.
DiscRep_SUB:OVERLAPPING_CDS::4 coding regions overlap another coding region with a similar or identical name that do not have the appropriate note text
prokka_VFDICPAN5_pseudofinder/VFDICPAN5:CDS	Carbamoyl-phosphate synthase large chain	VFDICPAN5_1:55359-57101	VFDICPAN5_00067
prokka_VFDICPAN5_pseudofinder/VFDICPAN5:CDS	Carbamoyl-phosphate synthase large chain	VFDICPAN5_1:57050-58465	VFDICPAN5_00068
prokka_VFDICPAN5_pseudofinder/VFDICPAN5:CDS	3-phosphoshikimate 1-carboxyvinyltransferase	VFDICPAN5_1:88032-88358	VFDICPAN5_00120
prokka_VFDICPAN5_pseudofinder/VFDICPAN5:CDS	3-phosphoshikimate 1-carboxyvinyltransferase	VFDICPAN5_1:88322-89293	VFDICPAN5_00121

FATAL: DiscRep_ALL:RNA_CDS_OVERLAP::20 coding regions overlap RNA features
FATAL: DiscRep_SUB:RNA_CDS_OVERLAP::1 coding regions are completely contained in RNAs
prokka_VFDICPAN5_pseudofinder/VFDICPAN5:CDS	hypothetical protein	VFDICPAN5_1:106079-106222	VFDICPAN5_00142
prokka_VFDICPAN5_pseudofinder/VFDICPAN5:rRNA	23S ribosomal RNA	VFDICPAN5_1:c108051-105283	VFDICPAN5_00141

FATAL: DiscRep_SUB:RNA_CDS_OVERLAP::1 coding regions completely contain tRNAs
prokka_VFDICPAN5_pseudofinder/VFDICPAN5:CDS	Chorismate synthase	VFDICPAN5_1:c71929-70700	VFDICPAN5_00095
prokka_VFDICPAN5_pseudofinder/VFDICPAN5:tRNA	Arg	VFDICPAN5_1:c71838-71768	VFDICPAN5_00096

DiscRep_SUB:RNA_CDS_OVERLAP::18 coding regions overlap RNAs (no containment)
DiscRep_SUB:RNA_CDS_OVERLAP::11 coding regions overlap RNAs on the same strand (no containment)
prokka_VFDICPAN5_pseudofinder/VFDICPAN5:CDS	Elongation factor Tu	VFDICPAN5_1:1-1191	VFDICPAN5_00001
prokka_VFDICPAN5_pseudofinder/VFDICPAN5:tRNA	Trp	VFDICPAN5_1:1189-1262	VFDICPAN5_00002
prokka_VFDICPAN5_pseudofinder/VFDICPAN5:CDS	Peptide deformylase	VFDICPAN5_1:13601-14020	VFDICPAN5_00013
prokka_VFDICPAN5_pseudofinder/VFDICPAN5:tRNA	Phe	VFDICPAN5_1:14014-14085	VFDICPAN5_00014
prokka_VFDICPAN5_pseudofinder/VFDICPAN5:CDS	Aspartate kinase	VFDICPAN5_1:25806-26945	VFDICPAN5_00030
prokka_VFDICPAN5_pseudofinder/VFDICPAN5:tRNA	Ser	VFDICPAN5_1:26944-27029	VFDICPAN5_00031
prokka_VFDICPAN5_pseudofinder/VFDICPAN5:CDS	hypothetical protein	VFDICPAN5_1:48075-48245	VFDICPAN5_00050
prokka_VFDICPAN5_pseudofinder/VFDICPAN5:tRNA	Leu	VFDICPAN5_1:48225-48307	VFDICPAN5_00051
prokka_VFDICPAN5_pseudofinder/VFDICPAN5:CDS	DNA polymerase III subunit epsilon	VFDICPAN5_1:c54314-53787	VFDICPAN5_00065
prokka_VFDICPAN5_pseudofinder/VFDICPAN5:tRNA	Gly	VFDICPAN5_1:c53801-53730	VFDICPAN5_00064
prokka_VFDICPAN5_pseudofinder/VFDICPAN5:CDS	ATP-dependent Clp protease ATP-binding subunit ClpX	VFDICPAN5_1:59532-60698	VFDICPAN5_00071
prokka_VFDICPAN5_pseudofinder/VFDICPAN5:tRNA	Val	VFDICPAN5_1:60696-60769	VFDICPAN5_00072
prokka_VFDICPAN5_pseudofinder/VFDICPAN5:CDS	Phosphoribosyl-ATP pyrophosphatase	VFDICPAN5_1:68309-68587	VFDICPAN5_00086
prokka_VFDICPAN5_pseudofinder/VFDICPAN5:tRNA	Thr	VFDICPAN5_1:68578-68648	VFDICPAN5_00087
prokka_VFDICPAN5_pseudofinder/VFDICPAN5:CDS	50S ribosomal protein L20	VFDICPAN5_1:c69999-69637	VFDICPAN5_00091
prokka_VFDICPAN5_pseudofinder/VFDICPAN5:tRNA	Lys	VFDICPAN5_1:c69646-69573	VFDICPAN5_00090
prokka_VFDICPAN5_pseudofinder/VFDICPAN5:CDS	Chorismate synthase	VFDICPAN5_1:c71929-70700	VFDICPAN5_00095
prokka_VFDICPAN5_pseudofinder/VFDICPAN5:tRNA	Val	VFDICPAN5_1:c70701-70630	VFDICPAN5_00094
prokka_VFDICPAN5_pseudofinder/VFDICPAN5:CDS	Glutamyl-Q tRNA(Asp) synthetase	VFDICPAN5_1:c82961-81750	VFDICPAN5_00113
prokka_VFDICPAN5_pseudofinder/VFDICPAN5:tRNA	Glu	VFDICPAN5_1:c81765-81693	VFDICPAN5_00112
prokka_VFDICPAN5_pseudofinder/VFDICPAN5:CDS	3-dehydroquinate synthase	VFDICPAN5_1:120916-121959	VFDICPAN5_00171
prokka_VFDICPAN5_pseudofinder/VFDICPAN5:tRNA	Met	VFDICPAN5_1:121936-122007	VFDICPAN5_00172

DiscRep_SUB:RNA_CDS_OVERLAP::7 coding regions overlap RNAs on the opposite strand (no containment)
prokka_VFDICPAN5_pseudofinder/VFDICPAN5:CDS	hypothetical protein	VFDICPAN5_1:c27231-27019	VFDICPAN5_00032
prokka_VFDICPAN5_pseudofinder/VFDICPAN5:tRNA	Ser	VFDICPAN5_1:26944-27029	VFDICPAN5_00031
prokka_VFDICPAN5_pseudofinder/VFDICPAN5:CDS	hypothetical protein	VFDICPAN5_1:53522-53686	VFDICPAN5_00062
prokka_VFDICPAN5_pseudofinder/VFDICPAN5:tRNA	Cys	VFDICPAN5_1:c53729-53658	VFDICPAN5_00063
prokka_VFDICPAN5_pseudofinder/VFDICPAN5:CDS	hypothetical protein	VFDICPAN5_1:62404-62592	VFDICPAN5_00075
prokka_VFDICPAN5_pseudofinder/VFDICPAN5:tRNA	Leu	VFDICPAN5_1:c62594-62512	VFDICPAN5_00076
prokka_VFDICPAN5_pseudofinder/VFDICPAN5:CDS	hypothetical protein	VFDICPAN5_1:62404-62592	VFDICPAN5_00075
prokka_VFDICPAN5_pseudofinder/VFDICPAN5:tRNA	Ser	VFDICPAN5_1:c62678-62592	VFDICPAN5_00077
prokka_VFDICPAN5_pseudofinder/VFDICPAN5:CDS	Ornithine carbamoyltransferase	VFDICPAN5_1:68748-69575	VFDICPAN5_00089
prokka_VFDICPAN5_pseudofinder/VFDICPAN5:tRNA	Lys	VFDICPAN5_1:c69646-69573	VFDICPAN5_00090
prokka_VFDICPAN5_pseudofinder/VFDICPAN5:CDS	hypothetical protein	VFDICPAN5_1:81412-81618	VFDICPAN5_00110
prokka_VFDICPAN5_pseudofinder/VFDICPAN5:tRNA	Asp	VFDICPAN5_1:c81693-81618	VFDICPAN5_00111
prokka_VFDICPAN5_pseudofinder/VFDICPAN5:CDS	Argininosuccinate synthase	VFDICPAN5_1:103928-105154	VFDICPAN5_00140
prokka_VFDICPAN5_pseudofinder/VFDICPAN5:tRNA	Ala	VFDICPAN5_1:c103928-103855	VFDICPAN5_00139

DiscRep_ALL:DISC_QUALITY_SCORES::Quality scores are missing on all sequences.

DiscRep_ALL:ONCALLER_COMMENT_PRESENT::1 comment descriptors were found (all same)
prokka_VFDICPAN5_pseudofinder/VFDICPAN5:Prokka:VFDICPAN5_1:Annotated using prokka 1.14.6 from https://github.com/tseemann/prokka

DiscRep_ALL:SHORT_PROT_SEQUENCES::4 protein sequences are shorter than 50 aa.
prokka_VFDICPAN5_pseudofinder/VFDICPAN5:Prokka:VFDICPAN5_00034 (length 49)
prokka_VFDICPAN5_pseudofinder/VFDICPAN5:Prokka:VFDICPAN5_00119 (length 29)
prokka_VFDICPAN5_pseudofinder/VFDICPAN5:Prokka:VFDICPAN5_00142 (length 47)
prokka_VFDICPAN5_pseudofinder/VFDICPAN5:Prokka:VFDICPAN5_00163 (length 37)

DiscRep_ALL:MISSING_GENOMEASSEMBLY_COMMENTS::1 bioseqs are missing GenomeAssembly structured comments
prokka_VFDICPAN5_pseudofinder/VFDICPAN5:Prokka:VFDICPAN5_1 (length 122171)

DiscRep_ALL:FIND_OVERLAPPED_GENES::1 genes completely overlapped by other genes
prokka_VFDICPAN5_pseudofinder/VFDICPAN5:Gene	VFDICPAN5_00096	VFDICPAN5_1:c71838-71768	VFDICPAN5_00096

DiscRep_ALL:MOLTYPE_NOT_MRNA::1 molecule types are not set as mRNA.
prokka_VFDICPAN5_pseudofinder/VFDICPAN5:Prokka:VFDICPAN5_1 (length 122171)

DiscRep_ALL:TECHNIQUE_NOT_TSA::1 technique are not set as TSA
prokka_VFDICPAN5_pseudofinder/VFDICPAN5:Prokka:VFDICPAN5_1 (length 122171)

DiscRep_ALL:MISSING_STRUCTURED_COMMENT::1 sequences do not include structured comments.
prokka_VFDICPAN5_pseudofinder/VFDICPAN5:Prokka:VFDICPAN5_1 (length 122171)

DiscRep_ALL:MISSING_PROJECT::147 sequences do not include project.
prokka_VFDICPAN5_pseudofinder/VFDICPAN5:Prokka:VFDICPAN5_1 (length 122171)
prokka_VFDICPAN5_pseudofinder/VFDICPAN5:Prokka:VFDICPAN5_00001 (length 396)
prokka_VFDICPAN5_pseudofinder/VFDICPAN5:Prokka:VFDICPAN5_00003 (length 130)
prokka_VFDICPAN5_pseudofinder/VFDICPAN5:Prokka:VFDICPAN5_00004 (length 194)
prokka_VFDICPAN5_pseudofinder/VFDICPAN5:Prokka:VFDICPAN5_00005 (length 158)
prokka_VFDICPAN5_pseudofinder/VFDICPAN5:Prokka:VFDICPAN5_00006 (length 116)
prokka_VFDICPAN5_pseudofinder/VFDICPAN5:Prokka:VFDICPAN5_00007 (length 1226)
prokka_VFDICPAN5_pseudofinder/VFDICPAN5:Prokka:VFDICPAN5_00008 (length 1255)
prokka_VFDICPAN5_pseudofinder/VFDICPAN5:Prokka:VFDICPAN5_00009 (length 128)
prokka_VFDICPAN5_pseudofinder/VFDICPAN5:Prokka:VFDICPAN5_00010 (length 157)
prokka_VFDICPAN5_pseudofinder/VFDICPAN5:Prokka:VFDICPAN5_00011 (length 675)
prokka_VFDICPAN5_pseudofinder/VFDICPAN5:Prokka:VFDICPAN5_00012 (length 101)
prokka_VFDICPAN5_pseudofinder/VFDICPAN5:Prokka:VFDICPAN5_00013 (length 139)
prokka_VFDICPAN5_pseudofinder/VFDICPAN5:Prokka:VFDICPAN5_00015 (length 113)
prokka_VFDICPAN5_pseudofinder/VFDICPAN5:Prokka:VFDICPAN5_00016 (length 236)
prokka_VFDICPAN5_pseudofinder/VFDICPAN5:Prokka:VFDICPAN5_00017 (length 360)
prokka_VFDICPAN5_pseudofinder/VFDICPAN5:Prokka:VFDICPAN5_00018 (length 130)
prokka_VFDICPAN5_pseudofinder/VFDICPAN5:Prokka:VFDICPAN5_00019 (length 102)
prokka_VFDICPAN5_pseudofinder/VFDICPAN5:Prokka:VFDICPAN5_00020 (length 274)
prokka_VFDICPAN5_pseudofinder/VFDICPAN5:Prokka:VFDICPAN5_00021 (length 183)
prokka_VFDICPAN5_pseudofinder/VFDICPAN5:Prokka:VFDICPAN5_00022 (length 285)
prokka_VFDICPAN5_pseudofinder/VFDICPAN5:Prokka:VFDICPAN5_00023 (length 166)
prokka_VFDICPAN5_pseudofinder/VFDICPAN5:Prokka:VFDICPAN5_00024 (length 181)
prokka_VFDICPAN5_pseudofinder/VFDICPAN5:Prokka:VFDICPAN5_00025 (length 375)
prokka_VFDICPAN5_pseudofinder/VFDICPAN5:Prokka:VFDICPAN5_00026 (length 424)
prokka_VFDICPAN5_pseudofinder/VFDICPAN5:Prokka:VFDICPAN5_00027 (length 228)
prokka_VFDICPAN5_pseudofinder/VFDICPAN5:Prokka:VFDICPAN5_00028 (length 301)
prokka_VFDICPAN5_pseudofinder/VFDICPAN5:Prokka:VFDICPAN5_00029 (length 311)
prokka_VFDICPAN5_pseudofinder/VFDICPAN5:Prokka:VFDICPAN5_00030 (length 379)
prokka_VFDICPAN5_pseudofinder/VFDICPAN5:Prokka:VFDICPAN5_00032 (length 70)
prokka_VFDICPAN5_pseudofinder/VFDICPAN5:Prokka:VFDICPAN5_00033 (length 731)
prokka_VFDICPAN5_pseudofinder/VFDICPAN5:Prokka:VFDICPAN5_00034 (length 49)
prokka_VFDICPAN5_pseudofinder/VFDICPAN5:Prokka:VFDICPAN5_00035 (length 725)
prokka_VFDICPAN5_pseudofinder/VFDICPAN5:Prokka:VFDICPAN5_00036 (length 221)
prokka_VFDICPAN5_pseudofinder/VFDICPAN5:Prokka:VFDICPAN5_00037 (length 375)
prokka_VFDICPAN5_pseudofinder/VFDICPAN5:Prokka:VFDICPAN5_00038 (length 287)
prokka_VFDICPAN5_pseudofinder/VFDICPAN5:Prokka:VFDICPAN5_00039 (length 246)
prokka_VFDICPAN5_pseudofinder/VFDICPAN5:Prokka:VFDICPAN5_00040 (length 335)
prokka_VFDICPAN5_pseudofinder/VFDICPAN5:Prokka:VFDICPAN5_00041 (length 186)
prokka_VFDICPAN5_pseudofinder/VFDICPAN5:Prokka:VFDICPAN5_00042 (length 409)
prokka_VFDICPAN5_pseudofinder/VFDICPAN5:Prokka:VFDICPAN5_00043 (length 460)
prokka_VFDICPAN5_pseudofinder/VFDICPAN5:Prokka:VFDICPAN5_00044 (length 320)
prokka_VFDICPAN5_pseudofinder/VFDICPAN5:Prokka:VFDICPAN5_00045 (length 430)
prokka_VFDICPAN5_pseudofinder/VFDICPAN5:Prokka:VFDICPAN5_00046 (length 339)
prokka_VFDICPAN5_pseudofinder/VFDICPAN5:Prokka:VFDICPAN5_00047 (length 52)
prokka_VFDICPAN5_pseudofinder/VFDICPAN5:Prokka:VFDICPAN5_00048 (length 464)
prokka_VFDICPAN5_pseudofinder/VFDICPAN5:Prokka:VFDICPAN5_00049 (length 961)
prokka_VFDICPAN5_pseudofinder/VFDICPAN5:Prokka:VFDICPAN5_00050 (length 56)
prokka_VFDICPAN5_pseudofinder/VFDICPAN5:Prokka:VFDICPAN5_00054 (length 207)
prokka_VFDICPAN5_pseudofinder/VFDICPAN5:Prokka:VFDICPAN5_00055 (length 321)
prokka_VFDICPAN5_pseudofinder/VFDICPAN5:Prokka:VFDICPAN5_00056 (length 198)
prokka_VFDICPAN5_pseudofinder/VFDICPAN5:Prokka:VFDICPAN5_00057 (length 375)
prokka_VFDICPAN5_pseudofinder/VFDICPAN5:Prokka:VFDICPAN5_00058 (length 224)
prokka_VFDICPAN5_pseudofinder/VFDICPAN5:Prokka:VFDICPAN5_00059 (length 87)
prokka_VFDICPAN5_pseudofinder/VFDICPAN5:Prokka:VFDICPAN5_00060 (length 75)
prokka_VFDICPAN5_pseudofinder/VFDICPAN5:Prokka:VFDICPAN5_00062 (length 54)
prokka_VFDICPAN5_pseudofinder/VFDICPAN5:Prokka:VFDICPAN5_00065 (length 175)
prokka_VFDICPAN5_pseudofinder/VFDICPAN5:Prokka:VFDICPAN5_00066 (length 349)
prokka_VFDICPAN5_pseudofinder/VFDICPAN5:Prokka:VFDICPAN5_00067 (length 580)
prokka_VFDICPAN5_pseudofinder/VFDICPAN5:Prokka:VFDICPAN5_00068 (length 471)
prokka_VFDICPAN5_pseudofinder/VFDICPAN5:Prokka:VFDICPAN5_00069 (length 186)
prokka_VFDICPAN5_pseudofinder/VFDICPAN5:Prokka:VFDICPAN5_00070 (length 187)
prokka_VFDICPAN5_pseudofinder/VFDICPAN5:Prokka:VFDICPAN5_00071 (length 388)
prokka_VFDICPAN5_pseudofinder/VFDICPAN5:Prokka:VFDICPAN5_00073 (length 196)
prokka_VFDICPAN5_pseudofinder/VFDICPAN5:Prokka:VFDICPAN5_00074 (length 339)
prokka_VFDICPAN5_pseudofinder/VFDICPAN5:Prokka:VFDICPAN5_00075 (length 62)
prokka_VFDICPAN5_pseudofinder/VFDICPAN5:Prokka:VFDICPAN5_00078 (length 193)
prokka_VFDICPAN5_pseudofinder/VFDICPAN5:Prokka:VFDICPAN5_00079 (length 418)
prokka_VFDICPAN5_pseudofinder/VFDICPAN5:Prokka:VFDICPAN5_00080 (length 334)
prokka_VFDICPAN5_pseudofinder/VFDICPAN5:Prokka:VFDICPAN5_00081 (length 190)
prokka_VFDICPAN5_pseudofinder/VFDICPAN5:Prokka:VFDICPAN5_00082 (length 196)
prokka_VFDICPAN5_pseudofinder/VFDICPAN5:Prokka:VFDICPAN5_00083 (length 228)
prokka_VFDICPAN5_pseudofinder/VFDICPAN5:Prokka:VFDICPAN5_00084 (length 248)
prokka_VFDICPAN5_pseudofinder/VFDICPAN5:Prokka:VFDICPAN5_00085 (length 105)
prokka_VFDICPAN5_pseudofinder/VFDICPAN5:Prokka:VFDICPAN5_00086 (length 92)
prokka_VFDICPAN5_pseudofinder/VFDICPAN5:Prokka:VFDICPAN5_00089 (length 275)
prokka_VFDICPAN5_pseudofinder/VFDICPAN5:Prokka:VFDICPAN5_00091 (length 120)
prokka_VFDICPAN5_pseudofinder/VFDICPAN5:Prokka:VFDICPAN5_00092 (length 54)
prokka_VFDICPAN5_pseudofinder/VFDICPAN5:Prokka:VFDICPAN5_00093 (length 150)
prokka_VFDICPAN5_pseudofinder/VFDICPAN5:Prokka:VFDICPAN5_00095 (length 409)
prokka_VFDICPAN5_pseudofinder/VFDICPAN5:Prokka:VFDICPAN5_00099 (length 123)
prokka_VFDICPAN5_pseudofinder/VFDICPAN5:Prokka:VFDICPAN5_00100 (length 171)
prokka_VFDICPAN5_pseudofinder/VFDICPAN5:Prokka:VFDICPAN5_00101 (length 319)
prokka_VFDICPAN5_pseudofinder/VFDICPAN5:Prokka:VFDICPAN5_00102 (length 354)
prokka_VFDICPAN5_pseudofinder/VFDICPAN5:Prokka:VFDICPAN5_00103 (length 242)
prokka_VFDICPAN5_pseudofinder/VFDICPAN5:Prokka:VFDICPAN5_00104 (length 356)
prokka_VFDICPAN5_pseudofinder/VFDICPAN5:Prokka:VFDICPAN5_00105 (length 461)
prokka_VFDICPAN5_pseudofinder/VFDICPAN5:Prokka:VFDICPAN5_00106 (length 397)
prokka_VFDICPAN5_pseudofinder/VFDICPAN5:Prokka:VFDICPAN5_00107 (length 419)
prokka_VFDICPAN5_pseudofinder/VFDICPAN5:Prokka:VFDICPAN5_00108 (length 58)
prokka_VFDICPAN5_pseudofinder/VFDICPAN5:Prokka:VFDICPAN5_00109 (length 105)
prokka_VFDICPAN5_pseudofinder/VFDICPAN5:Prokka:VFDICPAN5_00110 (length 68)
prokka_VFDICPAN5_pseudofinder/VFDICPAN5:Prokka:VFDICPAN5_00113 (length 403)
prokka_VFDICPAN5_pseudofinder/VFDICPAN5:Prokka:VFDICPAN5_00114 (length 236)
prokka_VFDICPAN5_pseudofinder/VFDICPAN5:Prokka:VFDICPAN5_00115 (length 96)
prokka_VFDICPAN5_pseudofinder/VFDICPAN5:Prokka:VFDICPAN5_00116 (length 598)
prokka_VFDICPAN5_pseudofinder/VFDICPAN5:Prokka:VFDICPAN5_00117 (length 88)
prokka_VFDICPAN5_pseudofinder/VFDICPAN5:Prokka:VFDICPAN5_00118 (length 530)
prokka_VFDICPAN5_pseudofinder/VFDICPAN5:Prokka:VFDICPAN5_00119 (length 29)
prokka_VFDICPAN5_pseudofinder/VFDICPAN5:Prokka:VFDICPAN5_00120 (length 108)
prokka_VFDICPAN5_pseudofinder/VFDICPAN5:Prokka:VFDICPAN5_00121 (length 323)
prokka_VFDICPAN5_pseudofinder/VFDICPAN5:Prokka:VFDICPAN5_00122 (length 70)
prokka_VFDICPAN5_pseudofinder/VFDICPAN5:Prokka:VFDICPAN5_00123 (length 53)
prokka_VFDICPAN5_pseudofinder/VFDICPAN5:Prokka:VFDICPAN5_00124 (length 320)
prokka_VFDICPAN5_pseudofinder/VFDICPAN5:Prokka:VFDICPAN5_00125 (length 236)
prokka_VFDICPAN5_pseudofinder/VFDICPAN5:Prokka:VFDICPAN5_00126 (length 341)
prokka_VFDICPAN5_pseudofinder/VFDICPAN5:Prokka:VFDICPAN5_00127 (length 601)
prokka_VFDICPAN5_pseudofinder/VFDICPAN5:Prokka:VFDICPAN5_00128 (length 140)
prokka_VFDICPAN5_pseudofinder/VFDICPAN5:Prokka:VFDICPAN5_00129 (length 324)
prokka_VFDICPAN5_pseudofinder/VFDICPAN5:Prokka:VFDICPAN5_00130 (length 331)
prokka_VFDICPAN5_pseudofinder/VFDICPAN5:Prokka:VFDICPAN5_00131 (length 681)
prokka_VFDICPAN5_pseudofinder/VFDICPAN5:Prokka:VFDICPAN5_00132 (length 211)
prokka_VFDICPAN5_pseudofinder/VFDICPAN5:Prokka:VFDICPAN5_00133 (length 404)
prokka_VFDICPAN5_pseudofinder/VFDICPAN5:Prokka:VFDICPAN5_00134 (length 218)
prokka_VFDICPAN5_pseudofinder/VFDICPAN5:Prokka:VFDICPAN5_00135 (length 138)
prokka_VFDICPAN5_pseudofinder/VFDICPAN5:Prokka:VFDICPAN5_00136 (length 79)
prokka_VFDICPAN5_pseudofinder/VFDICPAN5:Prokka:VFDICPAN5_00137 (length 114)
prokka_VFDICPAN5_pseudofinder/VFDICPAN5:Prokka:VFDICPAN5_00138 (length 263)
prokka_VFDICPAN5_pseudofinder/VFDICPAN5:Prokka:VFDICPAN5_00140 (length 408)
prokka_VFDICPAN5_pseudofinder/VFDICPAN5:Prokka:VFDICPAN5_00142 (length 47)
prokka_VFDICPAN5_pseudofinder/VFDICPAN5:Prokka:VFDICPAN5_00145 (length 149)
prokka_VFDICPAN5_pseudofinder/VFDICPAN5:Prokka:VFDICPAN5_00146 (length 200)
prokka_VFDICPAN5_pseudofinder/VFDICPAN5:Prokka:VFDICPAN5_00147 (length 90)
prokka_VFDICPAN5_pseudofinder/VFDICPAN5:Prokka:VFDICPAN5_00148 (length 259)
prokka_VFDICPAN5_pseudofinder/VFDICPAN5:Prokka:VFDICPAN5_00149 (length 88)
prokka_VFDICPAN5_pseudofinder/VFDICPAN5:Prokka:VFDICPAN5_00150 (length 100)
prokka_VFDICPAN5_pseudofinder/VFDICPAN5:Prokka:VFDICPAN5_00151 (length 206)
prokka_VFDICPAN5_pseudofinder/VFDICPAN5:Prokka:VFDICPAN5_00152 (length 130)
prokka_VFDICPAN5_pseudofinder/VFDICPAN5:Prokka:VFDICPAN5_00153 (length 77)
prokka_VFDICPAN5_pseudofinder/VFDICPAN5:Prokka:VFDICPAN5_00154 (length 121)
prokka_VFDICPAN5_pseudofinder/VFDICPAN5:Prokka:VFDICPAN5_00155 (length 168)
prokka_VFDICPAN5_pseudofinder/VFDICPAN5:Prokka:VFDICPAN5_00156 (length 91)
prokka_VFDICPAN5_pseudofinder/VFDICPAN5:Prokka:VFDICPAN5_00157 (length 122)
prokka_VFDICPAN5_pseudofinder/VFDICPAN5:Prokka:VFDICPAN5_00158 (length 175)
prokka_VFDICPAN5_pseudofinder/VFDICPAN5:Prokka:VFDICPAN5_00159 (length 98)
prokka_VFDICPAN5_pseudofinder/VFDICPAN5:Prokka:VFDICPAN5_00160 (length 140)
prokka_VFDICPAN5_pseudofinder/VFDICPAN5:Prokka:VFDICPAN5_00161 (length 97)
prokka_VFDICPAN5_pseudofinder/VFDICPAN5:Prokka:VFDICPAN5_00162 (length 73)
prokka_VFDICPAN5_pseudofinder/VFDICPAN5:Prokka:VFDICPAN5_00163 (length 37)
prokka_VFDICPAN5_pseudofinder/VFDICPAN5:Prokka:VFDICPAN5_00164 (length 114)
prokka_VFDICPAN5_pseudofinder/VFDICPAN5:Prokka:VFDICPAN5_00165 (length 124)
prokka_VFDICPAN5_pseudofinder/VFDICPAN5:Prokka:VFDICPAN5_00166 (length 213)
prokka_VFDICPAN5_pseudofinder/VFDICPAN5:Prokka:VFDICPAN5_00167 (length 287)
prokka_VFDICPAN5_pseudofinder/VFDICPAN5:Prokka:VFDICPAN5_00168 (length 79)
prokka_VFDICPAN5_pseudofinder/VFDICPAN5:Prokka:VFDICPAN5_00169 (length 361)
prokka_VFDICPAN5_pseudofinder/VFDICPAN5:Prokka:VFDICPAN5_00170 (length 135)
prokka_VFDICPAN5_pseudofinder/VFDICPAN5:Prokka:VFDICPAN5_00171 (length 347)

DiscRep_ALL:DISC_INCONSISTENT_MOLINFO_TECH::Molinfo Technique Report (some missing, all same)
DiscRep_SUB:DISC_INCONSISTENT_MOLINFO_TECH::technique (all missing)
DiscRep_SUB:DISC_INCONSISTENT_MOLINFO_TECH::1 Molinfos are missing field technique
prokka_VFDICPAN5_pseudofinder/VFDICPAN5:Prokka:VFDICPAN5_1 (length 122171)

