Discrepancy Report Results

Summary
DISC_SOURCE_QUALS_ASNDISC:strain (all present, all unique)
DISC_SOURCE_QUALS_ASNDISC:taxname (all present, all unique)
DISC_FEATURE_COUNT:gene: 170 present
DISC_FEATURE_COUNT:CDS: 137 present
DISC_FEATURE_COUNT:tRNA: 29 present
DISC_FEATURE_COUNT:rRNA: 3 present
DISC_FEATURE_COUNT:tmRNA: 1 present
DISC_COUNT_NUCLEOTIDES:1 nucleotide Bioseqs are present
OVERLAPPING_GENES:47 genes overlap another gene on the same strand.
DISC_QUALITY_SCORES:Quality scores are missing on all sequences.
ONCALLER_COMMENT_PRESENT:1 comment descriptors were found (all same)
SHORT_PROT_SEQUENCES:2 protein sequences are shorter than 50 aa.
MISSING_GENOMEASSEMBLY_COMMENTS:1 bioseqs are missing GenomeAssembly structured comments
MOLTYPE_NOT_MRNA:1 molecule types are not set as mRNA.
TECHNIQUE_NOT_TSA:1 technique are not set as TSA
MISSING_STRUCTURED_COMMENT:1 sequences do not include structured comments.
MISSING_PROJECT:138 sequences do not include project.
DISC_INCONSISTENT_MOLINFO_TECH:Molinfo Technique Report (some missing, all same)


Detailed Report

DiscRep_ALL:DISC_SOURCE_QUALS_ASNDISC::strain (all present, all unique)
DiscRep_SUB:DISC_SOURCE_QUALS_ASNDISC::1 sources have unique values for strain
DiscRep_ALL:DISC_SOURCE_QUALS_ASNDISC::taxname (all present, all unique)
DiscRep_SUB:DISC_SOURCE_QUALS_ASNDISC::1 sources have unique values for taxname
DiscRep_ALL:DISC_FEATURE_COUNT::gene: 170 present
DiscRep_ALL:DISC_FEATURE_COUNT::CDS: 137 present
DiscRep_ALL:DISC_FEATURE_COUNT::tRNA: 29 present
DiscRep_ALL:DISC_FEATURE_COUNT::rRNA: 3 present
DiscRep_ALL:DISC_FEATURE_COUNT::tmRNA: 1 present
DiscRep_ALL:DISC_COUNT_NUCLEOTIDES::1 nucleotide Bioseqs are present
prokka_SMSCODIS/SMSCODIS:Prokka:SMSCODIS_1 (length 140757)

DiscRep_ALL:OVERLAPPING_GENES::47 genes overlap another gene on the same strand.
prokka_SMSCODIS/SMSCODIS:Gene	prfA	SMSCODIS_1:7340-8428	SMSCODIS_00007
prokka_SMSCODIS/SMSCODIS:Gene	rsmA	SMSCODIS_1:8406-9188	SMSCODIS_00008
prokka_SMSCODIS/SMSCODIS:Gene	rpsR	SMSCODIS_1:c18437-18168	SMSCODIS_00018
prokka_SMSCODIS/SMSCODIS:Gene	rpsF	SMSCODIS_1:c18798-18415	SMSCODIS_00019
prokka_SMSCODIS/SMSCODIS:Gene	rpmA	SMSCODIS_1:c19365-19108	SMSCODIS_00021
prokka_SMSCODIS/SMSCODIS:Gene	rplU	SMSCODIS_1:c19729-19355	SMSCODIS_00022
prokka_SMSCODIS/SMSCODIS:Gene	grpE	SMSCODIS_1:44003-44557	SMSCODIS_00052
prokka_SMSCODIS/SMSCODIS:Gene	dnaJ	SMSCODIS_1:44550-45722	SMSCODIS_00053
prokka_SMSCODIS/SMSCODIS:Gene	rpmI	SMSCODIS_1:c49141-48935	SMSCODIS_00058
prokka_SMSCODIS/SMSCODIS:Gene	infC	SMSCODIS_1:c49703-49086	SMSCODIS_00059
prokka_SMSCODIS/SMSCODIS:Gene	rplM	SMSCODIS_1:51734-52141	SMSCODIS_00061
prokka_SMSCODIS/SMSCODIS:Gene	rpsI	SMSCODIS_1:52141-52533	SMSCODIS_00062
prokka_SMSCODIS/SMSCODIS:Gene	rpsB	SMSCODIS_1:52539-53264	SMSCODIS_00063
prokka_SMSCODIS/SMSCODIS:Gene	tsf	SMSCODIS_1:53242-53874	SMSCODIS_00064
prokka_SMSCODIS/SMSCODIS:Gene	mutS	SMSCODIS_1:c56744-54177	SMSCODIS_00067
prokka_SMSCODIS/SMSCODIS:Gene	clpX	SMSCODIS_1:c58014-56731	SMSCODIS_00068
prokka_SMSCODIS/SMSCODIS:Gene	clpP	SMSCODIS_1:c58691-58035	SMSCODIS_00069
prokka_SMSCODIS/SMSCODIS:Gene	dnaX	SMSCODIS_1:c59830-58634	SMSCODIS_00070
prokka_SMSCODIS/SMSCODIS:Gene	rplK	SMSCODIS_1:68762-69199	SMSCODIS_00084
prokka_SMSCODIS/SMSCODIS:Gene	rplA	SMSCODIS_1:69168-69866	SMSCODIS_00085
prokka_SMSCODIS/SMSCODIS:Gene	rplJ	SMSCODIS_1:69809-70351	SMSCODIS_00086
prokka_SMSCODIS/SMSCODIS:Gene	rplL	SMSCODIS_1:70341-70709	SMSCODIS_00087
prokka_SMSCODIS/SMSCODIS:Gene	rpmG	SMSCODIS_1:c80772-80587	SMSCODIS_00093
prokka_SMSCODIS/SMSCODIS:Gene	rpmB	SMSCODIS_1:c80992-80762	SMSCODIS_00094
prokka_SMSCODIS/SMSCODIS:Gene	leuA	SMSCODIS_1:86701-87879	SMSCODIS_00098
prokka_SMSCODIS/SMSCODIS:Gene	leuC	SMSCODIS_1:87857-89266	SMSCODIS_00099
prokka_SMSCODIS/SMSCODIS:Gene	leuD	SMSCODIS_1:89253-89861	SMSCODIS_00100
prokka_SMSCODIS/SMSCODIS:Gene	sufC	SMSCODIS_1:101242-101994	SMSCODIS_00114
prokka_SMSCODIS/SMSCODIS:Gene	sufD	SMSCODIS_1:101985-103355	SMSCODIS_00115
prokka_SMSCODIS/SMSCODIS:Gene	sufS	SMSCODIS_1:103321-104550	SMSCODIS_00116
prokka_SMSCODIS/SMSCODIS:Gene	pnp	SMSCODIS_1:c112116-109936	SMSCODIS_00126
prokka_SMSCODIS/SMSCODIS:Gene	SMSCODIS_00127	SMSCODIS_1:c112319-112101	SMSCODIS_00127
prokka_SMSCODIS/SMSCODIS:Gene	rpsJ	SMSCODIS_1:116256-116552	SMSCODIS_00133
prokka_SMSCODIS/SMSCODIS:Gene	rplC	SMSCODIS_1:116546-117181	SMSCODIS_00134
prokka_SMSCODIS/SMSCODIS:Gene	rplD	SMSCODIS_1:117175-117822	SMSCODIS_00135
prokka_SMSCODIS/SMSCODIS:Gene	rpsS	SMSCODIS_1:118964-119269	SMSCODIS_00138
prokka_SMSCODIS/SMSCODIS:Gene	rplV	SMSCODIS_1:119262-119654	SMSCODIS_00139
prokka_SMSCODIS/SMSCODIS:Gene	rpsC	SMSCODIS_1:119639-120340	SMSCODIS_00140
prokka_SMSCODIS/SMSCODIS:Gene	rplP	SMSCODIS_1:120318-120728	SMSCODIS_00141
prokka_SMSCODIS/SMSCODIS:Gene	rpsQ	SMSCODIS_1:120722-120994	SMSCODIS_00142
prokka_SMSCODIS/SMSCODIS:Gene	rplN	SMSCODIS_1:120969-121337	SMSCODIS_00143
prokka_SMSCODIS/SMSCODIS:Gene	SMSCODIS_00144	SMSCODIS_1:121361-121708	SMSCODIS_00144
prokka_SMSCODIS/SMSCODIS:Gene	rplE	SMSCODIS_1:121692-122237	SMSCODIS_00145
prokka_SMSCODIS/SMSCODIS:Gene	rpsM	SMSCODIS_1:125298-125717	SMSCODIS_00154
prokka_SMSCODIS/SMSCODIS:Gene	rpsK	SMSCODIS_1:125672-126031	SMSCODIS_00155
prokka_SMSCODIS/SMSCODIS:Gene	rpoA	SMSCODIS_1:126701-127714	SMSCODIS_00157
prokka_SMSCODIS/SMSCODIS:Gene	rplQ	SMSCODIS_1:127684-128034	SMSCODIS_00158

DiscRep_ALL:DISC_QUALITY_SCORES::Quality scores are missing on all sequences.

DiscRep_ALL:ONCALLER_COMMENT_PRESENT::1 comment descriptors were found (all same)
prokka_SMSCODIS/SMSCODIS:Prokka:SMSCODIS_1:Annotated using prokka 1.13 from https://github.com/tseemann/prokka

DiscRep_ALL:SHORT_PROT_SEQUENCES::2 protein sequences are shorter than 50 aa.
prokka_SMSCODIS/SMSCODIS:Prokka:SMSCODIS_00026 (length 30)
prokka_SMSCODIS/SMSCODIS:Prokka:SMSCODIS_00153 (length 38)

DiscRep_ALL:MISSING_GENOMEASSEMBLY_COMMENTS::1 bioseqs are missing GenomeAssembly structured comments
prokka_SMSCODIS/SMSCODIS:Prokka:SMSCODIS_1 (length 140757)

DiscRep_ALL:MOLTYPE_NOT_MRNA::1 molecule types are not set as mRNA.
prokka_SMSCODIS/SMSCODIS:Prokka:SMSCODIS_1 (length 140757)

DiscRep_ALL:TECHNIQUE_NOT_TSA::1 technique are not set as TSA
prokka_SMSCODIS/SMSCODIS:Prokka:SMSCODIS_1 (length 140757)

DiscRep_ALL:MISSING_STRUCTURED_COMMENT::1 sequences do not include structured comments.
prokka_SMSCODIS/SMSCODIS:Prokka:SMSCODIS_1 (length 140757)

DiscRep_ALL:MISSING_PROJECT::138 sequences do not include project.
prokka_SMSCODIS/SMSCODIS:Prokka:SMSCODIS_1 (length 140757)
prokka_SMSCODIS/SMSCODIS:Prokka:SMSCODIS_00001 (length 216)
prokka_SMSCODIS/SMSCODIS:Prokka:SMSCODIS_00002 (length 870)
prokka_SMSCODIS/SMSCODIS:Prokka:SMSCODIS_00003 (length 110)
prokka_SMSCODIS/SMSCODIS:Prokka:SMSCODIS_00004 (length 369)
prokka_SMSCODIS/SMSCODIS:Prokka:SMSCODIS_00005 (length 384)
prokka_SMSCODIS/SMSCODIS:Prokka:SMSCODIS_00006 (length 420)
prokka_SMSCODIS/SMSCODIS:Prokka:SMSCODIS_00007 (length 362)
prokka_SMSCODIS/SMSCODIS:Prokka:SMSCODIS_00008 (length 260)
prokka_SMSCODIS/SMSCODIS:Prokka:SMSCODIS_00010 (length 1141)
prokka_SMSCODIS/SMSCODIS:Prokka:SMSCODIS_00012 (length 533)
prokka_SMSCODIS/SMSCODIS:Prokka:SMSCODIS_00013 (length 618)
prokka_SMSCODIS/SMSCODIS:Prokka:SMSCODIS_00014 (length 135)
prokka_SMSCODIS/SMSCODIS:Prokka:SMSCODIS_00016 (length 249)
prokka_SMSCODIS/SMSCODIS:Prokka:SMSCODIS_00017 (length 68)
prokka_SMSCODIS/SMSCODIS:Prokka:SMSCODIS_00018 (length 89)
prokka_SMSCODIS/SMSCODIS:Prokka:SMSCODIS_00019 (length 127)
prokka_SMSCODIS/SMSCODIS:Prokka:SMSCODIS_00021 (length 85)
prokka_SMSCODIS/SMSCODIS:Prokka:SMSCODIS_00022 (length 124)
prokka_SMSCODIS/SMSCODIS:Prokka:SMSCODIS_00024 (length 184)
prokka_SMSCODIS/SMSCODIS:Prokka:SMSCODIS_00025 (length 326)
prokka_SMSCODIS/SMSCODIS:Prokka:SMSCODIS_00026 (length 30)
prokka_SMSCODIS/SMSCODIS:Prokka:SMSCODIS_00029 (length 209)
prokka_SMSCODIS/SMSCODIS:Prokka:SMSCODIS_00030 (length 266)
prokka_SMSCODIS/SMSCODIS:Prokka:SMSCODIS_00031 (length 282)
prokka_SMSCODIS/SMSCODIS:Prokka:SMSCODIS_00032 (length 435)
prokka_SMSCODIS/SMSCODIS:Prokka:SMSCODIS_00033 (length 370)
prokka_SMSCODIS/SMSCODIS:Prokka:SMSCODIS_00037 (length 65)
prokka_SMSCODIS/SMSCODIS:Prokka:SMSCODIS_00038 (length 97)
prokka_SMSCODIS/SMSCODIS:Prokka:SMSCODIS_00039 (length 443)
prokka_SMSCODIS/SMSCODIS:Prokka:SMSCODIS_00040 (length 594)
prokka_SMSCODIS/SMSCODIS:Prokka:SMSCODIS_00042 (length 484)
prokka_SMSCODIS/SMSCODIS:Prokka:SMSCODIS_00043 (length 377)
prokka_SMSCODIS/SMSCODIS:Prokka:SMSCODIS_00044 (length 316)
prokka_SMSCODIS/SMSCODIS:Prokka:SMSCODIS_00047 (length 1136)
prokka_SMSCODIS/SMSCODIS:Prokka:SMSCODIS_00049 (length 455)
prokka_SMSCODIS/SMSCODIS:Prokka:SMSCODIS_00050 (length 286)
prokka_SMSCODIS/SMSCODIS:Prokka:SMSCODIS_00051 (length 453)
prokka_SMSCODIS/SMSCODIS:Prokka:SMSCODIS_00052 (length 184)
prokka_SMSCODIS/SMSCODIS:Prokka:SMSCODIS_00053 (length 390)
prokka_SMSCODIS/SMSCODIS:Prokka:SMSCODIS_00054 (length 394)
prokka_SMSCODIS/SMSCODIS:Prokka:SMSCODIS_00055 (length 352)
prokka_SMSCODIS/SMSCODIS:Prokka:SMSCODIS_00056 (length 159)
prokka_SMSCODIS/SMSCODIS:Prokka:SMSCODIS_00057 (length 114)
prokka_SMSCODIS/SMSCODIS:Prokka:SMSCODIS_00058 (length 68)
prokka_SMSCODIS/SMSCODIS:Prokka:SMSCODIS_00059 (length 205)
prokka_SMSCODIS/SMSCODIS:Prokka:SMSCODIS_00060 (length 623)
prokka_SMSCODIS/SMSCODIS:Prokka:SMSCODIS_00061 (length 135)
prokka_SMSCODIS/SMSCODIS:Prokka:SMSCODIS_00062 (length 130)
prokka_SMSCODIS/SMSCODIS:Prokka:SMSCODIS_00063 (length 241)
prokka_SMSCODIS/SMSCODIS:Prokka:SMSCODIS_00064 (length 210)
prokka_SMSCODIS/SMSCODIS:Prokka:SMSCODIS_00067 (length 855)
prokka_SMSCODIS/SMSCODIS:Prokka:SMSCODIS_00068 (length 427)
prokka_SMSCODIS/SMSCODIS:Prokka:SMSCODIS_00069 (length 218)
prokka_SMSCODIS/SMSCODIS:Prokka:SMSCODIS_00070 (length 398)
prokka_SMSCODIS/SMSCODIS:Prokka:SMSCODIS_00076 (length 430)
prokka_SMSCODIS/SMSCODIS:Prokka:SMSCODIS_00077 (length 137)
prokka_SMSCODIS/SMSCODIS:Prokka:SMSCODIS_00082 (length 395)
prokka_SMSCODIS/SMSCODIS:Prokka:SMSCODIS_00084 (length 145)
prokka_SMSCODIS/SMSCODIS:Prokka:SMSCODIS_00085 (length 232)
prokka_SMSCODIS/SMSCODIS:Prokka:SMSCODIS_00086 (length 180)
prokka_SMSCODIS/SMSCODIS:Prokka:SMSCODIS_00087 (length 122)
prokka_SMSCODIS/SMSCODIS:Prokka:SMSCODIS_00088 (length 1245)
prokka_SMSCODIS/SMSCODIS:Prokka:SMSCODIS_00089 (length 1364)
prokka_SMSCODIS/SMSCODIS:Prokka:SMSCODIS_00090 (length 246)
prokka_SMSCODIS/SMSCODIS:Prokka:SMSCODIS_00091 (length 324)
prokka_SMSCODIS/SMSCODIS:Prokka:SMSCODIS_00093 (length 61)
prokka_SMSCODIS/SMSCODIS:Prokka:SMSCODIS_00094 (length 76)
prokka_SMSCODIS/SMSCODIS:Prokka:SMSCODIS_00095 (length 414)
prokka_SMSCODIS/SMSCODIS:Prokka:SMSCODIS_00097 (length 428)
prokka_SMSCODIS/SMSCODIS:Prokka:SMSCODIS_00098 (length 392)
prokka_SMSCODIS/SMSCODIS:Prokka:SMSCODIS_00099 (length 469)
prokka_SMSCODIS/SMSCODIS:Prokka:SMSCODIS_00100 (length 202)
prokka_SMSCODIS/SMSCODIS:Prokka:SMSCODIS_00101 (length 364)
prokka_SMSCODIS/SMSCODIS:Prokka:SMSCODIS_00102 (length 134)
prokka_SMSCODIS/SMSCODIS:Prokka:SMSCODIS_00103 (length 331)
prokka_SMSCODIS/SMSCODIS:Prokka:SMSCODIS_00104 (length 401)
prokka_SMSCODIS/SMSCODIS:Prokka:SMSCODIS_00105 (length 460)
prokka_SMSCODIS/SMSCODIS:Prokka:SMSCODIS_00108 (length 145)
prokka_SMSCODIS/SMSCODIS:Prokka:SMSCODIS_00109 (length 117)
prokka_SMSCODIS/SMSCODIS:Prokka:SMSCODIS_00110 (length 546)
prokka_SMSCODIS/SMSCODIS:Prokka:SMSCODIS_00111 (length 96)
prokka_SMSCODIS/SMSCODIS:Prokka:SMSCODIS_00112 (length 432)
prokka_SMSCODIS/SMSCODIS:Prokka:SMSCODIS_00113 (length 483)
prokka_SMSCODIS/SMSCODIS:Prokka:SMSCODIS_00114 (length 250)
prokka_SMSCODIS/SMSCODIS:Prokka:SMSCODIS_00115 (length 456)
prokka_SMSCODIS/SMSCODIS:Prokka:SMSCODIS_00116 (length 409)
prokka_SMSCODIS/SMSCODIS:Prokka:SMSCODIS_00117 (length 580)
prokka_SMSCODIS/SMSCODIS:Prokka:SMSCODIS_00118 (length 80)
prokka_SMSCODIS/SMSCODIS:Prokka:SMSCODIS_00120 (length 94)
prokka_SMSCODIS/SMSCODIS:Prokka:SMSCODIS_00122 (length 61)
prokka_SMSCODIS/SMSCODIS:Prokka:SMSCODIS_00123 (length 54)
prokka_SMSCODIS/SMSCODIS:Prokka:SMSCODIS_00124 (length 326)
prokka_SMSCODIS/SMSCODIS:Prokka:SMSCODIS_00125 (length 394)
prokka_SMSCODIS/SMSCODIS:Prokka:SMSCODIS_00126 (length 726)
prokka_SMSCODIS/SMSCODIS:Prokka:SMSCODIS_00127 (length 72)
prokka_SMSCODIS/SMSCODIS:Prokka:SMSCODIS_00128 (length 98)
prokka_SMSCODIS/SMSCODIS:Prokka:SMSCODIS_00129 (length 64)
prokka_SMSCODIS/SMSCODIS:Prokka:SMSCODIS_00130 (length 126)
prokka_SMSCODIS/SMSCODIS:Prokka:SMSCODIS_00131 (length 156)
prokka_SMSCODIS/SMSCODIS:Prokka:SMSCODIS_00132 (length 694)
prokka_SMSCODIS/SMSCODIS:Prokka:SMSCODIS_00133 (length 98)
prokka_SMSCODIS/SMSCODIS:Prokka:SMSCODIS_00134 (length 211)
prokka_SMSCODIS/SMSCODIS:Prokka:SMSCODIS_00135 (length 215)
prokka_SMSCODIS/SMSCODIS:Prokka:SMSCODIS_00136 (length 97)
prokka_SMSCODIS/SMSCODIS:Prokka:SMSCODIS_00137 (length 275)
prokka_SMSCODIS/SMSCODIS:Prokka:SMSCODIS_00138 (length 101)
prokka_SMSCODIS/SMSCODIS:Prokka:SMSCODIS_00139 (length 130)
prokka_SMSCODIS/SMSCODIS:Prokka:SMSCODIS_00140 (length 233)
prokka_SMSCODIS/SMSCODIS:Prokka:SMSCODIS_00141 (length 136)
prokka_SMSCODIS/SMSCODIS:Prokka:SMSCODIS_00142 (length 90)
prokka_SMSCODIS/SMSCODIS:Prokka:SMSCODIS_00143 (length 122)
prokka_SMSCODIS/SMSCODIS:Prokka:SMSCODIS_00144 (length 115)
prokka_SMSCODIS/SMSCODIS:Prokka:SMSCODIS_00145 (length 181)
prokka_SMSCODIS/SMSCODIS:Prokka:SMSCODIS_00146 (length 89)
prokka_SMSCODIS/SMSCODIS:Prokka:SMSCODIS_00147 (length 129)
prokka_SMSCODIS/SMSCODIS:Prokka:SMSCODIS_00148 (length 192)
prokka_SMSCODIS/SMSCODIS:Prokka:SMSCODIS_00149 (length 107)
prokka_SMSCODIS/SMSCODIS:Prokka:SMSCODIS_00150 (length 164)
prokka_SMSCODIS/SMSCODIS:Prokka:SMSCODIS_00151 (length 150)
prokka_SMSCODIS/SMSCODIS:Prokka:SMSCODIS_00152 (length 71)
prokka_SMSCODIS/SMSCODIS:Prokka:SMSCODIS_00153 (length 38)
prokka_SMSCODIS/SMSCODIS:Prokka:SMSCODIS_00154 (length 139)
prokka_SMSCODIS/SMSCODIS:Prokka:SMSCODIS_00155 (length 119)
prokka_SMSCODIS/SMSCODIS:Prokka:SMSCODIS_00156 (length 198)
prokka_SMSCODIS/SMSCODIS:Prokka:SMSCODIS_00157 (length 337)
prokka_SMSCODIS/SMSCODIS:Prokka:SMSCODIS_00158 (length 116)
prokka_SMSCODIS/SMSCODIS:Prokka:SMSCODIS_00159 (length 313)
prokka_SMSCODIS/SMSCODIS:Prokka:SMSCODIS_00160 (length 511)
prokka_SMSCODIS/SMSCODIS:Prokka:SMSCODIS_00161 (length 506)
prokka_SMSCODIS/SMSCODIS:Prokka:SMSCODIS_00163 (length 329)
prokka_SMSCODIS/SMSCODIS:Prokka:SMSCODIS_00164 (length 361)
prokka_SMSCODIS/SMSCODIS:Prokka:SMSCODIS_00165 (length 137)
prokka_SMSCODIS/SMSCODIS:Prokka:SMSCODIS_00166 (length 96)
prokka_SMSCODIS/SMSCODIS:Prokka:SMSCODIS_00167 (length 344)
prokka_SMSCODIS/SMSCODIS:Prokka:SMSCODIS_00168 (length 85)
prokka_SMSCODIS/SMSCODIS:Prokka:SMSCODIS_00169 (length 583)
prokka_SMSCODIS/SMSCODIS:Prokka:SMSCODIS_00170 (length 571)

DiscRep_ALL:DISC_INCONSISTENT_MOLINFO_TECH::Molinfo Technique Report (some missing, all same)
DiscRep_SUB:DISC_INCONSISTENT_MOLINFO_TECH::technique (all missing)
DiscRep_SUB:DISC_INCONSISTENT_MOLINFO_TECH::1 Molinfos are missing field technique
prokka_SMSCODIS/SMSCODIS:Prokka:SMSCODIS_1 (length 140757)

