19:06:37.439 - INFO - UTILS - version=1.8.2
19:06:37.440 - INFO - UTILS - developer: Oliver Schwengers, github.com/oschwengers
19:06:37.440 - INFO - UTILS - command: /home/diego/miniconda3/envs/bakta/bin/bakta VFMEETHA.fasta --complete --translation-table 11 --keep-contig-headers --compliant --threads 30 --output annotation_bakta/bakta_VFMEETHA
19:06:37.440 - INFO - UTILS - local time: 2023-11-07 19:06:37
19:06:37.440 - INFO - UTILS - machine: type=x86_64, cores=32
19:06:37.440 - INFO - UTILS - system: type=Linux, release=6.5.0-10-generic
19:06:37.440 - INFO - UTILS - python: version=3.10.12, implementation=CPython
19:06:37.440 - INFO - CONFIG - threads=30
19:06:37.440 - INFO - CONFIG - verbose=False
19:06:37.440 - INFO - CONFIG - debug=False
19:06:37.440 - INFO - CONFIG - database: type=environment, path=/mnt/ssd/databases/bakta_db
19:06:37.441 - INFO - CONFIG - tmp-path=/tmp/tmp691f65_j
19:06:37.441 - INFO - CONFIG - genome-path=/home/diego/Documents/metagenomes/annotation_symbio_merge/annotation_Beta/genomes/VFMEETHA.fasta
19:06:37.441 - INFO - CONFIG - min_contig_length=1
19:06:37.441 - INFO - CONFIG - prefix=VFMEETHA
19:06:37.441 - INFO - CONFIG - output-path=/home/diego/Documents/metagenomes/annotation_symbio_merge/annotation_Beta/genomes/annotation_bakta/bakta_VFMEETHA
19:06:37.441 - INFO - CONFIG - force=False
19:06:37.441 - INFO - CONFIG - genus=None
19:06:37.441 - INFO - CONFIG - species=None
19:06:37.441 - INFO - CONFIG - strain=None
19:06:37.441 - INFO - CONFIG - plasmid=None
19:06:37.441 - INFO - CONFIG - complete=True
19:06:37.441 - INFO - CONFIG - prodigal_tf=None
19:06:37.441 - INFO - CONFIG - translation_table=11
19:06:37.441 - INFO - CONFIG - gram=?
19:06:37.441 - INFO - CONFIG - compliant=True
19:06:37.441 - INFO - CONFIG - compliant mode! min_contig_length=200
19:06:37.441 - INFO - CONFIG - meta=False
19:06:37.441 - INFO - CONFIG - locus=None
19:06:37.441 - INFO - CONFIG - locus-tag=None
19:06:37.441 - INFO - CONFIG - keep_contig_headers=True
19:06:37.441 - INFO - CONFIG - replicon-table=None
19:06:37.441 - INFO - CONFIG - skip-tRNA=False
19:06:37.441 - INFO - CONFIG - skip-tmRNA=False
19:06:37.441 - INFO - CONFIG - skip-rRNA=False
19:06:37.441 - INFO - CONFIG - skip-ncRNA=False
19:06:37.441 - INFO - CONFIG - skip-ncRNA-region=False
19:06:37.441 - INFO - CONFIG - skip-CRISPR=False
19:06:37.441 - INFO - CONFIG - skip-CDS=False
19:06:37.441 - INFO - CONFIG - skip-pseudo=False
19:06:37.441 - INFO - CONFIG - skip-sORF=False
19:06:37.441 - INFO - CONFIG - skip-gap=False
19:06:37.441 - INFO - CONFIG - skip-ori=False
19:06:37.441 - INFO - CONFIG - skip-plot=False
19:06:37.441 - INFO - DB - detected: major=5, minor=0, type=full, date=2023-02-20
19:06:37.478 - INFO - UTILS - dependency: tool=tRNAscan-SE, version=v2.0.12, path=/home/diego/miniconda3/envs/bakta/bin/tRNAscan-SE
19:06:37.478 - INFO - UTILS - dependency: tool=Aragorn, version=v1.2.41, path=/home/diego/miniconda3/envs/bakta/bin/aragorn
19:06:37.480 - INFO - UTILS - dependency: tool=CMscan, version=v1.1.4, path=/home/diego/miniconda3/envs/bakta/bin/cmscan
19:06:37.481 - INFO - UTILS - dependency: tool=PilerCR, version=v1.6.0, path=/home/diego/miniconda3/envs/bakta/bin/pilercr
19:06:37.507 - INFO - UTILS - dependency: tool=Pyrodigal, version=v2.3.0, path=/home/diego/miniconda3/envs/bakta/bin/python
19:06:37.509 - INFO - UTILS - dependency: tool=AMRFinderPlus, version=v3.11.18, path=/home/diego/miniconda3/envs/bakta/bin/amrfinder
19:06:37.537 - INFO - UTILS - dependency: tool=Pyhmmer, version=v0.10.2, path=/home/diego/miniconda3/envs/bakta/bin/python
19:06:37.539 - INFO - UTILS - dependency: tool=Diamond, version=v2.1.8, path=/home/diego/miniconda3/envs/bakta/bin/diamond
19:06:37.581 - INFO - UTILS - dependency: tool=Blastn, version=v2.14.1, path=/home/diego/miniconda3/envs/bakta/bin/blastn
19:06:37.728 - INFO - UTILS - dependency: tool=Circos, version=v0.69.8, path=/home/diego/miniconda3/envs/bakta/bin/circos
19:06:37.740 - INFO - FASTA - imported: id=VFMEETHA, length=97882, description=, genomic=True, dna=True
19:06:37.740 - INFO - MAIN - imported sequences=1
19:06:37.740 - INFO - UTILS - qc: revised sequence: id=VFMEETHA, orig-id=, type=plasmid, complete=True, topology=circular, name=, description='', orig-description=''
19:06:37.740 - INFO - FASTA - write genome sequences: path=/tmp/tmp691f65_j/contigs.fna, description=False, wrap=False
19:06:41.819 - INFO - T_RNA - contig=VFMEETHA, start=1179, stop=1250, strand=+, gene=trnW, product=tRNA-Trp(cca), score=43.9, nt=[AGAGGTATAA..TCTACCTTTA]
19:06:41.819 - INFO - T_RNA - contig=VFMEETHA, start=13462, stop=13533, strand=+, gene=trnF, product=tRNA-Phe(gaa), score=62.3, nt=[AACCTAATAG..AGTTGGGTTA]
19:06:41.819 - INFO - T_RNA - contig=VFMEETHA, start=16919, stop=16990, strand=+, gene=trnQ, product=tRNA-Gln(ttg), score=55.6, nt=[AAGGATGTAA..ATCTTCCTTT]
19:06:41.819 - INFO - T_RNA - contig=VFMEETHA, start=28750, stop=28948, strand=+, gene=None, product=tRNA-Xxx, score=25.7, nt=[GGGTTATTAG..ATATAACCTA]
19:06:41.819 - INFO - T_RNA - contig=VFMEETHA, start=31775, stop=31847, strand=+, gene=trnL, product=tRNA-Leu(tag), score=52.5, nt=[GCAAAAATGA..TTTTTTTGCA]
19:06:41.819 - INFO - T_RNA - contig=VFMEETHA, start=31850, stop=31932, strand=+, gene=trnS, product=tRNA-Ser(aga), score=62.7, nt=[AGAGAAGTAG..TTCTTCTCTT]
19:06:41.819 - INFO - T_RNA - contig=VFMEETHA, start=43171, stop=43241, strand=+, gene=trnV, product=tRNA-Val(tac), score=47.4, nt=[AGATATTTAA..ATAATATCTA]
19:06:41.819 - INFO - T_RNA - contig=VFMEETHA, start=50586, stop=50656, strand=+, gene=trnH, product=tRNA-His(gtg), score=20.6, nt=[ATGAATGTAT..ATCTTTCATT]
19:06:41.819 - INFO - T_RNA - contig=VFMEETHA, start=53420, stop=53491, strand=+, gene=trnP, product=tRNA-Pro(tgg), score=54.9, nt=[CAAGGAATAG..ATTTCCTTGA]
19:06:41.819 - INFO - T_RNA - contig=VFMEETHA, start=97637, stop=97719, strand=+, gene=trnY, product=tRNA-Tyr(gta), score=54.9, nt=[AAGAATATTC..ATTATTCTTA]
19:06:41.819 - INFO - T_RNA - contig=VFMEETHA, start=97720, stop=97790, strand=+, gene=trnG, product=tRNA-Gly(tcc), score=41.8, nt=[ACAAATGTAT..TTCATTTGTA]
19:06:41.819 - INFO - T_RNA - contig=VFMEETHA, start=84330, stop=84400, strand=-, gene=trnI, product=tRNA-Ile(gat), score=44.0, nt=[AGGTTTATAA..TTTAAACCTA]
19:06:41.819 - INFO - T_RNA - contig=VFMEETHA, start=80161, stop=80232, strand=-, gene=trnA, product=tRNA-Ala(tgc), score=41.7, nt=[GGGGGAATAA..ATTTTCTCCA]
19:06:41.819 - INFO - T_RNA - contig=VFMEETHA, start=61236, stop=61306, strand=-, gene=trnD, product=tRNA-Asp(gtc), score=38.5, nt=[GAGGTTATAT..TTTAACTTCG]
19:06:41.819 - INFO - T_RNA - contig=VFMEETHA, start=53317, stop=53388, strand=-, gene=trnfM, product=tRNA-fMet(cat), score=55.1, nt=[TGTAGAATAG..ATTTCTGCAT]
19:06:41.819 - INFO - T_RNA - contig=VFMEETHA, start=53242, stop=53312, strand=-, gene=trnR, product=tRNA-Arg(tct), score=46.6, nt=[CTTTCTATAG..TGTAGAAAGA]
19:06:41.819 - INFO - T_RNA - contig=VFMEETHA, start=51484, stop=51555, strand=-, gene=trnK, product=tRNA-Lys(ttt), score=68.0, nt=[AGGTTGTTAG..GCACAGCTTA]
19:06:41.819 - INFO - T_RNA - contig=VFMEETHA, start=44504, stop=44586, strand=-, gene=trnS, product=tRNA-Ser(tga), score=54.0, nt=[GAAGATATGG..ATTATCTTCT]
19:06:41.819 - INFO - T_RNA - contig=VFMEETHA, start=36367, stop=36438, strand=-, gene=trnN, product=tRNA-Asn(gtt), score=61.0, nt=[TCTTTAATAG..AGTTAAAGAG]
19:06:41.819 - INFO - T_RNA - predicted=19
19:06:41.837 - INFO - TM_RNA - predicted=0
19:06:43.007 - INFO - R_RNA - contig=VFMEETHA, start=84397, stop=85871, strand=-, gene=rrs, product=16S ribosomal RNA, length=1475, coverage=0.962, truncated=None, score=1248.2, evalue=9.7e-40, nt=[ATGTTGAAGA..TATTGAAGGT]
19:06:43.007 - INFO - R_RNA - contig=VFMEETHA, start=81460, stop=81567, strand=-, gene=rrf, product=5S ribosomal RNA, length=108, coverage=0.908, truncated=None, score=43.3, evalue=7.8e-07, nt=[ACTTGATAAT..TTATCAAGTT]
19:06:43.007 - INFO - R_RNA - contig=VFMEETHA, start=81577, stop=84326, strand=-, gene=rrl, product=23S ribosomal RNA, length=2750, coverage=0.940, truncated=None, score=2096.7, evalue=1.1e-04, nt=[TGAATATTTT..AATATTTAAG]
19:06:43.007 - INFO - R_RNA - predicted=3
19:06:43.581 - INFO - NC_RNA - predicted=0
19:06:43.747 - INFO - NC_RNA_REGION - predicted=0
19:06:43.792 - INFO - CRISPR - predicted=0
19:06:43.792 - INFO - CDS - create prodigal training info object: meta=False, closed=False
19:06:43.884 - INFO - CDS - contig=VFMEETHA, start=1, stop=1188, strand=+, frame=1, truncated=5-prime, start-type=Edge, RBS-motif=None
19:06:43.884 - INFO - CDS - contig=VFMEETHA, start=1193, stop=1285, strand=+, frame=2, truncated=no, start-type=ATG, RBS-motif=None
19:06:43.884 - INFO - CDS - contig=VFMEETHA, start=1254, stop=1616, strand=+, frame=3, truncated=no, start-type=ATG, RBS-motif=None
19:06:43.884 - INFO - CDS - contig=VFMEETHA, start=1613, stop=2050, strand=+, frame=2, truncated=no, start-type=ATG, RBS-motif=None
19:06:43.884 - INFO - CDS - contig=VFMEETHA, start=2019, stop=2363, strand=+, frame=3, truncated=no, start-type=ATG, RBS-motif=None
19:06:43.884 - INFO - CDS - contig=VFMEETHA, start=2356, stop=6132, strand=+, frame=1, truncated=no, start-type=TTG, RBS-motif=None
19:06:43.884 - INFO - CDS - contig=VFMEETHA, start=6129, stop=9779, strand=+, frame=3, truncated=no, start-type=ATG, RBS-motif=TTTT
19:06:43.884 - INFO - CDS - contig=VFMEETHA, start=9721, stop=10101, strand=+, frame=1, truncated=no, start-type=ATG, RBS-motif=None
19:06:43.884 - INFO - CDS - contig=VFMEETHA, start=10082, stop=10552, strand=+, frame=2, truncated=no, start-type=ATG, RBS-motif=None
19:06:43.884 - INFO - CDS - contig=VFMEETHA, start=10552, stop=12570, strand=+, frame=1, truncated=no, start-type=ATG, RBS-motif=TTTT
19:06:43.884 - INFO - CDS - contig=VFMEETHA, start=12567, stop=12854, strand=+, frame=3, truncated=no, start-type=ATG, RBS-motif=None
19:06:43.884 - INFO - CDS - contig=VFMEETHA, start=13037, stop=13468, strand=+, frame=2, truncated=no, start-type=ATG, RBS-motif=None
19:06:43.884 - INFO - CDS - contig=VFMEETHA, start=13534, stop=13674, strand=+, frame=1, truncated=no, start-type=ATG, RBS-motif=None
19:06:43.884 - INFO - CDS - contig=VFMEETHA, start=13681, stop=14658, strand=-, frame=2, truncated=no, start-type=ATG, RBS-motif=None
19:06:43.884 - INFO - CDS - contig=VFMEETHA, start=14655, stop=15041, strand=-, frame=3, truncated=no, start-type=ATG, RBS-motif=TTTT
19:06:43.884 - INFO - CDS - contig=VFMEETHA, start=15035, stop=15298, strand=-, frame=1, truncated=no, start-type=ATG, RBS-motif=None
19:06:43.884 - INFO - CDS - contig=VFMEETHA, start=15295, stop=16041, strand=-, frame=2, truncated=no, start-type=ATG, RBS-motif=None
19:06:43.884 - INFO - CDS - contig=VFMEETHA, start=16038, stop=16586, strand=-, frame=3, truncated=no, start-type=ATG, RBS-motif=TTTT
19:06:43.884 - INFO - CDS - contig=VFMEETHA, start=16589, stop=16918, strand=-, frame=1, truncated=no, start-type=ATG, RBS-motif=None
19:06:43.884 - INFO - CDS - contig=VFMEETHA, start=16992, stop=17840, strand=+, frame=3, truncated=no, start-type=ATG, RBS-motif=None
19:06:43.884 - INFO - CDS - contig=VFMEETHA, start=17840, stop=18013, strand=+, frame=2, truncated=no, start-type=ATG, RBS-motif=None
19:06:43.884 - INFO - CDS - contig=VFMEETHA, start=17963, stop=18496, strand=-, frame=1, truncated=no, start-type=ATG, RBS-motif=None
19:06:43.884 - INFO - CDS - contig=VFMEETHA, start=18484, stop=19230, strand=-, frame=2, truncated=no, start-type=ATG, RBS-motif=None
19:06:43.884 - INFO - CDS - contig=VFMEETHA, start=19221, stop=20123, strand=-, frame=3, truncated=no, start-type=ATG, RBS-motif=TTTT
19:06:43.884 - INFO - CDS - contig=VFMEETHA, start=20108, stop=20683, strand=-, frame=1, truncated=no, start-type=ATG, RBS-motif=TTTT
19:06:43.884 - INFO - CDS - contig=VFMEETHA, start=20664, stop=21896, strand=-, frame=3, truncated=no, start-type=ATG, RBS-motif=None
19:06:43.884 - INFO - CDS - contig=VFMEETHA, start=21886, stop=23253, strand=-, frame=2, truncated=no, start-type=ATG, RBS-motif=TTTT
19:06:43.884 - INFO - CDS - contig=VFMEETHA, start=23408, stop=24643, strand=-, frame=1, truncated=no, start-type=ATG, RBS-motif=None
19:06:43.884 - INFO - CDS - contig=VFMEETHA, start=24633, stop=25535, strand=-, frame=3, truncated=no, start-type=ATG, RBS-motif=TTTT
19:06:43.884 - INFO - CDS - contig=VFMEETHA, start=25532, stop=26452, strand=-, frame=1, truncated=no, start-type=ATG, RBS-motif=None
19:06:43.884 - INFO - CDS - contig=VFMEETHA, start=26455, stop=27516, strand=+, frame=1, truncated=no, start-type=ATG, RBS-motif=None
19:06:43.884 - INFO - CDS - contig=VFMEETHA, start=27497, stop=28759, strand=+, frame=2, truncated=no, start-type=ATG, RBS-motif=None
19:06:43.884 - INFO - CDS - contig=VFMEETHA, start=28950, stop=31784, strand=+, frame=3, truncated=no, start-type=ATG, RBS-motif=None
19:06:43.884 - INFO - CDS - contig=VFMEETHA, start=31933, stop=32712, strand=+, frame=1, truncated=no, start-type=ATG, RBS-motif=None
19:06:43.884 - INFO - CDS - contig=VFMEETHA, start=32705, stop=33703, strand=+, frame=2, truncated=no, start-type=ATG, RBS-motif=None
19:06:43.884 - INFO - CDS - contig=VFMEETHA, start=33696, stop=34247, strand=+, frame=3, truncated=no, start-type=TTG, RBS-motif=TTTT
19:06:43.884 - INFO - CDS - contig=VFMEETHA, start=34244, stop=35347, strand=+, frame=2, truncated=no, start-type=ATG, RBS-motif=TTATT
19:06:43.884 - INFO - CDS - contig=VFMEETHA, start=35344, stop=35973, strand=+, frame=1, truncated=no, start-type=ATG, RBS-motif=None
19:06:43.884 - INFO - CDS - contig=VFMEETHA, start=35966, stop=36199, strand=+, frame=2, truncated=no, start-type=ATG, RBS-motif=None
19:06:43.884 - INFO - CDS - contig=VFMEETHA, start=36177, stop=36374, strand=+, frame=3, truncated=no, start-type=ATG, RBS-motif=None
19:06:43.884 - INFO - CDS - contig=VFMEETHA, start=36444, stop=36590, strand=+, frame=3, truncated=no, start-type=ATG, RBS-motif=None
19:06:43.884 - INFO - CDS - contig=VFMEETHA, start=36703, stop=37293, strand=-, frame=2, truncated=no, start-type=TTG, RBS-motif=None
19:06:43.884 - INFO - CDS - contig=VFMEETHA, start=37330, stop=38364, strand=+, frame=1, truncated=no, start-type=ATG, RBS-motif=TTTT
19:06:43.885 - INFO - CDS - contig=VFMEETHA, start=38361, stop=41447, strand=+, frame=3, truncated=no, start-type=ATG, RBS-motif=TTTT
19:06:43.885 - INFO - CDS - contig=VFMEETHA, start=41444, stop=42001, strand=+, frame=2, truncated=no, start-type=ATG, RBS-motif=None
19:06:43.885 - INFO - CDS - contig=VFMEETHA, start=41998, stop=43185, strand=+, frame=1, truncated=no, start-type=ATG, RBS-motif=None
19:06:43.885 - INFO - CDS - contig=VFMEETHA, start=43243, stop=43356, strand=+, frame=1, truncated=no, start-type=ATG, RBS-motif=None
19:06:43.885 - INFO - CDS - contig=VFMEETHA, start=43356, stop=44444, strand=+, frame=3, truncated=no, start-type=ATG, RBS-motif=TTTT
19:06:43.885 - INFO - CDS - contig=VFMEETHA, start=44359, stop=44580, strand=-, frame=2, truncated=no, start-type=ATG, RBS-motif=None
19:06:43.885 - INFO - CDS - contig=VFMEETHA, start=44649, stop=45212, strand=+, frame=3, truncated=no, start-type=ATG, RBS-motif=None
19:06:43.885 - INFO - CDS - contig=VFMEETHA, start=45209, stop=46444, strand=+, frame=2, truncated=no, start-type=ATG, RBS-motif=None
19:06:43.885 - INFO - CDS - contig=VFMEETHA, start=46434, stop=47435, strand=+, frame=3, truncated=no, start-type=ATG, RBS-motif=None
19:06:43.885 - INFO - CDS - contig=VFMEETHA, start=47410, stop=47940, strand=+, frame=1, truncated=no, start-type=ATG, RBS-motif=None
19:06:43.885 - INFO - CDS - contig=VFMEETHA, start=47934, stop=48533, strand=+, frame=3, truncated=no, start-type=ATG, RBS-motif=None
19:06:43.885 - INFO - CDS - contig=VFMEETHA, start=48530, stop=49252, strand=+, frame=2, truncated=no, start-type=ATG, RBS-motif=TTTT
19:06:43.885 - INFO - CDS - contig=VFMEETHA, start=49242, stop=50018, strand=+, frame=3, truncated=no, start-type=ATG, RBS-motif=None
19:06:43.885 - INFO - CDS - contig=VFMEETHA, start=49990, stop=50277, strand=+, frame=1, truncated=no, start-type=ATG, RBS-motif=None
19:06:43.885 - INFO - CDS - contig=VFMEETHA, start=50222, stop=50527, strand=+, frame=2, truncated=no, start-type=TTG, RBS-motif=TTTT
19:06:43.885 - INFO - CDS - contig=VFMEETHA, start=50667, stop=51497, strand=+, frame=3, truncated=no, start-type=ATG, RBS-motif=None
19:06:43.885 - INFO - CDS - contig=VFMEETHA, start=51546, stop=51890, strand=-, frame=3, truncated=no, start-type=ATG, RBS-motif=TTATT
19:06:43.885 - INFO - CDS - contig=VFMEETHA, start=51868, stop=52179, strand=-, frame=2, truncated=no, start-type=ATG, RBS-motif=None
19:06:43.885 - INFO - CDS - contig=VFMEETHA, start=52179, stop=53237, strand=-, frame=3, truncated=no, start-type=ATG, RBS-motif=None
19:06:43.885 - INFO - CDS - contig=VFMEETHA, start=53493, stop=53795, strand=+, frame=3, truncated=no, start-type=ATG, RBS-motif=None
19:06:43.885 - INFO - CDS - contig=VFMEETHA, start=53760, stop=54212, strand=-, frame=3, truncated=no, start-type=ATG, RBS-motif=TTATT
19:06:43.885 - INFO - CDS - contig=VFMEETHA, start=54212, stop=54652, strand=-, frame=1, truncated=no, start-type=ATG, RBS-motif=None
19:06:43.885 - INFO - CDS - contig=VFMEETHA, start=54649, stop=55143, strand=-, frame=2, truncated=no, start-type=ATG, RBS-motif=None
19:06:43.885 - INFO - CDS - contig=VFMEETHA, start=55163, stop=56221, strand=+, frame=2, truncated=no, start-type=ATG, RBS-motif=TTTT
19:06:43.885 - INFO - CDS - contig=VFMEETHA, start=56181, stop=56975, strand=+, frame=3, truncated=no, start-type=ATG, RBS-motif=TTTT
19:06:43.885 - INFO - CDS - contig=VFMEETHA, start=56969, stop=57991, strand=+, frame=2, truncated=no, start-type=ATG, RBS-motif=None
19:06:43.885 - INFO - CDS - contig=VFMEETHA, start=57974, stop=58156, strand=-, frame=1, truncated=no, start-type=ATG, RBS-motif=TTTT
19:06:43.885 - INFO - CDS - contig=VFMEETHA, start=58137, stop=59426, strand=-, frame=3, truncated=no, start-type=ATG, RBS-motif=TTTT
19:06:43.885 - INFO - CDS - contig=VFMEETHA, start=59426, stop=60670, strand=-, frame=1, truncated=no, start-type=ATG, RBS-motif=None
19:06:43.885 - INFO - CDS - contig=VFMEETHA, start=60674, stop=61105, strand=-, frame=1, truncated=no, start-type=ATG, RBS-motif=None
19:06:43.885 - INFO - CDS - contig=VFMEETHA, start=61369, stop=62175, strand=-, frame=2, truncated=no, start-type=ATG, RBS-motif=None
19:06:43.885 - INFO - CDS - contig=VFMEETHA, start=62374, stop=63648, strand=+, frame=1, truncated=no, start-type=ATG, RBS-motif=TTTT
19:06:43.885 - INFO - CDS - contig=VFMEETHA, start=63645, stop=65315, strand=+, frame=3, truncated=no, start-type=ATG, RBS-motif=TTTT
19:06:43.885 - INFO - CDS - contig=VFMEETHA, start=65391, stop=66659, strand=+, frame=3, truncated=no, start-type=ATG, RBS-motif=TTTT
19:06:43.885 - INFO - CDS - contig=VFMEETHA, start=66635, stop=67762, strand=+, frame=2, truncated=no, start-type=ATG, RBS-motif=TTTT
19:06:43.885 - INFO - CDS - contig=VFMEETHA, start=67759, stop=68796, strand=-, frame=2, truncated=no, start-type=ATG, RBS-motif=None
19:06:43.885 - INFO - CDS - contig=VFMEETHA, start=68893, stop=69447, strand=+, frame=1, truncated=no, start-type=ATG, RBS-motif=None
19:06:43.885 - INFO - CDS - contig=VFMEETHA, start=69440, stop=70405, strand=-, frame=1, truncated=no, start-type=GTG, RBS-motif=None
19:06:43.885 - INFO - CDS - contig=VFMEETHA, start=70411, stop=72210, strand=-, frame=2, truncated=no, start-type=ATG, RBS-motif=None
19:06:43.885 - INFO - CDS - contig=VFMEETHA, start=72210, stop=72707, strand=-, frame=3, truncated=no, start-type=ATG, RBS-motif=TTTT
19:06:43.885 - INFO - CDS - contig=VFMEETHA, start=72708, stop=73688, strand=+, frame=3, truncated=no, start-type=ATG, RBS-motif=TTTT
19:06:43.885 - INFO - CDS - contig=VFMEETHA, start=73671, stop=74627, strand=-, frame=3, truncated=no, start-type=ATG, RBS-motif=None
19:06:43.885 - INFO - CDS - contig=VFMEETHA, start=74606, stop=75259, strand=-, frame=1, truncated=no, start-type=ATG, RBS-motif=None
19:06:43.885 - INFO - CDS - contig=VFMEETHA, start=75237, stop=77228, strand=-, frame=3, truncated=no, start-type=GTG, RBS-motif=None
19:06:43.885 - INFO - CDS - contig=VFMEETHA, start=77225, stop=77842, strand=-, frame=1, truncated=no, start-type=ATG, RBS-motif=None
19:06:43.885 - INFO - CDS - contig=VFMEETHA, start=77820, stop=78536, strand=-, frame=3, truncated=no, start-type=ATG, RBS-motif=TTTT
19:06:43.885 - INFO - CDS - contig=VFMEETHA, start=78583, stop=78975, strand=+, frame=1, truncated=no, start-type=TTG, RBS-motif=None
19:06:43.885 - INFO - CDS - contig=VFMEETHA, start=78941, stop=79204, strand=-, frame=1, truncated=no, start-type=ATG, RBS-motif=None
19:06:43.885 - INFO - CDS - contig=VFMEETHA, start=79174, stop=79491, strand=-, frame=2, truncated=no, start-type=ATG, RBS-motif=None
19:06:43.885 - INFO - CDS - contig=VFMEETHA, start=79485, stop=80159, strand=-, frame=3, truncated=no, start-type=GTG, RBS-motif=None
19:06:43.885 - INFO - CDS - contig=VFMEETHA, start=80241, stop=81461, strand=+, frame=3, truncated=no, start-type=ATG, RBS-motif=TTTT
19:06:43.885 - INFO - CDS - contig=VFMEETHA, start=82354, stop=82563, strand=+, frame=1, truncated=no, start-type=ATG, RBS-motif=TTTT
19:06:43.885 - INFO - CDS - contig=VFMEETHA, start=84269, stop=84493, strand=+, frame=2, truncated=no, start-type=ATG, RBS-motif=None
19:06:43.885 - INFO - CDS - contig=VFMEETHA, start=85568, stop=85798, strand=+, frame=2, truncated=no, start-type=GTG, RBS-motif=None
19:06:43.885 - INFO - CDS - contig=VFMEETHA, start=85875, stop=86516, strand=+, frame=3, truncated=no, start-type=ATG, RBS-motif=None
19:06:43.885 - INFO - CDS - contig=VFMEETHA, start=86509, stop=87069, strand=+, frame=1, truncated=no, start-type=ATG, RBS-motif=None
19:06:43.885 - INFO - CDS - contig=VFMEETHA, start=87071, stop=87283, strand=+, frame=2, truncated=no, start-type=ATG, RBS-motif=TTATT
19:06:43.885 - INFO - CDS - contig=VFMEETHA, start=87246, stop=88040, strand=+, frame=3, truncated=no, start-type=ATG, RBS-motif=None
19:06:43.885 - INFO - CDS - contig=VFMEETHA, start=88040, stop=88309, strand=+, frame=2, truncated=no, start-type=ATG, RBS-motif=None
19:06:43.885 - INFO - CDS - contig=VFMEETHA, start=88278, stop=88616, strand=+, frame=3, truncated=no, start-type=ATG, RBS-motif=None
19:06:43.885 - INFO - CDS - contig=VFMEETHA, start=88600, stop=89220, strand=+, frame=1, truncated=no, start-type=ATG, RBS-motif=None
19:06:43.885 - INFO - CDS - contig=VFMEETHA, start=89204, stop=89608, strand=+, frame=2, truncated=no, start-type=ATG, RBS-motif=None
19:06:43.885 - INFO - CDS - contig=VFMEETHA, start=89589, stop=89828, strand=+, frame=3, truncated=no, start-type=ATG, RBS-motif=None
19:06:43.885 - INFO - CDS - contig=VFMEETHA, start=89800, stop=90159, strand=+, frame=1, truncated=no, start-type=ATG, RBS-motif=None
19:06:43.885 - INFO - CDS - contig=VFMEETHA, start=90156, stop=90707, strand=+, frame=3, truncated=no, start-type=ATG, RBS-motif=None
19:06:43.885 - INFO - CDS - contig=VFMEETHA, start=90700, stop=90972, strand=+, frame=1, truncated=no, start-type=ATG, RBS-motif=None
19:06:43.885 - INFO - CDS - contig=VFMEETHA, start=90972, stop=91340, strand=+, frame=3, truncated=no, start-type=ATG, RBS-motif=None
19:06:43.886 - INFO - CDS - contig=VFMEETHA, start=91318, stop=91845, strand=+, frame=1, truncated=no, start-type=GTG, RBS-motif=TTTT
19:06:43.886 - INFO - CDS - contig=VFMEETHA, start=91832, stop=92122, strand=+, frame=2, truncated=no, start-type=ATG, RBS-motif=None
19:06:43.886 - INFO - CDS - contig=VFMEETHA, start=92115, stop=92528, strand=+, frame=3, truncated=no, start-type=ATG, RBS-motif=None
19:06:43.886 - INFO - CDS - contig=VFMEETHA, start=92515, stop=92793, strand=+, frame=1, truncated=no, start-type=ATG, RBS-motif=TTATT
19:06:43.886 - INFO - CDS - contig=VFMEETHA, start=92756, stop=92968, strand=+, frame=2, truncated=no, start-type=ATG, RBS-motif=None
19:06:43.886 - INFO - CDS - contig=VFMEETHA, start=92965, stop=93078, strand=+, frame=1, truncated=no, start-type=ATG, RBS-motif=None
19:06:43.886 - INFO - CDS - contig=VFMEETHA, start=93050, stop=93424, strand=+, frame=2, truncated=no, start-type=ATG, RBS-motif=TTATT
19:06:43.886 - INFO - CDS - contig=VFMEETHA, start=93417, stop=93764, strand=+, frame=3, truncated=no, start-type=ATG, RBS-motif=None
19:06:43.886 - INFO - CDS - contig=VFMEETHA, start=93764, stop=94279, strand=+, frame=2, truncated=no, start-type=ATG, RBS-motif=None
19:06:43.886 - INFO - CDS - contig=VFMEETHA, start=94276, stop=94788, strand=+, frame=1, truncated=no, start-type=ATG, RBS-motif=None
19:06:43.886 - INFO - CDS - contig=VFMEETHA, start=94778, stop=95026, strand=+, frame=2, truncated=no, start-type=ATG, RBS-motif=None
19:06:43.886 - INFO - CDS - contig=VFMEETHA, start=95015, stop=96142, strand=-, frame=1, truncated=no, start-type=ATG, RBS-motif=None
19:06:43.886 - INFO - CDS - contig=VFMEETHA, start=96577, stop=97638, strand=+, frame=1, truncated=no, start-type=ATG, RBS-motif=None
19:06:43.886 - INFO - CDS - truncated CDS: contig=VFMEETHA, start=1, stop=1188, strand=+, frame=1, truncated=5-prime, start-type=Edge, RBS-motif=None, aa-hexdigest=1bc8e0713e32bd5e4a7963b0eac49793, aa=[MKKIFNRNKT..GAGIVTKLEV]
19:06:43.886 - INFO - CDS - contig=VFMEETHA, start=1193, stop=1285, strand=+, nt=[ATGATTAAAG..TTTATCTTAA]
19:06:43.886 - INFO - CDS - contig=VFMEETHA, start=1254, stop=1616, strand=+, nt=[ATGAGAGTAT..ATTATTATGA]
19:06:43.886 - INFO - CDS - contig=VFMEETHA, start=1613, stop=2050, strand=+, nt=[ATGATAAAAA..TAATAAATAA]
19:06:43.886 - INFO - CDS - contig=VFMEETHA, start=2019, stop=2363, strand=+, nt=[ATGATTCAAA..AATTGAATAA]
19:06:43.886 - INFO - CDS - contig=VFMEETHA, start=2356, stop=6132, strand=+, nt=[TTGAATAATA..TTTAAAATGA]
19:06:43.886 - INFO - CDS - contig=VFMEETHA, start=6129, stop=9779, strand=+, nt=[ATGAATAAAT..AAATAAGTAA]
19:06:43.886 - INFO - CDS - contig=VFMEETHA, start=9721, stop=10101, strand=+, nt=[ATGCCTACAA..AAAAAAATAA]
19:06:43.886 - INFO - CDS - contig=VFMEETHA, start=10082, stop=10552, strand=+, nt=[ATGTCAAGAA..TATTTTTTAA]
19:06:43.886 - INFO - CDS - contig=VFMEETHA, start=10552, stop=12570, strand=+, nt=[ATGAATATTA..AAAACCATGA]
19:06:43.886 - INFO - CDS - contig=VFMEETHA, start=12567, stop=12854, strand=+, nt=[ATGAAGTTTA..TATAAAATAA]
19:06:43.886 - INFO - CDS - contig=VFMEETHA, start=13037, stop=13468, strand=+, nt=[ATGAATATTA..TAAAACCTAA]
19:06:43.886 - INFO - CDS - contig=VFMEETHA, start=13534, stop=13674, strand=+, nt=[ATGAAAAAAT..TTTGATTTAA]
19:06:43.886 - INFO - CDS - contig=VFMEETHA, start=13681, stop=14658, strand=-, nt=[ATGATTTTAA..TAATAAATAA]
19:06:43.886 - INFO - CDS - contig=VFMEETHA, start=14655, stop=15041, strand=-, nt=[ATGTTAGGTT..AAAAAGATGA]
19:06:43.886 - INFO - CDS - contig=VFMEETHA, start=15035, stop=15298, strand=-, nt=[ATGATATATA..AATATGTTAG]
19:06:43.886 - INFO - CDS - contig=VFMEETHA, start=15295, stop=16041, strand=-, nt=[ATGAAATTTA..ATTAATATGA]
19:06:43.886 - INFO - CDS - contig=VFMEETHA, start=16038, stop=16586, strand=-, nt=[ATGTTAATAA..TATTTTATGA]
19:06:43.886 - INFO - CDS - contig=VFMEETHA, start=16589, stop=16918, strand=-, nt=[ATGAAATTTT..TCCATTTTAA]
19:06:43.886 - INFO - CDS - contig=VFMEETHA, start=16992, stop=17840, strand=+, nt=[ATGGAAAAAA..AATATTTTAA]
19:06:43.886 - INFO - CDS - contig=VFMEETHA, start=17840, stop=18013, strand=+, nt=[ATGATAATTT..GTTCAAGTAA]
19:06:43.886 - INFO - CDS - contig=VFMEETHA, start=17963, stop=18496, strand=-, nt=[ATGTTTTATT..AATTTTTTAA]
19:06:43.886 - INFO - CDS - contig=VFMEETHA, start=18484, stop=19230, strand=-, nt=[ATGTTGTTAA..TTTTATTTAG]
19:06:43.886 - INFO - CDS - contig=VFMEETHA, start=19221, stop=20123, strand=-, nt=[ATGCAAAAAA..ATGTTGTTAA]
19:06:43.886 - INFO - CDS - contig=VFMEETHA, start=20108, stop=20683, strand=-, nt=[ATGATTGTTA..AAAAAAATAA]
19:06:43.886 - INFO - CDS - contig=VFMEETHA, start=20664, stop=21896, strand=-, nt=[ATGTTTTTTA..TAATAGATAA]
19:06:43.886 - INFO - CDS - contig=VFMEETHA, start=21886, stop=23253, strand=-, nt=[ATGAAATGGT..TGTTTTTTAA]
19:06:43.886 - INFO - CDS - contig=VFMEETHA, start=23408, stop=24643, strand=-, nt=[ATGATTACTA..TAAAATTTAA]
19:06:43.886 - INFO - CDS - contig=VFMEETHA, start=24633, stop=25535, strand=-, nt=[ATGACTATTT..TGATTACTAG]
19:06:43.886 - INFO - CDS - contig=VFMEETHA, start=25532, stop=26452, strand=-, nt=[ATGTATATTT..ATTTAAATGA]
19:06:43.886 - INFO - CDS - contig=VFMEETHA, start=26455, stop=27516, strand=+, nt=[ATGAAACATT..AAAAAATTAA]
19:06:43.886 - INFO - CDS - contig=VFMEETHA, start=27497, stop=28759, strand=+, nt=[ATGAAAATAA..GGGTTATTAG]
19:06:43.886 - INFO - CDS - contig=VFMEETHA, start=28950, stop=31784, strand=+, nt=[ATGAATATTA..GCAAAAATGA]
19:06:43.886 - INFO - CDS - contig=VFMEETHA, start=31933, stop=32712, strand=+, nt=[ATGTCTAAAT..TTATGTCTGA]
19:06:43.886 - INFO - CDS - contig=VFMEETHA, start=32705, stop=33703, strand=+, nt=[ATGTCTGAAG..AATTGATTAA]
19:06:43.886 - INFO - CDS - contig=VFMEETHA, start=33696, stop=34247, strand=+, nt=[TTGATTAAAA..TATAAAATGA]
19:06:43.886 - INFO - CDS - contig=VFMEETHA, start=34244, stop=35347, strand=+, nt=[ATGAATTTTT..TATTGTATGA]
19:06:43.886 - INFO - CDS - contig=VFMEETHA, start=35344, stop=35973, strand=+, nt=[ATGAATTTAA..TTATGCTTAA]
19:06:43.886 - INFO - CDS - contig=VFMEETHA, start=35966, stop=36199, strand=+, nt=[ATGCTTAAAA..TAAAAAATAA]
19:06:43.886 - INFO - CDS - contig=VFMEETHA, start=36177, stop=36374, strand=+, nt=[ATGAAAAACA..ATCTCTTTAA]
19:06:43.886 - INFO - CDS - contig=VFMEETHA, start=36444, stop=36590, strand=+, nt=[ATGGCAGTAC..TCAGATTTGA]
19:06:43.886 - INFO - CDS - contig=VFMEETHA, start=36703, stop=37293, strand=-, nt=[TTGTCTCCTA..AATAACTTAA]
19:06:43.886 - INFO - CDS - contig=VFMEETHA, start=37330, stop=38364, strand=+, nt=[ATGCATTTTG..AATGTTATGA]
19:06:43.886 - INFO - CDS - contig=VFMEETHA, start=38361, stop=41447, strand=+, nt=[ATGAAAAAAA..TAATTTATGA]
19:06:43.886 - INFO - CDS - contig=VFMEETHA, start=41444, stop=42001, strand=+, nt=[ATGACTCCCT..AATTAAATGA]
19:06:43.886 - INFO - CDS - contig=VFMEETHA, start=41998, stop=43185, strand=+, nt=[ATGATTTATT..TTTAACTTAA]
19:06:43.886 - INFO - CDS - contig=VFMEETHA, start=43243, stop=43356, strand=+, nt=[ATGAAAATTT..ATTTATATAA]
19:06:43.886 - INFO - CDS - contig=VFMEETHA, start=43356, stop=44444, strand=+, nt=[ATGAATTTAT..TCGGATTTGA]
19:06:43.886 - INFO - CDS - contig=VFMEETHA, start=44359, stop=44580, strand=-, nt=[ATGGCAGAGA..AAATAATTAA]
19:06:43.886 - INFO - CDS - contig=VFMEETHA, start=44649, stop=45212, strand=+, nt=[ATGATATTAA..TGTGTTATGA]
19:06:43.886 - INFO - CDS - contig=VFMEETHA, start=45209, stop=46444, strand=+, nt=[ATGAAAATTT..TGAAAAATAA]
19:06:43.886 - INFO - CDS - contig=VFMEETHA, start=46434, stop=47435, strand=+, nt=[ATGAAAAATA..CTACAAATGA]
19:06:43.886 - INFO - CDS - contig=VFMEETHA, start=47410, stop=47940, strand=+, nt=[ATGAAAATAA..AAAATGGTAA]
19:06:43.886 - INFO - CDS - contig=VFMEETHA, start=47934, stop=48533, strand=+, nt=[ATGGTAATAG..TTGGAAATGA]
19:06:43.886 - INFO - CDS - contig=VFMEETHA, start=48530, stop=49252, strand=+, nt=[ATGAAAATTA..TGTATTATAA]
19:06:43.886 - INFO - CDS - contig=VFMEETHA, start=49242, stop=50018, strand=+, nt=[ATGTATTATA..TAACAATTAA]
19:06:43.886 - INFO - CDS - contig=VFMEETHA, start=49990, stop=50277, strand=+, nt=[ATGAAACTTC..AAATGATTAA]
19:06:43.886 - INFO - CDS - contig=VFMEETHA, start=50222, stop=50527, strand=+, nt=[TTGGTAAATG..GTCTTTTTAA]
19:06:43.886 - INFO - CDS - contig=VFMEETHA, start=50667, stop=51497, strand=+, nt=[ATGAATTTTT..CTGTGCGTGA]
19:06:43.886 - INFO - CDS - contig=VFMEETHA, start=51546, stop=51890, strand=-, nt=[ATGACAAGAG..AGGTTGTTAG]
19:06:43.886 - INFO - CDS - contig=VFMEETHA, start=51868, stop=52179, strand=-, nt=[ATGATTATTA..AAAAAGGTAA]
19:06:43.886 - INFO - CDS - contig=VFMEETHA, start=52179, stop=53237, strand=-, nt=[ATGTCTGGAA..TTTTATTTAA]
19:06:43.886 - INFO - CDS - contig=VFMEETHA, start=53493, stop=53795, strand=+, nt=[ATGAAAAAAA..TTTGAAATAA]
19:06:43.886 - INFO - CDS - contig=VFMEETHA, start=53760, stop=54212, strand=-, nt=[ATGCTTACTG..AAATGCATAA]
19:06:43.886 - INFO - CDS - contig=VFMEETHA, start=54212, stop=54652, strand=-, nt=[ATGATTTTTT..CTATTATTAA]
19:06:43.886 - INFO - CDS - contig=VFMEETHA, start=54649, stop=55143, strand=-, nt=[ATGTTTAAAA..TTTATTATGA]
19:06:43.886 - INFO - CDS - contig=VFMEETHA, start=55163, stop=56221, strand=+, nt=[ATGATAAATT..ACAAAAATAA]
19:06:43.886 - INFO - CDS - contig=VFMEETHA, start=56181, stop=56975, strand=+, nt=[ATGAACAAAA..AAAATGTTAA]
19:06:43.886 - INFO - CDS - contig=VFMEETHA, start=56969, stop=57991, strand=+, nt=[ATGTTAATTT..AAAAAGTTAA]
19:06:43.886 - INFO - CDS - contig=VFMEETHA, start=57974, stop=58156, strand=-, nt=[ATGATATTAA..TTATAAATAA]
19:06:43.886 - INFO - CDS - contig=VFMEETHA, start=58137, stop=59426, strand=-, nt=[ATGAAATACA..AAATAAATAA]
19:06:43.886 - INFO - CDS - contig=VFMEETHA, start=59426, stop=60670, strand=-, nt=[ATGTTTATTA..AAATAAATAA]
19:06:43.886 - INFO - CDS - contig=VFMEETHA, start=60674, stop=61105, strand=-, nt=[ATGAAATCAA..GTTAAAATAA]
19:06:43.886 - INFO - CDS - contig=VFMEETHA, start=61369, stop=62175, strand=-, nt=[ATGTATAAAA..GTCCTTTTAA]
19:06:43.886 - INFO - CDS - contig=VFMEETHA, start=62374, stop=63648, strand=+, nt=[ATGAATATTT..AGGAAAATGA]
19:06:43.886 - INFO - CDS - contig=VFMEETHA, start=63645, stop=65315, strand=+, nt=[ATGACAGATT..AAAATATTAA]
19:06:43.886 - INFO - CDS - contig=VFMEETHA, start=65391, stop=66659, strand=+, nt=[ATGAATATAT..AAAATATTAA]
19:06:43.886 - INFO - CDS - contig=VFMEETHA, start=66635, stop=67762, strand=+, nt=[ATGCATAAAA..TTTATACTAA]
19:06:43.886 - INFO - CDS - contig=VFMEETHA, start=67759, stop=68796, strand=-, nt=[ATGATAAAAA..TTATTATTAG]
19:06:43.886 - INFO - CDS - contig=VFMEETHA, start=68893, stop=69447, strand=+, nt=[ATGAATCTAT..TTTTATTTAA]
19:06:43.886 - INFO - CDS - contig=VFMEETHA, start=69440, stop=70405, strand=-, nt=[GTGAAAGATT..TTTTAAATAA]
19:06:43.887 - INFO - CDS - contig=VFMEETHA, start=70411, stop=72210, strand=-, nt=[ATGAAAAAAA..TACCCTTTAA]
19:06:43.887 - INFO - CDS - contig=VFMEETHA, start=72210, stop=72707, strand=-, nt=[ATGAAAATAA..TTATAAATAA]
19:06:43.887 - INFO - CDS - contig=VFMEETHA, start=72708, stop=73688, strand=+, nt=[ATGAAAATTA..AAGGATATAA]
19:06:43.887 - INFO - CDS - contig=VFMEETHA, start=73671, stop=74627, strand=-, nt=[ATGTATAAAA..TTTTTTTTAA]
19:06:43.887 - INFO - CDS - contig=VFMEETHA, start=74606, stop=75259, strand=-, nt=[ATGTATTTAA..ATATATATAA]
19:06:43.887 - INFO - CDS - contig=VFMEETHA, start=75237, stop=77228, strand=-, nt=[GTGATTTATA..ATGTAAATGA]
19:06:43.887 - INFO - CDS - contig=VFMEETHA, start=77225, stop=77842, strand=-, nt=[ATGAAAATTT..TTTAATGTGA]
19:06:43.887 - INFO - CDS - contig=VFMEETHA, start=77820, stop=78536, strand=-, nt=[ATGAATTTTT..TAATAAGTAA]
19:06:43.887 - INFO - CDS - contig=VFMEETHA, start=78583, stop=78975, strand=+, nt=[TTGGGAATAA..ACATATATAA]
19:06:43.887 - INFO - CDS - contig=VFMEETHA, start=78941, stop=79204, strand=-, nt=[ATGGCACAAA..TAATAAATAG]
19:06:43.887 - INFO - CDS - contig=VFMEETHA, start=79174, stop=79491, strand=-, nt=[ATGGTAGTTT..AGTGGTCTAA]
19:06:43.887 - INFO - CDS - contig=VFMEETHA, start=79485, stop=80159, strand=-, nt=[GTGATAAAAT..AATATGGTAG]
19:06:43.887 - INFO - CDS - contig=VFMEETHA, start=80241, stop=81461, strand=+, nt=[ATGAAAAAAA..TAAAAATTAA]
19:06:43.887 - INFO - CDS - contig=VFMEETHA, start=82354, stop=82563, strand=+, nt=[ATGTATATTT..CTTAATATAA]
19:06:43.887 - INFO - CDS - contig=VFMEETHA, start=84269, stop=84493, strand=+, nt=[ATGTCCTTCC..TTTCCAATAA]
19:06:43.887 - INFO - CDS - contig=VFMEETHA, start=85568, stop=85798, strand=+, nt=[GTGGCTGAAC..CTACAATTAA]
19:06:43.887 - INFO - CDS - contig=VFMEETHA, start=85875, stop=86516, strand=+, nt=[ATGAAGAAAA..TAATGATTAA]
19:06:43.887 - INFO - CDS - contig=VFMEETHA, start=86509, stop=87069, strand=+, nt=[ATGATTAAAA..ATATAAATAA]
19:06:43.887 - INFO - CDS - contig=VFMEETHA, start=87071, stop=87283, strand=+, nt=[ATGTTAAATT..AAAAATATAA]
19:06:43.887 - INFO - CDS - contig=VFMEETHA, start=87246, stop=88040, strand=+, nt=[ATGAAAAAAT..GAAAAAATAA]
19:06:43.887 - INFO - CDS - contig=VFMEETHA, start=88040, stop=88309, strand=+, nt=[ATGAAATTTT..TAAAAAGTAA]
19:06:43.887 - INFO - CDS - contig=VFMEETHA, start=88278, stop=88616, strand=+, nt=[ATGTTAACAA..AGAAAATTAA]
19:06:43.887 - INFO - CDS - contig=VFMEETHA, start=88600, stop=89220, strand=+, nt=[ATGGGAAAGA..AATTTACTAA]
19:06:43.887 - INFO - CDS - contig=VFMEETHA, start=89204, stop=89608, strand=+, nt=[ATGAGAAAAT..TAATATGTAA]
19:06:43.887 - INFO - CDS - contig=VFMEETHA, start=89589, stop=89828, strand=+, nt=[ATGATAGGAA..TATTAATTAA]
19:06:43.887 - INFO - CDS - contig=VFMEETHA, start=89800, stop=90159, strand=+, nt=[ATGATACAAG..CGTAGTATGA]
19:06:43.887 - INFO - CDS - contig=VFMEETHA, start=90156, stop=90707, strand=+, nt=[ATGAAAAAAT..AAATGTCTAA]
19:06:43.887 - INFO - CDS - contig=VFMEETHA, start=90700, stop=90972, strand=+, nt=[ATGTCTAAAA..AAGTTGGTAA]
19:06:43.887 - INFO - CDS - contig=VFMEETHA, start=90972, stop=91340, strand=+, nt=[ATGAACATTA..AAAAAAATAA]
19:06:43.887 - INFO - CDS - contig=VFMEETHA, start=91318, stop=91845, strand=+, nt=[GTGAATTACA..ACAAAAATAA]
19:06:43.887 - INFO - CDS - contig=VFMEETHA, start=91832, stop=92122, strand=+, nt=[ATGAACAAAA..AAATGTATAG]
19:06:43.887 - INFO - CDS - contig=VFMEETHA, start=92115, stop=92528, strand=+, nt=[ATGTATAGAA..AAAAAGGTAG]
19:06:43.887 - INFO - CDS - contig=VFMEETHA, start=92515, stop=92793, strand=+, nt=[ATGAAAAAAG..AAGTTATTAA]
19:06:43.887 - INFO - CDS - contig=VFMEETHA, start=92756, stop=92968, strand=+, nt=[ATGAAAAAAA..AGTTAAATGA]
19:06:43.887 - INFO - CDS - contig=VFMEETHA, start=92965, stop=93078, strand=+, nt=[ATGAAAGTAA..ACAAGGTTAA]
19:06:43.887 - INFO - CDS - contig=VFMEETHA, start=93050, stop=93424, strand=+, nt=[ATGGCAAACA..AAATGTATAA]
19:06:43.887 - INFO - CDS - contig=VFMEETHA, start=93417, stop=93764, strand=+, nt=[ATGTATAAAT..AAGAGTATAA]
19:06:43.887 - INFO - CDS - contig=VFMEETHA, start=93764, stop=94279, strand=+, nt=[ATGAAAAGAG..TAAAAAATGA]
19:06:43.887 - INFO - CDS - contig=VFMEETHA, start=94276, stop=94788, strand=+, nt=[ATGAAAATAT..TGAGACATAA]
19:06:43.887 - INFO - CDS - contig=VFMEETHA, start=94778, stop=95026, strand=+, nt=[ATGAGACATA..AACTAATTAA]
19:06:43.887 - INFO - CDS - contig=VFMEETHA, start=95015, stop=96142, strand=-, nt=[ATGAAGTATT..AATTAGTTAA]
19:06:43.887 - INFO - CDS - contig=VFMEETHA, start=96577, stop=97638, strand=+, nt=[ATGAAAAAAA..TTTAAAATAA]
19:06:43.887 - INFO - CDS - contig=VFMEETHA, start=1, stop=1188, strand=+, nt=[ATGAAAAAAA..AGAGGTATAA]
19:06:43.901 - INFO - CDS - predicted=123
19:06:43.924 - INFO - ORF - discard spurious: contig=VFMEETHA, start=82354, stop=82563, strand=+, homology=Spurious_ORF_25, evalue=1.0e-34, bitscore=111.571968
19:06:43.925 - INFO - ORF - discard spurious: contig=VFMEETHA, start=84269, stop=84493, strand=+, homology=Spurious_ORF_29, evalue=1.9e-12, bitscore=39.864521
19:06:43.942 - INFO - ORF - discarded=2
19:06:43.997 - INFO - UPS - looked-up=0
19:06:43.998 - INFO - IPS - looked-up=0
19:06:43.998 - INFO - ORF - write internal aa seqs: # seqs=121, path=/tmp/tmp691f65_j/cds.psc.faa
19:07:25.226 - INFO - PSC - found: PSC=0, PSCC=23
19:07:25.239 - INFO - PSC - looked-up=23
19:07:25.242 - INFO - PSCC - looked-up=21
19:07:25.242 - INFO - ORF - write internal aa seqs: # seqs=121, path=/tmp/tmp691f65_j/cds.expert.faa
19:07:25.810 - INFO - EXPERT-AMRFINDER - found=0
19:07:26.334 - INFO - EXPERT_AA_SEQ - found=0
19:07:26.334 - INFO - ANNOTATION - marked as hypothetical: contig=VFMEETHA, start=1193, stop=1285, strand=+
19:07:26.334 - INFO - ANNOTATION - marked as hypothetical: contig=VFMEETHA, start=1254, stop=1616, strand=+
19:07:26.334 - INFO - ANNOTATION - marked as hypothetical: contig=VFMEETHA, start=1613, stop=2050, strand=+
19:07:26.334 - INFO - ANNOTATION - marked as hypothetical: contig=VFMEETHA, start=2019, stop=2363, strand=+
19:07:26.334 - INFO - ANNOTATION - marked as hypothetical: contig=VFMEETHA, start=2356, stop=6132, strand=+
19:07:26.334 - INFO - ANNOTATION - marked as hypothetical: contig=VFMEETHA, start=6129, stop=9779, strand=+
19:07:26.334 - INFO - ANNOTATION - marked as hypothetical: contig=VFMEETHA, start=9721, stop=10101, strand=+
19:07:26.334 - INFO - ANNOTATION - marked as hypothetical: contig=VFMEETHA, start=10082, stop=10552, strand=+
19:07:26.334 - INFO - ANNOTATION - marked as hypothetical: contig=VFMEETHA, start=12567, stop=12854, strand=+
19:07:26.334 - INFO - ANNOTATION - marked as hypothetical: contig=VFMEETHA, start=13037, stop=13468, strand=+
19:07:26.334 - INFO - ANNOTATION - marked as hypothetical: contig=VFMEETHA, start=13534, stop=13674, strand=+
19:07:26.334 - INFO - ANNOTATION - marked as hypothetical: contig=VFMEETHA, start=13681, stop=14658, strand=-
19:07:26.334 - INFO - ANNOTATION - marked as hypothetical: contig=VFMEETHA, start=14655, stop=15041, strand=-
19:07:26.334 - INFO - ANNOTATION - marked as hypothetical: contig=VFMEETHA, start=15035, stop=15298, strand=-
19:07:26.334 - INFO - ANNOTATION - marked as hypothetical: contig=VFMEETHA, start=15295, stop=16041, strand=-
19:07:26.334 - INFO - ANNOTATION - marked as hypothetical: contig=VFMEETHA, start=16038, stop=16586, strand=-
19:07:26.334 - INFO - ANNOTATION - marked as hypothetical: contig=VFMEETHA, start=16589, stop=16918, strand=-
19:07:26.334 - INFO - ANNOTATION - marked as hypothetical: contig=VFMEETHA, start=16992, stop=17840, strand=+
19:07:26.334 - INFO - ANNOTATION - marked as hypothetical: contig=VFMEETHA, start=17840, stop=18013, strand=+
19:07:26.334 - INFO - ANNOTATION - marked as hypothetical: contig=VFMEETHA, start=17963, stop=18496, strand=-
19:07:26.334 - INFO - ANNOTATION - marked as hypothetical: contig=VFMEETHA, start=18484, stop=19230, strand=-
19:07:26.334 - INFO - ANNOTATION - marked as hypothetical: contig=VFMEETHA, start=19221, stop=20123, strand=-
19:07:26.334 - INFO - ANNOTATION - marked as hypothetical: contig=VFMEETHA, start=20108, stop=20683, strand=-
19:07:26.334 - INFO - ANNOTATION - marked as hypothetical: contig=VFMEETHA, start=20664, stop=21896, strand=-
19:07:26.334 - INFO - ANNOTATION - marked as hypothetical: contig=VFMEETHA, start=23408, stop=24643, strand=-
19:07:26.334 - INFO - ANNOTATION - marked as hypothetical: contig=VFMEETHA, start=24633, stop=25535, strand=-
19:07:26.334 - INFO - ANNOTATION - marked as hypothetical: contig=VFMEETHA, start=25532, stop=26452, strand=-
19:07:26.334 - INFO - ANNOTATION - marked as hypothetical: contig=VFMEETHA, start=26455, stop=27516, strand=+
19:07:26.334 - INFO - ANNOTATION - marked as hypothetical: contig=VFMEETHA, start=27497, stop=28759, strand=+
19:07:26.335 - INFO - ANNOTATION - marked as hypothetical: contig=VFMEETHA, start=28950, stop=31784, strand=+
19:07:26.335 - INFO - ANNOTATION - marked as hypothetical: contig=VFMEETHA, start=31933, stop=32712, strand=+
19:07:26.335 - INFO - ANNOTATION - marked as hypothetical: contig=VFMEETHA, start=32705, stop=33703, strand=+
19:07:26.335 - INFO - ANNOTATION - marked as hypothetical: contig=VFMEETHA, start=33696, stop=34247, strand=+
19:07:26.335 - INFO - ANNOTATION - marked as hypothetical: contig=VFMEETHA, start=35344, stop=35973, strand=+
19:07:26.335 - INFO - ANNOTATION - marked as hypothetical: contig=VFMEETHA, start=35966, stop=36199, strand=+
19:07:26.335 - INFO - ANNOTATION - marked as hypothetical: contig=VFMEETHA, start=36177, stop=36374, strand=+
19:07:26.335 - INFO - ANNOTATION - marked as hypothetical: contig=VFMEETHA, start=36444, stop=36590, strand=+
19:07:26.335 - INFO - ANNOTATION - marked as hypothetical: contig=VFMEETHA, start=36703, stop=37293, strand=-
19:07:26.335 - INFO - ANNOTATION - marked as hypothetical: contig=VFMEETHA, start=37330, stop=38364, strand=+
19:07:26.335 - INFO - ANNOTATION - marked as hypothetical: contig=VFMEETHA, start=38361, stop=41447, strand=+
19:07:26.335 - INFO - ANNOTATION - fix gene: extract symbol from protein name. symbol=clpX
19:07:26.335 - INFO - ANNOTATION - marked as hypothetical: contig=VFMEETHA, start=43243, stop=43356, strand=+
19:07:26.335 - INFO - ANNOTATION - marked as hypothetical: contig=VFMEETHA, start=43356, stop=44444, strand=+
19:07:26.335 - INFO - ANNOTATION - marked as hypothetical: contig=VFMEETHA, start=44359, stop=44580, strand=-
19:07:26.335 - INFO - ANNOTATION - marked as hypothetical: contig=VFMEETHA, start=44649, stop=45212, strand=+
19:07:26.335 - INFO - ANNOTATION - marked as hypothetical: contig=VFMEETHA, start=45209, stop=46444, strand=+
19:07:26.335 - INFO - ANNOTATION - marked as hypothetical: contig=VFMEETHA, start=46434, stop=47435, strand=+
19:07:26.335 - INFO - ANNOTATION - marked as hypothetical: contig=VFMEETHA, start=47934, stop=48533, strand=+
19:07:26.335 - INFO - ANNOTATION - marked as hypothetical: contig=VFMEETHA, start=48530, stop=49252, strand=+
19:07:26.335 - INFO - ANNOTATION - marked as hypothetical: contig=VFMEETHA, start=49242, stop=50018, strand=+
19:07:26.335 - INFO - ANNOTATION - marked as hypothetical: contig=VFMEETHA, start=50222, stop=50527, strand=+
19:07:26.335 - INFO - ANNOTATION - marked as hypothetical: contig=VFMEETHA, start=50667, stop=51497, strand=+
19:07:26.335 - INFO - ANNOTATION - marked as hypothetical: contig=VFMEETHA, start=51546, stop=51890, strand=-
19:07:26.335 - INFO - ANNOTATION - marked as hypothetical: contig=VFMEETHA, start=51868, stop=52179, strand=-
19:07:26.335 - INFO - ANNOTATION - marked as hypothetical: contig=VFMEETHA, start=53493, stop=53795, strand=+
19:07:26.335 - INFO - ANNOTATION - marked as hypothetical: contig=VFMEETHA, start=53760, stop=54212, strand=-
19:07:26.335 - INFO - ANNOTATION - marked as hypothetical: contig=VFMEETHA, start=54212, stop=54652, strand=-
19:07:26.335 - INFO - ANNOTATION - marked as hypothetical: contig=VFMEETHA, start=54649, stop=55143, strand=-
19:07:26.335 - INFO - ANNOTATION - marked as hypothetical: contig=VFMEETHA, start=55163, stop=56221, strand=+
19:07:26.335 - INFO - ANNOTATION - marked as hypothetical: contig=VFMEETHA, start=56969, stop=57991, strand=+
19:07:26.335 - INFO - ANNOTATION - marked as hypothetical: contig=VFMEETHA, start=57974, stop=58156, strand=-
19:07:26.335 - INFO - ANNOTATION - marked as hypothetical: contig=VFMEETHA, start=58137, stop=59426, strand=-
19:07:26.335 - INFO - ANNOTATION - marked as hypothetical: contig=VFMEETHA, start=59426, stop=60670, strand=-
19:07:26.335 - INFO - ANNOTATION - marked as hypothetical: contig=VFMEETHA, start=60674, stop=61105, strand=-
19:07:26.335 - INFO - ANNOTATION - marked as hypothetical: contig=VFMEETHA, start=61369, stop=62175, strand=-
19:07:26.335 - INFO - ANNOTATION - marked as hypothetical: contig=VFMEETHA, start=62374, stop=63648, strand=+
19:07:26.335 - INFO - ANNOTATION - marked as hypothetical: contig=VFMEETHA, start=63645, stop=65315, strand=+
19:07:26.335 - INFO - ANNOTATION - marked as hypothetical: contig=VFMEETHA, start=65391, stop=66659, strand=+
19:07:26.335 - INFO - ANNOTATION - marked as hypothetical: contig=VFMEETHA, start=66635, stop=67762, strand=+
19:07:26.335 - INFO - ANNOTATION - marked as hypothetical: contig=VFMEETHA, start=67759, stop=68796, strand=-
19:07:26.335 - INFO - ANNOTATION - marked as hypothetical: contig=VFMEETHA, start=68893, stop=69447, strand=+
19:07:26.335 - INFO - ANNOTATION - marked as hypothetical: contig=VFMEETHA, start=69440, stop=70405, strand=-
19:07:26.335 - INFO - ANNOTATION - fix gene: extract symbol from protein name. symbol=dnaK
19:07:26.335 - INFO - ANNOTATION - marked as hypothetical: contig=VFMEETHA, start=72210, stop=72707, strand=-
19:07:26.335 - INFO - ANNOTATION - marked as hypothetical: contig=VFMEETHA, start=72708, stop=73688, strand=+
19:07:26.335 - INFO - ANNOTATION - marked as hypothetical: contig=VFMEETHA, start=73671, stop=74627, strand=-
19:07:26.335 - INFO - ANNOTATION - marked as hypothetical: contig=VFMEETHA, start=74606, stop=75259, strand=-
19:07:26.335 - INFO - ANNOTATION - marked as hypothetical: contig=VFMEETHA, start=75237, stop=77228, strand=-
19:07:26.335 - INFO - ANNOTATION - marked as hypothetical: contig=VFMEETHA, start=77225, stop=77842, strand=-
19:07:26.335 - INFO - ANNOTATION - marked as hypothetical: contig=VFMEETHA, start=77820, stop=78536, strand=-
19:07:26.335 - INFO - ANNOTATION - marked as hypothetical: contig=VFMEETHA, start=79174, stop=79491, strand=-
19:07:26.335 - INFO - ANNOTATION - marked as hypothetical: contig=VFMEETHA, start=79485, stop=80159, strand=-
19:07:26.335 - INFO - ANNOTATION - marked as hypothetical: contig=VFMEETHA, start=80241, stop=81461, strand=+
19:07:26.335 - INFO - ANNOTATION - marked as hypothetical: contig=VFMEETHA, start=85568, stop=85798, strand=+
19:07:26.335 - INFO - ANNOTATION - marked as hypothetical: contig=VFMEETHA, start=85875, stop=86516, strand=+
19:07:26.335 - INFO - ANNOTATION - marked as hypothetical: contig=VFMEETHA, start=86509, stop=87069, strand=+
19:07:26.335 - INFO - ANNOTATION - marked as hypothetical: contig=VFMEETHA, start=87071, stop=87283, strand=+
19:07:26.335 - INFO - ANNOTATION - marked as hypothetical: contig=VFMEETHA, start=88278, stop=88616, strand=+
19:07:26.335 - INFO - ANNOTATION - marked as hypothetical: contig=VFMEETHA, start=88600, stop=89220, strand=+
19:07:26.335 - INFO - ANNOTATION - marked as hypothetical: contig=VFMEETHA, start=89589, stop=89828, strand=+
19:07:26.335 - INFO - ANNOTATION - marked as hypothetical: contig=VFMEETHA, start=90156, stop=90707, strand=+
19:07:26.335 - INFO - ANNOTATION - marked as hypothetical: contig=VFMEETHA, start=90972, stop=91340, strand=+
19:07:26.335 - INFO - ANNOTATION - marked as hypothetical: contig=VFMEETHA, start=91318, stop=91845, strand=+
19:07:26.335 - INFO - ANNOTATION - marked as hypothetical: contig=VFMEETHA, start=91832, stop=92122, strand=+
19:07:26.335 - INFO - ANNOTATION - marked as hypothetical: contig=VFMEETHA, start=92115, stop=92528, strand=+
19:07:26.335 - INFO - ANNOTATION - marked as hypothetical: contig=VFMEETHA, start=92515, stop=92793, strand=+
19:07:26.335 - INFO - ANNOTATION - marked as hypothetical: contig=VFMEETHA, start=93417, stop=93764, strand=+
19:07:26.336 - INFO - ANNOTATION - marked as hypothetical: contig=VFMEETHA, start=93764, stop=94279, strand=+
19:07:26.336 - INFO - ANNOTATION - marked as hypothetical: contig=VFMEETHA, start=94276, stop=94788, strand=+
19:07:26.336 - INFO - ANNOTATION - marked as hypothetical: contig=VFMEETHA, start=94778, stop=95026, strand=+
19:07:26.336 - INFO - ANNOTATION - marked as hypothetical: contig=VFMEETHA, start=95015, stop=96142, strand=-
19:07:26.336 - INFO - ANNOTATION - marked as hypothetical: contig=VFMEETHA, start=96577, stop=97638, strand=+
19:07:26.336 - INFO - ORF - write internal aa seqs: # seqs=100, path=/tmp/tmp691f65_j/cds.pseudo.candidates.faa
19:08:22.193 - INFO - CDS - found: pseudogene-candidates=0
19:08:22.193 - INFO - PSC - looked-up=0
19:08:22.193 - INFO - PSCC - looked-up=0
19:08:22.218 - INFO - CDS - pfam detected: contig=VFMEETHA, start=43356, stop=44444, strand=+, pfam-id=PF00004.32, length=151, aa-start=39, aa-stop=167, aa-cov=0.4, hmm-cov=0.8, evalue=1.4e-08, bitscore=27.9, name=AAA
19:08:22.219 - INFO - CDS - pfam detected: contig=VFMEETHA, start=59426, stop=60670, strand=-, pfam-id=PF13481.9, length=186, aa-start=170, aa-stop=342, aa-cov=0.4, hmm-cov=0.9, evalue=3.6e-09, bitscore=29.1, name=AAA_25
19:08:22.248 - INFO - CDS - pfam detected: contig=VFMEETHA, start=55163, stop=56221, strand=+, pfam-id=PF00155.24, length=244, aa-start=2, aa-stop=221, aa-cov=0.6, hmm-cov=1.0, evalue=1.1e-27, bitscore=89.8, name=Aminotran_1_2
19:08:22.248 - INFO - CDS - pfam detected: contig=VFMEETHA, start=46434, stop=47435, strand=+, pfam-id=PF00155.24, length=308, aa-start=62, aa-stop=317, aa-cov=0.8, hmm-cov=1.0, evalue=1.4e-27, bitscore=89.4, name=Aminotran_1_2
19:08:22.271 - INFO - CDS - pfam detected: contig=VFMEETHA, start=59426, stop=60670, strand=-, pfam-id=PF06745.16, length=181, aa-start=167, aa-stop=342, aa-cov=0.4, hmm-cov=0.9, evalue=8.6e-11, bitscore=34.2, name=ATPase
19:08:22.272 - INFO - CDS - pfam detected: contig=VFMEETHA, start=38361, stop=41447, strand=+, pfam-id=PF15632.9, length=64, aa-start=799, aa-stop=862, aa-cov=0.1, hmm-cov=1.0, evalue=2.4e-14, bitscore=45.9, name=ATPgrasp_Ter
19:08:22.385 - INFO - CDS - pfam detected: contig=VFMEETHA, start=38361, stop=41447, strand=+, pfam-id=PF02786.20, length=215, aa-start=123, aa-stop=330, aa-cov=0.2, hmm-cov=1.0, evalue=4.8e-65, bitscore=211.6, name=CPSase_L_D2
19:08:22.386 - INFO - CDS - pfam detected: contig=VFMEETHA, start=38361, stop=41447, strand=+, pfam-id=PF02787.22, length=76, aa-start=422, aa-stop=495, aa-cov=0.1, hmm-cov=1.0, evalue=5.6e-18, bitscore=57.5, name=CPSase_L_D3
19:08:22.387 - INFO - CDS - pfam detected: contig=VFMEETHA, start=37330, stop=38364, strand=+, pfam-id=PF00988.25, length=125, aa-start=13, aa-stop=137, aa-cov=0.4, hmm-cov=1.0, evalue=8.0e-31, bitscore=99.2, name=CPSase_sm_chain
19:08:22.414 - INFO - CDS - pfam detected: contig=VFMEETHA, start=72708, stop=73688, strand=+, pfam-id=PF00793.23, length=283, aa-start=33, aa-stop=310, aa-cov=0.9, hmm-cov=0.9, evalue=5.7e-67, bitscore=218.1, name=DAHP_synth_1
19:08:22.415 - INFO - CDS - pfam detected: contig=VFMEETHA, start=77225, stop=77842, strand=-, pfam-id=PF05173.17, length=112, aa-start=106, aa-stop=205, aa-cov=0.5, hmm-cov=1.0, evalue=3.2e-15, bitscore=48.9, name=DapB_C
19:08:22.415 - INFO - CDS - pfam detected: contig=VFMEETHA, start=77225, stop=77842, strand=-, pfam-id=PF01113.23, length=60, aa-start=40, aa-stop=97, aa-cov=0.3, hmm-cov=1.0, evalue=1.1e-10, bitscore=34.4, name=DapB_N
19:08:22.415 - INFO - CDS - pfam detected: contig=VFMEETHA, start=15295, stop=16041, strand=-, pfam-id=PF01678.22, length=92, aa-start=3, aa-stop=85, aa-cov=0.3, hmm-cov=1.0, evalue=4.4e-13, bitscore=42.2, name=DAP_epimerase
19:08:22.424 - INFO - CDS - pfam detected: contig=VFMEETHA, start=96577, stop=97638, strand=+, pfam-id=PF01761.23, length=265, aa-start=55, aa-stop=317, aa-cov=0.7, hmm-cov=1.0, evalue=5.8e-71, bitscore=231.3, name=DHQ_synthase
19:08:22.428 - INFO - CDS - pfam detected: contig=VFMEETHA, start=59426, stop=60670, strand=-, pfam-id=PF00772.24, length=101, aa-start=5, aa-stop=99, aa-cov=0.2, hmm-cov=1.0, evalue=1.7e-17, bitscore=56.1, name=DnaB
19:08:22.429 - INFO - CDS - pfam detected: contig=VFMEETHA, start=59426, stop=60670, strand=-, pfam-id=PF03796.18, length=252, aa-start=167, aa-stop=413, aa-cov=0.6, hmm-cov=1.0, evalue=1.8e-82, bitscore=269.1, name=DnaB_C
19:08:22.430 - INFO - CDS - pfam detected: contig=VFMEETHA, start=69440, stop=70405, strand=-, pfam-id=PF00226.34, length=55, aa-start=3, aa-stop=56, aa-cov=0.2, hmm-cov=1.0, evalue=2.6e-24, bitscore=77.9, name=DnaJ
19:08:22.430 - INFO - CDS - pfam detected: contig=VFMEETHA, start=69440, stop=70405, strand=-, pfam-id=PF01556.21, length=213, aa-start=97, aa-stop=302, aa-cov=0.6, hmm-cov=0.7, evalue=1.7e-30, bitscore=98.7, name=DnaJ_C
19:08:22.430 - INFO - CDS - pfam detected: contig=VFMEETHA, start=69440, stop=70405, strand=-, pfam-id=PF00684.22, length=65, aa-start=124, aa-stop=180, aa-cov=0.2, hmm-cov=1.0, evalue=6.2e-12, bitscore=38.4, name=DnaJ_CXXCXGXG
19:08:22.432 - INFO - CDS - pfam detected: contig=VFMEETHA, start=28950, stop=31784, strand=+, pfam-id=PF07733.15, length=158, aa-start=289, aa-stop=445, aa-cov=0.2, hmm-cov=1.0, evalue=3.4e-67, bitscore=219.4, name=DNA_pol3_alpha
19:08:22.432 - INFO - CDS - pfam detected: contig=VFMEETHA, start=43356, stop=44444, strand=+, pfam-id=PF13177.9, length=160, aa-start=17, aa-stop=175, aa-cov=0.4, hmm-cov=1.0, evalue=4.0e-33, bitscore=107.4, name=DNA_pol3_delta2
19:08:22.432 - INFO - CDS - pfam detected: contig=VFMEETHA, start=28950, stop=31784, strand=+, pfam-id=PF17657.4, length=139, aa-start=512, aa-stop=646, aa-cov=0.1, hmm-cov=1.0, evalue=4.5e-33, bitscore=106.6, name=DNA_pol3_finger
19:08:22.608 - INFO - CDS - pfam detected: contig=VFMEETHA, start=62374, stop=63648, strand=+, pfam-id=PF02421.21, length=63, aa-start=218, aa-stop=280, aa-cov=0.1, hmm-cov=1.0, evalue=5.7e-11, bitscore=34.8, name=FeoB_N
19:08:22.663 - INFO - CDS - pfam detected: contig=VFMEETHA, start=20108, stop=20683, strand=-, pfam-id=PF00117.31, length=192, aa-start=3, aa-stop=187, aa-cov=1.0, hmm-cov=1.0, evalue=8.8e-35, bitscore=112.8, name=GATase
19:08:22.663 - INFO - CDS - pfam detected: contig=VFMEETHA, start=37330, stop=38364, strand=+, pfam-id=PF00117.31, length=190, aa-start=181, aa-stop=342, aa-cov=0.5, hmm-cov=1.0, evalue=8.7e-25, bitscore=80.2, name=GATase
19:08:22.663 - INFO - CDS - pfam detected: contig=VFMEETHA, start=47934, stop=48533, strand=+, pfam-id=PF00117.31, length=207, aa-start=8, aa-stop=195, aa-cov=0.9, hmm-cov=0.9, evalue=5.6e-10, bitscore=31.9, name=GATase
19:08:22.683 - INFO - CDS - pfam detected: contig=VFMEETHA, start=63645, stop=65315, strand=+, pfam-id=PF13932.9, length=93, aa-start=390, aa-stop=481, aa-cov=0.2, hmm-cov=1.0, evalue=8.1e-32, bitscore=103.7, name=GIDA_C
19:08:22.774 - INFO - CDS - pfam detected: contig=VFMEETHA, start=28950, stop=31784, strand=+, pfam-id=PF14579.9, length=85, aa-start=733, aa-stop=815, aa-cov=0.1, hmm-cov=1.0, evalue=5.8e-18, bitscore=57.7, name=HHH_6
19:08:22.814 - INFO - CDS - pfam detected: contig=VFMEETHA, start=18484, stop=19230, strand=-, pfam-id=PF00218.24, length=240, aa-start=13, aa-stop=245, aa-cov=0.9, hmm-cov=1.0, evalue=4.5e-37, bitscore=120.2, name=IGPS
19:08:22.836 - INFO - CDS - pfam detected: contig=VFMEETHA, start=88600, stop=89220, strand=+, pfam-id=PF07650.20, length=57, aa-start=52, aa-stop=104, aa-cov=0.3, hmm-cov=1.0, evalue=7.7e-09, bitscore=28.0, name=KH_2
19:08:22.884 - INFO - CDS - pfam detected: contig=VFMEETHA, start=31933, stop=32712, strand=+, pfam-id=PF02219.20, length=276, aa-start=3, aa-stop=254, aa-cov=1.0, hmm-cov=1.0, evalue=4.1e-17, bitscore=55.0, name=MTHFR
19:08:22.904 - INFO - CDS - pfam detected: contig=VFMEETHA, start=95015, stop=96142, strand=-, pfam-id=PF02784.19, length=239, aa-start=27, aa-stop=253, aa-cov=0.6, hmm-cov=1.0, evalue=2.3e-41, bitscore=134.4, name=Orn_Arg_deC_N
19:08:22.904 - INFO - CDS - pfam detected: contig=VFMEETHA, start=95015, stop=96142, strand=-, pfam-id=PF00278.25, length=230, aa-start=116, aa-stop=345, aa-cov=0.6, hmm-cov=0.4, evalue=8.0e-18, bitscore=57.2, name=Orn_DAP_Arg_deC
19:08:22.905 - INFO - CDS - pfam detected: contig=VFMEETHA, start=50667, stop=51497, strand=+, pfam-id=PF00185.27, length=156, aa-start=139, aa-stop=271, aa-cov=0.5, hmm-cov=1.0, evalue=1.0e-24, bitscore=80.1, name=OTCace
19:08:22.905 - INFO - CDS - pfam detected: contig=VFMEETHA, start=50667, stop=51497, strand=+, pfam-id=PF02729.24, length=143, aa-start=2, aa-stop=131, aa-cov=0.5, hmm-cov=1.0, evalue=5.6e-32, bitscore=103.5, name=OTCace_N
19:08:22.914 - INFO - CDS - pfam detected: contig=VFMEETHA, start=17963, stop=18496, strand=-, pfam-id=PF03462.21, length=92, aa-start=3, aa-stop=94, aa-cov=0.5, hmm-cov=1.0, evalue=4.0e-27, bitscore=87.9, name=PCRF
19:08:22.918 - INFO - CDS - pfam detected: contig=VFMEETHA, start=20108, stop=20683, strand=-, pfam-id=PF07722.16, length=115, aa-start=74, aa-stop=171, aa-cov=0.5, hmm-cov=1.0, evalue=1.2e-10, bitscore=34.2, name=Peptidase_C26
19:08:22.922 - INFO - CDS - pfam detected: contig=VFMEETHA, start=13037, stop=13468, strand=+, pfam-id=PF01327.24, length=150, aa-start=3, aa-stop=142, aa-cov=1.0, hmm-cov=1.0, evalue=1.3e-22, bitscore=72.8, name=Pep_deformylase
19:08:22.941 - INFO - CDS - pfam detected: contig=VFMEETHA, start=33696, stop=34247, strand=+, pfam-id=PF00697.25, length=195, aa-start=3, aa-stop=179, aa-cov=1.0, hmm-cov=1.0, evalue=5.5e-10, bitscore=31.9, name=PRAI
19:08:22.943 - INFO - CDS - pfam detected: contig=VFMEETHA, start=16992, stop=17840, strand=+, pfam-id=PF13793.9, length=77, aa-start=13, aa-stop=88, aa-cov=0.3, hmm-cov=1.0, evalue=2.4e-12, bitscore=39.5, name=Pribosyltran_N
19:08:22.943 - INFO - CDS - pfam detected: contig=VFMEETHA, start=16992, stop=17840, strand=+, pfam-id=PF14572.9, length=81, aa-start=197, aa-stop=274, aa-cov=0.3, hmm-cov=1.0, evalue=1.4e-10, bitscore=34.1, name=Pribosyl_synth
19:08:22.960 - INFO - CDS - pfam detected: contig=VFMEETHA, start=2019, stop=2363, strand=+, pfam-id=PF00542.22, length=65, aa-start=49, aa-stop=113, aa-cov=0.6, hmm-cov=1.0, evalue=1.8e-15, bitscore=49.8, name=Ribosomal_L12
19:08:22.961 - INFO - CDS - pfam detected: contig=VFMEETHA, start=88278, stop=88616, strand=+, pfam-id=PF00237.22, length=95, aa-start=11, aa-stop=105, aa-cov=0.8, hmm-cov=1.0, evalue=4.7e-09, bitscore=29.2, name=Ribosomal_L22
19:08:22.962 - INFO - CDS - pfam detected: contig=VFMEETHA, start=90156, stop=90707, strand=+, pfam-id=PF00281.22, length=55, aa-start=28, aa-stop=80, aa-cov=0.3, hmm-cov=1.0, evalue=3.4e-12, bitscore=39.3, name=Ribosomal_L5
19:08:22.963 - INFO - CDS - pfam detected: contig=VFMEETHA, start=90156, stop=90707, strand=+, pfam-id=PF00673.24, length=94, aa-start=86, aa-stop=179, aa-cov=0.5, hmm-cov=1.0, evalue=3.3e-26, bitscore=84.1, name=Ribosomal_L5_C
19:08:22.963 - INFO - CDS - pfam detected: contig=VFMEETHA, start=12567, stop=12854, strand=+, pfam-id=PF00338.25, length=94, aa-start=3, aa-stop=91, aa-cov=0.9, hmm-cov=1.0, evalue=7.8e-17, bitscore=54.1, name=Ribosomal_S10
19:08:22.963 - INFO - CDS - pfam detected: contig=VFMEETHA, start=89589, stop=89828, strand=+, pfam-id=PF00366.23, length=61, aa-start=8, aa-stop=68, aa-cov=0.8, hmm-cov=1.0, evalue=3.8e-11, bitscore=35.7, name=Ribosomal_S17
19:08:22.963 - INFO - CDS - pfam detected: contig=VFMEETHA, start=88600, stop=89220, strand=+, pfam-id=PF00189.23, length=83, aa-start=117, aa-stop=199, aa-cov=0.4, hmm-cov=1.0, evalue=6.5e-24, bitscore=77.0, name=Ribosomal_S3_C
19:08:22.964 - INFO - CDS - pfam detected: contig=VFMEETHA, start=92115, stop=92528, strand=+, pfam-id=PF00333.23, length=62, aa-start=4, aa-stop=64, aa-cov=0.4, hmm-cov=1.0, evalue=3.8e-13, bitscore=42.0, name=Ribosomal_S5
19:08:22.964 - INFO - CDS - pfam detected: contig=VFMEETHA, start=10082, stop=10552, strand=+, pfam-id=PF00177.24, length=150, aa-start=1, aa-stop=149, aa-cov=1.0, hmm-cov=1.0, evalue=8.4e-35, bitscore=112.3, name=Ribosomal_S7
19:08:22.964 - INFO - CDS - pfam detected: contig=VFMEETHA, start=90972, stop=91340, strand=+, pfam-id=PF00410.22, length=120, aa-start=7, aa-stop=114, aa-cov=0.9, hmm-cov=1.0, evalue=9.3e-09, bitscore=28.0, name=Ribosomal_S8
19:08:22.972 - INFO - CDS - pfam detected: contig=VFMEETHA, start=6129, stop=9779, strand=+, pfam-id=PF04997.15, length=341, aa-start=2, aa-stop=327, aa-cov=0.3, hmm-cov=0.9, evalue=3.6e-72, bitscore=235.9, name=RNA_pol_Rpb1_1
19:08:22.973 - INFO - CDS - pfam detected: contig=VFMEETHA, start=6129, stop=9779, strand=+, pfam-id=PF00623.23, length=89, aa-start=380, aa-stop=468, aa-cov=0.1, hmm-cov=1.0, evalue=6.2e-35, bitscore=113.5, name=RNA_pol_Rpb1_2
19:08:22.974 - INFO - CDS - pfam detected: contig=VFMEETHA, start=6129, stop=9779, strand=+, pfam-id=PF04983.21, length=156, aa-start=474, aa-stop=613, aa-cov=0.1, hmm-cov=1.0, evalue=8.0e-17, bitscore=54.3, name=RNA_pol_Rpb1_3
19:08:22.974 - INFO - CDS - pfam detected: contig=VFMEETHA, start=6129, stop=9779, strand=+, pfam-id=PF04998.20, length=416, aa-start=734, aa-stop=1145, aa-cov=0.3, hmm-cov=0.6, evalue=8.5e-58, bitscore=188.5, name=RNA_pol_Rpb1_5
19:08:22.974 - INFO - CDS - pfam detected: contig=VFMEETHA, start=2356, stop=6132, strand=+, pfam-id=PF04565.19, length=66, aa-start=461, aa-stop=526, aa-cov=0.1, hmm-cov=1.0, evalue=5.7e-26, bitscore=83.3, name=RNA_pol_Rpb2_3
19:08:22.974 - INFO - CDS - pfam detected: contig=VFMEETHA, start=2356, stop=6132, strand=+, pfam-id=PF00562.31, length=505, aa-start=685, aa-stop=1181, aa-cov=0.4, hmm-cov=0.7, evalue=2.5e-98, bitscore=322.3, name=RNA_pol_Rpb2_6
19:08:22.975 - INFO - CDS - pfam detected: contig=VFMEETHA, start=2356, stop=6132, strand=+, pfam-id=PF04560.23, length=82, aa-start=1184, aa-stop=1255, aa-cov=0.1, hmm-cov=1.0, evalue=1.6e-23, bitscore=75.7, name=RNA_pol_Rpb2_7
19:08:22.982 - INFO - CDS - pfam detected: contig=VFMEETHA, start=43356, stop=44444, strand=+, pfam-id=PF05496.15, length=53, aa-start=8, aa-stop=56, aa-cov=0.1, hmm-cov=1.0, evalue=1.1e-08, bitscore=27.7, name=RuvB_N
19:08:22.983 - INFO - CDS - pfam detected: contig=VFMEETHA, start=36703, stop=37293, strand=-, pfam-id=PF16473.8, length=104, aa-start=48, aa-stop=146, aa-cov=0.5, hmm-cov=0.9, evalue=5.0e-09, bitscore=29.0, name=Rv2179c-like
19:08:22.984 - INFO - CDS - pfam detected: contig=VFMEETHA, start=66635, stop=67762, strand=+, pfam-id=PF00575.26, length=73, aa-start=170, aa-stop=241, aa-cov=0.2, hmm-cov=1.0, evalue=2.2e-21, bitscore=68.7, name=S1
19:08:22.984 - INFO - CDS - pfam detected: contig=VFMEETHA, start=93764, stop=94279, strand=+, pfam-id=PF01479.28, length=47, aa-start=78, aa-stop=124, aa-cov=0.3, hmm-cov=1.0, evalue=1.1e-13, bitscore=43.4, name=S4
19:08:22.992 - INFO - CDS - pfam detected: contig=VFMEETHA, start=32705, stop=33703, strand=+, pfam-id=PF01118.27, length=119, aa-start=5, aa-stop=109, aa-cov=0.3, hmm-cov=1.0, evalue=1.1e-10, bitscore=34.7, name=Semialdhyde_dh
19:08:22.992 - INFO - CDS - pfam detected: contig=VFMEETHA, start=32705, stop=33703, strand=+, pfam-id=PF02774.21, length=188, aa-start=133, aa-stop=314, aa-cov=0.5, hmm-cov=1.0, evalue=8.0e-33, bitscore=106.7, name=Semialdhyde_dhC
19:08:22.996 - INFO - CDS - pfam detected: contig=VFMEETHA, start=77820, stop=78536, strand=-, pfam-id=PF08501.14, length=83, aa-start=5, aa-stop=85, aa-cov=0.3, hmm-cov=1.0, evalue=5.5e-16, bitscore=51.4, name=Shikimate_dh_N
19:08:22.997 - INFO - CDS - pfam detected: contig=VFMEETHA, start=27497, stop=28759, strand=+, pfam-id=PF04542.17, length=66, aa-start=211, aa-stop=276, aa-cov=0.2, hmm-cov=1.0, evalue=1.1e-20, bitscore=65.9, name=Sigma70_r2
19:08:22.998 - INFO - CDS - pfam detected: contig=VFMEETHA, start=27497, stop=28759, strand=+, pfam-id=PF04545.19, length=53, aa-start=352, aa-stop=404, aa-cov=0.1, hmm-cov=0.9, evalue=6.8e-18, bitscore=56.7, name=Sigma70_r4
19:08:23.011 - INFO - CDS - pfam detected: contig=VFMEETHA, start=16589, stop=16918, strand=-, pfam-id=PF00436.28, length=101, aa-start=4, aa-stop=92, aa-cov=0.8, hmm-cov=1.0, evalue=6.1e-17, bitscore=54.3, name=SSB
19:08:23.072 - INFO - CDS - pfam detected: contig=VFMEETHA, start=26455, stop=27516, strand=+, pfam-id=PF13662.9, length=76, aa-start=144, aa-stop=208, aa-cov=0.2, hmm-cov=1.0, evalue=6.3e-14, bitscore=45.0, name=Toprim_4
19:08:23.073 - INFO - CDS - pfam detected: contig=VFMEETHA, start=26455, stop=27516, strand=+, pfam-id=PF08275.14, length=119, aa-start=30, aa-stop=134, aa-cov=0.3, hmm-cov=1.0, evalue=3.3e-11, bitscore=36.1, name=Toprim_N
19:08:23.089 - INFO - CDS - pfam detected: contig=VFMEETHA, start=23408, stop=24643, strand=-, pfam-id=PF00749.24, length=315, aa-start=3, aa-stop=293, aa-cov=0.7, hmm-cov=1.0, evalue=8.8e-36, bitscore=116.0, name=tRNA-synt_1c
19:08:23.090 - INFO - CDS - pfam detected: contig=VFMEETHA, start=61369, stop=62175, strand=-, pfam-id=PF00749.24, length=124, aa-start=25, aa-stop=146, aa-cov=0.5, hmm-cov=1.0, evalue=4.0e-14, bitscore=44.8, name=tRNA-synt_1c
19:08:23.091 - INFO - CDS - pfam detected: contig=VFMEETHA, start=73671, stop=74627, strand=-, pfam-id=PF03054.19, length=202, aa-start=3, aa-stop=189, aa-cov=0.6, hmm-cov=1.0, evalue=1.1e-36, bitscore=119.1, name=tRNA_Me_trans
19:08:23.093 - INFO - CDS - pfam detected: contig=VFMEETHA, start=35344, stop=35973, strand=+, pfam-id=PF00290.23, length=226, aa-start=3, aa-stop=206, aa-cov=1.0, hmm-cov=1.0, evalue=1.9e-09, bitscore=29.4, name=Trp_syntA
19:08:23.162 - INFO - CDS - predicted-pfams=74, CDS-w/-pfams=47
19:08:23.218 - INFO - S_ORF - predicted=745
19:08:23.272 - INFO - S_ORF - sORF filter: # valid=21, # discarded=724
19:08:23.301 - INFO - ORF - discarded=0
19:08:23.316 - INFO - UPS - looked-up=0
19:08:23.316 - INFO - IPS - looked-up=0
19:08:23.316 - INFO - ORF - write internal aa seqs: # seqs=21, path=/tmp/tmp691f65_j/sorf.faa
19:08:23.364 - INFO - S_ORF - found=0
19:08:23.364 - INFO - PSC - looked-up=0
19:08:23.364 - INFO - PSCC - looked-up=0
19:08:23.863 - INFO - ORI - predicted=0
19:08:23.928 - INFO - ORI - predicted=0
19:08:23.928 - INFO - ANNOTATION - overlap: CDS (None/hypothetical protein) [1193, 1285] overlapping tRNA (trnW) [1179, 1250], [1193,1250], contig=VFMEETHA
19:08:23.928 - INFO - ANNOTATION - overlap: CDS (None/hypothetical protein) [13037, 13468] overlapping tRNA (trnF) [13462, 13533], [13462,13468], contig=VFMEETHA
19:08:23.928 - INFO - ANNOTATION - overlap: CDS (None/hypothetical protein) [27497, 28759] overlapping tRNA (None) [28750, 28948], [28750,28759], contig=VFMEETHA
19:08:23.928 - INFO - ANNOTATION - overlap: CDS (None/hypothetical protein) [28950, 31784] overlapping tRNA (trnL) [31775, 31847], [31775,31784], contig=VFMEETHA
19:08:23.928 - INFO - ANNOTATION - overlap: CDS (None/hypothetical protein) [36177, 36374] overlapping tRNA (trnN) [36367, 36438], [36367,36374], contig=VFMEETHA
19:08:23.928 - INFO - ANNOTATION - overlap: CDS (clpX/ATP-dependent Clp protease ATP-binding subunit ClpX) [41998, 43185] overlapping tRNA (trnV) [43171, 43241], [43171,43185], contig=VFMEETHA
19:08:23.928 - INFO - ANNOTATION - overlap: CDS (None/hypothetical protein) [44359, 44580] overlapping tRNA (trnS) [44504, 44586], [44504,44580], contig=VFMEETHA
19:08:23.928 - INFO - ANNOTATION - overlap: CDS (None/hypothetical protein) [50667, 51497] overlapping tRNA (trnK) [51484, 51555], [51484,51497], contig=VFMEETHA
19:08:23.928 - INFO - ANNOTATION - overlap: CDS (None/hypothetical protein) [51546, 51890] overlapping tRNA (trnK) [51484, 51555], [51546,51555], contig=VFMEETHA
19:08:23.928 - INFO - ANNOTATION - overlap: CDS (None/hypothetical protein) [80241, 81461] overlapping rRNA (rrf) [81460, 81567], [81460,81461], contig=VFMEETHA
19:08:23.928 - INFO - ANNOTATION - overlap: CDS (None/hypothetical protein) [85568, 85798] overlapping rRNA (rrs) [84397, 85871], [85568,85798], contig=VFMEETHA
19:08:23.928 - INFO - ANNOTATION - overlap: CDS (None/hypothetical protein) [96577, 97638] overlapping tRNA (trnY) [97637, 97719], [97637,97638], contig=VFMEETHA
19:08:23.928 - INFO - ANNOTATION - overlap: CDS (None/Elongation factor Tu) [1, 1188] overlapping tRNA (trnW) [1179, 1250], [1179,1188], contig=VFMEETHA
19:08:23.928 - INFO - UTILS - generated sequence tag prefix: prefix=FKEGECLPJO, length=10, MD5=F4E0EC59389889EA0B3E18CEF8AA6DCF
19:08:23.928 - INFO - MAIN - selected features=130
19:08:23.928 - INFO - UTILS - generated sequence tag prefix: prefix=FKEGEC, length=6, MD5=F4E0EC59389889EA0B3E18CEF8AA6DCF
19:08:23.928 - INFO - MAIN - locus tag prefix=FKEGEC
19:08:23.928 - INFO - UTILS - genome-size=97882
19:08:23.929 - INFO - UTILS - GC=0.169
19:08:23.929 - INFO - UTILS - N=0.000
19:08:23.929 - INFO - UTILS - N50=97882
19:08:23.929 - INFO - UTILS - coding-ratio=0.886
19:08:23.929 - INFO - TSV - write tsv: path=/home/diego/Documents/metagenomes/annotation_symbio_merge/annotation_Beta/genomes/annotation_bakta/bakta_VFMEETHA/VFMEETHA.tsv
19:08:23.929 - INFO - GFF - write GFF3: path=/home/diego/Documents/metagenomes/annotation_symbio_merge/annotation_Beta/genomes/annotation_bakta/bakta_VFMEETHA/VFMEETHA.gff3
19:08:23.931 - INFO - INSDC - write GenBank: path=/home/diego/Documents/metagenomes/annotation_symbio_merge/annotation_Beta/genomes/annotation_bakta/bakta_VFMEETHA/VFMEETHA.gbff
19:08:23.934 - INFO - INSDC - write EMBL: path=/home/diego/Documents/metagenomes/annotation_symbio_merge/annotation_Beta/genomes/annotation_bakta/bakta_VFMEETHA/VFMEETHA.embl
19:08:23.939 - INFO - FASTA - write genome sequences: path=/home/diego/Documents/metagenomes/annotation_symbio_merge/annotation_Beta/genomes/annotation_bakta/bakta_VFMEETHA/VFMEETHA.fna, description=True, wrap=True
19:08:23.939 - INFO - FASTA - write feature nucleotide sequences: path=/home/diego/Documents/metagenomes/annotation_symbio_merge/annotation_Beta/genomes/annotation_bakta/bakta_VFMEETHA/VFMEETHA.ffn
19:08:23.940 - INFO - FASTA - write translated CDS/sORF: path=/home/diego/Documents/metagenomes/annotation_symbio_merge/annotation_Beta/genomes/annotation_bakta/bakta_VFMEETHA/VFMEETHA.faa
19:08:23.957 - INFO - PLOT - write circular genome plot: file-name=VFMEETHA, output-dir=/home/diego/Documents/metagenomes/annotation_symbio_merge/annotation_Beta/genomes/annotation_bakta/bakta_VFMEETHA
19:08:27.018 - INFO - TSV - write hypothetical tsv: path=/home/diego/Documents/metagenomes/annotation_symbio_merge/annotation_Beta/genomes/annotation_bakta/bakta_VFMEETHA/VFMEETHA.hypotheticals.tsv
19:08:27.019 - INFO - FASTA - write translated CDS/sORF: path=/home/diego/Documents/metagenomes/annotation_symbio_merge/annotation_Beta/genomes/annotation_bakta/bakta_VFMEETHA/VFMEETHA.hypotheticals.faa
19:08:27.019 - INFO - JSON - write JSON: path=/home/diego/Documents/metagenomes/annotation_symbio_merge/annotation_Beta/genomes/annotation_bakta/bakta_VFMEETHA/VFMEETHA.json
19:08:27.022 - INFO - MAIN - removed tmp dir: /tmp/tmp691f65_j
