Discrepancy Report Results

Summary
DISC_SOURCE_QUALS_ASNDISC:strain (all present, all unique)
DISC_SOURCE_QUALS_ASNDISC:taxname (all present, all unique)
DISC_FEATURE_COUNT:gene: 175 present
DISC_FEATURE_COUNT:CDS: 142 present
DISC_FEATURE_COUNT:tRNA: 29 present
DISC_FEATURE_COUNT:rRNA: 3 present
DISC_FEATURE_COUNT:tmRNA: 1 present
DISC_COUNT_NUCLEOTIDES:1 nucleotide Bioseqs are present
OVERLAPPING_GENES:44 genes overlap another gene on the same strand.
SUSPECT_PRODUCT_NAMES:1 product_names contain suspect phrase or characters
	May contain database identifier more appropriate in note; remove from product name
		1 features Contains underscore
DISC_QUALITY_SCORES:Quality scores are missing on all sequences.
ONCALLER_COMMENT_PRESENT:1 comment descriptors were found (all same)
SHORT_PROT_SEQUENCES:7 protein sequences are shorter than 50 aa.
MISSING_GENOMEASSEMBLY_COMMENTS:1 bioseqs are missing GenomeAssembly structured comments
MOLTYPE_NOT_MRNA:1 molecule types are not set as mRNA.
TECHNIQUE_NOT_TSA:1 technique are not set as TSA
MISSING_STRUCTURED_COMMENT:1 sequences do not include structured comments.
MISSING_PROJECT:143 sequences do not include project.
DISC_INCONSISTENT_MOLINFO_TECH:Molinfo Technique Report (some missing, all same)


Detailed Report

DiscRep_ALL:DISC_SOURCE_QUALS_ASNDISC::strain (all present, all unique)
DiscRep_SUB:DISC_SOURCE_QUALS_ASNDISC::1 sources have unique values for strain
DiscRep_ALL:DISC_SOURCE_QUALS_ASNDISC::taxname (all present, all unique)
DiscRep_SUB:DISC_SOURCE_QUALS_ASNDISC::1 sources have unique values for taxname
DiscRep_ALL:DISC_FEATURE_COUNT::gene: 175 present
DiscRep_ALL:DISC_FEATURE_COUNT::CDS: 142 present
DiscRep_ALL:DISC_FEATURE_COUNT::tRNA: 29 present
DiscRep_ALL:DISC_FEATURE_COUNT::rRNA: 3 present
DiscRep_ALL:DISC_FEATURE_COUNT::tmRNA: 1 present
DiscRep_ALL:DISC_COUNT_NUCLEOTIDES::1 nucleotide Bioseqs are present
prokka_SMTETMAC/prokka_SMTETMAC:Prokka:SMTETMAC_1 (length 146785)

DiscRep_ALL:OVERLAPPING_GENES::44 genes overlap another gene on the same strand.
prokka_SMTETMAC/prokka_SMTETMAC:Gene	prfA	SMTETMAC_1:7901-8953	SMTETMAC_00008
prokka_SMTETMAC/prokka_SMTETMAC:Gene	rsmA	SMTETMAC_1:8950-9708	SMTETMAC_00009
prokka_SMTETMAC/prokka_SMTETMAC:Gene	rplI	SMTETMAC_1:c21126-20926	SMTETMAC_00020
prokka_SMTETMAC/prokka_SMTETMAC:Gene	rpsR	SMTETMAC_1:c21404-21123	SMTETMAC_00021
prokka_SMTETMAC/prokka_SMTETMAC:Gene	rpsF	SMTETMAC_1:c21747-21397	SMTETMAC_00022
prokka_SMTETMAC/prokka_SMTETMAC:Gene	rpmA	SMTETMAC_1:c22316-22065	SMTETMAC_00024
prokka_SMTETMAC/prokka_SMTETMAC:Gene	rplU	SMTETMAC_1:c22644-22306	SMTETMAC_00025
prokka_SMTETMAC/prokka_SMTETMAC:Gene	iscS	SMTETMAC_1:c39998-38865	SMTETMAC_00046
prokka_SMTETMAC/prokka_SMTETMAC:Gene	tilS	SMTETMAC_1:c40923-39976	SMTETMAC_00047
prokka_SMTETMAC/prokka_SMTETMAC:Gene	grpE	SMTETMAC_1:49600-50142	SMTETMAC_00055
prokka_SMTETMAC/prokka_SMTETMAC:Gene	dnaJ	SMTETMAC_1:50135-51250	SMTETMAC_00056
prokka_SMTETMAC/prokka_SMTETMAC:Gene	rplM	SMTETMAC_1:57402-57803	SMTETMAC_00064
prokka_SMTETMAC/prokka_SMTETMAC:Gene	rpsI	SMTETMAC_1:57803-58195	SMTETMAC_00065
prokka_SMTETMAC/prokka_SMTETMAC:Gene	rpsB	SMTETMAC_1:58149-58934	SMTETMAC_00066
prokka_SMTETMAC/prokka_SMTETMAC:Gene	rplJ	SMTETMAC_1:75186-75749	SMTETMAC_00088
prokka_SMTETMAC/prokka_SMTETMAC:Gene	rplL	SMTETMAC_1:75739-76107	SMTETMAC_00089
prokka_SMTETMAC/prokka_SMTETMAC:Gene	rpoB	SMTETMAC_1:76107-79817	SMTETMAC_00090
prokka_SMTETMAC/prokka_SMTETMAC:Gene	rpmG	SMTETMAC_1:c86248-86063	SMTETMAC_00095
prokka_SMTETMAC/prokka_SMTETMAC:Gene	rpmB	SMTETMAC_1:c86474-86238	SMTETMAC_00096
prokka_SMTETMAC/prokka_SMTETMAC:Gene	leuS	SMTETMAC_1:c91541-88800	SMTETMAC_00100
prokka_SMTETMAC/prokka_SMTETMAC:Gene	tyrS1	SMTETMAC_1:c92793-91531	SMTETMAC_00101
prokka_SMTETMAC/prokka_SMTETMAC:Gene	leuC	SMTETMAC_1:94053-95468	SMTETMAC_00103
prokka_SMTETMAC/prokka_SMTETMAC:Gene	leuD1	SMTETMAC_1:95455-96039	SMTETMAC_00104
prokka_SMTETMAC/prokka_SMTETMAC:Gene	sufC	SMTETMAC_1:107757-108503	SMTETMAC_00118
prokka_SMTETMAC/prokka_SMTETMAC:Gene	sufD	SMTETMAC_1:108500-109837	SMTETMAC_00119
prokka_SMTETMAC/prokka_SMTETMAC:Gene	sufS	SMTETMAC_1:109824-111035	SMTETMAC_00120
prokka_SMTETMAC/prokka_SMTETMAC:Gene	SMTETMAC_00132	SMTETMAC_1:c118107-117976	SMTETMAC_00132
prokka_SMTETMAC/prokka_SMTETMAC:Gene	SMTETMAC_00133	SMTETMAC_1:c118316-118104	SMTETMAC_00133
prokka_SMTETMAC/prokka_SMTETMAC:Gene	rpsJ	SMTETMAC_1:122128-122424	SMTETMAC_00138
prokka_SMTETMAC/prokka_SMTETMAC:Gene	rplC	SMTETMAC_1:122418-123044	SMTETMAC_00139
prokka_SMTETMAC/prokka_SMTETMAC:Gene	SMTETMAC_00141	SMTETMAC_1:123702-124064	SMTETMAC_00141
prokka_SMTETMAC/prokka_SMTETMAC:Gene	rplB	SMTETMAC_1:124054-124881	SMTETMAC_00142
prokka_SMTETMAC/prokka_SMTETMAC:Gene	rpsS	SMTETMAC_1:124897-125202	SMTETMAC_00143
prokka_SMTETMAC/prokka_SMTETMAC:Gene	rplV	SMTETMAC_1:125195-125557	SMTETMAC_00144
prokka_SMTETMAC/prokka_SMTETMAC:Gene	rpsC	SMTETMAC_1:125542-126219	SMTETMAC_00145
prokka_SMTETMAC/prokka_SMTETMAC:Gene	rplP	SMTETMAC_1:126239-126643	SMTETMAC_00146
prokka_SMTETMAC/prokka_SMTETMAC:Gene	rpsQ	SMTETMAC_1:126643-126888	SMTETMAC_00147
prokka_SMTETMAC/prokka_SMTETMAC:Gene	SMTETMAC_00149	SMTETMAC_1:127273-127626	SMTETMAC_00149
prokka_SMTETMAC/prokka_SMTETMAC:Gene	rplE	SMTETMAC_1:127610-128167	SMTETMAC_00150
prokka_SMTETMAC/prokka_SMTETMAC:Gene	rpsN2	SMTETMAC_1:128160-128429	SMTETMAC_00151
prokka_SMTETMAC/prokka_SMTETMAC:Gene	rpsM	SMTETMAC_1:131178-131555	SMTETMAC_00159
prokka_SMTETMAC/prokka_SMTETMAC:Gene	rpsK	SMTETMAC_1:131552-131911	SMTETMAC_00160
prokka_SMTETMAC/prokka_SMTETMAC:Gene	rpoA	SMTETMAC_1:132583-133557	SMTETMAC_00162
prokka_SMTETMAC/prokka_SMTETMAC:Gene	rplQ	SMTETMAC_1:133554-133904	SMTETMAC_00163

DiscRep_ALL:SUSPECT_PRODUCT_NAMES::1 product_names contain suspect phrase or characters
DiscRep_SUB:SUSPECT_PRODUCT_NAMES::May contain database identifier more appropriate in note; remove from product name
DiscRep_SUB:SUSPECT_PRODUCT_NAMES::1 features Contains underscore
prokka_SMTETMAC/prokka_SMTETMAC:CDS	Putative O-methyltransferase/MSMEI_4947	SMTETMAC_1:5985-6620	SMTETMAC_00006

DiscRep_ALL:DISC_QUALITY_SCORES::Quality scores are missing on all sequences.

DiscRep_ALL:ONCALLER_COMMENT_PRESENT::1 comment descriptors were found (all same)
prokka_SMTETMAC/prokka_SMTETMAC:Prokka:SMTETMAC_1:Annotated using prokka 1.13 from https://github.com/tseemann/prokka

DiscRep_ALL:SHORT_PROT_SEQUENCES::7 protein sequences are shorter than 50 aa.
prokka_SMTETMAC/prokka_SMTETMAC:Prokka:SMTETMAC_00029 (length 32)
prokka_SMTETMAC/prokka_SMTETMAC:Prokka:SMTETMAC_00033 (length 47)
prokka_SMTETMAC/prokka_SMTETMAC:Prokka:SMTETMAC_00098 (length 41)
prokka_SMTETMAC/prokka_SMTETMAC:Prokka:SMTETMAC_00129 (length 45)
prokka_SMTETMAC/prokka_SMTETMAC:Prokka:SMTETMAC_00130 (length 38)
prokka_SMTETMAC/prokka_SMTETMAC:Prokka:SMTETMAC_00132 (length 43)
prokka_SMTETMAC/prokka_SMTETMAC:Prokka:SMTETMAC_00158 (length 38)

DiscRep_ALL:MISSING_GENOMEASSEMBLY_COMMENTS::1 bioseqs are missing GenomeAssembly structured comments
prokka_SMTETMAC/prokka_SMTETMAC:Prokka:SMTETMAC_1 (length 146785)

DiscRep_ALL:MOLTYPE_NOT_MRNA::1 molecule types are not set as mRNA.
prokka_SMTETMAC/prokka_SMTETMAC:Prokka:SMTETMAC_1 (length 146785)

DiscRep_ALL:TECHNIQUE_NOT_TSA::1 technique are not set as TSA
prokka_SMTETMAC/prokka_SMTETMAC:Prokka:SMTETMAC_1 (length 146785)

DiscRep_ALL:MISSING_STRUCTURED_COMMENT::1 sequences do not include structured comments.
prokka_SMTETMAC/prokka_SMTETMAC:Prokka:SMTETMAC_1 (length 146785)

DiscRep_ALL:MISSING_PROJECT::143 sequences do not include project.
prokka_SMTETMAC/prokka_SMTETMAC:Prokka:SMTETMAC_1 (length 146785)
prokka_SMTETMAC/prokka_SMTETMAC:Prokka:SMTETMAC_00001 (length 159)
prokka_SMTETMAC/prokka_SMTETMAC:Prokka:SMTETMAC_00002 (length 862)
prokka_SMTETMAC/prokka_SMTETMAC:Prokka:SMTETMAC_00003 (length 110)
prokka_SMTETMAC/prokka_SMTETMAC:Prokka:SMTETMAC_00004 (length 369)
prokka_SMTETMAC/prokka_SMTETMAC:Prokka:SMTETMAC_00005 (length 384)
prokka_SMTETMAC/prokka_SMTETMAC:Prokka:SMTETMAC_00006 (length 211)
prokka_SMTETMAC/prokka_SMTETMAC:Prokka:SMTETMAC_00007 (length 423)
prokka_SMTETMAC/prokka_SMTETMAC:Prokka:SMTETMAC_00008 (length 350)
prokka_SMTETMAC/prokka_SMTETMAC:Prokka:SMTETMAC_00009 (length 252)
prokka_SMTETMAC/prokka_SMTETMAC:Prokka:SMTETMAC_00011 (length 1151)
prokka_SMTETMAC/prokka_SMTETMAC:Prokka:SMTETMAC_00013 (length 374)
prokka_SMTETMAC/prokka_SMTETMAC:Prokka:SMTETMAC_00014 (length 410)
prokka_SMTETMAC/prokka_SMTETMAC:Prokka:SMTETMAC_00015 (length 536)
prokka_SMTETMAC/prokka_SMTETMAC:Prokka:SMTETMAC_00016 (length 615)
prokka_SMTETMAC/prokka_SMTETMAC:Prokka:SMTETMAC_00017 (length 133)
prokka_SMTETMAC/prokka_SMTETMAC:Prokka:SMTETMAC_00019 (length 201)
prokka_SMTETMAC/prokka_SMTETMAC:Prokka:SMTETMAC_00020 (length 66)
prokka_SMTETMAC/prokka_SMTETMAC:Prokka:SMTETMAC_00021 (length 93)
prokka_SMTETMAC/prokka_SMTETMAC:Prokka:SMTETMAC_00022 (length 116)
prokka_SMTETMAC/prokka_SMTETMAC:Prokka:SMTETMAC_00024 (length 83)
prokka_SMTETMAC/prokka_SMTETMAC:Prokka:SMTETMAC_00025 (length 112)
prokka_SMTETMAC/prokka_SMTETMAC:Prokka:SMTETMAC_00027 (length 201)
prokka_SMTETMAC/prokka_SMTETMAC:Prokka:SMTETMAC_00028 (length 323)
prokka_SMTETMAC/prokka_SMTETMAC:Prokka:SMTETMAC_00029 (length 32)
prokka_SMTETMAC/prokka_SMTETMAC:Prokka:SMTETMAC_00032 (length 58)
prokka_SMTETMAC/prokka_SMTETMAC:Prokka:SMTETMAC_00033 (length 47)
prokka_SMTETMAC/prokka_SMTETMAC:Prokka:SMTETMAC_00034 (length 259)
prokka_SMTETMAC/prokka_SMTETMAC:Prokka:SMTETMAC_00035 (length 520)
prokka_SMTETMAC/prokka_SMTETMAC:Prokka:SMTETMAC_00036 (length 379)
prokka_SMTETMAC/prokka_SMTETMAC:Prokka:SMTETMAC_00040 (length 67)
prokka_SMTETMAC/prokka_SMTETMAC:Prokka:SMTETMAC_00041 (length 104)
prokka_SMTETMAC/prokka_SMTETMAC:Prokka:SMTETMAC_00042 (length 454)
prokka_SMTETMAC/prokka_SMTETMAC:Prokka:SMTETMAC_00043 (length 599)
prokka_SMTETMAC/prokka_SMTETMAC:Prokka:SMTETMAC_00045 (length 484)
prokka_SMTETMAC/prokka_SMTETMAC:Prokka:SMTETMAC_00046 (length 377)
prokka_SMTETMAC/prokka_SMTETMAC:Prokka:SMTETMAC_00047 (length 315)
prokka_SMTETMAC/prokka_SMTETMAC:Prokka:SMTETMAC_00051 (length 453)
prokka_SMTETMAC/prokka_SMTETMAC:Prokka:SMTETMAC_00052 (length 331)
prokka_SMTETMAC/prokka_SMTETMAC:Prokka:SMTETMAC_00053 (length 283)
prokka_SMTETMAC/prokka_SMTETMAC:Prokka:SMTETMAC_00054 (length 455)
prokka_SMTETMAC/prokka_SMTETMAC:Prokka:SMTETMAC_00055 (length 180)
prokka_SMTETMAC/prokka_SMTETMAC:Prokka:SMTETMAC_00056 (length 371)
prokka_SMTETMAC/prokka_SMTETMAC:Prokka:SMTETMAC_00057 (length 394)
prokka_SMTETMAC/prokka_SMTETMAC:Prokka:SMTETMAC_00058 (length 352)
prokka_SMTETMAC/prokka_SMTETMAC:Prokka:SMTETMAC_00059 (length 153)
prokka_SMTETMAC/prokka_SMTETMAC:Prokka:SMTETMAC_00060 (length 114)
prokka_SMTETMAC/prokka_SMTETMAC:Prokka:SMTETMAC_00061 (length 68)
prokka_SMTETMAC/prokka_SMTETMAC:Prokka:SMTETMAC_00062 (length 183)
prokka_SMTETMAC/prokka_SMTETMAC:Prokka:SMTETMAC_00063 (length 628)
prokka_SMTETMAC/prokka_SMTETMAC:Prokka:SMTETMAC_00064 (length 133)
prokka_SMTETMAC/prokka_SMTETMAC:Prokka:SMTETMAC_00065 (length 130)
prokka_SMTETMAC/prokka_SMTETMAC:Prokka:SMTETMAC_00066 (length 261)
prokka_SMTETMAC/prokka_SMTETMAC:Prokka:SMTETMAC_00067 (length 208)
prokka_SMTETMAC/prokka_SMTETMAC:Prokka:SMTETMAC_00070 (length 865)
prokka_SMTETMAC/prokka_SMTETMAC:Prokka:SMTETMAC_00071 (length 403)
prokka_SMTETMAC/prokka_SMTETMAC:Prokka:SMTETMAC_00072 (length 216)
prokka_SMTETMAC/prokka_SMTETMAC:Prokka:SMTETMAC_00073 (length 349)
prokka_SMTETMAC/prokka_SMTETMAC:Prokka:SMTETMAC_00079 (length 415)
prokka_SMTETMAC/prokka_SMTETMAC:Prokka:SMTETMAC_00080 (length 138)
prokka_SMTETMAC/prokka_SMTETMAC:Prokka:SMTETMAC_00085 (length 395)
prokka_SMTETMAC/prokka_SMTETMAC:Prokka:SMTETMAC_00087 (length 211)
prokka_SMTETMAC/prokka_SMTETMAC:Prokka:SMTETMAC_00088 (length 187)
prokka_SMTETMAC/prokka_SMTETMAC:Prokka:SMTETMAC_00089 (length 122)
prokka_SMTETMAC/prokka_SMTETMAC:Prokka:SMTETMAC_00090 (length 1236)
prokka_SMTETMAC/prokka_SMTETMAC:Prokka:SMTETMAC_00091 (length 1360)
prokka_SMTETMAC/prokka_SMTETMAC:Prokka:SMTETMAC_00092 (length 250)
prokka_SMTETMAC/prokka_SMTETMAC:Prokka:SMTETMAC_00093 (length 324)
prokka_SMTETMAC/prokka_SMTETMAC:Prokka:SMTETMAC_00095 (length 61)
prokka_SMTETMAC/prokka_SMTETMAC:Prokka:SMTETMAC_00096 (length 78)
prokka_SMTETMAC/prokka_SMTETMAC:Prokka:SMTETMAC_00097 (length 414)
prokka_SMTETMAC/prokka_SMTETMAC:Prokka:SMTETMAC_00098 (length 41)
prokka_SMTETMAC/prokka_SMTETMAC:Prokka:SMTETMAC_00100 (length 913)
prokka_SMTETMAC/prokka_SMTETMAC:Prokka:SMTETMAC_00101 (length 420)
prokka_SMTETMAC/prokka_SMTETMAC:Prokka:SMTETMAC_00102 (length 384)
prokka_SMTETMAC/prokka_SMTETMAC:Prokka:SMTETMAC_00103 (length 471)
prokka_SMTETMAC/prokka_SMTETMAC:Prokka:SMTETMAC_00104 (length 194)
prokka_SMTETMAC/prokka_SMTETMAC:Prokka:SMTETMAC_00105 (length 360)
prokka_SMTETMAC/prokka_SMTETMAC:Prokka:SMTETMAC_00106 (length 126)
prokka_SMTETMAC/prokka_SMTETMAC:Prokka:SMTETMAC_00107 (length 351)
prokka_SMTETMAC/prokka_SMTETMAC:Prokka:SMTETMAC_00108 (length 63)
prokka_SMTETMAC/prokka_SMTETMAC:Prokka:SMTETMAC_00109 (length 314)
prokka_SMTETMAC/prokka_SMTETMAC:Prokka:SMTETMAC_00110 (length 460)
prokka_SMTETMAC/prokka_SMTETMAC:Prokka:SMTETMAC_00113 (length 156)
prokka_SMTETMAC/prokka_SMTETMAC:Prokka:SMTETMAC_00114 (length 546)
prokka_SMTETMAC/prokka_SMTETMAC:Prokka:SMTETMAC_00115 (length 89)
prokka_SMTETMAC/prokka_SMTETMAC:Prokka:SMTETMAC_00116 (length 440)
prokka_SMTETMAC/prokka_SMTETMAC:Prokka:SMTETMAC_00117 (length 475)
prokka_SMTETMAC/prokka_SMTETMAC:Prokka:SMTETMAC_00118 (length 248)
prokka_SMTETMAC/prokka_SMTETMAC:Prokka:SMTETMAC_00119 (length 445)
prokka_SMTETMAC/prokka_SMTETMAC:Prokka:SMTETMAC_00120 (length 403)
prokka_SMTETMAC/prokka_SMTETMAC:Prokka:SMTETMAC_00121 (length 583)
prokka_SMTETMAC/prokka_SMTETMAC:Prokka:SMTETMAC_00122 (length 80)
prokka_SMTETMAC/prokka_SMTETMAC:Prokka:SMTETMAC_00124 (length 99)
prokka_SMTETMAC/prokka_SMTETMAC:Prokka:SMTETMAC_00126 (length 61)
prokka_SMTETMAC/prokka_SMTETMAC:Prokka:SMTETMAC_00127 (length 326)
prokka_SMTETMAC/prokka_SMTETMAC:Prokka:SMTETMAC_00128 (length 330)
prokka_SMTETMAC/prokka_SMTETMAC:Prokka:SMTETMAC_00129 (length 45)
prokka_SMTETMAC/prokka_SMTETMAC:Prokka:SMTETMAC_00130 (length 38)
prokka_SMTETMAC/prokka_SMTETMAC:Prokka:SMTETMAC_00131 (length 50)
prokka_SMTETMAC/prokka_SMTETMAC:Prokka:SMTETMAC_00132 (length 43)
prokka_SMTETMAC/prokka_SMTETMAC:Prokka:SMTETMAC_00133 (length 70)
prokka_SMTETMAC/prokka_SMTETMAC:Prokka:SMTETMAC_00134 (length 98)
prokka_SMTETMAC/prokka_SMTETMAC:Prokka:SMTETMAC_00135 (length 126)
prokka_SMTETMAC/prokka_SMTETMAC:Prokka:SMTETMAC_00136 (length 156)
prokka_SMTETMAC/prokka_SMTETMAC:Prokka:SMTETMAC_00137 (length 694)
prokka_SMTETMAC/prokka_SMTETMAC:Prokka:SMTETMAC_00138 (length 98)
prokka_SMTETMAC/prokka_SMTETMAC:Prokka:SMTETMAC_00139 (length 208)
prokka_SMTETMAC/prokka_SMTETMAC:Prokka:SMTETMAC_00140 (length 215)
prokka_SMTETMAC/prokka_SMTETMAC:Prokka:SMTETMAC_00141 (length 120)
prokka_SMTETMAC/prokka_SMTETMAC:Prokka:SMTETMAC_00142 (length 275)
prokka_SMTETMAC/prokka_SMTETMAC:Prokka:SMTETMAC_00143 (length 101)
prokka_SMTETMAC/prokka_SMTETMAC:Prokka:SMTETMAC_00144 (length 120)
prokka_SMTETMAC/prokka_SMTETMAC:Prokka:SMTETMAC_00145 (length 225)
prokka_SMTETMAC/prokka_SMTETMAC:Prokka:SMTETMAC_00146 (length 134)
prokka_SMTETMAC/prokka_SMTETMAC:Prokka:SMTETMAC_00147 (length 81)
prokka_SMTETMAC/prokka_SMTETMAC:Prokka:SMTETMAC_00148 (length 122)
prokka_SMTETMAC/prokka_SMTETMAC:Prokka:SMTETMAC_00149 (length 117)
prokka_SMTETMAC/prokka_SMTETMAC:Prokka:SMTETMAC_00150 (length 185)
prokka_SMTETMAC/prokka_SMTETMAC:Prokka:SMTETMAC_00151 (length 89)
prokka_SMTETMAC/prokka_SMTETMAC:Prokka:SMTETMAC_00152 (length 129)
prokka_SMTETMAC/prokka_SMTETMAC:Prokka:SMTETMAC_00153 (length 188)
prokka_SMTETMAC/prokka_SMTETMAC:Prokka:SMTETMAC_00154 (length 102)
prokka_SMTETMAC/prokka_SMTETMAC:Prokka:SMTETMAC_00155 (length 158)
prokka_SMTETMAC/prokka_SMTETMAC:Prokka:SMTETMAC_00156 (length 160)
prokka_SMTETMAC/prokka_SMTETMAC:Prokka:SMTETMAC_00157 (length 71)
prokka_SMTETMAC/prokka_SMTETMAC:Prokka:SMTETMAC_00158 (length 38)
prokka_SMTETMAC/prokka_SMTETMAC:Prokka:SMTETMAC_00159 (length 125)
prokka_SMTETMAC/prokka_SMTETMAC:Prokka:SMTETMAC_00160 (length 119)
prokka_SMTETMAC/prokka_SMTETMAC:Prokka:SMTETMAC_00161 (length 198)
prokka_SMTETMAC/prokka_SMTETMAC:Prokka:SMTETMAC_00162 (length 324)
prokka_SMTETMAC/prokka_SMTETMAC:Prokka:SMTETMAC_00163 (length 116)
prokka_SMTETMAC/prokka_SMTETMAC:Prokka:SMTETMAC_00164 (length 298)
prokka_SMTETMAC/prokka_SMTETMAC:Prokka:SMTETMAC_00165 (length 560)
prokka_SMTETMAC/prokka_SMTETMAC:Prokka:SMTETMAC_00166 (length 490)
prokka_SMTETMAC/prokka_SMTETMAC:Prokka:SMTETMAC_00168 (length 333)
prokka_SMTETMAC/prokka_SMTETMAC:Prokka:SMTETMAC_00169 (length 361)
prokka_SMTETMAC/prokka_SMTETMAC:Prokka:SMTETMAC_00170 (length 170)
prokka_SMTETMAC/prokka_SMTETMAC:Prokka:SMTETMAC_00171 (length 82)
prokka_SMTETMAC/prokka_SMTETMAC:Prokka:SMTETMAC_00172 (length 344)
prokka_SMTETMAC/prokka_SMTETMAC:Prokka:SMTETMAC_00173 (length 78)
prokka_SMTETMAC/prokka_SMTETMAC:Prokka:SMTETMAC_00174 (length 559)
prokka_SMTETMAC/prokka_SMTETMAC:Prokka:SMTETMAC_00175 (length 582)

DiscRep_ALL:DISC_INCONSISTENT_MOLINFO_TECH::Molinfo Technique Report (some missing, all same)
DiscRep_SUB:DISC_INCONSISTENT_MOLINFO_TECH::technique (all missing)
DiscRep_SUB:DISC_INCONSISTENT_MOLINFO_TECH::1 Molinfos are missing field technique
prokka_SMTETMAC/prokka_SMTETMAC:Prokka:SMTETMAC_1 (length 146785)

