Discrepancy Report Results

Summary
DISC_SOURCE_QUALS_ASNDISC:strain (all present, all unique)
DISC_SOURCE_QUALS_ASNDISC:taxname (all present, all unique)
DISC_FEATURE_COUNT:gene: 172 present
DISC_FEATURE_COUNT:CDS: 144 present
DISC_FEATURE_COUNT:tRNA: 26 present
DISC_FEATURE_COUNT:rRNA: 2 present
DISC_COUNT_NUCLEOTIDES:1 nucleotide Bioseqs are present
OVERLAPPING_GENES:126 genes overlap another gene on the same strand.
RNA_CDS_OVERLAP:19 coding regions overlap RNA features
SUSPECT_PRODUCT_NAMES:1 product_names contain suspect phrase or characters
	May contain database identifier more appropriate in note; remove from product name
		1 features Contains underscore
DISC_QUALITY_SCORES:Quality scores are missing on all sequences.
ONCALLER_COMMENT_PRESENT:1 comment descriptors were found (all same)
SHORT_PROT_SEQUENCES:5 protein sequences are shorter than 50 aa.
MISSING_GENOMEASSEMBLY_COMMENTS:1 bioseqs are missing GenomeAssembly structured comments
MOLTYPE_NOT_MRNA:1 molecule types are not set as mRNA.
TECHNIQUE_NOT_TSA:1 technique are not set as TSA
MISSING_STRUCTURED_COMMENT:1 sequences do not include structured comments.
MISSING_PROJECT:145 sequences do not include project.
DISC_INCONSISTENT_MOLINFO_TECH:Molinfo Technique Report (some missing, all same)


Detailed Report

DiscRep_ALL:DISC_SOURCE_QUALS_ASNDISC::strain (all present, all unique)
DiscRep_SUB:DISC_SOURCE_QUALS_ASNDISC::1 sources have unique values for strain
DiscRep_ALL:DISC_SOURCE_QUALS_ASNDISC::taxname (all present, all unique)
DiscRep_SUB:DISC_SOURCE_QUALS_ASNDISC::1 sources have unique values for taxname
DiscRep_ALL:DISC_FEATURE_COUNT::gene: 172 present
DiscRep_ALL:DISC_FEATURE_COUNT::CDS: 144 present
DiscRep_ALL:DISC_FEATURE_COUNT::tRNA: 26 present
DiscRep_ALL:DISC_FEATURE_COUNT::rRNA: 2 present
DiscRep_ALL:DISC_COUNT_NUCLEOTIDES::1 nucleotide Bioseqs are present
prokka_VFRANEDI_pseudofinder/VFRANEDI:Prokka:VFRANEDI_1 (length 125935)

DiscRep_ALL:OVERLAPPING_GENES::126 genes overlap another gene on the same strand.
prokka_VFRANEDI_pseudofinder/VFRANEDI:Gene	VFRANEDI_00003	VFRANEDI_1:1707-2327	VFRANEDI_00003
prokka_VFRANEDI_pseudofinder/VFRANEDI:Gene	VFRANEDI_00004	VFRANEDI_1:2311-2763	VFRANEDI_00004
prokka_VFRANEDI_pseudofinder/VFRANEDI:Gene	rplL	VFRANEDI_1:2744-3094	VFRANEDI_00005
prokka_VFRANEDI_pseudofinder/VFRANEDI:Gene	rpoB	VFRANEDI_1:3116-6874	VFRANEDI_00006
prokka_VFRANEDI_pseudofinder/VFRANEDI:Gene	rpoC	VFRANEDI_1:6871-10755	VFRANEDI_00007
prokka_VFRANEDI_pseudofinder/VFRANEDI:Gene	rpsL	VFRANEDI_1:10752-11159	VFRANEDI_00008
prokka_VFRANEDI_pseudofinder/VFRANEDI:Gene	rpsG	VFRANEDI_1:11120-11593	VFRANEDI_00009
prokka_VFRANEDI_pseudofinder/VFRANEDI:Gene	fusA	VFRANEDI_1:11595-13664	VFRANEDI_00010
prokka_VFRANEDI_pseudofinder/VFRANEDI:Gene	VFRANEDI_00011	VFRANEDI_1:13661-13963	VFRANEDI_00011
prokka_VFRANEDI_pseudofinder/VFRANEDI:Gene	def	VFRANEDI_1:13966-14388	VFRANEDI_00012
prokka_VFRANEDI_pseudofinder/VFRANEDI:Gene	VFRANEDI_00013	VFRANEDI_1:14382-14455	VFRANEDI_00013
prokka_VFRANEDI_pseudofinder/VFRANEDI:Gene	VFRANEDI_00014	VFRANEDI_1:14431-14832	VFRANEDI_00014
prokka_VFRANEDI_pseudofinder/VFRANEDI:Gene	VFRANEDI_00016	VFRANEDI_1:c16583-15495	VFRANEDI_00016
prokka_VFRANEDI_pseudofinder/VFRANEDI:Gene	rpsI	VFRANEDI_1:c16969-16580	VFRANEDI_00017
prokka_VFRANEDI_pseudofinder/VFRANEDI:Gene	VFRANEDI_00018	VFRANEDI_1:c17265-16969	VFRANEDI_00018
prokka_VFRANEDI_pseudofinder/VFRANEDI:Gene	dapF	VFRANEDI_1:c18059-17262	VFRANEDI_00019
prokka_VFRANEDI_pseudofinder/VFRANEDI:Gene	VFRANEDI_00020	VFRANEDI_1:c18604-18056	VFRANEDI_00020
prokka_VFRANEDI_pseudofinder/VFRANEDI:Gene	VFRANEDI_00021	VFRANEDI_1:18860-18932	VFRANEDI_00021
prokka_VFRANEDI_pseudofinder/VFRANEDI:Gene	prs	VFRANEDI_1:18893-19831	VFRANEDI_00022
prokka_VFRANEDI_pseudofinder/VFRANEDI:Gene	VFRANEDI_00023	VFRANEDI_1:19831-20331	VFRANEDI_00023
prokka_VFRANEDI_pseudofinder/VFRANEDI:Gene	lysS	VFRANEDI_1:c23604-22333	VFRANEDI_00026
prokka_VFRANEDI_pseudofinder/VFRANEDI:Gene	prfB	VFRANEDI_1:c24290-23601	VFRANEDI_00027
prokka_VFRANEDI_pseudofinder/VFRANEDI:Gene	dapA	VFRANEDI_1:c25171-24287	VFRANEDI_00028
prokka_VFRANEDI_pseudofinder/VFRANEDI:Gene	tilS	VFRANEDI_1:25184-26110	VFRANEDI_00029
prokka_VFRANEDI_pseudofinder/VFRANEDI:Gene	lysC	VFRANEDI_1:26107-27279	VFRANEDI_00030
prokka_VFRANEDI_pseudofinder/VFRANEDI:Gene	VFRANEDI_00032	VFRANEDI_1:c27654-27427	VFRANEDI_00032
prokka_VFRANEDI_pseudofinder/VFRANEDI:Gene	VFRANEDI_00033	VFRANEDI_1:c29864-27654	VFRANEDI_00033
prokka_VFRANEDI_pseudofinder/VFRANEDI:Gene	prfA	VFRANEDI_1:c35371-34508	VFRANEDI_00040
prokka_VFRANEDI_pseudofinder/VFRANEDI:Gene	trpC	VFRANEDI_1:c36114-35368	VFRANEDI_00041
prokka_VFRANEDI_pseudofinder/VFRANEDI:Gene	trpD	VFRANEDI_1:c37127-36102	VFRANEDI_00042
prokka_VFRANEDI_pseudofinder/VFRANEDI:Gene	pabA	VFRANEDI_1:c37677-37114	VFRANEDI_00043
prokka_VFRANEDI_pseudofinder/VFRANEDI:Gene	menF	VFRANEDI_1:c38894-37674	VFRANEDI_00044
prokka_VFRANEDI_pseudofinder/VFRANEDI:Gene	argH	VFRANEDI_1:c40276-38891	VFRANEDI_00045
prokka_VFRANEDI_pseudofinder/VFRANEDI:Gene	VFRANEDI_00047	VFRANEDI_1:c42928-41558	VFRANEDI_00047
prokka_VFRANEDI_pseudofinder/VFRANEDI:Gene	thrB	VFRANEDI_1:c43887-42925	VFRANEDI_00048
prokka_VFRANEDI_pseudofinder/VFRANEDI:Gene	dnaE	VFRANEDI_1:47570-50542	VFRANEDI_00050
prokka_VFRANEDI_pseudofinder/VFRANEDI:Gene	VFRANEDI_00051	VFRANEDI_1:50529-50705	VFRANEDI_00051
prokka_VFRANEDI_pseudofinder/VFRANEDI:Gene	VFRANEDI_00052	VFRANEDI_1:50685-50765	VFRANEDI_00052
prokka_VFRANEDI_pseudofinder/VFRANEDI:Gene	asd	VFRANEDI_1:51727-52767	VFRANEDI_00055
prokka_VFRANEDI_pseudofinder/VFRANEDI:Gene	trpF	VFRANEDI_1:52745-53380	VFRANEDI_00056
prokka_VFRANEDI_pseudofinder/VFRANEDI:Gene	trpB	VFRANEDI_1:53361-54512	VFRANEDI_00057
prokka_VFRANEDI_pseudofinder/VFRANEDI:Gene	VFRANEDI_00058	VFRANEDI_1:54573-55277	VFRANEDI_00058
prokka_VFRANEDI_pseudofinder/VFRANEDI:Gene	VFRANEDI_00059	VFRANEDI_1:55246-55512	VFRANEDI_00059
prokka_VFRANEDI_pseudofinder/VFRANEDI:Gene	VFRANEDI_00060	VFRANEDI_1:55490-55723	VFRANEDI_00060
prokka_VFRANEDI_pseudofinder/VFRANEDI:Gene	VFRANEDI_00062	VFRANEDI_1:55797-56357	VFRANEDI_00062
prokka_VFRANEDI_pseudofinder/VFRANEDI:Gene	VFRANEDI_00063	VFRANEDI_1:56306-56470	VFRANEDI_00063
prokka_VFRANEDI_pseudofinder/VFRANEDI:Gene	carA	VFRANEDI_1:57110-58201	VFRANEDI_00067
prokka_VFRANEDI_pseudofinder/VFRANEDI:Gene	carB	VFRANEDI_1:58183-61284	VFRANEDI_00068
prokka_VFRANEDI_pseudofinder/VFRANEDI:Gene	rlmE	VFRANEDI_1:61268-61822	VFRANEDI_00069
prokka_VFRANEDI_pseudofinder/VFRANEDI:Gene	clpP	VFRANEDI_1:61822-62394	VFRANEDI_00070
prokka_VFRANEDI_pseudofinder/VFRANEDI:Gene	VFRANEDI_00072	VFRANEDI_1:63571-63642	VFRANEDI_00072
prokka_VFRANEDI_pseudofinder/VFRANEDI:Gene	VFRANEDI_00073	VFRANEDI_1:63585-64400	VFRANEDI_00073
prokka_VFRANEDI_pseudofinder/VFRANEDI:Gene	VFRANEDI_00074	VFRANEDI_1:64378-65436	VFRANEDI_00074
prokka_VFRANEDI_pseudofinder/VFRANEDI:Gene	hisD	VFRANEDI_1:66334-67596	VFRANEDI_00078
prokka_VFRANEDI_pseudofinder/VFRANEDI:Gene	hisC2	VFRANEDI_1:67590-68594	VFRANEDI_00079
prokka_VFRANEDI_pseudofinder/VFRANEDI:Gene	hisB	VFRANEDI_1:68551-69132	VFRANEDI_00080
prokka_VFRANEDI_pseudofinder/VFRANEDI:Gene	hisH	VFRANEDI_1:69126-69710	VFRANEDI_00081
prokka_VFRANEDI_pseudofinder/VFRANEDI:Gene	hisA	VFRANEDI_1:69704-70396	VFRANEDI_00082
prokka_VFRANEDI_pseudofinder/VFRANEDI:Gene	hisF	VFRANEDI_1:70389-71132	VFRANEDI_00083
prokka_VFRANEDI_pseudofinder/VFRANEDI:Gene	hisI	VFRANEDI_1:71119-71424	VFRANEDI_00084
prokka_VFRANEDI_pseudofinder/VFRANEDI:Gene	hisE	VFRANEDI_1:71418-71738	VFRANEDI_00085
prokka_VFRANEDI_pseudofinder/VFRANEDI:Gene	VFRANEDI_00086	VFRANEDI_1:71729-71799	VFRANEDI_00086
prokka_VFRANEDI_pseudofinder/VFRANEDI:Gene	VFRANEDI_00087	VFRANEDI_1:71801-71874	VFRANEDI_00087
prokka_VFRANEDI_pseudofinder/VFRANEDI:Gene	argF	VFRANEDI_1:71816-72760	VFRANEDI_00088
prokka_VFRANEDI_pseudofinder/VFRANEDI:Gene	VFRANEDI_00089	VFRANEDI_1:c72870-72796	VFRANEDI_00089
prokka_VFRANEDI_pseudofinder/VFRANEDI:Gene	rplT	VFRANEDI_1:c73219-72860	VFRANEDI_00090
prokka_VFRANEDI_pseudofinder/VFRANEDI:Gene	VFRANEDI_00091	VFRANEDI_1:c73362-73216	VFRANEDI_00091
prokka_VFRANEDI_pseudofinder/VFRANEDI:Gene	infC	VFRANEDI_1:c73631-73359	VFRANEDI_00092
prokka_VFRANEDI_pseudofinder/VFRANEDI:Gene	VFRANEDI_00093	VFRANEDI_1:c73756-73683	VFRANEDI_00093
prokka_VFRANEDI_pseudofinder/VFRANEDI:Gene	aroC	VFRANEDI_1:c74812-73754	VFRANEDI_00094
prokka_VFRANEDI_pseudofinder/VFRANEDI:Gene	VFRANEDI_00099	VFRANEDI_1:c75939-75442	VFRANEDI_00099
prokka_VFRANEDI_pseudofinder/VFRANEDI:Gene	VFRANEDI_00100	VFRANEDI_1:c76958-75936	VFRANEDI_00100
prokka_VFRANEDI_pseudofinder/VFRANEDI:Gene	aspC	VFRANEDI_1:76963-78006	VFRANEDI_00101
prokka_VFRANEDI_pseudofinder/VFRANEDI:Gene	dapD	VFRANEDI_1:77987-78763	VFRANEDI_00102
prokka_VFRANEDI_pseudofinder/VFRANEDI:Gene	dapE	VFRANEDI_1:78760-79839	VFRANEDI_00103
prokka_VFRANEDI_pseudofinder/VFRANEDI:Gene	thrC	VFRANEDI_1:c81374-79992	VFRANEDI_00104
prokka_VFRANEDI_pseudofinder/VFRANEDI:Gene	VFRANEDI_00105	VFRANEDI_1:c82561-81371	VFRANEDI_00105
prokka_VFRANEDI_pseudofinder/VFRANEDI:Gene	dnaC	VFRANEDI_1:c83825-82554	VFRANEDI_00106
prokka_VFRANEDI_pseudofinder/VFRANEDI:Gene	VFRANEDI_00107	VFRANEDI_1:c83998-83825	VFRANEDI_00107
prokka_VFRANEDI_pseudofinder/VFRANEDI:Gene	VFRANEDI_00111	VFRANEDI_1:c84689-84619	VFRANEDI_00111
prokka_VFRANEDI_pseudofinder/VFRANEDI:Gene	gluQ	VFRANEDI_1:c85886-84675	VFRANEDI_00112
prokka_VFRANEDI_pseudofinder/VFRANEDI:Gene	mnmE	VFRANEDI_1:85978-87204	VFRANEDI_00113
prokka_VFRANEDI_pseudofinder/VFRANEDI:Gene	mnmG	VFRANEDI_1:87201-89018	VFRANEDI_00114
prokka_VFRANEDI_pseudofinder/VFRANEDI:Gene	aroA	VFRANEDI_1:90965-92248	VFRANEDI_00117
prokka_VFRANEDI_pseudofinder/VFRANEDI:Gene	VFRANEDI_00118	VFRANEDI_1:92229-93287	VFRANEDI_00118
prokka_VFRANEDI_pseudofinder/VFRANEDI:Gene	dnaK	VFRANEDI_1:c97864-96056	VFRANEDI_00122
prokka_VFRANEDI_pseudofinder/VFRANEDI:Gene	grpE	VFRANEDI_1:c98292-97864	VFRANEDI_00123
prokka_VFRANEDI_pseudofinder/VFRANEDI:Gene	mnmA	VFRANEDI_1:c100317-99313	VFRANEDI_00125
prokka_VFRANEDI_pseudofinder/VFRANEDI:Gene	VFRANEDI_00126	VFRANEDI_1:c100816-100310	VFRANEDI_00126
prokka_VFRANEDI_pseudofinder/VFRANEDI:Gene	leuS	VFRANEDI_1:c103010-100797	VFRANEDI_00127
prokka_VFRANEDI_pseudofinder/VFRANEDI:Gene	dapB	VFRANEDI_1:c103648-103007	VFRANEDI_00128
prokka_VFRANEDI_pseudofinder/VFRANEDI:Gene	maeB	VFRANEDI_1:c104861-103641	VFRANEDI_00129
prokka_VFRANEDI_pseudofinder/VFRANEDI:Gene	aroE	VFRANEDI_1:c105577-104858	VFRANEDI_00130
prokka_VFRANEDI_pseudofinder/VFRANEDI:Gene	rpmA	VFRANEDI_1:c106239-106003	VFRANEDI_00132
prokka_VFRANEDI_pseudofinder/VFRANEDI:Gene	VFRANEDI_00133	VFRANEDI_1:c106537-106232	VFRANEDI_00133
prokka_VFRANEDI_pseudofinder/VFRANEDI:Gene	rsmH	VFRANEDI_1:c107373-106534	VFRANEDI_00134
prokka_VFRANEDI_pseudofinder/VFRANEDI:Gene	VFRANEDI_00135	VFRANEDI_1:c107388-107315	VFRANEDI_00135
prokka_VFRANEDI_pseudofinder/VFRANEDI:Gene	VFRANEDI_00141	VFRANEDI_1:113072-113284	VFRANEDI_00141
prokka_VFRANEDI_pseudofinder/VFRANEDI:Gene	VFRANEDI_00142	VFRANEDI_1:113274-113726	VFRANEDI_00142
prokka_VFRANEDI_pseudofinder/VFRANEDI:Gene	rplD	VFRANEDI_1:113730-114320	VFRANEDI_00143
prokka_VFRANEDI_pseudofinder/VFRANEDI:Gene	VFRANEDI_00144	VFRANEDI_1:114320-114532	VFRANEDI_00144
prokka_VFRANEDI_pseudofinder/VFRANEDI:Gene	rplB	VFRANEDI_1:114519-115325	VFRANEDI_00145
prokka_VFRANEDI_pseudofinder/VFRANEDI:Gene	rpsS	VFRANEDI_1:115322-115573	VFRANEDI_00146
prokka_VFRANEDI_pseudofinder/VFRANEDI:Gene	rpsC	VFRANEDI_1:115916-116515	VFRANEDI_00148
prokka_VFRANEDI_pseudofinder/VFRANEDI:Gene	rplP	VFRANEDI_1:116509-116910	VFRANEDI_00149
prokka_VFRANEDI_pseudofinder/VFRANEDI:Gene	VFRANEDI_00150	VFRANEDI_1:116903-117133	VFRANEDI_00150
prokka_VFRANEDI_pseudofinder/VFRANEDI:Gene	rplN	VFRANEDI_1:117130-117495	VFRANEDI_00151
prokka_VFRANEDI_pseudofinder/VFRANEDI:Gene	rplE	VFRANEDI_1:117492-118025	VFRANEDI_00152
prokka_VFRANEDI_pseudofinder/VFRANEDI:Gene	rpsN2	VFRANEDI_1:118025-118303	VFRANEDI_00153
prokka_VFRANEDI_pseudofinder/VFRANEDI:Gene	rpsH	VFRANEDI_1:118303-118686	VFRANEDI_00154
prokka_VFRANEDI_pseudofinder/VFRANEDI:Gene	rplF	VFRANEDI_1:118652-119212	VFRANEDI_00155
prokka_VFRANEDI_pseudofinder/VFRANEDI:Gene	VFRANEDI_00156	VFRANEDI_1:119172-119507	VFRANEDI_00156
prokka_VFRANEDI_pseudofinder/VFRANEDI:Gene	rpsE	VFRANEDI_1:119509-119946	VFRANEDI_00157
prokka_VFRANEDI_pseudofinder/VFRANEDI:Gene	VFRANEDI_00158	VFRANEDI_1:119922-120269	VFRANEDI_00158
prokka_VFRANEDI_pseudofinder/VFRANEDI:Gene	infA	VFRANEDI_1:120259-120474	VFRANEDI_00159
prokka_VFRANEDI_pseudofinder/VFRANEDI:Gene	rpmJ	VFRANEDI_1:120471-120584	VFRANEDI_00160
prokka_VFRANEDI_pseudofinder/VFRANEDI:Gene	rpsM	VFRANEDI_1:120587-120925	VFRANEDI_00161
prokka_VFRANEDI_pseudofinder/VFRANEDI:Gene	rpsK	VFRANEDI_1:120922-121269	VFRANEDI_00162
prokka_VFRANEDI_pseudofinder/VFRANEDI:Gene	rpoA	VFRANEDI_1:121807-122676	VFRANEDI_00164
prokka_VFRANEDI_pseudofinder/VFRANEDI:Gene	VFRANEDI_00165	VFRANEDI_1:122673-123023	VFRANEDI_00165
prokka_VFRANEDI_pseudofinder/VFRANEDI:Gene	VFRANEDI_00166	VFRANEDI_1:122992-123129	VFRANEDI_00166
prokka_VFRANEDI_pseudofinder/VFRANEDI:Gene	VFRANEDI_00168	VFRANEDI_1:124253-124654	VFRANEDI_00168
prokka_VFRANEDI_pseudofinder/VFRANEDI:Gene	aroB	VFRANEDI_1:124647-125714	VFRANEDI_00169
prokka_VFRANEDI_pseudofinder/VFRANEDI:Gene	VFRANEDI_00170	VFRANEDI_1:125701-125772	VFRANEDI_00170
prokka_VFRANEDI_pseudofinder/VFRANEDI:Gene	VFRANEDI_00171	VFRANEDI_1:125773-125858	VFRANEDI_00171
prokka_VFRANEDI_pseudofinder/VFRANEDI:Gene	VFRANEDI_00172	VFRANEDI_1:125858-125930	VFRANEDI_00172

DiscRep_ALL:RNA_CDS_OVERLAP::19 coding regions overlap RNA features
DiscRep_SUB:RNA_CDS_OVERLAP::19 coding regions overlap RNAs (no containment)
DiscRep_SUB:RNA_CDS_OVERLAP::12 coding regions overlap RNAs on the same strand (no containment)
prokka_VFRANEDI_pseudofinder/VFRANEDI:CDS	Peptide deformylase	VFRANEDI_1:13966-14388	VFRANEDI_00012
prokka_VFRANEDI_pseudofinder/VFRANEDI:tRNA	Phe	VFRANEDI_1:14382-14455	VFRANEDI_00013
prokka_VFRANEDI_pseudofinder/VFRANEDI:CDS	hypothetical protein	VFRANEDI_1:14431-14832	VFRANEDI_00014
prokka_VFRANEDI_pseudofinder/VFRANEDI:tRNA	Phe	VFRANEDI_1:14382-14455	VFRANEDI_00013
prokka_VFRANEDI_pseudofinder/VFRANEDI:CDS	Ribose-phosphate pyrophosphokinase	VFRANEDI_1:18893-19831	VFRANEDI_00022
prokka_VFRANEDI_pseudofinder/VFRANEDI:tRNA	Gln	VFRANEDI_1:18860-18932	VFRANEDI_00021
prokka_VFRANEDI_pseudofinder/VFRANEDI:CDS	hypothetical protein	VFRANEDI_1:50529-50705	VFRANEDI_00051
prokka_VFRANEDI_pseudofinder/VFRANEDI:tRNA	Leu	VFRANEDI_1:50685-50765	VFRANEDI_00052
prokka_VFRANEDI_pseudofinder/VFRANEDI:CDS	hypothetical protein	VFRANEDI_1:63585-64400	VFRANEDI_00073
prokka_VFRANEDI_pseudofinder/VFRANEDI:tRNA	Val	VFRANEDI_1:63571-63642	VFRANEDI_00072
prokka_VFRANEDI_pseudofinder/VFRANEDI:CDS	Phosphoribosyl-ATP pyrophosphatase	VFRANEDI_1:71418-71738	VFRANEDI_00085
prokka_VFRANEDI_pseudofinder/VFRANEDI:tRNA	Thr	VFRANEDI_1:71729-71799	VFRANEDI_00086
prokka_VFRANEDI_pseudofinder/VFRANEDI:CDS	Ornithine carbamoyltransferase	VFRANEDI_1:71816-72760	VFRANEDI_00088
prokka_VFRANEDI_pseudofinder/VFRANEDI:tRNA	His	VFRANEDI_1:71801-71874	VFRANEDI_00087
prokka_VFRANEDI_pseudofinder/VFRANEDI:CDS	50S ribosomal protein L20	VFRANEDI_1:c73219-72860	VFRANEDI_00090
prokka_VFRANEDI_pseudofinder/VFRANEDI:tRNA	Lys	VFRANEDI_1:c72870-72796	VFRANEDI_00089
prokka_VFRANEDI_pseudofinder/VFRANEDI:CDS	Chorismate synthase	VFRANEDI_1:c74812-73754	VFRANEDI_00094
prokka_VFRANEDI_pseudofinder/VFRANEDI:tRNA	Val	VFRANEDI_1:c73756-73683	VFRANEDI_00093
prokka_VFRANEDI_pseudofinder/VFRANEDI:CDS	Glutamyl-Q tRNA(Asp) synthetase	VFRANEDI_1:c85886-84675	VFRANEDI_00112
prokka_VFRANEDI_pseudofinder/VFRANEDI:tRNA	Glu	VFRANEDI_1:c84689-84619	VFRANEDI_00111
prokka_VFRANEDI_pseudofinder/VFRANEDI:CDS	Ribosomal RNA small subunit methyltransferase H	VFRANEDI_1:c107373-106534	VFRANEDI_00134
prokka_VFRANEDI_pseudofinder/VFRANEDI:tRNA	Ala	VFRANEDI_1:c107388-107315	VFRANEDI_00135
prokka_VFRANEDI_pseudofinder/VFRANEDI:CDS	3-dehydroquinate synthase	VFRANEDI_1:124647-125714	VFRANEDI_00169
prokka_VFRANEDI_pseudofinder/VFRANEDI:tRNA	Met	VFRANEDI_1:125701-125772	VFRANEDI_00170

DiscRep_SUB:RNA_CDS_OVERLAP::7 coding regions overlap RNAs on the opposite strand (no containment)
prokka_VFRANEDI_pseudofinder/VFRANEDI:CDS	hypothetical protein	VFRANEDI_1:c27654-27427	VFRANEDI_00032
prokka_VFRANEDI_pseudofinder/VFRANEDI:tRNA	Ser	VFRANEDI_1:27343-27429	VFRANEDI_00031
prokka_VFRANEDI_pseudofinder/VFRANEDI:CDS	hypothetical protein	VFRANEDI_1:56306-56470	VFRANEDI_00063
prokka_VFRANEDI_pseudofinder/VFRANEDI:tRNA	Cys	VFRANEDI_1:c56515-56441	VFRANEDI_00064
prokka_VFRANEDI_pseudofinder/VFRANEDI:CDS	hypothetical protein	VFRANEDI_1:64378-65436	VFRANEDI_00074
prokka_VFRANEDI_pseudofinder/VFRANEDI:tRNA	Leu	VFRANEDI_1:c65509-65430	VFRANEDI_00075
prokka_VFRANEDI_pseudofinder/VFRANEDI:CDS	hypothetical protein	VFRANEDI_1:84348-84563	VFRANEDI_00109
prokka_VFRANEDI_pseudofinder/VFRANEDI:tRNA	Asp	VFRANEDI_1:c84618-84545	VFRANEDI_00110
prokka_VFRANEDI_pseudofinder/VFRANEDI:CDS	hypothetical protein	VFRANEDI_1:111585-111878	VFRANEDI_00139
prokka_VFRANEDI_pseudofinder/VFRANEDI:tRNA	Ile	VFRANEDI_1:c111642-111569	VFRANEDI_00138
prokka_VFRANEDI_pseudofinder/VFRANEDI:CDS	hypothetical protein	VFRANEDI_1:111585-111878	VFRANEDI_00139
prokka_VFRANEDI_pseudofinder/VFRANEDI:rRNA	16S ribosomal RNA	VFRANEDI_1:c113139-111653	VFRANEDI_00140
prokka_VFRANEDI_pseudofinder/VFRANEDI:CDS	hypothetical protein	VFRANEDI_1:113072-113284	VFRANEDI_00141
prokka_VFRANEDI_pseudofinder/VFRANEDI:rRNA	16S ribosomal RNA	VFRANEDI_1:c113139-111653	VFRANEDI_00140

DiscRep_ALL:SUSPECT_PRODUCT_NAMES::1 product_names contain suspect phrase or characters
DiscRep_SUB:SUSPECT_PRODUCT_NAMES::May contain database identifier more appropriate in note; remove from product name
DiscRep_SUB:SUSPECT_PRODUCT_NAMES::1 features Contains underscore
prokka_VFRANEDI_pseudofinder/VFRANEDI:CDS	Aspartate kinase Ask_LysC	VFRANEDI_1:26107-27279	VFRANEDI_00030

DiscRep_ALL:DISC_QUALITY_SCORES::Quality scores are missing on all sequences.

DiscRep_ALL:ONCALLER_COMMENT_PRESENT::1 comment descriptors were found (all same)
prokka_VFRANEDI_pseudofinder/VFRANEDI:Prokka:VFRANEDI_1:Annotated using prokka 1.14.6 from https://github.com/tseemann/prokka

DiscRep_ALL:SHORT_PROT_SEQUENCES::5 protein sequences are shorter than 50 aa.
prokka_VFRANEDI_pseudofinder/VFRANEDI:Prokka:VFRANEDI_00037 (length 33)
prokka_VFRANEDI_pseudofinder/VFRANEDI:Prokka:VFRANEDI_00046 (length 41)
prokka_VFRANEDI_pseudofinder/VFRANEDI:Prokka:VFRANEDI_00091 (length 48)
prokka_VFRANEDI_pseudofinder/VFRANEDI:Prokka:VFRANEDI_00160 (length 37)
prokka_VFRANEDI_pseudofinder/VFRANEDI:Prokka:VFRANEDI_00166 (length 45)

DiscRep_ALL:MISSING_GENOMEASSEMBLY_COMMENTS::1 bioseqs are missing GenomeAssembly structured comments
prokka_VFRANEDI_pseudofinder/VFRANEDI:Prokka:VFRANEDI_1 (length 125935)

DiscRep_ALL:MOLTYPE_NOT_MRNA::1 molecule types are not set as mRNA.
prokka_VFRANEDI_pseudofinder/VFRANEDI:Prokka:VFRANEDI_1 (length 125935)

DiscRep_ALL:TECHNIQUE_NOT_TSA::1 technique are not set as TSA
prokka_VFRANEDI_pseudofinder/VFRANEDI:Prokka:VFRANEDI_1 (length 125935)

DiscRep_ALL:MISSING_STRUCTURED_COMMENT::1 sequences do not include structured comments.
prokka_VFRANEDI_pseudofinder/VFRANEDI:Prokka:VFRANEDI_1 (length 125935)

DiscRep_ALL:MISSING_PROJECT::145 sequences do not include project.
prokka_VFRANEDI_pseudofinder/VFRANEDI:Prokka:VFRANEDI_1 (length 125935)
prokka_VFRANEDI_pseudofinder/VFRANEDI:Prokka:VFRANEDI_00001 (length 395)
prokka_VFRANEDI_pseudofinder/VFRANEDI:Prokka:VFRANEDI_00002 (length 152)
prokka_VFRANEDI_pseudofinder/VFRANEDI:Prokka:VFRANEDI_00003 (length 206)
prokka_VFRANEDI_pseudofinder/VFRANEDI:Prokka:VFRANEDI_00004 (length 150)
prokka_VFRANEDI_pseudofinder/VFRANEDI:Prokka:VFRANEDI_00005 (length 116)
prokka_VFRANEDI_pseudofinder/VFRANEDI:Prokka:VFRANEDI_00006 (length 1252)
prokka_VFRANEDI_pseudofinder/VFRANEDI:Prokka:VFRANEDI_00007 (length 1294)
prokka_VFRANEDI_pseudofinder/VFRANEDI:Prokka:VFRANEDI_00008 (length 135)
prokka_VFRANEDI_pseudofinder/VFRANEDI:Prokka:VFRANEDI_00009 (length 157)
prokka_VFRANEDI_pseudofinder/VFRANEDI:Prokka:VFRANEDI_00010 (length 689)
prokka_VFRANEDI_pseudofinder/VFRANEDI:Prokka:VFRANEDI_00011 (length 100)
prokka_VFRANEDI_pseudofinder/VFRANEDI:Prokka:VFRANEDI_00012 (length 140)
prokka_VFRANEDI_pseudofinder/VFRANEDI:Prokka:VFRANEDI_00014 (length 133)
prokka_VFRANEDI_pseudofinder/VFRANEDI:Prokka:VFRANEDI_00015 (length 116)
prokka_VFRANEDI_pseudofinder/VFRANEDI:Prokka:VFRANEDI_00016 (length 362)
prokka_VFRANEDI_pseudofinder/VFRANEDI:Prokka:VFRANEDI_00017 (length 129)
prokka_VFRANEDI_pseudofinder/VFRANEDI:Prokka:VFRANEDI_00018 (length 98)
prokka_VFRANEDI_pseudofinder/VFRANEDI:Prokka:VFRANEDI_00019 (length 265)
prokka_VFRANEDI_pseudofinder/VFRANEDI:Prokka:VFRANEDI_00020 (length 182)
prokka_VFRANEDI_pseudofinder/VFRANEDI:Prokka:VFRANEDI_00022 (length 312)
prokka_VFRANEDI_pseudofinder/VFRANEDI:Prokka:VFRANEDI_00023 (length 166)
prokka_VFRANEDI_pseudofinder/VFRANEDI:Prokka:VFRANEDI_00024 (length 183)
prokka_VFRANEDI_pseudofinder/VFRANEDI:Prokka:VFRANEDI_00025 (length 373)
prokka_VFRANEDI_pseudofinder/VFRANEDI:Prokka:VFRANEDI_00026 (length 423)
prokka_VFRANEDI_pseudofinder/VFRANEDI:Prokka:VFRANEDI_00027 (length 229)
prokka_VFRANEDI_pseudofinder/VFRANEDI:Prokka:VFRANEDI_00028 (length 294)
prokka_VFRANEDI_pseudofinder/VFRANEDI:Prokka:VFRANEDI_00029 (length 308)
prokka_VFRANEDI_pseudofinder/VFRANEDI:Prokka:VFRANEDI_00030 (length 390)
prokka_VFRANEDI_pseudofinder/VFRANEDI:Prokka:VFRANEDI_00032 (length 75)
prokka_VFRANEDI_pseudofinder/VFRANEDI:Prokka:VFRANEDI_00033 (length 736)
prokka_VFRANEDI_pseudofinder/VFRANEDI:Prokka:VFRANEDI_00034 (length 50)
prokka_VFRANEDI_pseudofinder/VFRANEDI:Prokka:VFRANEDI_00035 (length 55)
prokka_VFRANEDI_pseudofinder/VFRANEDI:Prokka:VFRANEDI_00036 (length 730)
prokka_VFRANEDI_pseudofinder/VFRANEDI:Prokka:VFRANEDI_00037 (length 33)
prokka_VFRANEDI_pseudofinder/VFRANEDI:Prokka:VFRANEDI_00038 (length 264)
prokka_VFRANEDI_pseudofinder/VFRANEDI:Prokka:VFRANEDI_00039 (length 379)
prokka_VFRANEDI_pseudofinder/VFRANEDI:Prokka:VFRANEDI_00040 (length 287)
prokka_VFRANEDI_pseudofinder/VFRANEDI:Prokka:VFRANEDI_00041 (length 248)
prokka_VFRANEDI_pseudofinder/VFRANEDI:Prokka:VFRANEDI_00042 (length 341)
prokka_VFRANEDI_pseudofinder/VFRANEDI:Prokka:VFRANEDI_00043 (length 187)
prokka_VFRANEDI_pseudofinder/VFRANEDI:Prokka:VFRANEDI_00044 (length 406)
prokka_VFRANEDI_pseudofinder/VFRANEDI:Prokka:VFRANEDI_00045 (length 461)
prokka_VFRANEDI_pseudofinder/VFRANEDI:Prokka:VFRANEDI_00046 (length 41)
prokka_VFRANEDI_pseudofinder/VFRANEDI:Prokka:VFRANEDI_00047 (length 456)
prokka_VFRANEDI_pseudofinder/VFRANEDI:Prokka:VFRANEDI_00048 (length 320)
prokka_VFRANEDI_pseudofinder/VFRANEDI:Prokka:VFRANEDI_00049 (length 466)
prokka_VFRANEDI_pseudofinder/VFRANEDI:Prokka:VFRANEDI_00050 (length 990)
prokka_VFRANEDI_pseudofinder/VFRANEDI:Prokka:VFRANEDI_00051 (length 58)
prokka_VFRANEDI_pseudofinder/VFRANEDI:Prokka:VFRANEDI_00055 (length 346)
prokka_VFRANEDI_pseudofinder/VFRANEDI:Prokka:VFRANEDI_00056 (length 211)
prokka_VFRANEDI_pseudofinder/VFRANEDI:Prokka:VFRANEDI_00057 (length 383)
prokka_VFRANEDI_pseudofinder/VFRANEDI:Prokka:VFRANEDI_00058 (length 234)
prokka_VFRANEDI_pseudofinder/VFRANEDI:Prokka:VFRANEDI_00059 (length 88)
prokka_VFRANEDI_pseudofinder/VFRANEDI:Prokka:VFRANEDI_00060 (length 77)
prokka_VFRANEDI_pseudofinder/VFRANEDI:Prokka:VFRANEDI_00062 (length 186)
prokka_VFRANEDI_pseudofinder/VFRANEDI:Prokka:VFRANEDI_00063 (length 54)
prokka_VFRANEDI_pseudofinder/VFRANEDI:Prokka:VFRANEDI_00066 (length 117)
prokka_VFRANEDI_pseudofinder/VFRANEDI:Prokka:VFRANEDI_00067 (length 363)
prokka_VFRANEDI_pseudofinder/VFRANEDI:Prokka:VFRANEDI_00068 (length 1033)
prokka_VFRANEDI_pseudofinder/VFRANEDI:Prokka:VFRANEDI_00069 (length 184)
prokka_VFRANEDI_pseudofinder/VFRANEDI:Prokka:VFRANEDI_00070 (length 190)
prokka_VFRANEDI_pseudofinder/VFRANEDI:Prokka:VFRANEDI_00071 (length 390)
prokka_VFRANEDI_pseudofinder/VFRANEDI:Prokka:VFRANEDI_00073 (length 271)
prokka_VFRANEDI_pseudofinder/VFRANEDI:Prokka:VFRANEDI_00074 (length 352)
prokka_VFRANEDI_pseudofinder/VFRANEDI:Prokka:VFRANEDI_00077 (length 192)
prokka_VFRANEDI_pseudofinder/VFRANEDI:Prokka:VFRANEDI_00078 (length 420)
prokka_VFRANEDI_pseudofinder/VFRANEDI:Prokka:VFRANEDI_00079 (length 334)
prokka_VFRANEDI_pseudofinder/VFRANEDI:Prokka:VFRANEDI_00080 (length 193)
prokka_VFRANEDI_pseudofinder/VFRANEDI:Prokka:VFRANEDI_00081 (length 194)
prokka_VFRANEDI_pseudofinder/VFRANEDI:Prokka:VFRANEDI_00082 (length 230)
prokka_VFRANEDI_pseudofinder/VFRANEDI:Prokka:VFRANEDI_00083 (length 247)
prokka_VFRANEDI_pseudofinder/VFRANEDI:Prokka:VFRANEDI_00084 (length 101)
prokka_VFRANEDI_pseudofinder/VFRANEDI:Prokka:VFRANEDI_00085 (length 106)
prokka_VFRANEDI_pseudofinder/VFRANEDI:Prokka:VFRANEDI_00088 (length 314)
prokka_VFRANEDI_pseudofinder/VFRANEDI:Prokka:VFRANEDI_00090 (length 119)
prokka_VFRANEDI_pseudofinder/VFRANEDI:Prokka:VFRANEDI_00091 (length 48)
prokka_VFRANEDI_pseudofinder/VFRANEDI:Prokka:VFRANEDI_00092 (length 90)
prokka_VFRANEDI_pseudofinder/VFRANEDI:Prokka:VFRANEDI_00094 (length 352)
prokka_VFRANEDI_pseudofinder/VFRANEDI:Prokka:VFRANEDI_00098 (length 114)
prokka_VFRANEDI_pseudofinder/VFRANEDI:Prokka:VFRANEDI_00099 (length 165)
prokka_VFRANEDI_pseudofinder/VFRANEDI:Prokka:VFRANEDI_00100 (length 340)
prokka_VFRANEDI_pseudofinder/VFRANEDI:Prokka:VFRANEDI_00101 (length 347)
prokka_VFRANEDI_pseudofinder/VFRANEDI:Prokka:VFRANEDI_00102 (length 258)
prokka_VFRANEDI_pseudofinder/VFRANEDI:Prokka:VFRANEDI_00103 (length 359)
prokka_VFRANEDI_pseudofinder/VFRANEDI:Prokka:VFRANEDI_00104 (length 460)
prokka_VFRANEDI_pseudofinder/VFRANEDI:Prokka:VFRANEDI_00105 (length 396)
prokka_VFRANEDI_pseudofinder/VFRANEDI:Prokka:VFRANEDI_00106 (length 423)
prokka_VFRANEDI_pseudofinder/VFRANEDI:Prokka:VFRANEDI_00107 (length 57)
prokka_VFRANEDI_pseudofinder/VFRANEDI:Prokka:VFRANEDI_00108 (length 100)
prokka_VFRANEDI_pseudofinder/VFRANEDI:Prokka:VFRANEDI_00109 (length 71)
prokka_VFRANEDI_pseudofinder/VFRANEDI:Prokka:VFRANEDI_00112 (length 403)
prokka_VFRANEDI_pseudofinder/VFRANEDI:Prokka:VFRANEDI_00113 (length 408)
prokka_VFRANEDI_pseudofinder/VFRANEDI:Prokka:VFRANEDI_00114 (length 605)
prokka_VFRANEDI_pseudofinder/VFRANEDI:Prokka:VFRANEDI_00115 (length 85)
prokka_VFRANEDI_pseudofinder/VFRANEDI:Prokka:VFRANEDI_00116 (length 532)
prokka_VFRANEDI_pseudofinder/VFRANEDI:Prokka:VFRANEDI_00117 (length 427)
prokka_VFRANEDI_pseudofinder/VFRANEDI:Prokka:VFRANEDI_00118 (length 352)
prokka_VFRANEDI_pseudofinder/VFRANEDI:Prokka:VFRANEDI_00119 (length 362)
prokka_VFRANEDI_pseudofinder/VFRANEDI:Prokka:VFRANEDI_00120 (length 212)
prokka_VFRANEDI_pseudofinder/VFRANEDI:Prokka:VFRANEDI_00121 (length 340)
prokka_VFRANEDI_pseudofinder/VFRANEDI:Prokka:VFRANEDI_00122 (length 602)
prokka_VFRANEDI_pseudofinder/VFRANEDI:Prokka:VFRANEDI_00123 (length 142)
prokka_VFRANEDI_pseudofinder/VFRANEDI:Prokka:VFRANEDI_00124 (length 324)
prokka_VFRANEDI_pseudofinder/VFRANEDI:Prokka:VFRANEDI_00125 (length 334)
prokka_VFRANEDI_pseudofinder/VFRANEDI:Prokka:VFRANEDI_00126 (length 168)
prokka_VFRANEDI_pseudofinder/VFRANEDI:Prokka:VFRANEDI_00127 (length 737)
prokka_VFRANEDI_pseudofinder/VFRANEDI:Prokka:VFRANEDI_00128 (length 213)
prokka_VFRANEDI_pseudofinder/VFRANEDI:Prokka:VFRANEDI_00129 (length 406)
prokka_VFRANEDI_pseudofinder/VFRANEDI:Prokka:VFRANEDI_00130 (length 239)
prokka_VFRANEDI_pseudofinder/VFRANEDI:Prokka:VFRANEDI_00131 (length 143)
prokka_VFRANEDI_pseudofinder/VFRANEDI:Prokka:VFRANEDI_00132 (length 78)
prokka_VFRANEDI_pseudofinder/VFRANEDI:Prokka:VFRANEDI_00133 (length 101)
prokka_VFRANEDI_pseudofinder/VFRANEDI:Prokka:VFRANEDI_00134 (length 279)
prokka_VFRANEDI_pseudofinder/VFRANEDI:Prokka:VFRANEDI_00136 (length 414)
prokka_VFRANEDI_pseudofinder/VFRANEDI:Prokka:VFRANEDI_00139 (length 97)
prokka_VFRANEDI_pseudofinder/VFRANEDI:Prokka:VFRANEDI_00141 (length 70)
prokka_VFRANEDI_pseudofinder/VFRANEDI:Prokka:VFRANEDI_00142 (length 150)
prokka_VFRANEDI_pseudofinder/VFRANEDI:Prokka:VFRANEDI_00143 (length 196)
prokka_VFRANEDI_pseudofinder/VFRANEDI:Prokka:VFRANEDI_00144 (length 70)
prokka_VFRANEDI_pseudofinder/VFRANEDI:Prokka:VFRANEDI_00145 (length 268)
prokka_VFRANEDI_pseudofinder/VFRANEDI:Prokka:VFRANEDI_00146 (length 83)
prokka_VFRANEDI_pseudofinder/VFRANEDI:Prokka:VFRANEDI_00147 (length 109)
prokka_VFRANEDI_pseudofinder/VFRANEDI:Prokka:VFRANEDI_00148 (length 199)
prokka_VFRANEDI_pseudofinder/VFRANEDI:Prokka:VFRANEDI_00149 (length 133)
prokka_VFRANEDI_pseudofinder/VFRANEDI:Prokka:VFRANEDI_00150 (length 76)
prokka_VFRANEDI_pseudofinder/VFRANEDI:Prokka:VFRANEDI_00151 (length 121)
prokka_VFRANEDI_pseudofinder/VFRANEDI:Prokka:VFRANEDI_00152 (length 177)
prokka_VFRANEDI_pseudofinder/VFRANEDI:Prokka:VFRANEDI_00153 (length 92)
prokka_VFRANEDI_pseudofinder/VFRANEDI:Prokka:VFRANEDI_00154 (length 127)
prokka_VFRANEDI_pseudofinder/VFRANEDI:Prokka:VFRANEDI_00155 (length 186)
prokka_VFRANEDI_pseudofinder/VFRANEDI:Prokka:VFRANEDI_00156 (length 111)
prokka_VFRANEDI_pseudofinder/VFRANEDI:Prokka:VFRANEDI_00157 (length 145)
prokka_VFRANEDI_pseudofinder/VFRANEDI:Prokka:VFRANEDI_00158 (length 115)
prokka_VFRANEDI_pseudofinder/VFRANEDI:Prokka:VFRANEDI_00159 (length 71)
prokka_VFRANEDI_pseudofinder/VFRANEDI:Prokka:VFRANEDI_00160 (length 37)
prokka_VFRANEDI_pseudofinder/VFRANEDI:Prokka:VFRANEDI_00161 (length 112)
prokka_VFRANEDI_pseudofinder/VFRANEDI:Prokka:VFRANEDI_00162 (length 115)
prokka_VFRANEDI_pseudofinder/VFRANEDI:Prokka:VFRANEDI_00163 (length 176)
prokka_VFRANEDI_pseudofinder/VFRANEDI:Prokka:VFRANEDI_00164 (length 289)
prokka_VFRANEDI_pseudofinder/VFRANEDI:Prokka:VFRANEDI_00165 (length 116)
prokka_VFRANEDI_pseudofinder/VFRANEDI:Prokka:VFRANEDI_00166 (length 45)
prokka_VFRANEDI_pseudofinder/VFRANEDI:Prokka:VFRANEDI_00167 (length 369)
prokka_VFRANEDI_pseudofinder/VFRANEDI:Prokka:VFRANEDI_00168 (length 133)
prokka_VFRANEDI_pseudofinder/VFRANEDI:Prokka:VFRANEDI_00169 (length 355)

DiscRep_ALL:DISC_INCONSISTENT_MOLINFO_TECH::Molinfo Technique Report (some missing, all same)
DiscRep_SUB:DISC_INCONSISTENT_MOLINFO_TECH::technique (all missing)
DiscRep_SUB:DISC_INCONSISTENT_MOLINFO_TECH::1 Molinfos are missing field technique
prokka_VFRANEDI_pseudofinder/VFRANEDI:Prokka:VFRANEDI_1 (length 125935)

