Discrepancy Report Results

Summary
DISC_SOURCE_QUALS_ASNDISC:strain (all present, all unique)
DISC_SOURCE_QUALS_ASNDISC:taxname (all present, all unique)
DISC_FEATURE_COUNT:gene: 172 present
DISC_FEATURE_COUNT:CDS: 140 present
DISC_FEATURE_COUNT:tRNA: 28 present
DISC_FEATURE_COUNT:rRNA: 3 present
DISC_FEATURE_COUNT:tmRNA: 1 present
DISC_COUNT_NUCLEOTIDES:1 nucleotide Bioseqs are present
OVERLAPPING_GENES:51 genes overlap another gene on the same strand.
DISC_QUALITY_SCORES:Quality scores are missing on all sequences.
ONCALLER_COMMENT_PRESENT:1 comment descriptors were found (all same)
SHORT_PROT_SEQUENCES:3 protein sequences are shorter than 50 aa.
MISSING_GENOMEASSEMBLY_COMMENTS:1 bioseqs are missing GenomeAssembly structured comments
MOLTYPE_NOT_MRNA:1 molecule types are not set as mRNA.
TECHNIQUE_NOT_TSA:1 technique are not set as TSA
MISSING_STRUCTURED_COMMENT:1 sequences do not include structured comments.
MISSING_PROJECT:141 sequences do not include project.
DISC_INCONSISTENT_MOLINFO_TECH:Molinfo Technique Report (some missing, all same)


Detailed Report

DiscRep_ALL:DISC_SOURCE_QUALS_ASNDISC::strain (all present, all unique)
DiscRep_SUB:DISC_SOURCE_QUALS_ASNDISC::1 sources have unique values for strain
DiscRep_ALL:DISC_SOURCE_QUALS_ASNDISC::taxname (all present, all unique)
DiscRep_SUB:DISC_SOURCE_QUALS_ASNDISC::1 sources have unique values for taxname
DiscRep_ALL:DISC_FEATURE_COUNT::gene: 172 present
DiscRep_ALL:DISC_FEATURE_COUNT::CDS: 140 present
DiscRep_ALL:DISC_FEATURE_COUNT::tRNA: 28 present
DiscRep_ALL:DISC_FEATURE_COUNT::rRNA: 3 present
DiscRep_ALL:DISC_FEATURE_COUNT::tmRNA: 1 present
DiscRep_ALL:DISC_COUNT_NUCLEOTIDES::1 nucleotide Bioseqs are present
prokka_SMORTSP/prokka_SMORTSP:Prokka:SMORTSP_1 (length 145114)

DiscRep_ALL:OVERLAPPING_GENES::51 genes overlap another gene on the same strand.
prokka_SMORTSP/prokka_SMORTSP:Gene	mnmG	SMORTSP_1:c19148-17298	SMORTSP_00014
prokka_SMORTSP/prokka_SMORTSP:Gene	ybeY	SMORTSP_1:c19503-19129	SMORTSP_00015
prokka_SMORTSP/prokka_SMORTSP:Gene	gltX	SMORTSP_1:c21800-20301	SMORTSP_00018
prokka_SMORTSP/prokka_SMORTSP:Gene	rplI	SMORTSP_1:c22252-21797	SMORTSP_00019
prokka_SMORTSP/prokka_SMORTSP:Gene	rpsR	SMORTSP_1:c22526-22257	SMORTSP_00020
prokka_SMORTSP/prokka_SMORTSP:Gene	rpsF	SMORTSP_1:c22869-22519	SMORTSP_00021
prokka_SMORTSP/prokka_SMORTSP:Gene	rpmA	SMORTSP_1:c23391-23134	SMORTSP_00023
prokka_SMORTSP/prokka_SMORTSP:Gene	rplU	SMORTSP_1:c23713-23381	SMORTSP_00024
prokka_SMORTSP/prokka_SMORTSP:Gene	iscS	SMORTSP_1:c40086-38953	SMORTSP_00044
prokka_SMORTSP/prokka_SMORTSP:Gene	tilS	SMORTSP_1:c41011-40064	SMORTSP_00045
prokka_SMORTSP/prokka_SMORTSP:Gene	SMORTSP_00051	SMORTSP_1:c47528-46695	SMORTSP_00051
prokka_SMORTSP/prokka_SMORTSP:Gene	dnaC	SMORTSP_1:c48900-47521	SMORTSP_00052
prokka_SMORTSP/prokka_SMORTSP:Gene	rplM	SMORTSP_1:56495-56893	SMORTSP_00062
prokka_SMORTSP/prokka_SMORTSP:Gene	rpsI	SMORTSP_1:56893-57276	SMORTSP_00063
prokka_SMORTSP/prokka_SMORTSP:Gene	rpsB	SMORTSP_1:57230-57991	SMORTSP_00064
prokka_SMORTSP/prokka_SMORTSP:Gene	rplK	SMORTSP_1:73054-73506	SMORTSP_00084
prokka_SMORTSP/prokka_SMORTSP:Gene	rplA	SMORTSP_1:73475-74098	SMORTSP_00085
prokka_SMORTSP/prokka_SMORTSP:Gene	rplJ	SMORTSP_1:74150-74689	SMORTSP_00086
prokka_SMORTSP/prokka_SMORTSP:Gene	rplL	SMORTSP_1:74679-75056	SMORTSP_00087
prokka_SMORTSP/prokka_SMORTSP:Gene	rpmG	SMORTSP_1:c85091-84912	SMORTSP_00093
prokka_SMORTSP/prokka_SMORTSP:Gene	rpmB	SMORTSP_1:c85305-85081	SMORTSP_00094
prokka_SMORTSP/prokka_SMORTSP:Gene	leuS	SMORTSP_1:c89441-86754	SMORTSP_00097
prokka_SMORTSP/prokka_SMORTSP:Gene	tyrS1	SMORTSP_1:c90687-89431	SMORTSP_00098
prokka_SMORTSP/prokka_SMORTSP:Gene	leuC	SMORTSP_1:91941-93338	SMORTSP_00100
prokka_SMORTSP/prokka_SMORTSP:Gene	leuD1	SMORTSP_1:93325-93909	SMORTSP_00101
prokka_SMORTSP/prokka_SMORTSP:Gene	sufC	SMORTSP_1:105174-105917	SMORTSP_00115
prokka_SMORTSP/prokka_SMORTSP:Gene	sufD	SMORTSP_1:105914-107206	SMORTSP_00116
prokka_SMORTSP/prokka_SMORTSP:Gene	sigA	SMORTSP_1:c113039-112095	SMORTSP_00125
prokka_SMORTSP/prokka_SMORTSP:Gene	pnp	SMORTSP_1:c115114-113036	SMORTSP_00126
prokka_SMORTSP/prokka_SMORTSP:Gene	rpsL	SMORTSP_1:116630-117037	SMORTSP_00130
prokka_SMORTSP/prokka_SMORTSP:Gene	rpsG	SMORTSP_1:117037-117516	SMORTSP_00131
prokka_SMORTSP/prokka_SMORTSP:Gene	fusA_2	SMORTSP_1:118509-119621	SMORTSP_00133
prokka_SMORTSP/prokka_SMORTSP:Gene	rpsJ	SMORTSP_1:119615-119911	SMORTSP_00134
prokka_SMORTSP/prokka_SMORTSP:Gene	rplC	SMORTSP_1:119905-120525	SMORTSP_00135
prokka_SMORTSP/prokka_SMORTSP:Gene	rpsS	SMORTSP_1:122334-122624	SMORTSP_00139
prokka_SMORTSP/prokka_SMORTSP:Gene	rplV	SMORTSP_1:122624-123007	SMORTSP_00140
prokka_SMORTSP/prokka_SMORTSP:Gene	rpsC	SMORTSP_1:122976-123638	SMORTSP_00141
prokka_SMORTSP/prokka_SMORTSP:Gene	rplP	SMORTSP_1:123645-124049	SMORTSP_00142
prokka_SMORTSP/prokka_SMORTSP:Gene	rpsQ	SMORTSP_1:124046-124288	SMORTSP_00143
prokka_SMORTSP/prokka_SMORTSP:Gene	SMORTSP_00145	SMORTSP_1:124680-125009	SMORTSP_00145
prokka_SMORTSP/prokka_SMORTSP:Gene	rplE	SMORTSP_1:124993-125538	SMORTSP_00146
prokka_SMORTSP/prokka_SMORTSP:Gene	rpsM	SMORTSP_1:128361-128744	SMORTSP_00155
prokka_SMORTSP/prokka_SMORTSP:Gene	rpsK	SMORTSP_1:128744-129097	SMORTSP_00156
prokka_SMORTSP/prokka_SMORTSP:Gene	rpsD	SMORTSP_1:129063-129722	SMORTSP_00157
prokka_SMORTSP/prokka_SMORTSP:Gene	rpoA	SMORTSP_1:129733-130731	SMORTSP_00158
prokka_SMORTSP/prokka_SMORTSP:Gene	rplQ	SMORTSP_1:130715-131065	SMORTSP_00159
prokka_SMORTSP/prokka_SMORTSP:Gene	rsmH	SMORTSP_1:131065-131967	SMORTSP_00160
prokka_SMORTSP/prokka_SMORTSP:Gene	SMORTSP_00167	SMORTSP_1:138144-139010	SMORTSP_00167
prokka_SMORTSP/prokka_SMORTSP:Gene	trxB	SMORTSP_1:138962-139918	SMORTSP_00168
prokka_SMORTSP/prokka_SMORTSP:Gene	ilvB	SMORTSP_1:c143327-141648	SMORTSP_00171
prokka_SMORTSP/prokka_SMORTSP:Gene	ilvD	SMORTSP_1:c145033-143324	SMORTSP_00172

DiscRep_ALL:DISC_QUALITY_SCORES::Quality scores are missing on all sequences.

DiscRep_ALL:ONCALLER_COMMENT_PRESENT::1 comment descriptors were found (all same)
prokka_SMORTSP/prokka_SMORTSP:Prokka:SMORTSP_1:Annotated using prokka 1.13 from https://github.com/tseemann/prokka

DiscRep_ALL:SHORT_PROT_SEQUENCES::3 protein sequences are shorter than 50 aa.
prokka_SMORTSP/prokka_SMORTSP:Prokka:SMORTSP_00029 (length 31)
prokka_SMORTSP/prokka_SMORTSP:Prokka:SMORTSP_00153 (length 30)
prokka_SMORTSP/prokka_SMORTSP:Prokka:SMORTSP_00154 (length 38)

DiscRep_ALL:MISSING_GENOMEASSEMBLY_COMMENTS::1 bioseqs are missing GenomeAssembly structured comments
prokka_SMORTSP/prokka_SMORTSP:Prokka:SMORTSP_1 (length 145114)

DiscRep_ALL:MOLTYPE_NOT_MRNA::1 molecule types are not set as mRNA.
prokka_SMORTSP/prokka_SMORTSP:Prokka:SMORTSP_1 (length 145114)

DiscRep_ALL:TECHNIQUE_NOT_TSA::1 technique are not set as TSA
prokka_SMORTSP/prokka_SMORTSP:Prokka:SMORTSP_1 (length 145114)

DiscRep_ALL:MISSING_STRUCTURED_COMMENT::1 sequences do not include structured comments.
prokka_SMORTSP/prokka_SMORTSP:Prokka:SMORTSP_1 (length 145114)

DiscRep_ALL:MISSING_PROJECT::141 sequences do not include project.
prokka_SMORTSP/prokka_SMORTSP:Prokka:SMORTSP_1 (length 145114)
prokka_SMORTSP/prokka_SMORTSP:Prokka:SMORTSP_00001 (length 214)
prokka_SMORTSP/prokka_SMORTSP:Prokka:SMORTSP_00002 (length 847)
prokka_SMORTSP/prokka_SMORTSP:Prokka:SMORTSP_00003 (length 110)
prokka_SMORTSP/prokka_SMORTSP:Prokka:SMORTSP_00004 (length 369)
prokka_SMORTSP/prokka_SMORTSP:Prokka:SMORTSP_00005 (length 368)
prokka_SMORTSP/prokka_SMORTSP:Prokka:SMORTSP_00006 (length 389)
prokka_SMORTSP/prokka_SMORTSP:Prokka:SMORTSP_00007 (length 353)
prokka_SMORTSP/prokka_SMORTSP:Prokka:SMORTSP_00008 (length 250)
prokka_SMORTSP/prokka_SMORTSP:Prokka:SMORTSP_00011 (length 598)
prokka_SMORTSP/prokka_SMORTSP:Prokka:SMORTSP_00012 (length 355)
prokka_SMORTSP/prokka_SMORTSP:Prokka:SMORTSP_00013 (length 537)
prokka_SMORTSP/prokka_SMORTSP:Prokka:SMORTSP_00014 (length 616)
prokka_SMORTSP/prokka_SMORTSP:Prokka:SMORTSP_00015 (length 124)
prokka_SMORTSP/prokka_SMORTSP:Prokka:SMORTSP_00017 (length 190)
prokka_SMORTSP/prokka_SMORTSP:Prokka:SMORTSP_00018 (length 499)
prokka_SMORTSP/prokka_SMORTSP:Prokka:SMORTSP_00019 (length 151)
prokka_SMORTSP/prokka_SMORTSP:Prokka:SMORTSP_00020 (length 89)
prokka_SMORTSP/prokka_SMORTSP:Prokka:SMORTSP_00021 (length 116)
prokka_SMORTSP/prokka_SMORTSP:Prokka:SMORTSP_00023 (length 85)
prokka_SMORTSP/prokka_SMORTSP:Prokka:SMORTSP_00024 (length 110)
prokka_SMORTSP/prokka_SMORTSP:Prokka:SMORTSP_00026 (length 438)
prokka_SMORTSP/prokka_SMORTSP:Prokka:SMORTSP_00027 (length 199)
prokka_SMORTSP/prokka_SMORTSP:Prokka:SMORTSP_00028 (length 318)
prokka_SMORTSP/prokka_SMORTSP:Prokka:SMORTSP_00029 (length 31)
prokka_SMORTSP/prokka_SMORTSP:Prokka:SMORTSP_00031 (length 248)
prokka_SMORTSP/prokka_SMORTSP:Prokka:SMORTSP_00032 (length 284)
prokka_SMORTSP/prokka_SMORTSP:Prokka:SMORTSP_00033 (length 435)
prokka_SMORTSP/prokka_SMORTSP:Prokka:SMORTSP_00034 (length 420)
prokka_SMORTSP/prokka_SMORTSP:Prokka:SMORTSP_00038 (length 69)
prokka_SMORTSP/prokka_SMORTSP:Prokka:SMORTSP_00039 (length 158)
prokka_SMORTSP/prokka_SMORTSP:Prokka:SMORTSP_00040 (length 353)
prokka_SMORTSP/prokka_SMORTSP:Prokka:SMORTSP_00041 (length 602)
prokka_SMORTSP/prokka_SMORTSP:Prokka:SMORTSP_00043 (length 485)
prokka_SMORTSP/prokka_SMORTSP:Prokka:SMORTSP_00044 (length 377)
prokka_SMORTSP/prokka_SMORTSP:Prokka:SMORTSP_00045 (length 315)
prokka_SMORTSP/prokka_SMORTSP:Prokka:SMORTSP_00048 (length 1295)
prokka_SMORTSP/prokka_SMORTSP:Prokka:SMORTSP_00050 (length 451)
prokka_SMORTSP/prokka_SMORTSP:Prokka:SMORTSP_00051 (length 277)
prokka_SMORTSP/prokka_SMORTSP:Prokka:SMORTSP_00052 (length 459)
prokka_SMORTSP/prokka_SMORTSP:Prokka:SMORTSP_00053 (length 180)
prokka_SMORTSP/prokka_SMORTSP:Prokka:SMORTSP_00054 (length 363)
prokka_SMORTSP/prokka_SMORTSP:Prokka:SMORTSP_00055 (length 392)
prokka_SMORTSP/prokka_SMORTSP:Prokka:SMORTSP_00056 (length 363)
prokka_SMORTSP/prokka_SMORTSP:Prokka:SMORTSP_00057 (length 150)
prokka_SMORTSP/prokka_SMORTSP:Prokka:SMORTSP_00058 (length 113)
prokka_SMORTSP/prokka_SMORTSP:Prokka:SMORTSP_00059 (length 68)
prokka_SMORTSP/prokka_SMORTSP:Prokka:SMORTSP_00060 (length 172)
prokka_SMORTSP/prokka_SMORTSP:Prokka:SMORTSP_00061 (length 620)
prokka_SMORTSP/prokka_SMORTSP:Prokka:SMORTSP_00062 (length 132)
prokka_SMORTSP/prokka_SMORTSP:Prokka:SMORTSP_00063 (length 127)
prokka_SMORTSP/prokka_SMORTSP:Prokka:SMORTSP_00064 (length 253)
prokka_SMORTSP/prokka_SMORTSP:Prokka:SMORTSP_00067 (length 403)
prokka_SMORTSP/prokka_SMORTSP:Prokka:SMORTSP_00068 (length 216)
prokka_SMORTSP/prokka_SMORTSP:Prokka:SMORTSP_00069 (length 343)
prokka_SMORTSP/prokka_SMORTSP:Prokka:SMORTSP_00075 (length 390)
prokka_SMORTSP/prokka_SMORTSP:Prokka:SMORTSP_00076 (length 139)
prokka_SMORTSP/prokka_SMORTSP:Prokka:SMORTSP_00077 (length 207)
prokka_SMORTSP/prokka_SMORTSP:Prokka:SMORTSP_00082 (length 395)
prokka_SMORTSP/prokka_SMORTSP:Prokka:SMORTSP_00084 (length 150)
prokka_SMORTSP/prokka_SMORTSP:Prokka:SMORTSP_00085 (length 207)
prokka_SMORTSP/prokka_SMORTSP:Prokka:SMORTSP_00086 (length 179)
prokka_SMORTSP/prokka_SMORTSP:Prokka:SMORTSP_00087 (length 125)
prokka_SMORTSP/prokka_SMORTSP:Prokka:SMORTSP_00088 (length 1233)
prokka_SMORTSP/prokka_SMORTSP:Prokka:SMORTSP_00089 (length 1360)
prokka_SMORTSP/prokka_SMORTSP:Prokka:SMORTSP_00090 (length 249)
prokka_SMORTSP/prokka_SMORTSP:Prokka:SMORTSP_00091 (length 324)
prokka_SMORTSP/prokka_SMORTSP:Prokka:SMORTSP_00093 (length 59)
prokka_SMORTSP/prokka_SMORTSP:Prokka:SMORTSP_00094 (length 74)
prokka_SMORTSP/prokka_SMORTSP:Prokka:SMORTSP_00095 (length 414)
prokka_SMORTSP/prokka_SMORTSP:Prokka:SMORTSP_00097 (length 895)
prokka_SMORTSP/prokka_SMORTSP:Prokka:SMORTSP_00098 (length 418)
prokka_SMORTSP/prokka_SMORTSP:Prokka:SMORTSP_00099 (length 384)
prokka_SMORTSP/prokka_SMORTSP:Prokka:SMORTSP_00100 (length 465)
prokka_SMORTSP/prokka_SMORTSP:Prokka:SMORTSP_00101 (length 194)
prokka_SMORTSP/prokka_SMORTSP:Prokka:SMORTSP_00102 (length 362)
prokka_SMORTSP/prokka_SMORTSP:Prokka:SMORTSP_00103 (length 138)
prokka_SMORTSP/prokka_SMORTSP:Prokka:SMORTSP_00104 (length 283)
prokka_SMORTSP/prokka_SMORTSP:Prokka:SMORTSP_00105 (length 64)
prokka_SMORTSP/prokka_SMORTSP:Prokka:SMORTSP_00106 (length 321)
prokka_SMORTSP/prokka_SMORTSP:Prokka:SMORTSP_00107 (length 463)
prokka_SMORTSP/prokka_SMORTSP:Prokka:SMORTSP_00110 (length 145)
prokka_SMORTSP/prokka_SMORTSP:Prokka:SMORTSP_00111 (length 547)
prokka_SMORTSP/prokka_SMORTSP:Prokka:SMORTSP_00112 (length 89)
prokka_SMORTSP/prokka_SMORTSP:Prokka:SMORTSP_00113 (length 436)
prokka_SMORTSP/prokka_SMORTSP:Prokka:SMORTSP_00114 (length 475)
prokka_SMORTSP/prokka_SMORTSP:Prokka:SMORTSP_00115 (length 247)
prokka_SMORTSP/prokka_SMORTSP:Prokka:SMORTSP_00116 (length 430)
prokka_SMORTSP/prokka_SMORTSP:Prokka:SMORTSP_00117 (length 402)
prokka_SMORTSP/prokka_SMORTSP:Prokka:SMORTSP_00118 (length 556)
prokka_SMORTSP/prokka_SMORTSP:Prokka:SMORTSP_00119 (length 72)
prokka_SMORTSP/prokka_SMORTSP:Prokka:SMORTSP_00121 (length 96)
prokka_SMORTSP/prokka_SMORTSP:Prokka:SMORTSP_00123 (length 62)
prokka_SMORTSP/prokka_SMORTSP:Prokka:SMORTSP_00124 (length 327)
prokka_SMORTSP/prokka_SMORTSP:Prokka:SMORTSP_00125 (length 314)
prokka_SMORTSP/prokka_SMORTSP:Prokka:SMORTSP_00126 (length 692)
prokka_SMORTSP/prokka_SMORTSP:Prokka:SMORTSP_00127 (length 56)
prokka_SMORTSP/prokka_SMORTSP:Prokka:SMORTSP_00128 (length 97)
prokka_SMORTSP/prokka_SMORTSP:Prokka:SMORTSP_00129 (length 333)
prokka_SMORTSP/prokka_SMORTSP:Prokka:SMORTSP_00130 (length 135)
prokka_SMORTSP/prokka_SMORTSP:Prokka:SMORTSP_00131 (length 159)
prokka_SMORTSP/prokka_SMORTSP:Prokka:SMORTSP_00132 (length 314)
prokka_SMORTSP/prokka_SMORTSP:Prokka:SMORTSP_00133 (length 370)
prokka_SMORTSP/prokka_SMORTSP:Prokka:SMORTSP_00134 (length 98)
prokka_SMORTSP/prokka_SMORTSP:Prokka:SMORTSP_00135 (length 206)
prokka_SMORTSP/prokka_SMORTSP:Prokka:SMORTSP_00136 (length 215)
prokka_SMORTSP/prokka_SMORTSP:Prokka:SMORTSP_00137 (length 104)
prokka_SMORTSP/prokka_SMORTSP:Prokka:SMORTSP_00138 (length 275)
prokka_SMORTSP/prokka_SMORTSP:Prokka:SMORTSP_00139 (length 96)
prokka_SMORTSP/prokka_SMORTSP:Prokka:SMORTSP_00140 (length 127)
prokka_SMORTSP/prokka_SMORTSP:Prokka:SMORTSP_00141 (length 220)
prokka_SMORTSP/prokka_SMORTSP:Prokka:SMORTSP_00142 (length 134)
prokka_SMORTSP/prokka_SMORTSP:Prokka:SMORTSP_00143 (length 80)
prokka_SMORTSP/prokka_SMORTSP:Prokka:SMORTSP_00144 (length 122)
prokka_SMORTSP/prokka_SMORTSP:Prokka:SMORTSP_00145 (length 109)
prokka_SMORTSP/prokka_SMORTSP:Prokka:SMORTSP_00146 (length 181)
prokka_SMORTSP/prokka_SMORTSP:Prokka:SMORTSP_00147 (length 89)
prokka_SMORTSP/prokka_SMORTSP:Prokka:SMORTSP_00148 (length 129)
prokka_SMORTSP/prokka_SMORTSP:Prokka:SMORTSP_00149 (length 185)
prokka_SMORTSP/prokka_SMORTSP:Prokka:SMORTSP_00150 (length 93)
prokka_SMORTSP/prokka_SMORTSP:Prokka:SMORTSP_00151 (length 162)
prokka_SMORTSP/prokka_SMORTSP:Prokka:SMORTSP_00152 (length 155)
prokka_SMORTSP/prokka_SMORTSP:Prokka:SMORTSP_00153 (length 30)
prokka_SMORTSP/prokka_SMORTSP:Prokka:SMORTSP_00154 (length 38)
prokka_SMORTSP/prokka_SMORTSP:Prokka:SMORTSP_00155 (length 127)
prokka_SMORTSP/prokka_SMORTSP:Prokka:SMORTSP_00156 (length 117)
prokka_SMORTSP/prokka_SMORTSP:Prokka:SMORTSP_00157 (length 219)
prokka_SMORTSP/prokka_SMORTSP:Prokka:SMORTSP_00158 (length 332)
prokka_SMORTSP/prokka_SMORTSP:Prokka:SMORTSP_00159 (length 116)
prokka_SMORTSP/prokka_SMORTSP:Prokka:SMORTSP_00160 (length 300)
prokka_SMORTSP/prokka_SMORTSP:Prokka:SMORTSP_00161 (length 543)
prokka_SMORTSP/prokka_SMORTSP:Prokka:SMORTSP_00162 (length 493)
prokka_SMORTSP/prokka_SMORTSP:Prokka:SMORTSP_00164 (length 331)
prokka_SMORTSP/prokka_SMORTSP:Prokka:SMORTSP_00165 (length 363)
prokka_SMORTSP/prokka_SMORTSP:Prokka:SMORTSP_00166 (length 138)
prokka_SMORTSP/prokka_SMORTSP:Prokka:SMORTSP_00167 (length 288)
prokka_SMORTSP/prokka_SMORTSP:Prokka:SMORTSP_00168 (length 318)
prokka_SMORTSP/prokka_SMORTSP:Prokka:SMORTSP_00169 (length 344)
prokka_SMORTSP/prokka_SMORTSP:Prokka:SMORTSP_00170 (length 78)
prokka_SMORTSP/prokka_SMORTSP:Prokka:SMORTSP_00171 (length 559)
prokka_SMORTSP/prokka_SMORTSP:Prokka:SMORTSP_00172 (length 569)

DiscRep_ALL:DISC_INCONSISTENT_MOLINFO_TECH::Molinfo Technique Report (some missing, all same)
DiscRep_SUB:DISC_INCONSISTENT_MOLINFO_TECH::technique (all missing)
DiscRep_SUB:DISC_INCONSISTENT_MOLINFO_TECH::1 Molinfos are missing field technique
prokka_SMORTSP/prokka_SMORTSP:Prokka:SMORTSP_1 (length 145114)

