[18:35:55] This is prokka 1.13
[18:35:55] Written by Torsten Seemann <torsten.seemann@gmail.com>
[18:35:55] Homepage is https://github.com/tseemann/prokka
[18:35:55] Local time is Wed Feb 21 18:35:55 2024
[18:35:55] You are diego
[18:35:55] Operating system is linux
[18:35:55] You have BioPerl 1.007002
[18:35:55] System has 32 cores.
[18:35:55] Will use maximum of 30 cores.
[18:35:55] Annotating as >>> Bacteria <<<
[18:35:55] Enabling options to ensure Genbank/ENA/DDJB submission compliance.
[18:35:55] Creating new output folder: prokka_SMSYM
[18:35:55] Running: mkdir -p prokka_SMSYM
[18:35:55] Using filename prefix: SMSYM.XXX
[18:35:55] Setting HMMER_NCPU=1
[18:35:55] Writing log to: prokka_SMSYM/SMSYM.log
[18:35:55] Command: /home/diego/miniconda3/envs/prokka_env/bin/prokka SMSYM.fasta --outdir prokka_SMSYM --prefix SMSYM --gcode 4 --compliant --cpus 30 --locustag SMSYM
[18:35:55] Appending to PATH: /home/diego/miniconda3/envs/prokka_env/bin
[18:35:55] Looking for 'aragorn' - found /home/diego/miniconda3/envs/prokka_env/bin/aragorn
[18:35:55] Determined aragorn version is 1.2
[18:35:55] Looking for 'barrnap' - found /home/diego/miniconda3/envs/prokka_env/bin/barrnap
[18:35:55] Determined barrnap version is 0.9
[18:35:55] Looking for 'blastp' - found /home/diego/miniconda3/envs/prokka_env/bin/blastp
[18:35:55] Determined blastp version is 2.14
[18:35:55] Looking for 'cmpress' - found /home/diego/miniconda3/envs/prokka_env/bin/cmpress
[18:35:55] Determined cmpress version is 1.1
[18:35:55] Looking for 'cmscan' - found /home/diego/miniconda3/envs/prokka_env/bin/cmscan
[18:35:55] Determined cmscan version is 1.1
[18:35:55] Looking for 'egrep' - found /usr/bin/egrep
[18:35:55] Looking for 'find' - found /usr/bin/find
[18:35:55] Looking for 'grep' - found /usr/bin/grep
[18:35:55] Looking for 'hmmpress' - found /home/diego/miniconda3/envs/prokka_env/bin/hmmpress
[18:35:55] Determined hmmpress version is 3.3
[18:35:55] Looking for 'hmmscan' - found /home/diego/miniconda3/envs/prokka_env/bin/hmmscan
[18:35:55] Determined hmmscan version is 3.3
[18:35:55] Looking for 'java' - found /home/diego/miniconda3/envs/prokka_env/bin/java
[18:35:55] Looking for 'less' - found /usr/bin/less
[18:35:55] Looking for 'makeblastdb' - found /home/diego/miniconda3/envs/prokka_env/bin/makeblastdb
[18:35:55] Determined makeblastdb version is 2.14
[18:35:55] Looking for 'minced' - found /home/diego/miniconda3/envs/prokka_env/bin/minced
[18:35:55] Determined minced version is 4.2
[18:35:55] Looking for 'parallel' - found /home/diego/miniconda3/envs/prokka_env/bin/parallel
[18:35:56] Determined parallel version is 20160622
[18:35:56] Looking for 'prodigal' - found /home/diego/miniconda3/envs/prokka_env/bin/prodigal
[18:35:56] Determined prodigal version is 2.6
[18:35:56] Looking for 'prokka-genbank_to_fasta_db' - found /home/diego/miniconda3/envs/prokka_env/bin/prokka-genbank_to_fasta_db
[18:35:56] Looking for 'rnammer' - found /home/diego/rnammer-1.2.src/rnammer
[18:35:56] Determined rnammer version is 1.2
[18:35:56] Looking for 'sed' - found /usr/bin/sed
[18:35:56] Looking for 'tbl2asn' - found /home/diego/miniconda3/envs/prokka_env/bin/tbl2asn
[18:35:56] Determined tbl2asn version is 25.8
[18:35:56] Using genetic code table 4.
[18:35:56] Loading and checking input file: SMSYM.fasta
[18:35:56] Wrote 1 contigs totalling 144736 bp.
[18:35:56] Predicting tRNAs and tmRNAs
[18:35:56] Running: aragorn -l -gc4  -w prokka_SMSYM\/SMSYM\.fna
[18:35:56] 1 tRNA-Met [9731,9805] 35 (cat)
[18:35:56] 2 tRNA-Asn c[13311,13386] 36 (gtt)
[18:35:56] 3 tRNA-Cys c[19744,19814] 33 (gca)
[18:35:56] 4 tmRNA c[21381,21661] 98,124 GKNYSLAA*
[18:35:56] 5 tRNA-Met c[22266,22341] 36 (cat)
[18:35:56] 6 tRNA-Leu [25867,25951] 35 (tag)
[18:35:56] 7 tRNA-Leu [25959,26042] 35 (caa)
[18:35:56] 8 tRNA-Ser [32103,32184] 34 (gct)
[18:35:56] 9 tRNA-Pro [32188,32262] 36 (tgg)
[18:35:56] 10 tRNA-Arg [32282,32357] 35 (tct)
[18:35:56] 11 tRNA-Ser c[37555,37641] 36 (tga)
[18:35:56] 12 tRNA-Ser c[37810,37896] 36 (tga)
[18:35:56] 13 tRNA-Lys [41662,41735] 35 (ttt)
[18:35:56] 14 tRNA-Asp c[41809,41882] 35 (gtc)
[18:35:56] 15 tRNA-Val c[45285,45359] 36 (tac)
[18:35:56] 16 tRNA-Leu c[58793,58880] 35 (taa)
[18:35:56] 17 tRNA-Gly c[58886,58958] 34 (gcc)
[18:35:56] 18 tRNA-Ala c[67679,67752] 35 (tgc)
[18:35:56] 19 tRNA-Ile c[67756,67829] 35 (gat)
[18:35:56] 20 tRNA-Thr [71777,71850] 35 (tgt)
[18:35:56] 21 tRNA-Tyr [71860,71941] 35 (gta)
[18:35:56] 22 tRNA-Gly [71949,72021] 34 (tcc)
[18:35:56] 23 tRNA-Thr [72033,72107] 35 (ggt)
[18:35:56] 24 tRNA-Trp [73327,73400] 35 (cca)
[18:35:56] 25 tRNA-His [84996,85071] 36 (gtg)
[18:35:56] 26 tRNA-Phe c[87731,87804] 36 (gaa)
[18:35:56] 27 tRNA-Leu c[100157,100230] 35 (gag)
[18:35:56] 28 tRNA-Met [100338,100413] 36 (cat)
[18:35:56] 29 tRNA-Glu c[111696,111767] 34 (ttc)
[18:35:56] 30 tRNA-Gln [112123,112193] 33 (ttg)
[18:35:56] 31 tRNA-Arg c[136807,136880] 35 (acg)
[18:35:56] Found 31 tRNAs
[18:35:56] Predicting Ribosomal RNAs
[18:35:56] Running Barrnap with 30 threads
[18:35:56] 1 gnl|Prokka|SMSYM_1 64633 5S ribosomal RNA
[18:35:56] 2 gnl|Prokka|SMSYM_1 64782 23S ribosomal RNA
[18:35:56] 3 gnl|Prokka|SMSYM_1 67857 16S ribosomal RNA
[18:35:56] Found 3 rRNAs
[18:35:56] Skipping ncRNA search, enable with --rfam if desired.
[18:35:56] Total of 33 tRNA + rRNA features
[18:35:56] Searching for CRISPR repeats
[18:35:56] Found 0 CRISPRs
[18:35:56] Predicting coding sequences
[18:35:56] Contigs total 144736 bp, so using single mode
[18:35:56] Running: prodigal -i prokka_SMSYM\/SMSYM\.fna -c -m -g 4 -p single -f sco -q
[18:35:57] Excluding CDS which overlaps existing RNA (tRNA) at gnl|Prokka|SMSYM_1:32357..33826 on - strand
[18:35:57] Excluding CDS which overlaps existing RNA (rRNA) at gnl|Prokka|SMSYM_1:64564..64758 on - strand
[18:35:57] Excluding CDS which overlaps existing RNA (rRNA) at gnl|Prokka|SMSYM_1:64903..65448 on + strand
[18:35:57] Excluding CDS which overlaps existing RNA (tRNA) at gnl|Prokka|SMSYM_1:73398..73853 on + strand
[18:35:57] Excluding CDS which overlaps existing RNA (tRNA) at gnl|Prokka|SMSYM_1:85066..85185 on - strand
[18:35:57] Excluding CDS which overlaps existing RNA (tRNA) at gnl|Prokka|SMSYM_1:86883..87761 on - strand
[18:35:57] Excluding CDS which overlaps existing RNA (tRNA) at gnl|Prokka|SMSYM_1:87804..90533 on - strand
[18:35:57] Excluding CDS which overlaps existing RNA (tRNA) at gnl|Prokka|SMSYM_1:111672..112046 on - strand
[18:35:57] Found 141 CDS
[18:35:57] Connecting features back to sequences
[18:35:57] Not using genus-specific database. Try --usegenus to enable it.
[18:35:57] Annotating CDS, please be patient.
[18:35:57] Will use 30 CPUs for similarity searching.
[18:35:57] There are still 141 unannotated CDS left (started with 141)
[18:35:57] Will use blast to search against /home/diego/miniconda3/envs/prokka_env/bin/../db/kingdom/Bacteria/sprot with 30 CPUs
[18:35:57] Running: cat prokka_SMSYM\/sprot\.faa | parallel --gnu --plain -j 30 --block 712 --recstart '>' --pipe blastp -query - -db /home/diego/miniconda3/envs/prokka_env/bin/../db/kingdom/Bacteria/sprot -evalue 1e-06 -num_threads 1 -num_descriptions 1 -num_alignments 1 -seg no > prokka_SMSYM\/sprot\.blast 2> /dev/null
[18:35:58] Modify product: Uncharacterized protease YdcP => putative protease YdcP
[18:35:58] Modify product: Putative O-methyltransferase MSMEG_5073/MSMEI_4947 => Putative O-methyltransferase/MSMEI_4947
[18:35:58] Modify product: Probable ATP-dependent transporter SufC => putative ATP-dependent transporter SufC
[18:35:58] Cleaned 3 /product names
[18:35:58] Deleting unwanted file: prokka_SMSYM/sprot.faa
[18:35:58] Deleting unwanted file: prokka_SMSYM/sprot.blast
[18:35:58] There are still 21 unannotated CDS left (started with 141)
[18:35:58] Will use hmmer3 to search against /home/diego/miniconda3/envs/prokka_env/bin/../db/hmm/HAMAP.hmm with 30 CPUs
[18:35:58] Running: cat prokka_SMSYM\/HAMAP\.hmm\.faa | parallel --gnu --plain -j 30 --block 46 --recstart '>' --pipe hmmscan --noali --notextw --acc -E 1e-06 --cpu 1 /home/diego/miniconda3/envs/prokka_env/bin/../db/hmm/HAMAP.hmm /dev/stdin > prokka_SMSYM\/HAMAP\.hmm\.hmmer3 2> /dev/null
[18:35:59] Deleting unwanted file: prokka_SMSYM/HAMAP.hmm.faa
[18:35:59] Deleting unwanted file: prokka_SMSYM/HAMAP.hmm.hmmer3
[18:35:59] Labelling remaining 12 proteins as 'hypothetical protein'
[18:35:59] Found 127 unique /gene codes.
[18:35:59] Fixed 0 colliding /gene names.
[18:35:59] Adding /locus_tag identifiers
[18:35:59] Assigned 175 locus_tags to CDS and RNA features.
[18:35:59] Writing outputs to prokka_SMSYM/
[18:35:59] Generating annotation statistics file
[18:35:59] Generating Genbank and Sequin files
[18:35:59] Running: tbl2asn -V b -a r10k -l paired-ends -M n -N 1 -y 'Annotated using prokka 1.13 from https://github.com/tseemann/prokka' -Z prokka_SMSYM\/SMSYM\.err -i prokka_SMSYM\/SMSYM\.fsa 2> /dev/null
[18:35:59] Deleting unwanted file: prokka_SMSYM/errorsummary.val
[18:35:59] Deleting unwanted file: prokka_SMSYM/SMSYM.dr
[18:35:59] Deleting unwanted file: prokka_SMSYM/SMSYM.fixedproducts
[18:35:59] Deleting unwanted file: prokka_SMSYM/SMSYM.ecn
[18:35:59] Deleting unwanted file: prokka_SMSYM/SMSYM.val
[18:35:59] Repairing broken .GBK output that tbl2asn produces...
[18:35:59] Running: sed 's/COORDINATES: profile/COORDINATES:profile/' < prokka_SMSYM\/SMSYM\.gbf > prokka_SMSYM\/SMSYM\.gbk
[18:35:59] Deleting unwanted file: prokka_SMSYM/SMSYM.gbf
[18:35:59] Output files:
[18:35:59] prokka_SMSYM/SMSYM.gbk
[18:35:59] prokka_SMSYM/SMSYM.ffn
[18:35:59] prokka_SMSYM/SMSYM.txt
[18:35:59] prokka_SMSYM/SMSYM.err
[18:35:59] prokka_SMSYM/SMSYM.gff
[18:35:59] prokka_SMSYM/SMSYM.faa
[18:35:59] prokka_SMSYM/SMSYM.fsa
[18:35:59] prokka_SMSYM/SMSYM.log
[18:35:59] prokka_SMSYM/SMSYM.tbl
[18:35:59] prokka_SMSYM/SMSYM.tsv
[18:35:59] prokka_SMSYM/SMSYM.fna
[18:35:59] prokka_SMSYM/SMSYM.sqn
[18:35:59] Annotation finished successfully.
[18:35:59] Walltime used: 0.07 minutes
[18:35:59] If you use this result please cite the Prokka paper:
[18:35:59] Seemann T (2014) Prokka: rapid prokaryotic genome annotation. Bioinformatics. 30(14):2068-9.
[18:35:59] Type 'prokka --citation' for more details.
[18:35:59] Thank you, come again.
