[18:34:39] This is prokka 1.13
[18:34:39] Written by Torsten Seemann <torsten.seemann@gmail.com>
[18:34:39] Homepage is https://github.com/tseemann/prokka
[18:34:39] Local time is Wed Feb 21 18:34:39 2024
[18:34:39] You are diego
[18:34:39] Operating system is linux
[18:34:39] You have BioPerl 1.007002
[18:34:39] System has 32 cores.
[18:34:39] Will use maximum of 30 cores.
[18:34:39] Annotating as >>> Bacteria <<<
[18:34:39] Enabling options to ensure Genbank/ENA/DDJB submission compliance.
[18:34:39] Creating new output folder: prokka_SMPARPLA
[18:34:39] Running: mkdir -p prokka_SMPARPLA
[18:34:39] Using filename prefix: SMPARPLA.XXX
[18:34:39] Setting HMMER_NCPU=1
[18:34:39] Writing log to: prokka_SMPARPLA/SMPARPLA.log
[18:34:39] Command: /home/diego/miniconda3/envs/prokka_env/bin/prokka SMPARPLA.fasta --outdir prokka_SMPARPLA --prefix SMPARPLA --gcode 4 --compliant --cpus 30 --locustag SMPARPLA
[18:34:39] Appending to PATH: /home/diego/miniconda3/envs/prokka_env/bin
[18:34:39] Looking for 'aragorn' - found /home/diego/miniconda3/envs/prokka_env/bin/aragorn
[18:34:39] Determined aragorn version is 1.2
[18:34:39] Looking for 'barrnap' - found /home/diego/miniconda3/envs/prokka_env/bin/barrnap
[18:34:39] Determined barrnap version is 0.9
[18:34:39] Looking for 'blastp' - found /home/diego/miniconda3/envs/prokka_env/bin/blastp
[18:34:39] Determined blastp version is 2.14
[18:34:39] Looking for 'cmpress' - found /home/diego/miniconda3/envs/prokka_env/bin/cmpress
[18:34:39] Determined cmpress version is 1.1
[18:34:39] Looking for 'cmscan' - found /home/diego/miniconda3/envs/prokka_env/bin/cmscan
[18:34:39] Determined cmscan version is 1.1
[18:34:39] Looking for 'egrep' - found /usr/bin/egrep
[18:34:39] Looking for 'find' - found /usr/bin/find
[18:34:39] Looking for 'grep' - found /usr/bin/grep
[18:34:39] Looking for 'hmmpress' - found /home/diego/miniconda3/envs/prokka_env/bin/hmmpress
[18:34:39] Determined hmmpress version is 3.3
[18:34:39] Looking for 'hmmscan' - found /home/diego/miniconda3/envs/prokka_env/bin/hmmscan
[18:34:39] Determined hmmscan version is 3.3
[18:34:39] Looking for 'java' - found /home/diego/miniconda3/envs/prokka_env/bin/java
[18:34:39] Looking for 'less' - found /usr/bin/less
[18:34:39] Looking for 'makeblastdb' - found /home/diego/miniconda3/envs/prokka_env/bin/makeblastdb
[18:34:39] Determined makeblastdb version is 2.14
[18:34:39] Looking for 'minced' - found /home/diego/miniconda3/envs/prokka_env/bin/minced
[18:34:39] Determined minced version is 4.2
[18:34:39] Looking for 'parallel' - found /home/diego/miniconda3/envs/prokka_env/bin/parallel
[18:34:39] Determined parallel version is 20160622
[18:34:39] Looking for 'prodigal' - found /home/diego/miniconda3/envs/prokka_env/bin/prodigal
[18:34:39] Determined prodigal version is 2.6
[18:34:39] Looking for 'prokka-genbank_to_fasta_db' - found /home/diego/miniconda3/envs/prokka_env/bin/prokka-genbank_to_fasta_db
[18:34:39] Looking for 'rnammer' - found /home/diego/rnammer-1.2.src/rnammer
[18:34:39] Determined rnammer version is 1.2
[18:34:39] Looking for 'sed' - found /usr/bin/sed
[18:34:39] Looking for 'tbl2asn' - found /home/diego/miniconda3/envs/prokka_env/bin/tbl2asn
[18:34:39] Determined tbl2asn version is 25.8
[18:34:39] Using genetic code table 4.
[18:34:39] Loading and checking input file: SMPARPLA.fasta
[18:34:39] Wrote 1 contigs totalling 148136 bp.
[18:34:39] Predicting tRNAs and tmRNAs
[18:34:39] Running: aragorn -l -gc4  -w prokka_SMPARPLA\/SMPARPLA\.fna
[18:34:39] 1 tRNA-Met [9046,9123] 35 (cat)
[18:34:39] 2 tRNA-Asn c[12637,12712] 36 (gtt)
[18:34:39] 3 tRNA-Cys c[18169,18239] 33 (gca)
[18:34:39] 4 tmRNA c[21724,22077] 98,124 GKNYSLAA*
[18:34:39] 5 tRNA-Met c[22690,22765] 36 (cat)
[18:34:39] 6 tRNA-Leu [27538,27623] 36 (tag)
[18:34:39] 7 tRNA-Leu [27626,27709] 35 (caa)
[18:34:39] 8 tRNA-Ser [32780,32862] 35 (gct)
[18:34:39] 9 tRNA-Pro [32871,32945] 36 (tgg)
[18:34:39] 10 tRNA-Arg [32949,33023] 35 (tct)
[18:34:39] 11 tRNA-Ser c[38537,38624] 36 (tga)
[18:34:39] 12 tRNA-Lys [42384,42456] 34 (ttt)
[18:34:39] 13 tRNA-Asp c[42469,42542] 35 (gtc)
[18:34:39] 14 tRNA-Val c[46496,46570] 36 (tac)
[18:34:39] 15 tRNA-Leu c[60116,60202] 35 (taa)
[18:34:39] 16 tRNA-Gly c[60208,60280] 34 (gcc)
[18:34:39] 17 tRNA-Ala c[69074,69147] 35 (tgc)
[18:34:39] 18 tRNA-Ile c[69151,69224] 35 (gat)
[18:34:39] 19 tRNA-Thr [73235,73308] 35 (tgt)
[18:34:39] 20 tRNA-Tyr [73319,73400] 35 (gta)
[18:34:39] 21 tRNA-Gly [73409,73482] 35 (tcc)
[18:34:39] 22 tRNA-Thr [73489,73563] 35 (ggt)
[18:34:39] 23 tRNA-Trp [74779,74852] 35 (cca)
[18:34:39] 24 tRNA-His [86564,86639] 36 (gtg)
[18:34:39] 25 tRNA-Phe c[89321,89393] 34 (gaa)
[18:34:39] 26 tRNA-Leu c[102487,102560] 35 (gag)
[18:34:39] 27 tRNA-Met [102610,102685] 36 (cat)
[18:34:39] 28 tRNA-Glu c[112631,112702] 34 (ttc)
[18:34:39] 29 tRNA-Gln [113102,113172] 33 (ttg)
[18:34:39] 30 tRNA-Arg c[138048,138121] 35 (acg)
[18:34:39] Found 30 tRNAs
[18:34:39] Predicting Ribosomal RNAs
[18:34:39] Running Barrnap with 30 threads
[18:34:40] 1 gnl|Prokka|SMPARPLA_1 65870 5S ribosomal RNA
[18:34:40] 2 gnl|Prokka|SMPARPLA_1 66181 23S ribosomal RNA
[18:34:40] 3 gnl|Prokka|SMPARPLA_1 69249 16S ribosomal RNA
[18:34:40] Found 3 rRNAs
[18:34:40] Skipping ncRNA search, enable with --rfam if desired.
[18:34:40] Total of 32 tRNA + rRNA features
[18:34:40] Searching for CRISPR repeats
[18:34:40] Found 0 CRISPRs
[18:34:40] Predicting coding sequences
[18:34:40] Contigs total 148136 bp, so using single mode
[18:34:40] Running: prodigal -i prokka_SMPARPLA\/SMPARPLA\.fna -c -m -g 4 -p single -f sco -q
[18:34:40] Excluding CDS which overlaps existing RNA (tRNA) at gnl|Prokka|SMPARPLA_1:22326..22736 on - strand
[18:34:40] Excluding CDS which overlaps existing RNA (tRNA) at gnl|Prokka|SMPARPLA_1:32984..34474 on - strand
[18:34:40] Excluding CDS which overlaps existing RNA (tRNA) at gnl|Prokka|SMPARPLA_1:59483..60169 on + strand
[18:34:40] Excluding CDS which overlaps existing RNA (rRNA) at gnl|Prokka|SMPARPLA_1:66303..66590 on + strand
[18:34:40] Excluding CDS which overlaps existing RNA (rRNA) at gnl|Prokka|SMPARPLA_1:66790..67020 on - strand
[18:34:40] Excluding CDS which overlaps existing RNA (rRNA) at gnl|Prokka|SMPARPLA_1:67625..67768 on - strand
[18:34:40] Excluding CDS which overlaps existing RNA (tRNA) at gnl|Prokka|SMPARPLA_1:85512..86645 on + strand
[18:34:40] Excluding CDS which overlaps existing RNA (tRNA) at gnl|Prokka|SMPARPLA_1:86634..86750 on - strand
[18:34:40] Excluding CDS which overlaps existing RNA (tRNA) at gnl|Prokka|SMPARPLA_1:89393..92080 on - strand
[18:34:40] Found 142 CDS
[18:34:40] Connecting features back to sequences
[18:34:40] Not using genus-specific database. Try --usegenus to enable it.
[18:34:40] Annotating CDS, please be patient.
[18:34:40] Will use 30 CPUs for similarity searching.
[18:34:40] There are still 142 unannotated CDS left (started with 142)
[18:34:40] Will use blast to search against /home/diego/miniconda3/envs/prokka_env/bin/../db/kingdom/Bacteria/sprot with 30 CPUs
[18:34:40] Running: cat prokka_SMPARPLA\/sprot\.faa | parallel --gnu --plain -j 30 --block 713 --recstart '>' --pipe blastp -query - -db /home/diego/miniconda3/envs/prokka_env/bin/../db/kingdom/Bacteria/sprot -evalue 1e-06 -num_threads 1 -num_descriptions 1 -num_alignments 1 -seg no > prokka_SMPARPLA\/sprot\.blast 2> /dev/null
[18:34:42] Modify product: Probable ATP-dependent transporter SufC => putative ATP-dependent transporter SufC
[18:34:42] Cleaned 1 /product names
[18:34:42] Deleting unwanted file: prokka_SMPARPLA/sprot.faa
[18:34:42] Deleting unwanted file: prokka_SMPARPLA/sprot.blast
[18:34:42] There are still 23 unannotated CDS left (started with 142)
[18:34:42] Will use hmmer3 to search against /home/diego/miniconda3/envs/prokka_env/bin/../db/hmm/HAMAP.hmm with 30 CPUs
[18:34:42] Running: cat prokka_SMPARPLA\/HAMAP\.hmm\.faa | parallel --gnu --plain -j 30 --block 48 --recstart '>' --pipe hmmscan --noali --notextw --acc -E 1e-06 --cpu 1 /home/diego/miniconda3/envs/prokka_env/bin/../db/hmm/HAMAP.hmm /dev/stdin > prokka_SMPARPLA\/HAMAP\.hmm\.hmmer3 2> /dev/null
[18:34:42] Deleting unwanted file: prokka_SMPARPLA/HAMAP.hmm.faa
[18:34:42] Deleting unwanted file: prokka_SMPARPLA/HAMAP.hmm.hmmer3
[18:34:42] Labelling remaining 16 proteins as 'hypothetical protein'
[18:34:42] Possible /pseudo 'NADP-dependent malic enzyme' at gnl|Prokka|SMPARPLA_1 position 31953
[18:34:42] Possible /pseudo 'tRNA N6-adenosine threonylcarbamoyltransferase' at gnl|Prokka|SMPARPLA_1 position 118778
[18:34:42] Found 123 unique /gene codes.
[18:34:42] Fixed 2 duplicate /gene - tsaD_1 tsaD_2
[18:34:42] Fixed 2 duplicate /gene - maeB_1 maeB_2
[18:34:42] Fixed 2 colliding /gene names.
[18:34:42] Adding /locus_tag identifiers
[18:34:42] Assigned 175 locus_tags to CDS and RNA features.
[18:34:42] Writing outputs to prokka_SMPARPLA/
[18:34:42] Generating annotation statistics file
[18:34:42] Generating Genbank and Sequin files
[18:34:42] Running: tbl2asn -V b -a r10k -l paired-ends -M n -N 1 -y 'Annotated using prokka 1.13 from https://github.com/tseemann/prokka' -Z prokka_SMPARPLA\/SMPARPLA\.err -i prokka_SMPARPLA\/SMPARPLA\.fsa 2> /dev/null
[18:34:43] Deleting unwanted file: prokka_SMPARPLA/errorsummary.val
[18:34:43] Deleting unwanted file: prokka_SMPARPLA/SMPARPLA.dr
[18:34:43] Deleting unwanted file: prokka_SMPARPLA/SMPARPLA.fixedproducts
[18:34:43] Deleting unwanted file: prokka_SMPARPLA/SMPARPLA.ecn
[18:34:43] Deleting unwanted file: prokka_SMPARPLA/SMPARPLA.val
[18:34:43] Repairing broken .GBK output that tbl2asn produces...
[18:34:43] Running: sed 's/COORDINATES: profile/COORDINATES:profile/' < prokka_SMPARPLA\/SMPARPLA\.gbf > prokka_SMPARPLA\/SMPARPLA\.gbk
[18:34:43] Deleting unwanted file: prokka_SMPARPLA/SMPARPLA.gbf
[18:34:43] Output files:
[18:34:43] prokka_SMPARPLA/SMPARPLA.tbl
[18:34:43] prokka_SMPARPLA/SMPARPLA.tsv
[18:34:43] prokka_SMPARPLA/SMPARPLA.fna
[18:34:43] prokka_SMPARPLA/SMPARPLA.gff
[18:34:43] prokka_SMPARPLA/SMPARPLA.fsa
[18:34:43] prokka_SMPARPLA/SMPARPLA.sqn
[18:34:43] prokka_SMPARPLA/SMPARPLA.faa
[18:34:43] prokka_SMPARPLA/SMPARPLA.ffn
[18:34:43] prokka_SMPARPLA/SMPARPLA.log
[18:34:43] prokka_SMPARPLA/SMPARPLA.err
[18:34:43] prokka_SMPARPLA/SMPARPLA.gbk
[18:34:43] prokka_SMPARPLA/SMPARPLA.txt
[18:34:43] Annotation finished successfully.
[18:34:43] Walltime used: 0.07 minutes
[18:34:43] If you use this result please cite the Prokka paper:
[18:34:43] Seemann T (2014) Prokka: rapid prokaryotic genome annotation. Bioinformatics. 30(14):2068-9.
[18:34:43] Type 'prokka --citation' for more details.
[18:34:43] Thank you, come again.
