[20:22:55] This is prokka 1.14.6
[20:22:55] Written by Torsten Seemann <torsten.seemann@gmail.com>
[20:22:55] Homepage is https://github.com/tseemann/prokka
[20:22:55] Local time is Tue Aug  9 20:22:55 2022
[20:22:55] You are diego
[20:22:55] Operating system is linux
[20:22:55] You have BioPerl 1.007002
[20:22:55] System has 12 cores.
[20:22:55] Will use maximum of 8 cores.
[20:22:55] Annotating as >>> Bacteria <<<
[20:22:55] Enabling options to ensure Genbank/ENA/DDJB submission compliance.
[20:22:55] Creating new output folder: prokka_VFPENVAR_pseudofinder
[20:22:55] Running: mkdir -p prokka_VFPENVAR_pseudofinder
[20:22:55] Using filename prefix: VFPENVAR.XXX
[20:22:55] Setting HMMER_NCPU=1
[20:22:55] Writing log to: prokka_VFPENVAR_pseudofinder/VFPENVAR.log
[20:22:55] Command: /home/diego/miniconda3/envs/prokka_env/bin/prokka VFPENVAR.fasta --prefix VFPENVAR --locustag VFPENVAR --outdir prokka_VFPENVAR_pseudofinder -gcode 11 --compliant --rfam --cdsrnaolap --force
[20:22:55] Appending to PATH: /home/diego/miniconda3/envs/prokka_env/bin
[20:22:55] Looking for 'aragorn' - found /home/diego/miniconda3/envs/prokka_env/bin/aragorn
[20:22:55] Determined aragorn version is 001002 from 'ARAGORN v1.2.38 Dean Laslett'
[20:22:55] Looking for 'barrnap' - found /home/diego/miniconda3/envs/prokka_env/bin/barrnap
[20:22:55] Determined barrnap version is 000009 from 'barrnap 0.9'
[20:22:55] Looking for 'blastp' - found /home/diego/miniconda3/envs/prokka_env/bin/blastp
[20:22:55] Determined blastp version is 002010 from 'blastp: 2.10.1+'
[20:22:55] Looking for 'cmpress' - found /home/diego/miniconda3/envs/prokka_env/bin/cmpress
[20:22:55] Determined cmpress version is 001001 from '# INFERNAL 1.1.3 (Nov 2019)'
[20:22:55] Looking for 'cmscan' - found /home/diego/miniconda3/envs/prokka_env/bin/cmscan
[20:22:55] Determined cmscan version is 001001 from '# INFERNAL 1.1.3 (Nov 2019)'
[20:22:55] Looking for 'egrep' - found /usr/bin/egrep
[20:22:55] Looking for 'find' - found /usr/bin/find
[20:22:55] Looking for 'grep' - found /usr/bin/grep
[20:22:55] Looking for 'hmmpress' - found /home/diego/miniconda3/envs/prokka_env/bin/hmmpress
[20:22:55] Determined hmmpress version is 003003 from '# HMMER 3.3.2 (Nov 2020); http://hmmer.org/'
[20:22:55] Looking for 'hmmscan' - found /home/diego/miniconda3/envs/prokka_env/bin/hmmscan
[20:22:55] Determined hmmscan version is 003003 from '# HMMER 3.3.2 (Nov 2020); http://hmmer.org/'
[20:22:55] Looking for 'java' - found /home/diego/miniconda3/envs/prokka_env/bin/java
[20:22:55] Looking for 'makeblastdb' - found /home/diego/miniconda3/envs/prokka_env/bin/makeblastdb
[20:22:55] Determined makeblastdb version is 002010 from 'makeblastdb: 2.10.1+'
[20:22:55] Looking for 'minced' - found /home/diego/miniconda3/envs/prokka_env/bin/minced
[20:22:55] Determined minced version is 004002 from 'minced 0.4.2'
[20:22:55] Looking for 'parallel' - found /home/diego/miniconda3/envs/prokka_env/bin/parallel
[20:22:55] Determined parallel version is 20201122 from 'GNU parallel 20201122'
[20:22:55] Looking for 'prodigal' - found /home/diego/miniconda3/envs/prokka_env/bin/prodigal
[20:22:55] Determined prodigal version is 002006 from 'Prodigal V2.6.3: February, 2016'
[20:22:55] Looking for 'prokka-genbank_to_fasta_db' - found /home/diego/miniconda3/envs/prokka_env/bin/prokka-genbank_to_fasta_db
[20:22:55] Looking for 'rnammer' - found /home/diego/rnammer-1.2.src/rnammer
[20:22:55] Determined rnammer version is 001002 from 'This rnammer 1.2, running from '/home/diego/rnammer-1.2.src/''
[20:22:55] Looking for 'sed' - found /usr/bin/sed
[20:22:55] Looking for 'tbl2asn' - found /home/diego/tbl2asn
[20:22:55] Determined tbl2asn version is 025008 from 'tbl2asn 25.8   arguments:'
[20:22:55] Using genetic code table 11.
[20:22:55] Loading and checking input file: VFPENVAR.fasta
[20:22:55] Wrote 1 contigs totalling 131963 bp.
[20:22:55] Predicting tRNAs and tmRNAs
[20:22:55] Running: aragorn -l -gc11  -w prokka_VFPENVAR_pseudofinder\/VFPENVAR\.fna
[20:22:55] 1 tRNA-Trp [1186,1258] 34 (cca)
[20:22:55] 2 tRNA-Phe [14286,14358] 34 (gaa)
[20:22:55] 3 tRNA-Gln [20828,20901] 34 (ttg)
[20:22:55] 4 tRNA-Ser [29116,29200] 36 (gct)
[20:22:55] 5 tRNA-Leu [56712,56794] 36 (aag)
[20:22:55] 6 tRNA-Leu [56795,56884] 35 (tag)
[20:22:55] 7 tRNA-Ser [56885,56971] 35 (aga)
[20:22:55] 8 tRNA-Asn c[61638,61709] 33 (gtt)
[20:22:55] 9 tRNA-Cys c[62326,62397] 33 (gca)
[20:22:55] 10 tRNA-Gly c[62397,62469] 34 (gcc)
[20:22:55] 11 tRNA-Val [69341,69412] 33 (tac)
[20:22:55] 12 tRNA-Leu c[72233,72316] 37 (caa)
[20:22:55] 13 tRNA-Ser c[72320,72402] 35 (tga)
[20:22:55] 14 tRNA-Arg [72405,72478] 35 (acg)
[20:22:55] 15 tRNA-Thr [78366,78438] 34 (tgt)
[20:22:55] 16 tRNA-His [78454,78526] 34 (gtg)
[20:22:55] 17 tRNA-Lys c[79399,79472] 35 (ttt)
[20:22:55] 18 tRNA-Val c[80424,80497] 34 (aac)
[20:22:55] 19 tRNA-Arg c[81560,81631] 33 (tct)
[20:22:55] 20 tRNA-Met c[81760,81832] 34 (cat)
[20:22:55] 21 tRNA-Pro [81867,81940] 34 (tgg)
[20:22:55] 22 tRNA-Asp c[90966,91041] 36 (gtc)
[20:22:55] 23 tRNA-Glu c[91041,91113] 34 (ttc)
[20:22:55] 24 tRNA-Ala c[113348,113419] 33 (tgc)
[20:22:55] 25 tRNA-Ile c[117674,117747] 34 (gat)
[20:22:55] 26 tRNA-Met [131721,131792] 34 (cat)
[20:22:55] 27 tRNA-Tyr [131793,131878] 36 (gta)
[20:22:55] 28 tRNA-Gly [131881,131951] 33 (tcc)
[20:22:55] Found 28 tRNAs
[20:22:55] Predicting Ribosomal RNAs
[20:22:55] Running Barrnap with 8 threads
[20:22:56] 1 gnl|Prokka|VFPENVAR_1 114831 23S ribosomal RNA
[20:22:56] 2 gnl|Prokka|VFPENVAR_1 117760 16S ribosomal RNA
[20:22:56] Found 2 rRNAs
[20:22:56] Scanning for ncRNAs... please be patient.
[20:22:56] Running: cmscan -Z 0.263926 --cut_ga --rfam --nohmmonly --fmt 2 --cpu 8 --tblout /dev/stdout -o /dev/null --noali /home/diego/miniconda3/envs/prokka_env/db/cm/Bacteria prokka_VFPENVAR_pseudofinder\/VFPENVAR\.fna
[20:23:02] Found 0 ncRNAs.
[20:23:02] Total of 30 tRNA + rRNA features
[20:23:02] Searching for CRISPR repeats
[20:23:02] Found 0 CRISPRs
[20:23:02] Predicting coding sequences
[20:23:02] Contigs total 131963 bp, so using single mode
[20:23:02] Running: prodigal -i prokka_VFPENVAR_pseudofinder\/VFPENVAR\.fna -c -m -g 11 -p single -f sco -q
[20:23:02] Found 150 CDS
[20:23:02] Connecting features back to sequences
[20:23:02] Not using genus-specific database. Try --usegenus to enable it.
[20:23:02] Annotating CDS, please be patient.
[20:23:02] Will use 8 CPUs for similarity searching.
[20:23:02] There are still 150 unannotated CDS left (started with 150)
[20:23:02] Will use blast to search against /home/diego/miniconda3/envs/prokka_env/db/kingdom/Bacteria/IS with 8 CPUs
[20:23:02] Running: cat prokka_VFPENVAR_pseudofinder\/VFPENVAR\.IS\.tmp\.211764\.faa | parallel --gnu --plain -j 8 --block 2516 --recstart '>' --pipe blastp -query - -db /home/diego/miniconda3/envs/prokka_env/db/kingdom/Bacteria/IS -evalue 1e-30 -qcov_hsp_perc 90 -num_threads 1 -num_descriptions 1 -num_alignments 1 -seg no > prokka_VFPENVAR_pseudofinder\/VFPENVAR\.IS\.tmp\.211764\.blast 2> /dev/null
[20:23:03] Deleting unwanted file: prokka_VFPENVAR_pseudofinder/VFPENVAR.IS.tmp.211764.faa
[20:23:03] Deleting unwanted file: prokka_VFPENVAR_pseudofinder/VFPENVAR.IS.tmp.211764.blast
[20:23:03] There are still 150 unannotated CDS left (started with 150)
[20:23:03] Will use blast to search against /home/diego/miniconda3/envs/prokka_env/db/kingdom/Bacteria/AMR with 8 CPUs
[20:23:03] Running: cat prokka_VFPENVAR_pseudofinder\/VFPENVAR\.AMR\.tmp\.211764\.faa | parallel --gnu --plain -j 8 --block 2516 --recstart '>' --pipe blastp -query - -db /home/diego/miniconda3/envs/prokka_env/db/kingdom/Bacteria/AMR -evalue 9.99999999999999e-301 -qcov_hsp_perc 90 -num_threads 1 -num_descriptions 1 -num_alignments 1 -seg no > prokka_VFPENVAR_pseudofinder\/VFPENVAR\.AMR\.tmp\.211764\.blast 2> /dev/null
[20:23:04] Deleting unwanted file: prokka_VFPENVAR_pseudofinder/VFPENVAR.AMR.tmp.211764.faa
[20:23:04] Deleting unwanted file: prokka_VFPENVAR_pseudofinder/VFPENVAR.AMR.tmp.211764.blast
[20:23:04] There are still 150 unannotated CDS left (started with 150)
[20:23:04] Will use blast to search against /home/diego/miniconda3/envs/prokka_env/db/kingdom/Bacteria/sprot with 8 CPUs
[20:23:04] Running: cat prokka_VFPENVAR_pseudofinder\/VFPENVAR\.sprot\.tmp\.211764\.faa | parallel --gnu --plain -j 8 --block 2516 --recstart '>' --pipe blastp -query - -db /home/diego/miniconda3/envs/prokka_env/db/kingdom/Bacteria/sprot -evalue 1e-09 -qcov_hsp_perc 80 -num_threads 1 -num_descriptions 1 -num_alignments 1 -seg no > prokka_VFPENVAR_pseudofinder\/VFPENVAR\.sprot\.tmp\.211764\.blast 2> /dev/null
[20:23:06] Deleting unwanted file: prokka_VFPENVAR_pseudofinder/VFPENVAR.sprot.tmp.211764.faa
[20:23:06] Deleting unwanted file: prokka_VFPENVAR_pseudofinder/VFPENVAR.sprot.tmp.211764.blast
[20:23:06] There are still 67 unannotated CDS left (started with 150)
[20:23:06] Will use hmmer3 to search against /home/diego/miniconda3/envs/prokka_env/db/hmm/HAMAP.hmm with 8 CPUs
[20:23:06] Running: cat prokka_VFPENVAR_pseudofinder\/VFPENVAR\.HAMAP\.hmm\.tmp\.211764\.faa | parallel --gnu --plain -j 8 --block 810 --recstart '>' --pipe hmmscan --noali --notextw --acc -E 1e-09 --cpu 1 /home/diego/miniconda3/envs/prokka_env/db/hmm/HAMAP.hmm /dev/stdin > prokka_VFPENVAR_pseudofinder\/VFPENVAR\.HAMAP\.hmm\.tmp\.211764\.hmmer3 2> /dev/null
[20:23:07] Deleting unwanted file: prokka_VFPENVAR_pseudofinder/VFPENVAR.HAMAP.hmm.tmp.211764.faa
[20:23:07] Deleting unwanted file: prokka_VFPENVAR_pseudofinder/VFPENVAR.HAMAP.hmm.tmp.211764.hmmer3
[20:23:07] Labelling remaining 54 proteins as 'hypothetical protein'
[20:23:07] Possible /pseudo 'Lysine--tRNA ligase' at gnl|Prokka|VFPENVAR_1 position 24488
[20:23:07] Found 95 unique /gene codes.
[20:23:07] Fixed 2 duplicate /gene - lysS_1 lysS_2
[20:23:07] Fixed 1 colliding /gene names.
[20:23:07] Adding /locus_tag identifiers
[20:23:07] Assigned 180 locus_tags to CDS and RNA features.
[20:23:07] Writing outputs to prokka_VFPENVAR_pseudofinder/
[20:23:07] Generating annotation statistics file
[20:23:07] Generating Genbank and Sequin files
[20:23:07] Running: tbl2asn -V b -a r10k -l paired-ends -M n -N 1 -y 'Annotated using prokka 1.14.6 from https://github.com/tseemann/prokka' -Z prokka_VFPENVAR_pseudofinder\/VFPENVAR\.err -i prokka_VFPENVAR_pseudofinder\/VFPENVAR\.fsa 2> /dev/null
[20:23:08] Deleting unwanted file: prokka_VFPENVAR_pseudofinder/errorsummary.val
[20:23:08] Deleting unwanted file: prokka_VFPENVAR_pseudofinder/VFPENVAR.dr
[20:23:08] Deleting unwanted file: prokka_VFPENVAR_pseudofinder/VFPENVAR.fixedproducts
[20:23:08] Deleting unwanted file: prokka_VFPENVAR_pseudofinder/VFPENVAR.ecn
[20:23:08] Deleting unwanted file: prokka_VFPENVAR_pseudofinder/VFPENVAR.val
[20:23:08] Repairing broken .GBK output that tbl2asn produces...
[20:23:08] Running: sed 's/COORDINATES: profile/COORDINATES:profile/' < prokka_VFPENVAR_pseudofinder\/VFPENVAR\.gbf > prokka_VFPENVAR_pseudofinder\/VFPENVAR\.gbk
[20:23:08] Deleting unwanted file: prokka_VFPENVAR_pseudofinder/VFPENVAR.gbf
[20:23:08] Output files:
[20:23:08] prokka_VFPENVAR_pseudofinder/VFPENVAR.log
[20:23:08] prokka_VFPENVAR_pseudofinder/VFPENVAR.faa
[20:23:08] prokka_VFPENVAR_pseudofinder/VFPENVAR.fna
[20:23:08] prokka_VFPENVAR_pseudofinder/VFPENVAR.ffn
[20:23:08] prokka_VFPENVAR_pseudofinder/VFPENVAR.sqn
[20:23:08] prokka_VFPENVAR_pseudofinder/VFPENVAR.gff
[20:23:08] prokka_VFPENVAR_pseudofinder/VFPENVAR.err
[20:23:08] prokka_VFPENVAR_pseudofinder/VFPENVAR.tsv
[20:23:08] prokka_VFPENVAR_pseudofinder/VFPENVAR.fsa
[20:23:08] prokka_VFPENVAR_pseudofinder/VFPENVAR.tbl
[20:23:08] prokka_VFPENVAR_pseudofinder/VFPENVAR.gbk
[20:23:08] prokka_VFPENVAR_pseudofinder/VFPENVAR.txt
[20:23:08] Annotation finished successfully.
[20:23:08] Walltime used: 0.22 minutes
[20:23:08] If you use this result please cite the Prokka paper:
[20:23:08] Seemann T (2014) Prokka: rapid prokaryotic genome annotation. Bioinformatics. 30(14):2068-9.
[20:23:08] Type 'prokka --citation' for more details.
[20:23:08] Share and enjoy!
