Discrepancy Report Results

Summary
FATAL: MISSING_PROTEIN_ID:125 proteins have invalid IDs.
DISC_SOURCE_QUALS_ASNDISC:strain (all present, all unique)
DISC_SOURCE_QUALS_ASNDISC:taxname (all present, all unique)
DISC_FEATURE_COUNT:CDS: 125 present
DISC_FEATURE_COUNT:tRNA: 26 present
DISC_FEATURE_COUNT:rRNA: 2 present
DISC_FEATURE_COUNT:tmRNA: 1 present
DISC_COUNT_NUCLEOTIDES:1 nucleotide Bioseqs are present
FEATURE_LOCATION_CONFLICT:154 features have inconsistent gene locations.
RNA_CDS_OVERLAP:1 coding regions overlap RNA features
DISC_QUALITY_SCORES:Quality scores are missing on all sequences.
ONCALLER_COMMENT_PRESENT:1 comment descriptors were found (all same)
SHORT_PROT_SEQUENCES:3 protein sequences are shorter than 50 aa.
MISSING_GENOMEASSEMBLY_COMMENTS:1 bioseqs are missing GenomeAssembly structured comments
MOLTYPE_NOT_MRNA:1 molecule types are not set as mRNA.
TECHNIQUE_NOT_TSA:1 technique are not set as TSA
MISSING_STRUCTURED_COMMENT:1 sequences do not include structured comments.
MISSING_PROJECT:126 sequences do not include project.
DISC_INCONSISTENT_MOLINFO_TECH:Molinfo Technique Report (some missing, all same)


Detailed Report

FATAL: DiscRep_ALL:MISSING_PROTEIN_ID::125 proteins have invalid IDs.
prokka_VFRANSCY/VFRANSCY:VFRANSCY_1 (length 395)
prokka_VFRANSCY/VFRANSCY:VFRANSCY_2 (length 137)
prokka_VFRANSCY/VFRANSCY:VFRANSCY_3 (length 202)
prokka_VFRANSCY/VFRANSCY:VFRANSCY_4 (length 150)
prokka_VFRANSCY/VFRANSCY:VFRANSCY_5 (length 115)
prokka_VFRANSCY/VFRANSCY:VFRANSCY_6 (length 1253)
prokka_VFRANSCY/VFRANSCY:VFRANSCY_7 (length 1295)
prokka_VFRANSCY/VFRANSCY:VFRANSCY_8 (length 130)
prokka_VFRANSCY/VFRANSCY:VFRANSCY_9 (length 157)
prokka_VFRANSCY/VFRANSCY:VFRANSCY_10 (length 688)
prokka_VFRANSCY/VFRANSCY:VFRANSCY_11 (length 102)
prokka_VFRANSCY/VFRANSCY:VFRANSCY_12 (length 125)
prokka_VFRANSCY/VFRANSCY:VFRANSCY_13 (length 156)
prokka_VFRANSCY/VFRANSCY:VFRANSCY_14 (length 363)
prokka_VFRANSCY/VFRANSCY:VFRANSCY_15 (length 129)
prokka_VFRANSCY/VFRANSCY:VFRANSCY_16 (length 98)
prokka_VFRANSCY/VFRANSCY:VFRANSCY_17 (length 265)
prokka_VFRANSCY/VFRANSCY:VFRANSCY_18 (length 181)
prokka_VFRANSCY/VFRANSCY:VFRANSCY_19 (length 169)
prokka_VFRANSCY/VFRANSCY:VFRANSCY_20 (length 181)
prokka_VFRANSCY/VFRANSCY:VFRANSCY_21 (length 375)
prokka_VFRANSCY/VFRANSCY:VFRANSCY_22 (length 423)
prokka_VFRANSCY/VFRANSCY:VFRANSCY_23 (length 232)
prokka_VFRANSCY/VFRANSCY:VFRANSCY_24 (length 280)
prokka_VFRANSCY/VFRANSCY:VFRANSCY_25 (length 308)
prokka_VFRANSCY/VFRANSCY:VFRANSCY_26 (length 390)
prokka_VFRANSCY/VFRANSCY:VFRANSCY_27 (length 736)
prokka_VFRANSCY/VFRANSCY:VFRANSCY_28 (length 48)
prokka_VFRANSCY/VFRANSCY:VFRANSCY_29 (length 54)
prokka_VFRANSCY/VFRANSCY:VFRANSCY_30 (length 730)
prokka_VFRANSCY/VFRANSCY:VFRANSCY_31 (length 233)
prokka_VFRANSCY/VFRANSCY:VFRANSCY_32 (length 387)
prokka_VFRANSCY/VFRANSCY:VFRANSCY_33 (length 287)
prokka_VFRANSCY/VFRANSCY:VFRANSCY_34 (length 245)
prokka_VFRANSCY/VFRANSCY:VFRANSCY_35 (length 344)
prokka_VFRANSCY/VFRANSCY:VFRANSCY_36 (length 187)
prokka_VFRANSCY/VFRANSCY:VFRANSCY_37 (length 405)
prokka_VFRANSCY/VFRANSCY:VFRANSCY_38 (length 460)
prokka_VFRANSCY/VFRANSCY:VFRANSCY_39 (length 35)
prokka_VFRANSCY/VFRANSCY:VFRANSCY_40 (length 463)
prokka_VFRANSCY/VFRANSCY:VFRANSCY_41 (length 321)
prokka_VFRANSCY/VFRANSCY:VFRANSCY_42 (length 475)
prokka_VFRANSCY/VFRANSCY:VFRANSCY_43 (length 1007)
prokka_VFRANSCY/VFRANSCY:VFRANSCY_44 (length 346)
prokka_VFRANSCY/VFRANSCY:VFRANSCY_45 (length 212)
prokka_VFRANSCY/VFRANSCY:VFRANSCY_46 (length 383)
prokka_VFRANSCY/VFRANSCY:VFRANSCY_47 (length 236)
prokka_VFRANSCY/VFRANSCY:VFRANSCY_48 (length 87)
prokka_VFRANSCY/VFRANSCY:VFRANSCY_49 (length 77)
prokka_VFRANSCY/VFRANSCY:VFRANSCY_50 (length 183)
prokka_VFRANSCY/VFRANSCY:VFRANSCY_51 (length 350)
prokka_VFRANSCY/VFRANSCY:VFRANSCY_52 (length 1034)
prokka_VFRANSCY/VFRANSCY:VFRANSCY_53 (length 184)
prokka_VFRANSCY/VFRANSCY:VFRANSCY_54 (length 199)
prokka_VFRANSCY/VFRANSCY:VFRANSCY_55 (length 390)
prokka_VFRANSCY/VFRANSCY:VFRANSCY_56 (length 248)
prokka_VFRANSCY/VFRANSCY:VFRANSCY_57 (length 194)
prokka_VFRANSCY/VFRANSCY:VFRANSCY_58 (length 422)
prokka_VFRANSCY/VFRANSCY:VFRANSCY_59 (length 334)
prokka_VFRANSCY/VFRANSCY:VFRANSCY_60 (length 193)
prokka_VFRANSCY/VFRANSCY:VFRANSCY_61 (length 194)
prokka_VFRANSCY/VFRANSCY:VFRANSCY_62 (length 232)
prokka_VFRANSCY/VFRANSCY:VFRANSCY_63 (length 247)
prokka_VFRANSCY/VFRANSCY:VFRANSCY_64 (length 101)
prokka_VFRANSCY/VFRANSCY:VFRANSCY_65 (length 51)
prokka_VFRANSCY/VFRANSCY:VFRANSCY_66 (length 80)
prokka_VFRANSCY/VFRANSCY:VFRANSCY_67 (length 164)
prokka_VFRANSCY/VFRANSCY:VFRANSCY_68 (length 341)
prokka_VFRANSCY/VFRANSCY:VFRANSCY_69 (length 346)
prokka_VFRANSCY/VFRANSCY:VFRANSCY_70 (length 258)
prokka_VFRANSCY/VFRANSCY:VFRANSCY_71 (length 359)
prokka_VFRANSCY/VFRANSCY:VFRANSCY_72 (length 454)
prokka_VFRANSCY/VFRANSCY:VFRANSCY_73 (length 396)
prokka_VFRANSCY/VFRANSCY:VFRANSCY_74 (length 425)
prokka_VFRANSCY/VFRANSCY:VFRANSCY_75 (length 60)
prokka_VFRANSCY/VFRANSCY:VFRANSCY_76 (length 100)
prokka_VFRANSCY/VFRANSCY:VFRANSCY_77 (length 441)
prokka_VFRANSCY/VFRANSCY:VFRANSCY_78 (length 606)
prokka_VFRANSCY/VFRANSCY:VFRANSCY_79 (length 85)
prokka_VFRANSCY/VFRANSCY:VFRANSCY_80 (length 532)
prokka_VFRANSCY/VFRANSCY:VFRANSCY_81 (length 427)
prokka_VFRANSCY/VFRANSCY:VFRANSCY_82 (length 354)
prokka_VFRANSCY/VFRANSCY:VFRANSCY_83 (length 362)
prokka_VFRANSCY/VFRANSCY:VFRANSCY_84 (length 214)
prokka_VFRANSCY/VFRANSCY:VFRANSCY_85 (length 340)
prokka_VFRANSCY/VFRANSCY:VFRANSCY_86 (length 605)
prokka_VFRANSCY/VFRANSCY:VFRANSCY_87 (length 142)
prokka_VFRANSCY/VFRANSCY:VFRANSCY_88 (length 324)
prokka_VFRANSCY/VFRANSCY:VFRANSCY_89 (length 334)
prokka_VFRANSCY/VFRANSCY:VFRANSCY_90 (length 169)
prokka_VFRANSCY/VFRANSCY:VFRANSCY_91 (length 731)
prokka_VFRANSCY/VFRANSCY:VFRANSCY_92 (length 216)
prokka_VFRANSCY/VFRANSCY:VFRANSCY_93 (length 406)
prokka_VFRANSCY/VFRANSCY:VFRANSCY_94 (length 239)
prokka_VFRANSCY/VFRANSCY:VFRANSCY_95 (length 143)
prokka_VFRANSCY/VFRANSCY:VFRANSCY_96 (length 78)
prokka_VFRANSCY/VFRANSCY:VFRANSCY_97 (length 101)
prokka_VFRANSCY/VFRANSCY:VFRANSCY_98 (length 257)
prokka_VFRANSCY/VFRANSCY:VFRANSCY_99 (length 413)
prokka_VFRANSCY/VFRANSCY:VFRANSCY_100 (length 152)
prokka_VFRANSCY/VFRANSCY:VFRANSCY_101 (length 202)
prokka_VFRANSCY/VFRANSCY:VFRANSCY_102 (length 71)
prokka_VFRANSCY/VFRANSCY:VFRANSCY_103 (length 270)
prokka_VFRANSCY/VFRANSCY:VFRANSCY_104 (length 85)
prokka_VFRANSCY/VFRANSCY:VFRANSCY_105 (length 106)
prokka_VFRANSCY/VFRANSCY:VFRANSCY_106 (length 199)
prokka_VFRANSCY/VFRANSCY:VFRANSCY_107 (length 132)
prokka_VFRANSCY/VFRANSCY:VFRANSCY_108 (length 76)
prokka_VFRANSCY/VFRANSCY:VFRANSCY_109 (length 129)
prokka_VFRANSCY/VFRANSCY:VFRANSCY_110 (length 177)
prokka_VFRANSCY/VFRANSCY:VFRANSCY_111 (length 92)
prokka_VFRANSCY/VFRANSCY:VFRANSCY_112 (length 127)
prokka_VFRANSCY/VFRANSCY:VFRANSCY_113 (length 175)
prokka_VFRANSCY/VFRANSCY:VFRANSCY_114 (length 110)
prokka_VFRANSCY/VFRANSCY:VFRANSCY_115 (length 145)
prokka_VFRANSCY/VFRANSCY:VFRANSCY_116 (length 115)
prokka_VFRANSCY/VFRANSCY:VFRANSCY_117 (length 71)
prokka_VFRANSCY/VFRANSCY:VFRANSCY_118 (length 37)
prokka_VFRANSCY/VFRANSCY:VFRANSCY_119 (length 113)
prokka_VFRANSCY/VFRANSCY:VFRANSCY_120 (length 115)
prokka_VFRANSCY/VFRANSCY:VFRANSCY_121 (length 175)
prokka_VFRANSCY/VFRANSCY:VFRANSCY_122 (length 286)
prokka_VFRANSCY/VFRANSCY:VFRANSCY_123 (length 112)
prokka_VFRANSCY/VFRANSCY:VFRANSCY_124 (length 367)
prokka_VFRANSCY/VFRANSCY:VFRANSCY_125 (length 112)

DiscRep_ALL:DISC_SOURCE_QUALS_ASNDISC::strain (all present, all unique)
DiscRep_SUB:DISC_SOURCE_QUALS_ASNDISC::1 sources have unique values for strain
DiscRep_ALL:DISC_SOURCE_QUALS_ASNDISC::taxname (all present, all unique)
DiscRep_SUB:DISC_SOURCE_QUALS_ASNDISC::1 sources have unique values for taxname
DiscRep_ALL:DISC_FEATURE_COUNT::CDS: 125 present
DiscRep_ALL:DISC_FEATURE_COUNT::tRNA: 26 present
DiscRep_ALL:DISC_FEATURE_COUNT::rRNA: 2 present
DiscRep_ALL:DISC_FEATURE_COUNT::tmRNA: 1 present
DiscRep_ALL:DISC_COUNT_NUCLEOTIDES::1 nucleotide Bioseqs are present
prokka_VFRANSCY/VFRANSCY:VFRANSCY (length 125763)

DiscRep_ALL:FEATURE_LOCATION_CONFLICT::154 features have inconsistent gene locations.
DiscRep_SUB:FEATURE_LOCATION_CONFLICT::Coding region xref gene does not exist
prokka_VFRANSCY/VFRANSCY:CDS	Elongation factor Tu	VFRANSCY:1-1188	VFRANSCY_00001

DiscRep_SUB:FEATURE_LOCATION_CONFLICT::Coding region xref gene does not exist
prokka_VFRANSCY/VFRANSCY:CDS	50S ribosomal protein L11	VFRANSCY:1266-1679	VFRANSCY_00002

DiscRep_SUB:FEATURE_LOCATION_CONFLICT::Coding region xref gene does not exist
prokka_VFRANSCY/VFRANSCY:CDS	hypothetical protein	VFRANSCY:1682-2290	VFRANSCY_00003

DiscRep_SUB:FEATURE_LOCATION_CONFLICT::Coding region xref gene does not exist
prokka_VFRANSCY/VFRANSCY:CDS	hypothetical protein	VFRANSCY:2287-2739	VFRANSCY_00004

DiscRep_SUB:FEATURE_LOCATION_CONFLICT::Coding region xref gene does not exist
prokka_VFRANSCY/VFRANSCY:CDS	50S ribosomal protein L7/L12	VFRANSCY:2717-3064	VFRANSCY_00005

DiscRep_SUB:FEATURE_LOCATION_CONFLICT::Coding region xref gene does not exist
prokka_VFRANSCY/VFRANSCY:CDS	DNA-directed RNA polymerase subunit beta	VFRANSCY:3073-6834	VFRANSCY_00006

DiscRep_SUB:FEATURE_LOCATION_CONFLICT::Coding region xref gene does not exist
prokka_VFRANSCY/VFRANSCY:CDS	DNA-directed RNA polymerase subunit beta'	VFRANSCY:6831-10718	VFRANSCY_00007

DiscRep_SUB:FEATURE_LOCATION_CONFLICT::Coding region xref gene does not exist
prokka_VFRANSCY/VFRANSCY:CDS	30S ribosomal protein S12	VFRANSCY:10715-11107	VFRANSCY_00008

DiscRep_SUB:FEATURE_LOCATION_CONFLICT::Coding region xref gene does not exist
prokka_VFRANSCY/VFRANSCY:CDS	30S ribosomal protein S7	VFRANSCY:11082-11555	VFRANSCY_00009

DiscRep_SUB:FEATURE_LOCATION_CONFLICT::Coding region xref gene does not exist
prokka_VFRANSCY/VFRANSCY:CDS	Elongation factor G	VFRANSCY:11555-13621	VFRANSCY_00010

DiscRep_SUB:FEATURE_LOCATION_CONFLICT::Coding region xref gene does not exist
prokka_VFRANSCY/VFRANSCY:CDS	hypothetical protein	VFRANSCY:13618-13926	VFRANSCY_00011

DiscRep_SUB:FEATURE_LOCATION_CONFLICT::Coding region xref gene does not exist
prokka_VFRANSCY/VFRANSCY:CDS	hypothetical protein	VFRANSCY:14422-14799	VFRANSCY_00013

DiscRep_SUB:FEATURE_LOCATION_CONFLICT::Coding region xref gene does not exist
prokka_VFRANSCY/VFRANSCY:CDS	Ribosomal RNA small subunit methyltransferase A	VFRANSCY:c15243-14773	VFRANSCY_00014

DiscRep_SUB:FEATURE_LOCATION_CONFLICT::Coding region xref gene does not exist
prokka_VFRANSCY/VFRANSCY:CDS	hypothetical protein	VFRANSCY:c16556-15465	VFRANSCY_00015

DiscRep_SUB:FEATURE_LOCATION_CONFLICT::Coding region xref gene does not exist
prokka_VFRANSCY/VFRANSCY:CDS	30S ribosomal protein S9	VFRANSCY:c16942-16553	VFRANSCY_00016

DiscRep_SUB:FEATURE_LOCATION_CONFLICT::Coding region xref gene does not exist
prokka_VFRANSCY/VFRANSCY:CDS	hypothetical protein	VFRANSCY:c17238-16942	VFRANSCY_00017

DiscRep_SUB:FEATURE_LOCATION_CONFLICT::Coding region xref gene does not exist
prokka_VFRANSCY/VFRANSCY:CDS	Diaminopimelate epimerase	VFRANSCY:c18032-17235	VFRANSCY_00018

DiscRep_SUB:FEATURE_LOCATION_CONFLICT::Coding region xref gene does not exist
prokka_VFRANSCY/VFRANSCY:CDS	hypothetical protein	VFRANSCY:c18579-18034	VFRANSCY_00019

DiscRep_SUB:FEATURE_LOCATION_CONFLICT::Coding region xref gene does not exist
prokka_VFRANSCY/VFRANSCY:CDS	hypothetical protein	VFRANSCY:19756-20265	VFRANSCY_00021

DiscRep_SUB:FEATURE_LOCATION_CONFLICT::Coding region xref gene does not exist
prokka_VFRANSCY/VFRANSCY:CDS	Ribosomal RNA small subunit methyltransferase D	VFRANSCY:c20811-20266	VFRANSCY_00022

DiscRep_SUB:FEATURE_LOCATION_CONFLICT::Coding region xref gene does not exist
prokka_VFRANSCY/VFRANSCY:CDS	Cysteine desulfurase IscS	VFRANSCY:21129-22256	VFRANSCY_00023

DiscRep_SUB:FEATURE_LOCATION_CONFLICT::Coding region xref gene does not exist
prokka_VFRANSCY/VFRANSCY:CDS	Lysine--tRNA ligase	VFRANSCY:c23524-22253	VFRANSCY_00024

DiscRep_SUB:FEATURE_LOCATION_CONFLICT::Coding region xref gene does not exist
prokka_VFRANSCY/VFRANSCY:CDS	Peptide chain release factor RF2	VFRANSCY:c24219-23521	VFRANSCY_00025

DiscRep_SUB:FEATURE_LOCATION_CONFLICT::Coding region xref gene does not exist
prokka_VFRANSCY/VFRANSCY:CDS	4-hydroxy-tetrahydrodipicolinate synthase	VFRANSCY:c25063-24221	VFRANSCY_00026

DiscRep_SUB:FEATURE_LOCATION_CONFLICT::Coding region xref gene does not exist
prokka_VFRANSCY/VFRANSCY:CDS	tRNA(Ile)-lysidine synthase	VFRANSCY:25107-26033	VFRANSCY_00027

DiscRep_SUB:FEATURE_LOCATION_CONFLICT::Coding region xref gene does not exist
prokka_VFRANSCY/VFRANSCY:CDS	Aspartate kinase	VFRANSCY:26030-27202	VFRANSCY_00028

DiscRep_SUB:FEATURE_LOCATION_CONFLICT::Coding region xref gene does not exist
prokka_VFRANSCY/VFRANSCY:CDS	hypothetical protein	VFRANSCY:c29752-27542	VFRANSCY_00030

DiscRep_SUB:FEATURE_LOCATION_CONFLICT::Coding region xref gene does not exist
prokka_VFRANSCY/VFRANSCY:CDS	hypothetical protein	VFRANSCY:c29900-29754	VFRANSCY_00031

DiscRep_SUB:FEATURE_LOCATION_CONFLICT::Coding region xref gene does not exist
prokka_VFRANSCY/VFRANSCY:CDS	hypothetical protein	VFRANSCY:c30070-29906	VFRANSCY_00032

DiscRep_SUB:FEATURE_LOCATION_CONFLICT::Coding region xref gene does not exist
prokka_VFRANSCY/VFRANSCY:CDS	5-methyltetrahydropteroyltriglutamate--homocysteine methyltransferase	VFRANSCY:30080-32272	VFRANSCY_00033

DiscRep_SUB:FEATURE_LOCATION_CONFLICT::Coding region xref gene does not exist
prokka_VFRANSCY/VFRANSCY:CDS	hypothetical protein	VFRANSCY:32521-33222	VFRANSCY_00035

DiscRep_SUB:FEATURE_LOCATION_CONFLICT::Coding region xref gene does not exist
prokka_VFRANSCY/VFRANSCY:CDS	Cystathionine beta-lyase	VFRANSCY:33225-34388	VFRANSCY_00036

DiscRep_SUB:FEATURE_LOCATION_CONFLICT::Coding region xref gene does not exist
prokka_VFRANSCY/VFRANSCY:CDS	Peptide chain release factor 1	VFRANSCY:c35241-34378	VFRANSCY_00037

DiscRep_SUB:FEATURE_LOCATION_CONFLICT::Coding region xref gene does not exist
prokka_VFRANSCY/VFRANSCY:CDS	Indole-3-glycerol phosphate synthase	VFRANSCY:c35990-35253	VFRANSCY_00038

DiscRep_SUB:FEATURE_LOCATION_CONFLICT::Coding region xref gene does not exist
prokka_VFRANSCY/VFRANSCY:CDS	Anthranilate phosphoribosyltransferase	VFRANSCY:c37002-35968	VFRANSCY_00039

DiscRep_SUB:FEATURE_LOCATION_CONFLICT::Coding region xref gene does not exist
prokka_VFRANSCY/VFRANSCY:CDS	Aminodeoxychorismate/anthranilate synthase component 2	VFRANSCY:c37552-36989	VFRANSCY_00040

DiscRep_SUB:FEATURE_LOCATION_CONFLICT::Coding region xref gene does not exist
prokka_VFRANSCY/VFRANSCY:CDS	Isochorismate synthase MenF	VFRANSCY:c38766-37549	VFRANSCY_00041

DiscRep_SUB:FEATURE_LOCATION_CONFLICT::Coding region xref gene does not exist
prokka_VFRANSCY/VFRANSCY:CDS	Argininosuccinate lyase	VFRANSCY:c40151-38769	VFRANSCY_00042

DiscRep_SUB:FEATURE_LOCATION_CONFLICT::Coding region xref gene does not exist
prokka_VFRANSCY/VFRANSCY:CDS	hypothetical protein	VFRANSCY:c41222-41115	VFRANSCY_00043

DiscRep_SUB:FEATURE_LOCATION_CONFLICT::Coding region xref gene does not exist
prokka_VFRANSCY/VFRANSCY:CDS	hypothetical protein	VFRANSCY:c42964-41573	VFRANSCY_00044

DiscRep_SUB:FEATURE_LOCATION_CONFLICT::Coding region xref gene does not exist
prokka_VFRANSCY/VFRANSCY:CDS	Homoserine kinase	VFRANSCY:c43926-42961	VFRANSCY_00045

DiscRep_SUB:FEATURE_LOCATION_CONFLICT::Coding region xref gene does not exist
prokka_VFRANSCY/VFRANSCY:CDS	RNA polymerase sigma factor RpoD	VFRANSCY:45770-47197	VFRANSCY_00046

DiscRep_SUB:FEATURE_LOCATION_CONFLICT::Coding region xref gene does not exist
prokka_VFRANSCY/VFRANSCY:CDS	DNA polymerase III subunit alpha	VFRANSCY:47377-50400	VFRANSCY_00047

DiscRep_SUB:FEATURE_LOCATION_CONFLICT::Coding region xref gene does not exist
prokka_VFRANSCY/VFRANSCY:CDS	Aspartate-semialdehyde dehydrogenase	VFRANSCY:51577-52617	VFRANSCY_00051

DiscRep_SUB:FEATURE_LOCATION_CONFLICT::Coding region xref gene does not exist
prokka_VFRANSCY/VFRANSCY:CDS	N-(5'-phosphoribosyl)anthranilate isomerase	VFRANSCY:52595-53233	VFRANSCY_00052

DiscRep_SUB:FEATURE_LOCATION_CONFLICT::Coding region xref gene does not exist
prokka_VFRANSCY/VFRANSCY:CDS	Tryptophan synthase beta chain	VFRANSCY:53208-54359	VFRANSCY_00053

DiscRep_SUB:FEATURE_LOCATION_CONFLICT::Coding region xref gene does not exist
prokka_VFRANSCY/VFRANSCY:CDS	Tryptophan synthase alpha chain	VFRANSCY:54385-55095	VFRANSCY_00054

DiscRep_SUB:FEATURE_LOCATION_CONFLICT::Coding region xref gene does not exist
prokka_VFRANSCY/VFRANSCY:CDS	hypothetical protein	VFRANSCY:55064-55327	VFRANSCY_00055

DiscRep_SUB:FEATURE_LOCATION_CONFLICT::Coding region xref gene does not exist
prokka_VFRANSCY/VFRANSCY:CDS	hypothetical protein	VFRANSCY:55308-55541	VFRANSCY_00056

DiscRep_SUB:FEATURE_LOCATION_CONFLICT::Coding region xref gene does not exist
prokka_VFRANSCY/VFRANSCY:CDS	hypothetical protein	VFRANSCY:55620-56171	VFRANSCY_00058

DiscRep_SUB:FEATURE_LOCATION_CONFLICT::Coding region xref gene does not exist
prokka_VFRANSCY/VFRANSCY:CDS	Carbamoyl-phosphate synthase small chain	VFRANSCY:56961-58013	VFRANSCY_00061

DiscRep_SUB:FEATURE_LOCATION_CONFLICT::Coding region xref gene does not exist
prokka_VFRANSCY/VFRANSCY:CDS	Carbamoyl-phosphate synthase large chain	VFRANSCY:57986-61090	VFRANSCY_00062

DiscRep_SUB:FEATURE_LOCATION_CONFLICT::Coding region xref gene does not exist
prokka_VFRANSCY/VFRANSCY:CDS	Ribosomal RNA large subunit methyltransferase E	VFRANSCY:61074-61628	VFRANSCY_00063

DiscRep_SUB:FEATURE_LOCATION_CONFLICT::Coding region xref gene does not exist
prokka_VFRANSCY/VFRANSCY:CDS	ATP-dependent Clp protease proteolytic subunit	VFRANSCY:61600-62199	VFRANSCY_00064

DiscRep_SUB:FEATURE_LOCATION_CONFLICT::Coding region xref gene does not exist
prokka_VFRANSCY/VFRANSCY:CDS	ATP-dependent Clp protease ATP-binding subunit ClpX	VFRANSCY:62202-63374	VFRANSCY_00065

DiscRep_SUB:FEATURE_LOCATION_CONFLICT::Coding region xref gene does not exist
prokka_VFRANSCY/VFRANSCY:CDS	hypothetical protein	VFRANSCY:63462-64208	VFRANSCY_00067

DiscRep_SUB:FEATURE_LOCATION_CONFLICT::Coding region xref gene does not exist
prokka_VFRANSCY/VFRANSCY:CDS	ATP phosphoribosyltransferase	VFRANSCY:65515-66099	VFRANSCY_00070

DiscRep_SUB:FEATURE_LOCATION_CONFLICT::Coding region xref gene does not exist
prokka_VFRANSCY/VFRANSCY:CDS	Histidinol dehydrogenase	VFRANSCY:66096-67364	VFRANSCY_00071

DiscRep_SUB:FEATURE_LOCATION_CONFLICT::Coding region xref gene does not exist
prokka_VFRANSCY/VFRANSCY:CDS	Histidinol-phosphate aminotransferase 2	VFRANSCY:67355-68359	VFRANSCY_00072

DiscRep_SUB:FEATURE_LOCATION_CONFLICT::Coding region xref gene does not exist
prokka_VFRANSCY/VFRANSCY:CDS	Imidazoleglycerol-phosphate dehydratase	VFRANSCY:68316-68897	VFRANSCY_00073

DiscRep_SUB:FEATURE_LOCATION_CONFLICT::Coding region xref gene does not exist
prokka_VFRANSCY/VFRANSCY:CDS	Imidazole glycerol phosphate synthase subunit HisH	VFRANSCY:68891-69475	VFRANSCY_00074

DiscRep_SUB:FEATURE_LOCATION_CONFLICT::Coding region xref gene does not exist
prokka_VFRANSCY/VFRANSCY:CDS	1-(5-phosphoribosyl)-5-[(5-phosphoribosylamino)methylideneamino] imidazole-4-carboxamide isomerase	VFRANSCY:69469-70167	VFRANSCY_00075

DiscRep_SUB:FEATURE_LOCATION_CONFLICT::Coding region xref gene does not exist
prokka_VFRANSCY/VFRANSCY:CDS	Imidazole glycerol phosphate synthase subunit HisF	VFRANSCY:70157-70900	VFRANSCY_00076

DiscRep_SUB:FEATURE_LOCATION_CONFLICT::Coding region xref gene does not exist
prokka_VFRANSCY/VFRANSCY:CDS	Phosphoribosyl-AMP cyclohydrolase	VFRANSCY:70887-71192	VFRANSCY_00077

DiscRep_SUB:FEATURE_LOCATION_CONFLICT::Coding region xref gene does not exist
prokka_VFRANSCY/VFRANSCY:CDS	hypothetical protein	VFRANSCY:c73031-72876	VFRANSCY_00081

DiscRep_SUB:FEATURE_LOCATION_CONFLICT::Coding region xref gene does not exist
prokka_VFRANSCY/VFRANSCY:CDS	hypothetical protein	VFRANSCY:c73270-73028	VFRANSCY_00082

DiscRep_SUB:FEATURE_LOCATION_CONFLICT::Coding region xref gene does not exist
prokka_VFRANSCY/VFRANSCY:CDS	hypothetical protein	VFRANSCY:c75614-75120	VFRANSCY_00087

DiscRep_SUB:FEATURE_LOCATION_CONFLICT::Coding region xref gene does not exist
prokka_VFRANSCY/VFRANSCY:CDS	hypothetical protein	VFRANSCY:c76636-75611	VFRANSCY_00088

DiscRep_SUB:FEATURE_LOCATION_CONFLICT::Coding region xref gene does not exist
prokka_VFRANSCY/VFRANSCY:CDS	Histidinol-phosphate aminotransferase	VFRANSCY:76642-77682	VFRANSCY_00089

DiscRep_SUB:FEATURE_LOCATION_CONFLICT::Coding region xref gene does not exist
prokka_VFRANSCY/VFRANSCY:CDS	2,3,4,5-tetrahydropyridine-2,6-dicarboxylate N-succinyltransferase	VFRANSCY:77663-78439	VFRANSCY_00090

DiscRep_SUB:FEATURE_LOCATION_CONFLICT::Coding region xref gene does not exist
prokka_VFRANSCY/VFRANSCY:CDS	Succinyl-diaminopimelate desuccinylase	VFRANSCY:78436-79515	VFRANSCY_00091

DiscRep_SUB:FEATURE_LOCATION_CONFLICT::Coding region xref gene does not exist
prokka_VFRANSCY/VFRANSCY:CDS	Threonine synthase	VFRANSCY:c81088-79724	VFRANSCY_00092

DiscRep_SUB:FEATURE_LOCATION_CONFLICT::Coding region xref gene does not exist
prokka_VFRANSCY/VFRANSCY:CDS	hypothetical protein	VFRANSCY:c82275-81085	VFRANSCY_00093

DiscRep_SUB:FEATURE_LOCATION_CONFLICT::Coding region xref gene does not exist
prokka_VFRANSCY/VFRANSCY:CDS	Replicative DNA helicase	VFRANSCY:c83545-82268	VFRANSCY_00094

DiscRep_SUB:FEATURE_LOCATION_CONFLICT::Coding region xref gene does not exist
prokka_VFRANSCY/VFRANSCY:CDS	30S ribosomal protein S18	VFRANSCY:c83721-83539	VFRANSCY_00095

DiscRep_SUB:FEATURE_LOCATION_CONFLICT::Coding region xref gene does not exist
prokka_VFRANSCY/VFRANSCY:CDS	hypothetical protein	VFRANSCY:c84030-83728	VFRANSCY_00096

DiscRep_SUB:FEATURE_LOCATION_CONFLICT::Coding region xref gene does not exist
prokka_VFRANSCY/VFRANSCY:CDS	tRNA modification GTPase MnmE	VFRANSCY:85628-86953	VFRANSCY_00099

DiscRep_SUB:FEATURE_LOCATION_CONFLICT::Coding region xref gene does not exist
prokka_VFRANSCY/VFRANSCY:CDS	tRNA uridine 5-carboxymethylaminomethyl modification enzyme MnmG	VFRANSCY:86950-88770	VFRANSCY_00100

DiscRep_SUB:FEATURE_LOCATION_CONFLICT::Coding region xref gene does not exist
prokka_VFRANSCY/VFRANSCY:CDS	hypothetical protein	VFRANSCY:88820-89077	VFRANSCY_00101

DiscRep_SUB:FEATURE_LOCATION_CONFLICT::Coding region xref gene does not exist
prokka_VFRANSCY/VFRANSCY:CDS	60 kDa chaperonin	VFRANSCY:89079-90677	VFRANSCY_00102

DiscRep_SUB:FEATURE_LOCATION_CONFLICT::Coding region xref gene does not exist
prokka_VFRANSCY/VFRANSCY:CDS	3-phosphoshikimate 1-carboxyvinyltransferase	VFRANSCY:90751-92034	VFRANSCY_00103

DiscRep_SUB:FEATURE_LOCATION_CONFLICT::Coding region xref gene does not exist
prokka_VFRANSCY/VFRANSCY:CDS	hypothetical protein	VFRANSCY:92015-93079	VFRANSCY_00104

DiscRep_SUB:FEATURE_LOCATION_CONFLICT::Coding region xref gene does not exist
prokka_VFRANSCY/VFRANSCY:CDS	hypothetical protein	VFRANSCY:c94159-93071	VFRANSCY_00105

DiscRep_SUB:FEATURE_LOCATION_CONFLICT::Coding region xref gene does not exist
prokka_VFRANSCY/VFRANSCY:CDS	hypothetical protein	VFRANSCY:94207-94851	VFRANSCY_00106

DiscRep_SUB:FEATURE_LOCATION_CONFLICT::Coding region xref gene does not exist
prokka_VFRANSCY/VFRANSCY:CDS	Chaperone protein DnaJ	VFRANSCY:c95848-94826	VFRANSCY_00107

DiscRep_SUB:FEATURE_LOCATION_CONFLICT::Coding region xref gene does not exist
prokka_VFRANSCY/VFRANSCY:CDS	Chaperone protein DnaK	VFRANSCY:c97677-95860	VFRANSCY_00108

DiscRep_SUB:FEATURE_LOCATION_CONFLICT::Coding region xref gene does not exist
prokka_VFRANSCY/VFRANSCY:CDS	Protein GrpE	VFRANSCY:c98096-97668	VFRANSCY_00109

DiscRep_SUB:FEATURE_LOCATION_CONFLICT::Coding region xref gene does not exist
prokka_VFRANSCY/VFRANSCY:CDS	Phospho-2-dehydro-3-deoxyheptonate aldolase, Phe-sensitive	VFRANSCY:98153-99127	VFRANSCY_00110

DiscRep_SUB:FEATURE_LOCATION_CONFLICT::Coding region xref gene does not exist
prokka_VFRANSCY/VFRANSCY:CDS	tRNA-specific 2-thiouridylase MnmA	VFRANSCY:c100124-99120	VFRANSCY_00111

DiscRep_SUB:FEATURE_LOCATION_CONFLICT::Coding region xref gene does not exist
prokka_VFRANSCY/VFRANSCY:CDS	hypothetical protein	VFRANSCY:c100626-100117	VFRANSCY_00112

DiscRep_SUB:FEATURE_LOCATION_CONFLICT::Coding region xref gene does not exist
prokka_VFRANSCY/VFRANSCY:CDS	Leucine--tRNA ligase	VFRANSCY:c102811-100616	VFRANSCY_00113

DiscRep_SUB:FEATURE_LOCATION_CONFLICT::Coding region xref gene does not exist
prokka_VFRANSCY/VFRANSCY:CDS	4-hydroxy-tetrahydrodipicolinate reductase	VFRANSCY:c103458-102808	VFRANSCY_00114

DiscRep_SUB:FEATURE_LOCATION_CONFLICT::Coding region xref gene does not exist
prokka_VFRANSCY/VFRANSCY:CDS	NADP-dependent malic enzyme	VFRANSCY:c104665-103445	VFRANSCY_00115

DiscRep_SUB:FEATURE_LOCATION_CONFLICT::Coding region xref gene does not exist
prokka_VFRANSCY/VFRANSCY:CDS	Shikimate dehydrogenase (NADP(+))	VFRANSCY:c105381-104662	VFRANSCY_00116

DiscRep_SUB:FEATURE_LOCATION_CONFLICT::Coding region xref gene does not exist
prokka_VFRANSCY/VFRANSCY:CDS	3-dehydroquinate dehydratase	VFRANSCY:105383-105814	VFRANSCY_00117

DiscRep_SUB:FEATURE_LOCATION_CONFLICT::Coding region xref gene does not exist
prokka_VFRANSCY/VFRANSCY:CDS	50S ribosomal protein L27	VFRANSCY:c106043-105807	VFRANSCY_00118

DiscRep_SUB:FEATURE_LOCATION_CONFLICT::Coding region xref gene does not exist
prokka_VFRANSCY/VFRANSCY:CDS	hypothetical protein	VFRANSCY:c106341-106036	VFRANSCY_00119

DiscRep_SUB:FEATURE_LOCATION_CONFLICT::Coding region xref gene does not exist
prokka_VFRANSCY/VFRANSCY:CDS	Ribosomal RNA small subunit methyltransferase H	VFRANSCY:c107111-106338	VFRANSCY_00120

DiscRep_SUB:FEATURE_LOCATION_CONFLICT::Coding region xref gene does not exist
prokka_VFRANSCY/VFRANSCY:CDS	Argininosuccinate synthase	VFRANSCY:107194-108435	VFRANSCY_00122

DiscRep_SUB:FEATURE_LOCATION_CONFLICT::Coding region xref gene does not exist
prokka_VFRANSCY/VFRANSCY:CDS	hypothetical protein	VFRANSCY:113111-113569	VFRANSCY_00126

DiscRep_SUB:FEATURE_LOCATION_CONFLICT::Coding region xref gene does not exist
prokka_VFRANSCY/VFRANSCY:CDS	hypothetical protein	VFRANSCY:113566-114174	VFRANSCY_00127

DiscRep_SUB:FEATURE_LOCATION_CONFLICT::Coding region xref gene does not exist
prokka_VFRANSCY/VFRANSCY:CDS	hypothetical protein	VFRANSCY:114155-114370	VFRANSCY_00128

DiscRep_SUB:FEATURE_LOCATION_CONFLICT::Coding region xref gene does not exist
prokka_VFRANSCY/VFRANSCY:CDS	50S ribosomal protein L2	VFRANSCY:114357-115169	VFRANSCY_00129

DiscRep_SUB:FEATURE_LOCATION_CONFLICT::Coding region xref gene does not exist
prokka_VFRANSCY/VFRANSCY:CDS	30S ribosomal protein S19	VFRANSCY:115166-115423	VFRANSCY_00130

DiscRep_SUB:FEATURE_LOCATION_CONFLICT::Coding region xref gene does not exist
prokka_VFRANSCY/VFRANSCY:CDS	hypothetical protein	VFRANSCY:115432-115752	VFRANSCY_00131

DiscRep_SUB:FEATURE_LOCATION_CONFLICT::Coding region xref gene does not exist
prokka_VFRANSCY/VFRANSCY:CDS	30S ribosomal protein S3	VFRANSCY:115752-116351	VFRANSCY_00132

DiscRep_SUB:FEATURE_LOCATION_CONFLICT::Coding region xref gene does not exist
prokka_VFRANSCY/VFRANSCY:CDS	50S ribosomal protein L16	VFRANSCY:116348-116746	VFRANSCY_00133

DiscRep_SUB:FEATURE_LOCATION_CONFLICT::Coding region xref gene does not exist
prokka_VFRANSCY/VFRANSCY:CDS	hypothetical protein	VFRANSCY:116739-116969	VFRANSCY_00134

DiscRep_SUB:FEATURE_LOCATION_CONFLICT::Coding region xref gene does not exist
prokka_VFRANSCY/VFRANSCY:CDS	50S ribosomal protein L14	VFRANSCY:116942-117331	VFRANSCY_00135

DiscRep_SUB:FEATURE_LOCATION_CONFLICT::Coding region xref gene does not exist
prokka_VFRANSCY/VFRANSCY:CDS	50S ribosomal protein L5	VFRANSCY:117328-117861	VFRANSCY_00136

DiscRep_SUB:FEATURE_LOCATION_CONFLICT::Coding region xref gene does not exist
prokka_VFRANSCY/VFRANSCY:CDS	30S ribosomal protein S14	VFRANSCY:117861-118139	VFRANSCY_00137

DiscRep_SUB:FEATURE_LOCATION_CONFLICT::Coding region xref gene does not exist
prokka_VFRANSCY/VFRANSCY:CDS	30S ribosomal protein S8	VFRANSCY:118139-118522	VFRANSCY_00138

DiscRep_SUB:FEATURE_LOCATION_CONFLICT::Coding region xref gene does not exist
prokka_VFRANSCY/VFRANSCY:CDS	50S ribosomal protein L6	VFRANSCY:118515-119042	VFRANSCY_00139

DiscRep_SUB:FEATURE_LOCATION_CONFLICT::Coding region xref gene does not exist
prokka_VFRANSCY/VFRANSCY:CDS	hypothetical protein	VFRANSCY:119005-119337	VFRANSCY_00140

DiscRep_SUB:FEATURE_LOCATION_CONFLICT::Coding region xref gene does not exist
prokka_VFRANSCY/VFRANSCY:CDS	30S ribosomal protein S5	VFRANSCY:119340-119777	VFRANSCY_00141

DiscRep_SUB:FEATURE_LOCATION_CONFLICT::Coding region xref gene does not exist
prokka_VFRANSCY/VFRANSCY:CDS	50S ribosomal protein L15	VFRANSCY:119753-120100	VFRANSCY_00142

DiscRep_SUB:FEATURE_LOCATION_CONFLICT::Coding region xref gene does not exist
prokka_VFRANSCY/VFRANSCY:CDS	Translation initiation factor IF-1	VFRANSCY:120090-120305	VFRANSCY_00143

DiscRep_SUB:FEATURE_LOCATION_CONFLICT::Coding region xref gene does not exist
prokka_VFRANSCY/VFRANSCY:CDS	50S ribosomal protein L36	VFRANSCY:120302-120415	VFRANSCY_00144

DiscRep_SUB:FEATURE_LOCATION_CONFLICT::Coding region xref gene does not exist
prokka_VFRANSCY/VFRANSCY:CDS	30S ribosomal protein S13	VFRANSCY:120415-120756	VFRANSCY_00145

DiscRep_SUB:FEATURE_LOCATION_CONFLICT::Coding region xref gene does not exist
prokka_VFRANSCY/VFRANSCY:CDS	30S ribosomal protein S11	VFRANSCY:120753-121100	VFRANSCY_00146

DiscRep_SUB:FEATURE_LOCATION_CONFLICT::Coding region xref gene does not exist
prokka_VFRANSCY/VFRANSCY:CDS	hypothetical protein	VFRANSCY:121101-121628	VFRANSCY_00147

DiscRep_SUB:FEATURE_LOCATION_CONFLICT::Coding region xref gene does not exist
prokka_VFRANSCY/VFRANSCY:CDS	DNA-directed RNA polymerase subunit alpha	VFRANSCY:121630-122490	VFRANSCY_00148

DiscRep_SUB:FEATURE_LOCATION_CONFLICT::Coding region xref gene does not exist
prokka_VFRANSCY/VFRANSCY:CDS	hypothetical protein	VFRANSCY:122487-122825	VFRANSCY_00149

DiscRep_SUB:FEATURE_LOCATION_CONFLICT::Coding region xref gene does not exist
prokka_VFRANSCY/VFRANSCY:CDS	Diaminopimelate decarboxylase	VFRANSCY:c124069-122966	VFRANSCY_00150

DiscRep_SUB:FEATURE_LOCATION_CONFLICT::Coding region xref gene does not exist
prokka_VFRANSCY/VFRANSCY:CDS	hypothetical protein	VFRANSCY:124146-124484	VFRANSCY_00151

DiscRep_SUB:FEATURE_LOCATION_CONFLICT::RNA feature xref gene does not exist
prokka_VFRANSCY/VFRANSCY:tRNA	Phe	VFRANSCY:14342-14414	VFRANSCY_00012

DiscRep_SUB:FEATURE_LOCATION_CONFLICT::RNA feature xref gene does not exist
prokka_VFRANSCY/VFRANSCY:tRNA	Gln	VFRANSCY:18821-18893	VFRANSCY_00020

DiscRep_SUB:FEATURE_LOCATION_CONFLICT::RNA feature xref gene does not exist
prokka_VFRANSCY/VFRANSCY:tRNA	Ser	VFRANSCY:27243-27328	VFRANSCY_00029

DiscRep_SUB:FEATURE_LOCATION_CONFLICT::RNA feature xref gene does not exist
prokka_VFRANSCY/VFRANSCY:tmRNA	transfer-messenger RNA, SsrA	VFRANSCY:c32515-32191	VFRANSCY_00034

DiscRep_SUB:FEATURE_LOCATION_CONFLICT::RNA feature xref gene does not exist
prokka_VFRANSCY/VFRANSCY:tRNA	Leu	VFRANSCY:50546-50626	VFRANSCY_00048

DiscRep_SUB:FEATURE_LOCATION_CONFLICT::RNA feature xref gene does not exist
prokka_VFRANSCY/VFRANSCY:tRNA	Leu	VFRANSCY:50627-50702	VFRANSCY_00049

DiscRep_SUB:FEATURE_LOCATION_CONFLICT::RNA feature xref gene does not exist
prokka_VFRANSCY/VFRANSCY:tRNA	Ser	VFRANSCY:50701-50786	VFRANSCY_00050

DiscRep_SUB:FEATURE_LOCATION_CONFLICT::RNA feature xref gene does not exist
prokka_VFRANSCY/VFRANSCY:tRNA	Asn	VFRANSCY:c55614-55542	VFRANSCY_00057

DiscRep_SUB:FEATURE_LOCATION_CONFLICT::RNA feature xref gene does not exist
prokka_VFRANSCY/VFRANSCY:tRNA	Cys	VFRANSCY:c56329-56256	VFRANSCY_00059

DiscRep_SUB:FEATURE_LOCATION_CONFLICT::RNA feature xref gene does not exist
prokka_VFRANSCY/VFRANSCY:tRNA	Gly	VFRANSCY:c56404-56333	VFRANSCY_00060

DiscRep_SUB:FEATURE_LOCATION_CONFLICT::RNA feature xref gene does not exist
prokka_VFRANSCY/VFRANSCY:tRNA	Val	VFRANSCY:63375-63446	VFRANSCY_00066

DiscRep_SUB:FEATURE_LOCATION_CONFLICT::RNA feature xref gene does not exist
prokka_VFRANSCY/VFRANSCY:tRNA	Leu	VFRANSCY:c65318-65237	VFRANSCY_00068

DiscRep_SUB:FEATURE_LOCATION_CONFLICT::RNA feature xref gene does not exist
prokka_VFRANSCY/VFRANSCY:tRNA	Ser	VFRANSCY:c65404-65319	VFRANSCY_00069

DiscRep_SUB:FEATURE_LOCATION_CONFLICT::RNA feature xref gene does not exist
prokka_VFRANSCY/VFRANSCY:tRNA	Thr	VFRANSCY:71458-71529	VFRANSCY_00078

DiscRep_SUB:FEATURE_LOCATION_CONFLICT::RNA feature xref gene does not exist
prokka_VFRANSCY/VFRANSCY:tRNA	His	VFRANSCY:71532-71607	VFRANSCY_00079

DiscRep_SUB:FEATURE_LOCATION_CONFLICT::RNA feature xref gene does not exist
prokka_VFRANSCY/VFRANSCY:tRNA	Lys	VFRANSCY:c72539-72465	VFRANSCY_00080

DiscRep_SUB:FEATURE_LOCATION_CONFLICT::RNA feature xref gene does not exist
prokka_VFRANSCY/VFRANSCY:tRNA	Val	VFRANSCY:c73422-73349	VFRANSCY_00083

DiscRep_SUB:FEATURE_LOCATION_CONFLICT::RNA feature xref gene does not exist
prokka_VFRANSCY/VFRANSCY:tRNA	Arg	VFRANSCY:c74558-74486	VFRANSCY_00084

DiscRep_SUB:FEATURE_LOCATION_CONFLICT::RNA feature xref gene does not exist
prokka_VFRANSCY/VFRANSCY:tRNA	Met	VFRANSCY:c74665-74594	VFRANSCY_00085

DiscRep_SUB:FEATURE_LOCATION_CONFLICT::RNA feature xref gene does not exist
prokka_VFRANSCY/VFRANSCY:tRNA	Pro	VFRANSCY:74708-74779	VFRANSCY_00086

DiscRep_SUB:FEATURE_LOCATION_CONFLICT::RNA feature xref gene does not exist
prokka_VFRANSCY/VFRANSCY:tRNA	Asp	VFRANSCY:c84358-84285	VFRANSCY_00097

DiscRep_SUB:FEATURE_LOCATION_CONFLICT::RNA feature xref gene does not exist
prokka_VFRANSCY/VFRANSCY:tRNA	Glu	VFRANSCY:c84430-84358	VFRANSCY_00098

DiscRep_SUB:FEATURE_LOCATION_CONFLICT::RNA feature xref gene does not exist
prokka_VFRANSCY/VFRANSCY:tRNA	Ala	VFRANSCY:c107193-107120	VFRANSCY_00121

DiscRep_SUB:FEATURE_LOCATION_CONFLICT::RNA feature xref gene does not exist
prokka_VFRANSCY/VFRANSCY:rRNA	23S ribosomal RNA	VFRANSCY:c111357-108591	VFRANSCY_00123

DiscRep_SUB:FEATURE_LOCATION_CONFLICT::RNA feature xref gene does not exist
prokka_VFRANSCY/VFRANSCY:tRNA	Ile	VFRANSCY:c111458-111385	VFRANSCY_00124

DiscRep_SUB:FEATURE_LOCATION_CONFLICT::RNA feature xref gene does not exist
prokka_VFRANSCY/VFRANSCY:rRNA	16S ribosomal RNA	VFRANSCY:c112983-111476	VFRANSCY_00125

DiscRep_SUB:FEATURE_LOCATION_CONFLICT::RNA feature xref gene does not exist
prokka_VFRANSCY/VFRANSCY:tRNA	Met	VFRANSCY:125530-125601	VFRANSCY_00152

DiscRep_SUB:FEATURE_LOCATION_CONFLICT::RNA feature xref gene does not exist
prokka_VFRANSCY/VFRANSCY:tRNA	Tyr	VFRANSCY:125602-125686	VFRANSCY_00153

DiscRep_SUB:FEATURE_LOCATION_CONFLICT::RNA feature xref gene does not exist
prokka_VFRANSCY/VFRANSCY:tRNA	Gly	VFRANSCY:125686-125758	VFRANSCY_00154

DiscRep_ALL:RNA_CDS_OVERLAP::1 coding regions overlap RNA features
DiscRep_SUB:RNA_CDS_OVERLAP::1 coding regions overlap RNAs (no containment)
DiscRep_SUB:RNA_CDS_OVERLAP::1 coding regions overlap RNAs on the opposite strand (no containment)
prokka_VFRANSCY/VFRANSCY:CDS	5-methyltetrahydropteroyltriglutamate--homocysteine methyltransferase	VFRANSCY:30080-32272	VFRANSCY_00033
prokka_VFRANSCY/VFRANSCY:tmRNA	transfer-messenger RNA, SsrA	VFRANSCY:c32515-32191	VFRANSCY_00034

DiscRep_ALL:DISC_QUALITY_SCORES::Quality scores are missing on all sequences.

DiscRep_ALL:ONCALLER_COMMENT_PRESENT::1 comment descriptors were found (all same)
prokka_VFRANSCY/VFRANSCY:VFRANSCY:Annotated using prokka 1.14.6 from https://github.com/tseemann/prokka

DiscRep_ALL:SHORT_PROT_SEQUENCES::3 protein sequences are shorter than 50 aa.
prokka_VFRANSCY/VFRANSCY:VFRANSCY_28 (length 48)
prokka_VFRANSCY/VFRANSCY:VFRANSCY_39 (length 35)
prokka_VFRANSCY/VFRANSCY:VFRANSCY_118 (length 37)

DiscRep_ALL:MISSING_GENOMEASSEMBLY_COMMENTS::1 bioseqs are missing GenomeAssembly structured comments
prokka_VFRANSCY/VFRANSCY:VFRANSCY (length 125763)

DiscRep_ALL:MOLTYPE_NOT_MRNA::1 molecule types are not set as mRNA.
prokka_VFRANSCY/VFRANSCY:VFRANSCY (length 125763)

DiscRep_ALL:TECHNIQUE_NOT_TSA::1 technique are not set as TSA
prokka_VFRANSCY/VFRANSCY:VFRANSCY (length 125763)

DiscRep_ALL:MISSING_STRUCTURED_COMMENT::1 sequences do not include structured comments.
prokka_VFRANSCY/VFRANSCY:VFRANSCY (length 125763)

DiscRep_ALL:MISSING_PROJECT::126 sequences do not include project.
prokka_VFRANSCY/VFRANSCY:VFRANSCY (length 125763)
prokka_VFRANSCY/VFRANSCY:VFRANSCY_1 (length 395)
prokka_VFRANSCY/VFRANSCY:VFRANSCY_2 (length 137)
prokka_VFRANSCY/VFRANSCY:VFRANSCY_3 (length 202)
prokka_VFRANSCY/VFRANSCY:VFRANSCY_4 (length 150)
prokka_VFRANSCY/VFRANSCY:VFRANSCY_5 (length 115)
prokka_VFRANSCY/VFRANSCY:VFRANSCY_6 (length 1253)
prokka_VFRANSCY/VFRANSCY:VFRANSCY_7 (length 1295)
prokka_VFRANSCY/VFRANSCY:VFRANSCY_8 (length 130)
prokka_VFRANSCY/VFRANSCY:VFRANSCY_9 (length 157)
prokka_VFRANSCY/VFRANSCY:VFRANSCY_10 (length 688)
prokka_VFRANSCY/VFRANSCY:VFRANSCY_11 (length 102)
prokka_VFRANSCY/VFRANSCY:VFRANSCY_12 (length 125)
prokka_VFRANSCY/VFRANSCY:VFRANSCY_13 (length 156)
prokka_VFRANSCY/VFRANSCY:VFRANSCY_14 (length 363)
prokka_VFRANSCY/VFRANSCY:VFRANSCY_15 (length 129)
prokka_VFRANSCY/VFRANSCY:VFRANSCY_16 (length 98)
prokka_VFRANSCY/VFRANSCY:VFRANSCY_17 (length 265)
prokka_VFRANSCY/VFRANSCY:VFRANSCY_18 (length 181)
prokka_VFRANSCY/VFRANSCY:VFRANSCY_19 (length 169)
prokka_VFRANSCY/VFRANSCY:VFRANSCY_20 (length 181)
prokka_VFRANSCY/VFRANSCY:VFRANSCY_21 (length 375)
prokka_VFRANSCY/VFRANSCY:VFRANSCY_22 (length 423)
prokka_VFRANSCY/VFRANSCY:VFRANSCY_23 (length 232)
prokka_VFRANSCY/VFRANSCY:VFRANSCY_24 (length 280)
prokka_VFRANSCY/VFRANSCY:VFRANSCY_25 (length 308)
prokka_VFRANSCY/VFRANSCY:VFRANSCY_26 (length 390)
prokka_VFRANSCY/VFRANSCY:VFRANSCY_27 (length 736)
prokka_VFRANSCY/VFRANSCY:VFRANSCY_28 (length 48)
prokka_VFRANSCY/VFRANSCY:VFRANSCY_29 (length 54)
prokka_VFRANSCY/VFRANSCY:VFRANSCY_30 (length 730)
prokka_VFRANSCY/VFRANSCY:VFRANSCY_31 (length 233)
prokka_VFRANSCY/VFRANSCY:VFRANSCY_32 (length 387)
prokka_VFRANSCY/VFRANSCY:VFRANSCY_33 (length 287)
prokka_VFRANSCY/VFRANSCY:VFRANSCY_34 (length 245)
prokka_VFRANSCY/VFRANSCY:VFRANSCY_35 (length 344)
prokka_VFRANSCY/VFRANSCY:VFRANSCY_36 (length 187)
prokka_VFRANSCY/VFRANSCY:VFRANSCY_37 (length 405)
prokka_VFRANSCY/VFRANSCY:VFRANSCY_38 (length 460)
prokka_VFRANSCY/VFRANSCY:VFRANSCY_39 (length 35)
prokka_VFRANSCY/VFRANSCY:VFRANSCY_40 (length 463)
prokka_VFRANSCY/VFRANSCY:VFRANSCY_41 (length 321)
prokka_VFRANSCY/VFRANSCY:VFRANSCY_42 (length 475)
prokka_VFRANSCY/VFRANSCY:VFRANSCY_43 (length 1007)
prokka_VFRANSCY/VFRANSCY:VFRANSCY_44 (length 346)
prokka_VFRANSCY/VFRANSCY:VFRANSCY_45 (length 212)
prokka_VFRANSCY/VFRANSCY:VFRANSCY_46 (length 383)
prokka_VFRANSCY/VFRANSCY:VFRANSCY_47 (length 236)
prokka_VFRANSCY/VFRANSCY:VFRANSCY_48 (length 87)
prokka_VFRANSCY/VFRANSCY:VFRANSCY_49 (length 77)
prokka_VFRANSCY/VFRANSCY:VFRANSCY_50 (length 183)
prokka_VFRANSCY/VFRANSCY:VFRANSCY_51 (length 350)
prokka_VFRANSCY/VFRANSCY:VFRANSCY_52 (length 1034)
prokka_VFRANSCY/VFRANSCY:VFRANSCY_53 (length 184)
prokka_VFRANSCY/VFRANSCY:VFRANSCY_54 (length 199)
prokka_VFRANSCY/VFRANSCY:VFRANSCY_55 (length 390)
prokka_VFRANSCY/VFRANSCY:VFRANSCY_56 (length 248)
prokka_VFRANSCY/VFRANSCY:VFRANSCY_57 (length 194)
prokka_VFRANSCY/VFRANSCY:VFRANSCY_58 (length 422)
prokka_VFRANSCY/VFRANSCY:VFRANSCY_59 (length 334)
prokka_VFRANSCY/VFRANSCY:VFRANSCY_60 (length 193)
prokka_VFRANSCY/VFRANSCY:VFRANSCY_61 (length 194)
prokka_VFRANSCY/VFRANSCY:VFRANSCY_62 (length 232)
prokka_VFRANSCY/VFRANSCY:VFRANSCY_63 (length 247)
prokka_VFRANSCY/VFRANSCY:VFRANSCY_64 (length 101)
prokka_VFRANSCY/VFRANSCY:VFRANSCY_65 (length 51)
prokka_VFRANSCY/VFRANSCY:VFRANSCY_66 (length 80)
prokka_VFRANSCY/VFRANSCY:VFRANSCY_67 (length 164)
prokka_VFRANSCY/VFRANSCY:VFRANSCY_68 (length 341)
prokka_VFRANSCY/VFRANSCY:VFRANSCY_69 (length 346)
prokka_VFRANSCY/VFRANSCY:VFRANSCY_70 (length 258)
prokka_VFRANSCY/VFRANSCY:VFRANSCY_71 (length 359)
prokka_VFRANSCY/VFRANSCY:VFRANSCY_72 (length 454)
prokka_VFRANSCY/VFRANSCY:VFRANSCY_73 (length 396)
prokka_VFRANSCY/VFRANSCY:VFRANSCY_74 (length 425)
prokka_VFRANSCY/VFRANSCY:VFRANSCY_75 (length 60)
prokka_VFRANSCY/VFRANSCY:VFRANSCY_76 (length 100)
prokka_VFRANSCY/VFRANSCY:VFRANSCY_77 (length 441)
prokka_VFRANSCY/VFRANSCY:VFRANSCY_78 (length 606)
prokka_VFRANSCY/VFRANSCY:VFRANSCY_79 (length 85)
prokka_VFRANSCY/VFRANSCY:VFRANSCY_80 (length 532)
prokka_VFRANSCY/VFRANSCY:VFRANSCY_81 (length 427)
prokka_VFRANSCY/VFRANSCY:VFRANSCY_82 (length 354)
prokka_VFRANSCY/VFRANSCY:VFRANSCY_83 (length 362)
prokka_VFRANSCY/VFRANSCY:VFRANSCY_84 (length 214)
prokka_VFRANSCY/VFRANSCY:VFRANSCY_85 (length 340)
prokka_VFRANSCY/VFRANSCY:VFRANSCY_86 (length 605)
prokka_VFRANSCY/VFRANSCY:VFRANSCY_87 (length 142)
prokka_VFRANSCY/VFRANSCY:VFRANSCY_88 (length 324)
prokka_VFRANSCY/VFRANSCY:VFRANSCY_89 (length 334)
prokka_VFRANSCY/VFRANSCY:VFRANSCY_90 (length 169)
prokka_VFRANSCY/VFRANSCY:VFRANSCY_91 (length 731)
prokka_VFRANSCY/VFRANSCY:VFRANSCY_92 (length 216)
prokka_VFRANSCY/VFRANSCY:VFRANSCY_93 (length 406)
prokka_VFRANSCY/VFRANSCY:VFRANSCY_94 (length 239)
prokka_VFRANSCY/VFRANSCY:VFRANSCY_95 (length 143)
prokka_VFRANSCY/VFRANSCY:VFRANSCY_96 (length 78)
prokka_VFRANSCY/VFRANSCY:VFRANSCY_97 (length 101)
prokka_VFRANSCY/VFRANSCY:VFRANSCY_98 (length 257)
prokka_VFRANSCY/VFRANSCY:VFRANSCY_99 (length 413)
prokka_VFRANSCY/VFRANSCY:VFRANSCY_100 (length 152)
prokka_VFRANSCY/VFRANSCY:VFRANSCY_101 (length 202)
prokka_VFRANSCY/VFRANSCY:VFRANSCY_102 (length 71)
prokka_VFRANSCY/VFRANSCY:VFRANSCY_103 (length 270)
prokka_VFRANSCY/VFRANSCY:VFRANSCY_104 (length 85)
prokka_VFRANSCY/VFRANSCY:VFRANSCY_105 (length 106)
prokka_VFRANSCY/VFRANSCY:VFRANSCY_106 (length 199)
prokka_VFRANSCY/VFRANSCY:VFRANSCY_107 (length 132)
prokka_VFRANSCY/VFRANSCY:VFRANSCY_108 (length 76)
prokka_VFRANSCY/VFRANSCY:VFRANSCY_109 (length 129)
prokka_VFRANSCY/VFRANSCY:VFRANSCY_110 (length 177)
prokka_VFRANSCY/VFRANSCY:VFRANSCY_111 (length 92)
prokka_VFRANSCY/VFRANSCY:VFRANSCY_112 (length 127)
prokka_VFRANSCY/VFRANSCY:VFRANSCY_113 (length 175)
prokka_VFRANSCY/VFRANSCY:VFRANSCY_114 (length 110)
prokka_VFRANSCY/VFRANSCY:VFRANSCY_115 (length 145)
prokka_VFRANSCY/VFRANSCY:VFRANSCY_116 (length 115)
prokka_VFRANSCY/VFRANSCY:VFRANSCY_117 (length 71)
prokka_VFRANSCY/VFRANSCY:VFRANSCY_118 (length 37)
prokka_VFRANSCY/VFRANSCY:VFRANSCY_119 (length 113)
prokka_VFRANSCY/VFRANSCY:VFRANSCY_120 (length 115)
prokka_VFRANSCY/VFRANSCY:VFRANSCY_121 (length 175)
prokka_VFRANSCY/VFRANSCY:VFRANSCY_122 (length 286)
prokka_VFRANSCY/VFRANSCY:VFRANSCY_123 (length 112)
prokka_VFRANSCY/VFRANSCY:VFRANSCY_124 (length 367)
prokka_VFRANSCY/VFRANSCY:VFRANSCY_125 (length 112)

DiscRep_ALL:DISC_INCONSISTENT_MOLINFO_TECH::Molinfo Technique Report (some missing, all same)
DiscRep_SUB:DISC_INCONSISTENT_MOLINFO_TECH::technique (all missing)
DiscRep_SUB:DISC_INCONSISTENT_MOLINFO_TECH::1 Molinfos are missing field technique
prokka_VFRANSCY/VFRANSCY:VFRANSCY (length 125763)

