[18:32:10] This is prokka 1.13
[18:32:10] Written by Torsten Seemann <torsten.seemann@gmail.com>
[18:32:10] Homepage is https://github.com/tseemann/prokka
[18:32:10] Local time is Wed Feb 21 18:32:10 2024
[18:32:10] You are diego
[18:32:10] Operating system is linux
[18:32:10] You have BioPerl 1.007002
[18:32:10] System has 32 cores.
[18:32:10] Will use maximum of 30 cores.
[18:32:10] Annotating as >>> Bacteria <<<
[18:32:10] Enabling options to ensure Genbank/ENA/DDJB submission compliance.
[18:32:10] Creating new output folder: prokka_SMBRUOCU
[18:32:10] Running: mkdir -p prokka_SMBRUOCU
[18:32:10] Using filename prefix: SMBRUOCU.XXX
[18:32:10] Setting HMMER_NCPU=1
[18:32:10] Writing log to: prokka_SMBRUOCU/SMBRUOCU.log
[18:32:10] Command: /home/diego/miniconda3/envs/prokka_env/bin/prokka SMBRUOCU.fasta --outdir prokka_SMBRUOCU --prefix SMBRUOCU --gcode 4 --compliant --cpus 30 --locustag SMBRUOCU
[18:32:10] Appending to PATH: /home/diego/miniconda3/envs/prokka_env/bin
[18:32:10] Looking for 'aragorn' - found /home/diego/miniconda3/envs/prokka_env/bin/aragorn
[18:32:10] Determined aragorn version is 1.2
[18:32:10] Looking for 'barrnap' - found /home/diego/miniconda3/envs/prokka_env/bin/barrnap
[18:32:10] Determined barrnap version is 0.9
[18:32:10] Looking for 'blastp' - found /home/diego/miniconda3/envs/prokka_env/bin/blastp
[18:32:10] Determined blastp version is 2.14
[18:32:10] Looking for 'cmpress' - found /home/diego/miniconda3/envs/prokka_env/bin/cmpress
[18:32:10] Determined cmpress version is 1.1
[18:32:10] Looking for 'cmscan' - found /home/diego/miniconda3/envs/prokka_env/bin/cmscan
[18:32:10] Determined cmscan version is 1.1
[18:32:10] Looking for 'egrep' - found /usr/bin/egrep
[18:32:10] Looking for 'find' - found /usr/bin/find
[18:32:10] Looking for 'grep' - found /usr/bin/grep
[18:32:10] Looking for 'hmmpress' - found /home/diego/miniconda3/envs/prokka_env/bin/hmmpress
[18:32:10] Determined hmmpress version is 3.3
[18:32:10] Looking for 'hmmscan' - found /home/diego/miniconda3/envs/prokka_env/bin/hmmscan
[18:32:10] Determined hmmscan version is 3.3
[18:32:10] Looking for 'java' - found /home/diego/miniconda3/envs/prokka_env/bin/java
[18:32:10] Looking for 'less' - found /usr/bin/less
[18:32:10] Looking for 'makeblastdb' - found /home/diego/miniconda3/envs/prokka_env/bin/makeblastdb
[18:32:10] Determined makeblastdb version is 2.14
[18:32:10] Looking for 'minced' - found /home/diego/miniconda3/envs/prokka_env/bin/minced
[18:32:10] Determined minced version is 4.2
[18:32:10] Looking for 'parallel' - found /home/diego/miniconda3/envs/prokka_env/bin/parallel
[18:32:10] Determined parallel version is 20160622
[18:32:10] Looking for 'prodigal' - found /home/diego/miniconda3/envs/prokka_env/bin/prodigal
[18:32:10] Determined prodigal version is 2.6
[18:32:10] Looking for 'prokka-genbank_to_fasta_db' - found /home/diego/miniconda3/envs/prokka_env/bin/prokka-genbank_to_fasta_db
[18:32:10] Looking for 'rnammer' - found /home/diego/rnammer-1.2.src/rnammer
[18:32:10] Determined rnammer version is 1.2
[18:32:10] Looking for 'sed' - found /usr/bin/sed
[18:32:10] Looking for 'tbl2asn' - found /home/diego/miniconda3/envs/prokka_env/bin/tbl2asn
[18:32:10] Determined tbl2asn version is 25.8
[18:32:10] Using genetic code table 4.
[18:32:10] Loading and checking input file: SMBRUOCU.fasta
[18:32:10] Wrote 1 contigs totalling 144501 bp.
[18:32:10] Predicting tRNAs and tmRNAs
[18:32:10] Running: aragorn -l -gc4  -w prokka_SMBRUOCU\/SMBRUOCU\.fna
[18:32:10] 1 tRNA-Met [9614,9687] 34 (cat)
[18:32:10] 2 tRNA-Asn c[13164,13240] 37 (gtt)
[18:32:10] 3 tRNA-Cys c[19609,19679] 33 (gca)
[18:32:10] 4 tmRNA c[21277,21566] 98,124 GKNYSLAA*
[18:32:10] 5 tRNA-Met c[22162,22237] 36 (cat)
[18:32:10] 6 tRNA-Leu [25784,25869] 36 (tag)
[18:32:10] 7 tRNA-Leu [25877,25961] 36 (caa)
[18:32:10] 8 tRNA-Ser [32271,32351] 34 (gct)
[18:32:10] 9 tRNA-Pro [32354,32428] 36 (tgg)
[18:32:10] 10 tRNA-Arg [32454,32529] 35 (tct)
[18:32:10] 11 tRNA-Ser c[37710,37796] 36 (tga)
[18:32:10] 12 tRNA-Lys [41567,41640] 35 (ttt)
[18:32:10] 13 tRNA-Asp c[41646,41719] 35 (gtc)
[18:32:10] 14 tRNA-Val c[45116,45190] 36 (tac)
[18:32:10] 15 tRNA-Leu c[58589,58677] 36 (taa)
[18:32:10] 16 tRNA-Gly c[58683,58754] 33 (gcc)
[18:32:10] 17 tRNA-Ala c[67464,67537] 35 (tgc)
[18:32:10] 18 tRNA-Ile c[67541,67614] 35 (gat)
[18:32:10] 19 tRNA-Thr [71548,71621] 35 (tgt)
[18:32:10] 20 tRNA-Tyr [71632,71713] 35 (gta)
[18:32:10] 21 tRNA-Gly [71727,71799] 34 (tcc)
[18:32:10] 22 tRNA-Thr [71811,71885] 35 (ggt)
[18:32:10] 23 tRNA-Trp [73104,73177] 35 (cca)
[18:32:10] 24 tRNA-His [84802,84877] 36 (gtg)
[18:32:10] 25 tRNA-Phe c[87546,87619] 36 (gaa)
[18:32:10] 26 tRNA-Leu c[99988,100061] 35 (gag)
[18:32:10] 27 tRNA-Met [100181,100256] 36 (cat)
[18:32:10] 28 tRNA-Glu c[111357,111428] 34 (ttc)
[18:32:10] 29 tRNA-Gln [111784,111856] 33 (ttg)
[18:32:10] 30 tRNA-Arg c[136575,136648] 35 (acg)
[18:32:10] Found 30 tRNAs
[18:32:10] Predicting Ribosomal RNAs
[18:32:10] Running Barrnap with 30 threads
[18:32:11] 1 gnl|Prokka|SMBRUOCU_1 64389 5S ribosomal RNA
[18:32:11] 2 gnl|Prokka|SMBRUOCU_1 64547 23S ribosomal RNA
[18:32:11] 3 gnl|Prokka|SMBRUOCU_1 67634 16S ribosomal RNA
[18:32:11] Found 3 rRNAs
[18:32:11] Skipping ncRNA search, enable with --rfam if desired.
[18:32:11] Total of 32 tRNA + rRNA features
[18:32:11] Searching for CRISPR repeats
[18:32:11] Found 0 CRISPRs
[18:32:11] Predicting coding sequences
[18:32:11] Contigs total 144501 bp, so using single mode
[18:32:11] Running: prodigal -i prokka_SMBRUOCU\/SMBRUOCU\.fna -c -m -g 4 -p single -f sco -q
[18:32:12] Excluding CDS which overlaps existing RNA (tRNA) at gnl|Prokka|SMBRUOCU_1:8809..9651 on + strand
[18:32:12] Excluding CDS which overlaps existing RNA (tRNA) at gnl|Prokka|SMBRUOCU_1:32529..33986 on - strand
[18:32:12] Excluding CDS which overlaps existing RNA (rRNA) at gnl|Prokka|SMBRUOCU_1:64670..65224 on + strand
[18:32:12] Excluding CDS which overlaps existing RNA (rRNA) at gnl|Prokka|SMBRUOCU_1:65157..65387 on - strand
[18:32:12] Excluding CDS which overlaps existing RNA (rRNA) at gnl|Prokka|SMBRUOCU_1:65988..66188 on - strand
[18:32:12] Excluding CDS which overlaps existing RNA (rRNA) at gnl|Prokka|SMBRUOCU_1:69092..70507 on + strand
[18:32:12] Excluding CDS which overlaps existing RNA (tRNA) at gnl|Prokka|SMBRUOCU_1:86686..87576 on - strand
[18:32:12] Excluding CDS which overlaps existing RNA (tRNA) at gnl|Prokka|SMBRUOCU_1:111798..112133 on + strand
[18:32:12] Found 140 CDS
[18:32:12] Connecting features back to sequences
[18:32:12] Not using genus-specific database. Try --usegenus to enable it.
[18:32:12] Annotating CDS, please be patient.
[18:32:12] Will use 30 CPUs for similarity searching.
[18:32:12] There are still 140 unannotated CDS left (started with 140)
[18:32:12] Will use blast to search against /home/diego/miniconda3/envs/prokka_env/bin/../db/kingdom/Bacteria/sprot with 30 CPUs
[18:32:12] Running: cat prokka_SMBRUOCU\/sprot\.faa | parallel --gnu --plain -j 30 --block 728 --recstart '>' --pipe blastp -query - -db /home/diego/miniconda3/envs/prokka_env/bin/../db/kingdom/Bacteria/sprot -evalue 1e-06 -num_threads 1 -num_descriptions 1 -num_alignments 1 -seg no > prokka_SMBRUOCU\/sprot\.blast 2> /dev/null
[18:32:13] Modify product: Uncharacterized protease YdcP => putative protease YdcP
[18:32:13] Modify product: Putative O-methyltransferase MSMEG_5073/MSMEI_4947 => Putative O-methyltransferase/MSMEI_4947
[18:32:13] Modify product: Probable ATP-dependent transporter SufC => putative ATP-dependent transporter SufC
[18:32:13] Cleaned 3 /product names
[18:32:13] Deleting unwanted file: prokka_SMBRUOCU/sprot.faa
[18:32:13] Deleting unwanted file: prokka_SMBRUOCU/sprot.blast
[18:32:13] There are still 20 unannotated CDS left (started with 140)
[18:32:13] Will use hmmer3 to search against /home/diego/miniconda3/envs/prokka_env/bin/../db/hmm/HAMAP.hmm with 30 CPUs
[18:32:13] Running: cat prokka_SMBRUOCU\/HAMAP\.hmm\.faa | parallel --gnu --plain -j 30 --block 42 --recstart '>' --pipe hmmscan --noali --notextw --acc -E 1e-06 --cpu 1 /home/diego/miniconda3/envs/prokka_env/bin/../db/hmm/HAMAP.hmm /dev/stdin > prokka_SMBRUOCU\/HAMAP\.hmm\.hmmer3 2> /dev/null
[18:32:14] Deleting unwanted file: prokka_SMBRUOCU/HAMAP.hmm.faa
[18:32:14] Deleting unwanted file: prokka_SMBRUOCU/HAMAP.hmm.hmmer3
[18:32:14] Labelling remaining 13 proteins as 'hypothetical protein'
[18:32:14] Found 125 unique /gene codes.
[18:32:14] Fixed 0 colliding /gene names.
[18:32:14] Adding /locus_tag identifiers
[18:32:14] Assigned 173 locus_tags to CDS and RNA features.
[18:32:14] Writing outputs to prokka_SMBRUOCU/
[18:32:14] Generating annotation statistics file
[18:32:14] Generating Genbank and Sequin files
[18:32:14] Running: tbl2asn -V b -a r10k -l paired-ends -M n -N 1 -y 'Annotated using prokka 1.13 from https://github.com/tseemann/prokka' -Z prokka_SMBRUOCU\/SMBRUOCU\.err -i prokka_SMBRUOCU\/SMBRUOCU\.fsa 2> /dev/null
[18:32:14] Deleting unwanted file: prokka_SMBRUOCU/errorsummary.val
[18:32:14] Deleting unwanted file: prokka_SMBRUOCU/SMBRUOCU.dr
[18:32:14] Deleting unwanted file: prokka_SMBRUOCU/SMBRUOCU.fixedproducts
[18:32:14] Deleting unwanted file: prokka_SMBRUOCU/SMBRUOCU.ecn
[18:32:14] Deleting unwanted file: prokka_SMBRUOCU/SMBRUOCU.val
[18:32:14] Repairing broken .GBK output that tbl2asn produces...
[18:32:14] Running: sed 's/COORDINATES: profile/COORDINATES:profile/' < prokka_SMBRUOCU\/SMBRUOCU\.gbf > prokka_SMBRUOCU\/SMBRUOCU\.gbk
[18:32:14] Deleting unwanted file: prokka_SMBRUOCU/SMBRUOCU.gbf
[18:32:14] Output files:
[18:32:14] prokka_SMBRUOCU/SMBRUOCU.ffn
[18:32:14] prokka_SMBRUOCU/SMBRUOCU.tbl
[18:32:14] prokka_SMBRUOCU/SMBRUOCU.log
[18:32:14] prokka_SMBRUOCU/SMBRUOCU.fna
[18:32:14] prokka_SMBRUOCU/SMBRUOCU.fsa
[18:32:14] prokka_SMBRUOCU/SMBRUOCU.gbk
[18:32:14] prokka_SMBRUOCU/SMBRUOCU.err
[18:32:14] prokka_SMBRUOCU/SMBRUOCU.txt
[18:32:14] prokka_SMBRUOCU/SMBRUOCU.sqn
[18:32:14] prokka_SMBRUOCU/SMBRUOCU.tsv
[18:32:14] prokka_SMBRUOCU/SMBRUOCU.faa
[18:32:14] prokka_SMBRUOCU/SMBRUOCU.gff
[18:32:14] Annotation finished successfully.
[18:32:14] Walltime used: 0.07 minutes
[18:32:14] If you use this result please cite the Prokka paper:
[18:32:14] Seemann T (2014) Prokka: rapid prokaryotic genome annotation. Bioinformatics. 30(14):2068-9.
[18:32:14] Type 'prokka --citation' for more details.
[18:32:14] Thank you, come again.
