[20:20:42] This is prokka 1.14.6
[20:20:42] Written by Torsten Seemann <torsten.seemann@gmail.com>
[20:20:42] Homepage is https://github.com/tseemann/prokka
[20:20:42] Local time is Tue Aug  9 20:20:42 2022
[20:20:42] You are diego
[20:20:42] Operating system is linux
[20:20:42] You have BioPerl 1.007002
[20:20:42] System has 12 cores.
[20:20:42] Will use maximum of 8 cores.
[20:20:42] Annotating as >>> Bacteria <<<
[20:20:42] Enabling options to ensure Genbank/ENA/DDJB submission compliance.
[20:20:42] Creating new output folder: prokka_VFKELVIT_pseudofinder
[20:20:42] Running: mkdir -p prokka_VFKELVIT_pseudofinder
[20:20:42] Using filename prefix: VFKELVIT.XXX
[20:20:42] Setting HMMER_NCPU=1
[20:20:42] Writing log to: prokka_VFKELVIT_pseudofinder/VFKELVIT.log
[20:20:42] Command: /home/diego/miniconda3/envs/prokka_env/bin/prokka VFKELVIT.fasta --prefix VFKELVIT --locustag VFKELVIT --outdir prokka_VFKELVIT_pseudofinder -gcode 11 --compliant --rfam --cdsrnaolap --force
[20:20:42] Appending to PATH: /home/diego/miniconda3/envs/prokka_env/bin
[20:20:42] Looking for 'aragorn' - found /home/diego/miniconda3/envs/prokka_env/bin/aragorn
[20:20:42] Determined aragorn version is 001002 from 'ARAGORN v1.2.38 Dean Laslett'
[20:20:42] Looking for 'barrnap' - found /home/diego/miniconda3/envs/prokka_env/bin/barrnap
[20:20:42] Determined barrnap version is 000009 from 'barrnap 0.9'
[20:20:42] Looking for 'blastp' - found /home/diego/miniconda3/envs/prokka_env/bin/blastp
[20:20:42] Determined blastp version is 002010 from 'blastp: 2.10.1+'
[20:20:42] Looking for 'cmpress' - found /home/diego/miniconda3/envs/prokka_env/bin/cmpress
[20:20:42] Determined cmpress version is 001001 from '# INFERNAL 1.1.3 (Nov 2019)'
[20:20:42] Looking for 'cmscan' - found /home/diego/miniconda3/envs/prokka_env/bin/cmscan
[20:20:42] Determined cmscan version is 001001 from '# INFERNAL 1.1.3 (Nov 2019)'
[20:20:42] Looking for 'egrep' - found /usr/bin/egrep
[20:20:42] Looking for 'find' - found /usr/bin/find
[20:20:42] Looking for 'grep' - found /usr/bin/grep
[20:20:42] Looking for 'hmmpress' - found /home/diego/miniconda3/envs/prokka_env/bin/hmmpress
[20:20:42] Determined hmmpress version is 003003 from '# HMMER 3.3.2 (Nov 2020); http://hmmer.org/'
[20:20:42] Looking for 'hmmscan' - found /home/diego/miniconda3/envs/prokka_env/bin/hmmscan
[20:20:42] Determined hmmscan version is 003003 from '# HMMER 3.3.2 (Nov 2020); http://hmmer.org/'
[20:20:42] Looking for 'java' - found /home/diego/miniconda3/envs/prokka_env/bin/java
[20:20:42] Looking for 'makeblastdb' - found /home/diego/miniconda3/envs/prokka_env/bin/makeblastdb
[20:20:42] Determined makeblastdb version is 002010 from 'makeblastdb: 2.10.1+'
[20:20:42] Looking for 'minced' - found /home/diego/miniconda3/envs/prokka_env/bin/minced
[20:20:42] Determined minced version is 004002 from 'minced 0.4.2'
[20:20:42] Looking for 'parallel' - found /home/diego/miniconda3/envs/prokka_env/bin/parallel
[20:20:42] Determined parallel version is 20201122 from 'GNU parallel 20201122'
[20:20:42] Looking for 'prodigal' - found /home/diego/miniconda3/envs/prokka_env/bin/prodigal
[20:20:42] Determined prodigal version is 002006 from 'Prodigal V2.6.3: February, 2016'
[20:20:42] Looking for 'prokka-genbank_to_fasta_db' - found /home/diego/miniconda3/envs/prokka_env/bin/prokka-genbank_to_fasta_db
[20:20:42] Looking for 'rnammer' - found /home/diego/rnammer-1.2.src/rnammer
[20:20:42] Determined rnammer version is 001002 from 'This rnammer 1.2, running from '/home/diego/rnammer-1.2.src/''
[20:20:42] Looking for 'sed' - found /usr/bin/sed
[20:20:42] Looking for 'tbl2asn' - found /home/diego/tbl2asn
[20:20:42] Determined tbl2asn version is 025008 from 'tbl2asn 25.8   arguments:'
[20:20:42] Using genetic code table 11.
[20:20:42] Loading and checking input file: VFKELVIT.fasta
[20:20:42] Wrote 1 contigs totalling 102682 bp.
[20:20:42] Predicting tRNAs and tmRNAs
[20:20:42] Running: aragorn -l -gc11  -w prokka_VFKELVIT_pseudofinder\/VFKELVIT\.fna
[20:20:42] 1 tRNA-Leu c[40633,40710] 37 (taa)
[20:20:42] 2 tRNA-Met c[40830,40901] 33 (cat)
[20:20:42] 3 tRNA-Gln c[68595,68673] 36 (ttg)
[20:20:42] 4 tRNA-Ala c[68675,68747] 33 (tgc)
[20:20:42] Found 4 tRNAs
[20:20:42] Predicting Ribosomal RNAs
[20:20:42] Running Barrnap with 8 threads
[20:20:43] 1 gnl|Prokka|VFKELVIT_1 65674 23S ribosomal RNA
[20:20:43] 2 gnl|Prokka|VFKELVIT_1 68780 16S ribosomal RNA
[20:20:43] Found 2 rRNAs
[20:20:43] Scanning for ncRNAs... please be patient.
[20:20:43] Running: cmscan -Z 0.205364 --cut_ga --rfam --nohmmonly --fmt 2 --cpu 8 --tblout /dev/stdout -o /dev/null --noali /home/diego/miniconda3/envs/prokka_env/db/cm/Bacteria prokka_VFKELVIT_pseudofinder\/VFKELVIT\.fna
[20:20:46] Found 0 ncRNAs.
[20:20:46] Total of 6 tRNA + rRNA features
[20:20:46] Searching for CRISPR repeats
[20:20:46] Found 0 CRISPRs
[20:20:46] Predicting coding sequences
[20:20:46] Contigs total 102682 bp, so using single mode
[20:20:46] Running: prodigal -i prokka_VFKELVIT_pseudofinder\/VFKELVIT\.fna -c -m -g 11 -p single -f sco -q
[20:20:47] Found 133 CDS
[20:20:47] Connecting features back to sequences
[20:20:47] Not using genus-specific database. Try --usegenus to enable it.
[20:20:47] Annotating CDS, please be patient.
[20:20:47] Will use 8 CPUs for similarity searching.
[20:20:47] There are still 133 unannotated CDS left (started with 133)
[20:20:47] Will use blast to search against /home/diego/miniconda3/envs/prokka_env/db/kingdom/Bacteria/IS with 8 CPUs
[20:20:47] Running: cat prokka_VFKELVIT_pseudofinder\/VFKELVIT\.IS\.tmp\.204147\.faa | parallel --gnu --plain -j 8 --block 1867 --recstart '>' --pipe blastp -query - -db /home/diego/miniconda3/envs/prokka_env/db/kingdom/Bacteria/IS -evalue 1e-30 -qcov_hsp_perc 90 -num_threads 1 -num_descriptions 1 -num_alignments 1 -seg no > prokka_VFKELVIT_pseudofinder\/VFKELVIT\.IS\.tmp\.204147\.blast 2> /dev/null
[20:20:47] Deleting unwanted file: prokka_VFKELVIT_pseudofinder/VFKELVIT.IS.tmp.204147.faa
[20:20:47] Deleting unwanted file: prokka_VFKELVIT_pseudofinder/VFKELVIT.IS.tmp.204147.blast
[20:20:47] There are still 133 unannotated CDS left (started with 133)
[20:20:47] Will use blast to search against /home/diego/miniconda3/envs/prokka_env/db/kingdom/Bacteria/AMR with 8 CPUs
[20:20:47] Running: cat prokka_VFKELVIT_pseudofinder\/VFKELVIT\.AMR\.tmp\.204147\.faa | parallel --gnu --plain -j 8 --block 1867 --recstart '>' --pipe blastp -query - -db /home/diego/miniconda3/envs/prokka_env/db/kingdom/Bacteria/AMR -evalue 9.99999999999999e-301 -qcov_hsp_perc 90 -num_threads 1 -num_descriptions 1 -num_alignments 1 -seg no > prokka_VFKELVIT_pseudofinder\/VFKELVIT\.AMR\.tmp\.204147\.blast 2> /dev/null
[20:20:48] Deleting unwanted file: prokka_VFKELVIT_pseudofinder/VFKELVIT.AMR.tmp.204147.faa
[20:20:48] Deleting unwanted file: prokka_VFKELVIT_pseudofinder/VFKELVIT.AMR.tmp.204147.blast
[20:20:48] There are still 133 unannotated CDS left (started with 133)
[20:20:48] Will use blast to search against /home/diego/miniconda3/envs/prokka_env/db/kingdom/Bacteria/sprot with 8 CPUs
[20:20:48] Running: cat prokka_VFKELVIT_pseudofinder\/VFKELVIT\.sprot\.tmp\.204147\.faa | parallel --gnu --plain -j 8 --block 1867 --recstart '>' --pipe blastp -query - -db /home/diego/miniconda3/envs/prokka_env/db/kingdom/Bacteria/sprot -evalue 1e-09 -qcov_hsp_perc 80 -num_threads 1 -num_descriptions 1 -num_alignments 1 -seg no > prokka_VFKELVIT_pseudofinder\/VFKELVIT\.sprot\.tmp\.204147\.blast 2> /dev/null
[20:20:51] Modify product: Probable phosphatase Rv3661 => putative phosphatase
[20:20:51] Cleaned 1 /product names
[20:20:51] Deleting unwanted file: prokka_VFKELVIT_pseudofinder/VFKELVIT.sprot.tmp.204147.faa
[20:20:51] Deleting unwanted file: prokka_VFKELVIT_pseudofinder/VFKELVIT.sprot.tmp.204147.blast
[20:20:51] There are still 71 unannotated CDS left (started with 133)
[20:20:51] Will use hmmer3 to search against /home/diego/miniconda3/envs/prokka_env/db/hmm/HAMAP.hmm with 8 CPUs
[20:20:51] Running: cat prokka_VFKELVIT_pseudofinder\/VFKELVIT\.HAMAP\.hmm\.tmp\.204147\.faa | parallel --gnu --plain -j 8 --block 619 --recstart '>' --pipe hmmscan --noali --notextw --acc -E 1e-09 --cpu 1 /home/diego/miniconda3/envs/prokka_env/db/hmm/HAMAP.hmm /dev/stdin > prokka_VFKELVIT_pseudofinder\/VFKELVIT\.HAMAP\.hmm\.tmp\.204147\.hmmer3 2> /dev/null
[20:20:52] Deleting unwanted file: prokka_VFKELVIT_pseudofinder/VFKELVIT.HAMAP.hmm.tmp.204147.faa
[20:20:52] Deleting unwanted file: prokka_VFKELVIT_pseudofinder/VFKELVIT.HAMAP.hmm.tmp.204147.hmmer3
[20:20:52] Labelling remaining 60 proteins as 'hypothetical protein'
[20:20:52] Found 71 unique /gene codes.
[20:20:52] Fixed 0 colliding /gene names.
[20:20:52] Adding /locus_tag identifiers
[20:20:52] Assigned 139 locus_tags to CDS and RNA features.
[20:20:52] Writing outputs to prokka_VFKELVIT_pseudofinder/
[20:20:52] Generating annotation statistics file
[20:20:52] Generating Genbank and Sequin files
[20:20:52] Running: tbl2asn -V b -a r10k -l paired-ends -M n -N 1 -y 'Annotated using prokka 1.14.6 from https://github.com/tseemann/prokka' -Z prokka_VFKELVIT_pseudofinder\/VFKELVIT\.err -i prokka_VFKELVIT_pseudofinder\/VFKELVIT\.fsa 2> /dev/null
[20:20:52] Deleting unwanted file: prokka_VFKELVIT_pseudofinder/errorsummary.val
[20:20:52] Deleting unwanted file: prokka_VFKELVIT_pseudofinder/VFKELVIT.dr
[20:20:52] Deleting unwanted file: prokka_VFKELVIT_pseudofinder/VFKELVIT.fixedproducts
[20:20:52] Deleting unwanted file: prokka_VFKELVIT_pseudofinder/VFKELVIT.ecn
[20:20:52] Deleting unwanted file: prokka_VFKELVIT_pseudofinder/VFKELVIT.val
[20:20:52] Repairing broken .GBK output that tbl2asn produces...
[20:20:52] Running: sed 's/COORDINATES: profile/COORDINATES:profile/' < prokka_VFKELVIT_pseudofinder\/VFKELVIT\.gbf > prokka_VFKELVIT_pseudofinder\/VFKELVIT\.gbk
[20:20:52] Deleting unwanted file: prokka_VFKELVIT_pseudofinder/VFKELVIT.gbf
[20:20:52] Output files:
[20:20:52] prokka_VFKELVIT_pseudofinder/VFKELVIT.gbk
[20:20:52] prokka_VFKELVIT_pseudofinder/VFKELVIT.err
[20:20:52] prokka_VFKELVIT_pseudofinder/VFKELVIT.tsv
[20:20:52] prokka_VFKELVIT_pseudofinder/VFKELVIT.fsa
[20:20:52] prokka_VFKELVIT_pseudofinder/VFKELVIT.ffn
[20:20:52] prokka_VFKELVIT_pseudofinder/VFKELVIT.tbl
[20:20:52] prokka_VFKELVIT_pseudofinder/VFKELVIT.txt
[20:20:52] prokka_VFKELVIT_pseudofinder/VFKELVIT.faa
[20:20:52] prokka_VFKELVIT_pseudofinder/VFKELVIT.gff
[20:20:52] prokka_VFKELVIT_pseudofinder/VFKELVIT.sqn
[20:20:52] prokka_VFKELVIT_pseudofinder/VFKELVIT.log
[20:20:52] prokka_VFKELVIT_pseudofinder/VFKELVIT.fna
[20:20:52] Annotation finished successfully.
[20:20:52] Walltime used: 0.17 minutes
[20:20:52] If you use this result please cite the Prokka paper:
[20:20:52] Seemann T (2014) Prokka: rapid prokaryotic genome annotation. Bioinformatics. 30(14):2068-9.
[20:20:52] Type 'prokka --citation' for more details.
[20:20:52] Thank you, come again.
