Discrepancy Report Results

Summary
FATAL: MISSING_PROTEIN_ID:123 proteins have invalid IDs.
DISC_SOURCE_QUALS_ASNDISC:strain (all present, all unique)
DISC_SOURCE_QUALS_ASNDISC:taxname (all present, all unique)
DISC_FEATURE_COUNT:CDS: 123 present
DISC_FEATURE_COUNT:tRNA: 28 present
DISC_FEATURE_COUNT:rRNA: 2 present
DISC_COUNT_NUCLEOTIDES:1 nucleotide Bioseqs are present
FEATURE_LOCATION_CONFLICT:153 features have inconsistent gene locations.
DISC_QUALITY_SCORES:Quality scores are missing on all sequences.
ONCALLER_COMMENT_PRESENT:1 comment descriptors were found (all same)
SHORT_PROT_SEQUENCES:3 protein sequences are shorter than 50 aa.
MISSING_GENOMEASSEMBLY_COMMENTS:1 bioseqs are missing GenomeAssembly structured comments
MOLTYPE_NOT_MRNA:1 molecule types are not set as mRNA.
TECHNIQUE_NOT_TSA:1 technique are not set as TSA
MISSING_STRUCTURED_COMMENT:1 sequences do not include structured comments.
MISSING_PROJECT:124 sequences do not include project.
DISC_INCONSISTENT_MOLINFO_TECH:Molinfo Technique Report (some missing, all same)


Detailed Report

FATAL: DiscRep_ALL:MISSING_PROTEIN_ID::123 proteins have invalid IDs.
prokka_VFAGAHAV/VFAGAHAV:VFAGAHAV_1 (length 125)
prokka_VFAGAHAV/VFAGAHAV:VFAGAHAV_2 (length 198)
prokka_VFAGAHAV/VFAGAHAV:VFAGAHAV_3 (length 137)
prokka_VFAGAHAV/VFAGAHAV:VFAGAHAV_4 (length 114)
prokka_VFAGAHAV/VFAGAHAV:VFAGAHAV_5 (length 1283)
prokka_VFAGAHAV/VFAGAHAV:VFAGAHAV_6 (length 1294)
prokka_VFAGAHAV/VFAGAHAV:VFAGAHAV_7 (length 129)
prokka_VFAGAHAV/VFAGAHAV:VFAGAHAV_8 (length 157)
prokka_VFAGAHAV/VFAGAHAV:VFAGAHAV_9 (length 679)
prokka_VFAGAHAV/VFAGAHAV:VFAGAHAV_10 (length 98)
prokka_VFAGAHAV/VFAGAHAV:VFAGAHAV_11 (length 137)
prokka_VFAGAHAV/VFAGAHAV:VFAGAHAV_12 (length 228)
prokka_VFAGAHAV/VFAGAHAV:VFAGAHAV_13 (length 365)
prokka_VFAGAHAV/VFAGAHAV:VFAGAHAV_14 (length 129)
prokka_VFAGAHAV/VFAGAHAV:VFAGAHAV_15 (length 97)
prokka_VFAGAHAV/VFAGAHAV:VFAGAHAV_16 (length 261)
prokka_VFAGAHAV/VFAGAHAV:VFAGAHAV_17 (length 220)
prokka_VFAGAHAV/VFAGAHAV:VFAGAHAV_18 (length 489)
prokka_VFAGAHAV/VFAGAHAV:VFAGAHAV_19 (length 281)
prokka_VFAGAHAV/VFAGAHAV:VFAGAHAV_20 (length 158)
prokka_VFAGAHAV/VFAGAHAV:VFAGAHAV_21 (length 248)
prokka_VFAGAHAV/VFAGAHAV:VFAGAHAV_22 (length 367)
prokka_VFAGAHAV/VFAGAHAV:VFAGAHAV_23 (length 439)
prokka_VFAGAHAV/VFAGAHAV:VFAGAHAV_24 (length 231)
prokka_VFAGAHAV/VFAGAHAV:VFAGAHAV_25 (length 290)
prokka_VFAGAHAV/VFAGAHAV:VFAGAHAV_26 (length 765)
prokka_VFAGAHAV/VFAGAHAV:VFAGAHAV_27 (length 45)
prokka_VFAGAHAV/VFAGAHAV:VFAGAHAV_28 (length 60)
prokka_VFAGAHAV/VFAGAHAV:VFAGAHAV_29 (length 738)
prokka_VFAGAHAV/VFAGAHAV:VFAGAHAV_30 (length 250)
prokka_VFAGAHAV/VFAGAHAV:VFAGAHAV_31 (length 388)
prokka_VFAGAHAV/VFAGAHAV:VFAGAHAV_32 (length 286)
prokka_VFAGAHAV/VFAGAHAV:VFAGAHAV_33 (length 240)
prokka_VFAGAHAV/VFAGAHAV:VFAGAHAV_34 (length 301)
prokka_VFAGAHAV/VFAGAHAV:VFAGAHAV_35 (length 190)
prokka_VFAGAHAV/VFAGAHAV:VFAGAHAV_36 (length 413)
prokka_VFAGAHAV/VFAGAHAV:VFAGAHAV_37 (length 464)
prokka_VFAGAHAV/VFAGAHAV:VFAGAHAV_38 (length 315)
prokka_VFAGAHAV/VFAGAHAV:VFAGAHAV_39 (length 319)
prokka_VFAGAHAV/VFAGAHAV:VFAGAHAV_40 (length 398)
prokka_VFAGAHAV/VFAGAHAV:VFAGAHAV_41 (length 953)
prokka_VFAGAHAV/VFAGAHAV:VFAGAHAV_42 (length 247)
prokka_VFAGAHAV/VFAGAHAV:VFAGAHAV_43 (length 340)
prokka_VFAGAHAV/VFAGAHAV:VFAGAHAV_44 (length 185)
prokka_VFAGAHAV/VFAGAHAV:VFAGAHAV_45 (length 383)
prokka_VFAGAHAV/VFAGAHAV:VFAGAHAV_46 (length 239)
prokka_VFAGAHAV/VFAGAHAV:VFAGAHAV_47 (length 86)
prokka_VFAGAHAV/VFAGAHAV:VFAGAHAV_48 (length 76)
prokka_VFAGAHAV/VFAGAHAV:VFAGAHAV_49 (length 345)
prokka_VFAGAHAV/VFAGAHAV:VFAGAHAV_50 (length 1023)
prokka_VFAGAHAV/VFAGAHAV:VFAGAHAV_51 (length 175)
prokka_VFAGAHAV/VFAGAHAV:VFAGAHAV_52 (length 188)
prokka_VFAGAHAV/VFAGAHAV:VFAGAHAV_53 (length 197)
prokka_VFAGAHAV/VFAGAHAV:VFAGAHAV_54 (length 415)
prokka_VFAGAHAV/VFAGAHAV:VFAGAHAV_55 (length 308)
prokka_VFAGAHAV/VFAGAHAV:VFAGAHAV_56 (length 190)
prokka_VFAGAHAV/VFAGAHAV:VFAGAHAV_57 (length 200)
prokka_VFAGAHAV/VFAGAHAV:VFAGAHAV_58 (length 228)
prokka_VFAGAHAV/VFAGAHAV:VFAGAHAV_59 (length 246)
prokka_VFAGAHAV/VFAGAHAV:VFAGAHAV_60 (length 98)
prokka_VFAGAHAV/VFAGAHAV:VFAGAHAV_61 (length 151)
prokka_VFAGAHAV/VFAGAHAV:VFAGAHAV_62 (length 112)
prokka_VFAGAHAV/VFAGAHAV:VFAGAHAV_63 (length 164)
prokka_VFAGAHAV/VFAGAHAV:VFAGAHAV_64 (length 298)
prokka_VFAGAHAV/VFAGAHAV:VFAGAHAV_65 (length 360)
prokka_VFAGAHAV/VFAGAHAV:VFAGAHAV_66 (length 273)
prokka_VFAGAHAV/VFAGAHAV:VFAGAHAV_67 (length 360)
prokka_VFAGAHAV/VFAGAHAV:VFAGAHAV_68 (length 440)
prokka_VFAGAHAV/VFAGAHAV:VFAGAHAV_69 (length 373)
prokka_VFAGAHAV/VFAGAHAV:VFAGAHAV_70 (length 417)
prokka_VFAGAHAV/VFAGAHAV:VFAGAHAV_71 (length 52)
prokka_VFAGAHAV/VFAGAHAV:VFAGAHAV_72 (length 100)
prokka_VFAGAHAV/VFAGAHAV:VFAGAHAV_73 (length 98)
prokka_VFAGAHAV/VFAGAHAV:VFAGAHAV_74 (length 424)
prokka_VFAGAHAV/VFAGAHAV:VFAGAHAV_75 (length 600)
prokka_VFAGAHAV/VFAGAHAV:VFAGAHAV_76 (length 79)
prokka_VFAGAHAV/VFAGAHAV:VFAGAHAV_77 (length 521)
prokka_VFAGAHAV/VFAGAHAV:VFAGAHAV_78 (length 410)
prokka_VFAGAHAV/VFAGAHAV:VFAGAHAV_79 (length 335)
prokka_VFAGAHAV/VFAGAHAV:VFAGAHAV_80 (length 355)
prokka_VFAGAHAV/VFAGAHAV:VFAGAHAV_81 (length 44)
prokka_VFAGAHAV/VFAGAHAV:VFAGAHAV_82 (length 195)
prokka_VFAGAHAV/VFAGAHAV:VFAGAHAV_83 (length 328)
prokka_VFAGAHAV/VFAGAHAV:VFAGAHAV_84 (length 602)
prokka_VFAGAHAV/VFAGAHAV:VFAGAHAV_85 (length 150)
prokka_VFAGAHAV/VFAGAHAV:VFAGAHAV_86 (length 312)
prokka_VFAGAHAV/VFAGAHAV:VFAGAHAV_87 (length 329)
prokka_VFAGAHAV/VFAGAHAV:VFAGAHAV_88 (length 166)
prokka_VFAGAHAV/VFAGAHAV:VFAGAHAV_89 (length 654)
prokka_VFAGAHAV/VFAGAHAV:VFAGAHAV_90 (length 209)
prokka_VFAGAHAV/VFAGAHAV:VFAGAHAV_91 (length 399)
prokka_VFAGAHAV/VFAGAHAV:VFAGAHAV_92 (length 180)
prokka_VFAGAHAV/VFAGAHAV:VFAGAHAV_93 (length 171)
prokka_VFAGAHAV/VFAGAHAV:VFAGAHAV_94 (length 81)
prokka_VFAGAHAV/VFAGAHAV:VFAGAHAV_95 (length 106)
prokka_VFAGAHAV/VFAGAHAV:VFAGAHAV_96 (length 270)
prokka_VFAGAHAV/VFAGAHAV:VFAGAHAV_97 (length 399)
prokka_VFAGAHAV/VFAGAHAV:VFAGAHAV_98 (length 135)
prokka_VFAGAHAV/VFAGAHAV:VFAGAHAV_99 (length 193)
prokka_VFAGAHAV/VFAGAHAV:VFAGAHAV_100 (length 61)
prokka_VFAGAHAV/VFAGAHAV:VFAGAHAV_101 (length 260)
prokka_VFAGAHAV/VFAGAHAV:VFAGAHAV_102 (length 91)
prokka_VFAGAHAV/VFAGAHAV:VFAGAHAV_103 (length 111)
prokka_VFAGAHAV/VFAGAHAV:VFAGAHAV_104 (length 201)
prokka_VFAGAHAV/VFAGAHAV:VFAGAHAV_105 (length 133)
prokka_VFAGAHAV/VFAGAHAV:VFAGAHAV_106 (length 74)
prokka_VFAGAHAV/VFAGAHAV:VFAGAHAV_107 (length 121)
prokka_VFAGAHAV/VFAGAHAV:VFAGAHAV_108 (length 184)
prokka_VFAGAHAV/VFAGAHAV:VFAGAHAV_109 (length 100)
prokka_VFAGAHAV/VFAGAHAV:VFAGAHAV_110 (length 121)
prokka_VFAGAHAV/VFAGAHAV:VFAGAHAV_111 (length 171)
prokka_VFAGAHAV/VFAGAHAV:VFAGAHAV_112 (length 110)
prokka_VFAGAHAV/VFAGAHAV:VFAGAHAV_113 (length 144)
prokka_VFAGAHAV/VFAGAHAV:VFAGAHAV_114 (length 110)
prokka_VFAGAHAV/VFAGAHAV:VFAGAHAV_115 (length 70)
prokka_VFAGAHAV/VFAGAHAV:VFAGAHAV_116 (length 37)
prokka_VFAGAHAV/VFAGAHAV:VFAGAHAV_117 (length 115)
prokka_VFAGAHAV/VFAGAHAV:VFAGAHAV_118 (length 113)
prokka_VFAGAHAV/VFAGAHAV:VFAGAHAV_119 (length 170)
prokka_VFAGAHAV/VFAGAHAV:VFAGAHAV_120 (length 214)
prokka_VFAGAHAV/VFAGAHAV:VFAGAHAV_121 (length 107)
prokka_VFAGAHAV/VFAGAHAV:VFAGAHAV_122 (length 371)
prokka_VFAGAHAV/VFAGAHAV:VFAGAHAV_123 (length 83)

DiscRep_ALL:DISC_SOURCE_QUALS_ASNDISC::strain (all present, all unique)
DiscRep_SUB:DISC_SOURCE_QUALS_ASNDISC::1 sources have unique values for strain
DiscRep_ALL:DISC_SOURCE_QUALS_ASNDISC::taxname (all present, all unique)
DiscRep_SUB:DISC_SOURCE_QUALS_ASNDISC::1 sources have unique values for taxname
DiscRep_ALL:DISC_FEATURE_COUNT::CDS: 123 present
DiscRep_ALL:DISC_FEATURE_COUNT::tRNA: 28 present
DiscRep_ALL:DISC_FEATURE_COUNT::rRNA: 2 present
DiscRep_ALL:DISC_COUNT_NUCLEOTIDES::1 nucleotide Bioseqs are present
prokka_VFAGAHAV/VFAGAHAV:VFAGAHAV (length 120353)

DiscRep_ALL:FEATURE_LOCATION_CONFLICT::153 features have inconsistent gene locations.
DiscRep_SUB:FEATURE_LOCATION_CONFLICT::Coding region xref gene does not exist
prokka_VFAGAHAV/VFAGAHAV:CDS	50S ribosomal protein L11	VFAGAHAV:1270-1647	VFAGAHAV_00002

DiscRep_SUB:FEATURE_LOCATION_CONFLICT::Coding region xref gene does not exist
prokka_VFAGAHAV/VFAGAHAV:CDS	hypothetical protein	VFAGAHAV:1640-2236	VFAGAHAV_00003

DiscRep_SUB:FEATURE_LOCATION_CONFLICT::Coding region xref gene does not exist
prokka_VFAGAHAV/VFAGAHAV:CDS	hypothetical protein	VFAGAHAV:2233-2646	VFAGAHAV_00004

DiscRep_SUB:FEATURE_LOCATION_CONFLICT::Coding region xref gene does not exist
prokka_VFAGAHAV/VFAGAHAV:CDS	hypothetical protein	VFAGAHAV:2624-2968	VFAGAHAV_00005

DiscRep_SUB:FEATURE_LOCATION_CONFLICT::Coding region xref gene does not exist
prokka_VFAGAHAV/VFAGAHAV:CDS	DNA-directed RNA polymerase subunit beta	VFAGAHAV:2962-6813	VFAGAHAV_00006

DiscRep_SUB:FEATURE_LOCATION_CONFLICT::Coding region xref gene does not exist
prokka_VFAGAHAV/VFAGAHAV:CDS	DNA-directed RNA polymerase subunit beta'	VFAGAHAV:6810-10694	VFAGAHAV_00007

DiscRep_SUB:FEATURE_LOCATION_CONFLICT::Coding region xref gene does not exist
prokka_VFAGAHAV/VFAGAHAV:CDS	30S ribosomal protein S12	VFAGAHAV:10672-11061	VFAGAHAV_00008

DiscRep_SUB:FEATURE_LOCATION_CONFLICT::Coding region xref gene does not exist
prokka_VFAGAHAV/VFAGAHAV:CDS	30S ribosomal protein S7	VFAGAHAV:11033-11506	VFAGAHAV_00009

DiscRep_SUB:FEATURE_LOCATION_CONFLICT::Coding region xref gene does not exist
prokka_VFAGAHAV/VFAGAHAV:CDS	Elongation factor G	VFAGAHAV:11506-13545	VFAGAHAV_00010

DiscRep_SUB:FEATURE_LOCATION_CONFLICT::Coding region xref gene does not exist
prokka_VFAGAHAV/VFAGAHAV:CDS	hypothetical protein	VFAGAHAV:13542-13838	VFAGAHAV_00011

DiscRep_SUB:FEATURE_LOCATION_CONFLICT::Coding region xref gene does not exist
prokka_VFAGAHAV/VFAGAHAV:CDS	hypothetical protein	VFAGAHAV:14294-14707	VFAGAHAV_00013

DiscRep_SUB:FEATURE_LOCATION_CONFLICT::Coding region xref gene does not exist
prokka_VFAGAHAV/VFAGAHAV:CDS	Ribosomal RNA small subunit methyltransferase A	VFAGAHAV:c15371-14685	VFAGAHAV_00014

DiscRep_SUB:FEATURE_LOCATION_CONFLICT::Coding region xref gene does not exist
prokka_VFAGAHAV/VFAGAHAV:CDS	hypothetical protein	VFAGAHAV:c16444-15347	VFAGAHAV_00015

DiscRep_SUB:FEATURE_LOCATION_CONFLICT::Coding region xref gene does not exist
prokka_VFAGAHAV/VFAGAHAV:CDS	30S ribosomal protein S9	VFAGAHAV:c16830-16441	VFAGAHAV_00016

DiscRep_SUB:FEATURE_LOCATION_CONFLICT::Coding region xref gene does not exist
prokka_VFAGAHAV/VFAGAHAV:CDS	hypothetical protein	VFAGAHAV:c17120-16827	VFAGAHAV_00017

DiscRep_SUB:FEATURE_LOCATION_CONFLICT::Coding region xref gene does not exist
prokka_VFAGAHAV/VFAGAHAV:CDS	Diaminopimelate epimerase	VFAGAHAV:c17902-17117	VFAGAHAV_00018

DiscRep_SUB:FEATURE_LOCATION_CONFLICT::Coding region xref gene does not exist
prokka_VFAGAHAV/VFAGAHAV:CDS	Ribose-5-phosphate isomerase A	VFAGAHAV:c18551-17889	VFAGAHAV_00019

DiscRep_SUB:FEATURE_LOCATION_CONFLICT::Coding region xref gene does not exist
prokka_VFAGAHAV/VFAGAHAV:CDS	Translation initiation factor IF-2	VFAGAHAV:c20020-18551	VFAGAHAV_00020

DiscRep_SUB:FEATURE_LOCATION_CONFLICT::Coding region xref gene does not exist
prokka_VFAGAHAV/VFAGAHAV:CDS	Putative ribose-phosphate pyrophosphokinase	VFAGAHAV:20108-20953	VFAGAHAV_00022

DiscRep_SUB:FEATURE_LOCATION_CONFLICT::Coding region xref gene does not exist
prokka_VFAGAHAV/VFAGAHAV:CDS	hypothetical protein	VFAGAHAV:20946-21422	VFAGAHAV_00023

DiscRep_SUB:FEATURE_LOCATION_CONFLICT::Coding region xref gene does not exist
prokka_VFAGAHAV/VFAGAHAV:CDS	Ribosomal RNA large subunit methyltransferase K/L	VFAGAHAV:c22163-21417	VFAGAHAV_00024

DiscRep_SUB:FEATURE_LOCATION_CONFLICT::Coding region xref gene does not exist
prokka_VFAGAHAV/VFAGAHAV:CDS	Cysteine desulfurase IscS	VFAGAHAV:22243-23346	VFAGAHAV_00025

DiscRep_SUB:FEATURE_LOCATION_CONFLICT::Coding region xref gene does not exist
prokka_VFAGAHAV/VFAGAHAV:CDS	Lysine--tRNA ligase	VFAGAHAV:c24651-23332	VFAGAHAV_00026

DiscRep_SUB:FEATURE_LOCATION_CONFLICT::Coding region xref gene does not exist
prokka_VFAGAHAV/VFAGAHAV:CDS	Peptide chain release factor RF2	VFAGAHAV:c25324-24629	VFAGAHAV_00027

DiscRep_SUB:FEATURE_LOCATION_CONFLICT::Coding region xref gene does not exist
prokka_VFAGAHAV/VFAGAHAV:CDS	4-hydroxy-tetrahydrodipicolinate synthase	VFAGAHAV:c26186-25314	VFAGAHAV_00028

DiscRep_SUB:FEATURE_LOCATION_CONFLICT::Coding region xref gene does not exist
prokka_VFAGAHAV/VFAGAHAV:CDS	hypothetical protein	VFAGAHAV:c30762-28465	VFAGAHAV_00030

DiscRep_SUB:FEATURE_LOCATION_CONFLICT::Coding region xref gene does not exist
prokka_VFAGAHAV/VFAGAHAV:CDS	hypothetical protein	VFAGAHAV:c30896-30759	VFAGAHAV_00031

DiscRep_SUB:FEATURE_LOCATION_CONFLICT::Coding region xref gene does not exist
prokka_VFAGAHAV/VFAGAHAV:CDS	hypothetical protein	VFAGAHAV:c31071-30889	VFAGAHAV_00032

DiscRep_SUB:FEATURE_LOCATION_CONFLICT::Coding region xref gene does not exist
prokka_VFAGAHAV/VFAGAHAV:CDS	5-methyltetrahydropteroyltriglutamate--homocysteine methyltransferase	VFAGAHAV:31087-33303	VFAGAHAV_00033

DiscRep_SUB:FEATURE_LOCATION_CONFLICT::Coding region xref gene does not exist
prokka_VFAGAHAV/VFAGAHAV:CDS	hypothetical protein	VFAGAHAV:33516-34268	VFAGAHAV_00034

DiscRep_SUB:FEATURE_LOCATION_CONFLICT::Coding region xref gene does not exist
prokka_VFAGAHAV/VFAGAHAV:CDS	Cystathionine beta-lyase	VFAGAHAV:34265-35431	VFAGAHAV_00035

DiscRep_SUB:FEATURE_LOCATION_CONFLICT::Coding region xref gene does not exist
prokka_VFAGAHAV/VFAGAHAV:CDS	Peptide chain release factor 1	VFAGAHAV:c36280-35420	VFAGAHAV_00036

DiscRep_SUB:FEATURE_LOCATION_CONFLICT::Coding region xref gene does not exist
prokka_VFAGAHAV/VFAGAHAV:CDS	Indole-3-glycerol phosphate synthase	VFAGAHAV:c36992-36270	VFAGAHAV_00037

DiscRep_SUB:FEATURE_LOCATION_CONFLICT::Coding region xref gene does not exist
prokka_VFAGAHAV/VFAGAHAV:CDS	Anthranilate phosphoribosyltransferase	VFAGAHAV:c37869-36964	VFAGAHAV_00038

DiscRep_SUB:FEATURE_LOCATION_CONFLICT::Coding region xref gene does not exist
prokka_VFAGAHAV/VFAGAHAV:CDS	Aminodeoxychorismate synthase component 2	VFAGAHAV:c38434-37862	VFAGAHAV_00039

DiscRep_SUB:FEATURE_LOCATION_CONFLICT::Coding region xref gene does not exist
prokka_VFAGAHAV/VFAGAHAV:CDS	Isochorismate synthase MenF	VFAGAHAV:c39672-38431	VFAGAHAV_00040

DiscRep_SUB:FEATURE_LOCATION_CONFLICT::Coding region xref gene does not exist
prokka_VFAGAHAV/VFAGAHAV:CDS	Argininosuccinate lyase	VFAGAHAV:c41051-39657	VFAGAHAV_00041

DiscRep_SUB:FEATURE_LOCATION_CONFLICT::Coding region xref gene does not exist
prokka_VFAGAHAV/VFAGAHAV:CDS	Glutamine--tRNA ligase	VFAGAHAV:c42238-41291	VFAGAHAV_00042

DiscRep_SUB:FEATURE_LOCATION_CONFLICT::Coding region xref gene does not exist
prokka_VFAGAHAV/VFAGAHAV:CDS	Homoserine kinase	VFAGAHAV:c43160-42201	VFAGAHAV_00043

DiscRep_SUB:FEATURE_LOCATION_CONFLICT::Coding region xref gene does not exist
prokka_VFAGAHAV/VFAGAHAV:CDS	DNA primase	VFAGAHAV:43213-44409	VFAGAHAV_00044

DiscRep_SUB:FEATURE_LOCATION_CONFLICT::Coding region xref gene does not exist
prokka_VFAGAHAV/VFAGAHAV:CDS	DNA polymerase III subunit alpha	VFAGAHAV:45874-48735	VFAGAHAV_00046

DiscRep_SUB:FEATURE_LOCATION_CONFLICT::Coding region xref gene does not exist
prokka_VFAGAHAV/VFAGAHAV:CDS	hypothetical protein	VFAGAHAV:49060-49803	VFAGAHAV_00049

DiscRep_SUB:FEATURE_LOCATION_CONFLICT::Coding region xref gene does not exist
prokka_VFAGAHAV/VFAGAHAV:CDS	Aspartate-semialdehyde dehydrogenase 1	VFAGAHAV:49793-50815	VFAGAHAV_00050

DiscRep_SUB:FEATURE_LOCATION_CONFLICT::Coding region xref gene does not exist
prokka_VFAGAHAV/VFAGAHAV:CDS	N-(5'-phosphoribosyl)anthranilate isomerase	VFAGAHAV:50808-51365	VFAGAHAV_00051

DiscRep_SUB:FEATURE_LOCATION_CONFLICT::Coding region xref gene does not exist
prokka_VFAGAHAV/VFAGAHAV:CDS	Tryptophan synthase beta chain	VFAGAHAV:51358-52509	VFAGAHAV_00052

DiscRep_SUB:FEATURE_LOCATION_CONFLICT::Coding region xref gene does not exist
prokka_VFAGAHAV/VFAGAHAV:CDS	Tryptophan synthase alpha chain	VFAGAHAV:52506-53225	VFAGAHAV_00053

DiscRep_SUB:FEATURE_LOCATION_CONFLICT::Coding region xref gene does not exist
prokka_VFAGAHAV/VFAGAHAV:CDS	hypothetical protein	VFAGAHAV:53191-53451	VFAGAHAV_00054

DiscRep_SUB:FEATURE_LOCATION_CONFLICT::Coding region xref gene does not exist
prokka_VFAGAHAV/VFAGAHAV:CDS	hypothetical protein	VFAGAHAV:53417-53647	VFAGAHAV_00055

DiscRep_SUB:FEATURE_LOCATION_CONFLICT::Coding region xref gene does not exist
prokka_VFAGAHAV/VFAGAHAV:CDS	Carbamoyl-phosphate synthase small chain	VFAGAHAV:54474-55511	VFAGAHAV_00059

DiscRep_SUB:FEATURE_LOCATION_CONFLICT::Coding region xref gene does not exist
prokka_VFAGAHAV/VFAGAHAV:CDS	Carbamoyl-phosphate synthase large chain	VFAGAHAV:55504-58575	VFAGAHAV_00060

DiscRep_SUB:FEATURE_LOCATION_CONFLICT::Coding region xref gene does not exist
prokka_VFAGAHAV/VFAGAHAV:CDS	Ribosomal RNA large subunit methyltransferase E	VFAGAHAV:58565-59092	VFAGAHAV_00061

DiscRep_SUB:FEATURE_LOCATION_CONFLICT::Coding region xref gene does not exist
prokka_VFAGAHAV/VFAGAHAV:CDS	ATP-dependent Clp protease proteolytic subunit	VFAGAHAV:59082-59648	VFAGAHAV_00062

DiscRep_SUB:FEATURE_LOCATION_CONFLICT::Coding region xref gene does not exist
prokka_VFAGAHAV/VFAGAHAV:CDS	ATP phosphoribosyltransferase	VFAGAHAV:62855-63448	VFAGAHAV_00067

DiscRep_SUB:FEATURE_LOCATION_CONFLICT::Coding region xref gene does not exist
prokka_VFAGAHAV/VFAGAHAV:CDS	Histidinol dehydrogenase	VFAGAHAV:63445-64692	VFAGAHAV_00068

DiscRep_SUB:FEATURE_LOCATION_CONFLICT::Coding region xref gene does not exist
prokka_VFAGAHAV/VFAGAHAV:CDS	Histidinol-phosphate aminotransferase 2	VFAGAHAV:64670-65596	VFAGAHAV_00069

DiscRep_SUB:FEATURE_LOCATION_CONFLICT::Coding region xref gene does not exist
prokka_VFAGAHAV/VFAGAHAV:CDS	Imidazoleglycerol-phosphate dehydratase	VFAGAHAV:65593-66165	VFAGAHAV_00070

DiscRep_SUB:FEATURE_LOCATION_CONFLICT::Coding region xref gene does not exist
prokka_VFAGAHAV/VFAGAHAV:CDS	Imidazole glycerol phosphate synthase subunit HisH	VFAGAHAV:66162-66764	VFAGAHAV_00071

DiscRep_SUB:FEATURE_LOCATION_CONFLICT::Coding region xref gene does not exist
prokka_VFAGAHAV/VFAGAHAV:CDS	1-(5-phosphoribosyl)-5-[(5-phosphoribosylamino)methylideneamino] imidazole-4-carboxamide isomerase	VFAGAHAV:66765-67451	VFAGAHAV_00072

DiscRep_SUB:FEATURE_LOCATION_CONFLICT::Coding region xref gene does not exist
prokka_VFAGAHAV/VFAGAHAV:CDS	Imidazole glycerol phosphate synthase subunit HisF	VFAGAHAV:67441-68181	VFAGAHAV_00073

DiscRep_SUB:FEATURE_LOCATION_CONFLICT::Coding region xref gene does not exist
prokka_VFAGAHAV/VFAGAHAV:CDS	Phosphoribosyl-AMP cyclohydrolase	VFAGAHAV:68175-68471	VFAGAHAV_00074

DiscRep_SUB:FEATURE_LOCATION_CONFLICT::Coding region xref gene does not exist
prokka_VFAGAHAV/VFAGAHAV:CDS	Translation initiation factor IF-3	VFAGAHAV:c70623-70168	VFAGAHAV_00078

DiscRep_SUB:FEATURE_LOCATION_CONFLICT::Coding region xref gene does not exist
prokka_VFAGAHAV/VFAGAHAV:CDS	hypothetical protein	VFAGAHAV:72138-72476	VFAGAHAV_00083

DiscRep_SUB:FEATURE_LOCATION_CONFLICT::Coding region xref gene does not exist
prokka_VFAGAHAV/VFAGAHAV:CDS	hypothetical protein	VFAGAHAV:c72945-72451	VFAGAHAV_00084

DiscRep_SUB:FEATURE_LOCATION_CONFLICT::Coding region xref gene does not exist
prokka_VFAGAHAV/VFAGAHAV:CDS	hypothetical protein	VFAGAHAV:c73838-72942	VFAGAHAV_00085

DiscRep_SUB:FEATURE_LOCATION_CONFLICT::Coding region xref gene does not exist
prokka_VFAGAHAV/VFAGAHAV:CDS	Aspartate aminotransferase	VFAGAHAV:73879-74961	VFAGAHAV_00086

DiscRep_SUB:FEATURE_LOCATION_CONFLICT::Coding region xref gene does not exist
prokka_VFAGAHAV/VFAGAHAV:CDS	2,3,4,5-tetrahydropyridine-2,6-dicarboxylate N-succinyltransferase	VFAGAHAV:74948-75769	VFAGAHAV_00087

DiscRep_SUB:FEATURE_LOCATION_CONFLICT::Coding region xref gene does not exist
prokka_VFAGAHAV/VFAGAHAV:CDS	Succinyl-diaminopimelate desuccinylase	VFAGAHAV:75738-76820	VFAGAHAV_00088

DiscRep_SUB:FEATURE_LOCATION_CONFLICT::Coding region xref gene does not exist
prokka_VFAGAHAV/VFAGAHAV:CDS	Threonine synthase	VFAGAHAV:c78134-76812	VFAGAHAV_00089

DiscRep_SUB:FEATURE_LOCATION_CONFLICT::Coding region xref gene does not exist
prokka_VFAGAHAV/VFAGAHAV:CDS	Homoserine dehydrogenase	VFAGAHAV:c79252-78131	VFAGAHAV_00090

DiscRep_SUB:FEATURE_LOCATION_CONFLICT::Coding region xref gene does not exist
prokka_VFAGAHAV/VFAGAHAV:CDS	Replicative DNA helicase	VFAGAHAV:c80495-79242	VFAGAHAV_00091

DiscRep_SUB:FEATURE_LOCATION_CONFLICT::Coding region xref gene does not exist
prokka_VFAGAHAV/VFAGAHAV:CDS	hypothetical protein	VFAGAHAV:c80664-80506	VFAGAHAV_00092

DiscRep_SUB:FEATURE_LOCATION_CONFLICT::Coding region xref gene does not exist
prokka_VFAGAHAV/VFAGAHAV:CDS	hypothetical protein	VFAGAHAV:c80963-80661	VFAGAHAV_00093

DiscRep_SUB:FEATURE_LOCATION_CONFLICT::Coding region xref gene does not exist
prokka_VFAGAHAV/VFAGAHAV:CDS	hypothetical protein	VFAGAHAV:80964-81260	VFAGAHAV_00094

DiscRep_SUB:FEATURE_LOCATION_CONFLICT::Coding region xref gene does not exist
prokka_VFAGAHAV/VFAGAHAV:CDS	tRNA modification GTPase MnmE	VFAGAHAV:81640-82914	VFAGAHAV_00097

DiscRep_SUB:FEATURE_LOCATION_CONFLICT::Coding region xref gene does not exist
prokka_VFAGAHAV/VFAGAHAV:CDS	tRNA uridine 5-carboxymethylaminomethyl modification enzyme MnmG	VFAGAHAV:82911-84713	VFAGAHAV_00098

DiscRep_SUB:FEATURE_LOCATION_CONFLICT::Coding region xref gene does not exist
prokka_VFAGAHAV/VFAGAHAV:CDS	hypothetical protein	VFAGAHAV:84707-84946	VFAGAHAV_00099

DiscRep_SUB:FEATURE_LOCATION_CONFLICT::Coding region xref gene does not exist
prokka_VFAGAHAV/VFAGAHAV:CDS	60 kDa chaperonin	VFAGAHAV:84931-86496	VFAGAHAV_00100

DiscRep_SUB:FEATURE_LOCATION_CONFLICT::Coding region xref gene does not exist
prokka_VFAGAHAV/VFAGAHAV:CDS	3-phosphoshikimate 1-carboxyvinyltransferase	VFAGAHAV:86497-87729	VFAGAHAV_00101

DiscRep_SUB:FEATURE_LOCATION_CONFLICT::Coding region xref gene does not exist
prokka_VFAGAHAV/VFAGAHAV:CDS	hypothetical protein	VFAGAHAV:87726-88733	VFAGAHAV_00102

DiscRep_SUB:FEATURE_LOCATION_CONFLICT::Coding region xref gene does not exist
prokka_VFAGAHAV/VFAGAHAV:CDS	hypothetical protein	VFAGAHAV:c89787-88720	VFAGAHAV_00103

DiscRep_SUB:FEATURE_LOCATION_CONFLICT::Coding region xref gene does not exist
prokka_VFAGAHAV/VFAGAHAV:CDS	hypothetical protein	VFAGAHAV:89788-89922	VFAGAHAV_00104

DiscRep_SUB:FEATURE_LOCATION_CONFLICT::Coding region xref gene does not exist
prokka_VFAGAHAV/VFAGAHAV:CDS	hypothetical protein	VFAGAHAV:89919-90506	VFAGAHAV_00105

DiscRep_SUB:FEATURE_LOCATION_CONFLICT::Coding region xref gene does not exist
prokka_VFAGAHAV/VFAGAHAV:CDS	Chaperone protein DnaJ	VFAGAHAV:c91467-90481	VFAGAHAV_00106

DiscRep_SUB:FEATURE_LOCATION_CONFLICT::Coding region xref gene does not exist
prokka_VFAGAHAV/VFAGAHAV:CDS	Chaperone protein DnaK	VFAGAHAV:c93268-91460	VFAGAHAV_00107

DiscRep_SUB:FEATURE_LOCATION_CONFLICT::Coding region xref gene does not exist
prokka_VFAGAHAV/VFAGAHAV:CDS	Protein GrpE	VFAGAHAV:c93722-93270	VFAGAHAV_00108

DiscRep_SUB:FEATURE_LOCATION_CONFLICT::Coding region xref gene does not exist
prokka_VFAGAHAV/VFAGAHAV:CDS	Phospho-2-dehydro-3-deoxyheptonate aldolase, Phe-sensitive	VFAGAHAV:93771-94709	VFAGAHAV_00109

DiscRep_SUB:FEATURE_LOCATION_CONFLICT::Coding region xref gene does not exist
prokka_VFAGAHAV/VFAGAHAV:CDS	tRNA-specific 2-thiouridylase MnmA	VFAGAHAV:c95695-94706	VFAGAHAV_00110

DiscRep_SUB:FEATURE_LOCATION_CONFLICT::Coding region xref gene does not exist
prokka_VFAGAHAV/VFAGAHAV:CDS	hypothetical protein	VFAGAHAV:c96192-95692	VFAGAHAV_00111

DiscRep_SUB:FEATURE_LOCATION_CONFLICT::Coding region xref gene does not exist
prokka_VFAGAHAV/VFAGAHAV:CDS	hypothetical protein	VFAGAHAV:c98153-96189	VFAGAHAV_00112

DiscRep_SUB:FEATURE_LOCATION_CONFLICT::Coding region xref gene does not exist
prokka_VFAGAHAV/VFAGAHAV:CDS	4-hydroxy-tetrahydrodipicolinate reductase	VFAGAHAV:c98779-98150	VFAGAHAV_00113

DiscRep_SUB:FEATURE_LOCATION_CONFLICT::Coding region xref gene does not exist
prokka_VFAGAHAV/VFAGAHAV:CDS	NADP-dependent malic enzyme	VFAGAHAV:c99975-98776	VFAGAHAV_00114

DiscRep_SUB:FEATURE_LOCATION_CONFLICT::Coding region xref gene does not exist
prokka_VFAGAHAV/VFAGAHAV:CDS	Shikimate dehydrogenase (NADP(+))	VFAGAHAV:c100489-99947	VFAGAHAV_00115

DiscRep_SUB:FEATURE_LOCATION_CONFLICT::Coding region xref gene does not exist
prokka_VFAGAHAV/VFAGAHAV:CDS	3-dehydroquinate dehydratase	VFAGAHAV:100578-101093	VFAGAHAV_00116

DiscRep_SUB:FEATURE_LOCATION_CONFLICT::Coding region xref gene does not exist
prokka_VFAGAHAV/VFAGAHAV:CDS	50S ribosomal protein L27	VFAGAHAV:c101331-101086	VFAGAHAV_00117

DiscRep_SUB:FEATURE_LOCATION_CONFLICT::Coding region xref gene does not exist
prokka_VFAGAHAV/VFAGAHAV:CDS	hypothetical protein	VFAGAHAV:c101630-101310	VFAGAHAV_00118

DiscRep_SUB:FEATURE_LOCATION_CONFLICT::Coding region xref gene does not exist
prokka_VFAGAHAV/VFAGAHAV:CDS	Ribosomal RNA small subunit methyltransferase H	VFAGAHAV:c102420-101608	VFAGAHAV_00119

DiscRep_SUB:FEATURE_LOCATION_CONFLICT::Coding region xref gene does not exist
prokka_VFAGAHAV/VFAGAHAV:CDS	Argininosuccinate synthase	VFAGAHAV:102514-103713	VFAGAHAV_00121

DiscRep_SUB:FEATURE_LOCATION_CONFLICT::Coding region xref gene does not exist
prokka_VFAGAHAV/VFAGAHAV:CDS	50S ribosomal protein L3	VFAGAHAV:108327-108734	VFAGAHAV_00125

DiscRep_SUB:FEATURE_LOCATION_CONFLICT::Coding region xref gene does not exist
prokka_VFAGAHAV/VFAGAHAV:CDS	50S ribosomal protein L4	VFAGAHAV:108721-109302	VFAGAHAV_00126

DiscRep_SUB:FEATURE_LOCATION_CONFLICT::Coding region xref gene does not exist
prokka_VFAGAHAV/VFAGAHAV:CDS	hypothetical protein	VFAGAHAV:109280-109465	VFAGAHAV_00127

DiscRep_SUB:FEATURE_LOCATION_CONFLICT::Coding region xref gene does not exist
prokka_VFAGAHAV/VFAGAHAV:CDS	50S ribosomal protein L2	VFAGAHAV:109455-110237	VFAGAHAV_00128

DiscRep_SUB:FEATURE_LOCATION_CONFLICT::Coding region xref gene does not exist
prokka_VFAGAHAV/VFAGAHAV:CDS	30S ribosomal protein S19	VFAGAHAV:110230-110505	VFAGAHAV_00129

DiscRep_SUB:FEATURE_LOCATION_CONFLICT::Coding region xref gene does not exist
prokka_VFAGAHAV/VFAGAHAV:CDS	hypothetical protein	VFAGAHAV:110486-110821	VFAGAHAV_00130

DiscRep_SUB:FEATURE_LOCATION_CONFLICT::Coding region xref gene does not exist
prokka_VFAGAHAV/VFAGAHAV:CDS	30S ribosomal protein S3	VFAGAHAV:110821-111426	VFAGAHAV_00131

DiscRep_SUB:FEATURE_LOCATION_CONFLICT::Coding region xref gene does not exist
prokka_VFAGAHAV/VFAGAHAV:CDS	50S ribosomal protein L16	VFAGAHAV:111423-111824	VFAGAHAV_00132

DiscRep_SUB:FEATURE_LOCATION_CONFLICT::Coding region xref gene does not exist
prokka_VFAGAHAV/VFAGAHAV:CDS	hypothetical protein	VFAGAHAV:111821-112045	VFAGAHAV_00133

DiscRep_SUB:FEATURE_LOCATION_CONFLICT::Coding region xref gene does not exist
prokka_VFAGAHAV/VFAGAHAV:CDS	50S ribosomal protein L14	VFAGAHAV:112042-112407	VFAGAHAV_00134

DiscRep_SUB:FEATURE_LOCATION_CONFLICT::Coding region xref gene does not exist
prokka_VFAGAHAV/VFAGAHAV:CDS	50S ribosomal protein L5	VFAGAHAV:112397-112951	VFAGAHAV_00135

DiscRep_SUB:FEATURE_LOCATION_CONFLICT::Coding region xref gene does not exist
prokka_VFAGAHAV/VFAGAHAV:CDS	Alternate 30S ribosomal protein S14	VFAGAHAV:112944-113246	VFAGAHAV_00136

DiscRep_SUB:FEATURE_LOCATION_CONFLICT::Coding region xref gene does not exist
prokka_VFAGAHAV/VFAGAHAV:CDS	hypothetical protein	VFAGAHAV:113246-113611	VFAGAHAV_00137

DiscRep_SUB:FEATURE_LOCATION_CONFLICT::Coding region xref gene does not exist
prokka_VFAGAHAV/VFAGAHAV:CDS	hypothetical protein	VFAGAHAV:113611-114126	VFAGAHAV_00138

DiscRep_SUB:FEATURE_LOCATION_CONFLICT::Coding region xref gene does not exist
prokka_VFAGAHAV/VFAGAHAV:CDS	hypothetical protein	VFAGAHAV:114089-114421	VFAGAHAV_00139

DiscRep_SUB:FEATURE_LOCATION_CONFLICT::Coding region xref gene does not exist
prokka_VFAGAHAV/VFAGAHAV:CDS	30S ribosomal protein S5	VFAGAHAV:114418-114852	VFAGAHAV_00140

DiscRep_SUB:FEATURE_LOCATION_CONFLICT::Coding region xref gene does not exist
prokka_VFAGAHAV/VFAGAHAV:CDS	50S ribosomal protein L15	VFAGAHAV:114834-115166	VFAGAHAV_00141

DiscRep_SUB:FEATURE_LOCATION_CONFLICT::Coding region xref gene does not exist
prokka_VFAGAHAV/VFAGAHAV:CDS	Translation initiation factor IF-1	VFAGAHAV:115163-115375	VFAGAHAV_00142

DiscRep_SUB:FEATURE_LOCATION_CONFLICT::Coding region xref gene does not exist
prokka_VFAGAHAV/VFAGAHAV:CDS	hypothetical protein	VFAGAHAV:115372-115485	VFAGAHAV_00143

DiscRep_SUB:FEATURE_LOCATION_CONFLICT::Coding region xref gene does not exist
prokka_VFAGAHAV/VFAGAHAV:CDS	30S ribosomal protein S13	VFAGAHAV:115482-115829	VFAGAHAV_00144

DiscRep_SUB:FEATURE_LOCATION_CONFLICT::Coding region xref gene does not exist
prokka_VFAGAHAV/VFAGAHAV:CDS	30S ribosomal protein S11	VFAGAHAV:115829-116170	VFAGAHAV_00145

DiscRep_SUB:FEATURE_LOCATION_CONFLICT::Coding region xref gene does not exist
prokka_VFAGAHAV/VFAGAHAV:CDS	hypothetical protein	VFAGAHAV:116167-116679	VFAGAHAV_00146

DiscRep_SUB:FEATURE_LOCATION_CONFLICT::Coding region xref gene does not exist
prokka_VFAGAHAV/VFAGAHAV:CDS	DNA-directed RNA polymerase subunit alpha	VFAGAHAV:116657-117301	VFAGAHAV_00147

DiscRep_SUB:FEATURE_LOCATION_CONFLICT::Coding region xref gene does not exist
prokka_VFAGAHAV/VFAGAHAV:CDS	hypothetical protein	VFAGAHAV:117298-117621	VFAGAHAV_00148

DiscRep_SUB:FEATURE_LOCATION_CONFLICT::Coding region xref gene does not exist
prokka_VFAGAHAV/VFAGAHAV:CDS	Diaminopimelate decarboxylase	VFAGAHAV:c118733-117618	VFAGAHAV_00149

DiscRep_SUB:FEATURE_LOCATION_CONFLICT::Coding region xref gene does not exist
prokka_VFAGAHAV/VFAGAHAV:CDS	hypothetical protein	VFAGAHAV:118870-119121	VFAGAHAV_00150

DiscRep_SUB:FEATURE_LOCATION_CONFLICT::RNA feature xref gene does not exist
prokka_VFAGAHAV/VFAGAHAV:tRNA	Trp	VFAGAHAV:1179-1251	VFAGAHAV_00001

DiscRep_SUB:FEATURE_LOCATION_CONFLICT::RNA feature xref gene does not exist
prokka_VFAGAHAV/VFAGAHAV:tRNA	Phe	VFAGAHAV:14211-14283	VFAGAHAV_00012

DiscRep_SUB:FEATURE_LOCATION_CONFLICT::RNA feature xref gene does not exist
prokka_VFAGAHAV/VFAGAHAV:tRNA	Gln	VFAGAHAV:20030-20101	VFAGAHAV_00021

DiscRep_SUB:FEATURE_LOCATION_CONFLICT::RNA feature xref gene does not exist
prokka_VFAGAHAV/VFAGAHAV:tRNA	Ser	VFAGAHAV:28259-28344	VFAGAHAV_00029

DiscRep_SUB:FEATURE_LOCATION_CONFLICT::RNA feature xref gene does not exist
prokka_VFAGAHAV/VFAGAHAV:tRNA	Met	VFAGAHAV:45799-45870	VFAGAHAV_00045

DiscRep_SUB:FEATURE_LOCATION_CONFLICT::RNA feature xref gene does not exist
prokka_VFAGAHAV/VFAGAHAV:tRNA	Leu	VFAGAHAV:48897-48969	VFAGAHAV_00047

DiscRep_SUB:FEATURE_LOCATION_CONFLICT::RNA feature xref gene does not exist
prokka_VFAGAHAV/VFAGAHAV:tRNA	Ser	VFAGAHAV:48969-49053	VFAGAHAV_00048

DiscRep_SUB:FEATURE_LOCATION_CONFLICT::RNA feature xref gene does not exist
prokka_VFAGAHAV/VFAGAHAV:tRNA	Asn	VFAGAHAV:c53722-53648	VFAGAHAV_00056

DiscRep_SUB:FEATURE_LOCATION_CONFLICT::RNA feature xref gene does not exist
prokka_VFAGAHAV/VFAGAHAV:tRNA	Cys	VFAGAHAV:c53901-53829	VFAGAHAV_00057

DiscRep_SUB:FEATURE_LOCATION_CONFLICT::RNA feature xref gene does not exist
prokka_VFAGAHAV/VFAGAHAV:tRNA	Gly	VFAGAHAV:c53982-53908	VFAGAHAV_00058

DiscRep_SUB:FEATURE_LOCATION_CONFLICT::RNA feature xref gene does not exist
prokka_VFAGAHAV/VFAGAHAV:tRNA	Val	VFAGAHAV:60784-60854	VFAGAHAV_00063

DiscRep_SUB:FEATURE_LOCATION_CONFLICT::RNA feature xref gene does not exist
prokka_VFAGAHAV/VFAGAHAV:tRNA	Leu	VFAGAHAV:c62678-62593	VFAGAHAV_00064

DiscRep_SUB:FEATURE_LOCATION_CONFLICT::RNA feature xref gene does not exist
prokka_VFAGAHAV/VFAGAHAV:tRNA	Ser	VFAGAHAV:c62768-62680	VFAGAHAV_00065

DiscRep_SUB:FEATURE_LOCATION_CONFLICT::RNA feature xref gene does not exist
prokka_VFAGAHAV/VFAGAHAV:tRNA	Arg	VFAGAHAV:62776-62849	VFAGAHAV_00066

DiscRep_SUB:FEATURE_LOCATION_CONFLICT::RNA feature xref gene does not exist
prokka_VFAGAHAV/VFAGAHAV:tRNA	Thr	VFAGAHAV:68705-68777	VFAGAHAV_00075

DiscRep_SUB:FEATURE_LOCATION_CONFLICT::RNA feature xref gene does not exist
prokka_VFAGAHAV/VFAGAHAV:tRNA	His	VFAGAHAV:68778-68851	VFAGAHAV_00076

DiscRep_SUB:FEATURE_LOCATION_CONFLICT::RNA feature xref gene does not exist
prokka_VFAGAHAV/VFAGAHAV:tRNA	Lys	VFAGAHAV:c69738-69663	VFAGAHAV_00077

DiscRep_SUB:FEATURE_LOCATION_CONFLICT::RNA feature xref gene does not exist
prokka_VFAGAHAV/VFAGAHAV:tRNA	Val	VFAGAHAV:c70706-70630	VFAGAHAV_00079

DiscRep_SUB:FEATURE_LOCATION_CONFLICT::RNA feature xref gene does not exist
prokka_VFAGAHAV/VFAGAHAV:tRNA	Arg	VFAGAHAV:c71836-71763	VFAGAHAV_00080

DiscRep_SUB:FEATURE_LOCATION_CONFLICT::RNA feature xref gene does not exist
prokka_VFAGAHAV/VFAGAHAV:tRNA	Met	VFAGAHAV:c72020-71949	VFAGAHAV_00081

DiscRep_SUB:FEATURE_LOCATION_CONFLICT::RNA feature xref gene does not exist
prokka_VFAGAHAV/VFAGAHAV:tRNA	Pro	VFAGAHAV:72057-72130	VFAGAHAV_00082

DiscRep_SUB:FEATURE_LOCATION_CONFLICT::RNA feature xref gene does not exist
prokka_VFAGAHAV/VFAGAHAV:tRNA	Asp	VFAGAHAV:c81531-81458	VFAGAHAV_00095

DiscRep_SUB:FEATURE_LOCATION_CONFLICT::RNA feature xref gene does not exist
prokka_VFAGAHAV/VFAGAHAV:tRNA	Glu	VFAGAHAV:c81603-81533	VFAGAHAV_00096

DiscRep_SUB:FEATURE_LOCATION_CONFLICT::RNA feature xref gene does not exist
prokka_VFAGAHAV/VFAGAHAV:tRNA	Ala	VFAGAHAV:c102507-102436	VFAGAHAV_00120

DiscRep_SUB:FEATURE_LOCATION_CONFLICT::RNA feature xref gene does not exist
prokka_VFAGAHAV/VFAGAHAV:rRNA	23S ribosomal RNA	VFAGAHAV:c106609-103856	VFAGAHAV_00122

DiscRep_SUB:FEATURE_LOCATION_CONFLICT::RNA feature xref gene does not exist
prokka_VFAGAHAV/VFAGAHAV:tRNA	Ile	VFAGAHAV:c106710-106639	VFAGAHAV_00123

DiscRep_SUB:FEATURE_LOCATION_CONFLICT::RNA feature xref gene does not exist
prokka_VFAGAHAV/VFAGAHAV:rRNA	16S ribosomal RNA	VFAGAHAV:c108210-106726	VFAGAHAV_00124

DiscRep_SUB:FEATURE_LOCATION_CONFLICT::RNA feature xref gene does not exist
prokka_VFAGAHAV/VFAGAHAV:tRNA	Met	VFAGAHAV:120086-120158	VFAGAHAV_00151

DiscRep_SUB:FEATURE_LOCATION_CONFLICT::RNA feature xref gene does not exist
prokka_VFAGAHAV/VFAGAHAV:tRNA	Tyr	VFAGAHAV:120187-120271	VFAGAHAV_00152

DiscRep_SUB:FEATURE_LOCATION_CONFLICT::RNA feature xref gene does not exist
prokka_VFAGAHAV/VFAGAHAV:tRNA	Gly	VFAGAHAV:120275-120345	VFAGAHAV_00153

DiscRep_ALL:DISC_QUALITY_SCORES::Quality scores are missing on all sequences.

DiscRep_ALL:ONCALLER_COMMENT_PRESENT::1 comment descriptors were found (all same)
prokka_VFAGAHAV/VFAGAHAV:VFAGAHAV:Annotated using prokka 1.14.6 from https://github.com/tseemann/prokka

DiscRep_ALL:SHORT_PROT_SEQUENCES::3 protein sequences are shorter than 50 aa.
prokka_VFAGAHAV/VFAGAHAV:VFAGAHAV_27 (length 45)
prokka_VFAGAHAV/VFAGAHAV:VFAGAHAV_81 (length 44)
prokka_VFAGAHAV/VFAGAHAV:VFAGAHAV_116 (length 37)

DiscRep_ALL:MISSING_GENOMEASSEMBLY_COMMENTS::1 bioseqs are missing GenomeAssembly structured comments
prokka_VFAGAHAV/VFAGAHAV:VFAGAHAV (length 120353)

DiscRep_ALL:MOLTYPE_NOT_MRNA::1 molecule types are not set as mRNA.
prokka_VFAGAHAV/VFAGAHAV:VFAGAHAV (length 120353)

DiscRep_ALL:TECHNIQUE_NOT_TSA::1 technique are not set as TSA
prokka_VFAGAHAV/VFAGAHAV:VFAGAHAV (length 120353)

DiscRep_ALL:MISSING_STRUCTURED_COMMENT::1 sequences do not include structured comments.
prokka_VFAGAHAV/VFAGAHAV:VFAGAHAV (length 120353)

DiscRep_ALL:MISSING_PROJECT::124 sequences do not include project.
prokka_VFAGAHAV/VFAGAHAV:VFAGAHAV (length 120353)
prokka_VFAGAHAV/VFAGAHAV:VFAGAHAV_1 (length 125)
prokka_VFAGAHAV/VFAGAHAV:VFAGAHAV_2 (length 198)
prokka_VFAGAHAV/VFAGAHAV:VFAGAHAV_3 (length 137)
prokka_VFAGAHAV/VFAGAHAV:VFAGAHAV_4 (length 114)
prokka_VFAGAHAV/VFAGAHAV:VFAGAHAV_5 (length 1283)
prokka_VFAGAHAV/VFAGAHAV:VFAGAHAV_6 (length 1294)
prokka_VFAGAHAV/VFAGAHAV:VFAGAHAV_7 (length 129)
prokka_VFAGAHAV/VFAGAHAV:VFAGAHAV_8 (length 157)
prokka_VFAGAHAV/VFAGAHAV:VFAGAHAV_9 (length 679)
prokka_VFAGAHAV/VFAGAHAV:VFAGAHAV_10 (length 98)
prokka_VFAGAHAV/VFAGAHAV:VFAGAHAV_11 (length 137)
prokka_VFAGAHAV/VFAGAHAV:VFAGAHAV_12 (length 228)
prokka_VFAGAHAV/VFAGAHAV:VFAGAHAV_13 (length 365)
prokka_VFAGAHAV/VFAGAHAV:VFAGAHAV_14 (length 129)
prokka_VFAGAHAV/VFAGAHAV:VFAGAHAV_15 (length 97)
prokka_VFAGAHAV/VFAGAHAV:VFAGAHAV_16 (length 261)
prokka_VFAGAHAV/VFAGAHAV:VFAGAHAV_17 (length 220)
prokka_VFAGAHAV/VFAGAHAV:VFAGAHAV_18 (length 489)
prokka_VFAGAHAV/VFAGAHAV:VFAGAHAV_19 (length 281)
prokka_VFAGAHAV/VFAGAHAV:VFAGAHAV_20 (length 158)
prokka_VFAGAHAV/VFAGAHAV:VFAGAHAV_21 (length 248)
prokka_VFAGAHAV/VFAGAHAV:VFAGAHAV_22 (length 367)
prokka_VFAGAHAV/VFAGAHAV:VFAGAHAV_23 (length 439)
prokka_VFAGAHAV/VFAGAHAV:VFAGAHAV_24 (length 231)
prokka_VFAGAHAV/VFAGAHAV:VFAGAHAV_25 (length 290)
prokka_VFAGAHAV/VFAGAHAV:VFAGAHAV_26 (length 765)
prokka_VFAGAHAV/VFAGAHAV:VFAGAHAV_27 (length 45)
prokka_VFAGAHAV/VFAGAHAV:VFAGAHAV_28 (length 60)
prokka_VFAGAHAV/VFAGAHAV:VFAGAHAV_29 (length 738)
prokka_VFAGAHAV/VFAGAHAV:VFAGAHAV_30 (length 250)
prokka_VFAGAHAV/VFAGAHAV:VFAGAHAV_31 (length 388)
prokka_VFAGAHAV/VFAGAHAV:VFAGAHAV_32 (length 286)
prokka_VFAGAHAV/VFAGAHAV:VFAGAHAV_33 (length 240)
prokka_VFAGAHAV/VFAGAHAV:VFAGAHAV_34 (length 301)
prokka_VFAGAHAV/VFAGAHAV:VFAGAHAV_35 (length 190)
prokka_VFAGAHAV/VFAGAHAV:VFAGAHAV_36 (length 413)
prokka_VFAGAHAV/VFAGAHAV:VFAGAHAV_37 (length 464)
prokka_VFAGAHAV/VFAGAHAV:VFAGAHAV_38 (length 315)
prokka_VFAGAHAV/VFAGAHAV:VFAGAHAV_39 (length 319)
prokka_VFAGAHAV/VFAGAHAV:VFAGAHAV_40 (length 398)
prokka_VFAGAHAV/VFAGAHAV:VFAGAHAV_41 (length 953)
prokka_VFAGAHAV/VFAGAHAV:VFAGAHAV_42 (length 247)
prokka_VFAGAHAV/VFAGAHAV:VFAGAHAV_43 (length 340)
prokka_VFAGAHAV/VFAGAHAV:VFAGAHAV_44 (length 185)
prokka_VFAGAHAV/VFAGAHAV:VFAGAHAV_45 (length 383)
prokka_VFAGAHAV/VFAGAHAV:VFAGAHAV_46 (length 239)
prokka_VFAGAHAV/VFAGAHAV:VFAGAHAV_47 (length 86)
prokka_VFAGAHAV/VFAGAHAV:VFAGAHAV_48 (length 76)
prokka_VFAGAHAV/VFAGAHAV:VFAGAHAV_49 (length 345)
prokka_VFAGAHAV/VFAGAHAV:VFAGAHAV_50 (length 1023)
prokka_VFAGAHAV/VFAGAHAV:VFAGAHAV_51 (length 175)
prokka_VFAGAHAV/VFAGAHAV:VFAGAHAV_52 (length 188)
prokka_VFAGAHAV/VFAGAHAV:VFAGAHAV_53 (length 197)
prokka_VFAGAHAV/VFAGAHAV:VFAGAHAV_54 (length 415)
prokka_VFAGAHAV/VFAGAHAV:VFAGAHAV_55 (length 308)
prokka_VFAGAHAV/VFAGAHAV:VFAGAHAV_56 (length 190)
prokka_VFAGAHAV/VFAGAHAV:VFAGAHAV_57 (length 200)
prokka_VFAGAHAV/VFAGAHAV:VFAGAHAV_58 (length 228)
prokka_VFAGAHAV/VFAGAHAV:VFAGAHAV_59 (length 246)
prokka_VFAGAHAV/VFAGAHAV:VFAGAHAV_60 (length 98)
prokka_VFAGAHAV/VFAGAHAV:VFAGAHAV_61 (length 151)
prokka_VFAGAHAV/VFAGAHAV:VFAGAHAV_62 (length 112)
prokka_VFAGAHAV/VFAGAHAV:VFAGAHAV_63 (length 164)
prokka_VFAGAHAV/VFAGAHAV:VFAGAHAV_64 (length 298)
prokka_VFAGAHAV/VFAGAHAV:VFAGAHAV_65 (length 360)
prokka_VFAGAHAV/VFAGAHAV:VFAGAHAV_66 (length 273)
prokka_VFAGAHAV/VFAGAHAV:VFAGAHAV_67 (length 360)
prokka_VFAGAHAV/VFAGAHAV:VFAGAHAV_68 (length 440)
prokka_VFAGAHAV/VFAGAHAV:VFAGAHAV_69 (length 373)
prokka_VFAGAHAV/VFAGAHAV:VFAGAHAV_70 (length 417)
prokka_VFAGAHAV/VFAGAHAV:VFAGAHAV_71 (length 52)
prokka_VFAGAHAV/VFAGAHAV:VFAGAHAV_72 (length 100)
prokka_VFAGAHAV/VFAGAHAV:VFAGAHAV_73 (length 98)
prokka_VFAGAHAV/VFAGAHAV:VFAGAHAV_74 (length 424)
prokka_VFAGAHAV/VFAGAHAV:VFAGAHAV_75 (length 600)
prokka_VFAGAHAV/VFAGAHAV:VFAGAHAV_76 (length 79)
prokka_VFAGAHAV/VFAGAHAV:VFAGAHAV_77 (length 521)
prokka_VFAGAHAV/VFAGAHAV:VFAGAHAV_78 (length 410)
prokka_VFAGAHAV/VFAGAHAV:VFAGAHAV_79 (length 335)
prokka_VFAGAHAV/VFAGAHAV:VFAGAHAV_80 (length 355)
prokka_VFAGAHAV/VFAGAHAV:VFAGAHAV_81 (length 44)
prokka_VFAGAHAV/VFAGAHAV:VFAGAHAV_82 (length 195)
prokka_VFAGAHAV/VFAGAHAV:VFAGAHAV_83 (length 328)
prokka_VFAGAHAV/VFAGAHAV:VFAGAHAV_84 (length 602)
prokka_VFAGAHAV/VFAGAHAV:VFAGAHAV_85 (length 150)
prokka_VFAGAHAV/VFAGAHAV:VFAGAHAV_86 (length 312)
prokka_VFAGAHAV/VFAGAHAV:VFAGAHAV_87 (length 329)
prokka_VFAGAHAV/VFAGAHAV:VFAGAHAV_88 (length 166)
prokka_VFAGAHAV/VFAGAHAV:VFAGAHAV_89 (length 654)
prokka_VFAGAHAV/VFAGAHAV:VFAGAHAV_90 (length 209)
prokka_VFAGAHAV/VFAGAHAV:VFAGAHAV_91 (length 399)
prokka_VFAGAHAV/VFAGAHAV:VFAGAHAV_92 (length 180)
prokka_VFAGAHAV/VFAGAHAV:VFAGAHAV_93 (length 171)
prokka_VFAGAHAV/VFAGAHAV:VFAGAHAV_94 (length 81)
prokka_VFAGAHAV/VFAGAHAV:VFAGAHAV_95 (length 106)
prokka_VFAGAHAV/VFAGAHAV:VFAGAHAV_96 (length 270)
prokka_VFAGAHAV/VFAGAHAV:VFAGAHAV_97 (length 399)
prokka_VFAGAHAV/VFAGAHAV:VFAGAHAV_98 (length 135)
prokka_VFAGAHAV/VFAGAHAV:VFAGAHAV_99 (length 193)
prokka_VFAGAHAV/VFAGAHAV:VFAGAHAV_100 (length 61)
prokka_VFAGAHAV/VFAGAHAV:VFAGAHAV_101 (length 260)
prokka_VFAGAHAV/VFAGAHAV:VFAGAHAV_102 (length 91)
prokka_VFAGAHAV/VFAGAHAV:VFAGAHAV_103 (length 111)
prokka_VFAGAHAV/VFAGAHAV:VFAGAHAV_104 (length 201)
prokka_VFAGAHAV/VFAGAHAV:VFAGAHAV_105 (length 133)
prokka_VFAGAHAV/VFAGAHAV:VFAGAHAV_106 (length 74)
prokka_VFAGAHAV/VFAGAHAV:VFAGAHAV_107 (length 121)
prokka_VFAGAHAV/VFAGAHAV:VFAGAHAV_108 (length 184)
prokka_VFAGAHAV/VFAGAHAV:VFAGAHAV_109 (length 100)
prokka_VFAGAHAV/VFAGAHAV:VFAGAHAV_110 (length 121)
prokka_VFAGAHAV/VFAGAHAV:VFAGAHAV_111 (length 171)
prokka_VFAGAHAV/VFAGAHAV:VFAGAHAV_112 (length 110)
prokka_VFAGAHAV/VFAGAHAV:VFAGAHAV_113 (length 144)
prokka_VFAGAHAV/VFAGAHAV:VFAGAHAV_114 (length 110)
prokka_VFAGAHAV/VFAGAHAV:VFAGAHAV_115 (length 70)
prokka_VFAGAHAV/VFAGAHAV:VFAGAHAV_116 (length 37)
prokka_VFAGAHAV/VFAGAHAV:VFAGAHAV_117 (length 115)
prokka_VFAGAHAV/VFAGAHAV:VFAGAHAV_118 (length 113)
prokka_VFAGAHAV/VFAGAHAV:VFAGAHAV_119 (length 170)
prokka_VFAGAHAV/VFAGAHAV:VFAGAHAV_120 (length 214)
prokka_VFAGAHAV/VFAGAHAV:VFAGAHAV_121 (length 107)
prokka_VFAGAHAV/VFAGAHAV:VFAGAHAV_122 (length 371)
prokka_VFAGAHAV/VFAGAHAV:VFAGAHAV_123 (length 83)

DiscRep_ALL:DISC_INCONSISTENT_MOLINFO_TECH::Molinfo Technique Report (some missing, all same)
DiscRep_SUB:DISC_INCONSISTENT_MOLINFO_TECH::technique (all missing)
DiscRep_SUB:DISC_INCONSISTENT_MOLINFO_TECH::1 Molinfos are missing field technique
prokka_VFAGAHAV/VFAGAHAV:VFAGAHAV (length 120353)

