[13:45:11] This is prokka 1.14.6
[13:45:11] Written by Torsten Seemann <torsten.seemann@gmail.com>
[13:45:11] Homepage is https://github.com/tseemann/prokka
[13:45:11] Local time is Thu Nov 10 13:45:11 2022
[13:45:11] You are diego
[13:45:11] Operating system is linux
[13:45:11] You have BioPerl 1.007002
[13:45:11] System has 12 cores.
[13:45:11] Will use maximum of 8 cores.
[13:45:11] Annotating as >>> Bacteria <<<
[13:45:11] Creating new output folder: prokka_VFAGAHAV
[13:45:11] Running: mkdir -p prokka_VFAGAHAV
[13:45:11] Using filename prefix: VFAGAHAV.XXX
[13:45:11] Setting HMMER_NCPU=1
[13:45:11] Writing log to: prokka_VFAGAHAV/VFAGAHAV.log
[13:45:11] Command: /home/diego/miniconda3/envs/prokka_env/bin/prokka VFAGAHAV.fasta --prefix VFAGAHAV --outdir prokka_VFAGAHAV --cpus 8 --locustag VFAGAHAV
[13:45:11] Appending to PATH: /home/diego/miniconda3/envs/prokka_env/bin
[13:45:11] Looking for 'aragorn' - found /home/diego/miniconda3/envs/prokka_env/bin/aragorn
[13:45:11] Determined aragorn version is 001002 from 'ARAGORN v1.2.38 Dean Laslett'
[13:45:11] Looking for 'barrnap' - found /home/diego/miniconda3/envs/prokka_env/bin/barrnap
[13:45:11] Determined barrnap version is 000009 from 'barrnap 0.9'
[13:45:11] Looking for 'blastp' - found /home/diego/miniconda3/envs/prokka_env/bin/blastp
[13:45:11] Determined blastp version is 002010 from 'blastp: 2.10.1+'
[13:45:11] Looking for 'cmpress' - found /home/diego/miniconda3/envs/prokka_env/bin/cmpress
[13:45:11] Determined cmpress version is 001001 from '# INFERNAL 1.1.3 (Nov 2019)'
[13:45:11] Looking for 'cmscan' - found /home/diego/miniconda3/envs/prokka_env/bin/cmscan
[13:45:11] Determined cmscan version is 001001 from '# INFERNAL 1.1.3 (Nov 2019)'
[13:45:11] Looking for 'egrep' - found /usr/bin/egrep
[13:45:11] Looking for 'find' - found /usr/bin/find
[13:45:11] Looking for 'grep' - found /usr/bin/grep
[13:45:11] Looking for 'hmmpress' - found /home/diego/miniconda3/envs/prokka_env/bin/hmmpress
[13:45:11] Determined hmmpress version is 003003 from '# HMMER 3.3.2 (Nov 2020); http://hmmer.org/'
[13:45:11] Looking for 'hmmscan' - found /home/diego/miniconda3/envs/prokka_env/bin/hmmscan
[13:45:11] Determined hmmscan version is 003003 from '# HMMER 3.3.2 (Nov 2020); http://hmmer.org/'
[13:45:11] Looking for 'java' - found /home/diego/miniconda3/envs/prokka_env/bin/java
[13:45:11] Looking for 'makeblastdb' - found /home/diego/miniconda3/envs/prokka_env/bin/makeblastdb
[13:45:11] Determined makeblastdb version is 002010 from 'makeblastdb: 2.10.1+'
[13:45:11] Looking for 'minced' - found /home/diego/miniconda3/envs/prokka_env/bin/minced
[13:45:11] Determined minced version is 004002 from 'minced 0.4.2'
[13:45:11] Looking for 'parallel' - found /home/diego/miniconda3/envs/prokka_env/bin/parallel
[13:45:11] Determined parallel version is 20201122 from 'GNU parallel 20201122'
[13:45:11] Looking for 'prodigal' - found /home/diego/miniconda3/envs/prokka_env/bin/prodigal
[13:45:11] Determined prodigal version is 002006 from 'Prodigal V2.6.3: February, 2016'
[13:45:11] Looking for 'prokka-genbank_to_fasta_db' - found /home/diego/miniconda3/envs/prokka_env/bin/prokka-genbank_to_fasta_db
[13:45:11] Looking for 'rnammer' - found /home/diego/rnammer-1.2.src/rnammer
[13:45:11] Determined rnammer version is 001002 from 'This rnammer 1.2, running from '/home/diego/rnammer-1.2.src/''
[13:45:11] Looking for 'sed' - found /usr/bin/sed
[13:45:11] Looking for 'tbl2asn' - found /home/diego/tbl2asn
[13:45:11] Determined tbl2asn version is 025008 from 'tbl2asn 25.8   arguments:'
[13:45:11] Using genetic code table 11.
[13:45:11] Loading and checking input file: VFAGAHAV.fasta
[13:45:11] Wrote 1 contigs totalling 120353 bp.
[13:45:11] Predicting tRNAs and tmRNAs
[13:45:11] Running: aragorn -l -gc11  -w prokka_VFAGAHAV\/VFAGAHAV\.fna
[13:45:11] 1 tRNA-Trp [1179,1251] 35 (cca)
[13:45:11] 2 tRNA-Phe [14211,14283] 34 (gaa)
[13:45:11] 3 tRNA-Gln [20030,20101] 34 (ttg)
[13:45:11] 4 tRNA-Ser [28259,28344] 36 (gct)
[13:45:11] 5 tRNA-Met [45799,45870] 33 (cat)
[13:45:11] 6 tRNA-Leu [48897,48969] 34 (tag)
[13:45:11] 7 tRNA-Ser [48969,49053] 36 (aga)
[13:45:11] 8 tRNA-Asn c[53648,53722] 35 (gtt)
[13:45:11] 9 tRNA-Cys c[53829,53901] 34 (gca)
[13:45:11] 10 tRNA-Gly c[53908,53982] 35 (gcc)
[13:45:11] 11 tRNA-Val [60784,60854] 33 (tac)
[13:45:11] 12 tRNA-Leu c[62593,62678] 34 (caa)
[13:45:11] 13 tRNA-Ser c[62680,62768] 36 (tga)
[13:45:11] 14 tRNA-Arg [62776,62849] 35 (acg)
[13:45:11] 15 tRNA-Thr [68705,68777] 34 (tgt)
[13:45:11] 16 tRNA-His [68778,68851] 35 (gtg)
[13:45:11] 17 tRNA-Lys c[69663,69738] 36 (ttt)
[13:45:11] 18 tRNA-Val c[70630,70706] 37 (aac)
[13:45:11] 19 tRNA-Arg c[71763,71836] 35 (tct)
[13:45:11] 20 tRNA-Met c[71949,72020] 33 (cat)
[13:45:11] 21 tRNA-Pro [72057,72130] 35 (tgg)
[13:45:11] 22 tRNA-Asp c[81458,81531] 35 (gtc)
[13:45:11] 23 tRNA-Glu c[81533,81603] 33 (ttc)
[13:45:11] 24 tRNA-Ala c[102436,102507] 33 (tgc)
[13:45:11] 25 tRNA-Ile c[106639,106710] 33 (gat)
[13:45:11] 26 tRNA-Met [120086,120158] 34 (cat)
[13:45:11] 27 tRNA-Tyr [120187,120271] 35 (gta)
[13:45:11] 28 tRNA-Gly [120275,120345] 33 (tcc)
[13:45:11] Found 28 tRNAs
[13:45:11] Predicting Ribosomal RNAs
[13:45:11] Running Barrnap with 8 threads
[13:45:12] 1 VFAGAHAV 103856 23S ribosomal RNA
[13:45:12] 2 VFAGAHAV 106726 16S ribosomal RNA
[13:45:12] Found 2 rRNAs
[13:45:12] Skipping ncRNA search, enable with --rfam if desired.
[13:45:12] Total of 30 tRNA + rRNA features
[13:45:12] Searching for CRISPR repeats
[13:45:12] Found 0 CRISPRs
[13:45:12] Predicting coding sequences
[13:45:12] Contigs total 120353 bp, so using single mode
[13:45:12] Running: prodigal -i prokka_VFAGAHAV\/VFAGAHAV\.fna -c -m -g 11 -p single -f sco -q
[13:45:12] Excluding CDS which overlaps existing RNA (tRNA) at VFAGAHAV:1..1188 on + strand
[13:45:12] Excluding CDS which overlaps existing RNA (tRNA) at VFAGAHAV:13828..14211 on + strand
[13:45:12] Excluding CDS which overlaps existing RNA (tRNA) at VFAGAHAV:26188..28260 on + strand
[13:45:12] Excluding CDS which overlaps existing RNA (tRNA) at VFAGAHAV:28326..28517 on - strand
[13:45:12] Excluding CDS which overlaps existing RNA (tRNA) at VFAGAHAV:44399..45808 on + strand
[13:45:12] Excluding CDS which overlaps existing RNA (tRNA) at VFAGAHAV:48732..48926 on + strand
[13:45:12] Excluding CDS which overlaps existing RNA (tRNA) at VFAGAHAV:53967..54440 on - strand
[13:45:12] Excluding CDS which overlaps existing RNA (tRNA) at VFAGAHAV:59645..60793 on + strand
[13:45:12] Excluding CDS which overlaps existing RNA (tRNA) at VFAGAHAV:60809..61537 on + strand
[13:45:12] Excluding CDS which overlaps existing RNA (tRNA) at VFAGAHAV:61538..62599 on + strand
[13:45:12] Excluding CDS which overlaps existing RNA (tRNA) at VFAGAHAV:68443..68715 on + strand
[13:45:12] Excluding CDS which overlaps existing RNA (tRNA) at VFAGAHAV:68857..69666 on + strand
[13:45:12] Excluding CDS which overlaps existing RNA (tRNA) at VFAGAHAV:69728..70042 on - strand
[13:45:12] Excluding CDS which overlaps existing RNA (tRNA) at VFAGAHAV:70704..71756 on - strand
[13:45:12] Excluding CDS which overlaps existing RNA (tRNA) at VFAGAHAV:71838..71960 on + strand
[13:45:12] Excluding CDS which overlaps existing RNA (tRNA) at VFAGAHAV:81257..81496 on + strand
[13:45:12] Excluding CDS which overlaps existing RNA (tRNA) at VFAGAHAV:119114..120100 on + strand
[13:45:12] Found 123 CDS
[13:45:12] Connecting features back to sequences
[13:45:12] Not using genus-specific database. Try --usegenus to enable it.
[13:45:12] Annotating CDS, please be patient.
[13:45:12] Will use 8 CPUs for similarity searching.
[13:45:13] There are still 123 unannotated CDS left (started with 123)
[13:45:13] Will use blast to search against /home/diego/miniconda3/envs/prokka_env/db/kingdom/Bacteria/IS with 8 CPUs
[13:45:13] Running: cat prokka_VFAGAHAV\/VFAGAHAV\.IS\.tmp\.111691\.faa | parallel --gnu --plain -j 8 --block 2137 --recstart '>' --pipe blastp -query - -db /home/diego/miniconda3/envs/prokka_env/db/kingdom/Bacteria/IS -evalue 1e-30 -qcov_hsp_perc 90 -num_threads 1 -num_descriptions 1 -num_alignments 1 -seg no > prokka_VFAGAHAV\/VFAGAHAV\.IS\.tmp\.111691\.blast 2> /dev/null
[13:45:14] Deleting unwanted file: prokka_VFAGAHAV/VFAGAHAV.IS.tmp.111691.faa
[13:45:14] Deleting unwanted file: prokka_VFAGAHAV/VFAGAHAV.IS.tmp.111691.blast
[13:45:14] There are still 123 unannotated CDS left (started with 123)
[13:45:14] Will use blast to search against /home/diego/miniconda3/envs/prokka_env/db/kingdom/Bacteria/AMR with 8 CPUs
[13:45:14] Running: cat prokka_VFAGAHAV\/VFAGAHAV\.AMR\.tmp\.111691\.faa | parallel --gnu --plain -j 8 --block 2137 --recstart '>' --pipe blastp -query - -db /home/diego/miniconda3/envs/prokka_env/db/kingdom/Bacteria/AMR -evalue 9.99999999999999e-301 -qcov_hsp_perc 90 -num_threads 1 -num_descriptions 1 -num_alignments 1 -seg no > prokka_VFAGAHAV\/VFAGAHAV\.AMR\.tmp\.111691\.blast 2> /dev/null
[13:45:14] Deleting unwanted file: prokka_VFAGAHAV/VFAGAHAV.AMR.tmp.111691.faa
[13:45:14] Deleting unwanted file: prokka_VFAGAHAV/VFAGAHAV.AMR.tmp.111691.blast
[13:45:14] There are still 123 unannotated CDS left (started with 123)
[13:45:14] Will use blast to search against /home/diego/miniconda3/envs/prokka_env/db/kingdom/Bacteria/sprot with 8 CPUs
[13:45:14] Running: cat prokka_VFAGAHAV\/VFAGAHAV\.sprot\.tmp\.111691\.faa | parallel --gnu --plain -j 8 --block 2137 --recstart '>' --pipe blastp -query - -db /home/diego/miniconda3/envs/prokka_env/db/kingdom/Bacteria/sprot -evalue 1e-09 -qcov_hsp_perc 80 -num_threads 1 -num_descriptions 1 -num_alignments 1 -seg no > prokka_VFAGAHAV\/VFAGAHAV\.sprot\.tmp\.111691\.blast 2> /dev/null
[13:45:17] Deleting unwanted file: prokka_VFAGAHAV/VFAGAHAV.sprot.tmp.111691.faa
[13:45:17] Deleting unwanted file: prokka_VFAGAHAV/VFAGAHAV.sprot.tmp.111691.blast
[13:45:17] There are still 51 unannotated CDS left (started with 123)
[13:45:17] Will use hmmer3 to search against /home/diego/miniconda3/envs/prokka_env/db/hmm/HAMAP.hmm with 8 CPUs
[13:45:17] Running: cat prokka_VFAGAHAV\/VFAGAHAV\.HAMAP\.hmm\.tmp\.111691\.faa | parallel --gnu --plain -j 8 --block 620 --recstart '>' --pipe hmmscan --noali --notextw --acc -E 1e-09 --cpu 1 /home/diego/miniconda3/envs/prokka_env/db/hmm/HAMAP.hmm /dev/stdin > prokka_VFAGAHAV\/VFAGAHAV\.HAMAP\.hmm\.tmp\.111691\.hmmer3 2> /dev/null
[13:45:18] Deleting unwanted file: prokka_VFAGAHAV/VFAGAHAV.HAMAP.hmm.tmp.111691.faa
[13:45:18] Deleting unwanted file: prokka_VFAGAHAV/VFAGAHAV.HAMAP.hmm.tmp.111691.hmmer3
[13:45:18] Labelling remaining 39 proteins as 'hypothetical protein'
[13:45:18] Found 84 unique /gene codes.
[13:45:18] Fixed 0 colliding /gene names.
[13:45:18] Adding /locus_tag identifiers
[13:45:18] Assigned 153 locus_tags to CDS and RNA features.
[13:45:18] Writing outputs to prokka_VFAGAHAV/
[13:45:18] Generating annotation statistics file
[13:45:18] Generating Genbank and Sequin files
[13:45:18] Running: tbl2asn -V b -a r10k -l paired-ends -M n -N 1 -y 'Annotated using prokka 1.14.6 from https://github.com/tseemann/prokka' -Z prokka_VFAGAHAV\/VFAGAHAV\.err -i prokka_VFAGAHAV\/VFAGAHAV\.fsa 2> /dev/null
[13:45:18] Deleting unwanted file: prokka_VFAGAHAV/errorsummary.val
[13:45:18] Deleting unwanted file: prokka_VFAGAHAV/VFAGAHAV.dr
[13:45:18] Deleting unwanted file: prokka_VFAGAHAV/VFAGAHAV.fixedproducts
[13:45:18] Deleting unwanted file: prokka_VFAGAHAV/VFAGAHAV.ecn
[13:45:18] Deleting unwanted file: prokka_VFAGAHAV/VFAGAHAV.val
[13:45:18] Repairing broken .GBK output that tbl2asn produces...
[13:45:18] Running: sed 's/COORDINATES: profile/COORDINATES:profile/' < prokka_VFAGAHAV\/VFAGAHAV\.gbf > prokka_VFAGAHAV\/VFAGAHAV\.gbk
[13:45:18] Deleting unwanted file: prokka_VFAGAHAV/VFAGAHAV.gbf
[13:45:18] Output files:
[13:45:18] prokka_VFAGAHAV/VFAGAHAV.txt
[13:45:18] prokka_VFAGAHAV/VFAGAHAV.err
[13:45:18] prokka_VFAGAHAV/VFAGAHAV.faa
[13:45:18] prokka_VFAGAHAV/VFAGAHAV.tsv
[13:45:18] prokka_VFAGAHAV/VFAGAHAV.gff
[13:45:18] prokka_VFAGAHAV/VFAGAHAV.log
[13:45:18] prokka_VFAGAHAV/VFAGAHAV.sqn
[13:45:18] prokka_VFAGAHAV/VFAGAHAV.fsa
[13:45:18] prokka_VFAGAHAV/VFAGAHAV.tbl
[13:45:18] prokka_VFAGAHAV/VFAGAHAV.ffn
[13:45:18] prokka_VFAGAHAV/VFAGAHAV.gbk
[13:45:18] prokka_VFAGAHAV/VFAGAHAV.fna
[13:45:18] Annotation finished successfully.
[13:45:18] Walltime used: 0.12 minutes
[13:45:18] If you use this result please cite the Prokka paper:
[13:45:18] Seemann T (2014) Prokka: rapid prokaryotic genome annotation. Bioinformatics. 30(14):2068-9.
[13:45:18] Type 'prokka --citation' for more details.
[13:45:18] Share and enjoy!
