[10:01:41] This is prokka 1.13
[10:01:41] Written by Torsten Seemann <torsten.seemann@gmail.com>
[10:01:41] Homepage is https://github.com/tseemann/prokka
[10:01:41] Local time is Mon Dec 18 10:01:41 2023
[10:01:41] You are diego
[10:01:41] Operating system is linux
[10:01:41] You have BioPerl 1.007002
[10:01:41] System has 32 cores.
[10:01:41] Option --cpu asked for 40 cores, but system only has 32
[10:01:41] Will use maximum of 32 cores.
[10:01:41] Annotating as >>> Bacteria <<<
[10:01:41] Enabling options to ensure Genbank/ENA/DDJB submission compliance.
[10:01:41] Creating new output folder: prokka_SMDICEUR
[10:01:41] Running: mkdir -p prokka_SMDICEUR
[10:01:41] Using filename prefix: prokka_SMDICEUR.XXX
[10:01:41] Setting HMMER_NCPU=1
[10:01:41] Writing log to: prokka_SMDICEUR/prokka_SMDICEUR.log
[10:01:41] Command: /home/diego/miniconda3/envs/prokka_env/bin/prokka SMDICEUR.fasta --prefix prokka_SMDICEUR --outdir prokka_SMDICEUR --cpus 40 --locustag SMDICEUR --compliant --gcode 11
[10:01:41] Appending to PATH: /home/diego/miniconda3/envs/prokka_env/bin
[10:01:41] Looking for 'aragorn' - found /home/diego/miniconda3/envs/prokka_env/bin/aragorn
[10:01:41] Determined aragorn version is 1.2
[10:01:41] Looking for 'barrnap' - found /home/diego/miniconda3/envs/prokka_env/bin/barrnap
[10:01:41] Determined barrnap version is 0.9
[10:01:41] Looking for 'blastp' - found /home/diego/miniconda3/envs/prokka_env/bin/blastp
[10:01:41] Determined blastp version is 2.14
[10:01:41] Looking for 'cmpress' - found /home/diego/miniconda3/envs/prokka_env/bin/cmpress
[10:01:41] Determined cmpress version is 1.1
[10:01:41] Looking for 'cmscan' - found /home/diego/miniconda3/envs/prokka_env/bin/cmscan
[10:01:41] Determined cmscan version is 1.1
[10:01:41] Looking for 'egrep' - found /usr/bin/egrep
[10:01:41] Looking for 'find' - found /usr/bin/find
[10:01:41] Looking for 'grep' - found /usr/bin/grep
[10:01:41] Looking for 'hmmpress' - found /home/diego/miniconda3/envs/prokka_env/bin/hmmpress
[10:01:41] Determined hmmpress version is 3.3
[10:01:41] Looking for 'hmmscan' - found /home/diego/miniconda3/envs/prokka_env/bin/hmmscan
[10:01:41] Determined hmmscan version is 3.3
[10:01:41] Looking for 'java' - found /home/diego/miniconda3/envs/prokka_env/bin/java
[10:01:41] Looking for 'less' - found /usr/bin/less
[10:01:41] Looking for 'makeblastdb' - found /home/diego/miniconda3/envs/prokka_env/bin/makeblastdb
[10:01:41] Determined makeblastdb version is 2.14
[10:01:41] Looking for 'minced' - found /home/diego/miniconda3/envs/prokka_env/bin/minced
[10:01:41] Determined minced version is 4.2
[10:01:41] Looking for 'parallel' - found /home/diego/miniconda3/envs/prokka_env/bin/parallel
[10:01:41] Determined parallel version is 20160622
[10:01:41] Looking for 'prodigal' - found /home/diego/miniconda3/envs/prokka_env/bin/prodigal
[10:01:41] Determined prodigal version is 2.6
[10:01:41] Looking for 'prokka-genbank_to_fasta_db' - found /home/diego/miniconda3/envs/prokka_env/bin/prokka-genbank_to_fasta_db
[10:01:41] Looking for 'rnammer' - found /home/diego/rnammer-1.2.src/rnammer
[10:01:41] Determined rnammer version is 1.2
[10:01:41] Looking for 'sed' - found /usr/bin/sed
[10:01:41] Looking for 'tbl2asn' - found /home/diego/miniconda3/envs/prokka_env/bin/tbl2asn
[10:01:41] Determined tbl2asn version is 25.8
[10:01:41] Using genetic code table 11.
[10:01:41] Loading and checking input file: SMDICEUR.fasta
[10:01:41] Wrote 1 contigs totalling 151019 bp.
[10:01:41] Predicting tRNAs and tmRNAs
[10:01:41] Running: aragorn -l -gc11  -w prokka_SMDICEUR\/prokka_SMDICEUR\.fna
[10:01:41] 1 tRNA-Met [9058,9132] 35 (cat)
[10:01:41] 2 tRNA-Asn c[12580,12656] 36 (gtt)
[10:01:41] 3 tRNA-Cys c[17885,17955] 33 (gca)
[10:01:41] 4 tmRNA c[21246,21502] 98,124 GKNYSLAA*
[10:01:41] 5 tRNA-Met c[22111,22186] 36 (cat)
[10:01:41] 6 tRNA-Leu [25407,25491] 35 (tag)
[10:01:41] 7 tRNA-Ser [30074,30156] 35 (gct)
[10:01:41] 8 tRNA-Pro [30163,30237] 36 (tgg)
[10:01:41] 9 tRNA-Arg [30241,30313] 34 (tct)
[10:01:41] 10 tRNA-Ser c[35527,35613] 36 (tga)
[10:01:41] 11 tRNA-Lys [39320,39392] 34 (ttt)
[10:01:41] 12 tRNA-Asp c[39398,39471] 35 (gtc)
[10:01:41] 13 tRNA-Val c[43360,43434] 36 (tac)
[10:01:41] 14 tRNA-Leu c[56644,56725] 34 (taa)
[10:01:41] 15 tRNA-Gly c[56731,56803] 34 (gcc)
[10:01:41] 16 tRNA-Ala c[65398,65471] 35 (tgc)
[10:01:41] 17 tRNA-Ile c[65476,65549] 35 (gat)
[10:01:41] 18 tRNA-Thr [69376,69449] 35 (tgt)
[10:01:41] 19 tRNA-Tyr [69459,69540] 35 (gta)
[10:01:41] 20 tRNA-Gly [69545,69616] 34 (tcc)
[10:01:41] 21 tRNA-Thr [69624,69698] 35 (ggt)
[10:01:41] 22 tRNA-Trp [70908,70981] 35 (cca)
[10:01:41] 23 tRNA-His [82654,82729] 36 (gtg)
[10:01:41] 24 tRNA-Phe c[84598,84671] 36 (gaa)
[10:01:41] 25 tRNA-Leu c[96971,97044] 35 (gag)
[10:01:41] 26 tRNA-Glu c[116386,116457] 34 (ttc)
[10:01:41] 27 tRNA-Gln [116822,116892] 33 (ttg)
[10:01:41] 28 tRNA-Arg c[141380,141453] 35 (acg)
[10:01:41] Found 28 tRNAs
[10:01:41] Predicting Ribosomal RNAs
[10:01:41] Running Barrnap with 32 threads
[10:01:42] 1 gnl|Prokka|SMDICEUR_1 62343 5S ribosomal RNA
[10:01:42] 2 gnl|Prokka|SMDICEUR_1 62509 23S ribosomal RNA
[10:01:42] 3 gnl|Prokka|SMDICEUR_1 65553 16S ribosomal RNA
[10:01:42] Found 3 rRNAs
[10:01:42] Skipping ncRNA search, enable with --rfam if desired.
[10:01:42] Total of 30 tRNA + rRNA features
[10:01:42] Searching for CRISPR repeats
[10:01:42] Found 0 CRISPRs
[10:01:42] Predicting coding sequences
[10:01:42] Contigs total 151019 bp, so using single mode
[10:01:42] Running: prodigal -i prokka_SMDICEUR\/prokka_SMDICEUR\.fna -c -m -g 11 -p single -f sco -q
[10:01:42] Excluding CDS which overlaps existing RNA (tRNA) at gnl|Prokka|SMDICEUR_1:9209..12580 on + strand
[10:01:42] Excluding CDS which overlaps existing RNA (tRNA) at gnl|Prokka|SMDICEUR_1:30311..31759 on - strand
[10:01:42] Excluding CDS which overlaps existing RNA (tRNA) at gnl|Prokka|SMDICEUR_1:56027..56650 on + strand
[10:01:42] Excluding CDS which overlaps existing RNA (tRNA) at gnl|Prokka|SMDICEUR_1:56789..59350 on - strand
[10:01:42] Excluding CDS which overlaps existing RNA (rRNA) at gnl|Prokka|SMDICEUR_1:62631..63089 on + strand
[10:01:42] Excluding CDS which overlaps existing RNA (tRNA) at gnl|Prokka|SMDICEUR_1:97001..97177 on - strand
[10:01:43] Found 139 CDS
[10:01:43] Connecting features back to sequences
[10:01:43] Not using genus-specific database. Try --usegenus to enable it.
[10:01:43] Annotating CDS, please be patient.
[10:01:43] Will use 32 CPUs for similarity searching.
[10:01:43] There are still 139 unannotated CDS left (started with 139)
[10:01:43] Will use blast to search against /home/diego/miniconda3/envs/prokka_env/bin/../db/kingdom/Bacteria/sprot with 32 CPUs
[10:01:43] Running: cat prokka_SMDICEUR\/sprot\.faa | parallel --gnu --plain -j 32 --block 677 --recstart '>' --pipe blastp -query - -db /home/diego/miniconda3/envs/prokka_env/bin/../db/kingdom/Bacteria/sprot -evalue 1e-06 -num_threads 1 -num_descriptions 1 -num_alignments 1 -seg no > prokka_SMDICEUR\/sprot\.blast 2> /dev/null
[10:01:44] Modify product: Probable ATP-dependent transporter SufC => putative ATP-dependent transporter SufC
[10:01:44] Cleaned 1 /product names
[10:01:44] Deleting unwanted file: prokka_SMDICEUR/sprot.faa
[10:01:44] Deleting unwanted file: prokka_SMDICEUR/sprot.blast
[10:01:44] There are still 20 unannotated CDS left (started with 139)
[10:01:44] Will use hmmer3 to search against /home/diego/miniconda3/envs/prokka_env/bin/../db/hmm/HAMAP.hmm with 32 CPUs
[10:01:44] Running: cat prokka_SMDICEUR\/HAMAP\.hmm\.faa | parallel --gnu --plain -j 32 --block 71 --recstart '>' --pipe hmmscan --noali --notextw --acc -E 1e-06 --cpu 1 /home/diego/miniconda3/envs/prokka_env/bin/../db/hmm/HAMAP.hmm /dev/stdin > prokka_SMDICEUR\/HAMAP\.hmm\.hmmer3 2> /dev/null
[10:01:45] Deleting unwanted file: prokka_SMDICEUR/HAMAP.hmm.faa
[10:01:45] Deleting unwanted file: prokka_SMDICEUR/HAMAP.hmm.hmmer3
[10:01:45] Labelling remaining 13 proteins as 'hypothetical protein'
[10:01:45] Found 124 unique /gene codes.
[10:01:45] Fixed 2 duplicate /gene - sufB_1 sufB_2
[10:01:45] Fixed 1 colliding /gene names.
[10:01:45] Adding /locus_tag identifiers
[10:01:45] Assigned 170 locus_tags to CDS and RNA features.
[10:01:45] Writing outputs to prokka_SMDICEUR/
[10:01:45] Generating annotation statistics file
[10:01:45] Generating Genbank and Sequin files
[10:01:45] Running: tbl2asn -V b -a r10k -l paired-ends -M n -N 1 -y 'Annotated using prokka 1.13 from https://github.com/tseemann/prokka' -Z prokka_SMDICEUR\/prokka_SMDICEUR\.err -i prokka_SMDICEUR\/prokka_SMDICEUR\.fsa 2> /dev/null
[10:01:45] Deleting unwanted file: prokka_SMDICEUR/errorsummary.val
[10:01:45] Deleting unwanted file: prokka_SMDICEUR/prokka_SMDICEUR.dr
[10:01:45] Deleting unwanted file: prokka_SMDICEUR/prokka_SMDICEUR.fixedproducts
[10:01:45] Deleting unwanted file: prokka_SMDICEUR/prokka_SMDICEUR.ecn
[10:01:45] Deleting unwanted file: prokka_SMDICEUR/prokka_SMDICEUR.val
[10:01:45] Repairing broken .GBK output that tbl2asn produces...
[10:01:45] Running: sed 's/COORDINATES: profile/COORDINATES:profile/' < prokka_SMDICEUR\/prokka_SMDICEUR\.gbf > prokka_SMDICEUR\/prokka_SMDICEUR\.gbk
[10:01:45] Deleting unwanted file: prokka_SMDICEUR/prokka_SMDICEUR.gbf
[10:01:45] Output files:
[10:01:45] prokka_SMDICEUR/prokka_SMDICEUR.tbl
[10:01:45] prokka_SMDICEUR/prokka_SMDICEUR.faa
[10:01:45] prokka_SMDICEUR/prokka_SMDICEUR.fsa
[10:01:45] prokka_SMDICEUR/prokka_SMDICEUR.gbk
[10:01:45] prokka_SMDICEUR/prokka_SMDICEUR.gff
[10:01:45] prokka_SMDICEUR/prokka_SMDICEUR.tsv
[10:01:45] prokka_SMDICEUR/prokka_SMDICEUR.ffn
[10:01:45] prokka_SMDICEUR/prokka_SMDICEUR.err
[10:01:45] prokka_SMDICEUR/prokka_SMDICEUR.sqn
[10:01:45] prokka_SMDICEUR/prokka_SMDICEUR.fna
[10:01:45] prokka_SMDICEUR/prokka_SMDICEUR.log
[10:01:45] prokka_SMDICEUR/prokka_SMDICEUR.txt
[10:01:45] Annotation finished successfully.
[10:01:45] Walltime used: 0.07 minutes
[10:01:45] If you use this result please cite the Prokka paper:
[10:01:45] Seemann T (2014) Prokka: rapid prokaryotic genome annotation. Bioinformatics. 30(14):2068-9.
[10:01:45] Type 'prokka --citation' for more details.
[10:01:45] Thank you, come again.
