[18:32:55] This is prokka 1.13
[18:32:55] Written by Torsten Seemann <torsten.seemann@gmail.com>
[18:32:55] Homepage is https://github.com/tseemann/prokka
[18:32:55] Local time is Wed Feb 21 18:32:55 2024
[18:32:55] You are diego
[18:32:55] Operating system is linux
[18:32:55] You have BioPerl 1.007002
[18:32:55] System has 32 cores.
[18:32:55] Will use maximum of 30 cores.
[18:32:55] Annotating as >>> Bacteria <<<
[18:32:55] Enabling options to ensure Genbank/ENA/DDJB submission compliance.
[18:32:55] Creating new output folder: prokka_SMDICEUR
[18:32:55] Running: mkdir -p prokka_SMDICEUR
[18:32:55] Using filename prefix: SMDICEUR.XXX
[18:32:55] Setting HMMER_NCPU=1
[18:32:55] Writing log to: prokka_SMDICEUR/SMDICEUR.log
[18:32:55] Command: /home/diego/miniconda3/envs/prokka_env/bin/prokka SMDICEUR.fasta --outdir prokka_SMDICEUR --prefix SMDICEUR --gcode 4 --compliant --cpus 30 --locustag SMDICEUR
[18:32:55] Appending to PATH: /home/diego/miniconda3/envs/prokka_env/bin
[18:32:55] Looking for 'aragorn' - found /home/diego/miniconda3/envs/prokka_env/bin/aragorn
[18:32:55] Determined aragorn version is 1.2
[18:32:55] Looking for 'barrnap' - found /home/diego/miniconda3/envs/prokka_env/bin/barrnap
[18:32:55] Determined barrnap version is 0.9
[18:32:55] Looking for 'blastp' - found /home/diego/miniconda3/envs/prokka_env/bin/blastp
[18:32:55] Determined blastp version is 2.14
[18:32:55] Looking for 'cmpress' - found /home/diego/miniconda3/envs/prokka_env/bin/cmpress
[18:32:55] Determined cmpress version is 1.1
[18:32:55] Looking for 'cmscan' - found /home/diego/miniconda3/envs/prokka_env/bin/cmscan
[18:32:55] Determined cmscan version is 1.1
[18:32:55] Looking for 'egrep' - found /usr/bin/egrep
[18:32:55] Looking for 'find' - found /usr/bin/find
[18:32:55] Looking for 'grep' - found /usr/bin/grep
[18:32:55] Looking for 'hmmpress' - found /home/diego/miniconda3/envs/prokka_env/bin/hmmpress
[18:32:55] Determined hmmpress version is 3.3
[18:32:55] Looking for 'hmmscan' - found /home/diego/miniconda3/envs/prokka_env/bin/hmmscan
[18:32:55] Determined hmmscan version is 3.3
[18:32:55] Looking for 'java' - found /home/diego/miniconda3/envs/prokka_env/bin/java
[18:32:55] Looking for 'less' - found /usr/bin/less
[18:32:55] Looking for 'makeblastdb' - found /home/diego/miniconda3/envs/prokka_env/bin/makeblastdb
[18:32:55] Determined makeblastdb version is 2.14
[18:32:55] Looking for 'minced' - found /home/diego/miniconda3/envs/prokka_env/bin/minced
[18:32:55] Determined minced version is 4.2
[18:32:55] Looking for 'parallel' - found /home/diego/miniconda3/envs/prokka_env/bin/parallel
[18:32:55] Determined parallel version is 20160622
[18:32:55] Looking for 'prodigal' - found /home/diego/miniconda3/envs/prokka_env/bin/prodigal
[18:32:55] Determined prodigal version is 2.6
[18:32:55] Looking for 'prokka-genbank_to_fasta_db' - found /home/diego/miniconda3/envs/prokka_env/bin/prokka-genbank_to_fasta_db
[18:32:55] Looking for 'rnammer' - found /home/diego/rnammer-1.2.src/rnammer
[18:32:55] Determined rnammer version is 1.2
[18:32:55] Looking for 'sed' - found /usr/bin/sed
[18:32:55] Looking for 'tbl2asn' - found /home/diego/miniconda3/envs/prokka_env/bin/tbl2asn
[18:32:55] Determined tbl2asn version is 25.8
[18:32:55] Using genetic code table 4.
[18:32:55] Loading and checking input file: SMDICEUR.fasta
[18:32:55] Wrote 1 contigs totalling 151019 bp.
[18:32:55] Predicting tRNAs and tmRNAs
[18:32:55] Running: aragorn -l -gc4  -w prokka_SMDICEUR\/SMDICEUR\.fna
[18:32:55] 1 tRNA-Met [9058,9132] 35 (cat)
[18:32:55] 2 tRNA-Asn c[12580,12656] 36 (gtt)
[18:32:55] 3 tRNA-Cys c[17885,17955] 33 (gca)
[18:32:55] 4 tmRNA c[21246,21502] 98,124 GKNYSLAA*
[18:32:55] 5 tRNA-Met c[22111,22186] 36 (cat)
[18:32:55] 6 tRNA-Leu [25407,25491] 35 (tag)
[18:32:55] 7 tRNA-Ser [30074,30156] 35 (gct)
[18:32:55] 8 tRNA-Pro [30163,30237] 36 (tgg)
[18:32:55] 9 tRNA-Arg [30241,30313] 34 (tct)
[18:32:55] 10 tRNA-Ser c[35527,35613] 36 (tga)
[18:32:55] 11 tRNA-Lys [39320,39392] 34 (ttt)
[18:32:55] 12 tRNA-Asp c[39398,39471] 35 (gtc)
[18:32:55] 13 tRNA-Val c[43360,43434] 36 (tac)
[18:32:55] 14 tRNA-Leu c[56644,56725] 34 (taa)
[18:32:55] 15 tRNA-Gly c[56731,56803] 34 (gcc)
[18:32:55] 16 tRNA-Ala c[65398,65471] 35 (tgc)
[18:32:55] 17 tRNA-Ile c[65476,65549] 35 (gat)
[18:32:55] 18 tRNA-Thr [69376,69449] 35 (tgt)
[18:32:55] 19 tRNA-Tyr [69459,69540] 35 (gta)
[18:32:55] 20 tRNA-Gly [69545,69616] 34 (tcc)
[18:32:55] 21 tRNA-Thr [69624,69698] 35 (ggt)
[18:32:55] 22 tRNA-Trp [70908,70981] 35 (cca)
[18:32:55] 23 tRNA-His [82654,82729] 36 (gtg)
[18:32:55] 24 tRNA-Phe c[84598,84671] 36 (gaa)
[18:32:55] 25 tRNA-Leu c[96971,97044] 35 (gag)
[18:32:55] 26 tRNA-Glu c[116386,116457] 34 (ttc)
[18:32:55] 27 tRNA-Gln [116822,116892] 33 (ttg)
[18:32:55] 28 tRNA-Arg c[141380,141453] 35 (acg)
[18:32:55] Found 28 tRNAs
[18:32:55] Predicting Ribosomal RNAs
[18:32:55] Running Barrnap with 30 threads
[18:32:56] 1 gnl|Prokka|SMDICEUR_1 62343 5S ribosomal RNA
[18:32:56] 2 gnl|Prokka|SMDICEUR_1 62509 23S ribosomal RNA
[18:32:56] 3 gnl|Prokka|SMDICEUR_1 65553 16S ribosomal RNA
[18:32:56] Found 3 rRNAs
[18:32:56] Skipping ncRNA search, enable with --rfam if desired.
[18:32:56] Total of 30 tRNA + rRNA features
[18:32:56] Searching for CRISPR repeats
[18:32:56] Found 0 CRISPRs
[18:32:56] Predicting coding sequences
[18:32:56] Contigs total 151019 bp, so using single mode
[18:32:56] Running: prodigal -i prokka_SMDICEUR\/SMDICEUR\.fna -c -m -g 4 -p single -f sco -q
[18:32:56] Excluding CDS which overlaps existing RNA (tRNA) at gnl|Prokka|SMDICEUR_1:9209..12580 on + strand
[18:32:56] Excluding CDS which overlaps existing RNA (tRNA) at gnl|Prokka|SMDICEUR_1:30275..31759 on - strand
[18:32:56] Excluding CDS which overlaps existing RNA (tRNA) at gnl|Prokka|SMDICEUR_1:56027..56650 on + strand
[18:32:56] Excluding CDS which overlaps existing RNA (tRNA) at gnl|Prokka|SMDICEUR_1:56789..59350 on - strand
[18:32:56] Excluding CDS which overlaps existing RNA (rRNA) at gnl|Prokka|SMDICEUR_1:62320..62496 on - strand
[18:32:56] Excluding CDS which overlaps existing RNA (rRNA) at gnl|Prokka|SMDICEUR_1:62631..63176 on + strand
[18:32:56] Found 137 CDS
[18:32:56] Connecting features back to sequences
[18:32:56] Not using genus-specific database. Try --usegenus to enable it.
[18:32:56] Annotating CDS, please be patient.
[18:32:56] Will use 30 CPUs for similarity searching.
[18:32:56] There are still 137 unannotated CDS left (started with 137)
[18:32:56] Will use blast to search against /home/diego/miniconda3/envs/prokka_env/bin/../db/kingdom/Bacteria/sprot with 30 CPUs
[18:32:56] Running: cat prokka_SMDICEUR\/sprot\.faa | parallel --gnu --plain -j 30 --block 728 --recstart '>' --pipe blastp -query - -db /home/diego/miniconda3/envs/prokka_env/bin/../db/kingdom/Bacteria/sprot -evalue 1e-06 -num_threads 1 -num_descriptions 1 -num_alignments 1 -seg no > prokka_SMDICEUR\/sprot\.blast 2> /dev/null
[18:32:58] Modify product: Probable ATP-dependent transporter SufC => putative ATP-dependent transporter SufC
[18:32:58] Cleaned 1 /product names
[18:32:58] Deleting unwanted file: prokka_SMDICEUR/sprot.faa
[18:32:58] Deleting unwanted file: prokka_SMDICEUR/sprot.blast
[18:32:58] There are still 19 unannotated CDS left (started with 137)
[18:32:58] Will use hmmer3 to search against /home/diego/miniconda3/envs/prokka_env/bin/../db/hmm/HAMAP.hmm with 30 CPUs
[18:32:58] Running: cat prokka_SMDICEUR\/HAMAP\.hmm\.faa | parallel --gnu --plain -j 30 --block 77 --recstart '>' --pipe hmmscan --noali --notextw --acc -E 1e-06 --cpu 1 /home/diego/miniconda3/envs/prokka_env/bin/../db/hmm/HAMAP.hmm /dev/stdin > prokka_SMDICEUR\/HAMAP\.hmm\.hmmer3 2> /dev/null
[18:32:59] Deleting unwanted file: prokka_SMDICEUR/HAMAP.hmm.faa
[18:32:59] Deleting unwanted file: prokka_SMDICEUR/HAMAP.hmm.hmmer3
[18:32:59] Labelling remaining 12 proteins as 'hypothetical protein'
[18:32:59] Found 123 unique /gene codes.
[18:32:59] Fixed 2 duplicate /gene - sufB_1 sufB_2
[18:32:59] Fixed 1 colliding /gene names.
[18:32:59] Adding /locus_tag identifiers
[18:32:59] Assigned 168 locus_tags to CDS and RNA features.
[18:32:59] Writing outputs to prokka_SMDICEUR/
[18:32:59] Generating annotation statistics file
[18:32:59] Generating Genbank and Sequin files
[18:32:59] Running: tbl2asn -V b -a r10k -l paired-ends -M n -N 1 -y 'Annotated using prokka 1.13 from https://github.com/tseemann/prokka' -Z prokka_SMDICEUR\/SMDICEUR\.err -i prokka_SMDICEUR\/SMDICEUR\.fsa 2> /dev/null
[18:32:59] Deleting unwanted file: prokka_SMDICEUR/errorsummary.val
[18:32:59] Deleting unwanted file: prokka_SMDICEUR/SMDICEUR.dr
[18:32:59] Deleting unwanted file: prokka_SMDICEUR/SMDICEUR.fixedproducts
[18:32:59] Deleting unwanted file: prokka_SMDICEUR/SMDICEUR.ecn
[18:32:59] Deleting unwanted file: prokka_SMDICEUR/SMDICEUR.val
[18:32:59] Repairing broken .GBK output that tbl2asn produces...
[18:32:59] Running: sed 's/COORDINATES: profile/COORDINATES:profile/' < prokka_SMDICEUR\/SMDICEUR\.gbf > prokka_SMDICEUR\/SMDICEUR\.gbk
[18:32:59] Deleting unwanted file: prokka_SMDICEUR/SMDICEUR.gbf
[18:32:59] Output files:
[18:32:59] prokka_SMDICEUR/SMDICEUR.tsv
[18:32:59] prokka_SMDICEUR/SMDICEUR.gbk
[18:32:59] prokka_SMDICEUR/SMDICEUR.gff
[18:32:59] prokka_SMDICEUR/SMDICEUR.fna
[18:32:59] prokka_SMDICEUR/SMDICEUR.tbl
[18:32:59] prokka_SMDICEUR/SMDICEUR.err
[18:32:59] prokka_SMDICEUR/SMDICEUR.sqn
[18:32:59] prokka_SMDICEUR/SMDICEUR.ffn
[18:32:59] prokka_SMDICEUR/SMDICEUR.faa
[18:32:59] prokka_SMDICEUR/SMDICEUR.log
[18:32:59] prokka_SMDICEUR/SMDICEUR.txt
[18:32:59] prokka_SMDICEUR/SMDICEUR.fsa
[18:32:59] Annotation finished successfully.
[18:32:59] Walltime used: 0.07 minutes
[18:32:59] If you use this result please cite the Prokka paper:
[18:32:59] Seemann T (2014) Prokka: rapid prokaryotic genome annotation. Bioinformatics. 30(14):2068-9.
[18:32:59] Type 'prokka --citation' for more details.
[18:32:59] Thank you, come again.
