Discrepancy Report Results

Summary
DISC_SOURCE_QUALS_ASNDISC:strain (all present, all unique)
DISC_SOURCE_QUALS_ASNDISC:taxname (all present, all unique)
DISC_FEATURE_COUNT:gene: 168 present
DISC_FEATURE_COUNT:CDS: 137 present
DISC_FEATURE_COUNT:tRNA: 27 present
DISC_FEATURE_COUNT:rRNA: 3 present
DISC_FEATURE_COUNT:tmRNA: 1 present
DISC_COUNT_NUCLEOTIDES:1 nucleotide Bioseqs are present
OVERLAPPING_GENES:52 genes overlap another gene on the same strand.
RNA_CDS_OVERLAP:1 coding regions overlap RNA features
DISC_QUALITY_SCORES:Quality scores are missing on all sequences.
ONCALLER_COMMENT_PRESENT:1 comment descriptors were found (all same)
SHORT_PROT_SEQUENCES:2 protein sequences are shorter than 50 aa.
MISSING_GENOMEASSEMBLY_COMMENTS:1 bioseqs are missing GenomeAssembly structured comments
MOLTYPE_NOT_MRNA:1 molecule types are not set as mRNA.
TECHNIQUE_NOT_TSA:1 technique are not set as TSA
MISSING_STRUCTURED_COMMENT:1 sequences do not include structured comments.
MISSING_PROJECT:138 sequences do not include project.
DISC_INCONSISTENT_MOLINFO_TECH:Molinfo Technique Report (some missing, all same)


Detailed Report

DiscRep_ALL:DISC_SOURCE_QUALS_ASNDISC::strain (all present, all unique)
DiscRep_SUB:DISC_SOURCE_QUALS_ASNDISC::1 sources have unique values for strain
DiscRep_ALL:DISC_SOURCE_QUALS_ASNDISC::taxname (all present, all unique)
DiscRep_SUB:DISC_SOURCE_QUALS_ASNDISC::1 sources have unique values for taxname
DiscRep_ALL:DISC_FEATURE_COUNT::gene: 168 present
DiscRep_ALL:DISC_FEATURE_COUNT::CDS: 137 present
DiscRep_ALL:DISC_FEATURE_COUNT::tRNA: 27 present
DiscRep_ALL:DISC_FEATURE_COUNT::rRNA: 3 present
DiscRep_ALL:DISC_FEATURE_COUNT::tmRNA: 1 present
DiscRep_ALL:DISC_COUNT_NUCLEOTIDES::1 nucleotide Bioseqs are present
prokka_SMDICEUR/SMDICEUR:Prokka:SMDICEUR_1 (length 151019)

DiscRep_ALL:OVERLAPPING_GENES::52 genes overlap another gene on the same strand.
prokka_SMDICEUR/SMDICEUR:Gene	gltX	SMDICEUR_1:c20155-18656	SMDICEUR_00016
prokka_SMDICEUR/SMDICEUR:Gene	rplI	SMDICEUR_1:c20607-20149	SMDICEUR_00017
prokka_SMDICEUR/SMDICEUR:Gene	rpsR	SMDICEUR_1:c20881-20612	SMDICEUR_00018
prokka_SMDICEUR/SMDICEUR:Gene	rpsF	SMDICEUR_1:c21230-20874	SMDICEUR_00019
prokka_SMDICEUR/SMDICEUR:Gene	ssrA	SMDICEUR_1:c21502-21246	SMDICEUR_00020
prokka_SMDICEUR/SMDICEUR:Gene	rpmA	SMDICEUR_1:c21761-21474	SMDICEUR_00021
prokka_SMDICEUR/SMDICEUR:Gene	rplU	SMDICEUR_1:c22083-21751	SMDICEUR_00022
prokka_SMDICEUR/SMDICEUR:Gene	iscS	SMDICEUR_1:c38314-37181	SMDICEUR_00042
prokka_SMDICEUR/SMDICEUR:Gene	tilS	SMDICEUR_1:c39239-38289	SMDICEUR_00043
prokka_SMDICEUR/SMDICEUR:Gene	SMDICEUR_00049	SMDICEUR_1:c45667-44834	SMDICEUR_00049
prokka_SMDICEUR/SMDICEUR:Gene	dnaC	SMDICEUR_1:c47027-45660	SMDICEUR_00050
prokka_SMDICEUR/SMDICEUR:Gene	rplM	SMDICEUR_1:54546-54944	SMDICEUR_00060
prokka_SMDICEUR/SMDICEUR:Gene	rpsI	SMDICEUR_1:54944-55327	SMDICEUR_00061
prokka_SMDICEUR/SMDICEUR:Gene	rpsB	SMDICEUR_1:55327-56049	SMDICEUR_00062
prokka_SMDICEUR/SMDICEUR:Gene	rplK	SMDICEUR_1:70996-71448	SMDICEUR_00082
prokka_SMDICEUR/SMDICEUR:Gene	rplA	SMDICEUR_1:71417-72040	SMDICEUR_00083
prokka_SMDICEUR/SMDICEUR:Gene	rplJ	SMDICEUR_1:72097-72636	SMDICEUR_00084
prokka_SMDICEUR/SMDICEUR:Gene	rplL	SMDICEUR_1:72626-73000	SMDICEUR_00085
prokka_SMDICEUR/SMDICEUR:Gene	leuS	SMDICEUR_1:c87376-84683	SMDICEUR_00094
prokka_SMDICEUR/SMDICEUR:Gene	tyrS1	SMDICEUR_1:c88622-87366	SMDICEUR_00095
prokka_SMDICEUR/SMDICEUR:Gene	leuA	SMDICEUR_1:88720-89934	SMDICEUR_00096
prokka_SMDICEUR/SMDICEUR:Gene	leuC	SMDICEUR_1:89876-91273	SMDICEUR_00097
prokka_SMDICEUR/SMDICEUR:Gene	leuD1	SMDICEUR_1:91260-91844	SMDICEUR_00098
prokka_SMDICEUR/SMDICEUR:Gene	prfB	SMDICEUR_1:93587-94384	SMDICEUR_00101
prokka_SMDICEUR/SMDICEUR:Gene	rpsU	SMDICEUR_1:94378-94587	SMDICEUR_00102
prokka_SMDICEUR/SMDICEUR:Gene	sufC	SMDICEUR_1:111221-111970	SMDICEUR_00114
prokka_SMDICEUR/SMDICEUR:Gene	sufD	SMDICEUR_1:111961-113304	SMDICEUR_00115
prokka_SMDICEUR/SMDICEUR:Gene	sufS	SMDICEUR_1:113270-114472	SMDICEUR_00116
prokka_SMDICEUR/SMDICEUR:Gene	sigA	SMDICEUR_1:c118988-118089	SMDICEUR_00123
prokka_SMDICEUR/SMDICEUR:Gene	pnp	SMDICEUR_1:c121117-118949	SMDICEUR_00124
prokka_SMDICEUR/SMDICEUR:Gene	rpsL	SMDICEUR_1:122636-123043	SMDICEUR_00128
prokka_SMDICEUR/SMDICEUR:Gene	rpsG	SMDICEUR_1:123043-123522	SMDICEUR_00129
prokka_SMDICEUR/SMDICEUR:Gene	fusA	SMDICEUR_1:123535-125628	SMDICEUR_00130
prokka_SMDICEUR/SMDICEUR:Gene	rpsJ	SMDICEUR_1:125622-125918	SMDICEUR_00131
prokka_SMDICEUR/SMDICEUR:Gene	rplC	SMDICEUR_1:125912-126526	SMDICEUR_00132
prokka_SMDICEUR/SMDICEUR:Gene	rpsS	SMDICEUR_1:128335-128625	SMDICEUR_00136
prokka_SMDICEUR/SMDICEUR:Gene	rplV	SMDICEUR_1:128625-128984	SMDICEUR_00137
prokka_SMDICEUR/SMDICEUR:Gene	rpsC	SMDICEUR_1:128969-129631	SMDICEUR_00138
prokka_SMDICEUR/SMDICEUR:Gene	rplP	SMDICEUR_1:129635-130066	SMDICEUR_00139
prokka_SMDICEUR/SMDICEUR:Gene	rpsQ	SMDICEUR_1:130039-130278	SMDICEUR_00140
prokka_SMDICEUR/SMDICEUR:Gene	SMDICEUR_00142	SMDICEUR_1:130670-130999	SMDICEUR_00142
prokka_SMDICEUR/SMDICEUR:Gene	rplE	SMDICEUR_1:130983-131528	SMDICEUR_00143
prokka_SMDICEUR/SMDICEUR:Gene	rpsM	SMDICEUR_1:134374-134757	SMDICEUR_00151
prokka_SMDICEUR/SMDICEUR:Gene	rpsK	SMDICEUR_1:134757-135110	SMDICEUR_00152
prokka_SMDICEUR/SMDICEUR:Gene	rpsD	SMDICEUR_1:135076-135735	SMDICEUR_00153
prokka_SMDICEUR/SMDICEUR:Gene	rpoA	SMDICEUR_1:135746-136735	SMDICEUR_00154
prokka_SMDICEUR/SMDICEUR:Gene	rplQ	SMDICEUR_1:136719-137069	SMDICEUR_00155
prokka_SMDICEUR/SMDICEUR:Gene	rsmH	SMDICEUR_1:137069-138061	SMDICEUR_00156
prokka_SMDICEUR/SMDICEUR:Gene	SMDICEUR_00163	SMDICEUR_1:144129-144980	SMDICEUR_00163
prokka_SMDICEUR/SMDICEUR:Gene	trxB	SMDICEUR_1:144944-145888	SMDICEUR_00164
prokka_SMDICEUR/SMDICEUR:Gene	ilvB	SMDICEUR_1:c149243-147564	SMDICEUR_00167
prokka_SMDICEUR/SMDICEUR:Gene	ilvD	SMDICEUR_1:c150949-149222	SMDICEUR_00168

DiscRep_ALL:RNA_CDS_OVERLAP::1 coding regions overlap RNA features
DiscRep_SUB:RNA_CDS_OVERLAP::1 coding regions overlap RNAs (no containment)
DiscRep_SUB:RNA_CDS_OVERLAP::1 coding regions overlap RNAs on the same strand (no containment)
prokka_SMDICEUR/SMDICEUR:CDS	50S ribosomal protein L27	SMDICEUR_1:c21761-21474	SMDICEUR_00021
prokka_SMDICEUR/SMDICEUR:tmRNA	transfer-messenger RNA, SsrA	SMDICEUR_1:c21502-21246	SMDICEUR_00020

DiscRep_ALL:DISC_QUALITY_SCORES::Quality scores are missing on all sequences.

DiscRep_ALL:ONCALLER_COMMENT_PRESENT::1 comment descriptors were found (all same)
prokka_SMDICEUR/SMDICEUR:Prokka:SMDICEUR_1:Annotated using prokka 1.13 from https://github.com/tseemann/prokka

DiscRep_ALL:SHORT_PROT_SEQUENCES::2 protein sequences are shorter than 50 aa.
prokka_SMDICEUR/SMDICEUR:Prokka:SMDICEUR_00027 (length 29)
prokka_SMDICEUR/SMDICEUR:Prokka:SMDICEUR_00150 (length 38)

DiscRep_ALL:MISSING_GENOMEASSEMBLY_COMMENTS::1 bioseqs are missing GenomeAssembly structured comments
prokka_SMDICEUR/SMDICEUR:Prokka:SMDICEUR_1 (length 151019)

DiscRep_ALL:MOLTYPE_NOT_MRNA::1 molecule types are not set as mRNA.
prokka_SMDICEUR/SMDICEUR:Prokka:SMDICEUR_1 (length 151019)

DiscRep_ALL:TECHNIQUE_NOT_TSA::1 technique are not set as TSA
prokka_SMDICEUR/SMDICEUR:Prokka:SMDICEUR_1 (length 151019)

DiscRep_ALL:MISSING_STRUCTURED_COMMENT::1 sequences do not include structured comments.
prokka_SMDICEUR/SMDICEUR:Prokka:SMDICEUR_1 (length 151019)

DiscRep_ALL:MISSING_PROJECT::138 sequences do not include project.
prokka_SMDICEUR/SMDICEUR:Prokka:SMDICEUR_1 (length 151019)
prokka_SMDICEUR/SMDICEUR:Prokka:SMDICEUR_00001 (length 220)
prokka_SMDICEUR/SMDICEUR:Prokka:SMDICEUR_00002 (length 847)
prokka_SMDICEUR/SMDICEUR:Prokka:SMDICEUR_00003 (length 110)
prokka_SMDICEUR/SMDICEUR:Prokka:SMDICEUR_00004 (length 369)
prokka_SMDICEUR/SMDICEUR:Prokka:SMDICEUR_00005 (length 368)
prokka_SMDICEUR/SMDICEUR:Prokka:SMDICEUR_00006 (length 387)
prokka_SMDICEUR/SMDICEUR:Prokka:SMDICEUR_00007 (length 353)
prokka_SMDICEUR/SMDICEUR:Prokka:SMDICEUR_00008 (length 251)
prokka_SMDICEUR/SMDICEUR:Prokka:SMDICEUR_00011 (length 355)
prokka_SMDICEUR/SMDICEUR:Prokka:SMDICEUR_00012 (length 1107)
prokka_SMDICEUR/SMDICEUR:Prokka:SMDICEUR_00013 (length 147)
prokka_SMDICEUR/SMDICEUR:Prokka:SMDICEUR_00015 (length 190)
prokka_SMDICEUR/SMDICEUR:Prokka:SMDICEUR_00016 (length 499)
prokka_SMDICEUR/SMDICEUR:Prokka:SMDICEUR_00017 (length 152)
prokka_SMDICEUR/SMDICEUR:Prokka:SMDICEUR_00018 (length 89)
prokka_SMDICEUR/SMDICEUR:Prokka:SMDICEUR_00019 (length 118)
prokka_SMDICEUR/SMDICEUR:Prokka:SMDICEUR_00021 (length 95)
prokka_SMDICEUR/SMDICEUR:Prokka:SMDICEUR_00022 (length 110)
prokka_SMDICEUR/SMDICEUR:Prokka:SMDICEUR_00024 (length 438)
prokka_SMDICEUR/SMDICEUR:Prokka:SMDICEUR_00025 (length 199)
prokka_SMDICEUR/SMDICEUR:Prokka:SMDICEUR_00026 (length 318)
prokka_SMDICEUR/SMDICEUR:Prokka:SMDICEUR_00027 (length 29)
prokka_SMDICEUR/SMDICEUR:Prokka:SMDICEUR_00029 (length 246)
prokka_SMDICEUR/SMDICEUR:Prokka:SMDICEUR_00030 (length 282)
prokka_SMDICEUR/SMDICEUR:Prokka:SMDICEUR_00031 (length 435)
prokka_SMDICEUR/SMDICEUR:Prokka:SMDICEUR_00032 (length 420)
prokka_SMDICEUR/SMDICEUR:Prokka:SMDICEUR_00036 (length 69)
prokka_SMDICEUR/SMDICEUR:Prokka:SMDICEUR_00037 (length 111)
prokka_SMDICEUR/SMDICEUR:Prokka:SMDICEUR_00038 (length 432)
prokka_SMDICEUR/SMDICEUR:Prokka:SMDICEUR_00039 (length 608)
prokka_SMDICEUR/SMDICEUR:Prokka:SMDICEUR_00041 (length 485)
prokka_SMDICEUR/SMDICEUR:Prokka:SMDICEUR_00042 (length 377)
prokka_SMDICEUR/SMDICEUR:Prokka:SMDICEUR_00043 (length 316)
prokka_SMDICEUR/SMDICEUR:Prokka:SMDICEUR_00046 (length 1271)
prokka_SMDICEUR/SMDICEUR:Prokka:SMDICEUR_00048 (length 451)
prokka_SMDICEUR/SMDICEUR:Prokka:SMDICEUR_00049 (length 277)
prokka_SMDICEUR/SMDICEUR:Prokka:SMDICEUR_00050 (length 455)
prokka_SMDICEUR/SMDICEUR:Prokka:SMDICEUR_00051 (length 180)
prokka_SMDICEUR/SMDICEUR:Prokka:SMDICEUR_00052 (length 359)
prokka_SMDICEUR/SMDICEUR:Prokka:SMDICEUR_00053 (length 392)
prokka_SMDICEUR/SMDICEUR:Prokka:SMDICEUR_00054 (length 363)
prokka_SMDICEUR/SMDICEUR:Prokka:SMDICEUR_00055 (length 150)
prokka_SMDICEUR/SMDICEUR:Prokka:SMDICEUR_00056 (length 113)
prokka_SMDICEUR/SMDICEUR:Prokka:SMDICEUR_00057 (length 68)
prokka_SMDICEUR/SMDICEUR:Prokka:SMDICEUR_00058 (length 173)
prokka_SMDICEUR/SMDICEUR:Prokka:SMDICEUR_00059 (length 620)
prokka_SMDICEUR/SMDICEUR:Prokka:SMDICEUR_00060 (length 132)
prokka_SMDICEUR/SMDICEUR:Prokka:SMDICEUR_00061 (length 127)
prokka_SMDICEUR/SMDICEUR:Prokka:SMDICEUR_00062 (length 240)
prokka_SMDICEUR/SMDICEUR:Prokka:SMDICEUR_00065 (length 404)
prokka_SMDICEUR/SMDICEUR:Prokka:SMDICEUR_00066 (length 216)
prokka_SMDICEUR/SMDICEUR:Prokka:SMDICEUR_00067 (length 348)
prokka_SMDICEUR/SMDICEUR:Prokka:SMDICEUR_00073 (length 371)
prokka_SMDICEUR/SMDICEUR:Prokka:SMDICEUR_00074 (length 139)
prokka_SMDICEUR/SMDICEUR:Prokka:SMDICEUR_00075 (length 207)
prokka_SMDICEUR/SMDICEUR:Prokka:SMDICEUR_00080 (length 393)
prokka_SMDICEUR/SMDICEUR:Prokka:SMDICEUR_00082 (length 150)
prokka_SMDICEUR/SMDICEUR:Prokka:SMDICEUR_00083 (length 207)
prokka_SMDICEUR/SMDICEUR:Prokka:SMDICEUR_00084 (length 179)
prokka_SMDICEUR/SMDICEUR:Prokka:SMDICEUR_00085 (length 124)
prokka_SMDICEUR/SMDICEUR:Prokka:SMDICEUR_00086 (length 1231)
prokka_SMDICEUR/SMDICEUR:Prokka:SMDICEUR_00087 (length 1360)
prokka_SMDICEUR/SMDICEUR:Prokka:SMDICEUR_00088 (length 246)
prokka_SMDICEUR/SMDICEUR:Prokka:SMDICEUR_00089 (length 340)
prokka_SMDICEUR/SMDICEUR:Prokka:SMDICEUR_00091 (length 74)
prokka_SMDICEUR/SMDICEUR:Prokka:SMDICEUR_00092 (length 414)
prokka_SMDICEUR/SMDICEUR:Prokka:SMDICEUR_00094 (length 897)
prokka_SMDICEUR/SMDICEUR:Prokka:SMDICEUR_00095 (length 418)
prokka_SMDICEUR/SMDICEUR:Prokka:SMDICEUR_00096 (length 404)
prokka_SMDICEUR/SMDICEUR:Prokka:SMDICEUR_00097 (length 465)
prokka_SMDICEUR/SMDICEUR:Prokka:SMDICEUR_00098 (length 194)
prokka_SMDICEUR/SMDICEUR:Prokka:SMDICEUR_00099 (length 358)
prokka_SMDICEUR/SMDICEUR:Prokka:SMDICEUR_00100 (length 132)
prokka_SMDICEUR/SMDICEUR:Prokka:SMDICEUR_00101 (length 265)
prokka_SMDICEUR/SMDICEUR:Prokka:SMDICEUR_00102 (length 69)
prokka_SMDICEUR/SMDICEUR:Prokka:SMDICEUR_00103 (length 321)
prokka_SMDICEUR/SMDICEUR:Prokka:SMDICEUR_00104 (length 463)
prokka_SMDICEUR/SMDICEUR:Prokka:SMDICEUR_00106 (length 152)
prokka_SMDICEUR/SMDICEUR:Prokka:SMDICEUR_00107 (length 104)
prokka_SMDICEUR/SMDICEUR:Prokka:SMDICEUR_00108 (length 547)
prokka_SMDICEUR/SMDICEUR:Prokka:SMDICEUR_00109 (length 89)
prokka_SMDICEUR/SMDICEUR:Prokka:SMDICEUR_00110 (length 434)
prokka_SMDICEUR/SMDICEUR:Prokka:SMDICEUR_00111 (length 344)
prokka_SMDICEUR/SMDICEUR:Prokka:SMDICEUR_00112 (length 2065)
prokka_SMDICEUR/SMDICEUR:Prokka:SMDICEUR_00113 (length 235)
prokka_SMDICEUR/SMDICEUR:Prokka:SMDICEUR_00114 (length 249)
prokka_SMDICEUR/SMDICEUR:Prokka:SMDICEUR_00115 (length 447)
prokka_SMDICEUR/SMDICEUR:Prokka:SMDICEUR_00116 (length 400)
prokka_SMDICEUR/SMDICEUR:Prokka:SMDICEUR_00117 (length 555)
prokka_SMDICEUR/SMDICEUR:Prokka:SMDICEUR_00118 (length 72)
prokka_SMDICEUR/SMDICEUR:Prokka:SMDICEUR_00120 (length 91)
prokka_SMDICEUR/SMDICEUR:Prokka:SMDICEUR_00122 (length 327)
prokka_SMDICEUR/SMDICEUR:Prokka:SMDICEUR_00123 (length 299)
prokka_SMDICEUR/SMDICEUR:Prokka:SMDICEUR_00124 (length 722)
prokka_SMDICEUR/SMDICEUR:Prokka:SMDICEUR_00125 (length 56)
prokka_SMDICEUR/SMDICEUR:Prokka:SMDICEUR_00126 (length 84)
prokka_SMDICEUR/SMDICEUR:Prokka:SMDICEUR_00127 (length 333)
prokka_SMDICEUR/SMDICEUR:Prokka:SMDICEUR_00128 (length 135)
prokka_SMDICEUR/SMDICEUR:Prokka:SMDICEUR_00129 (length 159)
prokka_SMDICEUR/SMDICEUR:Prokka:SMDICEUR_00130 (length 697)
prokka_SMDICEUR/SMDICEUR:Prokka:SMDICEUR_00131 (length 98)
prokka_SMDICEUR/SMDICEUR:Prokka:SMDICEUR_00132 (length 204)
prokka_SMDICEUR/SMDICEUR:Prokka:SMDICEUR_00133 (length 215)
prokka_SMDICEUR/SMDICEUR:Prokka:SMDICEUR_00134 (length 104)
prokka_SMDICEUR/SMDICEUR:Prokka:SMDICEUR_00135 (length 275)
prokka_SMDICEUR/SMDICEUR:Prokka:SMDICEUR_00136 (length 96)
prokka_SMDICEUR/SMDICEUR:Prokka:SMDICEUR_00137 (length 119)
prokka_SMDICEUR/SMDICEUR:Prokka:SMDICEUR_00138 (length 220)
prokka_SMDICEUR/SMDICEUR:Prokka:SMDICEUR_00139 (length 143)
prokka_SMDICEUR/SMDICEUR:Prokka:SMDICEUR_00140 (length 79)
prokka_SMDICEUR/SMDICEUR:Prokka:SMDICEUR_00141 (length 122)
prokka_SMDICEUR/SMDICEUR:Prokka:SMDICEUR_00142 (length 109)
prokka_SMDICEUR/SMDICEUR:Prokka:SMDICEUR_00143 (length 181)
prokka_SMDICEUR/SMDICEUR:Prokka:SMDICEUR_00144 (length 89)
prokka_SMDICEUR/SMDICEUR:Prokka:SMDICEUR_00145 (length 129)
prokka_SMDICEUR/SMDICEUR:Prokka:SMDICEUR_00146 (length 185)
prokka_SMDICEUR/SMDICEUR:Prokka:SMDICEUR_00147 (length 95)
prokka_SMDICEUR/SMDICEUR:Prokka:SMDICEUR_00148 (length 162)
prokka_SMDICEUR/SMDICEUR:Prokka:SMDICEUR_00149 (length 157)
prokka_SMDICEUR/SMDICEUR:Prokka:SMDICEUR_00150 (length 38)
prokka_SMDICEUR/SMDICEUR:Prokka:SMDICEUR_00151 (length 127)
prokka_SMDICEUR/SMDICEUR:Prokka:SMDICEUR_00152 (length 117)
prokka_SMDICEUR/SMDICEUR:Prokka:SMDICEUR_00153 (length 219)
prokka_SMDICEUR/SMDICEUR:Prokka:SMDICEUR_00154 (length 329)
prokka_SMDICEUR/SMDICEUR:Prokka:SMDICEUR_00155 (length 116)
prokka_SMDICEUR/SMDICEUR:Prokka:SMDICEUR_00156 (length 330)
prokka_SMDICEUR/SMDICEUR:Prokka:SMDICEUR_00157 (length 541)
prokka_SMDICEUR/SMDICEUR:Prokka:SMDICEUR_00158 (length 488)
prokka_SMDICEUR/SMDICEUR:Prokka:SMDICEUR_00160 (length 331)
prokka_SMDICEUR/SMDICEUR:Prokka:SMDICEUR_00161 (length 364)
prokka_SMDICEUR/SMDICEUR:Prokka:SMDICEUR_00162 (length 141)
prokka_SMDICEUR/SMDICEUR:Prokka:SMDICEUR_00163 (length 283)
prokka_SMDICEUR/SMDICEUR:Prokka:SMDICEUR_00164 (length 314)
prokka_SMDICEUR/SMDICEUR:Prokka:SMDICEUR_00165 (length 353)
prokka_SMDICEUR/SMDICEUR:Prokka:SMDICEUR_00166 (length 77)
prokka_SMDICEUR/SMDICEUR:Prokka:SMDICEUR_00167 (length 559)
prokka_SMDICEUR/SMDICEUR:Prokka:SMDICEUR_00168 (length 575)

DiscRep_ALL:DISC_INCONSISTENT_MOLINFO_TECH::Molinfo Technique Report (some missing, all same)
DiscRep_SUB:DISC_INCONSISTENT_MOLINFO_TECH::technique (all missing)
DiscRep_SUB:DISC_INCONSISTENT_MOLINFO_TECH::1 Molinfos are missing field technique
prokka_SMDICEUR/SMDICEUR:Prokka:SMDICEUR_1 (length 151019)

