[10:02:43] This is prokka 1.13
[10:02:43] Written by Torsten Seemann <torsten.seemann@gmail.com>
[10:02:43] Homepage is https://github.com/tseemann/prokka
[10:02:43] Local time is Mon Dec 18 10:02:43 2023
[10:02:43] You are diego
[10:02:43] Operating system is linux
[10:02:43] You have BioPerl 1.007002
[10:02:43] System has 32 cores.
[10:02:43] Option --cpu asked for 40 cores, but system only has 32
[10:02:43] Will use maximum of 32 cores.
[10:02:43] Annotating as >>> Bacteria <<<
[10:02:43] Enabling options to ensure Genbank/ENA/DDJB submission compliance.
[10:02:43] Creating new output folder: prokka_SMMYCCUN
[10:02:43] Running: mkdir -p prokka_SMMYCCUN
[10:02:43] Using filename prefix: prokka_SMMYCCUN.XXX
[10:02:43] Setting HMMER_NCPU=1
[10:02:43] Writing log to: prokka_SMMYCCUN/prokka_SMMYCCUN.log
[10:02:43] Command: /home/diego/miniconda3/envs/prokka_env/bin/prokka SMMYCCUN.fasta --prefix prokka_SMMYCCUN --outdir prokka_SMMYCCUN --cpus 40 --locustag SMMYCCUN --compliant --gcode 11
[10:02:43] Appending to PATH: /home/diego/miniconda3/envs/prokka_env/bin
[10:02:43] Looking for 'aragorn' - found /home/diego/miniconda3/envs/prokka_env/bin/aragorn
[10:02:43] Determined aragorn version is 1.2
[10:02:43] Looking for 'barrnap' - found /home/diego/miniconda3/envs/prokka_env/bin/barrnap
[10:02:43] Determined barrnap version is 0.9
[10:02:43] Looking for 'blastp' - found /home/diego/miniconda3/envs/prokka_env/bin/blastp
[10:02:44] Determined blastp version is 2.14
[10:02:44] Looking for 'cmpress' - found /home/diego/miniconda3/envs/prokka_env/bin/cmpress
[10:02:44] Determined cmpress version is 1.1
[10:02:44] Looking for 'cmscan' - found /home/diego/miniconda3/envs/prokka_env/bin/cmscan
[10:02:44] Determined cmscan version is 1.1
[10:02:44] Looking for 'egrep' - found /usr/bin/egrep
[10:02:44] Looking for 'find' - found /usr/bin/find
[10:02:44] Looking for 'grep' - found /usr/bin/grep
[10:02:44] Looking for 'hmmpress' - found /home/diego/miniconda3/envs/prokka_env/bin/hmmpress
[10:02:44] Determined hmmpress version is 3.3
[10:02:44] Looking for 'hmmscan' - found /home/diego/miniconda3/envs/prokka_env/bin/hmmscan
[10:02:44] Determined hmmscan version is 3.3
[10:02:44] Looking for 'java' - found /home/diego/miniconda3/envs/prokka_env/bin/java
[10:02:44] Looking for 'less' - found /usr/bin/less
[10:02:44] Looking for 'makeblastdb' - found /home/diego/miniconda3/envs/prokka_env/bin/makeblastdb
[10:02:44] Determined makeblastdb version is 2.14
[10:02:44] Looking for 'minced' - found /home/diego/miniconda3/envs/prokka_env/bin/minced
[10:02:44] Determined minced version is 4.2
[10:02:44] Looking for 'parallel' - found /home/diego/miniconda3/envs/prokka_env/bin/parallel
[10:02:44] Determined parallel version is 20160622
[10:02:44] Looking for 'prodigal' - found /home/diego/miniconda3/envs/prokka_env/bin/prodigal
[10:02:44] Determined prodigal version is 2.6
[10:02:44] Looking for 'prokka-genbank_to_fasta_db' - found /home/diego/miniconda3/envs/prokka_env/bin/prokka-genbank_to_fasta_db
[10:02:44] Looking for 'rnammer' - found /home/diego/rnammer-1.2.src/rnammer
[10:02:44] Determined rnammer version is 1.2
[10:02:44] Looking for 'sed' - found /usr/bin/sed
[10:02:44] Looking for 'tbl2asn' - found /home/diego/miniconda3/envs/prokka_env/bin/tbl2asn
[10:02:44] Determined tbl2asn version is 25.8
[10:02:44] Using genetic code table 11.
[10:02:44] Loading and checking input file: SMMYCCUN.fasta
[10:02:44] Wrote 1 contigs totalling 140888 bp.
[10:02:44] Predicting tRNAs and tmRNAs
[10:02:44] Running: aragorn -l -gc11  -w prokka_SMMYCCUN\/prokka_SMMYCCUN\.fna
[10:02:44] 1 tRNA-Met [9190,9266] 35 (cat)
[10:02:44] 2 tRNA-Asn c[12803,12878] 36 (gtt)
[10:02:44] 3 tRNA-Cys c[16852,16922] 33 (gca)
[10:02:44] 4 tmRNA c[18640,18943] 98,124 GKNYSLAA*
[10:02:44] 5 tRNA-Met c[19581,19656] 36 (cat)
[10:02:44] 6 tRNA-Leu [22068,22153] 36 (tag)
[10:02:44] 7 tRNA-Leu [22167,22250] 35 (caa)
[10:02:44] 8 tRNA-Ser [27368,27450] 35 (gct)
[10:02:44] 9 tRNA-Pro [27455,27529] 36 (tgg)
[10:02:44] 10 tRNA-Arg [27559,27633] 34 (tct)
[10:02:44] 11 tRNA-Ser c[32867,32953] 36 (tga)
[10:02:44] 12 tRNA-Lys [36817,36889] 34 (ttt)
[10:02:44] 13 tRNA-Asp c[36895,36968] 35 (gtc)
[10:02:44] 14 tRNA-Val c[40448,40522] 36 (tac)
[10:02:44] 15 tRNA-Leu c[54199,54281] 35 (taa)
[10:02:44] 16 tRNA-Gly c[54309,54381] 34 (gcc)
[10:02:44] 17 tRNA-Ala c[63268,63341] 35 (tgc)
[10:02:44] 18 tRNA-Ile c[63345,63418] 35 (gat)
[10:02:44] 19 tRNA-Thr [67032,67105] 35 (tgt)
[10:02:44] 20 tRNA-Tyr [67116,67197] 35 (gta)
[10:02:44] 21 tRNA-Gly [67218,67291] 35 (tcc)
[10:02:44] 22 tRNA-Thr [67302,67376] 35 (ggt)
[10:02:44] 23 tRNA-Trp [68598,68670] 34 (cca)
[10:02:44] 24 tRNA-His [80292,80367] 36 (gtg)
[10:02:44] 25 tRNA-Phe c[82386,82459] 35 (gaa)
[10:02:44] 26 tRNA-Leu c[94989,95062] 35 (gag)
[10:02:44] 27 tRNA-Met [95178,95254] 36 (cat)
[10:02:44] 28 tRNA-Glu c[106610,106681] 34 (ttc)
[10:02:44] 29 tRNA-Gln [107057,107127] 33 (ttg)
[10:02:44] 30 tRNA-Arg c[132787,132860] 35 (acg)
[10:02:44] Found 30 tRNAs
[10:02:44] Predicting Ribosomal RNAs
[10:02:44] Running Barrnap with 32 threads
[10:02:45] 1 gnl|Prokka|SMMYCCUN_1 60175 5S ribosomal RNA
[10:02:45] 2 gnl|Prokka|SMMYCCUN_1 60347 23S ribosomal RNA
[10:02:45] 3 gnl|Prokka|SMMYCCUN_1 63452 16S ribosomal RNA
[10:02:45] Found 3 rRNAs
[10:02:45] Skipping ncRNA search, enable with --rfam if desired.
[10:02:45] Total of 32 tRNA + rRNA features
[10:02:45] Searching for CRISPR repeats
[10:02:45] Found 0 CRISPRs
[10:02:45] Predicting coding sequences
[10:02:45] Contigs total 140888 bp, so using single mode
[10:02:45] Running: prodigal -i prokka_SMMYCCUN\/prokka_SMMYCCUN\.fna -c -m -g 11 -p single -f sco -q
[10:02:45] Excluding CDS which overlaps existing RNA (tRNA) at gnl|Prokka|SMMYCCUN_1:27629..29101 on - strand
[10:02:45] Excluding CDS which overlaps existing RNA (tRNA) at gnl|Prokka|SMMYCCUN_1:54235..54426 on - strand
[10:02:45] Excluding CDS which overlaps existing RNA (rRNA) at gnl|Prokka|SMMYCCUN_1:60469..60927 on + strand
[10:02:45] Excluding CDS which overlaps existing RNA (rRNA) at gnl|Prokka|SMMYCCUN_1:61080..61337 on + strand
[10:02:45] Excluding CDS which overlaps existing RNA (tRNA) at gnl|Prokka|SMMYCCUN_1:80367..80489 on - strand
[10:02:45] Excluding CDS which overlaps existing RNA (tRNA) at gnl|Prokka|SMMYCCUN_1:82459..85203 on - strand
[10:02:45] Found 139 CDS
[10:02:45] Connecting features back to sequences
[10:02:45] Not using genus-specific database. Try --usegenus to enable it.
[10:02:45] Annotating CDS, please be patient.
[10:02:45] Will use 32 CPUs for similarity searching.
[10:02:45] There are still 139 unannotated CDS left (started with 139)
[10:02:45] Will use blast to search against /home/diego/miniconda3/envs/prokka_env/bin/../db/kingdom/Bacteria/sprot with 32 CPUs
[10:02:45] Running: cat prokka_SMMYCCUN\/sprot\.faa | parallel --gnu --plain -j 32 --block 637 --recstart '>' --pipe blastp -query - -db /home/diego/miniconda3/envs/prokka_env/bin/../db/kingdom/Bacteria/sprot -evalue 1e-06 -num_threads 1 -num_descriptions 1 -num_alignments 1 -seg no > prokka_SMMYCCUN\/sprot\.blast 2> /dev/null
[10:02:47] Modify product: Probable ATP-dependent transporter SufC => putative ATP-dependent transporter SufC
[10:02:47] Cleaned 1 /product names
[10:02:47] Deleting unwanted file: prokka_SMMYCCUN/sprot.faa
[10:02:47] Deleting unwanted file: prokka_SMMYCCUN/sprot.blast
[10:02:47] There are still 20 unannotated CDS left (started with 139)
[10:02:47] Will use hmmer3 to search against /home/diego/miniconda3/envs/prokka_env/bin/../db/hmm/HAMAP.hmm with 32 CPUs
[10:02:47] Running: cat prokka_SMMYCCUN\/HAMAP\.hmm\.faa | parallel --gnu --plain -j 32 --block 36 --recstart '>' --pipe hmmscan --noali --notextw --acc -E 1e-06 --cpu 1 /home/diego/miniconda3/envs/prokka_env/bin/../db/hmm/HAMAP.hmm /dev/stdin > prokka_SMMYCCUN\/HAMAP\.hmm\.hmmer3 2> /dev/null
[10:02:47] Deleting unwanted file: prokka_SMMYCCUN/HAMAP.hmm.faa
[10:02:47] Deleting unwanted file: prokka_SMMYCCUN/HAMAP.hmm.hmmer3
[10:02:47] Labelling remaining 11 proteins as 'hypothetical protein'
[10:02:47] Possible /pseudo '30S ribosomal protein S7' at gnl|Prokka|SMMYCCUN_1 position 113897
[10:02:47] Found 126 unique /gene codes.
[10:02:47] Fixed 2 duplicate /gene - rpsG_1 rpsG_2
[10:02:47] Fixed 1 colliding /gene names.
[10:02:47] Adding /locus_tag identifiers
[10:02:47] Assigned 172 locus_tags to CDS and RNA features.
[10:02:47] Writing outputs to prokka_SMMYCCUN/
[10:02:47] Generating annotation statistics file
[10:02:47] Generating Genbank and Sequin files
[10:02:47] Running: tbl2asn -V b -a r10k -l paired-ends -M n -N 1 -y 'Annotated using prokka 1.13 from https://github.com/tseemann/prokka' -Z prokka_SMMYCCUN\/prokka_SMMYCCUN\.err -i prokka_SMMYCCUN\/prokka_SMMYCCUN\.fsa 2> /dev/null
[10:02:48] Deleting unwanted file: prokka_SMMYCCUN/errorsummary.val
[10:02:48] Deleting unwanted file: prokka_SMMYCCUN/prokka_SMMYCCUN.dr
[10:02:48] Deleting unwanted file: prokka_SMMYCCUN/prokka_SMMYCCUN.fixedproducts
[10:02:48] Deleting unwanted file: prokka_SMMYCCUN/prokka_SMMYCCUN.ecn
[10:02:48] Deleting unwanted file: prokka_SMMYCCUN/prokka_SMMYCCUN.val
[10:02:48] Repairing broken .GBK output that tbl2asn produces...
[10:02:48] Running: sed 's/COORDINATES: profile/COORDINATES:profile/' < prokka_SMMYCCUN\/prokka_SMMYCCUN\.gbf > prokka_SMMYCCUN\/prokka_SMMYCCUN\.gbk
[10:02:48] Deleting unwanted file: prokka_SMMYCCUN/prokka_SMMYCCUN.gbf
[10:02:48] Output files:
[10:02:48] prokka_SMMYCCUN/prokka_SMMYCCUN.tsv
[10:02:48] prokka_SMMYCCUN/prokka_SMMYCCUN.err
[10:02:48] prokka_SMMYCCUN/prokka_SMMYCCUN.ffn
[10:02:48] prokka_SMMYCCUN/prokka_SMMYCCUN.fna
[10:02:48] prokka_SMMYCCUN/prokka_SMMYCCUN.gbk
[10:02:48] prokka_SMMYCCUN/prokka_SMMYCCUN.txt
[10:02:48] prokka_SMMYCCUN/prokka_SMMYCCUN.faa
[10:02:48] prokka_SMMYCCUN/prokka_SMMYCCUN.fsa
[10:02:48] prokka_SMMYCCUN/prokka_SMMYCCUN.sqn
[10:02:48] prokka_SMMYCCUN/prokka_SMMYCCUN.tbl
[10:02:48] prokka_SMMYCCUN/prokka_SMMYCCUN.log
[10:02:48] prokka_SMMYCCUN/prokka_SMMYCCUN.gff
[10:02:48] Annotation finished successfully.
[10:02:48] Walltime used: 0.08 minutes
[10:02:48] If you use this result please cite the Prokka paper:
[10:02:48] Seemann T (2014) Prokka: rapid prokaryotic genome annotation. Bioinformatics. 30(14):2068-9.
[10:02:48] Type 'prokka --citation' for more details.
[10:02:48] Share and enjoy!
