Discrepancy Report Results

Summary
DISC_SOURCE_QUALS_ASNDISC:strain (all present, all unique)
DISC_SOURCE_QUALS_ASNDISC:taxname (all present, all unique)
DISC_FEATURE_COUNT:gene: 172 present
DISC_FEATURE_COUNT:CDS: 139 present
DISC_FEATURE_COUNT:tRNA: 29 present
DISC_FEATURE_COUNT:rRNA: 3 present
DISC_FEATURE_COUNT:tmRNA: 1 present
DISC_COUNT_NUCLEOTIDES:1 nucleotide Bioseqs are present
OVERLAPPING_GENES:43 genes overlap another gene on the same strand.
DISC_QUALITY_SCORES:Quality scores are missing on all sequences.
ONCALLER_COMMENT_PRESENT:1 comment descriptors were found (all same)
SHORT_PROT_SEQUENCES:3 protein sequences are shorter than 50 aa.
MISSING_GENOMEASSEMBLY_COMMENTS:1 bioseqs are missing GenomeAssembly structured comments
MOLTYPE_NOT_MRNA:1 molecule types are not set as mRNA.
TECHNIQUE_NOT_TSA:1 technique are not set as TSA
MISSING_STRUCTURED_COMMENT:1 sequences do not include structured comments.
MISSING_PROJECT:140 sequences do not include project.
DISC_INCONSISTENT_MOLINFO_TECH:Molinfo Technique Report (some missing, all same)


Detailed Report

DiscRep_ALL:DISC_SOURCE_QUALS_ASNDISC::strain (all present, all unique)
DiscRep_SUB:DISC_SOURCE_QUALS_ASNDISC::1 sources have unique values for strain
DiscRep_ALL:DISC_SOURCE_QUALS_ASNDISC::taxname (all present, all unique)
DiscRep_SUB:DISC_SOURCE_QUALS_ASNDISC::1 sources have unique values for taxname
DiscRep_ALL:DISC_FEATURE_COUNT::gene: 172 present
DiscRep_ALL:DISC_FEATURE_COUNT::CDS: 139 present
DiscRep_ALL:DISC_FEATURE_COUNT::tRNA: 29 present
DiscRep_ALL:DISC_FEATURE_COUNT::rRNA: 3 present
DiscRep_ALL:DISC_FEATURE_COUNT::tmRNA: 1 present
DiscRep_ALL:DISC_COUNT_NUCLEOTIDES::1 nucleotide Bioseqs are present
prokka_SMMYCCUN/prokka_SMMYCCUN:Prokka:SMMYCCUN_1 (length 140888)

DiscRep_ALL:OVERLAPPING_GENES::43 genes overlap another gene on the same strand.
prokka_SMMYCCUN/prokka_SMMYCCUN:Gene	prfA	SMMYCCUN_1:7311-8399	SMMYCCUN_00007
prokka_SMMYCCUN/prokka_SMMYCCUN:Gene	rsmA	SMMYCCUN_1:8377-9144	SMMYCCUN_00008
prokka_SMMYCCUN/prokka_SMMYCCUN:Gene	rpsR	SMMYCCUN_1:c18273-18004	SMMYCCUN_00018
prokka_SMMYCCUN/prokka_SMMYCCUN:Gene	rpsF	SMMYCCUN_1:c18613-18266	SMMYCCUN_00019
prokka_SMMYCCUN/prokka_SMMYCCUN:Gene	rpmA	SMMYCCUN_1:c19206-18949	SMMYCCUN_00021
prokka_SMMYCCUN/prokka_SMMYCCUN:Gene	rplU	SMMYCCUN_1:c19543-19196	SMMYCCUN_00022
prokka_SMMYCCUN/prokka_SMMYCCUN:Gene	grpE	SMMYCCUN_1:44353-44907	SMMYCCUN_00053
prokka_SMMYCCUN/prokka_SMMYCCUN:Gene	dnaJ	SMMYCCUN_1:44900-46030	SMMYCCUN_00054
prokka_SMMYCCUN/prokka_SMMYCCUN:Gene	rpmI	SMMYCCUN_1:c49400-49194	SMMYCCUN_00059
prokka_SMMYCCUN/prokka_SMMYCCUN:Gene	infC	SMMYCCUN_1:c49962-49345	SMMYCCUN_00060
prokka_SMMYCCUN/prokka_SMMYCCUN:Gene	rplM	SMMYCCUN_1:51987-52388	SMMYCCUN_00062
prokka_SMMYCCUN/prokka_SMMYCCUN:Gene	rpsI	SMMYCCUN_1:52388-52780	SMMYCCUN_00063
prokka_SMMYCCUN/prokka_SMMYCCUN:Gene	rpsB	SMMYCCUN_1:52786-53526	SMMYCCUN_00064
prokka_SMMYCCUN/prokka_SMMYCCUN:Gene	tsf	SMMYCCUN_1:53523-54164	SMMYCCUN_00065
prokka_SMMYCCUN/prokka_SMMYCCUN:Gene	rplK	SMMYCCUN_1:68693-69130	SMMYCCUN_00085
prokka_SMMYCCUN/prokka_SMMYCCUN:Gene	rplA	SMMYCCUN_1:69099-69734	SMMYCCUN_00086
prokka_SMMYCCUN/prokka_SMMYCCUN:Gene	rplJ	SMMYCCUN_1:69731-70282	SMMYCCUN_00087
prokka_SMMYCCUN/prokka_SMMYCCUN:Gene	rplL	SMMYCCUN_1:70272-70640	SMMYCCUN_00088
prokka_SMMYCCUN/prokka_SMMYCCUN:Gene	rpoB	SMMYCCUN_1:70640-74377	SMMYCCUN_00089
prokka_SMMYCCUN/prokka_SMMYCCUN:Gene	rpmG	SMMYCCUN_1:c80698-80513	SMMYCCUN_00094
prokka_SMMYCCUN/prokka_SMMYCCUN:Gene	rpmB	SMMYCCUN_1:c80924-80688	SMMYCCUN_00095
prokka_SMMYCCUN/prokka_SMMYCCUN:Gene	leuC	SMMYCCUN_1:87711-89120	SMMYCCUN_00100
prokka_SMMYCCUN/prokka_SMMYCCUN:Gene	leuD1	SMMYCCUN_1:89107-89691	SMMYCCUN_00101
prokka_SMMYCCUN/prokka_SMMYCCUN:Gene	sufC	SMMYCCUN_1:101270-102016	SMMYCCUN_00116
prokka_SMMYCCUN/prokka_SMMYCCUN:Gene	sufD	SMMYCCUN_1:102013-103362	SMMYCCUN_00117
prokka_SMMYCCUN/prokka_SMMYCCUN:Gene	sufS	SMMYCCUN_1:103349-104563	SMMYCCUN_00118
prokka_SMMYCCUN/prokka_SMMYCCUN:Gene	pnp	SMMYCCUN_1:c112050-109924	SMMYCCUN_00128
prokka_SMMYCCUN/prokka_SMMYCCUN:Gene	SMMYCCUN_00129	SMMYCCUN_1:c112253-112047	SMMYCCUN_00129
prokka_SMMYCCUN/prokka_SMMYCCUN:Gene	rpsJ	SMMYCCUN_1:116461-116757	SMMYCCUN_00135
prokka_SMMYCCUN/prokka_SMMYCCUN:Gene	rplC	SMMYCCUN_1:116751-117386	SMMYCCUN_00136
prokka_SMMYCCUN/prokka_SMMYCCUN:Gene	rplD	SMMYCCUN_1:117380-118027	SMMYCCUN_00137
prokka_SMMYCCUN/prokka_SMMYCCUN:Gene	rpsS	SMMYCCUN_1:119175-119480	SMMYCCUN_00140
prokka_SMMYCCUN/prokka_SMMYCCUN:Gene	SMMYCCUN_00141	SMMYCCUN_1:119473-119865	SMMYCCUN_00141
prokka_SMMYCCUN/prokka_SMMYCCUN:Gene	rpsC	SMMYCCUN_1:119850-120548	SMMYCCUN_00142
prokka_SMMYCCUN/prokka_SMMYCCUN:Gene	rplP	SMMYCCUN_1:120526-120930	SMMYCCUN_00143
prokka_SMMYCCUN/prokka_SMMYCCUN:Gene	rpsQ	SMMYCCUN_1:120930-121202	SMMYCCUN_00144
prokka_SMMYCCUN/prokka_SMMYCCUN:Gene	rplN	SMMYCCUN_1:121177-121545	SMMYCCUN_00145
prokka_SMMYCCUN/prokka_SMMYCCUN:Gene	SMMYCCUN_00146	SMMYCCUN_1:121561-121908	SMMYCCUN_00146
prokka_SMMYCCUN/prokka_SMMYCCUN:Gene	rplE	SMMYCCUN_1:121892-122437	SMMYCCUN_00147
prokka_SMMYCCUN/prokka_SMMYCCUN:Gene	rpsM	SMMYCCUN_1:125523-125900	SMMYCCUN_00156
prokka_SMMYCCUN/prokka_SMMYCCUN:Gene	rpsK	SMMYCCUN_1:125897-126256	SMMYCCUN_00157
prokka_SMMYCCUN/prokka_SMMYCCUN:Gene	rpoA	SMMYCCUN_1:126926-127912	SMMYCCUN_00159
prokka_SMMYCCUN/prokka_SMMYCCUN:Gene	rplQ	SMMYCCUN_1:127909-128259	SMMYCCUN_00160

DiscRep_ALL:DISC_QUALITY_SCORES::Quality scores are missing on all sequences.

DiscRep_ALL:ONCALLER_COMMENT_PRESENT::1 comment descriptors were found (all same)
prokka_SMMYCCUN/prokka_SMMYCCUN:Prokka:SMMYCCUN_1:Annotated using prokka 1.13 from https://github.com/tseemann/prokka

DiscRep_ALL:SHORT_PROT_SEQUENCES::3 protein sequences are shorter than 50 aa.
prokka_SMMYCCUN/prokka_SMMYCCUN:Prokka:SMMYCCUN_00026 (length 32)
prokka_SMMYCCUN/prokka_SMMYCCUN:Prokka:SMMYCCUN_00030 (length 44)
prokka_SMMYCCUN/prokka_SMMYCCUN:Prokka:SMMYCCUN_00155 (length 38)

DiscRep_ALL:MISSING_GENOMEASSEMBLY_COMMENTS::1 bioseqs are missing GenomeAssembly structured comments
prokka_SMMYCCUN/prokka_SMMYCCUN:Prokka:SMMYCCUN_1 (length 140888)

DiscRep_ALL:MOLTYPE_NOT_MRNA::1 molecule types are not set as mRNA.
prokka_SMMYCCUN/prokka_SMMYCCUN:Prokka:SMMYCCUN_1 (length 140888)

DiscRep_ALL:TECHNIQUE_NOT_TSA::1 technique are not set as TSA
prokka_SMMYCCUN/prokka_SMMYCCUN:Prokka:SMMYCCUN_1 (length 140888)

DiscRep_ALL:MISSING_STRUCTURED_COMMENT::1 sequences do not include structured comments.
prokka_SMMYCCUN/prokka_SMMYCCUN:Prokka:SMMYCCUN_1 (length 140888)

DiscRep_ALL:MISSING_PROJECT::140 sequences do not include project.
prokka_SMMYCCUN/prokka_SMMYCCUN:Prokka:SMMYCCUN_1 (length 140888)
prokka_SMMYCCUN/prokka_SMMYCCUN:Prokka:SMMYCCUN_00001 (length 216)
prokka_SMMYCCUN/prokka_SMMYCCUN:Prokka:SMMYCCUN_00002 (length 860)
prokka_SMMYCCUN/prokka_SMMYCCUN:Prokka:SMMYCCUN_00003 (length 110)
prokka_SMMYCCUN/prokka_SMMYCCUN:Prokka:SMMYCCUN_00004 (length 369)
prokka_SMMYCCUN/prokka_SMMYCCUN:Prokka:SMMYCCUN_00005 (length 384)
prokka_SMMYCCUN/prokka_SMMYCCUN:Prokka:SMMYCCUN_00006 (length 417)
prokka_SMMYCCUN/prokka_SMMYCCUN:Prokka:SMMYCCUN_00007 (length 362)
prokka_SMMYCCUN/prokka_SMMYCCUN:Prokka:SMMYCCUN_00008 (length 255)
prokka_SMMYCCUN/prokka_SMMYCCUN:Prokka:SMMYCCUN_00010 (length 1140)
prokka_SMMYCCUN/prokka_SMMYCCUN:Prokka:SMMYCCUN_00012 (length 531)
prokka_SMMYCCUN/prokka_SMMYCCUN:Prokka:SMMYCCUN_00013 (length 618)
prokka_SMMYCCUN/prokka_SMMYCCUN:Prokka:SMMYCCUN_00014 (length 137)
prokka_SMMYCCUN/prokka_SMMYCCUN:Prokka:SMMYCCUN_00016 (length 225)
prokka_SMMYCCUN/prokka_SMMYCCUN:Prokka:SMMYCCUN_00017 (length 68)
prokka_SMMYCCUN/prokka_SMMYCCUN:Prokka:SMMYCCUN_00018 (length 89)
prokka_SMMYCCUN/prokka_SMMYCCUN:Prokka:SMMYCCUN_00019 (length 115)
prokka_SMMYCCUN/prokka_SMMYCCUN:Prokka:SMMYCCUN_00021 (length 85)
prokka_SMMYCCUN/prokka_SMMYCCUN:Prokka:SMMYCCUN_00022 (length 115)
prokka_SMMYCCUN/prokka_SMMYCCUN:Prokka:SMMYCCUN_00024 (length 184)
prokka_SMMYCCUN/prokka_SMMYCCUN:Prokka:SMMYCCUN_00025 (length 333)
prokka_SMMYCCUN/prokka_SMMYCCUN:Prokka:SMMYCCUN_00026 (length 32)
prokka_SMMYCCUN/prokka_SMMYCCUN:Prokka:SMMYCCUN_00029 (length 209)
prokka_SMMYCCUN/prokka_SMMYCCUN:Prokka:SMMYCCUN_00030 (length 44)
prokka_SMMYCCUN/prokka_SMMYCCUN:Prokka:SMMYCCUN_00031 (length 264)
prokka_SMMYCCUN/prokka_SMMYCCUN:Prokka:SMMYCCUN_00032 (length 282)
prokka_SMMYCCUN/prokka_SMMYCCUN:Prokka:SMMYCCUN_00033 (length 435)
prokka_SMMYCCUN/prokka_SMMYCCUN:Prokka:SMMYCCUN_00034 (length 371)
prokka_SMMYCCUN/prokka_SMMYCCUN:Prokka:SMMYCCUN_00038 (length 71)
prokka_SMMYCCUN/prokka_SMMYCCUN:Prokka:SMMYCCUN_00039 (length 97)
prokka_SMMYCCUN/prokka_SMMYCCUN:Prokka:SMMYCCUN_00040 (length 440)
prokka_SMMYCCUN/prokka_SMMYCCUN:Prokka:SMMYCCUN_00041 (length 594)
prokka_SMMYCCUN/prokka_SMMYCCUN:Prokka:SMMYCCUN_00043 (length 484)
prokka_SMMYCCUN/prokka_SMMYCCUN:Prokka:SMMYCCUN_00044 (length 377)
prokka_SMMYCCUN/prokka_SMMYCCUN:Prokka:SMMYCCUN_00045 (length 314)
prokka_SMMYCCUN/prokka_SMMYCCUN:Prokka:SMMYCCUN_00048 (length 1133)
prokka_SMMYCCUN/prokka_SMMYCCUN:Prokka:SMMYCCUN_00050 (length 455)
prokka_SMMYCCUN/prokka_SMMYCCUN:Prokka:SMMYCCUN_00051 (length 286)
prokka_SMMYCCUN/prokka_SMMYCCUN:Prokka:SMMYCCUN_00052 (length 454)
prokka_SMMYCCUN/prokka_SMMYCCUN:Prokka:SMMYCCUN_00053 (length 184)
prokka_SMMYCCUN/prokka_SMMYCCUN:Prokka:SMMYCCUN_00054 (length 376)
prokka_SMMYCCUN/prokka_SMMYCCUN:Prokka:SMMYCCUN_00055 (length 394)
prokka_SMMYCCUN/prokka_SMMYCCUN:Prokka:SMMYCCUN_00056 (length 352)
prokka_SMMYCCUN/prokka_SMMYCCUN:Prokka:SMMYCCUN_00057 (length 156)
prokka_SMMYCCUN/prokka_SMMYCCUN:Prokka:SMMYCCUN_00058 (length 114)
prokka_SMMYCCUN/prokka_SMMYCCUN:Prokka:SMMYCCUN_00059 (length 68)
prokka_SMMYCCUN/prokka_SMMYCCUN:Prokka:SMMYCCUN_00060 (length 205)
prokka_SMMYCCUN/prokka_SMMYCCUN:Prokka:SMMYCCUN_00061 (length 621)
prokka_SMMYCCUN/prokka_SMMYCCUN:Prokka:SMMYCCUN_00062 (length 133)
prokka_SMMYCCUN/prokka_SMMYCCUN:Prokka:SMMYCCUN_00063 (length 130)
prokka_SMMYCCUN/prokka_SMMYCCUN:Prokka:SMMYCCUN_00064 (length 246)
prokka_SMMYCCUN/prokka_SMMYCCUN:Prokka:SMMYCCUN_00065 (length 213)
prokka_SMMYCCUN/prokka_SMMYCCUN:Prokka:SMMYCCUN_00068 (length 853)
prokka_SMMYCCUN/prokka_SMMYCCUN:Prokka:SMMYCCUN_00069 (length 407)
prokka_SMMYCCUN/prokka_SMMYCCUN:Prokka:SMMYCCUN_00070 (length 227)
prokka_SMMYCCUN/prokka_SMMYCCUN:Prokka:SMMYCCUN_00071 (length 353)
prokka_SMMYCCUN/prokka_SMMYCCUN:Prokka:SMMYCCUN_00077 (length 382)
prokka_SMMYCCUN/prokka_SMMYCCUN:Prokka:SMMYCCUN_00078 (length 137)
prokka_SMMYCCUN/prokka_SMMYCCUN:Prokka:SMMYCCUN_00083 (length 395)
prokka_SMMYCCUN/prokka_SMMYCCUN:Prokka:SMMYCCUN_00085 (length 145)
prokka_SMMYCCUN/prokka_SMMYCCUN:Prokka:SMMYCCUN_00086 (length 211)
prokka_SMMYCCUN/prokka_SMMYCCUN:Prokka:SMMYCCUN_00087 (length 183)
prokka_SMMYCCUN/prokka_SMMYCCUN:Prokka:SMMYCCUN_00088 (length 122)
prokka_SMMYCCUN/prokka_SMMYCCUN:Prokka:SMMYCCUN_00089 (length 1245)
prokka_SMMYCCUN/prokka_SMMYCCUN:Prokka:SMMYCCUN_00090 (length 1360)
prokka_SMMYCCUN/prokka_SMMYCCUN:Prokka:SMMYCCUN_00091 (length 252)
prokka_SMMYCCUN/prokka_SMMYCCUN:Prokka:SMMYCCUN_00092 (length 326)
prokka_SMMYCCUN/prokka_SMMYCCUN:Prokka:SMMYCCUN_00094 (length 61)
prokka_SMMYCCUN/prokka_SMMYCCUN:Prokka:SMMYCCUN_00095 (length 78)
prokka_SMMYCCUN/prokka_SMMYCCUN:Prokka:SMMYCCUN_00096 (length 416)
prokka_SMMYCCUN/prokka_SMMYCCUN:Prokka:SMMYCCUN_00098 (length 420)
prokka_SMMYCCUN/prokka_SMMYCCUN:Prokka:SMMYCCUN_00099 (length 384)
prokka_SMMYCCUN/prokka_SMMYCCUN:Prokka:SMMYCCUN_00100 (length 469)
prokka_SMMYCCUN/prokka_SMMYCCUN:Prokka:SMMYCCUN_00101 (length 194)
prokka_SMMYCCUN/prokka_SMMYCCUN:Prokka:SMMYCCUN_00102 (length 354)
prokka_SMMYCCUN/prokka_SMMYCCUN:Prokka:SMMYCCUN_00103 (length 131)
prokka_SMMYCCUN/prokka_SMMYCCUN:Prokka:SMMYCCUN_00104 (length 323)
prokka_SMMYCCUN/prokka_SMMYCCUN:Prokka:SMMYCCUN_00105 (length 63)
prokka_SMMYCCUN/prokka_SMMYCCUN:Prokka:SMMYCCUN_00106 (length 330)
prokka_SMMYCCUN/prokka_SMMYCCUN:Prokka:SMMYCCUN_00107 (length 460)
prokka_SMMYCCUN/prokka_SMMYCCUN:Prokka:SMMYCCUN_00110 (length 145)
prokka_SMMYCCUN/prokka_SMMYCCUN:Prokka:SMMYCCUN_00111 (length 144)
prokka_SMMYCCUN/prokka_SMMYCCUN:Prokka:SMMYCCUN_00112 (length 546)
prokka_SMMYCCUN/prokka_SMMYCCUN:Prokka:SMMYCCUN_00113 (length 93)
prokka_SMMYCCUN/prokka_SMMYCCUN:Prokka:SMMYCCUN_00114 (length 432)
prokka_SMMYCCUN/prokka_SMMYCCUN:Prokka:SMMYCCUN_00115 (length 465)
prokka_SMMYCCUN/prokka_SMMYCCUN:Prokka:SMMYCCUN_00116 (length 248)
prokka_SMMYCCUN/prokka_SMMYCCUN:Prokka:SMMYCCUN_00117 (length 449)
prokka_SMMYCCUN/prokka_SMMYCCUN:Prokka:SMMYCCUN_00118 (length 404)
prokka_SMMYCCUN/prokka_SMMYCCUN:Prokka:SMMYCCUN_00119 (length 570)
prokka_SMMYCCUN/prokka_SMMYCCUN:Prokka:SMMYCCUN_00120 (length 80)
prokka_SMMYCCUN/prokka_SMMYCCUN:Prokka:SMMYCCUN_00122 (length 94)
prokka_SMMYCCUN/prokka_SMMYCCUN:Prokka:SMMYCCUN_00124 (length 61)
prokka_SMMYCCUN/prokka_SMMYCCUN:Prokka:SMMYCCUN_00125 (length 149)
prokka_SMMYCCUN/prokka_SMMYCCUN:Prokka:SMMYCCUN_00126 (length 326)
prokka_SMMYCCUN/prokka_SMMYCCUN:Prokka:SMMYCCUN_00127 (length 307)
prokka_SMMYCCUN/prokka_SMMYCCUN:Prokka:SMMYCCUN_00128 (length 708)
prokka_SMMYCCUN/prokka_SMMYCCUN:Prokka:SMMYCCUN_00129 (length 68)
prokka_SMMYCCUN/prokka_SMMYCCUN:Prokka:SMMYCCUN_00130 (length 96)
prokka_SMMYCCUN/prokka_SMMYCCUN:Prokka:SMMYCCUN_00131 (length 126)
prokka_SMMYCCUN/prokka_SMMYCCUN:Prokka:SMMYCCUN_00132 (length 78)
prokka_SMMYCCUN/prokka_SMMYCCUN:Prokka:SMMYCCUN_00133 (length 156)
prokka_SMMYCCUN/prokka_SMMYCCUN:Prokka:SMMYCCUN_00134 (length 694)
prokka_SMMYCCUN/prokka_SMMYCCUN:Prokka:SMMYCCUN_00135 (length 98)
prokka_SMMYCCUN/prokka_SMMYCCUN:Prokka:SMMYCCUN_00136 (length 211)
prokka_SMMYCCUN/prokka_SMMYCCUN:Prokka:SMMYCCUN_00137 (length 215)
prokka_SMMYCCUN/prokka_SMMYCCUN:Prokka:SMMYCCUN_00138 (length 99)
prokka_SMMYCCUN/prokka_SMMYCCUN:Prokka:SMMYCCUN_00139 (length 275)
prokka_SMMYCCUN/prokka_SMMYCCUN:Prokka:SMMYCCUN_00140 (length 101)
prokka_SMMYCCUN/prokka_SMMYCCUN:Prokka:SMMYCCUN_00141 (length 130)
prokka_SMMYCCUN/prokka_SMMYCCUN:Prokka:SMMYCCUN_00142 (length 232)
prokka_SMMYCCUN/prokka_SMMYCCUN:Prokka:SMMYCCUN_00143 (length 134)
prokka_SMMYCCUN/prokka_SMMYCCUN:Prokka:SMMYCCUN_00144 (length 90)
prokka_SMMYCCUN/prokka_SMMYCCUN:Prokka:SMMYCCUN_00145 (length 122)
prokka_SMMYCCUN/prokka_SMMYCCUN:Prokka:SMMYCCUN_00146 (length 115)
prokka_SMMYCCUN/prokka_SMMYCCUN:Prokka:SMMYCCUN_00147 (length 181)
prokka_SMMYCCUN/prokka_SMMYCCUN:Prokka:SMMYCCUN_00148 (length 89)
prokka_SMMYCCUN/prokka_SMMYCCUN:Prokka:SMMYCCUN_00149 (length 129)
prokka_SMMYCCUN/prokka_SMMYCCUN:Prokka:SMMYCCUN_00150 (length 192)
prokka_SMMYCCUN/prokka_SMMYCCUN:Prokka:SMMYCCUN_00151 (length 113)
prokka_SMMYCCUN/prokka_SMMYCCUN:Prokka:SMMYCCUN_00152 (length 164)
prokka_SMMYCCUN/prokka_SMMYCCUN:Prokka:SMMYCCUN_00153 (length 150)
prokka_SMMYCCUN/prokka_SMMYCCUN:Prokka:SMMYCCUN_00154 (length 71)
prokka_SMMYCCUN/prokka_SMMYCCUN:Prokka:SMMYCCUN_00155 (length 38)
prokka_SMMYCCUN/prokka_SMMYCCUN:Prokka:SMMYCCUN_00156 (length 125)
prokka_SMMYCCUN/prokka_SMMYCCUN:Prokka:SMMYCCUN_00157 (length 119)
prokka_SMMYCCUN/prokka_SMMYCCUN:Prokka:SMMYCCUN_00158 (length 198)
prokka_SMMYCCUN/prokka_SMMYCCUN:Prokka:SMMYCCUN_00159 (length 328)
prokka_SMMYCCUN/prokka_SMMYCCUN:Prokka:SMMYCCUN_00160 (length 116)
prokka_SMMYCCUN/prokka_SMMYCCUN:Prokka:SMMYCCUN_00161 (length 309)
prokka_SMMYCCUN/prokka_SMMYCCUN:Prokka:SMMYCCUN_00162 (length 563)
prokka_SMMYCCUN/prokka_SMMYCCUN:Prokka:SMMYCCUN_00163 (length 56)
prokka_SMMYCCUN/prokka_SMMYCCUN:Prokka:SMMYCCUN_00165 (length 329)
prokka_SMMYCCUN/prokka_SMMYCCUN:Prokka:SMMYCCUN_00166 (length 361)
prokka_SMMYCCUN/prokka_SMMYCCUN:Prokka:SMMYCCUN_00167 (length 139)
prokka_SMMYCCUN/prokka_SMMYCCUN:Prokka:SMMYCCUN_00168 (length 77)
prokka_SMMYCCUN/prokka_SMMYCCUN:Prokka:SMMYCCUN_00169 (length 344)
prokka_SMMYCCUN/prokka_SMMYCCUN:Prokka:SMMYCCUN_00170 (length 77)
prokka_SMMYCCUN/prokka_SMMYCCUN:Prokka:SMMYCCUN_00171 (length 567)
prokka_SMMYCCUN/prokka_SMMYCCUN:Prokka:SMMYCCUN_00172 (length 571)

DiscRep_ALL:DISC_INCONSISTENT_MOLINFO_TECH::Molinfo Technique Report (some missing, all same)
DiscRep_SUB:DISC_INCONSISTENT_MOLINFO_TECH::technique (all missing)
DiscRep_SUB:DISC_INCONSISTENT_MOLINFO_TECH::1 Molinfos are missing field technique
prokka_SMMYCCUN/prokka_SMMYCCUN:Prokka:SMMYCCUN_1 (length 140888)

