[13:46:08] This is prokka 1.14.6
[13:46:08] Written by Torsten Seemann <torsten.seemann@gmail.com>
[13:46:08] Homepage is https://github.com/tseemann/prokka
[13:46:08] Local time is Thu Nov 10 13:46:08 2022
[13:46:08] You are diego
[13:46:08] Operating system is linux
[13:46:08] You have BioPerl 1.007002
[13:46:08] System has 12 cores.
[13:46:08] Will use maximum of 8 cores.
[13:46:08] Annotating as >>> Bacteria <<<
[13:46:08] Creating new output folder: prokka_VFCIXPIL
[13:46:08] Running: mkdir -p prokka_VFCIXPIL
[13:46:08] Using filename prefix: VFCIXPIL.XXX
[13:46:08] Setting HMMER_NCPU=1
[13:46:08] Writing log to: prokka_VFCIXPIL/VFCIXPIL.log
[13:46:08] Command: /home/diego/miniconda3/envs/prokka_env/bin/prokka VFCIXPIL.fasta --prefix VFCIXPIL --outdir prokka_VFCIXPIL --cpus 8 --locustag VFCIXPIL
[13:46:08] Appending to PATH: /home/diego/miniconda3/envs/prokka_env/bin
[13:46:08] Looking for 'aragorn' - found /home/diego/miniconda3/envs/prokka_env/bin/aragorn
[13:46:08] Determined aragorn version is 001002 from 'ARAGORN v1.2.38 Dean Laslett'
[13:46:08] Looking for 'barrnap' - found /home/diego/miniconda3/envs/prokka_env/bin/barrnap
[13:46:08] Determined barrnap version is 000009 from 'barrnap 0.9'
[13:46:08] Looking for 'blastp' - found /home/diego/miniconda3/envs/prokka_env/bin/blastp
[13:46:08] Determined blastp version is 002010 from 'blastp: 2.10.1+'
[13:46:08] Looking for 'cmpress' - found /home/diego/miniconda3/envs/prokka_env/bin/cmpress
[13:46:08] Determined cmpress version is 001001 from '# INFERNAL 1.1.3 (Nov 2019)'
[13:46:08] Looking for 'cmscan' - found /home/diego/miniconda3/envs/prokka_env/bin/cmscan
[13:46:08] Determined cmscan version is 001001 from '# INFERNAL 1.1.3 (Nov 2019)'
[13:46:08] Looking for 'egrep' - found /usr/bin/egrep
[13:46:08] Looking for 'find' - found /usr/bin/find
[13:46:08] Looking for 'grep' - found /usr/bin/grep
[13:46:08] Looking for 'hmmpress' - found /home/diego/miniconda3/envs/prokka_env/bin/hmmpress
[13:46:08] Determined hmmpress version is 003003 from '# HMMER 3.3.2 (Nov 2020); http://hmmer.org/'
[13:46:08] Looking for 'hmmscan' - found /home/diego/miniconda3/envs/prokka_env/bin/hmmscan
[13:46:08] Determined hmmscan version is 003003 from '# HMMER 3.3.2 (Nov 2020); http://hmmer.org/'
[13:46:08] Looking for 'java' - found /home/diego/miniconda3/envs/prokka_env/bin/java
[13:46:08] Looking for 'makeblastdb' - found /home/diego/miniconda3/envs/prokka_env/bin/makeblastdb
[13:46:08] Determined makeblastdb version is 002010 from 'makeblastdb: 2.10.1+'
[13:46:08] Looking for 'minced' - found /home/diego/miniconda3/envs/prokka_env/bin/minced
[13:46:08] Determined minced version is 004002 from 'minced 0.4.2'
[13:46:08] Looking for 'parallel' - found /home/diego/miniconda3/envs/prokka_env/bin/parallel
[13:46:08] Determined parallel version is 20201122 from 'GNU parallel 20201122'
[13:46:08] Looking for 'prodigal' - found /home/diego/miniconda3/envs/prokka_env/bin/prodigal
[13:46:08] Determined prodigal version is 002006 from 'Prodigal V2.6.3: February, 2016'
[13:46:08] Looking for 'prokka-genbank_to_fasta_db' - found /home/diego/miniconda3/envs/prokka_env/bin/prokka-genbank_to_fasta_db
[13:46:08] Looking for 'rnammer' - found /home/diego/rnammer-1.2.src/rnammer
[13:46:08] Determined rnammer version is 001002 from 'This rnammer 1.2, running from '/home/diego/rnammer-1.2.src/''
[13:46:08] Looking for 'sed' - found /usr/bin/sed
[13:46:08] Looking for 'tbl2asn' - found /home/diego/tbl2asn
[13:46:08] Determined tbl2asn version is 025008 from 'tbl2asn 25.8   arguments:'
[13:46:08] Using genetic code table 11.
[13:46:08] Loading and checking input file: VFCIXPIL.fasta
[13:46:08] Wrote 1 contigs totalling 136474 bp.
[13:46:08] Predicting tRNAs and tmRNAs
[13:46:08] Running: aragorn -l -gc11  -w prokka_VFCIXPIL\/VFCIXPIL\.fna
[13:46:08] 1 tRNA-Trp [1184,1254] 33 (cca)
[13:46:08] 2 tRNA-Phe [14626,14699] 34 (gaa)
[13:46:08] 3 tRNA-Gln [22841,22915] 35 (ttg)
[13:46:08] 4 tRNA-Ser [34038,34120] 35 (gct)
[13:46:08] 5 tRNA-Leu [55233,55313] 35 (aag)
[13:46:08] 6 tRNA-Leu [55314,55398] 35 (tag)
[13:46:08] 7 tRNA-Ser [55398,55482] 36 (aga)
[13:46:08] 8 tRNA-Asn c[59229,59301] 34 (gtt)
[13:46:08] 9 tRNA-Cys c[60476,60548] 34 (gca)
[13:46:08] 10 tRNA-Gly c[60548,60622] 35 (gcc)
[13:46:08] 11 tRNA-Val [67618,67689] 33 (tac)
[13:46:08] 12 tRNA-Leu c[69338,69420] 36 (caa)
[13:46:08] 13 tRNA-Ser c[69417,69503] 36 (tga)
[13:46:08] 14 tRNA-Arg [69577,69648] 34 (acg)
[13:46:08] 15 tRNA-Thr [72712,72784] 34 (tgt)
[13:46:08] 16 tRNA-His [72786,72857] 33 (gtg)
[13:46:08] 17 tRNA-Lys c[73900,73974] 35 (ttt)
[13:46:08] 18 tRNA-Val c[75063,75138] 35 (aac)
[13:46:08] 19 tRNA-Arg c[76214,76284] 33 (tct)
[13:46:08] 20 tRNA-Met c[76407,76481] 35 (cat)
[13:46:08] 21 tRNA-Pro [77944,78017] 34 (tgg)
[13:46:08] 22 tRNA-Asp c[88975,89048] 35 (gtc)
[13:46:08] 23 tRNA-Glu c[89048,89120] 34 (ttc)
[13:46:08] 24 tRNA-Ala c[117684,117755] 33 (tgc)
[13:46:08] 25 tRNA-Ile c[121643,121714] 33 (gat)
[13:46:08] 26 tRNA-Met [136145,136217] 34 (cat)
[13:46:08] 27 tRNA-Tyr [136301,136387] 35 (gta)
[13:46:08] 28 tRNA-Gly [136389,136459] 33 (tcc)
[13:46:08] Found 28 tRNAs
[13:46:08] Predicting Ribosomal RNAs
[13:46:08] Running Barrnap with 8 threads
[13:46:09] 1 VFCIXPIL 118860 23S ribosomal RNA
[13:46:09] 2 VFCIXPIL 121733 16S ribosomal RNA
[13:46:09] Found 2 rRNAs
[13:46:09] Skipping ncRNA search, enable with --rfam if desired.
[13:46:09] Total of 30 tRNA + rRNA features
[13:46:09] Searching for CRISPR repeats
[13:46:09] Found 0 CRISPRs
[13:46:09] Predicting coding sequences
[13:46:09] Contigs total 136474 bp, so using single mode
[13:46:09] Running: prodigal -i prokka_VFCIXPIL\/VFCIXPIL\.fna -c -m -g 11 -p single -f sco -q
[13:46:09] Excluding CDS which overlaps existing RNA (tRNA) at VFCIXPIL:1..1185 on + strand
[13:46:09] Excluding CDS which overlaps existing RNA (tRNA) at VFCIXPIL:14204..14635 on + strand
[13:46:10] Excluding CDS which overlaps existing RNA (tRNA) at VFCIXPIL:32846..34039 on + strand
[13:46:10] Excluding CDS which overlaps existing RNA (tRNA) at VFCIXPIL:34102..34278 on - strand
[13:46:10] Excluding CDS which overlaps existing RNA (tRNA) at VFCIXPIL:55071..55250 on + strand
[13:46:10] Excluding CDS which overlaps existing RNA (tRNA) at VFCIXPIL:60327..60560 on + strand
[13:46:10] Excluding CDS which overlaps existing RNA (tRNA) at VFCIXPIL:60622..61200 on - strand
[13:46:10] Excluding CDS which overlaps existing RNA (tRNA) at VFCIXPIL:66437..67627 on + strand
[13:46:10] Excluding CDS which overlaps existing RNA (tRNA) at VFCIXPIL:67620..67724 on + strand
[13:46:10] Excluding CDS which overlaps existing RNA (tRNA) at VFCIXPIL:75136..76194 on - strand
[13:46:10] Excluding CDS which overlaps existing RNA (tRNA) at VFCIXPIL:76285..76419 on + strand
[13:46:10] Excluding CDS which overlaps existing RNA (tRNA) at VFCIXPIL:88749..88982 on + strand
[13:46:10] Excluding CDS which overlaps existing RNA (rRNA) at VFCIXPIL:119040..119525 on + strand
[13:46:10] Excluding CDS which overlaps existing RNA (rRNA) at VFCIXPIL:120409..120561 on + strand
[13:46:10] Excluding CDS which overlaps existing RNA (tRNA) at VFCIXPIL:135139..136158 on + strand
[13:46:10] Found 102 CDS
[13:46:10] Connecting features back to sequences
[13:46:10] Not using genus-specific database. Try --usegenus to enable it.
[13:46:10] Annotating CDS, please be patient.
[13:46:10] Will use 8 CPUs for similarity searching.
[13:46:10] There are still 102 unannotated CDS left (started with 102)
[13:46:10] Will use blast to search against /home/diego/miniconda3/envs/prokka_env/db/kingdom/Bacteria/IS with 8 CPUs
[13:46:10] Running: cat prokka_VFCIXPIL\/VFCIXPIL\.IS\.tmp\.116208\.faa | parallel --gnu --plain -j 8 --block 1652 --recstart '>' --pipe blastp -query - -db /home/diego/miniconda3/envs/prokka_env/db/kingdom/Bacteria/IS -evalue 1e-30 -qcov_hsp_perc 90 -num_threads 1 -num_descriptions 1 -num_alignments 1 -seg no > prokka_VFCIXPIL\/VFCIXPIL\.IS\.tmp\.116208\.blast 2> /dev/null
[13:46:10] Deleting unwanted file: prokka_VFCIXPIL/VFCIXPIL.IS.tmp.116208.faa
[13:46:10] Deleting unwanted file: prokka_VFCIXPIL/VFCIXPIL.IS.tmp.116208.blast
[13:46:10] There are still 102 unannotated CDS left (started with 102)
[13:46:10] Will use blast to search against /home/diego/miniconda3/envs/prokka_env/db/kingdom/Bacteria/AMR with 8 CPUs
[13:46:10] Running: cat prokka_VFCIXPIL\/VFCIXPIL\.AMR\.tmp\.116208\.faa | parallel --gnu --plain -j 8 --block 1652 --recstart '>' --pipe blastp -query - -db /home/diego/miniconda3/envs/prokka_env/db/kingdom/Bacteria/AMR -evalue 9.99999999999999e-301 -qcov_hsp_perc 90 -num_threads 1 -num_descriptions 1 -num_alignments 1 -seg no > prokka_VFCIXPIL\/VFCIXPIL\.AMR\.tmp\.116208\.blast 2> /dev/null
[13:46:11] Deleting unwanted file: prokka_VFCIXPIL/VFCIXPIL.AMR.tmp.116208.faa
[13:46:11] Deleting unwanted file: prokka_VFCIXPIL/VFCIXPIL.AMR.tmp.116208.blast
[13:46:11] There are still 102 unannotated CDS left (started with 102)
[13:46:11] Will use blast to search against /home/diego/miniconda3/envs/prokka_env/db/kingdom/Bacteria/sprot with 8 CPUs
[13:46:11] Running: cat prokka_VFCIXPIL\/VFCIXPIL\.sprot\.tmp\.116208\.faa | parallel --gnu --plain -j 8 --block 1652 --recstart '>' --pipe blastp -query - -db /home/diego/miniconda3/envs/prokka_env/db/kingdom/Bacteria/sprot -evalue 1e-09 -qcov_hsp_perc 80 -num_threads 1 -num_descriptions 1 -num_alignments 1 -seg no > prokka_VFCIXPIL\/VFCIXPIL\.sprot\.tmp\.116208\.blast 2> /dev/null
[13:46:13] Deleting unwanted file: prokka_VFCIXPIL/VFCIXPIL.sprot.tmp.116208.faa
[13:46:13] Deleting unwanted file: prokka_VFCIXPIL/VFCIXPIL.sprot.tmp.116208.blast
[13:46:13] There are still 40 unannotated CDS left (started with 102)
[13:46:13] Will use hmmer3 to search against /home/diego/miniconda3/envs/prokka_env/db/hmm/HAMAP.hmm with 8 CPUs
[13:46:13] Running: cat prokka_VFCIXPIL\/VFCIXPIL\.HAMAP\.hmm\.tmp\.116208\.faa | parallel --gnu --plain -j 8 --block 424 --recstart '>' --pipe hmmscan --noali --notextw --acc -E 1e-09 --cpu 1 /home/diego/miniconda3/envs/prokka_env/db/hmm/HAMAP.hmm /dev/stdin > prokka_VFCIXPIL\/VFCIXPIL\.HAMAP\.hmm\.tmp\.116208\.hmmer3 2> /dev/null
[13:46:14] Deleting unwanted file: prokka_VFCIXPIL/VFCIXPIL.HAMAP.hmm.tmp.116208.faa
[13:46:14] Deleting unwanted file: prokka_VFCIXPIL/VFCIXPIL.HAMAP.hmm.tmp.116208.hmmer3
[13:46:14] Labelling remaining 36 proteins as 'hypothetical protein'
[13:46:14] Found 66 unique /gene codes.
[13:46:14] Fixed 0 colliding /gene names.
[13:46:14] Adding /locus_tag identifiers
[13:46:14] Assigned 132 locus_tags to CDS and RNA features.
[13:46:14] Writing outputs to prokka_VFCIXPIL/
[13:46:14] Generating annotation statistics file
[13:46:14] Generating Genbank and Sequin files
[13:46:14] Running: tbl2asn -V b -a r10k -l paired-ends -M n -N 1 -y 'Annotated using prokka 1.14.6 from https://github.com/tseemann/prokka' -Z prokka_VFCIXPIL\/VFCIXPIL\.err -i prokka_VFCIXPIL\/VFCIXPIL\.fsa 2> /dev/null
[13:46:14] Deleting unwanted file: prokka_VFCIXPIL/errorsummary.val
[13:46:14] Deleting unwanted file: prokka_VFCIXPIL/VFCIXPIL.dr
[13:46:14] Deleting unwanted file: prokka_VFCIXPIL/VFCIXPIL.fixedproducts
[13:46:14] Deleting unwanted file: prokka_VFCIXPIL/VFCIXPIL.ecn
[13:46:14] Deleting unwanted file: prokka_VFCIXPIL/VFCIXPIL.val
[13:46:14] Repairing broken .GBK output that tbl2asn produces...
[13:46:14] Running: sed 's/COORDINATES: profile/COORDINATES:profile/' < prokka_VFCIXPIL\/VFCIXPIL\.gbf > prokka_VFCIXPIL\/VFCIXPIL\.gbk
[13:46:14] Deleting unwanted file: prokka_VFCIXPIL/VFCIXPIL.gbf
[13:46:14] Output files:
[13:46:14] prokka_VFCIXPIL/VFCIXPIL.sqn
[13:46:14] prokka_VFCIXPIL/VFCIXPIL.fna
[13:46:14] prokka_VFCIXPIL/VFCIXPIL.tbl
[13:46:14] prokka_VFCIXPIL/VFCIXPIL.gff
[13:46:14] prokka_VFCIXPIL/VFCIXPIL.fsa
[13:46:14] prokka_VFCIXPIL/VFCIXPIL.log
[13:46:14] prokka_VFCIXPIL/VFCIXPIL.txt
[13:46:14] prokka_VFCIXPIL/VFCIXPIL.err
[13:46:14] prokka_VFCIXPIL/VFCIXPIL.gbk
[13:46:14] prokka_VFCIXPIL/VFCIXPIL.tsv
[13:46:14] prokka_VFCIXPIL/VFCIXPIL.faa
[13:46:14] prokka_VFCIXPIL/VFCIXPIL.ffn
[13:46:14] Annotation finished successfully.
[13:46:14] Walltime used: 0.10 minutes
[13:46:14] If you use this result please cite the Prokka paper:
[13:46:14] Seemann T (2014) Prokka: rapid prokaryotic genome annotation. Bioinformatics. 30(14):2068-9.
[13:46:14] Type 'prokka --citation' for more details.
[13:46:14] Thank you, come again.
