[11:26:15] This is prokka 1.13
[11:26:15] Written by Torsten Seemann <torsten.seemann@gmail.com>
[11:26:15] Homepage is https://github.com/tseemann/prokka
[11:26:15] Local time is Fri Dec 15 11:26:15 2023
[11:26:15] You are diego
[11:26:15] Operating system is linux
[11:26:15] You have BioPerl 1.007002
[11:26:15] System has 32 cores.
[11:26:15] Will use maximum of 32 cores.
[11:26:15] Annotating as >>> Bacteria <<<
[11:26:15] Enabling options to ensure Genbank/ENA/DDJB submission compliance.
[11:26:15] Re-using existing --outdir annotation_prokka/prokka_VFAKOQUE
[11:26:15] Using filename prefix: prokka_VFAKOQUE.XXX
[11:26:15] Setting HMMER_NCPU=1
[11:26:15] Writing log to: annotation_prokka/prokka_VFAKOQUE/prokka_VFAKOQUE.log
[11:26:15] Command: /home/diego/miniconda3/envs/prokka_env/bin/prokka VFAKOQUE.fasta --prefix prokka_VFAKOQUE --outdir annotation_prokka/prokka_VFAKOQUE --cpus 32 --locustag VFAKOQUE --gcode 11 --compliant --force
[11:26:15] Appending to PATH: /home/diego/miniconda3/envs/prokka_env/bin
[11:26:15] Looking for 'aragorn' - found /home/diego/miniconda3/envs/prokka_env/bin/aragorn
[11:26:15] Determined aragorn version is 1.2
[11:26:15] Looking for 'barrnap' - found /home/diego/miniconda3/envs/prokka_env/bin/barrnap
[11:26:15] Determined barrnap version is 0.9
[11:26:15] Looking for 'blastp' - found /home/diego/miniconda3/envs/prokka_env/bin/blastp
[11:26:15] Determined blastp version is 2.14
[11:26:15] Looking for 'cmpress' - found /home/diego/miniconda3/envs/prokka_env/bin/cmpress
[11:26:15] Determined cmpress version is 1.1
[11:26:15] Looking for 'cmscan' - found /home/diego/miniconda3/envs/prokka_env/bin/cmscan
[11:26:15] Determined cmscan version is 1.1
[11:26:15] Looking for 'egrep' - found /usr/bin/egrep
[11:26:15] Looking for 'find' - found /usr/bin/find
[11:26:15] Looking for 'grep' - found /usr/bin/grep
[11:26:15] Looking for 'hmmpress' - found /home/diego/miniconda3/envs/prokka_env/bin/hmmpress
[11:26:15] Determined hmmpress version is 3.3
[11:26:15] Looking for 'hmmscan' - found /home/diego/miniconda3/envs/prokka_env/bin/hmmscan
[11:26:15] Determined hmmscan version is 3.3
[11:26:15] Looking for 'java' - found /home/diego/miniconda3/envs/prokka_env/bin/java
[11:26:15] Looking for 'less' - found /usr/bin/less
[11:26:15] Looking for 'makeblastdb' - found /home/diego/miniconda3/envs/prokka_env/bin/makeblastdb
[11:26:15] Determined makeblastdb version is 2.14
[11:26:15] Looking for 'minced' - found /home/diego/miniconda3/envs/prokka_env/bin/minced
[11:26:15] Determined minced version is 4.2
[11:26:15] Looking for 'parallel' - found /home/diego/miniconda3/envs/prokka_env/bin/parallel
[11:26:15] Determined parallel version is 20160622
[11:26:15] Looking for 'prodigal' - found /home/diego/miniconda3/envs/prokka_env/bin/prodigal
[11:26:15] Determined prodigal version is 2.6
[11:26:15] Looking for 'prokka-genbank_to_fasta_db' - found /home/diego/miniconda3/envs/prokka_env/bin/prokka-genbank_to_fasta_db
[11:26:15] Looking for 'rnammer' - found /home/diego/rnammer-1.2.src/rnammer
[11:26:15] Determined rnammer version is 1.2
[11:26:15] Looking for 'sed' - found /usr/bin/sed
[11:26:15] Looking for 'tbl2asn' - found /home/diego/miniconda3/envs/prokka_env/bin/tbl2asn
[11:26:15] Determined tbl2asn version is 25.8
[11:26:15] Using genetic code table 11.
[11:26:15] Loading and checking input file: VFAKOQUE.fasta
[11:26:15] Wrote 1 contigs totalling 117375 bp.
[11:26:15] Predicting tRNAs and tmRNAs
[11:26:15] Running: aragorn -l -gc11  -w annotation_prokka\/prokka_VFAKOQUE\/prokka_VFAKOQUE\.fna
[11:26:15] 1 tRNA-Trp [1195,1265] 33 (cca)
[11:26:15] 2 tRNA-Phe [14601,14672] 33 (gaa)
[11:26:15] 3 tRNA-Gln [20188,20260] 34 (ttg)
[11:26:15] 4 tRNA-Ser [28617,28699] 35 (gct)
[11:26:15] 5 tRNA-Leu [46081,46153] 34 (aag)
[11:26:15] 6 tRNA-Leu [46155,46227] 34 (tag)
[11:26:15] 7 tRNA-Ser [46229,46311] 35 (aga)
[11:26:15] 8 tRNA-Asn c[48691,48762] 33 (gtt)
[11:26:15] 9 tRNA-Cys c[49196,49266] 33 (gca)
[11:26:15] 10 tRNA-Val [56461,56534] 34 (tac)
[11:26:15] 11 tRNA-Leu c[58503,58582] 34 (caa)
[11:26:15] 12 tRNA-Ser c[58583,58667] 36 (tga)
[11:26:15] 13 tRNA-His [64827,64899] 34 (gtg)
[11:26:15] 14 tRNA-Lys c[65780,65852] 34 (ttt)
[11:26:15] 15 tRNA-Val c[66838,66911] 34 (aac)
[11:26:15] 16 tRNA-Arg c[67999,68071] 34 (tct)
[11:26:15] 17 tRNA-Met c[68185,68256] 33 (cat)
[11:26:15] 18 tRNA-Pro [68320,68393] 34 (tgg)
[11:26:15] 19 tRNA-Asp c[76876,76950] 35 (gtc)
[11:26:15] 20 tRNA-Glu c[76951,77021] 33 (ttc)
[11:26:15] 21 tRNA-Ala c[98506,98580] 33 (tgc)
[11:26:15] 22 tRNA-Ile c[102808,102881] 34 (aat)
[11:26:15] 23 tRNA-Met [117123,117194] 34 (cat)
[11:26:15] 24 tRNA-Tyr [117197,117281] 35 (gta)
[11:26:15] 25 tRNA-Gly [117281,117353] 34 (tcc)
[11:26:15] Found 25 tRNAs
[11:26:15] Predicting Ribosomal RNAs
[11:26:15] Running Barrnap with 32 threads
[11:26:16] 1 gnl|Prokka|VFAKOQUE_1 100060 23S ribosomal RNA
[11:26:16] 2 gnl|Prokka|VFAKOQUE_1 102899 16S ribosomal RNA
[11:26:16] Found 2 rRNAs
[11:26:16] Skipping ncRNA search, enable with --rfam if desired.
[11:26:16] Total of 27 tRNA + rRNA features
[11:26:16] Searching for CRISPR repeats
[11:26:16] Found 0 CRISPRs
[11:26:16] Predicting coding sequences
[11:26:16] Contigs total 117375 bp, so using single mode
[11:26:16] Running: prodigal -i annotation_prokka\/prokka_VFAKOQUE\/prokka_VFAKOQUE\.fna -c -m -g 11 -p single -f sco -q
[11:26:16] Excluding CDS which overlaps existing RNA (tRNA) at gnl|Prokka|VFAKOQUE_1:1..1209 on + strand
[11:26:16] Excluding CDS which overlaps existing RNA (tRNA) at gnl|Prokka|VFAKOQUE_1:1239..1688 on + strand
[11:26:16] Excluding CDS which overlaps existing RNA (tRNA) at gnl|Prokka|VFAKOQUE_1:27431..28618 on + strand
[11:26:16] Excluding CDS which overlaps existing RNA (tRNA) at gnl|Prokka|VFAKOQUE_1:28698..31130 on - strand
[11:26:16] Excluding CDS which overlaps existing RNA (tRNA) at gnl|Prokka|VFAKOQUE_1:45917..46081 on + strand
[11:26:16] Excluding CDS which overlaps existing RNA (tRNA) at gnl|Prokka|VFAKOQUE_1:46203..46358 on + strand
[11:26:16] Excluding CDS which overlaps existing RNA (tRNA) at gnl|Prokka|VFAKOQUE_1:49019..49201 on + strand
[11:26:16] Excluding CDS which overlaps existing RNA (tRNA) at gnl|Prokka|VFAKOQUE_1:64912..65793 on + strand
[11:26:16] Excluding CDS which overlaps existing RNA (tRNA) at gnl|Prokka|VFAKOQUE_1:65843..66190 on - strand
[11:26:16] Excluding CDS which overlaps existing RNA (tRNA) at gnl|Prokka|VFAKOQUE_1:66909..67964 on - strand
[11:26:16] Excluding CDS which overlaps existing RNA (tRNA) at gnl|Prokka|VFAKOQUE_1:68071..68175 on + strand
[11:26:16] Excluding CDS which overlaps existing RNA (tRNA) at gnl|Prokka|VFAKOQUE_1:68302..68739 on + strand
[11:26:16] Excluding CDS which overlaps existing RNA (rRNA) at gnl|Prokka|VFAKOQUE_1:100508..100606 on - strand
[11:26:16] Excluding CDS which overlaps existing RNA (rRNA) at gnl|Prokka|VFAKOQUE_1:103274..103456 on - strand
[11:26:16] Found 120 CDS
[11:26:16] Connecting features back to sequences
[11:26:16] Not using genus-specific database. Try --usegenus to enable it.
[11:26:16] Annotating CDS, please be patient.
[11:26:16] Will use 32 CPUs for similarity searching.
[11:26:16] There are still 120 unannotated CDS left (started with 120)
[11:26:16] Will use blast to search against /home/diego/miniconda3/envs/prokka_env/bin/../db/kingdom/Bacteria/sprot with 32 CPUs
[11:26:16] Running: cat annotation_prokka\/prokka_VFAKOQUE\/sprot\.faa | parallel --gnu --plain -j 32 --block 528 --recstart '>' --pipe blastp -query - -db /home/diego/miniconda3/envs/prokka_env/bin/../db/kingdom/Bacteria/sprot -evalue 1e-06 -num_threads 1 -num_descriptions 1 -num_alignments 1 -seg no > annotation_prokka\/prokka_VFAKOQUE\/sprot\.blast 2> /dev/null
[11:26:17] Deleting unwanted file: annotation_prokka/prokka_VFAKOQUE/sprot.faa
[11:26:17] Deleting unwanted file: annotation_prokka/prokka_VFAKOQUE/sprot.blast
[11:26:17] There are still 32 unannotated CDS left (started with 120)
[11:26:17] Will use hmmer3 to search against /home/diego/miniconda3/envs/prokka_env/bin/../db/hmm/HAMAP.hmm with 32 CPUs
[11:26:17] Running: cat annotation_prokka\/prokka_VFAKOQUE\/HAMAP\.hmm\.faa | parallel --gnu --plain -j 32 --block 78 --recstart '>' --pipe hmmscan --noali --notextw --acc -E 1e-06 --cpu 1 /home/diego/miniconda3/envs/prokka_env/bin/../db/hmm/HAMAP.hmm /dev/stdin > annotation_prokka\/prokka_VFAKOQUE\/HAMAP\.hmm\.hmmer3 2> /dev/null
[11:26:18] Deleting unwanted file: annotation_prokka/prokka_VFAKOQUE/HAMAP.hmm.faa
[11:26:18] Deleting unwanted file: annotation_prokka/prokka_VFAKOQUE/HAMAP.hmm.hmmer3
[11:26:18] Labelling remaining 19 proteins as 'hypothetical protein'
[11:26:18] Found 100 unique /gene codes.
[11:26:18] Fixed 2 duplicate /gene - hisI_1 hisI_2
[11:26:18] Fixed 1 colliding /gene names.
[11:26:18] Adding /locus_tag identifiers
[11:26:18] Assigned 147 locus_tags to CDS and RNA features.
[11:26:18] Writing outputs to annotation_prokka/prokka_VFAKOQUE/
[11:26:18] Generating annotation statistics file
[11:26:18] Generating Genbank and Sequin files
[11:26:18] Running: tbl2asn -V b -a r10k -l paired-ends -M n -N 1 -y 'Annotated using prokka 1.13 from https://github.com/tseemann/prokka' -Z annotation_prokka\/prokka_VFAKOQUE\/prokka_VFAKOQUE\.err -i annotation_prokka\/prokka_VFAKOQUE\/prokka_VFAKOQUE\.fsa 2> /dev/null
[11:26:18] Deleting unwanted file: annotation_prokka/prokka_VFAKOQUE/errorsummary.val
[11:26:18] Deleting unwanted file: annotation_prokka/prokka_VFAKOQUE/prokka_VFAKOQUE.dr
[11:26:18] Deleting unwanted file: annotation_prokka/prokka_VFAKOQUE/prokka_VFAKOQUE.fixedproducts
[11:26:18] Deleting unwanted file: annotation_prokka/prokka_VFAKOQUE/prokka_VFAKOQUE.ecn
[11:26:18] Deleting unwanted file: annotation_prokka/prokka_VFAKOQUE/prokka_VFAKOQUE.val
[11:26:18] Repairing broken .GBK output that tbl2asn produces...
[11:26:18] Running: sed 's/COORDINATES: profile/COORDINATES:profile/' < annotation_prokka\/prokka_VFAKOQUE\/prokka_VFAKOQUE\.gbf > annotation_prokka\/prokka_VFAKOQUE\/prokka_VFAKOQUE\.gbk
[11:26:18] Deleting unwanted file: annotation_prokka/prokka_VFAKOQUE/prokka_VFAKOQUE.gbf
[11:26:18] Output files:
[11:26:18] annotation_prokka/prokka_VFAKOQUE/prokka_VFAKOQUE.log
[11:26:18] annotation_prokka/prokka_VFAKOQUE/prokka_VFAKOQUE.ffn
[11:26:18] annotation_prokka/prokka_VFAKOQUE/prokka_VFAKOQUE.fsa
[11:26:18] annotation_prokka/prokka_VFAKOQUE/prokka_VFAKOQUE.gbk
[11:26:18] annotation_prokka/prokka_VFAKOQUE/prokka_VFAKOQUE.err
[11:26:18] annotation_prokka/prokka_VFAKOQUE/prokka_VFAKOQUE.faa
[11:26:18] annotation_prokka/prokka_VFAKOQUE/prokka_VFAKOQUE.fna
[11:26:18] annotation_prokka/prokka_VFAKOQUE/prokka_VFAKOQUE.txt
[11:26:18] annotation_prokka/prokka_VFAKOQUE/prokka_VFAKOQUE.tsv
[11:26:18] annotation_prokka/prokka_VFAKOQUE/prokka_VFAKOQUE.tbl
[11:26:18] annotation_prokka/prokka_VFAKOQUE/prokka_VFAKOQUE.gff
[11:26:18] annotation_prokka/prokka_VFAKOQUE/prokka_VFAKOQUE.sqn
[11:26:18] Annotation finished successfully.
[11:26:18] Walltime used: 0.05 minutes
[11:26:18] If you use this result please cite the Prokka paper:
[11:26:18] Seemann T (2014) Prokka: rapid prokaryotic genome annotation. Bioinformatics. 30(14):2068-9.
[11:26:18] Type 'prokka --citation' for more details.
[11:26:18] Share and enjoy!
