Discrepancy Report Results

Summary
FATAL: MISSING_PROTEIN_ID:142 proteins have invalid IDs.
DISC_SOURCE_QUALS_ASNDISC:strain (all present, all unique)
DISC_SOURCE_QUALS_ASNDISC:taxname (all present, all unique)
DISC_FEATURE_COUNT:CDS: 142 present
DISC_FEATURE_COUNT:tRNA: 26 present
DISC_FEATURE_COUNT:rRNA: 2 present
DISC_FEATURE_COUNT:tmRNA: 1 present
DISC_COUNT_NUCLEOTIDES:1 nucleotide Bioseqs are present
FEATURE_LOCATION_CONFLICT:171 features have inconsistent gene locations.
RNA_CDS_OVERLAP:2 coding regions overlap RNA features
DISC_QUALITY_SCORES:Quality scores are missing on all sequences.
ONCALLER_COMMENT_PRESENT:1 comment descriptors were found (all same)
SHORT_PROT_SEQUENCES:4 protein sequences are shorter than 50 aa.
MISSING_GENOMEASSEMBLY_COMMENTS:1 bioseqs are missing GenomeAssembly structured comments
MOLTYPE_NOT_MRNA:1 molecule types are not set as mRNA.
TECHNIQUE_NOT_TSA:1 technique are not set as TSA
MISSING_STRUCTURED_COMMENT:1 sequences do not include structured comments.
MISSING_PROJECT:143 sequences do not include project.
DISC_INCONSISTENT_MOLINFO_TECH:Molinfo Technique Report (some missing, all same)


Detailed Report

FATAL: DiscRep_ALL:MISSING_PROTEIN_ID::142 proteins have invalid IDs.
prokka_VFCIXIUS/VFCIXIUS:VFCIXIUS_1 (length 395)
prokka_VFCIXIUS/VFCIXIUS:VFCIXIUS_2 (length 136)
prokka_VFCIXIUS/VFCIXIUS:VFCIXIUS_3 (length 220)
prokka_VFCIXIUS/VFCIXIUS:VFCIXIUS_4 (length 154)
prokka_VFCIXIUS/VFCIXIUS:VFCIXIUS_5 (length 131)
prokka_VFCIXIUS/VFCIXIUS:VFCIXIUS_6 (length 1180)
prokka_VFCIXIUS/VFCIXIUS:VFCIXIUS_7 (length 1295)
prokka_VFCIXIUS/VFCIXIUS:VFCIXIUS_8 (length 131)
prokka_VFCIXIUS/VFCIXIUS:VFCIXIUS_9 (length 167)
prokka_VFCIXIUS/VFCIXIUS:VFCIXIUS_10 (length 687)
prokka_VFCIXIUS/VFCIXIUS:VFCIXIUS_11 (length 104)
prokka_VFCIXIUS/VFCIXIUS:VFCIXIUS_12 (length 68)
prokka_VFCIXIUS/VFCIXIUS:VFCIXIUS_13 (length 141)
prokka_VFCIXIUS/VFCIXIUS:VFCIXIUS_14 (length 283)
prokka_VFCIXIUS/VFCIXIUS:VFCIXIUS_15 (length 363)
prokka_VFCIXIUS/VFCIXIUS:VFCIXIUS_16 (length 163)
prokka_VFCIXIUS/VFCIXIUS:VFCIXIUS_17 (length 375)
prokka_VFCIXIUS/VFCIXIUS:VFCIXIUS_18 (length 129)
prokka_VFCIXIUS/VFCIXIUS:VFCIXIUS_19 (length 95)
prokka_VFCIXIUS/VFCIXIUS:VFCIXIUS_20 (length 277)
prokka_VFCIXIUS/VFCIXIUS:VFCIXIUS_21 (length 225)
prokka_VFCIXIUS/VFCIXIUS:VFCIXIUS_22 (length 475)
prokka_VFCIXIUS/VFCIXIUS:VFCIXIUS_23 (length 302)
prokka_VFCIXIUS/VFCIXIUS:VFCIXIUS_24 (length 181)
prokka_VFCIXIUS/VFCIXIUS:VFCIXIUS_25 (length 186)
prokka_VFCIXIUS/VFCIXIUS:VFCIXIUS_26 (length 31)
prokka_VFCIXIUS/VFCIXIUS:VFCIXIUS_27 (length 392)
prokka_VFCIXIUS/VFCIXIUS:VFCIXIUS_28 (length 449)
prokka_VFCIXIUS/VFCIXIUS:VFCIXIUS_29 (length 307)
prokka_VFCIXIUS/VFCIXIUS:VFCIXIUS_30 (length 303)
prokka_VFCIXIUS/VFCIXIUS:VFCIXIUS_31 (length 328)
prokka_VFCIXIUS/VFCIXIUS:VFCIXIUS_32 (length 385)
prokka_VFCIXIUS/VFCIXIUS:VFCIXIUS_33 (length 56)
prokka_VFCIXIUS/VFCIXIUS:VFCIXIUS_34 (length 743)
prokka_VFCIXIUS/VFCIXIUS:VFCIXIUS_35 (length 245)
prokka_VFCIXIUS/VFCIXIUS:VFCIXIUS_36 (length 370)
prokka_VFCIXIUS/VFCIXIUS:VFCIXIUS_37 (length 243)
prokka_VFCIXIUS/VFCIXIUS:VFCIXIUS_38 (length 248)
prokka_VFCIXIUS/VFCIXIUS:VFCIXIUS_39 (length 299)
prokka_VFCIXIUS/VFCIXIUS:VFCIXIUS_40 (length 186)
prokka_VFCIXIUS/VFCIXIUS:VFCIXIUS_41 (length 438)
prokka_VFCIXIUS/VFCIXIUS:VFCIXIUS_42 (length 503)
prokka_VFCIXIUS/VFCIXIUS:VFCIXIUS_43 (length 462)
prokka_VFCIXIUS/VFCIXIUS:VFCIXIUS_44 (length 330)
prokka_VFCIXIUS/VFCIXIUS:VFCIXIUS_45 (length 444)
prokka_VFCIXIUS/VFCIXIUS:VFCIXIUS_46 (length 317)
prokka_VFCIXIUS/VFCIXIUS:VFCIXIUS_47 (length 443)
prokka_VFCIXIUS/VFCIXIUS:VFCIXIUS_48 (length 1010)
prokka_VFCIXIUS/VFCIXIUS:VFCIXIUS_49 (length 53)
prokka_VFCIXIUS/VFCIXIUS:VFCIXIUS_50 (length 258)
prokka_VFCIXIUS/VFCIXIUS:VFCIXIUS_51 (length 89)
prokka_VFCIXIUS/VFCIXIUS:VFCIXIUS_52 (length 347)
prokka_VFCIXIUS/VFCIXIUS:VFCIXIUS_53 (length 214)
prokka_VFCIXIUS/VFCIXIUS:VFCIXIUS_54 (length 387)
prokka_VFCIXIUS/VFCIXIUS:VFCIXIUS_55 (length 257)
prokka_VFCIXIUS/VFCIXIUS:VFCIXIUS_56 (length 75)
prokka_VFCIXIUS/VFCIXIUS:VFCIXIUS_57 (length 204)
prokka_VFCIXIUS/VFCIXIUS:VFCIXIUS_58 (length 345)
prokka_VFCIXIUS/VFCIXIUS:VFCIXIUS_59 (length 1057)
prokka_VFCIXIUS/VFCIXIUS:VFCIXIUS_60 (length 186)
prokka_VFCIXIUS/VFCIXIUS:VFCIXIUS_61 (length 182)
prokka_VFCIXIUS/VFCIXIUS:VFCIXIUS_62 (length 275)
prokka_VFCIXIUS/VFCIXIUS:VFCIXIUS_63 (length 367)
prokka_VFCIXIUS/VFCIXIUS:VFCIXIUS_64 (length 385)
prokka_VFCIXIUS/VFCIXIUS:VFCIXIUS_65 (length 196)
prokka_VFCIXIUS/VFCIXIUS:VFCIXIUS_66 (length 421)
prokka_VFCIXIUS/VFCIXIUS:VFCIXIUS_67 (length 350)
prokka_VFCIXIUS/VFCIXIUS:VFCIXIUS_68 (length 190)
prokka_VFCIXIUS/VFCIXIUS:VFCIXIUS_69 (length 203)
prokka_VFCIXIUS/VFCIXIUS:VFCIXIUS_70 (length 243)
prokka_VFCIXIUS/VFCIXIUS:VFCIXIUS_71 (length 255)
prokka_VFCIXIUS/VFCIXIUS:VFCIXIUS_72 (length 105)
prokka_VFCIXIUS/VFCIXIUS:VFCIXIUS_73 (length 299)
prokka_VFCIXIUS/VFCIXIUS:VFCIXIUS_74 (length 120)
prokka_VFCIXIUS/VFCIXIUS:VFCIXIUS_75 (length 62)
prokka_VFCIXIUS/VFCIXIUS:VFCIXIUS_76 (length 153)
prokka_VFCIXIUS/VFCIXIUS:VFCIXIUS_77 (length 352)
prokka_VFCIXIUS/VFCIXIUS:VFCIXIUS_78 (length 130)
prokka_VFCIXIUS/VFCIXIUS:VFCIXIUS_79 (length 167)
prokka_VFCIXIUS/VFCIXIUS:VFCIXIUS_80 (length 217)
prokka_VFCIXIUS/VFCIXIUS:VFCIXIUS_81 (length 220)
prokka_VFCIXIUS/VFCIXIUS:VFCIXIUS_82 (length 381)
prokka_VFCIXIUS/VFCIXIUS:VFCIXIUS_83 (length 238)
prokka_VFCIXIUS/VFCIXIUS:VFCIXIUS_84 (length 360)
prokka_VFCIXIUS/VFCIXIUS:VFCIXIUS_85 (length 447)
prokka_VFCIXIUS/VFCIXIUS:VFCIXIUS_86 (length 393)
prokka_VFCIXIUS/VFCIXIUS:VFCIXIUS_87 (length 423)
prokka_VFCIXIUS/VFCIXIUS:VFCIXIUS_88 (length 373)
prokka_VFCIXIUS/VFCIXIUS:VFCIXIUS_89 (length 75)
prokka_VFCIXIUS/VFCIXIUS:VFCIXIUS_90 (length 446)
prokka_VFCIXIUS/VFCIXIUS:VFCIXIUS_91 (length 601)
prokka_VFCIXIUS/VFCIXIUS:VFCIXIUS_92 (length 86)
prokka_VFCIXIUS/VFCIXIUS:VFCIXIUS_93 (length 531)
prokka_VFCIXIUS/VFCIXIUS:VFCIXIUS_94 (length 433)
prokka_VFCIXIUS/VFCIXIUS:VFCIXIUS_95 (length 394)
prokka_VFCIXIUS/VFCIXIUS:VFCIXIUS_96 (length 44)
prokka_VFCIXIUS/VFCIXIUS:VFCIXIUS_97 (length 217)
prokka_VFCIXIUS/VFCIXIUS:VFCIXIUS_98 (length 355)
prokka_VFCIXIUS/VFCIXIUS:VFCIXIUS_99 (length 647)
prokka_VFCIXIUS/VFCIXIUS:VFCIXIUS_100 (length 98)
prokka_VFCIXIUS/VFCIXIUS:VFCIXIUS_101 (length 339)
prokka_VFCIXIUS/VFCIXIUS:VFCIXIUS_102 (length 335)
prokka_VFCIXIUS/VFCIXIUS:VFCIXIUS_103 (length 240)
prokka_VFCIXIUS/VFCIXIUS:VFCIXIUS_104 (length 754)
prokka_VFCIXIUS/VFCIXIUS:VFCIXIUS_105 (length 208)
prokka_VFCIXIUS/VFCIXIUS:VFCIXIUS_106 (length 675)
prokka_VFCIXIUS/VFCIXIUS:VFCIXIUS_107 (length 144)
prokka_VFCIXIUS/VFCIXIUS:VFCIXIUS_108 (length 374)
prokka_VFCIXIUS/VFCIXIUS:VFCIXIUS_109 (length 262)
prokka_VFCIXIUS/VFCIXIUS:VFCIXIUS_110 (length 79)
prokka_VFCIXIUS/VFCIXIUS:VFCIXIUS_111 (length 107)
prokka_VFCIXIUS/VFCIXIUS:VFCIXIUS_112 (length 233)
prokka_VFCIXIUS/VFCIXIUS:VFCIXIUS_113 (length 410)
prokka_VFCIXIUS/VFCIXIUS:VFCIXIUS_114 (length 84)
prokka_VFCIXIUS/VFCIXIUS:VFCIXIUS_115 (length 181)
prokka_VFCIXIUS/VFCIXIUS:VFCIXIUS_116 (length 189)
prokka_VFCIXIUS/VFCIXIUS:VFCIXIUS_117 (length 76)
prokka_VFCIXIUS/VFCIXIUS:VFCIXIUS_118 (length 276)
prokka_VFCIXIUS/VFCIXIUS:VFCIXIUS_119 (length 94)
prokka_VFCIXIUS/VFCIXIUS:VFCIXIUS_120 (length 114)
prokka_VFCIXIUS/VFCIXIUS:VFCIXIUS_121 (length 203)
prokka_VFCIXIUS/VFCIXIUS:VFCIXIUS_122 (length 134)
prokka_VFCIXIUS/VFCIXIUS:VFCIXIUS_123 (length 47)
prokka_VFCIXIUS/VFCIXIUS:VFCIXIUS_124 (length 77)
prokka_VFCIXIUS/VFCIXIUS:VFCIXIUS_125 (length 126)
prokka_VFCIXIUS/VFCIXIUS:VFCIXIUS_126 (length 50)
prokka_VFCIXIUS/VFCIXIUS:VFCIXIUS_127 (length 184)
prokka_VFCIXIUS/VFCIXIUS:VFCIXIUS_128 (length 96)
prokka_VFCIXIUS/VFCIXIUS:VFCIXIUS_129 (length 129)
prokka_VFCIXIUS/VFCIXIUS:VFCIXIUS_130 (length 191)
prokka_VFCIXIUS/VFCIXIUS:VFCIXIUS_131 (length 124)
prokka_VFCIXIUS/VFCIXIUS:VFCIXIUS_132 (length 143)
prokka_VFCIXIUS/VFCIXIUS:VFCIXIUS_133 (length 135)
prokka_VFCIXIUS/VFCIXIUS:VFCIXIUS_134 (length 76)
prokka_VFCIXIUS/VFCIXIUS:VFCIXIUS_135 (length 37)
prokka_VFCIXIUS/VFCIXIUS:VFCIXIUS_136 (length 121)
prokka_VFCIXIUS/VFCIXIUS:VFCIXIUS_137 (length 117)
prokka_VFCIXIUS/VFCIXIUS:VFCIXIUS_138 (length 183)
prokka_VFCIXIUS/VFCIXIUS:VFCIXIUS_139 (length 303)
prokka_VFCIXIUS/VFCIXIUS:VFCIXIUS_140 (length 114)
prokka_VFCIXIUS/VFCIXIUS:VFCIXIUS_141 (length 404)
prokka_VFCIXIUS/VFCIXIUS:VFCIXIUS_142 (length 159)

DiscRep_ALL:DISC_SOURCE_QUALS_ASNDISC::strain (all present, all unique)
DiscRep_SUB:DISC_SOURCE_QUALS_ASNDISC::1 sources have unique values for strain
DiscRep_ALL:DISC_SOURCE_QUALS_ASNDISC::taxname (all present, all unique)
DiscRep_SUB:DISC_SOURCE_QUALS_ASNDISC::1 sources have unique values for taxname
DiscRep_ALL:DISC_FEATURE_COUNT::CDS: 142 present
DiscRep_ALL:DISC_FEATURE_COUNT::tRNA: 26 present
DiscRep_ALL:DISC_FEATURE_COUNT::rRNA: 2 present
DiscRep_ALL:DISC_FEATURE_COUNT::tmRNA: 1 present
DiscRep_ALL:DISC_COUNT_NUCLEOTIDES::1 nucleotide Bioseqs are present
prokka_VFCIXIUS/VFCIXIUS:VFCIXIUS (length 137277)

DiscRep_ALL:FEATURE_LOCATION_CONFLICT::171 features have inconsistent gene locations.
DiscRep_SUB:FEATURE_LOCATION_CONFLICT::Coding region xref gene does not exist
prokka_VFCIXIUS/VFCIXIUS:CDS	Elongation factor Tu	VFCIXIUS:1-1188	VFCIXIUS_00001

DiscRep_SUB:FEATURE_LOCATION_CONFLICT::Coding region xref gene does not exist
prokka_VFCIXIUS/VFCIXIUS:CDS	50S ribosomal protein L11	VFCIXIUS:1270-1680	VFCIXIUS_00003

DiscRep_SUB:FEATURE_LOCATION_CONFLICT::Coding region xref gene does not exist
prokka_VFCIXIUS/VFCIXIUS:CDS	hypothetical protein	VFCIXIUS:1670-2332	VFCIXIUS_00004

DiscRep_SUB:FEATURE_LOCATION_CONFLICT::Coding region xref gene does not exist
prokka_VFCIXIUS/VFCIXIUS:CDS	hypothetical protein	VFCIXIUS:2292-2756	VFCIXIUS_00005

DiscRep_SUB:FEATURE_LOCATION_CONFLICT::Coding region xref gene does not exist
prokka_VFCIXIUS/VFCIXIUS:CDS	50S ribosomal protein L7/L12	VFCIXIUS:2743-3138	VFCIXIUS_00006

DiscRep_SUB:FEATURE_LOCATION_CONFLICT::Coding region xref gene does not exist
prokka_VFCIXIUS/VFCIXIUS:CDS	DNA-directed RNA polymerase subunit beta	VFCIXIUS:3138-6680	VFCIXIUS_00007

DiscRep_SUB:FEATURE_LOCATION_CONFLICT::Coding region xref gene does not exist
prokka_VFCIXIUS/VFCIXIUS:CDS	DNA-directed RNA polymerase subunit beta'	VFCIXIUS:6697-10584	VFCIXIUS_00008

DiscRep_SUB:FEATURE_LOCATION_CONFLICT::Coding region xref gene does not exist
prokka_VFCIXIUS/VFCIXIUS:CDS	30S ribosomal protein S12	VFCIXIUS:10547-10942	VFCIXIUS_00009

DiscRep_SUB:FEATURE_LOCATION_CONFLICT::Coding region xref gene does not exist
prokka_VFCIXIUS/VFCIXIUS:CDS	30S ribosomal protein S7	VFCIXIUS:10902-11405	VFCIXIUS_00010

DiscRep_SUB:FEATURE_LOCATION_CONFLICT::Coding region xref gene does not exist
prokka_VFCIXIUS/VFCIXIUS:CDS	Elongation factor G	VFCIXIUS:11405-13468	VFCIXIUS_00011

DiscRep_SUB:FEATURE_LOCATION_CONFLICT::Coding region xref gene does not exist
prokka_VFCIXIUS/VFCIXIUS:CDS	30S ribosomal protein S10	VFCIXIUS:13455-13769	VFCIXIUS_00012

DiscRep_SUB:FEATURE_LOCATION_CONFLICT::Coding region xref gene does not exist
prokka_VFCIXIUS/VFCIXIUS:CDS	Cold shock-like protein CspA	VFCIXIUS:c13965-13759	VFCIXIUS_00013

DiscRep_SUB:FEATURE_LOCATION_CONFLICT::Coding region xref gene does not exist
prokka_VFCIXIUS/VFCIXIUS:CDS	Peptide deformylase	VFCIXIUS:14016-14441	VFCIXIUS_00014

DiscRep_SUB:FEATURE_LOCATION_CONFLICT::Coding region xref gene does not exist
prokka_VFCIXIUS/VFCIXIUS:CDS	Glycine--tRNA ligase alpha subunit	VFCIXIUS:15529-16380	VFCIXIUS_00016

DiscRep_SUB:FEATURE_LOCATION_CONFLICT::Coding region xref gene does not exist
prokka_VFCIXIUS/VFCIXIUS:CDS	hypothetical protein	VFCIXIUS:16389-17480	VFCIXIUS_00017

DiscRep_SUB:FEATURE_LOCATION_CONFLICT::Coding region xref gene does not exist
prokka_VFCIXIUS/VFCIXIUS:CDS	Ribosomal RNA small subunit methyltransferase A	VFCIXIUS:c17937-17446	VFCIXIUS_00018

DiscRep_SUB:FEATURE_LOCATION_CONFLICT::Coding region xref gene does not exist
prokka_VFCIXIUS/VFCIXIUS:CDS	Tyrosine--tRNA ligase	VFCIXIUS:c19054-17927	VFCIXIUS_00019

DiscRep_SUB:FEATURE_LOCATION_CONFLICT::Coding region xref gene does not exist
prokka_VFCIXIUS/VFCIXIUS:CDS	30S ribosomal protein S9	VFCIXIUS:c19635-19246	VFCIXIUS_00020

DiscRep_SUB:FEATURE_LOCATION_CONFLICT::Coding region xref gene does not exist
prokka_VFCIXIUS/VFCIXIUS:CDS	hypothetical protein	VFCIXIUS:c19919-19632	VFCIXIUS_00021

DiscRep_SUB:FEATURE_LOCATION_CONFLICT::Coding region xref gene does not exist
prokka_VFCIXIUS/VFCIXIUS:CDS	Diaminopimelate epimerase	VFCIXIUS:c20773-19940	VFCIXIUS_00022

DiscRep_SUB:FEATURE_LOCATION_CONFLICT::Coding region xref gene does not exist
prokka_VFCIXIUS/VFCIXIUS:CDS	hypothetical protein	VFCIXIUS:c21486-20809	VFCIXIUS_00023

DiscRep_SUB:FEATURE_LOCATION_CONFLICT::Coding region xref gene does not exist
prokka_VFCIXIUS/VFCIXIUS:CDS	Translation initiation factor IF-2	VFCIXIUS:c23117-21690	VFCIXIUS_00024

DiscRep_SUB:FEATURE_LOCATION_CONFLICT::Coding region xref gene does not exist
prokka_VFCIXIUS/VFCIXIUS:CDS	Ribose-phosphate pyrophosphokinase	VFCIXIUS:23240-24148	VFCIXIUS_00026

DiscRep_SUB:FEATURE_LOCATION_CONFLICT::Coding region xref gene does not exist
prokka_VFCIXIUS/VFCIXIUS:CDS	hypothetical protein	VFCIXIUS:24145-24690	VFCIXIUS_00027

DiscRep_SUB:FEATURE_LOCATION_CONFLICT::Coding region xref gene does not exist
prokka_VFCIXIUS/VFCIXIUS:CDS	Ribosomal RNA small subunit methyltransferase D	VFCIXIUS:c25251-24691	VFCIXIUS_00028

DiscRep_SUB:FEATURE_LOCATION_CONFLICT::Coding region xref gene does not exist
prokka_VFCIXIUS/VFCIXIUS:CDS	hypothetical protein	VFCIXIUS:25325-25420	VFCIXIUS_00029

DiscRep_SUB:FEATURE_LOCATION_CONFLICT::Coding region xref gene does not exist
prokka_VFCIXIUS/VFCIXIUS:CDS	Cysteine desulfurase IscS	VFCIXIUS:25561-26739	VFCIXIUS_00030

DiscRep_SUB:FEATURE_LOCATION_CONFLICT::Coding region xref gene does not exist
prokka_VFCIXIUS/VFCIXIUS:CDS	Lysine--tRNA ligase	VFCIXIUS:c28120-26771	VFCIXIUS_00031

DiscRep_SUB:FEATURE_LOCATION_CONFLICT::Coding region xref gene does not exist
prokka_VFCIXIUS/VFCIXIUS:CDS	Peptide chain release factor RF2	VFCIXIUS:c29033-28110	VFCIXIUS_00032

DiscRep_SUB:FEATURE_LOCATION_CONFLICT::Coding region xref gene does not exist
prokka_VFCIXIUS/VFCIXIUS:CDS	4-hydroxy-tetrahydrodipicolinate synthase	VFCIXIUS:c29916-29005	VFCIXIUS_00033

DiscRep_SUB:FEATURE_LOCATION_CONFLICT::Coding region xref gene does not exist
prokka_VFCIXIUS/VFCIXIUS:CDS	tRNA(Ile)-lysidine synthase	VFCIXIUS:29943-30929	VFCIXIUS_00034

DiscRep_SUB:FEATURE_LOCATION_CONFLICT::Coding region xref gene does not exist
prokka_VFCIXIUS/VFCIXIUS:CDS	Aspartokinase	VFCIXIUS:30868-32025	VFCIXIUS_00035

DiscRep_SUB:FEATURE_LOCATION_CONFLICT::Coding region xref gene does not exist
prokka_VFCIXIUS/VFCIXIUS:CDS	hypothetical protein	VFCIXIUS:c34715-34545	VFCIXIUS_00037

DiscRep_SUB:FEATURE_LOCATION_CONFLICT::Coding region xref gene does not exist
prokka_VFCIXIUS/VFCIXIUS:CDS	5-methyltetrahydropteroyltriglutamate--homocysteine methyltransferase	VFCIXIUS:34769-37000	VFCIXIUS_00038

DiscRep_SUB:FEATURE_LOCATION_CONFLICT::Coding region xref gene does not exist
prokka_VFCIXIUS/VFCIXIUS:CDS	hypothetical protein	VFCIXIUS:37242-37979	VFCIXIUS_00040

DiscRep_SUB:FEATURE_LOCATION_CONFLICT::Coding region xref gene does not exist
prokka_VFCIXIUS/VFCIXIUS:CDS	Cystathionine beta-lyase	VFCIXIUS:37976-39088	VFCIXIUS_00041

DiscRep_SUB:FEATURE_LOCATION_CONFLICT::Coding region xref gene does not exist
prokka_VFCIXIUS/VFCIXIUS:CDS	Peptide chain release factor RF1	VFCIXIUS:c39797-39066	VFCIXIUS_00042

DiscRep_SUB:FEATURE_LOCATION_CONFLICT::Coding region xref gene does not exist
prokka_VFCIXIUS/VFCIXIUS:CDS	Indole-3-glycerol phosphate synthase	VFCIXIUS:c40536-39790	VFCIXIUS_00043

DiscRep_SUB:FEATURE_LOCATION_CONFLICT::Coding region xref gene does not exist
prokka_VFCIXIUS/VFCIXIUS:CDS	Anthranilate phosphoribosyltransferase	VFCIXIUS:c41428-40529	VFCIXIUS_00044

DiscRep_SUB:FEATURE_LOCATION_CONFLICT::Coding region xref gene does not exist
prokka_VFCIXIUS/VFCIXIUS:CDS	Aminodeoxychorismate/anthranilate synthase component 2	VFCIXIUS:c41985-41425	VFCIXIUS_00045

DiscRep_SUB:FEATURE_LOCATION_CONFLICT::Coding region xref gene does not exist
prokka_VFCIXIUS/VFCIXIUS:CDS	Isochorismate synthase MenF	VFCIXIUS:c43282-41966	VFCIXIUS_00046

DiscRep_SUB:FEATURE_LOCATION_CONFLICT::Coding region xref gene does not exist
prokka_VFCIXIUS/VFCIXIUS:CDS	Methionine--tRNA ligase	VFCIXIUS:c44801-43290	VFCIXIUS_00047

DiscRep_SUB:FEATURE_LOCATION_CONFLICT::Coding region xref gene does not exist
prokka_VFCIXIUS/VFCIXIUS:CDS	Argininosuccinate lyase	VFCIXIUS:c46186-44798	VFCIXIUS_00048

DiscRep_SUB:FEATURE_LOCATION_CONFLICT::Coding region xref gene does not exist
prokka_VFCIXIUS/VFCIXIUS:CDS	Tryptophan--tRNA ligase 2	VFCIXIUS:c47206-46214	VFCIXIUS_00049

DiscRep_SUB:FEATURE_LOCATION_CONFLICT::Coding region xref gene does not exist
prokka_VFCIXIUS/VFCIXIUS:CDS	hypothetical protein	VFCIXIUS:c48733-47399	VFCIXIUS_00050

DiscRep_SUB:FEATURE_LOCATION_CONFLICT::Coding region xref gene does not exist
prokka_VFCIXIUS/VFCIXIUS:CDS	Homoserine kinase	VFCIXIUS:c49670-48717	VFCIXIUS_00051

DiscRep_SUB:FEATURE_LOCATION_CONFLICT::Coding region xref gene does not exist
prokka_VFCIXIUS/VFCIXIUS:CDS	RNA polymerase sigma factor RpoD	VFCIXIUS:49731-51062	VFCIXIUS_00052

DiscRep_SUB:FEATURE_LOCATION_CONFLICT::Coding region xref gene does not exist
prokka_VFCIXIUS/VFCIXIUS:CDS	DNA polymerase III subunit alpha	VFCIXIUS:51297-54329	VFCIXIUS_00053

DiscRep_SUB:FEATURE_LOCATION_CONFLICT::Coding region xref gene does not exist
prokka_VFCIXIUS/VFCIXIUS:CDS	hypothetical protein	VFCIXIUS:54304-54465	VFCIXIUS_00054

DiscRep_SUB:FEATURE_LOCATION_CONFLICT::Coding region xref gene does not exist
prokka_VFCIXIUS/VFCIXIUS:CDS	5,10-methylenetetrahydrofolate reductase	VFCIXIUS:54669-55445	VFCIXIUS_00057

DiscRep_SUB:FEATURE_LOCATION_CONFLICT::Coding region xref gene does not exist
prokka_VFCIXIUS/VFCIXIUS:CDS	hypothetical protein	VFCIXIUS:55432-55701	VFCIXIUS_00058

DiscRep_SUB:FEATURE_LOCATION_CONFLICT::Coding region xref gene does not exist
prokka_VFCIXIUS/VFCIXIUS:CDS	Aspartate-semialdehyde dehydrogenase	VFCIXIUS:55900-56943	VFCIXIUS_00059

DiscRep_SUB:FEATURE_LOCATION_CONFLICT::Coding region xref gene does not exist
prokka_VFCIXIUS/VFCIXIUS:CDS	N-(5'-phosphoribosyl)anthranilate isomerase	VFCIXIUS:56927-57571	VFCIXIUS_00060

DiscRep_SUB:FEATURE_LOCATION_CONFLICT::Coding region xref gene does not exist
prokka_VFCIXIUS/VFCIXIUS:CDS	Tryptophan synthase beta chain	VFCIXIUS:57558-58721	VFCIXIUS_00061

DiscRep_SUB:FEATURE_LOCATION_CONFLICT::Coding region xref gene does not exist
prokka_VFCIXIUS/VFCIXIUS:CDS	Tryptophan synthase alpha chain	VFCIXIUS:58711-59484	VFCIXIUS_00062

DiscRep_SUB:FEATURE_LOCATION_CONFLICT::Coding region xref gene does not exist
prokka_VFCIXIUS/VFCIXIUS:CDS	hypothetical protein	VFCIXIUS:59441-59668	VFCIXIUS_00063

DiscRep_SUB:FEATURE_LOCATION_CONFLICT::Coding region xref gene does not exist
prokka_VFCIXIUS/VFCIXIUS:CDS	Ribosomal large subunit pseudouridine synthase C	VFCIXIUS:59979-60593	VFCIXIUS_00065

DiscRep_SUB:FEATURE_LOCATION_CONFLICT::Coding region xref gene does not exist
prokka_VFCIXIUS/VFCIXIUS:CDS	Carbamoyl-phosphate synthase small chain	VFCIXIUS:61482-62519	VFCIXIUS_00068

DiscRep_SUB:FEATURE_LOCATION_CONFLICT::Coding region xref gene does not exist
prokka_VFCIXIUS/VFCIXIUS:CDS	Carbamoyl-phosphate synthase large chain	VFCIXIUS:62506-65679	VFCIXIUS_00069

DiscRep_SUB:FEATURE_LOCATION_CONFLICT::Coding region xref gene does not exist
prokka_VFCIXIUS/VFCIXIUS:CDS	Ribosomal RNA large subunit methyltransferase E	VFCIXIUS:65654-66214	VFCIXIUS_00070

DiscRep_SUB:FEATURE_LOCATION_CONFLICT::Coding region xref gene does not exist
prokka_VFCIXIUS/VFCIXIUS:CDS	ATP-dependent Clp protease proteolytic subunit	VFCIXIUS:66214-66762	VFCIXIUS_00071

DiscRep_SUB:FEATURE_LOCATION_CONFLICT::Coding region xref gene does not exist
prokka_VFCIXIUS/VFCIXIUS:CDS	hypothetical protein	VFCIXIUS:68000-68827	VFCIXIUS_00073

DiscRep_SUB:FEATURE_LOCATION_CONFLICT::Coding region xref gene does not exist
prokka_VFCIXIUS/VFCIXIUS:CDS	Holliday junction ATP-dependent DNA helicase RuvB	VFCIXIUS:68824-69927	VFCIXIUS_00074

DiscRep_SUB:FEATURE_LOCATION_CONFLICT::Coding region xref gene does not exist
prokka_VFCIXIUS/VFCIXIUS:CDS	GTPase Der	VFCIXIUS:69918-71075	VFCIXIUS_00075

DiscRep_SUB:FEATURE_LOCATION_CONFLICT::Coding region xref gene does not exist
prokka_VFCIXIUS/VFCIXIUS:CDS	ATP phosphoribosyltransferase	VFCIXIUS:71420-72010	VFCIXIUS_00078

DiscRep_SUB:FEATURE_LOCATION_CONFLICT::Coding region xref gene does not exist
prokka_VFCIXIUS/VFCIXIUS:CDS	Histidinol dehydrogenase	VFCIXIUS:72007-73272	VFCIXIUS_00079

DiscRep_SUB:FEATURE_LOCATION_CONFLICT::Coding region xref gene does not exist
prokka_VFCIXIUS/VFCIXIUS:CDS	Histidinol-phosphate aminotransferase 2	VFCIXIUS:73265-74317	VFCIXIUS_00080

DiscRep_SUB:FEATURE_LOCATION_CONFLICT::Coding region xref gene does not exist
prokka_VFCIXIUS/VFCIXIUS:CDS	Imidazoleglycerol-phosphate dehydratase	VFCIXIUS:74314-74886	VFCIXIUS_00081

DiscRep_SUB:FEATURE_LOCATION_CONFLICT::Coding region xref gene does not exist
prokka_VFCIXIUS/VFCIXIUS:CDS	Imidazole glycerol phosphate synthase subunit HisH	VFCIXIUS:74883-75494	VFCIXIUS_00082

DiscRep_SUB:FEATURE_LOCATION_CONFLICT::Coding region xref gene does not exist
prokka_VFCIXIUS/VFCIXIUS:CDS	1-(5-phosphoribosyl)-5-[(5-phosphoribosylamino)methylideneamino] imidazole-4-carboxamide isomerase	VFCIXIUS:75482-76213	VFCIXIUS_00083

DiscRep_SUB:FEATURE_LOCATION_CONFLICT::Coding region xref gene does not exist
prokka_VFCIXIUS/VFCIXIUS:CDS	Imidazole glycerol phosphate synthase subunit HisF	VFCIXIUS:76203-76970	VFCIXIUS_00084

DiscRep_SUB:FEATURE_LOCATION_CONFLICT::Coding region xref gene does not exist
prokka_VFCIXIUS/VFCIXIUS:CDS	Phosphoribosyl-AMP cyclohydrolase	VFCIXIUS:76973-77290	VFCIXIUS_00085

DiscRep_SUB:FEATURE_LOCATION_CONFLICT::Coding region xref gene does not exist
prokka_VFCIXIUS/VFCIXIUS:CDS	Ornithine carbamoyltransferase, anabolic	VFCIXIUS:77725-78624	VFCIXIUS_00088

DiscRep_SUB:FEATURE_LOCATION_CONFLICT::Coding region xref gene does not exist
prokka_VFCIXIUS/VFCIXIUS:CDS	50S ribosomal protein L20	VFCIXIUS:c79074-78712	VFCIXIUS_00090

DiscRep_SUB:FEATURE_LOCATION_CONFLICT::Coding region xref gene does not exist
prokka_VFCIXIUS/VFCIXIUS:CDS	hypothetical protein	VFCIXIUS:c79255-79067	VFCIXIUS_00091

DiscRep_SUB:FEATURE_LOCATION_CONFLICT::Coding region xref gene does not exist
prokka_VFCIXIUS/VFCIXIUS:CDS	Translation initiation factor IF-3	VFCIXIUS:c79723-79262	VFCIXIUS_00092

DiscRep_SUB:FEATURE_LOCATION_CONFLICT::Coding region xref gene does not exist
prokka_VFCIXIUS/VFCIXIUS:CDS	Chorismate synthase	VFCIXIUS:c80782-79724	VFCIXIUS_00093

DiscRep_SUB:FEATURE_LOCATION_CONFLICT::Coding region xref gene does not exist
prokka_VFCIXIUS/VFCIXIUS:CDS	SsrA-binding protein	VFCIXIUS:81226-81618	VFCIXIUS_00097

DiscRep_SUB:FEATURE_LOCATION_CONFLICT::Coding region xref gene does not exist
prokka_VFCIXIUS/VFCIXIUS:CDS	hypothetical protein	VFCIXIUS:c82090-81587	VFCIXIUS_00098

DiscRep_SUB:FEATURE_LOCATION_CONFLICT::Coding region xref gene does not exist
prokka_VFCIXIUS/VFCIXIUS:CDS	hypothetical protein	VFCIXIUS:c82736-82083	VFCIXIUS_00099

DiscRep_SUB:FEATURE_LOCATION_CONFLICT::Coding region xref gene does not exist
prokka_VFCIXIUS/VFCIXIUS:CDS	30S ribosomal protein S2	VFCIXIUS:c83391-82729	VFCIXIUS_00100

DiscRep_SUB:FEATURE_LOCATION_CONFLICT::Coding region xref gene does not exist
prokka_VFCIXIUS/VFCIXIUS:CDS	Arginine--pyruvate transaminase AruH	VFCIXIUS:83394-84539	VFCIXIUS_00101

DiscRep_SUB:FEATURE_LOCATION_CONFLICT::Coding region xref gene does not exist
prokka_VFCIXIUS/VFCIXIUS:CDS	2,3,4,5-tetrahydropyridine-2,6-dicarboxylate N-succinyltransferase	VFCIXIUS:84550-85266	VFCIXIUS_00102

DiscRep_SUB:FEATURE_LOCATION_CONFLICT::Coding region xref gene does not exist
prokka_VFCIXIUS/VFCIXIUS:CDS	Succinyl-diaminopimelate desuccinylase	VFCIXIUS:85250-86332	VFCIXIUS_00103

DiscRep_SUB:FEATURE_LOCATION_CONFLICT::Coding region xref gene does not exist
prokka_VFCIXIUS/VFCIXIUS:CDS	Threonine synthase	VFCIXIUS:c87701-86358	VFCIXIUS_00104

DiscRep_SUB:FEATURE_LOCATION_CONFLICT::Coding region xref gene does not exist
prokka_VFCIXIUS/VFCIXIUS:CDS	hypothetical protein	VFCIXIUS:c88890-87709	VFCIXIUS_00105

DiscRep_SUB:FEATURE_LOCATION_CONFLICT::Coding region xref gene does not exist
prokka_VFCIXIUS/VFCIXIUS:CDS	Replicative DNA helicase	VFCIXIUS:c90162-88891	VFCIXIUS_00106

DiscRep_SUB:FEATURE_LOCATION_CONFLICT::Coding region xref gene does not exist
prokka_VFCIXIUS/VFCIXIUS:CDS	Transcription termination factor Rho	VFCIXIUS:90604-91725	VFCIXIUS_00107

DiscRep_SUB:FEATURE_LOCATION_CONFLICT::Coding region xref gene does not exist
prokka_VFCIXIUS/VFCIXIUS:CDS	50S ribosomal protein L31 type B	VFCIXIUS:91703-91930	VFCIXIUS_00108

DiscRep_SUB:FEATURE_LOCATION_CONFLICT::Coding region xref gene does not exist
prokka_VFCIXIUS/VFCIXIUS:CDS	tRNA modification GTPase MnmE	VFCIXIUS:93277-94617	VFCIXIUS_00111

DiscRep_SUB:FEATURE_LOCATION_CONFLICT::Coding region xref gene does not exist
prokka_VFCIXIUS/VFCIXIUS:CDS	tRNA uridine 5-carboxymethylaminomethyl modification enzyme MnmG	VFCIXIUS:94614-96419	VFCIXIUS_00112

DiscRep_SUB:FEATURE_LOCATION_CONFLICT::Coding region xref gene does not exist
prokka_VFCIXIUS/VFCIXIUS:CDS	hypothetical protein	VFCIXIUS:96485-96745	VFCIXIUS_00113

DiscRep_SUB:FEATURE_LOCATION_CONFLICT::Coding region xref gene does not exist
prokka_VFCIXIUS/VFCIXIUS:CDS	60 kDa chaperonin	VFCIXIUS:96751-98346	VFCIXIUS_00114

DiscRep_SUB:FEATURE_LOCATION_CONFLICT::Coding region xref gene does not exist
prokka_VFCIXIUS/VFCIXIUS:CDS	3-phosphoshikimate 1-carboxyvinyltransferase	VFCIXIUS:98346-99647	VFCIXIUS_00115

DiscRep_SUB:FEATURE_LOCATION_CONFLICT::Coding region xref gene does not exist
prokka_VFCIXIUS/VFCIXIUS:CDS	hypothetical protein	VFCIXIUS:c100811-99627	VFCIXIUS_00116

DiscRep_SUB:FEATURE_LOCATION_CONFLICT::Coding region xref gene does not exist
prokka_VFCIXIUS/VFCIXIUS:CDS	hypothetical protein	VFCIXIUS:100813-100947	VFCIXIUS_00117

DiscRep_SUB:FEATURE_LOCATION_CONFLICT::Coding region xref gene does not exist
prokka_VFCIXIUS/VFCIXIUS:CDS	hypothetical protein	VFCIXIUS:100948-101601	VFCIXIUS_00118

DiscRep_SUB:FEATURE_LOCATION_CONFLICT::Coding region xref gene does not exist
prokka_VFCIXIUS/VFCIXIUS:CDS	Chaperone protein DnaJ	VFCIXIUS:c102688-101621	VFCIXIUS_00119

DiscRep_SUB:FEATURE_LOCATION_CONFLICT::Coding region xref gene does not exist
prokka_VFCIXIUS/VFCIXIUS:CDS	Chaperone protein DnaK	VFCIXIUS:c104624-102681	VFCIXIUS_00120

DiscRep_SUB:FEATURE_LOCATION_CONFLICT::Coding region xref gene does not exist
prokka_VFCIXIUS/VFCIXIUS:CDS	Protein GrpE	VFCIXIUS:c104886-104590	VFCIXIUS_00121

DiscRep_SUB:FEATURE_LOCATION_CONFLICT::Coding region xref gene does not exist
prokka_VFCIXIUS/VFCIXIUS:CDS	Phospho-2-dehydro-3-deoxyheptonate aldolase, Trp-sensitive	VFCIXIUS:105037-106056	VFCIXIUS_00122

DiscRep_SUB:FEATURE_LOCATION_CONFLICT::Coding region xref gene does not exist
prokka_VFCIXIUS/VFCIXIUS:CDS	tRNA-specific 2-thiouridylase MnmA	VFCIXIUS:c107050-106043	VFCIXIUS_00123

DiscRep_SUB:FEATURE_LOCATION_CONFLICT::Coding region xref gene does not exist
prokka_VFCIXIUS/VFCIXIUS:CDS	hypothetical protein	VFCIXIUS:c107775-107053	VFCIXIUS_00124

DiscRep_SUB:FEATURE_LOCATION_CONFLICT::Coding region xref gene does not exist
prokka_VFCIXIUS/VFCIXIUS:CDS	Leucine--tRNA ligase	VFCIXIUS:c110047-107783	VFCIXIUS_00125

DiscRep_SUB:FEATURE_LOCATION_CONFLICT::Coding region xref gene does not exist
prokka_VFCIXIUS/VFCIXIUS:CDS	4-hydroxy-tetrahydrodipicolinate reductase	VFCIXIUS:c110670-110044	VFCIXIUS_00126

DiscRep_SUB:FEATURE_LOCATION_CONFLICT::Coding region xref gene does not exist
prokka_VFCIXIUS/VFCIXIUS:CDS	Shikimate dehydrogenase (NADP(+))	VFCIXIUS:c112684-110657	VFCIXIUS_00127

DiscRep_SUB:FEATURE_LOCATION_CONFLICT::Coding region xref gene does not exist
prokka_VFCIXIUS/VFCIXIUS:CDS	3-dehydroquinate dehydratase	VFCIXIUS:112700-113134	VFCIXIUS_00128

DiscRep_SUB:FEATURE_LOCATION_CONFLICT::Coding region xref gene does not exist
prokka_VFCIXIUS/VFCIXIUS:CDS	hypothetical protein	VFCIXIUS:c114235-113111	VFCIXIUS_00129

DiscRep_SUB:FEATURE_LOCATION_CONFLICT::Coding region xref gene does not exist
prokka_VFCIXIUS/VFCIXIUS:CDS	hypothetical protein	VFCIXIUS:c115032-114244	VFCIXIUS_00130

DiscRep_SUB:FEATURE_LOCATION_CONFLICT::Coding region xref gene does not exist
prokka_VFCIXIUS/VFCIXIUS:CDS	50S ribosomal protein L27	VFCIXIUS:c115272-115033	VFCIXIUS_00131

DiscRep_SUB:FEATURE_LOCATION_CONFLICT::Coding region xref gene does not exist
prokka_VFCIXIUS/VFCIXIUS:CDS	hypothetical protein	VFCIXIUS:c115588-115265	VFCIXIUS_00132

DiscRep_SUB:FEATURE_LOCATION_CONFLICT::Coding region xref gene does not exist
prokka_VFCIXIUS/VFCIXIUS:CDS	Ribosomal RNA small subunit methyltransferase H	VFCIXIUS:c116286-115585	VFCIXIUS_00133

DiscRep_SUB:FEATURE_LOCATION_CONFLICT::Coding region xref gene does not exist
prokka_VFCIXIUS/VFCIXIUS:CDS	Argininosuccinate synthase	VFCIXIUS:116324-117556	VFCIXIUS_00134

DiscRep_SUB:FEATURE_LOCATION_CONFLICT::Coding region xref gene does not exist
prokka_VFCIXIUS/VFCIXIUS:CDS	hypothetical protein	VFCIXIUS:c122932-122678	VFCIXIUS_00139

DiscRep_SUB:FEATURE_LOCATION_CONFLICT::Coding region xref gene does not exist
prokka_VFCIXIUS/VFCIXIUS:CDS	50S ribosomal protein L3	VFCIXIUS:123466-124011	VFCIXIUS_00140

DiscRep_SUB:FEATURE_LOCATION_CONFLICT::Coding region xref gene does not exist
prokka_VFCIXIUS/VFCIXIUS:CDS	50S ribosomal protein L4	VFCIXIUS:124004-124573	VFCIXIUS_00141

DiscRep_SUB:FEATURE_LOCATION_CONFLICT::Coding region xref gene does not exist
prokka_VFCIXIUS/VFCIXIUS:CDS	hypothetical protein	VFCIXIUS:124551-124781	VFCIXIUS_00142

DiscRep_SUB:FEATURE_LOCATION_CONFLICT::Coding region xref gene does not exist
prokka_VFCIXIUS/VFCIXIUS:CDS	50S ribosomal protein L2	VFCIXIUS:124778-125608	VFCIXIUS_00143

DiscRep_SUB:FEATURE_LOCATION_CONFLICT::Coding region xref gene does not exist
prokka_VFCIXIUS/VFCIXIUS:CDS	30S ribosomal protein S19	VFCIXIUS:125595-125879	VFCIXIUS_00144

DiscRep_SUB:FEATURE_LOCATION_CONFLICT::Coding region xref gene does not exist
prokka_VFCIXIUS/VFCIXIUS:CDS	50S ribosomal protein L22	VFCIXIUS:125884-126228	VFCIXIUS_00145

DiscRep_SUB:FEATURE_LOCATION_CONFLICT::Coding region xref gene does not exist
prokka_VFCIXIUS/VFCIXIUS:CDS	30S ribosomal protein S3	VFCIXIUS:126218-126829	VFCIXIUS_00146

DiscRep_SUB:FEATURE_LOCATION_CONFLICT::Coding region xref gene does not exist
prokka_VFCIXIUS/VFCIXIUS:CDS	50S ribosomal protein L16	VFCIXIUS:126835-127239	VFCIXIUS_00147

DiscRep_SUB:FEATURE_LOCATION_CONFLICT::Coding region xref gene does not exist
prokka_VFCIXIUS/VFCIXIUS:CDS	hypothetical protein	VFCIXIUS:127229-127372	VFCIXIUS_00148

DiscRep_SUB:FEATURE_LOCATION_CONFLICT::Coding region xref gene does not exist
prokka_VFCIXIUS/VFCIXIUS:CDS	hypothetical protein	VFCIXIUS:127335-127568	VFCIXIUS_00149

DiscRep_SUB:FEATURE_LOCATION_CONFLICT::Coding region xref gene does not exist
prokka_VFCIXIUS/VFCIXIUS:CDS	50S ribosomal protein L14	VFCIXIUS:127565-127945	VFCIXIUS_00150

DiscRep_SUB:FEATURE_LOCATION_CONFLICT::Coding region xref gene does not exist
prokka_VFCIXIUS/VFCIXIUS:CDS	hypothetical protein	VFCIXIUS:127948-128100	VFCIXIUS_00151

DiscRep_SUB:FEATURE_LOCATION_CONFLICT::Coding region xref gene does not exist
prokka_VFCIXIUS/VFCIXIUS:CDS	50S ribosomal protein L5	VFCIXIUS:128100-128654	VFCIXIUS_00152

DiscRep_SUB:FEATURE_LOCATION_CONFLICT::Coding region xref gene does not exist
prokka_VFCIXIUS/VFCIXIUS:CDS	30S ribosomal protein S14	VFCIXIUS:128654-128944	VFCIXIUS_00153

DiscRep_SUB:FEATURE_LOCATION_CONFLICT::Coding region xref gene does not exist
prokka_VFCIXIUS/VFCIXIUS:CDS	30S ribosomal protein S8	VFCIXIUS:128964-129353	VFCIXIUS_00154

DiscRep_SUB:FEATURE_LOCATION_CONFLICT::Coding region xref gene does not exist
prokka_VFCIXIUS/VFCIXIUS:CDS	50S ribosomal protein L6	VFCIXIUS:129353-129928	VFCIXIUS_00155

DiscRep_SUB:FEATURE_LOCATION_CONFLICT::Coding region xref gene does not exist
prokka_VFCIXIUS/VFCIXIUS:CDS	50S ribosomal protein L18	VFCIXIUS:129891-130265	VFCIXIUS_00156

DiscRep_SUB:FEATURE_LOCATION_CONFLICT::Coding region xref gene does not exist
prokka_VFCIXIUS/VFCIXIUS:CDS	30S ribosomal protein S5	VFCIXIUS:130258-130689	VFCIXIUS_00157

DiscRep_SUB:FEATURE_LOCATION_CONFLICT::Coding region xref gene does not exist
prokka_VFCIXIUS/VFCIXIUS:CDS	hypothetical protein	VFCIXIUS:130676-131083	VFCIXIUS_00158

DiscRep_SUB:FEATURE_LOCATION_CONFLICT::Coding region xref gene does not exist
prokka_VFCIXIUS/VFCIXIUS:CDS	Translation initiation factor IF-1	VFCIXIUS:131058-131288	VFCIXIUS_00159

DiscRep_SUB:FEATURE_LOCATION_CONFLICT::Coding region xref gene does not exist
prokka_VFCIXIUS/VFCIXIUS:CDS	hypothetical protein	VFCIXIUS:131289-131402	VFCIXIUS_00160

DiscRep_SUB:FEATURE_LOCATION_CONFLICT::Coding region xref gene does not exist
prokka_VFCIXIUS/VFCIXIUS:CDS	30S ribosomal protein S13	VFCIXIUS:131399-131764	VFCIXIUS_00161

DiscRep_SUB:FEATURE_LOCATION_CONFLICT::Coding region xref gene does not exist
prokka_VFCIXIUS/VFCIXIUS:CDS	30S ribosomal protein S11	VFCIXIUS:131754-132107	VFCIXIUS_00162

DiscRep_SUB:FEATURE_LOCATION_CONFLICT::Coding region xref gene does not exist
prokka_VFCIXIUS/VFCIXIUS:CDS	hypothetical protein	VFCIXIUS:132107-132658	VFCIXIUS_00163

DiscRep_SUB:FEATURE_LOCATION_CONFLICT::Coding region xref gene does not exist
prokka_VFCIXIUS/VFCIXIUS:CDS	DNA-directed RNA polymerase subunit alpha	VFCIXIUS:132658-133569	VFCIXIUS_00164

DiscRep_SUB:FEATURE_LOCATION_CONFLICT::Coding region xref gene does not exist
prokka_VFCIXIUS/VFCIXIUS:CDS	hypothetical protein	VFCIXIUS:133559-133903	VFCIXIUS_00165

DiscRep_SUB:FEATURE_LOCATION_CONFLICT::Coding region xref gene does not exist
prokka_VFCIXIUS/VFCIXIUS:CDS	Diaminopimelate decarboxylase	VFCIXIUS:c135317-134103	VFCIXIUS_00166

DiscRep_SUB:FEATURE_LOCATION_CONFLICT::Coding region xref gene does not exist
prokka_VFCIXIUS/VFCIXIUS:CDS	Shikimate kinase 1	VFCIXIUS:135321-135800	VFCIXIUS_00167

DiscRep_SUB:FEATURE_LOCATION_CONFLICT::RNA feature xref gene does not exist
prokka_VFCIXIUS/VFCIXIUS:tRNA	Trp	VFCIXIUS:1191-1261	VFCIXIUS_00002

DiscRep_SUB:FEATURE_LOCATION_CONFLICT::RNA feature xref gene does not exist
prokka_VFCIXIUS/VFCIXIUS:tRNA	Phe	VFCIXIUS:15299-15373	VFCIXIUS_00015

DiscRep_SUB:FEATURE_LOCATION_CONFLICT::RNA feature xref gene does not exist
prokka_VFCIXIUS/VFCIXIUS:tRNA	Gln	VFCIXIUS:23160-23232	VFCIXIUS_00025

DiscRep_SUB:FEATURE_LOCATION_CONFLICT::RNA feature xref gene does not exist
prokka_VFCIXIUS/VFCIXIUS:tRNA	Ser	VFCIXIUS:32055-32145	VFCIXIUS_00036

DiscRep_SUB:FEATURE_LOCATION_CONFLICT::RNA feature xref gene does not exist
prokka_VFCIXIUS/VFCIXIUS:tmRNA	transfer-messenger RNA, SsrA	VFCIXIUS:c37249-36928	VFCIXIUS_00039

DiscRep_SUB:FEATURE_LOCATION_CONFLICT::RNA feature xref gene does not exist
prokka_VFCIXIUS/VFCIXIUS:tRNA	Leu	VFCIXIUS:54479-54551	VFCIXIUS_00055

DiscRep_SUB:FEATURE_LOCATION_CONFLICT::RNA feature xref gene does not exist
prokka_VFCIXIUS/VFCIXIUS:tRNA	Ser	VFCIXIUS:54572-54659	VFCIXIUS_00056

DiscRep_SUB:FEATURE_LOCATION_CONFLICT::RNA feature xref gene does not exist
prokka_VFCIXIUS/VFCIXIUS:tRNA	Asn	VFCIXIUS:c59954-59883	VFCIXIUS_00064

DiscRep_SUB:FEATURE_LOCATION_CONFLICT::RNA feature xref gene does not exist
prokka_VFCIXIUS/VFCIXIUS:tRNA	Cys	VFCIXIUS:c60785-60710	VFCIXIUS_00066

DiscRep_SUB:FEATURE_LOCATION_CONFLICT::RNA feature xref gene does not exist
prokka_VFCIXIUS/VFCIXIUS:tRNA	Gly	VFCIXIUS:c60863-60790	VFCIXIUS_00067

DiscRep_SUB:FEATURE_LOCATION_CONFLICT::RNA feature xref gene does not exist
prokka_VFCIXIUS/VFCIXIUS:tRNA	Val	VFCIXIUS:67917-67990	VFCIXIUS_00072

DiscRep_SUB:FEATURE_LOCATION_CONFLICT::RNA feature xref gene does not exist
prokka_VFCIXIUS/VFCIXIUS:tRNA	Leu	VFCIXIUS:c71319-71239	VFCIXIUS_00076

DiscRep_SUB:FEATURE_LOCATION_CONFLICT::RNA feature xref gene does not exist
prokka_VFCIXIUS/VFCIXIUS:tRNA	Ser	VFCIXIUS:c71408-71324	VFCIXIUS_00077

DiscRep_SUB:FEATURE_LOCATION_CONFLICT::RNA feature xref gene does not exist
prokka_VFCIXIUS/VFCIXIUS:tRNA	Thr	VFCIXIUS:77565-77635	VFCIXIUS_00086

DiscRep_SUB:FEATURE_LOCATION_CONFLICT::RNA feature xref gene does not exist
prokka_VFCIXIUS/VFCIXIUS:tRNA	His	VFCIXIUS:77637-77710	VFCIXIUS_00087

DiscRep_SUB:FEATURE_LOCATION_CONFLICT::RNA feature xref gene does not exist
prokka_VFCIXIUS/VFCIXIUS:tRNA	Lys	VFCIXIUS:c78709-78635	VFCIXIUS_00089

DiscRep_SUB:FEATURE_LOCATION_CONFLICT::RNA feature xref gene does not exist
prokka_VFCIXIUS/VFCIXIUS:tRNA	Arg	VFCIXIUS:c80866-80794	VFCIXIUS_00094

DiscRep_SUB:FEATURE_LOCATION_CONFLICT::RNA feature xref gene does not exist
prokka_VFCIXIUS/VFCIXIUS:tRNA	Met	VFCIXIUS:c81103-81032	VFCIXIUS_00095

DiscRep_SUB:FEATURE_LOCATION_CONFLICT::RNA feature xref gene does not exist
prokka_VFCIXIUS/VFCIXIUS:tRNA	Pro	VFCIXIUS:81149-81222	VFCIXIUS_00096

DiscRep_SUB:FEATURE_LOCATION_CONFLICT::RNA feature xref gene does not exist
prokka_VFCIXIUS/VFCIXIUS:tRNA	Asp	VFCIXIUS:c92023-91947	VFCIXIUS_00109

DiscRep_SUB:FEATURE_LOCATION_CONFLICT::RNA feature xref gene does not exist
prokka_VFCIXIUS/VFCIXIUS:tRNA	Glu	VFCIXIUS:c92096-92025	VFCIXIUS_00110

DiscRep_SUB:FEATURE_LOCATION_CONFLICT::RNA feature xref gene does not exist
prokka_VFCIXIUS/VFCIXIUS:rRNA	23S ribosomal RNA	VFCIXIUS:c120524-117701	VFCIXIUS_00135

DiscRep_SUB:FEATURE_LOCATION_CONFLICT::RNA feature xref gene does not exist
prokka_VFCIXIUS/VFCIXIUS:tRNA	Ile	VFCIXIUS:c120614-120544	VFCIXIUS_00136

DiscRep_SUB:FEATURE_LOCATION_CONFLICT::RNA feature xref gene does not exist
prokka_VFCIXIUS/VFCIXIUS:tRNA	Ala	VFCIXIUS:c120693-120622	VFCIXIUS_00137

DiscRep_SUB:FEATURE_LOCATION_CONFLICT::RNA feature xref gene does not exist
prokka_VFCIXIUS/VFCIXIUS:rRNA	16S ribosomal RNA	VFCIXIUS:c122239-120722	VFCIXIUS_00138

DiscRep_SUB:FEATURE_LOCATION_CONFLICT::RNA feature xref gene does not exist
prokka_VFCIXIUS/VFCIXIUS:tRNA	Met	VFCIXIUS:c136946-136874	VFCIXIUS_00168

DiscRep_SUB:FEATURE_LOCATION_CONFLICT::RNA feature xref gene does not exist
prokka_VFCIXIUS/VFCIXIUS:tRNA	Tyr	VFCIXIUS:137032-137115	VFCIXIUS_00169

DiscRep_SUB:FEATURE_LOCATION_CONFLICT::RNA feature xref gene does not exist
prokka_VFCIXIUS/VFCIXIUS:tRNA	Gly	VFCIXIUS:137118-137188	VFCIXIUS_00170

DiscRep_SUB:FEATURE_LOCATION_CONFLICT::RNA feature xref gene does not exist
prokka_VFCIXIUS/VFCIXIUS:tRNA	Thr	VFCIXIUS:137193-137266	VFCIXIUS_00171

DiscRep_ALL:RNA_CDS_OVERLAP::2 coding regions overlap RNA features
DiscRep_SUB:RNA_CDS_OVERLAP::2 coding regions overlap RNAs (no containment)
DiscRep_SUB:RNA_CDS_OVERLAP::2 coding regions overlap RNAs on the opposite strand (no containment)
prokka_VFCIXIUS/VFCIXIUS:CDS	5-methyltetrahydropteroyltriglutamate--homocysteine methyltransferase	VFCIXIUS:34769-37000	VFCIXIUS_00038
prokka_VFCIXIUS/VFCIXIUS:tmRNA	transfer-messenger RNA, SsrA	VFCIXIUS:c37249-36928	VFCIXIUS_00039
prokka_VFCIXIUS/VFCIXIUS:CDS	hypothetical protein	VFCIXIUS:37242-37979	VFCIXIUS_00040
prokka_VFCIXIUS/VFCIXIUS:tmRNA	transfer-messenger RNA, SsrA	VFCIXIUS:c37249-36928	VFCIXIUS_00039

DiscRep_ALL:DISC_QUALITY_SCORES::Quality scores are missing on all sequences.

DiscRep_ALL:ONCALLER_COMMENT_PRESENT::1 comment descriptors were found (all same)
prokka_VFCIXIUS/VFCIXIUS:VFCIXIUS:Annotated using prokka 1.14.6 from https://github.com/tseemann/prokka

DiscRep_ALL:SHORT_PROT_SEQUENCES::4 protein sequences are shorter than 50 aa.
prokka_VFCIXIUS/VFCIXIUS:VFCIXIUS_26 (length 31)
prokka_VFCIXIUS/VFCIXIUS:VFCIXIUS_96 (length 44)
prokka_VFCIXIUS/VFCIXIUS:VFCIXIUS_123 (length 47)
prokka_VFCIXIUS/VFCIXIUS:VFCIXIUS_135 (length 37)

DiscRep_ALL:MISSING_GENOMEASSEMBLY_COMMENTS::1 bioseqs are missing GenomeAssembly structured comments
prokka_VFCIXIUS/VFCIXIUS:VFCIXIUS (length 137277)

DiscRep_ALL:MOLTYPE_NOT_MRNA::1 molecule types are not set as mRNA.
prokka_VFCIXIUS/VFCIXIUS:VFCIXIUS (length 137277)

DiscRep_ALL:TECHNIQUE_NOT_TSA::1 technique are not set as TSA
prokka_VFCIXIUS/VFCIXIUS:VFCIXIUS (length 137277)

DiscRep_ALL:MISSING_STRUCTURED_COMMENT::1 sequences do not include structured comments.
prokka_VFCIXIUS/VFCIXIUS:VFCIXIUS (length 137277)

DiscRep_ALL:MISSING_PROJECT::143 sequences do not include project.
prokka_VFCIXIUS/VFCIXIUS:VFCIXIUS (length 137277)
prokka_VFCIXIUS/VFCIXIUS:VFCIXIUS_1 (length 395)
prokka_VFCIXIUS/VFCIXIUS:VFCIXIUS_2 (length 136)
prokka_VFCIXIUS/VFCIXIUS:VFCIXIUS_3 (length 220)
prokka_VFCIXIUS/VFCIXIUS:VFCIXIUS_4 (length 154)
prokka_VFCIXIUS/VFCIXIUS:VFCIXIUS_5 (length 131)
prokka_VFCIXIUS/VFCIXIUS:VFCIXIUS_6 (length 1180)
prokka_VFCIXIUS/VFCIXIUS:VFCIXIUS_7 (length 1295)
prokka_VFCIXIUS/VFCIXIUS:VFCIXIUS_8 (length 131)
prokka_VFCIXIUS/VFCIXIUS:VFCIXIUS_9 (length 167)
prokka_VFCIXIUS/VFCIXIUS:VFCIXIUS_10 (length 687)
prokka_VFCIXIUS/VFCIXIUS:VFCIXIUS_11 (length 104)
prokka_VFCIXIUS/VFCIXIUS:VFCIXIUS_12 (length 68)
prokka_VFCIXIUS/VFCIXIUS:VFCIXIUS_13 (length 141)
prokka_VFCIXIUS/VFCIXIUS:VFCIXIUS_14 (length 283)
prokka_VFCIXIUS/VFCIXIUS:VFCIXIUS_15 (length 363)
prokka_VFCIXIUS/VFCIXIUS:VFCIXIUS_16 (length 163)
prokka_VFCIXIUS/VFCIXIUS:VFCIXIUS_17 (length 375)
prokka_VFCIXIUS/VFCIXIUS:VFCIXIUS_18 (length 129)
prokka_VFCIXIUS/VFCIXIUS:VFCIXIUS_19 (length 95)
prokka_VFCIXIUS/VFCIXIUS:VFCIXIUS_20 (length 277)
prokka_VFCIXIUS/VFCIXIUS:VFCIXIUS_21 (length 225)
prokka_VFCIXIUS/VFCIXIUS:VFCIXIUS_22 (length 475)
prokka_VFCIXIUS/VFCIXIUS:VFCIXIUS_23 (length 302)
prokka_VFCIXIUS/VFCIXIUS:VFCIXIUS_24 (length 181)
prokka_VFCIXIUS/VFCIXIUS:VFCIXIUS_25 (length 186)
prokka_VFCIXIUS/VFCIXIUS:VFCIXIUS_26 (length 31)
prokka_VFCIXIUS/VFCIXIUS:VFCIXIUS_27 (length 392)
prokka_VFCIXIUS/VFCIXIUS:VFCIXIUS_28 (length 449)
prokka_VFCIXIUS/VFCIXIUS:VFCIXIUS_29 (length 307)
prokka_VFCIXIUS/VFCIXIUS:VFCIXIUS_30 (length 303)
prokka_VFCIXIUS/VFCIXIUS:VFCIXIUS_31 (length 328)
prokka_VFCIXIUS/VFCIXIUS:VFCIXIUS_32 (length 385)
prokka_VFCIXIUS/VFCIXIUS:VFCIXIUS_33 (length 56)
prokka_VFCIXIUS/VFCIXIUS:VFCIXIUS_34 (length 743)
prokka_VFCIXIUS/VFCIXIUS:VFCIXIUS_35 (length 245)
prokka_VFCIXIUS/VFCIXIUS:VFCIXIUS_36 (length 370)
prokka_VFCIXIUS/VFCIXIUS:VFCIXIUS_37 (length 243)
prokka_VFCIXIUS/VFCIXIUS:VFCIXIUS_38 (length 248)
prokka_VFCIXIUS/VFCIXIUS:VFCIXIUS_39 (length 299)
prokka_VFCIXIUS/VFCIXIUS:VFCIXIUS_40 (length 186)
prokka_VFCIXIUS/VFCIXIUS:VFCIXIUS_41 (length 438)
prokka_VFCIXIUS/VFCIXIUS:VFCIXIUS_42 (length 503)
prokka_VFCIXIUS/VFCIXIUS:VFCIXIUS_43 (length 462)
prokka_VFCIXIUS/VFCIXIUS:VFCIXIUS_44 (length 330)
prokka_VFCIXIUS/VFCIXIUS:VFCIXIUS_45 (length 444)
prokka_VFCIXIUS/VFCIXIUS:VFCIXIUS_46 (length 317)
prokka_VFCIXIUS/VFCIXIUS:VFCIXIUS_47 (length 443)
prokka_VFCIXIUS/VFCIXIUS:VFCIXIUS_48 (length 1010)
prokka_VFCIXIUS/VFCIXIUS:VFCIXIUS_49 (length 53)
prokka_VFCIXIUS/VFCIXIUS:VFCIXIUS_50 (length 258)
prokka_VFCIXIUS/VFCIXIUS:VFCIXIUS_51 (length 89)
prokka_VFCIXIUS/VFCIXIUS:VFCIXIUS_52 (length 347)
prokka_VFCIXIUS/VFCIXIUS:VFCIXIUS_53 (length 214)
prokka_VFCIXIUS/VFCIXIUS:VFCIXIUS_54 (length 387)
prokka_VFCIXIUS/VFCIXIUS:VFCIXIUS_55 (length 257)
prokka_VFCIXIUS/VFCIXIUS:VFCIXIUS_56 (length 75)
prokka_VFCIXIUS/VFCIXIUS:VFCIXIUS_57 (length 204)
prokka_VFCIXIUS/VFCIXIUS:VFCIXIUS_58 (length 345)
prokka_VFCIXIUS/VFCIXIUS:VFCIXIUS_59 (length 1057)
prokka_VFCIXIUS/VFCIXIUS:VFCIXIUS_60 (length 186)
prokka_VFCIXIUS/VFCIXIUS:VFCIXIUS_61 (length 182)
prokka_VFCIXIUS/VFCIXIUS:VFCIXIUS_62 (length 275)
prokka_VFCIXIUS/VFCIXIUS:VFCIXIUS_63 (length 367)
prokka_VFCIXIUS/VFCIXIUS:VFCIXIUS_64 (length 385)
prokka_VFCIXIUS/VFCIXIUS:VFCIXIUS_65 (length 196)
prokka_VFCIXIUS/VFCIXIUS:VFCIXIUS_66 (length 421)
prokka_VFCIXIUS/VFCIXIUS:VFCIXIUS_67 (length 350)
prokka_VFCIXIUS/VFCIXIUS:VFCIXIUS_68 (length 190)
prokka_VFCIXIUS/VFCIXIUS:VFCIXIUS_69 (length 203)
prokka_VFCIXIUS/VFCIXIUS:VFCIXIUS_70 (length 243)
prokka_VFCIXIUS/VFCIXIUS:VFCIXIUS_71 (length 255)
prokka_VFCIXIUS/VFCIXIUS:VFCIXIUS_72 (length 105)
prokka_VFCIXIUS/VFCIXIUS:VFCIXIUS_73 (length 299)
prokka_VFCIXIUS/VFCIXIUS:VFCIXIUS_74 (length 120)
prokka_VFCIXIUS/VFCIXIUS:VFCIXIUS_75 (length 62)
prokka_VFCIXIUS/VFCIXIUS:VFCIXIUS_76 (length 153)
prokka_VFCIXIUS/VFCIXIUS:VFCIXIUS_77 (length 352)
prokka_VFCIXIUS/VFCIXIUS:VFCIXIUS_78 (length 130)
prokka_VFCIXIUS/VFCIXIUS:VFCIXIUS_79 (length 167)
prokka_VFCIXIUS/VFCIXIUS:VFCIXIUS_80 (length 217)
prokka_VFCIXIUS/VFCIXIUS:VFCIXIUS_81 (length 220)
prokka_VFCIXIUS/VFCIXIUS:VFCIXIUS_82 (length 381)
prokka_VFCIXIUS/VFCIXIUS:VFCIXIUS_83 (length 238)
prokka_VFCIXIUS/VFCIXIUS:VFCIXIUS_84 (length 360)
prokka_VFCIXIUS/VFCIXIUS:VFCIXIUS_85 (length 447)
prokka_VFCIXIUS/VFCIXIUS:VFCIXIUS_86 (length 393)
prokka_VFCIXIUS/VFCIXIUS:VFCIXIUS_87 (length 423)
prokka_VFCIXIUS/VFCIXIUS:VFCIXIUS_88 (length 373)
prokka_VFCIXIUS/VFCIXIUS:VFCIXIUS_89 (length 75)
prokka_VFCIXIUS/VFCIXIUS:VFCIXIUS_90 (length 446)
prokka_VFCIXIUS/VFCIXIUS:VFCIXIUS_91 (length 601)
prokka_VFCIXIUS/VFCIXIUS:VFCIXIUS_92 (length 86)
prokka_VFCIXIUS/VFCIXIUS:VFCIXIUS_93 (length 531)
prokka_VFCIXIUS/VFCIXIUS:VFCIXIUS_94 (length 433)
prokka_VFCIXIUS/VFCIXIUS:VFCIXIUS_95 (length 394)
prokka_VFCIXIUS/VFCIXIUS:VFCIXIUS_96 (length 44)
prokka_VFCIXIUS/VFCIXIUS:VFCIXIUS_97 (length 217)
prokka_VFCIXIUS/VFCIXIUS:VFCIXIUS_98 (length 355)
prokka_VFCIXIUS/VFCIXIUS:VFCIXIUS_99 (length 647)
prokka_VFCIXIUS/VFCIXIUS:VFCIXIUS_100 (length 98)
prokka_VFCIXIUS/VFCIXIUS:VFCIXIUS_101 (length 339)
prokka_VFCIXIUS/VFCIXIUS:VFCIXIUS_102 (length 335)
prokka_VFCIXIUS/VFCIXIUS:VFCIXIUS_103 (length 240)
prokka_VFCIXIUS/VFCIXIUS:VFCIXIUS_104 (length 754)
prokka_VFCIXIUS/VFCIXIUS:VFCIXIUS_105 (length 208)
prokka_VFCIXIUS/VFCIXIUS:VFCIXIUS_106 (length 675)
prokka_VFCIXIUS/VFCIXIUS:VFCIXIUS_107 (length 144)
prokka_VFCIXIUS/VFCIXIUS:VFCIXIUS_108 (length 374)
prokka_VFCIXIUS/VFCIXIUS:VFCIXIUS_109 (length 262)
prokka_VFCIXIUS/VFCIXIUS:VFCIXIUS_110 (length 79)
prokka_VFCIXIUS/VFCIXIUS:VFCIXIUS_111 (length 107)
prokka_VFCIXIUS/VFCIXIUS:VFCIXIUS_112 (length 233)
prokka_VFCIXIUS/VFCIXIUS:VFCIXIUS_113 (length 410)
prokka_VFCIXIUS/VFCIXIUS:VFCIXIUS_114 (length 84)
prokka_VFCIXIUS/VFCIXIUS:VFCIXIUS_115 (length 181)
prokka_VFCIXIUS/VFCIXIUS:VFCIXIUS_116 (length 189)
prokka_VFCIXIUS/VFCIXIUS:VFCIXIUS_117 (length 76)
prokka_VFCIXIUS/VFCIXIUS:VFCIXIUS_118 (length 276)
prokka_VFCIXIUS/VFCIXIUS:VFCIXIUS_119 (length 94)
prokka_VFCIXIUS/VFCIXIUS:VFCIXIUS_120 (length 114)
prokka_VFCIXIUS/VFCIXIUS:VFCIXIUS_121 (length 203)
prokka_VFCIXIUS/VFCIXIUS:VFCIXIUS_122 (length 134)
prokka_VFCIXIUS/VFCIXIUS:VFCIXIUS_123 (length 47)
prokka_VFCIXIUS/VFCIXIUS:VFCIXIUS_124 (length 77)
prokka_VFCIXIUS/VFCIXIUS:VFCIXIUS_125 (length 126)
prokka_VFCIXIUS/VFCIXIUS:VFCIXIUS_126 (length 50)
prokka_VFCIXIUS/VFCIXIUS:VFCIXIUS_127 (length 184)
prokka_VFCIXIUS/VFCIXIUS:VFCIXIUS_128 (length 96)
prokka_VFCIXIUS/VFCIXIUS:VFCIXIUS_129 (length 129)
prokka_VFCIXIUS/VFCIXIUS:VFCIXIUS_130 (length 191)
prokka_VFCIXIUS/VFCIXIUS:VFCIXIUS_131 (length 124)
prokka_VFCIXIUS/VFCIXIUS:VFCIXIUS_132 (length 143)
prokka_VFCIXIUS/VFCIXIUS:VFCIXIUS_133 (length 135)
prokka_VFCIXIUS/VFCIXIUS:VFCIXIUS_134 (length 76)
prokka_VFCIXIUS/VFCIXIUS:VFCIXIUS_135 (length 37)
prokka_VFCIXIUS/VFCIXIUS:VFCIXIUS_136 (length 121)
prokka_VFCIXIUS/VFCIXIUS:VFCIXIUS_137 (length 117)
prokka_VFCIXIUS/VFCIXIUS:VFCIXIUS_138 (length 183)
prokka_VFCIXIUS/VFCIXIUS:VFCIXIUS_139 (length 303)
prokka_VFCIXIUS/VFCIXIUS:VFCIXIUS_140 (length 114)
prokka_VFCIXIUS/VFCIXIUS:VFCIXIUS_141 (length 404)
prokka_VFCIXIUS/VFCIXIUS:VFCIXIUS_142 (length 159)

DiscRep_ALL:DISC_INCONSISTENT_MOLINFO_TECH::Molinfo Technique Report (some missing, all same)
DiscRep_SUB:DISC_INCONSISTENT_MOLINFO_TECH::technique (all missing)
DiscRep_SUB:DISC_INCONSISTENT_MOLINFO_TECH::1 Molinfos are missing field technique
prokka_VFCIXIUS/VFCIXIUS:VFCIXIUS (length 137277)

