Discrepancy Report Results

Summary
DISC_SOURCE_QUALS_ASNDISC:strain (all present, all unique)
DISC_SOURCE_QUALS_ASNDISC:taxname (all present, all unique)
DISC_FEATURE_COUNT:gene: 185 present
DISC_FEATURE_COUNT:CDS: 154 present
DISC_FEATURE_COUNT:tRNA: 28 present
DISC_FEATURE_COUNT:rRNA: 2 present
DISC_FEATURE_COUNT:tmRNA: 1 present
DISC_COUNT_NUCLEOTIDES:1 nucleotide Bioseqs are present
OVERLAPPING_GENES:122 genes overlap another gene on the same strand.
FATAL: RNA_CDS_OVERLAP:15 coding regions overlap RNA features
DISC_QUALITY_SCORES:Quality scores are missing on all sequences.
ONCALLER_COMMENT_PRESENT:1 comment descriptors were found (all same)
SHORT_PROT_SEQUENCES:6 protein sequences are shorter than 50 aa.
MISSING_GENOMEASSEMBLY_COMMENTS:1 bioseqs are missing GenomeAssembly structured comments
FIND_OVERLAPPED_GENES:1 genes completely overlapped by other genes
MOLTYPE_NOT_MRNA:1 molecule types are not set as mRNA.
TECHNIQUE_NOT_TSA:1 technique are not set as TSA
MISSING_STRUCTURED_COMMENT:1 sequences do not include structured comments.
MISSING_PROJECT:155 sequences do not include project.
DISC_INCONSISTENT_MOLINFO_TECH:Molinfo Technique Report (some missing, all same)


Detailed Report

DiscRep_ALL:DISC_SOURCE_QUALS_ASNDISC::strain (all present, all unique)
DiscRep_SUB:DISC_SOURCE_QUALS_ASNDISC::1 sources have unique values for strain
DiscRep_ALL:DISC_SOURCE_QUALS_ASNDISC::taxname (all present, all unique)
DiscRep_SUB:DISC_SOURCE_QUALS_ASNDISC::1 sources have unique values for taxname
DiscRep_ALL:DISC_FEATURE_COUNT::gene: 185 present
DiscRep_ALL:DISC_FEATURE_COUNT::CDS: 154 present
DiscRep_ALL:DISC_FEATURE_COUNT::tRNA: 28 present
DiscRep_ALL:DISC_FEATURE_COUNT::rRNA: 2 present
DiscRep_ALL:DISC_FEATURE_COUNT::tmRNA: 1 present
DiscRep_ALL:DISC_COUNT_NUCLEOTIDES::1 nucleotide Bioseqs are present
prokka_VFCIXNER_pseudofinder/VFCIXNER:Prokka:VFCIXNER_1 (length 136288)

DiscRep_ALL:OVERLAPPING_GENES::122 genes overlap another gene on the same strand.
prokka_VFCIXNER_pseudofinder/VFCIXNER:Gene	rplK	VFCIXNER_1:1270-1680	VFCIXNER_00003
prokka_VFCIXNER_pseudofinder/VFCIXNER:Gene	VFCIXNER_00004	VFCIXNER_1:1670-2302	VFCIXNER_00004
prokka_VFCIXNER_pseudofinder/VFCIXNER:Gene	VFCIXNER_00005	VFCIXNER_1:2289-2750	VFCIXNER_00005
prokka_VFCIXNER_pseudofinder/VFCIXNER:Gene	rplL	VFCIXNER_1:2737-3117	VFCIXNER_00006
prokka_VFCIXNER_pseudofinder/VFCIXNER:Gene	rpoC	VFCIXNER_1:6677-10561	VFCIXNER_00008
prokka_VFCIXNER_pseudofinder/VFCIXNER:Gene	rpsL	VFCIXNER_1:10527-10913	VFCIXNER_00009
prokka_VFCIXNER_pseudofinder/VFCIXNER:Gene	rpsG	VFCIXNER_1:10910-11383	VFCIXNER_00010
prokka_VFCIXNER_pseudofinder/VFCIXNER:Gene	fusA	VFCIXNER_1:11383-13455	VFCIXNER_00011
prokka_VFCIXNER_pseudofinder/VFCIXNER:Gene	VFCIXNER_00012	VFCIXNER_1:13442-13765	VFCIXNER_00012
prokka_VFCIXNER_pseudofinder/VFCIXNER:Gene	def1	VFCIXNER_1:14012-14434	VFCIXNER_00014
prokka_VFCIXNER_pseudofinder/VFCIXNER:Gene	fmt	VFCIXNER_1:14424-15305	VFCIXNER_00015
prokka_VFCIXNER_pseudofinder/VFCIXNER:Gene	rsmA	VFCIXNER_1:c17985-17485	VFCIXNER_00019
prokka_VFCIXNER_pseudofinder/VFCIXNER:Gene	VFCIXNER_00020	VFCIXNER_1:c19069-17975	VFCIXNER_00020
prokka_VFCIXNER_pseudofinder/VFCIXNER:Gene	rpsI	VFCIXNER_1:c19561-19172	VFCIXNER_00021
prokka_VFCIXNER_pseudofinder/VFCIXNER:Gene	VFCIXNER_00022	VFCIXNER_1:c19866-19558	VFCIXNER_00022
prokka_VFCIXNER_pseudofinder/VFCIXNER:Gene	dapF	VFCIXNER_1:c20686-19850	VFCIXNER_00023
prokka_VFCIXNER_pseudofinder/VFCIXNER:Gene	prs	VFCIXNER_1:23162-24073	VFCIXNER_00027
prokka_VFCIXNER_pseudofinder/VFCIXNER:Gene	VFCIXNER_00028	VFCIXNER_1:24070-24606	VFCIXNER_00028
prokka_VFCIXNER_pseudofinder/VFCIXNER:Gene	lysS	VFCIXNER_1:c28062-26713	VFCIXNER_00031
prokka_VFCIXNER_pseudofinder/VFCIXNER:Gene	prfB	VFCIXNER_1:c28984-28052	VFCIXNER_00032
prokka_VFCIXNER_pseudofinder/VFCIXNER:Gene	dapA	VFCIXNER_1:c29870-28947	VFCIXNER_00033
prokka_VFCIXNER_pseudofinder/VFCIXNER:Gene	lysC	VFCIXNER_1:30817-31959	VFCIXNER_00035
prokka_VFCIXNER_pseudofinder/VFCIXNER:Gene	VFCIXNER_00036	VFCIXNER_1:31950-32038	VFCIXNER_00036
prokka_VFCIXNER_pseudofinder/VFCIXNER:Gene	VFCIXNER_00040	VFCIXNER_1:c34366-34277	VFCIXNER_00040
prokka_VFCIXNER_pseudofinder/VFCIXNER:Gene	VFCIXNER_00041	VFCIXNER_1:c34521-34363	VFCIXNER_00041
prokka_VFCIXNER_pseudofinder/VFCIXNER:Gene	VFCIXNER_00044	VFCIXNER_1:37028-37756	VFCIXNER_00044
prokka_VFCIXNER_pseudofinder/VFCIXNER:Gene	metC	VFCIXNER_1:37753-38853	VFCIXNER_00045
prokka_VFCIXNER_pseudofinder/VFCIXNER:Gene	prfA	VFCIXNER_1:c39559-38831	VFCIXNER_00046
prokka_VFCIXNER_pseudofinder/VFCIXNER:Gene	trpC	VFCIXNER_1:c40293-39556	VFCIXNER_00047
prokka_VFCIXNER_pseudofinder/VFCIXNER:Gene	trpD	VFCIXNER_1:c41176-40286	VFCIXNER_00048
prokka_VFCIXNER_pseudofinder/VFCIXNER:Gene	pabA	VFCIXNER_1:c41785-41216	VFCIXNER_00049
prokka_VFCIXNER_pseudofinder/VFCIXNER:Gene	menF	VFCIXNER_1:c43070-41766	VFCIXNER_00050
prokka_VFCIXNER_pseudofinder/VFCIXNER:Gene	metG	VFCIXNER_1:c44586-43060	VFCIXNER_00051
prokka_VFCIXNER_pseudofinder/VFCIXNER:Gene	argH	VFCIXNER_1:c45971-44583	VFCIXNER_00052
prokka_VFCIXNER_pseudofinder/VFCIXNER:Gene	VFCIXNER_00054	VFCIXNER_1:c48536-47214	VFCIXNER_00054
prokka_VFCIXNER_pseudofinder/VFCIXNER:Gene	thrB	VFCIXNER_1:c49473-48520	VFCIXNER_00055
prokka_VFCIXNER_pseudofinder/VFCIXNER:Gene	dnaE1	VFCIXNER_1:51115-54111	VFCIXNER_00057
prokka_VFCIXNER_pseudofinder/VFCIXNER:Gene	VFCIXNER_00058	VFCIXNER_1:54086-54256	VFCIXNER_00058
prokka_VFCIXNER_pseudofinder/VFCIXNER:Gene	metF	VFCIXNER_1:54348-55232	VFCIXNER_00060
prokka_VFCIXNER_pseudofinder/VFCIXNER:Gene	VFCIXNER_00061	VFCIXNER_1:54350-54439	VFCIXNER_00061
prokka_VFCIXNER_pseudofinder/VFCIXNER:Gene	VFCIXNER_00062	VFCIXNER_1:55219-55488	VFCIXNER_00062
prokka_VFCIXNER_pseudofinder/VFCIXNER:Gene	asd	VFCIXNER_1:55687-56736	VFCIXNER_00063
prokka_VFCIXNER_pseudofinder/VFCIXNER:Gene	trpF	VFCIXNER_1:56720-57364	VFCIXNER_00064
prokka_VFCIXNER_pseudofinder/VFCIXNER:Gene	trpB	VFCIXNER_1:57351-58511	VFCIXNER_00065
prokka_VFCIXNER_pseudofinder/VFCIXNER:Gene	trpA	VFCIXNER_1:58501-59283	VFCIXNER_00066
prokka_VFCIXNER_pseudofinder/VFCIXNER:Gene	VFCIXNER_00067	VFCIXNER_1:59231-59458	VFCIXNER_00067
prokka_VFCIXNER_pseudofinder/VFCIXNER:Gene	VFCIXNER_00068	VFCIXNER_1:59436-59699	VFCIXNER_00068
prokka_VFCIXNER_pseudofinder/VFCIXNER:Gene	rluA	VFCIXNER_1:59735-60355	VFCIXNER_00070
prokka_VFCIXNER_pseudofinder/VFCIXNER:Gene	VFCIXNER_00071	VFCIXNER_1:60342-60482	VFCIXNER_00071
prokka_VFCIXNER_pseudofinder/VFCIXNER:Gene	VFCIXNER_00073	VFCIXNER_1:c60625-60552	VFCIXNER_00073
prokka_VFCIXNER_pseudofinder/VFCIXNER:Gene	dnaQ	VFCIXNER_1:c61188-60610	VFCIXNER_00074
prokka_VFCIXNER_pseudofinder/VFCIXNER:Gene	carA	VFCIXNER_1:61314-62285	VFCIXNER_00075
prokka_VFCIXNER_pseudofinder/VFCIXNER:Gene	carB	VFCIXNER_1:62272-65421	VFCIXNER_00076
prokka_VFCIXNER_pseudofinder/VFCIXNER:Gene	rlmE	VFCIXNER_1:65396-65968	VFCIXNER_00077
prokka_VFCIXNER_pseudofinder/VFCIXNER:Gene	clpP	VFCIXNER_1:65955-66503	VFCIXNER_00078
prokka_VFCIXNER_pseudofinder/VFCIXNER:Gene	clpX	VFCIXNER_1:66500-67675	VFCIXNER_00079
prokka_VFCIXNER_pseudofinder/VFCIXNER:Gene	VFCIXNER_00080	VFCIXNER_1:67665-67738	VFCIXNER_00080
prokka_VFCIXNER_pseudofinder/VFCIXNER:Gene	VFCIXNER_00081	VFCIXNER_1:67747-68598	VFCIXNER_00081
prokka_VFCIXNER_pseudofinder/VFCIXNER:Gene	ruvB	VFCIXNER_1:68595-69695	VFCIXNER_00082
prokka_VFCIXNER_pseudofinder/VFCIXNER:Gene	der	VFCIXNER_1:69682-70839	VFCIXNER_00083
prokka_VFCIXNER_pseudofinder/VFCIXNER:Gene	hisG	VFCIXNER_1:71017-71604	VFCIXNER_00086
prokka_VFCIXNER_pseudofinder/VFCIXNER:Gene	hisD	VFCIXNER_1:71601-72890	VFCIXNER_00087
prokka_VFCIXNER_pseudofinder/VFCIXNER:Gene	hisC	VFCIXNER_1:72859-73935	VFCIXNER_00088
prokka_VFCIXNER_pseudofinder/VFCIXNER:Gene	hisB	VFCIXNER_1:73932-74504	VFCIXNER_00089
prokka_VFCIXNER_pseudofinder/VFCIXNER:Gene	hisH	VFCIXNER_1:74501-75106	VFCIXNER_00090
prokka_VFCIXNER_pseudofinder/VFCIXNER:Gene	hisA	VFCIXNER_1:75094-75828	VFCIXNER_00091
prokka_VFCIXNER_pseudofinder/VFCIXNER:Gene	hisF	VFCIXNER_1:75818-76591	VFCIXNER_00092
prokka_VFCIXNER_pseudofinder/VFCIXNER:Gene	hisI_2	VFCIXNER_1:76926-77246	VFCIXNER_00094
prokka_VFCIXNER_pseudofinder/VFCIXNER:Gene	VFCIXNER_00095	VFCIXNER_1:77237-77308	VFCIXNER_00095
prokka_VFCIXNER_pseudofinder/VFCIXNER:Gene	VFCIXNER_00098	VFCIXNER_1:c78417-78343	VFCIXNER_00098
prokka_VFCIXNER_pseudofinder/VFCIXNER:Gene	rplT	VFCIXNER_1:c78789-78415	VFCIXNER_00099
prokka_VFCIXNER_pseudofinder/VFCIXNER:Gene	VFCIXNER_00100	VFCIXNER_1:c79009-78782	VFCIXNER_00100
prokka_VFCIXNER_pseudofinder/VFCIXNER:Gene	infC	VFCIXNER_1:c79433-78972	VFCIXNER_00101
prokka_VFCIXNER_pseudofinder/VFCIXNER:Gene	VFCIXNER_00108	VFCIXNER_1:c81807-81301	VFCIXNER_00108
prokka_VFCIXNER_pseudofinder/VFCIXNER:Gene	VFCIXNER_00109	VFCIXNER_1:c82447-81800	VFCIXNER_00109
prokka_VFCIXNER_pseudofinder/VFCIXNER:Gene	rpsB	VFCIXNER_1:c83106-82444	VFCIXNER_00110
prokka_VFCIXNER_pseudofinder/VFCIXNER:Gene	rho	VFCIXNER_1:90578-91684	VFCIXNER_00118
prokka_VFCIXNER_pseudofinder/VFCIXNER:Gene	ykgM	VFCIXNER_1:91662-91883	VFCIXNER_00119
prokka_VFCIXNER_pseudofinder/VFCIXNER:Gene	VFCIXNER_00121	VFCIXNER_1:c92069-91998	VFCIXNER_00121
prokka_VFCIXNER_pseudofinder/VFCIXNER:Gene	gluQ	VFCIXNER_1:c93245-92055	VFCIXNER_00122
prokka_VFCIXNER_pseudofinder/VFCIXNER:Gene	mnmE	VFCIXNER_1:93248-94576	VFCIXNER_00123
prokka_VFCIXNER_pseudofinder/VFCIXNER:Gene	mnmG	VFCIXNER_1:94573-96381	VFCIXNER_00124
prokka_VFCIXNER_pseudofinder/VFCIXNER:Gene	VFCIXNER_00125	VFCIXNER_1:96451-96711	VFCIXNER_00125
prokka_VFCIXNER_pseudofinder/VFCIXNER:Gene	groL	VFCIXNER_1:96711-98300	VFCIXNER_00126
prokka_VFCIXNER_pseudofinder/VFCIXNER:Gene	aroA	VFCIXNER_1:98300-99598	VFCIXNER_00127
prokka_VFCIXNER_pseudofinder/VFCIXNER:Gene	dnaJ	VFCIXNER_1:c102609-101560	VFCIXNER_00132
prokka_VFCIXNER_pseudofinder/VFCIXNER:Gene	dnaK	VFCIXNER_1:c104545-102602	VFCIXNER_00133
prokka_VFCIXNER_pseudofinder/VFCIXNER:Gene	mnmA	VFCIXNER_1:c106866-105856	VFCIXNER_00135
prokka_VFCIXNER_pseudofinder/VFCIXNER:Gene	VFCIXNER_00136	VFCIXNER_1:c107596-106853	VFCIXNER_00136
prokka_VFCIXNER_pseudofinder/VFCIXNER:Gene	leuS	VFCIXNER_1:c109907-107583	VFCIXNER_00137
prokka_VFCIXNER_pseudofinder/VFCIXNER:Gene	dapB	VFCIXNER_1:c110542-109904	VFCIXNER_00138
prokka_VFCIXNER_pseudofinder/VFCIXNER:Gene	aroE	VFCIXNER_1:c112550-110529	VFCIXNER_00139
prokka_VFCIXNER_pseudofinder/VFCIXNER:Gene	VFCIXNER_00142	VFCIXNER_1:c114902-114120	VFCIXNER_00142
prokka_VFCIXNER_pseudofinder/VFCIXNER:Gene	rpmA	VFCIXNER_1:c115135-114902	VFCIXNER_00143
prokka_VFCIXNER_pseudofinder/VFCIXNER:Gene	VFCIXNER_00144	VFCIXNER_1:c115439-115128	VFCIXNER_00144
prokka_VFCIXNER_pseudofinder/VFCIXNER:Gene	rsmH	VFCIXNER_1:c116146-115439	VFCIXNER_00145
prokka_VFCIXNER_pseudofinder/VFCIXNER:Gene	rplC	VFCIXNER_1:122474-122983	VFCIXNER_00152
prokka_VFCIXNER_pseudofinder/VFCIXNER:Gene	VFCIXNER_00153	VFCIXNER_1:122976-123563	VFCIXNER_00153
prokka_VFCIXNER_pseudofinder/VFCIXNER:Gene	VFCIXNER_00154	VFCIXNER_1:123541-123771	VFCIXNER_00154
prokka_VFCIXNER_pseudofinder/VFCIXNER:Gene	rplB	VFCIXNER_1:123768-124592	VFCIXNER_00155
prokka_VFCIXNER_pseudofinder/VFCIXNER:Gene	rpsS	VFCIXNER_1:124582-124863	VFCIXNER_00156
prokka_VFCIXNER_pseudofinder/VFCIXNER:Gene	rplV	VFCIXNER_1:124866-125210	VFCIXNER_00157
prokka_VFCIXNER_pseudofinder/VFCIXNER:Gene	rpsC	VFCIXNER_1:125200-125811	VFCIXNER_00158
prokka_VFCIXNER_pseudofinder/VFCIXNER:Gene	rplP	VFCIXNER_1:125845-126249	VFCIXNER_00159
prokka_VFCIXNER_pseudofinder/VFCIXNER:Gene	VFCIXNER_00160	VFCIXNER_1:126239-126385	VFCIXNER_00160
prokka_VFCIXNER_pseudofinder/VFCIXNER:Gene	VFCIXNER_00161	VFCIXNER_1:126345-126575	VFCIXNER_00161
prokka_VFCIXNER_pseudofinder/VFCIXNER:Gene	rplN	VFCIXNER_1:126572-126952	VFCIXNER_00162
prokka_VFCIXNER_pseudofinder/VFCIXNER:Gene	VFCIXNER_00163	VFCIXNER_1:126959-127117	VFCIXNER_00163
prokka_VFCIXNER_pseudofinder/VFCIXNER:Gene	rplE	VFCIXNER_1:127117-127671	VFCIXNER_00164
prokka_VFCIXNER_pseudofinder/VFCIXNER:Gene	rpsH	VFCIXNER_1:127974-128363	VFCIXNER_00166
prokka_VFCIXNER_pseudofinder/VFCIXNER:Gene	rplF	VFCIXNER_1:128360-128959	VFCIXNER_00167
prokka_VFCIXNER_pseudofinder/VFCIXNER:Gene	VFCIXNER_00168	VFCIXNER_1:128960-129298	VFCIXNER_00168
prokka_VFCIXNER_pseudofinder/VFCIXNER:Gene	rpsE	VFCIXNER_1:129291-129734	VFCIXNER_00169
prokka_VFCIXNER_pseudofinder/VFCIXNER:Gene	VFCIXNER_00170	VFCIXNER_1:129712-130116	VFCIXNER_00170
prokka_VFCIXNER_pseudofinder/VFCIXNER:Gene	infA	VFCIXNER_1:130094-130318	VFCIXNER_00171
prokka_VFCIXNER_pseudofinder/VFCIXNER:Gene	VFCIXNER_00172	VFCIXNER_1:130322-130435	VFCIXNER_00172
prokka_VFCIXNER_pseudofinder/VFCIXNER:Gene	rpsM	VFCIXNER_1:130432-130794	VFCIXNER_00173
prokka_VFCIXNER_pseudofinder/VFCIXNER:Gene	rpsK	VFCIXNER_1:130784-131137	VFCIXNER_00174
prokka_VFCIXNER_pseudofinder/VFCIXNER:Gene	VFCIXNER_00175	VFCIXNER_1:131138-131695	VFCIXNER_00175
prokka_VFCIXNER_pseudofinder/VFCIXNER:Gene	rpoA	VFCIXNER_1:131692-132606	VFCIXNER_00176
prokka_VFCIXNER_pseudofinder/VFCIXNER:Gene	aroK	VFCIXNER_1:134331-134813	VFCIXNER_00180
prokka_VFCIXNER_pseudofinder/VFCIXNER:Gene	aroB	VFCIXNER_1:134810-135889	VFCIXNER_00181

FATAL: DiscRep_ALL:RNA_CDS_OVERLAP::15 coding regions overlap RNA features
FATAL: DiscRep_SUB:RNA_CDS_OVERLAP::1 coding regions are completely contained in RNAs
prokka_VFCIXNER_pseudofinder/VFCIXNER:CDS	hypothetical protein	VFCIXNER_1:117734-118000	VFCIXNER_00148
prokka_VFCIXNER_pseudofinder/VFCIXNER:rRNA	23S ribosomal RNA	VFCIXNER_1:c120363-117536	VFCIXNER_00147

FATAL: DiscRep_SUB:RNA_CDS_OVERLAP::1 coding  completely contly contain tRNAs
prokka_VFCIXNER_pseudofinder/VFCIXNER:CDS	5,10-methylenetetrahydrofolate reductase	VFCIXNER_1:54348-55232	VFCIXNER_00060
prokka_VFCIXNER_pseudofinder/VFCIXNER:tRNA	Ser	VFCIXNER_1:54350-54439	VFCIXNER_00061

DiscRep_SUB:RNA_CDS_OVERLAP::13 coding regions overlap RNAs (no containment)
DiscRep_SUB:RNA_CDS_OVERLAP::6 coding regions overlap RNAs on the same strand (no containment)
prokka_VFCIXNER_pseudofinder/VFCIXNER:CDS	Aspartokinase	VFCIXNER_1:30817-31959	VFCIXNER_00035
prokka_VFCIXNER_pseudofinder/VFCIXNER:tRNA	Ser	VFCIXNER_1:31950-32038	VFCIXNER_00036
prokka_VFCIXNER_pseudofinder/VFCIXNER:CDS	DNA polymerase III subunit epsilon	VFCIXNER_1:c61188-60610	VFCIXNER_00074
prokka_VFCIXNER_pseudofinder/VFCIXNER:tRNA	Gly	VFCIXNER_1:c60625-60552	VFCIXNER_00073
prokka_VFCIXNER_pseudofinder/VFCIXNER:CDS	ATP-dependent Clp protease ATP-binding subunit ClpX	VFCIXNER_1:66500-67675	VFCIXNER_00079
prokka_VFCIXNER_pseudofinder/VFCIXNER:tRNA	Val	VFCIXNER_1:67665-67738	VFCIXNER_00080
prokka_VFCIXNER_pseudofinder/VFCIXNER:CDS	Histidine biosynthesis bifunctional protein HisIE	VFCIXNER_1:76926-77246	VFCIXNER_00094
prokka_VFCIXNER_pseudofinder/VFCIXNER:tRNA	Thr	VFCIXNER_1:77237-77308	VFCIXNER_00095
prokka_VFCIXNER_pseudofinder/VFCIXNER:CDS	50S ribosomal protein L20	VFCIXNER_1:c78789-78415	VFCIXNER_00099
prokka_VFCIXNER_pseudofinder/VFCIXNER:tRNA	Lys	VFCIXNER_1:c78417-78343	VFCIXNER_00098
prokka_VFCIXNER_pseudofinder/VFCIXNER:CDS	Glutamyl-Q tRNA(Asp) synthetase	VFCIXNER_1:c93245-92055	VFCIXNER_00122
prokka_VFCIXNER_pseudofinder/VFCIXNER:tRNA	Glu	VFCIXNER_1:c92069-91998	VFCIXNER_00121

DiscRep_SUB:RNA_CDS_OVERLAP::7 coding regions overlap RNAs on the opposite strand (no containment)
prokka_VFCIXNER_pseudofinder/VFCIXNER:CDS	Isoleucine--tRNA ligase	VFCIXNER_1:c33775-32036	VFCIXNER_00037
prokka_VFCIXNER_pseudofinder/VFCIXNER:tRNA	Ser	VFCIXNER_1:31950-32038	VFCIXNER_00036
prokka_VFCIXNER_pseudofinder/VFCIXNER:CDS	hypothetical protein	VFCIXNER_1:c34366-34277	VFCIXNER_00040
prokka_VFCIXNER_pseudofinder/VFCIXNER:tRNA	Gly	VFCIXNER_1:34208-34278	VFCIXNER_00039
prokka_VFCIXNER_pseudofinder/VFCIXNER:CDS	5-methyltetrahydropteroyltriglutamate--homocysteine methyltransferase	VFCIXNER_1:34598-36820	VFCIXNER_00042
prokka_VFCIXNER_pseudofinder/VFCIXNER:tmRNA	transfer-messenger RNA, SsrA	VFCIXNER_1:c37035-36748	VFCIXNER_00043
prokka_VFCIXNER_pseudofinder/VFCIXNER:CDS	hypothetical protein	VFCIXNER_1:37028-37756	VFCIXNER_00044
prokka_VFCIXNER_pseudofinder/VFCIXNER:tmRNA	transfer-messenger RNA, SsrA	VFCIXNER_1:c37035-36748	VFCIXNER_00043
prokka_VFCIXNER_pseudofinder/VFCIXNER:CDS	hypothetical protein	VFCIXNER_1:59436-59699	VFCIXNER_00068
prokka_VFCIXNER_pseudofinder/VFCIXNER:tRNA	Asn	VFCIXNER_1:c59733-59660	VFCIXNER_00069
prokka_VFCIXNER_pseudofinder/VFCIXNER:CDS	hypothetical protein	VFCIXNER_1:60342-60482	VFCIXNER_00071
prokka_VFCIXNER_pseudofinder/VFCIXNER:tRNA	Cys	VFCIXNER_1:c60547-60473	VFCIXNER_00072
prokka_VFCIXNER_pseudofinder/VFCIXNER:CDS	3-dehydroquinate synthase	VFCIXNER_1:134810-135889	VFCIXNER_00181
prokka_VFCIXNER_pseudofinder/VFCIXNER:tRNA	Met	VFCIXNER_1:c135959-135887	VFCIXNER_00182

DiscRep_ALL:DISC_QUALITY_SCORES::Quality scores are missing on all sequences.

DiscRep_ALL:ONCALLER_COMMENT_PRESENT::1 comment descriptors were found (all same)
prokka_VFCIXNER_pseudofinder/VFCIXNER:Prokka:VFCIXNER_1:Annotated using prokka 1.14.6 from https://github.com/tseemann/prokka

DiscRep_ALL:SHORT_PROT_SEQUENCES::6 protein sequences are shorter than 50 aa.
prokka_VFCIXNER_pseudofinder/VFCIXNER:Prokka:VFCIXNER_00040 (length 29)
prokka_VFCIXNER_pseudofinder/VFCIXNER:Prokka:VFCIXNER_00071 (length 46)
prokka_VFCIXNER_pseudofinder/VFCIXNER:Prokka:VFCIXNER_00104 (length 38)
prokka_VFCIXNER_pseudofinder/VFCIXNER:Prokka:VFCIXNER_00130 (length 46)
prokka_VFCIXNER_pseudofinder/VFCIXNER:Prokka:VFCIXNER_00160 (length 48)
prokka_VFCIXNER_pseudofinder/VFCIXNER:Prokka:VFCIXNER_00172 (length 37)

DiscRep_ALL:MISSING_GENOMEASSEMBLY_COMMENTS::1 bioseqs are missing GenomeAssembly structured comments
prokka_VFCIXNER_pseudofinder/VFCIXNER:Prokka:VFCIXNER_1 (length 136288)

DiscRep_ALL:FIND_OVERLAPPED_GENES::1 genes completely overlapped by other genes
prokka_VFCIXNER_pseudofinder/VFCIXNER:Gene	VFCIXNER_00061	VFCIXNER_1:54350-54439	VFCIXNER_00061

DiscRep_ALL:MOLTYPE_NOT_MRNA::1 molecule types are not set as mRNA.
prokka_VFCIXNER_pseudofinder/VFCIXNER:Prokka:VFCIXNER_1 (length 136288)

DiscRep_ALL:TECHNIQUE_NOT_TSA::1 technique are not set as TSA
prokka_VFCIXNER_pseudofinder/VFCIXNER:Prokka:VFCIXNER_1 (length 136288)

DiscRep_ALL:MISSING_STRUCTURED_COMMENT::1 sequences do not include structured comments.
prokka_VFCIXNER_pseudofinder/VFCIXNER:Prokka:VFCIXNER_1 (length 136288)

DiscRep_ALL:MISSING_PROJECT::155 sequences do not include project.
prokka_VFCIXNER_pseudofinder/VFCIXNER:Prokka:VFCIXNER_1 (length 136288)
prokka_VFCIXNER_pseudofinder/VFCIXNER:Prokka:VFCIXNER_00001 (length 394)
prokka_VFCIXNER_pseudofinder/VFCIXNER:Prokka:VFCIXNER_00003 (length 136)
prokka_VFCIXNER_pseudofinder/VFCIXNER:Prokka:VFCIXNER_00004 (length 210)
prokka_VFCIXNER_pseudofinder/VFCIXNER:Prokka:VFCIXNER_00005 (length 153)
prokka_VFCIXNER_pseudofinder/VFCIXNER:Prokka:VFCIXNER_00006 (length 126)
prokka_VFCIXNER_pseudofinder/VFCIXNER:Prokka:VFCIXNER_00007 (length 1182)
prokka_VFCIXNER_pseudofinder/VFCIXNER:Prokka:VFCIXNER_00008 (length 1294)
prokka_VFCIXNER_pseudofinder/VFCIXNER:Prokka:VFCIXNER_00009 (length 128)
prokka_VFCIXNER_pseudofinder/VFCIXNER:Prokka:VFCIXNER_00010 (length 157)
prokka_VFCIXNER_pseudofinder/VFCIXNER:Prokka:VFCIXNER_00011 (length 690)
prokka_VFCIXNER_pseudofinder/VFCIXNER:Prokka:VFCIXNER_00012 (length 107)
prokka_VFCIXNER_pseudofinder/VFCIXNER:Prokka:VFCIXNER_00013 (length 68)
prokka_VFCIXNER_pseudofinder/VFCIXNER:Prokka:VFCIXNER_00014 (length 140)
prokka_VFCIXNER_pseudofinder/VFCIXNER:Prokka:VFCIXNER_00015 (length 293)
prokka_VFCIXNER_pseudofinder/VFCIXNER:Prokka:VFCIXNER_00017 (length 283)
prokka_VFCIXNER_pseudofinder/VFCIXNER:Prokka:VFCIXNER_00018 (length 377)
prokka_VFCIXNER_pseudofinder/VFCIXNER:Prokka:VFCIXNER_00019 (length 166)
prokka_VFCIXNER_pseudofinder/VFCIXNER:Prokka:VFCIXNER_00020 (length 364)
prokka_VFCIXNER_pseudofinder/VFCIXNER:Prokka:VFCIXNER_00021 (length 129)
prokka_VFCIXNER_pseudofinder/VFCIXNER:Prokka:VFCIXNER_00022 (length 102)
prokka_VFCIXNER_pseudofinder/VFCIXNER:Prokka:VFCIXNER_00023 (length 278)
prokka_VFCIXNER_pseudofinder/VFCIXNER:Prokka:VFCIXNER_00024 (length 242)
prokka_VFCIXNER_pseudofinder/VFCIXNER:Prokka:VFCIXNER_00025 (length 462)
prokka_VFCIXNER_pseudofinder/VFCIXNER:Prokka:VFCIXNER_00027 (length 303)
prokka_VFCIXNER_pseudofinder/VFCIXNER:Prokka:VFCIXNER_00028 (length 178)
prokka_VFCIXNER_pseudofinder/VFCIXNER:Prokka:VFCIXNER_00029 (length 211)
prokka_VFCIXNER_pseudofinder/VFCIXNER:Prokka:VFCIXNER_00030 (length 382)
prokka_VFCIXNER_pseudofinder/VFCIXNER:Prokka:VFCIXNER_00031 (length 449)
prokka_VFCIXNER_pseudofinder/VFCIXNER:Prokka:VFCIXNER_00032 (length 310)
prokka_VFCIXNER_pseudofinder/VFCIXNER:Prokka:VFCIXNER_00033 (length 307)
prokka_VFCIXNER_pseudofinder/VFCIXNER:Prokka:VFCIXNER_00034 (length 305)
prokka_VFCIXNER_pseudofinder/VFCIXNER:Prokka:VFCIXNER_00035 (length 380)
prokka_VFCIXNER_pseudofinder/VFCIXNER:Prokka:VFCIXNER_00037 (length 579)
prokka_VFCIXNER_pseudofinder/VFCIXNER:Prokka:VFCIXNER_00040 (length 29)
prokka_VFCIXNER_pseudofinder/VFCIXNER:Prokka:VFCIXNER_00041 (length 52)
prokka_VFCIXNER_pseudofinder/VFCIXNER:Prokka:VFCIXNER_00042 (length 740)
prokka_VFCIXNER_pseudofinder/VFCIXNER:Prokka:VFCIXNER_00044 (length 242)
prokka_VFCIXNER_pseudofinder/VFCIXNER:Prokka:VFCIXNER_00045 (length 366)
prokka_VFCIXNER_pseudofinder/VFCIXNER:Prokka:VFCIXNER_00046 (length 242)
prokka_VFCIXNER_pseudofinder/VFCIXNER:Prokka:VFCIXNER_00047 (length 245)
prokka_VFCIXNER_pseudofinder/VFCIXNER:Prokka:VFCIXNER_00048 (length 296)
prokka_VFCIXNER_pseudofinder/VFCIXNER:Prokka:VFCIXNER_00049 (length 189)
prokka_VFCIXNER_pseudofinder/VFCIXNER:Prokka:VFCIXNER_00050 (length 434)
prokka_VFCIXNER_pseudofinder/VFCIXNER:Prokka:VFCIXNER_00051 (length 508)
prokka_VFCIXNER_pseudofinder/VFCIXNER:Prokka:VFCIXNER_00052 (length 462)
prokka_VFCIXNER_pseudofinder/VFCIXNER:Prokka:VFCIXNER_00053 (length 332)
prokka_VFCIXNER_pseudofinder/VFCIXNER:Prokka:VFCIXNER_00054 (length 440)
prokka_VFCIXNER_pseudofinder/VFCIXNER:Prokka:VFCIXNER_00055 (length 317)
prokka_VFCIXNER_pseudofinder/VFCIXNER:Prokka:VFCIXNER_00056 (length 443)
prokka_VFCIXNER_pseudofinder/VFCIXNER:Prokka:VFCIXNER_00057 (length 998)
prokka_VFCIXNER_pseudofinder/VFCIXNER:Prokka:VFCIXNER_00058 (length 56)
prokka_VFCIXNER_pseudofinder/VFCIXNER:Prokka:VFCIXNER_00060 (length 294)
prokka_VFCIXNER_pseudofinder/VFCIXNER:Prokka:VFCIXNER_00062 (length 89)
prokka_VFCIXNER_pseudofinder/VFCIXNER:Prokka:VFCIXNER_00063 (length 349)
prokka_VFCIXNER_pseudofinder/VFCIXNER:Prokka:VFCIXNER_00064 (length 214)
prokka_VFCIXNER_pseudofinder/VFCIXNER:Prokka:VFCIXNER_00065 (length 386)
prokka_VFCIXNER_pseudofinder/VFCIXNER:Prokka:VFCIXNER_00066 (length 260)
prokka_VFCIXNER_pseudofinder/VFCIXNER:Prokka:VFCIXNER_00067 (length 75)
prokka_VFCIXNER_pseudofinder/VFCIXNER:Prokka:VFCIXNER_00068 (length 87)
prokka_VFCIXNER_pseudofinder/VFCIXNER:Prokka:VFCIXNER_00070 (length 206)
prokka_VFCIXNER_pseudofinder/VFCIXNER:Prokka:VFCIXNER_00071 (length 46)
prokka_VFCIXNER_pseudofinder/VFCIXNER:Prokka:VFCIXNER_00074 (length 192)
prokka_VFCIXNER_pseudofinder/VFCIXNER:Prokka:VFCIXNER_00075 (length 323)
prokka_VFCIXNER_pseudofinder/VFCIXNER:Prokka:VFCIXNER_00076 (length 1049)
prokka_VFCIXNER_pseudofinder/VFCIXNER:Prokka:VFCIXNER_00077 (length 190)
prokka_VFCIXNER_pseudofinder/VFCIXNER:Prokka:VFCIXNER_00078 (length 182)
prokka_VFCIXNER_pseudofinder/VFCIXNER:Prokka:VFCIXNER_00079 (length 391)
prokka_VFCIXNER_pseudofinder/VFCIXNER:Prokka:VFCIXNER_00081 (length 283)
prokka_VFCIXNER_pseudofinder/VFCIXNER:Prokka:VFCIXNER_00082 (length 366)
prokka_VFCIXNER_pseudofinder/VFCIXNER:Prokka:VFCIXNER_00083 (length 385)
prokka_VFCIXNER_pseudofinder/VFCIXNER:Prokka:VFCIXNER_00086 (length 195)
prokka_VFCIXNER_pseudofinder/VFCIXNER:Prokka:VFCIXNER_00087 (length 429)
prokka_VFCIXNER_pseudofinder/VFCIXNER:Prokka:VFCIXNER_00088 (length 358)
prokka_VFCIXNER_pseudofinder/VFCIXNER:Prokka:VFCIXNER_00089 (length 190)
prokka_VFCIXNER_pseudofinder/VFCIXNER:Prokka:VFCIXNER_00090 (length 201)
prokka_VFCIXNER_pseudofinder/VFCIXNER:Prokka:VFCIXNER_00091 (length 244)
prokka_VFCIXNER_pseudofinder/VFCIXNER:Prokka:VFCIXNER_00092 (length 257)
prokka_VFCIXNER_pseudofinder/VFCIXNER:Prokka:VFCIXNER_00093 (length 106)
prokka_VFCIXNER_pseudofinder/VFCIXNER:Prokka:VFCIXNER_00094 (length 106)
prokka_VFCIXNER_pseudofinder/VFCIXNER:Prokka:VFCIXNER_00097 (length 300)
prokka_VFCIXNER_pseudofinder/VFCIXNER:Prokka:VFCIXNER_00099 (length 124)
prokka_VFCIXNER_pseudofinder/VFCIXNER:Prokka:VFCIXNER_00100 (length 75)
prokka_VFCIXNER_pseudofinder/VFCIXNER:Prokka:VFCIXNER_00101 (length 153)
prokka_VFCIXNER_pseudofinder/VFCIXNER:Prokka:VFCIXNER_00102 (length 353)
prokka_VFCIXNER_pseudofinder/VFCIXNER:Prokka:VFCIXNER_00104 (length 38)
prokka_VFCIXNER_pseudofinder/VFCIXNER:Prokka:VFCIXNER_00107 (length 127)
prokka_VFCIXNER_pseudofinder/VFCIXNER:Prokka:VFCIXNER_00108 (length 168)
prokka_VFCIXNER_pseudofinder/VFCIXNER:Prokka:VFCIXNER_00109 (length 215)
prokka_VFCIXNER_pseudofinder/VFCIXNER:Prokka:VFCIXNER_00110 (length 220)
prokka_VFCIXNER_pseudofinder/VFCIXNER:Prokka:VFCIXNER_00111 (length 377)
prokka_VFCIXNER_pseudofinder/VFCIXNER:Prokka:VFCIXNER_00112 (length 238)
prokka_VFCIXNER_pseudofinder/VFCIXNER:Prokka:VFCIXNER_00113 (length 355)
prokka_VFCIXNER_pseudofinder/VFCIXNER:Prokka:VFCIXNER_00114 (length 450)
prokka_VFCIXNER_pseudofinder/VFCIXNER:Prokka:VFCIXNER_00115 (length 392)
prokka_VFCIXNER_pseudofinder/VFCIXNER:Prokka:VFCIXNER_00116 (length 419)
prokka_VFCIXNER_pseudofinder/VFCIXNER:Prokka:VFCIXNER_00117 (length 146)
prokka_VFCIXNER_pseudofinder/VFCIXNER:Prokka:VFCIXNER_00118 (length 368)
prokka_VFCIXNER_pseudofinder/VFCIXNER:Prokka:VFCIXNER_00119 (length 73)
prokka_VFCIXNER_pseudofinder/VFCIXNER:Prokka:VFCIXNER_00122 (length 396)
prokka_VFCIXNER_pseudofinder/VFCIXNER:Prokka:VFCIXNER_00123 (length 442)
prokka_VFCIXNER_pseudofinder/VFCIXNER:Prokka:VFCIXNER_00124 (length 602)
prokka_VFCIXNER_pseudofinder/VFCIXNER:Prokka:VFCIXNER_00125 (length 86)
prokka_VFCIXNER_pseudofinder/VFCIXNER:Prokka:VFCIXNER_00126 (length 529)
prokka_VFCIXNER_pseudofinder/VFCIXNER:Prokka:VFCIXNER_00127 (length 432)
prokka_VFCIXNER_pseudofinder/VFCIXNER:Prokka:VFCIXNER_00128 (length 88)
prokka_VFCIXNER_pseudofinder/VFCIXNER:Prokka:VFCIXNER_00129 (length 229)
prokka_VFCIXNER_pseudofinder/VFCIXNER:Prokka:VFCIXNER_00130 (length 46)
prokka_VFCIXNER_pseudofinder/VFCIXNER:Prokka:VFCIXNER_00131 (length 218)
prokka_VFCIXNER_pseudofinder/VFCIXNER:Prokka:VFCIXNER_00132 (length 349)
prokka_VFCIXNER_pseudofinder/VFCIXNER:Prokka:VFCIXNER_00133 (length 647)
prokka_VFCIXNER_pseudofinder/VFCIXNER:Prokka:VFCIXNER_00134 (length 338)
prokka_VFCIXNER_pseudofinder/VFCIXNER:Prokka:VFCIXNER_00135 (length 336)
prokka_VFCIXNER_pseudofinder/VFCIXNER:Prokka:VFCIXNER_00136 (length 247)
prokka_VFCIXNER_pseudofinder/VFCIXNER:Prokka:VFCIXNER_00137 (length 774)
prokka_VFCIXNER_pseudofinder/VFCIXNER:Prokka:VFCIXNER_00138 (length 212)
prokka_VFCIXNER_pseudofinder/VFCIXNER:Prokka:VFCIXNER_00139 (length 673)
prokka_VFCIXNER_pseudofinder/VFCIXNER:Prokka:VFCIXNER_00140 (length 145)
prokka_VFCIXNER_pseudofinder/VFCIXNER:Prokka:VFCIXNER_00141 (length 380)
prokka_VFCIXNER_pseudofinder/VFCIXNER:Prokka:VFCIXNER_00142 (length 260)
prokka_VFCIXNER_pseudofinder/VFCIXNER:Prokka:VFCIXNER_00143 (length 77)
prokka_VFCIXNER_pseudofinder/VFCIXNER:Prokka:VFCIXNER_00144 (length 103)
prokka_VFCIXNER_pseudofinder/VFCIXNER:Prokka:VFCIXNER_00145 (length 235)
prokka_VFCIXNER_pseudofinder/VFCIXNER:Prokka:VFCIXNER_00146 (length 407)
prokka_VFCIXNER_pseudofinder/VFCIXNER:Prokka:VFCIXNER_00148 (length 88)
prokka_VFCIXNER_pseudofinder/VFCIXNER:Prokka:VFCIXNER_00152 (length 169)
prokka_VFCIXNER_pseudofinder/VFCIXNER:Prokka:VFCIXNER_00153 (length 195)
prokka_VFCIXNER_pseudofinder/VFCIXNER:Prokka:VFCIXNER_00154 (length 76)
prokka_VFCIXNER_pseudofinder/VFCIXNER:Prokka:VFCIXNER_00155 (length 274)
prokka_VFCIXNER_pseudofinder/VFCIXNER:Prokka:VFCIXNER_00156 (length 93)
prokka_VFCIXNER_pseudofinder/VFCIXNER:Prokka:VFCIXNER_00157 (length 114)
prokka_VFCIXNER_pseudofinder/VFCIXNER:Prokka:VFCIXNER_00158 (length 203)
prokka_VFCIXNER_pseudofinder/VFCIXNER:Prokka:VFCIXNER_00159 (length 134)
prokka_VFCIXNER_pseudofinder/VFCIXNER:Prokka:VFCIXNER_00160 (length 48)
prokka_VFCIXNER_pseudofinder/VFCIXNER:Prokka:VFCIXNER_00161 (length 76)
prokka_VFCIXNER_pseudofinder/VFCIXNER:Prokka:VFCIXNER_00162 (length 126)
prokka_VFCIXNER_pseudofinder/VFCIXNER:Prokka:VFCIXNER_00163 (length 52)
prokka_VFCIXNER_pseudofinder/VFCIXNER:Prokka:VFCIXNER_00164 (length 184)
prokka_VFCIXNER_pseudofinder/VFCIXNER:Prokka:VFCIXNER_00165 (length 96)
prokka_VFCIXNER_pseudofinder/VFCIXNER:Prokka:VFCIXNER_00166 (length 129)
prokka_VFCIXNER_pseudofinder/VFCIXNER:Prokka:VFCIXNER_00167 (length 199)
prokka_VFCIXNER_pseudofinder/VFCIXNER:Prokka:VFCIXNER_00168 (length 112)
prokka_VFCIXNER_pseudofinder/VFCIXNER:Prokka:VFCIXNER_00169 (length 147)
prokka_VFCIXNER_pseudofinder/VFCIXNER:Prokka:VFCIXNER_00170 (length 134)
prokka_VFCIXNER_pseudofinder/VFCIXNER:Prokka:VFCIXNER_00171 (length 74)
prokka_VFCIXNER_pseudofinder/VFCIXNER:Prokka:VFCIXNER_00172 (length 37)
prokka_VFCIXNER_pseudofinder/VFCIXNER:Prokka:VFCIXNER_00173 (length 120)
prokka_VFCIXNER_pseudofinder/VFCIXNER:Prokka:VFCIXNER_00174 (length 117)
prokka_VFCIXNER_pseudofinder/VFCIXNER:Prokka:VFCIXNER_00175 (length 185)
prokka_VFCIXNER_pseudofinder/VFCIXNER:Prokka:VFCIXNER_00176 (length 304)
prokka_VFCIXNER_pseudofinder/VFCIXNER:Prokka:VFCIXNER_00177 (length 115)
prokka_VFCIXNER_pseudofinder/VFCIXNER:Prokka:VFCIXNER_00178 (length 54)
prokka_VFCIXNER_pseudofinder/VFCIXNER:Prokka:VFCIXNER_00179 (length 390)
prokka_VFCIXNER_pseudofinder/VFCIXNER:Prokka:VFCIXNER_00180 (length 160)
prokka_VFCIXNER_pseudofinder/VFCIXNER:Prokka:VFCIXNER_00181 (length 359)

DiscRep_ALL:DISC_INCONSISTENT_MOLINFO_TECH::Molinfo Technique Report (some missing, all same)
DiscRep_SUB:DISC_INCONSISTENT_MOLINFO_TECH::technique (all missing)
DiscRep_SUB:DISC_INCONSISTENT_MOLINFO_TECH::1 Molinfos are missing field technique
prokka_VFCIXNER_pseudofinder/VFCIXNER:Prokka:VFCIXNER_1 (length 136288)

