[15:10:32] This is prokka 1.14.6
[15:10:32] Written by Torsten Seemann <torsten.seemann@gmail.com>
[15:10:32] Homepage is https://github.com/tseemann/prokka
[15:10:32] Local time is Wed Aug 10 15:10:32 2022
[15:10:32] You are diego
[15:10:32] Operating system is linux
[15:10:32] You have BioPerl 1.007002
[15:10:32] System has 12 cores.
[15:10:32] Will use maximum of 8 cores.
[15:10:32] Annotating as >>> Bacteria <<<
[15:10:32] Enabling options to ensure Genbank/ENA/DDJB submission compliance.
[15:10:32] Creating new output folder: prokka_SMAKOQUE_pseudofinder
[15:10:32] Running: mkdir -p prokka_SMAKOQUE_pseudofinder
[15:10:32] Using filename prefix: SMAKOQUE.XXX
[15:10:32] Setting HMMER_NCPU=1
[15:10:32] Writing log to: prokka_SMAKOQUE_pseudofinder/SMAKOQUE.log
[15:10:32] Command: /home/diego/miniconda3/envs/prokka_env/bin/prokka SMAKOQUE.fasta --prefix SMAKOQUE --locustag SMAKOQUE --outdir prokka_SMAKOQUE_pseudofinder -gcode 11 --compliant --rfam --cdsrnaolap --force
[15:10:32] Appending to PATH: /home/diego/miniconda3/envs/prokka_env/bin
[15:10:32] Looking for 'aragorn' - found /home/diego/miniconda3/envs/prokka_env/bin/aragorn
[15:10:32] Determined aragorn version is 001002 from 'ARAGORN v1.2.38 Dean Laslett'
[15:10:32] Looking for 'barrnap' - found /home/diego/miniconda3/envs/prokka_env/bin/barrnap
[15:10:32] Determined barrnap version is 000009 from 'barrnap 0.9'
[15:10:32] Looking for 'blastp' - found /home/diego/miniconda3/envs/prokka_env/bin/blastp
[15:10:32] Determined blastp version is 002010 from 'blastp: 2.10.1+'
[15:10:32] Looking for 'cmpress' - found /home/diego/miniconda3/envs/prokka_env/bin/cmpress
[15:10:32] Determined cmpress version is 001001 from '# INFERNAL 1.1.3 (Nov 2019)'
[15:10:32] Looking for 'cmscan' - found /home/diego/miniconda3/envs/prokka_env/bin/cmscan
[15:10:32] Determined cmscan version is 001001 from '# INFERNAL 1.1.3 (Nov 2019)'
[15:10:32] Looking for 'egrep' - found /usr/bin/egrep
[15:10:32] Looking for 'find' - found /usr/bin/find
[15:10:32] Looking for 'grep' - found /usr/bin/grep
[15:10:32] Looking for 'hmmpress' - found /home/diego/miniconda3/envs/prokka_env/bin/hmmpress
[15:10:32] Determined hmmpress version is 003003 from '# HMMER 3.3.2 (Nov 2020); http://hmmer.org/'
[15:10:32] Looking for 'hmmscan' - found /home/diego/miniconda3/envs/prokka_env/bin/hmmscan
[15:10:32] Determined hmmscan version is 003003 from '# HMMER 3.3.2 (Nov 2020); http://hmmer.org/'
[15:10:32] Looking for 'java' - found /home/diego/miniconda3/envs/prokka_env/bin/java
[15:10:32] Looking for 'makeblastdb' - found /home/diego/miniconda3/envs/prokka_env/bin/makeblastdb
[15:10:32] Determined makeblastdb version is 002010 from 'makeblastdb: 2.10.1+'
[15:10:32] Looking for 'minced' - found /home/diego/miniconda3/envs/prokka_env/bin/minced
[15:10:32] Determined minced version is 004002 from 'minced 0.4.2'
[15:10:32] Looking for 'parallel' - found /home/diego/miniconda3/envs/prokka_env/bin/parallel
[15:10:32] Determined parallel version is 20201122 from 'GNU parallel 20201122'
[15:10:32] Looking for 'prodigal' - found /home/diego/miniconda3/envs/prokka_env/bin/prodigal
[15:10:32] Determined prodigal version is 002006 from 'Prodigal V2.6.3: February, 2016'
[15:10:32] Looking for 'prokka-genbank_to_fasta_db' - found /home/diego/miniconda3/envs/prokka_env/bin/prokka-genbank_to_fasta_db
[15:10:32] Looking for 'rnammer' - found /home/diego/rnammer-1.2.src/rnammer
[15:10:32] Determined rnammer version is 001002 from 'This rnammer 1.2, running from '/home/diego/rnammer-1.2.src/''
[15:10:32] Looking for 'sed' - found /usr/bin/sed
[15:10:32] Looking for 'tbl2asn' - found /home/diego/tbl2asn
[15:10:32] Determined tbl2asn version is 025008 from 'tbl2asn 25.8   arguments:'
[15:10:32] Using genetic code table 11.
[15:10:32] Loading and checking input file: SMAKOQUE.fasta
[15:10:32] Wrote 1 contigs totalling 180379 bp.
[15:10:32] Predicting tRNAs and tmRNAs
[15:10:32] Running: aragorn -l -gc11  -w prokka_SMAKOQUE_pseudofinder\/SMAKOQUE\.fna
[15:10:32] 1 tRNA-Leu c[17929,18011] 35 (taa)
[15:10:32] 2 tRNA-Gly c[18027,18099] 34 (gcc)
[15:10:32] 3 tRNA-Ala c[29257,29330] 35 (tgc)
[15:10:32] 4 tRNA-Ile c[29511,29584] 35 (gat)
[15:10:32] 5 tRNA-Thr [33696,33771] 36 (tgt)
[15:10:32] 6 tRNA-Tyr [33988,34069] 35 (gta)
[15:10:32] 7 tRNA-Gly [34107,34180] 35 (tcc)
[15:10:32] 8 tRNA-Trp [35878,35950] 34 (cca)
[15:10:32] 9 tRNA-His [49102,49177] 36 (gtg)
[15:10:32] 10 tRNA-Phe c[52418,52489] 33 (gaa)
[15:10:32] 11 tRNA-Cys [62671,62741] 33 (gca)
[15:10:32] 12 tRNA-Asn [70563,70639] 37 (gtt)
[15:10:32] 13 tRNA-Met c[74677,74750] 34 (cat)
[15:10:32] 14 tmRNA c[78722,79084] 100,126 GKNYSLAA*
[15:10:32] 15 tRNA-Met c[80271,80345] 36 (cat)
[15:10:32] 16 tRNA-Leu [86585,86670] 36 (tag)
[15:10:32] 17 tRNA-Leu [86778,86861] 35 (caa)
[15:10:32] 18 tRNA-Gln c[92390,92460] 33 (ttg)
[15:10:32] 19 tRNA-Glu [93117,93190] 35 (ttc)
[15:10:32] 20 tRNA-Met c[105280,105355] 36 (cat)
[15:10:32] 21 tRNA-Leu [105785,105858] 35 (gag)
[15:10:32] 22 tRNA-Arg [113797,113870] 35 (acg)
[15:10:32] 23 tRNA-Ser [142711,142792] 34 (gct)
[15:10:32] 24 tRNA-Pro [142841,142915] 36 (tgg)
[15:10:32] 25 tRNA-Arg [142937,143011] 35 (tct)
[15:10:32] 26 tRNA-Ser c[151501,151587] 36 (tga)
[15:10:32] 27 tRNA-Lys [155475,155547] 34 (ttt)
[15:10:32] 28 tRNA-Asp c[157060,157133] 35 (gtc)
[15:10:32] 29 tRNA-Val c[161461,161535] 36 (tac)
[15:10:32] Found 29 tRNAs
[15:10:32] Predicting Ribosomal RNAs
[15:10:32] Running Barrnap with 8 threads
[15:10:33] 1 gnl|Prokka|SMAKOQUE_1 25991 5S ribosomal RNA
[15:10:33] 2 gnl|Prokka|SMAKOQUE_1 26344 23S ribosomal RNA
[15:10:33] 3 gnl|Prokka|SMAKOQUE_1 30035 16S ribosomal RNA
[15:10:33] Found 3 rRNAs
[15:10:33] Scanning for ncRNAs... please be patient.
[15:10:33] Running: cmscan -Z 0.360758 --cut_ga --rfam --nohmmonly --fmt 2 --cpu 8 --tblout /dev/stdout -o /dev/null --noali /home/diego/miniconda3/envs/prokka_env/db/cm/Bacteria prokka_SMAKOQUE_pseudofinder\/SMAKOQUE\.fna
[15:10:40] 1 ncRNA 1 gnl|Prokka|SMAKOQUE_1 1..367
[15:10:40] Found 1 ncRNAs.
[15:10:40] Total of 31 tRNA + rRNA features
[15:10:40] Searching for CRISPR repeats
[15:10:40] Found 0 CRISPRs
[15:10:40] Predicting coding sequences
[15:10:40] Contigs total 180379 bp, so using single mode
[15:10:40] Running: prodigal -i prokka_SMAKOQUE_pseudofinder\/SMAKOQUE\.fna -c -m -g 11 -p single -f sco -q
[15:10:40] Found 153 CDS
[15:10:40] Connecting features back to sequences
[15:10:40] Not using genus-specific database. Try --usegenus to enable it.
[15:10:40] Annotating CDS, please be patient.
[15:10:40] Will use 8 CPUs for similarity searching.
[15:10:40] There are still 153 unannotated CDS left (started with 153)
[15:10:40] Will use blast to search against /home/diego/miniconda3/envs/prokka_env/db/kingdom/Bacteria/IS with 8 CPUs
[15:10:40] Running: cat prokka_SMAKOQUE_pseudofinder\/SMAKOQUE\.IS\.tmp\.17059\.faa | parallel --gnu --plain -j 8 --block 2795 --recstart '>' --pipe blastp -query - -db /home/diego/miniconda3/envs/prokka_env/db/kingdom/Bacteria/IS -evalue 1e-30 -qcov_hsp_perc 90 -num_threads 1 -num_descriptions 1 -num_alignments 1 -seg no > prokka_SMAKOQUE_pseudofinder\/SMAKOQUE\.IS\.tmp\.17059\.blast 2> /dev/null
[15:10:41] Deleting unwanted file: prokka_SMAKOQUE_pseudofinder/SMAKOQUE.IS.tmp.17059.faa
[15:10:41] Deleting unwanted file: prokka_SMAKOQUE_pseudofinder/SMAKOQUE.IS.tmp.17059.blast
[15:10:41] There are still 153 unannotated CDS left (started with 153)
[15:10:41] Will use blast to search against /home/diego/miniconda3/envs/prokka_env/db/kingdom/Bacteria/AMR with 8 CPUs
[15:10:41] Running: cat prokka_SMAKOQUE_pseudofinder\/SMAKOQUE\.AMR\.tmp\.17059\.faa | parallel --gnu --plain -j 8 --block 2795 --recstart '>' --pipe blastp -query - -db /home/diego/miniconda3/envs/prokka_env/db/kingdom/Bacteria/AMR -evalue 9.99999999999999e-301 -qcov_hsp_perc 90 -num_threads 1 -num_descriptions 1 -num_alignments 1 -seg no > prokka_SMAKOQUE_pseudofinder\/SMAKOQUE\.AMR\.tmp\.17059\.blast 2> /dev/null
[15:10:42] Deleting unwanted file: prokka_SMAKOQUE_pseudofinder/SMAKOQUE.AMR.tmp.17059.faa
[15:10:42] Deleting unwanted file: prokka_SMAKOQUE_pseudofinder/SMAKOQUE.AMR.tmp.17059.blast
[15:10:42] There are still 153 unannotated CDS left (started with 153)
[15:10:42] Will use blast to search against /home/diego/miniconda3/envs/prokka_env/db/kingdom/Bacteria/sprot with 8 CPUs
[15:10:42] Running: cat prokka_SMAKOQUE_pseudofinder\/SMAKOQUE\.sprot\.tmp\.17059\.faa | parallel --gnu --plain -j 8 --block 2795 --recstart '>' --pipe blastp -query - -db /home/diego/miniconda3/envs/prokka_env/db/kingdom/Bacteria/sprot -evalue 1e-09 -qcov_hsp_perc 80 -num_threads 1 -num_descriptions 1 -num_alignments 1 -seg no > prokka_SMAKOQUE_pseudofinder\/SMAKOQUE\.sprot\.tmp\.17059\.blast 2> /dev/null
[15:10:45] Modify product: Probable ATP-dependent transporter SufC => putative ATP-dependent transporter SufC
[15:10:45] Cleaned 1 /product names
[15:10:45] Deleting unwanted file: prokka_SMAKOQUE_pseudofinder/SMAKOQUE.sprot.tmp.17059.faa
[15:10:45] Deleting unwanted file: prokka_SMAKOQUE_pseudofinder/SMAKOQUE.sprot.tmp.17059.blast
[15:10:45] There are still 56 unannotated CDS left (started with 153)
[15:10:45] Will use hmmer3 to search against /home/diego/miniconda3/envs/prokka_env/db/hmm/HAMAP.hmm with 8 CPUs
[15:10:45] Running: cat prokka_SMAKOQUE_pseudofinder\/SMAKOQUE\.HAMAP\.hmm\.tmp\.17059\.faa | parallel --gnu --plain -j 8 --block 719 --recstart '>' --pipe hmmscan --noali --notextw --acc -E 1e-09 --cpu 1 /home/diego/miniconda3/envs/prokka_env/db/hmm/HAMAP.hmm /dev/stdin > prokka_SMAKOQUE_pseudofinder\/SMAKOQUE\.HAMAP\.hmm\.tmp\.17059\.hmmer3 2> /dev/null
[15:10:46] Deleting unwanted file: prokka_SMAKOQUE_pseudofinder/SMAKOQUE.HAMAP.hmm.tmp.17059.faa
[15:10:46] Deleting unwanted file: prokka_SMAKOQUE_pseudofinder/SMAKOQUE.HAMAP.hmm.tmp.17059.hmmer3
[15:10:46] Labelling remaining 44 proteins as 'hypothetical protein'
[15:10:46] Possible /pseudo 'tRNA-2-methylthio-N(6)-dimethylallyladenosine synthase' at gnl|Prokka|SMAKOQUE_1 position 101156
[15:10:46] Found 107 unique /gene codes.
[15:10:46] Fixed 2 duplicate /gene - miaB_1 miaB_2
[15:10:46] Fixed 1 colliding /gene names.
[15:10:46] Adding /locus_tag identifiers
[15:10:46] Assigned 186 locus_tags to CDS and RNA features.
[15:10:46] Writing outputs to prokka_SMAKOQUE_pseudofinder/
[15:10:46] Generating annotation statistics file
[15:10:46] Generating Genbank and Sequin files
[15:10:46] Running: tbl2asn -V b -a r10k -l paired-ends -M n -N 1 -y 'Annotated using prokka 1.14.6 from https://github.com/tseemann/prokka' -Z prokka_SMAKOQUE_pseudofinder\/SMAKOQUE\.err -i prokka_SMAKOQUE_pseudofinder\/SMAKOQUE\.fsa 2> /dev/null
[15:10:46] Deleting unwanted file: prokka_SMAKOQUE_pseudofinder/errorsummary.val
[15:10:46] Deleting unwanted file: prokka_SMAKOQUE_pseudofinder/SMAKOQUE.dr
[15:10:46] Deleting unwanted file: prokka_SMAKOQUE_pseudofinder/SMAKOQUE.fixedproducts
[15:10:46] Deleting unwanted file: prokka_SMAKOQUE_pseudofinder/SMAKOQUE.ecn
[15:10:46] Deleting unwanted file: prokka_SMAKOQUE_pseudofinder/SMAKOQUE.val
[15:10:46] Repairing broken .GBK output that tbl2asn produces...
[15:10:46] Running: sed 's/COORDINATES: profile/COORDINATES:profile/' < prokka_SMAKOQUE_pseudofinder\/SMAKOQUE\.gbf > prokka_SMAKOQUE_pseudofinder\/SMAKOQUE\.gbk
[15:10:46] Deleting unwanted file: prokka_SMAKOQUE_pseudofinder/SMAKOQUE.gbf
[15:10:46] Output files:
[15:10:46] prokka_SMAKOQUE_pseudofinder/SMAKOQUE.txt
[15:10:46] prokka_SMAKOQUE_pseudofinder/SMAKOQUE.fsa
[15:10:46] prokka_SMAKOQUE_pseudofinder/SMAKOQUE.gff
[15:10:46] prokka_SMAKOQUE_pseudofinder/SMAKOQUE.sqn
[15:10:46] prokka_SMAKOQUE_pseudofinder/SMAKOQUE.faa
[15:10:46] prokka_SMAKOQUE_pseudofinder/SMAKOQUE.err
[15:10:46] prokka_SMAKOQUE_pseudofinder/SMAKOQUE.ffn
[15:10:46] prokka_SMAKOQUE_pseudofinder/SMAKOQUE.tbl
[15:10:46] prokka_SMAKOQUE_pseudofinder/SMAKOQUE.fna
[15:10:46] prokka_SMAKOQUE_pseudofinder/SMAKOQUE.log
[15:10:46] prokka_SMAKOQUE_pseudofinder/SMAKOQUE.gbk
[15:10:46] prokka_SMAKOQUE_pseudofinder/SMAKOQUE.tsv
[15:10:46] Annotation finished successfully.
[15:10:46] Walltime used: 0.23 minutes
[15:10:46] If you use this result please cite the Prokka paper:
[15:10:46] Seemann T (2014) Prokka: rapid prokaryotic genome annotation. Bioinformatics. 30(14):2068-9.
[15:10:46] Type 'prokka --citation' for more details.
[15:10:46] Thank you, come again.
