Discrepancy Report Results

Summary
DISC_SOURCE_QUALS_ASNDISC:strain (all present, all unique)
DISC_SOURCE_QUALS_ASNDISC:taxname (all present, all unique)
DISC_FEATURE_COUNT:gene: 166 present
DISC_FEATURE_COUNT:CDS: 137 present
DISC_FEATURE_COUNT:tRNA: 25 present
DISC_FEATURE_COUNT:rRNA: 3 present
DISC_FEATURE_COUNT:tmRNA: 1 present
DISC_COUNT_NUCLEOTIDES:1 nucleotide Bioseqs are present
OVERLAPPING_GENES:28 genes overlap another gene on the same strand.
DISC_QUALITY_SCORES:Quality scores are missing on all sequences.
ONCALLER_COMMENT_PRESENT:1 comment descriptors were found (all same)
SHORT_PROT_SEQUENCES:8 protein sequences are shorter than 50 aa.
MISSING_GENOMEASSEMBLY_COMMENTS:1 bioseqs are missing GenomeAssembly structured comments
MOLTYPE_NOT_MRNA:1 molecule types are not set as mRNA.
TECHNIQUE_NOT_TSA:1 technique are not set as TSA
MISSING_STRUCTURED_COMMENT:1 sequences do not include structured comments.
MISSING_PROJECT:138 sequences do not include project.
DISC_INCONSISTENT_MOLINFO_TECH:Molinfo Technique Report (some missing, all same)


Detailed Report

DiscRep_ALL:DISC_SOURCE_QUALS_ASNDISC::strain (all present, all unique)
DiscRep_SUB:DISC_SOURCE_QUALS_ASNDISC::1 sources have unique values for strain
DiscRep_ALL:DISC_SOURCE_QUALS_ASNDISC::taxname (all present, all unique)
DiscRep_SUB:DISC_SOURCE_QUALS_ASNDISC::1 sources have unique values for taxname
DiscRep_ALL:DISC_FEATURE_COUNT::gene: 166 present
DiscRep_ALL:DISC_FEATURE_COUNT::CDS: 137 present
DiscRep_ALL:DISC_FEATURE_COUNT::tRNA: 25 present
DiscRep_ALL:DISC_FEATURE_COUNT::rRNA: 3 present
DiscRep_ALL:DISC_FEATURE_COUNT::tmRNA: 1 present
DiscRep_ALL:DISC_COUNT_NUCLEOTIDES::1 nucleotide Bioseqs are present
prokka_SMASICLA/SMASICLA:Prokka:SMASICLA_1 (length 165221)

DiscRep_ALL:OVERLAPPING_GENES::28 genes overlap another gene on the same strand.
prokka_SMASICLA/SMASICLA:Gene	rpsR	SMASICLA_1:c25128-24811	SMASICLA_00019
prokka_SMASICLA/SMASICLA:Gene	rpsF	SMASICLA_1:c25522-25121	SMASICLA_00020
prokka_SMASICLA/SMASICLA:Gene	dnaC	SMASICLA_1:c57047-55581	SMASICLA_00052
prokka_SMASICLA/SMASICLA:Gene	SMASICLA_00053	SMASICLA_1:c57123-57004	SMASICLA_00053
prokka_SMASICLA/SMASICLA:Gene	rpmI	SMASICLA_1:c62899-62687	SMASICLA_00060
prokka_SMASICLA/SMASICLA:Gene	infC	SMASICLA_1:c63518-62856	SMASICLA_00061
prokka_SMASICLA/SMASICLA:Gene	tsf	SMASICLA_1:c87769-87047	SMASICLA_00086
prokka_SMASICLA/SMASICLA:Gene	rpsB	SMASICLA_1:c88620-87751	SMASICLA_00087
prokka_SMASICLA/SMASICLA:Gene	rpsI	SMASICLA_1:c89084-88629	SMASICLA_00088
prokka_SMASICLA/SMASICLA:Gene	rplM	SMASICLA_1:c89503-89084	SMASICLA_00089
prokka_SMASICLA/SMASICLA:Gene	rpmB	SMASICLA_1:c97193-96966	SMASICLA_00094
prokka_SMASICLA/SMASICLA:Gene	serS	SMASICLA_1:c98502-97186	SMASICLA_00095
prokka_SMASICLA/SMASICLA:Gene	leuS	SMASICLA_1:c101587-98813	SMASICLA_00097
prokka_SMASICLA/SMASICLA:Gene	tyrS1	SMASICLA_1:c102854-101577	SMASICLA_00098
prokka_SMASICLA/SMASICLA:Gene	leuC	SMASICLA_1:104219-105640	SMASICLA_00100
prokka_SMASICLA/SMASICLA:Gene	leuD1	SMASICLA_1:105627-106220	SMASICLA_00101
prokka_SMASICLA/SMASICLA:Gene	sufC	SMASICLA_1:119392-120144	SMASICLA_00111
prokka_SMASICLA/SMASICLA:Gene	sufD	SMASICLA_1:120135-121514	SMASICLA_00112
prokka_SMASICLA/SMASICLA:Gene	rpsL	SMASICLA_1:133566-133940	SMASICLA_00128
prokka_SMASICLA/SMASICLA:Gene	rpsG	SMASICLA_1:133915-134460	SMASICLA_00129
prokka_SMASICLA/SMASICLA:Gene	SMASICLA_00134	SMASICLA_1:138048-138392	SMASICLA_00134
prokka_SMASICLA/SMASICLA:Gene	rplB	SMASICLA_1:138382-139203	SMASICLA_00135
prokka_SMASICLA/SMASICLA:Gene	SMASICLA_00137	SMASICLA_1:139586-139966	SMASICLA_00137
prokka_SMASICLA/SMASICLA:Gene	rpsC	SMASICLA_1:139950-140639	SMASICLA_00138
prokka_SMASICLA/SMASICLA:Gene	rplP	SMASICLA_1:140617-141360	SMASICLA_00139
prokka_SMASICLA/SMASICLA:Gene	rplN	SMASICLA_1:141335-141703	SMASICLA_00140
prokka_SMASICLA/SMASICLA:Gene	rpoA	SMASICLA_1:147600-148877	SMASICLA_00154
prokka_SMASICLA/SMASICLA:Gene	rplQ	SMASICLA_1:148861-149211	SMASICLA_00155

DiscRep_ALL:DISC_QUALITY_SCORES::Quality scores are missing on all sequences.

DiscRep_ALL:ONCALLER_COMMENT_PRESENT::1 comment descriptors were found (all same)
prokka_SMASICLA/SMASICLA:Prokka:SMASICLA_1:Annotated using prokka 1.13 from https://github.com/tseemann/prokka

DiscRep_ALL:SHORT_PROT_SEQUENCES::8 protein sequences are shorter than 50 aa.
prokka_SMASICLA/SMASICLA:Prokka:SMASICLA_00029 (length 32)
prokka_SMASICLA/SMASICLA:Prokka:SMASICLA_00034 (length 43)
prokka_SMASICLA/SMASICLA:Prokka:SMASICLA_00053 (length 39)
prokka_SMASICLA/SMASICLA:Prokka:SMASICLA_00103 (length 31)
prokka_SMASICLA/SMASICLA:Prokka:SMASICLA_00125 (length 44)
prokka_SMASICLA/SMASICLA:Prokka:SMASICLA_00127 (length 34)
prokka_SMASICLA/SMASICLA:Prokka:SMASICLA_00150 (length 38)
prokka_SMASICLA/SMASICLA:Prokka:SMASICLA_00156 (length 36)

DiscRep_ALL:MISSING_GENOMEASSEMBLY_COMMENTS::1 bioseqs are missing GenomeAssembly structured comments
prokka_SMASICLA/SMASICLA:Prokka:SMASICLA_1 (length 165221)

DiscRep_ALL:MOLTYPE_NOT_MRNA::1 molecule types are not set as mRNA.
prokka_SMASICLA/SMASICLA:Prokka:SMASICLA_1 (length 165221)

DiscRep_ALL:TECHNIQUE_NOT_TSA::1 technique are not set as TSA
prokka_SMASICLA/SMASICLA:Prokka:SMASICLA_1 (length 165221)

DiscRep_ALL:MISSING_STRUCTURED_COMMENT::1 sequences do not include structured comments.
prokka_SMASICLA/SMASICLA:Prokka:SMASICLA_1 (length 165221)

DiscRep_ALL:MISSING_PROJECT::138 sequences do not include project.
prokka_SMASICLA/SMASICLA:Prokka:SMASICLA_1 (length 165221)
prokka_SMASICLA/SMASICLA:Prokka:SMASICLA_00001 (length 867)
prokka_SMASICLA/SMASICLA:Prokka:SMASICLA_00002 (length 110)
prokka_SMASICLA/SMASICLA:Prokka:SMASICLA_00003 (length 377)
prokka_SMASICLA/SMASICLA:Prokka:SMASICLA_00004 (length 736)
prokka_SMASICLA/SMASICLA:Prokka:SMASICLA_00005 (length 456)
prokka_SMASICLA/SMASICLA:Prokka:SMASICLA_00006 (length 424)
prokka_SMASICLA/SMASICLA:Prokka:SMASICLA_00007 (length 395)
prokka_SMASICLA/SMASICLA:Prokka:SMASICLA_00008 (length 257)
prokka_SMASICLA/SMASICLA:Prokka:SMASICLA_00011 (length 93)
prokka_SMASICLA/SMASICLA:Prokka:SMASICLA_00012 (length 334)
prokka_SMASICLA/SMASICLA:Prokka:SMASICLA_00013 (length 556)
prokka_SMASICLA/SMASICLA:Prokka:SMASICLA_00014 (length 609)
prokka_SMASICLA/SMASICLA:Prokka:SMASICLA_00016 (length 217)
prokka_SMASICLA/SMASICLA:Prokka:SMASICLA_00017 (length 534)
prokka_SMASICLA/SMASICLA:Prokka:SMASICLA_00018 (length 64)
prokka_SMASICLA/SMASICLA:Prokka:SMASICLA_00019 (length 105)
prokka_SMASICLA/SMASICLA:Prokka:SMASICLA_00020 (length 133)
prokka_SMASICLA/SMASICLA:Prokka:SMASICLA_00022 (length 83)
prokka_SMASICLA/SMASICLA:Prokka:SMASICLA_00023 (length 106)
prokka_SMASICLA/SMASICLA:Prokka:SMASICLA_00025 (length 484)
prokka_SMASICLA/SMASICLA:Prokka:SMASICLA_00026 (length 188)
prokka_SMASICLA/SMASICLA:Prokka:SMASICLA_00027 (length 315)
prokka_SMASICLA/SMASICLA:Prokka:SMASICLA_00028 (length 601)
prokka_SMASICLA/SMASICLA:Prokka:SMASICLA_00029 (length 32)
prokka_SMASICLA/SMASICLA:Prokka:SMASICLA_00032 (length 299)
prokka_SMASICLA/SMASICLA:Prokka:SMASICLA_00033 (length 321)
prokka_SMASICLA/SMASICLA:Prokka:SMASICLA_00034 (length 43)
prokka_SMASICLA/SMASICLA:Prokka:SMASICLA_00035 (length 484)
prokka_SMASICLA/SMASICLA:Prokka:SMASICLA_00036 (length 371)
prokka_SMASICLA/SMASICLA:Prokka:SMASICLA_00040 (length 111)
prokka_SMASICLA/SMASICLA:Prokka:SMASICLA_00041 (length 460)
prokka_SMASICLA/SMASICLA:Prokka:SMASICLA_00042 (length 653)
prokka_SMASICLA/SMASICLA:Prokka:SMASICLA_00044 (length 495)
prokka_SMASICLA/SMASICLA:Prokka:SMASICLA_00045 (length 377)
prokka_SMASICLA/SMASICLA:Prokka:SMASICLA_00046 (length 316)
prokka_SMASICLA/SMASICLA:Prokka:SMASICLA_00049 (length 1311)
prokka_SMASICLA/SMASICLA:Prokka:SMASICLA_00051 (length 467)
prokka_SMASICLA/SMASICLA:Prokka:SMASICLA_00052 (length 488)
prokka_SMASICLA/SMASICLA:Prokka:SMASICLA_00053 (length 39)
prokka_SMASICLA/SMASICLA:Prokka:SMASICLA_00054 (length 170)
prokka_SMASICLA/SMASICLA:Prokka:SMASICLA_00055 (length 389)
prokka_SMASICLA/SMASICLA:Prokka:SMASICLA_00056 (length 417)
prokka_SMASICLA/SMASICLA:Prokka:SMASICLA_00057 (length 352)
prokka_SMASICLA/SMASICLA:Prokka:SMASICLA_00058 (length 144)
prokka_SMASICLA/SMASICLA:Prokka:SMASICLA_00059 (length 119)
prokka_SMASICLA/SMASICLA:Prokka:SMASICLA_00060 (length 70)
prokka_SMASICLA/SMASICLA:Prokka:SMASICLA_00061 (length 220)
prokka_SMASICLA/SMASICLA:Prokka:SMASICLA_00062 (length 1290)
prokka_SMASICLA/SMASICLA:Prokka:SMASICLA_00063 (length 124)
prokka_SMASICLA/SMASICLA:Prokka:SMASICLA_00064 (length 178)
prokka_SMASICLA/SMASICLA:Prokka:SMASICLA_00065 (length 218)
prokka_SMASICLA/SMASICLA:Prokka:SMASICLA_00066 (length 149)
prokka_SMASICLA/SMASICLA:Prokka:SMASICLA_00068 (length 395)
prokka_SMASICLA/SMASICLA:Prokka:SMASICLA_00072 (length 138)
prokka_SMASICLA/SMASICLA:Prokka:SMASICLA_00073 (length 381)
prokka_SMASICLA/SMASICLA:Prokka:SMASICLA_00078 (length 95)
prokka_SMASICLA/SMASICLA:Prokka:SMASICLA_00080 (length 216)
prokka_SMASICLA/SMASICLA:Prokka:SMASICLA_00081 (length 400)
prokka_SMASICLA/SMASICLA:Prokka:SMASICLA_00082 (length 872)
prokka_SMASICLA/SMASICLA:Prokka:SMASICLA_00085 (length 93)
prokka_SMASICLA/SMASICLA:Prokka:SMASICLA_00086 (length 240)
prokka_SMASICLA/SMASICLA:Prokka:SMASICLA_00087 (length 289)
prokka_SMASICLA/SMASICLA:Prokka:SMASICLA_00088 (length 151)
prokka_SMASICLA/SMASICLA:Prokka:SMASICLA_00089 (length 139)
prokka_SMASICLA/SMASICLA:Prokka:SMASICLA_00090 (length 696)
prokka_SMASICLA/SMASICLA:Prokka:SMASICLA_00091 (length 1367)
prokka_SMASICLA/SMASICLA:Prokka:SMASICLA_00093 (length 53)
prokka_SMASICLA/SMASICLA:Prokka:SMASICLA_00094 (length 75)
prokka_SMASICLA/SMASICLA:Prokka:SMASICLA_00095 (length 438)
prokka_SMASICLA/SMASICLA:Prokka:SMASICLA_00097 (length 924)
prokka_SMASICLA/SMASICLA:Prokka:SMASICLA_00098 (length 425)
prokka_SMASICLA/SMASICLA:Prokka:SMASICLA_00099 (length 394)
prokka_SMASICLA/SMASICLA:Prokka:SMASICLA_00100 (length 473)
prokka_SMASICLA/SMASICLA:Prokka:SMASICLA_00101 (length 197)
prokka_SMASICLA/SMASICLA:Prokka:SMASICLA_00102 (length 354)
prokka_SMASICLA/SMASICLA:Prokka:SMASICLA_00103 (length 31)
prokka_SMASICLA/SMASICLA:Prokka:SMASICLA_00104 (length 66)
prokka_SMASICLA/SMASICLA:Prokka:SMASICLA_00105 (length 493)
prokka_SMASICLA/SMASICLA:Prokka:SMASICLA_00106 (length 202)
prokka_SMASICLA/SMASICLA:Prokka:SMASICLA_00107 (length 550)
prokka_SMASICLA/SMASICLA:Prokka:SMASICLA_00108 (length 90)
prokka_SMASICLA/SMASICLA:Prokka:SMASICLA_00109 (length 451)
prokka_SMASICLA/SMASICLA:Prokka:SMASICLA_00110 (length 483)
prokka_SMASICLA/SMASICLA:Prokka:SMASICLA_00111 (length 250)
prokka_SMASICLA/SMASICLA:Prokka:SMASICLA_00112 (length 459)
prokka_SMASICLA/SMASICLA:Prokka:SMASICLA_00113 (length 424)
prokka_SMASICLA/SMASICLA:Prokka:SMASICLA_00115 (length 94)
prokka_SMASICLA/SMASICLA:Prokka:SMASICLA_00117 (length 229)
prokka_SMASICLA/SMASICLA:Prokka:SMASICLA_00118 (length 393)
prokka_SMASICLA/SMASICLA:Prokka:SMASICLA_00119 (length 162)
prokka_SMASICLA/SMASICLA:Prokka:SMASICLA_00120 (length 325)
prokka_SMASICLA/SMASICLA:Prokka:SMASICLA_00121 (length 346)
prokka_SMASICLA/SMASICLA:Prokka:SMASICLA_00122 (length 719)
prokka_SMASICLA/SMASICLA:Prokka:SMASICLA_00123 (length 62)
prokka_SMASICLA/SMASICLA:Prokka:SMASICLA_00124 (length 104)
prokka_SMASICLA/SMASICLA:Prokka:SMASICLA_00125 (length 44)
prokka_SMASICLA/SMASICLA:Prokka:SMASICLA_00126 (length 76)
prokka_SMASICLA/SMASICLA:Prokka:SMASICLA_00127 (length 34)
prokka_SMASICLA/SMASICLA:Prokka:SMASICLA_00128 (length 124)
prokka_SMASICLA/SMASICLA:Prokka:SMASICLA_00129 (length 181)
prokka_SMASICLA/SMASICLA:Prokka:SMASICLA_00130 (length 54)
prokka_SMASICLA/SMASICLA:Prokka:SMASICLA_00131 (length 99)
prokka_SMASICLA/SMASICLA:Prokka:SMASICLA_00132 (length 215)
prokka_SMASICLA/SMASICLA:Prokka:SMASICLA_00133 (length 215)
prokka_SMASICLA/SMASICLA:Prokka:SMASICLA_00134 (length 114)
prokka_SMASICLA/SMASICLA:Prokka:SMASICLA_00135 (length 273)
prokka_SMASICLA/SMASICLA:Prokka:SMASICLA_00136 (length 109)
prokka_SMASICLA/SMASICLA:Prokka:SMASICLA_00137 (length 126)
prokka_SMASICLA/SMASICLA:Prokka:SMASICLA_00138 (length 229)
prokka_SMASICLA/SMASICLA:Prokka:SMASICLA_00139 (length 247)
prokka_SMASICLA/SMASICLA:Prokka:SMASICLA_00140 (length 122)
prokka_SMASICLA/SMASICLA:Prokka:SMASICLA_00141 (length 139)
prokka_SMASICLA/SMASICLA:Prokka:SMASICLA_00142 (length 184)
prokka_SMASICLA/SMASICLA:Prokka:SMASICLA_00143 (length 89)
prokka_SMASICLA/SMASICLA:Prokka:SMASICLA_00144 (length 138)
prokka_SMASICLA/SMASICLA:Prokka:SMASICLA_00145 (length 203)
prokka_SMASICLA/SMASICLA:Prokka:SMASICLA_00146 (length 111)
prokka_SMASICLA/SMASICLA:Prokka:SMASICLA_00147 (length 189)
prokka_SMASICLA/SMASICLA:Prokka:SMASICLA_00148 (length 163)
prokka_SMASICLA/SMASICLA:Prokka:SMASICLA_00149 (length 71)
prokka_SMASICLA/SMASICLA:Prokka:SMASICLA_00150 (length 38)
prokka_SMASICLA/SMASICLA:Prokka:SMASICLA_00151 (length 127)
prokka_SMASICLA/SMASICLA:Prokka:SMASICLA_00152 (length 130)
prokka_SMASICLA/SMASICLA:Prokka:SMASICLA_00153 (length 233)
prokka_SMASICLA/SMASICLA:Prokka:SMASICLA_00154 (length 425)
prokka_SMASICLA/SMASICLA:Prokka:SMASICLA_00155 (length 116)
prokka_SMASICLA/SMASICLA:Prokka:SMASICLA_00156 (length 36)
prokka_SMASICLA/SMASICLA:Prokka:SMASICLA_00157 (length 73)
prokka_SMASICLA/SMASICLA:Prokka:SMASICLA_00158 (length 590)
prokka_SMASICLA/SMASICLA:Prokka:SMASICLA_00159 (length 329)
prokka_SMASICLA/SMASICLA:Prokka:SMASICLA_00160 (length 413)
prokka_SMASICLA/SMASICLA:Prokka:SMASICLA_00161 (length 418)
prokka_SMASICLA/SMASICLA:Prokka:SMASICLA_00162 (length 471)
prokka_SMASICLA/SMASICLA:Prokka:SMASICLA_00163 (length 345)
prokka_SMASICLA/SMASICLA:Prokka:SMASICLA_00164 (length 83)
prokka_SMASICLA/SMASICLA:Prokka:SMASICLA_00165 (length 572)
prokka_SMASICLA/SMASICLA:Prokka:SMASICLA_00166 (length 572)

DiscRep_ALL:DISC_INCONSISTENT_MOLINFO_TECH::Molinfo Technique Report (some missing, all same)
DiscRep_SUB:DISC_INCONSISTENT_MOLINFO_TECH::technique (all missing)
DiscRep_SUB:DISC_INCONSISTENT_MOLINFO_TECH::1 Molinfos are missing field technique
prokka_SMASICLA/SMASICLA:Prokka:SMASICLA_1 (length 165221)

