[10:02:03] This is prokka 1.13
[10:02:03] Written by Torsten Seemann <torsten.seemann@gmail.com>
[10:02:03] Homepage is https://github.com/tseemann/prokka
[10:02:03] Local time is Mon Dec 18 10:02:03 2023
[10:02:03] You are diego
[10:02:03] Operating system is linux
[10:02:03] You have BioPerl 1.007002
[10:02:03] System has 32 cores.
[10:02:03] Option --cpu asked for 40 cores, but system only has 32
[10:02:03] Will use maximum of 32 cores.
[10:02:03] Annotating as >>> Bacteria <<<
[10:02:03] Enabling options to ensure Genbank/ENA/DDJB submission compliance.
[10:02:03] Creating new output folder: prokka_SMIDISP1
[10:02:03] Running: mkdir -p prokka_SMIDISP1
[10:02:03] Using filename prefix: prokka_SMIDISP1.XXX
[10:02:03] Setting HMMER_NCPU=1
[10:02:03] Writing log to: prokka_SMIDISP1/prokka_SMIDISP1.log
[10:02:03] Command: /home/diego/miniconda3/envs/prokka_env/bin/prokka SMIDISP1.fasta --prefix prokka_SMIDISP1 --outdir prokka_SMIDISP1 --cpus 40 --locustag SMIDISP1 --compliant --gcode 11
[10:02:03] Appending to PATH: /home/diego/miniconda3/envs/prokka_env/bin
[10:02:03] Looking for 'aragorn' - found /home/diego/miniconda3/envs/prokka_env/bin/aragorn
[10:02:03] Determined aragorn version is 1.2
[10:02:03] Looking for 'barrnap' - found /home/diego/miniconda3/envs/prokka_env/bin/barrnap
[10:02:03] Determined barrnap version is 0.9
[10:02:03] Looking for 'blastp' - found /home/diego/miniconda3/envs/prokka_env/bin/blastp
[10:02:03] Determined blastp version is 2.14
[10:02:03] Looking for 'cmpress' - found /home/diego/miniconda3/envs/prokka_env/bin/cmpress
[10:02:03] Determined cmpress version is 1.1
[10:02:03] Looking for 'cmscan' - found /home/diego/miniconda3/envs/prokka_env/bin/cmscan
[10:02:03] Determined cmscan version is 1.1
[10:02:03] Looking for 'egrep' - found /usr/bin/egrep
[10:02:03] Looking for 'find' - found /usr/bin/find
[10:02:03] Looking for 'grep' - found /usr/bin/grep
[10:02:03] Looking for 'hmmpress' - found /home/diego/miniconda3/envs/prokka_env/bin/hmmpress
[10:02:03] Determined hmmpress version is 3.3
[10:02:03] Looking for 'hmmscan' - found /home/diego/miniconda3/envs/prokka_env/bin/hmmscan
[10:02:03] Determined hmmscan version is 3.3
[10:02:03] Looking for 'java' - found /home/diego/miniconda3/envs/prokka_env/bin/java
[10:02:03] Looking for 'less' - found /usr/bin/less
[10:02:03] Looking for 'makeblastdb' - found /home/diego/miniconda3/envs/prokka_env/bin/makeblastdb
[10:02:03] Determined makeblastdb version is 2.14
[10:02:03] Looking for 'minced' - found /home/diego/miniconda3/envs/prokka_env/bin/minced
[10:02:03] Determined minced version is 4.2
[10:02:03] Looking for 'parallel' - found /home/diego/miniconda3/envs/prokka_env/bin/parallel
[10:02:03] Determined parallel version is 20160622
[10:02:03] Looking for 'prodigal' - found /home/diego/miniconda3/envs/prokka_env/bin/prodigal
[10:02:03] Determined prodigal version is 2.6
[10:02:03] Looking for 'prokka-genbank_to_fasta_db' - found /home/diego/miniconda3/envs/prokka_env/bin/prokka-genbank_to_fasta_db
[10:02:03] Looking for 'rnammer' - found /home/diego/rnammer-1.2.src/rnammer
[10:02:03] Determined rnammer version is 1.2
[10:02:03] Looking for 'sed' - found /usr/bin/sed
[10:02:03] Looking for 'tbl2asn' - found /home/diego/miniconda3/envs/prokka_env/bin/tbl2asn
[10:02:03] Determined tbl2asn version is 25.8
[10:02:03] Using genetic code table 11.
[10:02:03] Loading and checking input file: SMIDISP1.fasta
[10:02:03] Wrote 1 contigs totalling 159440 bp.
[10:02:03] Predicting tRNAs and tmRNAs
[10:02:03] Running: aragorn -l -gc11  -w prokka_SMIDISP1\/prokka_SMIDISP1\.fna
[10:02:03] 1 tRNA-Met [11727,11801] 35 (cat)
[10:02:03] 2 tRNA-Asn c[15304,15380] 37 (gtt)
[10:02:03] 3 tRNA-Cys c[20870,20940] 33 (gca)
[10:02:03] 4 tmRNA c[24256,24608] 101,139 ETNNFSLYSLAA*
[10:02:03] 5 tRNA-Met c[25352,25426] 36 (cat)
[10:02:03] 6 tRNA-Leu [30453,30538] 36 (tag)
[10:02:03] 7 tRNA-Leu [30688,30771] 35 (caa)
[10:02:03] 8 tRNA-Ser [36243,36324] 34 (gct)
[10:02:03] 9 tRNA-Pro [36408,36482] 36 (tgg)
[10:02:03] 10 tRNA-Arg [36512,36586] 35 (tct)
[10:02:03] 11 tRNA-Ser c[41926,42010] 35 (tga)
[10:02:03] 12 tRNA-Lys [45993,46066] 34 (ttt)
[10:02:03] 13 tRNA-Asp c[46156,46229] 35 (gtc)
[10:02:03] 14 tRNA-Val c[50082,50156] 36 (tac)
[10:02:03] 15 tRNA-Trp c[66009,66082] 35 (cca)
[10:02:03] 16 tRNA-Thr c[67364,67438] 35 (ggt)
[10:02:03] 17 tRNA-Gly c[67453,67525] 34 (tcc)
[10:02:03] 18 tRNA-Tyr c[67534,67615] 35 (gta)
[10:02:03] 19 tRNA-Thr c[67673,67746] 35 (tgt)
[10:02:03] 20 tRNA-Ile [71747,71820] 35 (gat)
[10:02:03] 21 tRNA-Ala [71825,71900] 36 (tgc)
[10:02:03] 22 tRNA-Gly [80557,80628] 33 (gcc)
[10:02:03] 23 tRNA-Leu [80756,80842] 35 (taa)
[10:02:03] 24 tRNA-His [90581,90656] 36 (gtg)
[10:02:03] 25 tRNA-Phe c[93568,93641] 35 (gaa)
[10:02:03] 26 tRNA-Glu c[118418,118489] 34 (ttc)
[10:02:03] 27 tRNA-Gln [119300,119370] 33 (ttg)
[10:02:03] 28 tRNA-Arg c[148695,148768] 35 (acg)
[10:02:03] Found 28 tRNAs
[10:02:03] Predicting Ribosomal RNAs
[10:02:03] Running Barrnap with 32 threads
[10:02:04] 1 gnl|Prokka|SMIDISP1_1 70124 16S ribosomal RNA
[10:02:04] 2 gnl|Prokka|SMIDISP1_1 72036 23S ribosomal RNA
[10:02:04] 3 gnl|Prokka|SMIDISP1_1 75594 5S ribosomal RNA
[10:02:04] Found 3 rRNAs
[10:02:04] Skipping ncRNA search, enable with --rfam if desired.
[10:02:04] Total of 30 tRNA + rRNA features
[10:02:04] Searching for CRISPR repeats
[10:02:04] Found 0 CRISPRs
[10:02:04] Predicting coding sequences
[10:02:04] Contigs total 159440 bp, so using single mode
[10:02:04] Running: prodigal -i prokka_SMIDISP1\/prokka_SMIDISP1\.fna -c -m -g 11 -p single -f sco -q
[10:02:04] Excluding CDS which overlaps existing RNA (tRNA) at gnl|Prokka|SMIDISP1_1:11866..15339 on + strand
[10:02:04] Excluding CDS which overlaps existing RNA (tRNA) at gnl|Prokka|SMIDISP1_1:67741..68397 on - strand
[10:02:04] Excluding CDS which overlaps existing RNA (tRNA) at gnl|Prokka|SMIDISP1_1:80538..80768 on + strand
[10:02:04] Excluding CDS which overlaps existing RNA (tRNA) at gnl|Prokka|SMIDISP1_1:119292..119411 on + strand
[10:02:04] Found 146 CDS
[10:02:04] Connecting features back to sequences
[10:02:04] Not using genus-specific database. Try --usegenus to enable it.
[10:02:04] Annotating CDS, please be patient.
[10:02:04] Will use 32 CPUs for similarity searching.
[10:02:04] There are still 146 unannotated CDS left (started with 146)
[10:02:04] Will use blast to search against /home/diego/miniconda3/envs/prokka_env/bin/../db/kingdom/Bacteria/sprot with 32 CPUs
[10:02:04] Running: cat prokka_SMIDISP1\/sprot\.faa | parallel --gnu --plain -j 32 --block 726 --recstart '>' --pipe blastp -query - -db /home/diego/miniconda3/envs/prokka_env/bin/../db/kingdom/Bacteria/sprot -evalue 1e-06 -num_threads 1 -num_descriptions 1 -num_alignments 1 -seg no > prokka_SMIDISP1\/sprot\.blast 2> /dev/null
[10:02:07] Modify product: Probable ATP-dependent transporter SufC => putative ATP-dependent transporter SufC
[10:02:07] Cleaned 1 /product names
[10:02:07] Deleting unwanted file: prokka_SMIDISP1/sprot.faa
[10:02:07] Deleting unwanted file: prokka_SMIDISP1/sprot.blast
[10:02:07] There are still 21 unannotated CDS left (started with 146)
[10:02:07] Will use hmmer3 to search against /home/diego/miniconda3/envs/prokka_env/bin/../db/hmm/HAMAP.hmm with 32 CPUs
[10:02:07] Running: cat prokka_SMIDISP1\/HAMAP\.hmm\.faa | parallel --gnu --plain -j 32 --block 42 --recstart '>' --pipe hmmscan --noali --notextw --acc -E 1e-06 --cpu 1 /home/diego/miniconda3/envs/prokka_env/bin/../db/hmm/HAMAP.hmm /dev/stdin > prokka_SMIDISP1\/HAMAP\.hmm\.hmmer3 2> /dev/null
[10:02:07] Deleting unwanted file: prokka_SMIDISP1/HAMAP.hmm.faa
[10:02:07] Deleting unwanted file: prokka_SMIDISP1/HAMAP.hmm.hmmer3
[10:02:07] Labelling remaining 13 proteins as 'hypothetical protein'
[10:02:07] Possible /pseudo 'Ribosomal RNA small subunit methyltransferase H' at gnl|Prokka|SMIDISP1_1 position 144913
[10:02:07] Found 130 unique /gene codes.
[10:02:07] Fixed 2 duplicate /gene - rsmH_1 rsmH_2
[10:02:07] Fixed 1 colliding /gene names.
[10:02:07] Adding /locus_tag identifiers
[10:02:07] Assigned 177 locus_tags to CDS and RNA features.
[10:02:07] Writing outputs to prokka_SMIDISP1/
[10:02:08] Generating annotation statistics file
[10:02:08] Generating Genbank and Sequin files
[10:02:08] Running: tbl2asn -V b -a r10k -l paired-ends -M n -N 1 -y 'Annotated using prokka 1.13 from https://github.com/tseemann/prokka' -Z prokka_SMIDISP1\/prokka_SMIDISP1\.err -i prokka_SMIDISP1\/prokka_SMIDISP1\.fsa 2> /dev/null
[10:02:08] Deleting unwanted file: prokka_SMIDISP1/errorsummary.val
[10:02:08] Deleting unwanted file: prokka_SMIDISP1/prokka_SMIDISP1.dr
[10:02:08] Deleting unwanted file: prokka_SMIDISP1/prokka_SMIDISP1.fixedproducts
[10:02:08] Deleting unwanted file: prokka_SMIDISP1/prokka_SMIDISP1.ecn
[10:02:08] Deleting unwanted file: prokka_SMIDISP1/prokka_SMIDISP1.val
[10:02:08] Repairing broken .GBK output that tbl2asn produces...
[10:02:08] Running: sed 's/COORDINATES: profile/COORDINATES:profile/' < prokka_SMIDISP1\/prokka_SMIDISP1\.gbf > prokka_SMIDISP1\/prokka_SMIDISP1\.gbk
[10:02:08] Deleting unwanted file: prokka_SMIDISP1/prokka_SMIDISP1.gbf
[10:02:08] Output files:
[10:02:08] prokka_SMIDISP1/prokka_SMIDISP1.sqn
[10:02:08] prokka_SMIDISP1/prokka_SMIDISP1.err
[10:02:08] prokka_SMIDISP1/prokka_SMIDISP1.faa
[10:02:08] prokka_SMIDISP1/prokka_SMIDISP1.txt
[10:02:08] prokka_SMIDISP1/prokka_SMIDISP1.log
[10:02:08] prokka_SMIDISP1/prokka_SMIDISP1.fsa
[10:02:08] prokka_SMIDISP1/prokka_SMIDISP1.ffn
[10:02:08] prokka_SMIDISP1/prokka_SMIDISP1.gbk
[10:02:08] prokka_SMIDISP1/prokka_SMIDISP1.tsv
[10:02:08] prokka_SMIDISP1/prokka_SMIDISP1.gff
[10:02:08] prokka_SMIDISP1/prokka_SMIDISP1.tbl
[10:02:08] prokka_SMIDISP1/prokka_SMIDISP1.fna
[10:02:08] Annotation finished successfully.
[10:02:08] Walltime used: 0.08 minutes
[10:02:08] If you use this result please cite the Prokka paper:
[10:02:08] Seemann T (2014) Prokka: rapid prokaryotic genome annotation. Bioinformatics. 30(14):2068-9.
[10:02:08] Type 'prokka --citation' for more details.
[10:02:08] Share and enjoy!
