Discrepancy Report Results

Summary
DISC_SOURCE_QUALS_ASNDISC:strain (all present, all unique)
DISC_SOURCE_QUALS_ASNDISC:taxname (all present, all unique)
DISC_FEATURE_COUNT:gene: 176 present
DISC_FEATURE_COUNT:CDS: 143 present
DISC_FEATURE_COUNT:tRNA: 28 present
DISC_FEATURE_COUNT:rRNA: 3 present
DISC_FEATURE_COUNT:misc_RNA: 1 present
DISC_FEATURE_COUNT:tmRNA: 1 present
DISC_COUNT_NUCLEOTIDES:1 nucleotide Bioseqs are present
OVERLAPPING_GENES:60 genes overlap another gene on the same strand.
FATAL: RNA_CDS_OVERLAP:10 coding regions overlap RNA features
DISC_QUALITY_SCORES:Quality scores are missing on all sequences.
DISC_BAD_BACTERIAL_GENE_NAME:1 bacterial genes do not start with lowercase letters
ONCALLER_COMMENT_PRESENT:1 comment descriptors were found (all same)
SHORT_PROT_SEQUENCES:2 protein sequences are shorter than 50 aa.
MISSING_GENOMEASSEMBLY_COMMENTS:1 bioseqs are missing GenomeAssembly structured comments
TEST_UNUSUAL_MISC_RNA:1 unexpected misc_RNA features found.  misc_RNAs are unusual in a genome, consider using ncRNA, misc_binding, or misc_feature as appropriate.
FIND_OVERLAPPED_GENES:2 genes completely overlapped by other genes
MOLTYPE_NOT_MRNA:1 molecule types are not set as mRNA.
TECHNIQUE_NOT_TSA:1 technique are not set as TSA
MISSING_STRUCTURED_COMMENT:1 sequences do not include structured comments.
MISSING_PROJECT:144 sequences do not include project.
DISC_INCONSISTENT_MOLINFO_TECH:Molinfo Technique Report (some missing, all same)


Detailed Report

DiscRep_ALL:DISC_SOURCE_QUALS_ASNDISC::strain (all present, all unique)
DiscRep_SUB:DISC_SOURCE_QUALS_ASNDISC::1 sources have unique values for strain
DiscRep_ALL:DISC_SOURCE_QUALS_ASNDISC::taxname (all present, all unique)
DiscRep_SUB:DISC_SOURCE_QUALS_ASNDISC::1 sources have unique values for taxname
DiscRep_ALL:DISC_FEATURE_COUNT::gene: 176 present
DiscRep_ALL:DISC_FEATURE_COUNT::CDS: 143 present
DiscRep_ALL:DISC_FEATURE_COUNT::tRNA: 28 present
DiscRep_ALL:DISC_FEATURE_COUNT::rRNA: 3 present
DiscRep_ALL:DISC_FEATURE_COUNT::misc_RNA: 1 present
DiscRep_ALL:DISC_FEATURE_COUNT::tmRNA: 1 present
DiscRep_ALL:DISC_COUNT_NUCLEOTIDES::1 nucleotide Bioseqs are present
prokka_SMS2949_pseudofinder/SMS2949:Prokka:SMS2949_1 (length 145541)

DiscRep_ALL:OVERLAPPING_GENES::60 genes overlap another gene on the same strand.
prokka_SMS2949_pseudofinder/SMS2949:Gene	fusA	SMS2949_1:43-1512	SMS2949_00001
prokka_SMS2949_pseudofinder/SMS2949:Gene	rpsJ	SMS2949_1:1506-1802	SMS2949_00002
prokka_SMS2949_pseudofinder/SMS2949:Gene	rplC	SMS2949_1:1796-2416	SMS2949_00003
prokka_SMS2949_pseudofinder/SMS2949:Gene	rpsS	SMS2949_1:4225-4515	SMS2949_00007
prokka_SMS2949_pseudofinder/SMS2949:Gene	SMS2949_00008	SMS2949_1:4515-4898	SMS2949_00008
prokka_SMS2949_pseudofinder/SMS2949:Gene	rpsC	SMS2949_1:4867-5529	SMS2949_00009
prokka_SMS2949_pseudofinder/SMS2949:Gene	rplP	SMS2949_1:5536-5940	SMS2949_00010
prokka_SMS2949_pseudofinder/SMS2949:Gene	rpsQ	SMS2949_1:5940-6179	SMS2949_00011
prokka_SMS2949_pseudofinder/SMS2949:Gene	SMS2949_00013	SMS2949_1:6571-6900	SMS2949_00013
prokka_SMS2949_pseudofinder/SMS2949:Gene	rplE	SMS2949_1:6884-7429	SMS2949_00014
prokka_SMS2949_pseudofinder/SMS2949:Gene	rplO	SMS2949_1:9477-9950	SMS2949_00020
prokka_SMS2949_pseudofinder/SMS2949:Gene	infA	SMS2949_1:9928-10143	SMS2949_00021
prokka_SMS2949_pseudofinder/SMS2949:Gene	rpsM	SMS2949_1:10283-10666	SMS2949_00023
prokka_SMS2949_pseudofinder/SMS2949:Gene	rpsK	SMS2949_1:10666-11019	SMS2949_00024
prokka_SMS2949_pseudofinder/SMS2949:Gene	rpsD	SMS2949_1:10985-11644	SMS2949_00025
prokka_SMS2949_pseudofinder/SMS2949:Gene	rpoA	SMS2949_1:11655-12653	SMS2949_00026
prokka_SMS2949_pseudofinder/SMS2949:Gene	rplQ	SMS2949_1:12637-12987	SMS2949_00027
prokka_SMS2949_pseudofinder/SMS2949:Gene	rsmH	SMS2949_1:12987-13889	SMS2949_00028
prokka_SMS2949_pseudofinder/SMS2949:Gene	SMS2949_00029	SMS2949_1:13878-14177	SMS2949_00029
prokka_SMS2949_pseudofinder/SMS2949:Gene	SMS2949_00036	SMS2949_1:20498-20968	SMS2949_00036
prokka_SMS2949_pseudofinder/SMS2949:Gene	trxB	SMS2949_1:20926-21876	SMS2949_00037
prokka_SMS2949_pseudofinder/SMS2949:Gene	ilvB	SMS2949_1:c25285-23606	SMS2949_00040
prokka_SMS2949_pseudofinder/SMS2949:Gene	ilvD	SMS2949_1:c26991-25282	SMS2949_00041
prokka_SMS2949_pseudofinder/SMS2949:Gene	mnmG	SMS2949_1:c46228-44378	SMS2949_00056
prokka_SMS2949_pseudofinder/SMS2949:Gene	ybeY	SMS2949_1:c46583-46209	SMS2949_00057
prokka_SMS2949_pseudofinder/SMS2949:Gene	gltX	SMS2949_1:c48894-47395	SMS2949_00060
prokka_SMS2949_pseudofinder/SMS2949:Gene	rplI	SMS2949_1:c49346-48891	SMS2949_00061
prokka_SMS2949_pseudofinder/SMS2949:Gene	SMS2949_00062	SMS2949_1:c49620-49351	SMS2949_00062
prokka_SMS2949_pseudofinder/SMS2949:Gene	SMS2949_00063	SMS2949_1:c49963-49598	SMS2949_00063
prokka_SMS2949_pseudofinder/SMS2949:Gene	rpmA	SMS2949_1:c50485-50228	SMS2949_00065
prokka_SMS2949_pseudofinder/SMS2949:Gene	rplU	SMS2949_1:c50807-50475	SMS2949_00066
prokka_SMS2949_pseudofinder/SMS2949:Gene	iscS	SMS2949_1:c67193-66060	SMS2949_00086
prokka_SMS2949_pseudofinder/SMS2949:Gene	tilS	SMS2949_1:c68118-67171	SMS2949_00087
prokka_SMS2949_pseudofinder/SMS2949:Gene	SMS2949_00093	SMS2949_1:c74629-73796	SMS2949_00093
prokka_SMS2949_pseudofinder/SMS2949:Gene	dnaC	SMS2949_1:c76001-74622	SMS2949_00094
prokka_SMS2949_pseudofinder/SMS2949:Gene	rplM	SMS2949_1:83594-83986	SMS2949_00104
prokka_SMS2949_pseudofinder/SMS2949:Gene	rpsI	SMS2949_1:83986-84369	SMS2949_00105
prokka_SMS2949_pseudofinder/SMS2949:Gene	SMS2949_00109	SMS2949_1:c85915-85843	SMS2949_00109
prokka_SMS2949_pseudofinder/SMS2949:Gene	mutS	SMS2949_1:c88480-85901	SMS2949_00110
prokka_SMS2949_pseudofinder/SMS2949:Gene	clpX	SMS2949_1:c89688-88477	SMS2949_00111
prokka_SMS2949_pseudofinder/SMS2949:Gene	SMS2949_00124	SMS2949_1:98621-98704	SMS2949_00124
prokka_SMS2949_pseudofinder/SMS2949:Gene	SMS2949_00125	SMS2949_1:98625-98870	SMS2949_00125
prokka_SMS2949_pseudofinder/SMS2949:Gene	SMS2949_00126	SMS2949_1:98712-98785	SMS2949_00126
prokka_SMS2949_pseudofinder/SMS2949:Gene	SMS2949_00127	SMS2949_1:98792-98866	SMS2949_00127
prokka_SMS2949_pseudofinder/SMS2949:Gene	rplK	SMS2949_1:100187-100639	SMS2949_00130
prokka_SMS2949_pseudofinder/SMS2949:Gene	rplA	SMS2949_1:100608-101231	SMS2949_00131
prokka_SMS2949_pseudofinder/SMS2949:Gene	SMS2949_00132	SMS2949_1:101283-101822	SMS2949_00132
prokka_SMS2949_pseudofinder/SMS2949:Gene	rplL	SMS2949_1:101812-102189	SMS2949_00133
prokka_SMS2949_pseudofinder/SMS2949:Gene	SMS2949_00138	SMS2949_1:c112210-112031	SMS2949_00138
prokka_SMS2949_pseudofinder/SMS2949:Gene	SMS2949_00139	SMS2949_1:c112424-112200	SMS2949_00139
prokka_SMS2949_pseudofinder/SMS2949:Gene	leuS	SMS2949_1:c116560-113873	SMS2949_00142
prokka_SMS2949_pseudofinder/SMS2949:Gene	tyrS1	SMS2949_1:c117806-116550	SMS2949_00143
prokka_SMS2949_pseudofinder/SMS2949:Gene	leuC	SMS2949_1:119060-120457	SMS2949_00145
prokka_SMS2949_pseudofinder/SMS2949:Gene	leuD1	SMS2949_1:120444-121028	SMS2949_00146
prokka_SMS2949_pseudofinder/SMS2949:Gene	prfB	SMS2949_1:122930-123781	SMS2949_00149
prokka_SMS2949_pseudofinder/SMS2949:Gene	SMS2949_00150	SMS2949_1:123775-123984	SMS2949_00150
prokka_SMS2949_pseudofinder/SMS2949:Gene	sufC	SMS2949_1:132339-133082	SMS2949_00160
prokka_SMS2949_pseudofinder/SMS2949:Gene	SMS2949_00161	SMS2949_1:133079-134371	SMS2949_00161
prokka_SMS2949_pseudofinder/SMS2949:Gene	rpsL	SMS2949_1:143839-144213	SMS2949_00175
prokka_SMS2949_pseudofinder/SMS2949:Gene	rpsG	SMS2949_1:144213-144692	SMS2949_00176

FATAL: DiscRep_ALL:RNA_CDS_OVERLAP::10 coding regions overlap RNA features
FATAL: DiscRep_SUB:RNA_CDS_OVERLAP::1 coding regions are completely contained in RNAs
prokka_SMS2949_pseudofinder/SMS2949:CDS	hypothetical protein	SMS2949_1:91767-92225	SMS2949_00116
prokka_SMS2949_pseudofinder/SMS2949:rRNA	23S ribosomal RNA	SMS2949_1:c94497-91645	SMS2949_00115

FATAL: DiscRep_SUB:RNA_CDS_OVERLAP::2 coding  completely contly contain tRNAs
prokka_SMS2949_pseudofinder/SMS2949:CDS	hypothetical protein	SMS2949_1:98625-98870	SMS2949_00125
prokka_SMS2949_pseudofinder/SMS2949:tRNA	Gly	SMS2949_1:98712-98785	SMS2949_00126
prokka_SMS2949_pseudofinder/SMS2949:CDS	hypothetical protein	SMS2949_1:98625-98870	SMS2949_00125
prokka_SMS2949_pseudofinder/SMS2949:tRNA	Thr	SMS2949_1:98792-98866	SMS2949_00127

DiscRep_SUB:RNA_CDS_OVERLAP::7 coding regions overlap RNAs (no containment)
DiscRep_SUB:RNA_CDS_OVERLAP::3 coding regions overlap RNAs on the same strand (no containment)
prokka_SMS2949_pseudofinder/SMS2949:CDS	Ribosomal RNA small subunit methyltransferase H	SMS2949_1:12987-13889	SMS2949_00028
prokka_SMS2949_pseudofinder/SMS2949:RNA	RNaseP_bact_a	SMS2949_1:13878-14177	SMS2949_00029
prokka_SMS2949_pseudofinder/SMS2949:CDS	DNA mismatch repair protein MutS	SMS2949_1:c88480-85901	SMS2949_00110
prokka_SMS2949_pseudofinder/SMS2949:tRNA	Gly	SMS2949_1:c85915-85843	SMS2949_00109
prokka_SMS2949_pseudofinder/SMS2949:CDS	hypothetical protein	SMS2949_1:98625-98870	SMS2949_00125
prokka_SMS2949_pseudofinder/SMS2949:tRNA	Tyr	SMS2949_1:98621-98704	SMS2949_00124

DiscRep_SUB:RNA_CDS_OVERLAP::4 coding regions overlap RNAs on the opposite strand (no containment)
prokka_SMS2949_pseudofinder/SMS2949:CDS	DNA mismatch repair protein MutL	SMS2949_1:c15790-14159	SMS2949_00030
prokka_SMS2949_pseudofinder/SMS2949:RNA	RNaseP_bact_a	SMS2949_1:13878-14177	SMS2949_00029
prokka_SMS2949_pseudofinder/SMS2949:CDS	Isoleucine--tRNA ligase	SMS2949_1:36327-39728	SMS2949_00051
prokka_SMS2949_pseudofinder/SMS2949:tRNA	Asn	SMS2949_1:c39768-39693	SMS2949_00052
prokka_SMS2949_pseudofinder/SMS2949:CDS	Glycine--tRNA ligase	SMS2949_1:c60553-59066	SMS2949_00080
prokka_SMS2949_pseudofinder/SMS2949:tRNA	Arg	SMS2949_1:58996-59068	SMS2949_00079
prokka_SMS2949_pseudofinder/SMS2949:CDS	Elongation factor Ts, mitochondrial	SMS2949_1:85096-85731	SMS2949_00107
prokka_SMS2949_pseudofinder/SMS2949:tRNA	Leu	SMS2949_1:c85795-85713	SMS2949_00108

DiscRep_ALL:DISC_QUALITY_SCORES::Quality scores are missing on all sequences.

DiscRep_ALL:DISC_BAD_BACTERIAL_GENE_NAME::1 bacterial genes do not start with lowercase letters
prokka_SMS2949_pseudofinder/SMS2949:Gene	TSFM	SMS2949_1:85096-85731	SMS2949_00107

DiscRep_ALL:ONCALLER_COMMENT_PRESENT::1 comment descriptors were found (all same)
prokka_SMS2949_pseudofinder/SMS2949:Prokka:SMS2949_1:Annotated using prokka 1.14.6 from https://github.com/tseemann/prokka

DiscRep_ALL:SHORT_PROT_SEQUENCES::2 protein sequences are shorter than 50 aa.
prokka_SMS2949_pseudofinder/SMS2949:Prokka:SMS2949_00022 (length 38)
prokka_SMS2949_pseudofinder/SMS2949:Prokka:SMS2949_00071 (length 31)

DiscRep_ALL:MISSING_GENOMEASSEMBLY_COMMENTS::1 bioseqs are missing GenomeAssembly structured comments
prokka_SMS2949_pseudofinder/SMS2949:Prokka:SMS2949_1 (length 145541)

DiscRep_ALL:TEST_UNUSUAL_MISC_RNA::1 unexpected misc_RNA features found.  misc_RNAs are unusual in a genome, consider using ncRNA, misc_binding, or misc_feature as appropriate.
prokka_SMS2949_pseudofinder/SMS2949:RNA	RNaseP_bact_a	SMS2949_1:13878-14177	SMS2949_00029

DiscRep_ALL:FIND_OVERLAPPED_GENES::2 genes completely overlapped by other genes
prokka_SMS2949_pseudofinder/SMS2949:Gene	SMS2949_00126	SMS2949_1:98712-98785	SMS2949_00126
prokka_SMS2949_pseudofinder/SMS2949:Gene	SMS2949_00127	SMS2949_1:98792-98866	SMS2949_00127

DiscRep_ALL:MOLTYPE_NOT_MRNA::1 molecule types are not set as mRNA.
prokka_SMS2949_pseudofinder/SMS2949:Prokka:SMS2949_1 (length 145541)

DiscRep_ALL:TECHNIQUE_NOT_TSA::1 technique are not set as TSA
prokka_SMS2949_pseudofinder/SMS2949:Prokka:SMS2949_1 (length 145541)

DiscRep_ALL:MISSING_STRUCTURED_COMMENT::1 sequences do not include structured comments.
prokka_SMS2949_pseudofinder/SMS2949:Prokka:SMS2949_1 (length 145541)

DiscRep_ALL:MISSING_PROJECT::144 sequences do not include project.
prokka_SMS2949_pseudofinder/SMS2949:Prokka:SMS2949_1 (length 145541)
prokka_SMS2949_pseudofinder/SMS2949:Prokka:SMS2949_00001 (length 489)
prokka_SMS2949_pseudofinder/SMS2949:Prokka:SMS2949_00002 (length 98)
prokka_SMS2949_pseudofinder/SMS2949:Prokka:SMS2949_00003 (length 206)
prokka_SMS2949_pseudofinder/SMS2949:Prokka:SMS2949_00004 (length 215)
prokka_SMS2949_pseudofinder/SMS2949:Prokka:SMS2949_00005 (length 104)
prokka_SMS2949_pseudofinder/SMS2949:Prokka:SMS2949_00006 (length 275)
prokka_SMS2949_pseudofinder/SMS2949:Prokka:SMS2949_00007 (length 96)
prokka_SMS2949_pseudofinder/SMS2949:Prokka:SMS2949_00008 (length 127)
prokka_SMS2949_pseudofinder/SMS2949:Prokka:SMS2949_00009 (length 220)
prokka_SMS2949_pseudofinder/SMS2949:Prokka:SMS2949_00010 (length 134)
prokka_SMS2949_pseudofinder/SMS2949:Prokka:SMS2949_00011 (length 79)
prokka_SMS2949_pseudofinder/SMS2949:Prokka:SMS2949_00012 (length 122)
prokka_SMS2949_pseudofinder/SMS2949:Prokka:SMS2949_00013 (length 109)
prokka_SMS2949_pseudofinder/SMS2949:Prokka:SMS2949_00014 (length 181)
prokka_SMS2949_pseudofinder/SMS2949:Prokka:SMS2949_00015 (length 89)
prokka_SMS2949_pseudofinder/SMS2949:Prokka:SMS2949_00016 (length 129)
prokka_SMS2949_pseudofinder/SMS2949:Prokka:SMS2949_00017 (length 185)
prokka_SMS2949_pseudofinder/SMS2949:Prokka:SMS2949_00018 (length 93)
prokka_SMS2949_pseudofinder/SMS2949:Prokka:SMS2949_00019 (length 162)
prokka_SMS2949_pseudofinder/SMS2949:Prokka:SMS2949_00020 (length 157)
prokka_SMS2949_pseudofinder/SMS2949:Prokka:SMS2949_00021 (length 71)
prokka_SMS2949_pseudofinder/SMS2949:Prokka:SMS2949_00022 (length 38)
prokka_SMS2949_pseudofinder/SMS2949:Prokka:SMS2949_00023 (length 127)
prokka_SMS2949_pseudofinder/SMS2949:Prokka:SMS2949_00024 (length 117)
prokka_SMS2949_pseudofinder/SMS2949:Prokka:SMS2949_00025 (length 219)
prokka_SMS2949_pseudofinder/SMS2949:Prokka:SMS2949_00026 (length 332)
prokka_SMS2949_pseudofinder/SMS2949:Prokka:SMS2949_00027 (length 116)
prokka_SMS2949_pseudofinder/SMS2949:Prokka:SMS2949_00028 (length 300)
prokka_SMS2949_pseudofinder/SMS2949:Prokka:SMS2949_00030 (length 543)
prokka_SMS2949_pseudofinder/SMS2949:Prokka:SMS2949_00031 (length 493)
prokka_SMS2949_pseudofinder/SMS2949:Prokka:SMS2949_00033 (length 331)
prokka_SMS2949_pseudofinder/SMS2949:Prokka:SMS2949_00034 (length 363)
prokka_SMS2949_pseudofinder/SMS2949:Prokka:SMS2949_00035 (length 138)
prokka_SMS2949_pseudofinder/SMS2949:Prokka:SMS2949_00036 (length 156)
prokka_SMS2949_pseudofinder/SMS2949:Prokka:SMS2949_00037 (length 316)
prokka_SMS2949_pseudofinder/SMS2949:Prokka:SMS2949_00038 (length 344)
prokka_SMS2949_pseudofinder/SMS2949:Prokka:SMS2949_00039 (length 78)
prokka_SMS2949_pseudofinder/SMS2949:Prokka:SMS2949_00040 (length 559)
prokka_SMS2949_pseudofinder/SMS2949:Prokka:SMS2949_00041 (length 569)
prokka_SMS2949_pseudofinder/SMS2949:Prokka:SMS2949_00042 (length 198)
prokka_SMS2949_pseudofinder/SMS2949:Prokka:SMS2949_00043 (length 847)
prokka_SMS2949_pseudofinder/SMS2949:Prokka:SMS2949_00044 (length 110)
prokka_SMS2949_pseudofinder/SMS2949:Prokka:SMS2949_00045 (length 369)
prokka_SMS2949_pseudofinder/SMS2949:Prokka:SMS2949_00046 (length 368)
prokka_SMS2949_pseudofinder/SMS2949:Prokka:SMS2949_00047 (length 389)
prokka_SMS2949_pseudofinder/SMS2949:Prokka:SMS2949_00048 (length 353)
prokka_SMS2949_pseudofinder/SMS2949:Prokka:SMS2949_00049 (length 250)
prokka_SMS2949_pseudofinder/SMS2949:Prokka:SMS2949_00051 (length 1133)
prokka_SMS2949_pseudofinder/SMS2949:Prokka:SMS2949_00053 (length 598)
prokka_SMS2949_pseudofinder/SMS2949:Prokka:SMS2949_00054 (length 355)
prokka_SMS2949_pseudofinder/SMS2949:Prokka:SMS2949_00055 (length 537)
prokka_SMS2949_pseudofinder/SMS2949:Prokka:SMS2949_00056 (length 616)
prokka_SMS2949_pseudofinder/SMS2949:Prokka:SMS2949_00057 (length 124)
prokka_SMS2949_pseudofinder/SMS2949:Prokka:SMS2949_00059 (length 190)
prokka_SMS2949_pseudofinder/SMS2949:Prokka:SMS2949_00060 (length 499)
prokka_SMS2949_pseudofinder/SMS2949:Prokka:SMS2949_00061 (length 151)
prokka_SMS2949_pseudofinder/SMS2949:Prokka:SMS2949_00062 (length 89)
prokka_SMS2949_pseudofinder/SMS2949:Prokka:SMS2949_00063 (length 121)
prokka_SMS2949_pseudofinder/SMS2949:Prokka:SMS2949_00065 (length 85)
prokka_SMS2949_pseudofinder/SMS2949:Prokka:SMS2949_00066 (length 110)
prokka_SMS2949_pseudofinder/SMS2949:Prokka:SMS2949_00068 (length 438)
prokka_SMS2949_pseudofinder/SMS2949:Prokka:SMS2949_00069 (length 199)
prokka_SMS2949_pseudofinder/SMS2949:Prokka:SMS2949_00070 (length 318)
prokka_SMS2949_pseudofinder/SMS2949:Prokka:SMS2949_00071 (length 31)
prokka_SMS2949_pseudofinder/SMS2949:Prokka:SMS2949_00073 (length 248)
prokka_SMS2949_pseudofinder/SMS2949:Prokka:SMS2949_00074 (length 284)
prokka_SMS2949_pseudofinder/SMS2949:Prokka:SMS2949_00075 (length 439)
prokka_SMS2949_pseudofinder/SMS2949:Prokka:SMS2949_00076 (length 420)
prokka_SMS2949_pseudofinder/SMS2949:Prokka:SMS2949_00080 (length 495)
prokka_SMS2949_pseudofinder/SMS2949:Prokka:SMS2949_00081 (length 61)
prokka_SMS2949_pseudofinder/SMS2949:Prokka:SMS2949_00082 (length 535)
prokka_SMS2949_pseudofinder/SMS2949:Prokka:SMS2949_00083 (length 602)
prokka_SMS2949_pseudofinder/SMS2949:Prokka:SMS2949_00085 (length 485)
prokka_SMS2949_pseudofinder/SMS2949:Prokka:SMS2949_00086 (length 377)
prokka_SMS2949_pseudofinder/SMS2949:Prokka:SMS2949_00087 (length 315)
prokka_SMS2949_pseudofinder/SMS2949:Prokka:SMS2949_00090 (length 1293)
prokka_SMS2949_pseudofinder/SMS2949:Prokka:SMS2949_00092 (length 451)
prokka_SMS2949_pseudofinder/SMS2949:Prokka:SMS2949_00093 (length 277)
prokka_SMS2949_pseudofinder/SMS2949:Prokka:SMS2949_00094 (length 459)
prokka_SMS2949_pseudofinder/SMS2949:Prokka:SMS2949_00095 (length 180)
prokka_SMS2949_pseudofinder/SMS2949:Prokka:SMS2949_00096 (length 359)
prokka_SMS2949_pseudofinder/SMS2949:Prokka:SMS2949_00097 (length 392)
prokka_SMS2949_pseudofinder/SMS2949:Prokka:SMS2949_00098 (length 363)
prokka_SMS2949_pseudofinder/SMS2949:Prokka:SMS2949_00099 (length 150)
prokka_SMS2949_pseudofinder/SMS2949:Prokka:SMS2949_00100 (length 113)
prokka_SMS2949_pseudofinder/SMS2949:Prokka:SMS2949_00101 (length 68)
prokka_SMS2949_pseudofinder/SMS2949:Prokka:SMS2949_00102 (length 172)
prokka_SMS2949_pseudofinder/SMS2949:Prokka:SMS2949_00103 (length 620)
prokka_SMS2949_pseudofinder/SMS2949:Prokka:SMS2949_00104 (length 130)
prokka_SMS2949_pseudofinder/SMS2949:Prokka:SMS2949_00105 (length 127)
prokka_SMS2949_pseudofinder/SMS2949:Prokka:SMS2949_00106 (length 235)
prokka_SMS2949_pseudofinder/SMS2949:Prokka:SMS2949_00107 (length 211)
prokka_SMS2949_pseudofinder/SMS2949:Prokka:SMS2949_00110 (length 859)
prokka_SMS2949_pseudofinder/SMS2949:Prokka:SMS2949_00111 (length 403)
prokka_SMS2949_pseudofinder/SMS2949:Prokka:SMS2949_00112 (length 216)
prokka_SMS2949_pseudofinder/SMS2949:Prokka:SMS2949_00113 (length 343)
prokka_SMS2949_pseudofinder/SMS2949:Prokka:SMS2949_00116 (length 152)
prokka_SMS2949_pseudofinder/SMS2949:Prokka:SMS2949_00120 (length 390)
prokka_SMS2949_pseudofinder/SMS2949:Prokka:SMS2949_00121 (length 139)
prokka_SMS2949_pseudofinder/SMS2949:Prokka:SMS2949_00122 (length 207)
prokka_SMS2949_pseudofinder/SMS2949:Prokka:SMS2949_00125 (length 81)
prokka_SMS2949_pseudofinder/SMS2949:Prokka:SMS2949_00128 (length 395)
prokka_SMS2949_pseudofinder/SMS2949:Prokka:SMS2949_00130 (length 150)
prokka_SMS2949_pseudofinder/SMS2949:Prokka:SMS2949_00131 (length 207)
prokka_SMS2949_pseudofinder/SMS2949:Prokka:SMS2949_00132 (length 179)
prokka_SMS2949_pseudofinder/SMS2949:Prokka:SMS2949_00133 (length 125)
prokka_SMS2949_pseudofinder/SMS2949:Prokka:SMS2949_00134 (length 1233)
prokka_SMS2949_pseudofinder/SMS2949:Prokka:SMS2949_00135 (length 1360)
prokka_SMS2949_pseudofinder/SMS2949:Prokka:SMS2949_00136 (length 324)
prokka_SMS2949_pseudofinder/SMS2949:Prokka:SMS2949_00138 (length 59)
prokka_SMS2949_pseudofinder/SMS2949:Prokka:SMS2949_00139 (length 74)
prokka_SMS2949_pseudofinder/SMS2949:Prokka:SMS2949_00140 (length 414)
prokka_SMS2949_pseudofinder/SMS2949:Prokka:SMS2949_00142 (length 895)
prokka_SMS2949_pseudofinder/SMS2949:Prokka:SMS2949_00143 (length 418)
prokka_SMS2949_pseudofinder/SMS2949:Prokka:SMS2949_00144 (length 384)
prokka_SMS2949_pseudofinder/SMS2949:Prokka:SMS2949_00145 (length 465)
prokka_SMS2949_pseudofinder/SMS2949:Prokka:SMS2949_00146 (length 194)
prokka_SMS2949_pseudofinder/SMS2949:Prokka:SMS2949_00147 (length 365)
prokka_SMS2949_pseudofinder/SMS2949:Prokka:SMS2949_00148 (length 142)
prokka_SMS2949_pseudofinder/SMS2949:Prokka:SMS2949_00149 (length 283)
prokka_SMS2949_pseudofinder/SMS2949:Prokka:SMS2949_00150 (length 69)
prokka_SMS2949_pseudofinder/SMS2949:Prokka:SMS2949_00151 (length 321)
prokka_SMS2949_pseudofinder/SMS2949:Prokka:SMS2949_00152 (length 463)
prokka_SMS2949_pseudofinder/SMS2949:Prokka:SMS2949_00155 (length 145)
prokka_SMS2949_pseudofinder/SMS2949:Prokka:SMS2949_00156 (length 547)
prokka_SMS2949_pseudofinder/SMS2949:Prokka:SMS2949_00157 (length 89)
prokka_SMS2949_pseudofinder/SMS2949:Prokka:SMS2949_00158 (length 436)
prokka_SMS2949_pseudofinder/SMS2949:Prokka:SMS2949_00159 (length 475)
prokka_SMS2949_pseudofinder/SMS2949:Prokka:SMS2949_00160 (length 247)
prokka_SMS2949_pseudofinder/SMS2949:Prokka:SMS2949_00161 (length 430)
prokka_SMS2949_pseudofinder/SMS2949:Prokka:SMS2949_00162 (length 402)
prokka_SMS2949_pseudofinder/SMS2949:Prokka:SMS2949_00163 (length 556)
prokka_SMS2949_pseudofinder/SMS2949:Prokka:SMS2949_00164 (length 72)
prokka_SMS2949_pseudofinder/SMS2949:Prokka:SMS2949_00166 (length 96)
prokka_SMS2949_pseudofinder/SMS2949:Prokka:SMS2949_00168 (length 62)
prokka_SMS2949_pseudofinder/SMS2949:Prokka:SMS2949_00169 (length 327)
prokka_SMS2949_pseudofinder/SMS2949:Prokka:SMS2949_00170 (length 314)
prokka_SMS2949_pseudofinder/SMS2949:Prokka:SMS2949_00171 (length 633)
prokka_SMS2949_pseudofinder/SMS2949:Prokka:SMS2949_00172 (length 56)
prokka_SMS2949_pseudofinder/SMS2949:Prokka:SMS2949_00173 (length 97)
prokka_SMS2949_pseudofinder/SMS2949:Prokka:SMS2949_00174 (length 333)
prokka_SMS2949_pseudofinder/SMS2949:Prokka:SMS2949_00175 (length 124)
prokka_SMS2949_pseudofinder/SMS2949:Prokka:SMS2949_00176 (length 159)

DiscRep_ALL:DISC_INCONSISTENT_MOLINFO_TECH::Molinfo Technique Report (some missing, all same)
DiscRep_SUB:DISC_INCONSISTENT_MOLINFO_TECH::technique (all missing)
DiscRep_SUB:DISC_INCONSISTENT_MOLINFO_TECH::1 Molinfos are missing field technique
prokka_SMS2949_pseudofinder/SMS2949:Prokka:SMS2949_1 (length 145541)

