16:31:55.523 - INFO - UTILS - version=1.5.0
16:31:55.524 - INFO - UTILS - developer: Oliver Schwengers, github.com/oschwengers
16:31:55.524 - INFO - UTILS - command: /home/diego/miniconda3/envs/bakta/bin/bakta VFPYRCLA.fasta --prefix bakta_VFPYRCLA --output bakta_VFPYRCLA -t 8 --locus-tag VFPYRCLA
16:31:55.524 - INFO - UTILS - local time: 2022-11-10 16:31:55
16:31:55.525 - INFO - UTILS - machine: type=x86_64, cores=12
16:31:55.525 - INFO - UTILS - system: type=Linux, release=5.15.0-52-generic
16:31:55.525 - INFO - UTILS - python: version=3.10.6, implementation=CPython
16:31:55.525 - INFO - CONFIG - threads=8
16:31:55.525 - INFO - CONFIG - verbose=False
16:31:55.526 - INFO - CONFIG - database: type=environment, path=/home/diego/bakta_db/db/db
16:31:55.526 - INFO - CONFIG - tmp-path=/tmp/tmpj8witpnl
16:31:55.527 - INFO - CONFIG - genome-path=/home/diego/Documents/metagenomes/annotation_symbio_merge/annotation_Beta/genomes/VFPYRCLA.fasta
16:31:55.527 - INFO - CONFIG - min_contig_length=1
16:31:55.527 - INFO - CONFIG - prefix=bakta_VFPYRCLA
16:31:55.527 - INFO - CONFIG - output-path=/home/diego/Documents/metagenomes/annotation_symbio_merge/annotation_Beta/genomes/bakta_VFPYRCLA
16:31:55.527 - INFO - CONFIG - genus=None
16:31:55.527 - INFO - CONFIG - species=None
16:31:55.527 - INFO - CONFIG - strain=None
16:31:55.527 - INFO - CONFIG - plasmid=None
16:31:55.527 - INFO - CONFIG - complete=False
16:31:55.527 - INFO - CONFIG - prodigal_tf=None
16:31:55.527 - INFO - CONFIG - translation_table=11
16:31:55.527 - INFO - CONFIG - gram=?
16:31:55.527 - INFO - CONFIG - compliant=False
16:31:55.527 - INFO - CONFIG - locus=None
16:31:55.527 - INFO - CONFIG - locus-tag=VFPYRCLA
16:31:55.527 - INFO - CONFIG - keep_contig_headers=False
16:31:55.527 - INFO - CONFIG - replicon-table=None
16:31:55.527 - INFO - CONFIG - skip-tRNA=False
16:31:55.527 - INFO - CONFIG - skip-tmRNA=False
16:31:55.527 - INFO - CONFIG - skip-rRNA=False
16:31:55.527 - INFO - CONFIG - skip-ncRNA=False
16:31:55.527 - INFO - CONFIG - skip-ncRNA-region=False
16:31:55.527 - INFO - CONFIG - skip-CRISPR=False
16:31:55.528 - INFO - CONFIG - skip-CDS=False
16:31:55.528 - INFO - CONFIG - skip-pseudo=False
16:31:55.528 - INFO - CONFIG - skip-sORF=False
16:31:55.528 - INFO - CONFIG - skip-gap=False
16:31:55.528 - INFO - CONFIG - skip-ori=False
16:31:55.528 - INFO - DB - detected: major=4, minor=0, date=2022-08-25
16:31:55.592 - INFO - UTILS - dependency: tool=tRNAscan-SE, version=v2.0.9
16:31:55.594 - INFO - UTILS - dependency: tool=aragorn, version=v1.2.41
16:31:55.597 - INFO - UTILS - dependency: tool=cmscan, version=v1.1.4
16:31:55.598 - INFO - UTILS - dependency: tool=pilercr, version=v1.6.0
16:31:55.600 - INFO - UTILS - dependency: tool=prodigal, version=v2.6.3
16:31:55.602 - INFO - UTILS - dependency: tool=amrfinder, version=v3.10.40
16:31:55.627 - INFO - UTILS - dependency: tool=hmmsearch, version=v3.3.2
16:31:55.630 - INFO - UTILS - dependency: tool=diamond, version=v2.0.15
16:31:55.662 - INFO - UTILS - dependency: tool=blastn, version=v2.13.0
16:31:55.670 - INFO - FASTA - imported: id=VFPYRCLA, length=125539, description=, genomic=True, dna=True
16:31:55.671 - INFO - MAIN - imported sequences=1
16:31:55.671 - INFO - UTILS - qc: revised sequence: id=contig_1, orig-id=VFPYRCLA, type=contig, complete=False, topology=linear, name=, description='[gcode=11]', orig-description=''
16:31:55.671 - INFO - FASTA - write genome sequences: path=/tmp/tmpj8witpnl/contigs.fna, description=False, wrap=False
16:32:07.826 - INFO - T_RNA - contig=contig_1, start=1187, stop=1257, strand=+, gene=Trp_trna, product=tRNA-Trp, score=56.8, nt=[AGAGATATAT..TCTATCTCTG]
16:32:07.826 - INFO - T_RNA - contig=contig_1, start=14287, stop=14359, strand=+, gene=Phe_trna, product=tRNA-Phe, score=62.7, nt=[GGCTTAATAG..CTTTAAGCCA]
16:32:07.826 - INFO - T_RNA - contig=contig_1, start=20833, stop=20904, strand=+, gene=Gln_trna, product=tRNA-Gln, score=67.0, nt=[CGGGAAGTAA..GTCTTCCTTG]
16:32:07.826 - INFO - T_RNA - contig=contig_1, start=29110, stop=29192, strand=+, gene=Ser_trna, product=tRNA-Ser, score=47.3, nt=[GGAGATATGA..GTTATCTCTT]
16:32:07.826 - INFO - T_RNA - contig=contig_1, start=46857, stop=47083, strand=+, gene=None, product=tRNA-Xxx, score=52.9, nt=[AGGTCGTTAG..GCACGACCTA]
16:32:07.826 - INFO - T_RNA - contig=contig_1, start=50207, stop=50289, strand=+, gene=Leu_trna, product=tRNA-Leu, score=51.0, nt=[ACCGGTGTGG..ACCATCGGTA]
16:32:07.826 - INFO - T_RNA - contig=contig_1, start=50290, stop=50376, strand=+, gene=Leu_trna, product=tRNA-Leu, score=43.3, nt=[GCGAGTGTGG..ATCACTCGTA]
16:32:07.826 - INFO - T_RNA - contig=contig_1, start=50379, stop=50461, strand=+, gene=Ser_trna, product=tRNA-Ser, score=65.6, nt=[GGAAAGATGG..TTTCTTTCCT]
16:32:07.826 - INFO - T_RNA - contig=contig_1, start=62847, stop=62918, strand=+, gene=None, product=tRNA-Xxx, score=55.0, nt=[AGGCATTTAA..TCAATGCCTA]
16:32:07.826 - INFO - T_RNA - contig=contig_1, start=65925, stop=65997, strand=+, gene=Arg_trna, product=tRNA-Arg, score=54.4, nt=[GTAGCCATAG..ACTGGCTACC]
16:32:07.826 - INFO - T_RNA - contig=contig_1, start=71849, stop=71919, strand=+, gene=Thr_trna, product=tRNA-Thr, score=59.2, nt=[GCCAAATTAA..GTATTTGGCT]
16:32:07.826 - INFO - T_RNA - contig=contig_1, start=71946, stop=72018, strand=+, gene=His_trna, product=tRNA-His, score=44.8, nt=[GATGGTTATA..TTAATCATCA]
16:32:07.826 - INFO - T_RNA - contig=contig_1, start=75347, stop=75418, strand=+, gene=Pro_trna, product=tRNA-Pro, score=57.0, nt=[CGGAAGGTAG..GTTCTTCCGT]
16:32:07.826 - INFO - T_RNA - contig=contig_1, start=125353, stop=125436, strand=+, gene=Tyr_trna, product=tRNA-Tyr, score=62.3, nt=[GAAGGAATTC..ACTTCCTTCA]
16:32:07.826 - INFO - T_RNA - contig=contig_1, start=125440, stop=125510, strand=+, gene=Gly_trna, product=tRNA-Gly, score=40.6, nt=[GCGTTTATAT..TTTAATCGCT]
16:32:07.826 - INFO - T_RNA - contig=contig_1, start=111251, stop=111323, strand=-, gene=Ile_trna, product=tRNA-Ile, score=59.0, nt=[AGGTCTATAG..ATTAGACCTA]
16:32:07.826 - INFO - T_RNA - contig=contig_1, start=106917, stop=106988, strand=-, gene=Ala_trna, product=tRNA-Ala, score=65.8, nt=[GGGGAAATAA..ATTTTCTCCA]
16:32:07.826 - INFO - T_RNA - contig=contig_1, start=84633, stop=84703, strand=-, gene=Glu_trna, product=tRNA-Glu, score=43.6, nt=[GTCCTCTTCA..CTAGGGGATA]
16:32:07.826 - INFO - T_RNA - contig=contig_1, start=84557, stop=84630, strand=-, gene=Asp_trna, product=tRNA-Asp, score=61.8, nt=[GAGGTAGTAG..GTCTATCTCG]
16:32:07.826 - INFO - T_RNA - contig=contig_1, start=75239, stop=75311, strand=-, gene=fMet_trna, product=tRNA-fMet, score=50.4, nt=[TGTGAGATAG..ATTCTCACGT]
16:32:07.826 - INFO - T_RNA - contig=contig_1, start=75045, stop=75115, strand=-, gene=Arg_trna, product=tRNA-Arg, score=45.3, nt=[CTCCTTATAG..CGTAGGGAGT]
16:32:07.826 - INFO - T_RNA - contig=contig_1, start=73907, stop=73978, strand=-, gene=Val_trna, product=tRNA-Val, score=59.8, nt=[AGGTTTGTAA..ATTAAACCTA]
16:32:07.826 - INFO - T_RNA - contig=contig_1, start=72876, stop=72949, strand=-, gene=Lys_trna, product=tRNA-Lys, score=71.0, nt=[GGGTTGTTAG..GCACAGCCTA]
16:32:07.826 - INFO - T_RNA - contig=contig_1, start=65839, stop=65921, strand=-, gene=Ser_trna, product=tRNA-Ser, score=67.3, nt=[GAAGATGTGA..ATCATCTTCT]
16:32:07.826 - INFO - T_RNA - contig=contig_1, start=65734, stop=65816, strand=-, gene=Leu_trna, product=(pseudo) tRNA-Leu, score=41.5, nt=[GTTCGCGTGG..GTCGTGAATA]
16:32:07.827 - INFO - T_RNA - contig=contig_1, start=55140, stop=55211, strand=-, gene=Asn_trna, product=tRNA-Asn, score=58.7, nt=[TTCCTAGTAA..AGCTAGGAAG]
16:32:07.827 - INFO - T_RNA - contig=contig_1, start=22826, stop=23069, strand=-, gene=None, product=(pseudo) tRNA-Xxx, score=37.8, nt=[ACCGAAGTGA..GTCTTCGGTA]
16:32:07.827 - INFO - T_RNA - predicted=27
16:32:07.851 - INFO - TM_RNA - predicted=0
16:32:10.344 - INFO - R_RNA - contig=contig_1, start=111333, stop=112839, strand=-, gene=16S_rrna, product=16S ribosomal RNA, length=1507, coverage=0.983, truncated=None, score=1332.7, evalue=6.0e-43, nt=[AGAAATAAGA..TTTAAAAAAA]
16:32:10.344 - INFO - R_RNA - contig=contig_1, start=108387, stop=111237, strand=-, gene=23S_rrna, product=23S ribosomal RNA, length=2851, coverage=0.975, truncated=None, score=2419.4, evalue=2.6e-05, nt=[TTTCAAGAAA..ACTTGAGTAC]
16:32:10.344 - INFO - R_RNA - predicted=2
16:32:13.115 - INFO - NC_RNA - predicted=0
16:32:13.784 - INFO - NC_RNA_REGION - predicted=0
16:32:13.879 - INFO - CRISPR - predicted=0
16:32:13.879 - INFO - CDS - create prodigal training file: file=/tmp/tmpj8witpnl/prodigal.tf
16:32:14.031 - INFO - FASTA - write genome sequences: path=/tmp/tmpj8witpnl/contigs.fasta, description=False, wrap=False
16:32:14.031 - INFO - CDS - run prodigal: type=contigs, # sequences=1
16:32:14.092 - INFO - CDS - contig=contig_1, start=1, stop=1188, strand=+, frame=1, truncated=no, start-type=ATG, RBS-motif=None
16:32:14.093 - INFO - CDS - contig=contig_1, start=1277, stop=1687, strand=+, frame=2, truncated=no, start-type=ATG, RBS-motif=None
16:32:14.093 - INFO - CDS - contig=contig_1, start=1680, stop=2312, strand=+, frame=3, truncated=no, start-type=ATG, RBS-motif=None
16:32:14.093 - INFO - CDS - contig=contig_1, start=2305, stop=2769, strand=+, frame=1, truncated=no, start-type=ATG, RBS-motif=None
16:32:14.093 - INFO - CDS - contig=contig_1, start=2747, stop=3097, strand=+, frame=2, truncated=no, start-type=ATG, RBS-motif=None
16:32:14.093 - INFO - CDS - contig=contig_1, start=3099, stop=6872, strand=+, frame=3, truncated=no, start-type=ATG, RBS-motif=None
16:32:14.093 - INFO - CDS - contig=contig_1, start=6869, stop=11044, strand=+, frame=2, truncated=no, start-type=ATG, RBS-motif=None
16:32:14.093 - INFO - CDS - contig=contig_1, start=11019, stop=11489, strand=+, frame=3, truncated=no, start-type=ATG, RBS-motif=None
16:32:14.093 - INFO - CDS - contig=contig_1, start=11491, stop=13560, strand=+, frame=1, truncated=no, start-type=ATG, RBS-motif=None
16:32:14.093 - INFO - CDS - contig=contig_1, start=13557, stop=13865, strand=+, frame=3, truncated=no, start-type=ATG, RBS-motif=None
16:32:14.093 - INFO - CDS - contig=contig_1, start=13862, stop=14293, strand=+, frame=2, truncated=no, start-type=ATG, RBS-motif=None
16:32:14.093 - INFO - CDS - contig=contig_1, start=14369, stop=14773, strand=+, frame=2, truncated=no, start-type=ATG, RBS-motif=None
16:32:14.093 - INFO - CDS - contig=contig_1, start=14770, stop=15666, strand=+, frame=1, truncated=no, start-type=ATG, RBS-motif=None
16:32:14.093 - INFO - CDS - contig=contig_1, start=15663, stop=16346, strand=-, frame=3, truncated=no, start-type=TTG, RBS-motif=None
16:32:14.093 - INFO - CDS - contig=contig_1, start=16336, stop=17430, strand=-, frame=2, truncated=no, start-type=ATG, RBS-motif=None
16:32:14.093 - INFO - CDS - contig=contig_1, start=17427, stop=17819, strand=-, frame=3, truncated=no, start-type=ATG, RBS-motif=None
16:32:14.093 - INFO - CDS - contig=contig_1, start=17816, stop=18109, strand=-, frame=1, truncated=no, start-type=ATG, RBS-motif=None
16:32:14.093 - INFO - CDS - contig=contig_1, start=18054, stop=18899, strand=-, frame=3, truncated=no, start-type=ATG, RBS-motif=None
16:32:14.093 - INFO - CDS - contig=contig_1, start=18905, stop=19465, strand=-, frame=1, truncated=no, start-type=ATG, RBS-motif=None
16:32:14.093 - INFO - CDS - contig=contig_1, start=19471, stop=20808, strand=-, frame=2, truncated=no, start-type=ATG, RBS-motif=None
16:32:14.093 - INFO - CDS - contig=contig_1, start=20914, stop=21771, strand=+, frame=1, truncated=no, start-type=ATG, RBS-motif=None
16:32:14.093 - INFO - CDS - contig=contig_1, start=21758, stop=22270, strand=+, frame=2, truncated=no, start-type=ATG, RBS-motif=None
16:32:14.093 - INFO - CDS - contig=contig_1, start=22267, stop=22815, strand=-, frame=2, truncated=no, start-type=ATG, RBS-motif=None
16:32:14.093 - INFO - CDS - contig=contig_1, start=23112, stop=24233, strand=+, frame=3, truncated=no, start-type=ATG, RBS-motif=None
16:32:14.093 - INFO - CDS - contig=contig_1, start=24225, stop=25526, strand=-, frame=3, truncated=no, start-type=ATG, RBS-motif=None
16:32:14.093 - INFO - CDS - contig=contig_1, start=25480, stop=26196, strand=-, frame=2, truncated=no, start-type=ATG, RBS-motif=None
16:32:14.093 - INFO - CDS - contig=contig_1, start=26196, stop=27056, strand=-, frame=3, truncated=no, start-type=ATG, RBS-motif=None
16:32:14.093 - INFO - CDS - contig=contig_1, start=27367, stop=27975, strand=+, frame=1, truncated=no, start-type=ATG, RBS-motif=None
16:32:14.093 - INFO - CDS - contig=contig_1, start=27965, stop=28705, strand=+, frame=2, truncated=no, start-type=ATG, RBS-motif=None
16:32:14.093 - INFO - CDS - contig=contig_1, start=28702, stop=29091, strand=+, frame=1, truncated=no, start-type=ATG, RBS-motif=None
16:32:14.093 - INFO - CDS - contig=contig_1, start=29184, stop=29381, strand=-, frame=3, truncated=no, start-type=ATG, RBS-motif=None
16:32:14.094 - INFO - CDS - contig=contig_1, start=29383, stop=31737, strand=-, frame=2, truncated=no, start-type=ATG, RBS-motif=None
16:32:14.094 - INFO - CDS - contig=contig_1, start=31709, stop=31882, strand=-, frame=1, truncated=no, start-type=ATG, RBS-motif=None
16:32:14.094 - INFO - CDS - contig=contig_1, start=31879, stop=32019, strand=-, frame=2, truncated=no, start-type=ATG, RBS-motif=None
16:32:14.094 - INFO - CDS - contig=contig_1, start=32024, stop=34192, strand=+, frame=2, truncated=no, start-type=ATG, RBS-motif=None
16:32:14.094 - INFO - CDS - contig=contig_1, start=34410, stop=35132, strand=+, frame=3, truncated=no, start-type=ATG, RBS-motif=None
16:32:14.094 - INFO - CDS - contig=contig_1, start=35129, stop=36265, strand=+, frame=2, truncated=no, start-type=ATG, RBS-motif=None
16:32:14.094 - INFO - CDS - contig=contig_1, start=36257, stop=37114, strand=-, frame=1, truncated=no, start-type=ATG, RBS-motif=None
16:32:14.094 - INFO - CDS - contig=contig_1, start=37065, stop=37820, strand=-, frame=3, truncated=no, start-type=ATG, RBS-motif=None
16:32:14.094 - INFO - CDS - contig=contig_1, start=37814, stop=38803, strand=-, frame=1, truncated=no, start-type=ATG, RBS-motif=None
16:32:14.094 - INFO - CDS - contig=contig_1, start=38745, stop=39362, strand=-, frame=3, truncated=no, start-type=ATG, RBS-motif=None
16:32:14.094 - INFO - CDS - contig=contig_1, start=39359, stop=40570, strand=-, frame=1, truncated=no, start-type=ATG, RBS-motif=None
16:32:14.094 - INFO - CDS - contig=contig_1, start=40567, stop=41937, strand=-, frame=2, truncated=no, start-type=ATG, RBS-motif=None
16:32:14.094 - INFO - CDS - contig=contig_1, start=41950, stop=42915, strand=-, frame=2, truncated=no, start-type=ATG, RBS-motif=None
16:32:14.094 - INFO - CDS - contig=contig_1, start=43231, stop=44607, strand=-, frame=2, truncated=no, start-type=ATG, RBS-motif=None
16:32:14.094 - INFO - CDS - contig=contig_1, start=44585, stop=45556, strand=-, frame=1, truncated=no, start-type=ATG, RBS-motif=None
16:32:14.094 - INFO - CDS - contig=contig_1, start=45592, stop=46866, strand=+, frame=1, truncated=no, start-type=ATG, RBS-motif=None
16:32:14.094 - INFO - CDS - contig=contig_1, start=47029, stop=50064, strand=+, frame=1, truncated=no, start-type=ATG, RBS-motif=None
16:32:14.094 - INFO - CDS - contig=contig_1, start=50052, stop=50219, strand=+, frame=3, truncated=no, start-type=ATG, RBS-motif=None
16:32:14.094 - INFO - CDS - contig=contig_1, start=50407, stop=51261, strand=+, frame=1, truncated=no, start-type=ATG, RBS-motif=None
16:32:14.094 - INFO - CDS - contig=contig_1, start=51233, stop=52264, strand=+, frame=2, truncated=no, start-type=ATG, RBS-motif=None
16:32:14.094 - INFO - CDS - contig=contig_1, start=52254, stop=52889, strand=+, frame=3, truncated=no, start-type=ATG, RBS-motif=None
16:32:14.094 - INFO - CDS - contig=contig_1, start=52879, stop=54009, strand=+, frame=1, truncated=no, start-type=ATG, RBS-motif=None
16:32:14.094 - INFO - CDS - contig=contig_1, start=54009, stop=54689, strand=+, frame=3, truncated=no, start-type=ATG, RBS-motif=None
16:32:14.094 - INFO - CDS - contig=contig_1, start=54667, stop=54930, strand=+, frame=1, truncated=no, start-type=ATG, RBS-motif=None
16:32:14.094 - INFO - CDS - contig=contig_1, start=54911, stop=55147, strand=+, frame=2, truncated=no, start-type=ATG, RBS-motif=None
16:32:14.094 - INFO - CDS - contig=contig_1, start=55211, stop=55705, strand=+, frame=2, truncated=no, start-type=ATG, RBS-motif=None
16:32:14.094 - INFO - CDS - contig=contig_1, start=55709, stop=55867, strand=+, frame=2, truncated=no, start-type=ATG, RBS-motif=None
16:32:14.094 - INFO - CDS - contig=contig_1, start=55975, stop=56505, strand=-, frame=2, truncated=no, start-type=ATG, RBS-motif=None
16:32:14.094 - INFO - CDS - contig=contig_1, start=56663, stop=57514, strand=+, frame=2, truncated=no, start-type=TTG, RBS-motif=None
16:32:14.094 - INFO - CDS - contig=contig_1, start=57518, stop=60595, strand=+, frame=2, truncated=no, start-type=ATG, RBS-motif=None
16:32:14.094 - INFO - CDS - contig=contig_1, start=60595, stop=61134, strand=+, frame=1, truncated=no, start-type=ATG, RBS-motif=None
16:32:14.094 - INFO - CDS - contig=contig_1, start=61131, stop=61676, strand=+, frame=3, truncated=no, start-type=ATG, RBS-motif=None
16:32:14.095 - INFO - CDS - contig=contig_1, start=61673, stop=62845, strand=+, frame=2, truncated=no, start-type=ATG, RBS-motif=None
16:32:14.095 - INFO - CDS - contig=contig_1, start=62882, stop=63691, strand=+, frame=2, truncated=no, start-type=ATG, RBS-motif=None
16:32:14.095 - INFO - CDS - contig=contig_1, start=63684, stop=64715, strand=+, frame=3, truncated=no, start-type=ATG, RBS-motif=None
16:32:14.095 - INFO - CDS - contig=contig_1, start=64708, stop=65760, strand=+, frame=1, truncated=no, start-type=ATG, RBS-motif=None
16:32:14.095 - INFO - CDS - contig=contig_1, start=65766, stop=65951, strand=-, frame=3, truncated=no, start-type=ATG, RBS-motif=None
16:32:14.095 - INFO - CDS - contig=contig_1, start=65952, stop=66581, strand=+, frame=3, truncated=no, start-type=TTG, RBS-motif=None
16:32:14.095 - INFO - CDS - contig=contig_1, start=66578, stop=67813, strand=+, frame=2, truncated=no, start-type=ATG, RBS-motif=None
16:32:14.095 - INFO - CDS - contig=contig_1, start=67806, stop=68741, strand=+, frame=3, truncated=no, start-type=ATG, RBS-motif=None
16:32:14.095 - INFO - CDS - contig=contig_1, start=68738, stop=69316, strand=+, frame=2, truncated=no, start-type=ATG, RBS-motif=None
16:32:14.095 - INFO - CDS - contig=contig_1, start=69317, stop=69901, strand=+, frame=2, truncated=no, start-type=ATG, RBS-motif=None
16:32:14.095 - INFO - CDS - contig=contig_1, start=69898, stop=70575, strand=+, frame=1, truncated=no, start-type=ATG, RBS-motif=None
16:32:14.095 - INFO - CDS - contig=contig_1, start=70560, stop=71300, strand=+, frame=3, truncated=no, start-type=ATG, RBS-motif=None
16:32:14.095 - INFO - CDS - contig=contig_1, start=71297, stop=71593, strand=+, frame=2, truncated=no, start-type=ATG, RBS-motif=None
16:32:14.095 - INFO - CDS - contig=contig_1, start=71586, stop=71858, strand=+, frame=3, truncated=no, start-type=ATG, RBS-motif=None
16:32:14.095 - INFO - CDS - contig=contig_1, start=72026, stop=72889, strand=+, frame=2, truncated=no, start-type=ATG, RBS-motif=None
16:32:14.095 - INFO - CDS - contig=contig_1, start=72961, stop=73320, strand=-, frame=2, truncated=no, start-type=ATG, RBS-motif=None
16:32:14.095 - INFO - CDS - contig=contig_1, start=73449, stop=73898, strand=-, frame=3, truncated=no, start-type=GTG, RBS-motif=None
16:32:14.095 - INFO - CDS - contig=contig_1, start=73977, stop=75101, strand=-, frame=3, truncated=no, start-type=ATG, RBS-motif=None
16:32:14.095 - INFO - CDS - contig=contig_1, start=75116, stop=75244, strand=+, frame=2, truncated=no, start-type=ATG, RBS-motif=None
16:32:14.095 - INFO - CDS - contig=contig_1, start=75737, stop=76228, strand=-, frame=1, truncated=no, start-type=ATG, RBS-motif=None
16:32:14.095 - INFO - CDS - contig=contig_1, start=76225, stop=77061, strand=-, frame=2, truncated=no, start-type=TTG, RBS-motif=None
16:32:14.095 - INFO - CDS - contig=contig_1, start=77237, stop=78241, strand=+, frame=2, truncated=no, start-type=ATG, RBS-motif=None
16:32:14.095 - INFO - CDS - contig=contig_1, start=78234, stop=79013, strand=+, frame=3, truncated=no, start-type=ATG, RBS-motif=None
16:32:14.095 - INFO - CDS - contig=contig_1, start=79006, stop=80067, strand=+, frame=1, truncated=no, start-type=ATG, RBS-motif=None
16:32:14.095 - INFO - CDS - contig=contig_1, start=80054, stop=81388, strand=-, frame=1, truncated=no, start-type=ATG, RBS-motif=None
16:32:14.095 - INFO - CDS - contig=contig_1, start=81385, stop=82554, strand=-, frame=2, truncated=no, start-type=ATG, RBS-motif=None
16:32:14.095 - INFO - CDS - contig=contig_1, start=82547, stop=83830, strand=-, frame=1, truncated=no, start-type=ATG, RBS-motif=None
16:32:14.095 - INFO - CDS - contig=contig_1, start=83814, stop=84008, strand=-, frame=3, truncated=no, start-type=ATG, RBS-motif=None
16:32:14.095 - INFO - CDS - contig=contig_1, start=83992, stop=84306, strand=-, frame=2, truncated=no, start-type=ATG, RBS-motif=None
16:32:14.095 - INFO - CDS - contig=contig_1, start=84323, stop=84556, strand=+, frame=2, truncated=no, start-type=ATG, RBS-motif=None
16:32:14.095 - INFO - CDS - contig=contig_1, start=84703, stop=85875, strand=-, frame=2, truncated=no, start-type=ATG, RBS-motif=None
16:32:14.095 - INFO - CDS - contig=contig_1, start=85882, stop=87159, strand=+, frame=1, truncated=no, start-type=ATG, RBS-motif=None
16:32:14.096 - INFO - CDS - contig=contig_1, start=87156, stop=88919, strand=+, frame=3, truncated=no, start-type=ATG, RBS-motif=None
16:32:14.096 - INFO - CDS - contig=contig_1, start=88955, stop=89212, strand=+, frame=2, truncated=no, start-type=ATG, RBS-motif=None
16:32:14.096 - INFO - CDS - contig=contig_1, start=89202, stop=90794, strand=+, frame=3, truncated=no, start-type=ATG, RBS-motif=None
16:32:14.096 - INFO - CDS - contig=contig_1, start=90798, stop=92051, strand=+, frame=3, truncated=no, start-type=ATG, RBS-motif=None
16:32:14.096 - INFO - CDS - contig=contig_1, start=92044, stop=93042, strand=+, frame=1, truncated=no, start-type=ATG, RBS-motif=None
16:32:14.096 - INFO - CDS - contig=contig_1, start=93044, stop=94129, strand=-, frame=1, truncated=no, start-type=TTG, RBS-motif=None
16:32:14.096 - INFO - CDS - contig=contig_1, start=94137, stop=94253, strand=+, frame=3, truncated=no, start-type=ATG, RBS-motif=None
16:32:14.096 - INFO - CDS - contig=contig_1, start=94250, stop=94882, strand=+, frame=2, truncated=no, start-type=ATG, RBS-motif=None
16:32:14.096 - INFO - CDS - contig=contig_1, start=94868, stop=95866, strand=-, frame=1, truncated=no, start-type=ATG, RBS-motif=None
16:32:14.096 - INFO - CDS - contig=contig_1, start=95868, stop=97667, strand=-, frame=3, truncated=no, start-type=ATG, RBS-motif=None
16:32:14.096 - INFO - CDS - contig=contig_1, start=97670, stop=98092, strand=-, frame=1, truncated=no, start-type=ATG, RBS-motif=None
16:32:14.096 - INFO - CDS - contig=contig_1, start=98175, stop=99134, strand=+, frame=3, truncated=no, start-type=ATG, RBS-motif=None
16:32:14.096 - INFO - CDS - contig=contig_1, start=99127, stop=100107, strand=-, frame=2, truncated=no, start-type=ATG, RBS-motif=None
16:32:14.096 - INFO - CDS - contig=contig_1, start=100098, stop=100556, strand=-, frame=3, truncated=no, start-type=ATG, RBS-motif=None
16:32:14.096 - INFO - CDS - contig=contig_1, start=100553, stop=102682, strand=-, frame=1, truncated=no, start-type=ATG, RBS-motif=None
16:32:14.096 - INFO - CDS - contig=contig_1, start=102682, stop=103299, strand=-, frame=2, truncated=no, start-type=ATG, RBS-motif=None
16:32:14.096 - INFO - CDS - contig=contig_1, start=103296, stop=104507, strand=-, frame=3, truncated=no, start-type=ATG, RBS-motif=None
16:32:14.096 - INFO - CDS - contig=contig_1, start=104482, stop=105228, strand=-, frame=2, truncated=no, start-type=ATG, RBS-motif=None
16:32:14.096 - INFO - CDS - contig=contig_1, start=105263, stop=105655, strand=+, frame=2, truncated=no, start-type=ATG, RBS-motif=None
16:32:14.096 - INFO - CDS - contig=contig_1, start=105644, stop=105886, strand=-, frame=1, truncated=no, start-type=ATG, RBS-motif=None
16:32:14.096 - INFO - CDS - contig=contig_1, start=105887, stop=106180, strand=-, frame=1, truncated=no, start-type=ATG, RBS-motif=None
16:32:14.096 - INFO - CDS - contig=contig_1, start=106164, stop=106916, strand=-, frame=3, truncated=no, start-type=ATG, RBS-motif=None
16:32:14.096 - INFO - CDS - contig=contig_1, start=107017, stop=108276, strand=+, frame=1, truncated=no, start-type=ATG, RBS-motif=None
16:32:14.096 - INFO - CDS - contig=contig_1, start=108762, stop=108956, strand=+, frame=3, truncated=no, start-type=ATG, RBS-motif=None
16:32:14.096 - INFO - CDS - contig=contig_1, start=111531, stop=111836, strand=-, frame=3, truncated=no, start-type=ATG, RBS-motif=None
16:32:14.096 - INFO - CDS - contig=contig_1, start=112947, stop=113354, strand=+, frame=3, truncated=no, start-type=ATG, RBS-motif=None
16:32:14.096 - INFO - CDS - contig=contig_1, start=113344, stop=113922, strand=+, frame=1, truncated=no, start-type=ATG, RBS-motif=None
16:32:14.096 - INFO - CDS - contig=contig_1, start=113903, stop=114106, strand=+, frame=2, truncated=no, start-type=ATG, RBS-motif=None
16:32:14.096 - INFO - CDS - contig=contig_1, start=114103, stop=114912, strand=+, frame=1, truncated=no, start-type=ATG, RBS-motif=None
16:32:14.097 - INFO - CDS - contig=contig_1, start=114909, stop=115193, strand=+, frame=3, truncated=no, start-type=ATG, RBS-motif=None
16:32:14.097 - INFO - CDS - contig=contig_1, start=115194, stop=115541, strand=+, frame=3, truncated=no, start-type=ATG, RBS-motif=None
16:32:14.097 - INFO - CDS - contig=contig_1, start=115531, stop=116154, strand=+, frame=1, truncated=no, start-type=ATG, RBS-motif=None
16:32:14.097 - INFO - CDS - contig=contig_1, start=116138, stop=116542, strand=+, frame=2, truncated=no, start-type=ATG, RBS-motif=None
16:32:14.097 - INFO - CDS - contig=contig_1, start=116539, stop=116769, strand=+, frame=1, truncated=no, start-type=ATG, RBS-motif=None
16:32:14.097 - INFO - CDS - contig=contig_1, start=116766, stop=117131, strand=+, frame=3, truncated=no, start-type=ATG, RBS-motif=None
16:32:14.097 - INFO - CDS - contig=contig_1, start=117135, stop=117683, strand=+, frame=3, truncated=no, start-type=ATG, RBS-motif=None
16:32:14.097 - INFO - CDS - contig=contig_1, start=117676, stop=117945, strand=+, frame=1, truncated=no, start-type=ATG, RBS-motif=None
16:32:14.097 - INFO - CDS - contig=contig_1, start=117945, stop=118337, strand=+, frame=3, truncated=no, start-type=ATG, RBS-motif=None
16:32:14.097 - INFO - CDS - contig=contig_1, start=118319, stop=118855, strand=+, frame=2, truncated=no, start-type=ATG, RBS-motif=None
16:32:14.097 - INFO - CDS - contig=contig_1, start=118873, stop=119184, strand=+, frame=1, truncated=no, start-type=ATG, RBS-motif=None
16:32:14.097 - INFO - CDS - contig=contig_1, start=119181, stop=119609, strand=+, frame=3, truncated=no, start-type=ATG, RBS-motif=None
16:32:14.097 - INFO - CDS - contig=contig_1, start=119606, stop=119968, strand=+, frame=2, truncated=no, start-type=ATG, RBS-motif=None
16:32:14.097 - INFO - CDS - contig=contig_1, start=119965, stop=120183, strand=+, frame=1, truncated=no, start-type=ATG, RBS-motif=None
16:32:14.097 - INFO - CDS - contig=contig_1, start=120180, stop=120293, strand=+, frame=3, truncated=no, start-type=ATG, RBS-motif=None
16:32:14.097 - INFO - CDS - contig=contig_1, start=120290, stop=120640, strand=+, frame=2, truncated=no, start-type=ATG, RBS-motif=None
16:32:14.097 - INFO - CDS - contig=contig_1, start=120637, stop=120975, strand=+, frame=1, truncated=no, start-type=ATG, RBS-motif=None
16:32:14.097 - INFO - CDS - contig=contig_1, start=120972, stop=121517, strand=+, frame=3, truncated=no, start-type=ATG, RBS-motif=None
16:32:14.097 - INFO - CDS - contig=contig_1, start=121514, stop=122362, strand=+, frame=2, truncated=no, start-type=ATG, RBS-motif=None
16:32:14.097 - INFO - CDS - contig=contig_1, start=122370, stop=122621, strand=+, frame=3, truncated=no, start-type=ATG, RBS-motif=None
16:32:14.097 - INFO - CDS - contig=contig_1, start=122618, stop=122746, strand=+, frame=2, truncated=no, start-type=ATG, RBS-motif=None
16:32:14.097 - INFO - CDS - contig=contig_1, start=122739, stop=123938, strand=-, frame=3, truncated=no, start-type=TTG, RBS-motif=None
16:32:14.097 - INFO - CDS - contig=contig_1, start=123949, stop=124224, strand=+, frame=1, truncated=no, start-type=ATG, RBS-motif=None
16:32:14.097 - INFO - CDS - contig=contig_1, start=124224, stop=125303, strand=+, frame=3, truncated=no, start-type=ATG, RBS-motif=None
16:32:14.098 - INFO - CDS - contig=contig_1, start=1, stop=1188, strand=+, nt=[ATGAAAGAAA..AATAGCATAG]
16:32:14.098 - INFO - CDS - contig=contig_1, start=1277, stop=1687, strand=+, nt=[ATGAAAATAA..AAATGTTTGA]
16:32:14.098 - INFO - CDS - contig=contig_1, start=1680, stop=2312, strand=+, nt=[ATGTTTGATA..ATATGAATAA]
16:32:14.098 - INFO - CDS - contig=contig_1, start=2305, stop=2769, strand=+, nt=[ATGAATAAAA..ATATATTTAA]
16:32:14.098 - INFO - CDS - contig=contig_1, start=2747, stop=3097, strand=+, nt=[ATGAAAACCA..TGTAGAGTAA]
16:32:14.098 - INFO - CDS - contig=contig_1, start=3099, stop=6872, strand=+, nt=[ATGTTATTAA..TTTTAAATGA]
16:32:14.098 - INFO - CDS - contig=contig_1, start=6869, stop=11044, strand=+, nt=[ATGAAAAAAA..GAAAGTATAG]
16:32:14.099 - INFO - CDS - contig=contig_1, start=11019, stop=11489, strand=+, nt=[ATGTCAAGAA..TGCGTTCTAG]
16:32:14.099 - INFO - CDS - contig=contig_1, start=11491, stop=13560, strand=+, nt=[ATGAATATAA..AAAAAAATGA]
16:32:14.099 - INFO - CDS - contig=contig_1, start=13557, stop=13865, strand=+, nt=[ATGAATTTAA..CAACAAATGA]
16:32:14.099 - INFO - CDS - contig=contig_1, start=13862, stop=14293, strand=+, nt=[ATGAAAAAAA..TAAGGCTTAA]
16:32:14.099 - INFO - CDS - contig=contig_1, start=14369, stop=14773, strand=+, nt=[ATGGACGAAA..AAAACTATGA]
16:32:14.099 - INFO - CDS - contig=contig_1, start=14770, stop=15666, strand=+, nt=[ATGAGTTTTA..AAAAGACTAG]
16:32:14.099 - INFO - CDS - contig=contig_1, start=15663, stop=16346, strand=-, nt=[TTGAGAAGTG..GTTAAACTAG]
16:32:14.099 - INFO - CDS - contig=contig_1, start=16336, stop=17430, strand=-, nt=[ATGAAAAAAA..TGAGAAGTGA]
16:32:14.099 - INFO - CDS - contig=contig_1, start=17427, stop=17819, strand=-, nt=[ATGATAGGAA..TAAAAGATGA]
16:32:14.099 - INFO - CDS - contig=contig_1, start=17816, stop=18109, strand=-, nt=[ATGATAATAG..GTTCAAATGA]
16:32:14.099 - INFO - CDS - contig=contig_1, start=18054, stop=18899, strand=-, nt=[ATGAAAATTA..AAAATATTAA]
16:32:14.099 - INFO - CDS - contig=contig_1, start=18905, stop=19465, strand=-, nt=[ATGAAAAAAG..ATATCTTTAA]
16:32:14.099 - INFO - CDS - contig=contig_1, start=19471, stop=20808, strand=-, nt=[ATGTTTAGTA..AGTTTTATAA]
16:32:14.099 - INFO - CDS - contig=contig_1, start=20914, stop=21771, strand=+, nt=[ATGTTTTTTT..TCAACCCTAG]
16:32:14.099 - INFO - CDS - contig=contig_1, start=21758, stop=22270, strand=+, nt=[ATGTTCAACC..GAAACGTTAG]
16:32:14.099 - INFO - CDS - contig=contig_1, start=22267, stop=22815, strand=-, nt=[ATGAAAGTTC..AAAAAACTAA]
16:32:14.099 - INFO - CDS - contig=contig_1, start=23112, stop=24233, strand=+, nt=[ATGAAAAAAA..GTTATCTTAA]
16:32:14.099 - INFO - CDS - contig=contig_1, start=24225, stop=25526, strand=-, nt=[ATGAAAATAA..ATTAAGATAA]
16:32:14.099 - INFO - CDS - contig=contig_1, start=25480, stop=26196, strand=-, nt=[ATGACATTTT..AAATAAATGA]
16:32:14.099 - INFO - CDS - contig=contig_1, start=26196, stop=27056, strand=-, nt=[ATGTTTAAAG..GAACAAGTAA]
16:32:14.099 - INFO - CDS - contig=contig_1, start=27367, stop=27975, strand=+, nt=[ATGAAAAAAA..TGAAGATTAG]
16:32:14.099 - INFO - CDS - contig=contig_1, start=27965, stop=28705, strand=+, nt=[ATGAAGATTA..GATAAAATGA]
16:32:14.099 - INFO - CDS - contig=contig_1, start=28702, stop=29091, strand=+, nt=[ATGATAAAAA..TAAAATATAA]
16:32:14.099 - INFO - CDS - contig=contig_1, start=29184, stop=29381, strand=-, nt=[ATGAAAAACA..GAAGAGATAA]
16:32:14.099 - INFO - CDS - contig=contig_1, start=29383, stop=31737, strand=-, nt=[ATGTATATTT..CTTCTTTTAA]
16:32:14.099 - INFO - CDS - contig=contig_1, start=31709, stop=31882, strand=-, nt=[ATGAAAAAAA..AAAAAAATAA]
16:32:14.099 - INFO - CDS - contig=contig_1, start=31879, stop=32019, strand=-, nt=[ATGAAAAAAA..TAACAAATGA]
16:32:14.099 - INFO - CDS - contig=contig_1, start=32024, stop=34192, strand=+, nt=[ATGGTTCAAA..AACTTGTTAA]
16:32:14.099 - INFO - CDS - contig=contig_1, start=34410, stop=35132, strand=+, nt=[ATGCACAAGA..TTTGAAATGA]
16:32:14.099 - INFO - CDS - contig=contig_1, start=35129, stop=36265, strand=+, nt=[ATGAAAAAAA..ATTAAAATAG]
16:32:14.099 - INFO - CDS - contig=contig_1, start=36257, stop=37114, strand=-, nt=[ATGAAAAAAA..CCTATTTTAA]
16:32:14.099 - INFO - CDS - contig=contig_1, start=37065, stop=37820, strand=-, nt=[ATGTTAGAAA..TAATAAATGA]
16:32:14.099 - INFO - CDS - contig=contig_1, start=37814, stop=38803, strand=-, nt=[ATGACTTTTT..AAAATGTTAG]
16:32:14.099 - INFO - CDS - contig=contig_1, start=38745, stop=39362, strand=-, nt=[ATGATACTTG..AGATATTTAA]
16:32:14.099 - INFO - CDS - contig=contig_1, start=39359, stop=40570, strand=-, nt=[ATGATTACAT..GAAAAAATGA]
16:32:14.099 - INFO - CDS - contig=contig_1, start=40567, stop=41937, strand=-, nt=[ATGAGATGGT..AAAAATATGA]
16:32:14.099 - INFO - CDS - contig=contig_1, start=41950, stop=42915, strand=-, nt=[ATGAAAAATA..CTTTTTTTAA]
16:32:14.100 - INFO - CDS - contig=contig_1, start=43231, stop=44607, strand=-, nt=[ATGATAGAAA..ATCTTTCTGA]
16:32:14.100 - INFO - CDS - contig=contig_1, start=44585, stop=45556, strand=-, nt=[ATGGCTTTTT..TCTTTCTTAA]
16:32:14.100 - INFO - CDS - contig=contig_1, start=45592, stop=46866, strand=+, nt=[ATGAAAAAGT..AGGTCGTTAG]
16:32:14.100 - INFO - CDS - contig=contig_1, start=47029, stop=50064, strand=+, nt=[ATGAAAGTTG..TTTGACATAG]
16:32:14.100 - INFO - CDS - contig=contig_1, start=50052, stop=50219, strand=+, nt=[ATGTTTGACA..GGTGTGGTGA]
16:32:14.100 - INFO - CDS - contig=contig_1, start=50407, stop=51261, strand=+, nt=[ATGTCTAGAA..TAGGGTATAG]
16:32:14.100 - INFO - CDS - contig=contig_1, start=51233, stop=52264, strand=+, nt=[ATGAAAAAAA..TGAAAAATAG]
16:32:14.100 - INFO - CDS - contig=contig_1, start=52254, stop=52889, strand=+, nt=[ATGAAAAATA..TGAATTATAA]
16:32:14.100 - INFO - CDS - contig=contig_1, start=52879, stop=54009, strand=+, nt=[ATGAATTATA..TTTTACATAA]
16:32:14.100 - INFO - CDS - contig=contig_1, start=54009, stop=54689, strand=+, nt=[ATGAAAAAAA..AACTAGCTAA]
16:32:14.100 - INFO - CDS - contig=contig_1, start=54667, stop=54930, strand=+, nt=[ATGTTAAAAA..AATATTTTAA]
16:32:14.100 - INFO - CDS - contig=contig_1, start=54911, stop=55147, strand=+, nt=[ATGAAATTAA..AGCTTCCTAG]
16:32:14.100 - INFO - CDS - contig=contig_1, start=55211, stop=55705, strand=+, nt=[ATGAAAAAAT..ACTATTCTAA]
16:32:14.100 - INFO - CDS - contig=contig_1, start=55709, stop=55867, strand=+, nt=[ATGGCTGTAC..CCGGAATTGA]
16:32:14.100 - INFO - CDS - contig=contig_1, start=55975, stop=56505, strand=-, nt=[ATGAAAAGAT..TATCTTATAG]
16:32:14.100 - INFO - CDS - contig=contig_1, start=56663, stop=57514, strand=+, nt=[TTGAATTCCA..TATTTTTTAA]
16:32:14.100 - INFO - CDS - contig=contig_1, start=57518, stop=60595, strand=+, nt=[ATGGAAAAAA..ATATATTTAA]
16:32:14.100 - INFO - CDS - contig=contig_1, start=60595, stop=61134, strand=+, nt=[ATGTTTAAAA..CAAAAAATGA]
16:32:14.100 - INFO - CDS - contig=contig_1, start=61131, stop=61676, strand=+, nt=[ATGAGAAATT..AAAAAAATGA]
16:32:14.100 - INFO - CDS - contig=contig_1, start=61673, stop=62845, strand=+, nt=[ATGAATAACA..ATCCTTTTAG]
16:32:14.100 - INFO - CDS - contig=contig_1, start=62882, stop=63691, strand=+, nt=[ATGACGAATG..AAATGAATAA]
16:32:14.100 - INFO - CDS - contig=contig_1, start=63684, stop=64715, strand=+, nt=[ATGAATAATG..AAATGCTTAA]
16:32:14.100 - INFO - CDS - contig=contig_1, start=64708, stop=65760, strand=+, nt=[ATGCTTAACT..GAACCGGTAA]
16:32:14.100 - INFO - CDS - contig=contig_1, start=65766, stop=65951, strand=-, nt=[ATGCTTTATC..TTCCGTTTAA]
16:32:14.100 - INFO - CDS - contig=contig_1, start=65952, stop=66581, strand=+, nt=[TTGATTACGA..TCTAAGATGA]
16:32:14.100 - INFO - CDS - contig=contig_1, start=66578, stop=67813, strand=+, nt=[ATGAACATAA..TGATGAATAA]
16:32:14.100 - INFO - CDS - contig=contig_1, start=67806, stop=68741, strand=+, nt=[ATGAATAAGA..AGACAAATGA]
16:32:14.100 - INFO - CDS - contig=contig_1, start=68738, stop=69316, strand=+, nt=[ATGAAAAAAA..AGACGTATAG]
16:32:14.100 - INFO - CDS - contig=contig_1, start=69317, stop=69901, strand=+, nt=[ATGATAGGCA..TCTAAAATGA]
16:32:14.100 - INFO - CDS - contig=contig_1, start=69898, stop=70575, strand=+, nt=[ATGAAAACAA..AAAAGAATAA]
16:32:14.100 - INFO - CDS - contig=contig_1, start=70560, stop=71300, strand=+, nt=[ATGTATAAAA..TGCAAGATGA]
16:32:14.100 - INFO - CDS - contig=contig_1, start=71297, stop=71593, strand=+, nt=[ATGAGTAAAA..AAATGTTTAA]
16:32:14.100 - INFO - CDS - contig=contig_1, start=71586, stop=71858, strand=+, nt=[ATGTTTAAAA..GCCAAATTAA]
16:32:14.100 - INFO - CDS - contig=contig_1, start=72026, stop=72889, strand=+, nt=[ATGAAAAAAA..CTGTGCGTGA]
16:32:14.100 - INFO - CDS - contig=contig_1, start=72961, stop=73320, strand=-, nt=[ATGTCAAGAG..CGAAGAATAA]
16:32:14.101 - INFO - CDS - contig=contig_1, start=73449, stop=73898, strand=-, nt=[GTGTTTATAG..AAACAAATAA]
16:32:14.101 - INFO - CDS - contig=contig_1, start=73977, stop=75101, strand=-, nt=[ATGGAAGAAC..GTTTTTTTAG]
16:32:14.101 - INFO - CDS - contig=contig_1, start=75116, stop=75244, strand=+, nt=[ATGAAAGTAA..AAAAACGTGA]
16:32:14.101 - INFO - CDS - contig=contig_1, start=75737, stop=76228, strand=-, nt=[ATGAAATTGG..TATTGCGTAG]
16:32:14.101 - INFO - CDS - contig=contig_1, start=76225, stop=77061, strand=-, nt=[TTGAATAAAA..TGTTAGATGA]
16:32:14.101 - INFO - CDS - contig=contig_1, start=77237, stop=78241, strand=+, nt=[ATGTTTGCAA..ATATGAATAA]
16:32:14.101 - INFO - CDS - contig=contig_1, start=78234, stop=79013, strand=+, nt=[ATGAATAAAA..AAATGTTTGA]
16:32:14.101 - INFO - CDS - contig=contig_1, start=79006, stop=80067, strand=+, nt=[ATGTTTGAAA..GTCTTGTTAA]
16:32:14.101 - INFO - CDS - contig=contig_1, start=80054, stop=81388, strand=-, nt=[ATGATTTTTA..CAAGACATAG]
16:32:14.101 - INFO - CDS - contig=contig_1, start=81385, stop=82554, strand=-, nt=[ATGAATAAGA..AACAAGATGA]
16:32:14.101 - INFO - CDS - contig=contig_1, start=82547, stop=83830, strand=-, nt=[ATGAAAAAAA..AAATGAATAA]
16:32:14.101 - INFO - CDS - contig=contig_1, start=83814, stop=84008, strand=-, nt=[ATGATTTATC..AAAAAAATGA]
16:32:14.101 - INFO - CDS - contig=contig_1, start=83992, stop=84306, strand=-, nt=[ATGATTTATG..ATCCAAATAA]
16:32:14.101 - INFO - CDS - contig=contig_1, start=84323, stop=84556, strand=+, nt=[ATGAAAAAAT..CATAAAATAA]
16:32:14.101 - INFO - CDS - contig=contig_1, start=84703, stop=85875, strand=-, nt=[ATGAATATTA..ATTTTTTTAG]
16:32:14.101 - INFO - CDS - contig=contig_1, start=85882, stop=87159, strand=+, nt=[ATGTATAGAC..AGGAAAATGA]
16:32:14.101 - INFO - CDS - contig=contig_1, start=87156, stop=88919, strand=+, nt=[ATGAATACAA..AAAAATATAA]
16:32:14.101 - INFO - CDS - contig=contig_1, start=88955, stop=89212, strand=+, nt=[ATGAAAAAAG..TGGAAAATAA]
16:32:14.101 - INFO - CDS - contig=contig_1, start=89202, stop=90794, strand=+, nt=[ATGGAAAATA..CAAAGATTAA]
16:32:14.101 - INFO - CDS - contig=contig_1, start=90798, stop=92051, strand=+, nt=[ATGAACCAAA..AAATGTATAA]
16:32:14.101 - INFO - CDS - contig=contig_1, start=92044, stop=93042, strand=+, nt=[ATGTATAAAA..TTTAAATTAA]
16:32:14.101 - INFO - CDS - contig=contig_1, start=93044, stop=94129, strand=-, nt=[TTGATTTTAA..AATTAACTAA]
16:32:14.101 - INFO - CDS - contig=contig_1, start=94137, stop=94253, strand=+, nt=[ATGAAAAAAA..AAGAAAATGA]
16:32:14.101 - INFO - CDS - contig=contig_1, start=94250, stop=94882, strand=+, nt=[ATGAAAAAGA..GATTAAATAG]
16:32:14.101 - INFO - CDS - contig=contig_1, start=94868, stop=95866, strand=-, nt=[ATGAACAAAT..TAATCAATAG]
16:32:14.101 - INFO - CDS - contig=contig_1, start=95868, stop=97667, strand=-, nt=[ATGAAAAAAA..AAAAACATAG]
16:32:14.101 - INFO - CDS - contig=contig_1, start=97670, stop=98092, strand=-, nt=[ATGACAAAAA..CATAACTTAA]
16:32:14.101 - INFO - CDS - contig=contig_1, start=98175, stop=99134, strand=+, nt=[ATGGCAATTT..AGTTAGATGA]
16:32:14.101 - INFO - CDS - contig=contig_1, start=99127, stop=100107, strand=-, nt=[ATGGAAATAA..AATCATCTAA]
16:32:14.101 - INFO - CDS - contig=contig_1, start=100098, stop=100556, strand=-, nt=[ATGATAAAAA..ATGGAAATAA]
16:32:14.101 - INFO - CDS - contig=contig_1, start=100553, stop=102682, strand=-, nt=[ATGATAAATA..TGTGACATGA]
16:32:14.101 - INFO - CDS - contig=contig_1, start=102682, stop=103299, strand=-, nt=[ATGAAGATAT..TCCTAAATAA]
16:32:14.101 - INFO - CDS - contig=contig_1, start=103296, stop=104507, strand=-, nt=[ATGAAAGAAT..AAAATTATGA]
16:32:14.101 - INFO - CDS - contig=contig_1, start=104482, stop=105228, strand=-, nt=[ATGATCTCTT..TATTTCATAA]
16:32:14.101 - INFO - CDS - contig=contig_1, start=105263, stop=105655, strand=+, nt=[ATGAATTTAT..ATATCAATGA]
16:32:14.101 - INFO - CDS - contig=contig_1, start=105644, stop=105886, strand=-, nt=[ATGGCAAAAA..ATTGATATAA]
16:32:14.101 - INFO - CDS - contig=contig_1, start=105887, stop=106180, strand=-, nt=[ATGATAATAG..TATAAAATAA]
16:32:14.102 - INFO - CDS - contig=contig_1, start=106164, stop=106916, strand=-, nt=[ATGATATTTA..TAGTATTTGA]
16:32:14.102 - INFO - CDS - contig=contig_1, start=107017, stop=108276, strand=+, nt=[ATGAAAATAA..AACCCGATAA]
16:32:14.102 - INFO - CDS - contig=contig_1, start=108762, stop=108956, strand=+, nt=[ATGAGCCGAC..ATTACACTAA]
16:32:14.102 - INFO - CDS - contig=contig_1, start=111531, stop=111836, strand=-, nt=[ATGAGCTATA..GAGTACATGA]
16:32:14.102 - INFO - CDS - contig=contig_1, start=112947, stop=113354, strand=+, nt=[ATGACGATTA..TGATCTCTAA]
16:32:14.102 - INFO - CDS - contig=contig_1, start=113344, stop=113922, strand=+, nt=[ATGATCTCTA..TAAGGTTTAA]
16:32:14.102 - INFO - CDS - contig=contig_1, start=113903, stop=114106, strand=+, nt=[ATGAAAAAAA..TCTAGAATGA]
16:32:14.102 - INFO - CDS - contig=contig_1, start=114103, stop=114912, strand=+, nt=[ATGAAAAAAT..AAAAAGATGA]
16:32:14.102 - INFO - CDS - contig=contig_1, start=114909, stop=115193, strand=+, nt=[ATGAAAAAAA..GTCTAAATAA]
16:32:14.102 - INFO - CDS - contig=contig_1, start=115194, stop=115541, strand=+, nt=[ATGAAAGCAA..TGGGGAATAA]
16:32:14.102 - INFO - CDS - contig=contig_1, start=115531, stop=116154, strand=+, nt=[ATGGGGAATA..AAAAATTTAG]
16:32:14.102 - INFO - CDS - contig=contig_1, start=116138, stop=116542, strand=+, nt=[ATGAAAAAAA..TTTTCAATGA]
16:32:14.102 - INFO - CDS - contig=contig_1, start=116539, stop=116769, strand=+, nt=[ATGAAGTTAA..AATAGGATGA]
16:32:14.102 - INFO - CDS - contig=contig_1, start=116766, stop=117131, strand=+, nt=[ATGATAATAC..TGTATTTTAG]
16:32:14.102 - INFO - CDS - contig=contig_1, start=117135, stop=117683, strand=+, nt=[ATGATAAGAG..AAATGTCTAA]
16:32:14.102 - INFO - CDS - contig=contig_1, start=117676, stop=117945, strand=+, nt=[ATGTCTAAGA..TAGTTGGTAA]
16:32:14.102 - INFO - CDS - contig=contig_1, start=117945, stop=118337, strand=+, nt=[ATGAAAAATT..AATTCTTTAA]
16:32:14.102 - INFO - CDS - contig=contig_1, start=118319, stop=118855, strand=+, nt=[ATGTCAAAGA..AAAAAAATAG]
16:32:14.102 - INFO - CDS - contig=contig_1, start=118873, stop=119184, strand=+, nt=[ATGAAAAAGA..AGTAAAATGA]
16:32:14.102 - INFO - CDS - contig=contig_1, start=119181, stop=119609, strand=+, nt=[ATGAACAGCA..AAAAAAATGA]
16:32:14.102 - INFO - CDS - contig=contig_1, start=119606, stop=119968, strand=+, nt=[ATGAATTTTT..TAAAAAATGA]
16:32:14.102 - INFO - CDS - contig=contig_1, start=119965, stop=120183, strand=+, nt=[ATGAAAAAAA..AACAAAATGA]
16:32:14.102 - INFO - CDS - contig=contig_1, start=120180, stop=120293, strand=+, nt=[ATGAAAGTAA..ACAAGGATGA]
16:32:14.102 - INFO - CDS - contig=contig_1, start=120290, stop=120640, strand=+, nt=[ATGAATTTAC..AAAAAAATGA]
16:32:14.102 - INFO - CDS - contig=contig_1, start=120637, stop=120975, strand=+, nt=[ATGATAATAA..AAGAACATGA]
16:32:14.102 - INFO - CDS - contig=contig_1, start=120972, stop=121517, strand=+, nt=[ATGAAAATAC..AAATAGATGA]
16:32:14.102 - INFO - CDS - contig=contig_1, start=121514, stop=122362, strand=+, nt=[ATGAAACTAC..TTTTTTTTAA]
16:32:14.102 - INFO - CDS - contig=contig_1, start=122370, stop=122621, strand=+, nt=[ATGAGACATA..TGTAAAATGA]
16:32:14.102 - INFO - CDS - contig=contig_1, start=122618, stop=122746, strand=+, nt=[ATGAAAAGAA..AATCAAATAA]
16:32:14.102 - INFO - CDS - contig=contig_1, start=122739, stop=123938, strand=-, nt=[TTGTCTATAA..TTTTATTTGA]
16:32:14.102 - INFO - CDS - contig=contig_1, start=123949, stop=124224, strand=+, nt=[ATGAAAAGAA..AAGTATTTAA]
16:32:14.102 - INFO - CDS - contig=contig_1, start=124224, stop=125303, strand=+, nt=[ATGTATAGTT..TTTGGTATAA]
16:32:14.102 - INFO - CDS - contig cds: predicted=148
16:32:14.102 - INFO - CDS - predicted=148
16:32:14.102 - INFO - ORF - write internal aa seqs: # seqs=148, path=/tmp/tmpj8witpnl/cds.spurious.faa
16:32:14.403 - INFO - ORF - discard spurious: contig=contig_1, start=108762, stop=108956, strand=+, homology=Spurious_ORF_05, evalue=2.9e-11, bitscore=36.700000
16:32:14.404 - INFO - ORF - discarded=1
16:32:14.510 - INFO - UPS - looked-up=0
16:32:14.511 - INFO - IPS - looked-up=0
16:32:14.511 - INFO - ORF - write internal aa seqs: # seqs=147, path=/tmp/tmpj8witpnl/cds.psc.faa
16:34:40.083 - INFO - PSC - found: PSC=0, PSCC=34
16:34:40.122 - INFO - PSC - looked-up=34
16:34:40.140 - INFO - PSCC - looked-up=30
16:34:40.142 - INFO - ORF - write internal aa seqs: # seqs=147, path=/tmp/tmpj8witpnl/cds.expert.faa
16:34:42.269 - INFO - EXPERT-AMRFINDER - found=0
16:34:42.597 - INFO - EXPERT_AA_SEQ - found=0
16:34:42.608 - INFO - ORF - write internal aa seqs: # seqs=117, path=/tmp/tmpj8witpnl/cds.pseudo.candidates.faa
16:37:17.371 - INFO - CDS - found: pseudogene-candidates=0
16:37:17.398 - INFO - PSC - looked-up=0
16:37:17.400 - INFO - PSCC - looked-up=0
16:37:17.402 - INFO - ORF - write internal aa seqs: # seqs=117, path=/tmp/tmpj8witpnl/hypotheticals.faa
16:37:29.005 - INFO - CDS - pfam detected: contig=contig_1, start=61673, stop=62845, strand=+, pfam-id=PF00004.32, length=132, aa-start=109, aa-stop=242, aa-cov=0.3, hmm-cov=0.8, evalue=8.1e-16, bitscore=51.6, name=AAA
16:37:29.006 - INFO - CDS - pfam detected: contig=contig_1, start=63684, stop=64715, strand=+, pfam-id=PF00004.32, length=132, aa-start=41, aa-stop=178, aa-cov=0.4, hmm-cov=0.9, evalue=1.3e-11, bitscore=38.0, name=AAA
16:37:29.006 - INFO - CDS - pfam detected: contig=contig_1, start=61673, stop=62845, strand=+, pfam-id=PF07724.17, length=171, aa-start=104, aa-stop=288, aa-cov=0.5, hmm-cov=1.0, evalue=5.7e-50, bitscore=162.6, name=AAA_2
16:37:29.006 - INFO - CDS - pfam detected: contig=contig_1, start=82547, stop=83830, strand=-, pfam-id=PF13481.9, length=194, aa-start=172, aa-stop=356, aa-cov=0.4, hmm-cov=0.9, evalue=8.7e-10, bitscore=31.3, name=AAA_25
16:37:29.006 - INFO - CDS - pfam detected: contig=contig_1, start=61673, stop=62845, strand=+, pfam-id=PF07728.17, length=138, aa-start=108, aa-stop=189, aa-cov=0.2, hmm-cov=0.6, evalue=1.3e-07, bitscore=24.7, name=AAA_5
16:37:29.006 - INFO - CDS - pfam detected: contig=contig_1, start=67806, stop=68741, strand=+, pfam-id=PF00155.24, length=363, aa-start=12, aa-stop=304, aa-cov=0.9, hmm-cov=0.9, evalue=1.4e-34, bitscore=112.7, name=Aminotran_1_2
16:37:29.006 - INFO - CDS - pfam detected: contig=contig_1, start=77237, stop=78241, strand=+, pfam-id=PF00155.24, length=363, aa-start=4, aa-stop=328, aa-cov=1.0, hmm-cov=0.9, evalue=3.3e-30, bitscore=98.3, name=Aminotran_1_2
16:37:29.007 - INFO - CDS - pfam detected: contig=contig_1, start=23112, stop=24233, strand=+, pfam-id=PF00155.24, length=363, aa-start=6, aa-stop=278, aa-cov=0.7, hmm-cov=0.4, evalue=1.9e-08, bitscore=26.7, name=Aminotran_1_2
16:37:29.007 - INFO - CDS - pfam detected: contig=contig_1, start=35129, stop=36265, strand=+, pfam-id=PF00155.24, length=363, aa-start=50, aa-stop=209, aa-cov=0.4, hmm-cov=0.3, evalue=2.6e-07, bitscore=23.0, name=Aminotran_1_2
16:37:29.007 - INFO - CDS - pfam detected: contig=contig_1, start=23112, stop=24233, strand=+, pfam-id=PF00266.22, length=371, aa-start=5, aa-stop=360, aa-cov=1.0, hmm-cov=1.0, evalue=1.3e-54, bitscore=178.4, name=Aminotran_5
16:37:29.007 - INFO - CDS - pfam detected: contig=contig_1, start=29383, stop=31737, strand=-, pfam-id=PF08264.16, length=152, aa-start=561, aa-stop=704, aa-cov=0.2, hmm-cov=0.8, evalue=4.9e-19, bitscore=61.7, name=Anticodon_1
16:37:29.007 - INFO - CDS - pfam detected: contig=contig_1, start=64708, stop=65760, strand=+, pfam-id=PF00025.24, length=175, aa-start=125, aa-stop=298, aa-cov=0.5, hmm-cov=0.9, evalue=6.8e-08, bitscore=25.0, name=Arf
16:37:29.007 - INFO - CDS - pfam detected: contig=contig_1, start=40567, stop=41937, strand=-, pfam-id=PF14698.9, length=69, aa-start=359, aa-stop=429, aa-cov=0.2, hmm-cov=0.7, evalue=9.9e-12, bitscore=38.4, name=ASL_C2
16:37:29.007 - INFO - CDS - pfam detected: contig=contig_1, start=82547, stop=83830, strand=-, pfam-id=PF06745.16, length=231, aa-start=177, aa-stop=364, aa-cov=0.4, hmm-cov=0.7, evalue=2.1e-08, bitscore=26.7, name=ATPase
16:37:29.007 - INFO - CDS - pfam detected: contig=contig_1, start=22267, stop=22815, strand=-, pfam-id=PF01861.19, length=243, aa-start=2, aa-stop=161, aa-cov=0.9, hmm-cov=0.6, evalue=6.4e-09, bitscore=28.2, name=BpsA_C
16:37:29.008 - INFO - CDS - pfam detected: contig=contig_1, start=61673, stop=62845, strand=+, pfam-id=PF10431.12, length=81, aa-start=294, aa-stop=379, aa-cov=0.2, hmm-cov=0.8, evalue=3.1e-10, bitscore=32.9, name=ClpB_D2-small
16:37:29.008 - INFO - CDS - pfam detected: contig=contig_1, start=57518, stop=60595, strand=+, pfam-id=PF02786.20, length=211, aa-start=121, aa-stop=333, aa-cov=0.2, hmm-cov=1.0, evalue=3.2e-61, bitscore=199.4, name=CPSase_L_D2
16:37:29.008 - INFO - CDS - pfam detected: contig=contig_1, start=57518, stop=60595, strand=+, pfam-id=PF02786.20, length=211, aa-start=661, aa-stop=857, aa-cov=0.2, hmm-cov=0.9, evalue=3.2e-61, bitscore=199.4, name=CPSase_L_D2
16:37:29.008 - INFO - CDS - pfam detected: contig=contig_1, start=56663, stop=57514, strand=+, pfam-id=PF00988.25, length=125, aa-start=1, aa-stop=78, aa-cov=0.3, hmm-cov=0.6, evalue=2.6e-11, bitscore=36.4, name=CPSase_sm_chain
16:37:29.008 - INFO - CDS - pfam detected: contig=contig_1, start=35129, stop=36265, strand=+, pfam-id=PF01053.23, length=382, aa-start=4, aa-stop=372, aa-cov=1.0, hmm-cov=1.0, evalue=7.9e-64, bitscore=208.4, name=Cys_Met_Meta_PP
16:37:29.008 - INFO - CDS - pfam detected: contig=contig_1, start=102682, stop=103299, strand=-, pfam-id=PF05173.17, length=121, aa-start=99, aa-stop=203, aa-cov=0.5, hmm-cov=0.8, evalue=1.1e-12, bitscore=41.0, name=DapB_C
16:37:29.008 - INFO - CDS - pfam detected: contig=contig_1, start=102682, stop=103299, strand=-, pfam-id=PF01113.23, length=124, aa-start=6, aa-stop=94, aa-cov=0.4, hmm-cov=0.7, evalue=6.6e-16, bitscore=51.5, name=DapB_N
16:37:29.008 - INFO - CDS - pfam detected: contig=contig_1, start=26196, stop=27056, strand=-, pfam-id=PF00701.25, length=289, aa-start=1, aa-stop=280, aa-cov=1.0, hmm-cov=1.0, evalue=6.1e-62, bitscore=201.8, name=DHDPS
16:37:29.008 - INFO - CDS - pfam detected: contig=contig_1, start=124224, stop=125303, strand=+, pfam-id=PF01761.23, length=262, aa-start=58, aa-stop=318, aa-cov=0.7, hmm-cov=1.0, evalue=4.8e-78, bitscore=254.8, name=DHQ_synthase
16:37:29.008 - INFO - CDS - pfam detected: contig=contig_1, start=82547, stop=83830, strand=-, pfam-id=PF00772.24, length=103, aa-start=6, aa-stop=106, aa-cov=0.2, hmm-cov=1.0, evalue=9.4e-22, bitscore=70.0, name=DnaB
16:37:29.009 - INFO - CDS - pfam detected: contig=contig_1, start=82547, stop=83830, strand=-, pfam-id=PF03796.18, length=254, aa-start=177, aa-stop=426, aa-cov=0.6, hmm-cov=1.0, evalue=1.5e-82, bitscore=269.6, name=DnaB_C
16:37:29.009 - INFO - CDS - pfam detected: contig=contig_1, start=94868, stop=95866, strand=-, pfam-id=PF00226.34, length=63, aa-start=3, aa-stop=62, aa-cov=0.2, hmm-cov=0.9, evalue=4.5e-23, bitscore=74.1, name=DnaJ
16:37:29.009 - INFO - CDS - pfam detected: contig=contig_1, start=94868, stop=95866, strand=-, pfam-id=PF01556.21, length=149, aa-start=97, aa-stop=312, aa-cov=0.7, hmm-cov=1.0, evalue=2.0e-22, bitscore=72.8, name=DnaJ_C
16:37:29.009 - INFO - CDS - pfam detected: contig=contig_1, start=94868, stop=95866, strand=-, pfam-id=PF00684.22, length=66, aa-start=124, aa-stop=184, aa-cov=0.2, hmm-cov=1.0, evalue=1.8e-10, bitscore=34.0, name=DnaJ_CXXCXGXG
16:37:29.009 - INFO - CDS - pfam detected: contig=contig_1, start=47029, stop=50064, strand=+, pfam-id=PF07733.15, length=260, aa-start=289, aa-stop=544, aa-cov=0.3, hmm-cov=0.9, evalue=9.3e-75, bitscore=244.4, name=DNA_pol3_alpha
16:37:29.009 - INFO - CDS - pfam detected: contig=contig_1, start=63684, stop=64715, strand=+, pfam-id=PF13177.9, length=161, aa-start=20, aa-stop=177, aa-cov=0.5, hmm-cov=1.0, evalue=7.2e-26, bitscore=84.0, name=DNA_pol3_delta2
16:37:29.009 - INFO - CDS - pfam detected: contig=contig_1, start=47029, stop=50064, strand=+, pfam-id=PF17657.4, length=166, aa-start=539, aa-stop=699, aa-cov=0.2, hmm-cov=1.0, evalue=6.9e-41, bitscore=132.3, name=DNA_pol3_finger
16:37:29.009 - INFO - CDS - pfam detected: contig=contig_1, start=85882, stop=87159, strand=+, pfam-id=PF02421.21, length=156, aa-start=212, aa-stop=365, aa-cov=0.4, hmm-cov=0.8, evalue=4.9e-13, bitscore=41.8, name=FeoB_N
16:37:29.009 - INFO - CDS - pfam detected: contig=contig_1, start=56663, stop=57514, strand=+, pfam-id=PF00117.31, length=191, aa-start=109, aa-stop=280, aa-cov=0.6, hmm-cov=1.0, evalue=9.1e-34, bitscore=109.8, name=GATase
16:37:29.009 - INFO - CDS - pfam detected: contig=contig_1, start=69317, stop=69901, strand=+, pfam-id=PF00117.31, length=191, aa-start=4, aa-stop=194, aa-cov=1.0, hmm-cov=0.9, evalue=2.3e-13, bitscore=43.2, name=GATase
16:37:29.009 - INFO - CDS - pfam detected: contig=contig_1, start=87156, stop=88919, strand=+, pfam-id=PF13932.9, length=210, aa-start=395, aa-stop=580, aa-cov=0.3, hmm-cov=1.0, evalue=1.6e-28, bitscore=93.2, name=GIDA_C
16:37:29.010 - INFO - CDS - pfam detected: contig=contig_1, start=19471, stop=20808, strand=-, pfam-id=PF00009.30, length=195, aa-start=5, aa-stop=296, aa-cov=0.7, hmm-cov=0.8, evalue=3.6e-16, bitscore=52.1, name=GTP_EFTU
16:37:29.010 - INFO - CDS - pfam detected: contig=contig_1, start=78234, stop=79013, strand=+, pfam-id=PF14602.9, length=34, aa-start=163, aa-stop=198, aa-cov=0.1, hmm-cov=1.0, evalue=5.9e-15, bitscore=47.7, name=Hexapep_2
16:37:29.010 - INFO - CDS - pfam detected: contig=contig_1, start=47029, stop=50064, strand=+, pfam-id=PF14579.9, length=90, aa-start=771, aa-stop=859, aa-cov=0.1, hmm-cov=1.0, evalue=9.0e-19, bitscore=60.5, name=HHH_6
16:37:29.010 - INFO - CDS - pfam detected: contig=contig_1, start=81385, stop=82554, strand=-, pfam-id=PF00742.22, length=173, aa-start=130, aa-stop=306, aa-cov=0.5, hmm-cov=1.0, evalue=4.6e-30, bitscore=97.7, name=Homoserine_dh
16:37:29.010 - INFO - CDS - pfam detected: contig=contig_1, start=73449, stop=73898, strand=-, pfam-id=PF05198.19, length=70, aa-start=1, aa-stop=60, aa-cov=0.4, hmm-cov=0.9, evalue=1.2e-09, bitscore=31.3, name=IF3_N
16:37:29.010 - INFO - CDS - pfam detected: contig=contig_1, start=37065, stop=37820, strand=-, pfam-id=PF00218.24, length=254, aa-start=5, aa-stop=242, aa-cov=0.9, hmm-cov=0.9, evalue=1.1e-26, bitscore=86.3, name=IGPS
16:37:29.010 - INFO - CDS - pfam detected: contig=contig_1, start=40567, stop=41937, strand=-, pfam-id=PF00206.23, length=312, aa-start=5, aa-stop=296, aa-cov=0.6, hmm-cov=1.0, evalue=1.2e-47, bitscore=155.6, name=Lyase_1
16:37:29.010 - INFO - CDS - pfam detected: contig=contig_1, start=79006, stop=80067, strand=+, pfam-id=PF07687.17, length=109, aa-start=165, aa-stop=259, aa-cov=0.3, hmm-cov=1.0, evalue=7.2e-09, bitscore=28.5, name=M20_dimer
16:37:29.010 - INFO - CDS - pfam detected: contig=contig_1, start=103296, stop=104507, strand=-, pfam-id=PF00390.22, length=182, aa-start=13, aa-stop=146, aa-cov=0.3, hmm-cov=1.0, evalue=1.4e-26, bitscore=86.3, name=malic
16:37:29.010 - INFO - CDS - pfam detected: contig=contig_1, start=103296, stop=104507, strand=-, pfam-id=PF03949.18, length=258, aa-start=158, aa-stop=384, aa-cov=0.6, hmm-cov=1.0, evalue=1.8e-24, bitscore=79.2, name=Malic_M
16:37:29.010 - INFO - CDS - pfam detected: contig=contig_1, start=61673, stop=62845, strand=+, pfam-id=PF00493.26, length=224, aa-start=45, aa-stop=212, aa-cov=0.4, hmm-cov=0.5, evalue=1.6e-09, bitscore=30.1, name=MCM
16:37:29.011 - INFO - CDS - pfam detected: contig=contig_1, start=22267, stop=22815, strand=-, pfam-id=PF08241.15, length=96, aa-start=48, aa-stop=146, aa-cov=0.5, hmm-cov=1.0, evalue=3.4e-07, bitscore=23.8, name=Methyltransf_11
16:37:29.011 - INFO - CDS - pfam detected: contig=contig_1, start=22267, stop=22815, strand=-, pfam-id=PF13649.9, length=97, aa-start=47, aa-stop=142, aa-cov=0.5, hmm-cov=1.0, evalue=1.8e-09, bitscore=31.2, name=Methyltransf_25
16:37:29.011 - INFO - CDS - pfam detected: contig=contig_1, start=22267, stop=22815, strand=-, pfam-id=PF13847.9, length=152, aa-start=43, aa-stop=173, aa-cov=0.7, hmm-cov=0.7, evalue=3.4e-13, bitscore=42.6, name=Methyltransf_31
16:37:29.011 - INFO - CDS - pfam detected: contig=contig_1, start=32024, stop=34192, strand=+, pfam-id=PF08267.15, length=313, aa-start=3, aa-stop=299, aa-cov=0.4, hmm-cov=1.0, evalue=2.7e-54, bitscore=177.6, name=Meth_synt_1
16:37:29.011 - INFO - CDS - pfam detected: contig=contig_1, start=32024, stop=34192, strand=+, pfam-id=PF01717.21, length=324, aa-start=391, aa-stop=716, aa-cov=0.5, hmm-cov=1.0, evalue=8.8e-83, bitscore=271.1, name=Meth_synt_2
16:37:29.011 - INFO - CDS - pfam detected: contig=contig_1, start=22267, stop=22815, strand=-, pfam-id=PF05175.17, length=170, aa-start=31, aa-stop=174, aa-cov=0.8, hmm-cov=0.6, evalue=9.1e-09, bitscore=28.1, name=MTS
16:37:29.011 - INFO - CDS - pfam detected: contig=contig_1, start=122739, stop=123938, strand=-, pfam-id=PF02784.19, length=247, aa-start=53, aa-stop=289, aa-cov=0.6, hmm-cov=1.0, evalue=4.4e-53, bitscore=173.0, name=Orn_Arg_deC_N
16:37:29.011 - INFO - CDS - pfam detected: contig=contig_1, start=122739, stop=123938, strand=-, pfam-id=PF00278.25, length=95, aa-start=50, aa-stop=378, aa-cov=0.8, hmm-cov=1.0, evalue=8.3e-23, bitscore=73.4, name=Orn_DAP_Arg_deC
16:37:29.011 - INFO - CDS - pfam detected: contig=contig_1, start=72026, stop=72889, strand=+, pfam-id=PF00185.27, length=157, aa-start=145, aa-stop=283, aa-cov=0.5, hmm-cov=1.0, evalue=9.7e-32, bitscore=103.1, name=OTCace
16:37:29.011 - INFO - CDS - pfam detected: contig=contig_1, start=72026, stop=72889, strand=+, pfam-id=PF02729.24, length=146, aa-start=3, aa-stop=139, aa-cov=0.5, hmm-cov=1.0, evalue=7.5e-32, bitscore=103.3, name=OTCace_N
16:37:29.011 - INFO - CDS - pfam detected: contig=contig_1, start=25480, stop=26196, strand=-, pfam-id=PF03462.21, length=192, aa-start=1, aa-stop=96, aa-cov=0.4, hmm-cov=0.5, evalue=4.4e-15, bitscore=48.9, name=PCRF
16:37:29.011 - INFO - CDS - pfam detected: contig=contig_1, start=19471, stop=20808, strand=-, pfam-id=PF10662.12, length=143, aa-start=5, aa-stop=158, aa-cov=0.3, hmm-cov=0.8, evalue=1.6e-09, bitscore=30.6, name=PduV-EutP
16:37:29.011 - INFO - CDS - pfam detected: contig=contig_1, start=52254, stop=52889, strand=+, pfam-id=PF00697.25, length=193, aa-start=7, aa-stop=207, aa-cov=1.0, hmm-cov=1.0, evalue=1.4e-25, bitscore=83.1, name=PRAI
16:37:29.011 - INFO - CDS - pfam detected: contig=contig_1, start=20914, stop=21771, strand=+, pfam-id=PF13793.9, length=116, aa-start=1, aa-stop=118, aa-cov=0.4, hmm-cov=1.0, evalue=2.8e-26, bitscore=84.7, name=Pribosyltran_N
16:37:29.012 - INFO - CDS - pfam detected: contig=contig_1, start=1277, stop=1687, strand=+, pfam-id=PF00298.22, length=70, aa-start=67, aa-stop=132, aa-cov=0.5, hmm-cov=1.0, evalue=6.4e-08, bitscore=26.0, name=Ribosomal_L11
16:37:29.012 - INFO - CDS - pfam detected: contig=contig_1, start=1277, stop=1687, strand=+, pfam-id=PF03946.17, length=58, aa-start=4, aa-stop=61, aa-cov=0.4, hmm-cov=0.9, evalue=4.6e-17, bitscore=54.6, name=Ribosomal_L11_N
16:37:29.012 - INFO - CDS - pfam detected: contig=contig_1, start=2747, stop=3097, strand=+, pfam-id=PF00542.22, length=67, aa-start=52, aa-stop=116, aa-cov=0.6, hmm-cov=0.9, evalue=4.3e-16, bitscore=52.0, name=Ribosomal_L12
16:37:29.012 - INFO - CDS - pfam detected: contig=contig_1, start=115194, stop=115541, strand=+, pfam-id=PF00237.22, length=103, aa-start=5, aa-stop=107, aa-cov=0.9, hmm-cov=1.0, evalue=2.7e-10, bitscore=33.4, name=Ribosomal_L22
16:37:29.012 - INFO - CDS - pfam detected: contig=contig_1, start=117135, stop=117683, strand=+, pfam-id=PF00281.22, length=57, aa-start=23, aa-stop=79, aa-cov=0.3, hmm-cov=1.0, evalue=1.1e-16, bitscore=53.9, name=Ribosomal_L5
16:37:29.012 - INFO - CDS - pfam detected: contig=contig_1, start=117135, stop=117683, strand=+, pfam-id=PF00673.24, length=94, aa-start=83, aa-stop=179, aa-cov=0.5, hmm-cov=1.0, evalue=1.4e-21, bitscore=69.5, name=Ribosomal_L5_C
16:37:29.012 - INFO - CDS - pfam detected: contig=contig_1, start=13557, stop=13865, strand=+, pfam-id=PF00338.25, length=98, aa-start=4, aa-stop=98, aa-cov=0.9, hmm-cov=1.0, evalue=8.0e-19, bitscore=60.7, name=Ribosomal_S10
16:37:29.012 - INFO - CDS - pfam detected: contig=contig_1, start=116539, stop=116769, strand=+, pfam-id=PF00366.23, length=68, aa-start=8, aa-stop=73, aa-cov=0.9, hmm-cov=0.8, evalue=2.8e-09, bitscore=29.9, name=Ribosomal_S17
16:37:29.012 - INFO - CDS - pfam detected: contig=contig_1, start=115531, stop=116154, strand=+, pfam-id=PF00189.23, length=83, aa-start=119, aa-stop=200, aa-cov=0.4, hmm-cov=1.0, evalue=2.4e-18, bitscore=59.4, name=Ribosomal_S3_C
16:37:29.012 - INFO - CDS - pfam detected: contig=contig_1, start=119181, stop=119609, strand=+, pfam-id=PF00333.23, length=65, aa-start=2, aa-stop=63, aa-cov=0.4, hmm-cov=0.8, evalue=1.5e-09, bitscore=30.7, name=Ribosomal_S5
16:37:29.012 - INFO - CDS - pfam detected: contig=contig_1, start=119181, stop=119609, strand=+, pfam-id=PF03719.18, length=71, aa-start=75, aa-stop=141, aa-cov=0.5, hmm-cov=0.8, evalue=3.0e-14, bitscore=45.3, name=Ribosomal_S5_C
16:37:29.012 - INFO - CDS - pfam detected: contig=contig_1, start=117945, stop=118337, strand=+, pfam-id=PF00410.22, length=126, aa-start=5, aa-stop=124, aa-cov=0.9, hmm-cov=1.0, evalue=1.9e-14, bitscore=46.6, name=Ribosomal_S8
16:37:29.012 - INFO - CDS - pfam detected: contig=contig_1, start=121514, stop=122362, strand=+, pfam-id=PF01000.29, length=112, aa-start=51, aa-stop=146, aa-cov=0.3, hmm-cov=0.8, evalue=2.2e-11, bitscore=37.1, name=RNA_pol_A_bac
16:37:29.012 - INFO - CDS - pfam detected: contig=contig_1, start=6869, stop=11044, strand=+, pfam-id=PF04997.15, length=312, aa-start=5, aa-stop=321, aa-cov=0.2, hmm-cov=1.0, evalue=4.7e-61, bitscore=199.6, name=RNA_pol_Rpb1_1
16:37:29.012 - INFO - CDS - pfam detected: contig=contig_1, start=6869, stop=11044, strand=+, pfam-id=PF00623.23, length=166, aa-start=323, aa-stop=380, aa-cov=0.0, hmm-cov=0.3, evalue=4.0e-36, bitscore=117.6, name=RNA_pol_Rpb1_2
16:37:29.012 - INFO - CDS - pfam detected: contig=contig_1, start=6869, stop=11044, strand=+, pfam-id=PF00623.23, length=166, aa-start=375, aa-stop=465, aa-cov=0.1, hmm-cov=0.5, evalue=4.0e-36, bitscore=117.6, name=RNA_pol_Rpb1_2
16:37:29.012 - INFO - CDS - pfam detected: contig=contig_1, start=6869, stop=11044, strand=+, pfam-id=PF04983.21, length=157, aa-start=468, aa-stop=609, aa-cov=0.1, hmm-cov=1.0, evalue=2.3e-14, bitscore=46.5, name=RNA_pol_Rpb1_3
16:37:29.012 - INFO - CDS - pfam detected: contig=contig_1, start=6869, stop=11044, strand=+, pfam-id=PF05000.20, length=108, aa-start=627, aa-stop=739, aa-cov=0.1, hmm-cov=0.8, evalue=9.7e-10, bitscore=31.3, name=RNA_pol_Rpb1_4
16:37:29.013 - INFO - CDS - pfam detected: contig=contig_1, start=6869, stop=11044, strand=+, pfam-id=PF04998.20, length=267, aa-start=728, aa-stop=1212, aa-cov=0.3, hmm-cov=1.0, evalue=6.1e-55, bitscore=179.4, name=RNA_pol_Rpb1_5
16:37:29.013 - INFO - CDS - pfam detected: contig=contig_1, start=3099, stop=6872, strand=+, pfam-id=PF04565.19, length=68, aa-start=469, aa-stop=537, aa-cov=0.1, hmm-cov=1.0, evalue=6.4e-22, bitscore=70.5, name=RNA_pol_Rpb2_3
16:37:29.013 - INFO - CDS - pfam detected: contig=contig_1, start=3099, stop=6872, strand=+, pfam-id=PF00562.31, length=389, aa-start=622, aa-stop=1181, aa-cov=0.4, hmm-cov=0.9, evalue=5.1e-104, bitscore=341.2, name=RNA_pol_Rpb2_6
16:37:29.013 - INFO - CDS - pfam detected: contig=contig_1, start=3099, stop=6872, strand=+, pfam-id=PF04560.23, length=87, aa-start=1183, aa-stop=1257, aa-cov=0.1, hmm-cov=1.0, evalue=1.3e-24, bitscore=79.4, name=RNA_pol_Rpb2_7
16:37:29.013 - INFO - CDS - pfam detected: contig=contig_1, start=15663, stop=16346, strand=-, pfam-id=PF00398.23, length=265, aa-start=2, aa-stop=215, aa-cov=0.9, hmm-cov=0.8, evalue=1.1e-28, bitscore=92.9, name=RrnaAD
16:37:29.013 - INFO - CDS - pfam detected: contig=contig_1, start=120972, stop=121517, strand=+, pfam-id=PF01479.28, length=48, aa-start=85, aa-stop=132, aa-cov=0.3, hmm-cov=1.0, evalue=1.9e-19, bitscore=62.1, name=S4
16:37:29.013 - INFO - CDS - pfam detected: contig=contig_1, start=51233, stop=52264, strand=+, pfam-id=PF01118.27, length=121, aa-start=3, aa-stop=114, aa-cov=0.3, hmm-cov=1.0, evalue=5.1e-09, bitscore=29.5, name=Semialdhyde_dh
16:37:29.013 - INFO - CDS - pfam detected: contig=contig_1, start=51233, stop=52264, strand=+, pfam-id=PF02774.21, length=184, aa-start=136, aa-stop=324, aa-cov=0.6, hmm-cov=1.0, evalue=2.0e-25, bitscore=82.8, name=Semialdhyde_dhC
16:37:29.013 - INFO - CDS - pfam detected: contig=contig_1, start=104482, stop=105228, strand=-, pfam-id=PF08501.14, length=83, aa-start=4, aa-stop=86, aa-cov=0.3, hmm-cov=1.0, evalue=7.9e-13, bitscore=41.5, name=Shikimate_dh_N
16:37:29.013 - INFO - CDS - pfam detected: contig=contig_1, start=45592, stop=46866, strand=+, pfam-id=PF04542.17, length=71, aa-start=186, aa-stop=256, aa-cov=0.2, hmm-cov=1.0, evalue=1.8e-20, bitscore=65.5, name=Sigma70_r2
16:37:29.013 - INFO - CDS - pfam detected: contig=contig_1, start=45592, stop=46866, strand=+, pfam-id=PF04545.19, length=50, aa-start=357, aa-stop=410, aa-cov=0.1, hmm-cov=1.0, evalue=5.2e-20, bitscore=63.7, name=Sigma70_r4
16:37:29.013 - INFO - CDS - pfam detected: contig=contig_1, start=78234, stop=79013, strand=+, pfam-id=PF14805.9, length=67, aa-start=2, aa-stop=61, aa-cov=0.2, hmm-cov=1.0, evalue=7.3e-15, bitscore=47.9, name=THDPS_N_2
16:37:29.013 - INFO - CDS - pfam detected: contig=contig_1, start=80054, stop=81388, strand=-, pfam-id=PF14821.9, length=79, aa-start=2, aa-stop=78, aa-cov=0.2, hmm-cov=1.0, evalue=2.2e-16, bitscore=52.8, name=Thr_synth_N
16:37:29.013 - INFO - CDS - pfam detected: contig=contig_1, start=43231, stop=44607, strand=-, pfam-id=PF00749.24, length=314, aa-start=15, aa-stop=325, aa-cov=0.7, hmm-cov=1.0, evalue=5.7e-67, bitscore=218.7, name=tRNA-synt_1c
16:37:29.013 - INFO - CDS - pfam detected: contig=contig_1, start=84703, stop=85875, strand=-, pfam-id=PF00749.24, length=314, aa-start=2, aa-stop=101, aa-cov=0.3, hmm-cov=0.3, evalue=2.5e-58, bitscore=190.3, name=tRNA-synt_1c
16:37:29.013 - INFO - CDS - pfam detected: contig=contig_1, start=84703, stop=85875, strand=-, pfam-id=PF00749.24, length=314, aa-start=97, aa-stop=266, aa-cov=0.4, hmm-cov=0.5, evalue=2.5e-58, bitscore=190.3, name=tRNA-synt_1c
16:37:29.013 - INFO - CDS - pfam detected: contig=contig_1, start=24225, stop=25526, strand=-, pfam-id=PF00152.23, length=314, aa-start=105, aa-stop=433, aa-cov=0.8, hmm-cov=1.0, evalue=3.3e-62, bitscore=203.2, name=tRNA-synt_2
16:37:29.013 - INFO - CDS - pfam detected: contig=contig_1, start=99127, stop=100107, strand=-, pfam-id=PF03054.19, length=202, aa-start=1, aa-stop=184, aa-cov=0.6, hmm-cov=1.0, evalue=4.8e-37, bitscore=120.5, name=tRNA_Me_trans
16:37:29.014 - INFO - CDS - pfam detected: contig=contig_1, start=54009, stop=54689, strand=+, pfam-id=PF00290.23, length=259, aa-start=2, aa-stop=225, aa-cov=1.0, hmm-cov=0.8, evalue=3.4e-10, bitscore=32.1, name=Trp_syntA
16:37:29.014 - INFO - CDS - pfam detected: contig=contig_1, start=61673, stop=62845, strand=+, pfam-id=PF06689.16, length=39, aa-start=4, aa-stop=40, aa-cov=0.1, hmm-cov=0.9, evalue=3.0e-09, bitscore=29.6, name=zf-C4_ClpX
16:37:29.014 - INFO - CDS - predicted-pfams=99, CDS-w/-pfams=57
16:37:29.133 - INFO - S_ORF - predicted=1108
16:37:29.259 - INFO - S_ORF - sORF filter: # valid=33, # discarded=1075
16:37:29.260 - INFO - ORF - write internal aa seqs: # seqs=33, path=/tmp/tmpj8witpnl/sorf.spurious.faa
16:37:29.374 - INFO - ORF - discarded=0
16:37:29.392 - INFO - UPS - looked-up=0
16:37:29.393 - INFO - IPS - looked-up=0
16:37:29.393 - INFO - ORF - write internal aa seqs: # seqs=33, path=/tmp/tmpj8witpnl/sorf.faa
16:37:29.535 - INFO - S_ORF - found=0
16:37:29.535 - INFO - PSC - looked-up=0
16:37:30.981 - INFO - ORI - predicted=0
16:37:31.094 - INFO - ORI - predicted=0
16:37:31.094 - INFO - ANNOTATION - overlap: CDS (None/Elongation factor Tu) [1, 1188] overlapping tRNA (Trp_trna) [1187, 1257], [1187,1188], contig=contig_1
16:37:31.095 - INFO - ANNOTATION - overlap: CDS (None/Peptide deformylase) [13862, 14293] overlapping tRNA (Phe_trna) [14287, 14359], [14287,14293], contig=contig_1
16:37:31.095 - INFO - ANNOTATION - overlap: CDS (None/hypothetical protein) [29184, 29381] overlapping tRNA (Ser_trna) [29110, 29192], [29184,29192], contig=contig_1
16:37:31.095 - INFO - ANNOTATION - overlap: CDS (None/hypothetical protein) [45592, 46866] overlapping tRNA (None) [46857, 47083], [46857,46866], contig=contig_1
16:37:31.095 - INFO - ANNOTATION - overlap: CDS (None/hypothetical protein) [47029, 50064] overlapping tRNA (None) [46857, 47083], [47029,47083], contig=contig_1
16:37:31.095 - INFO - ANNOTATION - overlap: CDS (None/hypothetical protein) [50052, 50219] overlapping tRNA (Leu_trna) [50207, 50289], [50207,50219], contig=contig_1
16:37:31.095 - INFO - ANNOTATION - overlap: CDS (None/hypothetical protein) [50407, 51261] overlapping tRNA (Ser_trna) [50379, 50461], [50407,50461], contig=contig_1
16:37:31.095 - INFO - ANNOTATION - overlap: CDS (None/hypothetical protein) [54911, 55147] overlapping tRNA (Asn_trna) [55140, 55211], [55140,55147], contig=contig_1
16:37:31.095 - INFO - ANNOTATION - overlap: CDS (None/hypothetical protein) [55211, 55705] overlapping tRNA (Asn_trna) [55140, 55211], [55211,55211], contig=contig_1
16:37:31.095 - INFO - ANNOTATION - overlap: CDS (None/hypothetical protein) [62882, 63691] overlapping tRNA (None) [62847, 62918], [62882,62918], contig=contig_1
16:37:31.095 - INFO - ANNOTATION - overlap: CDS (None/hypothetical protein) [64708, 65760] overlapping tRNA (Leu_trna) [65734, 65816], [65734,65760], contig=contig_1
16:37:31.095 - INFO - ANNOTATION - overlap: CDS (None/hypothetical protein) [65766, 65951] overlapping tRNA (Arg_trna) [65925, 65997], [65925,65951], contig=contig_1
16:37:31.095 - INFO - ANNOTATION - overlap: CDS (None/hypothetical protein) [65766, 65951] overlapping tRNA (Ser_trna) [65839, 65921], [65839,65921], contig=contig_1
16:37:31.095 - INFO - ANNOTATION - overlap: CDS (None/hypothetical protein) [65766, 65951] overlapping tRNA (Leu_trna) [65734, 65816], [65766,65816], contig=contig_1
16:37:31.095 - INFO - ANNOTATION - overlap: CDS (None/hypothetical protein) [65952, 66581] overlapping tRNA (Arg_trna) [65925, 65997], [65952,65997], contig=contig_1
16:37:31.095 - INFO - ANNOTATION - overlap: CDS (None/Phosphoribosyl-ATP diphosphatase) [71586, 71858] overlapping tRNA (Thr_trna) [71849, 71919], [71849,71858], contig=contig_1
16:37:31.095 - INFO - ANNOTATION - overlap: CDS (None/hypothetical protein) [72026, 72889] overlapping tRNA (Lys_trna) [72876, 72949], [72876,72889], contig=contig_1
16:37:31.095 - INFO - ANNOTATION - overlap: CDS (None/Chorismate synthase) [73977, 75101] overlapping tRNA (Arg_trna) [75045, 75115], [75045,75101], contig=contig_1
16:37:31.095 - INFO - ANNOTATION - overlap: CDS (None/Chorismate synthase) [73977, 75101] overlapping tRNA (Val_trna) [73907, 73978], [73977,73978], contig=contig_1
16:37:31.096 - INFO - ANNOTATION - overlap: CDS (None/hypothetical protein) [75116, 75244] overlapping tRNA (fMet_trna) [75239, 75311], [75239,75244], contig=contig_1
16:37:31.096 - INFO - ANNOTATION - overlap: CDS (None/hypothetical protein) [84703, 85875] overlapping tRNA (Glu_trna) [84633, 84703], [84703,84703], contig=contig_1
16:37:31.096 - INFO - ANNOTATION - overlap: CDS (None/hypothetical protein) [111531, 111836] overlapping rRNA (16S_rrna) [111333, 112839], [111531,111836], contig=contig_1
16:37:31.096 - INFO - UTILS - generated sequence tag prefix: prefix=NCDIKNEGNE, length=10, MD5=7CD247E07E6AA5350B1487BF6502AEBA
16:37:31.097 - INFO - MAIN - selected features=157
16:37:31.097 - INFO - MAIN - locus tag prefix=VFPYRCLA
16:37:31.097 - INFO - UTILS - genome-size=125539
16:37:31.097 - INFO - UTILS - GC=0.238
16:37:31.101 - INFO - UTILS - N=0.000
16:37:31.101 - INFO - UTILS - N50=125539
16:37:31.101 - INFO - UTILS - coding-ratio=0.879
16:37:31.103 - INFO - TSV - write tsv: path=/home/diego/Documents/metagenomes/annotation_symbio_merge/annotation_Beta/genomes/bakta_VFPYRCLA/bakta_VFPYRCLA.tsv
16:37:31.103 - INFO - GFF - write GFF3: path=/home/diego/Documents/metagenomes/annotation_symbio_merge/annotation_Beta/genomes/bakta_VFPYRCLA/bakta_VFPYRCLA.gff3
16:37:31.358 - INFO - INSDC - write GenBank: path=/home/diego/Documents/metagenomes/annotation_symbio_merge/annotation_Beta/genomes/bakta_VFPYRCLA/bakta_VFPYRCLA.gbff
16:37:31.382 - INFO - INSDC - write EMBL: path=/home/diego/Documents/metagenomes/annotation_symbio_merge/annotation_Beta/genomes/bakta_VFPYRCLA/bakta_VFPYRCLA.embl
16:37:31.397 - INFO - FASTA - write genome sequences: path=/home/diego/Documents/metagenomes/annotation_symbio_merge/annotation_Beta/genomes/bakta_VFPYRCLA/bakta_VFPYRCLA.fna, description=True, wrap=True
16:37:31.398 - INFO - FASTA - write feature nucleotide sequences: path=/home/diego/Documents/metagenomes/annotation_symbio_merge/annotation_Beta/genomes/bakta_VFPYRCLA/bakta_VFPYRCLA.ffn
16:37:31.398 - INFO - FASTA - write translated CDS/sORF: path=/home/diego/Documents/metagenomes/annotation_symbio_merge/annotation_Beta/genomes/bakta_VFPYRCLA/bakta_VFPYRCLA.faa
16:37:31.399 - INFO - TSV - write hypothetical tsv: path=/home/diego/Documents/metagenomes/annotation_symbio_merge/annotation_Beta/genomes/bakta_VFPYRCLA/bakta_VFPYRCLA.hypotheticals.tsv
16:37:31.399 - INFO - FASTA - write translated CDS/sORF: path=/home/diego/Documents/metagenomes/annotation_symbio_merge/annotation_Beta/genomes/bakta_VFPYRCLA/bakta_VFPYRCLA.hypotheticals.faa
16:37:31.399 - INFO - JSON - write JSON: path=/home/diego/Documents/metagenomes/annotation_symbio_merge/annotation_Beta/genomes/bakta_VFPYRCLA/bakta_VFPYRCLA.json
16:37:31.411 - INFO - MAIN - removed tmp dir: /tmp/tmpj8witpnl
