[20:18:38] This is prokka 1.14.6
[20:18:38] Written by Torsten Seemann <torsten.seemann@gmail.com>
[20:18:38] Homepage is https://github.com/tseemann/prokka
[20:18:38] Local time is Tue Aug  9 20:18:38 2022
[20:18:38] You are diego
[20:18:38] Operating system is linux
[20:18:38] You have BioPerl 1.007002
[20:18:38] System has 12 cores.
[20:18:38] Will use maximum of 8 cores.
[20:18:38] Annotating as >>> Bacteria <<<
[20:18:38] Enabling options to ensure Genbank/ENA/DDJB submission compliance.
[20:18:38] Creating new output folder: prokka_VFCIXIUS_pseudofinder
[20:18:38] Running: mkdir -p prokka_VFCIXIUS_pseudofinder
[20:18:38] Using filename prefix: VFCIXIUS.XXX
[20:18:38] Setting HMMER_NCPU=1
[20:18:38] Writing log to: prokka_VFCIXIUS_pseudofinder/VFCIXIUS.log
[20:18:38] Command: /home/diego/miniconda3/envs/prokka_env/bin/prokka VFCIXIUS.fasta --prefix VFCIXIUS --locustag VFCIXIUS --outdir prokka_VFCIXIUS_pseudofinder -gcode 11 --compliant --rfam --cdsrnaolap --force
[20:18:38] Appending to PATH: /home/diego/miniconda3/envs/prokka_env/bin
[20:18:38] Looking for 'aragorn' - found /home/diego/miniconda3/envs/prokka_env/bin/aragorn
[20:18:38] Determined aragorn version is 001002 from 'ARAGORN v1.2.38 Dean Laslett'
[20:18:38] Looking for 'barrnap' - found /home/diego/miniconda3/envs/prokka_env/bin/barrnap
[20:18:38] Determined barrnap version is 000009 from 'barrnap 0.9'
[20:18:38] Looking for 'blastp' - found /home/diego/miniconda3/envs/prokka_env/bin/blastp
[20:18:38] Determined blastp version is 002010 from 'blastp: 2.10.1+'
[20:18:38] Looking for 'cmpress' - found /home/diego/miniconda3/envs/prokka_env/bin/cmpress
[20:18:38] Determined cmpress version is 001001 from '# INFERNAL 1.1.3 (Nov 2019)'
[20:18:38] Looking for 'cmscan' - found /home/diego/miniconda3/envs/prokka_env/bin/cmscan
[20:18:38] Determined cmscan version is 001001 from '# INFERNAL 1.1.3 (Nov 2019)'
[20:18:38] Looking for 'egrep' - found /usr/bin/egrep
[20:18:38] Looking for 'find' - found /usr/bin/find
[20:18:38] Looking for 'grep' - found /usr/bin/grep
[20:18:38] Looking for 'hmmpress' - found /home/diego/miniconda3/envs/prokka_env/bin/hmmpress
[20:18:38] Determined hmmpress version is 003003 from '# HMMER 3.3.2 (Nov 2020); http://hmmer.org/'
[20:18:38] Looking for 'hmmscan' - found /home/diego/miniconda3/envs/prokka_env/bin/hmmscan
[20:18:38] Determined hmmscan version is 003003 from '# HMMER 3.3.2 (Nov 2020); http://hmmer.org/'
[20:18:38] Looking for 'java' - found /home/diego/miniconda3/envs/prokka_env/bin/java
[20:18:38] Looking for 'makeblastdb' - found /home/diego/miniconda3/envs/prokka_env/bin/makeblastdb
[20:18:38] Determined makeblastdb version is 002010 from 'makeblastdb: 2.10.1+'
[20:18:38] Looking for 'minced' - found /home/diego/miniconda3/envs/prokka_env/bin/minced
[20:18:38] Determined minced version is 004002 from 'minced 0.4.2'
[20:18:38] Looking for 'parallel' - found /home/diego/miniconda3/envs/prokka_env/bin/parallel
[20:18:38] Determined parallel version is 20201122 from 'GNU parallel 20201122'
[20:18:38] Looking for 'prodigal' - found /home/diego/miniconda3/envs/prokka_env/bin/prodigal
[20:18:38] Determined prodigal version is 002006 from 'Prodigal V2.6.3: February, 2016'
[20:18:38] Looking for 'prokka-genbank_to_fasta_db' - found /home/diego/miniconda3/envs/prokka_env/bin/prokka-genbank_to_fasta_db
[20:18:38] Looking for 'rnammer' - found /home/diego/rnammer-1.2.src/rnammer
[20:18:38] Determined rnammer version is 001002 from 'This rnammer 1.2, running from '/home/diego/rnammer-1.2.src/''
[20:18:38] Looking for 'sed' - found /usr/bin/sed
[20:18:38] Looking for 'tbl2asn' - found /home/diego/tbl2asn
[20:18:38] Determined tbl2asn version is 025008 from 'tbl2asn 25.8   arguments:'
[20:18:38] Using genetic code table 11.
[20:18:38] Loading and checking input file: VFCIXIUS.fasta
[20:18:38] Wrote 1 contigs totalling 137277 bp.
[20:18:38] Predicting tRNAs and tmRNAs
[20:18:38] Running: aragorn -l -gc11  -w prokka_VFCIXIUS_pseudofinder\/VFCIXIUS\.fna
[20:18:38] 1 tRNA-Trp [1191,1261] 33 (cca)
[20:18:38] 2 tRNA-Phe [15299,15373] 35 (gaa)
[20:18:38] 3 tRNA-Gln [23160,23232] 34 (ttg)
[20:18:38] 4 tRNA-Ser [32055,32145] 35 (gct)
[20:18:38] 5 tmRNA* c[36928,37249] 193,231 DNKKSAKKVANL*
[20:18:38] 6 tRNA-Leu [54479,54551] 34 (tag)
[20:18:38] 7 tRNA-Ser [54572,54659] 35 (aga)
[20:18:38] 8 tRNA-Asn c[59883,59954] 33 (gtt)
[20:18:38] 9 tRNA-Cys c[60710,60785] 35 (gca)
[20:18:38] 10 tRNA-Gly c[60790,60863] 34 (gcc)
[20:18:38] 11 tRNA-Val [67917,67990] 34 (tac)
[20:18:38] 12 tRNA-Leu c[71239,71319] 34 (caa)
[20:18:38] 13 tRNA-Ser c[71324,71408] 35 (tga)
[20:18:38] 14 tRNA-Thr [77565,77635] 33 (tgt)
[20:18:38] 15 tRNA-His [77637,77710] 34 (gtg)
[20:18:38] 16 tRNA-Lys c[78635,78709] 35 (ttt)
[20:18:38] 17 tRNA-Arg c[80794,80866] 34 (tct)
[20:18:38] 18 tRNA-Met c[81032,81103] 33 (cat)
[20:18:38] 19 tRNA-Pro [81149,81222] 35 (tgg)
[20:18:38] 20 tRNA-Asp c[91947,92023] 37 (gtc)
[20:18:38] 21 tRNA-Glu c[92025,92096] 34 (ttc)
[20:18:38] 22 tRNA-Ile c[120544,120614] 33 (gat)
[20:18:38] 23 tRNA-Ala c[120622,120693] 33 (tgc)
[20:18:38] 24 tRNA-Met c[136874,136946] 35 (cat)
[20:18:38] 25 tRNA-Tyr [137032,137115] 35 (gta)
[20:18:38] 26 tRNA-Gly [137118,137188] 33 (tcc)
[20:18:38] 27 tRNA-Thr [137193,137266] 35 (agt)
[20:18:38] Found 27 tRNAs
[20:18:38] Predicting Ribosomal RNAs
[20:18:38] Running Barrnap with 8 threads
[20:18:38] 1 gnl|Prokka|VFCIXIUS_1 117701 23S ribosomal RNA
[20:18:38] 2 gnl|Prokka|VFCIXIUS_1 120722 16S ribosomal RNA
[20:18:38] Found 2 rRNAs
[20:18:38] Scanning for ncRNAs... please be patient.
[20:18:38] Running: cmscan -Z 0.274554 --cut_ga --rfam --nohmmonly --fmt 2 --cpu 8 --tblout /dev/stdout -o /dev/null --noali /home/diego/miniconda3/envs/prokka_env/db/cm/Bacteria prokka_VFCIXIUS_pseudofinder\/VFCIXIUS\.fna
[20:18:45] Found 0 ncRNAs.
[20:18:45] Total of 28 tRNA + rRNA features
[20:18:45] Searching for CRISPR repeats
[20:18:45] Found 0 CRISPRs
[20:18:45] Predicting coding sequences
[20:18:45] Contigs total 137277 bp, so using single mode
[20:18:45] Running: prodigal -i prokka_VFCIXIUS_pseudofinder\/VFCIXIUS\.fna -c -m -g 11 -p single -f sco -q
[20:18:45] Found 151 CDS
[20:18:45] Connecting features back to sequences
[20:18:45] Not using genus-specific database. Try --usegenus to enable it.
[20:18:45] Annotating CDS, please be patient.
[20:18:45] Will use 8 CPUs for similarity searching.
[20:18:45] There are still 151 unannotated CDS left (started with 151)
[20:18:45] Will use blast to search against /home/diego/miniconda3/envs/prokka_env/db/kingdom/Bacteria/IS with 8 CPUs
[20:18:45] Running: cat prokka_VFCIXIUS_pseudofinder\/VFCIXIUS\.IS\.tmp\.197054\.faa | parallel --gnu --plain -j 8 --block 2692 --recstart '>' --pipe blastp -query - -db /home/diego/miniconda3/envs/prokka_env/db/kingdom/Bacteria/IS -evalue 1e-30 -qcov_hsp_perc 90 -num_threads 1 -num_descriptions 1 -num_alignments 1 -seg no > prokka_VFCIXIUS_pseudofinder\/VFCIXIUS\.IS\.tmp\.197054\.blast 2> /dev/null
[20:18:46] Deleting unwanted file: prokka_VFCIXIUS_pseudofinder/VFCIXIUS.IS.tmp.197054.faa
[20:18:46] Deleting unwanted file: prokka_VFCIXIUS_pseudofinder/VFCIXIUS.IS.tmp.197054.blast
[20:18:46] There are still 151 unannotated CDS left (started with 151)
[20:18:46] Will use blast to search against /home/diego/miniconda3/envs/prokka_env/db/kingdom/Bacteria/AMR with 8 CPUs
[20:18:46] Running: cat prokka_VFCIXIUS_pseudofinder\/VFCIXIUS\.AMR\.tmp\.197054\.faa | parallel --gnu --plain -j 8 --block 2692 --recstart '>' --pipe blastp -query - -db /home/diego/miniconda3/envs/prokka_env/db/kingdom/Bacteria/AMR -evalue 9.99999999999999e-301 -qcov_hsp_perc 90 -num_threads 1 -num_descriptions 1 -num_alignments 1 -seg no > prokka_VFCIXIUS_pseudofinder\/VFCIXIUS\.AMR\.tmp\.197054\.blast 2> /dev/null
[20:18:47] Deleting unwanted file: prokka_VFCIXIUS_pseudofinder/VFCIXIUS.AMR.tmp.197054.faa
[20:18:47] Deleting unwanted file: prokka_VFCIXIUS_pseudofinder/VFCIXIUS.AMR.tmp.197054.blast
[20:18:47] There are still 151 unannotated CDS left (started with 151)
[20:18:47] Will use blast to search against /home/diego/miniconda3/envs/prokka_env/db/kingdom/Bacteria/sprot with 8 CPUs
[20:18:47] Running: cat prokka_VFCIXIUS_pseudofinder\/VFCIXIUS\.sprot\.tmp\.197054\.faa | parallel --gnu --plain -j 8 --block 2692 --recstart '>' --pipe blastp -query - -db /home/diego/miniconda3/envs/prokka_env/db/kingdom/Bacteria/sprot -evalue 1e-09 -qcov_hsp_perc 80 -num_threads 1 -num_descriptions 1 -num_alignments 1 -seg no > prokka_VFCIXIUS_pseudofinder\/VFCIXIUS\.sprot\.tmp\.197054\.blast 2> /dev/null
[20:18:49] Deleting unwanted file: prokka_VFCIXIUS_pseudofinder/VFCIXIUS.sprot.tmp.197054.faa
[20:18:49] Deleting unwanted file: prokka_VFCIXIUS_pseudofinder/VFCIXIUS.sprot.tmp.197054.blast
[20:18:49] There are still 52 unannotated CDS left (started with 151)
[20:18:49] Will use hmmer3 to search against /home/diego/miniconda3/envs/prokka_env/db/hmm/HAMAP.hmm with 8 CPUs
[20:18:49] Running: cat prokka_VFCIXIUS_pseudofinder\/VFCIXIUS\.HAMAP\.hmm\.tmp\.197054\.faa | parallel --gnu --plain -j 8 --block 714 --recstart '>' --pipe hmmscan --noali --notextw --acc -E 1e-09 --cpu 1 /home/diego/miniconda3/envs/prokka_env/db/hmm/HAMAP.hmm /dev/stdin > prokka_VFCIXIUS_pseudofinder\/VFCIXIUS\.HAMAP\.hmm\.tmp\.197054\.hmmer3 2> /dev/null
[20:18:50] Deleting unwanted file: prokka_VFCIXIUS_pseudofinder/VFCIXIUS.HAMAP.hmm.tmp.197054.faa
[20:18:50] Deleting unwanted file: prokka_VFCIXIUS_pseudofinder/VFCIXIUS.HAMAP.hmm.tmp.197054.hmmer3
[20:18:50] Labelling remaining 38 proteins as 'hypothetical protein'
[20:18:50] Found 112 unique /gene codes.
[20:18:50] Fixed 2 duplicate /gene - hisI_1 hisI_2
[20:18:50] Fixed 1 colliding /gene names.
[20:18:50] Adding /locus_tag identifiers
[20:18:50] Assigned 180 locus_tags to CDS and RNA features.
[20:18:50] Writing outputs to prokka_VFCIXIUS_pseudofinder/
[20:18:50] Generating annotation statistics file
[20:18:50] Generating Genbank and Sequin files
[20:18:50] Running: tbl2asn -V b -a r10k -l paired-ends -M n -N 1 -y 'Annotated using prokka 1.14.6 from https://github.com/tseemann/prokka' -Z prokka_VFCIXIUS_pseudofinder\/VFCIXIUS\.err -i prokka_VFCIXIUS_pseudofinder\/VFCIXIUS\.fsa 2> /dev/null
[20:18:51] Deleting unwanted file: prokka_VFCIXIUS_pseudofinder/errorsummary.val
[20:18:51] Deleting unwanted file: prokka_VFCIXIUS_pseudofinder/VFCIXIUS.dr
[20:18:51] Deleting unwanted file: prokka_VFCIXIUS_pseudofinder/VFCIXIUS.fixedproducts
[20:18:51] Deleting unwanted file: prokka_VFCIXIUS_pseudofinder/VFCIXIUS.ecn
[20:18:51] Deleting unwanted file: prokka_VFCIXIUS_pseudofinder/VFCIXIUS.val
[20:18:51] Repairing broken .GBK output that tbl2asn produces...
[20:18:51] Running: sed 's/COORDINATES: profile/COORDINATES:profile/' < prokka_VFCIXIUS_pseudofinder\/VFCIXIUS\.gbf > prokka_VFCIXIUS_pseudofinder\/VFCIXIUS\.gbk
[20:18:51] Deleting unwanted file: prokka_VFCIXIUS_pseudofinder/VFCIXIUS.gbf
[20:18:51] Output files:
[20:18:51] prokka_VFCIXIUS_pseudofinder/VFCIXIUS.ffn
[20:18:51] prokka_VFCIXIUS_pseudofinder/VFCIXIUS.err
[20:18:51] prokka_VFCIXIUS_pseudofinder/VFCIXIUS.sqn
[20:18:51] prokka_VFCIXIUS_pseudofinder/VFCIXIUS.txt
[20:18:51] prokka_VFCIXIUS_pseudofinder/VFCIXIUS.log
[20:18:51] prokka_VFCIXIUS_pseudofinder/VFCIXIUS.fna
[20:18:51] prokka_VFCIXIUS_pseudofinder/VFCIXIUS.gbk
[20:18:51] prokka_VFCIXIUS_pseudofinder/VFCIXIUS.tbl
[20:18:51] prokka_VFCIXIUS_pseudofinder/VFCIXIUS.gff
[20:18:51] prokka_VFCIXIUS_pseudofinder/VFCIXIUS.faa
[20:18:51] prokka_VFCIXIUS_pseudofinder/VFCIXIUS.tsv
[20:18:51] prokka_VFCIXIUS_pseudofinder/VFCIXIUS.fsa
[20:18:51] Annotation finished successfully.
[20:18:51] Walltime used: 0.22 minutes
[20:18:51] If you use this result please cite the Prokka paper:
[20:18:51] Seemann T (2014) Prokka: rapid prokaryotic genome annotation. Bioinformatics. 30(14):2068-9.
[20:18:51] Type 'prokka --citation' for more details.
[20:18:51] Share and enjoy!
