[20:22:08] This is prokka 1.14.6
[20:22:08] Written by Torsten Seemann <torsten.seemann@gmail.com>
[20:22:08] Homepage is https://github.com/tseemann/prokka
[20:22:08] Local time is Tue Aug  9 20:22:08 2022
[20:22:08] You are diego
[20:22:08] Operating system is linux
[20:22:08] You have BioPerl 1.007002
[20:22:08] System has 12 cores.
[20:22:08] Will use maximum of 8 cores.
[20:22:08] Annotating as >>> Bacteria <<<
[20:22:08] Enabling options to ensure Genbank/ENA/DDJB submission compliance.
[20:22:08] Creating new output folder: prokka_VFOMMLON_pseudofinder
[20:22:08] Running: mkdir -p prokka_VFOMMLON_pseudofinder
[20:22:08] Using filename prefix: VFOMMLON.XXX
[20:22:08] Setting HMMER_NCPU=1
[20:22:08] Writing log to: prokka_VFOMMLON_pseudofinder/VFOMMLON.log
[20:22:08] Command: /home/diego/miniconda3/envs/prokka_env/bin/prokka VFOMMLON.fasta --prefix VFOMMLON --locustag VFOMMLON --outdir prokka_VFOMMLON_pseudofinder -gcode 11 --compliant --rfam --cdsrnaolap --force
[20:22:08] Appending to PATH: /home/diego/miniconda3/envs/prokka_env/bin
[20:22:08] Looking for 'aragorn' - found /home/diego/miniconda3/envs/prokka_env/bin/aragorn
[20:22:08] Determined aragorn version is 001002 from 'ARAGORN v1.2.38 Dean Laslett'
[20:22:08] Looking for 'barrnap' - found /home/diego/miniconda3/envs/prokka_env/bin/barrnap
[20:22:08] Determined barrnap version is 000009 from 'barrnap 0.9'
[20:22:08] Looking for 'blastp' - found /home/diego/miniconda3/envs/prokka_env/bin/blastp
[20:22:08] Determined blastp version is 002010 from 'blastp: 2.10.1+'
[20:22:08] Looking for 'cmpress' - found /home/diego/miniconda3/envs/prokka_env/bin/cmpress
[20:22:08] Determined cmpress version is 001001 from '# INFERNAL 1.1.3 (Nov 2019)'
[20:22:08] Looking for 'cmscan' - found /home/diego/miniconda3/envs/prokka_env/bin/cmscan
[20:22:08] Determined cmscan version is 001001 from '# INFERNAL 1.1.3 (Nov 2019)'
[20:22:08] Looking for 'egrep' - found /usr/bin/egrep
[20:22:08] Looking for 'find' - found /usr/bin/find
[20:22:08] Looking for 'grep' - found /usr/bin/grep
[20:22:08] Looking for 'hmmpress' - found /home/diego/miniconda3/envs/prokka_env/bin/hmmpress
[20:22:08] Determined hmmpress version is 003003 from '# HMMER 3.3.2 (Nov 2020); http://hmmer.org/'
[20:22:08] Looking for 'hmmscan' - found /home/diego/miniconda3/envs/prokka_env/bin/hmmscan
[20:22:08] Determined hmmscan version is 003003 from '# HMMER 3.3.2 (Nov 2020); http://hmmer.org/'
[20:22:08] Looking for 'java' - found /home/diego/miniconda3/envs/prokka_env/bin/java
[20:22:08] Looking for 'makeblastdb' - found /home/diego/miniconda3/envs/prokka_env/bin/makeblastdb
[20:22:08] Determined makeblastdb version is 002010 from 'makeblastdb: 2.10.1+'
[20:22:08] Looking for 'minced' - found /home/diego/miniconda3/envs/prokka_env/bin/minced
[20:22:08] Determined minced version is 004002 from 'minced 0.4.2'
[20:22:08] Looking for 'parallel' - found /home/diego/miniconda3/envs/prokka_env/bin/parallel
[20:22:09] Determined parallel version is 20201122 from 'GNU parallel 20201122'
[20:22:09] Looking for 'prodigal' - found /home/diego/miniconda3/envs/prokka_env/bin/prodigal
[20:22:09] Determined prodigal version is 002006 from 'Prodigal V2.6.3: February, 2016'
[20:22:09] Looking for 'prokka-genbank_to_fasta_db' - found /home/diego/miniconda3/envs/prokka_env/bin/prokka-genbank_to_fasta_db
[20:22:09] Looking for 'rnammer' - found /home/diego/rnammer-1.2.src/rnammer
[20:22:09] Determined rnammer version is 001002 from 'This rnammer 1.2, running from '/home/diego/rnammer-1.2.src/''
[20:22:09] Looking for 'sed' - found /usr/bin/sed
[20:22:09] Looking for 'tbl2asn' - found /home/diego/tbl2asn
[20:22:09] Determined tbl2asn version is 025008 from 'tbl2asn 25.8   arguments:'
[20:22:09] Using genetic code table 11.
[20:22:09] Loading and checking input file: VFOMMLON.fasta
[20:22:09] Wrote 1 contigs totalling 115190 bp.
[20:22:09] Predicting tRNAs and tmRNAs
[20:22:09] Running: aragorn -l -gc11  -w prokka_VFOMMLON_pseudofinder\/VFOMMLON\.fna
[20:22:09] 1 tRNA-Trp [1181,1254] 35 (cca)
[20:22:09] 2 tRNA-Phe [13441,13513] 34 (gaa)
[20:22:09] 3 tRNA-Gln [19721,19794] 35 (ttg)
[20:22:09] 4 tRNA-Ser [27244,27327] 35 (gct)
[20:22:09] 5 tRNA-Leu [48044,48116] 34 (aag)
[20:22:09] 6 tRNA-Leu [48117,48189] 34 (tag)
[20:22:09] 7 tRNA-Ser [48190,48272] 35 (aga)
[20:22:09] 8 tRNA-Asn c[52525,52596] 33 (gtt)
[20:22:09] 9 tRNA-Cys c[53095,53165] 33 (gca)
[20:22:09] 10 tRNA-Gly c[53165,53238] 34 (gcc)
[20:22:09] 11 tRNA-Val [59914,59985] 33 (tac)
[20:22:09] 12 tRNA-Leu c[59985,60059] 35 (caa)
[20:22:09] 13 tRNA-Ser c[60060,60144] 36 (tga)
[20:22:09] 14 tRNA-His [65819,65891] 34 (gtg)
[20:22:09] 15 tRNA-Lys c[66675,66748] 34 (ttt)
[20:22:09] 16 tRNA-Val c[67624,67695] 33 (gac)
[20:22:09] 17 tRNA-Arg c[68733,68806] 35 (tct)
[20:22:09] 18 tRNA-Met c[68926,68997] 33 (cat)
[20:22:09] 19 tRNA-Pro [69032,69103] 33 (tgg)
[20:22:09] 20 tRNA-Asp c[78258,78332] 35 (gtc)
[20:22:09] 21 tRNA-Glu c[78334,78404] 33 (ttc)
[20:22:09] 22 tRNA-Ala c[97821,97893] 34 (tgc)
[20:22:09] 23 tRNA-Ile c[101934,102005] 33 (gat)
[20:22:09] 24 tRNA-Met [114916,114987] 34 (cat)
[20:22:09] 25 tRNA-Tyr [115025,115110] 36 (gta)
[20:22:09] 26 tRNA-Gly [115113,115183] 33 (tcc)
[20:22:09] Found 26 tRNAs
[20:22:09] Predicting Ribosomal RNAs
[20:22:09] Running Barrnap with 8 threads
[20:22:09] 1 gnl|Prokka|VFOMMLON_1 99200 23S ribosomal RNA
[20:22:09] 2 gnl|Prokka|VFOMMLON_1 102019 16S ribosomal RNA
[20:22:09] Found 2 rRNAs
[20:22:09] Scanning for ncRNAs... please be patient.
[20:22:09] Running: cmscan -Z 0.23038 --cut_ga --rfam --nohmmonly --fmt 2 --cpu 8 --tblout /dev/stdout -o /dev/null --noali /home/diego/miniconda3/envs/prokka_env/db/cm/Bacteria prokka_VFOMMLON_pseudofinder\/VFOMMLON\.fna
[20:22:14] Found 0 ncRNAs.
[20:22:14] Total of 28 tRNA + rRNA features
[20:22:14] Searching for CRISPR repeats
[20:22:14] Found 0 CRISPRs
[20:22:14] Predicting coding sequences
[20:22:14] Contigs total 115190 bp, so using single mode
[20:22:14] Running: prodigal -i prokka_VFOMMLON_pseudofinder\/VFOMMLON\.fna -c -m -g 11 -p single -f sco -q
[20:22:14] Found 143 CDS
[20:22:14] Connecting features back to sequences
[20:22:14] Not using genus-specific database. Try --usegenus to enable it.
[20:22:14] Annotating CDS, please be patient.
[20:22:14] Will use 8 CPUs for similarity searching.
[20:22:14] There are still 143 unannotated CDS left (started with 143)
[20:22:14] Will use blast to search against /home/diego/miniconda3/envs/prokka_env/db/kingdom/Bacteria/IS with 8 CPUs
[20:22:14] Running: cat prokka_VFOMMLON_pseudofinder\/VFOMMLON\.IS\.tmp\.209204\.faa | parallel --gnu --plain -j 8 --block 2310 --recstart '>' --pipe blastp -query - -db /home/diego/miniconda3/envs/prokka_env/db/kingdom/Bacteria/IS -evalue 1e-30 -qcov_hsp_perc 90 -num_threads 1 -num_descriptions 1 -num_alignments 1 -seg no > prokka_VFOMMLON_pseudofinder\/VFOMMLON\.IS\.tmp\.209204\.blast 2> /dev/null
[20:22:15] Deleting unwanted file: prokka_VFOMMLON_pseudofinder/VFOMMLON.IS.tmp.209204.faa
[20:22:15] Deleting unwanted file: prokka_VFOMMLON_pseudofinder/VFOMMLON.IS.tmp.209204.blast
[20:22:15] There are still 143 unannotated CDS left (started with 143)
[20:22:15] Will use blast to search against /home/diego/miniconda3/envs/prokka_env/db/kingdom/Bacteria/AMR with 8 CPUs
[20:22:15] Running: cat prokka_VFOMMLON_pseudofinder\/VFOMMLON\.AMR\.tmp\.209204\.faa | parallel --gnu --plain -j 8 --block 2310 --recstart '>' --pipe blastp -query - -db /home/diego/miniconda3/envs/prokka_env/db/kingdom/Bacteria/AMR -evalue 9.99999999999999e-301 -qcov_hsp_perc 90 -num_threads 1 -num_descriptions 1 -num_alignments 1 -seg no > prokka_VFOMMLON_pseudofinder\/VFOMMLON\.AMR\.tmp\.209204\.blast 2> /dev/null
[20:22:16] Deleting unwanted file: prokka_VFOMMLON_pseudofinder/VFOMMLON.AMR.tmp.209204.faa
[20:22:16] Deleting unwanted file: prokka_VFOMMLON_pseudofinder/VFOMMLON.AMR.tmp.209204.blast
[20:22:16] There are still 143 unannotated CDS left (started with 143)
[20:22:16] Will use blast to search against /home/diego/miniconda3/envs/prokka_env/db/kingdom/Bacteria/sprot with 8 CPUs
[20:22:16] Running: cat prokka_VFOMMLON_pseudofinder\/VFOMMLON\.sprot\.tmp\.209204\.faa | parallel --gnu --plain -j 8 --block 2310 --recstart '>' --pipe blastp -query - -db /home/diego/miniconda3/envs/prokka_env/db/kingdom/Bacteria/sprot -evalue 1e-09 -qcov_hsp_perc 80 -num_threads 1 -num_descriptions 1 -num_alignments 1 -seg no > prokka_VFOMMLON_pseudofinder\/VFOMMLON\.sprot\.tmp\.209204\.blast 2> /dev/null
[20:22:18] Deleting unwanted file: prokka_VFOMMLON_pseudofinder/VFOMMLON.sprot.tmp.209204.faa
[20:22:18] Deleting unwanted file: prokka_VFOMMLON_pseudofinder/VFOMMLON.sprot.tmp.209204.blast
[20:22:18] There are still 66 unannotated CDS left (started with 143)
[20:22:18] Will use hmmer3 to search against /home/diego/miniconda3/envs/prokka_env/db/hmm/HAMAP.hmm with 8 CPUs
[20:22:18] Running: cat prokka_VFOMMLON_pseudofinder\/VFOMMLON\.HAMAP\.hmm\.tmp\.209204\.faa | parallel --gnu --plain -j 8 --block 794 --recstart '>' --pipe hmmscan --noali --notextw --acc -E 1e-09 --cpu 1 /home/diego/miniconda3/envs/prokka_env/db/hmm/HAMAP.hmm /dev/stdin > prokka_VFOMMLON_pseudofinder\/VFOMMLON\.HAMAP\.hmm\.tmp\.209204\.hmmer3 2> /dev/null
[20:22:19] Deleting unwanted file: prokka_VFOMMLON_pseudofinder/VFOMMLON.HAMAP.hmm.tmp.209204.faa
[20:22:19] Deleting unwanted file: prokka_VFOMMLON_pseudofinder/VFOMMLON.HAMAP.hmm.tmp.209204.hmmer3
[20:22:19] Labelling remaining 48 proteins as 'hypothetical protein'
[20:22:19] Found 95 unique /gene codes.
[20:22:19] Fixed 0 colliding /gene names.
[20:22:19] Adding /locus_tag identifiers
[20:22:19] Assigned 171 locus_tags to CDS and RNA features.
[20:22:19] Writing outputs to prokka_VFOMMLON_pseudofinder/
[20:22:19] Generating annotation statistics file
[20:22:19] Generating Genbank and Sequin files
[20:22:19] Running: tbl2asn -V b -a r10k -l paired-ends -M n -N 1 -y 'Annotated using prokka 1.14.6 from https://github.com/tseemann/prokka' -Z prokka_VFOMMLON_pseudofinder\/VFOMMLON\.err -i prokka_VFOMMLON_pseudofinder\/VFOMMLON\.fsa 2> /dev/null
[20:22:20] Deleting unwanted file: prokka_VFOMMLON_pseudofinder/errorsummary.val
[20:22:20] Deleting unwanted file: prokka_VFOMMLON_pseudofinder/VFOMMLON.dr
[20:22:20] Deleting unwanted file: prokka_VFOMMLON_pseudofinder/VFOMMLON.fixedproducts
[20:22:20] Deleting unwanted file: prokka_VFOMMLON_pseudofinder/VFOMMLON.ecn
[20:22:20] Deleting unwanted file: prokka_VFOMMLON_pseudofinder/VFOMMLON.val
[20:22:20] Repairing broken .GBK output that tbl2asn produces...
[20:22:20] Running: sed 's/COORDINATES: profile/COORDINATES:profile/' < prokka_VFOMMLON_pseudofinder\/VFOMMLON\.gbf > prokka_VFOMMLON_pseudofinder\/VFOMMLON\.gbk
[20:22:20] Deleting unwanted file: prokka_VFOMMLON_pseudofinder/VFOMMLON.gbf
[20:22:20] Output files:
[20:22:20] prokka_VFOMMLON_pseudofinder/VFOMMLON.fna
[20:22:20] prokka_VFOMMLON_pseudofinder/VFOMMLON.ffn
[20:22:20] prokka_VFOMMLON_pseudofinder/VFOMMLON.txt
[20:22:20] prokka_VFOMMLON_pseudofinder/VFOMMLON.tsv
[20:22:20] prokka_VFOMMLON_pseudofinder/VFOMMLON.gbk
[20:22:20] prokka_VFOMMLON_pseudofinder/VFOMMLON.faa
[20:22:20] prokka_VFOMMLON_pseudofinder/VFOMMLON.tbl
[20:22:20] prokka_VFOMMLON_pseudofinder/VFOMMLON.gff
[20:22:20] prokka_VFOMMLON_pseudofinder/VFOMMLON.fsa
[20:22:20] prokka_VFOMMLON_pseudofinder/VFOMMLON.err
[20:22:20] prokka_VFOMMLON_pseudofinder/VFOMMLON.log
[20:22:20] prokka_VFOMMLON_pseudofinder/VFOMMLON.sqn
[20:22:20] Annotation finished successfully.
[20:22:20] Walltime used: 0.20 minutes
[20:22:20] If you use this result please cite the Prokka paper:
[20:22:20] Seemann T (2014) Prokka: rapid prokaryotic genome annotation. Bioinformatics. 30(14):2068-9.
[20:22:20] Type 'prokka --citation' for more details.
[20:22:20] Thank you, come again.
