Discrepancy Report Results

Summary
FATAL: MISSING_PROTEIN_ID:123 proteins have invalid IDs.
DISC_SOURCE_QUALS_ASNDISC:strain (all present, all unique)
DISC_SOURCE_QUALS_ASNDISC:taxname (all present, all unique)
DISC_FEATURE_COUNT:CDS: 123 present
DISC_FEATURE_COUNT:tRNA: 27 present
DISC_FEATURE_COUNT:rRNA: 2 present
DISC_COUNT_NUCLEOTIDES:1 nucleotide Bioseqs are present
FEATURE_LOCATION_CONFLICT:152 features have inconsistent gene locations.
DISC_QUALITY_SCORES:Quality scores are missing on all sequences.
ONCALLER_COMMENT_PRESENT:1 comment descriptors were found (all same)
SHORT_PROT_SEQUENCES:3 protein sequences are shorter than 50 aa.
MISSING_GENOMEASSEMBLY_COMMENTS:1 bioseqs are missing GenomeAssembly structured comments
MOLTYPE_NOT_MRNA:1 molecule types are not set as mRNA.
TECHNIQUE_NOT_TSA:1 technique are not set as TSA
MISSING_STRUCTURED_COMMENT:1 sequences do not include structured comments.
MISSING_PROJECT:124 sequences do not include project.
DISC_INCONSISTENT_MOLINFO_TECH:Molinfo Technique Report (some missing, all same)


Detailed Report

FATAL: DiscRep_ALL:MISSING_PROTEIN_ID::123 proteins have invalid IDs.
prokka_VFRR05105/VFRR05105:VFRR05105_1 (length 135)
prokka_VFRR05105/VFRR05105:VFRR05105_2 (length 201)
prokka_VFRR05105/VFRR05105:VFRR05105_3 (length 152)
prokka_VFRR05105/VFRR05105:VFRR05105_4 (length 116)
prokka_VFRR05105/VFRR05105:VFRR05105_5 (length 1258)
prokka_VFRR05105/VFRR05105:VFRR05105_6 (length 1303)
prokka_VFRR05105/VFRR05105:VFRR05105_7 (length 130)
prokka_VFRR05105/VFRR05105:VFRR05105_8 (length 157)
prokka_VFRR05105/VFRR05105:VFRR05105_9 (length 696)
prokka_VFRR05105/VFRR05105:VFRR05105_10 (length 100)
prokka_VFRR05105/VFRR05105:VFRR05105_11 (length 116)
prokka_VFRR05105/VFRR05105:VFRR05105_12 (length 234)
prokka_VFRR05105/VFRR05105:VFRR05105_13 (length 357)
prokka_VFRR05105/VFRR05105:VFRR05105_14 (length 129)
prokka_VFRR05105/VFRR05105:VFRR05105_15 (length 98)
prokka_VFRR05105/VFRR05105:VFRR05105_16 (length 262)
prokka_VFRR05105/VFRR05105:VFRR05105_17 (length 177)
prokka_VFRR05105/VFRR05105:VFRR05105_18 (length 293)
prokka_VFRR05105/VFRR05105:VFRR05105_19 (length 169)
prokka_VFRR05105/VFRR05105:VFRR05105_20 (length 182)
prokka_VFRR05105/VFRR05105:VFRR05105_21 (length 55)
prokka_VFRR05105/VFRR05105:VFRR05105_22 (length 375)
prokka_VFRR05105/VFRR05105:VFRR05105_23 (length 419)
prokka_VFRR05105/VFRR05105:VFRR05105_24 (length 229)
prokka_VFRR05105/VFRR05105:VFRR05105_25 (length 289)
prokka_VFRR05105/VFRR05105:VFRR05105_26 (length 317)
prokka_VFRR05105/VFRR05105:VFRR05105_27 (length 392)
prokka_VFRR05105/VFRR05105:VFRR05105_28 (length 736)
prokka_VFRR05105/VFRR05105:VFRR05105_29 (length 50)
prokka_VFRR05105/VFRR05105:VFRR05105_30 (length 775)
prokka_VFRR05105/VFRR05105:VFRR05105_31 (length 235)
prokka_VFRR05105/VFRR05105:VFRR05105_32 (length 389)
prokka_VFRR05105/VFRR05105:VFRR05105_33 (length 286)
prokka_VFRR05105/VFRR05105:VFRR05105_34 (length 246)
prokka_VFRR05105/VFRR05105:VFRR05105_35 (length 344)
prokka_VFRR05105/VFRR05105:VFRR05105_36 (length 188)
prokka_VFRR05105/VFRR05105:VFRR05105_37 (length 408)
prokka_VFRR05105/VFRR05105:VFRR05105_38 (length 461)
prokka_VFRR05105/VFRR05105:VFRR05105_39 (length 465)
prokka_VFRR05105/VFRR05105:VFRR05105_40 (length 326)
prokka_VFRR05105/VFRR05105:VFRR05105_41 (length 470)
prokka_VFRR05105/VFRR05105:VFRR05105_42 (length 991)
prokka_VFRR05105/VFRR05105:VFRR05105_43 (length 351)
prokka_VFRR05105/VFRR05105:VFRR05105_44 (length 210)
prokka_VFRR05105/VFRR05105:VFRR05105_45 (length 381)
prokka_VFRR05105/VFRR05105:VFRR05105_46 (length 242)
prokka_VFRR05105/VFRR05105:VFRR05105_47 (length 87)
prokka_VFRR05105/VFRR05105:VFRR05105_48 (length 76)
prokka_VFRR05105/VFRR05105:VFRR05105_49 (length 360)
prokka_VFRR05105/VFRR05105:VFRR05105_50 (length 1039)
prokka_VFRR05105/VFRR05105:VFRR05105_51 (length 199)
prokka_VFRR05105/VFRR05105:VFRR05105_52 (length 186)
prokka_VFRR05105/VFRR05105:VFRR05105_53 (length 244)
prokka_VFRR05105/VFRR05105:VFRR05105_54 (length 198)
prokka_VFRR05105/VFRR05105:VFRR05105_55 (length 423)
prokka_VFRR05105/VFRR05105:VFRR05105_56 (length 334)
prokka_VFRR05105/VFRR05105:VFRR05105_57 (length 192)
prokka_VFRR05105/VFRR05105:VFRR05105_58 (length 194)
prokka_VFRR05105/VFRR05105:VFRR05105_59 (length 235)
prokka_VFRR05105/VFRR05105:VFRR05105_60 (length 254)
prokka_VFRR05105/VFRR05105:VFRR05105_61 (length 94)
prokka_VFRR05105/VFRR05105:VFRR05105_62 (length 113)
prokka_VFRR05105/VFRR05105:VFRR05105_63 (length 54)
prokka_VFRR05105/VFRR05105:VFRR05105_64 (length 104)
prokka_VFRR05105/VFRR05105:VFRR05105_65 (length 167)
prokka_VFRR05105/VFRR05105:VFRR05105_66 (length 342)
prokka_VFRR05105/VFRR05105:VFRR05105_67 (length 352)
prokka_VFRR05105/VFRR05105:VFRR05105_68 (length 261)
prokka_VFRR05105/VFRR05105:VFRR05105_69 (length 360)
prokka_VFRR05105/VFRR05105:VFRR05105_70 (length 460)
prokka_VFRR05105/VFRR05105:VFRR05105_71 (length 414)
prokka_VFRR05105/VFRR05105:VFRR05105_72 (length 40)
prokka_VFRR05105/VFRR05105:VFRR05105_73 (length 428)
prokka_VFRR05105/VFRR05105:VFRR05105_74 (length 60)
prokka_VFRR05105/VFRR05105:VFRR05105_75 (length 101)
prokka_VFRR05105/VFRR05105:VFRR05105_76 (length 370)
prokka_VFRR05105/VFRR05105:VFRR05105_77 (length 602)
prokka_VFRR05105/VFRR05105:VFRR05105_78 (length 94)
prokka_VFRR05105/VFRR05105:VFRR05105_79 (length 529)
prokka_VFRR05105/VFRR05105:VFRR05105_80 (length 447)
prokka_VFRR05105/VFRR05105:VFRR05105_81 (length 351)
prokka_VFRR05105/VFRR05105:VFRR05105_82 (length 363)
prokka_VFRR05105/VFRR05105:VFRR05105_83 (length 231)
prokka_VFRR05105/VFRR05105:VFRR05105_84 (length 342)
prokka_VFRR05105/VFRR05105:VFRR05105_85 (length 603)
prokka_VFRR05105/VFRR05105:VFRR05105_86 (length 142)
prokka_VFRR05105/VFRR05105:VFRR05105_87 (length 322)
prokka_VFRR05105/VFRR05105:VFRR05105_88 (length 339)
prokka_VFRR05105/VFRR05105:VFRR05105_89 (length 159)
prokka_VFRR05105/VFRR05105:VFRR05105_90 (length 723)
prokka_VFRR05105/VFRR05105:VFRR05105_91 (length 217)
prokka_VFRR05105/VFRR05105:VFRR05105_92 (length 406)
prokka_VFRR05105/VFRR05105:VFRR05105_93 (length 248)
prokka_VFRR05105/VFRR05105:VFRR05105_94 (length 131)
prokka_VFRR05105/VFRR05105:VFRR05105_95 (length 77)
prokka_VFRR05105/VFRR05105:VFRR05105_96 (length 106)
prokka_VFRR05105/VFRR05105:VFRR05105_97 (length 413)
prokka_VFRR05105/VFRR05105:VFRR05105_98 (length 152)
prokka_VFRR05105/VFRR05105:VFRR05105_99 (length 201)
prokka_VFRR05105/VFRR05105:VFRR05105_100 (length 71)
prokka_VFRR05105/VFRR05105:VFRR05105_101 (length 268)
prokka_VFRR05105/VFRR05105:VFRR05105_102 (length 83)
prokka_VFRR05105/VFRR05105:VFRR05105_103 (length 106)
prokka_VFRR05105/VFRR05105:VFRR05105_104 (length 204)
prokka_VFRR05105/VFRR05105:VFRR05105_105 (length 132)
prokka_VFRR05105/VFRR05105:VFRR05105_106 (length 76)
prokka_VFRR05105/VFRR05105:VFRR05105_107 (length 129)
prokka_VFRR05105/VFRR05105:VFRR05105_108 (length 176)
prokka_VFRR05105/VFRR05105:VFRR05105_109 (length 91)
prokka_VFRR05105/VFRR05105:VFRR05105_110 (length 127)
prokka_VFRR05105/VFRR05105:VFRR05105_111 (length 176)
prokka_VFRR05105/VFRR05105:VFRR05105_112 (length 98)
prokka_VFRR05105/VFRR05105:VFRR05105_113 (length 93)
prokka_VFRR05105/VFRR05105:VFRR05105_114 (length 114)
prokka_VFRR05105/VFRR05105:VFRR05105_115 (length 72)
prokka_VFRR05105/VFRR05105:VFRR05105_116 (length 37)
prokka_VFRR05105/VFRR05105:VFRR05105_117 (length 112)
prokka_VFRR05105/VFRR05105:VFRR05105_118 (length 114)
prokka_VFRR05105/VFRR05105:VFRR05105_119 (length 177)
prokka_VFRR05105/VFRR05105:VFRR05105_120 (length 286)
prokka_VFRR05105/VFRR05105:VFRR05105_121 (length 110)
prokka_VFRR05105/VFRR05105:VFRR05105_122 (length 47)
prokka_VFRR05105/VFRR05105:VFRR05105_123 (length 366)

DiscRep_ALL:DISC_SOURCE_QUALS_ASNDISC::strain (all present, all unique)
DiscRep_SUB:DISC_SOURCE_QUALS_ASNDISC::1 sources have unique values for strain
DiscRep_ALL:DISC_SOURCE_QUALS_ASNDISC::taxname (all present, all unique)
DiscRep_SUB:DISC_SOURCE_QUALS_ASNDISC::1 sources have unique values for taxname
DiscRep_ALL:DISC_FEATURE_COUNT::CDS: 123 present
DiscRep_ALL:DISC_FEATURE_COUNT::tRNA: 27 present
DiscRep_ALL:DISC_FEATURE_COUNT::rRNA: 2 present
DiscRep_ALL:DISC_COUNT_NUCLEOTIDES::1 nucleotide Bioseqs are present
prokka_VFRR05105/VFRR05105:VFRR05105 (length 123433)

DiscRep_ALL:FEATURE_LOCATION_CONFLICT::152 features have inconsistent gene locations.
DiscRep_SUB:FEATURE_LOCATION_CONFLICT::Coding region xref gene does not exist
prokka_VFRR05105/VFRR05105:CDS	50S ribosomal protein L11	VFRR05105:2562-2969	VFRR05105_00005

DiscRep_SUB:FEATURE_LOCATION_CONFLICT::Coding region xref gene does not exist
prokka_VFRR05105/VFRR05105:CDS	hypothetical protein	VFRR05105:2971-3576	VFRR05105_00006

DiscRep_SUB:FEATURE_LOCATION_CONFLICT::Coding region xref gene does not exist
prokka_VFRR05105/VFRR05105:CDS	hypothetical protein	VFRR05105:3573-4031	VFRR05105_00007

DiscRep_SUB:FEATURE_LOCATION_CONFLICT::Coding region xref gene does not exist
prokka_VFRR05105/VFRR05105:CDS	50S ribosomal protein L7/L12	VFRR05105:4006-4356	VFRR05105_00008

DiscRep_SUB:FEATURE_LOCATION_CONFLICT::Coding region xref gene does not exist
prokka_VFRR05105/VFRR05105:CDS	DNA-directed RNA polymerase subunit beta	VFRR05105:4349-8125	VFRR05105_00009

DiscRep_SUB:FEATURE_LOCATION_CONFLICT::Coding region xref gene does not exist
prokka_VFRR05105/VFRR05105:CDS	DNA-directed RNA polymerase subunit beta'	VFRR05105:8118-12029	VFRR05105_00010

DiscRep_SUB:FEATURE_LOCATION_CONFLICT::Coding region xref gene does not exist
prokka_VFRR05105/VFRR05105:CDS	30S ribosomal protein S12	VFRR05105:11980-12372	VFRR05105_00011

DiscRep_SUB:FEATURE_LOCATION_CONFLICT::Coding region xref gene does not exist
prokka_VFRR05105/VFRR05105:CDS	30S ribosomal protein S7	VFRR05105:12347-12820	VFRR05105_00012

DiscRep_SUB:FEATURE_LOCATION_CONFLICT::Coding region xref gene does not exist
prokka_VFRR05105/VFRR05105:CDS	Elongation factor G	VFRR05105:12820-14910	VFRR05105_00013

DiscRep_SUB:FEATURE_LOCATION_CONFLICT::Coding region xref gene does not exist
prokka_VFRR05105/VFRR05105:CDS	30S ribosomal protein S10	VFRR05105:14900-15202	VFRR05105_00014

DiscRep_SUB:FEATURE_LOCATION_CONFLICT::Coding region xref gene does not exist
prokka_VFRR05105/VFRR05105:CDS	hypothetical protein	VFRR05105:15707-16057	VFRR05105_00016

DiscRep_SUB:FEATURE_LOCATION_CONFLICT::Coding region xref gene does not exist
prokka_VFRR05105/VFRR05105:CDS	Ribosomal RNA small subunit methyltransferase A	VFRR05105:c16742-16038	VFRR05105_00017

DiscRep_SUB:FEATURE_LOCATION_CONFLICT::Coding region xref gene does not exist
prokka_VFRR05105/VFRR05105:CDS	Tyrosine--tRNA ligase	VFRR05105:c17808-16735	VFRR05105_00018

DiscRep_SUB:FEATURE_LOCATION_CONFLICT::Coding region xref gene does not exist
prokka_VFRR05105/VFRR05105:CDS	30S ribosomal protein S9	VFRR05105:c18197-17808	VFRR05105_00019

DiscRep_SUB:FEATURE_LOCATION_CONFLICT::Coding region xref gene does not exist
prokka_VFRR05105/VFRR05105:CDS	hypothetical protein	VFRR05105:c18493-18197	VFRR05105_00020

DiscRep_SUB:FEATURE_LOCATION_CONFLICT::Coding region xref gene does not exist
prokka_VFRR05105/VFRR05105:CDS	Diaminopimelate epimerase	VFRR05105:c19265-18477	VFRR05105_00021

DiscRep_SUB:FEATURE_LOCATION_CONFLICT::Coding region xref gene does not exist
prokka_VFRR05105/VFRR05105:CDS	hypothetical protein	VFRR05105:c19821-19288	VFRR05105_00022

DiscRep_SUB:FEATURE_LOCATION_CONFLICT::Coding region xref gene does not exist
prokka_VFRR05105/VFRR05105:CDS	Ribose-phosphate pyrophosphokinase	VFRR05105:19994-20875	VFRR05105_00024

DiscRep_SUB:FEATURE_LOCATION_CONFLICT::Coding region xref gene does not exist
prokka_VFRR05105/VFRR05105:CDS	hypothetical protein	VFRR05105:20850-21359	VFRR05105_00025

DiscRep_SUB:FEATURE_LOCATION_CONFLICT::Coding region xref gene does not exist
prokka_VFRR05105/VFRR05105:CDS	Ribosomal RNA small subunit methyltransferase D	VFRR05105:c21897-21349	VFRR05105_00026

DiscRep_SUB:FEATURE_LOCATION_CONFLICT::Coding region xref gene does not exist
prokka_VFRR05105/VFRR05105:CDS	hypothetical protein	VFRR05105:c22061-21894	VFRR05105_00027

DiscRep_SUB:FEATURE_LOCATION_CONFLICT::Coding region xref gene does not exist
prokka_VFRR05105/VFRR05105:CDS	Cysteine desulfurase IscS	VFRR05105:22220-23347	VFRR05105_00028

DiscRep_SUB:FEATURE_LOCATION_CONFLICT::Coding region xref gene does not exist
prokka_VFRR05105/VFRR05105:CDS	Lysine--tRNA ligase	VFRR05105:c24603-23344	VFRR05105_00029

DiscRep_SUB:FEATURE_LOCATION_CONFLICT::Coding region xref gene does not exist
prokka_VFRR05105/VFRR05105:CDS	Peptide chain release factor RF2	VFRR05105:c25289-24600	VFRR05105_00030

DiscRep_SUB:FEATURE_LOCATION_CONFLICT::Coding region xref gene does not exist
prokka_VFRR05105/VFRR05105:CDS	4-hydroxy-tetrahydrodipicolinate synthase	VFRR05105:c26145-25276	VFRR05105_00031

DiscRep_SUB:FEATURE_LOCATION_CONFLICT::Coding region xref gene does not exist
prokka_VFRR05105/VFRR05105:CDS	tRNA(Ile)-lysidine synthase	VFRR05105:26157-27110	VFRR05105_00032

DiscRep_SUB:FEATURE_LOCATION_CONFLICT::Coding region xref gene does not exist
prokka_VFRR05105/VFRR05105:CDS	Aspartokinase	VFRR05105:27107-28285	VFRR05105_00033

DiscRep_SUB:FEATURE_LOCATION_CONFLICT::Coding region xref gene does not exist
prokka_VFRR05105/VFRR05105:CDS	hypothetical protein	VFRR05105:c30794-28584	VFRR05105_00035

DiscRep_SUB:FEATURE_LOCATION_CONFLICT::Coding region xref gene does not exist
prokka_VFRR05105/VFRR05105:CDS	hypothetical protein	VFRR05105:c30943-30791	VFRR05105_00036

DiscRep_SUB:FEATURE_LOCATION_CONFLICT::Coding region xref gene does not exist
prokka_VFRR05105/VFRR05105:CDS	5-methyltetrahydropteroyltriglutamate--homocysteine methyltransferase	VFRR05105:31007-33334	VFRR05105_00037

DiscRep_SUB:FEATURE_LOCATION_CONFLICT::Coding region xref gene does not exist
prokka_VFRR05105/VFRR05105:CDS	hypothetical protein	VFRR05105:33541-34248	VFRR05105_00038

DiscRep_SUB:FEATURE_LOCATION_CONFLICT::Coding region xref gene does not exist
prokka_VFRR05105/VFRR05105:CDS	L-alanine/L-glutamate racemase	VFRR05105:34245-35414	VFRR05105_00039

DiscRep_SUB:FEATURE_LOCATION_CONFLICT::Coding region xref gene does not exist
prokka_VFRR05105/VFRR05105:CDS	Peptide chain release factor 1	VFRR05105:c36267-35407	VFRR05105_00040

DiscRep_SUB:FEATURE_LOCATION_CONFLICT::Coding region xref gene does not exist
prokka_VFRR05105/VFRR05105:CDS	Indole-3-glycerol phosphate synthase	VFRR05105:c37004-36264	VFRR05105_00041

DiscRep_SUB:FEATURE_LOCATION_CONFLICT::Coding region xref gene does not exist
prokka_VFRR05105/VFRR05105:CDS	Anthranilate phosphoribosyltransferase	VFRR05105:c38010-36976	VFRR05105_00042

DiscRep_SUB:FEATURE_LOCATION_CONFLICT::Coding region xref gene does not exist
prokka_VFRR05105/VFRR05105:CDS	Aminodeoxychorismate synthase component 2	VFRR05105:c38554-37988	VFRR05105_00043

DiscRep_SUB:FEATURE_LOCATION_CONFLICT::Coding region xref gene does not exist
prokka_VFRR05105/VFRR05105:CDS	Isochorismate synthase MenF	VFRR05105:c39777-38551	VFRR05105_00044

DiscRep_SUB:FEATURE_LOCATION_CONFLICT::Coding region xref gene does not exist
prokka_VFRR05105/VFRR05105:CDS	Argininosuccinate lyase	VFRR05105:c41159-39774	VFRR05105_00045

DiscRep_SUB:FEATURE_LOCATION_CONFLICT::Coding region xref gene does not exist
prokka_VFRR05105/VFRR05105:CDS	Glutamyl-Q tRNA(Asp) synthetase	VFRR05105:c43071-41674	VFRR05105_00046

DiscRep_SUB:FEATURE_LOCATION_CONFLICT::Coding region xref gene does not exist
prokka_VFRR05105/VFRR05105:CDS	Homoserine kinase	VFRR05105:c44023-43043	VFRR05105_00047

DiscRep_SUB:FEATURE_LOCATION_CONFLICT::Coding region xref gene does not exist
prokka_VFRR05105/VFRR05105:CDS	RNA polymerase sigma factor RpoD	VFRR05105:44449-45861	VFRR05105_00048

DiscRep_SUB:FEATURE_LOCATION_CONFLICT::Coding region xref gene does not exist
prokka_VFRR05105/VFRR05105:CDS	DNA polymerase III subunit alpha	VFRR05105:46096-49071	VFRR05105_00049

DiscRep_SUB:FEATURE_LOCATION_CONFLICT::Coding region xref gene does not exist
prokka_VFRR05105/VFRR05105:CDS	Aspartate-semialdehyde dehydrogenase	VFRR05105:50244-51299	VFRR05105_00053

DiscRep_SUB:FEATURE_LOCATION_CONFLICT::Coding region xref gene does not exist
prokka_VFRR05105/VFRR05105:CDS	N-(5'-phosphoribosyl)anthranilate isomerase	VFRR05105:51262-51894	VFRR05105_00054

DiscRep_SUB:FEATURE_LOCATION_CONFLICT::Coding region xref gene does not exist
prokka_VFRR05105/VFRR05105:CDS	Tryptophan synthase beta chain	VFRR05105:51875-53020	VFRR05105_00055

DiscRep_SUB:FEATURE_LOCATION_CONFLICT::Coding region xref gene does not exist
prokka_VFRR05105/VFRR05105:CDS	Tryptophan synthase alpha chain	VFRR05105:53036-53764	VFRR05105_00056

DiscRep_SUB:FEATURE_LOCATION_CONFLICT::Coding region xref gene does not exist
prokka_VFRR05105/VFRR05105:CDS	hypothetical protein	VFRR05105:53712-53975	VFRR05105_00057

DiscRep_SUB:FEATURE_LOCATION_CONFLICT::Coding region xref gene does not exist
prokka_VFRR05105/VFRR05105:CDS	hypothetical protein	VFRR05105:53956-54186	VFRR05105_00058

DiscRep_SUB:FEATURE_LOCATION_CONFLICT::Coding region xref gene does not exist
prokka_VFRR05105/VFRR05105:CDS	Carbamoyl-phosphate synthase arginine-specific small chain	VFRR05105:55545-56627	VFRR05105_00062

DiscRep_SUB:FEATURE_LOCATION_CONFLICT::Coding region xref gene does not exist
prokka_VFRR05105/VFRR05105:CDS	Carbamoyl-phosphate synthase large chain	VFRR05105:56609-59728	VFRR05105_00063

DiscRep_SUB:FEATURE_LOCATION_CONFLICT::Coding region xref gene does not exist
prokka_VFRR05105/VFRR05105:CDS	Ribosomal RNA large subunit methyltransferase E	VFRR05105:59667-60266	VFRR05105_00064

DiscRep_SUB:FEATURE_LOCATION_CONFLICT::Coding region xref gene does not exist
prokka_VFRR05105/VFRR05105:CDS	ATP-dependent Clp protease proteolytic subunit	VFRR05105:60268-60828	VFRR05105_00065

DiscRep_SUB:FEATURE_LOCATION_CONFLICT::Coding region xref gene does not exist
prokka_VFRR05105/VFRR05105:CDS	hypothetical protein	VFRR05105:62137-62871	VFRR05105_00067

DiscRep_SUB:FEATURE_LOCATION_CONFLICT::Coding region xref gene does not exist
prokka_VFRR05105/VFRR05105:CDS	ATP phosphoribosyltransferase	VFRR05105:64135-64731	VFRR05105_00070

DiscRep_SUB:FEATURE_LOCATION_CONFLICT::Coding region xref gene does not exist
prokka_VFRR05105/VFRR05105:CDS	Histidinol dehydrogenase	VFRR05105:64728-65999	VFRR05105_00071

DiscRep_SUB:FEATURE_LOCATION_CONFLICT::Coding region xref gene does not exist
prokka_VFRR05105/VFRR05105:CDS	Histidinol-phosphate aminotransferase	VFRR05105:65986-66990	VFRR05105_00072

DiscRep_SUB:FEATURE_LOCATION_CONFLICT::Coding region xref gene does not exist
prokka_VFRR05105/VFRR05105:CDS	Imidazoleglycerol-phosphate dehydratase	VFRR05105:66956-67534	VFRR05105_00073

DiscRep_SUB:FEATURE_LOCATION_CONFLICT::Coding region xref gene does not exist
prokka_VFRR05105/VFRR05105:CDS	Imidazole glycerol phosphate synthase subunit HisH	VFRR05105:67534-68118	VFRR05105_00074

DiscRep_SUB:FEATURE_LOCATION_CONFLICT::Coding region xref gene does not exist
prokka_VFRR05105/VFRR05105:CDS	1-(5-phosphoribosyl)-5-[(5-phosphoribosylamino)methylideneamino] imidazole-4-carboxamide isomerase	VFRR05105:68112-68819	VFRR05105_00075

DiscRep_SUB:FEATURE_LOCATION_CONFLICT::Coding region xref gene does not exist
prokka_VFRR05105/VFRR05105:CDS	Imidazole glycerol phosphate synthase subunit HisF	VFRR05105:68806-69570	VFRR05105_00076

DiscRep_SUB:FEATURE_LOCATION_CONFLICT::Coding region xref gene does not exist
prokka_VFRR05105/VFRR05105:CDS	Phosphoribosyl-AMP cyclohydrolase	VFRR05105:69567-69851	VFRR05105_00077

DiscRep_SUB:FEATURE_LOCATION_CONFLICT::Coding region xref gene does not exist
prokka_VFRR05105/VFRR05105:CDS	50S ribosomal protein L20	VFRR05105:c71532-71191	VFRR05105_00081

DiscRep_SUB:FEATURE_LOCATION_CONFLICT::Coding region xref gene does not exist
prokka_VFRR05105/VFRR05105:CDS	hypothetical protein	VFRR05105:c71689-71525	VFRR05105_00082

DiscRep_SUB:FEATURE_LOCATION_CONFLICT::Coding region xref gene does not exist
prokka_VFRR05105/VFRR05105:CDS	hypothetical protein	VFRR05105:c71984-71670	VFRR05105_00083

DiscRep_SUB:FEATURE_LOCATION_CONFLICT::Coding region xref gene does not exist
prokka_VFRR05105/VFRR05105:CDS	hypothetical protein	VFRR05105:c74512-74009	VFRR05105_00088

DiscRep_SUB:FEATURE_LOCATION_CONFLICT::Coding region xref gene does not exist
prokka_VFRR05105/VFRR05105:CDS	hypothetical protein	VFRR05105:c75537-74509	VFRR05105_00089

DiscRep_SUB:FEATURE_LOCATION_CONFLICT::Coding region xref gene does not exist
prokka_VFRR05105/VFRR05105:CDS	Aspartate aminotransferase	VFRR05105:75548-76606	VFRR05105_00090

DiscRep_SUB:FEATURE_LOCATION_CONFLICT::Coding region xref gene does not exist
prokka_VFRR05105/VFRR05105:CDS	2,3,4,5-tetrahydropyridine-2,6-dicarboxylate N-succinyltransferase	VFRR05105:76584-77369	VFRR05105_00091

DiscRep_SUB:FEATURE_LOCATION_CONFLICT::Coding region xref gene does not exist
prokka_VFRR05105/VFRR05105:CDS	Succinyl-diaminopimelate desuccinylase	VFRR05105:77369-78451	VFRR05105_00092

DiscRep_SUB:FEATURE_LOCATION_CONFLICT::Coding region xref gene does not exist
prokka_VFRR05105/VFRR05105:CDS	Threonine synthase	VFRR05105:c79894-78512	VFRR05105_00093

DiscRep_SUB:FEATURE_LOCATION_CONFLICT::Coding region xref gene does not exist
prokka_VFRR05105/VFRR05105:CDS	hypothetical protein	VFRR05105:c81135-79891	VFRR05105_00094

DiscRep_SUB:FEATURE_LOCATION_CONFLICT::Coding region xref gene does not exist
prokka_VFRR05105/VFRR05105:CDS	hypothetical protein	VFRR05105:c81333-81211	VFRR05105_00095

DiscRep_SUB:FEATURE_LOCATION_CONFLICT::Coding region xref gene does not exist
prokka_VFRR05105/VFRR05105:CDS	Replicative DNA helicase	VFRR05105:c82612-81326	VFRR05105_00096

DiscRep_SUB:FEATURE_LOCATION_CONFLICT::Coding region xref gene does not exist
prokka_VFRR05105/VFRR05105:CDS	hypothetical protein	VFRR05105:c82787-82605	VFRR05105_00097

DiscRep_SUB:FEATURE_LOCATION_CONFLICT::Coding region xref gene does not exist
prokka_VFRR05105/VFRR05105:CDS	hypothetical protein	VFRR05105:c83085-82780	VFRR05105_00098

DiscRep_SUB:FEATURE_LOCATION_CONFLICT::Coding region xref gene does not exist
prokka_VFRR05105/VFRR05105:CDS	tRNA modification GTPase MnmE	VFRR05105:84929-86041	VFRR05105_00101

DiscRep_SUB:FEATURE_LOCATION_CONFLICT::Coding region xref gene does not exist
prokka_VFRR05105/VFRR05105:CDS	tRNA uridine 5-carboxymethylaminomethyl modification enzyme MnmG	VFRR05105:86042-87850	VFRR05105_00102

DiscRep_SUB:FEATURE_LOCATION_CONFLICT::Coding region xref gene does not exist
prokka_VFRR05105/VFRR05105:CDS	hypothetical protein	VFRR05105:87907-88191	VFRR05105_00103

DiscRep_SUB:FEATURE_LOCATION_CONFLICT::Coding region xref gene does not exist
prokka_VFRR05105/VFRR05105:CDS	60 kDa chaperonin	VFRR05105:88188-89777	VFRR05105_00104

DiscRep_SUB:FEATURE_LOCATION_CONFLICT::Coding region xref gene does not exist
prokka_VFRR05105/VFRR05105:CDS	3-phosphoshikimate 1-carboxyvinyltransferase	VFRR05105:89789-91132	VFRR05105_00105

DiscRep_SUB:FEATURE_LOCATION_CONFLICT::Coding region xref gene does not exist
prokka_VFRR05105/VFRR05105:CDS	hypothetical protein	VFRR05105:91107-92162	VFRR05105_00106

DiscRep_SUB:FEATURE_LOCATION_CONFLICT::Coding region xref gene does not exist
prokka_VFRR05105/VFRR05105:CDS	hypothetical protein	VFRR05105:c93242-92151	VFRR05105_00107

DiscRep_SUB:FEATURE_LOCATION_CONFLICT::Coding region xref gene does not exist
prokka_VFRR05105/VFRR05105:CDS	hypothetical protein	VFRR05105:93261-93956	VFRR05105_00108

DiscRep_SUB:FEATURE_LOCATION_CONFLICT::Coding region xref gene does not exist
prokka_VFRR05105/VFRR05105:CDS	Chaperone protein DnaJ	VFRR05105:c94970-93942	VFRR05105_00109

DiscRep_SUB:FEATURE_LOCATION_CONFLICT::Coding region xref gene does not exist
prokka_VFRR05105/VFRR05105:CDS	Chaperone protein DnaK	VFRR05105:c96784-94973	VFRR05105_00110

DiscRep_SUB:FEATURE_LOCATION_CONFLICT::Coding region xref gene does not exist
prokka_VFRR05105/VFRR05105:CDS	Protein GrpE	VFRR05105:c97212-96784	VFRR05105_00111

DiscRep_SUB:FEATURE_LOCATION_CONFLICT::Coding region xref gene does not exist
prokka_VFRR05105/VFRR05105:CDS	Phospho-2-dehydro-3-deoxyheptonate aldolase, Phe-sensitive	VFRR05105:97272-98240	VFRR05105_00112

DiscRep_SUB:FEATURE_LOCATION_CONFLICT::Coding region xref gene does not exist
prokka_VFRR05105/VFRR05105:CDS	tRNA-specific 2-thiouridylase MnmA	VFRR05105:c99252-98233	VFRR05105_00113

DiscRep_SUB:FEATURE_LOCATION_CONFLICT::Coding region xref gene does not exist
prokka_VFRR05105/VFRR05105:CDS	hypothetical protein	VFRR05105:c99728-99249	VFRR05105_00114

DiscRep_SUB:FEATURE_LOCATION_CONFLICT::Coding region xref gene does not exist
prokka_VFRR05105/VFRR05105:CDS	hypothetical protein	VFRR05105:c101886-99715	VFRR05105_00115

DiscRep_SUB:FEATURE_LOCATION_CONFLICT::Coding region xref gene does not exist
prokka_VFRR05105/VFRR05105:CDS	4-hydroxy-tetrahydrodipicolinate reductase	VFRR05105:c102550-101897	VFRR05105_00116

DiscRep_SUB:FEATURE_LOCATION_CONFLICT::Coding region xref gene does not exist
prokka_VFRR05105/VFRR05105:CDS	NADP-dependent malic enzyme	VFRR05105:c103760-102540	VFRR05105_00117

DiscRep_SUB:FEATURE_LOCATION_CONFLICT::Coding region xref gene does not exist
prokka_VFRR05105/VFRR05105:CDS	Shikimate dehydrogenase (NADP(+))	VFRR05105:c104496-103750	VFRR05105_00118

DiscRep_SUB:FEATURE_LOCATION_CONFLICT::Coding region xref gene does not exist
prokka_VFRR05105/VFRR05105:CDS	3-dehydroquinate dehydratase	VFRR05105:104507-104902	VFRR05105_00119

DiscRep_SUB:FEATURE_LOCATION_CONFLICT::Coding region xref gene does not exist
prokka_VFRR05105/VFRR05105:CDS	50S ribosomal protein L27	VFRR05105:c105132-104899	VFRR05105_00120

DiscRep_SUB:FEATURE_LOCATION_CONFLICT::Coding region xref gene does not exist
prokka_VFRR05105/VFRR05105:CDS	hypothetical protein	VFRR05105:c105427-105107	VFRR05105_00121

DiscRep_SUB:FEATURE_LOCATION_CONFLICT::Coding region xref gene does not exist
prokka_VFRR05105/VFRR05105:CDS	Argininosuccinate synthase	VFRR05105:106271-107512	VFRR05105_00123

DiscRep_SUB:FEATURE_LOCATION_CONFLICT::Coding region xref gene does not exist
prokka_VFRR05105/VFRR05105:CDS	hypothetical protein	VFRR05105:112120-112578	VFRR05105_00127

DiscRep_SUB:FEATURE_LOCATION_CONFLICT::Coding region xref gene does not exist
prokka_VFRR05105/VFRR05105:CDS	50S ribosomal protein L4	VFRR05105:112575-113180	VFRR05105_00128

DiscRep_SUB:FEATURE_LOCATION_CONFLICT::Coding region xref gene does not exist
prokka_VFRR05105/VFRR05105:CDS	hypothetical protein	VFRR05105:113158-113373	VFRR05105_00129

DiscRep_SUB:FEATURE_LOCATION_CONFLICT::Coding region xref gene does not exist
prokka_VFRR05105/VFRR05105:CDS	50S ribosomal protein L2	VFRR05105:113360-114166	VFRR05105_00130

DiscRep_SUB:FEATURE_LOCATION_CONFLICT::Coding region xref gene does not exist
prokka_VFRR05105/VFRR05105:CDS	30S ribosomal protein S19	VFRR05105:114166-114417	VFRR05105_00131

DiscRep_SUB:FEATURE_LOCATION_CONFLICT::Coding region xref gene does not exist
prokka_VFRR05105/VFRR05105:CDS	hypothetical protein	VFRR05105:114414-114734	VFRR05105_00132

DiscRep_SUB:FEATURE_LOCATION_CONFLICT::Coding region xref gene does not exist
prokka_VFRR05105/VFRR05105:CDS	30S ribosomal protein S3	VFRR05105:114736-115350	VFRR05105_00133

DiscRep_SUB:FEATURE_LOCATION_CONFLICT::Coding region xref gene does not exist
prokka_VFRR05105/VFRR05105:CDS	50S ribosomal protein L16	VFRR05105:115334-115732	VFRR05105_00134

DiscRep_SUB:FEATURE_LOCATION_CONFLICT::Coding region xref gene does not exist
prokka_VFRR05105/VFRR05105:CDS	hypothetical protein	VFRR05105:115729-115959	VFRR05105_00135

DiscRep_SUB:FEATURE_LOCATION_CONFLICT::Coding region xref gene does not exist
prokka_VFRR05105/VFRR05105:CDS	50S ribosomal protein L14	VFRR05105:115932-116321	VFRR05105_00136

DiscRep_SUB:FEATURE_LOCATION_CONFLICT::Coding region xref gene does not exist
prokka_VFRR05105/VFRR05105:CDS	50S ribosomal protein L5	VFRR05105:116318-116848	VFRR05105_00137

DiscRep_SUB:FEATURE_LOCATION_CONFLICT::Coding region xref gene does not exist
prokka_VFRR05105/VFRR05105:CDS	Alternate 30S ribosomal protein S14	VFRR05105:116848-117123	VFRR05105_00138

DiscRep_SUB:FEATURE_LOCATION_CONFLICT::Coding region xref gene does not exist
prokka_VFRR05105/VFRR05105:CDS	hypothetical protein	VFRR05105:117123-117506	VFRR05105_00139

DiscRep_SUB:FEATURE_LOCATION_CONFLICT::Coding region xref gene does not exist
prokka_VFRR05105/VFRR05105:CDS	hypothetical protein	VFRR05105:117499-118029	VFRR05105_00140

DiscRep_SUB:FEATURE_LOCATION_CONFLICT::Coding region xref gene does not exist
prokka_VFRR05105/VFRR05105:CDS	hypothetical protein	VFRR05105:118026-118322	VFRR05105_00141

DiscRep_SUB:FEATURE_LOCATION_CONFLICT::Coding region xref gene does not exist
prokka_VFRR05105/VFRR05105:CDS	hypothetical protein	VFRR05105:118454-118735	VFRR05105_00142

DiscRep_SUB:FEATURE_LOCATION_CONFLICT::Coding region xref gene does not exist
prokka_VFRR05105/VFRR05105:CDS	hypothetical protein	VFRR05105:118751-119095	VFRR05105_00143

DiscRep_SUB:FEATURE_LOCATION_CONFLICT::Coding region xref gene does not exist
prokka_VFRR05105/VFRR05105:CDS	Translation initiation factor IF-1	VFRR05105:119085-119303	VFRR05105_00144

DiscRep_SUB:FEATURE_LOCATION_CONFLICT::Coding region xref gene does not exist
prokka_VFRR05105/VFRR05105:CDS	hypothetical protein	VFRR05105:119300-119413	VFRR05105_00145

DiscRep_SUB:FEATURE_LOCATION_CONFLICT::Coding region xref gene does not exist
prokka_VFRR05105/VFRR05105:CDS	30S ribosomal protein S13	VFRR05105:119410-119748	VFRR05105_00146

DiscRep_SUB:FEATURE_LOCATION_CONFLICT::Coding region xref gene does not exist
prokka_VFRR05105/VFRR05105:CDS	30S ribosomal protein S11	VFRR05105:119745-120089	VFRR05105_00147

DiscRep_SUB:FEATURE_LOCATION_CONFLICT::Coding region xref gene does not exist
prokka_VFRR05105/VFRR05105:CDS	hypothetical protein	VFRR05105:120089-120622	VFRR05105_00148

DiscRep_SUB:FEATURE_LOCATION_CONFLICT::Coding region xref gene does not exist
prokka_VFRR05105/VFRR05105:CDS	DNA-directed RNA polymerase subunit alpha	VFRR05105:120619-121479	VFRR05105_00149

DiscRep_SUB:FEATURE_LOCATION_CONFLICT::Coding region xref gene does not exist
prokka_VFRR05105/VFRR05105:CDS	hypothetical protein	VFRR05105:121479-121811	VFRR05105_00150

DiscRep_SUB:FEATURE_LOCATION_CONFLICT::Coding region xref gene does not exist
prokka_VFRR05105/VFRR05105:CDS	hypothetical protein	VFRR05105:121808-121951	VFRR05105_00151

DiscRep_SUB:FEATURE_LOCATION_CONFLICT::Coding region xref gene does not exist
prokka_VFRR05105/VFRR05105:CDS	Diaminopimelate decarboxylase	VFRR05105:c123032-121932	VFRR05105_00152

DiscRep_SUB:FEATURE_LOCATION_CONFLICT::RNA feature xref gene does not exist
prokka_VFRR05105/VFRR05105:tRNA	Met	VFRR05105:1058-1130	VFRR05105_00001

DiscRep_SUB:FEATURE_LOCATION_CONFLICT::RNA feature xref gene does not exist
prokka_VFRR05105/VFRR05105:tRNA	Tyr	VFRR05105:1131-1218	VFRR05105_00002

DiscRep_SUB:FEATURE_LOCATION_CONFLICT::RNA feature xref gene does not exist
prokka_VFRR05105/VFRR05105:tRNA	Gly	VFRR05105:1216-1288	VFRR05105_00003

DiscRep_SUB:FEATURE_LOCATION_CONFLICT::RNA feature xref gene does not exist
prokka_VFRR05105/VFRR05105:tRNA	Trp	VFRR05105:2483-2555	VFRR05105_00004

DiscRep_SUB:FEATURE_LOCATION_CONFLICT::RNA feature xref gene does not exist
prokka_VFRR05105/VFRR05105:tRNA	Phe	VFRR05105:15626-15698	VFRR05105_00015

DiscRep_SUB:FEATURE_LOCATION_CONFLICT::RNA feature xref gene does not exist
prokka_VFRR05105/VFRR05105:tRNA	Gln	VFRR05105:19913-19987	VFRR05105_00023

DiscRep_SUB:FEATURE_LOCATION_CONFLICT::RNA feature xref gene does not exist
prokka_VFRR05105/VFRR05105:tRNA	Ser	VFRR05105:28286-28370	VFRR05105_00034

DiscRep_SUB:FEATURE_LOCATION_CONFLICT::RNA feature xref gene does not exist
prokka_VFRR05105/VFRR05105:tRNA	Leu	VFRR05105:49218-49302	VFRR05105_00050

DiscRep_SUB:FEATURE_LOCATION_CONFLICT::RNA feature xref gene does not exist
prokka_VFRR05105/VFRR05105:tRNA	Leu	VFRR05105:49303-49375	VFRR05105_00051

DiscRep_SUB:FEATURE_LOCATION_CONFLICT::RNA feature xref gene does not exist
prokka_VFRR05105/VFRR05105:tRNA	Ser	VFRR05105:49375-49460	VFRR05105_00052

DiscRep_SUB:FEATURE_LOCATION_CONFLICT::RNA feature xref gene does not exist
prokka_VFRR05105/VFRR05105:tRNA	Asn	VFRR05105:c54261-54187	VFRR05105_00059

DiscRep_SUB:FEATURE_LOCATION_CONFLICT::RNA feature xref gene does not exist
prokka_VFRR05105/VFRR05105:tRNA	Cys	VFRR05105:c54956-54885	VFRR05105_00060

DiscRep_SUB:FEATURE_LOCATION_CONFLICT::RNA feature xref gene does not exist
prokka_VFRR05105/VFRR05105:tRNA	Gly	VFRR05105:c55033-54961	VFRR05105_00061

DiscRep_SUB:FEATURE_LOCATION_CONFLICT::RNA feature xref gene does not exist
prokka_VFRR05105/VFRR05105:tRNA	Val	VFRR05105:62015-62087	VFRR05105_00066

DiscRep_SUB:FEATURE_LOCATION_CONFLICT::RNA feature xref gene does not exist
prokka_VFRR05105/VFRR05105:tRNA	Leu	VFRR05105:c63979-63899	VFRR05105_00068

DiscRep_SUB:FEATURE_LOCATION_CONFLICT::RNA feature xref gene does not exist
prokka_VFRR05105/VFRR05105:tRNA	Ser	VFRR05105:c64065-63980	VFRR05105_00069

DiscRep_SUB:FEATURE_LOCATION_CONFLICT::RNA feature xref gene does not exist
prokka_VFRR05105/VFRR05105:tRNA	Thr	VFRR05105:70117-70187	VFRR05105_00078

DiscRep_SUB:FEATURE_LOCATION_CONFLICT::RNA feature xref gene does not exist
prokka_VFRR05105/VFRR05105:tRNA	His	VFRR05105:70190-70263	VFRR05105_00079

DiscRep_SUB:FEATURE_LOCATION_CONFLICT::RNA feature xref gene does not exist
prokka_VFRR05105/VFRR05105:tRNA	Lys	VFRR05105:c71181-71109	VFRR05105_00080

DiscRep_SUB:FEATURE_LOCATION_CONFLICT::RNA feature xref gene does not exist
prokka_VFRR05105/VFRR05105:tRNA	Val	VFRR05105:c72139-72066	VFRR05105_00084

DiscRep_SUB:FEATURE_LOCATION_CONFLICT::RNA feature xref gene does not exist
prokka_VFRR05105/VFRR05105:tRNA	Arg	VFRR05105:c73270-73198	VFRR05105_00085

DiscRep_SUB:FEATURE_LOCATION_CONFLICT::RNA feature xref gene does not exist
prokka_VFRR05105/VFRR05105:tRNA	Met	VFRR05105:c73457-73383	VFRR05105_00086

DiscRep_SUB:FEATURE_LOCATION_CONFLICT::RNA feature xref gene does not exist
prokka_VFRR05105/VFRR05105:tRNA	Pro	VFRR05105:73599-73670	VFRR05105_00087

DiscRep_SUB:FEATURE_LOCATION_CONFLICT::RNA feature xref gene does not exist
prokka_VFRR05105/VFRR05105:tRNA	Asp	VFRR05105:c83422-83349	VFRR05105_00099

DiscRep_SUB:FEATURE_LOCATION_CONFLICT::RNA feature xref gene does not exist
prokka_VFRR05105/VFRR05105:tRNA	Glu	VFRR05105:c83494-83422	VFRR05105_00100

DiscRep_SUB:FEATURE_LOCATION_CONFLICT::RNA feature xref gene does not exist
prokka_VFRR05105/VFRR05105:tRNA	Ala	VFRR05105:c106269-106198	VFRR05105_00122

DiscRep_SUB:FEATURE_LOCATION_CONFLICT::RNA feature xref gene does not exist
prokka_VFRR05105/VFRR05105:rRNA	23S ribosomal RNA	VFRR05105:c110420-107650	VFRR05105_00124

DiscRep_SUB:FEATURE_LOCATION_CONFLICT::RNA feature xref gene does not exist
prokka_VFRR05105/VFRR05105:tRNA	Ile	VFRR05105:c110507-110436	VFRR05105_00125

DiscRep_SUB:FEATURE_LOCATION_CONFLICT::RNA feature xref gene does not exist
prokka_VFRR05105/VFRR05105:rRNA	16S ribosomal RNA	VFRR05105:c112007-110521	VFRR05105_00126

DiscRep_ALL:DISC_QUALITY_SCORES::Quality scores are missing on all sequences.

DiscRep_ALL:ONCALLER_COMMENT_PRESENT::1 comment descriptors were found (all same)
prokka_VFRR05105/VFRR05105:VFRR05105:Annotated using prokka 1.14.6 from https://github.com/tseemann/prokka

DiscRep_ALL:SHORT_PROT_SEQUENCES::3 protein sequences are shorter than 50 aa.
prokka_VFRR05105/VFRR05105:VFRR05105_72 (length 40)
prokka_VFRR05105/VFRR05105:VFRR05105_116 (length 37)
prokka_VFRR05105/VFRR05105:VFRR05105_122 (length 47)

DiscRep_ALL:MISSING_GENOMEASSEMBLY_COMMENTS::1 bioseqs are missing GenomeAssembly structured comments
prokka_VFRR05105/VFRR05105:VFRR05105 (length 123433)

DiscRep_ALL:MOLTYPE_NOT_MRNA::1 molecule types are not set as mRNA.
prokka_VFRR05105/VFRR05105:VFRR05105 (length 123433)

DiscRep_ALL:TECHNIQUE_NOT_TSA::1 technique are not set as TSA
prokka_VFRR05105/VFRR05105:VFRR05105 (length 123433)

DiscRep_ALL:MISSING_STRUCTURED_COMMENT::1 sequences do not include structured comments.
prokka_VFRR05105/VFRR05105:VFRR05105 (length 123433)

DiscRep_ALL:MISSING_PROJECT::124 sequences do not include project.
prokka_VFRR05105/VFRR05105:VFRR05105 (length 123433)
prokka_VFRR05105/VFRR05105:VFRR05105_1 (length 135)
prokka_VFRR05105/VFRR05105:VFRR05105_2 (length 201)
prokka_VFRR05105/VFRR05105:VFRR05105_3 (length 152)
prokka_VFRR05105/VFRR05105:VFRR05105_4 (length 116)
prokka_VFRR05105/VFRR05105:VFRR05105_5 (length 1258)
prokka_VFRR05105/VFRR05105:VFRR05105_6 (length 1303)
prokka_VFRR05105/VFRR05105:VFRR05105_7 (length 130)
prokka_VFRR05105/VFRR05105:VFRR05105_8 (length 157)
prokka_VFRR05105/VFRR05105:VFRR05105_9 (length 696)
prokka_VFRR05105/VFRR05105:VFRR05105_10 (length 100)
prokka_VFRR05105/VFRR05105:VFRR05105_11 (length 116)
prokka_VFRR05105/VFRR05105:VFRR05105_12 (length 234)
prokka_VFRR05105/VFRR05105:VFRR05105_13 (length 357)
prokka_VFRR05105/VFRR05105:VFRR05105_14 (length 129)
prokka_VFRR05105/VFRR05105:VFRR05105_15 (length 98)
prokka_VFRR05105/VFRR05105:VFRR05105_16 (length 262)
prokka_VFRR05105/VFRR05105:VFRR05105_17 (length 177)
prokka_VFRR05105/VFRR05105:VFRR05105_18 (length 293)
prokka_VFRR05105/VFRR05105:VFRR05105_19 (length 169)
prokka_VFRR05105/VFRR05105:VFRR05105_20 (length 182)
prokka_VFRR05105/VFRR05105:VFRR05105_21 (length 55)
prokka_VFRR05105/VFRR05105:VFRR05105_22 (length 375)
prokka_VFRR05105/VFRR05105:VFRR05105_23 (length 419)
prokka_VFRR05105/VFRR05105:VFRR05105_24 (length 229)
prokka_VFRR05105/VFRR05105:VFRR05105_25 (length 289)
prokka_VFRR05105/VFRR05105:VFRR05105_26 (length 317)
prokka_VFRR05105/VFRR05105:VFRR05105_27 (length 392)
prokka_VFRR05105/VFRR05105:VFRR05105_28 (length 736)
prokka_VFRR05105/VFRR05105:VFRR05105_29 (length 50)
prokka_VFRR05105/VFRR05105:VFRR05105_30 (length 775)
prokka_VFRR05105/VFRR05105:VFRR05105_31 (length 235)
prokka_VFRR05105/VFRR05105:VFRR05105_32 (length 389)
prokka_VFRR05105/VFRR05105:VFRR05105_33 (length 286)
prokka_VFRR05105/VFRR05105:VFRR05105_34 (length 246)
prokka_VFRR05105/VFRR05105:VFRR05105_35 (length 344)
prokka_VFRR05105/VFRR05105:VFRR05105_36 (length 188)
prokka_VFRR05105/VFRR05105:VFRR05105_37 (length 408)
prokka_VFRR05105/VFRR05105:VFRR05105_38 (length 461)
prokka_VFRR05105/VFRR05105:VFRR05105_39 (length 465)
prokka_VFRR05105/VFRR05105:VFRR05105_40 (length 326)
prokka_VFRR05105/VFRR05105:VFRR05105_41 (length 470)
prokka_VFRR05105/VFRR05105:VFRR05105_42 (length 991)
prokka_VFRR05105/VFRR05105:VFRR05105_43 (length 351)
prokka_VFRR05105/VFRR05105:VFRR05105_44 (length 210)
prokka_VFRR05105/VFRR05105:VFRR05105_45 (length 381)
prokka_VFRR05105/VFRR05105:VFRR05105_46 (length 242)
prokka_VFRR05105/VFRR05105:VFRR05105_47 (length 87)
prokka_VFRR05105/VFRR05105:VFRR05105_48 (length 76)
prokka_VFRR05105/VFRR05105:VFRR05105_49 (length 360)
prokka_VFRR05105/VFRR05105:VFRR05105_50 (length 1039)
prokka_VFRR05105/VFRR05105:VFRR05105_51 (length 199)
prokka_VFRR05105/VFRR05105:VFRR05105_52 (length 186)
prokka_VFRR05105/VFRR05105:VFRR05105_53 (length 244)
prokka_VFRR05105/VFRR05105:VFRR05105_54 (length 198)
prokka_VFRR05105/VFRR05105:VFRR05105_55 (length 423)
prokka_VFRR05105/VFRR05105:VFRR05105_56 (length 334)
prokka_VFRR05105/VFRR05105:VFRR05105_57 (length 192)
prokka_VFRR05105/VFRR05105:VFRR05105_58 (length 194)
prokka_VFRR05105/VFRR05105:VFRR05105_59 (length 235)
prokka_VFRR05105/VFRR05105:VFRR05105_60 (length 254)
prokka_VFRR05105/VFRR05105:VFRR05105_61 (length 94)
prokka_VFRR05105/VFRR05105:VFRR05105_62 (length 113)
prokka_VFRR05105/VFRR05105:VFRR05105_63 (length 54)
prokka_VFRR05105/VFRR05105:VFRR05105_64 (length 104)
prokka_VFRR05105/VFRR05105:VFRR05105_65 (length 167)
prokka_VFRR05105/VFRR05105:VFRR05105_66 (length 342)
prokka_VFRR05105/VFRR05105:VFRR05105_67 (length 352)
prokka_VFRR05105/VFRR05105:VFRR05105_68 (length 261)
prokka_VFRR05105/VFRR05105:VFRR05105_69 (length 360)
prokka_VFRR05105/VFRR05105:VFRR05105_70 (length 460)
prokka_VFRR05105/VFRR05105:VFRR05105_71 (length 414)
prokka_VFRR05105/VFRR05105:VFRR05105_72 (length 40)
prokka_VFRR05105/VFRR05105:VFRR05105_73 (length 428)
prokka_VFRR05105/VFRR05105:VFRR05105_74 (length 60)
prokka_VFRR05105/VFRR05105:VFRR05105_75 (length 101)
prokka_VFRR05105/VFRR05105:VFRR05105_76 (length 370)
prokka_VFRR05105/VFRR05105:VFRR05105_77 (length 602)
prokka_VFRR05105/VFRR05105:VFRR05105_78 (length 94)
prokka_VFRR05105/VFRR05105:VFRR05105_79 (length 529)
prokka_VFRR05105/VFRR05105:VFRR05105_80 (length 447)
prokka_VFRR05105/VFRR05105:VFRR05105_81 (length 351)
prokka_VFRR05105/VFRR05105:VFRR05105_82 (length 363)
prokka_VFRR05105/VFRR05105:VFRR05105_83 (length 231)
prokka_VFRR05105/VFRR05105:VFRR05105_84 (length 342)
prokka_VFRR05105/VFRR05105:VFRR05105_85 (length 603)
prokka_VFRR05105/VFRR05105:VFRR05105_86 (length 142)
prokka_VFRR05105/VFRR05105:VFRR05105_87 (length 322)
prokka_VFRR05105/VFRR05105:VFRR05105_88 (length 339)
prokka_VFRR05105/VFRR05105:VFRR05105_89 (length 159)
prokka_VFRR05105/VFRR05105:VFRR05105_90 (length 723)
prokka_VFRR05105/VFRR05105:VFRR05105_91 (length 217)
prokka_VFRR05105/VFRR05105:VFRR05105_92 (length 406)
prokka_VFRR05105/VFRR05105:VFRR05105_93 (length 248)
prokka_VFRR05105/VFRR05105:VFRR05105_94 (length 131)
prokka_VFRR05105/VFRR05105:VFRR05105_95 (length 77)
prokka_VFRR05105/VFRR05105:VFRR05105_96 (length 106)
prokka_VFRR05105/VFRR05105:VFRR05105_97 (length 413)
prokka_VFRR05105/VFRR05105:VFRR05105_98 (length 152)
prokka_VFRR05105/VFRR05105:VFRR05105_99 (length 201)
prokka_VFRR05105/VFRR05105:VFRR05105_100 (length 71)
prokka_VFRR05105/VFRR05105:VFRR05105_101 (length 268)
prokka_VFRR05105/VFRR05105:VFRR05105_102 (length 83)
prokka_VFRR05105/VFRR05105:VFRR05105_103 (length 106)
prokka_VFRR05105/VFRR05105:VFRR05105_104 (length 204)
prokka_VFRR05105/VFRR05105:VFRR05105_105 (length 132)
prokka_VFRR05105/VFRR05105:VFRR05105_106 (length 76)
prokka_VFRR05105/VFRR05105:VFRR05105_107 (length 129)
prokka_VFRR05105/VFRR05105:VFRR05105_108 (length 176)
prokka_VFRR05105/VFRR05105:VFRR05105_109 (length 91)
prokka_VFRR05105/VFRR05105:VFRR05105_110 (length 127)
prokka_VFRR05105/VFRR05105:VFRR05105_111 (length 176)
prokka_VFRR05105/VFRR05105:VFRR05105_112 (length 98)
prokka_VFRR05105/VFRR05105:VFRR05105_113 (length 93)
prokka_VFRR05105/VFRR05105:VFRR05105_114 (length 114)
prokka_VFRR05105/VFRR05105:VFRR05105_115 (length 72)
prokka_VFRR05105/VFRR05105:VFRR05105_116 (length 37)
prokka_VFRR05105/VFRR05105:VFRR05105_117 (length 112)
prokka_VFRR05105/VFRR05105:VFRR05105_118 (length 114)
prokka_VFRR05105/VFRR05105:VFRR05105_119 (length 177)
prokka_VFRR05105/VFRR05105:VFRR05105_120 (length 286)
prokka_VFRR05105/VFRR05105:VFRR05105_121 (length 110)
prokka_VFRR05105/VFRR05105:VFRR05105_122 (length 47)
prokka_VFRR05105/VFRR05105:VFRR05105_123 (length 366)

DiscRep_ALL:DISC_INCONSISTENT_MOLINFO_TECH::Molinfo Technique Report (some missing, all same)
DiscRep_SUB:DISC_INCONSISTENT_MOLINFO_TECH::technique (all missing)
DiscRep_SUB:DISC_INCONSISTENT_MOLINFO_TECH::1 Molinfos are missing field technique
prokka_VFRR05105/VFRR05105:VFRR05105 (length 123433)

