[10:03:32] This is prokka 1.13
[10:03:32] Written by Torsten Seemann <torsten.seemann@gmail.com>
[10:03:32] Homepage is https://github.com/tseemann/prokka
[10:03:32] Local time is Mon Dec 18 10:03:32 2023
[10:03:32] You are diego
[10:03:32] Operating system is linux
[10:03:32] You have BioPerl 1.007002
[10:03:32] System has 32 cores.
[10:03:32] Option --cpu asked for 40 cores, but system only has 32
[10:03:32] Will use maximum of 32 cores.
[10:03:32] Annotating as >>> Bacteria <<<
[10:03:32] Enabling options to ensure Genbank/ENA/DDJB submission compliance.
[10:03:32] Creating new output folder: prokka_SMPENROR
[10:03:32] Running: mkdir -p prokka_SMPENROR
[10:03:32] Using filename prefix: prokka_SMPENROR.XXX
[10:03:32] Setting HMMER_NCPU=1
[10:03:32] Writing log to: prokka_SMPENROR/prokka_SMPENROR.log
[10:03:32] Command: /home/diego/miniconda3/envs/prokka_env/bin/prokka SMPENROR.fasta --prefix prokka_SMPENROR --outdir prokka_SMPENROR --cpus 40 --locustag SMPENROR --compliant --gcode 11
[10:03:32] Appending to PATH: /home/diego/miniconda3/envs/prokka_env/bin
[10:03:32] Looking for 'aragorn' - found /home/diego/miniconda3/envs/prokka_env/bin/aragorn
[10:03:32] Determined aragorn version is 1.2
[10:03:32] Looking for 'barrnap' - found /home/diego/miniconda3/envs/prokka_env/bin/barrnap
[10:03:32] Determined barrnap version is 0.9
[10:03:32] Looking for 'blastp' - found /home/diego/miniconda3/envs/prokka_env/bin/blastp
[10:03:32] Determined blastp version is 2.14
[10:03:32] Looking for 'cmpress' - found /home/diego/miniconda3/envs/prokka_env/bin/cmpress
[10:03:32] Determined cmpress version is 1.1
[10:03:32] Looking for 'cmscan' - found /home/diego/miniconda3/envs/prokka_env/bin/cmscan
[10:03:33] Determined cmscan version is 1.1
[10:03:33] Looking for 'egrep' - found /usr/bin/egrep
[10:03:33] Looking for 'find' - found /usr/bin/find
[10:03:33] Looking for 'grep' - found /usr/bin/grep
[10:03:33] Looking for 'hmmpress' - found /home/diego/miniconda3/envs/prokka_env/bin/hmmpress
[10:03:33] Determined hmmpress version is 3.3
[10:03:33] Looking for 'hmmscan' - found /home/diego/miniconda3/envs/prokka_env/bin/hmmscan
[10:03:33] Determined hmmscan version is 3.3
[10:03:33] Looking for 'java' - found /home/diego/miniconda3/envs/prokka_env/bin/java
[10:03:33] Looking for 'less' - found /usr/bin/less
[10:03:33] Looking for 'makeblastdb' - found /home/diego/miniconda3/envs/prokka_env/bin/makeblastdb
[10:03:33] Determined makeblastdb version is 2.14
[10:03:33] Looking for 'minced' - found /home/diego/miniconda3/envs/prokka_env/bin/minced
[10:03:33] Determined minced version is 4.2
[10:03:33] Looking for 'parallel' - found /home/diego/miniconda3/envs/prokka_env/bin/parallel
[10:03:33] Determined parallel version is 20160622
[10:03:33] Looking for 'prodigal' - found /home/diego/miniconda3/envs/prokka_env/bin/prodigal
[10:03:33] Determined prodigal version is 2.6
[10:03:33] Looking for 'prokka-genbank_to_fasta_db' - found /home/diego/miniconda3/envs/prokka_env/bin/prokka-genbank_to_fasta_db
[10:03:33] Looking for 'rnammer' - found /home/diego/rnammer-1.2.src/rnammer
[10:03:33] Determined rnammer version is 1.2
[10:03:33] Looking for 'sed' - found /usr/bin/sed
[10:03:33] Looking for 'tbl2asn' - found /home/diego/miniconda3/envs/prokka_env/bin/tbl2asn
[10:03:33] Determined tbl2asn version is 25.8
[10:03:33] Using genetic code table 11.
[10:03:33] Loading and checking input file: SMPENROR.fasta
[10:03:33] Wrote 1 contigs totalling 158378 bp.
[10:03:33] Predicting tRNAs and tmRNAs
[10:03:33] Running: aragorn -l -gc11  -w prokka_SMPENROR\/prokka_SMPENROR\.fna
[10:03:33] 1 tRNA-Met [15308,15382] 35 (cat)
[10:03:33] 2 tRNA-Asn c[18911,18986] 36 (gtt)
[10:03:33] 3 tRNA-Cys c[25670,25740] 33 (gca)
[10:03:33] 4 tmRNA c[28929,29219] 98,130 GENKNYSLAA*
[10:03:33] 5 tRNA-Met c[29816,29890] 36 (cat)
[10:03:33] 6 tRNA-Leu [33230,33314] 35 (tag)
[10:03:33] 7 tRNA-Leu [33328,33411] 35 (caa)
[10:03:33] 8 tRNA-Ser [38412,38493] 34 (gct)
[10:03:33] 9 tRNA-Pro [38496,38570] 36 (tgg)
[10:03:33] 10 tRNA-Arg [38584,38658] 35 (tct)
[10:03:33] 11 tRNA-Leu [44051,44124] 35 (gag)
[10:03:33] 12 tRNA-Phe [55827,55900] 35 (gaa)
[10:03:33] 13 tRNA-His c[58391,58465] 35 (gtg)
[10:03:33] 14 tRNA-Trp c[70135,70210] 36 (cca)
[10:03:33] 15 tRNA-Thr c[71440,71514] 35 (ggt)
[10:03:33] 16 tRNA-Gly c[71523,71595] 34 (tcc)
[10:03:33] 17 tRNA-Tyr c[71604,71685] 35 (gta)
[10:03:33] 18 tRNA-Thr c[71705,71778] 35 (tgt)
[10:03:33] 19 tRNA-Ile [76029,76102] 35 (gat)
[10:03:33] 20 tRNA-Ala [76107,76182] 36 (tgc)
[10:03:33] 21 tRNA-Gly [85298,85371] 35 (gcc)
[10:03:33] 22 tRNA-Leu [85442,85527] 35 (taa)
[10:03:33] 23 tRNA-Val [99772,99846] 36 (tac)
[10:03:33] 24 tRNA-Asp [103810,103883] 35 (gtc)
[10:03:33] 25 tRNA-Lys c[103894,103967] 35 (ttt)
[10:03:33] 26 tRNA-Ser [108011,108095] 35 (tga)
[10:03:33] 27 tRNA-Met [108271,108346] 36 (cat)
[10:03:33] 28 tRNA-Glu c[120865,120938] 35 (ttc)
[10:03:33] 29 tRNA-Gln [121323,121393] 33 (ttg)
[10:03:33] 30 tRNA-Arg c[147926,147999] 35 (acg)
[10:03:33] Found 30 tRNAs
[10:03:33] Predicting Ribosomal RNAs
[10:03:33] Running Barrnap with 32 threads
[10:03:34] 1 gnl|Prokka|SMPENROR_1 74458 16S ribosomal RNA
[10:03:34] 2 gnl|Prokka|SMPENROR_1 76228 23S ribosomal RNA
[10:03:34] 3 gnl|Prokka|SMPENROR_1 79145 5S ribosomal RNA
[10:03:34] Found 3 rRNAs
[10:03:34] Skipping ncRNA search, enable with --rfam if desired.
[10:03:34] Total of 32 tRNA + rRNA features
[10:03:34] Searching for CRISPR repeats
[10:03:34] Found 0 CRISPRs
[10:03:34] Predicting coding sequences
[10:03:34] Contigs total 158378 bp, so using single mode
[10:03:34] Running: prodigal -i prokka_SMPENROR\/prokka_SMPENROR\.fna -c -m -g 11 -p single -f sco -q
[10:03:34] Excluding CDS which overlaps existing RNA (tRNA) at gnl|Prokka|SMPENROR_1:38655..40154 on - strand
[10:03:34] Excluding CDS which overlaps existing RNA (tRNA) at gnl|Prokka|SMPENROR_1:53113..55827 on + strand
[10:03:34] Excluding CDS which overlaps existing RNA (tRNA) at gnl|Prokka|SMPENROR_1:58289..58468 on - strand
[10:03:34] Excluding CDS which overlaps existing RNA (rRNA) at gnl|Prokka|SMPENROR_1:77723..77863 on + strand
[10:03:34] Excluding CDS which overlaps existing RNA (rRNA) at gnl|Prokka|SMPENROR_1:79106..79378 on + strand
[10:03:34] Found 151 CDS
[10:03:34] Connecting features back to sequences
[10:03:34] Not using genus-specific database. Try --usegenus to enable it.
[10:03:34] Annotating CDS, please be patient.
[10:03:34] Will use 32 CPUs for similarity searching.
[10:03:34] There are still 151 unannotated CDS left (started with 151)
[10:03:34] Will use blast to search against /home/diego/miniconda3/envs/prokka_env/bin/../db/kingdom/Bacteria/sprot with 32 CPUs
[10:03:34] Running: cat prokka_SMPENROR\/sprot\.faa | parallel --gnu --plain -j 32 --block 722 --recstart '>' --pipe blastp -query - -db /home/diego/miniconda3/envs/prokka_env/bin/../db/kingdom/Bacteria/sprot -evalue 1e-06 -num_threads 1 -num_descriptions 1 -num_alignments 1 -seg no > prokka_SMPENROR\/sprot\.blast 2> /dev/null
[10:03:36] Modify product: Probable ATP-dependent transporter SufC => putative ATP-dependent transporter SufC
[10:03:36] Cleaned 1 /product names
[10:03:36] Deleting unwanted file: prokka_SMPENROR/sprot.faa
[10:03:36] Deleting unwanted file: prokka_SMPENROR/sprot.blast
[10:03:36] There are still 26 unannotated CDS left (started with 151)
[10:03:36] Will use hmmer3 to search against /home/diego/miniconda3/envs/prokka_env/bin/../db/hmm/HAMAP.hmm with 32 CPUs
[10:03:36] Running: cat prokka_SMPENROR\/HAMAP\.hmm\.faa | parallel --gnu --plain -j 32 --block 50 --recstart '>' --pipe hmmscan --noali --notextw --acc -E 1e-06 --cpu 1 /home/diego/miniconda3/envs/prokka_env/bin/../db/hmm/HAMAP.hmm /dev/stdin > prokka_SMPENROR\/HAMAP\.hmm\.hmmer3 2> /dev/null
[10:03:36] Deleting unwanted file: prokka_SMPENROR/HAMAP.hmm.faa
[10:03:36] Deleting unwanted file: prokka_SMPENROR/HAMAP.hmm.hmmer3
[10:03:36] Labelling remaining 17 proteins as 'hypothetical protein'
[10:03:36] Found 133 unique /gene codes.
[10:03:36] Fixed 0 colliding /gene names.
[10:03:36] Adding /locus_tag identifiers
[10:03:36] Assigned 184 locus_tags to CDS and RNA features.
[10:03:36] Writing outputs to prokka_SMPENROR/
[10:03:36] Generating annotation statistics file
[10:03:36] Generating Genbank and Sequin files
[10:03:36] Running: tbl2asn -V b -a r10k -l paired-ends -M n -N 1 -y 'Annotated using prokka 1.13 from https://github.com/tseemann/prokka' -Z prokka_SMPENROR\/prokka_SMPENROR\.err -i prokka_SMPENROR\/prokka_SMPENROR\.fsa 2> /dev/null
[10:03:37] Deleting unwanted file: prokka_SMPENROR/errorsummary.val
[10:03:37] Deleting unwanted file: prokka_SMPENROR/prokka_SMPENROR.dr
[10:03:37] Deleting unwanted file: prokka_SMPENROR/prokka_SMPENROR.fixedproducts
[10:03:37] Deleting unwanted file: prokka_SMPENROR/prokka_SMPENROR.ecn
[10:03:37] Deleting unwanted file: prokka_SMPENROR/prokka_SMPENROR.val
[10:03:37] Repairing broken .GBK output that tbl2asn produces...
[10:03:37] Running: sed 's/COORDINATES: profile/COORDINATES:profile/' < prokka_SMPENROR\/prokka_SMPENROR\.gbf > prokka_SMPENROR\/prokka_SMPENROR\.gbk
[10:03:37] Deleting unwanted file: prokka_SMPENROR/prokka_SMPENROR.gbf
[10:03:37] Output files:
[10:03:37] prokka_SMPENROR/prokka_SMPENROR.err
[10:03:37] prokka_SMPENROR/prokka_SMPENROR.ffn
[10:03:37] prokka_SMPENROR/prokka_SMPENROR.tbl
[10:03:37] prokka_SMPENROR/prokka_SMPENROR.fsa
[10:03:37] prokka_SMPENROR/prokka_SMPENROR.tsv
[10:03:37] prokka_SMPENROR/prokka_SMPENROR.faa
[10:03:37] prokka_SMPENROR/prokka_SMPENROR.fna
[10:03:37] prokka_SMPENROR/prokka_SMPENROR.gff
[10:03:37] prokka_SMPENROR/prokka_SMPENROR.sqn
[10:03:37] prokka_SMPENROR/prokka_SMPENROR.txt
[10:03:37] prokka_SMPENROR/prokka_SMPENROR.log
[10:03:37] prokka_SMPENROR/prokka_SMPENROR.gbk
[10:03:37] Annotation finished successfully.
[10:03:37] Walltime used: 0.08 minutes
[10:03:37] If you use this result please cite the Prokka paper:
[10:03:37] Seemann T (2014) Prokka: rapid prokaryotic genome annotation. Bioinformatics. 30(14):2068-9.
[10:03:37] Type 'prokka --citation' for more details.
[10:03:37] Share and enjoy!
