Discrepancy Report Results

Summary
DISC_SOURCE_QUALS_ASNDISC:strain (all present, all unique)
DISC_SOURCE_QUALS_ASNDISC:taxname (all present, all unique)
DISC_FEATURE_COUNT:gene: 180 present
DISC_FEATURE_COUNT:CDS: 147 present
DISC_FEATURE_COUNT:tRNA: 29 present
DISC_FEATURE_COUNT:rRNA: 3 present
DISC_FEATURE_COUNT:tmRNA: 1 present
DISC_COUNT_NUCLEOTIDES:1 nucleotide Bioseqs are present
OVERLAPPING_GENES:41 genes overlap another gene on the same strand.
DISC_QUALITY_SCORES:Quality scores are missing on all sequences.
ONCALLER_COMMENT_PRESENT:1 comment descriptors were found (all same)
SHORT_PROT_SEQUENCES:2 protein sequences are shorter than 50 aa.
MISSING_GENOMEASSEMBLY_COMMENTS:1 bioseqs are missing GenomeAssembly structured comments
MOLTYPE_NOT_MRNA:1 molecule types are not set as mRNA.
TECHNIQUE_NOT_TSA:1 technique are not set as TSA
MISSING_STRUCTURED_COMMENT:1 sequences do not include structured comments.
MISSING_PROJECT:148 sequences do not include project.
DISC_INCONSISTENT_MOLINFO_TECH:Molinfo Technique Report (some missing, all same)


Detailed Report

DiscRep_ALL:DISC_SOURCE_QUALS_ASNDISC::strain (all present, all unique)
DiscRep_SUB:DISC_SOURCE_QUALS_ASNDISC::1 sources have unique values for strain
DiscRep_ALL:DISC_SOURCE_QUALS_ASNDISC::taxname (all present, all unique)
DiscRep_SUB:DISC_SOURCE_QUALS_ASNDISC::1 sources have unique values for taxname
DiscRep_ALL:DISC_FEATURE_COUNT::gene: 180 present
DiscRep_ALL:DISC_FEATURE_COUNT::CDS: 147 present
DiscRep_ALL:DISC_FEATURE_COUNT::tRNA: 29 present
DiscRep_ALL:DISC_FEATURE_COUNT::rRNA: 3 present
DiscRep_ALL:DISC_FEATURE_COUNT::tmRNA: 1 present
DiscRep_ALL:DISC_COUNT_NUCLEOTIDES::1 nucleotide Bioseqs are present
prokka_SMPENROR/SMPENROR:Prokka:SMPENROR_1 (length 158378)

DiscRep_ALL:OVERLAPPING_GENES::41 genes overlap another gene on the same strand.
prokka_SMPENROR/SMPENROR:Gene	gltX	SMPENROR_1:c28062-26569	SMPENROR_00021
prokka_SMPENROR/SMPENROR:Gene	rplI	SMPENROR_1:c28273-28049	SMPENROR_00022
prokka_SMPENROR/SMPENROR:Gene	rpsR	SMPENROR_1:c28564-28283	SMPENROR_00023
prokka_SMPENROR/SMPENROR:Gene	rpsF	SMPENROR_1:c28904-28557	SMPENROR_00024
prokka_SMPENROR/SMPENROR:Gene	rpmA	SMPENROR_1:c29475-29230	SMPENROR_00026
prokka_SMPENROR/SMPENROR:Gene	rplU	SMPENROR_1:c29791-29444	SMPENROR_00027
prokka_SMPENROR/SMPENROR:Gene	leuD1	SMPENROR_1:c49138-48557	SMPENROR_00051
prokka_SMPENROR/SMPENROR:Gene	leuC	SMPENROR_1:c50522-49125	SMPENROR_00052
prokka_SMPENROR/SMPENROR:Gene	rpoC	SMPENROR_1:c64367-60327	SMPENROR_00062
prokka_SMPENROR/SMPENROR:Gene	rpoB	SMPENROR_1:c68125-64343	SMPENROR_00063
prokka_SMPENROR/SMPENROR:Gene	rplL	SMPENROR_1:c68513-68136	SMPENROR_00064
prokka_SMPENROR/SMPENROR:Gene	rplJ	SMPENROR_1:c69033-68491	SMPENROR_00065
prokka_SMPENROR/SMPENROR:Gene	rpsB	SMPENROR_1:c86964-86203	SMPENROR_00089
prokka_SMPENROR/SMPENROR:Gene	rpsI	SMPENROR_1:c87280-86918	SMPENROR_00090
prokka_SMPENROR/SMPENROR:Gene	rplM	SMPENROR_1:c87699-87280	SMPENROR_00091
prokka_SMPENROR/SMPENROR:Gene	infC	SMPENROR_1:90118-90462	SMPENROR_00094
prokka_SMPENROR/SMPENROR:Gene	rpmI	SMPENROR_1:90453-90659	SMPENROR_00095
prokka_SMPENROR/SMPENROR:Gene	tilS	SMPENROR_1:104052-105008	SMPENROR_00109
prokka_SMPENROR/SMPENROR:Gene	iscS	SMPENROR_1:104983-106176	SMPENROR_00110
prokka_SMPENROR/SMPENROR:Gene	sufC	SMPENROR_1:115638-116390	SMPENROR_00121
prokka_SMPENROR/SMPENROR:Gene	sufD	SMPENROR_1:116381-117676	SMPENROR_00122
prokka_SMPENROR/SMPENROR:Gene	sufS	SMPENROR_1:117657-118934	SMPENROR_00123
prokka_SMPENROR/SMPENROR:Gene	infB	SMPENROR_1:118892-120610	SMPENROR_00124
prokka_SMPENROR/SMPENROR:Gene	sigA	SMPENROR_1:c125003-124092	SMPENROR_00133
prokka_SMPENROR/SMPENROR:Gene	pnp	SMPENROR_1:c127117-124964	SMPENROR_00134
prokka_SMPENROR/SMPENROR:Gene	rpsJ	SMPENROR_1:131691-131990	SMPENROR_00141
prokka_SMPENROR/SMPENROR:Gene	rplC	SMPENROR_1:131984-132631	SMPENROR_00142
prokka_SMPENROR/SMPENROR:Gene	rplD	SMPENROR_1:132609-133256	SMPENROR_00143
prokka_SMPENROR/SMPENROR:Gene	rpsS	SMPENROR_1:134429-134737	SMPENROR_00146
prokka_SMPENROR/SMPENROR:Gene	rplV	SMPENROR_1:134730-135083	SMPENROR_00147
prokka_SMPENROR/SMPENROR:Gene	rpsC	SMPENROR_1:135067-135819	SMPENROR_00148
prokka_SMPENROR/SMPENROR:Gene	rplP	SMPENROR_1:135926-136192	SMPENROR_00149
prokka_SMPENROR/SMPENROR:Gene	rpsQ	SMPENROR_1:136168-136428	SMPENROR_00150
prokka_SMPENROR/SMPENROR:Gene	rplN	SMPENROR_1:136403-136771	SMPENROR_00151
prokka_SMPENROR/SMPENROR:Gene	SMPENROR_00152	SMPENROR_1:136783-137145	SMPENROR_00152
prokka_SMPENROR/SMPENROR:Gene	rplE	SMPENROR_1:137118-137657	SMPENROR_00153
prokka_SMPENROR/SMPENROR:Gene	rpoA	SMPENROR_1:141945-143063	SMPENROR_00164
prokka_SMPENROR/SMPENROR:Gene	rplQ	SMPENROR_1:143041-143421	SMPENROR_00165
prokka_SMPENROR/SMPENROR:Gene	SMPENROR_00178	SMPENROR_1:c154849-154601	SMPENROR_00178
prokka_SMPENROR/SMPENROR:Gene	ilvB	SMPENROR_1:c156525-154840	SMPENROR_00179
prokka_SMPENROR/SMPENROR:Gene	ilvD	SMPENROR_1:c158222-156501	SMPENROR_00180

DiscRep_ALL:DISC_QUALITY_SCORES::Quality scores are missing on all sequences.

DiscRep_ALL:ONCALLER_COMMENT_PRESENT::1 comment descriptors were found (all same)
prokka_SMPENROR/SMPENROR:Prokka:SMPENROR_1:Annotated using prokka 1.13 from https://github.com/tseemann/prokka

DiscRep_ALL:SHORT_PROT_SEQUENCES::2 protein sequences are shorter than 50 aa.
prokka_SMPENROR/SMPENROR:Prokka:SMPENROR_00036 (length 35)
prokka_SMPENROR/SMPENROR:Prokka:SMPENROR_00057 (length 44)

DiscRep_ALL:MISSING_GENOMEASSEMBLY_COMMENTS::1 bioseqs are missing GenomeAssembly structured comments
prokka_SMPENROR/SMPENROR:Prokka:SMPENROR_1 (length 158378)

DiscRep_ALL:MOLTYPE_NOT_MRNA::1 molecule types are not set as mRNA.
prokka_SMPENROR/SMPENROR:Prokka:SMPENROR_1 (length 158378)

DiscRep_ALL:TECHNIQUE_NOT_TSA::1 technique are not set as TSA
prokka_SMPENROR/SMPENROR:Prokka:SMPENROR_1 (length 158378)

DiscRep_ALL:MISSING_STRUCTURED_COMMENT::1 sequences do not include structured comments.
prokka_SMPENROR/SMPENROR:Prokka:SMPENROR_1 (length 158378)

DiscRep_ALL:MISSING_PROJECT::148 sequences do not include project.
prokka_SMPENROR/SMPENROR:Prokka:SMPENROR_1 (length 158378)
prokka_SMPENROR/SMPENROR:Prokka:SMPENROR_00001 (length 226)
prokka_SMPENROR/SMPENROR:Prokka:SMPENROR_00002 (length 443)
prokka_SMPENROR/SMPENROR:Prokka:SMPENROR_00003 (length 853)
prokka_SMPENROR/SMPENROR:Prokka:SMPENROR_00004 (length 100)
prokka_SMPENROR/SMPENROR:Prokka:SMPENROR_00005 (length 375)
prokka_SMPENROR/SMPENROR:Prokka:SMPENROR_00006 (length 690)
prokka_SMPENROR/SMPENROR:Prokka:SMPENROR_00007 (length 409)
prokka_SMPENROR/SMPENROR:Prokka:SMPENROR_00008 (length 398)
prokka_SMPENROR/SMPENROR:Prokka:SMPENROR_00009 (length 366)
prokka_SMPENROR/SMPENROR:Prokka:SMPENROR_00010 (length 569)
prokka_SMPENROR/SMPENROR:Prokka:SMPENROR_00011 (length 254)
prokka_SMPENROR/SMPENROR:Prokka:SMPENROR_00013 (length 1132)
prokka_SMPENROR/SMPENROR:Prokka:SMPENROR_00015 (length 597)
prokka_SMPENROR/SMPENROR:Prokka:SMPENROR_00016 (length 358)
prokka_SMPENROR/SMPENROR:Prokka:SMPENROR_00017 (length 533)
prokka_SMPENROR/SMPENROR:Prokka:SMPENROR_00018 (length 582)
prokka_SMPENROR/SMPENROR:Prokka:SMPENROR_00020 (length 206)
prokka_SMPENROR/SMPENROR:Prokka:SMPENROR_00021 (length 497)
prokka_SMPENROR/SMPENROR:Prokka:SMPENROR_00022 (length 74)
prokka_SMPENROR/SMPENROR:Prokka:SMPENROR_00023 (length 93)
prokka_SMPENROR/SMPENROR:Prokka:SMPENROR_00024 (length 115)
prokka_SMPENROR/SMPENROR:Prokka:SMPENROR_00026 (length 81)
prokka_SMPENROR/SMPENROR:Prokka:SMPENROR_00027 (length 115)
prokka_SMPENROR/SMPENROR:Prokka:SMPENROR_00029 (length 439)
prokka_SMPENROR/SMPENROR:Prokka:SMPENROR_00030 (length 187)
prokka_SMPENROR/SMPENROR:Prokka:SMPENROR_00031 (length 317)
prokka_SMPENROR/SMPENROR:Prokka:SMPENROR_00034 (length 250)
prokka_SMPENROR/SMPENROR:Prokka:SMPENROR_00035 (length 283)
prokka_SMPENROR/SMPENROR:Prokka:SMPENROR_00036 (length 35)
prokka_SMPENROR/SMPENROR:Prokka:SMPENROR_00037 (length 453)
prokka_SMPENROR/SMPENROR:Prokka:SMPENROR_00038 (length 374)
prokka_SMPENROR/SMPENROR:Prokka:SMPENROR_00042 (length 112)
prokka_SMPENROR/SMPENROR:Prokka:SMPENROR_00043 (length 454)
prokka_SMPENROR/SMPENROR:Prokka:SMPENROR_00044 (length 612)
prokka_SMPENROR/SMPENROR:Prokka:SMPENROR_00046 (length 465)
prokka_SMPENROR/SMPENROR:Prokka:SMPENROR_00047 (length 64)
prokka_SMPENROR/SMPENROR:Prokka:SMPENROR_00048 (length 366)
prokka_SMPENROR/SMPENROR:Prokka:SMPENROR_00049 (length 109)
prokka_SMPENROR/SMPENROR:Prokka:SMPENROR_00050 (length 355)
prokka_SMPENROR/SMPENROR:Prokka:SMPENROR_00051 (length 193)
prokka_SMPENROR/SMPENROR:Prokka:SMPENROR_00052 (length 465)
prokka_SMPENROR/SMPENROR:Prokka:SMPENROR_00053 (length 392)
prokka_SMPENROR/SMPENROR:Prokka:SMPENROR_00054 (length 420)
prokka_SMPENROR/SMPENROR:Prokka:SMPENROR_00056 (length 411)
prokka_SMPENROR/SMPENROR:Prokka:SMPENROR_00057 (length 44)
prokka_SMPENROR/SMPENROR:Prokka:SMPENROR_00058 (length 77)
prokka_SMPENROR/SMPENROR:Prokka:SMPENROR_00060 (length 325)
prokka_SMPENROR/SMPENROR:Prokka:SMPENROR_00061 (length 251)
prokka_SMPENROR/SMPENROR:Prokka:SMPENROR_00062 (length 1346)
prokka_SMPENROR/SMPENROR:Prokka:SMPENROR_00063 (length 1260)
prokka_SMPENROR/SMPENROR:Prokka:SMPENROR_00064 (length 125)
prokka_SMPENROR/SMPENROR:Prokka:SMPENROR_00065 (length 180)
prokka_SMPENROR/SMPENROR:Prokka:SMPENROR_00066 (length 211)
prokka_SMPENROR/SMPENROR:Prokka:SMPENROR_00067 (length 141)
prokka_SMPENROR/SMPENROR:Prokka:SMPENROR_00069 (length 395)
prokka_SMPENROR/SMPENROR:Prokka:SMPENROR_00074 (length 212)
prokka_SMPENROR/SMPENROR:Prokka:SMPENROR_00075 (length 138)
prokka_SMPENROR/SMPENROR:Prokka:SMPENROR_00076 (length 464)
prokka_SMPENROR/SMPENROR:Prokka:SMPENROR_00082 (length 362)
prokka_SMPENROR/SMPENROR:Prokka:SMPENROR_00083 (length 216)
prokka_SMPENROR/SMPENROR:Prokka:SMPENROR_00084 (length 396)
prokka_SMPENROR/SMPENROR:Prokka:SMPENROR_00085 (length 858)
prokka_SMPENROR/SMPENROR:Prokka:SMPENROR_00088 (length 212)
prokka_SMPENROR/SMPENROR:Prokka:SMPENROR_00089 (length 253)
prokka_SMPENROR/SMPENROR:Prokka:SMPENROR_00090 (length 120)
prokka_SMPENROR/SMPENROR:Prokka:SMPENROR_00091 (length 139)
prokka_SMPENROR/SMPENROR:Prokka:SMPENROR_00092 (length 547)
prokka_SMPENROR/SMPENROR:Prokka:SMPENROR_00093 (length 52)
prokka_SMPENROR/SMPENROR:Prokka:SMPENROR_00094 (length 114)
prokka_SMPENROR/SMPENROR:Prokka:SMPENROR_00095 (length 68)
prokka_SMPENROR/SMPENROR:Prokka:SMPENROR_00096 (length 128)
prokka_SMPENROR/SMPENROR:Prokka:SMPENROR_00097 (length 162)
prokka_SMPENROR/SMPENROR:Prokka:SMPENROR_00098 (length 351)
prokka_SMPENROR/SMPENROR:Prokka:SMPENROR_00099 (length 394)
prokka_SMPENROR/SMPENROR:Prokka:SMPENROR_00100 (length 370)
prokka_SMPENROR/SMPENROR:Prokka:SMPENROR_00101 (length 182)
prokka_SMPENROR/SMPENROR:Prokka:SMPENROR_00102 (length 454)
prokka_SMPENROR/SMPENROR:Prokka:SMPENROR_00103 (length 299)
prokka_SMPENROR/SMPENROR:Prokka:SMPENROR_00104 (length 461)
prokka_SMPENROR/SMPENROR:Prokka:SMPENROR_00106 (length 1288)
prokka_SMPENROR/SMPENROR:Prokka:SMPENROR_00109 (length 318)
prokka_SMPENROR/SMPENROR:Prokka:SMPENROR_00110 (length 397)
prokka_SMPENROR/SMPENROR:Prokka:SMPENROR_00111 (length 489)
prokka_SMPENROR/SMPENROR:Prokka:SMPENROR_00114 (length 432)
prokka_SMPENROR/SMPENROR:Prokka:SMPENROR_00115 (length 168)
prokka_SMPENROR/SMPENROR:Prokka:SMPENROR_00116 (length 103)
prokka_SMPENROR/SMPENROR:Prokka:SMPENROR_00117 (length 546)
prokka_SMPENROR/SMPENROR:Prokka:SMPENROR_00118 (length 90)
prokka_SMPENROR/SMPENROR:Prokka:SMPENROR_00119 (length 445)
prokka_SMPENROR/SMPENROR:Prokka:SMPENROR_00120 (length 474)
prokka_SMPENROR/SMPENROR:Prokka:SMPENROR_00121 (length 250)
prokka_SMPENROR/SMPENROR:Prokka:SMPENROR_00122 (length 431)
prokka_SMPENROR/SMPENROR:Prokka:SMPENROR_00123 (length 425)
prokka_SMPENROR/SMPENROR:Prokka:SMPENROR_00124 (length 572)
prokka_SMPENROR/SMPENROR:Prokka:SMPENROR_00125 (length 88)
prokka_SMPENROR/SMPENROR:Prokka:SMPENROR_00127 (length 97)
prokka_SMPENROR/SMPENROR:Prokka:SMPENROR_00129 (length 199)
prokka_SMPENROR/SMPENROR:Prokka:SMPENROR_00130 (length 224)
prokka_SMPENROR/SMPENROR:Prokka:SMPENROR_00131 (length 79)
prokka_SMPENROR/SMPENROR:Prokka:SMPENROR_00132 (length 340)
prokka_SMPENROR/SMPENROR:Prokka:SMPENROR_00133 (length 303)
prokka_SMPENROR/SMPENROR:Prokka:SMPENROR_00134 (length 717)
prokka_SMPENROR/SMPENROR:Prokka:SMPENROR_00135 (length 62)
prokka_SMPENROR/SMPENROR:Prokka:SMPENROR_00136 (length 83)
prokka_SMPENROR/SMPENROR:Prokka:SMPENROR_00137 (length 332)
prokka_SMPENROR/SMPENROR:Prokka:SMPENROR_00138 (length 124)
prokka_SMPENROR/SMPENROR:Prokka:SMPENROR_00139 (length 161)
prokka_SMPENROR/SMPENROR:Prokka:SMPENROR_00140 (length 694)
prokka_SMPENROR/SMPENROR:Prokka:SMPENROR_00141 (length 99)
prokka_SMPENROR/SMPENROR:Prokka:SMPENROR_00142 (length 215)
prokka_SMPENROR/SMPENROR:Prokka:SMPENROR_00143 (length 215)
prokka_SMPENROR/SMPENROR:Prokka:SMPENROR_00144 (length 105)
prokka_SMPENROR/SMPENROR:Prokka:SMPENROR_00145 (length 275)
prokka_SMPENROR/SMPENROR:Prokka:SMPENROR_00146 (length 102)
prokka_SMPENROR/SMPENROR:Prokka:SMPENROR_00147 (length 117)
prokka_SMPENROR/SMPENROR:Prokka:SMPENROR_00148 (length 250)
prokka_SMPENROR/SMPENROR:Prokka:SMPENROR_00149 (length 88)
prokka_SMPENROR/SMPENROR:Prokka:SMPENROR_00150 (length 86)
prokka_SMPENROR/SMPENROR:Prokka:SMPENROR_00151 (length 122)
prokka_SMPENROR/SMPENROR:Prokka:SMPENROR_00152 (length 120)
prokka_SMPENROR/SMPENROR:Prokka:SMPENROR_00153 (length 179)
prokka_SMPENROR/SMPENROR:Prokka:SMPENROR_00154 (length 89)
prokka_SMPENROR/SMPENROR:Prokka:SMPENROR_00155 (length 133)
prokka_SMPENROR/SMPENROR:Prokka:SMPENROR_00156 (length 185)
prokka_SMPENROR/SMPENROR:Prokka:SMPENROR_00157 (length 101)
prokka_SMPENROR/SMPENROR:Prokka:SMPENROR_00158 (length 157)
prokka_SMPENROR/SMPENROR:Prokka:SMPENROR_00159 (length 150)
prokka_SMPENROR/SMPENROR:Prokka:SMPENROR_00160 (length 71)
prokka_SMPENROR/SMPENROR:Prokka:SMPENROR_00161 (length 167)
prokka_SMPENROR/SMPENROR:Prokka:SMPENROR_00162 (length 121)
prokka_SMPENROR/SMPENROR:Prokka:SMPENROR_00163 (length 189)
prokka_SMPENROR/SMPENROR:Prokka:SMPENROR_00164 (length 372)
prokka_SMPENROR/SMPENROR:Prokka:SMPENROR_00165 (length 126)
prokka_SMPENROR/SMPENROR:Prokka:SMPENROR_00166 (length 296)
prokka_SMPENROR/SMPENROR:Prokka:SMPENROR_00167 (length 561)
prokka_SMPENROR/SMPENROR:Prokka:SMPENROR_00168 (length 501)
prokka_SMPENROR/SMPENROR:Prokka:SMPENROR_00170 (length 314)
prokka_SMPENROR/SMPENROR:Prokka:SMPENROR_00171 (length 384)
prokka_SMPENROR/SMPENROR:Prokka:SMPENROR_00172 (length 154)
prokka_SMPENROR/SMPENROR:Prokka:SMPENROR_00173 (length 71)
prokka_SMPENROR/SMPENROR:Prokka:SMPENROR_00174 (length 318)
prokka_SMPENROR/SMPENROR:Prokka:SMPENROR_00175 (length 314)
prokka_SMPENROR/SMPENROR:Prokka:SMPENROR_00176 (length 64)
prokka_SMPENROR/SMPENROR:Prokka:SMPENROR_00177 (length 361)
prokka_SMPENROR/SMPENROR:Prokka:SMPENROR_00178 (length 82)
prokka_SMPENROR/SMPENROR:Prokka:SMPENROR_00179 (length 561)
prokka_SMPENROR/SMPENROR:Prokka:SMPENROR_00180 (length 573)

DiscRep_ALL:DISC_INCONSISTENT_MOLINFO_TECH::Molinfo Technique Report (some missing, all same)
DiscRep_SUB:DISC_INCONSISTENT_MOLINFO_TECH::technique (all missing)
DiscRep_SUB:DISC_INCONSISTENT_MOLINFO_TECH::1 Molinfos are missing field technique
prokka_SMPENROR/SMPENROR:Prokka:SMPENROR_1 (length 158378)

