[11:27:12] This is prokka 1.13
[11:27:12] Written by Torsten Seemann <torsten.seemann@gmail.com>
[11:27:12] Homepage is https://github.com/tseemann/prokka
[11:27:12] Local time is Fri Dec 15 11:27:12 2023
[11:27:12] You are diego
[11:27:12] Operating system is linux
[11:27:12] You have BioPerl 1.007002
[11:27:12] System has 32 cores.
[11:27:12] Will use maximum of 32 cores.
[11:27:12] Annotating as >>> Bacteria <<<
[11:27:12] Enabling options to ensure Genbank/ENA/DDJB submission compliance.
[11:27:12] Re-using existing --outdir annotation_prokka/prokka_VFCOTACU
[11:27:12] Using filename prefix: prokka_VFCOTACU.XXX
[11:27:12] Setting HMMER_NCPU=1
[11:27:12] Writing log to: annotation_prokka/prokka_VFCOTACU/prokka_VFCOTACU.log
[11:27:12] Command: /home/diego/miniconda3/envs/prokka_env/bin/prokka VFCOTACU.fasta --prefix prokka_VFCOTACU --outdir annotation_prokka/prokka_VFCOTACU --cpus 32 --locustag VFCOTACU --gcode 11 --compliant --force
[11:27:12] Appending to PATH: /home/diego/miniconda3/envs/prokka_env/bin
[11:27:12] Looking for 'aragorn' - found /home/diego/miniconda3/envs/prokka_env/bin/aragorn
[11:27:12] Determined aragorn version is 1.2
[11:27:12] Looking for 'barrnap' - found /home/diego/miniconda3/envs/prokka_env/bin/barrnap
[11:27:12] Determined barrnap version is 0.9
[11:27:12] Looking for 'blastp' - found /home/diego/miniconda3/envs/prokka_env/bin/blastp
[11:27:12] Determined blastp version is 2.14
[11:27:12] Looking for 'cmpress' - found /home/diego/miniconda3/envs/prokka_env/bin/cmpress
[11:27:12] Determined cmpress version is 1.1
[11:27:12] Looking for 'cmscan' - found /home/diego/miniconda3/envs/prokka_env/bin/cmscan
[11:27:12] Determined cmscan version is 1.1
[11:27:12] Looking for 'egrep' - found /usr/bin/egrep
[11:27:12] Looking for 'find' - found /usr/bin/find
[11:27:12] Looking for 'grep' - found /usr/bin/grep
[11:27:12] Looking for 'hmmpress' - found /home/diego/miniconda3/envs/prokka_env/bin/hmmpress
[11:27:12] Determined hmmpress version is 3.3
[11:27:12] Looking for 'hmmscan' - found /home/diego/miniconda3/envs/prokka_env/bin/hmmscan
[11:27:12] Determined hmmscan version is 3.3
[11:27:12] Looking for 'java' - found /home/diego/miniconda3/envs/prokka_env/bin/java
[11:27:12] Looking for 'less' - found /usr/bin/less
[11:27:12] Looking for 'makeblastdb' - found /home/diego/miniconda3/envs/prokka_env/bin/makeblastdb
[11:27:12] Determined makeblastdb version is 2.14
[11:27:12] Looking for 'minced' - found /home/diego/miniconda3/envs/prokka_env/bin/minced
[11:27:12] Determined minced version is 4.2
[11:27:12] Looking for 'parallel' - found /home/diego/miniconda3/envs/prokka_env/bin/parallel
[11:27:12] Determined parallel version is 20160622
[11:27:12] Looking for 'prodigal' - found /home/diego/miniconda3/envs/prokka_env/bin/prodigal
[11:27:12] Determined prodigal version is 2.6
[11:27:12] Looking for 'prokka-genbank_to_fasta_db' - found /home/diego/miniconda3/envs/prokka_env/bin/prokka-genbank_to_fasta_db
[11:27:12] Looking for 'rnammer' - found /home/diego/rnammer-1.2.src/rnammer
[11:27:12] Determined rnammer version is 1.2
[11:27:12] Looking for 'sed' - found /usr/bin/sed
[11:27:12] Looking for 'tbl2asn' - found /home/diego/miniconda3/envs/prokka_env/bin/tbl2asn
[11:27:12] Determined tbl2asn version is 25.8
[11:27:12] Using genetic code table 11.
[11:27:12] Loading and checking input file: VFCOTACU.fasta
[11:27:12] Wrote 1 contigs totalling 124185 bp.
[11:27:12] Predicting tRNAs and tmRNAs
[11:27:12] Running: aragorn -l -gc11  -w annotation_prokka\/prokka_VFCOTACU\/prokka_VFCOTACU\.fna
[11:27:12] 1 tRNA-Trp [1175,1247] 34 (cca)
[11:27:12] 2 tRNA-Phe [14372,14444] 34 (gaa)
[11:27:12] 3 tRNA-Gln [21394,21467] 35 (ttg)
[11:27:12] 4 tRNA-Ser [29599,29684] 36 (gct)
[11:27:12] 5 tRNA-Leu [51417,51500] 36 (aag)
[11:27:12] 6 tRNA-Leu [51500,51573] 35 (tag)
[11:27:12] 7 tRNA-Ser [51573,51657] 36 (aga)
[11:27:12] 8 tRNA-Asn c[56366,56437] 33 (gtt)
[11:27:12] 9 tRNA-Cys c[56569,56640] 33 (gca)
[11:27:12] 10 tRNA-Gly c[56640,56712] 33 (gcc)
[11:27:12] 11 tRNA-Val [63614,63686] 34 (tac)
[11:27:12] 12 tRNA-Leu c[65545,65626] 34 (caa)
[11:27:12] 13 tRNA-Ser c[65625,65710] 36 (tga)
[11:27:12] 14 tRNA-Arg [65713,65784] 34 (acg)
[11:27:12] 15 tRNA-Thr [71701,71771] 33 (tgt)
[11:27:12] 16 tRNA-His [71777,71849] 34 (gtg)
[11:27:12] 17 tRNA-Lys c[72692,72763] 33 (ttt)
[11:27:12] 18 tRNA-Val c[73724,73795] 33 (aac)
[11:27:12] 19 tRNA-Arg c[74861,74934] 35 (tct)
[11:27:12] 20 tRNA-Met c[74943,75014] 33 (cat)
[11:27:12] 21 tRNA-Pro [75056,75127] 33 (tgg)
[11:27:12] 22 tRNA-Asp c[84673,84748] 36 (gtc)
[11:27:12] 23 tRNA-Glu c[84749,84819] 33 (ttc)
[11:27:12] 24 tRNA-Ala c[106037,106109] 34 (tgc)
[11:27:12] 25 tRNA-Ile c[110215,110285] 33 (gat)
[11:27:12] 26 tRNA-Met [123931,124004] 35 (cat)
[11:27:12] 27 tRNA-Tyr [124021,124108] 36 (gta)
[11:27:12] 28 tRNA-Gly [124106,124178] 34 (tcc)
[11:27:12] Found 28 tRNAs
[11:27:12] Predicting Ribosomal RNAs
[11:27:12] Running Barrnap with 32 threads
[11:27:13] 1 gnl|Prokka|VFCOTACU_1 107457 23S ribosomal RNA
[11:27:13] 2 gnl|Prokka|VFCOTACU_1 110302 16S ribosomal RNA
[11:27:13] Found 2 rRNAs
[11:27:13] Skipping ncRNA search, enable with --rfam if desired.
[11:27:13] Total of 30 tRNA + rRNA features
[11:27:13] Searching for CRISPR repeats
[11:27:13] Found 0 CRISPRs
[11:27:13] Predicting coding sequences
[11:27:13] Contigs total 124185 bp, so using single mode
[11:27:13] Running: prodigal -i annotation_prokka\/prokka_VFCOTACU\/prokka_VFCOTACU\.fna -c -m -g 11 -p single -f sco -q
[11:27:14] Excluding CDS which overlaps existing RNA (tRNA) at gnl|Prokka|VFCOTACU_1:1..1185 on + strand
[11:27:14] Excluding CDS which overlaps existing RNA (tRNA) at gnl|Prokka|VFCOTACU_1:13928..14389 on + strand
[11:27:14] Excluding CDS which overlaps existing RNA (tRNA) at gnl|Prokka|VFCOTACU_1:14415..14891 on + strand
[11:27:14] Excluding CDS which overlaps existing RNA (tRNA) at gnl|Prokka|VFCOTACU_1:27591..29600 on + strand
[11:27:14] Excluding CDS which overlaps existing RNA (tRNA) at gnl|Prokka|VFCOTACU_1:29665..32010 on - strand
[11:27:14] Excluding CDS which overlaps existing RNA (tRNA) at gnl|Prokka|VFCOTACU_1:51247..51435 on + strand
[11:27:14] Excluding CDS which overlaps existing RNA (tRNA) at gnl|Prokka|VFCOTACU_1:56697..57215 on - strand
[11:27:14] Excluding CDS which overlaps existing RNA (tRNA) at gnl|Prokka|VFCOTACU_1:64466..65545 on + strand
[11:27:14] Excluding CDS which overlaps existing RNA (tRNA) at gnl|Prokka|VFCOTACU_1:71824..72690 on + strand
[11:27:14] Excluding CDS which overlaps existing RNA (tRNA) at gnl|Prokka|VFCOTACU_1:72763..73122 on - strand
[11:27:14] Excluding CDS which overlaps existing RNA (tRNA) at gnl|Prokka|VFCOTACU_1:84479..84712 on + strand
[11:27:14] Excluding CDS which overlaps existing RNA (rRNA) at gnl|Prokka|VFCOTACU_1:107580..108017 on + strand
[11:27:14] Excluding CDS which overlaps existing RNA (rRNA) at gnl|Prokka|VFCOTACU_1:108242..108385 on + strand
[11:27:14] Excluding CDS which overlaps existing RNA (rRNA) at gnl|Prokka|VFCOTACU_1:110737..110871 on - strand
[11:27:14] Excluding CDS which overlaps existing RNA (tRNA) at gnl|Prokka|VFCOTACU_1:122923..123945 on + strand
[11:27:14] Excluding CDS which overlaps existing RNA (tRNA) at gnl|Prokka|VFCOTACU_1:123985..124143 on - strand
[11:27:14] Found 129 CDS
[11:27:14] Connecting features back to sequences
[11:27:14] Not using genus-specific database. Try --usegenus to enable it.
[11:27:14] Annotating CDS, please be patient.
[11:27:14] Will use 32 CPUs for similarity searching.
[11:27:14] There are still 129 unannotated CDS left (started with 129)
[11:27:14] Will use blast to search against /home/diego/miniconda3/envs/prokka_env/bin/../db/kingdom/Bacteria/sprot with 32 CPUs
[11:27:14] Running: cat annotation_prokka\/prokka_VFCOTACU\/sprot\.faa | parallel --gnu --plain -j 32 --block 553 --recstart '>' --pipe blastp -query - -db /home/diego/miniconda3/envs/prokka_env/bin/../db/kingdom/Bacteria/sprot -evalue 1e-06 -num_threads 1 -num_descriptions 1 -num_alignments 1 -seg no > annotation_prokka\/prokka_VFCOTACU\/sprot\.blast 2> /dev/null
[11:27:15] Deleting unwanted file: annotation_prokka/prokka_VFCOTACU/sprot.faa
[11:27:15] Deleting unwanted file: annotation_prokka/prokka_VFCOTACU/sprot.blast
[11:27:15] There are still 27 unannotated CDS left (started with 129)
[11:27:15] Will use hmmer3 to search against /home/diego/miniconda3/envs/prokka_env/bin/../db/hmm/HAMAP.hmm with 32 CPUs
[11:27:15] Running: cat annotation_prokka\/prokka_VFCOTACU\/HAMAP\.hmm\.faa | parallel --gnu --plain -j 32 --block 73 --recstart '>' --pipe hmmscan --noali --notextw --acc -E 1e-06 --cpu 1 /home/diego/miniconda3/envs/prokka_env/bin/../db/hmm/HAMAP.hmm /dev/stdin > annotation_prokka\/prokka_VFCOTACU\/HAMAP\.hmm\.hmmer3 2> /dev/null
[11:27:15] Deleting unwanted file: annotation_prokka/prokka_VFCOTACU/HAMAP.hmm.faa
[11:27:15] Deleting unwanted file: annotation_prokka/prokka_VFCOTACU/HAMAP.hmm.hmmer3
[11:27:15] Labelling remaining 22 proteins as 'hypothetical protein'
[11:27:15] Found 107 unique /gene codes.
[11:27:15] Fixed 0 colliding /gene names.
[11:27:15] Adding /locus_tag identifiers
[11:27:15] Assigned 159 locus_tags to CDS and RNA features.
[11:27:15] Writing outputs to annotation_prokka/prokka_VFCOTACU/
[11:27:15] Generating annotation statistics file
[11:27:15] Generating Genbank and Sequin files
[11:27:15] Running: tbl2asn -V b -a r10k -l paired-ends -M n -N 1 -y 'Annotated using prokka 1.13 from https://github.com/tseemann/prokka' -Z annotation_prokka\/prokka_VFCOTACU\/prokka_VFCOTACU\.err -i annotation_prokka\/prokka_VFCOTACU\/prokka_VFCOTACU\.fsa 2> /dev/null
[11:27:16] Deleting unwanted file: annotation_prokka/prokka_VFCOTACU/errorsummary.val
[11:27:16] Deleting unwanted file: annotation_prokka/prokka_VFCOTACU/prokka_VFCOTACU.dr
[11:27:16] Deleting unwanted file: annotation_prokka/prokka_VFCOTACU/prokka_VFCOTACU.fixedproducts
[11:27:16] Deleting unwanted file: annotation_prokka/prokka_VFCOTACU/prokka_VFCOTACU.ecn
[11:27:16] Deleting unwanted file: annotation_prokka/prokka_VFCOTACU/prokka_VFCOTACU.val
[11:27:16] Repairing broken .GBK output that tbl2asn produces...
[11:27:16] Running: sed 's/COORDINATES: profile/COORDINATES:profile/' < annotation_prokka\/prokka_VFCOTACU\/prokka_VFCOTACU\.gbf > annotation_prokka\/prokka_VFCOTACU\/prokka_VFCOTACU\.gbk
[11:27:16] Deleting unwanted file: annotation_prokka/prokka_VFCOTACU/prokka_VFCOTACU.gbf
[11:27:16] Output files:
[11:27:16] annotation_prokka/prokka_VFCOTACU/prokka_VFCOTACU.ffn
[11:27:16] annotation_prokka/prokka_VFCOTACU/prokka_VFCOTACU.tsv
[11:27:16] annotation_prokka/prokka_VFCOTACU/prokka_VFCOTACU.log
[11:27:16] annotation_prokka/prokka_VFCOTACU/prokka_VFCOTACU.tbl
[11:27:16] annotation_prokka/prokka_VFCOTACU/prokka_VFCOTACU.gbk
[11:27:16] annotation_prokka/prokka_VFCOTACU/prokka_VFCOTACU.faa
[11:27:16] annotation_prokka/prokka_VFCOTACU/prokka_VFCOTACU.txt
[11:27:16] annotation_prokka/prokka_VFCOTACU/prokka_VFCOTACU.err
[11:27:16] annotation_prokka/prokka_VFCOTACU/prokka_VFCOTACU.fsa
[11:27:16] annotation_prokka/prokka_VFCOTACU/prokka_VFCOTACU.fna
[11:27:16] annotation_prokka/prokka_VFCOTACU/prokka_VFCOTACU.sqn
[11:27:16] annotation_prokka/prokka_VFCOTACU/prokka_VFCOTACU.gff
[11:27:16] Annotation finished successfully.
[11:27:16] Walltime used: 0.07 minutes
[11:27:16] If you use this result please cite the Prokka paper:
[11:27:16] Seemann T (2014) Prokka: rapid prokaryotic genome annotation. Bioinformatics. 30(14):2068-9.
[11:27:16] Type 'prokka --citation' for more details.
[11:27:16] Thank you, come again.
