[10:01:10] This is prokka 1.13
[10:01:10] Written by Torsten Seemann <torsten.seemann@gmail.com>
[10:01:10] Homepage is https://github.com/tseemann/prokka
[10:01:10] Local time is Mon Dec 18 10:01:10 2023
[10:01:10] You are diego
[10:01:10] Operating system is linux
[10:01:10] You have BioPerl 1.007002
[10:01:10] System has 32 cores.
[10:01:10] Option --cpu asked for 40 cores, but system only has 32
[10:01:10] Will use maximum of 32 cores.
[10:01:10] Annotating as >>> Bacteria <<<
[10:01:10] Enabling options to ensure Genbank/ENA/DDJB submission compliance.
[10:01:10] Creating new output folder: prokka_SMCALKRU
[10:01:10] Running: mkdir -p prokka_SMCALKRU
[10:01:10] Using filename prefix: prokka_SMCALKRU.XXX
[10:01:10] Setting HMMER_NCPU=1
[10:01:10] Writing log to: prokka_SMCALKRU/prokka_SMCALKRU.log
[10:01:10] Command: /home/diego/miniconda3/envs/prokka_env/bin/prokka SMCALKRU.fasta --prefix prokka_SMCALKRU --outdir prokka_SMCALKRU --cpus 40 --locustag SMCALKRU --compliant --gcode 11
[10:01:10] Appending to PATH: /home/diego/miniconda3/envs/prokka_env/bin
[10:01:10] Looking for 'aragorn' - found /home/diego/miniconda3/envs/prokka_env/bin/aragorn
[10:01:10] Determined aragorn version is 1.2
[10:01:10] Looking for 'barrnap' - found /home/diego/miniconda3/envs/prokka_env/bin/barrnap
[10:01:10] Determined barrnap version is 0.9
[10:01:10] Looking for 'blastp' - found /home/diego/miniconda3/envs/prokka_env/bin/blastp
[10:01:10] Determined blastp version is 2.14
[10:01:10] Looking for 'cmpress' - found /home/diego/miniconda3/envs/prokka_env/bin/cmpress
[10:01:10] Determined cmpress version is 1.1
[10:01:10] Looking for 'cmscan' - found /home/diego/miniconda3/envs/prokka_env/bin/cmscan
[10:01:10] Determined cmscan version is 1.1
[10:01:10] Looking for 'egrep' - found /usr/bin/egrep
[10:01:10] Looking for 'find' - found /usr/bin/find
[10:01:10] Looking for 'grep' - found /usr/bin/grep
[10:01:10] Looking for 'hmmpress' - found /home/diego/miniconda3/envs/prokka_env/bin/hmmpress
[10:01:10] Determined hmmpress version is 3.3
[10:01:10] Looking for 'hmmscan' - found /home/diego/miniconda3/envs/prokka_env/bin/hmmscan
[10:01:10] Determined hmmscan version is 3.3
[10:01:10] Looking for 'java' - found /home/diego/miniconda3/envs/prokka_env/bin/java
[10:01:10] Looking for 'less' - found /usr/bin/less
[10:01:10] Looking for 'makeblastdb' - found /home/diego/miniconda3/envs/prokka_env/bin/makeblastdb
[10:01:10] Determined makeblastdb version is 2.14
[10:01:10] Looking for 'minced' - found /home/diego/miniconda3/envs/prokka_env/bin/minced
[10:01:10] Determined minced version is 4.2
[10:01:10] Looking for 'parallel' - found /home/diego/miniconda3/envs/prokka_env/bin/parallel
[10:01:10] Determined parallel version is 20160622
[10:01:10] Looking for 'prodigal' - found /home/diego/miniconda3/envs/prokka_env/bin/prodigal
[10:01:10] Determined prodigal version is 2.6
[10:01:10] Looking for 'prokka-genbank_to_fasta_db' - found /home/diego/miniconda3/envs/prokka_env/bin/prokka-genbank_to_fasta_db
[10:01:10] Looking for 'rnammer' - found /home/diego/rnammer-1.2.src/rnammer
[10:01:10] Determined rnammer version is 1.2
[10:01:10] Looking for 'sed' - found /usr/bin/sed
[10:01:10] Looking for 'tbl2asn' - found /home/diego/miniconda3/envs/prokka_env/bin/tbl2asn
[10:01:10] Determined tbl2asn version is 25.8
[10:01:10] Using genetic code table 11.
[10:01:10] Loading and checking input file: SMCALKRU.fasta
[10:01:10] Wrote 1 contigs totalling 142117 bp.
[10:01:10] Predicting tRNAs and tmRNAs
[10:01:10] Running: aragorn -l -gc11  -w prokka_SMCALKRU\/prokka_SMCALKRU\.fna
[10:01:10] 1 tRNA-Met [9058,9132] 35 (cat)
[10:01:10] 2 tRNA-Asn c[12580,12656] 36 (gtt)
[10:01:10] 3 tRNA-Cys c[17885,17955] 33 (gca)
[10:01:10] 4 tmRNA c[21246,21502] 98,124 GKNYSLAA*
[10:01:10] 5 tRNA-Met c[22111,22186] 36 (cat)
[10:01:10] 6 tRNA-Leu [25407,25491] 35 (tag)
[10:01:10] 7 tRNA-Ser [30074,30156] 35 (gct)
[10:01:10] 8 tRNA-Pro [30163,30237] 36 (tgg)
[10:01:10] 9 tRNA-Arg [30241,30313] 34 (tct)
[10:01:10] 10 tRNA-Ser c[35527,35613] 36 (tga)
[10:01:10] 11 tRNA-Lys [39320,39392] 34 (ttt)
[10:01:10] 12 tRNA-Asp c[39398,39471] 35 (gtc)
[10:01:10] 13 tRNA-Val c[43360,43434] 36 (tac)
[10:01:10] 14 tRNA-Leu c[56129,56210] 34 (taa)
[10:01:10] 15 tRNA-Gly c[56216,56288] 34 (gcc)
[10:01:10] 16 tRNA-Ala c[64883,64956] 35 (tgc)
[10:01:10] 17 tRNA-Ile c[64961,65034] 35 (gat)
[10:01:10] 18 tRNA-Thr [68860,68933] 35 (tgt)
[10:01:10] 19 tRNA-Tyr [68943,69024] 35 (gta)
[10:01:10] 20 tRNA-Gly [69029,69100] 34 (tcc)
[10:01:10] 21 tRNA-Thr [69108,69182] 35 (ggt)
[10:01:10] 22 tRNA-Trp [70392,70465] 35 (cca)
[10:01:10] 23 tRNA-His [82138,82213] 36 (gtg)
[10:01:10] 24 tRNA-Phe c[84082,84155] 36 (gaa)
[10:01:10] 25 tRNA-Leu c[96455,96528] 35 (gag)
[10:01:10] 26 tRNA-Glu c[107506,107577] 34 (ttc)
[10:01:10] 27 tRNA-Gln [107942,108012] 33 (ttg)
[10:01:10] 28 tRNA-Arg c[132494,132567] 35 (acg)
[10:01:10] Found 28 tRNAs
[10:01:10] Predicting Ribosomal RNAs
[10:01:10] Running Barrnap with 32 threads
[10:01:11] 1 gnl|Prokka|SMCALKRU_1 61828 5S ribosomal RNA
[10:01:11] 2 gnl|Prokka|SMCALKRU_1 61994 23S ribosomal RNA
[10:01:11] 3 gnl|Prokka|SMCALKRU_1 65041 16S ribosomal RNA
[10:01:11] Found 3 rRNAs
[10:01:11] Skipping ncRNA search, enable with --rfam if desired.
[10:01:11] Total of 30 tRNA + rRNA features
[10:01:11] Searching for CRISPR repeats
[10:01:11] Found 0 CRISPRs
[10:01:11] Predicting coding sequences
[10:01:11] Contigs total 142117 bp, so using single mode
[10:01:11] Running: prodigal -i prokka_SMCALKRU\/prokka_SMCALKRU\.fna -c -m -g 11 -p single -f sco -q
[10:01:11] Excluding CDS which overlaps existing RNA (tRNA) at gnl|Prokka|SMCALKRU_1:9209..12580 on + strand
[10:01:11] Excluding CDS which overlaps existing RNA (tRNA) at gnl|Prokka|SMCALKRU_1:30311..31759 on - strand
[10:01:11] Excluding CDS which overlaps existing RNA (tRNA) at gnl|Prokka|SMCALKRU_1:55512..56135 on + strand
[10:01:11] Excluding CDS which overlaps existing RNA (tRNA) at gnl|Prokka|SMCALKRU_1:56274..58835 on - strand
[10:01:11] Excluding CDS which overlaps existing RNA (rRNA) at gnl|Prokka|SMCALKRU_1:61805..61981 on - strand
[10:01:11] Excluding CDS which overlaps existing RNA (rRNA) at gnl|Prokka|SMCALKRU_1:62116..62574 on + strand
[10:01:11] Excluding CDS which overlaps existing RNA (tRNA) at gnl|Prokka|SMCALKRU_1:96485..96661 on - strand
[10:01:11] Found 137 CDS
[10:01:11] Connecting features back to sequences
[10:01:11] Not using genus-specific database. Try --usegenus to enable it.
[10:01:11] Annotating CDS, please be patient.
[10:01:11] Will use 32 CPUs for similarity searching.
[10:01:11] There are still 137 unannotated CDS left (started with 137)
[10:01:11] Will use blast to search against /home/diego/miniconda3/envs/prokka_env/bin/../db/kingdom/Bacteria/sprot with 32 CPUs
[10:01:11] Running: cat prokka_SMCALKRU\/sprot\.faa | parallel --gnu --plain -j 32 --block 644 --recstart '>' --pipe blastp -query - -db /home/diego/miniconda3/envs/prokka_env/bin/../db/kingdom/Bacteria/sprot -evalue 1e-06 -num_threads 1 -num_descriptions 1 -num_alignments 1 -seg no > prokka_SMCALKRU\/sprot\.blast 2> /dev/null
[10:01:13] Modify product: Probable ATP-dependent transporter SufC => putative ATP-dependent transporter SufC
[10:01:13] Cleaned 1 /product names
[10:01:13] Deleting unwanted file: prokka_SMCALKRU/sprot.faa
[10:01:13] Deleting unwanted file: prokka_SMCALKRU/sprot.blast
[10:01:13] There are still 18 unannotated CDS left (started with 137)
[10:01:13] Will use hmmer3 to search against /home/diego/miniconda3/envs/prokka_env/bin/../db/hmm/HAMAP.hmm with 32 CPUs
[10:01:13] Running: cat prokka_SMCALKRU\/HAMAP\.hmm\.faa | parallel --gnu --plain -j 32 --block 39 --recstart '>' --pipe hmmscan --noali --notextw --acc -E 1e-06 --cpu 1 /home/diego/miniconda3/envs/prokka_env/bin/../db/hmm/HAMAP.hmm /dev/stdin > prokka_SMCALKRU\/HAMAP\.hmm\.hmmer3 2> /dev/null
[10:01:13] Deleting unwanted file: prokka_SMCALKRU/HAMAP.hmm.faa
[10:01:13] Deleting unwanted file: prokka_SMCALKRU/HAMAP.hmm.hmmer3
[10:01:13] Labelling remaining 11 proteins as 'hypothetical protein'
[10:01:13] Found 125 unique /gene codes.
[10:01:13] Fixed 0 colliding /gene names.
[10:01:13] Adding /locus_tag identifiers
[10:01:13] Assigned 168 locus_tags to CDS and RNA features.
[10:01:13] Writing outputs to prokka_SMCALKRU/
[10:01:13] Generating annotation statistics file
[10:01:13] Generating Genbank and Sequin files
[10:01:13] Running: tbl2asn -V b -a r10k -l paired-ends -M n -N 1 -y 'Annotated using prokka 1.13 from https://github.com/tseemann/prokka' -Z prokka_SMCALKRU\/prokka_SMCALKRU\.err -i prokka_SMCALKRU\/prokka_SMCALKRU\.fsa 2> /dev/null
[10:01:14] Deleting unwanted file: prokka_SMCALKRU/errorsummary.val
[10:01:14] Deleting unwanted file: prokka_SMCALKRU/prokka_SMCALKRU.dr
[10:01:14] Deleting unwanted file: prokka_SMCALKRU/prokka_SMCALKRU.fixedproducts
[10:01:14] Deleting unwanted file: prokka_SMCALKRU/prokka_SMCALKRU.ecn
[10:01:14] Deleting unwanted file: prokka_SMCALKRU/prokka_SMCALKRU.val
[10:01:14] Repairing broken .GBK output that tbl2asn produces...
[10:01:14] Running: sed 's/COORDINATES: profile/COORDINATES:profile/' < prokka_SMCALKRU\/prokka_SMCALKRU\.gbf > prokka_SMCALKRU\/prokka_SMCALKRU\.gbk
[10:01:14] Deleting unwanted file: prokka_SMCALKRU/prokka_SMCALKRU.gbf
[10:01:14] Output files:
[10:01:14] prokka_SMCALKRU/prokka_SMCALKRU.tbl
[10:01:14] prokka_SMCALKRU/prokka_SMCALKRU.ffn
[10:01:14] prokka_SMCALKRU/prokka_SMCALKRU.faa
[10:01:14] prokka_SMCALKRU/prokka_SMCALKRU.fna
[10:01:14] prokka_SMCALKRU/prokka_SMCALKRU.err
[10:01:14] prokka_SMCALKRU/prokka_SMCALKRU.tsv
[10:01:14] prokka_SMCALKRU/prokka_SMCALKRU.txt
[10:01:14] prokka_SMCALKRU/prokka_SMCALKRU.log
[10:01:14] prokka_SMCALKRU/prokka_SMCALKRU.gbk
[10:01:14] prokka_SMCALKRU/prokka_SMCALKRU.sqn
[10:01:14] prokka_SMCALKRU/prokka_SMCALKRU.fsa
[10:01:14] prokka_SMCALKRU/prokka_SMCALKRU.gff
[10:01:14] Annotation finished successfully.
[10:01:14] Walltime used: 0.07 minutes
[10:01:14] If you use this result please cite the Prokka paper:
[10:01:14] Seemann T (2014) Prokka: rapid prokaryotic genome annotation. Bioinformatics. 30(14):2068-9.
[10:01:14] Type 'prokka --citation' for more details.
[10:01:14] Thank you, come again.
