17:23:10.274 - INFO - UTILS - version=1.5.0
17:23:10.274 - INFO - UTILS - developer: Oliver Schwengers, github.com/oschwengers
17:23:10.274 - INFO - UTILS - command: /home/diego/miniconda3/envs/bakta/bin/bakta VFTETIMP.fasta --prefix bakta_VFTETIMP --output bakta_VFTETIMP -t 8 --locus-tag VFTETIMP
17:23:10.274 - INFO - UTILS - local time: 2022-11-10 17:23:10
17:23:10.276 - INFO - UTILS - machine: type=x86_64, cores=12
17:23:10.276 - INFO - UTILS - system: type=Linux, release=5.15.0-52-generic
17:23:10.276 - INFO - UTILS - python: version=3.10.6, implementation=CPython
17:23:10.277 - INFO - CONFIG - threads=8
17:23:10.277 - INFO - CONFIG - verbose=False
17:23:10.277 - INFO - CONFIG - database: type=environment, path=/home/diego/bakta_db/db/db
17:23:10.278 - INFO - CONFIG - tmp-path=/tmp/tmpamcvajc5
17:23:10.278 - INFO - CONFIG - genome-path=/home/diego/Documents/metagenomes/annotation_symbio_merge/annotation_Beta/genomes/VFTETIMP.fasta
17:23:10.278 - INFO - CONFIG - min_contig_length=1
17:23:10.278 - INFO - CONFIG - prefix=bakta_VFTETIMP
17:23:10.278 - INFO - CONFIG - output-path=/home/diego/Documents/metagenomes/annotation_symbio_merge/annotation_Beta/genomes/bakta_VFTETIMP
17:23:10.278 - INFO - CONFIG - genus=None
17:23:10.278 - INFO - CONFIG - species=None
17:23:10.278 - INFO - CONFIG - strain=None
17:23:10.278 - INFO - CONFIG - plasmid=None
17:23:10.278 - INFO - CONFIG - complete=False
17:23:10.278 - INFO - CONFIG - prodigal_tf=None
17:23:10.278 - INFO - CONFIG - translation_table=11
17:23:10.278 - INFO - CONFIG - gram=?
17:23:10.278 - INFO - CONFIG - compliant=False
17:23:10.278 - INFO - CONFIG - locus=None
17:23:10.278 - INFO - CONFIG - locus-tag=VFTETIMP
17:23:10.278 - INFO - CONFIG - keep_contig_headers=False
17:23:10.278 - INFO - CONFIG - replicon-table=None
17:23:10.278 - INFO - CONFIG - skip-tRNA=False
17:23:10.278 - INFO - CONFIG - skip-tmRNA=False
17:23:10.278 - INFO - CONFIG - skip-rRNA=False
17:23:10.278 - INFO - CONFIG - skip-ncRNA=False
17:23:10.278 - INFO - CONFIG - skip-ncRNA-region=False
17:23:10.278 - INFO - CONFIG - skip-CRISPR=False
17:23:10.278 - INFO - CONFIG - skip-CDS=False
17:23:10.278 - INFO - CONFIG - skip-pseudo=False
17:23:10.278 - INFO - CONFIG - skip-sORF=False
17:23:10.278 - INFO - CONFIG - skip-gap=False
17:23:10.278 - INFO - CONFIG - skip-ori=False
17:23:10.279 - INFO - DB - detected: major=4, minor=0, date=2022-08-25
17:23:10.370 - INFO - UTILS - dependency: tool=tRNAscan-SE, version=v2.0.9
17:23:10.373 - INFO - UTILS - dependency: tool=aragorn, version=v1.2.41
17:23:10.378 - INFO - UTILS - dependency: tool=cmscan, version=v1.1.4
17:23:10.381 - INFO - UTILS - dependency: tool=pilercr, version=v1.6.0
17:23:10.383 - INFO - UTILS - dependency: tool=prodigal, version=v2.6.3
17:23:10.386 - INFO - UTILS - dependency: tool=amrfinder, version=v3.10.40
17:23:10.408 - INFO - UTILS - dependency: tool=hmmsearch, version=v3.3.2
17:23:10.410 - INFO - UTILS - dependency: tool=diamond, version=v2.0.15
17:23:10.443 - INFO - UTILS - dependency: tool=blastn, version=v2.13.0
17:23:10.451 - INFO - FASTA - imported: id=VFTETIMP, length=102823, description=, genomic=True, dna=True
17:23:10.451 - INFO - MAIN - imported sequences=1
17:23:10.451 - INFO - UTILS - qc: revised sequence: id=contig_1, orig-id=VFTETIMP, type=contig, complete=False, topology=linear, name=, description='[gcode=11]', orig-description=''
17:23:10.451 - INFO - FASTA - write genome sequences: path=/tmp/tmpamcvajc5/contigs.fna, description=False, wrap=False
17:23:18.558 - INFO - T_RNA - contig=contig_1, start=1179, stop=1250, strand=+, gene=Trp_trna, product=tRNA-Trp, score=62.3, nt=[AGAGGAATAA..TTTTCCTCTA]
17:23:18.558 - INFO - T_RNA - contig=contig_1, start=14428, stop=14500, strand=+, gene=Phe_trna, product=tRNA-Phe, score=60.4, nt=[GGCTTAATAA..TTTTAAGCCA]
17:23:18.558 - INFO - T_RNA - contig=contig_1, start=20356, stop=20427, strand=+, gene=Gln_trna, product=tRNA-Gln, score=65.1, nt=[AGGGAAATAA..ACTTTCCTTT]
17:23:18.558 - INFO - T_RNA - contig=contig_1, start=28577, stop=28660, strand=+, gene=Ser_trna, product=tRNA-Ser, score=64.4, nt=[AGAGATATGG..TCTATCTCTT]
17:23:18.558 - INFO - T_RNA - contig=contig_1, start=40261, stop=40510, strand=+, gene=None, product=tRNA-Xxx, score=44.6, nt=[AGGCTGTTAG..GCACGGCCTA]
17:23:18.558 - INFO - T_RNA - contig=contig_1, start=49269, stop=49340, strand=+, gene=Val_trna, product=tRNA-Val, score=47.1, nt=[AGGTGCTTAG..TCAGTACCTA]
17:23:18.558 - INFO - T_RNA - contig=contig_1, start=59777, stop=59848, strand=+, gene=Pro_trna, product=tRNA-Pro, score=51.0, nt=[CGGGAAGTAA..GTCTTTCCGT]
17:23:18.558 - INFO - T_RNA - contig=contig_1, start=102583, stop=102654, strand=+, gene=Met_trna, product=tRNA-Met, score=43.5, nt=[AGCGAATTAG..TGATTCGTTA]
17:23:18.558 - INFO - T_RNA - contig=contig_1, start=102657, stop=102743, strand=+, gene=Tyr_trna, product=tRNA-Tyr, score=62.6, nt=[GAAGGAATTC..ACTTCCTTCA]
17:23:18.559 - INFO - T_RNA - contig=contig_1, start=102745, stop=102815, strand=+, gene=Gly_trna, product=tRNA-Gly, score=45.5, nt=[GCGTTCATAA..TTTGTTCGCT]
17:23:18.559 - INFO - T_RNA - contig=contig_1, start=88893, stop=88964, strand=-, gene=Ile_trna, product=tRNA-Ile, score=61.1, nt=[AGGTCTATTG..ATTAGACCTA]
17:23:18.559 - INFO - T_RNA - contig=contig_1, start=85933, stop=86004, strand=-, gene=Ala_trna, product=tRNA-Ala, score=54.4, nt=[GGGGAAATAT..ATTTTCTCCA]
17:23:18.559 - INFO - T_RNA - contig=contig_1, start=68902, stop=68975, strand=-, gene=Asp_trna, product=tRNA-Asp, score=48.1, nt=[GGAGTGATAG..GTTCATTTCG]
17:23:18.559 - INFO - T_RNA - contig=contig_1, start=59668, stop=59736, strand=-, gene=fMet_trna, product=tRNA-fMet, score=54.9, nt=[AGCAAGGTAG..CCTATCCTTG]
17:23:18.559 - INFO - T_RNA - contig=contig_1, start=59471, stop=59542, strand=-, gene=Arg_trna, product=(pseudo) tRNA-Arg, score=42.4, nt=[CTCCTTATAG..CGTAGGGAGA]
17:23:18.559 - INFO - T_RNA - contig=contig_1, start=58338, stop=58410, strand=-, gene=Val_trna, product=tRNA-Val, score=49.8, nt=[AGGCTTGTAT..ATCAAGCCTA]
17:23:18.559 - INFO - T_RNA - contig=contig_1, start=57322, stop=57394, strand=-, gene=Lys_trna, product=tRNA-Lys, score=71.2, nt=[GGGTTGTTAG..ACACAGCCTA]
17:23:18.559 - INFO - T_RNA - contig=contig_1, start=46364, stop=46436, strand=-, gene=Cys_trna, product=tRNA-Cys, score=45.4, nt=[GGTAAGATAG..GTTTTTACCT]
17:23:18.559 - INFO - T_RNA - contig=contig_1, start=46185, stop=46256, strand=-, gene=Asn_trna, product=tRNA-Asn, score=55.2, nt=[TTTCCAATAA..AGTTGGAAAG]
17:23:18.559 - INFO - T_RNA - predicted=19
17:23:18.584 - INFO - TM_RNA - predicted=0
17:23:20.859 - INFO - R_RNA - contig=contig_1, start=88970, stop=90466, strand=-, gene=16S_rrna, product=16S ribosomal RNA, length=1497, coverage=0.977, truncated=None, score=1329.8, evalue=6.0e-43, nt=[TTATAAAAGA..TTTATAGCAT]
17:23:20.859 - INFO - R_RNA - contig=contig_1, start=86011, stop=86120, strand=-, gene=5S_rrna, product=5S ribosomal RNA, length=110, coverage=0.924, truncated=None, score=42.5, evalue=1.1e-06, nt=[TTTGACTTCT..GTTGTCATAA]
17:23:20.859 - INFO - R_RNA - contig=contig_1, start=86139, stop=88879, strand=-, gene=23S_rrna, product=23S ribosomal RNA, length=2741, coverage=0.937, truncated=None, score=2292.0, evalue=4.1e-05, nt=[TGGCAAATTT..GTTTGCCATT]
17:23:20.859 - INFO - R_RNA - predicted=3
17:23:24.670 - INFO - NC_RNA - predicted=0
17:23:25.212 - INFO - NC_RNA_REGION - predicted=0
17:23:25.266 - INFO - CRISPR - predicted=0
17:23:25.266 - INFO - CDS - create prodigal training file: file=/tmp/tmpamcvajc5/prodigal.tf
17:23:25.416 - INFO - FASTA - write genome sequences: path=/tmp/tmpamcvajc5/contigs.fasta, description=False, wrap=False
17:23:25.416 - INFO - CDS - run prodigal: type=contigs, # sequences=1
17:23:25.459 - INFO - CDS - contig=contig_1, start=1, stop=1188, strand=+, frame=1, truncated=no, start-type=ATG, RBS-motif=None
17:23:25.459 - INFO - CDS - contig=contig_1, start=1258, stop=1644, strand=+, frame=1, truncated=no, start-type=ATG, RBS-motif=TAAA
17:23:25.459 - INFO - CDS - contig=contig_1, start=1634, stop=2275, strand=+, frame=2, truncated=no, start-type=ATG, RBS-motif=TAAA
17:23:25.459 - INFO - CDS - contig=contig_1, start=2268, stop=2714, strand=+, frame=3, truncated=no, start-type=ATG, RBS-motif=AAA
17:23:25.460 - INFO - CDS - contig=contig_1, start=2692, stop=3051, strand=+, frame=1, truncated=no, start-type=ATG, RBS-motif=AAAAA
17:23:25.460 - INFO - CDS - contig=contig_1, start=3048, stop=6938, strand=+, frame=3, truncated=no, start-type=ATG, RBS-motif=AAA
17:23:25.460 - INFO - CDS - contig=contig_1, start=6935, stop=10840, strand=+, frame=2, truncated=no, start-type=ATG, RBS-motif=TAAA
17:23:25.460 - INFO - CDS - contig=contig_1, start=10837, stop=11232, strand=+, frame=1, truncated=no, start-type=ATG, RBS-motif=None
17:23:25.460 - INFO - CDS - contig=contig_1, start=11201, stop=11674, strand=+, frame=2, truncated=no, start-type=ATG, RBS-motif=AAA
17:23:25.460 - INFO - CDS - contig=contig_1, start=11674, stop=13728, strand=+, frame=1, truncated=no, start-type=ATG, RBS-motif=None
17:23:25.460 - INFO - CDS - contig=contig_1, start=13716, stop=14012, strand=+, frame=3, truncated=no, start-type=ATG, RBS-motif=TAAA
17:23:25.460 - INFO - CDS - contig=contig_1, start=14009, stop=14434, strand=+, frame=2, truncated=no, start-type=ATG, RBS-motif=TATAA
17:23:25.460 - INFO - CDS - contig=contig_1, start=14509, stop=14847, strand=+, frame=1, truncated=no, start-type=ATG, RBS-motif=TAA
17:23:25.460 - INFO - CDS - contig=contig_1, start=14840, stop=15535, strand=-, frame=1, truncated=no, start-type=TTG, RBS-motif=TAAA
17:23:25.460 - INFO - CDS - contig=contig_1, start=15532, stop=16638, strand=-, frame=2, truncated=no, start-type=ATG, RBS-motif=AAAAAA
17:23:25.460 - INFO - CDS - contig=contig_1, start=16635, stop=17018, strand=-, frame=3, truncated=no, start-type=ATG, RBS-motif=AAA
17:23:25.460 - INFO - CDS - contig=contig_1, start=17024, stop=17359, strand=-, frame=1, truncated=no, start-type=ATG, RBS-motif=AATAA
17:23:25.460 - INFO - CDS - contig=contig_1, start=17346, stop=18149, strand=-, frame=3, truncated=no, start-type=ATG, RBS-motif=AAAA
17:23:25.460 - INFO - CDS - contig=contig_1, start=18150, stop=18785, strand=-, frame=3, truncated=no, start-type=ATG, RBS-motif=TAAA
17:23:25.460 - INFO - CDS - contig=contig_1, start=18775, stop=20322, strand=-, frame=2, truncated=no, start-type=ATG, RBS-motif=AAAAA
17:23:25.460 - INFO - CDS - contig=contig_1, start=20370, stop=21311, strand=+, frame=3, truncated=no, start-type=GTG, RBS-motif=TAA
17:23:25.460 - INFO - CDS - contig=contig_1, start=21312, stop=21812, strand=+, frame=3, truncated=no, start-type=ATG, RBS-motif=AAA
17:23:25.460 - INFO - CDS - contig=contig_1, start=21809, stop=22369, strand=-, frame=1, truncated=no, start-type=ATG, RBS-motif=AAAAAA
17:23:25.460 - INFO - CDS - contig=contig_1, start=22455, stop=23582, strand=+, frame=3, truncated=no, start-type=ATG, RBS-motif=TAA
17:23:25.460 - INFO - CDS - contig=contig_1, start=23586, stop=24884, strand=-, frame=3, truncated=no, start-type=ATG, RBS-motif=TAAA
17:23:25.460 - INFO - CDS - contig=contig_1, start=24891, stop=25589, strand=-, frame=3, truncated=no, start-type=ATG, RBS-motif=TAAA
17:23:25.460 - INFO - CDS - contig=contig_1, start=25567, stop=26475, strand=-, frame=2, truncated=no, start-type=ATG, RBS-motif=AAA
17:23:25.460 - INFO - CDS - contig=contig_1, start=26476, stop=28578, strand=+, frame=1, truncated=no, start-type=TTG, RBS-motif=TAA
17:23:25.460 - INFO - CDS - contig=contig_1, start=28652, stop=28849, strand=-, frame=1, truncated=no, start-type=ATG, RBS-motif=AAAAA
17:23:25.460 - INFO - CDS - contig=contig_1, start=28872, stop=29012, strand=-, frame=3, truncated=no, start-type=ATG, RBS-motif=AATAA
17:23:25.460 - INFO - CDS - contig=contig_1, start=28994, stop=29188, strand=-, frame=1, truncated=no, start-type=ATG, RBS-motif=AAAAAA
17:23:25.460 - INFO - CDS - contig=contig_1, start=29208, stop=31430, strand=+, frame=3, truncated=no, start-type=ATG, RBS-motif=TATAA
17:23:25.460 - INFO - CDS - contig=contig_1, start=31636, stop=32454, strand=+, frame=1, truncated=no, start-type=ATG, RBS-motif=TAA
17:23:25.461 - INFO - CDS - contig=contig_1, start=32451, stop=33584, strand=+, frame=3, truncated=no, start-type=ATG, RBS-motif=TAAA
17:23:25.461 - INFO - CDS - contig=contig_1, start=33573, stop=34376, strand=-, frame=3, truncated=no, start-type=ATG, RBS-motif=TAAA
17:23:25.461 - INFO - CDS - contig=contig_1, start=34378, stop=34968, strand=-, frame=2, truncated=no, start-type=ATG, RBS-motif=TAA
17:23:25.461 - INFO - CDS - contig=contig_1, start=35129, stop=35404, strand=-, frame=1, truncated=no, start-type=ATG, RBS-motif=AAA
17:23:25.461 - INFO - CDS - contig=contig_1, start=35739, stop=36239, strand=-, frame=3, truncated=no, start-type=ATG, RBS-motif=AAAAAA
17:23:25.461 - INFO - CDS - contig=contig_1, start=36461, stop=37912, strand=-, frame=1, truncated=no, start-type=ATG, RBS-motif=AAAA
17:23:25.461 - INFO - CDS - contig=contig_1, start=37914, stop=38819, strand=-, frame=3, truncated=no, start-type=ATG, RBS-motif=AAAAAA
17:23:25.461 - INFO - CDS - contig=contig_1, start=38846, stop=40270, strand=+, frame=2, truncated=no, start-type=ATG, RBS-motif=None
17:23:25.461 - INFO - CDS - contig=contig_1, start=40468, stop=43464, strand=+, frame=1, truncated=no, start-type=ATG, RBS-motif=AAA
17:23:25.461 - INFO - CDS - contig=contig_1, start=43457, stop=43627, strand=+, frame=2, truncated=no, start-type=ATG, RBS-motif=AAAAAA
17:23:25.461 - INFO - CDS - contig=contig_1, start=43702, stop=44433, strand=+, frame=1, truncated=no, start-type=TTG, RBS-motif=None
17:23:25.461 - INFO - CDS - contig=contig_1, start=44430, stop=45470, strand=+, frame=3, truncated=no, start-type=ATG, RBS-motif=TAA
17:23:25.461 - INFO - CDS - contig=contig_1, start=45472, stop=45624, strand=+, frame=1, truncated=no, start-type=ATG, RBS-motif=AAA
17:23:25.461 - INFO - CDS - contig=contig_1, start=45728, stop=45985, strand=+, frame=2, truncated=no, start-type=ATG, RBS-motif=TAAA
17:23:25.461 - INFO - CDS - contig=contig_1, start=45966, stop=46184, strand=+, frame=3, truncated=no, start-type=ATG, RBS-motif=AATAA
17:23:25.461 - INFO - CDS - contig=contig_1, start=46494, stop=47030, strand=-, frame=3, truncated=no, start-type=ATG, RBS-motif=AAA
17:23:25.461 - INFO - CDS - contig=contig_1, start=47110, stop=47565, strand=+, frame=1, truncated=no, start-type=TTG, RBS-motif=AAA
17:23:25.461 - INFO - CDS - contig=contig_1, start=47555, stop=48121, strand=+, frame=2, truncated=no, start-type=ATG, RBS-motif=TAAA
17:23:25.461 - INFO - CDS - contig=contig_1, start=48118, stop=49278, strand=+, frame=1, truncated=no, start-type=ATG, RBS-motif=TAAA
17:23:25.461 - INFO - CDS - contig=contig_1, start=49344, stop=50144, strand=+, frame=3, truncated=no, start-type=ATG, RBS-motif=None
17:23:25.461 - INFO - CDS - contig=contig_1, start=50116, stop=51156, strand=+, frame=1, truncated=no, start-type=ATG, RBS-motif=None
17:23:25.461 - INFO - CDS - contig=contig_1, start=51311, stop=51910, strand=+, frame=2, truncated=no, start-type=ATG, RBS-motif=None
17:23:25.461 - INFO - CDS - contig=contig_1, start=51907, stop=53130, strand=+, frame=1, truncated=no, start-type=GTG, RBS-motif=TAA
17:23:25.461 - INFO - CDS - contig=contig_1, start=53117, stop=54082, strand=+, frame=2, truncated=no, start-type=ATG, RBS-motif=TAA
17:23:25.461 - INFO - CDS - contig=contig_1, start=54079, stop=54672, strand=+, frame=1, truncated=no, start-type=ATG, RBS-motif=TAA
17:23:25.461 - INFO - CDS - contig=contig_1, start=54672, stop=55268, strand=+, frame=3, truncated=no, start-type=ATG, RBS-motif=AAA
17:23:25.461 - INFO - CDS - contig=contig_1, start=55265, stop=55975, strand=+, frame=2, truncated=no, start-type=ATG, RBS-motif=TAA
17:23:25.461 - INFO - CDS - contig=contig_1, start=55965, stop=56711, strand=+, frame=3, truncated=no, start-type=ATG, RBS-motif=TAAA
17:23:25.461 - INFO - CDS - contig=contig_1, start=56708, stop=57001, strand=+, frame=2, truncated=no, start-type=ATG, RBS-motif=AATAA
17:23:25.461 - INFO - CDS - contig=contig_1, start=56982, stop=57245, strand=+, frame=3, truncated=no, start-type=GTG, RBS-motif=None
17:23:25.461 - INFO - CDS - contig=contig_1, start=57385, stop=57738, strand=-, frame=2, truncated=no, start-type=ATG, RBS-motif=AAAAAA
17:23:25.461 - INFO - CDS - contig=contig_1, start=57726, stop=57887, strand=-, frame=3, truncated=no, start-type=ATG, RBS-motif=TAAA
17:23:25.461 - INFO - CDS - contig=contig_1, start=57868, stop=58326, strand=-, frame=2, truncated=no, start-type=ATG, RBS-motif=TAAA
17:23:25.462 - INFO - CDS - contig=contig_1, start=58409, stop=59464, strand=-, frame=1, truncated=no, start-type=ATG, RBS-motif=None
17:23:25.462 - INFO - CDS - contig=contig_1, start=60135, stop=60668, strand=-, frame=3, truncated=no, start-type=ATG, RBS-motif=AAAA
17:23:25.462 - INFO - CDS - contig=contig_1, start=60665, stop=61603, strand=-, frame=1, truncated=no, start-type=ATG, RBS-motif=None
17:23:25.462 - INFO - CDS - contig=contig_1, start=61641, stop=62696, strand=+, frame=3, truncated=no, start-type=TTG, RBS-motif=AAAAA
17:23:25.462 - INFO - CDS - contig=contig_1, start=62675, stop=63463, strand=+, frame=2, truncated=no, start-type=ATG, RBS-motif=TAAA
17:23:25.462 - INFO - CDS - contig=contig_1, start=63456, stop=64538, strand=+, frame=3, truncated=no, start-type=ATG, RBS-motif=None
17:23:25.462 - INFO - CDS - contig=contig_1, start=64535, stop=65821, strand=-, frame=1, truncated=no, start-type=ATG, RBS-motif=AAAAA
17:23:25.462 - INFO - CDS - contig=contig_1, start=65818, stop=66993, strand=-, frame=2, truncated=no, start-type=ATG, RBS-motif=AAAA
17:23:25.462 - INFO - CDS - contig=contig_1, start=66983, stop=68212, strand=-, frame=1, truncated=no, start-type=ATG, RBS-motif=AAA
17:23:25.462 - INFO - CDS - contig=contig_1, start=68205, stop=68384, strand=-, frame=3, truncated=no, start-type=ATG, RBS-motif=AATAA
17:23:25.462 - INFO - CDS - contig=contig_1, start=68381, stop=68686, strand=-, frame=1, truncated=no, start-type=ATG, RBS-motif=AATAA
17:23:25.462 - INFO - CDS - contig=contig_1, start=68693, stop=68920, strand=+, frame=2, truncated=no, start-type=ATG, RBS-motif=None
17:23:25.462 - INFO - CDS - contig=contig_1, start=69089, stop=70399, strand=+, frame=2, truncated=no, start-type=ATG, RBS-motif=AAA
17:23:25.462 - INFO - CDS - contig=contig_1, start=70399, stop=72258, strand=+, frame=1, truncated=no, start-type=ATG, RBS-motif=AAA
17:23:25.462 - INFO - CDS - contig=contig_1, start=72292, stop=73566, strand=+, frame=1, truncated=no, start-type=GTG, RBS-motif=None
17:23:25.462 - INFO - CDS - contig=contig_1, start=73563, stop=74747, strand=+, frame=3, truncated=no, start-type=ATG, RBS-motif=TAA
17:23:25.462 - INFO - CDS - contig=contig_1, start=74744, stop=75826, strand=-, frame=1, truncated=no, start-type=TTG, RBS-motif=TAA
17:23:25.462 - INFO - CDS - contig=contig_1, start=75827, stop=75964, strand=+, frame=2, truncated=no, start-type=ATG, RBS-motif=None
17:23:25.462 - INFO - CDS - contig=contig_1, start=75957, stop=76556, strand=+, frame=3, truncated=no, start-type=ATG, RBS-motif=AAA
17:23:25.462 - INFO - CDS - contig=contig_1, start=76548, stop=77570, strand=-, frame=3, truncated=no, start-type=ATG, RBS-motif=AAAA
17:23:25.462 - INFO - CDS - contig=contig_1, start=77563, stop=79422, strand=-, frame=2, truncated=no, start-type=GTG, RBS-motif=AAA
17:23:25.462 - INFO - CDS - contig=contig_1, start=79371, stop=79811, strand=-, frame=3, truncated=no, start-type=ATG, RBS-motif=AAA
17:23:25.462 - INFO - CDS - contig=contig_1, start=79846, stop=80796, strand=+, frame=1, truncated=no, start-type=ATG, RBS-motif=AATAA
17:23:25.462 - INFO - CDS - contig=contig_1, start=80767, stop=81768, strand=-, frame=2, truncated=no, start-type=ATG, RBS-motif=AAAAAA
17:23:25.462 - INFO - CDS - contig=contig_1, start=81770, stop=82357, strand=-, frame=1, truncated=no, start-type=ATG, RBS-motif=AAAAAA
17:23:25.462 - INFO - CDS - contig=contig_1, start=82384, stop=83058, strand=-, frame=2, truncated=no, start-type=ATG, RBS-motif=AATAA
17:23:25.462 - INFO - CDS - contig=contig_1, start=83055, stop=83804, strand=-, frame=3, truncated=no, start-type=ATG, RBS-motif=TAA
17:23:25.462 - INFO - CDS - contig=contig_1, start=83833, stop=84240, strand=+, frame=1, truncated=no, start-type=TTG, RBS-motif=TAAA
17:23:25.462 - INFO - CDS - contig=contig_1, start=84226, stop=84591, strand=-, frame=2, truncated=no, start-type=ATG, RBS-motif=AAAAAA
17:23:25.462 - INFO - CDS - contig=contig_1, start=84581, stop=84829, strand=-, frame=1, truncated=no, start-type=ATG, RBS-motif=AAAA
17:23:25.462 - INFO - CDS - contig=contig_1, start=84808, stop=85134, strand=-, frame=2, truncated=no, start-type=ATG, RBS-motif=AAAAA
17:23:25.463 - INFO - CDS - contig=contig_1, start=85131, stop=85931, strand=-, frame=3, truncated=no, start-type=ATG, RBS-motif=None
17:23:25.463 - INFO - CDS - contig=contig_1, start=86315, stop=86707, strand=+, frame=2, truncated=no, start-type=ATG, RBS-motif=None
17:23:25.463 - INFO - CDS - contig=contig_1, start=86863, stop=87132, strand=+, frame=1, truncated=no, start-type=TTG, RBS-motif=AAAA
17:23:25.463 - INFO - CDS - contig=contig_1, start=87599, stop=87736, strand=-, frame=1, truncated=no, start-type=ATG, RBS-motif=AAA
17:23:25.463 - INFO - CDS - contig=contig_1, start=87947, stop=88240, strand=+, frame=2, truncated=no, start-type=ATG, RBS-motif=None
17:23:25.463 - INFO - CDS - contig=contig_1, start=90590, stop=91000, strand=+, frame=2, truncated=no, start-type=ATG, RBS-motif=None
17:23:25.463 - INFO - CDS - contig=contig_1, start=90993, stop=91592, strand=+, frame=3, truncated=no, start-type=ATG, RBS-motif=AAAA
17:23:25.463 - INFO - CDS - contig=contig_1, start=91585, stop=91767, strand=+, frame=1, truncated=no, start-type=ATG, RBS-motif=TAAA
17:23:25.463 - INFO - CDS - contig=contig_1, start=91764, stop=92558, strand=+, frame=3, truncated=no, start-type=ATG, RBS-motif=None
17:23:25.463 - INFO - CDS - contig=contig_1, start=92542, stop=92805, strand=+, frame=1, truncated=no, start-type=ATG, RBS-motif=TATAA
17:23:25.463 - INFO - CDS - contig=contig_1, start=92802, stop=93119, strand=+, frame=3, truncated=no, start-type=ATG, RBS-motif=AAA
17:23:25.463 - INFO - CDS - contig=contig_1, start=93119, stop=93760, strand=+, frame=2, truncated=no, start-type=ATG, RBS-motif=TAAA
17:23:25.463 - INFO - CDS - contig=contig_1, start=93723, stop=94142, strand=+, frame=3, truncated=no, start-type=ATG, RBS-motif=TAAA
17:23:25.463 - INFO - CDS - contig=contig_1, start=94143, stop=94373, strand=+, frame=3, truncated=no, start-type=GTG, RBS-motif=AAA
17:23:25.463 - INFO - CDS - contig=contig_1, start=94370, stop=94735, strand=+, frame=2, truncated=no, start-type=ATG, RBS-motif=TAAA
17:23:25.463 - INFO - CDS - contig=contig_1, start=94725, stop=95276, strand=+, frame=3, truncated=no, start-type=ATG, RBS-motif=None
17:23:25.463 - INFO - CDS - contig=contig_1, start=95276, stop=95578, strand=+, frame=2, truncated=no, start-type=GTG, RBS-motif=TATAA
17:23:25.463 - INFO - CDS - contig=contig_1, start=95578, stop=95949, strand=+, frame=1, truncated=no, start-type=ATG, RBS-motif=AAA
17:23:25.463 - INFO - CDS - contig=contig_1, start=95942, stop=96475, strand=+, frame=2, truncated=no, start-type=ATG, RBS-motif=TAA
17:23:25.463 - INFO - CDS - contig=contig_1, start=96438, stop=96770, strand=+, frame=3, truncated=no, start-type=ATG, RBS-motif=TAAA
17:23:25.463 - INFO - CDS - contig=contig_1, start=96774, stop=97205, strand=+, frame=3, truncated=no, start-type=GTG, RBS-motif=TATAA
17:23:25.463 - INFO - CDS - contig=contig_1, start=97198, stop=97545, strand=+, frame=1, truncated=no, start-type=TTG, RBS-motif=TAA
17:23:25.463 - INFO - CDS - contig=contig_1, start=97535, stop=97750, strand=+, frame=2, truncated=no, start-type=ATG, RBS-motif=None
17:23:25.463 - INFO - CDS - contig=contig_1, start=97747, stop=97860, strand=+, frame=1, truncated=no, start-type=ATG, RBS-motif=None
17:23:25.463 - INFO - CDS - contig=contig_1, start=97824, stop=98207, strand=+, frame=3, truncated=no, start-type=ATG, RBS-motif=AAAAAA
17:23:25.463 - INFO - CDS - contig=contig_1, start=98204, stop=98545, strand=+, frame=2, truncated=no, start-type=ATG, RBS-motif=AATAA
17:23:25.463 - INFO - CDS - contig=contig_1, start=98546, stop=99103, strand=+, frame=2, truncated=no, start-type=ATG, RBS-motif=AAAAA
17:23:25.463 - INFO - CDS - contig=contig_1, start=99090, stop=99716, strand=+, frame=3, truncated=no, start-type=ATG, RBS-motif=TAA
17:23:25.463 - INFO - CDS - contig=contig_1, start=99706, stop=100011, strand=+, frame=1, truncated=no, start-type=ATG, RBS-motif=TAA
17:23:25.463 - INFO - CDS - contig=contig_1, start=100001, stop=101152, strand=-, frame=1, truncated=no, start-type=ATG, RBS-motif=AAA
17:23:25.463 - INFO - CDS - contig=contig_1, start=101154, stop=101585, strand=+, frame=3, truncated=no, start-type=ATG, RBS-motif=TATAA
17:23:25.463 - INFO - CDS - contig=contig_1, start=101578, stop=102606, strand=+, frame=1, truncated=no, start-type=ATG, RBS-motif=TAA
17:23:25.465 - INFO - CDS - contig=contig_1, start=1, stop=1188, strand=+, nt=[ATGAAAGAAA..AGAGGAATAA]
17:23:25.465 - INFO - CDS - contig=contig_1, start=1258, stop=1644, strand=+, nt=[ATGATTAAAA..TGATAGATAA]
17:23:25.465 - INFO - CDS - contig=contig_1, start=1634, stop=2275, strand=+, nt=[ATGATAGATA..GTATGAATAA]
17:23:25.465 - INFO - CDS - contig=contig_1, start=2268, stop=2714, strand=+, nt=[ATGAATAAAA..AAATATTTGA]
17:23:25.465 - INFO - CDS - contig=contig_1, start=2692, stop=3051, strand=+, nt=[ATGAATATAG..AAAAAAATGA]
17:23:25.465 - INFO - CDS - contig=contig_1, start=3048, stop=6938, strand=+, nt=[ATGAAAAAAA..AGTATTATGA]
17:23:25.465 - INFO - CDS - contig=contig_1, start=6935, stop=10840, strand=+, nt=[ATGAAAAAGT..TTTTAAATGA]
17:23:25.465 - INFO - CDS - contig=contig_1, start=10837, stop=11232, strand=+, nt=[ATGACTACAA..TAAAATCTAG]
17:23:25.465 - INFO - CDS - contig=contig_1, start=11201, stop=11674, strand=+, nt=[ATGTCAAGAA..TGCTTTTTAA]
17:23:25.465 - INFO - CDS - contig=contig_1, start=11674, stop=13728, strand=+, nt=[ATGTTTAACA..TTTAATTTAG]
17:23:25.465 - INFO - CDS - contig=contig_1, start=13716, stop=14012, strand=+, nt=[ATGTTTAATT..AAAATTATGA]
17:23:25.465 - INFO - CDS - contig=contig_1, start=14009, stop=14434, strand=+, nt=[ATGAAAAATT..TAAGGCTTAA]
17:23:25.465 - INFO - CDS - contig=contig_1, start=14509, stop=14847, strand=+, nt=[ATGTATAGGA..TATTAATTAA]
17:23:25.465 - INFO - CDS - contig=contig_1, start=14840, stop=15535, strand=-, nt=[TTGATAAACT..AATTAATTAA]
17:23:25.465 - INFO - CDS - contig=contig_1, start=15532, stop=16638, strand=-, nt=[ATGATAGAAA..TCTAATTTGA]
17:23:25.465 - INFO - CDS - contig=contig_1, start=16635, stop=17018, strand=-, nt=[ATGATAGGAA..AAAAAGATGA]
17:23:25.465 - INFO - CDS - contig=contig_1, start=17024, stop=17359, strand=-, nt=[ATGAAAGTTT..AAAAATATAA]
17:23:25.465 - INFO - CDS - contig=contig_1, start=17346, stop=18149, strand=-, nt=[ATGAAATACA..AAGTTTTTGA]
17:23:25.465 - INFO - CDS - contig=contig_1, start=18150, stop=18785, strand=-, nt=[ATGATAACTA..AATCATTTAA]
17:23:25.465 - INFO - CDS - contig=contig_1, start=18775, stop=20322, strand=-, nt=[ATGTCAATAA..TGATAACTAA]
17:23:25.465 - INFO - CDS - contig=contig_1, start=20370, stop=21311, strand=+, nt=[GTGGTTAAGG..TTTGATTTAG]
17:23:25.465 - INFO - CDS - contig=contig_1, start=21312, stop=21812, strand=+, nt=[ATGAAATTAA..AAAAATCTAA]
17:23:25.465 - INFO - CDS - contig=contig_1, start=21809, stop=22369, strand=-, nt=[ATGAAAAAAA..ATATTGTTAG]
17:23:25.465 - INFO - CDS - contig=contig_1, start=22455, stop=23582, strand=+, nt=[ATGATATATT..GTATAAATAA]
17:23:25.465 - INFO - CDS - contig=contig_1, start=23586, stop=24884, strand=-, nt=[ATGAAAAACA..AATAAATTAA]
17:23:25.465 - INFO - CDS - contig=contig_1, start=24891, stop=25589, strand=-, nt=[ATGACAAAAA..TTATAAATAA]
17:23:25.465 - INFO - CDS - contig=contig_1, start=25567, stop=26475, strand=-, nt=[ATGAAAATTA..CAAAAAATAA]
17:23:25.465 - INFO - CDS - contig=contig_1, start=26476, stop=28578, strand=+, nt=[TTGAAAAATA..TATATTGTAG]
17:23:25.465 - INFO - CDS - contig=contig_1, start=28652, stop=28849, strand=-, nt=[ATGAAATTAT..AAAGAGATAG]
17:23:25.465 - INFO - CDS - contig=contig_1, start=28872, stop=29012, strand=-, nt=[ATGTCCAAAA..AAAAAAATAA]
17:23:25.465 - INFO - CDS - contig=contig_1, start=28994, stop=29188, strand=-, nt=[ATGGCAAGAA..AAAAAAATAA]
17:23:25.465 - INFO - CDS - contig=contig_1, start=29208, stop=31430, strand=+, nt=[ATGATTTTAA..TCTTAAATAG]
17:23:25.466 - INFO - CDS - contig=contig_1, start=31636, stop=32454, strand=+, nt=[ATGCCTTTTG..AAGATTATGA]
17:23:25.466 - INFO - CDS - contig=contig_1, start=32451, stop=33584, strand=+, nt=[ATGAAAAAGA..AATTTATTAA]
17:23:25.466 - INFO - CDS - contig=contig_1, start=33573, stop=34376, strand=-, nt=[ATGAAAAAAA..AATAAATTAG]
17:23:25.466 - INFO - CDS - contig=contig_1, start=34378, stop=34968, strand=-, nt=[ATGACAATAA..AATAAAATAA]
17:23:25.466 - INFO - CDS - contig=contig_1, start=35129, stop=35404, strand=-, nt=[ATGCTAATAG..ATTGGAATAA]
17:23:25.466 - INFO - CDS - contig=contig_1, start=35739, stop=36239, strand=-, nt=[ATGCTGAAAA..AAAAAAATAG]
17:23:25.466 - INFO - CDS - contig=contig_1, start=36461, stop=37912, strand=-, nt=[ATGAAAAATT..TTCAGTATAA]
17:23:25.466 - INFO - CDS - contig=contig_1, start=37914, stop=38819, strand=-, nt=[ATGGCAACTT..GTTAAAATAA]
17:23:25.466 - INFO - CDS - contig=contig_1, start=38846, stop=40270, strand=+, nt=[ATGATTGATA..AGGCTGTTAG]
17:23:25.466 - INFO - CDS - contig=contig_1, start=40468, stop=43464, strand=+, nt=[ATGCATAATC..AAATGAATAA]
17:23:25.466 - INFO - CDS - contig=contig_1, start=43457, stop=43627, strand=+, nt=[ATGAATAAAG..AAATGTTTAA]
17:23:25.466 - INFO - CDS - contig=contig_1, start=43702, stop=44433, strand=+, nt=[TTGAAAAAAA..TGTTTTATGA]
17:23:25.466 - INFO - CDS - contig=contig_1, start=44430, stop=45470, strand=+, nt=[ATGAAAAAAA..AAATTATTAA]
17:23:25.466 - INFO - CDS - contig=contig_1, start=45472, stop=45624, strand=+, nt=[ATGGTTTTAT..TTGTTTTTAG]
17:23:25.466 - INFO - CDS - contig=contig_1, start=45728, stop=45985, strand=+, nt=[ATGTTAAAAA..AATATATTAA]
17:23:25.466 - INFO - CDS - contig=contig_1, start=45966, stop=46184, strand=+, nt=[ATGATATTAA..AATTTTATAA]
17:23:25.466 - INFO - CDS - contig=contig_1, start=46494, stop=47030, strand=-, nt=[ATGAAATTAA..GGTATCTTAA]
17:23:25.466 - INFO - CDS - contig=contig_1, start=47110, stop=47565, strand=+, nt=[TTGGAACTTG..TGAAATATAA]
17:23:25.466 - INFO - CDS - contig=contig_1, start=47555, stop=48121, strand=+, nt=[ATGAAATATA..AATAATATGA]
17:23:25.466 - INFO - CDS - contig=contig_1, start=48118, stop=49278, strand=+, nt=[ATGATAAATA..AGGTGCTTAG]
17:23:25.466 - INFO - CDS - contig=contig_1, start=49344, stop=50144, strand=+, nt=[ATGAAATACT..TAAAATATAA]
17:23:25.466 - INFO - CDS - contig=contig_1, start=50116, stop=51156, strand=+, nt=[ATGAAAAATT..TTATTCCTAG]
17:23:25.466 - INFO - CDS - contig=contig_1, start=51311, stop=51910, strand=+, nt=[ATGATATTTT..TTTTAAGTGA]
17:23:25.466 - INFO - CDS - contig=contig_1, start=51907, stop=53130, strand=+, nt=[GTGAGTTATA..TAGCTTTTGA]
17:23:25.466 - INFO - CDS - contig=contig_1, start=53117, stop=54082, strand=+, nt=[ATGATAGCTT..TTTTTTATGA]
17:23:25.466 - INFO - CDS - contig=contig_1, start=54079, stop=54672, strand=+, nt=[ATGAAAAGTA..TATTTTATAA]
17:23:25.466 - INFO - CDS - contig=contig_1, start=54672, stop=55268, strand=+, nt=[ATGATTATAG..AAAATTATGA]
17:23:25.466 - INFO - CDS - contig=contig_1, start=55265, stop=55975, strand=+, nt=[ATGAATATAA..TGCTAGTTAA]
17:23:25.466 - INFO - CDS - contig=contig_1, start=55965, stop=56711, strand=+, nt=[ATGCTAGTTA..AAGGAAATGA]
17:23:25.466 - INFO - CDS - contig=contig_1, start=56708, stop=57001, strand=+, nt=[ATGATTGCTG..AATTGTTTAA]
17:23:25.466 - INFO - CDS - contig=contig_1, start=56982, stop=57245, strand=+, nt=[GTGATAAAAA..TTCTAGATAA]
17:23:25.466 - INFO - CDS - contig=contig_1, start=57385, stop=57738, strand=-, nt=[ATGTCAAGGG..GGGTTGTTAG]
17:23:25.466 - INFO - CDS - contig=contig_1, start=57726, stop=57887, strand=-, nt=[ATGCCAAAAA..TCAAGGGTAA]
17:23:25.466 - INFO - CDS - contig=contig_1, start=57868, stop=58326, strand=-, nt=[ATGGAAATAA..AAAAAAGTAA]
17:23:25.466 - INFO - CDS - contig=contig_1, start=58409, stop=59464, strand=-, nt=[ATGAACAATA..TTTTTATTAG]
17:23:25.466 - INFO - CDS - contig=contig_1, start=60135, stop=60668, strand=-, nt=[ATGAAATACA..TTTTTTCTAG]
17:23:25.466 - INFO - CDS - contig=contig_1, start=60665, stop=61603, strand=-, nt=[ATGTTAGAAA..ATTAAGATGA]
17:23:25.466 - INFO - CDS - contig=contig_1, start=61641, stop=62696, strand=+, nt=[TTGGGATCTA..AAAAAAATAA]
17:23:25.466 - INFO - CDS - contig=contig_1, start=62675, stop=63463, strand=+, nt=[ATGTCTTATA..TAATGATTAA]
17:23:25.467 - INFO - CDS - contig=contig_1, start=63456, stop=64538, strand=+, nt=[ATGATTAAAC..AGTATGCTAG]
17:23:25.467 - INFO - CDS - contig=contig_1, start=64535, stop=65821, strand=-, nt=[ATGAAATATT..TAAATACTAG]
17:23:25.467 - INFO - CDS - contig=contig_1, start=65818, stop=66993, strand=-, nt=[ATGAAATATA..AATATTATGA]
17:23:25.467 - INFO - CDS - contig=contig_1, start=66983, stop=68212, strand=-, nt=[ATGAATAAAA..TGAAATATAA]
17:23:25.467 - INFO - CDS - contig=contig_1, start=68205, stop=68384, strand=-, nt=[ATGAAAATAA..AAATGAATAA]
17:23:25.467 - INFO - CDS - contig=contig_1, start=68381, stop=68686, strand=-, nt=[ATGATATATG..ATTGGAATGA]
17:23:25.467 - INFO - CDS - contig=contig_1, start=68693, stop=68920, strand=+, nt=[ATGGATAATT..CGGGGATTGA]
17:23:25.467 - INFO - CDS - contig=contig_1, start=69089, stop=70399, strand=+, nt=[ATGAAAAATA..TGGAAAATAA]
17:23:25.467 - INFO - CDS - contig=contig_1, start=70399, stop=72258, strand=+, nt=[ATGAATTTGT..TTTGTTTTAG]
17:23:25.467 - INFO - CDS - contig=contig_1, start=72292, stop=73566, strand=+, nt=[GTGAATTTAT..TTTTAAATGA]
17:23:25.467 - INFO - CDS - contig=contig_1, start=73563, stop=74747, strand=+, nt=[ATGAATAAAA..TTTATGTTAG]
17:23:25.467 - INFO - CDS - contig=contig_1, start=74744, stop=75826, strand=-, nt=[TTGAAAATAA..AATATACTAA]
17:23:25.467 - INFO - CDS - contig=contig_1, start=75827, stop=75964, strand=+, nt=[ATGAAAAGAA..TAATGTTTAA]
17:23:25.467 - INFO - CDS - contig=contig_1, start=75957, stop=76556, strand=+, nt=[ATGTTTAATT..TTTAAAATAA]
17:23:25.467 - INFO - CDS - contig=contig_1, start=76548, stop=77570, strand=-, nt=[ATGCATAAAG..ATTATTTTAA]
17:23:25.467 - INFO - CDS - contig=contig_1, start=77563, stop=79422, strand=-, nt=[GTGCAAAAAA..AAATGCATAA]
17:23:25.467 - INFO - CDS - contig=contig_1, start=79371, stop=79811, strand=-, nt=[ATGAAAAAAG..CAAATACTAA]
17:23:25.467 - INFO - CDS - contig=contig_1, start=79846, stop=80796, strand=+, nt=[ATGTCTAAGA..CTGCTATTAG]
17:23:25.467 - INFO - CDS - contig=contig_1, start=80767, stop=81768, strand=-, nt=[ATGAAAGTAG..AATAGAATAA]
17:23:25.467 - INFO - CDS - contig=contig_1, start=81770, stop=82357, strand=-, nt=[ATGGAATTAA..GTACAAATAA]
17:23:25.467 - INFO - CDS - contig=contig_1, start=82384, stop=83058, strand=-, nt=[ATGAACAAAA..AAACAAATAA]
17:23:25.467 - INFO - CDS - contig=contig_1, start=83055, stop=83804, strand=-, nt=[ATGAAAAAAA..AAAAAAATGA]
17:23:25.467 - INFO - CDS - contig=contig_1, start=83833, stop=84240, strand=+, nt=[TTGAATTTTT..TACCAAATAA]
17:23:25.467 - INFO - CDS - contig=contig_1, start=84226, stop=84591, strand=-, nt=[ATGTTAAATA..TGGTAACTAA]
17:23:25.467 - INFO - CDS - contig=contig_1, start=84581, stop=84829, strand=-, nt=[ATGGCAAAAA..TGTTAAATAA]
17:23:25.467 - INFO - CDS - contig=contig_1, start=84808, stop=85134, strand=-, nt=[ATGAATAAAA..AAGGCAGTAG]
17:23:25.467 - INFO - CDS - contig=contig_1, start=85131, stop=85931, strand=-, nt=[ATGATATACA..AAAAAAATGA]
17:23:25.467 - INFO - CDS - contig=contig_1, start=86315, stop=86707, strand=+, nt=[ATGCAAAATG..ATTGCACTAA]
17:23:25.467 - INFO - CDS - contig=contig_1, start=86863, stop=87132, strand=+, nt=[TTGCGAAATA..AAAGCTTTAA]
17:23:25.467 - INFO - CDS - contig=contig_1, start=87599, stop=87736, strand=-, nt=[ATGATTGTGA..CGGTGCCTAA]
17:23:25.467 - INFO - CDS - contig=contig_1, start=87947, stop=88240, strand=+, nt=[ATGGTCTGGG..TCATGGATAG]
17:23:25.467 - INFO - CDS - contig=contig_1, start=90590, stop=91000, strand=+, nt=[ATGCTAAAAG..AAATGTTTAA]
17:23:25.467 - INFO - CDS - contig=contig_1, start=90993, stop=91592, strand=+, nt=[ATGTTTAATG..AAATGATTAA]
17:23:25.467 - INFO - CDS - contig=contig_1, start=91585, stop=91767, strand=+, nt=[ATGATTAAAA..TTTTTTATGA]
17:23:25.467 - INFO - CDS - contig=contig_1, start=91764, stop=92558, strand=+, nt=[ATGATAATTA..AAATATTTAA]
17:23:25.467 - INFO - CDS - contig=contig_1, start=92542, stop=92805, strand=+, nt=[ATGTCAAAAA..TAAAAAATGA]
17:23:25.467 - INFO - CDS - contig=contig_1, start=92802, stop=93119, strand=+, nt=[ATGAATGAAT..AAGTTTATAA]
17:23:25.468 - INFO - CDS - contig=contig_1, start=93119, stop=93760, strand=+, nt=[ATGGGAAAAA..CAAAATTTAA]
17:23:25.468 - INFO - CDS - contig=contig_1, start=93723, stop=94142, strand=+, nt=[ATGACATTTT..TTTTTTTTAA]
17:23:25.468 - INFO - CDS - contig=contig_1, start=94143, stop=94373, strand=+, nt=[GTGATTTTTA..ATTAAAATGA]
17:23:25.468 - INFO - CDS - contig=contig_1, start=94370, stop=94735, strand=+, nt=[ATGATATTTC..TGTTATATAA]
17:23:25.468 - INFO - CDS - contig=contig_1, start=94725, stop=95276, strand=+, nt=[ATGTTATATA..TATAAATTAG]
17:23:25.468 - INFO - CDS - contig=contig_1, start=95276, stop=95578, strand=+, nt=[GTGTCTAAAA..TAGTTGGTAA]
17:23:25.468 - INFO - CDS - contig=contig_1, start=95578, stop=95949, strand=+, nt=[ATGTCATATA..TGATGTCTAA]
17:23:25.468 - INFO - CDS - contig=contig_1, start=95942, stop=96475, strand=+, nt=[ATGTCTAAGA..AAAAAAATAA]
17:23:25.468 - INFO - CDS - contig=contig_1, start=96438, stop=96770, strand=+, nt=[ATGAAAGTAA..TTTTTTATAA]
17:23:25.468 - INFO - CDS - contig=contig_1, start=96774, stop=97205, strand=+, nt=[GTGACTGATA..AATTGATTAA]
17:23:25.468 - INFO - CDS - contig=contig_1, start=97198, stop=97545, strand=+, nt=[TTGATTAAAA..TGAAAAATAA]
17:23:25.468 - INFO - CDS - contig=contig_1, start=97535, stop=97750, strand=+, nt=[ATGAAAAATA..ATTAAAATGA]
17:23:25.468 - INFO - CDS - contig=contig_1, start=97747, stop=97860, strand=+, nt=[ATGAAGGTTT..ACAAGGATAA]
17:23:25.468 - INFO - CDS - contig=contig_1, start=97824, stop=98207, strand=+, nt=[ATGTTTAACA..ATATTTATGA]
17:23:25.468 - INFO - CDS - contig=contig_1, start=98204, stop=98545, strand=+, nt=[ATGAAATACA..AAGAACATAA]
17:23:25.468 - INFO - CDS - contig=contig_1, start=98546, stop=99103, strand=+, nt=[ATGAAAAAAA..GCTTCTTTAA]
17:23:25.468 - INFO - CDS - contig=contig_1, start=99090, stop=99716, strand=+, nt=[ATGAGCTTCT..TGAGGCATAA]
17:23:25.468 - INFO - CDS - contig=contig_1, start=99706, stop=100011, strand=+, nt=[ATGAGGCATA..TAAATTTTAA]
17:23:25.468 - INFO - CDS - contig=contig_1, start=100001, stop=101152, strand=-, nt=[ATGAAAAAAA..TAAAATTTAA]
17:23:25.468 - INFO - CDS - contig=contig_1, start=101154, stop=101585, strand=+, nt=[ATGGTTAATA..TTATGCCTAA]
17:23:25.468 - INFO - CDS - contig=contig_1, start=101578, stop=102606, strand=+, nt=[ATGCCTAAAA..TAGGGTATAA]
17:23:25.468 - INFO - CDS - contig cds: predicted=129
17:23:25.468 - INFO - CDS - predicted=129
17:23:25.468 - INFO - ORF - write internal aa seqs: # seqs=129, path=/tmp/tmpamcvajc5/cds.spurious.faa
17:23:25.786 - INFO - ORF - discard spurious: contig=contig_1, start=86315, stop=86707, strand=+, homology=Spurious_ORF_05, evalue=4.0e-47, bitscore=151.800000
17:23:25.787 - INFO - ORF - discard spurious: contig=contig_1, start=86863, stop=87132, strand=+, homology=Spurious_ORF_25, evalue=1.1e-42, bitscore=137.100000
17:23:25.787 - INFO - ORF - discarded=2
17:23:25.872 - INFO - UPS - looked-up=0
17:23:25.873 - INFO - IPS - looked-up=0
17:23:25.873 - INFO - ORF - write internal aa seqs: # seqs=127, path=/tmp/tmpamcvajc5/cds.psc.faa
17:25:45.219 - INFO - PSC - found: PSC=0, PSCC=25
17:25:45.246 - INFO - PSC - looked-up=25
17:25:45.259 - INFO - PSCC - looked-up=22
17:25:45.259 - INFO - ORF - write internal aa seqs: # seqs=127, path=/tmp/tmpamcvajc5/cds.expert.faa
17:25:46.825 - INFO - EXPERT-AMRFINDER - found=0
17:25:47.145 - INFO - EXPERT_AA_SEQ - found=0
17:25:47.156 - INFO - ORF - write internal aa seqs: # seqs=105, path=/tmp/tmpamcvajc5/cds.pseudo.candidates.faa
17:28:55.614 - INFO - CDS - found: pseudogene-candidates=0
17:28:55.650 - INFO - PSC - looked-up=0
17:28:55.654 - INFO - PSCC - looked-up=0
17:28:55.657 - INFO - ORF - write internal aa seqs: # seqs=105, path=/tmp/tmpamcvajc5/hypotheticals.faa
17:29:05.840 - INFO - CDS - pfam detected: contig=contig_1, start=50116, stop=51156, strand=+, pfam-id=PF00004.32, length=132, aa-start=40, aa-stop=156, aa-cov=0.3, hmm-cov=0.9, evalue=8.0e-12, bitscore=38.5, name=AAA
17:29:05.841 - INFO - CDS - pfam detected: contig=contig_1, start=66983, stop=68212, strand=-, pfam-id=PF13481.9, length=194, aa-start=148, aa-stop=333, aa-cov=0.5, hmm-cov=0.9, evalue=3.0e-13, bitscore=42.5, name=AAA_25
17:29:05.841 - INFO - CDS - pfam detected: contig=contig_1, start=61641, stop=62696, strand=+, pfam-id=PF00155.24, length=363, aa-start=6, aa-stop=337, aa-cov=0.9, hmm-cov=0.9, evalue=1.2e-29, bitscore=96.2, name=Aminotran_1_2
17:29:05.841 - INFO - CDS - pfam detected: contig=contig_1, start=53117, stop=54082, strand=+, pfam-id=PF00155.24, length=363, aa-start=21, aa-stop=251, aa-cov=0.7, hmm-cov=0.6, evalue=7.3e-19, bitscore=60.8, name=Aminotran_1_2
17:29:05.841 - INFO - CDS - pfam detected: contig=contig_1, start=22455, stop=23582, strand=+, pfam-id=PF00266.22, length=371, aa-start=2, aa-stop=363, aa-cov=1.0, hmm-cov=1.0, evalue=1.3e-47, bitscore=155.3, name=Aminotran_5
17:29:05.841 - INFO - CDS - pfam detected: contig=contig_1, start=32451, stop=33584, strand=+, pfam-id=PF01053.23, length=382, aa-start=2, aa-stop=374, aa-cov=1.0, hmm-cov=1.0, evalue=1.4e-66, bitscore=217.3, name=Cys_Met_Meta_PP
17:29:05.842 - INFO - CDS - pfam detected: contig=contig_1, start=79846, stop=80796, strand=+, pfam-id=PF00793.23, length=275, aa-start=2, aa-stop=296, aa-cov=0.9, hmm-cov=0.9, evalue=1.5e-60, bitscore=197.1, name=DAHP_synth_1
17:29:05.842 - INFO - CDS - pfam detected: contig=contig_1, start=82384, stop=83058, strand=-, pfam-id=PF05173.17, length=121, aa-start=107, aa-stop=217, aa-cov=0.5, hmm-cov=0.9, evalue=3.5e-21, bitscore=68.2, name=DapB_C
17:29:05.842 - INFO - CDS - pfam detected: contig=contig_1, start=82384, stop=83058, strand=-, pfam-id=PF01113.23, length=124, aa-start=2, aa-stop=103, aa-cov=0.5, hmm-cov=1.0, evalue=1.4e-21, bitscore=69.7, name=DapB_N
17:29:05.842 - INFO - CDS - pfam detected: contig=contig_1, start=25567, stop=26475, strand=-, pfam-id=PF00701.25, length=289, aa-start=2, aa-stop=289, aa-cov=1.0, hmm-cov=1.0, evalue=1.5e-66, bitscore=216.8, name=DHDPS
17:29:05.842 - INFO - CDS - pfam detected: contig=contig_1, start=101578, stop=102606, strand=+, pfam-id=PF01761.23, length=262, aa-start=47, aa-stop=300, aa-cov=0.7, hmm-cov=1.0, evalue=2.2e-65, bitscore=213.1, name=DHQ_synthase
17:29:05.842 - INFO - CDS - pfam detected: contig=contig_1, start=66983, stop=68212, strand=-, pfam-id=PF03796.18, length=254, aa-start=156, aa-stop=405, aa-cov=0.6, hmm-cov=1.0, evalue=5.9e-85, bitscore=277.3, name=DnaB_C
17:29:05.842 - INFO - CDS - pfam detected: contig=contig_1, start=76548, stop=77570, strand=-, pfam-id=PF00226.34, length=63, aa-start=5, aa-stop=65, aa-cov=0.2, hmm-cov=0.9, evalue=5.8e-27, bitscore=86.4, name=DnaJ
17:29:05.842 - INFO - CDS - pfam detected: contig=contig_1, start=76548, stop=77570, strand=-, pfam-id=PF01556.21, length=149, aa-start=106, aa-stop=322, aa-cov=0.6, hmm-cov=1.0, evalue=1.5e-26, bitscore=86.0, name=DnaJ_C
17:29:05.842 - INFO - CDS - pfam detected: contig=contig_1, start=76548, stop=77570, strand=-, pfam-id=PF00684.22, length=66, aa-start=133, aa-stop=193, aa-cov=0.2, hmm-cov=0.9, evalue=7.8e-11, bitscore=35.0, name=DnaJ_CXXCXGXG
17:29:05.842 - INFO - CDS - pfam detected: contig=contig_1, start=40468, stop=43464, strand=+, pfam-id=PF07733.15, length=260, aa-start=290, aa-stop=545, aa-cov=0.3, hmm-cov=0.9, evalue=1.3e-83, bitscore=273.3, name=DNA_pol3_alpha
17:29:05.842 - INFO - CDS - pfam detected: contig=contig_1, start=74744, stop=75826, strand=-, pfam-id=PF02767.19, length=116, aa-start=125, aa-stop=237, aa-cov=0.3, hmm-cov=0.9, evalue=2.9e-15, bitscore=49.3, name=DNA_pol3_beta_2
17:29:05.842 - INFO - CDS - pfam detected: contig=contig_1, start=74744, stop=75826, strand=-, pfam-id=PF02768.18, length=121, aa-start=245, aa-stop=359, aa-cov=0.3, hmm-cov=0.9, evalue=7.6e-13, bitscore=41.2, name=DNA_pol3_beta_3
17:29:05.842 - INFO - CDS - pfam detected: contig=contig_1, start=50116, stop=51156, strand=+, pfam-id=PF13177.9, length=161, aa-start=66, aa-stop=158, aa-cov=0.3, hmm-cov=0.5, evalue=3.5e-13, bitscore=42.7, name=DNA_pol3_delta2
17:29:05.842 - INFO - CDS - pfam detected: contig=contig_1, start=40468, stop=43464, strand=+, pfam-id=PF17657.4, length=166, aa-start=546, aa-stop=703, aa-cov=0.2, hmm-cov=0.9, evalue=3.7e-31, bitscore=100.5, name=DNA_pol3_finger
17:29:05.843 - INFO - CDS - pfam detected: contig=contig_1, start=46494, stop=47030, strand=-, pfam-id=PF01612.23, length=176, aa-start=1, aa-stop=149, aa-cov=0.8, hmm-cov=0.6, evalue=3.0e-11, bitscore=36.1, name=DNA_pol_A_exo1
17:29:05.843 - INFO - CDS - pfam detected: contig=contig_1, start=34378, stop=34968, strand=-, pfam-id=PF00117.31, length=191, aa-start=3, aa-stop=184, aa-cov=0.9, hmm-cov=1.0, evalue=3.8e-15, bitscore=48.9, name=GATase
17:29:05.843 - INFO - CDS - pfam detected: contig=contig_1, start=54672, stop=55268, strand=+, pfam-id=PF00117.31, length=191, aa-start=5, aa-stop=198, aa-cov=1.0, hmm-cov=0.9, evalue=1.3e-13, bitscore=43.9, name=GATase
17:29:05.843 - INFO - CDS - pfam detected: contig=contig_1, start=70399, stop=72258, strand=+, pfam-id=PF13932.9, length=210, aa-start=401, aa-stop=610, aa-cov=0.3, hmm-cov=0.4, evalue=6.5e-20, bitscore=64.9, name=GIDA_C
17:29:05.843 - INFO - CDS - pfam detected: contig=contig_1, start=62675, stop=63463, strand=+, pfam-id=PF14602.9, length=34, aa-start=164, aa-stop=199, aa-cov=0.1, hmm-cov=1.0, evalue=8.4e-16, bitscore=50.3, name=Hexapep_2
17:29:05.843 - INFO - CDS - pfam detected: contig=contig_1, start=40468, stop=43464, strand=+, pfam-id=PF14579.9, length=90, aa-start=768, aa-stop=857, aa-cov=0.1, hmm-cov=1.0, evalue=3.7e-18, bitscore=58.4, name=HHH_6
17:29:05.843 - INFO - CDS - pfam detected: contig=contig_1, start=65818, stop=66993, strand=-, pfam-id=PF00742.22, length=173, aa-start=134, aa-stop=307, aa-cov=0.4, hmm-cov=1.0, evalue=7.9e-34, bitscore=109.8, name=Homoserine_dh
17:29:05.843 - INFO - CDS - pfam detected: contig=contig_1, start=57868, stop=58326, strand=-, pfam-id=PF05198.19, length=70, aa-start=1, aa-stop=63, aa-cov=0.4, hmm-cov=0.9, evalue=2.9e-14, bitscore=45.9, name=IF3_N
17:29:05.843 - INFO - CDS - pfam detected: contig=contig_1, start=93119, stop=93760, strand=+, pfam-id=PF07650.20, length=78, aa-start=36, aa-stop=104, aa-cov=0.3, hmm-cov=0.5, evalue=2.4e-09, bitscore=29.7, name=KH_2
17:29:05.843 - INFO - CDS - pfam detected: contig=contig_1, start=63456, stop=64538, strand=+, pfam-id=PF07687.17, length=109, aa-start=174, aa-stop=254, aa-cov=0.2, hmm-cov=0.8, evalue=1.8e-07, bitscore=23.9, name=M20_dimer
17:29:05.844 - INFO - CDS - pfam detected: contig=contig_1, start=21809, stop=22369, strand=-, pfam-id=PF08241.15, length=96, aa-start=52, aa-stop=151, aa-cov=0.5, hmm-cov=1.0, evalue=3.9e-07, bitscore=23.5, name=Methyltransf_11
17:29:05.844 - INFO - CDS - pfam detected: contig=contig_1, start=21809, stop=22369, strand=-, pfam-id=PF13649.9, length=97, aa-start=51, aa-stop=147, aa-cov=0.5, hmm-cov=1.0, evalue=3.7e-09, bitscore=30.0, name=Methyltransf_25
17:29:05.844 - INFO - CDS - pfam detected: contig=contig_1, start=21809, stop=22369, strand=-, pfam-id=PF13847.9, length=152, aa-start=46, aa-stop=184, aa-cov=0.7, hmm-cov=0.7, evalue=8.6e-13, bitscore=41.1, name=Methyltransf_31
17:29:05.844 - INFO - CDS - pfam detected: contig=contig_1, start=29208, stop=31430, strand=+, pfam-id=PF08267.15, length=313, aa-start=4, aa-stop=307, aa-cov=0.4, hmm-cov=1.0, evalue=1.5e-62, bitscore=204.6, name=Meth_synt_1
17:29:05.844 - INFO - CDS - pfam detected: contig=contig_1, start=29208, stop=31430, strand=+, pfam-id=PF01717.21, length=324, aa-start=409, aa-stop=732, aa-cov=0.4, hmm-cov=1.0, evalue=7.8e-80, bitscore=261.2, name=Meth_synt_2
17:29:05.844 - INFO - CDS - pfam detected: contig=contig_1, start=21809, stop=22369, strand=-, pfam-id=PF05175.17, length=170, aa-start=31, aa-stop=170, aa-cov=0.8, hmm-cov=0.7, evalue=1.4e-13, bitscore=43.6, name=MTS
17:29:05.844 - INFO - CDS - pfam detected: contig=contig_1, start=100001, stop=101152, strand=-, pfam-id=PF02784.19, length=247, aa-start=27, aa-stop=267, aa-cov=0.6, hmm-cov=1.0, evalue=2.5e-51, bitscore=167.2, name=Orn_Arg_deC_N
17:29:05.844 - INFO - CDS - pfam detected: contig=contig_1, start=100001, stop=101152, strand=-, pfam-id=PF00278.25, length=95, aa-start=22, aa-stop=354, aa-cov=0.9, hmm-cov=1.0, evalue=2.1e-22, bitscore=72.0, name=Orn_DAP_Arg_deC
17:29:05.844 - INFO - CDS - pfam detected: contig=contig_1, start=24891, stop=25589, strand=-, pfam-id=PF03462.21, length=192, aa-start=2, aa-stop=100, aa-cov=0.4, hmm-cov=0.5, evalue=4.2e-16, bitscore=52.1, name=PCRF
17:29:05.844 - INFO - CDS - pfam detected: contig=contig_1, start=18775, stop=20322, strand=-, pfam-id=PF10662.12, length=143, aa-start=61, aa-stop=210, aa-cov=0.3, hmm-cov=1.0, evalue=9.7e-11, bitscore=34.4, name=PduV-EutP
17:29:05.844 - INFO - CDS - pfam detected: contig=contig_1, start=14009, stop=14434, strand=+, pfam-id=PF01327.24, length=159, aa-start=10, aa-stop=140, aa-cov=0.9, hmm-cov=0.7, evalue=6.9e-19, bitscore=60.7, name=Pep_deformylase
17:29:05.844 - INFO - CDS - pfam detected: contig=contig_1, start=20370, stop=21311, strand=+, pfam-id=PF00156.30, length=158, aa-start=160, aa-stop=276, aa-cov=0.4, hmm-cov=0.2, evalue=2.3e-09, bitscore=29.6, name=Pribosyltran
17:29:05.844 - INFO - CDS - pfam detected: contig=contig_1, start=20370, stop=21311, strand=+, pfam-id=PF13793.9, length=116, aa-start=21, aa-stop=133, aa-cov=0.4, hmm-cov=0.8, evalue=5.7e-15, bitscore=48.1, name=Pribosyltran_N
17:29:05.844 - INFO - CDS - pfam detected: contig=contig_1, start=66983, stop=68212, strand=-, pfam-id=PF08423.14, length=255, aa-start=129, aa-stop=344, aa-cov=0.5, hmm-cov=0.7, evalue=1.9e-08, bitscore=26.6, name=Rad51
17:29:05.845 - INFO - CDS - pfam detected: contig=contig_1, start=2692, stop=3051, strand=+, pfam-id=PF00542.22, length=67, aa-start=53, aa-stop=119, aa-cov=0.6, hmm-cov=1.0, evalue=1.2e-18, bitscore=60.1, name=Ribosomal_L12
17:29:05.845 - INFO - CDS - pfam detected: contig=contig_1, start=92802, stop=93119, strand=+, pfam-id=PF00237.22, length=103, aa-start=6, aa-stop=103, aa-cov=0.9, hmm-cov=1.0, evalue=4.9e-10, bitscore=32.4, name=Ribosomal_L22
17:29:05.845 - INFO - CDS - pfam detected: contig=contig_1, start=97747, stop=97860, strand=+, pfam-id=PF00444.21, length=38, aa-start=1, aa-stop=37, aa-cov=1.0, hmm-cov=1.0, evalue=1.3e-16, bitscore=53.3, name=Ribosomal_L36
17:29:05.845 - INFO - CDS - pfam detected: contig=contig_1, start=13716, stop=14012, strand=+, pfam-id=PF00338.25, length=98, aa-start=3, aa-stop=97, aa-cov=1.0, hmm-cov=1.0, evalue=1.1e-19, bitscore=63.3, name=Ribosomal_S10
17:29:05.845 - INFO - CDS - pfam detected: contig=contig_1, start=43457, stop=43627, strand=+, pfam-id=PF00312.25, length=81, aa-start=1, aa-stop=56, aa-cov=1.0, hmm-cov=0.7, evalue=1.7e-18, bitscore=59.5, name=Ribosomal_S15
17:29:05.845 - INFO - CDS - pfam detected: contig=contig_1, start=94143, stop=94373, strand=+, pfam-id=PF00366.23, length=68, aa-start=5, aa-stop=73, aa-cov=0.9, hmm-cov=1.0, evalue=3.1e-12, bitscore=39.3, name=Ribosomal_S17
17:29:05.845 - INFO - CDS - pfam detected: contig=contig_1, start=93119, stop=93760, strand=+, pfam-id=PF00189.23, length=83, aa-start=115, aa-stop=198, aa-cov=0.4, hmm-cov=1.0, evalue=2.8e-20, bitscore=65.4, name=Ribosomal_S3_C
17:29:05.845 - INFO - CDS - pfam detected: contig=contig_1, start=96774, stop=97205, strand=+, pfam-id=PF00333.23, length=65, aa-start=4, aa-stop=68, aa-cov=0.5, hmm-cov=0.9, evalue=4.2e-12, bitscore=38.7, name=Ribosomal_S5
17:29:05.845 - INFO - CDS - pfam detected: contig=contig_1, start=96774, stop=97205, strand=+, pfam-id=PF03719.18, length=71, aa-start=80, aa-stop=141, aa-cov=0.4, hmm-cov=0.8, evalue=1.4e-15, bitscore=49.3, name=Ribosomal_S5_C
17:29:05.845 - INFO - CDS - pfam detected: contig=contig_1, start=68381, stop=68686, strand=-, pfam-id=PF01250.20, length=90, aa-start=2, aa-stop=89, aa-cov=0.9, hmm-cov=1.0, evalue=1.5e-12, bitscore=40.5, name=Ribosomal_S6
17:29:05.845 - INFO - CDS - pfam detected: contig=contig_1, start=11201, stop=11674, strand=+, pfam-id=PF00177.24, length=149, aa-start=1, aa-stop=150, aa-cov=1.0, hmm-cov=1.0, evalue=6.3e-38, bitscore=122.5, name=Ribosomal_S7
17:29:05.845 - INFO - CDS - pfam detected: contig=contig_1, start=95578, stop=95949, strand=+, pfam-id=PF00410.22, length=126, aa-start=4, aa-stop=121, aa-cov=1.0, hmm-cov=1.0, evalue=5.7e-19, bitscore=61.1, name=Ribosomal_S8
17:29:05.845 - INFO - CDS - pfam detected: contig=contig_1, start=46494, stop=47030, strand=-, pfam-id=PF13482.9, length=166, aa-start=8, aa-stop=158, aa-cov=0.8, hmm-cov=0.7, evalue=4.1e-11, bitscore=35.8, name=RNase_H_2
17:29:05.845 - INFO - CDS - pfam detected: contig=contig_1, start=99090, stop=99716, strand=+, pfam-id=PF01000.29, length=112, aa-start=48, aa-stop=157, aa-cov=0.5, hmm-cov=0.8, evalue=1.3e-12, bitscore=40.9, name=RNA_pol_A_bac
17:29:05.845 - INFO - CDS - pfam detected: contig=contig_1, start=6935, stop=10840, strand=+, pfam-id=PF04997.15, length=312, aa-start=1, aa-stop=330, aa-cov=0.3, hmm-cov=1.0, evalue=2.1e-66, bitscore=217.1, name=RNA_pol_Rpb1_1
17:29:05.845 - INFO - CDS - pfam detected: contig=contig_1, start=6935, stop=10840, strand=+, pfam-id=PF00623.23, length=166, aa-start=332, aa-stop=474, aa-cov=0.1, hmm-cov=1.0, evalue=2.1e-34, bitscore=111.9, name=RNA_pol_Rpb1_2
17:29:05.845 - INFO - CDS - pfam detected: contig=contig_1, start=6935, stop=10840, strand=+, pfam-id=PF04983.21, length=157, aa-start=477, aa-stop=619, aa-cov=0.1, hmm-cov=1.0, evalue=9.5e-19, bitscore=60.6, name=RNA_pol_Rpb1_3
17:29:05.846 - INFO - CDS - pfam detected: contig=contig_1, start=6935, stop=10840, strand=+, pfam-id=PF04998.20, length=267, aa-start=741, aa-stop=1250, aa-cov=0.4, hmm-cov=1.0, evalue=2.5e-55, bitscore=180.5, name=RNA_pol_Rpb1_5
17:29:05.846 - INFO - CDS - pfam detected: contig=contig_1, start=3048, stop=6938, strand=+, pfam-id=PF04561.17, length=190, aa-start=144, aa-stop=249, aa-cov=0.1, hmm-cov=0.4, evalue=3.2e-10, bitscore=32.7, name=RNA_pol_Rpb2_2
17:29:05.846 - INFO - CDS - pfam detected: contig=contig_1, start=3048, stop=6938, strand=+, pfam-id=PF04565.19, length=68, aa-start=490, aa-stop=558, aa-cov=0.1, hmm-cov=1.0, evalue=3.0e-26, bitscore=84.2, name=RNA_pol_Rpb2_3
17:29:05.846 - INFO - CDS - pfam detected: contig=contig_1, start=3048, stop=6938, strand=+, pfam-id=PF00562.31, length=389, aa-start=697, aa-stop=1220, aa-cov=0.4, hmm-cov=1.0, evalue=1.0e-96, bitscore=317.1, name=RNA_pol_Rpb2_6
17:29:05.846 - INFO - CDS - pfam detected: contig=contig_1, start=3048, stop=6938, strand=+, pfam-id=PF04560.23, length=87, aa-start=1222, aa-stop=1296, aa-cov=0.1, hmm-cov=1.0, evalue=2.8e-24, bitscore=78.2, name=RNA_pol_Rpb2_7
17:29:05.846 - INFO - CDS - pfam detected: contig=contig_1, start=14840, stop=15535, strand=-, pfam-id=PF00398.23, length=265, aa-start=1, aa-stop=229, aa-cov=1.0, hmm-cov=0.9, evalue=2.1e-21, bitscore=68.8, name=RrnaAD
17:29:05.846 - INFO - CDS - pfam detected: contig=contig_1, start=50116, stop=51156, strand=+, pfam-id=PF05496.15, length=159, aa-start=9, aa-stop=131, aa-cov=0.4, hmm-cov=0.7, evalue=3.9e-09, bitscore=29.2, name=RuvB_N
17:29:05.846 - INFO - CDS - pfam detected: contig=contig_1, start=46494, stop=47030, strand=-, pfam-id=PF16473.8, length=166, aa-start=6, aa-stop=166, aa-cov=0.9, hmm-cov=1.0, evalue=2.1e-15, bitscore=49.8, name=Rv2179c-like
17:29:05.846 - INFO - CDS - pfam detected: contig=contig_1, start=98546, stop=99103, strand=+, pfam-id=PF01479.28, length=48, aa-start=85, aa-stop=132, aa-cov=0.3, hmm-cov=1.0, evalue=6.0e-16, bitscore=50.7, name=S4
17:29:05.846 - INFO - CDS - pfam detected: contig=contig_1, start=44430, stop=45470, strand=+, pfam-id=PF01118.27, length=121, aa-start=4, aa-stop=113, aa-cov=0.3, hmm-cov=1.0, evalue=1.0e-09, bitscore=31.6, name=Semialdhyde_dh
17:29:05.846 - INFO - CDS - pfam detected: contig=contig_1, start=44430, stop=45470, strand=+, pfam-id=PF02774.21, length=184, aa-start=135, aa-stop=327, aa-cov=0.6, hmm-cov=0.9, evalue=5.4e-27, bitscore=87.8, name=Semialdhyde_dhC
17:29:05.846 - INFO - CDS - pfam detected: contig=contig_1, start=83055, stop=83804, strand=-, pfam-id=PF08501.14, length=83, aa-start=6, aa-stop=88, aa-cov=0.3, hmm-cov=1.0, evalue=3.0e-17, bitscore=55.5, name=Shikimate_dh_N
17:29:05.846 - INFO - CDS - pfam detected: contig=contig_1, start=38846, stop=40270, strand=+, pfam-id=PF04542.17, length=71, aa-start=242, aa-stop=312, aa-cov=0.1, hmm-cov=1.0, evalue=8.8e-23, bitscore=72.7, name=Sigma70_r2
17:29:05.846 - INFO - CDS - pfam detected: contig=contig_1, start=38846, stop=40270, strand=+, pfam-id=PF04545.19, length=50, aa-start=407, aa-stop=460, aa-cov=0.1, hmm-cov=0.9, evalue=5.2e-17, bitscore=53.9, name=Sigma70_r4
17:29:05.846 - INFO - CDS - pfam detected: contig=contig_1, start=21809, stop=22369, strand=-, pfam-id=PF01564.20, length=188, aa-start=40, aa-stop=181, aa-cov=0.8, hmm-cov=0.6, evalue=2.9e-08, bitscore=26.1, name=Spermine_synth
17:29:05.846 - INFO - CDS - pfam detected: contig=contig_1, start=62675, stop=63463, strand=+, pfam-id=PF14805.9, length=67, aa-start=4, aa-stop=59, aa-cov=0.2, hmm-cov=0.6, evalue=9.4e-11, bitscore=34.6, name=THDPS_N_2
17:29:05.847 - INFO - CDS - pfam detected: contig=contig_1, start=64535, stop=65821, strand=-, pfam-id=PF14821.9, length=79, aa-start=2, aa-stop=82, aa-cov=0.2, hmm-cov=1.0, evalue=1.1e-19, bitscore=63.2, name=Thr_synth_N
17:29:05.847 - INFO - CDS - pfam detected: contig=contig_1, start=36461, stop=37912, strand=-, pfam-id=PF00749.24, length=314, aa-start=18, aa-stop=325, aa-cov=0.6, hmm-cov=1.0, evalue=5.2e-65, bitscore=212.1, name=tRNA-synt_1c
17:29:05.847 - INFO - CDS - pfam detected: contig=contig_1, start=23586, stop=24884, strand=-, pfam-id=PF00152.23, length=314, aa-start=98, aa-stop=432, aa-cov=0.8, hmm-cov=1.0, evalue=5.4e-63, bitscore=205.6, name=tRNA-synt_2
17:29:05.847 - INFO - CDS - pfam detected: contig=contig_1, start=80767, stop=81768, strand=-, pfam-id=PF03054.19, length=202, aa-start=1, aa-stop=191, aa-cov=0.6, hmm-cov=1.0, evalue=2.3e-45, bitscore=147.5, name=tRNA_Me_trans
17:29:05.847 - INFO - CDS - predicted-pfams=81, CDS-w/-pfams=51
17:29:05.967 - INFO - S_ORF - predicted=892
17:29:06.092 - INFO - S_ORF - sORF filter: # valid=44, # discarded=848
17:29:06.092 - INFO - ORF - write internal aa seqs: # seqs=44, path=/tmp/tmpamcvajc5/sorf.spurious.faa
17:29:06.220 - INFO - ORF - discarded=0
17:29:06.258 - INFO - UPS - looked-up=0
17:29:06.260 - INFO - IPS - looked-up=0
17:29:06.260 - INFO - ORF - write internal aa seqs: # seqs=44, path=/tmp/tmpamcvajc5/sorf.faa
17:29:06.427 - INFO - S_ORF - found=0
17:29:06.427 - INFO - PSC - looked-up=0
17:29:07.858 - INFO - ORI - predicted=0
17:29:07.946 - INFO - ORI - predicted=0
17:29:07.947 - INFO - ANNOTATION - overlap: CDS (None/Elongation factor Tu) [1, 1188] overlapping tRNA (Trp_trna) [1179, 1250], [1179,1188], contig=contig_1
17:29:07.947 - INFO - ANNOTATION - overlap: CDS (None/hypothetical protein) [14009, 14434] overlapping tRNA (Phe_trna) [14428, 14500], [14428,14434], contig=contig_1
17:29:07.947 - INFO - ANNOTATION - overlap: CDS (None/hypothetical protein) [20370, 21311] overlapping tRNA (Gln_trna) [20356, 20427], [20370,20427], contig=contig_1
17:29:07.947 - INFO - ANNOTATION - overlap: CDS (None/hypothetical protein) [26476, 28578] overlapping tRNA (Ser_trna) [28577, 28660], [28577,28578], contig=contig_1
17:29:07.947 - INFO - ANNOTATION - overlap: CDS (None/hypothetical protein) [28652, 28849] overlapping tRNA (Ser_trna) [28577, 28660], [28652,28660], contig=contig_1
17:29:07.947 - INFO - ANNOTATION - overlap: CDS (None/hypothetical protein) [38846, 40270] overlapping tRNA (None) [40261, 40510], [40261,40270], contig=contig_1
17:29:07.947 - INFO - ANNOTATION - overlap: CDS (None/hypothetical protein) [40468, 43464] overlapping tRNA (None) [40261, 40510], [40468,40510], contig=contig_1
17:29:07.947 - INFO - ANNOTATION - overlap: CDS (None/ATP-dependent Clp protease ATP-binding subunit ClpX) [48118, 49278] overlapping tRNA (Val_trna) [49269, 49340], [49269,49278], contig=contig_1
17:29:07.947 - INFO - ANNOTATION - overlap: CDS (None/50S ribosomal protein L20) [57385, 57738] overlapping tRNA (Lys_trna) [57322, 57394], [57385,57394], contig=contig_1
17:29:07.947 - INFO - ANNOTATION - overlap: CDS (None/Chorismate synthase) [58409, 59464] overlapping tRNA (Val_trna) [58338, 58410], [58409,58410], contig=contig_1
17:29:07.947 - INFO - ANNOTATION - overlap: CDS (None/hypothetical protein) [68693, 68920] overlapping tRNA (Asp_trna) [68902, 68975], [68902,68920], contig=contig_1
17:29:07.947 - INFO - ANNOTATION - overlap: CDS (None/hypothetical protein) [87599, 87736] overlapping rRNA (23S_rrna) [86139, 88879], [87599,87736], contig=contig_1
17:29:07.947 - INFO - ANNOTATION - overlap: CDS (None/hypothetical protein) [87947, 88240] overlapping rRNA (23S_rrna) [86139, 88879], [87947,88240], contig=contig_1
17:29:07.948 - INFO - ANNOTATION - overlap: CDS (None/hypothetical protein) [101578, 102606] overlapping tRNA (Met_trna) [102583, 102654], [102583,102606], contig=contig_1
17:29:07.948 - INFO - UTILS - generated sequence tag prefix: prefix=HENIPCGPLM, length=10, MD5=1E729C095697459913B2061743158909
17:29:07.948 - INFO - MAIN - selected features=135
17:29:07.948 - INFO - MAIN - locus tag prefix=VFTETIMP
17:29:07.949 - INFO - UTILS - genome-size=102823
17:29:07.949 - INFO - UTILS - GC=0.194
17:29:07.952 - INFO - UTILS - N=0.000
17:29:07.952 - INFO - UTILS - N50=102823
17:29:07.952 - INFO - UTILS - coding-ratio=0.857
17:29:07.954 - INFO - TSV - write tsv: path=/home/diego/Documents/metagenomes/annotation_symbio_merge/annotation_Beta/genomes/bakta_VFTETIMP/bakta_VFTETIMP.tsv
17:29:07.955 - INFO - GFF - write GFF3: path=/home/diego/Documents/metagenomes/annotation_symbio_merge/annotation_Beta/genomes/bakta_VFTETIMP/bakta_VFTETIMP.gff3
17:29:07.963 - INFO - INSDC - write GenBank: path=/home/diego/Documents/metagenomes/annotation_symbio_merge/annotation_Beta/genomes/bakta_VFTETIMP/bakta_VFTETIMP.gbff
17:29:07.975 - INFO - INSDC - write EMBL: path=/home/diego/Documents/metagenomes/annotation_symbio_merge/annotation_Beta/genomes/bakta_VFTETIMP/bakta_VFTETIMP.embl
17:29:07.985 - INFO - FASTA - write genome sequences: path=/home/diego/Documents/metagenomes/annotation_symbio_merge/annotation_Beta/genomes/bakta_VFTETIMP/bakta_VFTETIMP.fna, description=True, wrap=True
17:29:07.986 - INFO - FASTA - write feature nucleotide sequences: path=/home/diego/Documents/metagenomes/annotation_symbio_merge/annotation_Beta/genomes/bakta_VFTETIMP/bakta_VFTETIMP.ffn
17:29:07.986 - INFO - FASTA - write translated CDS/sORF: path=/home/diego/Documents/metagenomes/annotation_symbio_merge/annotation_Beta/genomes/bakta_VFTETIMP/bakta_VFTETIMP.faa
17:29:07.987 - INFO - TSV - write hypothetical tsv: path=/home/diego/Documents/metagenomes/annotation_symbio_merge/annotation_Beta/genomes/bakta_VFTETIMP/bakta_VFTETIMP.hypotheticals.tsv
17:29:07.987 - INFO - FASTA - write translated CDS/sORF: path=/home/diego/Documents/metagenomes/annotation_symbio_merge/annotation_Beta/genomes/bakta_VFTETIMP/bakta_VFTETIMP.hypotheticals.faa
17:29:07.988 - INFO - JSON - write JSON: path=/home/diego/Documents/metagenomes/annotation_symbio_merge/annotation_Beta/genomes/bakta_VFTETIMP/bakta_VFTETIMP.json
17:29:08.001 - INFO - MAIN - removed tmp dir: /tmp/tmpamcvajc5
