Discrepancy Report Results

Summary
DISC_SOURCE_QUALS_ASNDISC:strain (all present, all unique)
DISC_SOURCE_QUALS_ASNDISC:taxname (all present, all unique)
DISC_FEATURE_COUNT:gene: 176 present
DISC_FEATURE_COUNT:CDS: 144 present
DISC_FEATURE_COUNT:tRNA: 27 present
DISC_FEATURE_COUNT:rRNA: 3 present
DISC_FEATURE_COUNT:misc_RNA: 1 present
DISC_FEATURE_COUNT:tmRNA: 1 present
DISC_COUNT_NUCLEOTIDES:1 nucleotide Bioseqs are present
OVERLAPPING_GENES:64 genes overlap another gene on the same strand.
RNA_CDS_OVERLAP:9 coding regions overlap RNA features
DISC_QUALITY_SCORES:Quality scores are missing on all sequences.
DISC_BAD_BACTERIAL_GENE_NAME:1 bacterial genes do not start with lowercase letters
ONCALLER_COMMENT_PRESENT:1 comment descriptors were found (all same)
SHORT_PROT_SEQUENCES:2 protein sequences are shorter than 50 aa.
MISSING_GENOMEASSEMBLY_COMMENTS:1 bioseqs are missing GenomeAssembly structured comments
TEST_UNUSUAL_MISC_RNA:1 unexpected misc_RNA features found.  misc_RNAs are unusual in a genome, consider using ncRNA, misc_binding, or misc_feature as appropriate.
FIND_OVERLAPPED_GENES:1 genes completely overlapped by other genes
MOLTYPE_NOT_MRNA:1 molecule types are not set as mRNA.
TECHNIQUE_NOT_TSA:1 technique are not set as TSA
MISSING_STRUCTURED_COMMENT:1 sequences do not include structured comments.
MISSING_PROJECT:145 sequences do not include project.
DISC_INCONSISTENT_MOLINFO_TECH:Molinfo Technique Report (some missing, all same)


Detailed Report

DiscRep_ALL:DISC_SOURCE_QUALS_ASNDISC::strain (all present, all unique)
DiscRep_SUB:DISC_SOURCE_QUALS_ASNDISC::1 sources have unique values for strain
DiscRep_ALL:DISC_SOURCE_QUALS_ASNDISC::taxname (all present, all unique)
DiscRep_SUB:DISC_SOURCE_QUALS_ASNDISC::1 sources have unique values for taxname
DiscRep_ALL:DISC_FEATURE_COUNT::gene: 176 present
DiscRep_ALL:DISC_FEATURE_COUNT::CDS: 144 present
DiscRep_ALL:DISC_FEATURE_COUNT::tRNA: 27 present
DiscRep_ALL:DISC_FEATURE_COUNT::rRNA: 3 present
DiscRep_ALL:DISC_FEATURE_COUNT::misc_RNA: 1 present
DiscRep_ALL:DISC_FEATURE_COUNT::tmRNA: 1 present
DiscRep_ALL:DISC_COUNT_NUCLEOTIDES::1 nucleotide Bioseqs are present
prokka_SMDICMUL_pseudofinder/SMDICMUL:Prokka:SMDICMUL_1 (length 142701)

DiscRep_ALL:OVERLAPPING_GENES::64 genes overlap another gene on the same strand.
prokka_SMDICMUL_pseudofinder/SMDICMUL:Gene	mnmG	SMDICMUL_1:c17528-15687	SMDICMUL_00015
prokka_SMDICMUL_pseudofinder/SMDICMUL:Gene	ybeY	SMDICMUL_1:c17883-17509	SMDICMUL_00016
prokka_SMDICMUL_pseudofinder/SMDICMUL:Gene	gltX	SMDICMUL_1:c20172-18673	SMDICMUL_00019
prokka_SMDICMUL_pseudofinder/SMDICMUL:Gene	SMDICMUL_00020	SMDICMUL_1:c20624-20169	SMDICMUL_00020
prokka_SMDICMUL_pseudofinder/SMDICMUL:Gene	SMDICMUL_00021	SMDICMUL_1:c20898-20629	SMDICMUL_00021
prokka_SMDICMUL_pseudofinder/SMDICMUL:Gene	SMDICMUL_00022	SMDICMUL_1:c21247-20891	SMDICMUL_00022
prokka_SMDICMUL_pseudofinder/SMDICMUL:Gene	rpmA	SMDICMUL_1:c21778-21521	SMDICMUL_00024
prokka_SMDICMUL_pseudofinder/SMDICMUL:Gene	rplU	SMDICMUL_1:c22100-21768	SMDICMUL_00025
prokka_SMDICMUL_pseudofinder/SMDICMUL:Gene	glyQS	SMDICMUL_1:c31776-30328	SMDICMUL_00038
prokka_SMDICMUL_pseudofinder/SMDICMUL:Gene	fdx	SMDICMUL_1:c31975-31766	SMDICMUL_00039
prokka_SMDICMUL_pseudofinder/SMDICMUL:Gene	iscS	SMDICMUL_1:c38331-37198	SMDICMUL_00045
prokka_SMDICMUL_pseudofinder/SMDICMUL:Gene	tilS	SMDICMUL_1:c39256-38309	SMDICMUL_00046
prokka_SMDICMUL_pseudofinder/SMDICMUL:Gene	SMDICMUL_00052	SMDICMUL_1:c45684-44851	SMDICMUL_00052
prokka_SMDICMUL_pseudofinder/SMDICMUL:Gene	dnaC	SMDICMUL_1:c47044-45677	SMDICMUL_00053
prokka_SMDICMUL_pseudofinder/SMDICMUL:Gene	rplM	SMDICMUL_1:54592-54990	SMDICMUL_00063
prokka_SMDICMUL_pseudofinder/SMDICMUL:Gene	rpsI	SMDICMUL_1:54990-55373	SMDICMUL_00064
prokka_SMDICMUL_pseudofinder/SMDICMUL:Gene	rpsB	SMDICMUL_1:55373-56086	SMDICMUL_00065
prokka_SMDICMUL_pseudofinder/SMDICMUL:Gene	TSFM	SMDICMUL_1:56073-56696	SMDICMUL_00066
prokka_SMDICMUL_pseudofinder/SMDICMUL:Gene	SMDICMUL_00068	SMDICMUL_1:c56849-56777	SMDICMUL_00068
prokka_SMDICMUL_pseudofinder/SMDICMUL:Gene	mutS	SMDICMUL_1:c59396-56835	SMDICMUL_00069
prokka_SMDICMUL_pseudofinder/SMDICMUL:Gene	SMDICMUL_00073	SMDICMUL_1:c62542-62366	SMDICMUL_00073
prokka_SMDICMUL_pseudofinder/SMDICMUL:Gene	SMDICMUL_00074	SMDICMUL_1:c62491-62389	SMDICMUL_00074
prokka_SMDICMUL_pseudofinder/SMDICMUL:Gene	rplK	SMDICMUL_1:71042-71494	SMDICMUL_00089
prokka_SMDICMUL_pseudofinder/SMDICMUL:Gene	rplA	SMDICMUL_1:71463-72086	SMDICMUL_00090
prokka_SMDICMUL_pseudofinder/SMDICMUL:Gene	SMDICMUL_00091	SMDICMUL_1:72143-72682	SMDICMUL_00091
prokka_SMDICMUL_pseudofinder/SMDICMUL:Gene	rplL	SMDICMUL_1:72672-73046	SMDICMUL_00092
prokka_SMDICMUL_pseudofinder/SMDICMUL:Gene	SMDICMUL_00098	SMDICMUL_1:c83067-82888	SMDICMUL_00098
prokka_SMDICMUL_pseudofinder/SMDICMUL:Gene	SMDICMUL_00099	SMDICMUL_1:c83281-83057	SMDICMUL_00099
prokka_SMDICMUL_pseudofinder/SMDICMUL:Gene	leuS	SMDICMUL_1:c87422-84729	SMDICMUL_00102
prokka_SMDICMUL_pseudofinder/SMDICMUL:Gene	tyrS1	SMDICMUL_1:c88668-87412	SMDICMUL_00103
prokka_SMDICMUL_pseudofinder/SMDICMUL:Gene	leuC	SMDICMUL_1:89922-91319	SMDICMUL_00105
prokka_SMDICMUL_pseudofinder/SMDICMUL:Gene	leuD1	SMDICMUL_1:91306-91890	SMDICMUL_00106
prokka_SMDICMUL_pseudofinder/SMDICMUL:Gene	prfB	SMDICMUL_1:93633-94430	SMDICMUL_00109
prokka_SMDICMUL_pseudofinder/SMDICMUL:Gene	SMDICMUL_00110	SMDICMUL_1:94424-94633	SMDICMUL_00110
prokka_SMDICMUL_pseudofinder/SMDICMUL:Gene	SMDICMUL_00113	SMDICMUL_1:c97090-97017	SMDICMUL_00113
prokka_SMDICMUL_pseudofinder/SMDICMUL:Gene	SMDICMUL_00114	SMDICMUL_1:c97223-97047	SMDICMUL_00114
prokka_SMDICMUL_pseudofinder/SMDICMUL:Gene	smpB	SMDICMUL_1:c97657-97220	SMDICMUL_00115
prokka_SMDICMUL_pseudofinder/SMDICMUL:Gene	sufC	SMDICMUL_1:102903-103646	SMDICMUL_00121
prokka_SMDICMUL_pseudofinder/SMDICMUL:Gene	SMDICMUL_00122	SMDICMUL_1:103643-104935	SMDICMUL_00122
prokka_SMDICMUL_pseudofinder/SMDICMUL:Gene	sigA	SMDICMUL_1:c110715-109771	SMDICMUL_00130
prokka_SMDICMUL_pseudofinder/SMDICMUL:Gene	pnp	SMDICMUL_1:c112799-110712	SMDICMUL_00131
prokka_SMDICMUL_pseudofinder/SMDICMUL:Gene	rpsL	SMDICMUL_1:114318-114725	SMDICMUL_00135
prokka_SMDICMUL_pseudofinder/SMDICMUL:Gene	rpsG	SMDICMUL_1:114725-115204	SMDICMUL_00136
prokka_SMDICMUL_pseudofinder/SMDICMUL:Gene	fusA	SMDICMUL_1:115217-117310	SMDICMUL_00137
prokka_SMDICMUL_pseudofinder/SMDICMUL:Gene	rpsJ	SMDICMUL_1:117304-117600	SMDICMUL_00138
prokka_SMDICMUL_pseudofinder/SMDICMUL:Gene	rplC	SMDICMUL_1:117594-118208	SMDICMUL_00139
prokka_SMDICMUL_pseudofinder/SMDICMUL:Gene	rpsS	SMDICMUL_1:120017-120307	SMDICMUL_00143
prokka_SMDICMUL_pseudofinder/SMDICMUL:Gene	SMDICMUL_00144	SMDICMUL_1:120307-120666	SMDICMUL_00144
prokka_SMDICMUL_pseudofinder/SMDICMUL:Gene	rpsC	SMDICMUL_1:120651-121313	SMDICMUL_00145
prokka_SMDICMUL_pseudofinder/SMDICMUL:Gene	rplP	SMDICMUL_1:121317-121721	SMDICMUL_00146
prokka_SMDICMUL_pseudofinder/SMDICMUL:Gene	rpsQ	SMDICMUL_1:121721-121960	SMDICMUL_00147
prokka_SMDICMUL_pseudofinder/SMDICMUL:Gene	SMDICMUL_00149	SMDICMUL_1:122352-122681	SMDICMUL_00149
prokka_SMDICMUL_pseudofinder/SMDICMUL:Gene	rplE	SMDICMUL_1:122665-123210	SMDICMUL_00150
prokka_SMDICMUL_pseudofinder/SMDICMUL:Gene	rpsM	SMDICMUL_1:126056-126439	SMDICMUL_00158
prokka_SMDICMUL_pseudofinder/SMDICMUL:Gene	rpsK	SMDICMUL_1:126439-126792	SMDICMUL_00159
prokka_SMDICMUL_pseudofinder/SMDICMUL:Gene	rpsD	SMDICMUL_1:126758-127417	SMDICMUL_00160
prokka_SMDICMUL_pseudofinder/SMDICMUL:Gene	rpoA	SMDICMUL_1:127428-128417	SMDICMUL_00161
prokka_SMDICMUL_pseudofinder/SMDICMUL:Gene	rplQ	SMDICMUL_1:128401-128751	SMDICMUL_00162
prokka_SMDICMUL_pseudofinder/SMDICMUL:Gene	rsmH	SMDICMUL_1:128751-129653	SMDICMUL_00163
prokka_SMDICMUL_pseudofinder/SMDICMUL:Gene	SMDICMUL_00164	SMDICMUL_1:129642-129943	SMDICMUL_00164
prokka_SMDICMUL_pseudofinder/SMDICMUL:Gene	SMDICMUL_00171	SMDICMUL_1:135811-136662	SMDICMUL_00171
prokka_SMDICMUL_pseudofinder/SMDICMUL:Gene	trxB	SMDICMUL_1:136626-137570	SMDICMUL_00172
prokka_SMDICMUL_pseudofinder/SMDICMUL:Gene	ilvB	SMDICMUL_1:c140925-139246	SMDICMUL_00175
prokka_SMDICMUL_pseudofinder/SMDICMUL:Gene	ilvD	SMDICMUL_1:c142631-140922	SMDICMUL_00176

DiscRep_ALL:RNA_CDS_OVERLAP::9 coding regions overlap RNA features
FATAL: DiscRep_SUB:RNA_CDS_OVERLAP::1 coding regions are completely contained in RNAs
prokka_SMDICMUL_pseudofinder/SMDICMUL:CDS	hypothetical protein	SMDICMUL_1:62677-63135	SMDICMUL_00076
prokka_SMDICMUL_pseudofinder/SMDICMUL:rRNA	23S ribosomal RNA	SMDICMUL_1:c65411-62555	SMDICMUL_00075

FATAL: DiscRep_SUB:RNA_CDS_OVERLAP::1 coding regions completely contain RNAs
prokka_SMDICMUL_pseudofinder/SMDICMUL:CDS	hypothetical protein	SMDICMUL_1:c62542-62366	SMDICMUL_00073
prokka_SMDICMUL_pseudofinder/SMDICMUL:rRNA	5S ribosomal RNA	SMDICMUL_1:c62491-62389	SMDICMUL_00074

DiscRep_SUB:RNA_CDS_OVERLAP::7 coding regions overlap RNAs (no containment)
DiscRep_SUB:RNA_CDS_OVERLAP::3 coding regions overlap RNAs on the same strand (no containment)
prokka_SMDICMUL_pseudofinder/SMDICMUL:CDS	DNA mismatch repair protein MutS	SMDICMUL_1:c59396-56835	SMDICMUL_00069
prokka_SMDICMUL_pseudofinder/SMDICMUL:tRNA	Gly	SMDICMUL_1:c56849-56777	SMDICMUL_00068
prokka_SMDICMUL_pseudofinder/SMDICMUL:CDS	hypothetical protein	SMDICMUL_1:c97223-97047	SMDICMUL_00114
prokka_SMDICMUL_pseudofinder/SMDICMUL:tRNA	Leu	SMDICMUL_1:c97090-97017	SMDICMUL_00113
prokka_SMDICMUL_pseudofinder/SMDICMUL:CDS	Ribosomal RNA small subunit methyltransferase H	SMDICMUL_1:128751-129653	SMDICMUL_00163
prokka_SMDICMUL_pseudofinder/SMDICMUL:RNA	RNaseP_bact_a	SMDICMUL_1:129642-129943	SMDICMUL_00164

DiscRep_SUB:RNA_CDS_OVERLAP::4 coding regions overlap RNAs on the opposite strand (no containment)
prokka_SMDICMUL_pseudofinder/SMDICMUL:CDS	Isoleucine--tRNA ligase	SMDICMUL_1:9226-12597	SMDICMUL_00010
prokka_SMDICMUL_pseudofinder/SMDICMUL:tRNA	Asn	SMDICMUL_1:c12673-12597	SMDICMUL_00011
prokka_SMDICMUL_pseudofinder/SMDICMUL:CDS	Glycine--tRNA ligase	SMDICMUL_1:c31776-30328	SMDICMUL_00038
prokka_SMDICMUL_pseudofinder/SMDICMUL:tRNA	Arg	SMDICMUL_1:30258-30330	SMDICMUL_00037
prokka_SMDICMUL_pseudofinder/SMDICMUL:CDS	Elongation factor Ts, mitochondrial	SMDICMUL_1:56073-56696	SMDICMUL_00066
prokka_SMDICMUL_pseudofinder/SMDICMUL:tRNA	Leu	SMDICMUL_1:c56771-56690	SMDICMUL_00067
prokka_SMDICMUL_pseudofinder/SMDICMUL:CDS	DNA mismatch repair protein MutL	SMDICMUL_1:c131550-129925	SMDICMUL_00165
prokka_SMDICMUL_pseudofinder/SMDICMUL:RNA	RNaseP_bact_a	SMDICMUL_1:129642-129943	SMDICMUL_00164

DiscRep_ALL:DISC_QUALITY_SCORES::Quality scores are missing on all sequences.

DiscRep_ALL:DISC_BAD_BACTERIAL_GENE_NAME::1 bacterial genes do not start with lowercase letters
prokka_SMDICMUL_pseudofinder/SMDICMUL:Gene	TSFM	SMDICMUL_1:56073-56696	SMDICMUL_00066

DiscRep_ALL:ONCALLER_COMMENT_PRESENT::1 comment descriptors were found (all same)
prokka_SMDICMUL_pseudofinder/SMDICMUL:Prokka:SMDICMUL_1:Annotated using prokka 1.14.6 from https://github.com/tseemann/prokka

DiscRep_ALL:SHORT_PROT_SEQUENCES::2 protein sequences are shorter than 50 aa.
prokka_SMDICMUL_pseudofinder/SMDICMUL:Prokka:SMDICMUL_00012 (length 47)
prokka_SMDICMUL_pseudofinder/SMDICMUL:Prokka:SMDICMUL_00157 (length 38)

DiscRep_ALL:MISSING_GENOMEASSEMBLY_COMMENTS::1 bioseqs are missing GenomeAssembly structured comments
prokka_SMDICMUL_pseudofinder/SMDICMUL:Prokka:SMDICMUL_1 (length 142701)

DiscRep_ALL:TEST_UNUSUAL_MISC_RNA::1 unexpected misc_RNA features found.  misc_RNAs are unusual in a genome, consider using ncRNA, misc_binding, or misc_feature as appropriate.
prokka_SMDICMUL_pseudofinder/SMDICMUL:RNA	RNaseP_bact_a	SMDICMUL_1:129642-129943	SMDICMUL_00164

DiscRep_ALL:FIND_OVERLAPPED_GENES::1 genes completely overlapped by other genes
prokka_SMDICMUL_pseudofinder/SMDICMUL:Gene	SMDICMUL_00074	SMDICMUL_1:c62491-62389	SMDICMUL_00074

DiscRep_ALL:MOLTYPE_NOT_MRNA::1 molecule types are not set as mRNA.
prokka_SMDICMUL_pseudofinder/SMDICMUL:Prokka:SMDICMUL_1 (length 142701)

DiscRep_ALL:TECHNIQUE_NOT_TSA::1 technique are not set as TSA
prokka_SMDICMUL_pseudofinder/SMDICMUL:Prokka:SMDICMUL_1 (length 142701)

DiscRep_ALL:MISSING_STRUCTURED_COMMENT::1 sequences do not include structured comments.
prokka_SMDICMUL_pseudofinder/SMDICMUL:Prokka:SMDICMUL_1 (length 142701)

DiscRep_ALL:MISSING_PROJECT::145 sequences do not include project.
prokka_SMDICMUL_pseudofinder/SMDICMUL:Prokka:SMDICMUL_1 (length 142701)
prokka_SMDICMUL_pseudofinder/SMDICMUL:Prokka:SMDICMUL_00001 (length 214)
prokka_SMDICMUL_pseudofinder/SMDICMUL:Prokka:SMDICMUL_00002 (length 847)
prokka_SMDICMUL_pseudofinder/SMDICMUL:Prokka:SMDICMUL_00003 (length 110)
prokka_SMDICMUL_pseudofinder/SMDICMUL:Prokka:SMDICMUL_00004 (length 369)
prokka_SMDICMUL_pseudofinder/SMDICMUL:Prokka:SMDICMUL_00005 (length 368)
prokka_SMDICMUL_pseudofinder/SMDICMUL:Prokka:SMDICMUL_00006 (length 387)
prokka_SMDICMUL_pseudofinder/SMDICMUL:Prokka:SMDICMUL_00007 (length 353)
prokka_SMDICMUL_pseudofinder/SMDICMUL:Prokka:SMDICMUL_00008 (length 250)
prokka_SMDICMUL_pseudofinder/SMDICMUL:Prokka:SMDICMUL_00010 (length 1123)
prokka_SMDICMUL_pseudofinder/SMDICMUL:Prokka:SMDICMUL_00012 (length 47)
prokka_SMDICMUL_pseudofinder/SMDICMUL:Prokka:SMDICMUL_00013 (length 355)
prokka_SMDICMUL_pseudofinder/SMDICMUL:Prokka:SMDICMUL_00014 (length 535)
prokka_SMDICMUL_pseudofinder/SMDICMUL:Prokka:SMDICMUL_00015 (length 613)
prokka_SMDICMUL_pseudofinder/SMDICMUL:Prokka:SMDICMUL_00016 (length 124)
prokka_SMDICMUL_pseudofinder/SMDICMUL:Prokka:SMDICMUL_00018 (length 185)
prokka_SMDICMUL_pseudofinder/SMDICMUL:Prokka:SMDICMUL_00019 (length 499)
prokka_SMDICMUL_pseudofinder/SMDICMUL:Prokka:SMDICMUL_00020 (length 151)
prokka_SMDICMUL_pseudofinder/SMDICMUL:Prokka:SMDICMUL_00021 (length 89)
prokka_SMDICMUL_pseudofinder/SMDICMUL:Prokka:SMDICMUL_00022 (length 118)
prokka_SMDICMUL_pseudofinder/SMDICMUL:Prokka:SMDICMUL_00024 (length 85)
prokka_SMDICMUL_pseudofinder/SMDICMUL:Prokka:SMDICMUL_00025 (length 110)
prokka_SMDICMUL_pseudofinder/SMDICMUL:Prokka:SMDICMUL_00027 (length 438)
prokka_SMDICMUL_pseudofinder/SMDICMUL:Prokka:SMDICMUL_00028 (length 199)
prokka_SMDICMUL_pseudofinder/SMDICMUL:Prokka:SMDICMUL_00029 (length 318)
prokka_SMDICMUL_pseudofinder/SMDICMUL:Prokka:SMDICMUL_00031 (length 246)
prokka_SMDICMUL_pseudofinder/SMDICMUL:Prokka:SMDICMUL_00032 (length 282)
prokka_SMDICMUL_pseudofinder/SMDICMUL:Prokka:SMDICMUL_00033 (length 435)
prokka_SMDICMUL_pseudofinder/SMDICMUL:Prokka:SMDICMUL_00034 (length 420)
prokka_SMDICMUL_pseudofinder/SMDICMUL:Prokka:SMDICMUL_00038 (length 482)
prokka_SMDICMUL_pseudofinder/SMDICMUL:Prokka:SMDICMUL_00039 (length 69)
prokka_SMDICMUL_pseudofinder/SMDICMUL:Prokka:SMDICMUL_00040 (length 137)
prokka_SMDICMUL_pseudofinder/SMDICMUL:Prokka:SMDICMUL_00041 (length 355)
prokka_SMDICMUL_pseudofinder/SMDICMUL:Prokka:SMDICMUL_00042 (length 602)
prokka_SMDICMUL_pseudofinder/SMDICMUL:Prokka:SMDICMUL_00044 (length 485)
prokka_SMDICMUL_pseudofinder/SMDICMUL:Prokka:SMDICMUL_00045 (length 377)
prokka_SMDICMUL_pseudofinder/SMDICMUL:Prokka:SMDICMUL_00046 (length 315)
prokka_SMDICMUL_pseudofinder/SMDICMUL:Prokka:SMDICMUL_00049 (length 1270)
prokka_SMDICMUL_pseudofinder/SMDICMUL:Prokka:SMDICMUL_00051 (length 451)
prokka_SMDICMUL_pseudofinder/SMDICMUL:Prokka:SMDICMUL_00052 (length 277)
prokka_SMDICMUL_pseudofinder/SMDICMUL:Prokka:SMDICMUL_00053 (length 455)
prokka_SMDICMUL_pseudofinder/SMDICMUL:Prokka:SMDICMUL_00054 (length 180)
prokka_SMDICMUL_pseudofinder/SMDICMUL:Prokka:SMDICMUL_00055 (length 359)
prokka_SMDICMUL_pseudofinder/SMDICMUL:Prokka:SMDICMUL_00056 (length 392)
prokka_SMDICMUL_pseudofinder/SMDICMUL:Prokka:SMDICMUL_00057 (length 363)
prokka_SMDICMUL_pseudofinder/SMDICMUL:Prokka:SMDICMUL_00058 (length 150)
prokka_SMDICMUL_pseudofinder/SMDICMUL:Prokka:SMDICMUL_00059 (length 113)
prokka_SMDICMUL_pseudofinder/SMDICMUL:Prokka:SMDICMUL_00060 (length 68)
prokka_SMDICMUL_pseudofinder/SMDICMUL:Prokka:SMDICMUL_00061 (length 173)
prokka_SMDICMUL_pseudofinder/SMDICMUL:Prokka:SMDICMUL_00062 (length 620)
prokka_SMDICMUL_pseudofinder/SMDICMUL:Prokka:SMDICMUL_00063 (length 132)
prokka_SMDICMUL_pseudofinder/SMDICMUL:Prokka:SMDICMUL_00064 (length 127)
prokka_SMDICMUL_pseudofinder/SMDICMUL:Prokka:SMDICMUL_00065 (length 237)
prokka_SMDICMUL_pseudofinder/SMDICMUL:Prokka:SMDICMUL_00066 (length 207)
prokka_SMDICMUL_pseudofinder/SMDICMUL:Prokka:SMDICMUL_00069 (length 853)
prokka_SMDICMUL_pseudofinder/SMDICMUL:Prokka:SMDICMUL_00070 (length 404)
prokka_SMDICMUL_pseudofinder/SMDICMUL:Prokka:SMDICMUL_00071 (length 216)
prokka_SMDICMUL_pseudofinder/SMDICMUL:Prokka:SMDICMUL_00072 (length 343)
prokka_SMDICMUL_pseudofinder/SMDICMUL:Prokka:SMDICMUL_00073 (length 58)
prokka_SMDICMUL_pseudofinder/SMDICMUL:Prokka:SMDICMUL_00076 (length 152)
prokka_SMDICMUL_pseudofinder/SMDICMUL:Prokka:SMDICMUL_00080 (length 371)
prokka_SMDICMUL_pseudofinder/SMDICMUL:Prokka:SMDICMUL_00081 (length 139)
prokka_SMDICMUL_pseudofinder/SMDICMUL:Prokka:SMDICMUL_00082 (length 207)
prokka_SMDICMUL_pseudofinder/SMDICMUL:Prokka:SMDICMUL_00087 (length 393)
prokka_SMDICMUL_pseudofinder/SMDICMUL:Prokka:SMDICMUL_00089 (length 150)
prokka_SMDICMUL_pseudofinder/SMDICMUL:Prokka:SMDICMUL_00090 (length 207)
prokka_SMDICMUL_pseudofinder/SMDICMUL:Prokka:SMDICMUL_00091 (length 179)
prokka_SMDICMUL_pseudofinder/SMDICMUL:Prokka:SMDICMUL_00092 (length 124)
prokka_SMDICMUL_pseudofinder/SMDICMUL:Prokka:SMDICMUL_00093 (length 1231)
prokka_SMDICMUL_pseudofinder/SMDICMUL:Prokka:SMDICMUL_00094 (length 1360)
prokka_SMDICMUL_pseudofinder/SMDICMUL:Prokka:SMDICMUL_00095 (length 246)
prokka_SMDICMUL_pseudofinder/SMDICMUL:Prokka:SMDICMUL_00096 (length 327)
prokka_SMDICMUL_pseudofinder/SMDICMUL:Prokka:SMDICMUL_00098 (length 59)
prokka_SMDICMUL_pseudofinder/SMDICMUL:Prokka:SMDICMUL_00099 (length 74)
prokka_SMDICMUL_pseudofinder/SMDICMUL:Prokka:SMDICMUL_00100 (length 414)
prokka_SMDICMUL_pseudofinder/SMDICMUL:Prokka:SMDICMUL_00102 (length 897)
prokka_SMDICMUL_pseudofinder/SMDICMUL:Prokka:SMDICMUL_00103 (length 418)
prokka_SMDICMUL_pseudofinder/SMDICMUL:Prokka:SMDICMUL_00104 (length 384)
prokka_SMDICMUL_pseudofinder/SMDICMUL:Prokka:SMDICMUL_00105 (length 465)
prokka_SMDICMUL_pseudofinder/SMDICMUL:Prokka:SMDICMUL_00106 (length 194)
prokka_SMDICMUL_pseudofinder/SMDICMUL:Prokka:SMDICMUL_00107 (length 358)
prokka_SMDICMUL_pseudofinder/SMDICMUL:Prokka:SMDICMUL_00108 (length 132)
prokka_SMDICMUL_pseudofinder/SMDICMUL:Prokka:SMDICMUL_00109 (length 265)
prokka_SMDICMUL_pseudofinder/SMDICMUL:Prokka:SMDICMUL_00110 (length 69)
prokka_SMDICMUL_pseudofinder/SMDICMUL:Prokka:SMDICMUL_00111 (length 321)
prokka_SMDICMUL_pseudofinder/SMDICMUL:Prokka:SMDICMUL_00112 (length 463)
prokka_SMDICMUL_pseudofinder/SMDICMUL:Prokka:SMDICMUL_00114 (length 58)
prokka_SMDICMUL_pseudofinder/SMDICMUL:Prokka:SMDICMUL_00115 (length 145)
prokka_SMDICMUL_pseudofinder/SMDICMUL:Prokka:SMDICMUL_00116 (length 104)
prokka_SMDICMUL_pseudofinder/SMDICMUL:Prokka:SMDICMUL_00117 (length 547)
prokka_SMDICMUL_pseudofinder/SMDICMUL:Prokka:SMDICMUL_00118 (length 89)
prokka_SMDICMUL_pseudofinder/SMDICMUL:Prokka:SMDICMUL_00119 (length 436)
prokka_SMDICMUL_pseudofinder/SMDICMUL:Prokka:SMDICMUL_00120 (length 475)
prokka_SMDICMUL_pseudofinder/SMDICMUL:Prokka:SMDICMUL_00121 (length 247)
prokka_SMDICMUL_pseudofinder/SMDICMUL:Prokka:SMDICMUL_00122 (length 430)
prokka_SMDICMUL_pseudofinder/SMDICMUL:Prokka:SMDICMUL_00123 (length 400)
prokka_SMDICMUL_pseudofinder/SMDICMUL:Prokka:SMDICMUL_00124 (length 555)
prokka_SMDICMUL_pseudofinder/SMDICMUL:Prokka:SMDICMUL_00125 (length 72)
prokka_SMDICMUL_pseudofinder/SMDICMUL:Prokka:SMDICMUL_00127 (length 90)
prokka_SMDICMUL_pseudofinder/SMDICMUL:Prokka:SMDICMUL_00129 (length 327)
prokka_SMDICMUL_pseudofinder/SMDICMUL:Prokka:SMDICMUL_00130 (length 314)
prokka_SMDICMUL_pseudofinder/SMDICMUL:Prokka:SMDICMUL_00131 (length 695)
prokka_SMDICMUL_pseudofinder/SMDICMUL:Prokka:SMDICMUL_00132 (length 56)
prokka_SMDICMUL_pseudofinder/SMDICMUL:Prokka:SMDICMUL_00133 (length 84)
prokka_SMDICMUL_pseudofinder/SMDICMUL:Prokka:SMDICMUL_00134 (length 333)
prokka_SMDICMUL_pseudofinder/SMDICMUL:Prokka:SMDICMUL_00135 (length 135)
prokka_SMDICMUL_pseudofinder/SMDICMUL:Prokka:SMDICMUL_00136 (length 159)
prokka_SMDICMUL_pseudofinder/SMDICMUL:Prokka:SMDICMUL_00137 (length 697)
prokka_SMDICMUL_pseudofinder/SMDICMUL:Prokka:SMDICMUL_00138 (length 98)
prokka_SMDICMUL_pseudofinder/SMDICMUL:Prokka:SMDICMUL_00139 (length 204)
prokka_SMDICMUL_pseudofinder/SMDICMUL:Prokka:SMDICMUL_00140 (length 215)
prokka_SMDICMUL_pseudofinder/SMDICMUL:Prokka:SMDICMUL_00141 (length 104)
prokka_SMDICMUL_pseudofinder/SMDICMUL:Prokka:SMDICMUL_00142 (length 275)
prokka_SMDICMUL_pseudofinder/SMDICMUL:Prokka:SMDICMUL_00143 (length 96)
prokka_SMDICMUL_pseudofinder/SMDICMUL:Prokka:SMDICMUL_00144 (length 119)
prokka_SMDICMUL_pseudofinder/SMDICMUL:Prokka:SMDICMUL_00145 (length 220)
prokka_SMDICMUL_pseudofinder/SMDICMUL:Prokka:SMDICMUL_00146 (length 134)
prokka_SMDICMUL_pseudofinder/SMDICMUL:Prokka:SMDICMUL_00147 (length 79)
prokka_SMDICMUL_pseudofinder/SMDICMUL:Prokka:SMDICMUL_00148 (length 122)
prokka_SMDICMUL_pseudofinder/SMDICMUL:Prokka:SMDICMUL_00149 (length 109)
prokka_SMDICMUL_pseudofinder/SMDICMUL:Prokka:SMDICMUL_00150 (length 181)
prokka_SMDICMUL_pseudofinder/SMDICMUL:Prokka:SMDICMUL_00151 (length 89)
prokka_SMDICMUL_pseudofinder/SMDICMUL:Prokka:SMDICMUL_00152 (length 129)
prokka_SMDICMUL_pseudofinder/SMDICMUL:Prokka:SMDICMUL_00153 (length 185)
prokka_SMDICMUL_pseudofinder/SMDICMUL:Prokka:SMDICMUL_00154 (length 95)
prokka_SMDICMUL_pseudofinder/SMDICMUL:Prokka:SMDICMUL_00155 (length 162)
prokka_SMDICMUL_pseudofinder/SMDICMUL:Prokka:SMDICMUL_00156 (length 157)
prokka_SMDICMUL_pseudofinder/SMDICMUL:Prokka:SMDICMUL_00157 (length 38)
prokka_SMDICMUL_pseudofinder/SMDICMUL:Prokka:SMDICMUL_00158 (length 127)
prokka_SMDICMUL_pseudofinder/SMDICMUL:Prokka:SMDICMUL_00159 (length 117)
prokka_SMDICMUL_pseudofinder/SMDICMUL:Prokka:SMDICMUL_00160 (length 219)
prokka_SMDICMUL_pseudofinder/SMDICMUL:Prokka:SMDICMUL_00161 (length 329)
prokka_SMDICMUL_pseudofinder/SMDICMUL:Prokka:SMDICMUL_00162 (length 116)
prokka_SMDICMUL_pseudofinder/SMDICMUL:Prokka:SMDICMUL_00163 (length 300)
prokka_SMDICMUL_pseudofinder/SMDICMUL:Prokka:SMDICMUL_00165 (length 541)
prokka_SMDICMUL_pseudofinder/SMDICMUL:Prokka:SMDICMUL_00166 (length 488)
prokka_SMDICMUL_pseudofinder/SMDICMUL:Prokka:SMDICMUL_00168 (length 331)
prokka_SMDICMUL_pseudofinder/SMDICMUL:Prokka:SMDICMUL_00169 (length 364)
prokka_SMDICMUL_pseudofinder/SMDICMUL:Prokka:SMDICMUL_00170 (length 141)
prokka_SMDICMUL_pseudofinder/SMDICMUL:Prokka:SMDICMUL_00171 (length 283)
prokka_SMDICMUL_pseudofinder/SMDICMUL:Prokka:SMDICMUL_00172 (length 314)
prokka_SMDICMUL_pseudofinder/SMDICMUL:Prokka:SMDICMUL_00173 (length 353)
prokka_SMDICMUL_pseudofinder/SMDICMUL:Prokka:SMDICMUL_00174 (length 77)
prokka_SMDICMUL_pseudofinder/SMDICMUL:Prokka:SMDICMUL_00175 (length 559)
prokka_SMDICMUL_pseudofinder/SMDICMUL:Prokka:SMDICMUL_00176 (length 569)

DiscRep_ALL:DISC_INCONSISTENT_MOLINFO_TECH::Molinfo Technique Report (some missing, all same)
DiscRep_SUB:DISC_INCONSISTENT_MOLINFO_TECH::technique (all missing)
DiscRep_SUB:DISC_INCONSISTENT_MOLINFO_TECH::1 Molinfos are missing field technique
prokka_SMDICMUL_pseudofinder/SMDICMUL:Prokka:SMDICMUL_1 (length 142701)

