[10:04:21] This is prokka 1.13
[10:04:21] Written by Torsten Seemann <torsten.seemann@gmail.com>
[10:04:21] Homepage is https://github.com/tseemann/prokka
[10:04:21] Local time is Mon Dec 18 10:04:21 2023
[10:04:21] You are diego
[10:04:21] Operating system is linux
[10:04:21] You have BioPerl 1.007002
[10:04:21] System has 32 cores.
[10:04:21] Option --cpu asked for 40 cores, but system only has 32
[10:04:21] Will use maximum of 32 cores.
[10:04:21] Annotating as >>> Bacteria <<<
[10:04:21] Enabling options to ensure Genbank/ENA/DDJB submission compliance.
[10:04:21] Creating new output folder: prokka_SMRHABRU
[10:04:21] Running: mkdir -p prokka_SMRHABRU
[10:04:21] Using filename prefix: prokka_SMRHABRU.XXX
[10:04:21] Setting HMMER_NCPU=1
[10:04:21] Writing log to: prokka_SMRHABRU/prokka_SMRHABRU.log
[10:04:21] Command: /home/diego/miniconda3/envs/prokka_env/bin/prokka SMRHABRU.fasta --prefix prokka_SMRHABRU --outdir prokka_SMRHABRU --cpus 40 --locustag SMRHABRU --compliant --gcode 11
[10:04:21] Appending to PATH: /home/diego/miniconda3/envs/prokka_env/bin
[10:04:21] Looking for 'aragorn' - found /home/diego/miniconda3/envs/prokka_env/bin/aragorn
[10:04:21] Determined aragorn version is 1.2
[10:04:21] Looking for 'barrnap' - found /home/diego/miniconda3/envs/prokka_env/bin/barrnap
[10:04:21] Determined barrnap version is 0.9
[10:04:21] Looking for 'blastp' - found /home/diego/miniconda3/envs/prokka_env/bin/blastp
[10:04:21] Determined blastp version is 2.14
[10:04:21] Looking for 'cmpress' - found /home/diego/miniconda3/envs/prokka_env/bin/cmpress
[10:04:21] Determined cmpress version is 1.1
[10:04:21] Looking for 'cmscan' - found /home/diego/miniconda3/envs/prokka_env/bin/cmscan
[10:04:21] Determined cmscan version is 1.1
[10:04:21] Looking for 'egrep' - found /usr/bin/egrep
[10:04:21] Looking for 'find' - found /usr/bin/find
[10:04:21] Looking for 'grep' - found /usr/bin/grep
[10:04:21] Looking for 'hmmpress' - found /home/diego/miniconda3/envs/prokka_env/bin/hmmpress
[10:04:21] Determined hmmpress version is 3.3
[10:04:21] Looking for 'hmmscan' - found /home/diego/miniconda3/envs/prokka_env/bin/hmmscan
[10:04:21] Determined hmmscan version is 3.3
[10:04:21] Looking for 'java' - found /home/diego/miniconda3/envs/prokka_env/bin/java
[10:04:21] Looking for 'less' - found /usr/bin/less
[10:04:21] Looking for 'makeblastdb' - found /home/diego/miniconda3/envs/prokka_env/bin/makeblastdb
[10:04:21] Determined makeblastdb version is 2.14
[10:04:21] Looking for 'minced' - found /home/diego/miniconda3/envs/prokka_env/bin/minced
[10:04:21] Determined minced version is 4.2
[10:04:21] Looking for 'parallel' - found /home/diego/miniconda3/envs/prokka_env/bin/parallel
[10:04:22] Determined parallel version is 20160622
[10:04:22] Looking for 'prodigal' - found /home/diego/miniconda3/envs/prokka_env/bin/prodigal
[10:04:22] Determined prodigal version is 2.6
[10:04:22] Looking for 'prokka-genbank_to_fasta_db' - found /home/diego/miniconda3/envs/prokka_env/bin/prokka-genbank_to_fasta_db
[10:04:22] Looking for 'rnammer' - found /home/diego/rnammer-1.2.src/rnammer
[10:04:22] Determined rnammer version is 1.2
[10:04:22] Looking for 'sed' - found /usr/bin/sed
[10:04:22] Looking for 'tbl2asn' - found /home/diego/miniconda3/envs/prokka_env/bin/tbl2asn
[10:04:22] Determined tbl2asn version is 25.8
[10:04:22] Using genetic code table 11.
[10:04:22] Loading and checking input file: SMRHABRU.fasta
[10:04:22] Wrote 1 contigs totalling 142272 bp.
[10:04:22] Predicting tRNAs and tmRNAs
[10:04:22] Running: aragorn -l -gc11  -w prokka_SMRHABRU\/prokka_SMRHABRU\.fna
[10:04:22] 1 tRNA-Met [9015,9089] 35 (cat)
[10:04:22] 2 tRNA-Asn c[12562,12637] 36 (gtt)
[10:04:22] 3 tRNA-Cys c[17699,17769] 33 (gca)
[10:04:22] 4 tmRNA c[21039,21276] 98,124 GKNYSLAA*
[10:04:22] 5 tRNA-Met c[21878,21953] 37 (cat)
[10:04:22] 6 tRNA-Leu [25107,25192] 36 (tag)
[10:04:22] 7 tRNA-Leu [25197,25279] 35 (caa)
[10:04:22] 8 tRNA-Ser [29789,29869] 34 (gct)
[10:04:22] 9 tRNA-Pro [29879,29953] 36 (tgg)
[10:04:22] 10 tRNA-Arg [29957,30031] 35 (tct)
[10:04:22] 11 tRNA-Ser c[35290,35376] 36 (tga)
[10:04:22] 12 tRNA-Lys [39121,39195] 36 (ttt)
[10:04:22] 13 tRNA-Asp c[39201,39274] 35 (gtc)
[10:04:22] 14 tRNA-Val c[43235,43309] 36 (tac)
[10:04:22] 15 tRNA-Leu c[56493,56579] 35 (taa)
[10:04:22] 16 tRNA-Gly c[56583,56657] 36 (gcc)
[10:04:22] 17 tRNA-Ala c[65269,65342] 35 (tgc)
[10:04:22] 18 tRNA-Ile c[65346,65420] 36 (gat)
[10:04:22] 19 tRNA-Thr [69252,69325] 35 (tgt)
[10:04:22] 20 tRNA-Tyr [69336,69417] 35 (gta)
[10:04:22] 21 tRNA-Gly [69426,69500] 36 (tcc)
[10:04:22] 22 tRNA-Thr [69503,69577] 35 (ggt)
[10:04:22] 23 tRNA-Trp [70791,70864] 35 (cca)
[10:04:22] 24 tRNA-His [82470,82545] 36 (gtg)
[10:04:22] 25 tRNA-Phe c[84388,84461] 36 (gaa)
[10:04:22] 26 tRNA-Leu c[96892,96965] 35 (gag)
[10:04:22] 27 tRNA-Met [97005,97079] 36 (cat)
[10:04:22] 28 tRNA-Glu c[107788,107859] 34 (ttc)
[10:04:22] 29 tRNA-Gln [108245,108315] 33 (ttg)
[10:04:22] 30 tRNA-Arg c[133029,133102] 35 (acg)
[10:04:22] Found 30 tRNAs
[10:04:22] Predicting Ribosomal RNAs
[10:04:22] Running Barrnap with 32 threads
[10:04:22] 1 gnl|Prokka|SMRHABRU_1 62225 5S ribosomal RNA
[10:04:22] 2 gnl|Prokka|SMRHABRU_1 62386 23S ribosomal RNA
[10:04:22] 3 gnl|Prokka|SMRHABRU_1 65437 16S ribosomal RNA
[10:04:22] Found 3 rRNAs
[10:04:22] Skipping ncRNA search, enable with --rfam if desired.
[10:04:22] Total of 32 tRNA + rRNA features
[10:04:22] Searching for CRISPR repeats
[10:04:23] Found 0 CRISPRs
[10:04:23] Predicting coding sequences
[10:04:23] Contigs total 142272 bp, so using single mode
[10:04:23] Running: prodigal -i prokka_SMRHABRU\/prokka_SMRHABRU\.fna -c -m -g 11 -p single -f sco -q
[10:04:23] Excluding CDS which overlaps existing RNA (tRNA) at gnl|Prokka|SMRHABRU_1:30028..31476 on - strand
[10:04:23] Excluding CDS which overlaps existing RNA (tRNA) at gnl|Prokka|SMRHABRU_1:55870..56499 on + strand
[10:04:23] Excluding CDS which overlaps existing RNA (tRNA) at gnl|Prokka|SMRHABRU_1:56647..59208 on - strand
[10:04:23] Found 140 CDS
[10:04:23] Connecting features back to sequences
[10:04:23] Not using genus-specific database. Try --usegenus to enable it.
[10:04:23] Annotating CDS, please be patient.
[10:04:23] Will use 32 CPUs for similarity searching.
[10:04:23] There are still 140 unannotated CDS left (started with 140)
[10:04:23] Will use blast to search against /home/diego/miniconda3/envs/prokka_env/bin/../db/kingdom/Bacteria/sprot with 32 CPUs
[10:04:23] Running: cat prokka_SMRHABRU\/sprot\.faa | parallel --gnu --plain -j 32 --block 657 --recstart '>' --pipe blastp -query - -db /home/diego/miniconda3/envs/prokka_env/bin/../db/kingdom/Bacteria/sprot -evalue 1e-06 -num_threads 1 -num_descriptions 1 -num_alignments 1 -seg no > prokka_SMRHABRU\/sprot\.blast 2> /dev/null
[10:04:24] Modify product: Probable ATP-dependent transporter SufC => putative ATP-dependent transporter SufC
[10:04:24] Cleaned 1 /product names
[10:04:24] Deleting unwanted file: prokka_SMRHABRU/sprot.faa
[10:04:24] Deleting unwanted file: prokka_SMRHABRU/sprot.blast
[10:04:24] There are still 20 unannotated CDS left (started with 140)
[10:04:24] Will use hmmer3 to search against /home/diego/miniconda3/envs/prokka_env/bin/../db/hmm/HAMAP.hmm with 32 CPUs
[10:04:24] Running: cat prokka_SMRHABRU\/HAMAP\.hmm\.faa | parallel --gnu --plain -j 32 --block 38 --recstart '>' --pipe hmmscan --noali --notextw --acc -E 1e-06 --cpu 1 /home/diego/miniconda3/envs/prokka_env/bin/../db/hmm/HAMAP.hmm /dev/stdin > prokka_SMRHABRU\/HAMAP\.hmm\.hmmer3 2> /dev/null
[10:04:25] Deleting unwanted file: prokka_SMRHABRU/HAMAP.hmm.faa
[10:04:25] Deleting unwanted file: prokka_SMRHABRU/HAMAP.hmm.hmmer3
[10:04:25] Labelling remaining 14 proteins as 'hypothetical protein'
[10:04:25] Found 125 unique /gene codes.
[10:04:25] Fixed 0 colliding /gene names.
[10:04:25] Adding /locus_tag identifiers
[10:04:25] Assigned 173 locus_tags to CDS and RNA features.
[10:04:25] Writing outputs to prokka_SMRHABRU/
[10:04:25] Generating annotation statistics file
[10:04:25] Generating Genbank and Sequin files
[10:04:25] Running: tbl2asn -V b -a r10k -l paired-ends -M n -N 1 -y 'Annotated using prokka 1.13 from https://github.com/tseemann/prokka' -Z prokka_SMRHABRU\/prokka_SMRHABRU\.err -i prokka_SMRHABRU\/prokka_SMRHABRU\.fsa 2> /dev/null
[10:04:25] Deleting unwanted file: prokka_SMRHABRU/errorsummary.val
[10:04:25] Deleting unwanted file: prokka_SMRHABRU/prokka_SMRHABRU.dr
[10:04:25] Deleting unwanted file: prokka_SMRHABRU/prokka_SMRHABRU.fixedproducts
[10:04:25] Deleting unwanted file: prokka_SMRHABRU/prokka_SMRHABRU.ecn
[10:04:25] Deleting unwanted file: prokka_SMRHABRU/prokka_SMRHABRU.val
[10:04:25] Repairing broken .GBK output that tbl2asn produces...
[10:04:25] Running: sed 's/COORDINATES: profile/COORDINATES:profile/' < prokka_SMRHABRU\/prokka_SMRHABRU\.gbf > prokka_SMRHABRU\/prokka_SMRHABRU\.gbk
[10:04:25] Deleting unwanted file: prokka_SMRHABRU/prokka_SMRHABRU.gbf
[10:04:25] Output files:
[10:04:25] prokka_SMRHABRU/prokka_SMRHABRU.log
[10:04:25] prokka_SMRHABRU/prokka_SMRHABRU.ffn
[10:04:25] prokka_SMRHABRU/prokka_SMRHABRU.fsa
[10:04:25] prokka_SMRHABRU/prokka_SMRHABRU.sqn
[10:04:25] prokka_SMRHABRU/prokka_SMRHABRU.tbl
[10:04:25] prokka_SMRHABRU/prokka_SMRHABRU.txt
[10:04:25] prokka_SMRHABRU/prokka_SMRHABRU.tsv
[10:04:25] prokka_SMRHABRU/prokka_SMRHABRU.gbk
[10:04:25] prokka_SMRHABRU/prokka_SMRHABRU.gff
[10:04:25] prokka_SMRHABRU/prokka_SMRHABRU.faa
[10:04:25] prokka_SMRHABRU/prokka_SMRHABRU.fna
[10:04:25] prokka_SMRHABRU/prokka_SMRHABRU.err
[10:04:25] Annotation finished successfully.
[10:04:25] Walltime used: 0.07 minutes
[10:04:25] If you use this result please cite the Prokka paper:
[10:04:25] Seemann T (2014) Prokka: rapid prokaryotic genome annotation. Bioinformatics. 30(14):2068-9.
[10:04:25] Type 'prokka --citation' for more details.
[10:04:25] Thank you, come again.
