Discrepancy Report Results

Summary
DISC_SOURCE_QUALS_ASNDISC:strain (all present, all unique)
DISC_SOURCE_QUALS_ASNDISC:taxname (all present, all unique)
DISC_FEATURE_COUNT:gene: 152 present
DISC_FEATURE_COUNT:CDS: 124 present
DISC_FEATURE_COUNT:tRNA: 26 present
DISC_FEATURE_COUNT:rRNA: 2 present
DISC_COUNT_NUCLEOTIDES:1 nucleotide Bioseqs are present
OVERLAPPING_GENES:99 genes overlap another gene on the same strand.
DISC_QUALITY_SCORES:Quality scores are missing on all sequences.
ONCALLER_COMMENT_PRESENT:1 comment descriptors were found (all same)
SHORT_PROT_SEQUENCES:2 protein sequences are shorter than 50 aa.
MISSING_GENOMEASSEMBLY_COMMENTS:1 bioseqs are missing GenomeAssembly structured comments
MOLTYPE_NOT_MRNA:1 molecule types are not set as mRNA.
TECHNIQUE_NOT_TSA:1 technique are not set as TSA
MISSING_STRUCTURED_COMMENT:1 sequences do not include structured comments.
MISSING_PROJECT:125 sequences do not include project.
DISC_INCONSISTENT_MOLINFO_TECH:Molinfo Technique Report (some missing, all same)


Detailed Report

DiscRep_ALL:DISC_SOURCE_QUALS_ASNDISC::strain (all present, all unique)
DiscRep_SUB:DISC_SOURCE_QUALS_ASNDISC::1 sources have unique values for strain
DiscRep_ALL:DISC_SOURCE_QUALS_ASNDISC::taxname (all present, all unique)
DiscRep_SUB:DISC_SOURCE_QUALS_ASNDISC::1 sources have unique values for taxname
DiscRep_ALL:DISC_FEATURE_COUNT::gene: 152 present
DiscRep_ALL:DISC_FEATURE_COUNT::CDS: 124 present
DiscRep_ALL:DISC_FEATURE_COUNT::tRNA: 26 present
DiscRep_ALL:DISC_FEATURE_COUNT::rRNA: 2 present
DiscRep_ALL:DISC_COUNT_NUCLEOTIDES::1 nucleotide Bioseqs are present
annotation_prokka/prokka_VFDICMUL/prokka_VFDICMUL:Prokka:VFDICMUL_1 (length 122059)

DiscRep_ALL:OVERLAPPING_GENES::99 genes overlap another gene on the same strand.
annotation_prokka/prokka_VFDICMUL/prokka_VFDICMUL:Gene	rplK	VFDICMUL_1:1268-1663	VFDICMUL_00002
annotation_prokka/prokka_VFDICMUL/prokka_VFDICMUL:Gene	VFDICMUL_00003	VFDICMUL_1:1630-2217	VFDICMUL_00003
annotation_prokka/prokka_VFDICMUL/prokka_VFDICMUL:Gene	rplJ	VFDICMUL_1:2214-2681	VFDICMUL_00004
annotation_prokka/prokka_VFDICMUL/prokka_VFDICMUL:Gene	rplL	VFDICMUL_1:2659-3006	VFDICMUL_00005
annotation_prokka/prokka_VFDICMUL/prokka_VFDICMUL:Gene	rpoB	VFDICMUL_1:3006-6710	VFDICMUL_00006
annotation_prokka/prokka_VFDICMUL/prokka_VFDICMUL:Gene	rpoC	VFDICMUL_1:6707-10474	VFDICMUL_00007
annotation_prokka/prokka_VFDICMUL/prokka_VFDICMUL:Gene	rpsL	VFDICMUL_1:10471-10857	VFDICMUL_00008
annotation_prokka/prokka_VFDICMUL/prokka_VFDICMUL:Gene	rpsG	VFDICMUL_1:10832-11305	VFDICMUL_00009
annotation_prokka/prokka_VFDICMUL/prokka_VFDICMUL:Gene	fusA	VFDICMUL_1:11314-13359	VFDICMUL_00010
annotation_prokka/prokka_VFDICMUL/prokka_VFDICMUL:Gene	rpsJ	VFDICMUL_1:13328-13633	VFDICMUL_00011
annotation_prokka/prokka_VFDICMUL/prokka_VFDICMUL:Gene	rsmA	VFDICMUL_1:c15144-14434	VFDICMUL_00014
annotation_prokka/prokka_VFDICMUL/prokka_VFDICMUL:Gene	tyrS	VFDICMUL_1:c16268-15135	VFDICMUL_00015
annotation_prokka/prokka_VFDICMUL/prokka_VFDICMUL:Gene	rpsI	VFDICMUL_1:c16614-16222	VFDICMUL_00016
annotation_prokka/prokka_VFDICMUL/prokka_VFDICMUL:Gene	rplM	VFDICMUL_1:c16909-16601	VFDICMUL_00017
annotation_prokka/prokka_VFDICMUL/prokka_VFDICMUL:Gene	dapF	VFDICMUL_1:c17711-16887	VFDICMUL_00018
annotation_prokka/prokka_VFDICMUL/prokka_VFDICMUL:Gene	VFDICMUL_00019	VFDICMUL_1:c18262-17711	VFDICMUL_00019
annotation_prokka/prokka_VFDICMUL/prokka_VFDICMUL:Gene	prs	VFDICMUL_1:18811-19671	VFDICMUL_00020
annotation_prokka/prokka_VFDICMUL/prokka_VFDICMUL:Gene	VFDICMUL_00021	VFDICMUL_1:19652-20152	VFDICMUL_00021
annotation_prokka/prokka_VFDICMUL/prokka_VFDICMUL:Gene	lysS	VFDICMUL_1:c23396-22122	VFDICMUL_00024
annotation_prokka/prokka_VFDICMUL/prokka_VFDICMUL:Gene	prfB	VFDICMUL_1:c24082-23396	VFDICMUL_00025
annotation_prokka/prokka_VFDICMUL/prokka_VFDICMUL:Gene	dapA	VFDICMUL_1:c24974-24069	VFDICMUL_00026
annotation_prokka/prokka_VFDICMUL/prokka_VFDICMUL:Gene	ileS	VFDICMUL_1:c29542-27347	VFDICMUL_00029
annotation_prokka/prokka_VFDICMUL/prokka_VFDICMUL:Gene	VFDICMUL_00030	VFDICMUL_1:c29688-29539	VFDICMUL_00030
annotation_prokka/prokka_VFDICMUL/prokka_VFDICMUL:Gene	prfA	VFDICMUL_1:c34726-33866	VFDICMUL_00034
annotation_prokka/prokka_VFDICMUL/prokka_VFDICMUL:Gene	trpC	VFDICMUL_1:c35463-34723	VFDICMUL_00035
annotation_prokka/prokka_VFDICMUL/prokka_VFDICMUL:Gene	trpD	VFDICMUL_1:c36470-35463	VFDICMUL_00036
annotation_prokka/prokka_VFDICMUL/prokka_VFDICMUL:Gene	pabA	VFDICMUL_1:c37017-36457	VFDICMUL_00037
annotation_prokka/prokka_VFDICMUL/prokka_VFDICMUL:Gene	trpE	VFDICMUL_1:c38243-37014	VFDICMUL_00038
annotation_prokka/prokka_VFDICMUL/prokka_VFDICMUL:Gene	argH	VFDICMUL_1:c39589-38240	VFDICMUL_00039
annotation_prokka/prokka_VFDICMUL/prokka_VFDICMUL:Gene	VFDICMUL_00041	VFDICMUL_1:c42131-40830	VFDICMUL_00041
annotation_prokka/prokka_VFDICMUL/prokka_VFDICMUL:Gene	thrB	VFDICMUL_1:c43128-42097	VFDICMUL_00042
annotation_prokka/prokka_VFDICMUL/prokka_VFDICMUL:Gene	asd	VFDICMUL_1:49220-50230	VFDICMUL_00048
annotation_prokka/prokka_VFDICMUL/prokka_VFDICMUL:Gene	trpF	VFDICMUL_1:50196-50795	VFDICMUL_00049
annotation_prokka/prokka_VFDICMUL/prokka_VFDICMUL:Gene	trpB	VFDICMUL_1:50788-51915	VFDICMUL_00050
annotation_prokka/prokka_VFDICMUL/prokka_VFDICMUL:Gene	trpA	VFDICMUL_1:51915-52589	VFDICMUL_00051
annotation_prokka/prokka_VFDICMUL/prokka_VFDICMUL:Gene	rpsP	VFDICMUL_1:52570-52833	VFDICMUL_00052
annotation_prokka/prokka_VFDICMUL/prokka_VFDICMUL:Gene	VFDICMUL_00053	VFDICMUL_1:52814-53041	VFDICMUL_00053
annotation_prokka/prokka_VFDICMUL/prokka_VFDICMUL:Gene	carA	VFDICMUL_1:54413-55477	VFDICMUL_00059
annotation_prokka/prokka_VFDICMUL/prokka_VFDICMUL:Gene	carB	VFDICMUL_1:55459-58539	VFDICMUL_00060
annotation_prokka/prokka_VFDICMUL/prokka_VFDICMUL:Gene	rlmE	VFDICMUL_1:58526-59077	VFDICMUL_00061
annotation_prokka/prokka_VFDICMUL/prokka_VFDICMUL:Gene	clpP	VFDICMUL_1:59074-59637	VFDICMUL_00062
annotation_prokka/prokka_VFDICMUL/prokka_VFDICMUL:Gene	VFDICMUL_00064	VFDICMUL_1:60880-61473	VFDICMUL_00064
annotation_prokka/prokka_VFDICMUL/prokka_VFDICMUL:Gene	dnaX	VFDICMUL_1:61451-62248	VFDICMUL_00065
annotation_prokka/prokka_VFDICMUL/prokka_VFDICMUL:Gene	hisG	VFDICMUL_1:62576-63151	VFDICMUL_00068
annotation_prokka/prokka_VFDICMUL/prokka_VFDICMUL:Gene	hisD	VFDICMUL_1:63139-64377	VFDICMUL_00069
annotation_prokka/prokka_VFDICMUL/prokka_VFDICMUL:Gene	hisC2	VFDICMUL_1:64371-65375	VFDICMUL_00070
annotation_prokka/prokka_VFDICMUL/prokka_VFDICMUL:Gene	hisB	VFDICMUL_1:65332-65904	VFDICMUL_00071
annotation_prokka/prokka_VFDICMUL/prokka_VFDICMUL:Gene	hisH	VFDICMUL_1:65897-66493	VFDICMUL_00072
annotation_prokka/prokka_VFDICMUL/prokka_VFDICMUL:Gene	hisA	VFDICMUL_1:66484-67170	VFDICMUL_00073
annotation_prokka/prokka_VFDICMUL/prokka_VFDICMUL:Gene	hisF	VFDICMUL_1:67170-67916	VFDICMUL_00074
annotation_prokka/prokka_VFDICMUL/prokka_VFDICMUL:Gene	hisI	VFDICMUL_1:67909-68208	VFDICMUL_00075
annotation_prokka/prokka_VFDICMUL/prokka_VFDICMUL:Gene	rplT	VFDICMUL_1:c69876-69523	VFDICMUL_00079
annotation_prokka/prokka_VFDICMUL/prokka_VFDICMUL:Gene	rpmI	VFDICMUL_1:c70027-69863	VFDICMUL_00080
annotation_prokka/prokka_VFDICMUL/prokka_VFDICMUL:Gene	VFDICMUL_00087	VFDICMUL_1:c72908-72390	VFDICMUL_00087
annotation_prokka/prokka_VFDICMUL/prokka_VFDICMUL:Gene	VFDICMUL_00088	VFDICMUL_1:c73768-72908	VFDICMUL_00088
annotation_prokka/prokka_VFDICMUL/prokka_VFDICMUL:Gene	dapL	VFDICMUL_1:73911-74990	VFDICMUL_00089
annotation_prokka/prokka_VFDICMUL/prokka_VFDICMUL:Gene	dapD	VFDICMUL_1:74938-75666	VFDICMUL_00090
annotation_prokka/prokka_VFDICMUL/prokka_VFDICMUL:Gene	thrC	VFDICMUL_1:c78307-76922	VFDICMUL_00092
annotation_prokka/prokka_VFDICMUL/prokka_VFDICMUL:Gene	hom	VFDICMUL_1:c79497-78304	VFDICMUL_00093
annotation_prokka/prokka_VFDICMUL/prokka_VFDICMUL:Gene	dnaC	VFDICMUL_1:c80750-79494	VFDICMUL_00094
annotation_prokka/prokka_VFDICMUL/prokka_VFDICMUL:Gene	VFDICMUL_00097	VFDICMUL_1:c81623-81550	VFDICMUL_00097
annotation_prokka/prokka_VFDICMUL/prokka_VFDICMUL:Gene	VFDICMUL_00098	VFDICMUL_1:c81695-81623	VFDICMUL_00098
annotation_prokka/prokka_VFDICMUL/prokka_VFDICMUL:Gene	mnmE	VFDICMUL_1:82897-84204	VFDICMUL_00099
annotation_prokka/prokka_VFDICMUL/prokka_VFDICMUL:Gene	mnmG	VFDICMUL_1:84201-86006	VFDICMUL_00100
annotation_prokka/prokka_VFDICMUL/prokka_VFDICMUL:Gene	groS	VFDICMUL_1:86081-86347	VFDICMUL_00101
annotation_prokka/prokka_VFDICMUL/prokka_VFDICMUL:Gene	groL	VFDICMUL_1:86337-87926	VFDICMUL_00102
annotation_prokka/prokka_VFDICMUL/prokka_VFDICMUL:Gene	aroA	VFDICMUL_1:87968-89245	VFDICMUL_00103
annotation_prokka/prokka_VFDICMUL/prokka_VFDICMUL:Gene	rpsA	VFDICMUL_1:89230-90273	VFDICMUL_00104
annotation_prokka/prokka_VFDICMUL/prokka_VFDICMUL:Gene	leuS	VFDICMUL_1:c99462-97414	VFDICMUL_00112
annotation_prokka/prokka_VFDICMUL/prokka_VFDICMUL:Gene	dapB	VFDICMUL_1:c100097-99462	VFDICMUL_00113
annotation_prokka/prokka_VFDICMUL/prokka_VFDICMUL:Gene	maeB	VFDICMUL_1:c101304-100090	VFDICMUL_00114
annotation_prokka/prokka_VFDICMUL/prokka_VFDICMUL:Gene	aroE	VFDICMUL_1:c101920-101276	VFDICMUL_00115
annotation_prokka/prokka_VFDICMUL/prokka_VFDICMUL:Gene	rpmA	VFDICMUL_1:c102659-102420	VFDICMUL_00117
annotation_prokka/prokka_VFDICMUL/prokka_VFDICMUL:Gene	VFDICMUL_00118	VFDICMUL_1:c102960-102652	VFDICMUL_00118
annotation_prokka/prokka_VFDICMUL/prokka_VFDICMUL:Gene	rsmH	VFDICMUL_1:c103745-102951	VFDICMUL_00119
annotation_prokka/prokka_VFDICMUL/prokka_VFDICMUL:Gene	rplC	VFDICMUL_1:109814-110284	VFDICMUL_00124
annotation_prokka/prokka_VFDICMUL/prokka_VFDICMUL:Gene	rplD	VFDICMUL_1:110229-110831	VFDICMUL_00125
annotation_prokka/prokka_VFDICMUL/prokka_VFDICMUL:Gene	VFDICMUL_00126	VFDICMUL_1:110812-111060	VFDICMUL_00126
annotation_prokka/prokka_VFDICMUL/prokka_VFDICMUL:Gene	rplB	VFDICMUL_1:110999-111808	VFDICMUL_00127
annotation_prokka/prokka_VFDICMUL/prokka_VFDICMUL:Gene	rpsS	VFDICMUL_1:111805-112071	VFDICMUL_00128
annotation_prokka/prokka_VFDICMUL/prokka_VFDICMUL:Gene	VFDICMUL_00129	VFDICMUL_1:112068-112370	VFDICMUL_00129
annotation_prokka/prokka_VFDICMUL/prokka_VFDICMUL:Gene	rpsC	VFDICMUL_1:112374-112964	VFDICMUL_00130
annotation_prokka/prokka_VFDICMUL/prokka_VFDICMUL:Gene	rplP	VFDICMUL_1:112961-113353	VFDICMUL_00131
annotation_prokka/prokka_VFDICMUL/prokka_VFDICMUL:Gene	VFDICMUL_00132	VFDICMUL_1:113350-113616	VFDICMUL_00132
annotation_prokka/prokka_VFDICMUL/prokka_VFDICMUL:Gene	rplN	VFDICMUL_1:113579-113944	VFDICMUL_00133
annotation_prokka/prokka_VFDICMUL/prokka_VFDICMUL:Gene	rplE	VFDICMUL_1:113945-114457	VFDICMUL_00134
annotation_prokka/prokka_VFDICMUL/prokka_VFDICMUL:Gene	rpsN	VFDICMUL_1:114457-114732	VFDICMUL_00135
annotation_prokka/prokka_VFDICMUL/prokka_VFDICMUL:Gene	rpsH	VFDICMUL_1:114732-115100	VFDICMUL_00136
annotation_prokka/prokka_VFDICMUL/prokka_VFDICMUL:Gene	rplF	VFDICMUL_1:115102-115629	VFDICMUL_00137
annotation_prokka/prokka_VFDICMUL/prokka_VFDICMUL:Gene	VFDICMUL_00138	VFDICMUL_1:115592-115921	VFDICMUL_00138
annotation_prokka/prokka_VFDICMUL/prokka_VFDICMUL:Gene	rpsE	VFDICMUL_1:115921-116337	VFDICMUL_00139
annotation_prokka/prokka_VFDICMUL/prokka_VFDICMUL:Gene	rplO	VFDICMUL_1:116340-116633	VFDICMUL_00140
annotation_prokka/prokka_VFDICMUL/prokka_VFDICMUL:Gene	infA	VFDICMUL_1:116620-116841	VFDICMUL_00141
annotation_prokka/prokka_VFDICMUL/prokka_VFDICMUL:Gene	rpmJ	VFDICMUL_1:116838-116951	VFDICMUL_00142
annotation_prokka/prokka_VFDICMUL/prokka_VFDICMUL:Gene	rpsM	VFDICMUL_1:116948-117292	VFDICMUL_00143
annotation_prokka/prokka_VFDICMUL/prokka_VFDICMUL:Gene	rpsK	VFDICMUL_1:117255-117629	VFDICMUL_00144
annotation_prokka/prokka_VFDICMUL/prokka_VFDICMUL:Gene	rpsD	VFDICMUL_1:117688-118209	VFDICMUL_00145
annotation_prokka/prokka_VFDICMUL/prokka_VFDICMUL:Gene	rpoA	VFDICMUL_1:118209-119072	VFDICMUL_00146
annotation_prokka/prokka_VFDICMUL/prokka_VFDICMUL:Gene	VFDICMUL_00147	VFDICMUL_1:119069-119305	VFDICMUL_00147

DiscRep_ALL:DISC_QUALITY_SCORES::Quality scores are missing on all sequences.

DiscRep_ALL:ONCALLER_COMMENT_PRESENT::1 comment descriptors were found (all same)
annotation_prokka/prokka_VFDICMUL/prokka_VFDICMUL:Prokka:VFDICMUL_1:Annotated using prokka 1.13 from https://github.com/tseemann/prokka

DiscRep_ALL:SHORT_PROT_SEQUENCES::2 protein sequences are shorter than 50 aa.
annotation_prokka/prokka_VFDICMUL/prokka_VFDICMUL:Prokka:VFDICMUL_00030 (length 49)
annotation_prokka/prokka_VFDICMUL/prokka_VFDICMUL:Prokka:VFDICMUL_00142 (length 37)

DiscRep_ALL:MISSING_GENOMEASSEMBLY_COMMENTS::1 bioseqs are missing GenomeAssembly structured comments
annotation_prokka/prokka_VFDICMUL/prokka_VFDICMUL:Prokka:VFDICMUL_1 (length 122059)

DiscRep_ALL:MOLTYPE_NOT_MRNA::1 molecule types are not set as mRNA.
annotation_prokka/prokka_VFDICMUL/prokka_VFDICMUL:Prokka:VFDICMUL_1 (length 122059)

DiscRep_ALL:TECHNIQUE_NOT_TSA::1 technique are not set as TSA
annotation_prokka/prokka_VFDICMUL/prokka_VFDICMUL:Prokka:VFDICMUL_1 (length 122059)

DiscRep_ALL:MISSING_STRUCTURED_COMMENT::1 sequences do not include structured comments.
annotation_prokka/prokka_VFDICMUL/prokka_VFDICMUL:Prokka:VFDICMUL_1 (length 122059)

DiscRep_ALL:MISSING_PROJECT::125 sequences do not include project.
annotation_prokka/prokka_VFDICMUL/prokka_VFDICMUL:Prokka:VFDICMUL_1 (length 122059)
annotation_prokka/prokka_VFDICMUL/prokka_VFDICMUL:Prokka:VFDICMUL_00002 (length 131)
annotation_prokka/prokka_VFDICMUL/prokka_VFDICMUL:Prokka:VFDICMUL_00003 (length 195)
annotation_prokka/prokka_VFDICMUL/prokka_VFDICMUL:Prokka:VFDICMUL_00004 (length 155)
annotation_prokka/prokka_VFDICMUL/prokka_VFDICMUL:Prokka:VFDICMUL_00005 (length 115)
annotation_prokka/prokka_VFDICMUL/prokka_VFDICMUL:Prokka:VFDICMUL_00006 (length 1234)
annotation_prokka/prokka_VFDICMUL/prokka_VFDICMUL:Prokka:VFDICMUL_00007 (length 1255)
annotation_prokka/prokka_VFDICMUL/prokka_VFDICMUL:Prokka:VFDICMUL_00008 (length 128)
annotation_prokka/prokka_VFDICMUL/prokka_VFDICMUL:Prokka:VFDICMUL_00009 (length 157)
annotation_prokka/prokka_VFDICMUL/prokka_VFDICMUL:Prokka:VFDICMUL_00010 (length 681)
annotation_prokka/prokka_VFDICMUL/prokka_VFDICMUL:Prokka:VFDICMUL_00011 (length 101)
annotation_prokka/prokka_VFDICMUL/prokka_VFDICMUL:Prokka:VFDICMUL_00013 (length 107)
annotation_prokka/prokka_VFDICMUL/prokka_VFDICMUL:Prokka:VFDICMUL_00014 (length 236)
annotation_prokka/prokka_VFDICMUL/prokka_VFDICMUL:Prokka:VFDICMUL_00015 (length 377)
annotation_prokka/prokka_VFDICMUL/prokka_VFDICMUL:Prokka:VFDICMUL_00016 (length 130)
annotation_prokka/prokka_VFDICMUL/prokka_VFDICMUL:Prokka:VFDICMUL_00017 (length 102)
annotation_prokka/prokka_VFDICMUL/prokka_VFDICMUL:Prokka:VFDICMUL_00018 (length 274)
annotation_prokka/prokka_VFDICMUL/prokka_VFDICMUL:Prokka:VFDICMUL_00019 (length 183)
annotation_prokka/prokka_VFDICMUL/prokka_VFDICMUL:Prokka:VFDICMUL_00020 (length 286)
annotation_prokka/prokka_VFDICMUL/prokka_VFDICMUL:Prokka:VFDICMUL_00021 (length 166)
annotation_prokka/prokka_VFDICMUL/prokka_VFDICMUL:Prokka:VFDICMUL_00022 (length 181)
annotation_prokka/prokka_VFDICMUL/prokka_VFDICMUL:Prokka:VFDICMUL_00023 (length 378)
annotation_prokka/prokka_VFDICMUL/prokka_VFDICMUL:Prokka:VFDICMUL_00024 (length 424)
annotation_prokka/prokka_VFDICMUL/prokka_VFDICMUL:Prokka:VFDICMUL_00025 (length 228)
annotation_prokka/prokka_VFDICMUL/prokka_VFDICMUL:Prokka:VFDICMUL_00026 (length 301)
annotation_prokka/prokka_VFDICMUL/prokka_VFDICMUL:Prokka:VFDICMUL_00027 (length 311)
annotation_prokka/prokka_VFDICMUL/prokka_VFDICMUL:Prokka:VFDICMUL_00029 (length 731)
annotation_prokka/prokka_VFDICMUL/prokka_VFDICMUL:Prokka:VFDICMUL_00030 (length 49)
annotation_prokka/prokka_VFDICMUL/prokka_VFDICMUL:Prokka:VFDICMUL_00031 (length 724)
annotation_prokka/prokka_VFDICMUL/prokka_VFDICMUL:Prokka:VFDICMUL_00032 (length 172)
annotation_prokka/prokka_VFDICMUL/prokka_VFDICMUL:Prokka:VFDICMUL_00033 (length 364)
annotation_prokka/prokka_VFDICMUL/prokka_VFDICMUL:Prokka:VFDICMUL_00034 (length 286)
annotation_prokka/prokka_VFDICMUL/prokka_VFDICMUL:Prokka:VFDICMUL_00035 (length 246)
annotation_prokka/prokka_VFDICMUL/prokka_VFDICMUL:Prokka:VFDICMUL_00036 (length 335)
annotation_prokka/prokka_VFDICMUL/prokka_VFDICMUL:Prokka:VFDICMUL_00037 (length 186)
annotation_prokka/prokka_VFDICMUL/prokka_VFDICMUL:Prokka:VFDICMUL_00038 (length 409)
annotation_prokka/prokka_VFDICMUL/prokka_VFDICMUL:Prokka:VFDICMUL_00039 (length 449)
annotation_prokka/prokka_VFDICMUL/prokka_VFDICMUL:Prokka:VFDICMUL_00040 (length 320)
annotation_prokka/prokka_VFDICMUL/prokka_VFDICMUL:Prokka:VFDICMUL_00041 (length 433)
annotation_prokka/prokka_VFDICMUL/prokka_VFDICMUL:Prokka:VFDICMUL_00042 (length 343)
annotation_prokka/prokka_VFDICMUL/prokka_VFDICMUL:Prokka:VFDICMUL_00043 (length 463)
annotation_prokka/prokka_VFDICMUL/prokka_VFDICMUL:Prokka:VFDICMUL_00044 (length 961)
annotation_prokka/prokka_VFDICMUL/prokka_VFDICMUL:Prokka:VFDICMUL_00048 (length 336)
annotation_prokka/prokka_VFDICMUL/prokka_VFDICMUL:Prokka:VFDICMUL_00049 (length 199)
annotation_prokka/prokka_VFDICMUL/prokka_VFDICMUL:Prokka:VFDICMUL_00050 (length 375)
annotation_prokka/prokka_VFDICMUL/prokka_VFDICMUL:Prokka:VFDICMUL_00051 (length 224)
annotation_prokka/prokka_VFDICMUL/prokka_VFDICMUL:Prokka:VFDICMUL_00052 (length 87)
annotation_prokka/prokka_VFDICMUL/prokka_VFDICMUL:Prokka:VFDICMUL_00053 (length 75)
annotation_prokka/prokka_VFDICMUL/prokka_VFDICMUL:Prokka:VFDICMUL_00055 (length 86)
annotation_prokka/prokka_VFDICMUL/prokka_VFDICMUL:Prokka:VFDICMUL_00056 (length 68)
annotation_prokka/prokka_VFDICMUL/prokka_VFDICMUL:Prokka:VFDICMUL_00059 (length 354)
annotation_prokka/prokka_VFDICMUL/prokka_VFDICMUL:Prokka:VFDICMUL_00060 (length 1026)
annotation_prokka/prokka_VFDICMUL/prokka_VFDICMUL:Prokka:VFDICMUL_00061 (length 183)
annotation_prokka/prokka_VFDICMUL/prokka_VFDICMUL:Prokka:VFDICMUL_00062 (length 187)
annotation_prokka/prokka_VFDICMUL/prokka_VFDICMUL:Prokka:VFDICMUL_00064 (length 197)
annotation_prokka/prokka_VFDICMUL/prokka_VFDICMUL:Prokka:VFDICMUL_00065 (length 265)
annotation_prokka/prokka_VFDICMUL/prokka_VFDICMUL:Prokka:VFDICMUL_00068 (length 191)
annotation_prokka/prokka_VFDICMUL/prokka_VFDICMUL:Prokka:VFDICMUL_00069 (length 412)
annotation_prokka/prokka_VFDICMUL/prokka_VFDICMUL:Prokka:VFDICMUL_00070 (length 334)
annotation_prokka/prokka_VFDICMUL/prokka_VFDICMUL:Prokka:VFDICMUL_00071 (length 190)
annotation_prokka/prokka_VFDICMUL/prokka_VFDICMUL:Prokka:VFDICMUL_00072 (length 198)
annotation_prokka/prokka_VFDICMUL/prokka_VFDICMUL:Prokka:VFDICMUL_00073 (length 228)
annotation_prokka/prokka_VFDICMUL/prokka_VFDICMUL:Prokka:VFDICMUL_00074 (length 248)
annotation_prokka/prokka_VFDICMUL/prokka_VFDICMUL:Prokka:VFDICMUL_00075 (length 99)
annotation_prokka/prokka_VFDICMUL/prokka_VFDICMUL:Prokka:VFDICMUL_00079 (length 117)
annotation_prokka/prokka_VFDICMUL/prokka_VFDICMUL:Prokka:VFDICMUL_00080 (length 54)
annotation_prokka/prokka_VFDICMUL/prokka_VFDICMUL:Prokka:VFDICMUL_00081 (length 143)
annotation_prokka/prokka_VFDICMUL/prokka_VFDICMUL:Prokka:VFDICMUL_00086 (length 130)
annotation_prokka/prokka_VFDICMUL/prokka_VFDICMUL:Prokka:VFDICMUL_00087 (length 172)
annotation_prokka/prokka_VFDICMUL/prokka_VFDICMUL:Prokka:VFDICMUL_00088 (length 286)
annotation_prokka/prokka_VFDICMUL/prokka_VFDICMUL:Prokka:VFDICMUL_00089 (length 359)
annotation_prokka/prokka_VFDICMUL/prokka_VFDICMUL:Prokka:VFDICMUL_00090 (length 242)
annotation_prokka/prokka_VFDICMUL/prokka_VFDICMUL:Prokka:VFDICMUL_00091 (length 284)
annotation_prokka/prokka_VFDICMUL/prokka_VFDICMUL:Prokka:VFDICMUL_00092 (length 461)
annotation_prokka/prokka_VFDICMUL/prokka_VFDICMUL:Prokka:VFDICMUL_00093 (length 397)
annotation_prokka/prokka_VFDICMUL/prokka_VFDICMUL:Prokka:VFDICMUL_00094 (length 418)
annotation_prokka/prokka_VFDICMUL/prokka_VFDICMUL:Prokka:VFDICMUL_00095 (length 58)
annotation_prokka/prokka_VFDICMUL/prokka_VFDICMUL:Prokka:VFDICMUL_00096 (length 68)
annotation_prokka/prokka_VFDICMUL/prokka_VFDICMUL:Prokka:VFDICMUL_00099 (length 435)
annotation_prokka/prokka_VFDICMUL/prokka_VFDICMUL:Prokka:VFDICMUL_00100 (length 601)
annotation_prokka/prokka_VFDICMUL/prokka_VFDICMUL:Prokka:VFDICMUL_00101 (length 88)
annotation_prokka/prokka_VFDICMUL/prokka_VFDICMUL:Prokka:VFDICMUL_00102 (length 529)
annotation_prokka/prokka_VFDICMUL/prokka_VFDICMUL:Prokka:VFDICMUL_00103 (length 425)
annotation_prokka/prokka_VFDICMUL/prokka_VFDICMUL:Prokka:VFDICMUL_00104 (length 347)
annotation_prokka/prokka_VFDICMUL/prokka_VFDICMUL:Prokka:VFDICMUL_00105 (length 327)
annotation_prokka/prokka_VFDICMUL/prokka_VFDICMUL:Prokka:VFDICMUL_00106 (length 236)
annotation_prokka/prokka_VFDICMUL/prokka_VFDICMUL:Prokka:VFDICMUL_00107 (length 341)
annotation_prokka/prokka_VFDICMUL/prokka_VFDICMUL:Prokka:VFDICMUL_00108 (length 601)
annotation_prokka/prokka_VFDICMUL/prokka_VFDICMUL:Prokka:VFDICMUL_00109 (length 136)
annotation_prokka/prokka_VFDICMUL/prokka_VFDICMUL:Prokka:VFDICMUL_00110 (length 322)
annotation_prokka/prokka_VFDICMUL/prokka_VFDICMUL:Prokka:VFDICMUL_00111 (length 331)
annotation_prokka/prokka_VFDICMUL/prokka_VFDICMUL:Prokka:VFDICMUL_00112 (length 682)
annotation_prokka/prokka_VFDICMUL/prokka_VFDICMUL:Prokka:VFDICMUL_00113 (length 211)
annotation_prokka/prokka_VFDICMUL/prokka_VFDICMUL:Prokka:VFDICMUL_00114 (length 404)
annotation_prokka/prokka_VFDICMUL/prokka_VFDICMUL:Prokka:VFDICMUL_00115 (length 214)
annotation_prokka/prokka_VFDICMUL/prokka_VFDICMUL:Prokka:VFDICMUL_00116 (length 138)
annotation_prokka/prokka_VFDICMUL/prokka_VFDICMUL:Prokka:VFDICMUL_00117 (length 79)
annotation_prokka/prokka_VFDICMUL/prokka_VFDICMUL:Prokka:VFDICMUL_00118 (length 102)
annotation_prokka/prokka_VFDICMUL/prokka_VFDICMUL:Prokka:VFDICMUL_00119 (length 264)
annotation_prokka/prokka_VFDICMUL/prokka_VFDICMUL:Prokka:VFDICMUL_00124 (length 156)
annotation_prokka/prokka_VFDICMUL/prokka_VFDICMUL:Prokka:VFDICMUL_00125 (length 200)
annotation_prokka/prokka_VFDICMUL/prokka_VFDICMUL:Prokka:VFDICMUL_00126 (length 82)
annotation_prokka/prokka_VFDICMUL/prokka_VFDICMUL:Prokka:VFDICMUL_00127 (length 269)
annotation_prokka/prokka_VFDICMUL/prokka_VFDICMUL:Prokka:VFDICMUL_00128 (length 88)
annotation_prokka/prokka_VFDICMUL/prokka_VFDICMUL:Prokka:VFDICMUL_00129 (length 100)
annotation_prokka/prokka_VFDICMUL/prokka_VFDICMUL:Prokka:VFDICMUL_00130 (length 196)
annotation_prokka/prokka_VFDICMUL/prokka_VFDICMUL:Prokka:VFDICMUL_00131 (length 130)
annotation_prokka/prokka_VFDICMUL/prokka_VFDICMUL:Prokka:VFDICMUL_00132 (length 88)
annotation_prokka/prokka_VFDICMUL/prokka_VFDICMUL:Prokka:VFDICMUL_00133 (length 121)
annotation_prokka/prokka_VFDICMUL/prokka_VFDICMUL:Prokka:VFDICMUL_00134 (length 170)
annotation_prokka/prokka_VFDICMUL/prokka_VFDICMUL:Prokka:VFDICMUL_00135 (length 91)
annotation_prokka/prokka_VFDICMUL/prokka_VFDICMUL:Prokka:VFDICMUL_00136 (length 122)
annotation_prokka/prokka_VFDICMUL/prokka_VFDICMUL:Prokka:VFDICMUL_00137 (length 175)
annotation_prokka/prokka_VFDICMUL/prokka_VFDICMUL:Prokka:VFDICMUL_00138 (length 109)
annotation_prokka/prokka_VFDICMUL/prokka_VFDICMUL:Prokka:VFDICMUL_00139 (length 138)
annotation_prokka/prokka_VFDICMUL/prokka_VFDICMUL:Prokka:VFDICMUL_00140 (length 97)
annotation_prokka/prokka_VFDICMUL/prokka_VFDICMUL:Prokka:VFDICMUL_00141 (length 73)
annotation_prokka/prokka_VFDICMUL/prokka_VFDICMUL:Prokka:VFDICMUL_00142 (length 37)
annotation_prokka/prokka_VFDICMUL/prokka_VFDICMUL:Prokka:VFDICMUL_00143 (length 114)
annotation_prokka/prokka_VFDICMUL/prokka_VFDICMUL:Prokka:VFDICMUL_00144 (length 124)
annotation_prokka/prokka_VFDICMUL/prokka_VFDICMUL:Prokka:VFDICMUL_00145 (length 173)
annotation_prokka/prokka_VFDICMUL/prokka_VFDICMUL:Prokka:VFDICMUL_00146 (length 287)
annotation_prokka/prokka_VFDICMUL/prokka_VFDICMUL:Prokka:VFDICMUL_00147 (length 78)
annotation_prokka/prokka_VFDICMUL/prokka_VFDICMUL:Prokka:VFDICMUL_00148 (length 344)
annotation_prokka/prokka_VFDICMUL/prokka_VFDICMUL:Prokka:VFDICMUL_00149 (length 135)

DiscRep_ALL:DISC_INCONSISTENT_MOLINFO_TECH::Molinfo Technique Report (some missing, all same)
DiscRep_SUB:DISC_INCONSISTENT_MOLINFO_TECH::technique (all missing)
DiscRep_SUB:DISC_INCONSISTENT_MOLINFO_TECH::1 Molinfos are missing field technique
annotation_prokka/prokka_VFDICMUL/prokka_VFDICMUL:Prokka:VFDICMUL_1 (length 122059)

