Discrepancy Report Results

Summary
DISC_SOURCE_QUALS_ASNDISC:strain (all present, all unique)
DISC_SOURCE_QUALS_ASNDISC:taxname (all present, all unique)
DISC_FEATURE_COUNT:gene: 165 present
DISC_FEATURE_COUNT:CDS: 133 present
DISC_FEATURE_COUNT:tRNA: 28 present
DISC_FEATURE_COUNT:rRNA: 3 present
DISC_FEATURE_COUNT:tmRNA: 1 present
DISC_COUNT_NUCLEOTIDES:1 nucleotide Bioseqs are present
OVERLAPPING_GENES:39 genes overlap another gene on the same strand.
DISC_QUALITY_SCORES:Quality scores are missing on all sequences.
ONCALLER_COMMENT_PRESENT:1 comment descriptors were found (all same)
MISSING_GENOMEASSEMBLY_COMMENTS:1 bioseqs are missing GenomeAssembly structured comments
MOLTYPE_NOT_MRNA:1 molecule types are not set as mRNA.
TECHNIQUE_NOT_TSA:1 technique are not set as TSA
MISSING_STRUCTURED_COMMENT:1 sequences do not include structured comments.
MISSING_PROJECT:134 sequences do not include project.
DISC_INCONSISTENT_MOLINFO_TECH:Molinfo Technique Report (some missing, all same)


Detailed Report

DiscRep_ALL:DISC_SOURCE_QUALS_ASNDISC::strain (all present, all unique)
DiscRep_SUB:DISC_SOURCE_QUALS_ASNDISC::1 sources have unique values for strain
DiscRep_ALL:DISC_SOURCE_QUALS_ASNDISC::taxname (all present, all unique)
DiscRep_SUB:DISC_SOURCE_QUALS_ASNDISC::1 sources have unique values for taxname
DiscRep_ALL:DISC_FEATURE_COUNT::gene: 165 present
DiscRep_ALL:DISC_FEATURE_COUNT::CDS: 133 present
DiscRep_ALL:DISC_FEATURE_COUNT::tRNA: 28 present
DiscRep_ALL:DISC_FEATURE_COUNT::rRNA: 3 present
DiscRep_ALL:DISC_FEATURE_COUNT::tmRNA: 1 present
DiscRep_ALL:DISC_COUNT_NUCLEOTIDES::1 nucleotide Bioseqs are present
prokka_SMPINALT/prokka_SMPINALT:Prokka:SMPINALT_1 (length 137978)

DiscRep_ALL:OVERLAPPING_GENES::39 genes overlap another gene on the same strand.
prokka_SMPINALT/prokka_SMPINALT:Gene	lepA	SMPINALT_1:c11515-9707	SMPINALT_00011
prokka_SMPINALT/prokka_SMPINALT:Gene	SMPINALT_00012	SMPINALT_1:c12501-11512	SMPINALT_00012
prokka_SMPINALT/prokka_SMPINALT:Gene	gltX	SMPINALT_1:c18257-16737	SMPINALT_00017
prokka_SMPINALT/prokka_SMPINALT:Gene	rplI	SMPINALT_1:c18439-18254	SMPINALT_00018
prokka_SMPINALT/prokka_SMPINALT:Gene	rpsR	SMPINALT_1:c18737-18447	SMPINALT_00019
prokka_SMPINALT/prokka_SMPINALT:Gene	rpsF	SMPINALT_1:c19078-18737	SMPINALT_00020
prokka_SMPINALT/prokka_SMPINALT:Gene	rpmI	SMPINALT_1:c50046-49840	SMPINALT_00057
prokka_SMPINALT/prokka_SMPINALT:Gene	infC	SMPINALT_1:c50557-50009	SMPINALT_00058
prokka_SMPINALT/prokka_SMPINALT:Gene	rplM	SMPINALT_1:52616-53032	SMPINALT_00060
prokka_SMPINALT/prokka_SMPINALT:Gene	rpsI	SMPINALT_1:53032-53406	SMPINALT_00061
prokka_SMPINALT/prokka_SMPINALT:Gene	rpsB	SMPINALT_1:53406-54146	SMPINALT_00062
prokka_SMPINALT/prokka_SMPINALT:Gene	tsf	SMPINALT_1:54128-54781	SMPINALT_00063
prokka_SMPINALT/prokka_SMPINALT:Gene	rplK	SMPINALT_1:69274-69717	SMPINALT_00082
prokka_SMPINALT/prokka_SMPINALT:Gene	rplA	SMPINALT_1:69698-70333	SMPINALT_00083
prokka_SMPINALT/prokka_SMPINALT:Gene	rplJ	SMPINALT_1:70340-70882	SMPINALT_00084
prokka_SMPINALT/prokka_SMPINALT:Gene	rplL	SMPINALT_1:70860-71222	SMPINALT_00085
prokka_SMPINALT/prokka_SMPINALT:Gene	rpoC	SMPINALT_1:74954-79039	SMPINALT_00087
prokka_SMPINALT/prokka_SMPINALT:Gene	rluD	SMPINALT_1:78984-79994	SMPINALT_00088
prokka_SMPINALT/prokka_SMPINALT:Gene	leuC1	SMPINALT_1:87137-88552	SMPINALT_00096
prokka_SMPINALT/prokka_SMPINALT:Gene	leuD	SMPINALT_1:88539-89117	SMPINALT_00097
prokka_SMPINALT/prokka_SMPINALT:Gene	sufC	SMPINALT_1:100048-100791	SMPINALT_00111
prokka_SMPINALT/prokka_SMPINALT:Gene	sufD	SMPINALT_1:100791-102116	SMPINALT_00112
prokka_SMPINALT/prokka_SMPINALT:Gene	sufS	SMPINALT_1:102122-103399	SMPINALT_00113
prokka_SMPINALT/prokka_SMPINALT:Gene	infB	SMPINALT_1:103338-104999	SMPINALT_00114
prokka_SMPINALT/prokka_SMPINALT:Gene	rpsJ	SMPINALT_1:112709-113008	SMPINALT_00129
prokka_SMPINALT/prokka_SMPINALT:Gene	rplC	SMPINALT_1:113002-113703	SMPINALT_00130
prokka_SMPINALT/prokka_SMPINALT:Gene	rplD	SMPINALT_1:113645-114289	SMPINALT_00131
prokka_SMPINALT/prokka_SMPINALT:Gene	rpsS	SMPINALT_1:115476-115784	SMPINALT_00134
prokka_SMPINALT/prokka_SMPINALT:Gene	SMPINALT_00135	SMPINALT_1:115778-116131	SMPINALT_00135
prokka_SMPINALT/prokka_SMPINALT:Gene	rpsC	SMPINALT_1:116115-116801	SMPINALT_00136
prokka_SMPINALT/prokka_SMPINALT:Gene	rplP	SMPINALT_1:116779-117186	SMPINALT_00137
prokka_SMPINALT/prokka_SMPINALT:Gene	rpsQ	SMPINALT_1:117186-117446	SMPINALT_00138
prokka_SMPINALT/prokka_SMPINALT:Gene	rplN	SMPINALT_1:117421-117789	SMPINALT_00139
prokka_SMPINALT/prokka_SMPINALT:Gene	SMPINALT_00140	SMPINALT_1:117801-118154	SMPINALT_00140
prokka_SMPINALT/prokka_SMPINALT:Gene	rplE	SMPINALT_1:118138-118695	SMPINALT_00141
prokka_SMPINALT/prokka_SMPINALT:Gene	rpsN2	SMPINALT_1:118688-118957	SMPINALT_00142
prokka_SMPINALT/prokka_SMPINALT:Gene	rpoA	SMPINALT_1:123022-124230	SMPINALT_00152
prokka_SMPINALT/prokka_SMPINALT:Gene	rplQ	SMPINALT_1:124208-124558	SMPINALT_00153
prokka_SMPINALT/prokka_SMPINALT:Gene	rsmH	SMPINALT_1:124558-125451	SMPINALT_00154

DiscRep_ALL:DISC_QUALITY_SCORES::Quality scores are missing on all sequences.

DiscRep_ALL:ONCALLER_COMMENT_PRESENT::1 comment descriptors were found (all same)
prokka_SMPINALT/prokka_SMPINALT:Prokka:SMPINALT_1:Annotated using prokka 1.13 from https://github.com/tseemann/prokka

DiscRep_ALL:MISSING_GENOMEASSEMBLY_COMMENTS::1 bioseqs are missing GenomeAssembly structured comments
prokka_SMPINALT/prokka_SMPINALT:Prokka:SMPINALT_1 (length 137978)

DiscRep_ALL:MOLTYPE_NOT_MRNA::1 molecule types are not set as mRNA.
prokka_SMPINALT/prokka_SMPINALT:Prokka:SMPINALT_1 (length 137978)

DiscRep_ALL:TECHNIQUE_NOT_TSA::1 technique are not set as TSA
prokka_SMPINALT/prokka_SMPINALT:Prokka:SMPINALT_1 (length 137978)

DiscRep_ALL:MISSING_STRUCTURED_COMMENT::1 sequences do not include structured comments.
prokka_SMPINALT/prokka_SMPINALT:Prokka:SMPINALT_1 (length 137978)

DiscRep_ALL:MISSING_PROJECT::134 sequences do not include project.
prokka_SMPINALT/prokka_SMPINALT:Prokka:SMPINALT_1 (length 137978)
prokka_SMPINALT/prokka_SMPINALT:Prokka:SMPINALT_00001 (length 224)
prokka_SMPINALT/prokka_SMPINALT:Prokka:SMPINALT_00002 (length 857)
prokka_SMPINALT/prokka_SMPINALT:Prokka:SMPINALT_00003 (length 100)
prokka_SMPINALT/prokka_SMPINALT:Prokka:SMPINALT_00004 (length 381)
prokka_SMPINALT/prokka_SMPINALT:Prokka:SMPINALT_00005 (length 396)
prokka_SMPINALT/prokka_SMPINALT:Prokka:SMPINALT_00006 (length 384)
prokka_SMPINALT/prokka_SMPINALT:Prokka:SMPINALT_00007 (length 364)
prokka_SMPINALT/prokka_SMPINALT:Prokka:SMPINALT_00008 (length 252)
prokka_SMPINALT/prokka_SMPINALT:Prokka:SMPINALT_00011 (length 602)
prokka_SMPINALT/prokka_SMPINALT:Prokka:SMPINALT_00012 (length 329)
prokka_SMPINALT/prokka_SMPINALT:Prokka:SMPINALT_00013 (length 539)
prokka_SMPINALT/prokka_SMPINALT:Prokka:SMPINALT_00014 (length 568)
prokka_SMPINALT/prokka_SMPINALT:Prokka:SMPINALT_00016 (length 194)
prokka_SMPINALT/prokka_SMPINALT:Prokka:SMPINALT_00017 (length 506)
prokka_SMPINALT/prokka_SMPINALT:Prokka:SMPINALT_00018 (length 61)
prokka_SMPINALT/prokka_SMPINALT:Prokka:SMPINALT_00019 (length 96)
prokka_SMPINALT/prokka_SMPINALT:Prokka:SMPINALT_00020 (length 113)
prokka_SMPINALT/prokka_SMPINALT:Prokka:SMPINALT_00022 (length 81)
prokka_SMPINALT/prokka_SMPINALT:Prokka:SMPINALT_00024 (length 442)
prokka_SMPINALT/prokka_SMPINALT:Prokka:SMPINALT_00025 (length 186)
prokka_SMPINALT/prokka_SMPINALT:Prokka:SMPINALT_00026 (length 317)
prokka_SMPINALT/prokka_SMPINALT:Prokka:SMPINALT_00027 (length 53)
prokka_SMPINALT/prokka_SMPINALT:Prokka:SMPINALT_00029 (length 263)
prokka_SMPINALT/prokka_SMPINALT:Prokka:SMPINALT_00030 (length 281)
prokka_SMPINALT/prokka_SMPINALT:Prokka:SMPINALT_00031 (length 308)
prokka_SMPINALT/prokka_SMPINALT:Prokka:SMPINALT_00032 (length 446)
prokka_SMPINALT/prokka_SMPINALT:Prokka:SMPINALT_00033 (length 365)
prokka_SMPINALT/prokka_SMPINALT:Prokka:SMPINALT_00037 (length 110)
prokka_SMPINALT/prokka_SMPINALT:Prokka:SMPINALT_00038 (length 443)
prokka_SMPINALT/prokka_SMPINALT:Prokka:SMPINALT_00039 (length 617)
prokka_SMPINALT/prokka_SMPINALT:Prokka:SMPINALT_00041 (length 492)
prokka_SMPINALT/prokka_SMPINALT:Prokka:SMPINALT_00042 (length 375)
prokka_SMPINALT/prokka_SMPINALT:Prokka:SMPINALT_00043 (length 311)
prokka_SMPINALT/prokka_SMPINALT:Prokka:SMPINALT_00046 (length 1115)
prokka_SMPINALT/prokka_SMPINALT:Prokka:SMPINALT_00048 (length 460)
prokka_SMPINALT/prokka_SMPINALT:Prokka:SMPINALT_00049 (length 290)
prokka_SMPINALT/prokka_SMPINALT:Prokka:SMPINALT_00050 (length 306)
prokka_SMPINALT/prokka_SMPINALT:Prokka:SMPINALT_00051 (length 101)
prokka_SMPINALT/prokka_SMPINALT:Prokka:SMPINALT_00052 (length 370)
prokka_SMPINALT/prokka_SMPINALT:Prokka:SMPINALT_00053 (length 392)
prokka_SMPINALT/prokka_SMPINALT:Prokka:SMPINALT_00054 (length 351)
prokka_SMPINALT/prokka_SMPINALT:Prokka:SMPINALT_00055 (length 146)
prokka_SMPINALT/prokka_SMPINALT:Prokka:SMPINALT_00056 (length 113)
prokka_SMPINALT/prokka_SMPINALT:Prokka:SMPINALT_00057 (length 68)
prokka_SMPINALT/prokka_SMPINALT:Prokka:SMPINALT_00058 (length 182)
prokka_SMPINALT/prokka_SMPINALT:Prokka:SMPINALT_00059 (length 634)
prokka_SMPINALT/prokka_SMPINALT:Prokka:SMPINALT_00060 (length 138)
prokka_SMPINALT/prokka_SMPINALT:Prokka:SMPINALT_00061 (length 124)
prokka_SMPINALT/prokka_SMPINALT:Prokka:SMPINALT_00062 (length 246)
prokka_SMPINALT/prokka_SMPINALT:Prokka:SMPINALT_00063 (length 217)
prokka_SMPINALT/prokka_SMPINALT:Prokka:SMPINALT_00066 (length 851)
prokka_SMPINALT/prokka_SMPINALT:Prokka:SMPINALT_00067 (length 399)
prokka_SMPINALT/prokka_SMPINALT:Prokka:SMPINALT_00068 (length 221)
prokka_SMPINALT/prokka_SMPINALT:Prokka:SMPINALT_00069 (length 359)
prokka_SMPINALT/prokka_SMPINALT:Prokka:SMPINALT_00075 (length 475)
prokka_SMPINALT/prokka_SMPINALT:Prokka:SMPINALT_00076 (length 140)
prokka_SMPINALT/prokka_SMPINALT:Prokka:SMPINALT_00082 (length 147)
prokka_SMPINALT/prokka_SMPINALT:Prokka:SMPINALT_00083 (length 211)
prokka_SMPINALT/prokka_SMPINALT:Prokka:SMPINALT_00084 (length 180)
prokka_SMPINALT/prokka_SMPINALT:Prokka:SMPINALT_00085 (length 120)
prokka_SMPINALT/prokka_SMPINALT:Prokka:SMPINALT_00086 (length 1229)
prokka_SMPINALT/prokka_SMPINALT:Prokka:SMPINALT_00087 (length 1361)
prokka_SMPINALT/prokka_SMPINALT:Prokka:SMPINALT_00088 (length 336)
prokka_SMPINALT/prokka_SMPINALT:Prokka:SMPINALT_00090 (length 81)
prokka_SMPINALT/prokka_SMPINALT:Prokka:SMPINALT_00091 (length 412)
prokka_SMPINALT/prokka_SMPINALT:Prokka:SMPINALT_00093 (length 904)
prokka_SMPINALT/prokka_SMPINALT:Prokka:SMPINALT_00094 (length 419)
prokka_SMPINALT/prokka_SMPINALT:Prokka:SMPINALT_00095 (length 382)
prokka_SMPINALT/prokka_SMPINALT:Prokka:SMPINALT_00096 (length 471)
prokka_SMPINALT/prokka_SMPINALT:Prokka:SMPINALT_00097 (length 192)
prokka_SMPINALT/prokka_SMPINALT:Prokka:SMPINALT_00098 (length 353)
prokka_SMPINALT/prokka_SMPINALT:Prokka:SMPINALT_00099 (length 260)
prokka_SMPINALT/prokka_SMPINALT:Prokka:SMPINALT_00100 (length 63)
prokka_SMPINALT/prokka_SMPINALT:Prokka:SMPINALT_00101 (length 463)
prokka_SMPINALT/prokka_SMPINALT:Prokka:SMPINALT_00104 (length 428)
prokka_SMPINALT/prokka_SMPINALT:Prokka:SMPINALT_00105 (length 156)
prokka_SMPINALT/prokka_SMPINALT:Prokka:SMPINALT_00106 (length 106)
prokka_SMPINALT/prokka_SMPINALT:Prokka:SMPINALT_00107 (length 547)
prokka_SMPINALT/prokka_SMPINALT:Prokka:SMPINALT_00108 (length 90)
prokka_SMPINALT/prokka_SMPINALT:Prokka:SMPINALT_00109 (length 432)
prokka_SMPINALT/prokka_SMPINALT:Prokka:SMPINALT_00110 (length 466)
prokka_SMPINALT/prokka_SMPINALT:Prokka:SMPINALT_00111 (length 247)
prokka_SMPINALT/prokka_SMPINALT:Prokka:SMPINALT_00112 (length 441)
prokka_SMPINALT/prokka_SMPINALT:Prokka:SMPINALT_00113 (length 425)
prokka_SMPINALT/prokka_SMPINALT:Prokka:SMPINALT_00114 (length 553)
prokka_SMPINALT/prokka_SMPINALT:Prokka:SMPINALT_00115 (length 82)
prokka_SMPINALT/prokka_SMPINALT:Prokka:SMPINALT_00117 (length 100)
prokka_SMPINALT/prokka_SMPINALT:Prokka:SMPINALT_00119 (length 156)
prokka_SMPINALT/prokka_SMPINALT:Prokka:SMPINALT_00120 (length 59)
prokka_SMPINALT/prokka_SMPINALT:Prokka:SMPINALT_00121 (length 162)
prokka_SMPINALT/prokka_SMPINALT:Prokka:SMPINALT_00122 (length 326)
prokka_SMPINALT/prokka_SMPINALT:Prokka:SMPINALT_00123 (length 311)
prokka_SMPINALT/prokka_SMPINALT:Prokka:SMPINALT_00124 (length 62)
prokka_SMPINALT/prokka_SMPINALT:Prokka:SMPINALT_00125 (length 82)
prokka_SMPINALT/prokka_SMPINALT:Prokka:SMPINALT_00126 (length 124)
prokka_SMPINALT/prokka_SMPINALT:Prokka:SMPINALT_00127 (length 161)
prokka_SMPINALT/prokka_SMPINALT:Prokka:SMPINALT_00128 (length 694)
prokka_SMPINALT/prokka_SMPINALT:Prokka:SMPINALT_00129 (length 99)
prokka_SMPINALT/prokka_SMPINALT:Prokka:SMPINALT_00130 (length 233)
prokka_SMPINALT/prokka_SMPINALT:Prokka:SMPINALT_00131 (length 214)
prokka_SMPINALT/prokka_SMPINALT:Prokka:SMPINALT_00132 (length 108)
prokka_SMPINALT/prokka_SMPINALT:Prokka:SMPINALT_00133 (length 276)
prokka_SMPINALT/prokka_SMPINALT:Prokka:SMPINALT_00134 (length 102)
prokka_SMPINALT/prokka_SMPINALT:Prokka:SMPINALT_00135 (length 117)
prokka_SMPINALT/prokka_SMPINALT:Prokka:SMPINALT_00136 (length 228)
prokka_SMPINALT/prokka_SMPINALT:Prokka:SMPINALT_00137 (length 135)
prokka_SMPINALT/prokka_SMPINALT:Prokka:SMPINALT_00138 (length 86)
prokka_SMPINALT/prokka_SMPINALT:Prokka:SMPINALT_00139 (length 122)
prokka_SMPINALT/prokka_SMPINALT:Prokka:SMPINALT_00140 (length 117)
prokka_SMPINALT/prokka_SMPINALT:Prokka:SMPINALT_00141 (length 185)
prokka_SMPINALT/prokka_SMPINALT:Prokka:SMPINALT_00142 (length 89)
prokka_SMPINALT/prokka_SMPINALT:Prokka:SMPINALT_00143 (length 130)
prokka_SMPINALT/prokka_SMPINALT:Prokka:SMPINALT_00144 (length 187)
prokka_SMPINALT/prokka_SMPINALT:Prokka:SMPINALT_00145 (length 101)
prokka_SMPINALT/prokka_SMPINALT:Prokka:SMPINALT_00146 (length 164)
prokka_SMPINALT/prokka_SMPINALT:Prokka:SMPINALT_00147 (length 151)
prokka_SMPINALT/prokka_SMPINALT:Prokka:SMPINALT_00148 (length 75)
prokka_SMPINALT/prokka_SMPINALT:Prokka:SMPINALT_00149 (length 126)
prokka_SMPINALT/prokka_SMPINALT:Prokka:SMPINALT_00150 (length 119)
prokka_SMPINALT/prokka_SMPINALT:Prokka:SMPINALT_00151 (length 195)
prokka_SMPINALT/prokka_SMPINALT:Prokka:SMPINALT_00152 (length 402)
prokka_SMPINALT/prokka_SMPINALT:Prokka:SMPINALT_00153 (length 116)
prokka_SMPINALT/prokka_SMPINALT:Prokka:SMPINALT_00154 (length 297)
prokka_SMPINALT/prokka_SMPINALT:Prokka:SMPINALT_00155 (length 538)
prokka_SMPINALT/prokka_SMPINALT:Prokka:SMPINALT_00156 (length 499)
prokka_SMPINALT/prokka_SMPINALT:Prokka:SMPINALT_00158 (length 329)
prokka_SMPINALT/prokka_SMPINALT:Prokka:SMPINALT_00159 (length 393)
prokka_SMPINALT/prokka_SMPINALT:Prokka:SMPINALT_00160 (length 150)
prokka_SMPINALT/prokka_SMPINALT:Prokka:SMPINALT_00161 (length 322)
prokka_SMPINALT/prokka_SMPINALT:Prokka:SMPINALT_00162 (length 345)
prokka_SMPINALT/prokka_SMPINALT:Prokka:SMPINALT_00163 (length 86)
prokka_SMPINALT/prokka_SMPINALT:Prokka:SMPINALT_00164 (length 560)
prokka_SMPINALT/prokka_SMPINALT:Prokka:SMPINALT_00165 (length 564)

DiscRep_ALL:DISC_INCONSISTENT_MOLINFO_TECH::Molinfo Technique Report (some missing, all same)
DiscRep_SUB:DISC_INCONSISTENT_MOLINFO_TECH::technique (all missing)
DiscRep_SUB:DISC_INCONSISTENT_MOLINFO_TECH::1 Molinfos are missing field technique
prokka_SMPINALT/prokka_SMPINALT:Prokka:SMPINALT_1 (length 137978)

