[20:35:25] This is prokka 1.13
[20:35:25] Written by Torsten Seemann <torsten.seemann@gmail.com>
[20:35:25] Homepage is https://github.com/tseemann/prokka
[20:35:25] Local time is Tue Nov  7 20:35:25 2023
[20:35:25] You are diego
[20:35:25] Operating system is linux
[20:35:25] You have BioPerl 1.007002
[20:35:25] System has 32 cores.
[20:35:25] Will use maximum of 30 cores.
[20:35:25] Annotating as >>> Bacteria <<<
[20:35:25] Enabling options to ensure Genbank/ENA/DDJB submission compliance.
[20:35:25] Re-using existing --outdir annotation_prokka/prokka_VFTRYOCC
[20:35:25] Using filename prefix: prokka_VFTRYOCC.XXX
[20:35:25] Setting HMMER_NCPU=1
[20:35:25] Writing log to: annotation_prokka/prokka_VFTRYOCC/prokka_VFTRYOCC.log
[20:35:25] Command: /home/diego/miniconda3/envs/prokka_env/bin/prokka VFTRYOCC.fasta --prefix prokka_VFTRYOCC --outdir annotation_prokka/prokka_VFTRYOCC --cpus 30 --locustag VFTRYOCC --gcode 11 --force --compliant
[20:35:25] Appending to PATH: /home/diego/miniconda3/envs/prokka_env/bin
[20:35:25] Looking for 'aragorn' - found /home/diego/miniconda3/envs/prokka_env/bin/aragorn
[20:35:25] Determined aragorn version is 1.2
[20:35:25] Looking for 'barrnap' - found /home/diego/miniconda3/envs/prokka_env/bin/barrnap
[20:35:25] Determined barrnap version is 0.9
[20:35:25] Looking for 'blastp' - found /home/diego/miniconda3/envs/prokka_env/bin/blastp
[20:35:25] Determined blastp version is 2.14
[20:35:25] Looking for 'cmpress' - found /home/diego/miniconda3/envs/prokka_env/bin/cmpress
[20:35:25] Determined cmpress version is 1.1
[20:35:25] Looking for 'cmscan' - found /home/diego/miniconda3/envs/prokka_env/bin/cmscan
[20:35:25] Determined cmscan version is 1.1
[20:35:25] Looking for 'egrep' - found /usr/bin/egrep
[20:35:25] Looking for 'find' - found /usr/bin/find
[20:35:25] Looking for 'grep' - found /usr/bin/grep
[20:35:25] Looking for 'hmmpress' - found /home/diego/miniconda3/envs/prokka_env/bin/hmmpress
[20:35:25] Determined hmmpress version is 3.3
[20:35:25] Looking for 'hmmscan' - found /home/diego/miniconda3/envs/prokka_env/bin/hmmscan
[20:35:26] Determined hmmscan version is 3.3
[20:35:26] Looking for 'java' - found /home/diego/miniconda3/envs/prokka_env/bin/java
[20:35:26] Looking for 'less' - found /usr/bin/less
[20:35:26] Looking for 'makeblastdb' - found /home/diego/miniconda3/envs/prokka_env/bin/makeblastdb
[20:35:26] Determined makeblastdb version is 2.14
[20:35:26] Looking for 'minced' - found /home/diego/miniconda3/envs/prokka_env/bin/minced
[20:35:26] Determined minced version is 4.2
[20:35:26] Looking for 'parallel' - found /home/diego/miniconda3/envs/prokka_env/bin/parallel
[20:35:26] Determined parallel version is 20160622
[20:35:26] Looking for 'prodigal' - found /home/diego/miniconda3/envs/prokka_env/bin/prodigal
[20:35:26] Determined prodigal version is 2.6
[20:35:26] Looking for 'prokka-genbank_to_fasta_db' - found /home/diego/miniconda3/envs/prokka_env/bin/prokka-genbank_to_fasta_db
[20:35:26] Looking for 'rnammer' - found /home/diego/rnammer-1.2.src/rnammer
[20:35:26] Determined rnammer version is 1.2
[20:35:26] Looking for 'sed' - found /usr/bin/sed
[20:35:26] Looking for 'tbl2asn' - found /home/diego/miniconda3/envs/prokka_env/bin/tbl2asn
[20:35:26] Determined tbl2asn version is 25.8
[20:35:26] Using genetic code table 11.
[20:35:26] Loading and checking input file: VFTRYOCC.fasta
[20:35:26] Wrote 1 contigs totalling 108583 bp.
[20:35:26] Predicting tRNAs and tmRNAs
[20:35:26] Running: aragorn -l -gc11  -w annotation_prokka\/prokka_VFTRYOCC\/prokka_VFTRYOCC\.fna
[20:35:26] 1 tRNA-Met [38292,38363] 33 (cat)
[20:35:26] 2 tRNA-Asn c[45870,45944] 35 (gtt)
[20:35:26] 3 tRNA-Cys c[46607,46678] 33 (gca)
[20:35:26] 4 tRNA-His [59267,59339] 33 (gtg)
[20:35:26] 5 tRNA-Lys c[60169,60242] 34 (ttt)
[20:35:26] 6 tRNA-Arg c[62253,62324] 34 (tct)
[20:35:26] 7 tRNA-Met c[62451,62522] 33 (cat)
[20:35:26] 8 tRNA-Pro [62559,62632] 35 (tgg)
[20:35:26] 9 tRNA-Asp c[71120,71193] 34 (gtc)
[20:35:26] 10 tRNA-Glu c[71193,71265] 34 (ttc)
[20:35:26] 11 tRNA-Ala c[90426,90499] 34 (tgc)
[20:35:26] 12 tRNA-Ile c[94614,94687] 34 (gat)
[20:35:26] 13 tRNA-Met [108418,108489] 34 (cat)
[20:35:26] 14 tRNA-Ile [108505,108574] 33 (tat)
[20:35:26] Found 14 tRNAs
[20:35:26] Predicting Ribosomal RNAs
[20:35:26] Running Barrnap with 30 threads
[20:35:26] 1 gnl|Prokka|VFTRYOCC_1 91853 23S ribosomal RNA
[20:35:26] 2 gnl|Prokka|VFTRYOCC_1 94701 16S ribosomal RNA
[20:35:26] Found 2 rRNAs
[20:35:26] Skipping ncRNA search, enable with --rfam if desired.
[20:35:26] Total of 16 tRNA + rRNA features
[20:35:26] Searching for CRISPR repeats
[20:35:26] Found 0 CRISPRs
[20:35:26] Predicting coding sequences
[20:35:26] Contigs total 108583 bp, so using single mode
[20:35:26] Running: prodigal -i annotation_prokka\/prokka_VFTRYOCC\/prokka_VFTRYOCC\.fna -c -m -g 11 -p single -f sco -q
[20:35:26] Excluding CDS which overlaps existing RNA (tRNA) at gnl|Prokka|VFTRYOCC_1:36871..38301 on + strand
[20:35:26] Excluding CDS which overlaps existing RNA (tRNA) at gnl|Prokka|VFTRYOCC_1:38288..41332 on + strand
[20:35:26] Excluding CDS which overlaps existing RNA (tRNA) at gnl|Prokka|VFTRYOCC_1:45628..45870 on + strand
[20:35:26] Excluding CDS which overlaps existing RNA (tRNA) at gnl|Prokka|VFTRYOCC_1:45944..46498 on + strand
[20:35:26] Excluding CDS which overlaps existing RNA (tRNA) at gnl|Prokka|VFTRYOCC_1:46470..46640 on + strand
[20:35:26] Excluding CDS which overlaps existing RNA (tRNA) at gnl|Prokka|VFTRYOCC_1:59344..60183 on + strand
[20:35:26] Excluding CDS which overlaps existing RNA (tRNA) at gnl|Prokka|VFTRYOCC_1:60232..60582 on - strand
[20:35:26] Excluding CDS which overlaps existing RNA (tRNA) at gnl|Prokka|VFTRYOCC_1:71256..72491 on - strand
[20:35:26] Excluding CDS which overlaps existing RNA (rRNA) at gnl|Prokka|VFTRYOCC_1:92024..92323 on + strand
[20:35:26] Excluding CDS which overlaps existing RNA (rRNA) at gnl|Prokka|VFTRYOCC_1:92635..92778 on + strand
[20:35:26] Excluding CDS which overlaps existing RNA (tRNA) at gnl|Prokka|VFTRYOCC_1:107391..108431 on + strand
[20:35:26] Found 112 CDS
[20:35:26] Connecting features back to sequences
[20:35:26] Not using genus-specific database. Try --usegenus to enable it.
[20:35:26] Annotating CDS, please be patient.
[20:35:26] Will use 30 CPUs for similarity searching.
[20:35:26] There are still 112 unannotated CDS left (started with 112)
[20:35:26] Will use blast to search against /home/diego/miniconda3/envs/prokka_env/bin/../db/kingdom/Bacteria/sprot with 30 CPUs
[20:35:26] Running: cat annotation_prokka\/prokka_VFTRYOCC\/sprot\.faa | parallel --gnu --plain -j 30 --block 488 --recstart '>' --pipe blastp -query - -db /home/diego/miniconda3/envs/prokka_env/bin/../db/kingdom/Bacteria/sprot -evalue 1e-06 -num_threads 1 -num_descriptions 1 -num_alignments 1 -seg no > annotation_prokka\/prokka_VFTRYOCC\/sprot\.blast 2> /dev/null
[20:35:27] Deleting unwanted file: annotation_prokka/prokka_VFTRYOCC/sprot.faa
[20:35:27] Deleting unwanted file: annotation_prokka/prokka_VFTRYOCC/sprot.blast
[20:35:27] There are still 29 unannotated CDS left (started with 112)
[20:35:27] Will use hmmer3 to search against /home/diego/miniconda3/envs/prokka_env/bin/../db/hmm/HAMAP.hmm with 30 CPUs
[20:35:27] Running: cat annotation_prokka\/prokka_VFTRYOCC\/HAMAP\.hmm\.faa | parallel --gnu --plain -j 30 --block 74 --recstart '>' --pipe hmmscan --noali --notextw --acc -E 1e-06 --cpu 1 /home/diego/miniconda3/envs/prokka_env/bin/../db/hmm/HAMAP.hmm /dev/stdin > annotation_prokka\/prokka_VFTRYOCC\/HAMAP\.hmm\.hmmer3 2> /dev/null
[20:35:27] Deleting unwanted file: annotation_prokka/prokka_VFTRYOCC/HAMAP.hmm.faa
[20:35:27] Deleting unwanted file: annotation_prokka/prokka_VFTRYOCC/HAMAP.hmm.hmmer3
[20:35:27] Labelling remaining 22 proteins as 'hypothetical protein'
[20:35:27] Found 90 unique /gene codes.
[20:35:27] Fixed 0 colliding /gene names.
[20:35:27] Adding /locus_tag identifiers
[20:35:27] Assigned 128 locus_tags to CDS and RNA features.
[20:35:27] Writing outputs to annotation_prokka/prokka_VFTRYOCC/
[20:35:27] Generating annotation statistics file
[20:35:27] Generating Genbank and Sequin files
[20:35:27] Running: tbl2asn -V b -a r10k -l paired-ends -M n -N 1 -y 'Annotated using prokka 1.13 from https://github.com/tseemann/prokka' -Z annotation_prokka\/prokka_VFTRYOCC\/prokka_VFTRYOCC\.err -i annotation_prokka\/prokka_VFTRYOCC\/prokka_VFTRYOCC\.fsa 2> /dev/null
[20:35:27] Deleting unwanted file: annotation_prokka/prokka_VFTRYOCC/errorsummary.val
[20:35:27] Deleting unwanted file: annotation_prokka/prokka_VFTRYOCC/prokka_VFTRYOCC.dr
[20:35:27] Deleting unwanted file: annotation_prokka/prokka_VFTRYOCC/prokka_VFTRYOCC.fixedproducts
[20:35:27] Deleting unwanted file: annotation_prokka/prokka_VFTRYOCC/prokka_VFTRYOCC.ecn
[20:35:27] Deleting unwanted file: annotation_prokka/prokka_VFTRYOCC/prokka_VFTRYOCC.val
[20:35:27] Repairing broken .GBK output that tbl2asn produces...
[20:35:27] Running: sed 's/COORDINATES: profile/COORDINATES:profile/' < annotation_prokka\/prokka_VFTRYOCC\/prokka_VFTRYOCC\.gbf > annotation_prokka\/prokka_VFTRYOCC\/prokka_VFTRYOCC\.gbk
[20:35:27] Deleting unwanted file: annotation_prokka/prokka_VFTRYOCC/prokka_VFTRYOCC.gbf
[20:35:27] Output files:
[20:35:27] annotation_prokka/prokka_VFTRYOCC/prokka_VFTRYOCC.faa
[20:35:27] annotation_prokka/prokka_VFTRYOCC/prokka_VFTRYOCC.tbl
[20:35:27] annotation_prokka/prokka_VFTRYOCC/prokka_VFTRYOCC.ffn
[20:35:27] annotation_prokka/prokka_VFTRYOCC/prokka_VFTRYOCC.sqn
[20:35:27] annotation_prokka/prokka_VFTRYOCC/prokka_VFTRYOCC.fna
[20:35:27] annotation_prokka/prokka_VFTRYOCC/prokka_VFTRYOCC.err
[20:35:27] annotation_prokka/prokka_VFTRYOCC/prokka_VFTRYOCC.gbk
[20:35:27] annotation_prokka/prokka_VFTRYOCC/prokka_VFTRYOCC.gff
[20:35:27] annotation_prokka/prokka_VFTRYOCC/prokka_VFTRYOCC.log
[20:35:27] annotation_prokka/prokka_VFTRYOCC/prokka_VFTRYOCC.txt
[20:35:27] annotation_prokka/prokka_VFTRYOCC/prokka_VFTRYOCC.tsv
[20:35:27] annotation_prokka/prokka_VFTRYOCC/prokka_VFTRYOCC.fsa
[20:35:27] Annotation finished successfully.
[20:35:27] Walltime used: 0.03 minutes
[20:35:27] If you use this result please cite the Prokka paper:
[20:35:27] Seemann T (2014) Prokka: rapid prokaryotic genome annotation. Bioinformatics. 30(14):2068-9.
[20:35:27] Type 'prokka --citation' for more details.
[20:35:27] Thank you, come again.
