[10:02:35] This is prokka 1.13
[10:02:35] Written by Torsten Seemann <torsten.seemann@gmail.com>
[10:02:35] Homepage is https://github.com/tseemann/prokka
[10:02:35] Local time is Mon Dec 18 10:02:35 2023
[10:02:35] You are diego
[10:02:35] Operating system is linux
[10:02:35] You have BioPerl 1.007002
[10:02:35] System has 32 cores.
[10:02:35] Option --cpu asked for 40 cores, but system only has 32
[10:02:35] Will use maximum of 32 cores.
[10:02:35] Annotating as >>> Bacteria <<<
[10:02:35] Enabling options to ensure Genbank/ENA/DDJB submission compliance.
[10:02:35] Creating new output folder: prokka_SMMEETHA
[10:02:35] Running: mkdir -p prokka_SMMEETHA
[10:02:35] Using filename prefix: prokka_SMMEETHA.XXX
[10:02:35] Setting HMMER_NCPU=1
[10:02:35] Writing log to: prokka_SMMEETHA/prokka_SMMEETHA.log
[10:02:35] Command: /home/diego/miniconda3/envs/prokka_env/bin/prokka SMMEETHA.fasta --prefix prokka_SMMEETHA --outdir prokka_SMMEETHA --cpus 40 --locustag SMMEETHA --compliant --gcode 11
[10:02:35] Appending to PATH: /home/diego/miniconda3/envs/prokka_env/bin
[10:02:35] Looking for 'aragorn' - found /home/diego/miniconda3/envs/prokka_env/bin/aragorn
[10:02:35] Determined aragorn version is 1.2
[10:02:35] Looking for 'barrnap' - found /home/diego/miniconda3/envs/prokka_env/bin/barrnap
[10:02:35] Determined barrnap version is 0.9
[10:02:35] Looking for 'blastp' - found /home/diego/miniconda3/envs/prokka_env/bin/blastp
[10:02:35] Determined blastp version is 2.14
[10:02:35] Looking for 'cmpress' - found /home/diego/miniconda3/envs/prokka_env/bin/cmpress
[10:02:35] Determined cmpress version is 1.1
[10:02:35] Looking for 'cmscan' - found /home/diego/miniconda3/envs/prokka_env/bin/cmscan
[10:02:35] Determined cmscan version is 1.1
[10:02:35] Looking for 'egrep' - found /usr/bin/egrep
[10:02:35] Looking for 'find' - found /usr/bin/find
[10:02:35] Looking for 'grep' - found /usr/bin/grep
[10:02:35] Looking for 'hmmpress' - found /home/diego/miniconda3/envs/prokka_env/bin/hmmpress
[10:02:35] Determined hmmpress version is 3.3
[10:02:35] Looking for 'hmmscan' - found /home/diego/miniconda3/envs/prokka_env/bin/hmmscan
[10:02:35] Determined hmmscan version is 3.3
[10:02:35] Looking for 'java' - found /home/diego/miniconda3/envs/prokka_env/bin/java
[10:02:35] Looking for 'less' - found /usr/bin/less
[10:02:35] Looking for 'makeblastdb' - found /home/diego/miniconda3/envs/prokka_env/bin/makeblastdb
[10:02:35] Determined makeblastdb version is 2.14
[10:02:35] Looking for 'minced' - found /home/diego/miniconda3/envs/prokka_env/bin/minced
[10:02:35] Determined minced version is 4.2
[10:02:35] Looking for 'parallel' - found /home/diego/miniconda3/envs/prokka_env/bin/parallel
[10:02:35] Determined parallel version is 20160622
[10:02:35] Looking for 'prodigal' - found /home/diego/miniconda3/envs/prokka_env/bin/prodigal
[10:02:35] Determined prodigal version is 2.6
[10:02:35] Looking for 'prokka-genbank_to_fasta_db' - found /home/diego/miniconda3/envs/prokka_env/bin/prokka-genbank_to_fasta_db
[10:02:35] Looking for 'rnammer' - found /home/diego/rnammer-1.2.src/rnammer
[10:02:35] Determined rnammer version is 1.2
[10:02:35] Looking for 'sed' - found /usr/bin/sed
[10:02:35] Looking for 'tbl2asn' - found /home/diego/miniconda3/envs/prokka_env/bin/tbl2asn
[10:02:35] Determined tbl2asn version is 25.8
[10:02:35] Using genetic code table 11.
[10:02:35] Loading and checking input file: SMMEETHA.fasta
[10:02:35] Wrote 1 contigs totalling 148682 bp.
[10:02:35] Predicting tRNAs and tmRNAs
[10:02:35] Running: aragorn -l -gc11  -w prokka_SMMEETHA\/prokka_SMMEETHA\.fna
[10:02:35] 1 tRNA-Met [11314,11387] 34 (cat)
[10:02:35] 2 tRNA-Asn c[14796,14871] 36 (gtt)
[10:02:35] 3 tRNA-Cys c[20326,20396] 33 (gca)
[10:02:35] 4 tmRNA c[25260,25565] 97,123 GKNYSIAA*
[10:02:35] 5 tRNA-Met c[26145,26220] 36 (cat)
[10:02:35] 6 tRNA-Leu [30170,30255] 36 (tag)
[10:02:35] 7 tRNA-Leu [30258,30345] 36 (caa)
[10:02:35] 8 tRNA-Ser [35882,35964] 35 (gct)
[10:02:35] 9 tRNA-Pro [35973,36047] 36 (tgg)
[10:02:35] 10 tRNA-Arg [36051,36125] 35 (tct)
[10:02:35] 11 tRNA-Ser c[41464,41550] 36 (tga)
[10:02:35] 12 tRNA-Lys [45313,45386] 35 (ttt)
[10:02:35] 13 tRNA-Asp c[45391,45463] 35 (gtc)
[10:02:35] 14 tRNA-Val c[49409,49483] 36 (tac)
[10:02:35] 15 tRNA-Leu c[62707,62794] 36 (taa)
[10:02:35] 16 tRNA-Gly c[62799,62872] 35 (gcc)
[10:02:35] 17 tRNA-Ala c[72625,72698] 35 (tgc)
[10:02:35] 18 tRNA-Ile c[72701,72775] 36 (gat)
[10:02:35] 19 tRNA-Thr [76650,76725] 36 (tgt)
[10:02:35] 20 tRNA-Tyr [76736,76817] 35 (gta)
[10:02:35] 21 tRNA-Gly [76826,76896] 33 (tcc)
[10:02:35] 22 tRNA-Thr [76904,76979] 36 (ggt)
[10:02:35] 23 tRNA-Trp [78197,78268] 33 (cca)
[10:02:35] 24 tRNA-His [87368,87445] 36 (gtg)
[10:02:35] 25 tRNA-Phe c[89982,90054] 35 (gaa)
[10:02:35] 26 tRNA-Leu c[102243,102316] 35 (gag)
[10:02:35] 27 tRNA-Met [102824,102899] 36 (cat)
[10:02:35] 28 tRNA-Glu c[112503,112577] 35 (ttc)
[10:02:35] 29 tRNA-Gln [112900,112970] 33 (ttg)
[10:02:35] 30 tRNA-Arg c[139445,139518] 35 (acg)
[10:02:35] Found 30 tRNAs
[10:02:35] Predicting Ribosomal RNAs
[10:02:35] Running Barrnap with 32 threads
[10:02:36] 1 gnl|Prokka|SMMEETHA_1 69583 5S ribosomal RNA
[10:02:36] 2 gnl|Prokka|SMMEETHA_1 69739 23S ribosomal RNA
[10:02:36] 3 gnl|Prokka|SMMEETHA_1 72780 16S ribosomal RNA
[10:02:36] Found 3 rRNAs
[10:02:36] Skipping ncRNA search, enable with --rfam if desired.
[10:02:36] Total of 32 tRNA + rRNA features
[10:02:36] Searching for CRISPR repeats
[10:02:36] Found 0 CRISPRs
[10:02:36] Predicting coding sequences
[10:02:36] Contigs total 148682 bp, so using single mode
[10:02:36] Running: prodigal -i prokka_SMMEETHA\/prokka_SMMEETHA\.fna -c -m -g 11 -p single -f sco -q
[10:02:36] Excluding CDS which overlaps existing RNA (tRNA) at gnl|Prokka|SMMEETHA_1:11424..14831 on + strand
[10:02:36] Excluding CDS which overlaps existing RNA (tRNA) at gnl|Prokka|SMMEETHA_1:36122..37579 on - strand
[10:02:36] Excluding CDS which overlaps existing RNA (tRNA) at gnl|Prokka|SMMEETHA_1:76028..76660 on + strand
[10:02:36] Excluding CDS which overlaps existing RNA (tRNA) at gnl|Prokka|SMMEETHA_1:112555..112839 on - strand
[10:02:36] Found 136 CDS
[10:02:36] Connecting features back to sequences
[10:02:36] Not using genus-specific database. Try --usegenus to enable it.
[10:02:36] Annotating CDS, please be patient.
[10:02:36] Will use 32 CPUs for similarity searching.
[10:02:36] There are still 136 unannotated CDS left (started with 136)
[10:02:36] Will use blast to search against /home/diego/miniconda3/envs/prokka_env/bin/../db/kingdom/Bacteria/sprot with 32 CPUs
[10:02:36] Running: cat prokka_SMMEETHA\/sprot\.faa | parallel --gnu --plain -j 32 --block 647 --recstart '>' --pipe blastp -query - -db /home/diego/miniconda3/envs/prokka_env/bin/../db/kingdom/Bacteria/sprot -evalue 1e-06 -num_threads 1 -num_descriptions 1 -num_alignments 1 -seg no > prokka_SMMEETHA\/sprot\.blast 2> /dev/null
[10:02:38] Modify product: Uncharacterized protease YdcP => putative protease YdcP
[10:02:38] Modify product: Probable ATP-dependent transporter SufC => putative ATP-dependent transporter SufC
[10:02:38] Modify product: Probable branched-chain-amino-acid aminotransferase => putative branched-chain-amino-acid aminotransferase
[10:02:38] Cleaned 3 /product names
[10:02:38] Deleting unwanted file: prokka_SMMEETHA/sprot.faa
[10:02:38] Deleting unwanted file: prokka_SMMEETHA/sprot.blast
[10:02:38] There are still 20 unannotated CDS left (started with 136)
[10:02:38] Will use hmmer3 to search against /home/diego/miniconda3/envs/prokka_env/bin/../db/hmm/HAMAP.hmm with 32 CPUs
[10:02:38] Running: cat prokka_SMMEETHA\/HAMAP\.hmm\.faa | parallel --gnu --plain -j 32 --block 34 --recstart '>' --pipe hmmscan --noali --notextw --acc -E 1e-06 --cpu 1 /home/diego/miniconda3/envs/prokka_env/bin/../db/hmm/HAMAP.hmm /dev/stdin > prokka_SMMEETHA\/HAMAP\.hmm\.hmmer3 2> /dev/null
[10:02:38] Deleting unwanted file: prokka_SMMEETHA/HAMAP.hmm.faa
[10:02:38] Deleting unwanted file: prokka_SMMEETHA/HAMAP.hmm.hmmer3
[10:02:38] Labelling remaining 12 proteins as 'hypothetical protein'
[10:02:38] Found 123 unique /gene codes.
[10:02:38] Fixed 0 colliding /gene names.
[10:02:38] Adding /locus_tag identifiers
[10:02:38] Assigned 169 locus_tags to CDS and RNA features.
[10:02:38] Writing outputs to prokka_SMMEETHA/
[10:02:38] Generating annotation statistics file
[10:02:38] Generating Genbank and Sequin files
[10:02:38] Running: tbl2asn -V b -a r10k -l paired-ends -M n -N 1 -y 'Annotated using prokka 1.13 from https://github.com/tseemann/prokka' -Z prokka_SMMEETHA\/prokka_SMMEETHA\.err -i prokka_SMMEETHA\/prokka_SMMEETHA\.fsa 2> /dev/null
[10:02:39] Deleting unwanted file: prokka_SMMEETHA/errorsummary.val
[10:02:39] Deleting unwanted file: prokka_SMMEETHA/prokka_SMMEETHA.dr
[10:02:39] Deleting unwanted file: prokka_SMMEETHA/prokka_SMMEETHA.fixedproducts
[10:02:39] Deleting unwanted file: prokka_SMMEETHA/prokka_SMMEETHA.ecn
[10:02:39] Deleting unwanted file: prokka_SMMEETHA/prokka_SMMEETHA.val
[10:02:39] Repairing broken .GBK output that tbl2asn produces...
[10:02:39] Running: sed 's/COORDINATES: profile/COORDINATES:profile/' < prokka_SMMEETHA\/prokka_SMMEETHA\.gbf > prokka_SMMEETHA\/prokka_SMMEETHA\.gbk
[10:02:39] Deleting unwanted file: prokka_SMMEETHA/prokka_SMMEETHA.gbf
[10:02:39] Output files:
[10:02:39] prokka_SMMEETHA/prokka_SMMEETHA.err
[10:02:39] prokka_SMMEETHA/prokka_SMMEETHA.tbl
[10:02:39] prokka_SMMEETHA/prokka_SMMEETHA.txt
[10:02:39] prokka_SMMEETHA/prokka_SMMEETHA.gff
[10:02:39] prokka_SMMEETHA/prokka_SMMEETHA.fsa
[10:02:39] prokka_SMMEETHA/prokka_SMMEETHA.gbk
[10:02:39] prokka_SMMEETHA/prokka_SMMEETHA.sqn
[10:02:39] prokka_SMMEETHA/prokka_SMMEETHA.faa
[10:02:39] prokka_SMMEETHA/prokka_SMMEETHA.tsv
[10:02:39] prokka_SMMEETHA/prokka_SMMEETHA.ffn
[10:02:39] prokka_SMMEETHA/prokka_SMMEETHA.log
[10:02:39] prokka_SMMEETHA/prokka_SMMEETHA.fna
[10:02:39] Annotation finished successfully.
[10:02:39] Walltime used: 0.07 minutes
[10:02:39] If you use this result please cite the Prokka paper:
[10:02:39] Seemann T (2014) Prokka: rapid prokaryotic genome annotation. Bioinformatics. 30(14):2068-9.
[10:02:39] Type 'prokka --citation' for more details.
[10:02:39] Thank you, come again.
