Discrepancy Report Results

Summary
DISC_SOURCE_QUALS_ASNDISC:strain (all present, all unique)
DISC_SOURCE_QUALS_ASNDISC:taxname (all present, all unique)
DISC_FEATURE_COUNT:gene: 169 present
DISC_FEATURE_COUNT:CDS: 140 present
DISC_FEATURE_COUNT:tRNA: 27 present
DISC_FEATURE_COUNT:rRNA: 2 present
DISC_COUNT_NUCLEOTIDES:1 nucleotide Bioseqs are present
OVERLAPPING_GENES:126 genes overlap another gene on the same strand.
RNA_CDS_OVERLAP:22 coding regions overlap RNA features
DISC_QUALITY_SCORES:Quality scores are missing on all sequences.
ONCALLER_COMMENT_PRESENT:1 comment descriptors were found (all same)
SHORT_PROT_SEQUENCES:5 protein sequences are shorter than 50 aa.
MISSING_GENOMEASSEMBLY_COMMENTS:1 bioseqs are missing GenomeAssembly structured comments
MOLTYPE_NOT_MRNA:1 molecule types are not set as mRNA.
TECHNIQUE_NOT_TSA:1 technique are not set as TSA
MISSING_STRUCTURED_COMMENT:1 sequences do not include structured comments.
MISSING_PROJECT:141 sequences do not include project.
DISC_INCONSISTENT_MOLINFO_TECH:Molinfo Technique Report (some missing, all same)


Detailed Report

DiscRep_ALL:DISC_SOURCE_QUALS_ASNDISC::strain (all present, all unique)
DiscRep_SUB:DISC_SOURCE_QUALS_ASNDISC::1 sources have unique values for strain
DiscRep_ALL:DISC_SOURCE_QUALS_ASNDISC::taxname (all present, all unique)
DiscRep_SUB:DISC_SOURCE_QUALS_ASNDISC::1 sources have unique values for taxname
DiscRep_ALL:DISC_FEATURE_COUNT::gene: 169 present
DiscRep_ALL:DISC_FEATURE_COUNT::CDS: 140 present
DiscRep_ALL:DISC_FEATURE_COUNT::tRNA: 27 present
DiscRep_ALL:DISC_FEATURE_COUNT::rRNA: 2 present
DiscRep_ALL:DISC_COUNT_NUCLEOTIDES::1 nucleotide Bioseqs are present
prokka_VFSCODIS_pseudofinder/VFSCODIS:Prokka:VFSCODIS_1 (length 119635)

DiscRep_ALL:OVERLAPPING_GENES::126 genes overlap another gene on the same strand.
prokka_VFSCODIS_pseudofinder/VFSCODIS:Gene	tufA	VFSCODIS_1:1-1182	VFSCODIS_00001
prokka_VFSCODIS_pseudofinder/VFSCODIS:Gene	VFSCODIS_00002	VFSCODIS_1:1173-1243	VFSCODIS_00002
prokka_VFSCODIS_pseudofinder/VFSCODIS:Gene	rplK	VFSCODIS_1:1217-1645	VFSCODIS_00003
prokka_VFSCODIS_pseudofinder/VFSCODIS:Gene	VFSCODIS_00004	VFSCODIS_1:1635-2219	VFSCODIS_00004
prokka_VFSCODIS_pseudofinder/VFSCODIS:Gene	VFSCODIS_00005	VFSCODIS_1:2209-2637	VFSCODIS_00005
prokka_VFSCODIS_pseudofinder/VFSCODIS:Gene	VFSCODIS_00006	VFSCODIS_1:2594-2971	VFSCODIS_00006
prokka_VFSCODIS_pseudofinder/VFSCODIS:Gene	rpoB	VFSCODIS_1:2949-6764	VFSCODIS_00007
prokka_VFSCODIS_pseudofinder/VFSCODIS:Gene	rpoC	VFSCODIS_1:6740-10630	VFSCODIS_00008
prokka_VFSCODIS_pseudofinder/VFSCODIS:Gene	rpsL	VFSCODIS_1:10627-11010	VFSCODIS_00009
prokka_VFSCODIS_pseudofinder/VFSCODIS:Gene	rpsG	VFSCODIS_1:10986-11462	VFSCODIS_00010
prokka_VFSCODIS_pseudofinder/VFSCODIS:Gene	fusA	VFSCODIS_1:11462-13507	VFSCODIS_00011
prokka_VFSCODIS_pseudofinder/VFSCODIS:Gene	VFSCODIS_00012	VFSCODIS_1:13504-13797	VFSCODIS_00012
prokka_VFSCODIS_pseudofinder/VFSCODIS:Gene	def	VFSCODIS_1:13794-14192	VFSCODIS_00013
prokka_VFSCODIS_pseudofinder/VFSCODIS:Gene	VFSCODIS_00014	VFSCODIS_1:14186-14258	VFSCODIS_00014
prokka_VFSCODIS_pseudofinder/VFSCODIS:Gene	rpsI	VFSCODIS_1:c16161-15772	VFSCODIS_00017
prokka_VFSCODIS_pseudofinder/VFSCODIS:Gene	VFSCODIS_00018	VFSCODIS_1:c16445-16158	VFSCODIS_00018
prokka_VFSCODIS_pseudofinder/VFSCODIS:Gene	dapF	VFSCODIS_1:c17230-16442	VFSCODIS_00019
prokka_VFSCODIS_pseudofinder/VFSCODIS:Gene	VFSCODIS_00020	VFSCODIS_1:c17885-17217	VFSCODIS_00020
prokka_VFSCODIS_pseudofinder/VFSCODIS:Gene	lysS	VFSCODIS_1:c24067-22733	VFSCODIS_00027
prokka_VFSCODIS_pseudofinder/VFSCODIS:Gene	prfB	VFSCODIS_1:c24735-24064	VFSCODIS_00028
prokka_VFSCODIS_pseudofinder/VFSCODIS:Gene	dapA	VFSCODIS_1:c25597-24722	VFSCODIS_00029
prokka_VFSCODIS_pseudofinder/VFSCODIS:Gene	tilS	VFSCODIS_1:25598-27664	VFSCODIS_00030
prokka_VFSCODIS_pseudofinder/VFSCODIS:Gene	VFSCODIS_00031	VFSCODIS_1:27663-27745	VFSCODIS_00031
prokka_VFSCODIS_pseudofinder/VFSCODIS:Gene	VFSCODIS_00032	VFSCODIS_1:c27906-27727	VFSCODIS_00032
prokka_VFSCODIS_pseudofinder/VFSCODIS:Gene	VFSCODIS_00033	VFSCODIS_1:c30145-27899	VFSCODIS_00033
prokka_VFSCODIS_pseudofinder/VFSCODIS:Gene	VFSCODIS_00034	VFSCODIS_1:c30282-30142	VFSCODIS_00034
prokka_VFSCODIS_pseudofinder/VFSCODIS:Gene	VFSCODIS_00036	VFSCODIS_1:32688-33365	VFSCODIS_00036
prokka_VFSCODIS_pseudofinder/VFSCODIS:Gene	metC	VFSCODIS_1:33331-34485	VFSCODIS_00037
prokka_VFSCODIS_pseudofinder/VFSCODIS:Gene	prfA	VFSCODIS_1:c35346-34477	VFSCODIS_00038
prokka_VFSCODIS_pseudofinder/VFSCODIS:Gene	trpC	VFSCODIS_1:c36070-35327	VFSCODIS_00039
prokka_VFSCODIS_pseudofinder/VFSCODIS:Gene	trpD	VFSCODIS_1:c36947-36048	VFSCODIS_00040
prokka_VFSCODIS_pseudofinder/VFSCODIS:Gene	pabA	VFSCODIS_1:c37503-36931	VFSCODIS_00041
prokka_VFSCODIS_pseudofinder/VFSCODIS:Gene	menF	VFSCODIS_1:c38771-37500	VFSCODIS_00042
prokka_VFSCODIS_pseudofinder/VFSCODIS:Gene	argH	VFSCODIS_1:c40150-38753	VFSCODIS_00043
prokka_VFSCODIS_pseudofinder/VFSCODIS:Gene	VFSCODIS_00044	VFSCODIS_1:c41606-40353	VFSCODIS_00044
prokka_VFSCODIS_pseudofinder/VFSCODIS:Gene	thrB	VFSCODIS_1:c42543-41575	VFSCODIS_00045
prokka_VFSCODIS_pseudofinder/VFSCODIS:Gene	dnaG	VFSCODIS_1:42544-43767	VFSCODIS_00046
prokka_VFSCODIS_pseudofinder/VFSCODIS:Gene	rpoD	VFSCODIS_1:43757-45163	VFSCODIS_00047
prokka_VFSCODIS_pseudofinder/VFSCODIS:Gene	VFSCODIS_00048	VFSCODIS_1:45154-45225	VFSCODIS_00048
prokka_VFSCODIS_pseudofinder/VFSCODIS:Gene	dnaE	VFSCODIS_1:45203-48079	VFSCODIS_00049
prokka_VFSCODIS_pseudofinder/VFSCODIS:Gene	VFSCODIS_00050	VFSCODIS_1:48076-48258	VFSCODIS_00050
prokka_VFSCODIS_pseudofinder/VFSCODIS:Gene	VFSCODIS_00051	VFSCODIS_1:48241-48314	VFSCODIS_00051
prokka_VFSCODIS_pseudofinder/VFSCODIS:Gene	VFSCODIS_00052	VFSCODIS_1:48314-48400	VFSCODIS_00052
prokka_VFSCODIS_pseudofinder/VFSCODIS:Gene	VFSCODIS_00053	VFSCODIS_1:48407-49207	VFSCODIS_00053
prokka_VFSCODIS_pseudofinder/VFSCODIS:Gene	asd	VFSCODIS_1:49152-50144	VFSCODIS_00054
prokka_VFSCODIS_pseudofinder/VFSCODIS:Gene	trpF	VFSCODIS_1:50141-50728	VFSCODIS_00055
prokka_VFSCODIS_pseudofinder/VFSCODIS:Gene	trpB	VFSCODIS_1:50709-51860	VFSCODIS_00056
prokka_VFSCODIS_pseudofinder/VFSCODIS:Gene	trpA	VFSCODIS_1:51860-52582	VFSCODIS_00057
prokka_VFSCODIS_pseudofinder/VFSCODIS:Gene	VFSCODIS_00058	VFSCODIS_1:52560-52799	VFSCODIS_00058
prokka_VFSCODIS_pseudofinder/VFSCODIS:Gene	VFSCODIS_00059	VFSCODIS_1:52780-52995	VFSCODIS_00059
prokka_VFSCODIS_pseudofinder/VFSCODIS:Gene	carA	VFSCODIS_1:53864-54895	VFSCODIS_00064
prokka_VFSCODIS_pseudofinder/VFSCODIS:Gene	carB	VFSCODIS_1:54871-57963	VFSCODIS_00065
prokka_VFSCODIS_pseudofinder/VFSCODIS:Gene	rlmE	VFSCODIS_1:57930-58457	VFSCODIS_00066
prokka_VFSCODIS_pseudofinder/VFSCODIS:Gene	clpP	VFSCODIS_1:58447-59013	VFSCODIS_00067
prokka_VFSCODIS_pseudofinder/VFSCODIS:Gene	clpX	VFSCODIS_1:59010-60158	VFSCODIS_00068
prokka_VFSCODIS_pseudofinder/VFSCODIS:Gene	VFSCODIS_00069	VFSCODIS_1:60149-60220	VFSCODIS_00069
prokka_VFSCODIS_pseudofinder/VFSCODIS:Gene	hisG	VFSCODIS_1:62143-62724	VFSCODIS_00074
prokka_VFSCODIS_pseudofinder/VFSCODIS:Gene	hisD	VFSCODIS_1:62721-63932	VFSCODIS_00075
prokka_VFSCODIS_pseudofinder/VFSCODIS:Gene	hisC2	VFSCODIS_1:63925-64863	VFSCODIS_00076
prokka_VFSCODIS_pseudofinder/VFSCODIS:Gene	hisB	VFSCODIS_1:64860-65432	VFSCODIS_00077
prokka_VFSCODIS_pseudofinder/VFSCODIS:Gene	hisH	VFSCODIS_1:65429-66037	VFSCODIS_00078
prokka_VFSCODIS_pseudofinder/VFSCODIS:Gene	hisA	VFSCODIS_1:66034-66729	VFSCODIS_00079
prokka_VFSCODIS_pseudofinder/VFSCODIS:Gene	hisF	VFSCODIS_1:66729-67469	VFSCODIS_00080
prokka_VFSCODIS_pseudofinder/VFSCODIS:Gene	hisI	VFSCODIS_1:67466-67744	VFSCODIS_00081
prokka_VFSCODIS_pseudofinder/VFSCODIS:Gene	hisE	VFSCODIS_1:67741-68007	VFSCODIS_00082
prokka_VFSCODIS_pseudofinder/VFSCODIS:Gene	VFSCODIS_00083	VFSCODIS_1:68002-68074	VFSCODIS_00083
prokka_VFSCODIS_pseudofinder/VFSCODIS:Gene	VFSCODIS_00086	VFSCODIS_1:c69027-68953	VFSCODIS_00086
prokka_VFSCODIS_pseudofinder/VFSCODIS:Gene	rplT	VFSCODIS_1:c69343-69017	VFSCODIS_00087
prokka_VFSCODIS_pseudofinder/VFSCODIS:Gene	VFSCODIS_00089	VFSCODIS_1:c70019-69946	VFSCODIS_00089
prokka_VFSCODIS_pseudofinder/VFSCODIS:Gene	aroC	VFSCODIS_1:c71075-70017	VFSCODIS_00090
prokka_VFSCODIS_pseudofinder/VFSCODIS:Gene	VFSCODIS_00096	VFSCODIS_1:c72282-71767	VFSCODIS_00096
prokka_VFSCODIS_pseudofinder/VFSCODIS:Gene	VFSCODIS_00097	VFSCODIS_1:c73040-72279	VFSCODIS_00097
prokka_VFSCODIS_pseudofinder/VFSCODIS:Gene	aspC	VFSCODIS_1:73198-74265	VFSCODIS_00098
prokka_VFSCODIS_pseudofinder/VFSCODIS:Gene	dapD	VFSCODIS_1:74262-75083	VFSCODIS_00099
prokka_VFSCODIS_pseudofinder/VFSCODIS:Gene	dapE	VFSCODIS_1:75055-76140	VFSCODIS_00100
prokka_VFSCODIS_pseudofinder/VFSCODIS:Gene	thrC	VFSCODIS_1:c77466-76132	VFSCODIS_00101
prokka_VFSCODIS_pseudofinder/VFSCODIS:Gene	hom	VFSCODIS_1:c78605-77463	VFSCODIS_00102
prokka_VFSCODIS_pseudofinder/VFSCODIS:Gene	dnaB	VFSCODIS_1:c79858-78602	VFSCODIS_00103
prokka_VFSCODIS_pseudofinder/VFSCODIS:Gene	VFSCODIS_00104	VFSCODIS_1:c80007-79858	VFSCODIS_00104
prokka_VFSCODIS_pseudofinder/VFSCODIS:Gene	VFSCODIS_00105	VFSCODIS_1:c80309-80007	VFSCODIS_00105
prokka_VFSCODIS_pseudofinder/VFSCODIS:Gene	VFSCODIS_00106	VFSCODIS_1:80310-80609	VFSCODIS_00106
prokka_VFSCODIS_pseudofinder/VFSCODIS:Gene	VFSCODIS_00107	VFSCODIS_1:80606-80848	VFSCODIS_00107
prokka_VFSCODIS_pseudofinder/VFSCODIS:Gene	mnmE	VFSCODIS_1:80989-82272	VFSCODIS_00110
prokka_VFSCODIS_pseudofinder/VFSCODIS:Gene	mnmG	VFSCODIS_1:82269-84089	VFSCODIS_00111
prokka_VFSCODIS_pseudofinder/VFSCODIS:Gene	VFSCODIS_00112	VFSCODIS_1:84064-84318	VFSCODIS_00112
prokka_VFSCODIS_pseudofinder/VFSCODIS:Gene	groL	VFSCODIS_1:84308-85867	VFSCODIS_00113
prokka_VFSCODIS_pseudofinder/VFSCODIS:Gene	aroA	VFSCODIS_1:85868-87112	VFSCODIS_00114
prokka_VFSCODIS_pseudofinder/VFSCODIS:Gene	VFSCODIS_00115	VFSCODIS_1:87106-88008	VFSCODIS_00115
prokka_VFSCODIS_pseudofinder/VFSCODIS:Gene	dnaJ	VFSCODIS_1:c90783-89788	VFSCODIS_00118
prokka_VFSCODIS_pseudofinder/VFSCODIS:Gene	dnaK	VFSCODIS_1:c92575-90776	VFSCODIS_00119
prokka_VFSCODIS_pseudofinder/VFSCODIS:Gene	mnmA	VFSCODIS_1:c95012-94023	VFSCODIS_00122
prokka_VFSCODIS_pseudofinder/VFSCODIS:Gene	VFSCODIS_00123	VFSCODIS_1:c95536-95009	VFSCODIS_00123
prokka_VFSCODIS_pseudofinder/VFSCODIS:Gene	VFSCODIS_00124	VFSCODIS_1:c97445-95499	VFSCODIS_00124
prokka_VFSCODIS_pseudofinder/VFSCODIS:Gene	dapB	VFSCODIS_1:c98089-97442	VFSCODIS_00125
prokka_VFSCODIS_pseudofinder/VFSCODIS:Gene	maeB	VFSCODIS_1:c99305-98091	VFSCODIS_00126
prokka_VFSCODIS_pseudofinder/VFSCODIS:Gene	aroE	VFSCODIS_1:c99996-99268	VFSCODIS_00127
prokka_VFSCODIS_pseudofinder/VFSCODIS:Gene	rpmA	VFSCODIS_1:c100639-100394	VFSCODIS_00129
prokka_VFSCODIS_pseudofinder/VFSCODIS:Gene	VFSCODIS_00130	VFSCODIS_1:c100932-100618	VFSCODIS_00130
prokka_VFSCODIS_pseudofinder/VFSCODIS:Gene	rsmH	VFSCODIS_1:c101716-100916	VFSCODIS_00131
prokka_VFSCODIS_pseudofinder/VFSCODIS:Gene	rplC	VFSCODIS_1:107617-108030	VFSCODIS_00140
prokka_VFSCODIS_pseudofinder/VFSCODIS:Gene	rplD	VFSCODIS_1:108020-108595	VFSCODIS_00141
prokka_VFSCODIS_pseudofinder/VFSCODIS:Gene	VFSCODIS_00142	VFSCODIS_1:108592-108768	VFSCODIS_00142
prokka_VFSCODIS_pseudofinder/VFSCODIS:Gene	rplB	VFSCODIS_1:108758-109537	VFSCODIS_00143
prokka_VFSCODIS_pseudofinder/VFSCODIS:Gene	rpsS	VFSCODIS_1:109530-109796	VFSCODIS_00144
prokka_VFSCODIS_pseudofinder/VFSCODIS:Gene	VFSCODIS_00145	VFSCODIS_1:109793-110152	VFSCODIS_00145
prokka_VFSCODIS_pseudofinder/VFSCODIS:Gene	rpsC	VFSCODIS_1:110142-110768	VFSCODIS_00146
prokka_VFSCODIS_pseudofinder/VFSCODIS:Gene	rplP	VFSCODIS_1:110746-111156	VFSCODIS_00147
prokka_VFSCODIS_pseudofinder/VFSCODIS:Gene	VFSCODIS_00148	VFSCODIS_1:111153-111371	VFSCODIS_00148
prokka_VFSCODIS_pseudofinder/VFSCODIS:Gene	rplN	VFSCODIS_1:111368-111733	VFSCODIS_00149
prokka_VFSCODIS_pseudofinder/VFSCODIS:Gene	rplE	VFSCODIS_1:111723-112277	VFSCODIS_00150
prokka_VFSCODIS_pseudofinder/VFSCODIS:Gene	rpsN2	VFSCODIS_1:112270-112572	VFSCODIS_00151
prokka_VFSCODIS_pseudofinder/VFSCODIS:Gene	VFSCODIS_00152	VFSCODIS_1:112574-112945	VFSCODIS_00152
prokka_VFSCODIS_pseudofinder/VFSCODIS:Gene	VFSCODIS_00153	VFSCODIS_1:112938-113453	VFSCODIS_00153
prokka_VFSCODIS_pseudofinder/VFSCODIS:Gene	VFSCODIS_00154	VFSCODIS_1:113416-113745	VFSCODIS_00154
prokka_VFSCODIS_pseudofinder/VFSCODIS:Gene	rpsE	VFSCODIS_1:113742-114179	VFSCODIS_00155
prokka_VFSCODIS_pseudofinder/VFSCODIS:Gene	rplO	VFSCODIS_1:114158-114499	VFSCODIS_00156
prokka_VFSCODIS_pseudofinder/VFSCODIS:Gene	infA	VFSCODIS_1:114496-114705	VFSCODIS_00157
prokka_VFSCODIS_pseudofinder/VFSCODIS:Gene	VFSCODIS_00158	VFSCODIS_1:114702-114815	VFSCODIS_00158
prokka_VFSCODIS_pseudofinder/VFSCODIS:Gene	rpsM	VFSCODIS_1:114812-115156	VFSCODIS_00159
prokka_VFSCODIS_pseudofinder/VFSCODIS:Gene	rpsK	VFSCODIS_1:115149-115490	VFSCODIS_00160
prokka_VFSCODIS_pseudofinder/VFSCODIS:Gene	VFSCODIS_00161	VFSCODIS_1:115487-115978	VFSCODIS_00161
prokka_VFSCODIS_pseudofinder/VFSCODIS:Gene	rpoA	VFSCODIS_1:115950-116591	VFSCODIS_00162
prokka_VFSCODIS_pseudofinder/VFSCODIS:Gene	VFSCODIS_00163	VFSCODIS_1:116588-116908	VFSCODIS_00163
prokka_VFSCODIS_pseudofinder/VFSCODIS:Gene	aroK	VFSCODIS_1:118016-118423	VFSCODIS_00165
prokka_VFSCODIS_pseudofinder/VFSCODIS:Gene	aroB	VFSCODIS_1:118413-119411	VFSCODIS_00166
prokka_VFSCODIS_pseudofinder/VFSCODIS:Gene	VFSCODIS_00167	VFSCODIS_1:119397-119471	VFSCODIS_00167

DiscRep_ALL:RNA_CDS_OVERLAP::22 coding regions overlap RNA features
FATAL: DiscRep_SUB:RNA_CDS_OVERLAP::2 coding regions are completely contained in RNAs
prokka_VFSCODIS_pseudofinder/VFSCODIS:CDS	hypothetical protein	VFSCODIS_1:103306-103755	VFSCODIS_00135
prokka_VFSCODIS_pseudofinder/VFSCODIS:rRNA	23S ribosomal RNA	VFSCODIS_1:c105907-103144	VFSCODIS_00134
prokka_VFSCODIS_pseudofinder/VFSCODIS:CDS	hypothetical protein	VFSCODIS_1:104679-104858	VFSCODIS_00136
prokka_VFSCODIS_pseudofinder/VFSCODIS:rRNA	23S ribosomal RNA	VFSCODIS_1:c105907-103144	VFSCODIS_00134

DiscRep_SUB:RNA_CDS_OVERLAP::20 coding regions overlap RNAs (no containment)
DiscRep_SUB:RNA_CDS_OVERLAP::12 coding regions overlap RNAs on the same strand (no containment)
prokka_VFSCODIS_pseudofinder/VFSCODIS:CDS	Elongation factor Tu	VFSCODIS_1:1-1182	VFSCODIS_00001
prokka_VFSCODIS_pseudofinder/VFSCODIS:tRNA	Trp	VFSCODIS_1:1173-1243	VFSCODIS_00002
prokka_VFSCODIS_pseudofinder/VFSCODIS:CDS	50S ribosomal protein L11	VFSCODIS_1:1217-1645	VFSCODIS_00003
prokka_VFSCODIS_pseudofinder/VFSCODIS:tRNA	Trp	VFSCODIS_1:1173-1243	VFSCODIS_00002
prokka_VFSCODIS_pseudofinder/VFSCODIS:CDS	Peptide deformylase	VFSCODIS_1:13794-14192	VFSCODIS_00013
prokka_VFSCODIS_pseudofinder/VFSCODIS:tRNA	Phe	VFSCODIS_1:14186-14258	VFSCODIS_00014
prokka_VFSCODIS_pseudofinder/VFSCODIS:CDS	tRNA(Ile)-lysidine synthase	VFSCODIS_1:25598-27664	VFSCODIS_00030
prokka_VFSCODIS_pseudofinder/VFSCODIS:tRNA	Ser	VFSCODIS_1:27663-27745	VFSCODIS_00031
prokka_VFSCODIS_pseudofinder/VFSCODIS:CDS	RNA polymerase sigma factor RpoD	VFSCODIS_1:43757-45163	VFSCODIS_00047
prokka_VFSCODIS_pseudofinder/VFSCODIS:tRNA	Met	VFSCODIS_1:45154-45225	VFSCODIS_00048
prokka_VFSCODIS_pseudofinder/VFSCODIS:CDS	DNA polymerase III subunit alpha	VFSCODIS_1:45203-48079	VFSCODIS_00049
prokka_VFSCODIS_pseudofinder/VFSCODIS:tRNA	Met	VFSCODIS_1:45154-45225	VFSCODIS_00048
prokka_VFSCODIS_pseudofinder/VFSCODIS:CDS	hypothetical protein	VFSCODIS_1:48076-48258	VFSCODIS_00050
prokka_VFSCODIS_pseudofinder/VFSCODIS:tRNA	Leu	VFSCODIS_1:48241-48314	VFSCODIS_00051
prokka_VFSCODIS_pseudofinder/VFSCODIS:CDS	ATP-dependent Clp protease ATP-binding subunit ClpX	VFSCODIS_1:59010-60158	VFSCODIS_00068
prokka_VFSCODIS_pseudofinder/VFSCODIS:tRNA	Val	VFSCODIS_1:60149-60220	VFSCODIS_00069
prokka_VFSCODIS_pseudofinder/VFSCODIS:CDS	Phosphoribosyl-ATP pyrophosphatase	VFSCODIS_1:67741-68007	VFSCODIS_00082
prokka_VFSCODIS_pseudofinder/VFSCODIS:tRNA	Thr	VFSCODIS_1:68002-68074	VFSCODIS_00083
prokka_VFSCODIS_pseudofinder/VFSCODIS:CDS	50S ribosomal protein L20	VFSCODIS_1:c69343-69017	VFSCODIS_00087
prokka_VFSCODIS_pseudofinder/VFSCODIS:tRNA	Lys	VFSCODIS_1:c69027-68953	VFSCODIS_00086
prokka_VFSCODIS_pseudofinder/VFSCODIS:CDS	Chorismate synthase	VFSCODIS_1:c71075-70017	VFSCODIS_00090
prokka_VFSCODIS_pseudofinder/VFSCODIS:tRNA	Val	VFSCODIS_1:c70019-69946	VFSCODIS_00089
prokka_VFSCODIS_pseudofinder/VFSCODIS:CDS	3-dehydroquinate synthase	VFSCODIS_1:118413-119411	VFSCODIS_00166
prokka_VFSCODIS_pseudofinder/VFSCODIS:tRNA	Met	VFSCODIS_1:119397-119471	VFSCODIS_00167

DiscRep_SUB:RNA_CDS_OVERLAP::8 coding regions overlap RNAs on the opposite strand (no containment)
prokka_VFSCODIS_pseudofinder/VFSCODIS:CDS	hypothetical protein	VFSCODIS_1:c27906-27727	VFSCODIS_00032
prokka_VFSCODIS_pseudofinder/VFSCODIS:tRNA	Ser	VFSCODIS_1:27663-27745	VFSCODIS_00031
prokka_VFSCODIS_pseudofinder/VFSCODIS:CDS	hypothetical protein	VFSCODIS_1:52780-52995	VFSCODIS_00059
prokka_VFSCODIS_pseudofinder/VFSCODIS:tRNA	Asn	VFSCODIS_1:c53069-52995	VFSCODIS_00060
prokka_VFSCODIS_pseudofinder/VFSCODIS:CDS	DNA polymerase III subunit tau	VFSCODIS_1:60889-61968	VFSCODIS_00071
prokka_VFSCODIS_pseudofinder/VFSCODIS:tRNA	Leu	VFSCODIS_1:c62044-61962	VFSCODIS_00072
prokka_VFSCODIS_pseudofinder/VFSCODIS:CDS	Ornithine carbamoyltransferase, anabolic	VFSCODIS_1:68150-68956	VFSCODIS_00085
prokka_VFSCODIS_pseudofinder/VFSCODIS:tRNA	Lys	VFSCODIS_1:c69027-68953	VFSCODIS_00086
prokka_VFSCODIS_pseudofinder/VFSCODIS:CDS	hypothetical protein	VFSCODIS_1:71158-71289	VFSCODIS_00092
prokka_VFSCODIS_pseudofinder/VFSCODIS:tRNA	Arg	VFSCODIS_1:c71158-71085	VFSCODIS_00091
prokka_VFSCODIS_pseudofinder/VFSCODIS:CDS	hypothetical protein	VFSCODIS_1:71158-71289	VFSCODIS_00092
prokka_VFSCODIS_pseudofinder/VFSCODIS:tRNA	Met	VFSCODIS_1:c71349-71278	VFSCODIS_00093
prokka_VFSCODIS_pseudofinder/VFSCODIS:CDS	hypothetical protein	VFSCODIS_1:80606-80848	VFSCODIS_00107
prokka_VFSCODIS_pseudofinder/VFSCODIS:tRNA	Asp	VFSCODIS_1:c80882-80810	VFSCODIS_00108
prokka_VFSCODIS_pseudofinder/VFSCODIS:CDS	hypothetical protein	VFSCODIS_1:107453-107572	VFSCODIS_00139
prokka_VFSCODIS_pseudofinder/VFSCODIS:rRNA	16S ribosomal RNA	VFSCODIS_1:c107496-106020	VFSCODIS_00138

DiscRep_ALL:DISC_QUALITY_SCORES::Quality scores are missing on all sequences.

DiscRep_ALL:ONCALLER_COMMENT_PRESENT::1 comment descriptors were found (all same)
prokka_VFSCODIS_pseudofinder/VFSCODIS:Prokka:VFSCODIS_1:Annotated using prokka 1.14.6 from https://github.com/tseemann/prokka

DiscRep_ALL:SHORT_PROT_SEQUENCES::5 protein sequences are shorter than 50 aa.
prokka_VFSCODIS_pseudofinder/VFSCODIS:Prokka:VFSCODIS_00034 (length 46)
prokka_VFSCODIS_pseudofinder/VFSCODIS:Prokka:VFSCODIS_00092 (length 43)
prokka_VFSCODIS_pseudofinder/VFSCODIS:Prokka:VFSCODIS_00104 (length 49)
prokka_VFSCODIS_pseudofinder/VFSCODIS:Prokka:VFSCODIS_00139 (length 39)
prokka_VFSCODIS_pseudofinder/VFSCODIS:Prokka:VFSCODIS_00158 (length 37)

DiscRep_ALL:MISSING_GENOMEASSEMBLY_COMMENTS::1 bioseqs are missing GenomeAssembly structured comments
prokka_VFSCODIS_pseudofinder/VFSCODIS:Prokka:VFSCODIS_1 (length 119635)

DiscRep_ALL:MOLTYPE_NOT_MRNA::1 molecule types are not set as mRNA.
prokka_VFSCODIS_pseudofinder/VFSCODIS:Prokka:VFSCODIS_1 (length 119635)

DiscRep_ALL:TECHNIQUE_NOT_TSA::1 technique are not set as TSA
prokka_VFSCODIS_pseudofinder/VFSCODIS:Prokka:VFSCODIS_1 (length 119635)

DiscRep_ALL:MISSING_STRUCTURED_COMMENT::1 sequences do not include structured comments.
prokka_VFSCODIS_pseudofinder/VFSCODIS:Prokka:VFSCODIS_1 (length 119635)

DiscRep_ALL:MISSING_PROJECT::141 sequences do not include project.
prokka_VFSCODIS_pseudofinder/VFSCODIS:Prokka:VFSCODIS_1 (length 119635)
prokka_VFSCODIS_pseudofinder/VFSCODIS:Prokka:VFSCODIS_00001 (length 393)
prokka_VFSCODIS_pseudofinder/VFSCODIS:Prokka:VFSCODIS_00003 (length 142)
prokka_VFSCODIS_pseudofinder/VFSCODIS:Prokka:VFSCODIS_00004 (length 194)
prokka_VFSCODIS_pseudofinder/VFSCODIS:Prokka:VFSCODIS_00005 (length 142)
prokka_VFSCODIS_pseudofinder/VFSCODIS:Prokka:VFSCODIS_00006 (length 125)
prokka_VFSCODIS_pseudofinder/VFSCODIS:Prokka:VFSCODIS_00007 (length 1271)
prokka_VFSCODIS_pseudofinder/VFSCODIS:Prokka:VFSCODIS_00008 (length 1296)
prokka_VFSCODIS_pseudofinder/VFSCODIS:Prokka:VFSCODIS_00009 (length 127)
prokka_VFSCODIS_pseudofinder/VFSCODIS:Prokka:VFSCODIS_00010 (length 158)
prokka_VFSCODIS_pseudofinder/VFSCODIS:Prokka:VFSCODIS_00011 (length 681)
prokka_VFSCODIS_pseudofinder/VFSCODIS:Prokka:VFSCODIS_00012 (length 97)
prokka_VFSCODIS_pseudofinder/VFSCODIS:Prokka:VFSCODIS_00013 (length 132)
prokka_VFSCODIS_pseudofinder/VFSCODIS:Prokka:VFSCODIS_00015 (length 138)
prokka_VFSCODIS_pseudofinder/VFSCODIS:Prokka:VFSCODIS_00016 (length 362)
prokka_VFSCODIS_pseudofinder/VFSCODIS:Prokka:VFSCODIS_00017 (length 129)
prokka_VFSCODIS_pseudofinder/VFSCODIS:Prokka:VFSCODIS_00018 (length 95)
prokka_VFSCODIS_pseudofinder/VFSCODIS:Prokka:VFSCODIS_00019 (length 262)
prokka_VFSCODIS_pseudofinder/VFSCODIS:Prokka:VFSCODIS_00020 (length 222)
prokka_VFSCODIS_pseudofinder/VFSCODIS:Prokka:VFSCODIS_00021 (length 497)
prokka_VFSCODIS_pseudofinder/VFSCODIS:Prokka:VFSCODIS_00023 (length 282)
prokka_VFSCODIS_pseudofinder/VFSCODIS:Prokka:VFSCODIS_00024 (length 158)
prokka_VFSCODIS_pseudofinder/VFSCODIS:Prokka:VFSCODIS_00025 (length 180)
prokka_VFSCODIS_pseudofinder/VFSCODIS:Prokka:VFSCODIS_00026 (length 368)
prokka_VFSCODIS_pseudofinder/VFSCODIS:Prokka:VFSCODIS_00027 (length 444)
prokka_VFSCODIS_pseudofinder/VFSCODIS:Prokka:VFSCODIS_00028 (length 223)
prokka_VFSCODIS_pseudofinder/VFSCODIS:Prokka:VFSCODIS_00029 (length 291)
prokka_VFSCODIS_pseudofinder/VFSCODIS:Prokka:VFSCODIS_00030 (length 688)
prokka_VFSCODIS_pseudofinder/VFSCODIS:Prokka:VFSCODIS_00032 (length 59)
prokka_VFSCODIS_pseudofinder/VFSCODIS:Prokka:VFSCODIS_00033 (length 748)
prokka_VFSCODIS_pseudofinder/VFSCODIS:Prokka:VFSCODIS_00034 (length 46)
prokka_VFSCODIS_pseudofinder/VFSCODIS:Prokka:VFSCODIS_00035 (length 722)
prokka_VFSCODIS_pseudofinder/VFSCODIS:Prokka:VFSCODIS_00036 (length 225)
prokka_VFSCODIS_pseudofinder/VFSCODIS:Prokka:VFSCODIS_00037 (length 384)
prokka_VFSCODIS_pseudofinder/VFSCODIS:Prokka:VFSCODIS_00038 (length 289)
prokka_VFSCODIS_pseudofinder/VFSCODIS:Prokka:VFSCODIS_00039 (length 247)
prokka_VFSCODIS_pseudofinder/VFSCODIS:Prokka:VFSCODIS_00040 (length 299)
prokka_VFSCODIS_pseudofinder/VFSCODIS:Prokka:VFSCODIS_00041 (length 190)
prokka_VFSCODIS_pseudofinder/VFSCODIS:Prokka:VFSCODIS_00042 (length 423)
prokka_VFSCODIS_pseudofinder/VFSCODIS:Prokka:VFSCODIS_00043 (length 465)
prokka_VFSCODIS_pseudofinder/VFSCODIS:Prokka:VFSCODIS_00044 (length 417)
prokka_VFSCODIS_pseudofinder/VFSCODIS:Prokka:VFSCODIS_00045 (length 322)
prokka_VFSCODIS_pseudofinder/VFSCODIS:Prokka:VFSCODIS_00046 (length 407)
prokka_VFSCODIS_pseudofinder/VFSCODIS:Prokka:VFSCODIS_00047 (length 468)
prokka_VFSCODIS_pseudofinder/VFSCODIS:Prokka:VFSCODIS_00049 (length 958)
prokka_VFSCODIS_pseudofinder/VFSCODIS:Prokka:VFSCODIS_00050 (length 60)
prokka_VFSCODIS_pseudofinder/VFSCODIS:Prokka:VFSCODIS_00053 (length 266)
prokka_VFSCODIS_pseudofinder/VFSCODIS:Prokka:VFSCODIS_00054 (length 330)
prokka_VFSCODIS_pseudofinder/VFSCODIS:Prokka:VFSCODIS_00055 (length 195)
prokka_VFSCODIS_pseudofinder/VFSCODIS:Prokka:VFSCODIS_00056 (length 383)
prokka_VFSCODIS_pseudofinder/VFSCODIS:Prokka:VFSCODIS_00057 (length 240)
prokka_VFSCODIS_pseudofinder/VFSCODIS:Prokka:VFSCODIS_00058 (length 79)
prokka_VFSCODIS_pseudofinder/VFSCODIS:Prokka:VFSCODIS_00059 (length 71)
prokka_VFSCODIS_pseudofinder/VFSCODIS:Prokka:VFSCODIS_00063 (length 171)
prokka_VFSCODIS_pseudofinder/VFSCODIS:Prokka:VFSCODIS_00064 (length 343)
prokka_VFSCODIS_pseudofinder/VFSCODIS:Prokka:VFSCODIS_00065 (length 1030)
prokka_VFSCODIS_pseudofinder/VFSCODIS:Prokka:VFSCODIS_00066 (length 175)
prokka_VFSCODIS_pseudofinder/VFSCODIS:Prokka:VFSCODIS_00067 (length 188)
prokka_VFSCODIS_pseudofinder/VFSCODIS:Prokka:VFSCODIS_00068 (length 382)
prokka_VFSCODIS_pseudofinder/VFSCODIS:Prokka:VFSCODIS_00070 (length 221)
prokka_VFSCODIS_pseudofinder/VFSCODIS:Prokka:VFSCODIS_00071 (length 359)
prokka_VFSCODIS_pseudofinder/VFSCODIS:Prokka:VFSCODIS_00074 (length 193)
prokka_VFSCODIS_pseudofinder/VFSCODIS:Prokka:VFSCODIS_00075 (length 403)
prokka_VFSCODIS_pseudofinder/VFSCODIS:Prokka:VFSCODIS_00076 (length 312)
prokka_VFSCODIS_pseudofinder/VFSCODIS:Prokka:VFSCODIS_00077 (length 190)
prokka_VFSCODIS_pseudofinder/VFSCODIS:Prokka:VFSCODIS_00078 (length 202)
prokka_VFSCODIS_pseudofinder/VFSCODIS:Prokka:VFSCODIS_00079 (length 231)
prokka_VFSCODIS_pseudofinder/VFSCODIS:Prokka:VFSCODIS_00080 (length 246)
prokka_VFSCODIS_pseudofinder/VFSCODIS:Prokka:VFSCODIS_00081 (length 92)
prokka_VFSCODIS_pseudofinder/VFSCODIS:Prokka:VFSCODIS_00082 (length 88)
prokka_VFSCODIS_pseudofinder/VFSCODIS:Prokka:VFSCODIS_00085 (length 268)
prokka_VFSCODIS_pseudofinder/VFSCODIS:Prokka:VFSCODIS_00087 (length 108)
prokka_VFSCODIS_pseudofinder/VFSCODIS:Prokka:VFSCODIS_00088 (length 154)
prokka_VFSCODIS_pseudofinder/VFSCODIS:Prokka:VFSCODIS_00090 (length 352)
prokka_VFSCODIS_pseudofinder/VFSCODIS:Prokka:VFSCODIS_00092 (length 43)
prokka_VFSCODIS_pseudofinder/VFSCODIS:Prokka:VFSCODIS_00095 (length 110)
prokka_VFSCODIS_pseudofinder/VFSCODIS:Prokka:VFSCODIS_00096 (length 171)
prokka_VFSCODIS_pseudofinder/VFSCODIS:Prokka:VFSCODIS_00097 (length 253)
prokka_VFSCODIS_pseudofinder/VFSCODIS:Prokka:VFSCODIS_00098 (length 355)
prokka_VFSCODIS_pseudofinder/VFSCODIS:Prokka:VFSCODIS_00099 (length 273)
prokka_VFSCODIS_pseudofinder/VFSCODIS:Prokka:VFSCODIS_00100 (length 361)
prokka_VFSCODIS_pseudofinder/VFSCODIS:Prokka:VFSCODIS_00101 (length 444)
prokka_VFSCODIS_pseudofinder/VFSCODIS:Prokka:VFSCODIS_00102 (length 380)
prokka_VFSCODIS_pseudofinder/VFSCODIS:Prokka:VFSCODIS_00103 (length 418)
prokka_VFSCODIS_pseudofinder/VFSCODIS:Prokka:VFSCODIS_00104 (length 49)
prokka_VFSCODIS_pseudofinder/VFSCODIS:Prokka:VFSCODIS_00105 (length 100)
prokka_VFSCODIS_pseudofinder/VFSCODIS:Prokka:VFSCODIS_00106 (length 99)
prokka_VFSCODIS_pseudofinder/VFSCODIS:Prokka:VFSCODIS_00107 (length 80)
prokka_VFSCODIS_pseudofinder/VFSCODIS:Prokka:VFSCODIS_00110 (length 427)
prokka_VFSCODIS_pseudofinder/VFSCODIS:Prokka:VFSCODIS_00111 (length 606)
prokka_VFSCODIS_pseudofinder/VFSCODIS:Prokka:VFSCODIS_00112 (length 84)
prokka_VFSCODIS_pseudofinder/VFSCODIS:Prokka:VFSCODIS_00113 (length 519)
prokka_VFSCODIS_pseudofinder/VFSCODIS:Prokka:VFSCODIS_00114 (length 414)
prokka_VFSCODIS_pseudofinder/VFSCODIS:Prokka:VFSCODIS_00115 (length 300)
prokka_VFSCODIS_pseudofinder/VFSCODIS:Prokka:VFSCODIS_00116 (length 359)
prokka_VFSCODIS_pseudofinder/VFSCODIS:Prokka:VFSCODIS_00117 (length 202)
prokka_VFSCODIS_pseudofinder/VFSCODIS:Prokka:VFSCODIS_00118 (length 331)
prokka_VFSCODIS_pseudofinder/VFSCODIS:Prokka:VFSCODIS_00119 (length 599)
prokka_VFSCODIS_pseudofinder/VFSCODIS:Prokka:VFSCODIS_00120 (length 149)
prokka_VFSCODIS_pseudofinder/VFSCODIS:Prokka:VFSCODIS_00121 (length 317)
prokka_VFSCODIS_pseudofinder/VFSCODIS:Prokka:VFSCODIS_00122 (length 329)
prokka_VFSCODIS_pseudofinder/VFSCODIS:Prokka:VFSCODIS_00123 (length 175)
prokka_VFSCODIS_pseudofinder/VFSCODIS:Prokka:VFSCODIS_00124 (length 648)
prokka_VFSCODIS_pseudofinder/VFSCODIS:Prokka:VFSCODIS_00125 (length 215)
prokka_VFSCODIS_pseudofinder/VFSCODIS:Prokka:VFSCODIS_00126 (length 404)
prokka_VFSCODIS_pseudofinder/VFSCODIS:Prokka:VFSCODIS_00127 (length 242)
prokka_VFSCODIS_pseudofinder/VFSCODIS:Prokka:VFSCODIS_00128 (length 133)
prokka_VFSCODIS_pseudofinder/VFSCODIS:Prokka:VFSCODIS_00129 (length 81)
prokka_VFSCODIS_pseudofinder/VFSCODIS:Prokka:VFSCODIS_00130 (length 104)
prokka_VFSCODIS_pseudofinder/VFSCODIS:Prokka:VFSCODIS_00131 (length 266)
prokka_VFSCODIS_pseudofinder/VFSCODIS:Prokka:VFSCODIS_00133 (length 402)
prokka_VFSCODIS_pseudofinder/VFSCODIS:Prokka:VFSCODIS_00135 (length 149)
prokka_VFSCODIS_pseudofinder/VFSCODIS:Prokka:VFSCODIS_00136 (length 59)
prokka_VFSCODIS_pseudofinder/VFSCODIS:Prokka:VFSCODIS_00139 (length 39)
prokka_VFSCODIS_pseudofinder/VFSCODIS:Prokka:VFSCODIS_00140 (length 137)
prokka_VFSCODIS_pseudofinder/VFSCODIS:Prokka:VFSCODIS_00141 (length 191)
prokka_VFSCODIS_pseudofinder/VFSCODIS:Prokka:VFSCODIS_00142 (length 58)
prokka_VFSCODIS_pseudofinder/VFSCODIS:Prokka:VFSCODIS_00143 (length 259)
prokka_VFSCODIS_pseudofinder/VFSCODIS:Prokka:VFSCODIS_00144 (length 88)
prokka_VFSCODIS_pseudofinder/VFSCODIS:Prokka:VFSCODIS_00145 (length 119)
prokka_VFSCODIS_pseudofinder/VFSCODIS:Prokka:VFSCODIS_00146 (length 208)
prokka_VFSCODIS_pseudofinder/VFSCODIS:Prokka:VFSCODIS_00147 (length 136)
prokka_VFSCODIS_pseudofinder/VFSCODIS:Prokka:VFSCODIS_00148 (length 72)
prokka_VFSCODIS_pseudofinder/VFSCODIS:Prokka:VFSCODIS_00149 (length 121)
prokka_VFSCODIS_pseudofinder/VFSCODIS:Prokka:VFSCODIS_00150 (length 184)
prokka_VFSCODIS_pseudofinder/VFSCODIS:Prokka:VFSCODIS_00151 (length 100)
prokka_VFSCODIS_pseudofinder/VFSCODIS:Prokka:VFSCODIS_00152 (length 123)
prokka_VFSCODIS_pseudofinder/VFSCODIS:Prokka:VFSCODIS_00153 (length 171)
prokka_VFSCODIS_pseudofinder/VFSCODIS:Prokka:VFSCODIS_00154 (length 109)
prokka_VFSCODIS_pseudofinder/VFSCODIS:Prokka:VFSCODIS_00155 (length 145)
prokka_VFSCODIS_pseudofinder/VFSCODIS:Prokka:VFSCODIS_00156 (length 113)
prokka_VFSCODIS_pseudofinder/VFSCODIS:Prokka:VFSCODIS_00157 (length 69)
prokka_VFSCODIS_pseudofinder/VFSCODIS:Prokka:VFSCODIS_00158 (length 37)
prokka_VFSCODIS_pseudofinder/VFSCODIS:Prokka:VFSCODIS_00159 (length 114)
prokka_VFSCODIS_pseudofinder/VFSCODIS:Prokka:VFSCODIS_00160 (length 113)
prokka_VFSCODIS_pseudofinder/VFSCODIS:Prokka:VFSCODIS_00161 (length 163)
prokka_VFSCODIS_pseudofinder/VFSCODIS:Prokka:VFSCODIS_00162 (length 213)
prokka_VFSCODIS_pseudofinder/VFSCODIS:Prokka:VFSCODIS_00163 (length 106)
prokka_VFSCODIS_pseudofinder/VFSCODIS:Prokka:VFSCODIS_00164 (length 332)
prokka_VFSCODIS_pseudofinder/VFSCODIS:Prokka:VFSCODIS_00165 (length 135)
prokka_VFSCODIS_pseudofinder/VFSCODIS:Prokka:VFSCODIS_00166 (length 332)

DiscRep_ALL:DISC_INCONSISTENT_MOLINFO_TECH::Molinfo Technique Report (some missing, all same)
DiscRep_SUB:DISC_INCONSISTENT_MOLINFO_TECH::technique (all missing)
DiscRep_SUB:DISC_INCONSISTENT_MOLINFO_TECH::1 Molinfos are missing field technique
prokka_VFSCODIS_pseudofinder/VFSCODIS:Prokka:VFSCODIS_1 (length 119635)

