[15:11:26] This is prokka 1.14.6
[15:11:26] Written by Torsten Seemann <torsten.seemann@gmail.com>
[15:11:26] Homepage is https://github.com/tseemann/prokka
[15:11:26] Local time is Wed Aug 10 15:11:26 2022
[15:11:26] You are diego
[15:11:26] Operating system is linux
[15:11:26] You have BioPerl 1.007002
[15:11:26] System has 12 cores.
[15:11:26] Will use maximum of 8 cores.
[15:11:26] Annotating as >>> Bacteria <<<
[15:11:26] Enabling options to ensure Genbank/ENA/DDJB submission compliance.
[15:11:26] Creating new output folder: prokka_SMDICEUR_pseudofinder
[15:11:26] Running: mkdir -p prokka_SMDICEUR_pseudofinder
[15:11:26] Using filename prefix: SMDICEUR.XXX
[15:11:26] Setting HMMER_NCPU=1
[15:11:26] Writing log to: prokka_SMDICEUR_pseudofinder/SMDICEUR.log
[15:11:26] Command: /home/diego/miniconda3/envs/prokka_env/bin/prokka SMDICEUR.fasta --prefix SMDICEUR --locustag SMDICEUR --outdir prokka_SMDICEUR_pseudofinder -gcode 11 --compliant --rfam --cdsrnaolap --force
[15:11:26] Appending to PATH: /home/diego/miniconda3/envs/prokka_env/bin
[15:11:26] Looking for 'aragorn' - found /home/diego/miniconda3/envs/prokka_env/bin/aragorn
[15:11:26] Determined aragorn version is 001002 from 'ARAGORN v1.2.38 Dean Laslett'
[15:11:26] Looking for 'barrnap' - found /home/diego/miniconda3/envs/prokka_env/bin/barrnap
[15:11:26] Determined barrnap version is 000009 from 'barrnap 0.9'
[15:11:26] Looking for 'blastp' - found /home/diego/miniconda3/envs/prokka_env/bin/blastp
[15:11:26] Determined blastp version is 002010 from 'blastp: 2.10.1+'
[15:11:26] Looking for 'cmpress' - found /home/diego/miniconda3/envs/prokka_env/bin/cmpress
[15:11:26] Determined cmpress version is 001001 from '# INFERNAL 1.1.3 (Nov 2019)'
[15:11:26] Looking for 'cmscan' - found /home/diego/miniconda3/envs/prokka_env/bin/cmscan
[15:11:26] Determined cmscan version is 001001 from '# INFERNAL 1.1.3 (Nov 2019)'
[15:11:26] Looking for 'egrep' - found /usr/bin/egrep
[15:11:26] Looking for 'find' - found /usr/bin/find
[15:11:26] Looking for 'grep' - found /usr/bin/grep
[15:11:26] Looking for 'hmmpress' - found /home/diego/miniconda3/envs/prokka_env/bin/hmmpress
[15:11:26] Determined hmmpress version is 003003 from '# HMMER 3.3.2 (Nov 2020); http://hmmer.org/'
[15:11:26] Looking for 'hmmscan' - found /home/diego/miniconda3/envs/prokka_env/bin/hmmscan
[15:11:26] Determined hmmscan version is 003003 from '# HMMER 3.3.2 (Nov 2020); http://hmmer.org/'
[15:11:26] Looking for 'java' - found /home/diego/miniconda3/envs/prokka_env/bin/java
[15:11:26] Looking for 'makeblastdb' - found /home/diego/miniconda3/envs/prokka_env/bin/makeblastdb
[15:11:26] Determined makeblastdb version is 002010 from 'makeblastdb: 2.10.1+'
[15:11:26] Looking for 'minced' - found /home/diego/miniconda3/envs/prokka_env/bin/minced
[15:11:26] Determined minced version is 004002 from 'minced 0.4.2'
[15:11:26] Looking for 'parallel' - found /home/diego/miniconda3/envs/prokka_env/bin/parallel
[15:11:26] Determined parallel version is 20201122 from 'GNU parallel 20201122'
[15:11:26] Looking for 'prodigal' - found /home/diego/miniconda3/envs/prokka_env/bin/prodigal
[15:11:26] Determined prodigal version is 002006 from 'Prodigal V2.6.3: February, 2016'
[15:11:26] Looking for 'prokka-genbank_to_fasta_db' - found /home/diego/miniconda3/envs/prokka_env/bin/prokka-genbank_to_fasta_db
[15:11:26] Looking for 'rnammer' - found /home/diego/rnammer-1.2.src/rnammer
[15:11:26] Determined rnammer version is 001002 from 'This rnammer 1.2, running from '/home/diego/rnammer-1.2.src/''
[15:11:26] Looking for 'sed' - found /usr/bin/sed
[15:11:26] Looking for 'tbl2asn' - found /home/diego/tbl2asn
[15:11:26] Determined tbl2asn version is 025008 from 'tbl2asn 25.8   arguments:'
[15:11:26] Using genetic code table 11.
[15:11:26] Loading and checking input file: SMDICEUR.fasta
[15:11:26] Wrote 1 contigs totalling 151019 bp.
[15:11:26] Predicting tRNAs and tmRNAs
[15:11:26] Running: aragorn -l -gc11  -w prokka_SMDICEUR_pseudofinder\/SMDICEUR\.fna
[15:11:26] 1 tRNA-Met [9058,9132] 35 (cat)
[15:11:26] 2 tRNA-Asn c[12580,12656] 36 (gtt)
[15:11:26] 3 tRNA-Cys c[17885,17955] 33 (gca)
[15:11:26] 4 tmRNA c[21246,21502] 98,124 GKNYSLAA*
[15:11:26] 5 tRNA-Met c[22111,22186] 36 (cat)
[15:11:26] 6 tRNA-Leu [25407,25491] 35 (tag)
[15:11:26] 7 tRNA-Ser [30074,30156] 35 (gct)
[15:11:26] 8 tRNA-Pro [30163,30237] 36 (tgg)
[15:11:26] 9 tRNA-Arg [30241,30313] 34 (tct)
[15:11:26] 10 tRNA-Ser c[35527,35613] 36 (tga)
[15:11:26] 11 tRNA-Lys [39320,39392] 34 (ttt)
[15:11:26] 12 tRNA-Asp c[39398,39471] 35 (gtc)
[15:11:26] 13 tRNA-Val c[43360,43434] 36 (tac)
[15:11:26] 14 tRNA-Leu c[56644,56725] 34 (taa)
[15:11:26] 15 tRNA-Gly c[56731,56803] 34 (gcc)
[15:11:26] 16 tRNA-Ala c[65398,65471] 35 (tgc)
[15:11:26] 17 tRNA-Ile c[65476,65549] 35 (gat)
[15:11:26] 18 tRNA-Thr [69376,69449] 35 (tgt)
[15:11:26] 19 tRNA-Tyr [69459,69540] 35 (gta)
[15:11:26] 20 tRNA-Gly [69545,69616] 34 (tcc)
[15:11:26] 21 tRNA-Thr [69624,69698] 35 (ggt)
[15:11:26] 22 tRNA-Trp [70908,70981] 35 (cca)
[15:11:26] 23 tRNA-His [82654,82729] 36 (gtg)
[15:11:26] 24 tRNA-Phe c[84598,84671] 36 (gaa)
[15:11:26] 25 tRNA-Leu c[96971,97044] 35 (gag)
[15:11:26] 26 tRNA-Glu c[116386,116457] 34 (ttc)
[15:11:26] 27 tRNA-Gln [116822,116892] 33 (ttg)
[15:11:26] 28 tRNA-Arg c[141380,141453] 35 (acg)
[15:11:26] Found 28 tRNAs
[15:11:26] Predicting Ribosomal RNAs
[15:11:26] Running Barrnap with 8 threads
[15:11:26] 1 gnl|Prokka|SMDICEUR_1 62343 5S ribosomal RNA
[15:11:26] 2 gnl|Prokka|SMDICEUR_1 62509 23S ribosomal RNA
[15:11:26] 3 gnl|Prokka|SMDICEUR_1 65553 16S ribosomal RNA
[15:11:26] Found 3 rRNAs
[15:11:26] Scanning for ncRNAs... please be patient.
[15:11:26] Running: cmscan -Z 0.302038 --cut_ga --rfam --nohmmonly --fmt 2 --cpu 8 --tblout /dev/stdout -o /dev/null --noali /home/diego/miniconda3/envs/prokka_env/db/cm/Bacteria prokka_SMDICEUR_pseudofinder\/SMDICEUR\.fna
[15:11:33] 1 ncRNA 1 gnl|Prokka|SMDICEUR_1 1..367
[15:11:33] Found 1 ncRNAs.
[15:11:33] Total of 30 tRNA + rRNA features
[15:11:33] Searching for CRISPR repeats
[15:11:33] Found 0 CRISPRs
[15:11:33] Predicting coding sequences
[15:11:33] Contigs total 151019 bp, so using single mode
[15:11:33] Running: prodigal -i prokka_SMDICEUR_pseudofinder\/SMDICEUR\.fna -c -m -g 11 -p single -f sco -q
[15:11:33] Found 145 CDS
[15:11:33] Connecting features back to sequences
[15:11:33] Not using genus-specific database. Try --usegenus to enable it.
[15:11:33] Annotating CDS, please be patient.
[15:11:33] Will use 8 CPUs for similarity searching.
[15:11:33] There are still 145 unannotated CDS left (started with 145)
[15:11:33] Will use blast to search against /home/diego/miniconda3/envs/prokka_env/db/kingdom/Bacteria/IS with 8 CPUs
[15:11:33] Running: cat prokka_SMDICEUR_pseudofinder\/SMDICEUR\.IS\.tmp\.19528\.faa | parallel --gnu --plain -j 8 --block 2893 --recstart '>' --pipe blastp -query - -db /home/diego/miniconda3/envs/prokka_env/db/kingdom/Bacteria/IS -evalue 1e-30 -qcov_hsp_perc 90 -num_threads 1 -num_descriptions 1 -num_alignments 1 -seg no > prokka_SMDICEUR_pseudofinder\/SMDICEUR\.IS\.tmp\.19528\.blast 2> /dev/null
[15:11:34] Deleting unwanted file: prokka_SMDICEUR_pseudofinder/SMDICEUR.IS.tmp.19528.faa
[15:11:34] Deleting unwanted file: prokka_SMDICEUR_pseudofinder/SMDICEUR.IS.tmp.19528.blast
[15:11:34] There are still 145 unannotated CDS left (started with 145)
[15:11:34] Will use blast to search against /home/diego/miniconda3/envs/prokka_env/db/kingdom/Bacteria/AMR with 8 CPUs
[15:11:34] Running: cat prokka_SMDICEUR_pseudofinder\/SMDICEUR\.AMR\.tmp\.19528\.faa | parallel --gnu --plain -j 8 --block 2893 --recstart '>' --pipe blastp -query - -db /home/diego/miniconda3/envs/prokka_env/db/kingdom/Bacteria/AMR -evalue 9.99999999999999e-301 -qcov_hsp_perc 90 -num_threads 1 -num_descriptions 1 -num_alignments 1 -seg no > prokka_SMDICEUR_pseudofinder\/SMDICEUR\.AMR\.tmp\.19528\.blast 2> /dev/null
[15:11:35] Deleting unwanted file: prokka_SMDICEUR_pseudofinder/SMDICEUR.AMR.tmp.19528.faa
[15:11:35] Deleting unwanted file: prokka_SMDICEUR_pseudofinder/SMDICEUR.AMR.tmp.19528.blast
[15:11:35] There are still 145 unannotated CDS left (started with 145)
[15:11:35] Will use blast to search against /home/diego/miniconda3/envs/prokka_env/db/kingdom/Bacteria/sprot with 8 CPUs
[15:11:35] Running: cat prokka_SMDICEUR_pseudofinder\/SMDICEUR\.sprot\.tmp\.19528\.faa | parallel --gnu --plain -j 8 --block 2893 --recstart '>' --pipe blastp -query - -db /home/diego/miniconda3/envs/prokka_env/db/kingdom/Bacteria/sprot -evalue 1e-09 -qcov_hsp_perc 80 -num_threads 1 -num_descriptions 1 -num_alignments 1 -seg no > prokka_SMDICEUR_pseudofinder\/SMDICEUR\.sprot\.tmp\.19528\.blast 2> /dev/null
[15:11:38] Modify product: Probable ATP-dependent transporter SufC => putative ATP-dependent transporter SufC
[15:11:38] Cleaned 1 /product names
[15:11:38] Deleting unwanted file: prokka_SMDICEUR_pseudofinder/SMDICEUR.sprot.tmp.19528.faa
[15:11:38] Deleting unwanted file: prokka_SMDICEUR_pseudofinder/SMDICEUR.sprot.tmp.19528.blast
[15:11:38] There are still 35 unannotated CDS left (started with 145)
[15:11:38] Will use hmmer3 to search against /home/diego/miniconda3/envs/prokka_env/db/hmm/HAMAP.hmm with 8 CPUs
[15:11:38] Running: cat prokka_SMDICEUR_pseudofinder\/SMDICEUR\.HAMAP\.hmm\.tmp\.19528\.faa | parallel --gnu --plain -j 8 --block 485 --recstart '>' --pipe hmmscan --noali --notextw --acc -E 1e-09 --cpu 1 /home/diego/miniconda3/envs/prokka_env/db/hmm/HAMAP.hmm /dev/stdin > prokka_SMDICEUR_pseudofinder\/SMDICEUR\.HAMAP\.hmm\.tmp\.19528\.hmmer3 2> /dev/null
[15:11:39] Deleting unwanted file: prokka_SMDICEUR_pseudofinder/SMDICEUR.HAMAP.hmm.tmp.19528.faa
[15:11:39] Deleting unwanted file: prokka_SMDICEUR_pseudofinder/SMDICEUR.HAMAP.hmm.tmp.19528.hmmer3
[15:11:39] Labelling remaining 28 proteins as 'hypothetical protein'
[15:11:39] Found 115 unique /gene codes.
[15:11:39] Fixed 2 duplicate /gene - sufB_1 sufB_2
[15:11:39] Fixed 1 colliding /gene names.
[15:11:39] Adding /locus_tag identifiers
[15:11:39] Assigned 177 locus_tags to CDS and RNA features.
[15:11:39] Writing outputs to prokka_SMDICEUR_pseudofinder/
[15:11:39] Generating annotation statistics file
[15:11:39] Generating Genbank and Sequin files
[15:11:39] Running: tbl2asn -V b -a r10k -l paired-ends -M n -N 1 -y 'Annotated using prokka 1.14.6 from https://github.com/tseemann/prokka' -Z prokka_SMDICEUR_pseudofinder\/SMDICEUR\.err -i prokka_SMDICEUR_pseudofinder\/SMDICEUR\.fsa 2> /dev/null
[15:11:39] Deleting unwanted file: prokka_SMDICEUR_pseudofinder/errorsummary.val
[15:11:39] Deleting unwanted file: prokka_SMDICEUR_pseudofinder/SMDICEUR.dr
[15:11:39] Deleting unwanted file: prokka_SMDICEUR_pseudofinder/SMDICEUR.fixedproducts
[15:11:39] Deleting unwanted file: prokka_SMDICEUR_pseudofinder/SMDICEUR.ecn
[15:11:39] Deleting unwanted file: prokka_SMDICEUR_pseudofinder/SMDICEUR.val
[15:11:39] Repairing broken .GBK output that tbl2asn produces...
[15:11:39] Running: sed 's/COORDINATES: profile/COORDINATES:profile/' < prokka_SMDICEUR_pseudofinder\/SMDICEUR\.gbf > prokka_SMDICEUR_pseudofinder\/SMDICEUR\.gbk
[15:11:39] Deleting unwanted file: prokka_SMDICEUR_pseudofinder/SMDICEUR.gbf
[15:11:39] Output files:
[15:11:39] prokka_SMDICEUR_pseudofinder/SMDICEUR.fsa
[15:11:39] prokka_SMDICEUR_pseudofinder/SMDICEUR.gff
[15:11:39] prokka_SMDICEUR_pseudofinder/SMDICEUR.log
[15:11:39] prokka_SMDICEUR_pseudofinder/SMDICEUR.tsv
[15:11:39] prokka_SMDICEUR_pseudofinder/SMDICEUR.tbl
[15:11:39] prokka_SMDICEUR_pseudofinder/SMDICEUR.txt
[15:11:39] prokka_SMDICEUR_pseudofinder/SMDICEUR.err
[15:11:39] prokka_SMDICEUR_pseudofinder/SMDICEUR.ffn
[15:11:39] prokka_SMDICEUR_pseudofinder/SMDICEUR.gbk
[15:11:39] prokka_SMDICEUR_pseudofinder/SMDICEUR.fna
[15:11:39] prokka_SMDICEUR_pseudofinder/SMDICEUR.faa
[15:11:39] prokka_SMDICEUR_pseudofinder/SMDICEUR.sqn
[15:11:39] Annotation finished successfully.
[15:11:39] Walltime used: 0.22 minutes
[15:11:39] If you use this result please cite the Prokka paper:
[15:11:39] Seemann T (2014) Prokka: rapid prokaryotic genome annotation. Bioinformatics. 30(14):2068-9.
[15:11:39] Type 'prokka --citation' for more details.
[15:11:39] Share and enjoy!
