Discrepancy Report Results

Summary
DISC_SOURCE_QUALS_ASNDISC:strain (all present, all unique)
DISC_SOURCE_QUALS_ASNDISC:taxname (all present, all unique)
DISC_FEATURE_COUNT:gene: 140 present
DISC_FEATURE_COUNT:CDS: 135 present
DISC_FEATURE_COUNT:tRNA: 3 present
DISC_FEATURE_COUNT:rRNA: 2 present
DISC_COUNT_NUCLEOTIDES:1 nucleotide Bioseqs are present
OVERLAPPING_GENES:101 genes overlap another gene on the same strand.
RNA_CDS_OVERLAP:4 coding regions overlap RNA features
SUSPECT_PRODUCT_NAMES:1 product_names contain suspect phrase or characters
	May contain database identifier more appropriate in note; remove from product name
		1 features Contains underscore
DISC_QUALITY_SCORES:Quality scores are missing on all sequences.
ONCALLER_COMMENT_PRESENT:1 comment descriptors were found (all same)
SHORT_PROT_SEQUENCES:10 protein sequences are shorter than 50 aa.
MISSING_GENOMEASSEMBLY_COMMENTS:1 bioseqs are missing GenomeAssembly structured comments
FIND_OVERLAPPED_GENES:2 genes completely overlapped by other genes
MOLTYPE_NOT_MRNA:1 molecule types are not set as mRNA.
TECHNIQUE_NOT_TSA:1 technique are not set as TSA
MISSING_STRUCTURED_COMMENT:1 sequences do not include structured comments.
MISSING_PROJECT:136 sequences do not include project.
DISC_INCONSISTENT_MOLINFO_TECH:Molinfo Technique Report (some missing, all same)


Detailed Report

DiscRep_ALL:DISC_SOURCE_QUALS_ASNDISC::strain (all present, all unique)
DiscRep_SUB:DISC_SOURCE_QUALS_ASNDISC::1 sources have unique values for strain
DiscRep_ALL:DISC_SOURCE_QUALS_ASNDISC::taxname (all present, all unique)
DiscRep_SUB:DISC_SOURCE_QUALS_ASNDISC::1 sources have unique values for taxname
DiscRep_ALL:DISC_FEATURE_COUNT::gene: 140 present
DiscRep_ALL:DISC_FEATURE_COUNT::CDS: 135 present
DiscRep_ALL:DISC_FEATURE_COUNT::tRNA: 3 present
DiscRep_ALL:DISC_FEATURE_COUNT::rRNA: 2 present
DiscRep_ALL:DISC_COUNT_NUCLEOTIDES::1 nucleotide Bioseqs are present
annotation_prokka/prokka_VFKELRIB/prokka_VFKELRIB:Prokka:VFKELRIB_1 (length 104666)

DiscRep_ALL:OVERLAPPING_GENES::101 genes overlap another gene on the same strand.
annotation_prokka/prokka_VFKELRIB/prokka_VFKELRIB:Gene	rplK	VFKELRIB_1:1229-1621	VFKELRIB_00002
annotation_prokka/prokka_VFKELRIB/prokka_VFKELRIB:Gene	VFKELRIB_00003	VFKELRIB_1:1618-2175	VFKELRIB_00003
annotation_prokka/prokka_VFKELRIB/prokka_VFKELRIB:Gene	rplJ	VFKELRIB_1:2168-2608	VFKELRIB_00004
annotation_prokka/prokka_VFKELRIB/prokka_VFKELRIB:Gene	rplL	VFKELRIB_1:2586-2945	VFKELRIB_00005
annotation_prokka/prokka_VFKELRIB/prokka_VFKELRIB:Gene	rpoB	VFKELRIB_1:2942-6313	VFKELRIB_00006
annotation_prokka/prokka_VFKELRIB/prokka_VFKELRIB:Gene	rpoC	VFKELRIB_1:6310-10080	VFKELRIB_00007
annotation_prokka/prokka_VFKELRIB/prokka_VFKELRIB:Gene	rpsL	VFKELRIB_1:10058-10420	VFKELRIB_00008
annotation_prokka/prokka_VFKELRIB/prokka_VFKELRIB:Gene	rpsG	VFKELRIB_1:10417-10881	VFKELRIB_00009
annotation_prokka/prokka_VFKELRIB/prokka_VFKELRIB:Gene	fusA	VFKELRIB_1:10894-12957	VFKELRIB_00010
annotation_prokka/prokka_VFKELRIB/prokka_VFKELRIB:Gene	rpsJ	VFKELRIB_1:12954-13253	VFKELRIB_00011
annotation_prokka/prokka_VFKELRIB/prokka_VFKELRIB:Gene	rpsI	VFKELRIB_1:c14684-14307	VFKELRIB_00014
annotation_prokka/prokka_VFKELRIB/prokka_VFKELRIB:Gene	rplM	VFKELRIB_1:c14958-14671	VFKELRIB_00015
annotation_prokka/prokka_VFKELRIB/prokka_VFKELRIB:Gene	dapF	VFKELRIB_1:c15740-14955	VFKELRIB_00016
annotation_prokka/prokka_VFKELRIB/prokka_VFKELRIB:Gene	VFKELRIB_00017	VFKELRIB_1:c16354-15737	VFKELRIB_00017
annotation_prokka/prokka_VFKELRIB/prokka_VFKELRIB:Gene	VFKELRIB_00019	VFKELRIB_1:17840-17941	VFKELRIB_00019
annotation_prokka/prokka_VFKELRIB/prokka_VFKELRIB:Gene	prs	VFKELRIB_1:17916-18743	VFKELRIB_00020
annotation_prokka/prokka_VFKELRIB/prokka_VFKELRIB:Gene	VFKELRIB_00021	VFKELRIB_1:18692-19210	VFKELRIB_00021
annotation_prokka/prokka_VFKELRIB/prokka_VFKELRIB:Gene	prfA_1	VFKELRIB_1:c20557-19826	VFKELRIB_00023
annotation_prokka/prokka_VFKELRIB/prokka_VFKELRIB:Gene	dapA	VFKELRIB_1:c21399-20533	VFKELRIB_00024
annotation_prokka/prokka_VFKELRIB/prokka_VFKELRIB:Gene	VFKELRIB_00030	VFKELRIB_1:26915-27661	VFKELRIB_00030
annotation_prokka/prokka_VFKELRIB/prokka_VFKELRIB:Gene	metC	VFKELRIB_1:27630-28757	VFKELRIB_00031
annotation_prokka/prokka_VFKELRIB/prokka_VFKELRIB:Gene	prfA_2	VFKELRIB_1:c29399-28695	VFKELRIB_00032
annotation_prokka/prokka_VFKELRIB/prokka_VFKELRIB:Gene	trpC	VFKELRIB_1:c30078-29383	VFKELRIB_00033
annotation_prokka/prokka_VFKELRIB/prokka_VFKELRIB:Gene	trpD	VFKELRIB_1:c30910-30050	VFKELRIB_00034
annotation_prokka/prokka_VFKELRIB/prokka_VFKELRIB:Gene	pabA	VFKELRIB_1:c31460-30894	VFKELRIB_00035
annotation_prokka/prokka_VFKELRIB/prokka_VFKELRIB:Gene	trpE	VFKELRIB_1:c32668-31457	VFKELRIB_00036
annotation_prokka/prokka_VFKELRIB/prokka_VFKELRIB:Gene	argH	VFKELRIB_1:c34032-32653	VFKELRIB_00037
annotation_prokka/prokka_VFKELRIB/prokka_VFKELRIB:Gene	asd1	VFKELRIB_1:40235-41203	VFKELRIB_00042
annotation_prokka/prokka_VFKELRIB/prokka_VFKELRIB:Gene	trpF	VFKELRIB_1:41200-41814	VFKELRIB_00043
annotation_prokka/prokka_VFKELRIB/prokka_VFKELRIB:Gene	trpB	VFKELRIB_1:41811-42950	VFKELRIB_00044
annotation_prokka/prokka_VFKELRIB/prokka_VFKELRIB:Gene	trpA	VFKELRIB_1:43018-43608	VFKELRIB_00045
annotation_prokka/prokka_VFKELRIB/prokka_VFKELRIB:Gene	rpsP	VFKELRIB_1:43589-43810	VFKELRIB_00046
annotation_prokka/prokka_VFKELRIB/prokka_VFKELRIB:Gene	VFKELRIB_00047	VFKELRIB_1:43807-43989	VFKELRIB_00047
annotation_prokka/prokka_VFKELRIB/prokka_VFKELRIB:Gene	carA	VFKELRIB_1:45296-46336	VFKELRIB_00050
annotation_prokka/prokka_VFKELRIB/prokka_VFKELRIB:Gene	carB	VFKELRIB_1:46333-49437	VFKELRIB_00051
annotation_prokka/prokka_VFKELRIB/prokka_VFKELRIB:Gene	rlmE	VFKELRIB_1:49397-49900	VFKELRIB_00052
annotation_prokka/prokka_VFKELRIB/prokka_VFKELRIB:Gene	clpP	VFKELRIB_1:49887-50405	VFKELRIB_00053
annotation_prokka/prokka_VFKELRIB/prokka_VFKELRIB:Gene	clpX	VFKELRIB_1:50402-51538	VFKELRIB_00054
annotation_prokka/prokka_VFKELRIB/prokka_VFKELRIB:Gene	VFKELRIB_00055	VFKELRIB_1:51549-52061	VFKELRIB_00055
annotation_prokka/prokka_VFKELRIB/prokka_VFKELRIB:Gene	dnaX	VFKELRIB_1:52045-53004	VFKELRIB_00056
annotation_prokka/prokka_VFKELRIB/prokka_VFKELRIB:Gene	hisD	VFKELRIB_1:53675-54898	VFKELRIB_00058
annotation_prokka/prokka_VFKELRIB/prokka_VFKELRIB:Gene	hisC2	VFKELRIB_1:54862-55845	VFKELRIB_00059
annotation_prokka/prokka_VFKELRIB/prokka_VFKELRIB:Gene	hisB	VFKELRIB_1:55826-56377	VFKELRIB_00060
annotation_prokka/prokka_VFKELRIB/prokka_VFKELRIB:Gene	hisH	VFKELRIB_1:56379-56963	VFKELRIB_00061
annotation_prokka/prokka_VFKELRIB/prokka_VFKELRIB:Gene	hisA	VFKELRIB_1:56921-57649	VFKELRIB_00062
annotation_prokka/prokka_VFKELRIB/prokka_VFKELRIB:Gene	hisF	VFKELRIB_1:57631-58374	VFKELRIB_00063
annotation_prokka/prokka_VFKELRIB/prokka_VFKELRIB:Gene	hisI	VFKELRIB_1:58374-58667	VFKELRIB_00064
annotation_prokka/prokka_VFKELRIB/prokka_VFKELRIB:Gene	hisE	VFKELRIB_1:58664-58954	VFKELRIB_00065
annotation_prokka/prokka_VFKELRIB/prokka_VFKELRIB:Gene	VFKELRIB_00066	VFKELRIB_1:58960-59100	VFKELRIB_00066
annotation_prokka/prokka_VFKELRIB/prokka_VFKELRIB:Gene	argF	VFKELRIB_1:59090-59911	VFKELRIB_00067
annotation_prokka/prokka_VFKELRIB/prokka_VFKELRIB:Gene	rplT	VFKELRIB_1:c60333-59956	VFKELRIB_00068
annotation_prokka/prokka_VFKELRIB/prokka_VFKELRIB:Gene	VFKELRIB_00069	VFKELRIB_1:c60469-60302	VFKELRIB_00069
annotation_prokka/prokka_VFKELRIB/prokka_VFKELRIB:Gene	infC	VFKELRIB_1:c60977-60456	VFKELRIB_00070
annotation_prokka/prokka_VFKELRIB/prokka_VFKELRIB:Gene	aroC	VFKELRIB_1:c61942-60923	VFKELRIB_00071
annotation_prokka/prokka_VFKELRIB/prokka_VFKELRIB:Gene	dapD	VFKELRIB_1:64325-65059	VFKELRIB_00080
annotation_prokka/prokka_VFKELRIB/prokka_VFKELRIB:Gene	dapE	VFKELRIB_1:65056-66120	VFKELRIB_00081
annotation_prokka/prokka_VFKELRIB/prokka_VFKELRIB:Gene	thrC	VFKELRIB_1:c67357-66077	VFKELRIB_00082
annotation_prokka/prokka_VFKELRIB/prokka_VFKELRIB:Gene	hom	VFKELRIB_1:c68487-67354	VFKELRIB_00083
annotation_prokka/prokka_VFKELRIB/prokka_VFKELRIB:Gene	dnaC	VFKELRIB_1:c69653-68484	VFKELRIB_00084
annotation_prokka/prokka_VFKELRIB/prokka_VFKELRIB:Gene	rho	VFKELRIB_1:70117-71166	VFKELRIB_00086
annotation_prokka/prokka_VFKELRIB/prokka_VFKELRIB:Gene	rpmE2	VFKELRIB_1:71166-71411	VFKELRIB_00087
annotation_prokka/prokka_VFKELRIB/prokka_VFKELRIB:Gene	VFKELRIB_00089	VFKELRIB_1:72803-73045	VFKELRIB_00089
annotation_prokka/prokka_VFKELRIB/prokka_VFKELRIB:Gene	groL	VFKELRIB_1:73042-74604	VFKELRIB_00090
annotation_prokka/prokka_VFKELRIB/prokka_VFKELRIB:Gene	aroA	VFKELRIB_1:74601-75887	VFKELRIB_00091
annotation_prokka/prokka_VFKELRIB/prokka_VFKELRIB:Gene	dnaJ	VFKELRIB_1:c78668-77688	VFKELRIB_00094
annotation_prokka/prokka_VFKELRIB/prokka_VFKELRIB:Gene	dnaK	VFKELRIB_1:c80467-78665	VFKELRIB_00095
annotation_prokka/prokka_VFKELRIB/prokka_VFKELRIB:Gene	aroH	VFKELRIB_1:80536-81528	VFKELRIB_00096
annotation_prokka/prokka_VFKELRIB/prokka_VFKELRIB:Gene	VFKELRIB_00097	VFKELRIB_1:81509-81601	VFKELRIB_00097
annotation_prokka/prokka_VFKELRIB/prokka_VFKELRIB:Gene	dapB	VFKELRIB_1:c82747-82169	VFKELRIB_00099
annotation_prokka/prokka_VFKELRIB/prokka_VFKELRIB:Gene	aroE	VFKELRIB_1:c83382-82747	VFKELRIB_00100
annotation_prokka/prokka_VFKELRIB/prokka_VFKELRIB:Gene	rpmA	VFKELRIB_1:c84553-84311	VFKELRIB_00102
annotation_prokka/prokka_VFKELRIB/prokka_VFKELRIB:Gene	VFKELRIB_00103	VFKELRIB_1:c85077-84523	VFKELRIB_00103
annotation_prokka/prokka_VFKELRIB/prokka_VFKELRIB:Gene	VFKELRIB_00106	VFKELRIB_1:c90358-87470	VFKELRIB_00106
annotation_prokka/prokka_VFKELRIB/prokka_VFKELRIB:Gene	VFKELRIB_00107	VFKELRIB_1:c89751-89611	VFKELRIB_00107
annotation_prokka/prokka_VFKELRIB/prokka_VFKELRIB:Gene	VFKELRIB_00108	VFKELRIB_1:c90264-90007	VFKELRIB_00108
annotation_prokka/prokka_VFKELRIB/prokka_VFKELRIB:Gene	rplC	VFKELRIB_1:92369-92803	VFKELRIB_00111
annotation_prokka/prokka_VFKELRIB/prokka_VFKELRIB:Gene	rplD	VFKELRIB_1:92800-93309	VFKELRIB_00112
annotation_prokka/prokka_VFKELRIB/prokka_VFKELRIB:Gene	VFKELRIB_00113	VFKELRIB_1:93266-93460	VFKELRIB_00113
annotation_prokka/prokka_VFKELRIB/prokka_VFKELRIB:Gene	rplB	VFKELRIB_1:93453-94259	VFKELRIB_00114
annotation_prokka/prokka_VFKELRIB/prokka_VFKELRIB:Gene	rpsS	VFKELRIB_1:94259-94501	VFKELRIB_00115
annotation_prokka/prokka_VFKELRIB/prokka_VFKELRIB:Gene	VFKELRIB_00116	VFKELRIB_1:94498-94809	VFKELRIB_00116
annotation_prokka/prokka_VFKELRIB/prokka_VFKELRIB:Gene	rplP	VFKELRIB_1:95491-95910	VFKELRIB_00118
annotation_prokka/prokka_VFKELRIB/prokka_VFKELRIB:Gene	VFKELRIB_00119	VFKELRIB_1:95907-96017	VFKELRIB_00119
annotation_prokka/prokka_VFKELRIB/prokka_VFKELRIB:Gene	VFKELRIB_00120	VFKELRIB_1:95983-96204	VFKELRIB_00120
annotation_prokka/prokka_VFKELRIB/prokka_VFKELRIB:Gene	rplN	VFKELRIB_1:96204-96584	VFKELRIB_00121
annotation_prokka/prokka_VFKELRIB/prokka_VFKELRIB:Gene	VFKELRIB_00122	VFKELRIB_1:96581-96739	VFKELRIB_00122
annotation_prokka/prokka_VFKELRIB/prokka_VFKELRIB:Gene	rplE	VFKELRIB_1:96723-97259	VFKELRIB_00123
annotation_prokka/prokka_VFKELRIB/prokka_VFKELRIB:Gene	rpsZ	VFKELRIB_1:97252-97500	VFKELRIB_00124
annotation_prokka/prokka_VFKELRIB/prokka_VFKELRIB:Gene	rpsH	VFKELRIB_1:97505-97891	VFKELRIB_00125
annotation_prokka/prokka_VFKELRIB/prokka_VFKELRIB:Gene	rplF	VFKELRIB_1:97884-98405	VFKELRIB_00126
annotation_prokka/prokka_VFKELRIB/prokka_VFKELRIB:Gene	VFKELRIB_00127	VFKELRIB_1:98414-98713	VFKELRIB_00127
annotation_prokka/prokka_VFKELRIB/prokka_VFKELRIB:Gene	rpsE	VFKELRIB_1:98667-99089	VFKELRIB_00128
annotation_prokka/prokka_VFKELRIB/prokka_VFKELRIB:Gene	rplO	VFKELRIB_1:99076-99405	VFKELRIB_00129
annotation_prokka/prokka_VFKELRIB/prokka_VFKELRIB:Gene	infA	VFKELRIB_1:99383-99610	VFKELRIB_00130
annotation_prokka/prokka_VFKELRIB/prokka_VFKELRIB:Gene	rpmJ	VFKELRIB_1:99607-99723	VFKELRIB_00131
annotation_prokka/prokka_VFKELRIB/prokka_VFKELRIB:Gene	rpsM	VFKELRIB_1:99720-100076	VFKELRIB_00132
annotation_prokka/prokka_VFKELRIB/prokka_VFKELRIB:Gene	rpsK	VFKELRIB_1:100069-100407	VFKELRIB_00133
annotation_prokka/prokka_VFKELRIB/prokka_VFKELRIB:Gene	rpsD	VFKELRIB_1:100404-100793	VFKELRIB_00134
annotation_prokka/prokka_VFKELRIB/prokka_VFKELRIB:Gene	rpoA	VFKELRIB_1:100783-101424	VFKELRIB_00135
annotation_prokka/prokka_VFKELRIB/prokka_VFKELRIB:Gene	aroK	VFKELRIB_1:102846-103289	VFKELRIB_00138
annotation_prokka/prokka_VFKELRIB/prokka_VFKELRIB:Gene	aroB	VFKELRIB_1:103277-104272	VFKELRIB_00139

DiscRep_ALL:RNA_CDS_OVERLAP::4 coding regions overlap RNA features
FATAL: DiscRep_SUB:RNA_CDS_OVERLAP::2 coding regions aletely containedntained in RNAs
annotation_prokka/prokka_VFKELRIB/prokka_VFKELRIB:CDS	hypothetical protein	VFKELRIB_1:c89751-89611	VFKELRIB_00107
annotation_prokka/prokka_VFKELRIB/prokka_VFKELRIB:rRNA	23S ribosomal RNA	VFKELRIB_1:c90358-87470	VFKELRIB_00106
annotation_prokka/prokka_VFKELRIB/prokka_VFKELRIB:CDS	hypothetical protein	VFKELRIB_1:c90264-90007	VFKELRIB_00108
annotation_prokka/prokka_VFKELRIB/prokka_VFKELRIB:rRNA	23S ribosomal RNA	VFKELRIB_1:c90358-87470	VFKELRIB_00106

DiscRep_SUB:RNA_CDS_OVERLAP::2 coding regions overlap RNAs (no containment)
DiscRep_SUB:RNA_CDS_OVERLAP::2 coding regions overlap RNAs on the opposite strand (no containment)
annotation_prokka/prokka_VFKELRIB/prokka_VFKELRIB:CDS	hypothetical protein	VFKELRIB_1:62027-62158	VFKELRIB_00073
annotation_prokka/prokka_VFKELRIB/prokka_VFKELRIB:tRNA	Leu	VFKELRIB_1:c62027-61950	VFKELRIB_00072
annotation_prokka/prokka_VFKELRIB/prokka_VFKELRIB:CDS	hypothetical protein	VFKELRIB_1:62027-62158	VFKELRIB_00073
annotation_prokka/prokka_VFKELRIB/prokka_VFKELRIB:tRNA	Met	VFKELRIB_1:c62218-62147	VFKELRIB_00074

DiscRep_ALL:SUSPECT_PRODUCT_NAMES::1 product_names contain suspect phrase or characters
DiscRep_SUB:SUSPECT_PRODUCT_NAMES::May contain database identifier more appropriate in note; remove from product name
DiscRep_SUB:SUSPECT_PRODUCT_NAMES::1 features Contains underscore
annotation_prokka/prokka_VFKELRIB/prokka_VFKELRIB:CDS	Aspartate kinase Ask_LysC	VFKELRIB_1:22095-23267	VFKELRIB_00026

DiscRep_ALL:DISC_QUALITY_SCORES::Quality scores are missing on all sequences.

DiscRep_ALL:ONCALLER_COMMENT_PRESENT::1 comment descriptors were found (all same)
annotation_prokka/prokka_VFKELRIB/prokka_VFKELRIB:Prokka:VFKELRIB_1:Annotated using prokka 1.13 from https://github.com/tseemann/prokka

DiscRep_ALL:SHORT_PROT_SEQUENCES::10 protein sequences are shorter than 50 aa.
annotation_prokka/prokka_VFKELRIB/prokka_VFKELRIB:Prokka:VFKELRIB_00019 (length 33)
annotation_prokka/prokka_VFKELRIB/prokka_VFKELRIB:Prokka:VFKELRIB_00066 (length 46)
annotation_prokka/prokka_VFKELRIB/prokka_VFKELRIB:Prokka:VFKELRIB_00073 (length 43)
annotation_prokka/prokka_VFKELRIB/prokka_VFKELRIB:Prokka:VFKELRIB_00077 (length 48)
annotation_prokka/prokka_VFKELRIB/prokka_VFKELRIB:Prokka:VFKELRIB_00078 (length 35)
annotation_prokka/prokka_VFKELRIB/prokka_VFKELRIB:Prokka:VFKELRIB_00097 (length 30)
annotation_prokka/prokka_VFKELRIB/prokka_VFKELRIB:Prokka:VFKELRIB_00107 (length 46)
annotation_prokka/prokka_VFKELRIB/prokka_VFKELRIB:Prokka:VFKELRIB_00119 (length 36)
annotation_prokka/prokka_VFKELRIB/prokka_VFKELRIB:Prokka:VFKELRIB_00131 (length 38)
annotation_prokka/prokka_VFKELRIB/prokka_VFKELRIB:Prokka:VFKELRIB_00140 (length 32)

DiscRep_ALL:MISSING_GENOMEASSEMBLY_COMMENTS::1 bioseqs are missing GenomeAssembly structured comments
annotation_prokka/prokka_VFKELRIB/prokka_VFKELRIB:Prokka:VFKELRIB_1 (length 104666)

DiscRep_ALL:FIND_OVERLAPPED_GENES::2 genes completely overlapped by other genes
annotation_prokka/prokka_VFKELRIB/prokka_VFKELRIB:Gene	VFKELRIB_00107	VFKELRIB_1:c89751-89611	VFKELRIB_00107
annotation_prokka/prokka_VFKELRIB/prokka_VFKELRIB:Gene	VFKELRIB_00108	VFKELRIB_1:c90264-90007	VFKELRIB_00108

DiscRep_ALL:MOLTYPE_NOT_MRNA::1 molecule types are not set as mRNA.
annotation_prokka/prokka_VFKELRIB/prokka_VFKELRIB:Prokka:VFKELRIB_1 (length 104666)

DiscRep_ALL:TECHNIQUE_NOT_TSA::1 technique are not set as TSA
annotation_prokka/prokka_VFKELRIB/prokka_VFKELRIB:Prokka:VFKELRIB_1 (length 104666)

DiscRep_ALL:MISSING_STRUCTURED_COMMENT::1 sequences do not include structured comments.
annotation_prokka/prokka_VFKELRIB/prokka_VFKELRIB:Prokka:VFKELRIB_1 (length 104666)

DiscRep_ALL:MISSING_PROJECT::136 sequences do not include project.
annotation_prokka/prokka_VFKELRIB/prokka_VFKELRIB:Prokka:VFKELRIB_1 (length 104666)
annotation_prokka/prokka_VFKELRIB/prokka_VFKELRIB:Prokka:VFKELRIB_00001 (length 400)
annotation_prokka/prokka_VFKELRIB/prokka_VFKELRIB:Prokka:VFKELRIB_00002 (length 130)
annotation_prokka/prokka_VFKELRIB/prokka_VFKELRIB:Prokka:VFKELRIB_00003 (length 185)
annotation_prokka/prokka_VFKELRIB/prokka_VFKELRIB:Prokka:VFKELRIB_00004 (length 146)
annotation_prokka/prokka_VFKELRIB/prokka_VFKELRIB:Prokka:VFKELRIB_00005 (length 119)
annotation_prokka/prokka_VFKELRIB/prokka_VFKELRIB:Prokka:VFKELRIB_00006 (length 1123)
annotation_prokka/prokka_VFKELRIB/prokka_VFKELRIB:Prokka:VFKELRIB_00007 (length 1256)
annotation_prokka/prokka_VFKELRIB/prokka_VFKELRIB:Prokka:VFKELRIB_00008 (length 120)
annotation_prokka/prokka_VFKELRIB/prokka_VFKELRIB:Prokka:VFKELRIB_00009 (length 154)
annotation_prokka/prokka_VFKELRIB/prokka_VFKELRIB:Prokka:VFKELRIB_00010 (length 687)
annotation_prokka/prokka_VFKELRIB/prokka_VFKELRIB:Prokka:VFKELRIB_00011 (length 99)
annotation_prokka/prokka_VFKELRIB/prokka_VFKELRIB:Prokka:VFKELRIB_00012 (length 146)
annotation_prokka/prokka_VFKELRIB/prokka_VFKELRIB:Prokka:VFKELRIB_00013 (length 151)
annotation_prokka/prokka_VFKELRIB/prokka_VFKELRIB:Prokka:VFKELRIB_00014 (length 125)
annotation_prokka/prokka_VFKELRIB/prokka_VFKELRIB:Prokka:VFKELRIB_00015 (length 95)
annotation_prokka/prokka_VFKELRIB/prokka_VFKELRIB:Prokka:VFKELRIB_00016 (length 261)
annotation_prokka/prokka_VFKELRIB/prokka_VFKELRIB:Prokka:VFKELRIB_00017 (length 205)
annotation_prokka/prokka_VFKELRIB/prokka_VFKELRIB:Prokka:VFKELRIB_00018 (length 444)
annotation_prokka/prokka_VFKELRIB/prokka_VFKELRIB:Prokka:VFKELRIB_00019 (length 33)
annotation_prokka/prokka_VFKELRIB/prokka_VFKELRIB:Prokka:VFKELRIB_00020 (length 275)
annotation_prokka/prokka_VFKELRIB/prokka_VFKELRIB:Prokka:VFKELRIB_00021 (length 172)
annotation_prokka/prokka_VFKELRIB/prokka_VFKELRIB:Prokka:VFKELRIB_00022 (length 168)
annotation_prokka/prokka_VFKELRIB/prokka_VFKELRIB:Prokka:VFKELRIB_00023 (length 243)
annotation_prokka/prokka_VFKELRIB/prokka_VFKELRIB:Prokka:VFKELRIB_00024 (length 288)
annotation_prokka/prokka_VFKELRIB/prokka_VFKELRIB:Prokka:VFKELRIB_00025 (length 51)
annotation_prokka/prokka_VFKELRIB/prokka_VFKELRIB:Prokka:VFKELRIB_00026 (length 390)
annotation_prokka/prokka_VFKELRIB/prokka_VFKELRIB:Prokka:VFKELRIB_00027 (length 76)
annotation_prokka/prokka_VFKELRIB/prokka_VFKELRIB:Prokka:VFKELRIB_00028 (length 64)
annotation_prokka/prokka_VFKELRIB/prokka_VFKELRIB:Prokka:VFKELRIB_00029 (length 733)
annotation_prokka/prokka_VFKELRIB/prokka_VFKELRIB:Prokka:VFKELRIB_00030 (length 248)
annotation_prokka/prokka_VFKELRIB/prokka_VFKELRIB:Prokka:VFKELRIB_00031 (length 375)
annotation_prokka/prokka_VFKELRIB/prokka_VFKELRIB:Prokka:VFKELRIB_00032 (length 234)
annotation_prokka/prokka_VFKELRIB/prokka_VFKELRIB:Prokka:VFKELRIB_00033 (length 231)
annotation_prokka/prokka_VFKELRIB/prokka_VFKELRIB:Prokka:VFKELRIB_00034 (length 286)
annotation_prokka/prokka_VFKELRIB/prokka_VFKELRIB:Prokka:VFKELRIB_00035 (length 188)
annotation_prokka/prokka_VFKELRIB/prokka_VFKELRIB:Prokka:VFKELRIB_00036 (length 403)
annotation_prokka/prokka_VFKELRIB/prokka_VFKELRIB:Prokka:VFKELRIB_00037 (length 459)
annotation_prokka/prokka_VFKELRIB/prokka_VFKELRIB:Prokka:VFKELRIB_00038 (length 287)
annotation_prokka/prokka_VFKELRIB/prokka_VFKELRIB:Prokka:VFKELRIB_00039 (length 387)
annotation_prokka/prokka_VFKELRIB/prokka_VFKELRIB:Prokka:VFKELRIB_00040 (length 919)
annotation_prokka/prokka_VFKELRIB/prokka_VFKELRIB:Prokka:VFKELRIB_00041 (length 239)
annotation_prokka/prokka_VFKELRIB/prokka_VFKELRIB:Prokka:VFKELRIB_00042 (length 322)
annotation_prokka/prokka_VFKELRIB/prokka_VFKELRIB:Prokka:VFKELRIB_00043 (length 204)
annotation_prokka/prokka_VFKELRIB/prokka_VFKELRIB:Prokka:VFKELRIB_00044 (length 379)
annotation_prokka/prokka_VFKELRIB/prokka_VFKELRIB:Prokka:VFKELRIB_00045 (length 196)
annotation_prokka/prokka_VFKELRIB/prokka_VFKELRIB:Prokka:VFKELRIB_00046 (length 73)
annotation_prokka/prokka_VFKELRIB/prokka_VFKELRIB:Prokka:VFKELRIB_00047 (length 60)
annotation_prokka/prokka_VFKELRIB/prokka_VFKELRIB:Prokka:VFKELRIB_00048 (length 228)
annotation_prokka/prokka_VFKELRIB/prokka_VFKELRIB:Prokka:VFKELRIB_00049 (length 170)
annotation_prokka/prokka_VFKELRIB/prokka_VFKELRIB:Prokka:VFKELRIB_00050 (length 346)
annotation_prokka/prokka_VFKELRIB/prokka_VFKELRIB:Prokka:VFKELRIB_00051 (length 1034)
annotation_prokka/prokka_VFKELRIB/prokka_VFKELRIB:Prokka:VFKELRIB_00052 (length 167)
annotation_prokka/prokka_VFKELRIB/prokka_VFKELRIB:Prokka:VFKELRIB_00053 (length 172)
annotation_prokka/prokka_VFKELRIB/prokka_VFKELRIB:Prokka:VFKELRIB_00054 (length 378)
annotation_prokka/prokka_VFKELRIB/prokka_VFKELRIB:Prokka:VFKELRIB_00055 (length 170)
annotation_prokka/prokka_VFKELRIB/prokka_VFKELRIB:Prokka:VFKELRIB_00056 (length 319)
annotation_prokka/prokka_VFKELRIB/prokka_VFKELRIB:Prokka:VFKELRIB_00057 (length 204)
annotation_prokka/prokka_VFKELRIB/prokka_VFKELRIB:Prokka:VFKELRIB_00058 (length 407)
annotation_prokka/prokka_VFKELRIB/prokka_VFKELRIB:Prokka:VFKELRIB_00059 (length 327)
annotation_prokka/prokka_VFKELRIB/prokka_VFKELRIB:Prokka:VFKELRIB_00060 (length 183)
annotation_prokka/prokka_VFKELRIB/prokka_VFKELRIB:Prokka:VFKELRIB_00061 (length 194)
annotation_prokka/prokka_VFKELRIB/prokka_VFKELRIB:Prokka:VFKELRIB_00062 (length 242)
annotation_prokka/prokka_VFKELRIB/prokka_VFKELRIB:Prokka:VFKELRIB_00063 (length 247)
annotation_prokka/prokka_VFKELRIB/prokka_VFKELRIB:Prokka:VFKELRIB_00064 (length 97)
annotation_prokka/prokka_VFKELRIB/prokka_VFKELRIB:Prokka:VFKELRIB_00065 (length 96)
annotation_prokka/prokka_VFKELRIB/prokka_VFKELRIB:Prokka:VFKELRIB_00066 (length 46)
annotation_prokka/prokka_VFKELRIB/prokka_VFKELRIB:Prokka:VFKELRIB_00067 (length 273)
annotation_prokka/prokka_VFKELRIB/prokka_VFKELRIB:Prokka:VFKELRIB_00068 (length 125)
annotation_prokka/prokka_VFKELRIB/prokka_VFKELRIB:Prokka:VFKELRIB_00069 (length 55)
annotation_prokka/prokka_VFKELRIB/prokka_VFKELRIB:Prokka:VFKELRIB_00070 (length 173)
annotation_prokka/prokka_VFKELRIB/prokka_VFKELRIB:Prokka:VFKELRIB_00071 (length 339)
annotation_prokka/prokka_VFKELRIB/prokka_VFKELRIB:Prokka:VFKELRIB_00073 (length 43)
annotation_prokka/prokka_VFKELRIB/prokka_VFKELRIB:Prokka:VFKELRIB_00075 (length 108)
annotation_prokka/prokka_VFKELRIB/prokka_VFKELRIB:Prokka:VFKELRIB_00076 (length 156)
annotation_prokka/prokka_VFKELRIB/prokka_VFKELRIB:Prokka:VFKELRIB_00077 (length 48)
annotation_prokka/prokka_VFKELRIB/prokka_VFKELRIB:Prokka:VFKELRIB_00078 (length 35)
annotation_prokka/prokka_VFKELRIB/prokka_VFKELRIB:Prokka:VFKELRIB_00079 (length 170)
annotation_prokka/prokka_VFKELRIB/prokka_VFKELRIB:Prokka:VFKELRIB_00080 (length 244)
annotation_prokka/prokka_VFKELRIB/prokka_VFKELRIB:Prokka:VFKELRIB_00081 (length 354)
annotation_prokka/prokka_VFKELRIB/prokka_VFKELRIB:Prokka:VFKELRIB_00082 (length 426)
annotation_prokka/prokka_VFKELRIB/prokka_VFKELRIB:Prokka:VFKELRIB_00083 (length 377)
annotation_prokka/prokka_VFKELRIB/prokka_VFKELRIB:Prokka:VFKELRIB_00084 (length 389)
annotation_prokka/prokka_VFKELRIB/prokka_VFKELRIB:Prokka:VFKELRIB_00085 (length 113)
annotation_prokka/prokka_VFKELRIB/prokka_VFKELRIB:Prokka:VFKELRIB_00086 (length 349)
annotation_prokka/prokka_VFKELRIB/prokka_VFKELRIB:Prokka:VFKELRIB_00087 (length 81)
annotation_prokka/prokka_VFKELRIB/prokka_VFKELRIB:Prokka:VFKELRIB_00088 (length 390)
annotation_prokka/prokka_VFKELRIB/prokka_VFKELRIB:Prokka:VFKELRIB_00089 (length 80)
annotation_prokka/prokka_VFKELRIB/prokka_VFKELRIB:Prokka:VFKELRIB_00090 (length 520)
annotation_prokka/prokka_VFKELRIB/prokka_VFKELRIB:Prokka:VFKELRIB_00091 (length 428)
annotation_prokka/prokka_VFKELRIB/prokka_VFKELRIB:Prokka:VFKELRIB_00092 (length 364)
annotation_prokka/prokka_VFKELRIB/prokka_VFKELRIB:Prokka:VFKELRIB_00093 (length 220)
annotation_prokka/prokka_VFKELRIB/prokka_VFKELRIB:Prokka:VFKELRIB_00094 (length 326)
annotation_prokka/prokka_VFKELRIB/prokka_VFKELRIB:Prokka:VFKELRIB_00095 (length 600)
annotation_prokka/prokka_VFKELRIB/prokka_VFKELRIB:Prokka:VFKELRIB_00096 (length 330)
annotation_prokka/prokka_VFKELRIB/prokka_VFKELRIB:Prokka:VFKELRIB_00097 (length 30)
annotation_prokka/prokka_VFKELRIB/prokka_VFKELRIB:Prokka:VFKELRIB_00098 (length 191)
annotation_prokka/prokka_VFKELRIB/prokka_VFKELRIB:Prokka:VFKELRIB_00099 (length 192)
annotation_prokka/prokka_VFKELRIB/prokka_VFKELRIB:Prokka:VFKELRIB_00100 (length 211)
annotation_prokka/prokka_VFKELRIB/prokka_VFKELRIB:Prokka:VFKELRIB_00101 (length 158)
annotation_prokka/prokka_VFKELRIB/prokka_VFKELRIB:Prokka:VFKELRIB_00102 (length 80)
annotation_prokka/prokka_VFKELRIB/prokka_VFKELRIB:Prokka:VFKELRIB_00103 (length 184)
annotation_prokka/prokka_VFKELRIB/prokka_VFKELRIB:Prokka:VFKELRIB_00104 (length 136)
annotation_prokka/prokka_VFKELRIB/prokka_VFKELRIB:Prokka:VFKELRIB_00105 (length 430)
annotation_prokka/prokka_VFKELRIB/prokka_VFKELRIB:Prokka:VFKELRIB_00107 (length 46)
annotation_prokka/prokka_VFKELRIB/prokka_VFKELRIB:Prokka:VFKELRIB_00108 (length 85)
annotation_prokka/prokka_VFKELRIB/prokka_VFKELRIB:Prokka:VFKELRIB_00111 (length 144)
annotation_prokka/prokka_VFKELRIB/prokka_VFKELRIB:Prokka:VFKELRIB_00112 (length 169)
annotation_prokka/prokka_VFKELRIB/prokka_VFKELRIB:Prokka:VFKELRIB_00113 (length 64)
annotation_prokka/prokka_VFKELRIB/prokka_VFKELRIB:Prokka:VFKELRIB_00114 (length 268)
annotation_prokka/prokka_VFKELRIB/prokka_VFKELRIB:Prokka:VFKELRIB_00115 (length 80)
annotation_prokka/prokka_VFKELRIB/prokka_VFKELRIB:Prokka:VFKELRIB_00116 (length 103)
annotation_prokka/prokka_VFKELRIB/prokka_VFKELRIB:Prokka:VFKELRIB_00117 (length 201)
annotation_prokka/prokka_VFKELRIB/prokka_VFKELRIB:Prokka:VFKELRIB_00118 (length 139)
annotation_prokka/prokka_VFKELRIB/prokka_VFKELRIB:Prokka:VFKELRIB_00119 (length 36)
annotation_prokka/prokka_VFKELRIB/prokka_VFKELRIB:Prokka:VFKELRIB_00120 (length 73)
annotation_prokka/prokka_VFKELRIB/prokka_VFKELRIB:Prokka:VFKELRIB_00121 (length 126)
annotation_prokka/prokka_VFKELRIB/prokka_VFKELRIB:Prokka:VFKELRIB_00122 (length 52)
annotation_prokka/prokka_VFKELRIB/prokka_VFKELRIB:Prokka:VFKELRIB_00123 (length 178)
annotation_prokka/prokka_VFKELRIB/prokka_VFKELRIB:Prokka:VFKELRIB_00124 (length 82)
annotation_prokka/prokka_VFKELRIB/prokka_VFKELRIB:Prokka:VFKELRIB_00125 (length 128)
annotation_prokka/prokka_VFKELRIB/prokka_VFKELRIB:Prokka:VFKELRIB_00126 (length 173)
annotation_prokka/prokka_VFKELRIB/prokka_VFKELRIB:Prokka:VFKELRIB_00127 (length 99)
annotation_prokka/prokka_VFKELRIB/prokka_VFKELRIB:Prokka:VFKELRIB_00128 (length 140)
annotation_prokka/prokka_VFKELRIB/prokka_VFKELRIB:Prokka:VFKELRIB_00129 (length 109)
annotation_prokka/prokka_VFKELRIB/prokka_VFKELRIB:Prokka:VFKELRIB_00130 (length 75)
annotation_prokka/prokka_VFKELRIB/prokka_VFKELRIB:Prokka:VFKELRIB_00131 (length 38)
annotation_prokka/prokka_VFKELRIB/prokka_VFKELRIB:Prokka:VFKELRIB_00132 (length 118)
annotation_prokka/prokka_VFKELRIB/prokka_VFKELRIB:Prokka:VFKELRIB_00133 (length 112)
annotation_prokka/prokka_VFKELRIB/prokka_VFKELRIB:Prokka:VFKELRIB_00134 (length 129)
annotation_prokka/prokka_VFKELRIB/prokka_VFKELRIB:Prokka:VFKELRIB_00135 (length 213)
annotation_prokka/prokka_VFKELRIB/prokka_VFKELRIB:Prokka:VFKELRIB_00136 (length 90)
annotation_prokka/prokka_VFKELRIB/prokka_VFKELRIB:Prokka:VFKELRIB_00137 (length 374)
annotation_prokka/prokka_VFKELRIB/prokka_VFKELRIB:Prokka:VFKELRIB_00138 (length 147)
annotation_prokka/prokka_VFKELRIB/prokka_VFKELRIB:Prokka:VFKELRIB_00139 (length 331)
annotation_prokka/prokka_VFKELRIB/prokka_VFKELRIB:Prokka:VFKELRIB_00140 (length 32)

DiscRep_ALL:DISC_INCONSISTENT_MOLINFO_TECH::Molinfo Technique Report (some missing, all same)
DiscRep_SUB:DISC_INCONSISTENT_MOLINFO_TECH::technique (all missing)
DiscRep_SUB:DISC_INCONSISTENT_MOLINFO_TECH::1 Molinfos are missing field technique
annotation_prokka/prokka_VFKELRIB/prokka_VFKELRIB:Prokka:VFKELRIB_1 (length 104666)

