[13:47:07] This is prokka 1.14.6
[13:47:07] Written by Torsten Seemann <torsten.seemann@gmail.com>
[13:47:07] Homepage is https://github.com/tseemann/prokka
[13:47:07] Local time is Thu Nov 10 13:47:07 2022
[13:47:07] You are diego
[13:47:07] Operating system is linux
[13:47:07] You have BioPerl 1.007002
[13:47:07] System has 12 cores.
[13:47:07] Will use maximum of 8 cores.
[13:47:07] Annotating as >>> Bacteria <<<
[13:47:07] Creating new output folder: prokka_VFKELRIB
[13:47:07] Running: mkdir -p prokka_VFKELRIB
[13:47:07] Using filename prefix: VFKELRIB.XXX
[13:47:07] Setting HMMER_NCPU=1
[13:47:07] Writing log to: prokka_VFKELRIB/VFKELRIB.log
[13:47:07] Command: /home/diego/miniconda3/envs/prokka_env/bin/prokka VFKELRIB.fasta --prefix VFKELRIB --outdir prokka_VFKELRIB --cpus 8 --locustag VFKELRIB
[13:47:07] Appending to PATH: /home/diego/miniconda3/envs/prokka_env/bin
[13:47:07] Looking for 'aragorn' - found /home/diego/miniconda3/envs/prokka_env/bin/aragorn
[13:47:07] Determined aragorn version is 001002 from 'ARAGORN v1.2.38 Dean Laslett'
[13:47:07] Looking for 'barrnap' - found /home/diego/miniconda3/envs/prokka_env/bin/barrnap
[13:47:07] Determined barrnap version is 000009 from 'barrnap 0.9'
[13:47:07] Looking for 'blastp' - found /home/diego/miniconda3/envs/prokka_env/bin/blastp
[13:47:07] Determined blastp version is 002010 from 'blastp: 2.10.1+'
[13:47:07] Looking for 'cmpress' - found /home/diego/miniconda3/envs/prokka_env/bin/cmpress
[13:47:07] Determined cmpress version is 001001 from '# INFERNAL 1.1.3 (Nov 2019)'
[13:47:07] Looking for 'cmscan' - found /home/diego/miniconda3/envs/prokka_env/bin/cmscan
[13:47:07] Determined cmscan version is 001001 from '# INFERNAL 1.1.3 (Nov 2019)'
[13:47:07] Looking for 'egrep' - found /usr/bin/egrep
[13:47:07] Looking for 'find' - found /usr/bin/find
[13:47:07] Looking for 'grep' - found /usr/bin/grep
[13:47:07] Looking for 'hmmpress' - found /home/diego/miniconda3/envs/prokka_env/bin/hmmpress
[13:47:07] Determined hmmpress version is 003003 from '# HMMER 3.3.2 (Nov 2020); http://hmmer.org/'
[13:47:07] Looking for 'hmmscan' - found /home/diego/miniconda3/envs/prokka_env/bin/hmmscan
[13:47:07] Determined hmmscan version is 003003 from '# HMMER 3.3.2 (Nov 2020); http://hmmer.org/'
[13:47:07] Looking for 'java' - found /home/diego/miniconda3/envs/prokka_env/bin/java
[13:47:07] Looking for 'makeblastdb' - found /home/diego/miniconda3/envs/prokka_env/bin/makeblastdb
[13:47:07] Determined makeblastdb version is 002010 from 'makeblastdb: 2.10.1+'
[13:47:07] Looking for 'minced' - found /home/diego/miniconda3/envs/prokka_env/bin/minced
[13:47:07] Determined minced version is 004002 from 'minced 0.4.2'
[13:47:07] Looking for 'parallel' - found /home/diego/miniconda3/envs/prokka_env/bin/parallel
[13:47:07] Determined parallel version is 20201122 from 'GNU parallel 20201122'
[13:47:07] Looking for 'prodigal' - found /home/diego/miniconda3/envs/prokka_env/bin/prodigal
[13:47:07] Determined prodigal version is 002006 from 'Prodigal V2.6.3: February, 2016'
[13:47:07] Looking for 'prokka-genbank_to_fasta_db' - found /home/diego/miniconda3/envs/prokka_env/bin/prokka-genbank_to_fasta_db
[13:47:07] Looking for 'rnammer' - found /home/diego/rnammer-1.2.src/rnammer
[13:47:07] Determined rnammer version is 001002 from 'This rnammer 1.2, running from '/home/diego/rnammer-1.2.src/''
[13:47:07] Looking for 'sed' - found /usr/bin/sed
[13:47:07] Looking for 'tbl2asn' - found /home/diego/tbl2asn
[13:47:07] Determined tbl2asn version is 025008 from 'tbl2asn 25.8   arguments:'
[13:47:07] Using genetic code table 11.
[13:47:07] Loading and checking input file: VFKELRIB.fasta
[13:47:07] Wrote 1 contigs totalling 104666 bp.
[13:47:07] Predicting tRNAs and tmRNAs
[13:47:07] Running: aragorn -l -gc11  -w prokka_VFKELRIB\/VFKELRIB\.fna
[13:47:07] 1 tRNA-Leu c[61950,62027] 37 (taa)
[13:47:07] 2 tRNA-Met c[62147,62218] 33 (cat)
[13:47:07] 3 tRNA-Ala c[90436,90508] 33 (tgc)
[13:47:07] Found 3 tRNAs
[13:47:07] Predicting Ribosomal RNAs
[13:47:07] Running Barrnap with 8 threads
[13:47:08] 1 VFKELRIB 87470 23S ribosomal RNA
[13:47:08] 2 VFKELRIB 90561 16S ribosomal RNA
[13:47:08] Found 2 rRNAs
[13:47:08] Skipping ncRNA search, enable with --rfam if desired.
[13:47:08] Total of 5 tRNA + rRNA features
[13:47:08] Searching for CRISPR repeats
[13:47:08] Found 0 CRISPRs
[13:47:08] Predicting coding sequences
[13:47:08] Contigs total 104666 bp, so using single mode
[13:47:08] Running: prodigal -i prokka_VFKELRIB\/VFKELRIB\.fna -c -m -g 11 -p single -f sco -q
[13:47:08] Excluding CDS which overlaps existing RNA (tRNA) at VFKELRIB:62027..62158 on + strand
[13:47:08] Excluding CDS which overlaps existing RNA (rRNA) at VFKELRIB:89611..89751 on - strand
[13:47:08] Excluding CDS which overlaps existing RNA (rRNA) at VFKELRIB:90007..90264 on - strand
[13:47:08] Found 132 CDS
[13:47:08] Connecting features back to sequences
[13:47:08] Not using genus-specific database. Try --usegenus to enable it.
[13:47:08] Annotating CDS, please be patient.
[13:47:08] Will use 8 CPUs for similarity searching.
[13:47:08] There are still 132 unannotated CDS left (started with 132)
[13:47:08] Will use blast to search against /home/diego/miniconda3/envs/prokka_env/db/kingdom/Bacteria/IS with 8 CPUs
[13:47:08] Running: cat prokka_VFKELRIB\/VFKELRIB\.IS\.tmp\.121526\.faa | parallel --gnu --plain -j 8 --block 2015 --recstart '>' --pipe blastp -query - -db /home/diego/miniconda3/envs/prokka_env/db/kingdom/Bacteria/IS -evalue 1e-30 -qcov_hsp_perc 90 -num_threads 1 -num_descriptions 1 -num_alignments 1 -seg no > prokka_VFKELRIB\/VFKELRIB\.IS\.tmp\.121526\.blast 2> /dev/null
[13:47:09] Deleting unwanted file: prokka_VFKELRIB/VFKELRIB.IS.tmp.121526.faa
[13:47:09] Deleting unwanted file: prokka_VFKELRIB/VFKELRIB.IS.tmp.121526.blast
[13:47:09] There are still 132 unannotated CDS left (started with 132)
[13:47:09] Will use blast to search against /home/diego/miniconda3/envs/prokka_env/db/kingdom/Bacteria/AMR with 8 CPUs
[13:47:09] Running: cat prokka_VFKELRIB\/VFKELRIB\.AMR\.tmp\.121526\.faa | parallel --gnu --plain -j 8 --block 2015 --recstart '>' --pipe blastp -query - -db /home/diego/miniconda3/envs/prokka_env/db/kingdom/Bacteria/AMR -evalue 9.99999999999999e-301 -qcov_hsp_perc 90 -num_threads 1 -num_descriptions 1 -num_alignments 1 -seg no > prokka_VFKELRIB\/VFKELRIB\.AMR\.tmp\.121526\.blast 2> /dev/null
[13:47:10] Deleting unwanted file: prokka_VFKELRIB/VFKELRIB.AMR.tmp.121526.faa
[13:47:10] Deleting unwanted file: prokka_VFKELRIB/VFKELRIB.AMR.tmp.121526.blast
[13:47:10] There are still 132 unannotated CDS left (started with 132)
[13:47:10] Will use blast to search against /home/diego/miniconda3/envs/prokka_env/db/kingdom/Bacteria/sprot with 8 CPUs
[13:47:10] Running: cat prokka_VFKELRIB\/VFKELRIB\.sprot\.tmp\.121526\.faa | parallel --gnu --plain -j 8 --block 2015 --recstart '>' --pipe blastp -query - -db /home/diego/miniconda3/envs/prokka_env/db/kingdom/Bacteria/sprot -evalue 1e-09 -qcov_hsp_perc 80 -num_threads 1 -num_descriptions 1 -num_alignments 1 -seg no > prokka_VFKELRIB\/VFKELRIB\.sprot\.tmp\.121526\.blast 2> /dev/null
[13:47:13] Modify product: Probable phosphatase Rv3661 => putative phosphatase
[13:47:13] Cleaned 1 /product names
[13:47:13] Deleting unwanted file: prokka_VFKELRIB/VFKELRIB.sprot.tmp.121526.faa
[13:47:13] Deleting unwanted file: prokka_VFKELRIB/VFKELRIB.sprot.tmp.121526.blast
[13:47:13] There are still 59 unannotated CDS left (started with 132)
[13:47:13] Will use hmmer3 to search against /home/diego/miniconda3/envs/prokka_env/db/hmm/HAMAP.hmm with 8 CPUs
[13:47:13] Running: cat prokka_VFKELRIB\/VFKELRIB\.HAMAP\.hmm\.tmp\.121526\.faa | parallel --gnu --plain -j 8 --block 559 --recstart '>' --pipe hmmscan --noali --notextw --acc -E 1e-09 --cpu 1 /home/diego/miniconda3/envs/prokka_env/db/hmm/HAMAP.hmm /dev/stdin > prokka_VFKELRIB\/VFKELRIB\.HAMAP\.hmm\.tmp\.121526\.hmmer3 2> /dev/null
[13:47:15] Deleting unwanted file: prokka_VFKELRIB/VFKELRIB.HAMAP.hmm.tmp.121526.faa
[13:47:15] Deleting unwanted file: prokka_VFKELRIB/VFKELRIB.HAMAP.hmm.tmp.121526.hmmer3
[13:47:15] Labelling remaining 51 proteins as 'hypothetical protein'
[13:47:15] Found 79 unique /gene codes.
[13:47:15] Fixed 2 duplicate /gene - prfA_1 prfA_2
[13:47:15] Fixed 1 colliding /gene names.
[13:47:15] Adding /locus_tag identifiers
[13:47:15] Assigned 137 locus_tags to CDS and RNA features.
[13:47:15] Writing outputs to prokka_VFKELRIB/
[13:47:15] Generating annotation statistics file
[13:47:15] Generating Genbank and Sequin files
[13:47:15] Running: tbl2asn -V b -a r10k -l paired-ends -M n -N 1 -y 'Annotated using prokka 1.14.6 from https://github.com/tseemann/prokka' -Z prokka_VFKELRIB\/VFKELRIB\.err -i prokka_VFKELRIB\/VFKELRIB\.fsa 2> /dev/null
[13:47:15] Deleting unwanted file: prokka_VFKELRIB/errorsummary.val
[13:47:15] Deleting unwanted file: prokka_VFKELRIB/VFKELRIB.dr
[13:47:15] Deleting unwanted file: prokka_VFKELRIB/VFKELRIB.fixedproducts
[13:47:15] Deleting unwanted file: prokka_VFKELRIB/VFKELRIB.ecn
[13:47:15] Deleting unwanted file: prokka_VFKELRIB/VFKELRIB.val
[13:47:15] Repairing broken .GBK output that tbl2asn produces...
[13:47:15] Running: sed 's/COORDINATES: profile/COORDINATES:profile/' < prokka_VFKELRIB\/VFKELRIB\.gbf > prokka_VFKELRIB\/VFKELRIB\.gbk
[13:47:15] Deleting unwanted file: prokka_VFKELRIB/VFKELRIB.gbf
[13:47:15] Output files:
[13:47:15] prokka_VFKELRIB/VFKELRIB.err
[13:47:15] prokka_VFKELRIB/VFKELRIB.fna
[13:47:15] prokka_VFKELRIB/VFKELRIB.gff
[13:47:15] prokka_VFKELRIB/VFKELRIB.tbl
[13:47:15] prokka_VFKELRIB/VFKELRIB.gbk
[13:47:15] prokka_VFKELRIB/VFKELRIB.fsa
[13:47:15] prokka_VFKELRIB/VFKELRIB.tsv
[13:47:15] prokka_VFKELRIB/VFKELRIB.faa
[13:47:15] prokka_VFKELRIB/VFKELRIB.log
[13:47:15] prokka_VFKELRIB/VFKELRIB.sqn
[13:47:15] prokka_VFKELRIB/VFKELRIB.txt
[13:47:15] prokka_VFKELRIB/VFKELRIB.ffn
[13:47:15] Annotation finished successfully.
[13:47:15] Walltime used: 0.13 minutes
[13:47:15] If you use this result please cite the Prokka paper:
[13:47:15] Seemann T (2014) Prokka: rapid prokaryotic genome annotation. Bioinformatics. 30(14):2068-9.
[13:47:15] Type 'prokka --citation' for more details.
[13:47:15] Thank you, come again.
