[20:34:23] This is prokka 1.13
[20:34:23] Written by Torsten Seemann <torsten.seemann@gmail.com>
[20:34:23] Homepage is https://github.com/tseemann/prokka
[20:34:23] Local time is Tue Nov  7 20:34:23 2023
[20:34:23] You are diego
[20:34:23] Operating system is linux
[20:34:23] You have BioPerl 1.007002
[20:34:23] System has 32 cores.
[20:34:23] Will use maximum of 30 cores.
[20:34:23] Annotating as >>> Bacteria <<<
[20:34:23] Enabling options to ensure Genbank/ENA/DDJB submission compliance.
[20:34:23] Re-using existing --outdir annotation_prokka/prokka_VFLOPSAC
[20:34:23] Using filename prefix: prokka_VFLOPSAC.XXX
[20:34:23] Setting HMMER_NCPU=1
[20:34:23] Writing log to: annotation_prokka/prokka_VFLOPSAC/prokka_VFLOPSAC.log
[20:34:23] Command: /home/diego/miniconda3/envs/prokka_env/bin/prokka VFLOPSAC.fasta --prefix prokka_VFLOPSAC --outdir annotation_prokka/prokka_VFLOPSAC --cpus 30 --locustag VFLOPSAC --gcode 11 --force --compliant
[20:34:23] Appending to PATH: /home/diego/miniconda3/envs/prokka_env/bin
[20:34:23] Looking for 'aragorn' - found /home/diego/miniconda3/envs/prokka_env/bin/aragorn
[20:34:23] Determined aragorn version is 1.2
[20:34:23] Looking for 'barrnap' - found /home/diego/miniconda3/envs/prokka_env/bin/barrnap
[20:34:23] Determined barrnap version is 0.9
[20:34:23] Looking for 'blastp' - found /home/diego/miniconda3/envs/prokka_env/bin/blastp
[20:34:23] Determined blastp version is 2.14
[20:34:23] Looking for 'cmpress' - found /home/diego/miniconda3/envs/prokka_env/bin/cmpress
[20:34:23] Determined cmpress version is 1.1
[20:34:23] Looking for 'cmscan' - found /home/diego/miniconda3/envs/prokka_env/bin/cmscan
[20:34:23] Determined cmscan version is 1.1
[20:34:23] Looking for 'egrep' - found /usr/bin/egrep
[20:34:23] Looking for 'find' - found /usr/bin/find
[20:34:23] Looking for 'grep' - found /usr/bin/grep
[20:34:23] Looking for 'hmmpress' - found /home/diego/miniconda3/envs/prokka_env/bin/hmmpress
[20:34:23] Determined hmmpress version is 3.3
[20:34:23] Looking for 'hmmscan' - found /home/diego/miniconda3/envs/prokka_env/bin/hmmscan
[20:34:23] Determined hmmscan version is 3.3
[20:34:23] Looking for 'java' - found /home/diego/miniconda3/envs/prokka_env/bin/java
[20:34:23] Looking for 'less' - found /usr/bin/less
[20:34:23] Looking for 'makeblastdb' - found /home/diego/miniconda3/envs/prokka_env/bin/makeblastdb
[20:34:23] Determined makeblastdb version is 2.14
[20:34:23] Looking for 'minced' - found /home/diego/miniconda3/envs/prokka_env/bin/minced
[20:34:23] Determined minced version is 4.2
[20:34:23] Looking for 'parallel' - found /home/diego/miniconda3/envs/prokka_env/bin/parallel
[20:34:23] Determined parallel version is 20160622
[20:34:23] Looking for 'prodigal' - found /home/diego/miniconda3/envs/prokka_env/bin/prodigal
[20:34:23] Determined prodigal version is 2.6
[20:34:23] Looking for 'prokka-genbank_to_fasta_db' - found /home/diego/miniconda3/envs/prokka_env/bin/prokka-genbank_to_fasta_db
[20:34:23] Looking for 'rnammer' - found /home/diego/rnammer-1.2.src/rnammer
[20:34:23] Determined rnammer version is 1.2
[20:34:23] Looking for 'sed' - found /usr/bin/sed
[20:34:23] Looking for 'tbl2asn' - found /home/diego/miniconda3/envs/prokka_env/bin/tbl2asn
[20:34:23] Determined tbl2asn version is 25.8
[20:34:23] Using genetic code table 11.
[20:34:23] Loading and checking input file: VFLOPSAC.fasta
[20:34:23] Wrote 1 contigs totalling 123178 bp.
[20:34:23] Predicting tRNAs and tmRNAs
[20:34:23] Running: aragorn -l -gc11  -w annotation_prokka\/prokka_VFLOPSAC\/prokka_VFLOPSAC\.fna
[20:34:23] 1 tRNA-Trp [1178,1250] 34 (cca)
[20:34:23] 2 tRNA-Phe [14239,14311] 34 (gaa)
[20:34:23] 3 tRNA-Gln [21173,21244] 34 (ttg)
[20:34:23] 4 tRNA-Ser [29350,29433] 35 (gct)
[20:34:23] 5 tRNA-Leu [51242,51320] 34 (aag)
[20:34:23] 6 tRNA-Leu [51322,51394] 34 (tag)
[20:34:23] 7 tRNA-Ser [51396,51486] 36 (aga)
[20:34:23] 8 tRNA-Asn c[56095,56169] 35 (gtt)
[20:34:23] 9 tRNA-Cys c[56263,56337] 35 (gca)
[20:34:23] 10 tRNA-Gly c[56340,56411] 33 (gcc)
[20:34:23] 11 tRNA-Val [63218,63292] 35 (tac)
[20:34:23] 12 tRNA-Leu c[65024,65105] 36 (caa)
[20:34:23] 13 tRNA-Ser c[65105,65188] 35 (tga)
[20:34:23] 14 tRNA-Arg [65189,65260] 34 (acg)
[20:34:23] 15 tRNA-Thr [71114,71184] 33 (tgt)
[20:34:23] 16 tRNA-His [71191,71261] 33 (gtg)
[20:34:23] 17 tRNA-Lys c[72084,72158] 35 (ttt)
[20:34:23] 18 tRNA-Val c[73093,73166] 34 (aac)
[20:34:23] 19 tRNA-Arg c[74232,74305] 35 (tct)
[20:34:23] 20 tRNA-Met c[74431,74504] 34 (cat)
[20:34:23] 21 tRNA-Pro [74540,74611] 33 (tgg)
[20:34:23] 22 tRNA-Asp c[84043,84116] 35 (gtc)
[20:34:23] 23 tRNA-Glu c[84116,84189] 35 (ttc)
[20:34:23] 24 tRNA-Ala c[105275,105345] 33 (tgc)
[20:34:23] 25 tRNA-Ile c[109458,109531] 34 (gat)
[20:34:23] 26 tRNA-Met [122939,123012] 35 (cat)
[20:34:23] 27 tRNA-Tyr [123016,123103] 36 (gta)
[20:34:23] 28 tRNA-Gly [123104,123174] 33 (tcc)
[20:34:23] Found 28 tRNAs
[20:34:23] Predicting Ribosomal RNAs
[20:34:23] Running Barrnap with 30 threads
[20:34:24] 1 gnl|Prokka|VFLOPSAC_1 106680 23S ribosomal RNA
[20:34:24] 2 gnl|Prokka|VFLOPSAC_1 109555 16S ribosomal RNA
[20:34:24] Found 2 rRNAs
[20:34:24] Skipping ncRNA search, enable with --rfam if desired.
[20:34:24] Total of 30 tRNA + rRNA features
[20:34:24] Searching for CRISPR repeats
[20:34:24] Found 0 CRISPRs
[20:34:24] Predicting coding sequences
[20:34:24] Contigs total 123178 bp, so using single mode
[20:34:24] Running: prodigal -i annotation_prokka\/prokka_VFLOPSAC\/prokka_VFLOPSAC\.fna -c -m -g 11 -p single -f sco -q
[20:34:24] Excluding CDS which overlaps existing RNA (tRNA) at gnl|Prokka|VFLOPSAC_1:1..1188 on + strand
[20:34:24] Excluding CDS which overlaps existing RNA (tRNA) at gnl|Prokka|VFLOPSAC_1:13840..14244 on + strand
[20:34:24] Excluding CDS which overlaps existing RNA (tRNA) at gnl|Prokka|VFLOPSAC_1:27260..29359 on + strand
[20:34:24] Excluding CDS which overlaps existing RNA (tRNA) at gnl|Prokka|VFLOPSAC_1:29415..29603 on - strand
[20:34:24] Excluding CDS which overlaps existing RNA (tRNA) at gnl|Prokka|VFLOPSAC_1:51102..51254 on + strand
[20:34:24] Excluding CDS which overlaps existing RNA (tRNA) at gnl|Prokka|VFLOPSAC_1:51484..52248 on + strand
[20:34:24] Excluding CDS which overlaps existing RNA (tRNA) at gnl|Prokka|VFLOPSAC_1:62059..63228 on + strand
[20:34:24] Excluding CDS which overlaps existing RNA (tRNA) at gnl|Prokka|VFLOPSAC_1:63262..64029 on + strand
[20:34:24] Excluding CDS which overlaps existing RNA (tRNA) at gnl|Prokka|VFLOPSAC_1:64013..65071 on + strand
[20:34:24] Excluding CDS which overlaps existing RNA (tRNA) at gnl|Prokka|VFLOPSAC_1:70863..71123 on + strand
[20:34:24] Excluding CDS which overlaps existing RNA (tRNA) at gnl|Prokka|VFLOPSAC_1:71269..72087 on + strand
[20:34:24] Excluding CDS which overlaps existing RNA (tRNA) at gnl|Prokka|VFLOPSAC_1:72148..72498 on - strand
[20:34:24] Excluding CDS which overlaps existing RNA (tRNA) at gnl|Prokka|VFLOPSAC_1:73164..74222 on - strand
[20:34:24] Excluding CDS which overlaps existing RNA (tRNA) at gnl|Prokka|VFLOPSAC_1:74571..74948 on + strand
[20:34:24] Excluding CDS which overlaps existing RNA (tRNA) at gnl|Prokka|VFLOPSAC_1:84178..85494 on + strand
[20:34:24] Excluding CDS which overlaps existing RNA (rRNA) at gnl|Prokka|VFLOPSAC_1:106842..107354 on + strand
[20:34:24] Excluding CDS which overlaps existing RNA (rRNA) at gnl|Prokka|VFLOPSAC_1:107465..107608 on + strand
[20:34:24] Excluding CDS which overlaps existing RNA (tRNA) at gnl|Prokka|VFLOPSAC_1:121941..122963 on + strand
[20:34:24] Found 124 CDS
[20:34:24] Connecting features back to sequences
[20:34:24] Not using genus-specific database. Try --usegenus to enable it.
[20:34:24] Annotating CDS, please be patient.
[20:34:24] Will use 30 CPUs for similarity searching.
[20:34:24] There are still 124 unannotated CDS left (started with 124)
[20:34:24] Will use blast to search against /home/diego/miniconda3/envs/prokka_env/bin/../db/kingdom/Bacteria/sprot with 30 CPUs
[20:34:24] Running: cat annotation_prokka\/prokka_VFLOPSAC\/sprot\.faa | parallel --gnu --plain -j 30 --block 578 --recstart '>' --pipe blastp -query - -db /home/diego/miniconda3/envs/prokka_env/bin/../db/kingdom/Bacteria/sprot -evalue 1e-06 -num_threads 1 -num_descriptions 1 -num_alignments 1 -seg no > annotation_prokka\/prokka_VFLOPSAC\/sprot\.blast 2> /dev/null
[20:34:25] Modify product: Uncharacterized RNA pseudouridine synthase HP_0347 => putative RNA pseudouridine synthase
[20:34:25] Cleaned 1 /product names
[20:34:25] Deleting unwanted file: annotation_prokka/prokka_VFLOPSAC/sprot.faa
[20:34:25] Deleting unwanted file: annotation_prokka/prokka_VFLOPSAC/sprot.blast
[20:34:25] There are still 31 unannotated CDS left (started with 124)
[20:34:25] Will use hmmer3 to search against /home/diego/miniconda3/envs/prokka_env/bin/../db/hmm/HAMAP.hmm with 30 CPUs
[20:34:25] Running: cat annotation_prokka\/prokka_VFLOPSAC\/HAMAP\.hmm\.faa | parallel --gnu --plain -j 30 --block 76 --recstart '>' --pipe hmmscan --noali --notextw --acc -E 1e-06 --cpu 1 /home/diego/miniconda3/envs/prokka_env/bin/../db/hmm/HAMAP.hmm /dev/stdin > annotation_prokka\/prokka_VFLOPSAC\/HAMAP\.hmm\.hmmer3 2> /dev/null
[20:34:25] Deleting unwanted file: annotation_prokka/prokka_VFLOPSAC/HAMAP.hmm.faa
[20:34:25] Deleting unwanted file: annotation_prokka/prokka_VFLOPSAC/HAMAP.hmm.hmmer3
[20:34:25] Labelling remaining 26 proteins as 'hypothetical protein'
[20:34:25] Found 97 unique /gene codes.
[20:34:25] Fixed 0 colliding /gene names.
[20:34:25] Adding /locus_tag identifiers
[20:34:25] Assigned 154 locus_tags to CDS and RNA features.
[20:34:25] Writing outputs to annotation_prokka/prokka_VFLOPSAC/
[20:34:25] Generating annotation statistics file
[20:34:25] Generating Genbank and Sequin files
[20:34:25] Running: tbl2asn -V b -a r10k -l paired-ends -M n -N 1 -y 'Annotated using prokka 1.13 from https://github.com/tseemann/prokka' -Z annotation_prokka\/prokka_VFLOPSAC\/prokka_VFLOPSAC\.err -i annotation_prokka\/prokka_VFLOPSAC\/prokka_VFLOPSAC\.fsa 2> /dev/null
[20:34:25] Deleting unwanted file: annotation_prokka/prokka_VFLOPSAC/errorsummary.val
[20:34:25] Deleting unwanted file: annotation_prokka/prokka_VFLOPSAC/prokka_VFLOPSAC.dr
[20:34:25] Deleting unwanted file: annotation_prokka/prokka_VFLOPSAC/prokka_VFLOPSAC.fixedproducts
[20:34:25] Deleting unwanted file: annotation_prokka/prokka_VFLOPSAC/prokka_VFLOPSAC.ecn
[20:34:25] Deleting unwanted file: annotation_prokka/prokka_VFLOPSAC/prokka_VFLOPSAC.val
[20:34:25] Repairing broken .GBK output that tbl2asn produces...
[20:34:25] Running: sed 's/COORDINATES: profile/COORDINATES:profile/' < annotation_prokka\/prokka_VFLOPSAC\/prokka_VFLOPSAC\.gbf > annotation_prokka\/prokka_VFLOPSAC\/prokka_VFLOPSAC\.gbk
[20:34:25] Deleting unwanted file: annotation_prokka/prokka_VFLOPSAC/prokka_VFLOPSAC.gbf
[20:34:25] Output files:
[20:34:25] annotation_prokka/prokka_VFLOPSAC/prokka_VFLOPSAC.gff
[20:34:25] annotation_prokka/prokka_VFLOPSAC/prokka_VFLOPSAC.tsv
[20:34:25] annotation_prokka/prokka_VFLOPSAC/prokka_VFLOPSAC.txt
[20:34:25] annotation_prokka/prokka_VFLOPSAC/prokka_VFLOPSAC.sqn
[20:34:25] annotation_prokka/prokka_VFLOPSAC/prokka_VFLOPSAC.faa
[20:34:25] annotation_prokka/prokka_VFLOPSAC/prokka_VFLOPSAC.log
[20:34:25] annotation_prokka/prokka_VFLOPSAC/prokka_VFLOPSAC.tbl
[20:34:25] annotation_prokka/prokka_VFLOPSAC/prokka_VFLOPSAC.fsa
[20:34:25] annotation_prokka/prokka_VFLOPSAC/prokka_VFLOPSAC.err
[20:34:25] annotation_prokka/prokka_VFLOPSAC/prokka_VFLOPSAC.ffn
[20:34:25] annotation_prokka/prokka_VFLOPSAC/prokka_VFLOPSAC.gbk
[20:34:25] annotation_prokka/prokka_VFLOPSAC/prokka_VFLOPSAC.fna
[20:34:25] Annotation finished successfully.
[20:34:25] Walltime used: 0.03 minutes
[20:34:25] If you use this result please cite the Prokka paper:
[20:34:25] Seemann T (2014) Prokka: rapid prokaryotic genome annotation. Bioinformatics. 30(14):2068-9.
[20:34:25] Type 'prokka --citation' for more details.
[20:34:25] Thank you, come again.
