Discrepancy Report Results

Summary
DISC_SOURCE_QUALS_ASNDISC:strain (all present, all unique)
DISC_SOURCE_QUALS_ASNDISC:taxname (all present, all unique)
DISC_FEATURE_COUNT:gene: 174 present
DISC_FEATURE_COUNT:CDS: 143 present
DISC_FEATURE_COUNT:tRNA: 29 present
DISC_FEATURE_COUNT:rRNA: 2 present
DISC_COUNT_NUCLEOTIDES:1 nucleotide Bioseqs are present
OVERLAPPING_GENES:140 genes overlap another gene on the same strand.
RNA_CDS_OVERLAP:17 coding regions overlap RNA features
DISC_QUALITY_SCORES:Quality scores are missing on all sequences.
ONCALLER_COMMENT_PRESENT:1 comment descriptors were found (all same)
SHORT_PROT_SEQUENCES:5 protein sequences are shorter than 50 aa.
MISSING_GENOMEASSEMBLY_COMMENTS:1 bioseqs are missing GenomeAssembly structured comments
MOLTYPE_NOT_MRNA:1 molecule types are not set as mRNA.
TECHNIQUE_NOT_TSA:1 technique are not set as TSA
MISSING_STRUCTURED_COMMENT:1 sequences do not include structured comments.
MISSING_PROJECT:144 sequences do not include project.
DISC_INCONSISTENT_MOLINFO_TECH:Molinfo Technique Report (some missing, all same)


Detailed Report

DiscRep_ALL:DISC_SOURCE_QUALS_ASNDISC::strain (all present, all unique)
DiscRep_SUB:DISC_SOURCE_QUALS_ASNDISC::1 sources have unique values for strain
DiscRep_ALL:DISC_SOURCE_QUALS_ASNDISC::taxname (all present, all unique)
DiscRep_SUB:DISC_SOURCE_QUALS_ASNDISC::1 sources have unique values for taxname
DiscRep_ALL:DISC_FEATURE_COUNT::gene: 174 present
DiscRep_ALL:DISC_FEATURE_COUNT::CDS: 143 present
DiscRep_ALL:DISC_FEATURE_COUNT::tRNA: 29 present
DiscRep_ALL:DISC_FEATURE_COUNT::rRNA: 2 present
DiscRep_ALL:DISC_COUNT_NUCLEOTIDES::1 nucleotide Bioseqs are present
annotation_prokka/prokka_VFASICLA/prokka_VFASICLA:Prokka:VFASICLA_1 (length 119193)

DiscRep_ALL:OVERLAPPING_GENES::140 genes overlap another gene on the same strand.
annotation_prokka/prokka_VFASICLA/prokka_VFASICLA:Gene	tuf1	VFASICLA_1:1-1194	VFASICLA_00001
annotation_prokka/prokka_VFASICLA/prokka_VFASICLA:Gene	VFASICLA_00002	VFASICLA_1:1192-1264	VFASICLA_00002
annotation_prokka/prokka_VFASICLA/prokka_VFASICLA:Gene	rplK	VFASICLA_1:1357-1671	VFASICLA_00003
annotation_prokka/prokka_VFASICLA/prokka_VFASICLA:Gene	VFASICLA_00004	VFASICLA_1:1664-2206	VFASICLA_00004
annotation_prokka/prokka_VFASICLA/prokka_VFASICLA:Gene	VFASICLA_00005	VFASICLA_1:2208-2654	VFASICLA_00005
annotation_prokka/prokka_VFASICLA/prokka_VFASICLA:Gene	rplL	VFASICLA_1:2632-2970	VFASICLA_00006
annotation_prokka/prokka_VFASICLA/prokka_VFASICLA:Gene	rpoB	VFASICLA_1:2964-6293	VFASICLA_00007
annotation_prokka/prokka_VFASICLA/prokka_VFASICLA:Gene	rpoC	VFASICLA_1:6286-10080	VFASICLA_00008
annotation_prokka/prokka_VFASICLA/prokka_VFASICLA:Gene	rpsL	VFASICLA_1:10034-10411	VFASICLA_00009
annotation_prokka/prokka_VFASICLA/prokka_VFASICLA:Gene	rpsG	VFASICLA_1:10395-10865	VFASICLA_00010
annotation_prokka/prokka_VFASICLA/prokka_VFASICLA:Gene	fusA	VFASICLA_1:10865-12919	VFASICLA_00011
annotation_prokka/prokka_VFASICLA/prokka_VFASICLA:Gene	rpsJ	VFASICLA_1:12916-13194	VFASICLA_00012
annotation_prokka/prokka_VFASICLA/prokka_VFASICLA:Gene	ermD	VFASICLA_1:c14486-14013	VFASICLA_00016
annotation_prokka/prokka_VFASICLA/prokka_VFASICLA:Gene	tyrS	VFASICLA_1:c15459-14464	VFASICLA_00017
annotation_prokka/prokka_VFASICLA/prokka_VFASICLA:Gene	rpsI	VFASICLA_1:c15849-15469	VFASICLA_00018
annotation_prokka/prokka_VFASICLA/prokka_VFASICLA:Gene	rplM	VFASICLA_1:c16120-15836	VFASICLA_00019
annotation_prokka/prokka_VFASICLA/prokka_VFASICLA:Gene	dapF	VFASICLA_1:c16871-16110	VFASICLA_00020
annotation_prokka/prokka_VFASICLA/prokka_VFASICLA:Gene	VFASICLA_00021	VFASICLA_1:c17449-16868	VFASICLA_00021
annotation_prokka/prokka_VFASICLA/prokka_VFASICLA:Gene	infB	VFASICLA_1:c18738-17449	VFASICLA_00022
annotation_prokka/prokka_VFASICLA/prokka_VFASICLA:Gene	prs	VFASICLA_1:19300-19713	VFASICLA_00024
annotation_prokka/prokka_VFASICLA/prokka_VFASICLA:Gene	rplY	VFASICLA_1:19710-20198	VFASICLA_00025
annotation_prokka/prokka_VFASICLA/prokka_VFASICLA:Gene	prfB	VFASICLA_1:c22781-22032	VFASICLA_00028
annotation_prokka/prokka_VFASICLA/prokka_VFASICLA:Gene	dapA	VFASICLA_1:c23623-22757	VFASICLA_00029
annotation_prokka/prokka_VFASICLA/prokka_VFASICLA:Gene	tilS	VFASICLA_1:23626-24543	VFASICLA_00030
annotation_prokka/prokka_VFASICLA/prokka_VFASICLA:Gene	VFASICLA_00031	VFASICLA_1:24537-25631	VFASICLA_00031
annotation_prokka/prokka_VFASICLA/prokka_VFASICLA:Gene	VFASICLA_00032	VFASICLA_1:25629-25714	VFASICLA_00032
annotation_prokka/prokka_VFASICLA/prokka_VFASICLA:Gene	VFASICLA_00036	VFASICLA_1:30374-31078	VFASICLA_00036
annotation_prokka/prokka_VFASICLA/prokka_VFASICLA:Gene	metC	VFASICLA_1:31075-32154	VFASICLA_00037
annotation_prokka/prokka_VFASICLA/prokka_VFASICLA:Gene	prfA	VFASICLA_1:c32838-32119	VFASICLA_00038
annotation_prokka/prokka_VFASICLA/prokka_VFASICLA:Gene	trpC	VFASICLA_1:c33526-32816	VFASICLA_00039
annotation_prokka/prokka_VFASICLA/prokka_VFASICLA:Gene	trpD	VFASICLA_1:c34368-33484	VFASICLA_00040
annotation_prokka/prokka_VFASICLA/prokka_VFASICLA:Gene	pabA	VFASICLA_1:c34873-34310	VFASICLA_00041
annotation_prokka/prokka_VFASICLA/prokka_VFASICLA:Gene	trpE	VFASICLA_1:c36123-34870	VFASICLA_00042
annotation_prokka/prokka_VFASICLA/prokka_VFASICLA:Gene	argH	VFASICLA_1:c37495-36077	VFASICLA_00043
annotation_prokka/prokka_VFASICLA/prokka_VFASICLA:Gene	glnS	VFASICLA_1:c39875-38679	VFASICLA_00045
annotation_prokka/prokka_VFASICLA/prokka_VFASICLA:Gene	thrB	VFASICLA_1:c40539-39865	VFASICLA_00046
annotation_prokka/prokka_VFASICLA/prokka_VFASICLA:Gene	dnaG	VFASICLA_1:40748-41869	VFASICLA_00047
annotation_prokka/prokka_VFASICLA/prokka_VFASICLA:Gene	rpoD	VFASICLA_1:41856-42974	VFASICLA_00048
annotation_prokka/prokka_VFASICLA/prokka_VFASICLA:Gene	VFASICLA_00049	VFASICLA_1:43079-43231	VFASICLA_00049
annotation_prokka/prokka_VFASICLA/prokka_VFASICLA:Gene	dnaE1	VFASICLA_1:43180-45996	VFASICLA_00050
annotation_prokka/prokka_VFASICLA/prokka_VFASICLA:Gene	VFASICLA_00051	VFASICLA_1:45983-46114	VFASICLA_00051
annotation_prokka/prokka_VFASICLA/prokka_VFASICLA:Gene	VFASICLA_00052	VFASICLA_1:46114-46186	VFASICLA_00052
annotation_prokka/prokka_VFASICLA/prokka_VFASICLA:Gene	VFASICLA_00053	VFASICLA_1:46187-46269	VFASICLA_00053
annotation_prokka/prokka_VFASICLA/prokka_VFASICLA:Gene	metF	VFASICLA_1:46215-47024	VFASICLA_00054
annotation_prokka/prokka_VFASICLA/prokka_VFASICLA:Gene	asd1	VFASICLA_1:46999-48039	VFASICLA_00055
annotation_prokka/prokka_VFASICLA/prokka_VFASICLA:Gene	trpF	VFASICLA_1:47999-48619	VFASICLA_00056
annotation_prokka/prokka_VFASICLA/prokka_VFASICLA:Gene	trpB	VFASICLA_1:48606-49736	VFASICLA_00057
annotation_prokka/prokka_VFASICLA/prokka_VFASICLA:Gene	trpA	VFASICLA_1:49726-50433	VFASICLA_00058
annotation_prokka/prokka_VFASICLA/prokka_VFASICLA:Gene	rpsP	VFASICLA_1:50402-50605	VFASICLA_00059
annotation_prokka/prokka_VFASICLA/prokka_VFASICLA:Gene	VFASICLA_00060	VFASICLA_1:50602-50832	VFASICLA_00060
annotation_prokka/prokka_VFASICLA/prokka_VFASICLA:Gene	rluD	VFASICLA_1:50898-51488	VFASICLA_00062
annotation_prokka/prokka_VFASICLA/prokka_VFASICLA:Gene	VFASICLA_00063	VFASICLA_1:51488-51619	VFASICLA_00063
annotation_prokka/prokka_VFASICLA/prokka_VFASICLA:Gene	VFASICLA_00065	VFASICLA_1:c51731-51659	VFASICLA_00065
annotation_prokka/prokka_VFASICLA/prokka_VFASICLA:Gene	dnaQ	VFASICLA_1:c52243-51728	VFASICLA_00066
annotation_prokka/prokka_VFASICLA/prokka_VFASICLA:Gene	carA	VFASICLA_1:52404-53291	VFASICLA_00067
annotation_prokka/prokka_VFASICLA/prokka_VFASICLA:Gene	carB	VFASICLA_1:53288-56404	VFASICLA_00068
annotation_prokka/prokka_VFASICLA/prokka_VFASICLA:Gene	rlmE	VFASICLA_1:56376-56909	VFASICLA_00069
annotation_prokka/prokka_VFASICLA/prokka_VFASICLA:Gene	clpP	VFASICLA_1:56899-57435	VFASICLA_00070
annotation_prokka/prokka_VFASICLA/prokka_VFASICLA:Gene	clpX	VFASICLA_1:57432-58562	VFASICLA_00071
annotation_prokka/prokka_VFASICLA/prokka_VFASICLA:Gene	VFASICLA_00072	VFASICLA_1:58560-58634	VFASICLA_00072
annotation_prokka/prokka_VFASICLA/prokka_VFASICLA:Gene	VFASICLA_00073	VFASICLA_1:58604-59164	VFASICLA_00073
annotation_prokka/prokka_VFASICLA/prokka_VFASICLA:Gene	dnaX	VFASICLA_1:59139-60143	VFASICLA_00074
annotation_prokka/prokka_VFASICLA/prokka_VFASICLA:Gene	VFASICLA_00075	VFASICLA_1:c60189-60114	VFASICLA_00075
annotation_prokka/prokka_VFASICLA/prokka_VFASICLA:Gene	VFASICLA_00076	VFASICLA_1:c60274-60187	VFASICLA_00076
annotation_prokka/prokka_VFASICLA/prokka_VFASICLA:Gene	hisD	VFASICLA_1:60993-62237	VFASICLA_00079
annotation_prokka/prokka_VFASICLA/prokka_VFASICLA:Gene	hisC2	VFASICLA_1:62237-63199	VFASICLA_00080
annotation_prokka/prokka_VFASICLA/prokka_VFASICLA:Gene	hisB	VFASICLA_1:63196-63753	VFASICLA_00081
annotation_prokka/prokka_VFASICLA/prokka_VFASICLA:Gene	hisH	VFASICLA_1:63750-64343	VFASICLA_00082
annotation_prokka/prokka_VFASICLA/prokka_VFASICLA:Gene	hisA	VFASICLA_1:64340-65026	VFASICLA_00083
annotation_prokka/prokka_VFASICLA/prokka_VFASICLA:Gene	hisF	VFASICLA_1:65008-65709	VFASICLA_00084
annotation_prokka/prokka_VFASICLA/prokka_VFASICLA:Gene	hisI	VFASICLA_1:65706-66002	VFASICLA_00085
annotation_prokka/prokka_VFASICLA/prokka_VFASICLA:Gene	hisE	VFASICLA_1:65989-66261	VFASICLA_00086
annotation_prokka/prokka_VFASICLA/prokka_VFASICLA:Gene	VFASICLA_00087	VFASICLA_1:66251-66324	VFASICLA_00087
annotation_prokka/prokka_VFASICLA/prokka_VFASICLA:Gene	VFASICLA_00088	VFASICLA_1:66324-66397	VFASICLA_00088
annotation_prokka/prokka_VFASICLA/prokka_VFASICLA:Gene	VFASICLA_00091	VFASICLA_1:c67382-67310	VFASICLA_00091
annotation_prokka/prokka_VFASICLA/prokka_VFASICLA:Gene	VFASICLA_00092	VFASICLA_1:c68593-67373	VFASICLA_00092
annotation_prokka/prokka_VFASICLA/prokka_VFASICLA:Gene	pheS	VFASICLA_1:c69484-68603	VFASICLA_00093
annotation_prokka/prokka_VFASICLA/prokka_VFASICLA:Gene	rplT	VFASICLA_1:c69806-69462	VFASICLA_00094
annotation_prokka/prokka_VFASICLA/prokka_VFASICLA:Gene	VFASICLA_00095	VFASICLA_1:c69934-69794	VFASICLA_00095
annotation_prokka/prokka_VFASICLA/prokka_VFASICLA:Gene	infC	VFASICLA_1:c70386-69931	VFASICLA_00096
annotation_prokka/prokka_VFASICLA/prokka_VFASICLA:Gene	VFASICLA_00097	VFASICLA_1:c70461-70387	VFASICLA_00097
annotation_prokka/prokka_VFASICLA/prokka_VFASICLA:Gene	aroC	VFASICLA_1:c71502-70459	VFASICLA_00098
annotation_prokka/prokka_VFASICLA/prokka_VFASICLA:Gene	VFASICLA_00103	VFASICLA_1:c72620-72147	VFASICLA_00103
annotation_prokka/prokka_VFASICLA/prokka_VFASICLA:Gene	VFASICLA_00104	VFASICLA_1:c73096-72617	VFASICLA_00104
annotation_prokka/prokka_VFASICLA/prokka_VFASICLA:Gene	VFASICLA_00105	VFASICLA_1:c73569-73084	VFASICLA_00105
annotation_prokka/prokka_VFASICLA/prokka_VFASICLA:Gene	dapD	VFASICLA_1:73595-74359	VFASICLA_00106
annotation_prokka/prokka_VFASICLA/prokka_VFASICLA:Gene	dapE	VFASICLA_1:74356-75372	VFASICLA_00107
annotation_prokka/prokka_VFASICLA/prokka_VFASICLA:Gene	thrC	VFASICLA_1:c76618-75359	VFASICLA_00108
annotation_prokka/prokka_VFASICLA/prokka_VFASICLA:Gene	hom	VFASICLA_1:c77733-76615	VFASICLA_00109
annotation_prokka/prokka_VFASICLA/prokka_VFASICLA:Gene	dnaB	VFASICLA_1:c78923-77730	VFASICLA_00110
annotation_prokka/prokka_VFASICLA/prokka_VFASICLA:Gene	rho	VFASICLA_1:79390-80430	VFASICLA_00112
annotation_prokka/prokka_VFASICLA/prokka_VFASICLA:Gene	rpmE2	VFASICLA_1:80427-80702	VFASICLA_00113
annotation_prokka/prokka_VFASICLA/prokka_VFASICLA:Gene	VFASICLA_00115	VFASICLA_1:c80810-80737	VFASICLA_00115
annotation_prokka/prokka_VFASICLA/prokka_VFASICLA:Gene	gltX	VFASICLA_1:c81847-80795	VFASICLA_00116
annotation_prokka/prokka_VFASICLA/prokka_VFASICLA:Gene	mnmE	VFASICLA_1:81897-83162	VFASICLA_00117
annotation_prokka/prokka_VFASICLA/prokka_VFASICLA:Gene	mnmG	VFASICLA_1:83162-84877	VFASICLA_00118
annotation_prokka/prokka_VFASICLA/prokka_VFASICLA:Gene	VFASICLA_00119	VFASICLA_1:84900-85136	VFASICLA_00119
annotation_prokka/prokka_VFASICLA/prokka_VFASICLA:Gene	groL	VFASICLA_1:85133-86686	VFASICLA_00120
annotation_prokka/prokka_VFASICLA/prokka_VFASICLA:Gene	dnaJ	VFASICLA_1:c90710-89730	VFASICLA_00124
annotation_prokka/prokka_VFASICLA/prokka_VFASICLA:Gene	dnaK	VFASICLA_1:c92479-90710	VFASICLA_00125
annotation_prokka/prokka_VFASICLA/prokka_VFASICLA:Gene	mnmA	VFASICLA_1:c94512-93532	VFASICLA_00127
annotation_prokka/prokka_VFASICLA/prokka_VFASICLA:Gene	VFASICLA_00128	VFASICLA_1:c95011-94481	VFASICLA_00128
annotation_prokka/prokka_VFASICLA/prokka_VFASICLA:Gene	leuS	VFASICLA_1:c96887-94989	VFASICLA_00129
annotation_prokka/prokka_VFASICLA/prokka_VFASICLA:Gene	dapB	VFASICLA_1:c97441-96884	VFASICLA_00130
annotation_prokka/prokka_VFASICLA/prokka_VFASICLA:Gene	maeB	VFASICLA_1:c98633-97425	VFASICLA_00131
annotation_prokka/prokka_VFASICLA/prokka_VFASICLA:Gene	aroE	VFASICLA_1:c99318-98605	VFASICLA_00132
annotation_prokka/prokka_VFASICLA/prokka_VFASICLA:Gene	VFASICLA_00134	VFASICLA_1:c100164-99709	VFASICLA_00134
annotation_prokka/prokka_VFASICLA/prokka_VFASICLA:Gene	rpmA	VFASICLA_1:c100402-100136	VFASICLA_00135
annotation_prokka/prokka_VFASICLA/prokka_VFASICLA:Gene	VFASICLA_00136	VFASICLA_1:c100680-100372	VFASICLA_00136
annotation_prokka/prokka_VFASICLA/prokka_VFASICLA:Gene	rsmH	VFASICLA_1:c101162-100677	VFASICLA_00137
annotation_prokka/prokka_VFASICLA/prokka_VFASICLA:Gene	rplC	VFASICLA_1:107086-107502	VFASICLA_00143
annotation_prokka/prokka_VFASICLA/prokka_VFASICLA:Gene	rplD	VFASICLA_1:107483-107974	VFASICLA_00144
annotation_prokka/prokka_VFASICLA/prokka_VFASICLA:Gene	VFASICLA_00145	VFASICLA_1:107922-108161	VFASICLA_00145
annotation_prokka/prokka_VFASICLA/prokka_VFASICLA:Gene	rplB	VFASICLA_1:108158-108958	VFASICLA_00146
annotation_prokka/prokka_VFASICLA/prokka_VFASICLA:Gene	rpsS	VFASICLA_1:108955-109218	VFASICLA_00147
annotation_prokka/prokka_VFASICLA/prokka_VFASICLA:Gene	VFASICLA_00148	VFASICLA_1:109211-109507	VFASICLA_00148
annotation_prokka/prokka_VFASICLA/prokka_VFASICLA:Gene	rpsC	VFASICLA_1:109497-110102	VFASICLA_00149
annotation_prokka/prokka_VFASICLA/prokka_VFASICLA:Gene	rplP	VFASICLA_1:110104-110523	VFASICLA_00150
annotation_prokka/prokka_VFASICLA/prokka_VFASICLA:Gene	VFASICLA_00151	VFASICLA_1:110523-110645	VFASICLA_00151
annotation_prokka/prokka_VFASICLA/prokka_VFASICLA:Gene	VFASICLA_00152	VFASICLA_1:110620-110841	VFASICLA_00152
annotation_prokka/prokka_VFASICLA/prokka_VFASICLA:Gene	rplN	VFASICLA_1:110838-111215	VFASICLA_00153
annotation_prokka/prokka_VFASICLA/prokka_VFASICLA:Gene	VFASICLA_00154	VFASICLA_1:111212-111376	VFASICLA_00154
annotation_prokka/prokka_VFASICLA/prokka_VFASICLA:Gene	rplE	VFASICLA_1:111360-111941	VFASICLA_00155
annotation_prokka/prokka_VFASICLA/prokka_VFASICLA:Gene	rpsN	VFASICLA_1:111948-112196	VFASICLA_00156
annotation_prokka/prokka_VFASICLA/prokka_VFASICLA:Gene	rpsH	VFASICLA_1:112196-112573	VFASICLA_00157
annotation_prokka/prokka_VFASICLA/prokka_VFASICLA:Gene	rplF	VFASICLA_1:112577-113089	VFASICLA_00158
annotation_prokka/prokka_VFASICLA/prokka_VFASICLA:Gene	VFASICLA_00159	VFASICLA_1:113086-113322	VFASICLA_00159
annotation_prokka/prokka_VFASICLA/prokka_VFASICLA:Gene	rpsE	VFASICLA_1:113319-113711	VFASICLA_00160
annotation_prokka/prokka_VFASICLA/prokka_VFASICLA:Gene	rplO	VFASICLA_1:113701-114024	VFASICLA_00161
annotation_prokka/prokka_VFASICLA/prokka_VFASICLA:Gene	infA	VFASICLA_1:114011-114238	VFASICLA_00162
annotation_prokka/prokka_VFASICLA/prokka_VFASICLA:Gene	rpmJ	VFASICLA_1:114235-114348	VFASICLA_00163
annotation_prokka/prokka_VFASICLA/prokka_VFASICLA:Gene	rpsM	VFASICLA_1:114345-114704	VFASICLA_00164
annotation_prokka/prokka_VFASICLA/prokka_VFASICLA:Gene	rpsK	VFASICLA_1:114697-115035	VFASICLA_00165
annotation_prokka/prokka_VFASICLA/prokka_VFASICLA:Gene	VFASICLA_00166	VFASICLA_1:115032-115424	VFASICLA_00166
annotation_prokka/prokka_VFASICLA/prokka_VFASICLA:Gene	rpoA	VFASICLA_1:115424-116071	VFASICLA_00167
annotation_prokka/prokka_VFASICLA/prokka_VFASICLA:Gene	VFASICLA_00168	VFASICLA_1:116061-116324	VFASICLA_00168
annotation_prokka/prokka_VFASICLA/prokka_VFASICLA:Gene	aroK	VFASICLA_1:117489-117893	VFASICLA_00170
annotation_prokka/prokka_VFASICLA/prokka_VFASICLA:Gene	aroB	VFASICLA_1:117890-118882	VFASICLA_00171
annotation_prokka/prokka_VFASICLA/prokka_VFASICLA:Gene	VFASICLA_00173	VFASICLA_1:119045-119115	VFASICLA_00173
annotation_prokka/prokka_VFASICLA/prokka_VFASICLA:Gene	VFASICLA_00174	VFASICLA_1:119115-119189	VFASICLA_00174

DiscRep_ALL:RNA_CDS_OVERLAP::17 coding regions overlap RNA features
DiscRep_SUB:RNA_CDS_OVERLAP::17 coding regions overlap RNAs (no containment)
DiscRep_SUB:RNA_CDS_OVERLAP::11 coding regions overlap RNAs on the same strand (no containment)
annotation_prokka/prokka_VFASICLA/prokka_VFASICLA:CDS	Elongation factor Tu	VFASICLA_1:1-1194	VFASICLA_00001
annotation_prokka/prokka_VFASICLA/prokka_VFASICLA:tRNA	Trp	VFASICLA_1:1192-1264	VFASICLA_00002
annotation_prokka/prokka_VFASICLA/prokka_VFASICLA:CDS	Aspartate kinase	VFASICLA_1:24537-25631	VFASICLA_00031
annotation_prokka/prokka_VFASICLA/prokka_VFASICLA:tRNA	Ser	VFASICLA_1:25629-25714	VFASICLA_00032
annotation_prokka/prokka_VFASICLA/prokka_VFASICLA:CDS	hypothetical protein	VFASICLA_1:45983-46114	VFASICLA_00051
annotation_prokka/prokka_VFASICLA/prokka_VFASICLA:tRNA	Leu	VFASICLA_1:46114-46186	VFASICLA_00052
annotation_prokka/prokka_VFASICLA/prokka_VFASICLA:CDS	5,10-methylenetetrahydrofolate reductase	VFASICLA_1:46215-47024	VFASICLA_00054
annotation_prokka/prokka_VFASICLA/prokka_VFASICLA:tRNA	Ser	VFASICLA_1:46187-46269	VFASICLA_00053
annotation_prokka/prokka_VFASICLA/prokka_VFASICLA:CDS	DNA polymerase III subunit epsilon	VFASICLA_1:c52243-51728	VFASICLA_00066
annotation_prokka/prokka_VFASICLA/prokka_VFASICLA:tRNA	Gly	VFASICLA_1:c51731-51659	VFASICLA_00065
annotation_prokka/prokka_VFASICLA/prokka_VFASICLA:CDS	ATP-dependent Clp protease ATP-binding subunit ClpX	VFASICLA_1:57432-58562	VFASICLA_00071
annotation_prokka/prokka_VFASICLA/prokka_VFASICLA:tRNA	Val	VFASICLA_1:58560-58634	VFASICLA_00072
annotation_prokka/prokka_VFASICLA/prokka_VFASICLA:CDS	hypothetical protein	VFASICLA_1:58604-59164	VFASICLA_00073
annotation_prokka/prokka_VFASICLA/prokka_VFASICLA:tRNA	Val	VFASICLA_1:58560-58634	VFASICLA_00072
annotation_prokka/prokka_VFASICLA/prokka_VFASICLA:CDS	Phosphoribosyl-ATP pyrophosphatase	VFASICLA_1:65989-66261	VFASICLA_00086
annotation_prokka/prokka_VFASICLA/prokka_VFASICLA:tRNA	Thr	VFASICLA_1:66251-66324	VFASICLA_00087
annotation_prokka/prokka_VFASICLA/prokka_VFASICLA:CDS	hypothetical protein	VFASICLA_1:c68593-67373	VFASICLA_00092
annotation_prokka/prokka_VFASICLA/prokka_VFASICLA:tRNA	Lys	VFASICLA_1:c67382-67310	VFASICLA_00091
annotation_prokka/prokka_VFASICLA/prokka_VFASICLA:CDS	Chorismate synthase	VFASICLA_1:c71502-70459	VFASICLA_00098
annotation_prokka/prokka_VFASICLA/prokka_VFASICLA:tRNA	Val	VFASICLA_1:c70461-70387	VFASICLA_00097
annotation_prokka/prokka_VFASICLA/prokka_VFASICLA:CDS	Glutamate--tRNA ligase	VFASICLA_1:c81847-80795	VFASICLA_00116
annotation_prokka/prokka_VFASICLA/prokka_VFASICLA:tRNA	Glu	VFASICLA_1:c80810-80737	VFASICLA_00115

DiscRep_SUB:RNA_CDS_OVERLAP::6 coding regions overlap RNAs on the opposite strand (no containment)
annotation_prokka/prokka_VFASICLA/prokka_VFASICLA:CDS	Isoleucine--tRNA ligase	VFASICLA_1:c27756-25711	VFASICLA_00033
annotation_prokka/prokka_VFASICLA/prokka_VFASICLA:tRNA	Ser	VFASICLA_1:25629-25714	VFASICLA_00032
annotation_prokka/prokka_VFASICLA/prokka_VFASICLA:CDS	hypothetical protein	VFASICLA_1:50602-50832	VFASICLA_00060
annotation_prokka/prokka_VFASICLA/prokka_VFASICLA:tRNA	Asn	VFASICLA_1:c50896-50825	VFASICLA_00061
annotation_prokka/prokka_VFASICLA/prokka_VFASICLA:CDS	hypothetical protein	VFASICLA_1:51488-51619	VFASICLA_00063
annotation_prokka/prokka_VFASICLA/prokka_VFASICLA:tRNA	Cys	VFASICLA_1:c51658-51587	VFASICLA_00064
annotation_prokka/prokka_VFASICLA/prokka_VFASICLA:CDS	DNA polymerase III subunit tau	VFASICLA_1:59139-60143	VFASICLA_00074
annotation_prokka/prokka_VFASICLA/prokka_VFASICLA:tRNA	Leu	VFASICLA_1:c60189-60114	VFASICLA_00075
annotation_prokka/prokka_VFASICLA/prokka_VFASICLA:CDS	Ornithine carbamoyltransferase 1, anabolic	VFASICLA_1:66403-67239	VFASICLA_00089
annotation_prokka/prokka_VFASICLA/prokka_VFASICLA:tRNA	Lys	VFASICLA_1:c67309-67237	VFASICLA_00090
annotation_prokka/prokka_VFASICLA/prokka_VFASICLA:CDS	50S ribosomal protein L31 type B	VFASICLA_1:80427-80702	VFASICLA_00113
annotation_prokka/prokka_VFASICLA/prokka_VFASICLA:tRNA	Asp	VFASICLA_1:c80736-80664	VFASICLA_00114

DiscRep_ALL:DISC_QUALITY_SCORES::Quality scores are missing on all sequences.

DiscRep_ALL:ONCALLER_COMMENT_PRESENT::1 comment descriptors were found (all same)
annotation_prokka/prokka_VFASICLA/prokka_VFASICLA:Prokka:VFASICLA_1:Annotated using prokka 1.13 from https://github.com/tseemann/prokka

DiscRep_ALL:SHORT_PROT_SEQUENCES::5 protein sequences are shorter than 50 aa.
annotation_prokka/prokka_VFASICLA/prokka_VFASICLA:Prokka:VFASICLA_00051 (length 43)
annotation_prokka/prokka_VFASICLA/prokka_VFASICLA:Prokka:VFASICLA_00063 (length 43)
annotation_prokka/prokka_VFASICLA/prokka_VFASICLA:Prokka:VFASICLA_00095 (length 46)
annotation_prokka/prokka_VFASICLA/prokka_VFASICLA:Prokka:VFASICLA_00151 (length 40)
annotation_prokka/prokka_VFASICLA/prokka_VFASICLA:Prokka:VFASICLA_00163 (length 37)

DiscRep_ALL:MISSING_GENOMEASSEMBLY_COMMENTS::1 bioseqs are missing GenomeAssembly structured comments
annotation_prokka/prokka_VFASICLA/prokka_VFASICLA:Prokka:VFASICLA_1 (length 119193)

DiscRep_ALL:MOLTYPE_NOT_MRNA::1 molecule types are not set as mRNA.
annotation_prokka/prokka_VFASICLA/prokka_VFASICLA:Prokka:VFASICLA_1 (length 119193)

DiscRep_ALL:TECHNIQUE_NOT_TSA::1 technique are not set as TSA
annotation_prokka/prokka_VFASICLA/prokka_VFASICLA:Prokka:VFASICLA_1 (length 119193)

DiscRep_ALL:MISSING_STRUCTURED_COMMENT::1 sequences do not include structured comments.
annotation_prokka/prokka_VFASICLA/prokka_VFASICLA:Prokka:VFASICLA_1 (length 119193)

DiscRep_ALL:MISSING_PROJECT::144 sequences do not include project.
annotation_prokka/prokka_VFASICLA/prokka_VFASICLA:Prokka:VFASICLA_1 (length 119193)
annotation_prokka/prokka_VFASICLA/prokka_VFASICLA:Prokka:VFASICLA_00001 (length 397)
annotation_prokka/prokka_VFASICLA/prokka_VFASICLA:Prokka:VFASICLA_00003 (length 104)
annotation_prokka/prokka_VFASICLA/prokka_VFASICLA:Prokka:VFASICLA_00004 (length 180)
annotation_prokka/prokka_VFASICLA/prokka_VFASICLA:Prokka:VFASICLA_00005 (length 148)
annotation_prokka/prokka_VFASICLA/prokka_VFASICLA:Prokka:VFASICLA_00006 (length 112)
annotation_prokka/prokka_VFASICLA/prokka_VFASICLA:Prokka:VFASICLA_00007 (length 1109)
annotation_prokka/prokka_VFASICLA/prokka_VFASICLA:Prokka:VFASICLA_00008 (length 1264)
annotation_prokka/prokka_VFASICLA/prokka_VFASICLA:Prokka:VFASICLA_00009 (length 125)
annotation_prokka/prokka_VFASICLA/prokka_VFASICLA:Prokka:VFASICLA_00010 (length 156)
annotation_prokka/prokka_VFASICLA/prokka_VFASICLA:Prokka:VFASICLA_00011 (length 684)
annotation_prokka/prokka_VFASICLA/prokka_VFASICLA:Prokka:VFASICLA_00012 (length 92)
annotation_prokka/prokka_VFASICLA/prokka_VFASICLA:Prokka:VFASICLA_00013 (length 69)
annotation_prokka/prokka_VFASICLA/prokka_VFASICLA:Prokka:VFASICLA_00014 (length 143)
annotation_prokka/prokka_VFASICLA/prokka_VFASICLA:Prokka:VFASICLA_00016 (length 157)
annotation_prokka/prokka_VFASICLA/prokka_VFASICLA:Prokka:VFASICLA_00017 (length 331)
annotation_prokka/prokka_VFASICLA/prokka_VFASICLA:Prokka:VFASICLA_00018 (length 126)
annotation_prokka/prokka_VFASICLA/prokka_VFASICLA:Prokka:VFASICLA_00019 (length 94)
annotation_prokka/prokka_VFASICLA/prokka_VFASICLA:Prokka:VFASICLA_00020 (length 253)
annotation_prokka/prokka_VFASICLA/prokka_VFASICLA:Prokka:VFASICLA_00021 (length 193)
annotation_prokka/prokka_VFASICLA/prokka_VFASICLA:Prokka:VFASICLA_00022 (length 429)
annotation_prokka/prokka_VFASICLA/prokka_VFASICLA:Prokka:VFASICLA_00024 (length 137)
annotation_prokka/prokka_VFASICLA/prokka_VFASICLA:Prokka:VFASICLA_00025 (length 162)
annotation_prokka/prokka_VFASICLA/prokka_VFASICLA:Prokka:VFASICLA_00026 (length 175)
annotation_prokka/prokka_VFASICLA/prokka_VFASICLA:Prokka:VFASICLA_00027 (length 365)
annotation_prokka/prokka_VFASICLA/prokka_VFASICLA:Prokka:VFASICLA_00028 (length 249)
annotation_prokka/prokka_VFASICLA/prokka_VFASICLA:Prokka:VFASICLA_00029 (length 288)
annotation_prokka/prokka_VFASICLA/prokka_VFASICLA:Prokka:VFASICLA_00030 (length 305)
annotation_prokka/prokka_VFASICLA/prokka_VFASICLA:Prokka:VFASICLA_00031 (length 364)
annotation_prokka/prokka_VFASICLA/prokka_VFASICLA:Prokka:VFASICLA_00033 (length 681)
annotation_prokka/prokka_VFASICLA/prokka_VFASICLA:Prokka:VFASICLA_00035 (length 728)
annotation_prokka/prokka_VFASICLA/prokka_VFASICLA:Prokka:VFASICLA_00036 (length 234)
annotation_prokka/prokka_VFASICLA/prokka_VFASICLA:Prokka:VFASICLA_00037 (length 359)
annotation_prokka/prokka_VFASICLA/prokka_VFASICLA:Prokka:VFASICLA_00038 (length 239)
annotation_prokka/prokka_VFASICLA/prokka_VFASICLA:Prokka:VFASICLA_00039 (length 236)
annotation_prokka/prokka_VFASICLA/prokka_VFASICLA:Prokka:VFASICLA_00040 (length 294)
annotation_prokka/prokka_VFASICLA/prokka_VFASICLA:Prokka:VFASICLA_00041 (length 187)
annotation_prokka/prokka_VFASICLA/prokka_VFASICLA:Prokka:VFASICLA_00042 (length 417)
annotation_prokka/prokka_VFASICLA/prokka_VFASICLA:Prokka:VFASICLA_00043 (length 472)
annotation_prokka/prokka_VFASICLA/prokka_VFASICLA:Prokka:VFASICLA_00044 (length 329)
annotation_prokka/prokka_VFASICLA/prokka_VFASICLA:Prokka:VFASICLA_00045 (length 398)
annotation_prokka/prokka_VFASICLA/prokka_VFASICLA:Prokka:VFASICLA_00046 (length 224)
annotation_prokka/prokka_VFASICLA/prokka_VFASICLA:Prokka:VFASICLA_00047 (length 373)
annotation_prokka/prokka_VFASICLA/prokka_VFASICLA:Prokka:VFASICLA_00048 (length 372)
annotation_prokka/prokka_VFASICLA/prokka_VFASICLA:Prokka:VFASICLA_00049 (length 50)
annotation_prokka/prokka_VFASICLA/prokka_VFASICLA:Prokka:VFASICLA_00050 (length 938)
annotation_prokka/prokka_VFASICLA/prokka_VFASICLA:Prokka:VFASICLA_00051 (length 43)
annotation_prokka/prokka_VFASICLA/prokka_VFASICLA:Prokka:VFASICLA_00054 (length 269)
annotation_prokka/prokka_VFASICLA/prokka_VFASICLA:Prokka:VFASICLA_00055 (length 346)
annotation_prokka/prokka_VFASICLA/prokka_VFASICLA:Prokka:VFASICLA_00056 (length 206)
annotation_prokka/prokka_VFASICLA/prokka_VFASICLA:Prokka:VFASICLA_00057 (length 376)
annotation_prokka/prokka_VFASICLA/prokka_VFASICLA:Prokka:VFASICLA_00058 (length 235)
annotation_prokka/prokka_VFASICLA/prokka_VFASICLA:Prokka:VFASICLA_00059 (length 67)
annotation_prokka/prokka_VFASICLA/prokka_VFASICLA:Prokka:VFASICLA_00060 (length 76)
annotation_prokka/prokka_VFASICLA/prokka_VFASICLA:Prokka:VFASICLA_00062 (length 196)
annotation_prokka/prokka_VFASICLA/prokka_VFASICLA:Prokka:VFASICLA_00063 (length 43)
annotation_prokka/prokka_VFASICLA/prokka_VFASICLA:Prokka:VFASICLA_00066 (length 171)
annotation_prokka/prokka_VFASICLA/prokka_VFASICLA:Prokka:VFASICLA_00067 (length 295)
annotation_prokka/prokka_VFASICLA/prokka_VFASICLA:Prokka:VFASICLA_00068 (length 1038)
annotation_prokka/prokka_VFASICLA/prokka_VFASICLA:Prokka:VFASICLA_00069 (length 177)
annotation_prokka/prokka_VFASICLA/prokka_VFASICLA:Prokka:VFASICLA_00070 (length 178)
annotation_prokka/prokka_VFASICLA/prokka_VFASICLA:Prokka:VFASICLA_00071 (length 376)
annotation_prokka/prokka_VFASICLA/prokka_VFASICLA:Prokka:VFASICLA_00073 (length 186)
annotation_prokka/prokka_VFASICLA/prokka_VFASICLA:Prokka:VFASICLA_00074 (length 334)
annotation_prokka/prokka_VFASICLA/prokka_VFASICLA:Prokka:VFASICLA_00078 (length 191)
annotation_prokka/prokka_VFASICLA/prokka_VFASICLA:Prokka:VFASICLA_00079 (length 414)
annotation_prokka/prokka_VFASICLA/prokka_VFASICLA:Prokka:VFASICLA_00080 (length 320)
annotation_prokka/prokka_VFASICLA/prokka_VFASICLA:Prokka:VFASICLA_00081 (length 185)
annotation_prokka/prokka_VFASICLA/prokka_VFASICLA:Prokka:VFASICLA_00082 (length 197)
annotation_prokka/prokka_VFASICLA/prokka_VFASICLA:Prokka:VFASICLA_00083 (length 228)
annotation_prokka/prokka_VFASICLA/prokka_VFASICLA:Prokka:VFASICLA_00084 (length 233)
annotation_prokka/prokka_VFASICLA/prokka_VFASICLA:Prokka:VFASICLA_00085 (length 98)
annotation_prokka/prokka_VFASICLA/prokka_VFASICLA:Prokka:VFASICLA_00086 (length 90)
annotation_prokka/prokka_VFASICLA/prokka_VFASICLA:Prokka:VFASICLA_00089 (length 278)
annotation_prokka/prokka_VFASICLA/prokka_VFASICLA:Prokka:VFASICLA_00092 (length 406)
annotation_prokka/prokka_VFASICLA/prokka_VFASICLA:Prokka:VFASICLA_00093 (length 293)
annotation_prokka/prokka_VFASICLA/prokka_VFASICLA:Prokka:VFASICLA_00094 (length 114)
annotation_prokka/prokka_VFASICLA/prokka_VFASICLA:Prokka:VFASICLA_00095 (length 46)
annotation_prokka/prokka_VFASICLA/prokka_VFASICLA:Prokka:VFASICLA_00096 (length 151)
annotation_prokka/prokka_VFASICLA/prokka_VFASICLA:Prokka:VFASICLA_00098 (length 347)
annotation_prokka/prokka_VFASICLA/prokka_VFASICLA:Prokka:VFASICLA_00102 (length 100)
annotation_prokka/prokka_VFASICLA/prokka_VFASICLA:Prokka:VFASICLA_00103 (length 157)
annotation_prokka/prokka_VFASICLA/prokka_VFASICLA:Prokka:VFASICLA_00104 (length 159)
annotation_prokka/prokka_VFASICLA/prokka_VFASICLA:Prokka:VFASICLA_00105 (length 161)
annotation_prokka/prokka_VFASICLA/prokka_VFASICLA:Prokka:VFASICLA_00106 (length 254)
annotation_prokka/prokka_VFASICLA/prokka_VFASICLA:Prokka:VFASICLA_00107 (length 338)
annotation_prokka/prokka_VFASICLA/prokka_VFASICLA:Prokka:VFASICLA_00108 (length 419)
annotation_prokka/prokka_VFASICLA/prokka_VFASICLA:Prokka:VFASICLA_00109 (length 372)
annotation_prokka/prokka_VFASICLA/prokka_VFASICLA:Prokka:VFASICLA_00110 (length 397)
annotation_prokka/prokka_VFASICLA/prokka_VFASICLA:Prokka:VFASICLA_00111 (length 147)
annotation_prokka/prokka_VFASICLA/prokka_VFASICLA:Prokka:VFASICLA_00112 (length 346)
annotation_prokka/prokka_VFASICLA/prokka_VFASICLA:Prokka:VFASICLA_00113 (length 91)
annotation_prokka/prokka_VFASICLA/prokka_VFASICLA:Prokka:VFASICLA_00116 (length 350)
annotation_prokka/prokka_VFASICLA/prokka_VFASICLA:Prokka:VFASICLA_00117 (length 421)
annotation_prokka/prokka_VFASICLA/prokka_VFASICLA:Prokka:VFASICLA_00118 (length 571)
annotation_prokka/prokka_VFASICLA/prokka_VFASICLA:Prokka:VFASICLA_00119 (length 78)
annotation_prokka/prokka_VFASICLA/prokka_VFASICLA:Prokka:VFASICLA_00120 (length 517)
annotation_prokka/prokka_VFASICLA/prokka_VFASICLA:Prokka:VFASICLA_00121 (length 420)
annotation_prokka/prokka_VFASICLA/prokka_VFASICLA:Prokka:VFASICLA_00122 (length 353)
annotation_prokka/prokka_VFASICLA/prokka_VFASICLA:Prokka:VFASICLA_00123 (length 206)
annotation_prokka/prokka_VFASICLA/prokka_VFASICLA:Prokka:VFASICLA_00124 (length 326)
annotation_prokka/prokka_VFASICLA/prokka_VFASICLA:Prokka:VFASICLA_00125 (length 589)
annotation_prokka/prokka_VFASICLA/prokka_VFASICLA:Prokka:VFASICLA_00126 (length 324)
annotation_prokka/prokka_VFASICLA/prokka_VFASICLA:Prokka:VFASICLA_00127 (length 326)
annotation_prokka/prokka_VFASICLA/prokka_VFASICLA:Prokka:VFASICLA_00128 (length 176)
annotation_prokka/prokka_VFASICLA/prokka_VFASICLA:Prokka:VFASICLA_00129 (length 632)
annotation_prokka/prokka_VFASICLA/prokka_VFASICLA:Prokka:VFASICLA_00130 (length 185)
annotation_prokka/prokka_VFASICLA/prokka_VFASICLA:Prokka:VFASICLA_00131 (length 402)
annotation_prokka/prokka_VFASICLA/prokka_VFASICLA:Prokka:VFASICLA_00132 (length 237)
annotation_prokka/prokka_VFASICLA/prokka_VFASICLA:Prokka:VFASICLA_00133 (length 127)
annotation_prokka/prokka_VFASICLA/prokka_VFASICLA:Prokka:VFASICLA_00134 (length 151)
annotation_prokka/prokka_VFASICLA/prokka_VFASICLA:Prokka:VFASICLA_00135 (length 88)
annotation_prokka/prokka_VFASICLA/prokka_VFASICLA:Prokka:VFASICLA_00136 (length 102)
annotation_prokka/prokka_VFASICLA/prokka_VFASICLA:Prokka:VFASICLA_00137 (length 161)
annotation_prokka/prokka_VFASICLA/prokka_VFASICLA:Prokka:VFASICLA_00138 (length 401)
annotation_prokka/prokka_VFASICLA/prokka_VFASICLA:Prokka:VFASICLA_00143 (length 138)
annotation_prokka/prokka_VFASICLA/prokka_VFASICLA:Prokka:VFASICLA_00144 (length 163)
annotation_prokka/prokka_VFASICLA/prokka_VFASICLA:Prokka:VFASICLA_00145 (length 79)
annotation_prokka/prokka_VFASICLA/prokka_VFASICLA:Prokka:VFASICLA_00146 (length 266)
annotation_prokka/prokka_VFASICLA/prokka_VFASICLA:Prokka:VFASICLA_00147 (length 87)
annotation_prokka/prokka_VFASICLA/prokka_VFASICLA:Prokka:VFASICLA_00148 (length 98)
annotation_prokka/prokka_VFASICLA/prokka_VFASICLA:Prokka:VFASICLA_00149 (length 201)
annotation_prokka/prokka_VFASICLA/prokka_VFASICLA:Prokka:VFASICLA_00150 (length 139)
annotation_prokka/prokka_VFASICLA/prokka_VFASICLA:Prokka:VFASICLA_00151 (length 40)
annotation_prokka/prokka_VFASICLA/prokka_VFASICLA:Prokka:VFASICLA_00152 (length 73)
annotation_prokka/prokka_VFASICLA/prokka_VFASICLA:Prokka:VFASICLA_00153 (length 125)
annotation_prokka/prokka_VFASICLA/prokka_VFASICLA:Prokka:VFASICLA_00154 (length 54)
annotation_prokka/prokka_VFASICLA/prokka_VFASICLA:Prokka:VFASICLA_00155 (length 193)
annotation_prokka/prokka_VFASICLA/prokka_VFASICLA:Prokka:VFASICLA_00156 (length 82)
annotation_prokka/prokka_VFASICLA/prokka_VFASICLA:Prokka:VFASICLA_00157 (length 125)
annotation_prokka/prokka_VFASICLA/prokka_VFASICLA:Prokka:VFASICLA_00158 (length 170)
annotation_prokka/prokka_VFASICLA/prokka_VFASICLA:Prokka:VFASICLA_00159 (length 78)
annotation_prokka/prokka_VFASICLA/prokka_VFASICLA:Prokka:VFASICLA_00160 (length 130)
annotation_prokka/prokka_VFASICLA/prokka_VFASICLA:Prokka:VFASICLA_00161 (length 107)
annotation_prokka/prokka_VFASICLA/prokka_VFASICLA:Prokka:VFASICLA_00162 (length 75)
annotation_prokka/prokka_VFASICLA/prokka_VFASICLA:Prokka:VFASICLA_00163 (length 37)
annotation_prokka/prokka_VFASICLA/prokka_VFASICLA:Prokka:VFASICLA_00164 (length 119)
annotation_prokka/prokka_VFASICLA/prokka_VFASICLA:Prokka:VFASICLA_00165 (length 112)
annotation_prokka/prokka_VFASICLA/prokka_VFASICLA:Prokka:VFASICLA_00166 (length 130)
annotation_prokka/prokka_VFASICLA/prokka_VFASICLA:Prokka:VFASICLA_00167 (length 215)
annotation_prokka/prokka_VFASICLA/prokka_VFASICLA:Prokka:VFASICLA_00168 (length 87)
annotation_prokka/prokka_VFASICLA/prokka_VFASICLA:Prokka:VFASICLA_00169 (length 383)
annotation_prokka/prokka_VFASICLA/prokka_VFASICLA:Prokka:VFASICLA_00170 (length 134)
annotation_prokka/prokka_VFASICLA/prokka_VFASICLA:Prokka:VFASICLA_00171 (length 330)

DiscRep_ALL:DISC_INCONSISTENT_MOLINFO_TECH::Molinfo Technique Report (some missing, all same)
DiscRep_SUB:DISC_INCONSISTENT_MOLINFO_TECH::technique (all missing)
DiscRep_SUB:DISC_INCONSISTENT_MOLINFO_TECH::1 Molinfos are missing field technique
annotation_prokka/prokka_VFASICLA/prokka_VFASICLA:Prokka:VFASICLA_1 (length 119193)

