Discrepancy Report Results

Summary
FATAL: MISSING_PROTEIN_ID:131 proteins have invalid IDs.
DISC_SOURCE_QUALS_ASNDISC:strain (all present, all unique)
DISC_SOURCE_QUALS_ASNDISC:taxname (all present, all unique)
DISC_FEATURE_COUNT:CDS: 131 present
DISC_FEATURE_COUNT:tRNA: 28 present
DISC_FEATURE_COUNT:rRNA: 2 present
DISC_COUNT_NUCLEOTIDES:1 nucleotide Bioseqs are present
FEATURE_LOCATION_CONFLICT:161 features have inconsistent gene locations.
DISC_QUALITY_SCORES:Quality scores are missing on all sequences.
ONCALLER_COMMENT_PRESENT:1 comment descriptors were found (all same)
SHORT_PROT_SEQUENCES:3 protein sequences are shorter than 50 aa.
MISSING_GENOMEASSEMBLY_COMMENTS:1 bioseqs are missing GenomeAssembly structured comments
MOLTYPE_NOT_MRNA:1 molecule types are not set as mRNA.
TECHNIQUE_NOT_TSA:1 technique are not set as TSA
MISSING_STRUCTURED_COMMENT:1 sequences do not include structured comments.
MISSING_PROJECT:132 sequences do not include project.
DISC_INCONSISTENT_MOLINFO_TECH:Molinfo Technique Report (some missing, all same)


Detailed Report

FATAL: DiscRep_ALL:MISSING_PROTEIN_ID::131 proteins have invalid IDs.
prokka_VFPYRLAN/VFPYRLAN:VFPYRLAN_1 (length 136)
prokka_VFPYRLAN/VFPYRLAN:VFPYRLAN_2 (length 210)
prokka_VFPYRLAN/VFPYRLAN:VFPYRLAN_3 (length 151)
prokka_VFPYRLAN/VFPYRLAN:VFPYRLAN_4 (length 116)
prokka_VFPYRLAN/VFPYRLAN:VFPYRLAN_5 (length 1258)
prokka_VFPYRLAN/VFPYRLAN:VFPYRLAN_6 (length 1281)
prokka_VFPYRLAN/VFPYRLAN:VFPYRLAN_7 (length 130)
prokka_VFPYRLAN/VFPYRLAN:VFPYRLAN_8 (length 156)
prokka_VFPYRLAN/VFPYRLAN:VFPYRLAN_9 (length 689)
prokka_VFPYRLAN/VFPYRLAN:VFPYRLAN_10 (length 102)
prokka_VFPYRLAN/VFPYRLAN:VFPYRLAN_11 (length 134)
prokka_VFPYRLAN/VFPYRLAN:VFPYRLAN_12 (length 298)
prokka_VFPYRLAN/VFPYRLAN:VFPYRLAN_13 (length 226)
prokka_VFPYRLAN/VFPYRLAN:VFPYRLAN_14 (length 371)
prokka_VFPYRLAN/VFPYRLAN:VFPYRLAN_15 (length 130)
prokka_VFPYRLAN/VFPYRLAN:VFPYRLAN_16 (length 97)
prokka_VFPYRLAN/VFPYRLAN:VFPYRLAN_17 (length 267)
prokka_VFPYRLAN/VFPYRLAN:VFPYRLAN_18 (length 185)
prokka_VFPYRLAN/VFPYRLAN:VFPYRLAN_19 (length 444)
prokka_VFPYRLAN/VFPYRLAN:VFPYRLAN_20 (length 283)
prokka_VFPYRLAN/VFPYRLAN:VFPYRLAN_21 (length 170)
prokka_VFPYRLAN/VFPYRLAN:VFPYRLAN_22 (length 182)
prokka_VFPYRLAN/VFPYRLAN:VFPYRLAN_23 (length 372)
prokka_VFPYRLAN/VFPYRLAN:VFPYRLAN_24 (length 433)
prokka_VFPYRLAN/VFPYRLAN:VFPYRLAN_25 (length 238)
prokka_VFPYRLAN/VFPYRLAN:VFPYRLAN_26 (length 284)
prokka_VFPYRLAN/VFPYRLAN:VFPYRLAN_27 (length 278)
prokka_VFPYRLAN/VFPYRLAN:VFPYRLAN_28 (length 246)
prokka_VFPYRLAN/VFPYRLAN:VFPYRLAN_29 (length 129)
prokka_VFPYRLAN/VFPYRLAN:VFPYRLAN_30 (length 783)
prokka_VFPYRLAN/VFPYRLAN:VFPYRLAN_31 (length 58)
prokka_VFPYRLAN/VFPYRLAN:VFPYRLAN_32 (length 723)
prokka_VFPYRLAN/VFPYRLAN:VFPYRLAN_33 (length 65)
prokka_VFPYRLAN/VFPYRLAN:VFPYRLAN_34 (length 181)
prokka_VFPYRLAN/VFPYRLAN:VFPYRLAN_35 (length 378)
prokka_VFPYRLAN/VFPYRLAN:VFPYRLAN_36 (length 285)
prokka_VFPYRLAN/VFPYRLAN:VFPYRLAN_37 (length 254)
prokka_VFPYRLAN/VFPYRLAN:VFPYRLAN_38 (length 329)
prokka_VFPYRLAN/VFPYRLAN:VFPYRLAN_39 (length 206)
prokka_VFPYRLAN/VFPYRLAN:VFPYRLAN_40 (length 404)
prokka_VFPYRLAN/VFPYRLAN:VFPYRLAN_41 (length 458)
prokka_VFPYRLAN/VFPYRLAN:VFPYRLAN_42 (length 321)
prokka_VFPYRLAN/VFPYRLAN:VFPYRLAN_43 (length 464)
prokka_VFPYRLAN/VFPYRLAN:VFPYRLAN_44 (length 323)
prokka_VFPYRLAN/VFPYRLAN:VFPYRLAN_45 (length 423)
prokka_VFPYRLAN/VFPYRLAN:VFPYRLAN_46 (length 1008)
prokka_VFPYRLAN/VFPYRLAN:VFPYRLAN_47 (length 248)
prokka_VFPYRLAN/VFPYRLAN:VFPYRLAN_48 (length 343)
prokka_VFPYRLAN/VFPYRLAN:VFPYRLAN_49 (length 212)
prokka_VFPYRLAN/VFPYRLAN:VFPYRLAN_50 (length 377)
prokka_VFPYRLAN/VFPYRLAN:VFPYRLAN_51 (length 230)
prokka_VFPYRLAN/VFPYRLAN:VFPYRLAN_52 (length 87)
prokka_VFPYRLAN/VFPYRLAN:VFPYRLAN_53 (length 76)
prokka_VFPYRLAN/VFPYRLAN:VFPYRLAN_54 (length 332)
prokka_VFPYRLAN/VFPYRLAN:VFPYRLAN_55 (length 1026)
prokka_VFPYRLAN/VFPYRLAN:VFPYRLAN_56 (length 179)
prokka_VFPYRLAN/VFPYRLAN:VFPYRLAN_57 (length 182)
prokka_VFPYRLAN/VFPYRLAN:VFPYRLAN_58 (length 256)
prokka_VFPYRLAN/VFPYRLAN:VFPYRLAN_59 (length 344)
prokka_VFPYRLAN/VFPYRLAN:VFPYRLAN_60 (length 190)
prokka_VFPYRLAN/VFPYRLAN:VFPYRLAN_61 (length 411)
prokka_VFPYRLAN/VFPYRLAN:VFPYRLAN_62 (length 310)
prokka_VFPYRLAN/VFPYRLAN:VFPYRLAN_63 (length 193)
prokka_VFPYRLAN/VFPYRLAN:VFPYRLAN_64 (length 194)
prokka_VFPYRLAN/VFPYRLAN:VFPYRLAN_65 (length 226)
prokka_VFPYRLAN/VFPYRLAN:VFPYRLAN_66 (length 247)
prokka_VFPYRLAN/VFPYRLAN:VFPYRLAN_67 (length 97)
prokka_VFPYRLAN/VFPYRLAN:VFPYRLAN_68 (length 59)
prokka_VFPYRLAN/VFPYRLAN:VFPYRLAN_69 (length 151)
prokka_VFPYRLAN/VFPYRLAN:VFPYRLAN_70 (length 72)
prokka_VFPYRLAN/VFPYRLAN:VFPYRLAN_71 (length 163)
prokka_VFPYRLAN/VFPYRLAN:VFPYRLAN_72 (length 337)
prokka_VFPYRLAN/VFPYRLAN:VFPYRLAN_73 (length 276)
prokka_VFPYRLAN/VFPYRLAN:VFPYRLAN_74 (length 259)
prokka_VFPYRLAN/VFPYRLAN:VFPYRLAN_75 (length 349)
prokka_VFPYRLAN/VFPYRLAN:VFPYRLAN_76 (length 444)
prokka_VFPYRLAN/VFPYRLAN:VFPYRLAN_77 (length 388)
prokka_VFPYRLAN/VFPYRLAN:VFPYRLAN_78 (length 423)
prokka_VFPYRLAN/VFPYRLAN:VFPYRLAN_79 (length 64)
prokka_VFPYRLAN/VFPYRLAN:VFPYRLAN_80 (length 104)
prokka_VFPYRLAN/VFPYRLAN:VFPYRLAN_81 (length 77)
prokka_VFPYRLAN/VFPYRLAN:VFPYRLAN_82 (length 426)
prokka_VFPYRLAN/VFPYRLAN:VFPYRLAN_83 (length 584)
prokka_VFPYRLAN/VFPYRLAN:VFPYRLAN_84 (length 86)
prokka_VFPYRLAN/VFPYRLAN:VFPYRLAN_85 (length 530)
prokka_VFPYRLAN/VFPYRLAN:VFPYRLAN_86 (length 417)
prokka_VFPYRLAN/VFPYRLAN:VFPYRLAN_87 (length 332)
prokka_VFPYRLAN/VFPYRLAN:VFPYRLAN_88 (length 362)
prokka_VFPYRLAN/VFPYRLAN:VFPYRLAN_89 (length 38)
prokka_VFPYRLAN/VFPYRLAN:VFPYRLAN_90 (length 209)
prokka_VFPYRLAN/VFPYRLAN:VFPYRLAN_91 (length 333)
prokka_VFPYRLAN/VFPYRLAN:VFPYRLAN_92 (length 600)
prokka_VFPYRLAN/VFPYRLAN:VFPYRLAN_93 (length 140)
prokka_VFPYRLAN/VFPYRLAN:VFPYRLAN_94 (length 317)
prokka_VFPYRLAN/VFPYRLAN:VFPYRLAN_95 (length 326)
prokka_VFPYRLAN/VFPYRLAN:VFPYRLAN_96 (length 144)
prokka_VFPYRLAN/VFPYRLAN:VFPYRLAN_97 (length 715)
prokka_VFPYRLAN/VFPYRLAN:VFPYRLAN_98 (length 209)
prokka_VFPYRLAN/VFPYRLAN:VFPYRLAN_99 (length 403)
prokka_VFPYRLAN/VFPYRLAN:VFPYRLAN_100 (length 245)
prokka_VFPYRLAN/VFPYRLAN:VFPYRLAN_101 (length 135)
prokka_VFPYRLAN/VFPYRLAN:VFPYRLAN_102 (length 80)
prokka_VFPYRLAN/VFPYRLAN:VFPYRLAN_103 (length 97)
prokka_VFPYRLAN/VFPYRLAN:VFPYRLAN_104 (length 419)
prokka_VFPYRLAN/VFPYRLAN:VFPYRLAN_105 (length 140)
prokka_VFPYRLAN/VFPYRLAN:VFPYRLAN_106 (length 195)
prokka_VFPYRLAN/VFPYRLAN:VFPYRLAN_107 (length 68)
prokka_VFPYRLAN/VFPYRLAN:VFPYRLAN_108 (length 269)
prokka_VFPYRLAN/VFPYRLAN:VFPYRLAN_109 (length 96)
prokka_VFPYRLAN/VFPYRLAN:VFPYRLAN_110 (length 109)
prokka_VFPYRLAN/VFPYRLAN:VFPYRLAN_111 (length 207)
prokka_VFPYRLAN/VFPYRLAN:VFPYRLAN_112 (length 133)
prokka_VFPYRLAN/VFPYRLAN:VFPYRLAN_113 (length 76)
prokka_VFPYRLAN/VFPYRLAN:VFPYRLAN_114 (length 121)
prokka_VFPYRLAN/VFPYRLAN:VFPYRLAN_115 (length 182)
prokka_VFPYRLAN/VFPYRLAN:VFPYRLAN_116 (length 89)
prokka_VFPYRLAN/VFPYRLAN:VFPYRLAN_117 (length 130)
prokka_VFPYRLAN/VFPYRLAN:VFPYRLAN_118 (length 178)
prokka_VFPYRLAN/VFPYRLAN:VFPYRLAN_119 (length 105)
prokka_VFPYRLAN/VFPYRLAN:VFPYRLAN_120 (length 142)
prokka_VFPYRLAN/VFPYRLAN:VFPYRLAN_121 (length 115)
prokka_VFPYRLAN/VFPYRLAN:VFPYRLAN_122 (length 72)
prokka_VFPYRLAN/VFPYRLAN:VFPYRLAN_123 (length 37)
prokka_VFPYRLAN/VFPYRLAN:VFPYRLAN_124 (length 116)
prokka_VFPYRLAN/VFPYRLAN:VFPYRLAN_125 (length 112)
prokka_VFPYRLAN/VFPYRLAN:VFPYRLAN_126 (length 182)
prokka_VFPYRLAN/VFPYRLAN:VFPYRLAN_127 (length 282)
prokka_VFPYRLAN/VFPYRLAN:VFPYRLAN_128 (length 83)
prokka_VFPYRLAN/VFPYRLAN:VFPYRLAN_129 (length 42)
prokka_VFPYRLAN/VFPYRLAN:VFPYRLAN_130 (length 362)
prokka_VFPYRLAN/VFPYRLAN:VFPYRLAN_131 (length 130)

DiscRep_ALL:DISC_SOURCE_QUALS_ASNDISC::strain (all present, all unique)
DiscRep_SUB:DISC_SOURCE_QUALS_ASNDISC::1 sources have unique values for strain
DiscRep_ALL:DISC_SOURCE_QUALS_ASNDISC::taxname (all present, all unique)
DiscRep_SUB:DISC_SOURCE_QUALS_ASNDISC::1 sources have unique values for taxname
DiscRep_ALL:DISC_FEATURE_COUNT::CDS: 131 present
DiscRep_ALL:DISC_FEATURE_COUNT::tRNA: 28 present
DiscRep_ALL:DISC_FEATURE_COUNT::rRNA: 2 present
DiscRep_ALL:DISC_COUNT_NUCLEOTIDES::1 nucleotide Bioseqs are present
prokka_VFPYRLAN/VFPYRLAN:VFPYRLAN (length 125481)

DiscRep_ALL:FEATURE_LOCATION_CONFLICT::161 features have inconsistent gene locations.
DiscRep_SUB:FEATURE_LOCATION_CONFLICT::Coding region xref gene does not exist
prokka_VFPYRLAN/VFPYRLAN:CDS	50S ribosomal protein L11	VFPYRLAN:1274-1684	VFPYRLAN_00002

DiscRep_SUB:FEATURE_LOCATION_CONFLICT::Coding region xref gene does not exist
prokka_VFPYRLAN/VFPYRLAN:CDS	hypothetical protein	VFPYRLAN:1677-2309	VFPYRLAN_00003

DiscRep_SUB:FEATURE_LOCATION_CONFLICT::Coding region xref gene does not exist
prokka_VFPYRLAN/VFPYRLAN:CDS	hypothetical protein	VFPYRLAN:2302-2757	VFPYRLAN_00004

DiscRep_SUB:FEATURE_LOCATION_CONFLICT::Coding region xref gene does not exist
prokka_VFPYRLAN/VFPYRLAN:CDS	50S ribosomal protein L7/L12	VFPYRLAN:2744-3094	VFPYRLAN_00005

DiscRep_SUB:FEATURE_LOCATION_CONFLICT::Coding region xref gene does not exist
prokka_VFPYRLAN/VFPYRLAN:CDS	DNA-directed RNA polymerase subunit beta	VFPYRLAN:3096-6872	VFPYRLAN_00006

DiscRep_SUB:FEATURE_LOCATION_CONFLICT::Coding region xref gene does not exist
prokka_VFPYRLAN/VFPYRLAN:CDS	DNA-directed RNA polymerase subunit beta'	VFPYRLAN:6869-10714	VFPYRLAN_00007

DiscRep_SUB:FEATURE_LOCATION_CONFLICT::Coding region xref gene does not exist
prokka_VFPYRLAN/VFPYRLAN:CDS	30S ribosomal protein S12	VFPYRLAN:10656-11048	VFPYRLAN_00008

DiscRep_SUB:FEATURE_LOCATION_CONFLICT::Coding region xref gene does not exist
prokka_VFPYRLAN/VFPYRLAN:CDS	30S ribosomal protein S7	VFPYRLAN:11023-11493	VFPYRLAN_00009

DiscRep_SUB:FEATURE_LOCATION_CONFLICT::Coding region xref gene does not exist
prokka_VFPYRLAN/VFPYRLAN:CDS	Elongation factor G	VFPYRLAN:11495-13564	VFPYRLAN_00010

DiscRep_SUB:FEATURE_LOCATION_CONFLICT::Coding region xref gene does not exist
prokka_VFPYRLAN/VFPYRLAN:CDS	hypothetical protein	VFPYRLAN:13561-13869	VFPYRLAN_00011

DiscRep_SUB:FEATURE_LOCATION_CONFLICT::Coding region xref gene does not exist
prokka_VFPYRLAN/VFPYRLAN:CDS	hypothetical protein	VFPYRLAN:14373-14777	VFPYRLAN_00013

DiscRep_SUB:FEATURE_LOCATION_CONFLICT::Coding region xref gene does not exist
prokka_VFPYRLAN/VFPYRLAN:CDS	hypothetical protein	VFPYRLAN:14774-15670	VFPYRLAN_00014

DiscRep_SUB:FEATURE_LOCATION_CONFLICT::Coding region xref gene does not exist
prokka_VFPYRLAN/VFPYRLAN:CDS	Ribosomal RNA small subunit methyltransferase A	VFPYRLAN:c16347-15667	VFPYRLAN_00015

DiscRep_SUB:FEATURE_LOCATION_CONFLICT::Coding region xref gene does not exist
prokka_VFPYRLAN/VFPYRLAN:CDS	Tyrosine--tRNA ligase	VFPYRLAN:c17431-16316	VFPYRLAN_00016

DiscRep_SUB:FEATURE_LOCATION_CONFLICT::Coding region xref gene does not exist
prokka_VFPYRLAN/VFPYRLAN:CDS	30S ribosomal protein S9	VFPYRLAN:c17820-17428	VFPYRLAN_00017

DiscRep_SUB:FEATURE_LOCATION_CONFLICT::Coding region xref gene does not exist
prokka_VFPYRLAN/VFPYRLAN:CDS	50S ribosomal protein L13	VFPYRLAN:c18110-17817	VFPYRLAN_00018

DiscRep_SUB:FEATURE_LOCATION_CONFLICT::Coding region xref gene does not exist
prokka_VFPYRLAN/VFPYRLAN:CDS	Diaminopimelate epimerase	VFPYRLAN:c18910-18107	VFPYRLAN_00019

DiscRep_SUB:FEATURE_LOCATION_CONFLICT::Coding region xref gene does not exist
prokka_VFPYRLAN/VFPYRLAN:CDS	hypothetical protein	VFPYRLAN:c19475-18918	VFPYRLAN_00020

DiscRep_SUB:FEATURE_LOCATION_CONFLICT::Coding region xref gene does not exist
prokka_VFPYRLAN/VFPYRLAN:CDS	Translation initiation factor IF-2	VFPYRLAN:c20813-19479	VFPYRLAN_00021

DiscRep_SUB:FEATURE_LOCATION_CONFLICT::Coding region xref gene does not exist
prokka_VFPYRLAN/VFPYRLAN:CDS	Ribose-phosphate pyrophosphokinase	VFPYRLAN:20917-21768	VFPYRLAN_00023

DiscRep_SUB:FEATURE_LOCATION_CONFLICT::Coding region xref gene does not exist
prokka_VFPYRLAN/VFPYRLAN:CDS	hypothetical protein	VFPYRLAN:21761-22273	VFPYRLAN_00024

DiscRep_SUB:FEATURE_LOCATION_CONFLICT::Coding region xref gene does not exist
prokka_VFPYRLAN/VFPYRLAN:CDS	Ribosomal RNA small subunit methyltransferase D	VFPYRLAN:c22823-22275	VFPYRLAN_00025

DiscRep_SUB:FEATURE_LOCATION_CONFLICT::Coding region xref gene does not exist
prokka_VFPYRLAN/VFPYRLAN:CDS	Cysteine desulfurase IscS	VFPYRLAN:23125-24243	VFPYRLAN_00026

DiscRep_SUB:FEATURE_LOCATION_CONFLICT::Coding region xref gene does not exist
prokka_VFPYRLAN/VFPYRLAN:CDS	Lysine--tRNA ligase	VFPYRLAN:c25545-24244	VFPYRLAN_00027

DiscRep_SUB:FEATURE_LOCATION_CONFLICT::Coding region xref gene does not exist
prokka_VFPYRLAN/VFPYRLAN:CDS	Peptide chain release factor 1	VFPYRLAN:c26215-25499	VFPYRLAN_00028

DiscRep_SUB:FEATURE_LOCATION_CONFLICT::Coding region xref gene does not exist
prokka_VFPYRLAN/VFPYRLAN:CDS	4-hydroxy-tetrahydrodipicolinate synthase	VFPYRLAN:c27074-26220	VFPYRLAN_00029

DiscRep_SUB:FEATURE_LOCATION_CONFLICT::Coding region xref gene does not exist
prokka_VFPYRLAN/VFPYRLAN:CDS	tRNA(Ile)-lysidine synthase	VFPYRLAN:27166-28002	VFPYRLAN_00030

DiscRep_SUB:FEATURE_LOCATION_CONFLICT::Coding region xref gene does not exist
prokka_VFPYRLAN/VFPYRLAN:CDS	Aspartokinase	VFPYRLAN:27983-28723	VFPYRLAN_00031

DiscRep_SUB:FEATURE_LOCATION_CONFLICT::Coding region xref gene does not exist
prokka_VFPYRLAN/VFPYRLAN:CDS	hypothetical protein	VFPYRLAN:28720-29109	VFPYRLAN_00032

DiscRep_SUB:FEATURE_LOCATION_CONFLICT::Coding region xref gene does not exist
prokka_VFPYRLAN/VFPYRLAN:CDS	hypothetical protein	VFPYRLAN:c31750-29399	VFPYRLAN_00034

DiscRep_SUB:FEATURE_LOCATION_CONFLICT::Coding region xref gene does not exist
prokka_VFPYRLAN/VFPYRLAN:CDS	hypothetical protein	VFPYRLAN:c31898-31722	VFPYRLAN_00035

DiscRep_SUB:FEATURE_LOCATION_CONFLICT::Coding region xref gene does not exist
prokka_VFPYRLAN/VFPYRLAN:CDS	5-methyltetrahydropteroyltriglutamate--homocysteine methyltransferase	VFPYRLAN:32033-34204	VFPYRLAN_00036

DiscRep_SUB:FEATURE_LOCATION_CONFLICT::Coding region xref gene does not exist
prokka_VFPYRLAN/VFPYRLAN:CDS	hypothetical protein	VFPYRLAN:34301-34498	VFPYRLAN_00037

DiscRep_SUB:FEATURE_LOCATION_CONFLICT::Coding region xref gene does not exist
prokka_VFPYRLAN/VFPYRLAN:CDS	hypothetical protein	VFPYRLAN:34594-35139	VFPYRLAN_00038

DiscRep_SUB:FEATURE_LOCATION_CONFLICT::Coding region xref gene does not exist
prokka_VFPYRLAN/VFPYRLAN:CDS	L-alanine/L-glutamate racemase	VFPYRLAN:35136-36272	VFPYRLAN_00039

DiscRep_SUB:FEATURE_LOCATION_CONFLICT::Coding region xref gene does not exist
prokka_VFPYRLAN/VFPYRLAN:CDS	Peptide chain release factor 1	VFPYRLAN:c37121-36264	VFPYRLAN_00040

DiscRep_SUB:FEATURE_LOCATION_CONFLICT::Coding region xref gene does not exist
prokka_VFPYRLAN/VFPYRLAN:CDS	Indole-3-glycerol phosphate synthase	VFPYRLAN:c37824-37060	VFPYRLAN_00041

DiscRep_SUB:FEATURE_LOCATION_CONFLICT::Coding region xref gene does not exist
prokka_VFPYRLAN/VFPYRLAN:CDS	Anthranilate phosphoribosyltransferase	VFPYRLAN:c38807-37818	VFPYRLAN_00042

DiscRep_SUB:FEATURE_LOCATION_CONFLICT::Coding region xref gene does not exist
prokka_VFPYRLAN/VFPYRLAN:CDS	Aminodeoxychorismate/anthranilate synthase component 2	VFPYRLAN:c39366-38746	VFPYRLAN_00043

DiscRep_SUB:FEATURE_LOCATION_CONFLICT::Coding region xref gene does not exist
prokka_VFPYRLAN/VFPYRLAN:CDS	Isochorismate synthase MenF	VFPYRLAN:c40577-39363	VFPYRLAN_00044

DiscRep_SUB:FEATURE_LOCATION_CONFLICT::Coding region xref gene does not exist
prokka_VFPYRLAN/VFPYRLAN:CDS	Argininosuccinate lyase	VFPYRLAN:c41953-40577	VFPYRLAN_00045

DiscRep_SUB:FEATURE_LOCATION_CONFLICT::Coding region xref gene does not exist
prokka_VFPYRLAN/VFPYRLAN:CDS	Tryptophan--tRNA ligase 2	VFPYRLAN:c42920-41955	VFPYRLAN_00046

DiscRep_SUB:FEATURE_LOCATION_CONFLICT::Coding region xref gene does not exist
prokka_VFPYRLAN/VFPYRLAN:CDS	Glutamyl-Q tRNA(Asp) synthetase	VFPYRLAN:c44588-43194	VFPYRLAN_00047

DiscRep_SUB:FEATURE_LOCATION_CONFLICT::Coding region xref gene does not exist
prokka_VFPYRLAN/VFPYRLAN:CDS	Homoserine kinase	VFPYRLAN:c45537-44566	VFPYRLAN_00048

DiscRep_SUB:FEATURE_LOCATION_CONFLICT::Coding region xref gene does not exist
prokka_VFPYRLAN/VFPYRLAN:CDS	RNA polymerase sigma factor RpoD	VFPYRLAN:45549-46820	VFPYRLAN_00049

DiscRep_SUB:FEATURE_LOCATION_CONFLICT::Coding region xref gene does not exist
prokka_VFPYRLAN/VFPYRLAN:CDS	DNA polymerase III subunit alpha	VFPYRLAN:46981-50007	VFPYRLAN_00050

DiscRep_SUB:FEATURE_LOCATION_CONFLICT::Coding region xref gene does not exist
prokka_VFPYRLAN/VFPYRLAN:CDS	hypothetical protein	VFPYRLAN:50460-51206	VFPYRLAN_00054

DiscRep_SUB:FEATURE_LOCATION_CONFLICT::Coding region xref gene does not exist
prokka_VFPYRLAN/VFPYRLAN:CDS	Aspartate-semialdehyde dehydrogenase	VFPYRLAN:51178-52209	VFPYRLAN_00055

DiscRep_SUB:FEATURE_LOCATION_CONFLICT::Coding region xref gene does not exist
prokka_VFPYRLAN/VFPYRLAN:CDS	N-(5'-phosphoribosyl)anthranilate isomerase	VFPYRLAN:52196-52834	VFPYRLAN_00056

DiscRep_SUB:FEATURE_LOCATION_CONFLICT::Coding region xref gene does not exist
prokka_VFPYRLAN/VFPYRLAN:CDS	Tryptophan synthase beta chain	VFPYRLAN:52824-53957	VFPYRLAN_00057

DiscRep_SUB:FEATURE_LOCATION_CONFLICT::Coding region xref gene does not exist
prokka_VFPYRLAN/VFPYRLAN:CDS	Tryptophan synthase alpha chain	VFPYRLAN:53954-54646	VFPYRLAN_00058

DiscRep_SUB:FEATURE_LOCATION_CONFLICT::Coding region xref gene does not exist
prokka_VFPYRLAN/VFPYRLAN:CDS	hypothetical protein	VFPYRLAN:54612-54875	VFPYRLAN_00059

DiscRep_SUB:FEATURE_LOCATION_CONFLICT::Coding region xref gene does not exist
prokka_VFPYRLAN/VFPYRLAN:CDS	hypothetical protein	VFPYRLAN:54856-55086	VFPYRLAN_00060

DiscRep_SUB:FEATURE_LOCATION_CONFLICT::Coding region xref gene does not exist
prokka_VFPYRLAN/VFPYRLAN:CDS	Carbamoyl-phosphate synthase arginine-specific small chain	VFPYRLAN:56468-57466	VFPYRLAN_00064

DiscRep_SUB:FEATURE_LOCATION_CONFLICT::Coding region xref gene does not exist
prokka_VFPYRLAN/VFPYRLAN:CDS	Carbamoyl-phosphate synthase large chain	VFPYRLAN:57463-60543	VFPYRLAN_00065

DiscRep_SUB:FEATURE_LOCATION_CONFLICT::Coding region xref gene does not exist
prokka_VFPYRLAN/VFPYRLAN:CDS	Ribosomal RNA large subunit methyltransferase E	VFPYRLAN:60540-61079	VFPYRLAN_00066

DiscRep_SUB:FEATURE_LOCATION_CONFLICT::Coding region xref gene does not exist
prokka_VFPYRLAN/VFPYRLAN:CDS	ATP-dependent Clp protease proteolytic subunit	VFPYRLAN:61076-61624	VFPYRLAN_00067

DiscRep_SUB:FEATURE_LOCATION_CONFLICT::Coding region xref gene does not exist
prokka_VFPYRLAN/VFPYRLAN:CDS	hypothetical protein	VFPYRLAN:62879-63649	VFPYRLAN_00069

DiscRep_SUB:FEATURE_LOCATION_CONFLICT::Coding region xref gene does not exist
prokka_VFPYRLAN/VFPYRLAN:CDS	DNA polymerase III subunit tau	VFPYRLAN:63639-64673	VFPYRLAN_00070

DiscRep_SUB:FEATURE_LOCATION_CONFLICT::Coding region xref gene does not exist
prokka_VFPYRLAN/VFPYRLAN:CDS	ATP phosphoribosyltransferase	VFPYRLAN:65969-66541	VFPYRLAN_00074

DiscRep_SUB:FEATURE_LOCATION_CONFLICT::Coding region xref gene does not exist
prokka_VFPYRLAN/VFPYRLAN:CDS	Histidinol dehydrogenase	VFPYRLAN:66538-67773	VFPYRLAN_00075

DiscRep_SUB:FEATURE_LOCATION_CONFLICT::Coding region xref gene does not exist
prokka_VFPYRLAN/VFPYRLAN:CDS	Histidinol-phosphate aminotransferase 2	VFPYRLAN:67766-68698	VFPYRLAN_00076

DiscRep_SUB:FEATURE_LOCATION_CONFLICT::Coding region xref gene does not exist
prokka_VFPYRLAN/VFPYRLAN:CDS	Imidazoleglycerol-phosphate dehydratase	VFPYRLAN:68695-69276	VFPYRLAN_00077

DiscRep_SUB:FEATURE_LOCATION_CONFLICT::Coding region xref gene does not exist
prokka_VFPYRLAN/VFPYRLAN:CDS	Imidazole glycerol phosphate synthase subunit HisH	VFPYRLAN:69277-69861	VFPYRLAN_00078

DiscRep_SUB:FEATURE_LOCATION_CONFLICT::Coding region xref gene does not exist
prokka_VFPYRLAN/VFPYRLAN:CDS	1-(5-phosphoribosyl)-5-[(5-phosphoribosylamino)methylideneamino] imidazole-4-carboxamide isomerase	VFPYRLAN:69858-70538	VFPYRLAN_00079

DiscRep_SUB:FEATURE_LOCATION_CONFLICT::Coding region xref gene does not exist
prokka_VFPYRLAN/VFPYRLAN:CDS	Imidazole glycerol phosphate synthase subunit HisF	VFPYRLAN:70523-71266	VFPYRLAN_00080

DiscRep_SUB:FEATURE_LOCATION_CONFLICT::Coding region xref gene does not exist
prokka_VFPYRLAN/VFPYRLAN:CDS	Phosphoribosyl-AMP cyclohydrolase	VFPYRLAN:71263-71556	VFPYRLAN_00081

DiscRep_SUB:FEATURE_LOCATION_CONFLICT::Coding region xref gene does not exist
prokka_VFPYRLAN/VFPYRLAN:CDS	hypothetical protein	VFPYRLAN:c73412-73233	VFPYRLAN_00085

DiscRep_SUB:FEATURE_LOCATION_CONFLICT::Coding region xref gene does not exist
prokka_VFPYRLAN/VFPYRLAN:CDS	Translation initiation factor IF-3	VFPYRLAN:c73836-73381	VFPYRLAN_00086

DiscRep_SUB:FEATURE_LOCATION_CONFLICT::Coding region xref gene does not exist
prokka_VFPYRLAN/VFPYRLAN:CDS	hypothetical protein	VFPYRLAN:75504-75722	VFPYRLAN_00091

DiscRep_SUB:FEATURE_LOCATION_CONFLICT::Coding region xref gene does not exist
prokka_VFPYRLAN/VFPYRLAN:CDS	hypothetical protein	VFPYRLAN:c76172-75681	VFPYRLAN_00092

DiscRep_SUB:FEATURE_LOCATION_CONFLICT::Coding region xref gene does not exist
prokka_VFPYRLAN/VFPYRLAN:CDS	hypothetical protein	VFPYRLAN:c77182-76169	VFPYRLAN_00093

DiscRep_SUB:FEATURE_LOCATION_CONFLICT::Coding region xref gene does not exist
prokka_VFPYRLAN/VFPYRLAN:CDS	Aspartate aminotransferase	VFPYRLAN:77358-78188	VFPYRLAN_00094

DiscRep_SUB:FEATURE_LOCATION_CONFLICT::Coding region xref gene does not exist
prokka_VFPYRLAN/VFPYRLAN:CDS	2,3,4,5-tetrahydropyridine-2,6-dicarboxylate N-succinyltransferase	VFPYRLAN:78181-78960	VFPYRLAN_00095

DiscRep_SUB:FEATURE_LOCATION_CONFLICT::Coding region xref gene does not exist
prokka_VFPYRLAN/VFPYRLAN:CDS	Succinyl-diaminopimelate desuccinylase	VFPYRLAN:78953-80002	VFPYRLAN_00096

DiscRep_SUB:FEATURE_LOCATION_CONFLICT::Coding region xref gene does not exist
prokka_VFPYRLAN/VFPYRLAN:CDS	Threonine synthase	VFPYRLAN:c81338-80004	VFPYRLAN_00097

DiscRep_SUB:FEATURE_LOCATION_CONFLICT::Coding region xref gene does not exist
prokka_VFPYRLAN/VFPYRLAN:CDS	hypothetical protein	VFPYRLAN:c82501-81335	VFPYRLAN_00098

DiscRep_SUB:FEATURE_LOCATION_CONFLICT::Coding region xref gene does not exist
prokka_VFPYRLAN/VFPYRLAN:CDS	Replicative DNA helicase	VFPYRLAN:c83765-82494	VFPYRLAN_00099

DiscRep_SUB:FEATURE_LOCATION_CONFLICT::Coding region xref gene does not exist
prokka_VFPYRLAN/VFPYRLAN:CDS	hypothetical protein	VFPYRLAN:c83956-83762	VFPYRLAN_00100

DiscRep_SUB:FEATURE_LOCATION_CONFLICT::Coding region xref gene does not exist
prokka_VFPYRLAN/VFPYRLAN:CDS	hypothetical protein	VFPYRLAN:c84254-83940	VFPYRLAN_00101

DiscRep_SUB:FEATURE_LOCATION_CONFLICT::Coding region xref gene does not exist
prokka_VFPYRLAN/VFPYRLAN:CDS	hypothetical protein	VFPYRLAN:84273-84506	VFPYRLAN_00102

DiscRep_SUB:FEATURE_LOCATION_CONFLICT::Coding region xref gene does not exist
prokka_VFPYRLAN/VFPYRLAN:CDS	tRNA modification GTPase MnmE	VFPYRLAN:85832-87112	VFPYRLAN_00105

DiscRep_SUB:FEATURE_LOCATION_CONFLICT::Coding region xref gene does not exist
prokka_VFPYRLAN/VFPYRLAN:CDS	tRNA uridine 5-carboxymethylaminomethyl modification enzyme MnmG	VFPYRLAN:87109-88863	VFPYRLAN_00106

DiscRep_SUB:FEATURE_LOCATION_CONFLICT::Coding region xref gene does not exist
prokka_VFPYRLAN/VFPYRLAN:CDS	hypothetical protein	VFPYRLAN:88902-89162	VFPYRLAN_00107

DiscRep_SUB:FEATURE_LOCATION_CONFLICT::Coding region xref gene does not exist
prokka_VFPYRLAN/VFPYRLAN:CDS	60 kDa chaperonin	VFPYRLAN:89152-90744	VFPYRLAN_00108

DiscRep_SUB:FEATURE_LOCATION_CONFLICT::Coding region xref gene does not exist
prokka_VFPYRLAN/VFPYRLAN:CDS	3-phosphoshikimate 1-carboxyvinyltransferase	VFPYRLAN:90746-91999	VFPYRLAN_00109

DiscRep_SUB:FEATURE_LOCATION_CONFLICT::Coding region xref gene does not exist
prokka_VFPYRLAN/VFPYRLAN:CDS	hypothetical protein	VFPYRLAN:91992-92990	VFPYRLAN_00110

DiscRep_SUB:FEATURE_LOCATION_CONFLICT::Coding region xref gene does not exist
prokka_VFPYRLAN/VFPYRLAN:CDS	hypothetical protein	VFPYRLAN:c94084-92996	VFPYRLAN_00111

DiscRep_SUB:FEATURE_LOCATION_CONFLICT::Coding region xref gene does not exist
prokka_VFPYRLAN/VFPYRLAN:CDS	hypothetical protein	VFPYRLAN:94088-94204	VFPYRLAN_00112

DiscRep_SUB:FEATURE_LOCATION_CONFLICT::Coding region xref gene does not exist
prokka_VFPYRLAN/VFPYRLAN:CDS	hypothetical protein	VFPYRLAN:94201-94830	VFPYRLAN_00113

DiscRep_SUB:FEATURE_LOCATION_CONFLICT::Coding region xref gene does not exist
prokka_VFPYRLAN/VFPYRLAN:CDS	Chaperone protein DnaJ	VFPYRLAN:c95817-94816	VFPYRLAN_00114

DiscRep_SUB:FEATURE_LOCATION_CONFLICT::Coding region xref gene does not exist
prokka_VFPYRLAN/VFPYRLAN:CDS	Chaperone protein DnaK	VFPYRLAN:c97621-95819	VFPYRLAN_00115

DiscRep_SUB:FEATURE_LOCATION_CONFLICT::Coding region xref gene does not exist
prokka_VFPYRLAN/VFPYRLAN:CDS	Protein GrpE	VFPYRLAN:c98045-97623	VFPYRLAN_00116

DiscRep_SUB:FEATURE_LOCATION_CONFLICT::Coding region xref gene does not exist
prokka_VFPYRLAN/VFPYRLAN:CDS	Phospho-2-dehydro-3-deoxyheptonate aldolase, Trp-sensitive	VFPYRLAN:98128-99081	VFPYRLAN_00117

DiscRep_SUB:FEATURE_LOCATION_CONFLICT::Coding region xref gene does not exist
prokka_VFPYRLAN/VFPYRLAN:CDS	tRNA-specific 2-thiouridylase MnmA	VFPYRLAN:c100054-99074	VFPYRLAN_00118

DiscRep_SUB:FEATURE_LOCATION_CONFLICT::Coding region xref gene does not exist
prokka_VFPYRLAN/VFPYRLAN:CDS	hypothetical protein	VFPYRLAN:c100485-100051	VFPYRLAN_00119

DiscRep_SUB:FEATURE_LOCATION_CONFLICT::Coding region xref gene does not exist
prokka_VFPYRLAN/VFPYRLAN:CDS	Leucine--tRNA ligase	VFPYRLAN:c102625-100478	VFPYRLAN_00120

DiscRep_SUB:FEATURE_LOCATION_CONFLICT::Coding region xref gene does not exist
prokka_VFPYRLAN/VFPYRLAN:CDS	4-hydroxy-tetrahydrodipicolinate reductase	VFPYRLAN:c103254-102625	VFPYRLAN_00121

DiscRep_SUB:FEATURE_LOCATION_CONFLICT::Coding region xref gene does not exist
prokka_VFPYRLAN/VFPYRLAN:CDS	NADP-dependent malic enzyme	VFPYRLAN:c104462-103251	VFPYRLAN_00122

DiscRep_SUB:FEATURE_LOCATION_CONFLICT::Coding region xref gene does not exist
prokka_VFPYRLAN/VFPYRLAN:CDS	Shikimate dehydrogenase (NADP(+))	VFPYRLAN:c105183-104446	VFPYRLAN_00123

DiscRep_SUB:FEATURE_LOCATION_CONFLICT::Coding region xref gene does not exist
prokka_VFPYRLAN/VFPYRLAN:CDS	3-dehydroquinate dehydratase	VFPYRLAN:105200-105607	VFPYRLAN_00124

DiscRep_SUB:FEATURE_LOCATION_CONFLICT::Coding region xref gene does not exist
prokka_VFPYRLAN/VFPYRLAN:CDS	50S ribosomal protein L27	VFPYRLAN:c105841-105599	VFPYRLAN_00125

DiscRep_SUB:FEATURE_LOCATION_CONFLICT::Coding region xref gene does not exist
prokka_VFPYRLAN/VFPYRLAN:CDS	hypothetical protein	VFPYRLAN:c106134-105841	VFPYRLAN_00126

DiscRep_SUB:FEATURE_LOCATION_CONFLICT::Coding region xref gene does not exist
prokka_VFPYRLAN/VFPYRLAN:CDS	Argininosuccinate synthase	VFPYRLAN:106969-108228	VFPYRLAN_00128

DiscRep_SUB:FEATURE_LOCATION_CONFLICT::Coding region xref gene does not exist
prokka_VFPYRLAN/VFPYRLAN:CDS	hypothetical protein	VFPYRLAN:112885-113307	VFPYRLAN_00132

DiscRep_SUB:FEATURE_LOCATION_CONFLICT::Coding region xref gene does not exist
prokka_VFPYRLAN/VFPYRLAN:CDS	hypothetical protein	VFPYRLAN:113279-113866	VFPYRLAN_00133

DiscRep_SUB:FEATURE_LOCATION_CONFLICT::Coding region xref gene does not exist
prokka_VFPYRLAN/VFPYRLAN:CDS	hypothetical protein	VFPYRLAN:113835-114041	VFPYRLAN_00134

DiscRep_SUB:FEATURE_LOCATION_CONFLICT::Coding region xref gene does not exist
prokka_VFPYRLAN/VFPYRLAN:CDS	50S ribosomal protein L2	VFPYRLAN:114038-114847	VFPYRLAN_00135

DiscRep_SUB:FEATURE_LOCATION_CONFLICT::Coding region xref gene does not exist
prokka_VFPYRLAN/VFPYRLAN:CDS	30S ribosomal protein S19	VFPYRLAN:114844-115134	VFPYRLAN_00136

DiscRep_SUB:FEATURE_LOCATION_CONFLICT::Coding region xref gene does not exist
prokka_VFPYRLAN/VFPYRLAN:CDS	hypothetical protein	VFPYRLAN:115131-115460	VFPYRLAN_00137

DiscRep_SUB:FEATURE_LOCATION_CONFLICT::Coding region xref gene does not exist
prokka_VFPYRLAN/VFPYRLAN:CDS	30S ribosomal protein S3	VFPYRLAN:115471-116094	VFPYRLAN_00138

DiscRep_SUB:FEATURE_LOCATION_CONFLICT::Coding region xref gene does not exist
prokka_VFPYRLAN/VFPYRLAN:CDS	50S ribosomal protein L16	VFPYRLAN:116078-116479	VFPYRLAN_00139

DiscRep_SUB:FEATURE_LOCATION_CONFLICT::Coding region xref gene does not exist
prokka_VFPYRLAN/VFPYRLAN:CDS	hypothetical protein	VFPYRLAN:116479-116709	VFPYRLAN_00140

DiscRep_SUB:FEATURE_LOCATION_CONFLICT::Coding region xref gene does not exist
prokka_VFPYRLAN/VFPYRLAN:CDS	50S ribosomal protein L14	VFPYRLAN:116706-117071	VFPYRLAN_00141

DiscRep_SUB:FEATURE_LOCATION_CONFLICT::Coding region xref gene does not exist
prokka_VFPYRLAN/VFPYRLAN:CDS	50S ribosomal protein L5	VFPYRLAN:117081-117629	VFPYRLAN_00142

DiscRep_SUB:FEATURE_LOCATION_CONFLICT::Coding region xref gene does not exist
prokka_VFPYRLAN/VFPYRLAN:CDS	hypothetical protein	VFPYRLAN:117622-117891	VFPYRLAN_00143

DiscRep_SUB:FEATURE_LOCATION_CONFLICT::Coding region xref gene does not exist
prokka_VFPYRLAN/VFPYRLAN:CDS	hypothetical protein	VFPYRLAN:117891-118283	VFPYRLAN_00144

DiscRep_SUB:FEATURE_LOCATION_CONFLICT::Coding region xref gene does not exist
prokka_VFPYRLAN/VFPYRLAN:CDS	hypothetical protein	VFPYRLAN:118265-118801	VFPYRLAN_00145

DiscRep_SUB:FEATURE_LOCATION_CONFLICT::Coding region xref gene does not exist
prokka_VFPYRLAN/VFPYRLAN:CDS	hypothetical protein	VFPYRLAN:118812-119129	VFPYRLAN_00146

DiscRep_SUB:FEATURE_LOCATION_CONFLICT::Coding region xref gene does not exist
prokka_VFPYRLAN/VFPYRLAN:CDS	30S ribosomal protein S5	VFPYRLAN:119122-119550	VFPYRLAN_00147

DiscRep_SUB:FEATURE_LOCATION_CONFLICT::Coding region xref gene does not exist
prokka_VFPYRLAN/VFPYRLAN:CDS	50S ribosomal protein L15	VFPYRLAN:119547-119894	VFPYRLAN_00148

DiscRep_SUB:FEATURE_LOCATION_CONFLICT::Coding region xref gene does not exist
prokka_VFPYRLAN/VFPYRLAN:CDS	Translation initiation factor IF-1	VFPYRLAN:119907-120125	VFPYRLAN_00149

DiscRep_SUB:FEATURE_LOCATION_CONFLICT::Coding region xref gene does not exist
prokka_VFPYRLAN/VFPYRLAN:CDS	50S ribosomal protein L36	VFPYRLAN:120122-120235	VFPYRLAN_00150

DiscRep_SUB:FEATURE_LOCATION_CONFLICT::Coding region xref gene does not exist
prokka_VFPYRLAN/VFPYRLAN:CDS	30S ribosomal protein S13	VFPYRLAN:120232-120582	VFPYRLAN_00151

DiscRep_SUB:FEATURE_LOCATION_CONFLICT::Coding region xref gene does not exist
prokka_VFPYRLAN/VFPYRLAN:CDS	30S ribosomal protein S11	VFPYRLAN:120579-120917	VFPYRLAN_00152

DiscRep_SUB:FEATURE_LOCATION_CONFLICT::Coding region xref gene does not exist
prokka_VFPYRLAN/VFPYRLAN:CDS	hypothetical protein	VFPYRLAN:120914-121462	VFPYRLAN_00153

DiscRep_SUB:FEATURE_LOCATION_CONFLICT::Coding region xref gene does not exist
prokka_VFPYRLAN/VFPYRLAN:CDS	DNA-directed RNA polymerase subunit alpha	VFPYRLAN:121459-122307	VFPYRLAN_00154

DiscRep_SUB:FEATURE_LOCATION_CONFLICT::Coding region xref gene does not exist
prokka_VFPYRLAN/VFPYRLAN:CDS	hypothetical protein	VFPYRLAN:122317-122568	VFPYRLAN_00155

DiscRep_SUB:FEATURE_LOCATION_CONFLICT::Coding region xref gene does not exist
prokka_VFPYRLAN/VFPYRLAN:CDS	hypothetical protein	VFPYRLAN:122565-122693	VFPYRLAN_00156

DiscRep_SUB:FEATURE_LOCATION_CONFLICT::Coding region xref gene does not exist
prokka_VFPYRLAN/VFPYRLAN:CDS	Diaminopimelate decarboxylase	VFPYRLAN:c123774-122686	VFPYRLAN_00157

DiscRep_SUB:FEATURE_LOCATION_CONFLICT::Coding region xref gene does not exist
prokka_VFPYRLAN/VFPYRLAN:CDS	hypothetical protein	VFPYRLAN:123779-124171	VFPYRLAN_00158

DiscRep_SUB:FEATURE_LOCATION_CONFLICT::RNA feature xref gene does not exist
prokka_VFPYRLAN/VFPYRLAN:tRNA	Trp	VFPYRLAN:1187-1258	VFPYRLAN_00001

DiscRep_SUB:FEATURE_LOCATION_CONFLICT::RNA feature xref gene does not exist
prokka_VFPYRLAN/VFPYRLAN:tRNA	Phe	VFPYRLAN:14291-14363	VFPYRLAN_00012

DiscRep_SUB:FEATURE_LOCATION_CONFLICT::RNA feature xref gene does not exist
prokka_VFPYRLAN/VFPYRLAN:tRNA	Gln	VFPYRLAN:20838-20909	VFPYRLAN_00022

DiscRep_SUB:FEATURE_LOCATION_CONFLICT::RNA feature xref gene does not exist
prokka_VFPYRLAN/VFPYRLAN:tRNA	Ser	VFPYRLAN:29126-29209	VFPYRLAN_00033

DiscRep_SUB:FEATURE_LOCATION_CONFLICT::RNA feature xref gene does not exist
prokka_VFPYRLAN/VFPYRLAN:tRNA	Leu	VFPYRLAN:50152-50233	VFPYRLAN_00051

DiscRep_SUB:FEATURE_LOCATION_CONFLICT::RNA feature xref gene does not exist
prokka_VFPYRLAN/VFPYRLAN:tRNA	Leu	VFPYRLAN:50234-50321	VFPYRLAN_00052

DiscRep_SUB:FEATURE_LOCATION_CONFLICT::RNA feature xref gene does not exist
prokka_VFPYRLAN/VFPYRLAN:tRNA	Ser	VFPYRLAN:50322-50407	VFPYRLAN_00053

DiscRep_SUB:FEATURE_LOCATION_CONFLICT::RNA feature xref gene does not exist
prokka_VFPYRLAN/VFPYRLAN:tRNA	Asn	VFPYRLAN:c55160-55089	VFPYRLAN_00061

DiscRep_SUB:FEATURE_LOCATION_CONFLICT::RNA feature xref gene does not exist
prokka_VFPYRLAN/VFPYRLAN:tRNA	Cys	VFPYRLAN:c55869-55798	VFPYRLAN_00062

DiscRep_SUB:FEATURE_LOCATION_CONFLICT::RNA feature xref gene does not exist
prokka_VFPYRLAN/VFPYRLAN:tRNA	Gly	VFPYRLAN:c55940-55870	VFPYRLAN_00063

DiscRep_SUB:FEATURE_LOCATION_CONFLICT::RNA feature xref gene does not exist
prokka_VFPYRLAN/VFPYRLAN:tRNA	Val	VFPYRLAN:62801-62872	VFPYRLAN_00068

DiscRep_SUB:FEATURE_LOCATION_CONFLICT::RNA feature xref gene does not exist
prokka_VFPYRLAN/VFPYRLAN:tRNA	Leu	VFPYRLAN:c65782-65698	VFPYRLAN_00071

DiscRep_SUB:FEATURE_LOCATION_CONFLICT::RNA feature xref gene does not exist
prokka_VFPYRLAN/VFPYRLAN:tRNA	Ser	VFPYRLAN:c65884-65802	VFPYRLAN_00072

DiscRep_SUB:FEATURE_LOCATION_CONFLICT::RNA feature xref gene does not exist
prokka_VFPYRLAN/VFPYRLAN:tRNA	Arg	VFPYRLAN:65888-65960	VFPYRLAN_00073

DiscRep_SUB:FEATURE_LOCATION_CONFLICT::RNA feature xref gene does not exist
prokka_VFPYRLAN/VFPYRLAN:tRNA	Thr	VFPYRLAN:71811-71883	VFPYRLAN_00082

DiscRep_SUB:FEATURE_LOCATION_CONFLICT::RNA feature xref gene does not exist
prokka_VFPYRLAN/VFPYRLAN:tRNA	His	VFPYRLAN:71893-71965	VFPYRLAN_00083

DiscRep_SUB:FEATURE_LOCATION_CONFLICT::RNA feature xref gene does not exist
prokka_VFPYRLAN/VFPYRLAN:tRNA	Lys	VFPYRLAN:c72896-72822	VFPYRLAN_00084

DiscRep_SUB:FEATURE_LOCATION_CONFLICT::RNA feature xref gene does not exist
prokka_VFPYRLAN/VFPYRLAN:tRNA	Val	VFPYRLAN:c73917-73844	VFPYRLAN_00087

DiscRep_SUB:FEATURE_LOCATION_CONFLICT::RNA feature xref gene does not exist
prokka_VFPYRLAN/VFPYRLAN:tRNA	Arg	VFPYRLAN:c75053-74982	VFPYRLAN_00088

DiscRep_SUB:FEATURE_LOCATION_CONFLICT::RNA feature xref gene does not exist
prokka_VFPYRLAN/VFPYRLAN:tRNA	Met	VFPYRLAN:c75252-75180	VFPYRLAN_00089

DiscRep_SUB:FEATURE_LOCATION_CONFLICT::RNA feature xref gene does not exist
prokka_VFPYRLAN/VFPYRLAN:tRNA	Pro	VFPYRLAN:75287-75360	VFPYRLAN_00090

DiscRep_SUB:FEATURE_LOCATION_CONFLICT::RNA feature xref gene does not exist
prokka_VFPYRLAN/VFPYRLAN:tRNA	Asp	VFPYRLAN:c84580-84507	VFPYRLAN_00103

DiscRep_SUB:FEATURE_LOCATION_CONFLICT::RNA feature xref gene does not exist
prokka_VFPYRLAN/VFPYRLAN:tRNA	Glu	VFPYRLAN:c84653-84583	VFPYRLAN_00104

DiscRep_SUB:FEATURE_LOCATION_CONFLICT::RNA feature xref gene does not exist
prokka_VFPYRLAN/VFPYRLAN:tRNA	Ala	VFPYRLAN:c106944-106871	VFPYRLAN_00127

DiscRep_SUB:FEATURE_LOCATION_CONFLICT::RNA feature xref gene does not exist
prokka_VFPYRLAN/VFPYRLAN:rRNA	23S ribosomal RNA	VFPYRLAN:c111178-108364	VFPYRLAN_00129

DiscRep_SUB:FEATURE_LOCATION_CONFLICT::RNA feature xref gene does not exist
prokka_VFPYRLAN/VFPYRLAN:tRNA	Ile	VFPYRLAN:c111275-111201	VFPYRLAN_00130

DiscRep_SUB:FEATURE_LOCATION_CONFLICT::RNA feature xref gene does not exist
prokka_VFPYRLAN/VFPYRLAN:rRNA	16S ribosomal RNA	VFPYRLAN:c112787-111294	VFPYRLAN_00131

DiscRep_SUB:FEATURE_LOCATION_CONFLICT::RNA feature xref gene does not exist
prokka_VFPYRLAN/VFPYRLAN:tRNA	Met	VFPYRLAN:125227-125298	VFPYRLAN_00159

DiscRep_SUB:FEATURE_LOCATION_CONFLICT::RNA feature xref gene does not exist
prokka_VFPYRLAN/VFPYRLAN:tRNA	Tyr	VFPYRLAN:125300-125383	VFPYRLAN_00160

DiscRep_SUB:FEATURE_LOCATION_CONFLICT::RNA feature xref gene does not exist
prokka_VFPYRLAN/VFPYRLAN:tRNA	Gly	VFPYRLAN:125386-125458	VFPYRLAN_00161

DiscRep_ALL:DISC_QUALITY_SCORES::Quality scores are missing on all sequences.

DiscRep_ALL:ONCALLER_COMMENT_PRESENT::1 comment descriptors were found (all same)
prokka_VFPYRLAN/VFPYRLAN:VFPYRLAN:Annotated using prokka 1.14.6 from https://github.com/tseemann/prokka

DiscRep_ALL:SHORT_PROT_SEQUENCES::3 protein sequences are shorter than 50 aa.
prokka_VFPYRLAN/VFPYRLAN:VFPYRLAN_89 (length 38)
prokka_VFPYRLAN/VFPYRLAN:VFPYRLAN_123 (length 37)
prokka_VFPYRLAN/VFPYRLAN:VFPYRLAN_129 (length 42)

DiscRep_ALL:MISSING_GENOMEASSEMBLY_COMMENTS::1 bioseqs are missing GenomeAssembly structured comments
prokka_VFPYRLAN/VFPYRLAN:VFPYRLAN (length 125481)

DiscRep_ALL:MOLTYPE_NOT_MRNA::1 molecule types are not set as mRNA.
prokka_VFPYRLAN/VFPYRLAN:VFPYRLAN (length 125481)

DiscRep_ALL:TECHNIQUE_NOT_TSA::1 technique are not set as TSA
prokka_VFPYRLAN/VFPYRLAN:VFPYRLAN (length 125481)

DiscRep_ALL:MISSING_STRUCTURED_COMMENT::1 sequences do not include structured comments.
prokka_VFPYRLAN/VFPYRLAN:VFPYRLAN (length 125481)

DiscRep_ALL:MISSING_PROJECT::132 sequences do not include project.
prokka_VFPYRLAN/VFPYRLAN:VFPYRLAN (length 125481)
prokka_VFPYRLAN/VFPYRLAN:VFPYRLAN_1 (length 136)
prokka_VFPYRLAN/VFPYRLAN:VFPYRLAN_2 (length 210)
prokka_VFPYRLAN/VFPYRLAN:VFPYRLAN_3 (length 151)
prokka_VFPYRLAN/VFPYRLAN:VFPYRLAN_4 (length 116)
prokka_VFPYRLAN/VFPYRLAN:VFPYRLAN_5 (length 1258)
prokka_VFPYRLAN/VFPYRLAN:VFPYRLAN_6 (length 1281)
prokka_VFPYRLAN/VFPYRLAN:VFPYRLAN_7 (length 130)
prokka_VFPYRLAN/VFPYRLAN:VFPYRLAN_8 (length 156)
prokka_VFPYRLAN/VFPYRLAN:VFPYRLAN_9 (length 689)
prokka_VFPYRLAN/VFPYRLAN:VFPYRLAN_10 (length 102)
prokka_VFPYRLAN/VFPYRLAN:VFPYRLAN_11 (length 134)
prokka_VFPYRLAN/VFPYRLAN:VFPYRLAN_12 (length 298)
prokka_VFPYRLAN/VFPYRLAN:VFPYRLAN_13 (length 226)
prokka_VFPYRLAN/VFPYRLAN:VFPYRLAN_14 (length 371)
prokka_VFPYRLAN/VFPYRLAN:VFPYRLAN_15 (length 130)
prokka_VFPYRLAN/VFPYRLAN:VFPYRLAN_16 (length 97)
prokka_VFPYRLAN/VFPYRLAN:VFPYRLAN_17 (length 267)
prokka_VFPYRLAN/VFPYRLAN:VFPYRLAN_18 (length 185)
prokka_VFPYRLAN/VFPYRLAN:VFPYRLAN_19 (length 444)
prokka_VFPYRLAN/VFPYRLAN:VFPYRLAN_20 (length 283)
prokka_VFPYRLAN/VFPYRLAN:VFPYRLAN_21 (length 170)
prokka_VFPYRLAN/VFPYRLAN:VFPYRLAN_22 (length 182)
prokka_VFPYRLAN/VFPYRLAN:VFPYRLAN_23 (length 372)
prokka_VFPYRLAN/VFPYRLAN:VFPYRLAN_24 (length 433)
prokka_VFPYRLAN/VFPYRLAN:VFPYRLAN_25 (length 238)
prokka_VFPYRLAN/VFPYRLAN:VFPYRLAN_26 (length 284)
prokka_VFPYRLAN/VFPYRLAN:VFPYRLAN_27 (length 278)
prokka_VFPYRLAN/VFPYRLAN:VFPYRLAN_28 (length 246)
prokka_VFPYRLAN/VFPYRLAN:VFPYRLAN_29 (length 129)
prokka_VFPYRLAN/VFPYRLAN:VFPYRLAN_30 (length 783)
prokka_VFPYRLAN/VFPYRLAN:VFPYRLAN_31 (length 58)
prokka_VFPYRLAN/VFPYRLAN:VFPYRLAN_32 (length 723)
prokka_VFPYRLAN/VFPYRLAN:VFPYRLAN_33 (length 65)
prokka_VFPYRLAN/VFPYRLAN:VFPYRLAN_34 (length 181)
prokka_VFPYRLAN/VFPYRLAN:VFPYRLAN_35 (length 378)
prokka_VFPYRLAN/VFPYRLAN:VFPYRLAN_36 (length 285)
prokka_VFPYRLAN/VFPYRLAN:VFPYRLAN_37 (length 254)
prokka_VFPYRLAN/VFPYRLAN:VFPYRLAN_38 (length 329)
prokka_VFPYRLAN/VFPYRLAN:VFPYRLAN_39 (length 206)
prokka_VFPYRLAN/VFPYRLAN:VFPYRLAN_40 (length 404)
prokka_VFPYRLAN/VFPYRLAN:VFPYRLAN_41 (length 458)
prokka_VFPYRLAN/VFPYRLAN:VFPYRLAN_42 (length 321)
prokka_VFPYRLAN/VFPYRLAN:VFPYRLAN_43 (length 464)
prokka_VFPYRLAN/VFPYRLAN:VFPYRLAN_44 (length 323)
prokka_VFPYRLAN/VFPYRLAN:VFPYRLAN_45 (length 423)
prokka_VFPYRLAN/VFPYRLAN:VFPYRLAN_46 (length 1008)
prokka_VFPYRLAN/VFPYRLAN:VFPYRLAN_47 (length 248)
prokka_VFPYRLAN/VFPYRLAN:VFPYRLAN_48 (length 343)
prokka_VFPYRLAN/VFPYRLAN:VFPYRLAN_49 (length 212)
prokka_VFPYRLAN/VFPYRLAN:VFPYRLAN_50 (length 377)
prokka_VFPYRLAN/VFPYRLAN:VFPYRLAN_51 (length 230)
prokka_VFPYRLAN/VFPYRLAN:VFPYRLAN_52 (length 87)
prokka_VFPYRLAN/VFPYRLAN:VFPYRLAN_53 (length 76)
prokka_VFPYRLAN/VFPYRLAN:VFPYRLAN_54 (length 332)
prokka_VFPYRLAN/VFPYRLAN:VFPYRLAN_55 (length 1026)
prokka_VFPYRLAN/VFPYRLAN:VFPYRLAN_56 (length 179)
prokka_VFPYRLAN/VFPYRLAN:VFPYRLAN_57 (length 182)
prokka_VFPYRLAN/VFPYRLAN:VFPYRLAN_58 (length 256)
prokka_VFPYRLAN/VFPYRLAN:VFPYRLAN_59 (length 344)
prokka_VFPYRLAN/VFPYRLAN:VFPYRLAN_60 (length 190)
prokka_VFPYRLAN/VFPYRLAN:VFPYRLAN_61 (length 411)
prokka_VFPYRLAN/VFPYRLAN:VFPYRLAN_62 (length 310)
prokka_VFPYRLAN/VFPYRLAN:VFPYRLAN_63 (length 193)
prokka_VFPYRLAN/VFPYRLAN:VFPYRLAN_64 (length 194)
prokka_VFPYRLAN/VFPYRLAN:VFPYRLAN_65 (length 226)
prokka_VFPYRLAN/VFPYRLAN:VFPYRLAN_66 (length 247)
prokka_VFPYRLAN/VFPYRLAN:VFPYRLAN_67 (length 97)
prokka_VFPYRLAN/VFPYRLAN:VFPYRLAN_68 (length 59)
prokka_VFPYRLAN/VFPYRLAN:VFPYRLAN_69 (length 151)
prokka_VFPYRLAN/VFPYRLAN:VFPYRLAN_70 (length 72)
prokka_VFPYRLAN/VFPYRLAN:VFPYRLAN_71 (length 163)
prokka_VFPYRLAN/VFPYRLAN:VFPYRLAN_72 (length 337)
prokka_VFPYRLAN/VFPYRLAN:VFPYRLAN_73 (length 276)
prokka_VFPYRLAN/VFPYRLAN:VFPYRLAN_74 (length 259)
prokka_VFPYRLAN/VFPYRLAN:VFPYRLAN_75 (length 349)
prokka_VFPYRLAN/VFPYRLAN:VFPYRLAN_76 (length 444)
prokka_VFPYRLAN/VFPYRLAN:VFPYRLAN_77 (length 388)
prokka_VFPYRLAN/VFPYRLAN:VFPYRLAN_78 (length 423)
prokka_VFPYRLAN/VFPYRLAN:VFPYRLAN_79 (length 64)
prokka_VFPYRLAN/VFPYRLAN:VFPYRLAN_80 (length 104)
prokka_VFPYRLAN/VFPYRLAN:VFPYRLAN_81 (length 77)
prokka_VFPYRLAN/VFPYRLAN:VFPYRLAN_82 (length 426)
prokka_VFPYRLAN/VFPYRLAN:VFPYRLAN_83 (length 584)
prokka_VFPYRLAN/VFPYRLAN:VFPYRLAN_84 (length 86)
prokka_VFPYRLAN/VFPYRLAN:VFPYRLAN_85 (length 530)
prokka_VFPYRLAN/VFPYRLAN:VFPYRLAN_86 (length 417)
prokka_VFPYRLAN/VFPYRLAN:VFPYRLAN_87 (length 332)
prokka_VFPYRLAN/VFPYRLAN:VFPYRLAN_88 (length 362)
prokka_VFPYRLAN/VFPYRLAN:VFPYRLAN_89 (length 38)
prokka_VFPYRLAN/VFPYRLAN:VFPYRLAN_90 (length 209)
prokka_VFPYRLAN/VFPYRLAN:VFPYRLAN_91 (length 333)
prokka_VFPYRLAN/VFPYRLAN:VFPYRLAN_92 (length 600)
prokka_VFPYRLAN/VFPYRLAN:VFPYRLAN_93 (length 140)
prokka_VFPYRLAN/VFPYRLAN:VFPYRLAN_94 (length 317)
prokka_VFPYRLAN/VFPYRLAN:VFPYRLAN_95 (length 326)
prokka_VFPYRLAN/VFPYRLAN:VFPYRLAN_96 (length 144)
prokka_VFPYRLAN/VFPYRLAN:VFPYRLAN_97 (length 715)
prokka_VFPYRLAN/VFPYRLAN:VFPYRLAN_98 (length 209)
prokka_VFPYRLAN/VFPYRLAN:VFPYRLAN_99 (length 403)
prokka_VFPYRLAN/VFPYRLAN:VFPYRLAN_100 (length 245)
prokka_VFPYRLAN/VFPYRLAN:VFPYRLAN_101 (length 135)
prokka_VFPYRLAN/VFPYRLAN:VFPYRLAN_102 (length 80)
prokka_VFPYRLAN/VFPYRLAN:VFPYRLAN_103 (length 97)
prokka_VFPYRLAN/VFPYRLAN:VFPYRLAN_104 (length 419)
prokka_VFPYRLAN/VFPYRLAN:VFPYRLAN_105 (length 140)
prokka_VFPYRLAN/VFPYRLAN:VFPYRLAN_106 (length 195)
prokka_VFPYRLAN/VFPYRLAN:VFPYRLAN_107 (length 68)
prokka_VFPYRLAN/VFPYRLAN:VFPYRLAN_108 (length 269)
prokka_VFPYRLAN/VFPYRLAN:VFPYRLAN_109 (length 96)
prokka_VFPYRLAN/VFPYRLAN:VFPYRLAN_110 (length 109)
prokka_VFPYRLAN/VFPYRLAN:VFPYRLAN_111 (length 207)
prokka_VFPYRLAN/VFPYRLAN:VFPYRLAN_112 (length 133)
prokka_VFPYRLAN/VFPYRLAN:VFPYRLAN_113 (length 76)
prokka_VFPYRLAN/VFPYRLAN:VFPYRLAN_114 (length 121)
prokka_VFPYRLAN/VFPYRLAN:VFPYRLAN_115 (length 182)
prokka_VFPYRLAN/VFPYRLAN:VFPYRLAN_116 (length 89)
prokka_VFPYRLAN/VFPYRLAN:VFPYRLAN_117 (length 130)
prokka_VFPYRLAN/VFPYRLAN:VFPYRLAN_118 (length 178)
prokka_VFPYRLAN/VFPYRLAN:VFPYRLAN_119 (length 105)
prokka_VFPYRLAN/VFPYRLAN:VFPYRLAN_120 (length 142)
prokka_VFPYRLAN/VFPYRLAN:VFPYRLAN_121 (length 115)
prokka_VFPYRLAN/VFPYRLAN:VFPYRLAN_122 (length 72)
prokka_VFPYRLAN/VFPYRLAN:VFPYRLAN_123 (length 37)
prokka_VFPYRLAN/VFPYRLAN:VFPYRLAN_124 (length 116)
prokka_VFPYRLAN/VFPYRLAN:VFPYRLAN_125 (length 112)
prokka_VFPYRLAN/VFPYRLAN:VFPYRLAN_126 (length 182)
prokka_VFPYRLAN/VFPYRLAN:VFPYRLAN_127 (length 282)
prokka_VFPYRLAN/VFPYRLAN:VFPYRLAN_128 (length 83)
prokka_VFPYRLAN/VFPYRLAN:VFPYRLAN_129 (length 42)
prokka_VFPYRLAN/VFPYRLAN:VFPYRLAN_130 (length 362)
prokka_VFPYRLAN/VFPYRLAN:VFPYRLAN_131 (length 130)

DiscRep_ALL:DISC_INCONSISTENT_MOLINFO_TECH::Molinfo Technique Report (some missing, all same)
DiscRep_SUB:DISC_INCONSISTENT_MOLINFO_TECH::technique (all missing)
DiscRep_SUB:DISC_INCONSISTENT_MOLINFO_TECH::1 Molinfos are missing field technique
prokka_VFPYRLAN/VFPYRLAN:VFPYRLAN (length 125481)

