[10:02:30] This is prokka 1.13
[10:02:30] Written by Torsten Seemann <torsten.seemann@gmail.com>
[10:02:30] Homepage is https://github.com/tseemann/prokka
[10:02:30] Local time is Mon Dec 18 10:02:30 2023
[10:02:30] You are diego
[10:02:30] Operating system is linux
[10:02:30] You have BioPerl 1.007002
[10:02:30] System has 32 cores.
[10:02:30] Option --cpu asked for 40 cores, but system only has 32
[10:02:30] Will use maximum of 32 cores.
[10:02:30] Annotating as >>> Bacteria <<<
[10:02:30] Enabling options to ensure Genbank/ENA/DDJB submission compliance.
[10:02:30] Creating new output folder: prokka_SMMEEALB
[10:02:30] Running: mkdir -p prokka_SMMEEALB
[10:02:30] Using filename prefix: prokka_SMMEEALB.XXX
[10:02:30] Setting HMMER_NCPU=1
[10:02:30] Writing log to: prokka_SMMEEALB/prokka_SMMEEALB.log
[10:02:30] Command: /home/diego/miniconda3/envs/prokka_env/bin/prokka SMMEEALB.fasta --prefix prokka_SMMEEALB --outdir prokka_SMMEEALB --cpus 40 --locustag SMMEEALB --compliant --gcode 11
[10:02:30] Appending to PATH: /home/diego/miniconda3/envs/prokka_env/bin
[10:02:30] Looking for 'aragorn' - found /home/diego/miniconda3/envs/prokka_env/bin/aragorn
[10:02:30] Determined aragorn version is 1.2
[10:02:30] Looking for 'barrnap' - found /home/diego/miniconda3/envs/prokka_env/bin/barrnap
[10:02:30] Determined barrnap version is 0.9
[10:02:30] Looking for 'blastp' - found /home/diego/miniconda3/envs/prokka_env/bin/blastp
[10:02:31] Determined blastp version is 2.14
[10:02:31] Looking for 'cmpress' - found /home/diego/miniconda3/envs/prokka_env/bin/cmpress
[10:02:31] Determined cmpress version is 1.1
[10:02:31] Looking for 'cmscan' - found /home/diego/miniconda3/envs/prokka_env/bin/cmscan
[10:02:31] Determined cmscan version is 1.1
[10:02:31] Looking for 'egrep' - found /usr/bin/egrep
[10:02:31] Looking for 'find' - found /usr/bin/find
[10:02:31] Looking for 'grep' - found /usr/bin/grep
[10:02:31] Looking for 'hmmpress' - found /home/diego/miniconda3/envs/prokka_env/bin/hmmpress
[10:02:31] Determined hmmpress version is 3.3
[10:02:31] Looking for 'hmmscan' - found /home/diego/miniconda3/envs/prokka_env/bin/hmmscan
[10:02:31] Determined hmmscan version is 3.3
[10:02:31] Looking for 'java' - found /home/diego/miniconda3/envs/prokka_env/bin/java
[10:02:31] Looking for 'less' - found /usr/bin/less
[10:02:31] Looking for 'makeblastdb' - found /home/diego/miniconda3/envs/prokka_env/bin/makeblastdb
[10:02:31] Determined makeblastdb version is 2.14
[10:02:31] Looking for 'minced' - found /home/diego/miniconda3/envs/prokka_env/bin/minced
[10:02:31] Determined minced version is 4.2
[10:02:31] Looking for 'parallel' - found /home/diego/miniconda3/envs/prokka_env/bin/parallel
[10:02:31] Determined parallel version is 20160622
[10:02:31] Looking for 'prodigal' - found /home/diego/miniconda3/envs/prokka_env/bin/prodigal
[10:02:31] Determined prodigal version is 2.6
[10:02:31] Looking for 'prokka-genbank_to_fasta_db' - found /home/diego/miniconda3/envs/prokka_env/bin/prokka-genbank_to_fasta_db
[10:02:31] Looking for 'rnammer' - found /home/diego/rnammer-1.2.src/rnammer
[10:02:31] Determined rnammer version is 1.2
[10:02:31] Looking for 'sed' - found /usr/bin/sed
[10:02:31] Looking for 'tbl2asn' - found /home/diego/miniconda3/envs/prokka_env/bin/tbl2asn
[10:02:31] Determined tbl2asn version is 25.8
[10:02:31] Using genetic code table 11.
[10:02:31] Loading and checking input file: SMMEEALB.fasta
[10:02:31] Wrote 1 contigs totalling 147683 bp.
[10:02:31] Predicting tRNAs and tmRNAs
[10:02:31] Running: aragorn -l -gc11  -w prokka_SMMEEALB\/prokka_SMMEEALB\.fna
[10:02:31] 1 tRNA-Met [11225,11298] 34 (cat)
[10:02:31] 2 tRNA-Asn c[14707,14782] 36 (gtt)
[10:02:31] 3 tRNA-Cys c[20219,20289] 33 (gca)
[10:02:31] 4 tmRNA c[25192,25497] 96,122 GKNYSIAA*
[10:02:31] 5 tRNA-Met c[26077,26152] 36 (cat)
[10:02:31] 6 tRNA-Leu [30202,30287] 36 (tag)
[10:02:31] 7 tRNA-Ser [35727,35809] 35 (gct)
[10:02:31] 8 tRNA-Pro [35818,35892] 36 (tgg)
[10:02:31] 9 tRNA-Arg [35896,35970] 35 (tct)
[10:02:31] 10 tRNA-Ser c[41295,41381] 36 (tga)
[10:02:31] 11 tRNA-Lys [45087,45160] 35 (ttt)
[10:02:31] 12 tRNA-Asp c[45165,45237] 35 (gtc)
[10:02:31] 13 tRNA-Val c[49177,49251] 36 (tac)
[10:02:31] 14 tRNA-Leu c[62451,62538] 36 (taa)
[10:02:31] 15 tRNA-Gly c[62543,62616] 35 (gcc)
[10:02:31] 16 tRNA-Ala c[72485,72558] 35 (tgc)
[10:02:31] 17 tRNA-Ile c[72561,72635] 36 (gat)
[10:02:31] 18 tRNA-Thr [76497,76572] 36 (tgt)
[10:02:31] 19 tRNA-Tyr [76583,76664] 35 (gta)
[10:02:31] 20 tRNA-Gly [76673,76743] 33 (tcc)
[10:02:31] 21 tRNA-Thr [76751,76825] 35 (ggt)
[10:02:31] 22 tRNA-Trp [78043,78114] 33 (cca)
[10:02:31] 23 tRNA-His [87269,87346] 36 (gtg)
[10:02:31] 24 tRNA-Phe c[89902,89974] 35 (gaa)
[10:02:31] 25 tRNA-Leu c[102092,102165] 35 (gag)
[10:02:31] 26 tRNA-Met [102665,102740] 36 (cat)
[10:02:31] 27 tRNA-Glu c[112212,112286] 35 (ttc)
[10:02:31] 28 tRNA-Gln [112609,112679] 33 (ttg)
[10:02:31] 29 tRNA-Arg c[138531,138604] 35 (acg)
[10:02:31] Found 29 tRNAs
[10:02:31] Predicting Ribosomal RNAs
[10:02:31] Running Barrnap with 32 threads
[10:02:32] 1 gnl|Prokka|SMMEEALB_1 69436 5S ribosomal RNA
[10:02:32] 2 gnl|Prokka|SMMEEALB_1 69596 23S ribosomal RNA
[10:02:32] 3 gnl|Prokka|SMMEEALB_1 72640 16S ribosomal RNA
[10:02:32] Found 3 rRNAs
[10:02:32] Skipping ncRNA search, enable with --rfam if desired.
[10:02:32] Total of 31 tRNA + rRNA features
[10:02:32] Searching for CRISPR repeats
[10:02:32] Found 0 CRISPRs
[10:02:32] Predicting coding sequences
[10:02:32] Contigs total 147683 bp, so using single mode
[10:02:32] Running: prodigal -i prokka_SMMEEALB\/prokka_SMMEEALB\.fna -c -m -g 11 -p single -f sco -q
[10:02:32] Excluding CDS which overlaps existing RNA (tRNA) at gnl|Prokka|SMMEEALB_1:11335..14742 on + strand
[10:02:32] Excluding CDS which overlaps existing RNA (tRNA) at gnl|Prokka|SMMEEALB_1:35967..37409 on - strand
[10:02:32] Excluding CDS which overlaps existing RNA (tRNA) at gnl|Prokka|SMMEEALB_1:75877..76515 on + strand
[10:02:32] Excluding CDS which overlaps existing RNA (tRNA) at gnl|Prokka|SMMEEALB_1:87267..87377 on + strand
[10:02:32] Excluding CDS which overlaps existing RNA (tRNA) at gnl|Prokka|SMMEEALB_1:112264..112548 on - strand
[10:02:32] Found 136 CDS
[10:02:32] Connecting features back to sequences
[10:02:32] Not using genus-specific database. Try --usegenus to enable it.
[10:02:32] Annotating CDS, please be patient.
[10:02:32] Will use 32 CPUs for similarity searching.
[10:02:32] There are still 136 unannotated CDS left (started with 136)
[10:02:32] Will use blast to search against /home/diego/miniconda3/envs/prokka_env/bin/../db/kingdom/Bacteria/sprot with 32 CPUs
[10:02:32] Running: cat prokka_SMMEEALB\/sprot\.faa | parallel --gnu --plain -j 32 --block 641 --recstart '>' --pipe blastp -query - -db /home/diego/miniconda3/envs/prokka_env/bin/../db/kingdom/Bacteria/sprot -evalue 1e-06 -num_threads 1 -num_descriptions 1 -num_alignments 1 -seg no > prokka_SMMEEALB\/sprot\.blast 2> /dev/null
[10:02:33] Modify product: Uncharacterized protease YdcP => putative protease YdcP
[10:02:34] Modify product: Probable branched-chain-amino-acid aminotransferase => putative branched-chain-amino-acid aminotransferase
[10:02:34] Modify product: Probable ATP-dependent transporter SufC => putative ATP-dependent transporter SufC
[10:02:34] Cleaned 3 /product names
[10:02:34] Deleting unwanted file: prokka_SMMEEALB/sprot.faa
[10:02:34] Deleting unwanted file: prokka_SMMEEALB/sprot.blast
[10:02:34] There are still 19 unannotated CDS left (started with 136)
[10:02:34] Will use hmmer3 to search against /home/diego/miniconda3/envs/prokka_env/bin/../db/hmm/HAMAP.hmm with 32 CPUs
[10:02:34] Running: cat prokka_SMMEEALB\/HAMAP\.hmm\.faa | parallel --gnu --plain -j 32 --block 33 --recstart '>' --pipe hmmscan --noali --notextw --acc -E 1e-06 --cpu 1 /home/diego/miniconda3/envs/prokka_env/bin/../db/hmm/HAMAP.hmm /dev/stdin > prokka_SMMEEALB\/HAMAP\.hmm\.hmmer3 2> /dev/null
[10:02:34] Deleting unwanted file: prokka_SMMEEALB/HAMAP.hmm.faa
[10:02:34] Deleting unwanted file: prokka_SMMEEALB/HAMAP.hmm.hmmer3
[10:02:34] Labelling remaining 13 proteins as 'hypothetical protein'
[10:02:34] Found 121 unique /gene codes.
[10:02:34] Fixed 2 duplicate /gene - pnp_1 pnp_2
[10:02:34] Fixed 1 colliding /gene names.
[10:02:34] Adding /locus_tag identifiers
[10:02:34] Assigned 168 locus_tags to CDS and RNA features.
[10:02:34] Writing outputs to prokka_SMMEEALB/
[10:02:34] Generating annotation statistics file
[10:02:34] Generating Genbank and Sequin files
[10:02:34] Running: tbl2asn -V b -a r10k -l paired-ends -M n -N 1 -y 'Annotated using prokka 1.13 from https://github.com/tseemann/prokka' -Z prokka_SMMEEALB\/prokka_SMMEEALB\.err -i prokka_SMMEEALB\/prokka_SMMEEALB\.fsa 2> /dev/null
[10:02:35] Deleting unwanted file: prokka_SMMEEALB/errorsummary.val
[10:02:35] Deleting unwanted file: prokka_SMMEEALB/prokka_SMMEEALB.dr
[10:02:35] Deleting unwanted file: prokka_SMMEEALB/prokka_SMMEEALB.fixedproducts
[10:02:35] Deleting unwanted file: prokka_SMMEEALB/prokka_SMMEEALB.ecn
[10:02:35] Deleting unwanted file: prokka_SMMEEALB/prokka_SMMEEALB.val
[10:02:35] Repairing broken .GBK output that tbl2asn produces...
[10:02:35] Running: sed 's/COORDINATES: profile/COORDINATES:profile/' < prokka_SMMEEALB\/prokka_SMMEEALB\.gbf > prokka_SMMEEALB\/prokka_SMMEEALB\.gbk
[10:02:35] Deleting unwanted file: prokka_SMMEEALB/prokka_SMMEEALB.gbf
[10:02:35] Output files:
[10:02:35] prokka_SMMEEALB/prokka_SMMEEALB.fna
[10:02:35] prokka_SMMEEALB/prokka_SMMEEALB.err
[10:02:35] prokka_SMMEEALB/prokka_SMMEEALB.ffn
[10:02:35] prokka_SMMEEALB/prokka_SMMEEALB.fsa
[10:02:35] prokka_SMMEEALB/prokka_SMMEEALB.log
[10:02:35] prokka_SMMEEALB/prokka_SMMEEALB.tbl
[10:02:35] prokka_SMMEEALB/prokka_SMMEEALB.txt
[10:02:35] prokka_SMMEEALB/prokka_SMMEEALB.gff
[10:02:35] prokka_SMMEEALB/prokka_SMMEEALB.sqn
[10:02:35] prokka_SMMEEALB/prokka_SMMEEALB.gbk
[10:02:35] prokka_SMMEEALB/prokka_SMMEEALB.tsv
[10:02:35] prokka_SMMEEALB/prokka_SMMEEALB.faa
[10:02:35] Annotation finished successfully.
[10:02:35] Walltime used: 0.08 minutes
[10:02:35] If you use this result please cite the Prokka paper:
[10:02:35] Seemann T (2014) Prokka: rapid prokaryotic genome annotation. Bioinformatics. 30(14):2068-9.
[10:02:35] Type 'prokka --citation' for more details.
[10:02:35] Share and enjoy!
