[15:34:36] This is prokka 1.14.6
[15:34:36] Written by Torsten Seemann <torsten.seemann@gmail.com>
[15:34:36] Homepage is https://github.com/tseemann/prokka
[15:34:36] Local time is Tue Nov  8 15:34:36 2022
[15:34:36] You are diego
[15:34:36] Operating system is linux
[15:34:36] You have BioPerl 1.007002
[15:34:36] System has 12 cores.
[15:34:36] Will use maximum of 8 cores.
[15:34:36] Annotating as >>> Bacteria <<<
[15:34:36] Enabling options to ensure Genbank/ENA/DDJB submission compliance.
[15:34:36] Creating new output folder: prokka_VFKELRIB_pseudofinder
[15:34:36] Running: mkdir -p prokka_VFKELRIB_pseudofinder
[15:34:36] Using filename prefix: VFKELRIB.XXX
[15:34:36] Setting HMMER_NCPU=1
[15:34:36] Writing log to: prokka_VFKELRIB_pseudofinder/VFKELRIB.log
[15:34:36] Command: /home/diego/miniconda3/envs/prokka_env/bin/prokka genomes/VFKELRIB.fasta --prefix VFKELRIB --locustag VFKELRIB --compliant --rfam --outdir prokka_VFKELRIB_pseudofinder
[15:34:36] Appending to PATH: /home/diego/miniconda3/envs/prokka_env/bin
[15:34:36] Looking for 'aragorn' - found /home/diego/miniconda3/envs/prokka_env/bin/aragorn
[15:34:36] Determined aragorn version is 001002 from 'ARAGORN v1.2.38 Dean Laslett'
[15:34:36] Looking for 'barrnap' - found /home/diego/miniconda3/envs/prokka_env/bin/barrnap
[15:34:36] Determined barrnap version is 000009 from 'barrnap 0.9'
[15:34:36] Looking for 'blastp' - found /home/diego/miniconda3/envs/prokka_env/bin/blastp
[15:34:36] Determined blastp version is 002010 from 'blastp: 2.10.1+'
[15:34:36] Looking for 'cmpress' - found /home/diego/miniconda3/envs/prokka_env/bin/cmpress
[15:34:36] Determined cmpress version is 001001 from '# INFERNAL 1.1.3 (Nov 2019)'
[15:34:36] Looking for 'cmscan' - found /home/diego/miniconda3/envs/prokka_env/bin/cmscan
[15:34:36] Determined cmscan version is 001001 from '# INFERNAL 1.1.3 (Nov 2019)'
[15:34:36] Looking for 'egrep' - found /usr/bin/egrep
[15:34:36] Looking for 'find' - found /usr/bin/find
[15:34:36] Looking for 'grep' - found /usr/bin/grep
[15:34:36] Looking for 'hmmpress' - found /home/diego/miniconda3/envs/prokka_env/bin/hmmpress
[15:34:36] Determined hmmpress version is 003003 from '# HMMER 3.3.2 (Nov 2020); http://hmmer.org/'
[15:34:36] Looking for 'hmmscan' - found /home/diego/miniconda3/envs/prokka_env/bin/hmmscan
[15:34:36] Determined hmmscan version is 003003 from '# HMMER 3.3.2 (Nov 2020); http://hmmer.org/'
[15:34:36] Looking for 'java' - found /home/diego/miniconda3/envs/prokka_env/bin/java
[15:34:36] Looking for 'makeblastdb' - found /home/diego/miniconda3/envs/prokka_env/bin/makeblastdb
[15:34:36] Determined makeblastdb version is 002010 from 'makeblastdb: 2.10.1+'
[15:34:36] Looking for 'minced' - found /home/diego/miniconda3/envs/prokka_env/bin/minced
[15:34:36] Determined minced version is 004002 from 'minced 0.4.2'
[15:34:36] Looking for 'parallel' - found /home/diego/miniconda3/envs/prokka_env/bin/parallel
[15:34:36] Determined parallel version is 20201122 from 'GNU parallel 20201122'
[15:34:36] Looking for 'prodigal' - found /home/diego/miniconda3/envs/prokka_env/bin/prodigal
[15:34:36] Determined prodigal version is 002006 from 'Prodigal V2.6.3: February, 2016'
[15:34:36] Looking for 'prokka-genbank_to_fasta_db' - found /home/diego/miniconda3/envs/prokka_env/bin/prokka-genbank_to_fasta_db
[15:34:36] Looking for 'rnammer' - found /home/diego/rnammer-1.2.src/rnammer
[15:34:36] Determined rnammer version is 001002 from 'This rnammer 1.2, running from '/home/diego/rnammer-1.2.src/''
[15:34:36] Looking for 'sed' - found /usr/bin/sed
[15:34:36] Looking for 'tbl2asn' - found /home/diego/tbl2asn
[15:34:36] Determined tbl2asn version is 025008 from 'tbl2asn 25.8   arguments:'
[15:34:36] Using genetic code table 11.
[15:34:36] Loading and checking input file: genomes/VFKELRIB.fasta
[15:34:36] Wrote 1 contigs totalling 104666 bp.
[15:34:36] Predicting tRNAs and tmRNAs
[15:34:36] Running: aragorn -l -gc11  -w prokka_VFKELRIB_pseudofinder\/VFKELRIB\.fna
[15:34:36] 1 tRNA-Leu c[61950,62027] 37 (taa)
[15:34:36] 2 tRNA-Met c[62147,62218] 33 (cat)
[15:34:36] 3 tRNA-Ala c[90436,90508] 33 (tgc)
[15:34:36] Found 3 tRNAs
[15:34:36] Predicting Ribosomal RNAs
[15:34:36] Running Barrnap with 8 threads
[15:34:37] 1 gnl|Prokka|VFKELRIB_1 87470 23S ribosomal RNA
[15:34:37] 2 gnl|Prokka|VFKELRIB_1 90561 16S ribosomal RNA
[15:34:37] Found 2 rRNAs
[15:34:37] Scanning for ncRNAs... please be patient.
[15:34:37] Running: cmscan -Z 0.209332 --cut_ga --rfam --nohmmonly --fmt 2 --cpu 8 --tblout /dev/stdout -o /dev/null --noali /home/diego/miniconda3/envs/prokka_env/db/cm/Bacteria prokka_VFKELRIB_pseudofinder\/VFKELRIB\.fna
[15:34:40] Found 0 ncRNAs.
[15:34:40] Total of 5 tRNA + rRNA features
[15:34:40] Searching for CRISPR repeats
[15:34:40] Found 0 CRISPRs
[15:34:40] Predicting coding sequences
[15:34:40] Contigs total 104666 bp, so using single mode
[15:34:40] Running: prodigal -i prokka_VFKELRIB_pseudofinder\/VFKELRIB\.fna -c -m -g 11 -p single -f sco -q
[15:34:40] Excluding CDS which overlaps existing RNA (tRNA) at gnl|Prokka|VFKELRIB_1:62027..62158 on + strand
[15:34:40] Excluding CDS which overlaps existing RNA (rRNA) at gnl|Prokka|VFKELRIB_1:89611..89751 on - strand
[15:34:40] Excluding CDS which overlaps existing RNA (rRNA) at gnl|Prokka|VFKELRIB_1:90007..90264 on - strand
[15:34:40] Found 132 CDS
[15:34:40] Connecting features back to sequences
[15:34:40] Not using genus-specific database. Try --usegenus to enable it.
[15:34:40] Annotating CDS, please be patient.
[15:34:40] Will use 8 CPUs for similarity searching.
[15:34:40] There are still 132 unannotated CDS left (started with 132)
[15:34:40] Will use blast to search against /home/diego/miniconda3/envs/prokka_env/db/kingdom/Bacteria/IS with 8 CPUs
[15:34:40] Running: cat prokka_VFKELRIB_pseudofinder\/VFKELRIB\.IS\.tmp\.16713\.faa | parallel --gnu --plain -j 8 --block 2015 --recstart '>' --pipe blastp -query - -db /home/diego/miniconda3/envs/prokka_env/db/kingdom/Bacteria/IS -evalue 1e-30 -qcov_hsp_perc 90 -num_threads 1 -num_descriptions 1 -num_alignments 1 -seg no > prokka_VFKELRIB_pseudofinder\/VFKELRIB\.IS\.tmp\.16713\.blast 2> /dev/null
[15:34:41] Deleting unwanted file: prokka_VFKELRIB_pseudofinder/VFKELRIB.IS.tmp.16713.faa
[15:34:41] Deleting unwanted file: prokka_VFKELRIB_pseudofinder/VFKELRIB.IS.tmp.16713.blast
[15:34:41] There are still 132 unannotated CDS left (started with 132)
[15:34:41] Will use blast to search against /home/diego/miniconda3/envs/prokka_env/db/kingdom/Bacteria/AMR with 8 CPUs
[15:34:41] Running: cat prokka_VFKELRIB_pseudofinder\/VFKELRIB\.AMR\.tmp\.16713\.faa | parallel --gnu --plain -j 8 --block 2015 --recstart '>' --pipe blastp -query - -db /home/diego/miniconda3/envs/prokka_env/db/kingdom/Bacteria/AMR -evalue 9.99999999999999e-301 -qcov_hsp_perc 90 -num_threads 1 -num_descriptions 1 -num_alignments 1 -seg no > prokka_VFKELRIB_pseudofinder\/VFKELRIB\.AMR\.tmp\.16713\.blast 2> /dev/null
[15:34:41] Deleting unwanted file: prokka_VFKELRIB_pseudofinder/VFKELRIB.AMR.tmp.16713.faa
[15:34:41] Deleting unwanted file: prokka_VFKELRIB_pseudofinder/VFKELRIB.AMR.tmp.16713.blast
[15:34:42] There are still 132 unannotated CDS left (started with 132)
[15:34:42] Will use blast to search against /home/diego/miniconda3/envs/prokka_env/db/kingdom/Bacteria/sprot with 8 CPUs
[15:34:42] Running: cat prokka_VFKELRIB_pseudofinder\/VFKELRIB\.sprot\.tmp\.16713\.faa | parallel --gnu --plain -j 8 --block 2015 --recstart '>' --pipe blastp -query - -db /home/diego/miniconda3/envs/prokka_env/db/kingdom/Bacteria/sprot -evalue 1e-09 -qcov_hsp_perc 80 -num_threads 1 -num_descriptions 1 -num_alignments 1 -seg no > prokka_VFKELRIB_pseudofinder\/VFKELRIB\.sprot\.tmp\.16713\.blast 2> /dev/null
[15:34:43] Modify product: Probable phosphatase Rv3661 => putative phosphatase
[15:34:43] Cleaned 1 /product names
[15:34:43] Deleting unwanted file: prokka_VFKELRIB_pseudofinder/VFKELRIB.sprot.tmp.16713.faa
[15:34:43] Deleting unwanted file: prokka_VFKELRIB_pseudofinder/VFKELRIB.sprot.tmp.16713.blast
[15:34:43] There are still 59 unannotated CDS left (started with 132)
[15:34:43] Will use hmmer3 to search against /home/diego/miniconda3/envs/prokka_env/db/hmm/HAMAP.hmm with 8 CPUs
[15:34:43] Running: cat prokka_VFKELRIB_pseudofinder\/VFKELRIB\.HAMAP\.hmm\.tmp\.16713\.faa | parallel --gnu --plain -j 8 --block 559 --recstart '>' --pipe hmmscan --noali --notextw --acc -E 1e-09 --cpu 1 /home/diego/miniconda3/envs/prokka_env/db/hmm/HAMAP.hmm /dev/stdin > prokka_VFKELRIB_pseudofinder\/VFKELRIB\.HAMAP\.hmm\.tmp\.16713\.hmmer3 2> /dev/null
[15:34:44] Deleting unwanted file: prokka_VFKELRIB_pseudofinder/VFKELRIB.HAMAP.hmm.tmp.16713.faa
[15:34:44] Deleting unwanted file: prokka_VFKELRIB_pseudofinder/VFKELRIB.HAMAP.hmm.tmp.16713.hmmer3
[15:34:44] Labelling remaining 51 proteins as 'hypothetical protein'
[15:34:44] Found 79 unique /gene codes.
[15:34:44] Fixed 2 duplicate /gene - prfA_1 prfA_2
[15:34:44] Fixed 1 colliding /gene names.
[15:34:44] Adding /locus_tag identifiers
[15:34:44] Assigned 137 locus_tags to CDS and RNA features.
[15:34:44] Writing outputs to prokka_VFKELRIB_pseudofinder/
[15:34:44] Generating annotation statistics file
[15:34:44] Generating Genbank and Sequin files
[15:34:44] Running: tbl2asn -V b -a r10k -l paired-ends -M n -N 1 -y 'Annotated using prokka 1.14.6 from https://github.com/tseemann/prokka' -Z prokka_VFKELRIB_pseudofinder\/VFKELRIB\.err -i prokka_VFKELRIB_pseudofinder\/VFKELRIB\.fsa 2> /dev/null
[15:34:44] Deleting unwanted file: prokka_VFKELRIB_pseudofinder/errorsummary.val
[15:34:44] Deleting unwanted file: prokka_VFKELRIB_pseudofinder/VFKELRIB.dr
[15:34:44] Deleting unwanted file: prokka_VFKELRIB_pseudofinder/VFKELRIB.fixedproducts
[15:34:44] Deleting unwanted file: prokka_VFKELRIB_pseudofinder/VFKELRIB.ecn
[15:34:44] Deleting unwanted file: prokka_VFKELRIB_pseudofinder/VFKELRIB.val
[15:34:44] Repairing broken .GBK output that tbl2asn produces...
[15:34:44] Running: sed 's/COORDINATES: profile/COORDINATES:profile/' < prokka_VFKELRIB_pseudofinder\/VFKELRIB\.gbf > prokka_VFKELRIB_pseudofinder\/VFKELRIB\.gbk
[15:34:44] Deleting unwanted file: prokka_VFKELRIB_pseudofinder/VFKELRIB.gbf
[15:34:44] Output files:
[15:34:44] prokka_VFKELRIB_pseudofinder/VFKELRIB.err
[15:34:44] prokka_VFKELRIB_pseudofinder/VFKELRIB.fna
[15:34:44] prokka_VFKELRIB_pseudofinder/VFKELRIB.gff
[15:34:44] prokka_VFKELRIB_pseudofinder/VFKELRIB.tbl
[15:34:44] prokka_VFKELRIB_pseudofinder/VFKELRIB.gbk
[15:34:44] prokka_VFKELRIB_pseudofinder/VFKELRIB.fsa
[15:34:44] prokka_VFKELRIB_pseudofinder/VFKELRIB.tsv
[15:34:44] prokka_VFKELRIB_pseudofinder/VFKELRIB.faa
[15:34:44] prokka_VFKELRIB_pseudofinder/VFKELRIB.log
[15:34:44] prokka_VFKELRIB_pseudofinder/VFKELRIB.sqn
[15:34:44] prokka_VFKELRIB_pseudofinder/VFKELRIB.txt
[15:34:44] prokka_VFKELRIB_pseudofinder/VFKELRIB.ffn
[15:34:44] Annotation finished successfully.
[15:34:44] Walltime used: 0.13 minutes
[15:34:44] If you use this result please cite the Prokka paper:
[15:34:44] Seemann T (2014) Prokka: rapid prokaryotic genome annotation. Bioinformatics. 30(14):2068-9.
[15:34:44] Type 'prokka --citation' for more details.
[15:34:44] Thank you, come again.
