20:02:12.090 - INFO - UTILS - version=1.8.2
20:02:12.090 - INFO - UTILS - developer: Oliver Schwengers, github.com/oschwengers
20:02:12.090 - INFO - UTILS - command: /home/diego/miniconda3/envs/bakta/bin/bakta VFZOPTEN.fasta --complete --translation-table 11 --keep-contig-headers --compliant --threads 30 --output annotation_bakta/bakta_VFZOPTEN
20:02:12.090 - INFO - UTILS - local time: 2023-11-07 20:02:12
20:02:12.091 - INFO - UTILS - machine: type=x86_64, cores=32
20:02:12.091 - INFO - UTILS - system: type=Linux, release=6.5.0-10-generic
20:02:12.091 - INFO - UTILS - python: version=3.10.12, implementation=CPython
20:02:12.091 - INFO - CONFIG - threads=30
20:02:12.091 - INFO - CONFIG - verbose=False
20:02:12.091 - INFO - CONFIG - debug=False
20:02:12.091 - INFO - CONFIG - database: type=environment, path=/mnt/ssd/databases/bakta_db
20:02:12.091 - INFO - CONFIG - tmp-path=/tmp/tmpwhewxnc1
20:02:12.091 - INFO - CONFIG - genome-path=/home/diego/Documents/metagenomes/annotation_symbio_merge/annotation_Beta/genomes/VFZOPTEN.fasta
20:02:12.091 - INFO - CONFIG - min_contig_length=1
20:02:12.091 - INFO - CONFIG - prefix=VFZOPTEN
20:02:12.091 - INFO - CONFIG - output-path=/home/diego/Documents/metagenomes/annotation_symbio_merge/annotation_Beta/genomes/annotation_bakta/bakta_VFZOPTEN
20:02:12.091 - INFO - CONFIG - force=False
20:02:12.091 - INFO - CONFIG - genus=None
20:02:12.092 - INFO - CONFIG - species=None
20:02:12.092 - INFO - CONFIG - strain=None
20:02:12.092 - INFO - CONFIG - plasmid=None
20:02:12.092 - INFO - CONFIG - complete=True
20:02:12.092 - INFO - CONFIG - prodigal_tf=None
20:02:12.092 - INFO - CONFIG - translation_table=11
20:02:12.092 - INFO - CONFIG - gram=?
20:02:12.092 - INFO - CONFIG - compliant=True
20:02:12.092 - INFO - CONFIG - compliant mode! min_contig_length=200
20:02:12.092 - INFO - CONFIG - meta=False
20:02:12.092 - INFO - CONFIG - locus=None
20:02:12.092 - INFO - CONFIG - locus-tag=None
20:02:12.092 - INFO - CONFIG - keep_contig_headers=True
20:02:12.092 - INFO - CONFIG - replicon-table=None
20:02:12.092 - INFO - CONFIG - skip-tRNA=False
20:02:12.092 - INFO - CONFIG - skip-tmRNA=False
20:02:12.092 - INFO - CONFIG - skip-rRNA=False
20:02:12.092 - INFO - CONFIG - skip-ncRNA=False
20:02:12.092 - INFO - CONFIG - skip-ncRNA-region=False
20:02:12.092 - INFO - CONFIG - skip-CRISPR=False
20:02:12.092 - INFO - CONFIG - skip-CDS=False
20:02:12.092 - INFO - CONFIG - skip-pseudo=False
20:02:12.092 - INFO - CONFIG - skip-sORF=False
20:02:12.092 - INFO - CONFIG - skip-gap=False
20:02:12.092 - INFO - CONFIG - skip-ori=False
20:02:12.092 - INFO - CONFIG - skip-plot=False
20:02:12.092 - INFO - DB - detected: major=5, minor=0, type=full, date=2023-02-20
20:02:12.126 - INFO - UTILS - dependency: tool=tRNAscan-SE, version=v2.0.12, path=/home/diego/miniconda3/envs/bakta/bin/tRNAscan-SE
20:02:12.127 - INFO - UTILS - dependency: tool=Aragorn, version=v1.2.41, path=/home/diego/miniconda3/envs/bakta/bin/aragorn
20:02:12.128 - INFO - UTILS - dependency: tool=CMscan, version=v1.1.4, path=/home/diego/miniconda3/envs/bakta/bin/cmscan
20:02:12.129 - INFO - UTILS - dependency: tool=PilerCR, version=v1.6.0, path=/home/diego/miniconda3/envs/bakta/bin/pilercr
20:02:12.156 - INFO - UTILS - dependency: tool=Pyrodigal, version=v2.3.0, path=/home/diego/miniconda3/envs/bakta/bin/python
20:02:12.157 - INFO - UTILS - dependency: tool=AMRFinderPlus, version=v3.11.18, path=/home/diego/miniconda3/envs/bakta/bin/amrfinder
20:02:12.186 - INFO - UTILS - dependency: tool=Pyhmmer, version=v0.10.2, path=/home/diego/miniconda3/envs/bakta/bin/python
20:02:12.188 - INFO - UTILS - dependency: tool=Diamond, version=v2.1.8, path=/home/diego/miniconda3/envs/bakta/bin/diamond
20:02:12.231 - INFO - UTILS - dependency: tool=Blastn, version=v2.14.1, path=/home/diego/miniconda3/envs/bakta/bin/blastn
20:02:12.388 - INFO - UTILS - dependency: tool=Circos, version=v0.69.8, path=/home/diego/miniconda3/envs/bakta/bin/circos
20:02:12.399 - INFO - FASTA - imported: id=VFZOPTEN, length=118320, description=, genomic=True, dna=True
20:02:12.399 - INFO - MAIN - imported sequences=1
20:02:12.399 - INFO - UTILS - qc: revised sequence: id=VFZOPTEN, orig-id=, type=contig, complete=True, topology=circular, name=, description='', orig-description=''
20:02:12.399 - INFO - FASTA - write genome sequences: path=/tmp/tmpwhewxnc1/contigs.fna, description=False, wrap=False
20:02:17.159 - INFO - T_RNA - contig=VFZOPTEN, start=1179, stop=1249, strand=+, gene=trnW, product=tRNA-Trp(cca), score=50.4, nt=[AGAGGTATAA..TTTATCTCTA]
20:02:17.159 - INFO - T_RNA - contig=VFZOPTEN, start=14114, stop=14186, strand=+, gene=trnF, product=tRNA-Phe(gaa), score=64.6, nt=[GGCTTAATAG..TTTTAAGCCA]
20:02:17.159 - INFO - T_RNA - contig=VFZOPTEN, start=18463, stop=18534, strand=+, gene=trnQ, product=tRNA-Gln(ttg), score=65.1, nt=[CGGGAAATAA..ACTTTCCCTG]
20:02:17.159 - INFO - T_RNA - contig=VFZOPTEN, start=25297, stop=25380, strand=+, gene=trnS, product=tRNA-Ser(gct), score=58.2, nt=[GGAGATGTGG..TTCATCTCTT]
20:02:17.159 - INFO - T_RNA - contig=VFZOPTEN, start=42823, stop=42894, strand=+, gene=trnI, product=tRNA-Ile2(cat), score=64.1, nt=[AGGTCGTTAG..TCACGACCTA]
20:02:17.159 - INFO - T_RNA - contig=VFZOPTEN, start=45986, stop=46058, strand=+, gene=trnL, product=tRNA-Leu(tag), score=53.6, nt=[GCGAGGATGG..ACTTCTCGTA]
20:02:17.159 - INFO - T_RNA - contig=VFZOPTEN, start=46060, stop=46143, strand=+, gene=trnS, product=tRNA-Ser(aga), score=53.2, nt=[GGAGAAATTG..TTTTTCTCCC]
20:02:17.159 - INFO - T_RNA - contig=VFZOPTEN, start=57858, stop=57928, strand=+, gene=trnV, product=tRNA-Val(tac), score=43.7, nt=[AGGTACTTAA..TCAGTACCTA]
20:02:17.159 - INFO - T_RNA - contig=VFZOPTEN, start=59846, stop=59919, strand=+, gene=trnR, product=tRNA-Arg(acg), score=45.1, nt=[GCAACTATAT..GTTAGTTGTA]
20:02:17.159 - INFO - T_RNA - contig=VFZOPTEN, start=65791, stop=65861, strand=+, gene=trnT, product=tRNA-Thr(tgt), score=57.4, nt=[ACCAAATTAA..ATATTTGGTA]
20:02:17.159 - INFO - T_RNA - contig=VFZOPTEN, start=69149, stop=69220, strand=+, gene=trnP, product=tRNA-Pro(tgg), score=59.7, nt=[CGGGAAATAT..ATTTTCCCGA]
20:02:17.159 - INFO - T_RNA - contig=VFZOPTEN, start=118080, stop=118151, strand=+, gene=trnM, product=tRNA-Met(cat), score=49.6, nt=[AGCGAATTAG..TGATTCGCTA]
20:02:17.159 - INFO - T_RNA - contig=VFZOPTEN, start=118154, stop=118239, strand=+, gene=trnY, product=tRNA-Tyr(gta), score=57.2, nt=[GAAGGAATTC..ACTTCCTTCA]
20:02:17.159 - INFO - T_RNA - contig=VFZOPTEN, start=118242, stop=118312, strand=+, gene=trnG, product=tRNA-Gly(tcc), score=46.4, nt=[GCGAATATAT..TTTATTCGCT]
20:02:17.159 - INFO - T_RNA - contig=VFZOPTEN, start=104406, stop=104477, strand=-, gene=trnI, product=tRNA-Ile(gat), score=54.5, nt=[AGGTCTATTG..ATTAGACCTA]
20:02:17.159 - INFO - T_RNA - contig=VFZOPTEN, start=100248, stop=100320, strand=-, gene=trnA, product=tRNA-Ala(tgc), score=55.8, nt=[GGGGAAATAT..GTTTTCTCCA]
20:02:17.159 - INFO - T_RNA - contig=VFZOPTEN, start=78591, stop=78663, strand=-, gene=trnD, product=tRNA-Asp(gtc), score=67.8, nt=[GAAGTGGTAG..GTCCACTTCG]
20:02:17.159 - INFO - T_RNA - contig=VFZOPTEN, start=69042, stop=69113, strand=-, gene=trnfM, product=tRNA-fMet(cat), score=70.2, nt=[TGCGAAATAG..ATTTTCGCAA]
20:02:17.159 - INFO - T_RNA - contig=VFZOPTEN, start=68853, stop=68924, strand=-, gene=trnR, product=tRNA-Arg(tct), score=48.6, nt=[CTCCTTGTAG..CGCGGGGAGA]
20:02:17.159 - INFO - T_RNA - contig=VFZOPTEN, start=66742, stop=66815, strand=-, gene=trnK, product=tRNA-Lys(ttt), score=70.8, nt=[GGGTTGTTAG..GCACGACCTA]
20:02:17.159 - INFO - T_RNA - contig=VFZOPTEN, start=59757, stop=59839, strand=-, gene=trnS, product=tRNA-Ser(tga), score=65.3, nt=[GAAGATATGA..ATTATCTTCT]
20:02:17.159 - INFO - T_RNA - contig=VFZOPTEN, start=51026, stop=51096, strand=-, gene=trnG, product=tRNA-Gly(gcc), score=46.1, nt=[GCGAAAGTAT..TTTTTTCGCT]
20:02:17.159 - INFO - T_RNA - contig=VFZOPTEN, start=50776, stop=50847, strand=-, gene=trnN, product=tRNA-Asn(gtt), score=57.4, nt=[TTCTCAATAG..AGTTGGGAAG]
20:02:17.159 - INFO - T_RNA - contig=VFZOPTEN, start=20384, stop=20613, strand=-, gene=None, product=tRNA-Xxx, score=30.5, nt=[GCTGAAGTGA..GTCTTCGGTA]
20:02:17.159 - INFO - T_RNA - predicted=24
20:02:17.173 - INFO - TM_RNA - predicted=0
20:02:18.352 - INFO - R_RNA - contig=VFZOPTEN, start=104483, stop=105972, strand=-, gene=rrs, product=16S ribosomal RNA, length=1490, coverage=0.972, truncated=None, score=1334.2, evalue=4.4e-42, nt=[TAAATTAAGA..TTTTAATATT]
20:02:18.352 - INFO - R_RNA - contig=VFZOPTEN, start=101634, stop=104391, strand=-, gene=rrl, product=23S ribosomal RNA, length=2758, coverage=0.943, truncated=None, score=2315.3, evalue=4.1e-05, nt=[TAATATTTTT..GAATATTATT]
20:02:18.353 - INFO - R_RNA - predicted=2
20:02:19.809 - INFO - NC_RNA - predicted=0
20:02:20.014 - INFO - NC_RNA_REGION - predicted=0
20:02:20.069 - INFO - CRISPR - predicted=0
20:02:20.069 - INFO - CDS - create prodigal training info object: meta=False, closed=False
20:02:20.174 - INFO - CDS - contig=VFZOPTEN, start=1, stop=1188, strand=+, frame=1, truncated=5-prime, start-type=Edge, RBS-motif=None
20:02:20.174 - INFO - CDS - contig=VFZOPTEN, start=1253, stop=1660, strand=+, frame=2, truncated=no, start-type=ATG, RBS-motif=None
20:02:20.174 - INFO - CDS - contig=VFZOPTEN, start=1647, stop=2237, strand=+, frame=3, truncated=no, start-type=ATG, RBS-motif=None
20:02:20.174 - INFO - CDS - contig=VFZOPTEN, start=2234, stop=2647, strand=+, frame=2, truncated=no, start-type=ATG, RBS-motif=None
20:02:20.174 - INFO - CDS - contig=VFZOPTEN, start=2625, stop=2957, strand=+, frame=3, truncated=no, start-type=ATG, RBS-motif=None
20:02:20.174 - INFO - CDS - contig=VFZOPTEN, start=2954, stop=6742, strand=+, frame=2, truncated=no, start-type=ATG, RBS-motif=None
20:02:20.174 - INFO - CDS - contig=VFZOPTEN, start=6742, stop=10605, strand=+, frame=1, truncated=no, start-type=ATG, RBS-motif=None
20:02:20.174 - INFO - CDS - contig=VFZOPTEN, start=10595, stop=10975, strand=+, frame=2, truncated=no, start-type=ATG, RBS-motif=None
20:02:20.174 - INFO - CDS - contig=VFZOPTEN, start=10950, stop=11426, strand=+, frame=3, truncated=no, start-type=ATG, RBS-motif=None
20:02:20.174 - INFO - CDS - contig=VFZOPTEN, start=11426, stop=13438, strand=+, frame=2, truncated=no, start-type=ATG, RBS-motif=None
20:02:20.174 - INFO - CDS - contig=VFZOPTEN, start=13435, stop=13731, strand=+, frame=1, truncated=no, start-type=ATG, RBS-motif=None
20:02:20.174 - INFO - CDS - contig=VFZOPTEN, start=13721, stop=14131, strand=+, frame=2, truncated=no, start-type=ATG, RBS-motif=None
20:02:20.174 - INFO - CDS - contig=VFZOPTEN, start=14195, stop=14614, strand=+, frame=2, truncated=no, start-type=ATG, RBS-motif=None
20:02:20.174 - INFO - CDS - contig=VFZOPTEN, start=14554, stop=15264, strand=-, frame=1, truncated=no, start-type=ATG, RBS-motif=AAAAAA
20:02:20.174 - INFO - CDS - contig=VFZOPTEN, start=15245, stop=16345, strand=-, frame=3, truncated=no, start-type=ATG, RBS-motif=AACAA
20:02:20.174 - INFO - CDS - contig=VFZOPTEN, start=16345, stop=16734, strand=-, frame=1, truncated=no, start-type=ATG, RBS-motif=None
20:02:20.174 - INFO - CDS - contig=VFZOPTEN, start=16731, stop=17024, strand=-, frame=2, truncated=no, start-type=ATG, RBS-motif=None
20:02:20.174 - INFO - CDS - contig=VFZOPTEN, start=17021, stop=17803, strand=-, frame=3, truncated=no, start-type=ATG, RBS-motif=AAAAAA
20:02:20.174 - INFO - CDS - contig=VFZOPTEN, start=17790, stop=18446, strand=-, frame=2, truncated=no, start-type=ATG, RBS-motif=None
20:02:20.174 - INFO - CDS - contig=VFZOPTEN, start=18542, stop=19366, strand=+, frame=2, truncated=no, start-type=ATG, RBS-motif=None
20:02:20.174 - INFO - CDS - contig=VFZOPTEN, start=19367, stop=19837, strand=+, frame=2, truncated=no, start-type=ATG, RBS-motif=None
20:02:20.174 - INFO - CDS - contig=VFZOPTEN, start=19830, stop=20378, strand=-, frame=2, truncated=no, start-type=ATG, RBS-motif=None
20:02:20.174 - INFO - CDS - contig=VFZOPTEN, start=20641, stop=21699, strand=+, frame=1, truncated=no, start-type=ATG, RBS-motif=None
20:02:20.175 - INFO - CDS - contig=VFZOPTEN, start=21687, stop=22346, strand=-, frame=2, truncated=no, start-type=ATG, RBS-motif=None
20:02:20.175 - INFO - CDS - contig=VFZOPTEN, start=22336, stop=23211, strand=-, frame=1, truncated=no, start-type=ATG, RBS-motif=None
20:02:20.175 - INFO - CDS - contig=VFZOPTEN, start=23213, stop=25297, strand=+, frame=2, truncated=no, start-type=TTG, RBS-motif=None
20:02:20.175 - INFO - CDS - contig=VFZOPTEN, start=25362, stop=25535, strand=-, frame=2, truncated=no, start-type=ATG, RBS-motif=None
20:02:20.175 - INFO - CDS - contig=VFZOPTEN, start=25532, stop=27766, strand=-, frame=3, truncated=no, start-type=ATG, RBS-motif=None
20:02:20.175 - INFO - CDS - contig=VFZOPTEN, start=27902, stop=30088, strand=+, frame=2, truncated=no, start-type=ATG, RBS-motif=None
20:02:20.175 - INFO - CDS - contig=VFZOPTEN, start=30300, stop=31025, strand=+, frame=3, truncated=no, start-type=ATG, RBS-motif=None
20:02:20.175 - INFO - CDS - contig=VFZOPTEN, start=31000, stop=32160, strand=+, frame=1, truncated=no, start-type=ATG, RBS-motif=None
20:02:20.175 - INFO - CDS - contig=VFZOPTEN, start=32155, stop=33015, strand=-, frame=1, truncated=no, start-type=ATG, RBS-motif=None
20:02:20.175 - INFO - CDS - contig=VFZOPTEN, start=33005, stop=33730, strand=-, frame=3, truncated=no, start-type=ATG, RBS-motif=None
20:02:20.175 - INFO - CDS - contig=VFZOPTEN, start=33708, stop=34598, strand=-, frame=2, truncated=no, start-type=ATG, RBS-motif=None
20:02:20.175 - INFO - CDS - contig=VFZOPTEN, start=34588, stop=35151, strand=-, frame=1, truncated=no, start-type=ATG, RBS-motif=AAAAAA
20:02:20.175 - INFO - CDS - contig=VFZOPTEN, start=35148, stop=36386, strand=-, frame=2, truncated=no, start-type=ATG, RBS-motif=None
20:02:20.175 - INFO - CDS - contig=VFZOPTEN, start=36368, stop=37765, strand=-, frame=3, truncated=no, start-type=ATG, RBS-motif=AAAAAA
20:02:20.175 - INFO - CDS - contig=VFZOPTEN, start=37967, stop=39232, strand=-, frame=3, truncated=no, start-type=GTG, RBS-motif=AAAAAA
20:02:20.175 - INFO - CDS - contig=VFZOPTEN, start=39210, stop=40136, strand=-, frame=2, truncated=no, start-type=ATG, RBS-motif=None
20:02:20.175 - INFO - CDS - contig=VFZOPTEN, start=40137, stop=41423, strand=+, frame=3, truncated=no, start-type=ATG, RBS-motif=None
20:02:20.175 - INFO - CDS - contig=VFZOPTEN, start=41420, stop=42832, strand=+, frame=2, truncated=no, start-type=GTG, RBS-motif=None
20:02:20.175 - INFO - CDS - contig=VFZOPTEN, start=42872, stop=43744, strand=+, frame=2, truncated=no, start-type=GTG, RBS-motif=None
20:02:20.175 - INFO - CDS - contig=VFZOPTEN, start=43905, stop=44048, strand=-, frame=2, truncated=no, start-type=ATG, RBS-motif=None
20:02:20.175 - INFO - CDS - contig=VFZOPTEN, start=44182, stop=45828, strand=+, frame=1, truncated=no, start-type=TTG, RBS-motif=None
20:02:20.175 - INFO - CDS - contig=VFZOPTEN, start=45825, stop=45998, strand=+, frame=3, truncated=no, start-type=ATG, RBS-motif=AAAAAA
20:02:20.175 - INFO - CDS - contig=VFZOPTEN, start=46000, stop=46095, strand=+, frame=1, truncated=no, start-type=ATG, RBS-motif=None
20:02:20.175 - INFO - CDS - contig=VFZOPTEN, start=46151, stop=46915, strand=+, frame=2, truncated=no, start-type=ATG, RBS-motif=None
20:02:20.175 - INFO - CDS - contig=VFZOPTEN, start=46887, stop=47915, strand=+, frame=3, truncated=no, start-type=ATG, RBS-motif=None
20:02:20.175 - INFO - CDS - contig=VFZOPTEN, start=47908, stop=48201, strand=+, frame=1, truncated=no, start-type=ATG, RBS-motif=None
20:02:20.175 - INFO - CDS - contig=VFZOPTEN, start=48486, stop=49643, strand=+, frame=3, truncated=no, start-type=ATG, RBS-motif=AAAAAA
20:02:20.175 - INFO - CDS - contig=VFZOPTEN, start=49640, stop=50350, strand=+, frame=2, truncated=no, start-type=TTG, RBS-motif=None
20:02:20.175 - INFO - CDS - contig=VFZOPTEN, start=50328, stop=50573, strand=+, frame=3, truncated=no, start-type=ATG, RBS-motif=None
20:02:20.175 - INFO - CDS - contig=VFZOPTEN, start=50545, stop=50775, strand=+, frame=1, truncated=no, start-type=ATG, RBS-motif=None
20:02:20.175 - INFO - CDS - contig=VFZOPTEN, start=50848, stop=50973, strand=+, frame=1, truncated=no, start-type=ATG, RBS-motif=None
20:02:20.175 - INFO - CDS - contig=VFZOPTEN, start=51069, stop=51530, strand=-, frame=2, truncated=no, start-type=ATG, RBS-motif=None
20:02:20.175 - INFO - CDS - contig=VFZOPTEN, start=51606, stop=52667, strand=+, frame=3, truncated=no, start-type=ATG, RBS-motif=None
20:02:20.175 - INFO - CDS - contig=VFZOPTEN, start=52643, stop=55639, strand=+, frame=2, truncated=no, start-type=ATG, RBS-motif=None
20:02:20.175 - INFO - CDS - contig=VFZOPTEN, start=55639, stop=56175, strand=+, frame=1, truncated=no, start-type=ATG, RBS-motif=None
20:02:20.175 - INFO - CDS - contig=VFZOPTEN, start=56144, stop=56728, strand=+, frame=2, truncated=no, start-type=ATG, RBS-motif=None
20:02:20.175 - INFO - CDS - contig=VFZOPTEN, start=56725, stop=57867, strand=+, frame=1, truncated=no, start-type=ATG, RBS-motif=None
20:02:20.175 - INFO - CDS - contig=VFZOPTEN, start=57930, stop=58607, strand=+, frame=3, truncated=no, start-type=ATG, RBS-motif=None
20:02:20.175 - INFO - CDS - contig=VFZOPTEN, start=58607, stop=59683, strand=+, frame=2, truncated=no, start-type=ATG, RBS-motif=None
20:02:20.175 - INFO - CDS - contig=VFZOPTEN, start=59874, stop=60527, strand=+, frame=3, truncated=no, start-type=TTG, RBS-motif=None
20:02:20.175 - INFO - CDS - contig=VFZOPTEN, start=60529, stop=61740, strand=+, frame=1, truncated=no, start-type=ATG, RBS-motif=None
20:02:20.175 - INFO - CDS - contig=VFZOPTEN, start=61737, stop=62672, strand=+, frame=3, truncated=no, start-type=ATG, RBS-motif=None
20:02:20.175 - INFO - CDS - contig=VFZOPTEN, start=62669, stop=63241, strand=+, frame=2, truncated=no, start-type=ATG, RBS-motif=None
20:02:20.175 - INFO - CDS - contig=VFZOPTEN, start=63238, stop=63837, strand=+, frame=1, truncated=no, start-type=ATG, RBS-motif=None
20:02:20.175 - INFO - CDS - contig=VFZOPTEN, start=63834, stop=64526, strand=+, frame=3, truncated=no, start-type=ATG, RBS-motif=AAAAAA
20:02:20.175 - INFO - CDS - contig=VFZOPTEN, start=64523, stop=65260, strand=+, frame=2, truncated=no, start-type=ATG, RBS-motif=None
20:02:20.175 - INFO - CDS - contig=VFZOPTEN, start=65257, stop=65532, strand=+, frame=1, truncated=no, start-type=ATG, RBS-motif=None
20:02:20.175 - INFO - CDS - contig=VFZOPTEN, start=65525, stop=65800, strand=+, frame=2, truncated=no, start-type=ATG, RBS-motif=AACAA
20:02:20.175 - INFO - CDS - contig=VFZOPTEN, start=65941, stop=66744, strand=+, frame=1, truncated=no, start-type=ATG, RBS-motif=None
20:02:20.175 - INFO - CDS - contig=VFZOPTEN, start=66806, stop=67153, strand=-, frame=3, truncated=no, start-type=ATG, RBS-motif=None
20:02:20.175 - INFO - CDS - contig=VFZOPTEN, start=67128, stop=67289, strand=-, frame=2, truncated=no, start-type=GTG, RBS-motif=None
20:02:20.175 - INFO - CDS - contig=VFZOPTEN, start=67273, stop=67734, strand=-, frame=1, truncated=no, start-type=ATG, RBS-motif=None
20:02:20.175 - INFO - CDS - contig=VFZOPTEN, start=67787, stop=68845, strand=-, frame=3, truncated=no, start-type=ATG, RBS-motif=None
20:02:20.175 - INFO - CDS - contig=VFZOPTEN, start=68925, stop=69053, strand=+, frame=3, truncated=no, start-type=ATG, RBS-motif=None
20:02:20.175 - INFO - CDS - contig=VFZOPTEN, start=69228, stop=69542, strand=+, frame=3, truncated=no, start-type=ATG, RBS-motif=None
20:02:20.175 - INFO - CDS - contig=VFZOPTEN, start=69533, stop=70048, strand=-, frame=3, truncated=no, start-type=ATG, RBS-motif=None
20:02:20.175 - INFO - CDS - contig=VFZOPTEN, start=70045, stop=70869, strand=-, frame=1, truncated=no, start-type=TTG, RBS-motif=None
20:02:20.175 - INFO - CDS - contig=VFZOPTEN, start=71021, stop=72097, strand=+, frame=2, truncated=no, start-type=ATG, RBS-motif=None
20:02:20.175 - INFO - CDS - contig=VFZOPTEN, start=72078, stop=72869, strand=+, frame=3, truncated=no, start-type=ATG, RBS-motif=AAAAAA
20:02:20.175 - INFO - CDS - contig=VFZOPTEN, start=72866, stop=73951, strand=+, frame=2, truncated=no, start-type=TTG, RBS-motif=AAAAAA
20:02:20.175 - INFO - CDS - contig=VFZOPTEN, start=73948, stop=75264, strand=-, frame=1, truncated=no, start-type=ATG, RBS-motif=AACAA
20:02:20.175 - INFO - CDS - contig=VFZOPTEN, start=75261, stop=76412, strand=-, frame=2, truncated=no, start-type=ATG, RBS-motif=None
20:02:20.175 - INFO - CDS - contig=VFZOPTEN, start=76405, stop=77634, strand=-, frame=1, truncated=no, start-type=ATG, RBS-motif=None
20:02:20.175 - INFO - CDS - contig=VFZOPTEN, start=77627, stop=77791, strand=-, frame=3, truncated=no, start-type=ATG, RBS-motif=None
20:02:20.175 - INFO - CDS - contig=VFZOPTEN, start=77788, stop=78090, strand=-, frame=1, truncated=no, start-type=ATG, RBS-motif=None
20:02:20.175 - INFO - CDS - contig=VFZOPTEN, start=78091, stop=78390, strand=+, frame=1, truncated=no, start-type=ATG, RBS-motif=None
20:02:20.175 - INFO - CDS - contig=VFZOPTEN, start=78387, stop=78629, strand=+, frame=3, truncated=no, start-type=ATG, RBS-motif=AAAAAA
20:02:20.175 - INFO - CDS - contig=VFZOPTEN, start=78744, stop=80030, strand=+, frame=3, truncated=no, start-type=ATG, RBS-motif=None
20:02:20.176 - INFO - CDS - contig=VFZOPTEN, start=80017, stop=81813, strand=+, frame=1, truncated=no, start-type=GTG, RBS-motif=None
20:02:20.176 - INFO - CDS - contig=VFZOPTEN, start=81810, stop=82058, strand=+, frame=3, truncated=no, start-type=ATG, RBS-motif=None
20:02:20.176 - INFO - CDS - contig=VFZOPTEN, start=82043, stop=83641, strand=+, frame=2, truncated=no, start-type=ATG, RBS-motif=None
20:02:20.176 - INFO - CDS - contig=VFZOPTEN, start=83641, stop=84858, strand=+, frame=1, truncated=no, start-type=ATG, RBS-motif=AAAAAA
20:02:20.176 - INFO - CDS - contig=VFZOPTEN, start=84851, stop=85903, strand=+, frame=2, truncated=no, start-type=ATG, RBS-motif=None
20:02:20.176 - INFO - CDS - contig=VFZOPTEN, start=85890, stop=86966, strand=-, frame=2, truncated=no, start-type=ATG, RBS-motif=None
20:02:20.176 - INFO - CDS - contig=VFZOPTEN, start=86967, stop=87101, strand=+, frame=3, truncated=no, start-type=ATG, RBS-motif=None
20:02:20.176 - INFO - CDS - contig=VFZOPTEN, start=87098, stop=87688, strand=+, frame=2, truncated=no, start-type=GTG, RBS-motif=None
20:02:20.176 - INFO - CDS - contig=VFZOPTEN, start=87671, stop=88663, strand=-, frame=3, truncated=no, start-type=ATG, RBS-motif=None
20:02:20.176 - INFO - CDS - contig=VFZOPTEN, start=88663, stop=90450, strand=-, frame=1, truncated=no, start-type=ATG, RBS-motif=AACAA
20:02:20.176 - INFO - CDS - contig=VFZOPTEN, start=90453, stop=90899, strand=-, frame=2, truncated=no, start-type=ATG, RBS-motif=None
20:02:20.176 - INFO - CDS - contig=VFZOPTEN, start=90952, stop=91896, strand=+, frame=1, truncated=no, start-type=ATG, RBS-motif=None
20:02:20.176 - INFO - CDS - contig=VFZOPTEN, start=91893, stop=92879, strand=-, frame=2, truncated=no, start-type=ATG, RBS-motif=None
20:02:20.176 - INFO - CDS - contig=VFZOPTEN, start=92876, stop=93376, strand=-, frame=3, truncated=no, start-type=ATG, RBS-motif=None
20:02:20.176 - INFO - CDS - contig=VFZOPTEN, start=93336, stop=95345, strand=-, frame=2, truncated=no, start-type=ATG, RBS-motif=None
20:02:20.176 - INFO - CDS - contig=VFZOPTEN, start=95342, stop=95989, strand=-, frame=3, truncated=no, start-type=ATG, RBS-motif=None
20:02:20.176 - INFO - CDS - contig=VFZOPTEN, start=95982, stop=97196, strand=-, frame=2, truncated=no, start-type=ATG, RBS-motif=None
20:02:20.176 - INFO - CDS - contig=VFZOPTEN, start=97183, stop=97896, strand=-, frame=1, truncated=no, start-type=ATG, RBS-motif=None
20:02:20.176 - INFO - CDS - contig=VFZOPTEN, start=98295, stop=98939, strand=-, frame=2, truncated=no, start-type=ATG, RBS-motif=AAAAAA
20:02:20.176 - INFO - CDS - contig=VFZOPTEN, start=98929, stop=99174, strand=-, frame=1, truncated=no, start-type=ATG, RBS-motif=None
20:02:20.176 - INFO - CDS - contig=VFZOPTEN, start=99153, stop=99476, strand=-, frame=2, truncated=no, start-type=ATG, RBS-motif=None
20:02:20.176 - INFO - CDS - contig=VFZOPTEN, start=99473, stop=100246, strand=-, frame=3, truncated=no, start-type=ATG, RBS-motif=None
20:02:20.176 - INFO - CDS - contig=VFZOPTEN, start=100325, stop=101512, strand=+, frame=2, truncated=no, start-type=ATG, RBS-motif=None
20:02:20.176 - INFO - CDS - contig=VFZOPTEN, start=101810, stop=102205, strand=+, frame=2, truncated=no, start-type=ATG, RBS-motif=None
20:02:20.176 - INFO - CDS - contig=VFZOPTEN, start=102623, stop=102913, strand=+, frame=2, truncated=no, start-type=ATG, RBS-motif=None
20:02:20.176 - INFO - CDS - contig=VFZOPTEN, start=106091, stop=106507, strand=+, frame=2, truncated=no, start-type=ATG, RBS-motif=None
20:02:20.176 - INFO - CDS - contig=VFZOPTEN, start=106504, stop=107094, strand=+, frame=1, truncated=no, start-type=ATG, RBS-motif=None
20:02:20.176 - INFO - CDS - contig=VFZOPTEN, start=107057, stop=107224, strand=+, frame=2, truncated=no, start-type=ATG, RBS-motif=None
20:02:20.176 - INFO - CDS - contig=VFZOPTEN, start=107221, stop=107997, strand=+, frame=1, truncated=no, start-type=ATG, RBS-motif=None
20:02:20.176 - INFO - CDS - contig=VFZOPTEN, start=107994, stop=108281, strand=+, frame=3, truncated=no, start-type=ATG, RBS-motif=None
20:02:20.176 - INFO - CDS - contig=VFZOPTEN, start=108256, stop=108603, strand=+, frame=1, truncated=no, start-type=ATG, RBS-motif=None
20:02:20.176 - INFO - CDS - contig=VFZOPTEN, start=108593, stop=109222, strand=+, frame=2, truncated=no, start-type=ATG, RBS-motif=None
20:02:20.176 - INFO - CDS - contig=VFZOPTEN, start=109194, stop=109598, strand=+, frame=3, truncated=no, start-type=ATG, RBS-motif=None
20:02:20.176 - INFO - CDS - contig=VFZOPTEN, start=109595, stop=109816, strand=+, frame=2, truncated=no, start-type=ATG, RBS-motif=None
20:02:20.176 - INFO - CDS - contig=VFZOPTEN, start=109813, stop=110175, strand=+, frame=1, truncated=no, start-type=ATG, RBS-motif=None
20:02:20.176 - INFO - CDS - contig=VFZOPTEN, start=110165, stop=110719, strand=+, frame=2, truncated=no, start-type=ATG, RBS-motif=None
20:02:20.176 - INFO - CDS - contig=VFZOPTEN, start=110712, stop=111014, strand=+, frame=3, truncated=no, start-type=ATG, RBS-motif=None
20:02:20.176 - INFO - CDS - contig=VFZOPTEN, start=111014, stop=111385, strand=+, frame=2, truncated=no, start-type=ATG, RBS-motif=None
20:02:20.176 - INFO - CDS - contig=VFZOPTEN, start=111378, stop=111899, strand=+, frame=3, truncated=no, start-type=GTG, RBS-motif=None
20:02:20.176 - INFO - CDS - contig=VFZOPTEN, start=111862, stop=112170, strand=+, frame=1, truncated=no, start-type=ATG, RBS-motif=None
20:02:20.176 - INFO - CDS - contig=VFZOPTEN, start=112163, stop=112582, strand=+, frame=2, truncated=no, start-type=ATG, RBS-motif=None
20:02:20.176 - INFO - CDS - contig=VFZOPTEN, start=112576, stop=112917, strand=+, frame=1, truncated=no, start-type=ATG, RBS-motif=None
20:02:20.176 - INFO - CDS - contig=VFZOPTEN, start=112907, stop=113116, strand=+, frame=2, truncated=no, start-type=ATG, RBS-motif=None
20:02:20.176 - INFO - CDS - contig=VFZOPTEN, start=113116, stop=113229, strand=+, frame=1, truncated=no, start-type=ATG, RBS-motif=None
20:02:20.176 - INFO - CDS - contig=VFZOPTEN, start=113235, stop=113576, strand=+, frame=3, truncated=no, start-type=ATG, RBS-motif=None
20:02:20.176 - INFO - CDS - contig=VFZOPTEN, start=113576, stop=113914, strand=+, frame=2, truncated=no, start-type=ATG, RBS-motif=None
20:02:20.176 - INFO - CDS - contig=VFZOPTEN, start=113911, stop=114423, strand=+, frame=1, truncated=no, start-type=ATG, RBS-motif=None
20:02:20.176 - INFO - CDS - contig=VFZOPTEN, start=114395, stop=115270, strand=+, frame=2, truncated=no, start-type=ATG, RBS-motif=None
20:02:20.176 - INFO - CDS - contig=VFZOPTEN, start=115267, stop=115581, strand=+, frame=1, truncated=no, start-type=ATG, RBS-motif=AAAAAA
20:02:20.176 - INFO - CDS - contig=VFZOPTEN, start=115560, stop=116690, strand=-, frame=2, truncated=no, start-type=ATG, RBS-motif=None
20:02:20.176 - INFO - CDS - contig=VFZOPTEN, start=116698, stop=117111, strand=+, frame=1, truncated=no, start-type=TTG, RBS-motif=None
20:02:20.176 - INFO - CDS - contig=VFZOPTEN, start=117092, stop=118093, strand=+, frame=2, truncated=no, start-type=ATG, RBS-motif=None
20:02:20.176 - INFO - CDS - truncated CDS: contig=VFZOPTEN, start=1, stop=1188, strand=+, frame=1, truncated=5-prime, start-type=Edge, RBS-motif=None, aa-hexdigest=78a815761e21a08e6e2b9068fa5e41be, aa=[LKEKFNRNKP..GAGVVTKLEV]
20:02:20.176 - INFO - CDS - contig=VFZOPTEN, start=1253, stop=1660, strand=+, nt=[ATGAAATTAA..AAATATATAA]
20:02:20.176 - INFO - CDS - contig=VFZOPTEN, start=1647, stop=2237, strand=+, nt=[ATGAAAATAT..TAAATTATGA]
20:02:20.176 - INFO - CDS - contig=VFZOPTEN, start=2234, stop=2647, strand=+, nt=[ATGAATATAA..AAATATTTAA]
20:02:20.176 - INFO - CDS - contig=VFZOPTEN, start=2625, stop=2957, strand=+, nt=[ATGAATGTAA..AATTAAATGA]
20:02:20.176 - INFO - CDS - contig=VFZOPTEN, start=2954, stop=6742, strand=+, nt=[ATGATAAAAA..TTTTAGGTAA]
20:02:20.176 - INFO - CDS - contig=VFZOPTEN, start=6742, stop=10605, strand=+, nt=[ATGAAAAAAA..TGACAGTTAA]
20:02:20.176 - INFO - CDS - contig=VFZOPTEN, start=10595, stop=10975, strand=+, nt=[ATGACAGTTA..AAAAAAATAA]
20:02:20.176 - INFO - CDS - contig=VFZOPTEN, start=10950, stop=11426, strand=+, nt=[ATGTCAAGAA..TGCATTTTAA]
20:02:20.176 - INFO - CDS - contig=VFZOPTEN, start=11426, stop=13438, strand=+, nt=[ATGAAAAATA..AAAAAAATGA]
20:02:20.176 - INFO - CDS - contig=VFZOPTEN, start=13435, stop=13731, strand=+, nt=[ATGATGGAAA..TGATACTTAA]
20:02:20.176 - INFO - CDS - contig=VFZOPTEN, start=13721, stop=14131, strand=+, nt=[ATGATACTTA..AGCTCAGTAG]
20:02:20.176 - INFO - CDS - contig=VFZOPTEN, start=14195, stop=14614, strand=+, nt=[ATGTATAATT..GAATAAATAA]
20:02:20.176 - INFO - CDS - contig=VFZOPTEN, start=14554, stop=15264, strand=-, nt=[ATGTATCTAA..AAAATTATAA]
20:02:20.176 - INFO - CDS - contig=VFZOPTEN, start=15245, stop=16345, strand=-, nt=[ATGAAAAAAT..AAAAACATAA]
20:02:20.176 - INFO - CDS - contig=VFZOPTEN, start=16345, stop=16734, strand=-, nt=[ATGATAGGAA..TAAGAGATAA]
20:02:20.176 - INFO - CDS - contig=VFZOPTEN, start=16731, stop=17024, strand=-, nt=[ATGATATTAA..ATTAATATGA]
20:02:20.176 - INFO - CDS - contig=VFZOPTEN, start=17021, stop=17803, strand=-, nt=[ATGAAATTTA..AGTAAAATGA]
20:02:20.176 - INFO - CDS - contig=VFZOPTEN, start=17790, stop=18446, strand=-, nt=[ATGAATTCAA..AATTTATTAA]
20:02:20.176 - INFO - CDS - contig=VFZOPTEN, start=18542, stop=19366, strand=+, nt=[ATGTTAATAT..ACTTATTTAA]
20:02:20.176 - INFO - CDS - contig=VFZOPTEN, start=19367, stop=19837, strand=+, nt=[ATGATATATT..AATTAGCTAA]
20:02:20.177 - INFO - CDS - contig=VFZOPTEN, start=19830, stop=20378, strand=-, nt=[ATGAATAAAA..TATTAGCTAA]
20:02:20.177 - INFO - CDS - contig=VFZOPTEN, start=20641, stop=21699, strand=+, nt=[ATGAAATCAA..TTTTTTATAA]
20:02:20.177 - INFO - CDS - contig=VFZOPTEN, start=21687, stop=22346, strand=-, nt=[ATGAAATCTA..TAAAAAATAA]
20:02:20.177 - INFO - CDS - contig=VFZOPTEN, start=22336, stop=23211, strand=-, nt=[ATGAAAATAA..TGAAATCTAA]
20:02:20.177 - INFO - CDS - contig=VFZOPTEN, start=23213, stop=25297, strand=+, nt=[TTGAATAAAC..TATAATTTAG]
20:02:20.177 - INFO - CDS - contig=VFZOPTEN, start=25362, stop=25535, strand=-, nt=[ATGATCTCAA..AGGGATTTGA]
20:02:20.177 - INFO - CDS - contig=VFZOPTEN, start=25532, stop=27766, strand=-, nt=[ATGATAAATC..TTGTGTATGA]
20:02:20.177 - INFO - CDS - contig=VFZOPTEN, start=27902, stop=30088, strand=+, nt=[ATGTTTAAAA..TAATTTATAA]
20:02:20.177 - INFO - CDS - contig=VFZOPTEN, start=30300, stop=31025, strand=+, nt=[ATGTTAATTA..TAATAATTAA]
20:02:20.177 - INFO - CDS - contig=VFZOPTEN, start=31000, stop=32160, strand=+, nt=[ATGAAAAAAA..ATTATTATAA]
20:02:20.177 - INFO - CDS - contig=VFZOPTEN, start=32155, stop=33015, strand=-, nt=[ATGTTAATTA..TAACTTATAA]
20:02:20.177 - INFO - CDS - contig=VFZOPTEN, start=33005, stop=33730, strand=-, nt=[ATGATATTAT..TGTTAATTAA]
20:02:20.177 - INFO - CDS - contig=VFZOPTEN, start=33708, stop=34598, strand=-, nt=[ATGAAATATA..AAATAATTAG]
20:02:20.177 - INFO - CDS - contig=VFZOPTEN, start=34588, stop=35151, strand=-, nt=[ATGATTATAA..TGAAATATAA]
20:02:20.177 - INFO - CDS - contig=VFZOPTEN, start=35148, stop=36386, strand=-, nt=[ATGTTATATA..TGTAAAATGA]
20:02:20.177 - INFO - CDS - contig=VFZOPTEN, start=36368, stop=37765, strand=-, nt=[ATGAAAAAGT..AAAATTTTAA]
20:02:20.177 - INFO - CDS - contig=VFZOPTEN, start=37967, stop=39232, strand=-, nt=[GTGATAAAAA..TTTTGTTTAA]
20:02:20.177 - INFO - CDS - contig=VFZOPTEN, start=39210, stop=40136, strand=-, nt=[ATGGCATTTT..TTATAATTAA]
20:02:20.177 - INFO - CDS - contig=VFZOPTEN, start=40137, stop=41423, strand=+, nt=[ATGATAAATT..TAAAAAGTGA]
20:02:20.177 - INFO - CDS - contig=VFZOPTEN, start=41420, stop=42832, strand=+, nt=[GTGAAATTTA..AGGTCGTTAG]
20:02:20.177 - INFO - CDS - contig=VFZOPTEN, start=42872, stop=43744, strand=+, nt=[GTGTTCAAAT..TCAAATTTAA]
20:02:20.177 - INFO - CDS - contig=VFZOPTEN, start=43905, stop=44048, strand=-, nt=[ATGTCGAAAT..ACCTATTTGA]
20:02:20.177 - INFO - CDS - contig=VFZOPTEN, start=44182, stop=45828, strand=+, nt=[TTGGGTTACA..TTTAAAATGA]
20:02:20.177 - INFO - CDS - contig=VFZOPTEN, start=45825, stop=45998, strand=+, nt=[ATGAAAGTTG..AGGATGGTGA]
20:02:20.177 - INFO - CDS - contig=VFZOPTEN, start=46000, stop=46095, strand=+, nt=[ATGGTTTACA..GTATATTTAG]
20:02:20.177 - INFO - CDS - contig=VFZOPTEN, start=46151, stop=46915, strand=+, nt=[ATGTTATCTA..TAGGAAGTAA]
20:02:20.177 - INFO - CDS - contig=VFZOPTEN, start=46887, stop=47915, strand=+, nt=[ATGAAAAAAA..ATATGGTTAA]
20:02:20.177 - INFO - CDS - contig=VFZOPTEN, start=47908, stop=48201, strand=+, nt=[ATGGTTAATA..TTTTTTTTGA]
20:02:20.177 - INFO - CDS - contig=VFZOPTEN, start=48486, stop=49643, strand=+, nt=[ATGAAATATA..ATTAGATTGA]
20:02:20.177 - INFO - CDS - contig=VFZOPTEN, start=49640, stop=50350, strand=+, nt=[TTGAAATTTT..AATTAATTAA]
20:02:20.177 - INFO - CDS - contig=VFZOPTEN, start=50328, stop=50573, strand=+, nt=[ATGCTAAAAA..AGAAAATTAA]
20:02:20.177 - INFO - CDS - contig=VFZOPTEN, start=50545, stop=50775, strand=+, nt=[ATGATATACA..AATAATTTAA]
20:02:20.177 - INFO - CDS - contig=VFZOPTEN, start=50848, stop=50973, strand=+, nt=[ATGGCAGTCC..CCGGAATTGA]
20:02:20.177 - INFO - CDS - contig=VFZOPTEN, start=51069, stop=51530, strand=-, nt=[ATGATAAAAA..TAAAGTATAA]
20:02:20.177 - INFO - CDS - contig=VFZOPTEN, start=51606, stop=52667, strand=+, nt=[ATGCATATTA..AAAATATTAG]
20:02:20.177 - INFO - CDS - contig=VFZOPTEN, start=52643, stop=55639, strand=+, nt=[ATGTACAAAA..AGAAATTTAA]
20:02:20.177 - INFO - CDS - contig=VFZOPTEN, start=55639, stop=56175, strand=+, nt=[ATGCACATTT..TGAATTTTAA]
20:02:20.177 - INFO - CDS - contig=VFZOPTEN, start=56144, stop=56728, strand=+, nt=[ATGTTTGTAA..AATTATATGA]
20:02:20.177 - INFO - CDS - contig=VFZOPTEN, start=56725, stop=57867, strand=+, nt=[ATGATAATTT..AGGTACTTAA]
20:02:20.177 - INFO - CDS - contig=VFZOPTEN, start=57930, stop=58607, strand=+, nt=[ATGTCTTATT..AATATTTTAA]
20:02:20.177 - INFO - CDS - contig=VFZOPTEN, start=58607, stop=59683, strand=+, nt=[ATGTTTTTAT..TATTACCTAA]
20:02:20.177 - INFO - CDS - contig=VFZOPTEN, start=59874, stop=60527, strand=+, nt=[TTGAATACGA..TGATTTTTAA]
20:02:20.177 - INFO - CDS - contig=VFZOPTEN, start=60529, stop=61740, strand=+, nt=[ATGAAAATAT..TAGAATATGA]
20:02:20.177 - INFO - CDS - contig=VFZOPTEN, start=61737, stop=62672, strand=+, nt=[ATGATAGATT..TTTAAAATGA]
20:02:20.177 - INFO - CDS - contig=VFZOPTEN, start=62669, stop=63241, strand=+, nt=[ATGAATAAAA..AACAAAATGA]
20:02:20.177 - INFO - CDS - contig=VFZOPTEN, start=63238, stop=63837, strand=+, nt=[ATGACAATAG..TTGGAAATGA]
20:02:20.177 - INFO - CDS - contig=VFZOPTEN, start=63834, stop=64526, strand=+, nt=[ATGATAATAC..AAAAAAATGA]
20:02:20.177 - INFO - CDS - contig=VFZOPTEN, start=64523, stop=65260, strand=+, nt=[ATGATATCCA..TGTGAGATGA]
20:02:20.177 - INFO - CDS - contig=VFZOPTEN, start=65257, stop=65532, strand=+, nt=[ATGATTCCAA..CAATGATTAA]
20:02:20.177 - INFO - CDS - contig=VFZOPTEN, start=65525, stop=65800, strand=+, nt=[ATGATTAAAA..ACCAAATTAA]
20:02:20.177 - INFO - CDS - contig=VFZOPTEN, start=65941, stop=66744, strand=+, nt=[ATGAATTATA..TTTGAAATAG]
20:02:20.177 - INFO - CDS - contig=VFZOPTEN, start=66806, stop=67153, strand=-, nt=[ATGTCAAGAG..GGGTTGTTAG]
20:02:20.177 - INFO - CDS - contig=VFZOPTEN, start=67128, stop=67289, strand=-, nt=[GTGATAAAAA..CTGGTTTTAA]
20:02:20.177 - INFO - CDS - contig=VFZOPTEN, start=67273, stop=67734, strand=-, nt=[ATGAAAATAA..AAACCAATAA]
20:02:20.177 - INFO - CDS - contig=VFZOPTEN, start=67787, stop=68845, strand=-, nt=[ATGAATAATA..TTTTTATTAG]
20:02:20.177 - INFO - CDS - contig=VFZOPTEN, start=68925, stop=69053, strand=+, nt=[ATGATAATTA..GCGAAAATAG]
20:02:20.177 - INFO - CDS - contig=VFZOPTEN, start=69228, stop=69542, strand=+, nt=[ATGGTTAATA..TCAATTATAG]
20:02:20.177 - INFO - CDS - contig=VFZOPTEN, start=69533, stop=70048, strand=-, nt=[ATGATAAATA..CTATAATTGA]
20:02:20.177 - INFO - CDS - contig=VFZOPTEN, start=70045, stop=70869, strand=-, nt=[TTGTTTTTTT..AATAAGATGA]
20:02:20.177 - INFO - CDS - contig=VFZOPTEN, start=71021, stop=72097, strand=+, nt=[ATGTTTAATA..AAAAAATTAA]
20:02:20.177 - INFO - CDS - contig=VFZOPTEN, start=72078, stop=72869, strand=+, nt=[ATGAAAATAG..AATAGATTGA]
20:02:20.177 - INFO - CDS - contig=VFZOPTEN, start=72866, stop=73951, strand=+, nt=[TTGATTATTC..AAAAATTTAA]
20:02:20.177 - INFO - CDS - contig=VFZOPTEN, start=73948, stop=75264, strand=-, nt=[ATGAAATATA..TAAAAATTAA]
20:02:20.177 - INFO - CDS - contig=VFZOPTEN, start=75261, stop=76412, strand=-, nt=[ATGATTAATA..AATAAAATGA]
20:02:20.177 - INFO - CDS - contig=VFZOPTEN, start=76405, stop=77634, strand=-, nt=[ATGATTAAAA..AAATGATTAA]
20:02:20.177 - INFO - CDS - contig=VFZOPTEN, start=77627, stop=77791, strand=-, nt=[ATGAAAATAA..AAATGATTAA]
20:02:20.177 - INFO - CDS - contig=VFZOPTEN, start=77788, stop=78090, strand=-, nt=[ATGAAAATTT..ATTAGAATGA]
20:02:20.177 - INFO - CDS - contig=VFZOPTEN, start=78091, stop=78390, strand=+, nt=[ATGTATATAA..GAACCTATGA]
20:02:20.177 - INFO - CDS - contig=VFZOPTEN, start=78387, stop=78629, strand=+, nt=[ATGAATAAAT..ACTGGATTGA]
20:02:20.177 - INFO - CDS - contig=VFZOPTEN, start=78744, stop=80030, strand=+, nt=[ATGAATTTGG..TGGAAAATAA]
20:02:20.177 - INFO - CDS - contig=VFZOPTEN, start=80017, stop=81813, strand=+, nt=[GTGTTGGAAA..TAATTTATGA]
20:02:20.177 - INFO - CDS - contig=VFZOPTEN, start=81810, stop=82058, strand=+, nt=[ATGAAAAAAA..AATAAAATAA]
20:02:20.177 - INFO - CDS - contig=VFZOPTEN, start=82043, stop=83641, strand=+, nt=[ATGTTTAATA..TATAAATTAA]
20:02:20.177 - INFO - CDS - contig=VFZOPTEN, start=83641, stop=84858, strand=+, nt=[ATGAATTTAT..TTATGTTTAA]
20:02:20.177 - INFO - CDS - contig=VFZOPTEN, start=84851, stop=85903, strand=+, nt=[ATGTTTAATT..TAATAAATAG]
20:02:20.177 - INFO - CDS - contig=VFZOPTEN, start=85890, stop=86966, strand=-, nt=[ATGAAAATTA..TTATTACTAA]
20:02:20.177 - INFO - CDS - contig=VFZOPTEN, start=86967, stop=87101, strand=+, nt=[ATGAAAAGAA..AGTTCCGTGA]
20:02:20.177 - INFO - CDS - contig=VFZOPTEN, start=87098, stop=87688, strand=+, nt=[GTGAAAGAAA..TATTTTTTAA]
20:02:20.177 - INFO - CDS - contig=VFZOPTEN, start=87671, stop=88663, strand=-, nt=[ATGTATAAAA..TACTTTTTAA]
20:02:20.177 - INFO - CDS - contig=VFZOPTEN, start=88663, stop=90450, strand=-, nt=[ATGAAAAAAA..TAAAAAATAA]
20:02:20.177 - INFO - CDS - contig=VFZOPTEN, start=90453, stop=90899, strand=-, nt=[ATGGATTCTA..TAAATTTTAA]
20:02:20.177 - INFO - CDS - contig=VFZOPTEN, start=90952, stop=91896, strand=+, nt=[ATGAATAAAA..ATATTATTAA]
20:02:20.177 - INFO - CDS - contig=VFZOPTEN, start=91893, stop=92879, strand=-, nt=[ATGAAAATAT..AATTATTTAA]
20:02:20.177 - INFO - CDS - contig=VFZOPTEN, start=92876, stop=93376, strand=-, nt=[ATGATAACGA..TTTAAAATGA]
20:02:20.177 - INFO - CDS - contig=VFZOPTEN, start=93336, stop=95345, strand=-, nt=[ATGATAAATG..TTATAATTGA]
20:02:20.177 - INFO - CDS - contig=VFZOPTEN, start=95342, stop=95989, strand=-, nt=[ATGATTAAAA..TAATATATGA]
20:02:20.177 - INFO - CDS - contig=VFZOPTEN, start=95982, stop=97196, strand=-, nt=[ATGAAAATTT..AAATGATTAA]
20:02:20.177 - INFO - CDS - contig=VFZOPTEN, start=97183, stop=97896, strand=-, nt=[ATGTTTTATA..AAATTTATAA]
20:02:20.177 - INFO - CDS - contig=VFZOPTEN, start=98295, stop=98939, strand=-, nt=[ATGTACAATA..TATTTTATAG]
20:02:20.177 - INFO - CDS - contig=VFZOPTEN, start=98929, stop=99174, strand=-, nt=[ATGGCAAAAA..TGTACAATAA]
20:02:20.177 - INFO - CDS - contig=VFZOPTEN, start=99153, stop=99476, strand=-, nt=[ATGAAAAATA..AAAGCAGTAG]
20:02:20.177 - INFO - CDS - contig=VFZOPTEN, start=99473, stop=100246, strand=-, nt=[ATGATATATA..AAAAAAATGA]
20:02:20.177 - INFO - CDS - contig=VFZOPTEN, start=100325, stop=101512, strand=+, nt=[ATGAAAATAA..AACCCTATGA]
20:02:20.177 - INFO - CDS - contig=VFZOPTEN, start=101810, stop=102205, strand=+, nt=[ATGCAAATTG..GCGCTATTAA]
20:02:20.177 - INFO - CDS - contig=VFZOPTEN, start=102623, stop=102913, strand=+, nt=[ATGAACTTTT..ATACAACTAA]
20:02:20.177 - INFO - CDS - contig=VFZOPTEN, start=106091, stop=106507, strand=+, nt=[ATGATTATAA..TGAAAAATGA]
20:02:20.177 - INFO - CDS - contig=VFZOPTEN, start=106504, stop=107094, strand=+, nt=[ATGATAATTA..AACAAAATAA]
20:02:20.177 - INFO - CDS - contig=VFZOPTEN, start=107057, stop=107224, strand=+, nt=[ATGATATTAA..ATATTTATGA]
20:02:20.177 - INFO - CDS - contig=VFZOPTEN, start=107221, stop=107997, strand=+, nt=[ATGATAAAAA..TAAAAGATGA]
20:02:20.177 - INFO - CDS - contig=VFZOPTEN, start=107994, stop=108281, strand=+, nt=[ATGATTAAAT..TAAAAGCTAA]
20:02:20.177 - INFO - CDS - contig=VFZOPTEN, start=108256, stop=108603, strand=+, nt=[ATGAAAAAAA..TGGGAAATAA]
20:02:20.177 - INFO - CDS - contig=VFZOPTEN, start=108593, stop=109222, strand=+, nt=[ATGGGAAATA..CAAAATATAG]
20:02:20.177 - INFO - CDS - contig=VFZOPTEN, start=109194, stop=109598, strand=+, nt=[ATGAATTTAA..AAATTTATGA]
20:02:20.177 - INFO - CDS - contig=VFZOPTEN, start=109595, stop=109816, strand=+, nt=[ATGACAGGAA..ATTAAAATGA]
20:02:20.177 - INFO - CDS - contig=VFZOPTEN, start=109813, stop=110175, strand=+, nt=[ATGATATTTC..TGTTGTATAA]
20:02:20.177 - INFO - CDS - contig=VFZOPTEN, start=110165, stop=110719, strand=+, nt=[ATGTTGTATA..AGATGTCTAA]
20:02:20.177 - INFO - CDS - contig=VFZOPTEN, start=110712, stop=111014, strand=+, nt=[ATGTCTAAAA..AAGTTGGTAA]
20:02:20.178 - INFO - CDS - contig=VFZOPTEN, start=111014, stop=111385, strand=+, nt=[ATGTCTTATT..GAGTGTCTAA]
20:02:20.178 - INFO - CDS - contig=VFZOPTEN, start=111378, stop=111899, strand=+, nt=[GTGTCTAAGA..AAAAAAATAA]
20:02:20.178 - INFO - CDS - contig=VFZOPTEN, start=111862, stop=112170, strand=+, nt=[ATGATAATAA..TTATGATTAA]
20:02:20.178 - INFO - CDS - contig=VFZOPTEN, start=112163, stop=112582, strand=+, nt=[ATGATTAAAA..TAAATGTTAA]
20:02:20.178 - INFO - CDS - contig=VFZOPTEN, start=112576, stop=112917, strand=+, nt=[ATGTTAAAAA..TGAAAATTAA]
20:02:20.178 - INFO - CDS - contig=VFZOPTEN, start=112907, stop=113116, strand=+, nt=[ATGAAAATTA..ATTAAAATAA]
20:02:20.178 - INFO - CDS - contig=VFZOPTEN, start=113116, stop=113229, strand=+, nt=[ATGAAAGTTT..ACAAGGATGA]
20:02:20.178 - INFO - CDS - contig=VFZOPTEN, start=113235, stop=113576, strand=+, nt=[ATGGGTATAT..ATTTAAATAA]
20:02:20.178 - INFO - CDS - contig=VFZOPTEN, start=113576, stop=113914, strand=+, nt=[ATGAAATACA..AAGAATATGA]
20:02:20.178 - INFO - CDS - contig=VFZOPTEN, start=113911, stop=114423, strand=+, nt=[ATGAAAAGAG..AAAAATTTAA]
20:02:20.178 - INFO - CDS - contig=VFZOPTEN, start=114395, stop=115270, strand=+, nt=[ATGAAGAAAA..TATAACATGA]
20:02:20.178 - INFO - CDS - contig=VFZOPTEN, start=115267, stop=115581, strand=+, nt=[ATGAGACATT..ACTAATATAG]
20:02:20.178 - INFO - CDS - contig=VFZOPTEN, start=115560, stop=116690, strand=-, nt=[ATGAAAATAA..TACTAAATAA]
20:02:20.178 - INFO - CDS - contig=VFZOPTEN, start=116698, stop=117111, strand=+, nt=[TTGATAGGTC..ATCTAAGTAA]
20:02:20.178 - INFO - CDS - contig=VFZOPTEN, start=117092, stop=118093, strand=+, nt=[ATGAACCAAT..AATTAGTTAA]
20:02:20.178 - INFO - CDS - contig=VFZOPTEN, start=1, stop=1188, strand=+, nt=[TTGAAAGAAA..AGAGGTATAA]
20:02:20.197 - INFO - CDS - predicted=143
20:02:20.211 - INFO - ORF - discard spurious: contig=VFZOPTEN, start=101810, stop=102205, strand=+, homology=Spurious_ORF_05, evalue=4.8e-47, bitscore=151.661667
20:02:20.247 - INFO - ORF - discarded=1
20:02:20.308 - INFO - UPS - looked-up=0
20:02:20.308 - INFO - IPS - looked-up=0
20:02:20.309 - INFO - ORF - write internal aa seqs: # seqs=142, path=/tmp/tmpwhewxnc1/cds.psc.faa
20:03:04.368 - INFO - PSC - found: PSC=0, PSCC=28
20:03:04.383 - INFO - PSC - looked-up=28
20:03:04.386 - INFO - PSCC - looked-up=25
20:03:04.386 - INFO - ORF - write internal aa seqs: # seqs=142, path=/tmp/tmpwhewxnc1/cds.expert.faa
20:03:05.031 - INFO - EXPERT-AMRFINDER - found=0
20:03:05.553 - INFO - EXPERT_AA_SEQ - found=0
20:03:05.553 - INFO - ANNOTATION - marked as hypothetical: contig=VFZOPTEN, start=1253, stop=1660, strand=+
20:03:05.553 - INFO - ANNOTATION - marked as hypothetical: contig=VFZOPTEN, start=1647, stop=2237, strand=+
20:03:05.553 - INFO - ANNOTATION - marked as hypothetical: contig=VFZOPTEN, start=2234, stop=2647, strand=+
20:03:05.553 - INFO - ANNOTATION - marked as hypothetical: contig=VFZOPTEN, start=2625, stop=2957, strand=+
20:03:05.553 - INFO - ANNOTATION - marked as hypothetical: contig=VFZOPTEN, start=2954, stop=6742, strand=+
20:03:05.553 - INFO - ANNOTATION - marked as hypothetical: contig=VFZOPTEN, start=6742, stop=10605, strand=+
20:03:05.553 - INFO - ANNOTATION - marked as hypothetical: contig=VFZOPTEN, start=10595, stop=10975, strand=+
20:03:05.553 - INFO - ANNOTATION - marked as hypothetical: contig=VFZOPTEN, start=10950, stop=11426, strand=+
20:03:05.554 - INFO - ANNOTATION - marked as hypothetical: contig=VFZOPTEN, start=13435, stop=13731, strand=+
20:03:05.554 - INFO - ANNOTATION - marked as hypothetical: contig=VFZOPTEN, start=13721, stop=14131, strand=+
20:03:05.554 - INFO - ANNOTATION - marked as hypothetical: contig=VFZOPTEN, start=14195, stop=14614, strand=+
20:03:05.554 - INFO - ANNOTATION - marked as hypothetical: contig=VFZOPTEN, start=14554, stop=15264, strand=-
20:03:05.554 - INFO - ANNOTATION - marked as hypothetical: contig=VFZOPTEN, start=15245, stop=16345, strand=-
20:03:05.554 - INFO - ANNOTATION - marked as hypothetical: contig=VFZOPTEN, start=16345, stop=16734, strand=-
20:03:05.554 - INFO - ANNOTATION - marked as hypothetical: contig=VFZOPTEN, start=16731, stop=17024, strand=-
20:03:05.554 - INFO - ANNOTATION - marked as hypothetical: contig=VFZOPTEN, start=17021, stop=17803, strand=-
20:03:05.554 - INFO - ANNOTATION - marked as hypothetical: contig=VFZOPTEN, start=17790, stop=18446, strand=-
20:03:05.554 - INFO - ANNOTATION - marked as hypothetical: contig=VFZOPTEN, start=18542, stop=19366, strand=+
20:03:05.554 - INFO - ANNOTATION - marked as hypothetical: contig=VFZOPTEN, start=19367, stop=19837, strand=+
20:03:05.554 - INFO - ANNOTATION - marked as hypothetical: contig=VFZOPTEN, start=19830, stop=20378, strand=-
20:03:05.554 - INFO - ANNOTATION - marked as hypothetical: contig=VFZOPTEN, start=20641, stop=21699, strand=+
20:03:05.554 - INFO - ANNOTATION - marked as hypothetical: contig=VFZOPTEN, start=21687, stop=22346, strand=-
20:03:05.554 - INFO - ANNOTATION - marked as hypothetical: contig=VFZOPTEN, start=22336, stop=23211, strand=-
20:03:05.554 - INFO - ANNOTATION - marked as hypothetical: contig=VFZOPTEN, start=23213, stop=25297, strand=+
20:03:05.554 - INFO - ANNOTATION - marked as hypothetical: contig=VFZOPTEN, start=25362, stop=25535, strand=-
20:03:05.554 - INFO - ANNOTATION - marked as hypothetical: contig=VFZOPTEN, start=25532, stop=27766, strand=-
20:03:05.554 - INFO - ANNOTATION - marked as hypothetical: contig=VFZOPTEN, start=27902, stop=30088, strand=+
20:03:05.554 - INFO - ANNOTATION - marked as hypothetical: contig=VFZOPTEN, start=30300, stop=31025, strand=+
20:03:05.554 - INFO - ANNOTATION - marked as hypothetical: contig=VFZOPTEN, start=31000, stop=32160, strand=+
20:03:05.554 - INFO - ANNOTATION - marked as hypothetical: contig=VFZOPTEN, start=33005, stop=33730, strand=-
20:03:05.554 - INFO - ANNOTATION - marked as hypothetical: contig=VFZOPTEN, start=33708, stop=34598, strand=-
20:03:05.554 - INFO - ANNOTATION - marked as hypothetical: contig=VFZOPTEN, start=34588, stop=35151, strand=-
20:03:05.554 - INFO - ANNOTATION - marked as hypothetical: contig=VFZOPTEN, start=35148, stop=36386, strand=-
20:03:05.554 - INFO - ANNOTATION - marked as hypothetical: contig=VFZOPTEN, start=36368, stop=37765, strand=-
20:03:05.554 - INFO - ANNOTATION - marked as hypothetical: contig=VFZOPTEN, start=37967, stop=39232, strand=-
20:03:05.554 - INFO - ANNOTATION - marked as hypothetical: contig=VFZOPTEN, start=39210, stop=40136, strand=-
20:03:05.554 - INFO - ANNOTATION - marked as hypothetical: contig=VFZOPTEN, start=40137, stop=41423, strand=+
20:03:05.554 - INFO - ANNOTATION - marked as hypothetical: contig=VFZOPTEN, start=41420, stop=42832, strand=+
20:03:05.554 - INFO - ANNOTATION - marked as hypothetical: contig=VFZOPTEN, start=42872, stop=43744, strand=+
20:03:05.554 - INFO - ANNOTATION - marked as hypothetical: contig=VFZOPTEN, start=43905, stop=44048, strand=-
20:03:05.554 - INFO - ANNOTATION - marked as hypothetical: contig=VFZOPTEN, start=44182, stop=45828, strand=+
20:03:05.554 - INFO - ANNOTATION - marked as hypothetical: contig=VFZOPTEN, start=45825, stop=45998, strand=+
20:03:05.554 - INFO - ANNOTATION - marked as hypothetical: contig=VFZOPTEN, start=46000, stop=46095, strand=+
20:03:05.554 - INFO - ANNOTATION - marked as hypothetical: contig=VFZOPTEN, start=46151, stop=46915, strand=+
20:03:05.554 - INFO - ANNOTATION - marked as hypothetical: contig=VFZOPTEN, start=46887, stop=47915, strand=+
20:03:05.554 - INFO - ANNOTATION - marked as hypothetical: contig=VFZOPTEN, start=47908, stop=48201, strand=+
20:03:05.554 - INFO - ANNOTATION - marked as hypothetical: contig=VFZOPTEN, start=49640, stop=50350, strand=+
20:03:05.554 - INFO - ANNOTATION - marked as hypothetical: contig=VFZOPTEN, start=50328, stop=50573, strand=+
20:03:05.554 - INFO - ANNOTATION - marked as hypothetical: contig=VFZOPTEN, start=50545, stop=50775, strand=+
20:03:05.554 - INFO - ANNOTATION - marked as hypothetical: contig=VFZOPTEN, start=50848, stop=50973, strand=+
20:03:05.554 - INFO - ANNOTATION - marked as hypothetical: contig=VFZOPTEN, start=51069, stop=51530, strand=-
20:03:05.554 - INFO - ANNOTATION - marked as hypothetical: contig=VFZOPTEN, start=51606, stop=52667, strand=+
20:03:05.554 - INFO - ANNOTATION - marked as hypothetical: contig=VFZOPTEN, start=52643, stop=55639, strand=+
20:03:05.554 - INFO - ANNOTATION - marked as hypothetical: contig=VFZOPTEN, start=55639, stop=56175, strand=+
20:03:05.554 - INFO - ANNOTATION - fix gene: extract symbol from protein name. symbol=clpX
20:03:05.554 - INFO - ANNOTATION - marked as hypothetical: contig=VFZOPTEN, start=57930, stop=58607, strand=+
20:03:05.555 - INFO - ANNOTATION - marked as hypothetical: contig=VFZOPTEN, start=58607, stop=59683, strand=+
20:03:05.555 - INFO - ANNOTATION - marked as hypothetical: contig=VFZOPTEN, start=59874, stop=60527, strand=+
20:03:05.555 - INFO - ANNOTATION - marked as hypothetical: contig=VFZOPTEN, start=60529, stop=61740, strand=+
20:03:05.555 - INFO - ANNOTATION - marked as hypothetical: contig=VFZOPTEN, start=61737, stop=62672, strand=+
20:03:05.555 - INFO - ANNOTATION - marked as hypothetical: contig=VFZOPTEN, start=62669, stop=63241, strand=+
20:03:05.555 - INFO - ANNOTATION - marked as hypothetical: contig=VFZOPTEN, start=63238, stop=63837, strand=+
20:03:05.555 - INFO - ANNOTATION - marked as hypothetical: contig=VFZOPTEN, start=63834, stop=64526, strand=+
20:03:05.555 - INFO - ANNOTATION - marked as hypothetical: contig=VFZOPTEN, start=65257, stop=65532, strand=+
20:03:05.555 - INFO - ANNOTATION - marked as hypothetical: contig=VFZOPTEN, start=65525, stop=65800, strand=+
20:03:05.555 - INFO - ANNOTATION - marked as hypothetical: contig=VFZOPTEN, start=65941, stop=66744, strand=+
20:03:05.555 - INFO - ANNOTATION - marked as hypothetical: contig=VFZOPTEN, start=67128, stop=67289, strand=-
20:03:05.555 - INFO - ANNOTATION - marked as hypothetical: contig=VFZOPTEN, start=67273, stop=67734, strand=-
20:03:05.555 - INFO - ANNOTATION - marked as hypothetical: contig=VFZOPTEN, start=68925, stop=69053, strand=+
20:03:05.555 - INFO - ANNOTATION - marked as hypothetical: contig=VFZOPTEN, start=69228, stop=69542, strand=+
20:03:05.555 - INFO - ANNOTATION - marked as hypothetical: contig=VFZOPTEN, start=69533, stop=70048, strand=-
20:03:05.555 - INFO - ANNOTATION - marked as hypothetical: contig=VFZOPTEN, start=70045, stop=70869, strand=-
20:03:05.555 - INFO - ANNOTATION - marked as hypothetical: contig=VFZOPTEN, start=71021, stop=72097, strand=+
20:03:05.555 - INFO - ANNOTATION - marked as hypothetical: contig=VFZOPTEN, start=72866, stop=73951, strand=+
20:03:05.555 - INFO - ANNOTATION - marked as hypothetical: contig=VFZOPTEN, start=75261, stop=76412, strand=-
20:03:05.555 - INFO - ANNOTATION - marked as hypothetical: contig=VFZOPTEN, start=76405, stop=77634, strand=-
20:03:05.555 - INFO - ANNOTATION - marked as hypothetical: contig=VFZOPTEN, start=77788, stop=78090, strand=-
20:03:05.555 - INFO - ANNOTATION - marked as hypothetical: contig=VFZOPTEN, start=78091, stop=78390, strand=+
20:03:05.555 - INFO - ANNOTATION - marked as hypothetical: contig=VFZOPTEN, start=78387, stop=78629, strand=+
20:03:05.555 - INFO - ANNOTATION - marked as hypothetical: contig=VFZOPTEN, start=78744, stop=80030, strand=+
20:03:05.555 - INFO - ANNOTATION - marked as hypothetical: contig=VFZOPTEN, start=80017, stop=81813, strand=+
20:03:05.555 - INFO - ANNOTATION - marked as hypothetical: contig=VFZOPTEN, start=81810, stop=82058, strand=+
20:03:05.555 - INFO - ANNOTATION - marked as hypothetical: contig=VFZOPTEN, start=83641, stop=84858, strand=+
20:03:05.555 - INFO - ANNOTATION - marked as hypothetical: contig=VFZOPTEN, start=84851, stop=85903, strand=+
20:03:05.555 - INFO - ANNOTATION - marked as hypothetical: contig=VFZOPTEN, start=85890, stop=86966, strand=-
20:03:05.555 - INFO - ANNOTATION - marked as hypothetical: contig=VFZOPTEN, start=87098, stop=87688, strand=+
20:03:05.555 - INFO - ANNOTATION - marked as hypothetical: contig=VFZOPTEN, start=87671, stop=88663, strand=-
20:03:05.555 - INFO - ANNOTATION - fix gene: extract symbol from protein name. symbol=dnaK
20:03:05.555 - INFO - ANNOTATION - marked as hypothetical: contig=VFZOPTEN, start=90453, stop=90899, strand=-
20:03:05.555 - INFO - ANNOTATION - marked as hypothetical: contig=VFZOPTEN, start=90952, stop=91896, strand=+
20:03:05.555 - INFO - ANNOTATION - marked as hypothetical: contig=VFZOPTEN, start=91893, stop=92879, strand=-
20:03:05.555 - INFO - ANNOTATION - marked as hypothetical: contig=VFZOPTEN, start=92876, stop=93376, strand=-
20:03:05.555 - INFO - ANNOTATION - marked as hypothetical: contig=VFZOPTEN, start=93336, stop=95345, strand=-
20:03:05.555 - INFO - ANNOTATION - marked as hypothetical: contig=VFZOPTEN, start=95342, stop=95989, strand=-
20:03:05.555 - INFO - ANNOTATION - marked as hypothetical: contig=VFZOPTEN, start=97183, stop=97896, strand=-
20:03:05.555 - INFO - ANNOTATION - marked as hypothetical: contig=VFZOPTEN, start=98295, stop=98939, strand=-
20:03:05.555 - INFO - ANNOTATION - marked as hypothetical: contig=VFZOPTEN, start=98929, stop=99174, strand=-
20:03:05.555 - INFO - ANNOTATION - marked as hypothetical: contig=VFZOPTEN, start=99153, stop=99476, strand=-
20:03:05.555 - INFO - ANNOTATION - marked as hypothetical: contig=VFZOPTEN, start=99473, stop=100246, strand=-
20:03:05.555 - INFO - ANNOTATION - marked as hypothetical: contig=VFZOPTEN, start=100325, stop=101512, strand=+
20:03:05.555 - INFO - ANNOTATION - marked as hypothetical: contig=VFZOPTEN, start=102623, stop=102913, strand=+
20:03:05.555 - INFO - ANNOTATION - marked as hypothetical: contig=VFZOPTEN, start=106091, stop=106507, strand=+
20:03:05.555 - INFO - ANNOTATION - marked as hypothetical: contig=VFZOPTEN, start=106504, stop=107094, strand=+
20:03:05.555 - INFO - ANNOTATION - marked as hypothetical: contig=VFZOPTEN, start=107057, stop=107224, strand=+
20:03:05.555 - INFO - ANNOTATION - marked as hypothetical: contig=VFZOPTEN, start=108256, stop=108603, strand=+
20:03:05.555 - INFO - ANNOTATION - marked as hypothetical: contig=VFZOPTEN, start=108593, stop=109222, strand=+
20:03:05.555 - INFO - ANNOTATION - marked as hypothetical: contig=VFZOPTEN, start=109595, stop=109816, strand=+
20:03:05.555 - INFO - ANNOTATION - marked as hypothetical: contig=VFZOPTEN, start=111014, stop=111385, strand=+
20:03:05.555 - INFO - ANNOTATION - marked as hypothetical: contig=VFZOPTEN, start=111378, stop=111899, strand=+
20:03:05.556 - INFO - ANNOTATION - marked as hypothetical: contig=VFZOPTEN, start=111862, stop=112170, strand=+
20:03:05.556 - INFO - ANNOTATION - marked as hypothetical: contig=VFZOPTEN, start=112163, stop=112582, strand=+
20:03:05.556 - INFO - ANNOTATION - marked as hypothetical: contig=VFZOPTEN, start=112576, stop=112917, strand=+
20:03:05.556 - INFO - ANNOTATION - marked as hypothetical: contig=VFZOPTEN, start=113116, stop=113229, strand=+
20:03:05.556 - INFO - ANNOTATION - marked as hypothetical: contig=VFZOPTEN, start=113911, stop=114423, strand=+
20:03:05.556 - INFO - ANNOTATION - marked as hypothetical: contig=VFZOPTEN, start=114395, stop=115270, strand=+
20:03:05.556 - INFO - ANNOTATION - marked as hypothetical: contig=VFZOPTEN, start=115267, stop=115581, strand=+
20:03:05.556 - INFO - ANNOTATION - marked as hypothetical: contig=VFZOPTEN, start=115560, stop=116690, strand=-
20:03:05.556 - INFO - ANNOTATION - marked as hypothetical: contig=VFZOPTEN, start=116698, stop=117111, strand=+
20:03:05.556 - INFO - ANNOTATION - marked as hypothetical: contig=VFZOPTEN, start=117092, stop=118093, strand=+
20:03:05.556 - INFO - ORF - write internal aa seqs: # seqs=117, path=/tmp/tmpwhewxnc1/cds.pseudo.candidates.faa
20:03:53.665 - INFO - CDS - found: pseudogene-candidates=0
20:03:53.666 - INFO - PSC - looked-up=0
20:03:53.666 - INFO - PSCC - looked-up=0
20:03:53.692 - INFO - CDS - pfam detected: contig=VFZOPTEN, start=58607, stop=59683, strand=+, pfam-id=PF00004.32, length=140, aa-start=39, aa-stop=163, aa-cov=0.3, hmm-cov=0.9, evalue=3.9e-11, bitscore=36.4, name=AAA
20:03:53.694 - INFO - CDS - pfam detected: contig=VFZOPTEN, start=76405, stop=77634, strand=-, pfam-id=PF13481.9, length=186, aa-start=167, aa-stop=341, aa-cov=0.4, hmm-cov=1.0, evalue=1.7e-11, bitscore=36.9, name=AAA_25
20:03:53.738 - INFO - CDS - pfam detected: contig=VFZOPTEN, start=71021, stop=72097, strand=+, pfam-id=PF00155.24, length=330, aa-start=31, aa-stop=334, aa-cov=0.8, hmm-cov=1.0, evalue=8.4e-35, bitscore=113.4, name=Aminotran_1_2
20:03:53.738 - INFO - CDS - pfam detected: contig=VFZOPTEN, start=61737, stop=62672, strand=+, pfam-id=PF00155.24, length=287, aa-start=19, aa-stop=274, aa-cov=0.8, hmm-cov=1.0, evalue=6.5e-26, bitscore=84.2, name=Aminotran_1_2
20:03:53.738 - INFO - CDS - pfam detected: contig=VFZOPTEN, start=20641, stop=21699, strand=+, pfam-id=PF00266.22, length=220, aa-start=7, aa-stop=202, aa-cov=0.6, hmm-cov=1.0, evalue=1.4e-38, bitscore=125.6, name=Aminotran_5
20:03:53.741 - INFO - CDS - pfam detected: contig=VFZOPTEN, start=25532, stop=27766, strand=-, pfam-id=PF08264.16, length=138, aa-start=541, aa-stop=666, aa-cov=0.2, hmm-cov=0.9, evalue=7.6e-18, bitscore=57.8, name=Anticodon_1
20:03:53.742 - INFO - CDS - pfam detected: contig=VFZOPTEN, start=93336, stop=95345, strand=-, pfam-id=PF08264.16, length=77, aa-start=582, aa-stop=644, aa-cov=0.1, hmm-cov=1.0, evalue=5.2e-08, bitscore=25.9, name=Anticodon_1
20:03:53.750 - INFO - CDS - pfam detected: contig=VFZOPTEN, start=36368, stop=37765, strand=-, pfam-id=PF14698.9, length=73, aa-start=361, aa-stop=433, aa-cov=0.2, hmm-cov=0.9, evalue=8.8e-16, bitscore=51.4, name=ASL_C2
20:03:53.753 - INFO - CDS - pfam detected: contig=VFZOPTEN, start=76405, stop=77634, strand=-, pfam-id=PF06745.16, length=174, aa-start=169, aa-stop=341, aa-cov=0.4, hmm-cov=1.0, evalue=2.2e-14, bitscore=46.2, name=ATPase
20:03:53.754 - INFO - CDS - pfam detected: contig=VFZOPTEN, start=52643, stop=55639, strand=+, pfam-id=PF15632.9, length=67, aa-start=795, aa-stop=861, aa-cov=0.1, hmm-cov=1.0, evalue=9.5e-11, bitscore=34.5, name=ATPgrasp_Ter
20:03:53.769 - INFO - CDS - pfam detected: contig=VFZOPTEN, start=19830, stop=20378, strand=-, pfam-id=PF01861.19, length=106, aa-start=65, aa-stop=168, aa-cov=0.6, hmm-cov=1.0, evalue=1.6e-09, bitscore=30.2, name=BpsA_C
20:03:53.805 - INFO - CDS - pfam detected: contig=VFZOPTEN, start=52643, stop=55639, strand=+, pfam-id=PF02786.20, length=205, aa-start=136, aa-stop=334, aa-cov=0.2, hmm-cov=1.0, evalue=1.3e-71, bitscore=233.3, name=CPSase_L_D2
20:03:53.805 - INFO - CDS - pfam detected: contig=VFZOPTEN, start=52643, stop=55639, strand=+, pfam-id=PF02787.22, length=76, aa-start=422, aa-stop=494, aa-cov=0.1, hmm-cov=1.0, evalue=4.3e-15, bitscore=48.5, name=CPSase_L_D3
20:03:53.805 - INFO - CDS - pfam detected: contig=VFZOPTEN, start=51606, stop=52667, strand=+, pfam-id=PF00988.25, length=116, aa-start=15, aa-stop=130, aa-cov=0.3, hmm-cov=1.0, evalue=3.2e-30, bitscore=97.5, name=CPSase_sm_chain
20:03:53.815 - INFO - CDS - pfam detected: contig=VFZOPTEN, start=31000, stop=32160, strand=+, pfam-id=PF01053.23, length=373, aa-start=17, aa-stop=384, aa-cov=1.0, hmm-cov=1.0, evalue=1.5e-80, bitscore=263.4, name=Cys_Met_Meta_PP
20:03:53.818 - INFO - CDS - pfam detected: contig=VFZOPTEN, start=90952, stop=91896, strand=+, pfam-id=PF00793.23, length=287, aa-start=12, aa-stop=292, aa-cov=0.9, hmm-cov=0.9, evalue=1.9e-61, bitscore=200.2, name=DAHP_synth_1
20:03:53.818 - INFO - CDS - pfam detected: contig=VFZOPTEN, start=95342, stop=95989, strand=-, pfam-id=PF05173.17, length=117, aa-start=108, aa-stop=214, aa-cov=0.5, hmm-cov=1.0, evalue=1.4e-22, bitscore=72.9, name=DapB_C
20:03:53.818 - INFO - CDS - pfam detected: contig=VFZOPTEN, start=95342, stop=95989, strand=-, pfam-id=PF01113.23, length=124, aa-start=2, aa-stop=103, aa-cov=0.5, hmm-cov=1.0, evalue=7.2e-22, bitscore=70.7, name=DapB_N
20:03:53.819 - INFO - CDS - pfam detected: contig=VFZOPTEN, start=17021, stop=17803, strand=-, pfam-id=PF01678.22, length=82, aa-start=3, aa-stop=82, aa-cov=0.3, hmm-cov=1.0, evalue=3.3e-14, bitscore=46.1, name=DAP_epimerase
20:03:53.826 - INFO - CDS - pfam detected: contig=VFZOPTEN, start=22336, stop=23211, strand=-, pfam-id=PF00701.25, length=288, aa-start=3, aa-stop=290, aa-cov=1.0, hmm-cov=1.0, evalue=1.4e-64, bitscore=210.4, name=DHDPS
20:03:53.827 - INFO - CDS - pfam detected: contig=VFZOPTEN, start=117092, stop=118093, strand=+, pfam-id=PF01761.23, length=258, aa-start=46, aa-stop=293, aa-cov=0.7, hmm-cov=1.0, evalue=9.3e-74, bitscore=240.7, name=DHQ_synthase
20:03:53.830 - INFO - CDS - pfam detected: contig=VFZOPTEN, start=76405, stop=77634, strand=-, pfam-id=PF00772.24, length=96, aa-start=9, aa-stop=100, aa-cov=0.2, hmm-cov=1.0, evalue=2.5e-14, bitscore=46.2, name=DnaB
20:03:53.830 - INFO - CDS - pfam detected: contig=VFZOPTEN, start=76405, stop=77634, strand=-, pfam-id=PF03796.18, length=253, aa-start=169, aa-stop=408, aa-cov=0.6, hmm-cov=1.0, evalue=6.1e-79, bitscore=257.8, name=DnaB_C
20:03:53.830 - INFO - CDS - pfam detected: contig=VFZOPTEN, start=87671, stop=88663, strand=-, pfam-id=PF00226.34, length=57, aa-start=4, aa-stop=60, aa-cov=0.2, hmm-cov=1.0, evalue=7.4e-27, bitscore=86.3, name=DnaJ
20:03:53.831 - INFO - CDS - pfam detected: contig=VFZOPTEN, start=87671, stop=88663, strand=-, pfam-id=PF01556.21, length=215, aa-start=99, aa-stop=312, aa-cov=0.6, hmm-cov=0.7, evalue=1.3e-25, bitscore=83.2, name=DnaJ_C
20:03:53.832 - INFO - CDS - pfam detected: contig=VFZOPTEN, start=44182, stop=45828, strand=+, pfam-id=PF07733.15, length=111, aa-start=1, aa-stop=110, aa-cov=0.2, hmm-cov=1.0, evalue=2.0e-22, bitscore=72.9, name=DNA_pol3_alpha
20:03:53.833 - INFO - CDS - pfam detected: contig=VFZOPTEN, start=85890, stop=86966, strand=-, pfam-id=PF02767.19, length=82, aa-start=149, aa-stop=228, aa-cov=0.2, hmm-cov=1.0, evalue=9.0e-10, bitscore=31.7, name=DNA_pol3_beta_2
20:03:53.833 - INFO - CDS - pfam detected: contig=VFZOPTEN, start=85890, stop=86966, strand=-, pfam-id=PF02768.18, length=111, aa-start=248, aa-stop=356, aa-cov=0.3, hmm-cov=1.0, evalue=1.2e-13, bitscore=43.9, name=DNA_pol3_beta_3
20:03:53.833 - INFO - CDS - pfam detected: contig=VFZOPTEN, start=58607, stop=59683, strand=+, pfam-id=PF13177.9, length=160, aa-start=17, aa-stop=171, aa-cov=0.4, hmm-cov=1.0, evalue=6.1e-32, bitscore=103.8, name=DNA_pol3_delta2
20:03:53.833 - INFO - CDS - pfam detected: contig=VFZOPTEN, start=44182, stop=45828, strand=+, pfam-id=PF17657.4, length=165, aa-start=113, aa-stop=262, aa-cov=0.3, hmm-cov=1.0, evalue=1.1e-35, bitscore=115.4, name=DNA_pol3_finger
20:03:54.081 - INFO - CDS - pfam detected: contig=VFZOPTEN, start=51606, stop=52667, strand=+, pfam-id=PF00117.31, length=188, aa-start=179, aa-stop=342, aa-cov=0.5, hmm-cov=1.0, evalue=2.1e-30, bitscore=98.8, name=GATase
20:03:54.081 - INFO - CDS - pfam detected: contig=VFZOPTEN, start=34588, stop=35151, strand=-, pfam-id=PF00117.31, length=188, aa-start=4, aa-stop=184, aa-cov=1.0, hmm-cov=1.0, evalue=2.1e-28, bitscore=92.2, name=GATase
20:03:54.081 - INFO - CDS - pfam detected: contig=VFZOPTEN, start=63238, stop=63837, strand=+, pfam-id=PF00117.31, length=206, aa-start=6, aa-stop=195, aa-cov=1.0, hmm-cov=0.9, evalue=3.4e-11, bitscore=36.1, name=GATase
20:03:54.098 - INFO - CDS - pfam detected: contig=VFZOPTEN, start=80017, stop=81813, strand=+, pfam-id=PF13932.9, length=210, aa-start=391, aa-stop=588, aa-cov=0.3, hmm-cov=1.0, evalue=3.2e-41, bitscore=134.7, name=GIDA_C
20:03:54.181 - INFO - CDS - pfam detected: contig=VFZOPTEN, start=44182, stop=45828, strand=+, pfam-id=PF14579.9, length=89, aa-start=339, aa-stop=426, aa-cov=0.2, hmm-cov=0.9, evalue=8.6e-18, bitscore=57.3, name=HHH_6
20:03:54.193 - INFO - CDS - pfam detected: contig=VFZOPTEN, start=75261, stop=76412, strand=-, pfam-id=PF00742.22, length=174, aa-start=133, aa-stop=305, aa-cov=0.5, hmm-cov=1.0, evalue=2.9e-31, bitscore=101.6, name=Homoserine_dh
20:03:54.226 - INFO - CDS - pfam detected: contig=VFZOPTEN, start=67273, stop=67734, strand=-, pfam-id=PF05198.19, length=61, aa-start=2, aa-stop=60, aa-cov=0.4, hmm-cov=1.0, evalue=2.6e-14, bitscore=46.2, name=IF3_N
20:03:54.229 - INFO - CDS - pfam detected: contig=VFZOPTEN, start=33005, stop=33730, strand=-, pfam-id=PF00218.24, length=246, aa-start=5, aa-stop=235, aa-cov=1.0, hmm-cov=1.0, evalue=3.3e-32, bitscore=104.5, name=IGPS
20:03:54.263 - INFO - CDS - pfam detected: contig=VFZOPTEN, start=108593, stop=109222, strand=+, pfam-id=PF07650.20, length=61, aa-start=35, aa-stop=95, aa-cov=0.3, hmm-cov=1.0, evalue=2.2e-08, bitscore=26.8, name=KH_2
20:03:54.313 - INFO - CDS - pfam detected: contig=VFZOPTEN, start=36368, stop=37765, strand=-, pfam-id=PF00206.23, length=311, aa-start=7, aa-stop=298, aa-cov=0.6, hmm-cov=1.0, evalue=8.5e-67, bitscore=218.6, name=Lyase_1
20:03:54.316 - INFO - CDS - pfam detected: contig=VFZOPTEN, start=72866, stop=73951, strand=+, pfam-id=PF07687.17, length=89, aa-start=172, aa-stop=252, aa-cov=0.2, hmm-cov=1.0, evalue=5.6e-10, bitscore=32.1, name=M20_dimer
20:03:54.346 - INFO - CDS - pfam detected: contig=VFZOPTEN, start=19830, stop=20378, strand=-, pfam-id=PF13847.9, length=114, aa-start=49, aa-stop=158, aa-cov=0.6, hmm-cov=1.0, evalue=9.6e-13, bitscore=41.1, name=Methyltransf_31
20:03:54.348 - INFO - CDS - pfam detected: contig=VFZOPTEN, start=27902, stop=30088, strand=+, pfam-id=PF08267.15, length=316, aa-start=4, aa-stop=303, aa-cov=0.4, hmm-cov=1.0, evalue=9.8e-59, bitscore=192.2, name=Meth_synt_1
20:03:54.351 - INFO - CDS - pfam detected: contig=VFZOPTEN, start=27902, stop=30088, strand=+, pfam-id=PF01717.21, length=324, aa-start=402, aa-stop=717, aa-cov=0.4, hmm-cov=1.0, evalue=8.3e-87, bitscore=284.3, name=Meth_synt_2
20:03:54.378 - INFO - CDS - pfam detected: contig=VFZOPTEN, start=19830, stop=20378, strand=-, pfam-id=PF05175.17, length=118, aa-start=38, aa-stop=149, aa-cov=0.6, hmm-cov=1.0, evalue=1.4e-11, bitscore=37.2, name=MTS
20:03:54.432 - INFO - CDS - pfam detected: contig=VFZOPTEN, start=115560, stop=116690, strand=-, pfam-id=PF02784.19, length=239, aa-start=30, aa-stop=256, aa-cov=0.6, hmm-cov=1.0, evalue=8.3e-44, bitscore=142.6, name=Orn_Arg_deC_N
20:03:54.433 - INFO - CDS - pfam detected: contig=VFZOPTEN, start=115560, stop=116690, strand=-, pfam-id=PF00278.25, length=258, aa-start=90, aa-stop=344, aa-cov=0.7, hmm-cov=0.4, evalue=4.8e-24, bitscore=77.4, name=Orn_DAP_Arg_deC
20:03:54.435 - INFO - CDS - pfam detected: contig=VFZOPTEN, start=65941, stop=66744, strand=+, pfam-id=PF00185.27, length=104, aa-start=169, aa-stop=264, aa-cov=0.4, hmm-cov=1.0, evalue=6.4e-28, bitscore=90.7, name=OTCace
20:03:54.436 - INFO - CDS - pfam detected: contig=VFZOPTEN, start=65941, stop=66744, strand=+, pfam-id=PF02729.24, length=144, aa-start=3, aa-stop=131, aa-cov=0.5, hmm-cov=1.0, evalue=3.7e-31, bitscore=101.1, name=OTCace_N
20:03:54.457 - INFO - CDS - pfam detected: contig=VFZOPTEN, start=63834, stop=64526, strand=+, pfam-id=PF01884.20, length=87, aa-start=136, aa-stop=219, aa-cov=0.4, hmm-cov=1.0, evalue=5.0e-10, bitscore=32.1, name=PcrB
20:03:54.459 - INFO - CDS - pfam detected: contig=VFZOPTEN, start=21687, stop=22346, strand=-, pfam-id=PF03462.21, length=97, aa-start=4, aa-stop=92, aa-cov=0.4, hmm-cov=1.0, evalue=1.2e-09, bitscore=31.2, name=PCRF
20:03:54.480 - INFO - CDS - pfam detected: contig=VFZOPTEN, start=13721, stop=14131, strand=+, pfam-id=PF01327.24, length=71, aa-start=62, aa-stop=131, aa-cov=0.5, hmm-cov=1.0, evalue=1.1e-14, bitscore=47.3, name=Pep_deformylase
20:03:54.548 - INFO - CDS - pfam detected: contig=VFZOPTEN, start=47908, stop=48201, strand=+, pfam-id=PF00697.25, length=95, aa-start=5, aa-stop=91, aa-cov=0.9, hmm-cov=1.0, evalue=6.2e-09, bitscore=28.7, name=PRAI
20:03:54.551 - INFO - CDS - pfam detected: contig=VFZOPTEN, start=18542, stop=19366, strand=+, pfam-id=PF13793.9, length=109, aa-start=5, aa-stop=108, aa-cov=0.4, hmm-cov=1.0, evalue=4.3e-14, bitscore=45.4, name=Pribosyltran_N
20:03:54.613 - INFO - CDS - pfam detected: contig=VFZOPTEN, start=1253, stop=1660, strand=+, pfam-id=PF00298.22, length=68, aa-start=67, aa-stop=130, aa-cov=0.5, hmm-cov=1.0, evalue=1.7e-07, bitscore=24.7, name=Ribosomal_L11
20:03:54.613 - INFO - CDS - pfam detected: contig=VFZOPTEN, start=1253, stop=1660, strand=+, pfam-id=PF03946.17, length=59, aa-start=4, aa-stop=62, aa-cov=0.4, hmm-cov=1.0, evalue=3.5e-15, bitscore=48.6, name=Ribosomal_L11_N
20:03:54.614 - INFO - CDS - pfam detected: contig=VFZOPTEN, start=2625, stop=2957, strand=+, pfam-id=PF00542.22, length=67, aa-start=44, aa-stop=110, aa-cov=0.6, hmm-cov=1.0, evalue=6.0e-18, bitscore=58.0, name=Ribosomal_L12
20:03:54.615 - INFO - CDS - pfam detected: contig=VFZOPTEN, start=108256, stop=108603, strand=+, pfam-id=PF00237.22, length=103, aa-start=8, aa-stop=110, aa-cov=0.9, hmm-cov=1.0, evalue=3.8e-16, bitscore=52.2, name=Ribosomal_L22
20:03:54.616 - INFO - CDS - pfam detected: contig=VFZOPTEN, start=113116, stop=113229, strand=+, pfam-id=PF00444.21, length=38, aa-start=1, aa-stop=37, aa-cov=1.0, hmm-cov=1.0, evalue=2.7e-16, bitscore=52.4, name=Ribosomal_L36
20:03:54.617 - INFO - CDS - pfam detected: contig=VFZOPTEN, start=13435, stop=13731, strand=+, pfam-id=PF00338.25, length=94, aa-start=4, aa-stop=93, aa-cov=0.9, hmm-cov=1.0, evalue=9.2e-18, bitscore=57.3, name=Ribosomal_S10
20:03:54.618 - INFO - CDS - pfam detected: contig=VFZOPTEN, start=45825, stop=45998, strand=+, pfam-id=PF00312.25, length=51, aa-start=4, aa-stop=54, aa-cov=0.9, hmm-cov=1.0, evalue=1.1e-15, bitscore=50.6, name=Ribosomal_S15
20:03:54.618 - INFO - CDS - pfam detected: contig=VFZOPTEN, start=109595, stop=109816, strand=+, pfam-id=PF00366.23, length=67, aa-start=3, aa-stop=69, aa-cov=0.9, hmm-cov=1.0, evalue=2.0e-09, bitscore=30.4, name=Ribosomal_S17
20:03:54.618 - INFO - CDS - pfam detected: contig=VFZOPTEN, start=108593, stop=109222, strand=+, pfam-id=PF00189.23, length=79, aa-start=119, aa-stop=197, aa-cov=0.4, hmm-cov=1.0, evalue=9.8e-24, bitscore=76.6, name=Ribosomal_S3_C
20:03:54.618 - INFO - CDS - pfam detected: contig=VFZOPTEN, start=112163, stop=112582, strand=+, pfam-id=PF00333.23, length=61, aa-start=4, aa-stop=64, aa-cov=0.4, hmm-cov=1.0, evalue=2.2e-09, bitscore=30.2, name=Ribosomal_S5
20:03:54.618 - INFO - CDS - pfam detected: contig=VFZOPTEN, start=112163, stop=112582, strand=+, pfam-id=PF03719.18, length=49, aa-start=80, aa-stop=128, aa-cov=0.4, hmm-cov=1.0, evalue=5.7e-12, bitscore=37.9, name=Ribosomal_S5_C
20:03:54.619 - INFO - CDS - pfam detected: contig=VFZOPTEN, start=77788, stop=78090, strand=-, pfam-id=PF01250.20, length=89, aa-start=4, aa-stop=88, aa-cov=0.8, hmm-cov=1.0, evalue=2.0e-10, bitscore=33.8, name=Ribosomal_S6
20:03:54.619 - INFO - CDS - pfam detected: contig=VFZOPTEN, start=10950, stop=11426, strand=+, pfam-id=PF00177.24, length=151, aa-start=1, aa-stop=151, aa-cov=1.0, hmm-cov=1.0, evalue=6.8e-37, bitscore=119.3, name=Ribosomal_S7
20:03:54.619 - INFO - CDS - pfam detected: contig=VFZOPTEN, start=111014, stop=111385, strand=+, pfam-id=PF00410.22, length=118, aa-start=10, aa-stop=118, aa-cov=0.9, hmm-cov=1.0, evalue=7.8e-12, bitscore=38.2, name=Ribosomal_S8
20:03:54.624 - INFO - CDS - pfam detected: contig=VFZOPTEN, start=114395, stop=115270, strand=+, pfam-id=PF01193.27, length=178, aa-start=109, aa-stop=283, aa-cov=0.6, hmm-cov=0.4, evalue=3.4e-16, bitscore=51.8, name=RNA_pol_L
20:03:54.625 - INFO - CDS - pfam detected: contig=VFZOPTEN, start=6742, stop=10605, strand=+, pfam-id=PF04997.15, length=351, aa-start=2, aa-stop=330, aa-cov=0.3, hmm-cov=0.9, evalue=9.9e-65, bitscore=211.7, name=RNA_pol_Rpb1_1
20:03:54.625 - INFO - CDS - pfam detected: contig=VFZOPTEN, start=6742, stop=10605, strand=+, pfam-id=PF00623.23, length=75, aa-start=398, aa-stop=472, aa-cov=0.1, hmm-cov=1.0, evalue=3.0e-36, bitscore=118.0, name=RNA_pol_Rpb1_2
20:03:54.625 - INFO - CDS - pfam detected: contig=VFZOPTEN, start=6742, stop=10605, strand=+, pfam-id=PF04983.21, length=165, aa-start=477, aa-stop=618, aa-cov=0.1, hmm-cov=0.9, evalue=4.1e-19, bitscore=61.9, name=RNA_pol_Rpb1_3
20:03:54.625 - INFO - CDS - pfam detected: contig=VFZOPTEN, start=6742, stop=10605, strand=+, pfam-id=PF05000.20, length=58, aa-start=663, aa-stop=718, aa-cov=0.0, hmm-cov=1.0, evalue=4.3e-08, bitscore=26.0, name=RNA_pol_Rpb1_4
20:03:54.625 - INFO - CDS - pfam detected: contig=VFZOPTEN, start=6742, stop=10605, strand=+, pfam-id=PF04998.20, length=470, aa-start=737, aa-stop=1186, aa-cov=0.3, hmm-cov=0.5, evalue=2.5e-59, bitscore=193.8, name=RNA_pol_Rpb1_5
20:03:54.625 - INFO - CDS - pfam detected: contig=VFZOPTEN, start=2954, stop=6742, strand=+, pfam-id=PF04565.19, length=69, aa-start=475, aa-stop=543, aa-cov=0.1, hmm-cov=1.0, evalue=9.8e-26, bitscore=82.7, name=RNA_pol_Rpb2_3
20:03:54.626 - INFO - CDS - pfam detected: contig=VFZOPTEN, start=2954, stop=6742, strand=+, pfam-id=PF00562.31, length=510, aa-start=684, aa-stop=1186, aa-cov=0.4, hmm-cov=0.7, evalue=2.5e-96, bitscore=315.9, name=RNA_pol_Rpb2_6
20:03:54.626 - INFO - CDS - pfam detected: contig=VFZOPTEN, start=2954, stop=6742, strand=+, pfam-id=PF04560.23, length=84, aa-start=1188, aa-stop=1261, aa-cov=0.1, hmm-cov=1.0, evalue=1.0e-25, bitscore=82.9, name=RNA_pol_Rpb2_7
20:03:54.630 - INFO - CDS - pfam detected: contig=VFZOPTEN, start=14554, stop=15264, strand=-, pfam-id=PF00398.23, length=195, aa-start=5, aa-stop=178, aa-cov=0.7, hmm-cov=1.0, evalue=4.7e-28, bitscore=90.8, name=RrnaAD
20:03:54.636 - INFO - CDS - pfam detected: contig=VFZOPTEN, start=113911, stop=114423, strand=+, pfam-id=PF01479.28, length=47, aa-start=84, aa-stop=130, aa-cov=0.3, hmm-cov=1.0, evalue=5.0e-14, bitscore=44.7, name=S4
20:03:54.645 - INFO - CDS - pfam detected: contig=VFZOPTEN, start=46887, stop=47915, strand=+, pfam-id=PF01118.27, length=122, aa-start=3, aa-stop=108, aa-cov=0.3, hmm-cov=1.0, evalue=2.2e-12, bitscore=40.4, name=Semialdhyde_dh
20:03:54.646 - INFO - CDS - pfam detected: contig=VFZOPTEN, start=46887, stop=47915, strand=+, pfam-id=PF02774.21, length=199, aa-start=135, aa-stop=325, aa-cov=0.6, hmm-cov=0.9, evalue=5.9e-36, bitscore=117.1, name=Semialdhyde_dhC
20:03:54.651 - INFO - CDS - pfam detected: contig=VFZOPTEN, start=97183, stop=97896, strand=-, pfam-id=PF08501.14, length=83, aa-start=5, aa-stop=83, aa-cov=0.3, hmm-cov=1.0, evalue=1.8e-08, bitscore=27.5, name=Shikimate_dh_N
20:03:54.654 - INFO - CDS - pfam detected: contig=VFZOPTEN, start=41420, stop=42832, strand=+, pfam-id=PF04542.17, length=70, aa-start=236, aa-stop=305, aa-cov=0.1, hmm-cov=1.0, evalue=4.4e-20, bitscore=64.2, name=Sigma70_r2
20:03:54.654 - INFO - CDS - pfam detected: contig=VFZOPTEN, start=41420, stop=42832, strand=+, pfam-id=PF04545.19, length=51, aa-start=405, aa-stop=455, aa-cov=0.1, hmm-cov=0.9, evalue=2.6e-15, bitscore=48.6, name=Sigma70_r4
20:03:54.656 - INFO - CDS - pfam detected: contig=VFZOPTEN, start=116698, stop=117111, strand=+, pfam-id=PF01202.25, length=82, aa-start=7, aa-stop=87, aa-cov=0.6, hmm-cov=1.0, evalue=7.5e-13, bitscore=41.8, name=SKI
20:03:54.671 - INFO - CDS - pfam detected: contig=VFZOPTEN, start=19830, stop=20378, strand=-, pfam-id=PF01564.20, length=136, aa-start=47, aa-stop=175, aa-cov=0.7, hmm-cov=0.8, evalue=1.8e-10, bitscore=33.4, name=Spermine_synth
20:03:54.746 - INFO - CDS - pfam detected: contig=VFZOPTEN, start=78091, stop=78390, strand=+, pfam-id=PF00085.23, length=80, aa-start=12, aa-stop=90, aa-cov=0.8, hmm-cov=1.0, evalue=7.4e-11, bitscore=34.9, name=Thioredoxin
20:03:54.784 - INFO - CDS - pfam detected: contig=VFZOPTEN, start=37967, stop=39232, strand=-, pfam-id=PF00749.24, length=305, aa-start=21, aa-stop=306, aa-cov=0.7, hmm-cov=1.0, evalue=3.3e-60, bitscore=196.5, name=tRNA-synt_1c
20:03:54.786 - INFO - CDS - pfam detected: contig=VFZOPTEN, start=91893, stop=92879, strand=-, pfam-id=PF03054.19, length=202, aa-start=1, aa-stop=185, aa-cov=0.6, hmm-cov=1.0, evalue=6.5e-40, bitscore=129.8, name=tRNA_Me_trans
20:03:54.787 - INFO - CDS - pfam detected: contig=VFZOPTEN, start=91893, stop=92879, strand=-, pfam-id=PF20258.1, length=55, aa-start=274, aa-stop=327, aa-cov=0.2, hmm-cov=1.0, evalue=7.3e-08, bitscore=25.6, name=tRNA_Me_trans_C
20:03:54.789 - INFO - CDS - pfam detected: contig=VFZOPTEN, start=49640, stop=50350, strand=+, pfam-id=PF00290.23, length=227, aa-start=2, aa-stop=218, aa-cov=0.9, hmm-cov=1.0, evalue=1.2e-11, bitscore=36.9, name=Trp_syntA
20:03:54.854 - INFO - CDS - pfam detected: contig=VFZOPTEN, start=40137, stop=41423, strand=+, pfam-id=PF01807.23, length=56, aa-start=2, aa-stop=55, aa-cov=0.1, hmm-cov=1.0, evalue=4.4e-14, bitscore=45.1, name=zf-CHC2
20:03:54.857 - INFO - CDS - predicted-pfams=92, CDS-w/-pfams=61
20:03:54.910 - INFO - S_ORF - predicted=933
20:03:54.973 - INFO - S_ORF - sORF filter: # valid=49, # discarded=884
20:03:55.022 - INFO - ORF - discarded=0
20:03:55.050 - INFO - UPS - looked-up=0
20:03:55.051 - INFO - IPS - looked-up=0
20:03:55.051 - INFO - ORF - write internal aa seqs: # seqs=49, path=/tmp/tmpwhewxnc1/sorf.faa
20:03:55.114 - INFO - S_ORF - found=0
20:03:55.115 - INFO - PSC - looked-up=0
20:03:55.115 - INFO - PSCC - looked-up=0
20:03:55.607 - INFO - ORI - predicted=0
20:03:55.671 - INFO - ORI - predicted=0
20:03:55.671 - INFO - ANNOTATION - overlap: CDS (None/hypothetical protein) [13721, 14131] overlapping tRNA (trnF) [14114, 14186], [14114,14131], contig=VFZOPTEN
20:03:55.671 - INFO - ANNOTATION - overlap: CDS (None/hypothetical protein) [23213, 25297] overlapping tRNA (trnS) [25297, 25380], [25297,25297], contig=VFZOPTEN
20:03:55.671 - INFO - ANNOTATION - overlap: CDS (None/hypothetical protein) [25362, 25535] overlapping tRNA (trnS) [25297, 25380], [25362,25380], contig=VFZOPTEN
20:03:55.671 - INFO - ANNOTATION - overlap: CDS (None/hypothetical protein) [41420, 42832] overlapping tRNA (trnI) [42823, 42894], [42823,42832], contig=VFZOPTEN
20:03:55.671 - INFO - ANNOTATION - overlap: CDS (None/hypothetical protein) [42872, 43744] overlapping tRNA (trnI) [42823, 42894], [42872,42894], contig=VFZOPTEN
20:03:55.671 - INFO - ANNOTATION - overlap: CDS (None/hypothetical protein) [45825, 45998] overlapping tRNA (trnL) [45986, 46058], [45986,45998], contig=VFZOPTEN
20:03:55.671 - INFO - ANNOTATION - overlap: CDS (None/hypothetical protein) [46000, 46095] overlapping tRNA (trnL) [45986, 46058], [46000,46058], contig=VFZOPTEN
20:03:55.671 - INFO - ANNOTATION - overlap: CDS (None/hypothetical protein) [46000, 46095] overlapping tRNA (trnS) [46060, 46143], [46060,46095], contig=VFZOPTEN
20:03:55.671 - INFO - ANNOTATION - overlap: CDS (None/hypothetical protein) [51069, 51530] overlapping tRNA (trnG) [51026, 51096], [51069,51096], contig=VFZOPTEN
20:03:55.671 - INFO - ANNOTATION - overlap: CDS (clpX/ATP-dependent Clp protease ATP-binding subunit ClpX) [56725, 57867] overlapping tRNA (trnV) [57858, 57928], [57858,57867], contig=VFZOPTEN
20:03:55.671 - INFO - ANNOTATION - overlap: CDS (None/hypothetical protein) [59874, 60527] overlapping tRNA (trnR) [59846, 59919], [59874,59919], contig=VFZOPTEN
20:03:55.671 - INFO - ANNOTATION - overlap: CDS (None/hypothetical protein) [65525, 65800] overlapping tRNA (trnT) [65791, 65861], [65791,65800], contig=VFZOPTEN
20:03:55.671 - INFO - ANNOTATION - overlap: CDS (None/hypothetical protein) [65941, 66744] overlapping tRNA (trnK) [66742, 66815], [66742,66744], contig=VFZOPTEN
20:03:55.671 - INFO - ANNOTATION - overlap: CDS (None/50S ribosomal protein L20) [66806, 67153] overlapping tRNA (trnK) [66742, 66815], [66806,66815], contig=VFZOPTEN
20:03:55.671 - INFO - ANNOTATION - overlap: CDS (None/hypothetical protein) [68925, 69053] overlapping tRNA (trnfM) [69042, 69113], [69042,69053], contig=VFZOPTEN
20:03:55.671 - INFO - ANNOTATION - overlap: CDS (None/hypothetical protein) [78387, 78629] overlapping tRNA (trnD) [78591, 78663], [78591,78629], contig=VFZOPTEN
20:03:55.671 - INFO - ANNOTATION - overlap: CDS (None/hypothetical protein) [102623, 102913] overlapping rRNA (rrl) [101634, 104391], [102623,102913], contig=VFZOPTEN
20:03:55.671 - INFO - ANNOTATION - overlap: CDS (None/hypothetical protein) [117092, 118093] overlapping tRNA (trnM) [118080, 118151], [118080,118093], contig=VFZOPTEN
20:03:55.671 - INFO - ANNOTATION - overlap: CDS (None/Elongation factor Tu) [1, 1188] overlapping tRNA (trnW) [1179, 1249], [1179,1188], contig=VFZOPTEN
20:03:55.672 - INFO - UTILS - generated sequence tag prefix: prefix=FAOKCFHEGH, length=10, MD5=FA84CF1E01C24F3A8DDF2BC2B715268B
20:03:55.672 - INFO - MAIN - selected features=150
20:03:55.672 - INFO - UTILS - generated sequence tag prefix: prefix=FAOKCF, length=6, MD5=FA84CF1E01C24F3A8DDF2BC2B715268B
20:03:55.672 - INFO - MAIN - locus tag prefix=FAOKCF
20:03:55.672 - INFO - UTILS - genome-size=118320
20:03:55.672 - INFO - UTILS - GC=0.179
20:03:55.672 - INFO - UTILS - N=0.000
20:03:55.672 - INFO - UTILS - N50=118320
20:03:55.672 - INFO - UTILS - coding-ratio=0.894
20:03:55.672 - INFO - TSV - write tsv: path=/home/diego/Documents/metagenomes/annotation_symbio_merge/annotation_Beta/genomes/annotation_bakta/bakta_VFZOPTEN/VFZOPTEN.tsv
20:03:55.673 - INFO - GFF - write GFF3: path=/home/diego/Documents/metagenomes/annotation_symbio_merge/annotation_Beta/genomes/annotation_bakta/bakta_VFZOPTEN/VFZOPTEN.gff3
20:03:55.674 - INFO - INSDC - write GenBank: path=/home/diego/Documents/metagenomes/annotation_symbio_merge/annotation_Beta/genomes/annotation_bakta/bakta_VFZOPTEN/VFZOPTEN.gbff
20:03:55.679 - INFO - INSDC - write EMBL: path=/home/diego/Documents/metagenomes/annotation_symbio_merge/annotation_Beta/genomes/annotation_bakta/bakta_VFZOPTEN/VFZOPTEN.embl
20:03:55.684 - INFO - FASTA - write genome sequences: path=/home/diego/Documents/metagenomes/annotation_symbio_merge/annotation_Beta/genomes/annotation_bakta/bakta_VFZOPTEN/VFZOPTEN.fna, description=True, wrap=True
20:03:55.685 - INFO - FASTA - write feature nucleotide sequences: path=/home/diego/Documents/metagenomes/annotation_symbio_merge/annotation_Beta/genomes/annotation_bakta/bakta_VFZOPTEN/VFZOPTEN.ffn
20:03:55.685 - INFO - FASTA - write translated CDS/sORF: path=/home/diego/Documents/metagenomes/annotation_symbio_merge/annotation_Beta/genomes/annotation_bakta/bakta_VFZOPTEN/VFZOPTEN.faa
20:03:55.704 - INFO - PLOT - write circular genome plot: file-name=VFZOPTEN, output-dir=/home/diego/Documents/metagenomes/annotation_symbio_merge/annotation_Beta/genomes/annotation_bakta/bakta_VFZOPTEN
20:03:58.762 - INFO - TSV - write hypothetical tsv: path=/home/diego/Documents/metagenomes/annotation_symbio_merge/annotation_Beta/genomes/annotation_bakta/bakta_VFZOPTEN/VFZOPTEN.hypotheticals.tsv
20:03:58.763 - INFO - FASTA - write translated CDS/sORF: path=/home/diego/Documents/metagenomes/annotation_symbio_merge/annotation_Beta/genomes/annotation_bakta/bakta_VFZOPTEN/VFZOPTEN.hypotheticals.faa
20:03:58.763 - INFO - JSON - write JSON: path=/home/diego/Documents/metagenomes/annotation_symbio_merge/annotation_Beta/genomes/annotation_bakta/bakta_VFZOPTEN/VFZOPTEN.json
20:03:58.767 - INFO - MAIN - removed tmp dir: /tmp/tmpwhewxnc1
