Discrepancy Report Results

Summary
DISC_SOURCE_QUALS_ASNDISC:strain (all present, all unique)
DISC_SOURCE_QUALS_ASNDISC:taxname (all present, all unique)
DISC_FEATURE_COUNT:gene: 177 present
DISC_FEATURE_COUNT:CDS: 144 present
DISC_FEATURE_COUNT:tRNA: 29 present
DISC_FEATURE_COUNT:rRNA: 3 present
DISC_FEATURE_COUNT:tmRNA: 1 present
DISC_COUNT_NUCLEOTIDES:1 nucleotide Bioseqs are present
OVERLAPPING_GENES:47 genes overlap another gene on the same strand.
DISC_QUALITY_SCORES:Quality scores are missing on all sequences.
ONCALLER_COMMENT_PRESENT:1 comment descriptors were found (all same)
SHORT_PROT_SEQUENCES:2 protein sequences are shorter than 50 aa.
MISSING_GENOMEASSEMBLY_COMMENTS:1 bioseqs are missing GenomeAssembly structured comments
MOLTYPE_NOT_MRNA:1 molecule types are not set as mRNA.
TECHNIQUE_NOT_TSA:1 technique are not set as TSA
MISSING_STRUCTURED_COMMENT:1 sequences do not include structured comments.
MISSING_PROJECT:145 sequences do not include project.
DISC_INCONSISTENT_MOLINFO_TECH:Molinfo Technique Report (some missing, all same)


Detailed Report

DiscRep_ALL:DISC_SOURCE_QUALS_ASNDISC::strain (all present, all unique)
DiscRep_SUB:DISC_SOURCE_QUALS_ASNDISC::1 sources have unique values for strain
DiscRep_ALL:DISC_SOURCE_QUALS_ASNDISC::taxname (all present, all unique)
DiscRep_SUB:DISC_SOURCE_QUALS_ASNDISC::1 sources have unique values for taxname
DiscRep_ALL:DISC_FEATURE_COUNT::gene: 177 present
DiscRep_ALL:DISC_FEATURE_COUNT::CDS: 144 present
DiscRep_ALL:DISC_FEATURE_COUNT::tRNA: 29 present
DiscRep_ALL:DISC_FEATURE_COUNT::rRNA: 3 present
DiscRep_ALL:DISC_FEATURE_COUNT::tmRNA: 1 present
DiscRep_ALL:DISC_COUNT_NUCLEOTIDES::1 nucleotide Bioseqs are present
prokka_SMRANEDI/prokka_SMRANEDI:Prokka:SMRANEDI_1 (length 146798)

DiscRep_ALL:OVERLAPPING_GENES::47 genes overlap another gene on the same strand.
prokka_SMRANEDI/prokka_SMRANEDI:Gene	mnmG	SMRANEDI_1:c17874-16024	SMRANEDI_00014
prokka_SMRANEDI/prokka_SMRANEDI:Gene	ybeY	SMRANEDI_1:c18238-17855	SMRANEDI_00015
prokka_SMRANEDI/prokka_SMRANEDI:Gene	gltX	SMRANEDI_1:c20532-19018	SMRANEDI_00018
prokka_SMRANEDI/prokka_SMRANEDI:Gene	rplI	SMRANEDI_1:c20984-20529	SMRANEDI_00019
prokka_SMRANEDI/prokka_SMRANEDI:Gene	rpsR	SMRANEDI_1:c21258-20989	SMRANEDI_00020
prokka_SMRANEDI/prokka_SMRANEDI:Gene	rpsF	SMRANEDI_1:c21640-21251	SMRANEDI_00021
prokka_SMRANEDI/prokka_SMRANEDI:Gene	iscS	SMRANEDI_1:c40918-39785	SMRANEDI_00045
prokka_SMRANEDI/prokka_SMRANEDI:Gene	tilS	SMRANEDI_1:c41843-40896	SMRANEDI_00046
prokka_SMRANEDI/prokka_SMRANEDI:Gene	SMRANEDI_00052	SMRANEDI_1:c48327-47500	SMRANEDI_00052
prokka_SMRANEDI/prokka_SMRANEDI:Gene	dnaC	SMRANEDI_1:c49699-48320	SMRANEDI_00053
prokka_SMRANEDI/prokka_SMRANEDI:Gene	rplM	SMRANEDI_1:57515-57901	SMRANEDI_00063
prokka_SMRANEDI/prokka_SMRANEDI:Gene	rpsI	SMRANEDI_1:57901-58293	SMRANEDI_00064
prokka_SMRANEDI/prokka_SMRANEDI:Gene	rpsB	SMRANEDI_1:58247-59008	SMRANEDI_00065
prokka_SMRANEDI/prokka_SMRANEDI:Gene	rplK	SMRANEDI_1:74408-74860	SMRANEDI_00087
prokka_SMRANEDI/prokka_SMRANEDI:Gene	rplA	SMRANEDI_1:74829-75458	SMRANEDI_00088
prokka_SMRANEDI/prokka_SMRANEDI:Gene	rplJ	SMRANEDI_1:75485-76030	SMRANEDI_00089
prokka_SMRANEDI/prokka_SMRANEDI:Gene	rplL	SMRANEDI_1:76020-76397	SMRANEDI_00090
prokka_SMRANEDI/prokka_SMRANEDI:Gene	rpmG	SMRANEDI_1:c86407-86228	SMRANEDI_00096
prokka_SMRANEDI/prokka_SMRANEDI:Gene	rpmB	SMRANEDI_1:c86624-86397	SMRANEDI_00097
prokka_SMRANEDI/prokka_SMRANEDI:Gene	leuC	SMRANEDI_1:94099-95496	SMRANEDI_00103
prokka_SMRANEDI/prokka_SMRANEDI:Gene	leuD1	SMRANEDI_1:95483-96067	SMRANEDI_00104
prokka_SMRANEDI/prokka_SMRANEDI:Gene	prfB	SMRANEDI_1:98606-99421	SMRANEDI_00110
prokka_SMRANEDI/prokka_SMRANEDI:Gene	rpsU	SMRANEDI_1:99418-99612	SMRANEDI_00111
prokka_SMRANEDI/prokka_SMRANEDI:Gene	sufC	SMRANEDI_1:108426-109169	SMRANEDI_00122
prokka_SMRANEDI/prokka_SMRANEDI:Gene	sufD	SMRANEDI_1:109166-110458	SMRANEDI_00123
prokka_SMRANEDI/prokka_SMRANEDI:Gene	rpsL	SMRANEDI_1:118992-119366	SMRANEDI_00136
prokka_SMRANEDI/prokka_SMRANEDI:Gene	rpsG	SMRANEDI_1:119366-119845	SMRANEDI_00137
prokka_SMRANEDI/prokka_SMRANEDI:Gene	rpsJ	SMRANEDI_1:121951-122247	SMRANEDI_00139
prokka_SMRANEDI/prokka_SMRANEDI:Gene	rplC	SMRANEDI_1:122241-122867	SMRANEDI_00140
prokka_SMRANEDI/prokka_SMRANEDI:Gene	rpsS	SMRANEDI_1:124689-124979	SMRANEDI_00144
prokka_SMRANEDI/prokka_SMRANEDI:Gene	rplV	SMRANEDI_1:124979-125362	SMRANEDI_00145
prokka_SMRANEDI/prokka_SMRANEDI:Gene	rpsC	SMRANEDI_1:125331-126029	SMRANEDI_00146
prokka_SMRANEDI/prokka_SMRANEDI:Gene	rplP	SMRANEDI_1:126007-126411	SMRANEDI_00147
prokka_SMRANEDI/prokka_SMRANEDI:Gene	rpsQ	SMRANEDI_1:126411-126650	SMRANEDI_00148
prokka_SMRANEDI/prokka_SMRANEDI:Gene	SMRANEDI_00150	SMRANEDI_1:127042-127374	SMRANEDI_00150
prokka_SMRANEDI/prokka_SMRANEDI:Gene	rplE	SMRANEDI_1:127358-127903	SMRANEDI_00151
prokka_SMRANEDI/prokka_SMRANEDI:Gene	rplF	SMRANEDI_1:128602-129159	SMRANEDI_00154
prokka_SMRANEDI/prokka_SMRANEDI:Gene	rplR	SMRANEDI_1:129116-129460	SMRANEDI_00155
prokka_SMRANEDI/prokka_SMRANEDI:Gene	rplO	SMRANEDI_1:129970-130446	SMRANEDI_00157
prokka_SMRANEDI/prokka_SMRANEDI:Gene	infA	SMRANEDI_1:130424-130639	SMRANEDI_00158
prokka_SMRANEDI/prokka_SMRANEDI:Gene	rpoA	SMRANEDI_1:132152-133201	SMRANEDI_00163
prokka_SMRANEDI/prokka_SMRANEDI:Gene	rplQ	SMRANEDI_1:133185-133535	SMRANEDI_00164
prokka_SMRANEDI/prokka_SMRANEDI:Gene	rsmH	SMRANEDI_1:133535-134437	SMRANEDI_00165
prokka_SMRANEDI/prokka_SMRANEDI:Gene	SMRANEDI_00172	SMRANEDI_1:141168-141578	SMRANEDI_00172
prokka_SMRANEDI/prokka_SMRANEDI:Gene	trxB	SMRANEDI_1:141542-142408	SMRANEDI_00173
prokka_SMRANEDI/prokka_SMRANEDI:Gene	ilvB	SMRANEDI_1:c145010-143331	SMRANEDI_00176
prokka_SMRANEDI/prokka_SMRANEDI:Gene	ilvD	SMRANEDI_1:c146716-145007	SMRANEDI_00177

DiscRep_ALL:DISC_QUALITY_SCORES::Quality scores are missing on all sequences.

DiscRep_ALL:ONCALLER_COMMENT_PRESENT::1 comment descriptors were found (all same)
prokka_SMRANEDI/prokka_SMRANEDI:Prokka:SMRANEDI_1:Annotated using prokka 1.13 from https://github.com/tseemann/prokka

DiscRep_ALL:SHORT_PROT_SEQUENCES::2 protein sequences are shorter than 50 aa.
prokka_SMRANEDI/prokka_SMRANEDI:Prokka:SMRANEDI_00029 (length 31)
prokka_SMRANEDI/prokka_SMRANEDI:Prokka:SMRANEDI_00159 (length 38)

DiscRep_ALL:MISSING_GENOMEASSEMBLY_COMMENTS::1 bioseqs are missing GenomeAssembly structured comments
prokka_SMRANEDI/prokka_SMRANEDI:Prokka:SMRANEDI_1 (length 146798)

DiscRep_ALL:MOLTYPE_NOT_MRNA::1 molecule types are not set as mRNA.
prokka_SMRANEDI/prokka_SMRANEDI:Prokka:SMRANEDI_1 (length 146798)

DiscRep_ALL:TECHNIQUE_NOT_TSA::1 technique are not set as TSA
prokka_SMRANEDI/prokka_SMRANEDI:Prokka:SMRANEDI_1 (length 146798)

DiscRep_ALL:MISSING_STRUCTURED_COMMENT::1 sequences do not include structured comments.
prokka_SMRANEDI/prokka_SMRANEDI:Prokka:SMRANEDI_1 (length 146798)

DiscRep_ALL:MISSING_PROJECT::145 sequences do not include project.
prokka_SMRANEDI/prokka_SMRANEDI:Prokka:SMRANEDI_1 (length 146798)
prokka_SMRANEDI/prokka_SMRANEDI:Prokka:SMRANEDI_00001 (length 216)
prokka_SMRANEDI/prokka_SMRANEDI:Prokka:SMRANEDI_00002 (length 847)
prokka_SMRANEDI/prokka_SMRANEDI:Prokka:SMRANEDI_00003 (length 110)
prokka_SMRANEDI/prokka_SMRANEDI:Prokka:SMRANEDI_00004 (length 369)
prokka_SMRANEDI/prokka_SMRANEDI:Prokka:SMRANEDI_00005 (length 368)
prokka_SMRANEDI/prokka_SMRANEDI:Prokka:SMRANEDI_00006 (length 391)
prokka_SMRANEDI/prokka_SMRANEDI:Prokka:SMRANEDI_00007 (length 349)
prokka_SMRANEDI/prokka_SMRANEDI:Prokka:SMRANEDI_00008 (length 250)
prokka_SMRANEDI/prokka_SMRANEDI:Prokka:SMRANEDI_00010 (length 1129)
prokka_SMRANEDI/prokka_SMRANEDI:Prokka:SMRANEDI_00012 (length 359)
prokka_SMRANEDI/prokka_SMRANEDI:Prokka:SMRANEDI_00013 (length 537)
prokka_SMRANEDI/prokka_SMRANEDI:Prokka:SMRANEDI_00014 (length 616)
prokka_SMRANEDI/prokka_SMRANEDI:Prokka:SMRANEDI_00015 (length 127)
prokka_SMRANEDI/prokka_SMRANEDI:Prokka:SMRANEDI_00017 (length 194)
prokka_SMRANEDI/prokka_SMRANEDI:Prokka:SMRANEDI_00018 (length 504)
prokka_SMRANEDI/prokka_SMRANEDI:Prokka:SMRANEDI_00019 (length 151)
prokka_SMRANEDI/prokka_SMRANEDI:Prokka:SMRANEDI_00020 (length 89)
prokka_SMRANEDI/prokka_SMRANEDI:Prokka:SMRANEDI_00021 (length 129)
prokka_SMRANEDI/prokka_SMRANEDI:Prokka:SMRANEDI_00023 (length 85)
prokka_SMRANEDI/prokka_SMRANEDI:Prokka:SMRANEDI_00025 (length 438)
prokka_SMRANEDI/prokka_SMRANEDI:Prokka:SMRANEDI_00026 (length 177)
prokka_SMRANEDI/prokka_SMRANEDI:Prokka:SMRANEDI_00027 (length 318)
prokka_SMRANEDI/prokka_SMRANEDI:Prokka:SMRANEDI_00028 (length 572)
prokka_SMRANEDI/prokka_SMRANEDI:Prokka:SMRANEDI_00029 (length 31)
prokka_SMRANEDI/prokka_SMRANEDI:Prokka:SMRANEDI_00032 (length 252)
prokka_SMRANEDI/prokka_SMRANEDI:Prokka:SMRANEDI_00033 (length 282)
prokka_SMRANEDI/prokka_SMRANEDI:Prokka:SMRANEDI_00034 (length 435)
prokka_SMRANEDI/prokka_SMRANEDI:Prokka:SMRANEDI_00035 (length 420)
prokka_SMRANEDI/prokka_SMRANEDI:Prokka:SMRANEDI_00039 (length 69)
prokka_SMRANEDI/prokka_SMRANEDI:Prokka:SMRANEDI_00040 (length 106)
prokka_SMRANEDI/prokka_SMRANEDI:Prokka:SMRANEDI_00041 (length 441)
prokka_SMRANEDI/prokka_SMRANEDI:Prokka:SMRANEDI_00042 (length 602)
prokka_SMRANEDI/prokka_SMRANEDI:Prokka:SMRANEDI_00044 (length 485)
prokka_SMRANEDI/prokka_SMRANEDI:Prokka:SMRANEDI_00045 (length 377)
prokka_SMRANEDI/prokka_SMRANEDI:Prokka:SMRANEDI_00046 (length 315)
prokka_SMRANEDI/prokka_SMRANEDI:Prokka:SMRANEDI_00049 (length 1291)
prokka_SMRANEDI/prokka_SMRANEDI:Prokka:SMRANEDI_00051 (length 451)
prokka_SMRANEDI/prokka_SMRANEDI:Prokka:SMRANEDI_00052 (length 275)
prokka_SMRANEDI/prokka_SMRANEDI:Prokka:SMRANEDI_00053 (length 459)
prokka_SMRANEDI/prokka_SMRANEDI:Prokka:SMRANEDI_00054 (length 184)
prokka_SMRANEDI/prokka_SMRANEDI:Prokka:SMRANEDI_00055 (length 364)
prokka_SMRANEDI/prokka_SMRANEDI:Prokka:SMRANEDI_00056 (length 399)
prokka_SMRANEDI/prokka_SMRANEDI:Prokka:SMRANEDI_00057 (length 355)
prokka_SMRANEDI/prokka_SMRANEDI:Prokka:SMRANEDI_00058 (length 150)
prokka_SMRANEDI/prokka_SMRANEDI:Prokka:SMRANEDI_00059 (length 113)
prokka_SMRANEDI/prokka_SMRANEDI:Prokka:SMRANEDI_00060 (length 68)
prokka_SMRANEDI/prokka_SMRANEDI:Prokka:SMRANEDI_00061 (length 178)
prokka_SMRANEDI/prokka_SMRANEDI:Prokka:SMRANEDI_00062 (length 632)
prokka_SMRANEDI/prokka_SMRANEDI:Prokka:SMRANEDI_00063 (length 128)
prokka_SMRANEDI/prokka_SMRANEDI:Prokka:SMRANEDI_00064 (length 130)
prokka_SMRANEDI/prokka_SMRANEDI:Prokka:SMRANEDI_00065 (length 253)
prokka_SMRANEDI/prokka_SMRANEDI:Prokka:SMRANEDI_00066 (length 211)
prokka_SMRANEDI/prokka_SMRANEDI:Prokka:SMRANEDI_00069 (length 849)
prokka_SMRANEDI/prokka_SMRANEDI:Prokka:SMRANEDI_00070 (length 404)
prokka_SMRANEDI/prokka_SMRANEDI:Prokka:SMRANEDI_00071 (length 216)
prokka_SMRANEDI/prokka_SMRANEDI:Prokka:SMRANEDI_00072 (length 345)
prokka_SMRANEDI/prokka_SMRANEDI:Prokka:SMRANEDI_00078 (length 437)
prokka_SMRANEDI/prokka_SMRANEDI:Prokka:SMRANEDI_00079 (length 140)
prokka_SMRANEDI/prokka_SMRANEDI:Prokka:SMRANEDI_00080 (length 207)
prokka_SMRANEDI/prokka_SMRANEDI:Prokka:SMRANEDI_00085 (length 395)
prokka_SMRANEDI/prokka_SMRANEDI:Prokka:SMRANEDI_00087 (length 150)
prokka_SMRANEDI/prokka_SMRANEDI:Prokka:SMRANEDI_00088 (length 209)
prokka_SMRANEDI/prokka_SMRANEDI:Prokka:SMRANEDI_00089 (length 181)
prokka_SMRANEDI/prokka_SMRANEDI:Prokka:SMRANEDI_00090 (length 125)
prokka_SMRANEDI/prokka_SMRANEDI:Prokka:SMRANEDI_00091 (length 1233)
prokka_SMRANEDI/prokka_SMRANEDI:Prokka:SMRANEDI_00092 (length 1367)
prokka_SMRANEDI/prokka_SMRANEDI:Prokka:SMRANEDI_00093 (length 251)
prokka_SMRANEDI/prokka_SMRANEDI:Prokka:SMRANEDI_00094 (length 324)
prokka_SMRANEDI/prokka_SMRANEDI:Prokka:SMRANEDI_00096 (length 59)
prokka_SMRANEDI/prokka_SMRANEDI:Prokka:SMRANEDI_00097 (length 75)
prokka_SMRANEDI/prokka_SMRANEDI:Prokka:SMRANEDI_00098 (length 414)
prokka_SMRANEDI/prokka_SMRANEDI:Prokka:SMRANEDI_00099 (length 281)
prokka_SMRANEDI/prokka_SMRANEDI:Prokka:SMRANEDI_00101 (length 420)
prokka_SMRANEDI/prokka_SMRANEDI:Prokka:SMRANEDI_00102 (length 384)
prokka_SMRANEDI/prokka_SMRANEDI:Prokka:SMRANEDI_00103 (length 465)
prokka_SMRANEDI/prokka_SMRANEDI:Prokka:SMRANEDI_00104 (length 194)
prokka_SMRANEDI/prokka_SMRANEDI:Prokka:SMRANEDI_00105 (length 358)
prokka_SMRANEDI/prokka_SMRANEDI:Prokka:SMRANEDI_00106 (length 97)
prokka_SMRANEDI/prokka_SMRANEDI:Prokka:SMRANEDI_00107 (length 148)
prokka_SMRANEDI/prokka_SMRANEDI:Prokka:SMRANEDI_00108 (length 124)
prokka_SMRANEDI/prokka_SMRANEDI:Prokka:SMRANEDI_00109 (length 75)
prokka_SMRANEDI/prokka_SMRANEDI:Prokka:SMRANEDI_00110 (length 271)
prokka_SMRANEDI/prokka_SMRANEDI:Prokka:SMRANEDI_00111 (length 64)
prokka_SMRANEDI/prokka_SMRANEDI:Prokka:SMRANEDI_00112 (length 324)
prokka_SMRANEDI/prokka_SMRANEDI:Prokka:SMRANEDI_00113 (length 463)
prokka_SMRANEDI/prokka_SMRANEDI:Prokka:SMRANEDI_00116 (length 156)
prokka_SMRANEDI/prokka_SMRANEDI:Prokka:SMRANEDI_00117 (length 106)
prokka_SMRANEDI/prokka_SMRANEDI:Prokka:SMRANEDI_00118 (length 547)
prokka_SMRANEDI/prokka_SMRANEDI:Prokka:SMRANEDI_00119 (length 89)
prokka_SMRANEDI/prokka_SMRANEDI:Prokka:SMRANEDI_00120 (length 438)
prokka_SMRANEDI/prokka_SMRANEDI:Prokka:SMRANEDI_00121 (length 477)
prokka_SMRANEDI/prokka_SMRANEDI:Prokka:SMRANEDI_00122 (length 247)
prokka_SMRANEDI/prokka_SMRANEDI:Prokka:SMRANEDI_00123 (length 430)
prokka_SMRANEDI/prokka_SMRANEDI:Prokka:SMRANEDI_00124 (length 404)
prokka_SMRANEDI/prokka_SMRANEDI:Prokka:SMRANEDI_00125 (length 74)
prokka_SMRANEDI/prokka_SMRANEDI:Prokka:SMRANEDI_00127 (length 100)
prokka_SMRANEDI/prokka_SMRANEDI:Prokka:SMRANEDI_00129 (length 71)
prokka_SMRANEDI/prokka_SMRANEDI:Prokka:SMRANEDI_00130 (length 326)
prokka_SMRANEDI/prokka_SMRANEDI:Prokka:SMRANEDI_00131 (length 314)
prokka_SMRANEDI/prokka_SMRANEDI:Prokka:SMRANEDI_00132 (length 709)
prokka_SMRANEDI/prokka_SMRANEDI:Prokka:SMRANEDI_00133 (length 58)
prokka_SMRANEDI/prokka_SMRANEDI:Prokka:SMRANEDI_00134 (length 99)
prokka_SMRANEDI/prokka_SMRANEDI:Prokka:SMRANEDI_00135 (length 333)
prokka_SMRANEDI/prokka_SMRANEDI:Prokka:SMRANEDI_00136 (length 124)
prokka_SMRANEDI/prokka_SMRANEDI:Prokka:SMRANEDI_00137 (length 159)
prokka_SMRANEDI/prokka_SMRANEDI:Prokka:SMRANEDI_00138 (length 694)
prokka_SMRANEDI/prokka_SMRANEDI:Prokka:SMRANEDI_00139 (length 98)
prokka_SMRANEDI/prokka_SMRANEDI:Prokka:SMRANEDI_00140 (length 208)
prokka_SMRANEDI/prokka_SMRANEDI:Prokka:SMRANEDI_00141 (length 215)
prokka_SMRANEDI/prokka_SMRANEDI:Prokka:SMRANEDI_00142 (length 108)
prokka_SMRANEDI/prokka_SMRANEDI:Prokka:SMRANEDI_00143 (length 274)
prokka_SMRANEDI/prokka_SMRANEDI:Prokka:SMRANEDI_00144 (length 96)
prokka_SMRANEDI/prokka_SMRANEDI:Prokka:SMRANEDI_00145 (length 127)
prokka_SMRANEDI/prokka_SMRANEDI:Prokka:SMRANEDI_00146 (length 232)
prokka_SMRANEDI/prokka_SMRANEDI:Prokka:SMRANEDI_00147 (length 134)
prokka_SMRANEDI/prokka_SMRANEDI:Prokka:SMRANEDI_00148 (length 79)
prokka_SMRANEDI/prokka_SMRANEDI:Prokka:SMRANEDI_00149 (length 122)
prokka_SMRANEDI/prokka_SMRANEDI:Prokka:SMRANEDI_00150 (length 110)
prokka_SMRANEDI/prokka_SMRANEDI:Prokka:SMRANEDI_00151 (length 181)
prokka_SMRANEDI/prokka_SMRANEDI:Prokka:SMRANEDI_00152 (length 89)
prokka_SMRANEDI/prokka_SMRANEDI:Prokka:SMRANEDI_00153 (length 129)
prokka_SMRANEDI/prokka_SMRANEDI:Prokka:SMRANEDI_00154 (length 185)
prokka_SMRANEDI/prokka_SMRANEDI:Prokka:SMRANEDI_00155 (length 114)
prokka_SMRANEDI/prokka_SMRANEDI:Prokka:SMRANEDI_00156 (length 164)
prokka_SMRANEDI/prokka_SMRANEDI:Prokka:SMRANEDI_00157 (length 158)
prokka_SMRANEDI/prokka_SMRANEDI:Prokka:SMRANEDI_00158 (length 71)
prokka_SMRANEDI/prokka_SMRANEDI:Prokka:SMRANEDI_00159 (length 38)
prokka_SMRANEDI/prokka_SMRANEDI:Prokka:SMRANEDI_00160 (length 127)
prokka_SMRANEDI/prokka_SMRANEDI:Prokka:SMRANEDI_00161 (length 117)
prokka_SMRANEDI/prokka_SMRANEDI:Prokka:SMRANEDI_00162 (length 198)
prokka_SMRANEDI/prokka_SMRANEDI:Prokka:SMRANEDI_00163 (length 349)
prokka_SMRANEDI/prokka_SMRANEDI:Prokka:SMRANEDI_00164 (length 116)
prokka_SMRANEDI/prokka_SMRANEDI:Prokka:SMRANEDI_00165 (length 300)
prokka_SMRANEDI/prokka_SMRANEDI:Prokka:SMRANEDI_00166 (length 545)
prokka_SMRANEDI/prokka_SMRANEDI:Prokka:SMRANEDI_00167 (length 490)
prokka_SMRANEDI/prokka_SMRANEDI:Prokka:SMRANEDI_00169 (length 331)
prokka_SMRANEDI/prokka_SMRANEDI:Prokka:SMRANEDI_00170 (length 366)
prokka_SMRANEDI/prokka_SMRANEDI:Prokka:SMRANEDI_00171 (length 161)
prokka_SMRANEDI/prokka_SMRANEDI:Prokka:SMRANEDI_00172 (length 136)
prokka_SMRANEDI/prokka_SMRANEDI:Prokka:SMRANEDI_00173 (length 288)
prokka_SMRANEDI/prokka_SMRANEDI:Prokka:SMRANEDI_00174 (length 244)
prokka_SMRANEDI/prokka_SMRANEDI:Prokka:SMRANEDI_00175 (length 78)
prokka_SMRANEDI/prokka_SMRANEDI:Prokka:SMRANEDI_00176 (length 559)
prokka_SMRANEDI/prokka_SMRANEDI:Prokka:SMRANEDI_00177 (length 569)

DiscRep_ALL:DISC_INCONSISTENT_MOLINFO_TECH::Molinfo Technique Report (some missing, all same)
DiscRep_SUB:DISC_INCONSISTENT_MOLINFO_TECH::technique (all missing)
DiscRep_SUB:DISC_INCONSISTENT_MOLINFO_TECH::1 Molinfos are missing field technique
prokka_SMRANEDI/prokka_SMRANEDI:Prokka:SMRANEDI_1 (length 146798)

