18:26:04.982 - INFO - UTILS - version=1.8.2
18:26:04.982 - INFO - UTILS - developer: Oliver Schwengers, github.com/oschwengers
18:26:04.982 - INFO - UTILS - command: /home/diego/miniconda3/envs/bakta/bin/bakta VFCIXNER.fasta --complete --translation-table 11 --keep-contig-headers --compliant --threads 30 --output annotation_bakta/bakta_VFCIXNER
18:26:04.982 - INFO - UTILS - local time: 2023-11-07 18:26:04
18:26:04.982 - INFO - UTILS - machine: type=x86_64, cores=32
18:26:04.982 - INFO - UTILS - system: type=Linux, release=6.5.0-10-generic
18:26:04.982 - INFO - UTILS - python: version=3.10.12, implementation=CPython
18:26:04.982 - INFO - CONFIG - threads=30
18:26:04.983 - INFO - CONFIG - verbose=False
18:26:04.983 - INFO - CONFIG - debug=False
18:26:04.983 - INFO - CONFIG - database: type=environment, path=/mnt/ssd/databases/bakta_db
18:26:04.983 - INFO - CONFIG - tmp-path=/tmp/tmp2pmn5uxa
18:26:04.983 - INFO - CONFIG - genome-path=/home/diego/Documents/metagenomes/annotation_symbio_merge/annotation_Beta/genomes/VFCIXNER.fasta
18:26:04.983 - INFO - CONFIG - min_contig_length=1
18:26:04.983 - INFO - CONFIG - prefix=VFCIXNER
18:26:04.983 - INFO - CONFIG - output-path=/home/diego/Documents/metagenomes/annotation_symbio_merge/annotation_Beta/genomes/annotation_bakta/bakta_VFCIXNER
18:26:04.983 - INFO - CONFIG - force=False
18:26:04.983 - INFO - CONFIG - genus=None
18:26:04.983 - INFO - CONFIG - species=None
18:26:04.983 - INFO - CONFIG - strain=None
18:26:04.983 - INFO - CONFIG - plasmid=None
18:26:04.983 - INFO - CONFIG - complete=True
18:26:04.983 - INFO - CONFIG - prodigal_tf=None
18:26:04.983 - INFO - CONFIG - translation_table=11
18:26:04.983 - INFO - CONFIG - gram=?
18:26:04.983 - INFO - CONFIG - compliant=True
18:26:04.983 - INFO - CONFIG - compliant mode! min_contig_length=200
18:26:04.983 - INFO - CONFIG - meta=False
18:26:04.983 - INFO - CONFIG - locus=None
18:26:04.983 - INFO - CONFIG - locus-tag=None
18:26:04.983 - INFO - CONFIG - keep_contig_headers=True
18:26:04.983 - INFO - CONFIG - replicon-table=None
18:26:04.983 - INFO - CONFIG - skip-tRNA=False
18:26:04.983 - INFO - CONFIG - skip-tmRNA=False
18:26:04.983 - INFO - CONFIG - skip-rRNA=False
18:26:04.983 - INFO - CONFIG - skip-ncRNA=False
18:26:04.983 - INFO - CONFIG - skip-ncRNA-region=False
18:26:04.983 - INFO - CONFIG - skip-CRISPR=False
18:26:04.983 - INFO - CONFIG - skip-CDS=False
18:26:04.983 - INFO - CONFIG - skip-pseudo=False
18:26:04.983 - INFO - CONFIG - skip-sORF=False
18:26:04.983 - INFO - CONFIG - skip-gap=False
18:26:04.983 - INFO - CONFIG - skip-ori=False
18:26:04.983 - INFO - CONFIG - skip-plot=False
18:26:04.983 - INFO - DB - detected: major=5, minor=0, type=full, date=2023-02-20
18:26:05.017 - INFO - UTILS - dependency: tool=tRNAscan-SE, version=v2.0.12, path=/home/diego/miniconda3/envs/bakta/bin/tRNAscan-SE
18:26:05.018 - INFO - UTILS - dependency: tool=Aragorn, version=v1.2.41, path=/home/diego/miniconda3/envs/bakta/bin/aragorn
18:26:05.020 - INFO - UTILS - dependency: tool=CMscan, version=v1.1.4, path=/home/diego/miniconda3/envs/bakta/bin/cmscan
18:26:05.020 - INFO - UTILS - dependency: tool=PilerCR, version=v1.6.0, path=/home/diego/miniconda3/envs/bakta/bin/pilercr
18:26:05.048 - INFO - UTILS - dependency: tool=Pyrodigal, version=v2.3.0, path=/home/diego/miniconda3/envs/bakta/bin/python
18:26:05.049 - INFO - UTILS - dependency: tool=AMRFinderPlus, version=v3.11.18, path=/home/diego/miniconda3/envs/bakta/bin/amrfinder
18:26:05.077 - INFO - UTILS - dependency: tool=Pyhmmer, version=v0.10.2, path=/home/diego/miniconda3/envs/bakta/bin/python
18:26:05.078 - INFO - UTILS - dependency: tool=Diamond, version=v2.1.8, path=/home/diego/miniconda3/envs/bakta/bin/diamond
18:26:05.121 - INFO - UTILS - dependency: tool=Blastn, version=v2.14.1, path=/home/diego/miniconda3/envs/bakta/bin/blastn
18:26:05.273 - INFO - UTILS - dependency: tool=Circos, version=v0.69.8, path=/home/diego/miniconda3/envs/bakta/bin/circos
18:26:05.284 - INFO - FASTA - imported: id=VFCIXNER, length=136288, description=, genomic=True, dna=True
18:26:05.284 - INFO - MAIN - imported sequences=1
18:26:05.284 - INFO - UTILS - qc: revised sequence: id=VFCIXNER, orig-id=, type=contig, complete=True, topology=circular, name=, description='', orig-description=''
18:26:05.284 - INFO - FASTA - write genome sequences: path=/tmp/tmp2pmn5uxa/contigs.fna, description=False, wrap=False
18:26:10.998 - INFO - T_RNA - contig=VFCIXNER, start=1188, stop=1258, strand=+, gene=trnW, product=tRNA-Trp(cca), score=47.6, nt=[AGGAATATAT..TCTGTTCCTG]
18:26:10.998 - INFO - T_RNA - contig=VFCIXNER, start=15307, stop=15379, strand=+, gene=trnF, product=tRNA-Phe(gaa), score=69.2, nt=[GGTTTAATAG..CCTTAAGCCA]
18:26:10.998 - INFO - T_RNA - contig=VFCIXNER, start=23081, stop=23153, strand=+, gene=trnQ, product=tRNA-Gln(ttg), score=64.0, nt=[AGGGAAGTAA..GCCTTCCTTT]
18:26:10.998 - INFO - T_RNA - contig=VFCIXNER, start=31950, stop=32038, strand=+, gene=trnS, product=tRNA-Ser(gct), score=53.8, nt=[AGAAACGTGA..TTCGTTTCTA]
18:26:10.998 - INFO - T_RNA - contig=VFCIXNER, start=34121, stop=34205, strand=+, gene=trnY, product=tRNA-Tyr(gta), score=51.7, nt=[GGAGAAGTGC..TCCTTCTTCA]
18:26:10.998 - INFO - T_RNA - contig=VFCIXNER, start=34208, stop=34278, strand=+, gene=trnG, product=tRNA-Gly(tcc), score=51.7, nt=[GCGAATATAT..TTTATTCGCT]
18:26:10.998 - INFO - T_RNA - contig=VFCIXNER, start=50870, stop=51111, strand=+, gene=None, product=tRNA-Xxx, score=39.3, nt=[AGGTCGTTAG..ATACGGCCTA]
18:26:10.998 - INFO - T_RNA - contig=VFCIXNER, start=54274, stop=54346, strand=+, gene=trnL, product=tRNA-Leu(tag), score=59.4, nt=[GCGAAAATGG..TTTTTTCGTA]
18:26:10.998 - INFO - T_RNA - contig=VFCIXNER, start=54350, stop=54439, strand=+, gene=trnS, product=tRNA-Ser(aga), score=45.5, nt=[GAAGATTTGG..TTTTTCTTCT]
18:26:10.998 - INFO - T_RNA - contig=VFCIXNER, start=67666, stop=67737, strand=+, gene=trnV, product=tRNA-Val(tac), score=51.0, nt=[AGGCATTTAA..TTATTGCCTA]
18:26:10.998 - INFO - T_RNA - contig=VFCIXNER, start=77237, stop=77307, strand=+, gene=trnT, product=tRNA-Thr(tgt), score=54.9, nt=[GTCTGATTAG..TTATTAGGCA]
18:26:10.998 - INFO - T_RNA - contig=VFCIXNER, start=80872, stop=80945, strand=+, gene=trnP, product=tRNA-Pro(tgg), score=61.0, nt=[CAGGGTATAG..ATTTCCCTGA]
18:26:10.998 - INFO - T_RNA - contig=VFCIXNER, start=136042, stop=136126, strand=+, gene=trnY, product=tRNA-Tyr(gta), score=51.7, nt=[GGAGAAGTGC..TCCTTCTTCA]
18:26:10.998 - INFO - T_RNA - contig=VFCIXNER, start=136129, stop=136199, strand=+, gene=trnG, product=tRNA-Gly(tcc), score=51.7, nt=[GCGAATATAT..TTTATTCGCT]
18:26:10.998 - INFO - T_RNA - contig=VFCIXNER, start=135887, stop=135959, strand=-, gene=trnM, product=tRNA-Met(cat), score=43.4, nt=[GGCGAATTAG..CAATTCGCTA]
18:26:10.998 - INFO - T_RNA - contig=VFCIXNER, start=120455, stop=120526, strand=-, gene=trnA, product=tRNA-Ala(tgc), score=57.4, nt=[GGGGATATAA..ATTATCTCCA]
18:26:10.998 - INFO - T_RNA - contig=VFCIXNER, start=120377, stop=120448, strand=-, gene=trnI, product=tRNA-Ile(gat), score=48.0, nt=[AGGTCTATAG..TTTAGGCCTA]
18:26:10.998 - INFO - T_RNA - contig=VFCIXNER, start=91922, stop=91996, strand=-, gene=trnD, product=tRNA-Asp(gtc), score=55.2, nt=[GGAGTAATAT..ATTTACTTCG]
18:26:10.998 - INFO - T_RNA - contig=VFCIXNER, start=80765, stop=80836, strand=-, gene=trnfM, product=tRNA-fMet(cat), score=61.9, nt=[CGTGAGGTAG..GCCCTCGCAA]
18:26:10.998 - INFO - T_RNA - contig=VFCIXNER, start=80507, stop=80577, strand=-, gene=trnR, product=tRNA-Arg(tct), score=43.0, nt=[CTCCTTATAG..CGTAGGGAGG]
18:26:10.998 - INFO - T_RNA - contig=VFCIXNER, start=78344, stop=78416, strand=-, gene=trnK, product=tRNA-Lys(ctt), score=65.6, nt=[AGGTTGTTAG..GCACGGCCTA]
18:26:10.998 - INFO - T_RNA - contig=VFCIXNER, start=70924, stop=71007, strand=-, gene=trnS, product=tRNA-Ser(tga), score=61.2, nt=[AGAAACATGG..ATTGTTTCTA]
18:26:10.998 - INFO - T_RNA - contig=VFCIXNER, start=60553, stop=60624, strand=-, gene=trnG, product=tRNA-Gly(gcc), score=53.0, nt=[GCGAAAATAA..TCTTTTCGCT]
18:26:10.998 - INFO - T_RNA - contig=VFCIXNER, start=60474, stop=60546, strand=-, gene=trnC, product=tRNA-Cys(gca), score=53.9, nt=[AGCAATATGA..GTTATTGCTT]
18:26:10.998 - INFO - T_RNA - contig=VFCIXNER, start=59661, stop=59732, strand=-, gene=trnN, product=tRNA-Asn(gtt), score=58.7, nt=[TTCCTAGTAG..AGTTAGGAAG]
18:26:10.999 - INFO - T_RNA - predicted=25
18:26:11.024 - INFO - TM_RNA - contig=VFCIXNER, start=36748, stop=37035, strand=-, gene=ssrA, product=transfer-messenger RNA, SsrA, nt=[ATTTTCATAA..TTCCCATTTT]
18:26:11.024 - INFO - TM_RNA - predicted=1
18:26:12.204 - INFO - R_RNA - contig=VFCIXNER, start=120547, stop=122075, strand=-, gene=rrs, product=16S ribosomal RNA, length=1529, coverage=0.997, truncated=None, score=1298.2, evalue=5.3e-41, nt=[TAATTTAAGA..TTTGATTAAA]
18:26:12.204 - INFO - R_RNA - contig=VFCIXNER, start=117403, stop=117514, strand=-, gene=rrf, product=5S ribosomal RNA, length=112, coverage=0.941, truncated=None, score=39.8, evalue=4.6e-06, nt=[TCTGACAATT..GTTGTCAGAT]
18:26:12.204 - INFO - R_RNA - contig=VFCIXNER, start=117525, stop=120370, strand=-, gene=rrl, product=23S ribosomal RNA, length=2846, coverage=0.973, truncated=None, score=2401.7, evalue=3.1e-05, nt=[TCTAGATGAA..AATCTAGATT]
18:26:12.204 - INFO - R_RNA - predicted=3
18:26:13.000 - INFO - NC_RNA - predicted=0
18:26:13.233 - INFO - NC_RNA_REGION - predicted=0
18:26:13.276 - INFO - CRISPR - predicted=0
18:26:13.277 - INFO - CDS - create prodigal training info object: meta=False, closed=False
18:26:13.392 - INFO - CDS - contig=VFCIXNER, start=1, stop=1185, strand=+, frame=1, truncated=5-prime, start-type=Edge, RBS-motif=None
18:26:13.392 - INFO - CDS - contig=VFCIXNER, start=1270, stop=1680, strand=+, frame=1, truncated=no, start-type=ATG, RBS-motif=None
18:26:13.392 - INFO - CDS - contig=VFCIXNER, start=1670, stop=2302, strand=+, frame=2, truncated=no, start-type=ATG, RBS-motif=None
18:26:13.392 - INFO - CDS - contig=VFCIXNER, start=2289, stop=2750, strand=+, frame=3, truncated=no, start-type=ATG, RBS-motif=AAAA
18:26:13.392 - INFO - CDS - contig=VFCIXNER, start=2737, stop=3117, strand=+, frame=1, truncated=no, start-type=ATG, RBS-motif=AAAAAA
18:26:13.392 - INFO - CDS - contig=VFCIXNER, start=3118, stop=6666, strand=+, frame=1, truncated=no, start-type=ATG, RBS-motif=None
18:26:13.392 - INFO - CDS - contig=VFCIXNER, start=6677, stop=10561, strand=+, frame=2, truncated=no, start-type=ATG, RBS-motif=None
18:26:13.392 - INFO - CDS - contig=VFCIXNER, start=10527, stop=10913, strand=+, frame=3, truncated=no, start-type=ATG, RBS-motif=AAAA
18:26:13.392 - INFO - CDS - contig=VFCIXNER, start=10910, stop=11383, strand=+, frame=2, truncated=no, start-type=ATG, RBS-motif=AAAAA
18:26:13.392 - INFO - CDS - contig=VFCIXNER, start=11383, stop=13455, strand=+, frame=1, truncated=no, start-type=ATG, RBS-motif=None
18:26:13.392 - INFO - CDS - contig=VFCIXNER, start=13442, stop=13765, strand=+, frame=2, truncated=no, start-type=ATG, RBS-motif=None
18:26:13.392 - INFO - CDS - contig=VFCIXNER, start=13755, stop=13961, strand=-, frame=3, truncated=no, start-type=ATG, RBS-motif=None
18:26:13.392 - INFO - CDS - contig=VFCIXNER, start=14012, stop=14434, strand=+, frame=2, truncated=no, start-type=ATG, RBS-motif=AAAA
18:26:13.392 - INFO - CDS - contig=VFCIXNER, start=14424, stop=15305, strand=+, frame=3, truncated=no, start-type=ATG, RBS-motif=None
18:26:13.392 - INFO - CDS - contig=VFCIXNER, start=15531, stop=16382, strand=+, frame=3, truncated=no, start-type=ATG, RBS-motif=AAAA
18:26:13.392 - INFO - CDS - contig=VFCIXNER, start=16395, stop=17528, strand=+, frame=3, truncated=no, start-type=ATG, RBS-motif=None
18:26:13.392 - INFO - CDS - contig=VFCIXNER, start=17485, stop=17985, strand=-, frame=2, truncated=no, start-type=ATG, RBS-motif=None
18:26:13.392 - INFO - CDS - contig=VFCIXNER, start=17975, stop=19069, strand=-, frame=1, truncated=no, start-type=ATG, RBS-motif=None
18:26:13.392 - INFO - CDS - contig=VFCIXNER, start=19172, stop=19561, strand=-, frame=1, truncated=no, start-type=ATG, RBS-motif=AAAAAA
18:26:13.393 - INFO - CDS - contig=VFCIXNER, start=19558, stop=19866, strand=-, frame=2, truncated=no, start-type=ATG, RBS-motif=None
18:26:13.393 - INFO - CDS - contig=VFCIXNER, start=19850, stop=20686, strand=-, frame=1, truncated=no, start-type=ATG, RBS-motif=AAAAAA
18:26:13.393 - INFO - CDS - contig=VFCIXNER, start=20694, stop=21422, strand=-, frame=3, truncated=no, start-type=TTG, RBS-motif=AACAA
18:26:13.393 - INFO - CDS - contig=VFCIXNER, start=21652, stop=23040, strand=-, frame=2, truncated=no, start-type=ATG, RBS-motif=None
18:26:13.393 - INFO - CDS - contig=VFCIXNER, start=23162, stop=24073, strand=+, frame=2, truncated=no, start-type=ATG, RBS-motif=None
18:26:13.393 - INFO - CDS - contig=VFCIXNER, start=24070, stop=24606, strand=+, frame=1, truncated=no, start-type=ATG, RBS-motif=None
18:26:13.393 - INFO - CDS - contig=VFCIXNER, start=24525, stop=25160, strand=-, frame=3, truncated=no, start-type=ATG, RBS-motif=AAAA
18:26:13.393 - INFO - CDS - contig=VFCIXNER, start=25488, stop=26636, strand=+, frame=3, truncated=no, start-type=ATG, RBS-motif=AACAA
18:26:13.393 - INFO - CDS - contig=VFCIXNER, start=26713, stop=28062, strand=-, frame=2, truncated=no, start-type=ATG, RBS-motif=None
18:26:13.393 - INFO - CDS - contig=VFCIXNER, start=28052, stop=28984, strand=-, frame=1, truncated=no, start-type=ATG, RBS-motif=AAAAA
18:26:13.393 - INFO - CDS - contig=VFCIXNER, start=28947, stop=29870, strand=-, frame=3, truncated=no, start-type=ATG, RBS-motif=None
18:26:13.393 - INFO - CDS - contig=VFCIXNER, start=29897, stop=30814, strand=+, frame=2, truncated=no, start-type=ATG, RBS-motif=None
18:26:13.393 - INFO - CDS - contig=VFCIXNER, start=30817, stop=31959, strand=+, frame=1, truncated=no, start-type=ATG, RBS-motif=None
18:26:13.393 - INFO - CDS - contig=VFCIXNER, start=32036, stop=33775, strand=-, frame=1, truncated=no, start-type=ATG, RBS-motif=AAAA
18:26:13.393 - INFO - CDS - contig=VFCIXNER, start=34277, stop=34366, strand=-, frame=1, truncated=no, start-type=ATG, RBS-motif=AAAA
18:26:13.393 - INFO - CDS - contig=VFCIXNER, start=34363, stop=34521, strand=-, frame=2, truncated=no, start-type=ATG, RBS-motif=AAAA
18:26:13.393 - INFO - CDS - contig=VFCIXNER, start=34598, stop=36820, strand=+, frame=2, truncated=no, start-type=ATG, RBS-motif=AACAA
18:26:13.393 - INFO - CDS - contig=VFCIXNER, start=37028, stop=37756, strand=+, frame=2, truncated=no, start-type=ATG, RBS-motif=None
18:26:13.393 - INFO - CDS - contig=VFCIXNER, start=37753, stop=38853, strand=+, frame=1, truncated=no, start-type=ATG, RBS-motif=AAAAAA
18:26:13.393 - INFO - CDS - contig=VFCIXNER, start=38831, stop=39559, strand=-, frame=1, truncated=no, start-type=ATG, RBS-motif=AAAA
18:26:13.393 - INFO - CDS - contig=VFCIXNER, start=39556, stop=40293, strand=-, frame=2, truncated=no, start-type=ATG, RBS-motif=AAAA
18:26:13.393 - INFO - CDS - contig=VFCIXNER, start=40286, stop=41176, strand=-, frame=1, truncated=no, start-type=ATG, RBS-motif=AAAA
18:26:13.393 - INFO - CDS - contig=VFCIXNER, start=41216, stop=41785, strand=-, frame=1, truncated=no, start-type=ATG, RBS-motif=None
18:26:13.393 - INFO - CDS - contig=VFCIXNER, start=41766, stop=43070, strand=-, frame=3, truncated=no, start-type=ATG, RBS-motif=AAAA
18:26:13.393 - INFO - CDS - contig=VFCIXNER, start=43060, stop=44586, strand=-, frame=2, truncated=no, start-type=ATG, RBS-motif=AAAA
18:26:13.393 - INFO - CDS - contig=VFCIXNER, start=44583, stop=45971, strand=-, frame=3, truncated=no, start-type=ATG, RBS-motif=None
18:26:13.393 - INFO - CDS - contig=VFCIXNER, start=45998, stop=46996, strand=-, frame=1, truncated=no, start-type=ATG, RBS-motif=AAAA
18:26:13.393 - INFO - CDS - contig=VFCIXNER, start=47214, stop=48536, strand=-, frame=3, truncated=no, start-type=ATG, RBS-motif=None
18:26:13.393 - INFO - CDS - contig=VFCIXNER, start=48520, stop=49473, strand=-, frame=2, truncated=no, start-type=ATG, RBS-motif=None
18:26:13.393 - INFO - CDS - contig=VFCIXNER, start=49535, stop=50866, strand=+, frame=2, truncated=no, start-type=ATG, RBS-motif=None
18:26:13.393 - INFO - CDS - contig=VFCIXNER, start=51115, stop=54111, strand=+, frame=1, truncated=no, start-type=ATG, RBS-motif=None
18:26:13.393 - INFO - CDS - contig=VFCIXNER, start=54086, stop=54256, strand=+, frame=2, truncated=no, start-type=ATG, RBS-motif=AAAA
18:26:13.393 - INFO - CDS - contig=VFCIXNER, start=54348, stop=55232, strand=+, frame=3, truncated=no, start-type=ATG, RBS-motif=None
18:26:13.393 - INFO - CDS - contig=VFCIXNER, start=55219, stop=55488, strand=+, frame=1, truncated=no, start-type=ATG, RBS-motif=None
18:26:13.393 - INFO - CDS - contig=VFCIXNER, start=55687, stop=56736, strand=+, frame=1, truncated=no, start-type=ATG, RBS-motif=None
18:26:13.393 - INFO - CDS - contig=VFCIXNER, start=56720, stop=57364, strand=+, frame=2, truncated=no, start-type=ATG, RBS-motif=AAAAA
18:26:13.393 - INFO - CDS - contig=VFCIXNER, start=57351, stop=58511, strand=+, frame=3, truncated=no, start-type=ATG, RBS-motif=AAAA
18:26:13.393 - INFO - CDS - contig=VFCIXNER, start=58501, stop=59283, strand=+, frame=1, truncated=no, start-type=ATG, RBS-motif=AAAA
18:26:13.393 - INFO - CDS - contig=VFCIXNER, start=59231, stop=59458, strand=+, frame=2, truncated=no, start-type=ATG, RBS-motif=None
18:26:13.393 - INFO - CDS - contig=VFCIXNER, start=59436, stop=59699, strand=+, frame=3, truncated=no, start-type=ATG, RBS-motif=None
18:26:13.393 - INFO - CDS - contig=VFCIXNER, start=59735, stop=60355, strand=+, frame=2, truncated=no, start-type=ATG, RBS-motif=None
18:26:13.393 - INFO - CDS - contig=VFCIXNER, start=60342, stop=60482, strand=+, frame=3, truncated=no, start-type=ATG, RBS-motif=AAAAA
18:26:13.393 - INFO - CDS - contig=VFCIXNER, start=60610, stop=61188, strand=-, frame=2, truncated=no, start-type=ATG, RBS-motif=None
18:26:13.393 - INFO - CDS - contig=VFCIXNER, start=61314, stop=62285, strand=+, frame=3, truncated=no, start-type=TTG, RBS-motif=None
18:26:13.393 - INFO - CDS - contig=VFCIXNER, start=62272, stop=65421, strand=+, frame=1, truncated=no, start-type=ATG, RBS-motif=AAAA
18:26:13.393 - INFO - CDS - contig=VFCIXNER, start=65396, stop=65968, strand=+, frame=2, truncated=no, start-type=ATG, RBS-motif=None
18:26:13.393 - INFO - CDS - contig=VFCIXNER, start=65955, stop=66503, strand=+, frame=3, truncated=no, start-type=ATG, RBS-motif=AAAAA
18:26:13.393 - INFO - CDS - contig=VFCIXNER, start=66500, stop=67675, strand=+, frame=2, truncated=no, start-type=ATG, RBS-motif=AAAA
18:26:13.393 - INFO - CDS - contig=VFCIXNER, start=67747, stop=68598, strand=+, frame=1, truncated=no, start-type=ATG, RBS-motif=None
18:26:13.393 - INFO - CDS - contig=VFCIXNER, start=68595, stop=69695, strand=+, frame=3, truncated=no, start-type=ATG, RBS-motif=AAAAAA
18:26:13.393 - INFO - CDS - contig=VFCIXNER, start=69682, stop=70839, strand=+, frame=1, truncated=no, start-type=ATG, RBS-motif=None
18:26:13.393 - INFO - CDS - contig=VFCIXNER, start=71017, stop=71604, strand=+, frame=1, truncated=no, start-type=ATG, RBS-motif=None
18:26:13.393 - INFO - CDS - contig=VFCIXNER, start=71601, stop=72890, strand=+, frame=3, truncated=no, start-type=ATG, RBS-motif=AAAA
18:26:13.393 - INFO - CDS - contig=VFCIXNER, start=72859, stop=73935, strand=+, frame=1, truncated=no, start-type=ATG, RBS-motif=None
18:26:13.393 - INFO - CDS - contig=VFCIXNER, start=73932, stop=74504, strand=+, frame=3, truncated=no, start-type=ATG, RBS-motif=None
18:26:13.393 - INFO - CDS - contig=VFCIXNER, start=74501, stop=75106, strand=+, frame=2, truncated=no, start-type=ATG, RBS-motif=None
18:26:13.393 - INFO - CDS - contig=VFCIXNER, start=75094, stop=75828, strand=+, frame=1, truncated=no, start-type=ATG, RBS-motif=None
18:26:13.393 - INFO - CDS - contig=VFCIXNER, start=75818, stop=76591, strand=+, frame=2, truncated=no, start-type=ATG, RBS-motif=AAAA
18:26:13.393 - INFO - CDS - contig=VFCIXNER, start=76599, stop=76919, strand=+, frame=3, truncated=no, start-type=ATG, RBS-motif=None
18:26:13.393 - INFO - CDS - contig=VFCIXNER, start=76926, stop=77246, strand=+, frame=3, truncated=no, start-type=ATG, RBS-motif=None
18:26:13.394 - INFO - CDS - contig=VFCIXNER, start=77401, stop=78303, strand=+, frame=1, truncated=no, start-type=ATG, RBS-motif=None
18:26:13.394 - INFO - CDS - contig=VFCIXNER, start=78415, stop=78789, strand=-, frame=2, truncated=no, start-type=ATG, RBS-motif=AAAAAA
18:26:13.394 - INFO - CDS - contig=VFCIXNER, start=78782, stop=79009, strand=-, frame=1, truncated=no, start-type=ATG, RBS-motif=AAAA
18:26:13.394 - INFO - CDS - contig=VFCIXNER, start=78972, stop=79433, strand=-, frame=3, truncated=no, start-type=ATG, RBS-motif=None
18:26:13.394 - INFO - CDS - contig=VFCIXNER, start=79434, stop=80495, strand=-, frame=3, truncated=no, start-type=ATG, RBS-motif=None
18:26:13.394 - INFO - CDS - contig=VFCIXNER, start=80631, stop=80747, strand=+, frame=3, truncated=no, start-type=ATG, RBS-motif=None
18:26:13.394 - INFO - CDS - contig=VFCIXNER, start=80946, stop=81329, strand=+, frame=3, truncated=no, start-type=ATG, RBS-motif=None
18:26:13.394 - INFO - CDS - contig=VFCIXNER, start=81301, stop=81807, strand=-, frame=2, truncated=no, start-type=ATG, RBS-motif=AAAAAA
18:26:13.394 - INFO - CDS - contig=VFCIXNER, start=81800, stop=82447, strand=-, frame=1, truncated=no, start-type=ATG, RBS-motif=AAAA
18:26:13.394 - INFO - CDS - contig=VFCIXNER, start=82444, stop=83106, strand=-, frame=2, truncated=no, start-type=ATG, RBS-motif=None
18:26:13.394 - INFO - CDS - contig=VFCIXNER, start=83109, stop=84242, strand=+, frame=3, truncated=no, start-type=ATG, RBS-motif=None
18:26:13.394 - INFO - CDS - contig=VFCIXNER, start=84274, stop=84990, strand=+, frame=1, truncated=no, start-type=TTG, RBS-motif=None
18:26:13.394 - INFO - CDS - contig=VFCIXNER, start=85020, stop=86087, strand=+, frame=3, truncated=no, start-type=ATG, RBS-motif=None
18:26:13.394 - INFO - CDS - contig=VFCIXNER, start=86301, stop=87653, strand=-, frame=3, truncated=no, start-type=ATG, RBS-motif=None
18:26:13.394 - INFO - CDS - contig=VFCIXNER, start=87658, stop=88836, strand=-, frame=2, truncated=no, start-type=ATG, RBS-motif=None
18:26:13.394 - INFO - CDS - contig=VFCIXNER, start=88842, stop=90101, strand=-, frame=3, truncated=no, start-type=ATG, RBS-motif=AAAA
18:26:13.394 - INFO - CDS - contig=VFCIXNER, start=90118, stop=90558, strand=-, frame=2, truncated=no, start-type=ATG, RBS-motif=None
18:26:13.394 - INFO - CDS - contig=VFCIXNER, start=90578, stop=91684, strand=+, frame=2, truncated=no, start-type=TTG, RBS-motif=None
18:26:13.394 - INFO - CDS - contig=VFCIXNER, start=91662, stop=91883, strand=+, frame=3, truncated=no, start-type=ATG, RBS-motif=None
18:26:13.394 - INFO - CDS - contig=VFCIXNER, start=92055, stop=93245, strand=-, frame=3, truncated=no, start-type=ATG, RBS-motif=None
18:26:13.394 - INFO - CDS - contig=VFCIXNER, start=93248, stop=94576, strand=+, frame=2, truncated=no, start-type=ATG, RBS-motif=None
18:26:13.394 - INFO - CDS - contig=VFCIXNER, start=94573, stop=96381, strand=+, frame=1, truncated=no, start-type=ATG, RBS-motif=AAAAAA
18:26:13.394 - INFO - CDS - contig=VFCIXNER, start=96451, stop=96711, strand=+, frame=1, truncated=no, start-type=ATG, RBS-motif=None
18:26:13.394 - INFO - CDS - contig=VFCIXNER, start=96711, stop=98300, strand=+, frame=3, truncated=no, start-type=ATG, RBS-motif=None
18:26:13.394 - INFO - CDS - contig=VFCIXNER, start=98300, stop=99598, strand=+, frame=2, truncated=no, start-type=ATG, RBS-motif=None
18:26:13.394 - INFO - CDS - contig=VFCIXNER, start=99578, stop=99844, strand=-, frame=1, truncated=no, start-type=ATG, RBS-motif=None
18:26:13.394 - INFO - CDS - contig=VFCIXNER, start=100081, stop=100770, strand=-, frame=2, truncated=no, start-type=ATG, RBS-motif=None
18:26:13.394 - INFO - CDS - contig=VFCIXNER, start=100772, stop=100912, strand=+, frame=2, truncated=no, start-type=ATG, RBS-motif=None
18:26:13.394 - INFO - CDS - contig=VFCIXNER, start=100914, stop=101570, strand=+, frame=3, truncated=no, start-type=ATG, RBS-motif=None
18:26:13.394 - INFO - CDS - contig=VFCIXNER, start=101560, stop=102609, strand=-, frame=2, truncated=no, start-type=ATG, RBS-motif=None
18:26:13.394 - INFO - CDS - contig=VFCIXNER, start=102602, stop=104545, strand=-, frame=1, truncated=no, start-type=ATG, RBS-motif=None
18:26:13.394 - INFO - CDS - contig=VFCIXNER, start=104809, stop=105825, strand=+, frame=1, truncated=no, start-type=ATG, RBS-motif=None
18:26:13.394 - INFO - CDS - contig=VFCIXNER, start=105856, stop=106866, strand=-, frame=2, truncated=no, start-type=ATG, RBS-motif=None
18:26:13.394 - INFO - CDS - contig=VFCIXNER, start=106853, stop=107596, strand=-, frame=1, truncated=no, start-type=ATG, RBS-motif=None
18:26:13.394 - INFO - CDS - contig=VFCIXNER, start=107583, stop=109907, strand=-, frame=3, truncated=no, start-type=ATG, RBS-motif=None
18:26:13.394 - INFO - CDS - contig=VFCIXNER, start=109904, stop=110542, strand=-, frame=1, truncated=no, start-type=ATG, RBS-motif=AACAA
18:26:13.394 - INFO - CDS - contig=VFCIXNER, start=110529, stop=112550, strand=-, frame=3, truncated=no, start-type=ATG, RBS-motif=None
18:26:13.394 - INFO - CDS - contig=VFCIXNER, start=112560, stop=112997, strand=+, frame=3, truncated=no, start-type=ATG, RBS-motif=None
18:26:13.394 - INFO - CDS - contig=VFCIXNER, start=112974, stop=114116, strand=-, frame=3, truncated=no, start-type=ATG, RBS-motif=AAAAAA
18:26:13.394 - INFO - CDS - contig=VFCIXNER, start=114120, stop=114902, strand=-, frame=3, truncated=no, start-type=ATG, RBS-motif=AAAAAA
18:26:13.394 - INFO - CDS - contig=VFCIXNER, start=114902, stop=115135, strand=-, frame=1, truncated=no, start-type=ATG, RBS-motif=AAAA
18:26:13.394 - INFO - CDS - contig=VFCIXNER, start=115128, stop=115439, strand=-, frame=3, truncated=no, start-type=ATG, RBS-motif=None
18:26:13.394 - INFO - CDS - contig=VFCIXNER, start=115439, stop=116146, strand=-, frame=1, truncated=no, start-type=ATG, RBS-motif=None
18:26:13.394 - INFO - CDS - contig=VFCIXNER, start=116185, stop=117408, strand=+, frame=1, truncated=no, start-type=ATG, RBS-motif=None
18:26:13.394 - INFO - CDS - contig=VFCIXNER, start=117734, stop=118000, strand=+, frame=2, truncated=no, start-type=ATG, RBS-motif=None
18:26:13.394 - INFO - CDS - contig=VFCIXNER, start=122474, stop=122983, strand=+, frame=2, truncated=no, start-type=ATG, RBS-motif=None
18:26:13.394 - INFO - CDS - contig=VFCIXNER, start=122976, stop=123563, strand=+, frame=3, truncated=no, start-type=ATG, RBS-motif=None
18:26:13.394 - INFO - CDS - contig=VFCIXNER, start=123541, stop=123771, strand=+, frame=1, truncated=no, start-type=ATG, RBS-motif=None
18:26:13.394 - INFO - CDS - contig=VFCIXNER, start=123768, stop=124592, strand=+, frame=3, truncated=no, start-type=ATG, RBS-motif=None
18:26:13.394 - INFO - CDS - contig=VFCIXNER, start=124582, stop=124863, strand=+, frame=1, truncated=no, start-type=ATG, RBS-motif=AAAAA
18:26:13.394 - INFO - CDS - contig=VFCIXNER, start=124866, stop=125210, strand=+, frame=3, truncated=no, start-type=ATG, RBS-motif=None
18:26:13.394 - INFO - CDS - contig=VFCIXNER, start=125200, stop=125811, strand=+, frame=1, truncated=no, start-type=ATG, RBS-motif=AAAA
18:26:13.394 - INFO - CDS - contig=VFCIXNER, start=125845, stop=126249, strand=+, frame=1, truncated=no, start-type=ATG, RBS-motif=AAAA
18:26:13.394 - INFO - CDS - contig=VFCIXNER, start=126239, stop=126385, strand=+, frame=2, truncated=no, start-type=ATG, RBS-motif=AAAA
18:26:13.394 - INFO - CDS - contig=VFCIXNER, start=126345, stop=126575, strand=+, frame=3, truncated=no, start-type=ATG, RBS-motif=AACAA
18:26:13.394 - INFO - CDS - contig=VFCIXNER, start=126572, stop=126952, strand=+, frame=2, truncated=no, start-type=ATG, RBS-motif=AAAA
18:26:13.394 - INFO - CDS - contig=VFCIXNER, start=126959, stop=127117, strand=+, frame=2, truncated=no, start-type=ATG, RBS-motif=AAAA
18:26:13.394 - INFO - CDS - contig=VFCIXNER, start=127117, stop=127671, strand=+, frame=1, truncated=no, start-type=ATG, RBS-motif=None
18:26:13.394 - INFO - CDS - contig=VFCIXNER, start=127673, stop=127963, strand=+, frame=2, truncated=no, start-type=ATG, RBS-motif=None
18:26:13.395 - INFO - CDS - contig=VFCIXNER, start=127974, stop=128363, strand=+, frame=3, truncated=no, start-type=ATG, RBS-motif=None
18:26:13.395 - INFO - CDS - contig=VFCIXNER, start=128360, stop=128959, strand=+, frame=2, truncated=no, start-type=ATG, RBS-motif=None
18:26:13.395 - INFO - CDS - contig=VFCIXNER, start=128960, stop=129298, strand=+, frame=2, truncated=no, start-type=ATG, RBS-motif=AAAA
18:26:13.395 - INFO - CDS - contig=VFCIXNER, start=129291, stop=129734, strand=+, frame=3, truncated=no, start-type=ATG, RBS-motif=None
18:26:13.395 - INFO - CDS - contig=VFCIXNER, start=129712, stop=130116, strand=+, frame=1, truncated=no, start-type=ATG, RBS-motif=AAAA
18:26:13.395 - INFO - CDS - contig=VFCIXNER, start=130094, stop=130318, strand=+, frame=2, truncated=no, start-type=ATG, RBS-motif=None
18:26:13.395 - INFO - CDS - contig=VFCIXNER, start=130322, stop=130435, strand=+, frame=2, truncated=no, start-type=ATG, RBS-motif=None
18:26:13.395 - INFO - CDS - contig=VFCIXNER, start=130432, stop=130794, strand=+, frame=1, truncated=no, start-type=ATG, RBS-motif=None
18:26:13.395 - INFO - CDS - contig=VFCIXNER, start=130784, stop=131137, strand=+, frame=2, truncated=no, start-type=ATG, RBS-motif=None
18:26:13.395 - INFO - CDS - contig=VFCIXNER, start=131138, stop=131695, strand=+, frame=2, truncated=no, start-type=ATG, RBS-motif=AAAAA
18:26:13.395 - INFO - CDS - contig=VFCIXNER, start=131692, stop=132606, strand=+, frame=1, truncated=no, start-type=ATG, RBS-motif=None
18:26:13.395 - INFO - CDS - contig=VFCIXNER, start=132613, stop=132960, strand=+, frame=1, truncated=no, start-type=ATG, RBS-motif=None
18:26:13.395 - INFO - CDS - contig=VFCIXNER, start=132962, stop=133126, strand=+, frame=2, truncated=no, start-type=ATG, RBS-motif=AAAA
18:26:13.395 - INFO - CDS - contig=VFCIXNER, start=133158, stop=134330, strand=-, frame=3, truncated=no, start-type=ATG, RBS-motif=None
18:26:13.395 - INFO - CDS - contig=VFCIXNER, start=134331, stop=134813, strand=+, frame=3, truncated=no, start-type=ATG, RBS-motif=None
18:26:13.395 - INFO - CDS - contig=VFCIXNER, start=134810, stop=135889, strand=+, frame=2, truncated=no, start-type=ATG, RBS-motif=None
18:26:13.395 - INFO - CDS - truncated CDS: contig=VFCIXNER, start=1, stop=1185, strand=+, frame=1, truncated=5-prime, start-type=Edge, RBS-motif=None, aa-hexdigest=edbfcb424d5a5c4ff5179ab221ac043a, aa=[MKKEFFNRNK..GAGIIVKIIN]
18:26:13.395 - INFO - CDS - contig=VFCIXNER, start=1270, stop=1680, strand=+, nt=[ATGTTTGTTA..TGATAAATAA]
18:26:13.395 - INFO - CDS - contig=VFCIXNER, start=1670, stop=2302, strand=+, nt=[ATGATAAATA..AAATAATTAA]
18:26:13.395 - INFO - CDS - contig=VFCIXNER, start=2289, stop=2750, strand=+, nt=[ATGAAAATAA..AAAAAATTAA]
18:26:13.395 - INFO - CDS - contig=VFCIXNER, start=2737, stop=3117, strand=+, nt=[ATGAAAAAAA..TTCTTCATAA]
18:26:13.395 - INFO - CDS - contig=VFCIXNER, start=3118, stop=6666, strand=+, nt=[ATGAATTACT..TATTAAATAA]
18:26:13.395 - INFO - CDS - contig=VFCIXNER, start=6677, stop=10561, strand=+, nt=[ATGAAAAATT..AAAAAAGTAG]
18:26:13.395 - INFO - CDS - contig=VFCIXNER, start=10527, stop=10913, strand=+, nt=[ATGACAACAA..TAAAACATGA]
18:26:13.395 - INFO - CDS - contig=VFCIXNER, start=10910, stop=11383, strand=+, nt=[ATGAGAAGAA..TTTATATTAA]
18:26:13.395 - INFO - CDS - contig=VFCIXNER, start=11383, stop=13455, strand=+, nt=[ATGAAGATAT..AAAAATTTGA]
18:26:13.395 - INFO - CDS - contig=VFCIXNER, start=13442, stop=13765, strand=+, nt=[ATGAAAAAAT..TACAATATAA]
18:26:13.395 - INFO - CDS - contig=VFCIXNER, start=13755, stop=13961, strand=-, nt=[ATGTTAACAG..TATATTGTAA]
18:26:13.395 - INFO - CDS - contig=VFCIXNER, start=14012, stop=14434, strand=+, nt=[ATGATAATTT..TGATGTTTAA]
18:26:13.395 - INFO - CDS - contig=VFCIXNER, start=14424, stop=15305, strand=+, nt=[ATGATGTTTA..TTTTGGTTAA]
18:26:13.395 - INFO - CDS - contig=VFCIXNER, start=15531, stop=16382, strand=+, nt=[ATGGAGAAAT..CAATAAATGA]
18:26:13.395 - INFO - CDS - contig=VFCIXNER, start=16395, stop=17528, strand=+, nt=[ATGAAATTTT..AAAAAAGTAG]
18:26:13.395 - INFO - CDS - contig=VFCIXNER, start=17485, stop=17985, strand=-, nt=[ATGTTAGGTA..ATCCTGTTAA]
18:26:13.395 - INFO - CDS - contig=VFCIXNER, start=17975, stop=19069, strand=-, nt=[ATGATTTTTA..TGTTAGGTAA]
18:26:13.395 - INFO - CDS - contig=VFCIXNER, start=19172, stop=19561, strand=-, nt=[ATGATAGGTT..AAAAAGATAA]
18:26:13.395 - INFO - CDS - contig=VFCIXNER, start=19558, stop=19866, strand=-, nt=[ATGAAAATAA..TAAAGAATGA]
18:26:13.395 - INFO - CDS - contig=VFCIXNER, start=19850, stop=20686, strand=-, nt=[ATGAAAATAT..TAAAAAATAA]
18:26:13.395 - INFO - CDS - contig=VFCIXNER, start=20694, stop=21422, strand=-, nt=[TTGTGGTTAT..AAGATTCTAA]
18:26:13.395 - INFO - CDS - contig=VFCIXNER, start=21652, stop=23040, strand=-, nt=[ATGATTAAAA..TGAACAATAA]
18:26:13.395 - INFO - CDS - contig=VFCIXNER, start=23162, stop=24073, strand=+, nt=[ATGAATAAAG..TCAAATATGA]
18:26:13.395 - INFO - CDS - contig=VFCIXNER, start=24070, stop=24606, strand=+, nt=[ATGATTACAT..AAAAAAGTAA]
18:26:13.395 - INFO - CDS - contig=VFCIXNER, start=24525, stop=25160, strand=-, nt=[ATGAAAAAAA..TTCTAGATGA]
18:26:13.395 - INFO - CDS - contig=VFCIXNER, start=25488, stop=26636, strand=+, nt=[ATGGGAAAAA..TCCTTTTTAG]
18:26:13.395 - INFO - CDS - contig=VFCIXNER, start=26713, stop=28062, strand=-, nt=[ATGAAAATTA..TGTAAAATAA]
18:26:13.395 - INFO - CDS - contig=VFCIXNER, start=28052, stop=28984, strand=-, nt=[ATGAAAAGAA..TGAAAATTAA]
18:26:13.395 - INFO - CDS - contig=VFCIXNER, start=28947, stop=29870, strand=-, nt=[ATGTATAAAA..AAAGAATTAA]
18:26:13.395 - INFO - CDS - contig=VFCIXNER, start=29897, stop=30814, strand=+, nt=[ATGAAGAAAA..AAAAAAATAA]
18:26:13.395 - INFO - CDS - contig=VFCIXNER, start=30817, stop=31959, strand=+, nt=[ATGTCAATAA..AGAAACGTGA]
18:26:13.395 - INFO - CDS - contig=VFCIXNER, start=32036, stop=33775, strand=-, nt=[ATGTTTTTTA..GTATATATAG]
18:26:13.395 - INFO - CDS - contig=VFCIXNER, start=34277, stop=34366, strand=-, nt=[ATGAAAGAAA..AAGCTTTTAG]
18:26:13.395 - INFO - CDS - contig=VFCIXNER, start=34363, stop=34521, strand=-, nt=[ATGAAAAAAA..AAAAAAATGA]
18:26:13.395 - INFO - CDS - contig=VFCIXNER, start=34598, stop=36820, strand=+, nt=[ATGTCTTTTA..TAATTTATAA]
18:26:13.395 - INFO - CDS - contig=VFCIXNER, start=37028, stop=37756, strand=+, nt=[ATGAAAATAA..TATTAAATGA]
18:26:13.395 - INFO - CDS - contig=VFCIXNER, start=37753, stop=38853, strand=+, nt=[ATGAAAGATC..CATTTATTAA]
18:26:13.395 - INFO - CDS - contig=VFCIXNER, start=38831, stop=39559, strand=-, nt=[ATGAACAATT..GCTTTCTTAA]
18:26:13.395 - INFO - CDS - contig=VFCIXNER, start=39556, stop=40293, strand=-, nt=[ATGATTAATT..AATCAAATGA]
18:26:13.395 - INFO - CDS - contig=VFCIXNER, start=40286, stop=41176, strand=-, nt=[ATGAGAATAA..TTATGATTAA]
18:26:13.395 - INFO - CDS - contig=VFCIXNER, start=41216, stop=41785, strand=-, nt=[ATGATAAACA..AAAAATATAG]
18:26:13.395 - INFO - CDS - contig=VFCIXNER, start=41766, stop=43070, strand=-, nt=[ATGAAATATA..TATTAGATAA]
18:26:13.395 - INFO - CDS - contig=VFCIXNER, start=43060, stop=44586, strand=-, nt=[ATGATTTTGC..TGAAATATAG]
18:26:13.395 - INFO - CDS - contig=VFCIXNER, start=44583, stop=45971, strand=-, nt=[ATGAAAAAAA..AAAAAAATGA]
18:26:13.395 - INFO - CDS - contig=VFCIXNER, start=45998, stop=46996, strand=-, nt=[ATGAAAAAAA..TTATTATTAA]
18:26:13.395 - INFO - CDS - contig=VFCIXNER, start=47214, stop=48536, strand=-, nt=[ATGGATCTTT..TAGATTTTAA]
18:26:13.395 - INFO - CDS - contig=VFCIXNER, start=48520, stop=49473, strand=-, nt=[ATGGCTGTTT..TTTATTTTAG]
18:26:13.395 - INFO - CDS - contig=VFCIXNER, start=49535, stop=50866, strand=+, nt=[ATGAAAATTT..TAATTATTAA]
18:26:13.395 - INFO - CDS - contig=VFCIXNER, start=51115, stop=54111, strand=+, nt=[ATGTTCTGCA..AAAAATATAA]
18:26:13.395 - INFO - CDS - contig=VFCIXNER, start=54086, stop=54256, strand=+, nt=[ATGGAAAAAT..CAAACGATAA]
18:26:13.395 - INFO - CDS - contig=VFCIXNER, start=54348, stop=55232, strand=+, nt=[ATGAAGATTT..AAATTCATAA]
18:26:13.395 - INFO - CDS - contig=VFCIXNER, start=55219, stop=55488, strand=+, nt=[ATGAAAATTC..TAATGTCTAA]
18:26:13.395 - INFO - CDS - contig=VFCIXNER, start=55687, stop=56736, strand=+, nt=[ATGAACATTG..CAAAAATTAA]
18:26:13.395 - INFO - CDS - contig=VFCIXNER, start=56720, stop=57364, strand=+, nt=[ATGAAGACAA..TTCCAAATAA]
18:26:13.395 - INFO - CDS - contig=VFCIXNER, start=57351, stop=58511, strand=+, nt=[ATGATTCCAA..TGTTGTTTAA]
18:26:13.395 - INFO - CDS - contig=VFCIXNER, start=58501, stop=59283, strand=+, nt=[ATGTTGTTTA..ATATTGTTAA]
18:26:13.395 - INFO - CDS - contig=VFCIXNER, start=59231, stop=59458, strand=+, nt=[ATGATAATAA..GTATAAATAA]
18:26:13.395 - INFO - CDS - contig=VFCIXNER, start=59436, stop=59699, strand=+, nt=[ATGCAAAAAT..CACGGATTAA]
18:26:13.395 - INFO - CDS - contig=VFCIXNER, start=59735, stop=60355, strand=+, nt=[ATGATAATTA..CTGTTCCTAA]
18:26:13.395 - INFO - CDS - contig=VFCIXNER, start=60342, stop=60482, strand=+, nt=[ATGGCTGTTC..TAAGCAATAA]
18:26:13.395 - INFO - CDS - contig=VFCIXNER, start=60610, stop=61188, strand=-, nt=[ATGAAAAGAT..AATAACTTAA]
18:26:13.395 - INFO - CDS - contig=VFCIXNER, start=61314, stop=62285, strand=+, nt=[TTGGGTTATC..AAAAAATTAA]
18:26:13.395 - INFO - CDS - contig=VFCIXNER, start=62272, stop=65421, strand=+, nt=[ATGAAAAAAA..TTTTATCTAA]
18:26:13.395 - INFO - CDS - contig=VFCIXNER, start=65396, stop=65968, strand=+, nt=[ATGAAGTATA..TAGATTTTAA]
18:26:13.395 - INFO - CDS - contig=VFCIXNER, start=65955, stop=66503, strand=+, nt=[ATGTTAGATT..AAATAAATGA]
18:26:13.395 - INFO - CDS - contig=VFCIXNER, start=66500, stop=67675, strand=+, nt=[ATGACAATTT..AGGCATTTAA]
18:26:13.395 - INFO - CDS - contig=VFCIXNER, start=67747, stop=68598, strand=+, nt=[ATGATGATTT..TAAAAAATGA]
18:26:13.395 - INFO - CDS - contig=VFCIXNER, start=68595, stop=69695, strand=+, nt=[ATGATCAATA..AAAACACTAG]
18:26:13.395 - INFO - CDS - contig=VFCIXNER, start=69682, stop=70839, strand=+, nt=[ATGCAAAACA..TTATAAATAA]
18:26:13.395 - INFO - CDS - contig=VFCIXNER, start=71017, stop=71604, strand=+, nt=[ATGATAATAT..AATAATATGA]
18:26:13.395 - INFO - CDS - contig=VFCIXNER, start=71601, stop=72890, strand=+, nt=[ATGAAAATTA..AAAAAAATGA]
18:26:13.395 - INFO - CDS - contig=VFCIXNER, start=72859, stop=73935, strand=+, nt=[ATGAAGATAA..ATGTAAATGA]
18:26:13.395 - INFO - CDS - contig=VFCIXNER, start=73932, stop=74504, strand=+, nt=[ATGAAAAGGT..TACAAAATGA]
18:26:13.395 - INFO - CDS - contig=VFCIXNER, start=74501, stop=75106, strand=+, nt=[ATGAATATAG..GAAAATATAA]
18:26:13.395 - INFO - CDS - contig=VFCIXNER, start=75094, stop=75828, strand=+, nt=[ATGGAAAATA..TGTTACTTAA]
18:26:13.395 - INFO - CDS - contig=VFCIXNER, start=75818, stop=76591, strand=+, nt=[ATGTTACTTA..TTCTTGTTAA]
18:26:13.395 - INFO - CDS - contig=VFCIXNER, start=76599, stop=76919, strand=+, nt=[ATGGTTTTCT..TATAGTTTAA]
18:26:13.395 - INFO - CDS - contig=VFCIXNER, start=76926, stop=77246, strand=+, nt=[ATGAAAATTT..GTCTGATTAG]
18:26:13.395 - INFO - CDS - contig=VFCIXNER, start=77401, stop=78303, strand=+, nt=[ATGAAAAATA..ACACCATTAA]
18:26:13.396 - INFO - CDS - contig=VFCIXNER, start=78415, stop=78789, strand=-, nt=[ATGTCTAGAA..TAAAAATTAG]
18:26:13.396 - INFO - CDS - contig=VFCIXNER, start=78782, stop=79009, strand=-, nt=[ATGGAAATAA..GAATGTCTAG]
18:26:13.396 - INFO - CDS - contig=VFCIXNER, start=78972, stop=79433, strand=-, nt=[ATGCAAGAAG..CTCAAAGTAA]
18:26:13.396 - INFO - CDS - contig=VFCIXNER, start=79434, stop=80495, strand=-, nt=[ATGAGCAGCA..ATTCTTTTAA]
18:26:13.396 - INFO - CDS - contig=VFCIXNER, start=80631, stop=80747, strand=+, nt=[ATGATAAATA..GTTTTTTTAA]
18:26:13.396 - INFO - CDS - contig=VFCIXNER, start=80946, stop=81329, strand=+, nt=[ATGAAAAAAA..ATTTTTTTAG]
18:26:13.396 - INFO - CDS - contig=VFCIXNER, start=81301, stop=81807, strand=-, nt=[ATGATTAATA..AAATTATTAA]
18:26:13.396 - INFO - CDS - contig=VFCIXNER, start=81800, stop=82447, strand=-, nt=[ATGATAAAAA..AAATGATTAA]
18:26:13.396 - INFO - CDS - contig=VFCIXNER, start=82444, stop=83106, strand=-, nt=[ATGGAAAATC..AATCCAATGA]
18:26:13.396 - INFO - CDS - contig=VFCIXNER, start=83109, stop=84242, strand=+, nt=[ATGATAGACC..AAAAGAATGA]
18:26:13.396 - INFO - CDS - contig=VFCIXNER, start=84274, stop=84990, strand=+, nt=[TTGCTAAACA..TAAATATTAA]
18:26:13.396 - INFO - CDS - contig=VFCIXNER, start=85020, stop=86087, strand=+, nt=[ATGAGATTTT..TAACCTTTAA]
18:26:13.396 - INFO - CDS - contig=VFCIXNER, start=86301, stop=87653, strand=-, nt=[ATGTATACTT..CAGCCGCTAA]
18:26:13.396 - INFO - CDS - contig=VFCIXNER, start=87658, stop=88836, strand=-, nt=[ATGAAAGTTC..AATTTTATAA]
18:26:13.396 - INFO - CDS - contig=VFCIXNER, start=88842, stop=90101, strand=-, nt=[ATGTTTTTAG..AGAAGATTAA]
18:26:13.396 - INFO - CDS - contig=VFCIXNER, start=90118, stop=90558, strand=-, nt=[ATGAAAAAAT..TTATAATTAG]
18:26:13.396 - INFO - CDS - contig=VFCIXNER, start=90578, stop=91684, strand=+, nt=[TTGGAATTAA..TACACCCTAA]
18:26:13.396 - INFO - CDS - contig=VFCIXNER, start=91662, stop=91883, strand=+, nt=[ATGAAAAAAA..AAAAAATTAA]
18:26:13.396 - INFO - CDS - contig=VFCIXNER, start=92055, stop=93245, strand=-, nt=[ATGAATTCAA..CTTCATCTAA]
18:26:13.396 - INFO - CDS - contig=VFCIXNER, start=93248, stop=94576, strand=+, nt=[ATGAAAAGAA..AGGAAAATGA]
18:26:13.396 - INFO - CDS - contig=VFCIXNER, start=94573, stop=96381, strand=+, nt=[ATGAAATTTA..ACAAAAGTAA]
18:26:13.396 - INFO - CDS - contig=VFCIXNER, start=96451, stop=96711, strand=+, nt=[ATGAATATTA..TTTAAAGTAA]
18:26:13.396 - INFO - CDS - contig=VFCIXNER, start=96711, stop=98300, strand=+, nt=[ATGAAATATA..TGGAAGTTAA]
18:26:13.396 - INFO - CDS - contig=VFCIXNER, start=98300, stop=99598, strand=+, nt=[ATGAATTTGA..TAGGCATTAA]
18:26:13.396 - INFO - CDS - contig=VFCIXNER, start=99578, stop=99844, strand=-, nt=[ATGATAACTT..AGAAATCTAA]
18:26:13.396 - INFO - CDS - contig=VFCIXNER, start=100081, stop=100770, strand=-, nt=[ATGAAAAAGT..AACAACTTAA]
18:26:13.396 - INFO - CDS - contig=VFCIXNER, start=100772, stop=100912, strand=+, nt=[ATGAAAAGAA..TAAACAATAA]
18:26:13.396 - INFO - CDS - contig=VFCIXNER, start=100914, stop=101570, strand=+, nt=[ATGAATTCAA..TATTTATTAG]
18:26:13.396 - INFO - CDS - contig=VFCIXNER, start=101560, stop=102609, strand=-, nt=[ATGAATAACT..TAATAAATAA]
18:26:13.396 - INFO - CDS - contig=VFCIXNER, start=102602, stop=104545, strand=-, nt=[ATGAAAGTAA..AAATGAATAA]
18:26:13.396 - INFO - CDS - contig=VFCIXNER, start=104809, stop=105825, strand=+, nt=[ATGAAAATAA..TTGTTGTTAA]
18:26:13.396 - INFO - CDS - contig=VFCIXNER, start=105856, stop=106866, strand=-, nt=[ATGATAGTGG..AAACTATTAA]
18:26:13.396 - INFO - CDS - contig=VFCIXNER, start=106853, stop=107596, strand=-, nt=[ATGATAAAAA..TAGTGGTTAG]
18:26:13.396 - INFO - CDS - contig=VFCIXNER, start=107583, stop=109907, strand=-, nt=[ATGAAAATTA..TAAAAAATAA]
18:26:13.396 - INFO - CDS - contig=VFCIXNER, start=109904, stop=110542, strand=-, nt=[ATGAATATAG..TAACTTATGA]
18:26:13.396 - INFO - CDS - contig=VFCIXNER, start=110529, stop=112550, strand=-, nt=[ATGAAATTGT..ATATAGTTAA]
18:26:13.396 - INFO - CDS - contig=VFCIXNER, start=112560, stop=112997, strand=+, nt=[ATGAGAATTC..TGAGAAATAA]
18:26:13.396 - INFO - CDS - contig=VFCIXNER, start=112974, stop=114116, strand=-, nt=[ATGAACAAAA..AATTAATTAA]
18:26:13.396 - INFO - CDS - contig=VFCIXNER, start=114120, stop=114902, strand=-, nt=[ATGAACTTAG..ATATATTTAG]
18:26:13.396 - INFO - CDS - contig=VFCIXNER, start=114902, stop=115135, strand=-, nt=[ATGGCTAAAA..AGTTTTATAA]
18:26:13.396 - INFO - CDS - contig=VFCIXNER, start=115128, stop=115439, strand=-, nt=[ATGAAAAAAC..AAATGGCTAA]
18:26:13.396 - INFO - CDS - contig=VFCIXNER, start=115439, stop=116146, strand=-, nt=[ATGAGACACA..TAAGAAATAA]
18:26:13.396 - INFO - CDS - contig=VFCIXNER, start=116185, stop=117408, strand=+, nt=[ATGATATTAA..AAAAATCTGA]
18:26:13.396 - INFO - CDS - contig=VFCIXNER, start=117734, stop=118000, strand=+, nt=[ATGTACCTCC..TGAGCGATAG]
18:26:13.396 - INFO - CDS - contig=VFCIXNER, start=122474, stop=122983, strand=+, nt=[ATGAAATTTT..CAATGATTAA]
18:26:13.396 - INFO - CDS - contig=VFCIXNER, start=122976, stop=123563, strand=+, nt=[ATGATTAAAA..GTATTTTTAG]
18:26:13.396 - INFO - CDS - contig=VFCIXNER, start=123541, stop=123771, strand=+, nt=[ATGAAAACAC..AGAAAAATGA]
18:26:13.396 - INFO - CDS - contig=VFCIXNER, start=123768, stop=124592, strand=+, nt=[ATGAAAGAAA..TGATAATTAA]
18:26:13.396 - INFO - CDS - contig=VFCIXNER, start=124582, stop=124863, strand=+, nt=[ATGATAATTA..TAAAAATTAA]
18:26:13.396 - INFO - CDS - contig=VFCIXNER, start=124866, stop=125210, strand=+, nt=[ATGATAATAA..TGGGAAATAA]
18:26:13.396 - INFO - CDS - contig=VFCIXNER, start=125200, stop=125811, strand=+, nt=[ATGGGAAATA..AAATTATTAA]
18:26:13.396 - INFO - CDS - contig=VFCIXNER, start=125845, stop=126249, strand=+, nt=[ATGCTTTTTC..TGATTACTGA]
18:26:13.396 - INFO - CDS - contig=VFCIXNER, start=126239, stop=126385, strand=+, nt=[ATGATTACTG..TCAGTTCTAG]
18:26:13.396 - INFO - CDS - contig=VFCIXNER, start=126345, stop=126575, strand=+, nt=[ATGAAAGAAA..AATAAAATGA]
18:26:13.396 - INFO - CDS - contig=VFCIXNER, start=126572, stop=126952, strand=+, nt=[ATGATTCAAG..AATAATTTAA]
18:26:13.396 - INFO - CDS - contig=VFCIXNER, start=126959, stop=127117, strand=+, nt=[ATGAAAGTTG..ATTATTTTAA]
18:26:13.396 - INFO - CDS - contig=VFCIXNER, start=127117, stop=127671, strand=+, nt=[ATGAAATATA..GCAACTATAA]
18:26:13.396 - INFO - CDS - contig=VFCIXNER, start=127673, stop=127963, strand=+, nt=[ATGTCAAAAA..TAGTTGGTAG]
18:26:13.396 - INFO - CDS - contig=VFCIXNER, start=127974, stop=128363, strand=+, nt=[ATGAATAATT..TATAATATGA]
18:26:13.396 - INFO - CDS - contig=VFCIXNER, start=128360, stop=128959, strand=+, nt=[ATGATGTCTA..GAAAAAATAA]
18:26:13.396 - INFO - CDS - contig=VFCIXNER, start=128960, stop=129298, strand=+, nt=[ATGATTTTTA..TAATGTTTAA]
18:26:13.396 - INFO - CDS - contig=VFCIXNER, start=129291, stop=129734, strand=+, nt=[ATGTTTAAAG..AGCTTTTTAA]
18:26:13.396 - INFO - CDS - contig=VFCIXNER, start=129712, stop=130116, strand=+, nt=[ATGAAAATAA..TAAACGATAA]
18:26:13.396 - INFO - CDS - contig=VFCIXNER, start=130094, stop=130318, strand=+, nt=[ATGTCATTAA..AATAAAGTAA]
18:26:13.396 - INFO - CDS - contig=VFCIXNER, start=130322, stop=130435, strand=+, nt=[ATGAAGGTTT..ACAAGGATGA]
18:26:13.396 - INFO - CDS - contig=VFCIXNER, start=130432, stop=130794, strand=+, nt=[ATGATTTTTG..TGAAAAATAA]
18:26:13.396 - INFO - CDS - contig=VFCIXNER, start=130784, stop=131137, strand=+, nt=[ATGAAAAATA..AAGAATTTAA]
18:26:13.396 - INFO - CDS - contig=VFCIXNER, start=131138, stop=131695, strand=+, nt=[ATGAAGAAAT..TACTAGATGA]
18:26:13.396 - INFO - CDS - contig=VFCIXNER, start=131692, stop=132606, strand=+, nt=[ATGAATAAGA..GACACAATAA]
18:26:13.396 - INFO - CDS - contig=VFCIXNER, start=132613, stop=132960, strand=+, nt=[ATGAGACACA..AATAAAATAA]
18:26:13.396 - INFO - CDS - contig=VFCIXNER, start=132962, stop=133126, strand=+, nt=[ATGAATATAT..TAAAGCTTAA]
18:26:13.396 - INFO - CDS - contig=VFCIXNER, start=133158, stop=134330, strand=-, nt=[ATGTACAAAA..TAGAAAATAA]
18:26:13.396 - INFO - CDS - contig=VFCIXNER, start=134331, stop=134813, strand=+, nt=[ATGAAAAACG..AACACAATGA]
18:26:13.396 - INFO - CDS - contig=VFCIXNER, start=134810, stop=135889, strand=+, nt=[ATGAAATTTA..TTTCATATAG]
18:26:13.396 - INFO - CDS - contig=VFCIXNER, start=1, stop=1185, strand=+, nt=[ATGAAAAAAG..AATCAATTAA]
18:26:13.412 - INFO - CDS - predicted=154
18:26:13.443 - INFO - ORF - discard spurious: contig=VFCIXNER, start=117734, stop=118000, strand=+, homology=Spurious_ORF_05, evalue=1.8e-47, bitscore=153.111816
18:26:13.485 - INFO - ORF - discarded=1
18:26:13.550 - INFO - UPS - looked-up=0
18:26:13.551 - INFO - IPS - looked-up=0
18:26:13.552 - INFO - ORF - write internal aa seqs: # seqs=153, path=/tmp/tmp2pmn5uxa/cds.psc.faa
18:26:54.945 - INFO - PSC - found: PSC=0, PSCC=46
18:26:54.961 - INFO - PSC - looked-up=46
18:26:54.966 - INFO - PSCC - looked-up=43
18:26:54.966 - INFO - ORF - write internal aa seqs: # seqs=153, path=/tmp/tmp2pmn5uxa/cds.expert.faa
18:26:55.543 - INFO - EXPERT-AMRFINDER - found=0
18:26:56.062 - INFO - EXPERT_AA_SEQ - found=0
18:26:56.062 - INFO - ANNOTATION - marked as hypothetical: contig=VFCIXNER, start=1270, stop=1680, strand=+
18:26:56.062 - INFO - ANNOTATION - marked as hypothetical: contig=VFCIXNER, start=1670, stop=2302, strand=+
18:26:56.062 - INFO - ANNOTATION - marked as hypothetical: contig=VFCIXNER, start=2289, stop=2750, strand=+
18:26:56.062 - INFO - ANNOTATION - marked as hypothetical: contig=VFCIXNER, start=2737, stop=3117, strand=+
18:26:56.062 - INFO - ANNOTATION - marked as hypothetical: contig=VFCIXNER, start=3118, stop=6666, strand=+
18:26:56.062 - INFO - ANNOTATION - marked as hypothetical: contig=VFCIXNER, start=6677, stop=10561, strand=+
18:26:56.063 - INFO - ANNOTATION - marked as hypothetical: contig=VFCIXNER, start=13442, stop=13765, strand=+
18:26:56.063 - INFO - ANNOTATION - marked as hypothetical: contig=VFCIXNER, start=13755, stop=13961, strand=-
18:26:56.063 - INFO - ANNOTATION - marked as hypothetical: contig=VFCIXNER, start=14012, stop=14434, strand=+
18:26:56.063 - INFO - ANNOTATION - marked as hypothetical: contig=VFCIXNER, start=14424, stop=15305, strand=+
18:26:56.063 - INFO - ANNOTATION - marked as hypothetical: contig=VFCIXNER, start=15531, stop=16382, strand=+
18:26:56.063 - INFO - ANNOTATION - marked as hypothetical: contig=VFCIXNER, start=16395, stop=17528, strand=+
18:26:56.063 - INFO - ANNOTATION - marked as hypothetical: contig=VFCIXNER, start=17485, stop=17985, strand=-
18:26:56.063 - INFO - ANNOTATION - marked as hypothetical: contig=VFCIXNER, start=17975, stop=19069, strand=-
18:26:56.063 - INFO - ANNOTATION - marked as hypothetical: contig=VFCIXNER, start=19172, stop=19561, strand=-
18:26:56.063 - INFO - ANNOTATION - marked as hypothetical: contig=VFCIXNER, start=19558, stop=19866, strand=-
18:26:56.063 - INFO - ANNOTATION - marked as hypothetical: contig=VFCIXNER, start=19850, stop=20686, strand=-
18:26:56.063 - INFO - ANNOTATION - marked as hypothetical: contig=VFCIXNER, start=20694, stop=21422, strand=-
18:26:56.063 - INFO - ANNOTATION - marked as hypothetical: contig=VFCIXNER, start=21652, stop=23040, strand=-
18:26:56.063 - INFO - ANNOTATION - marked as hypothetical: contig=VFCIXNER, start=23162, stop=24073, strand=+
18:26:56.063 - INFO - ANNOTATION - marked as hypothetical: contig=VFCIXNER, start=24070, stop=24606, strand=+
18:26:56.063 - INFO - ANNOTATION - marked as hypothetical: contig=VFCIXNER, start=24525, stop=25160, strand=-
18:26:56.063 - INFO - ANNOTATION - marked as hypothetical: contig=VFCIXNER, start=28947, stop=29870, strand=-
18:26:56.063 - INFO - ANNOTATION - marked as hypothetical: contig=VFCIXNER, start=30817, stop=31959, strand=+
18:26:56.063 - INFO - ANNOTATION - marked as hypothetical: contig=VFCIXNER, start=32036, stop=33775, strand=-
18:26:56.063 - INFO - ANNOTATION - marked as hypothetical: contig=VFCIXNER, start=34277, stop=34366, strand=-
18:26:56.063 - INFO - ANNOTATION - marked as hypothetical: contig=VFCIXNER, start=37028, stop=37756, strand=+
18:26:56.063 - INFO - ANNOTATION - marked as hypothetical: contig=VFCIXNER, start=39556, stop=40293, strand=-
18:26:56.063 - INFO - ANNOTATION - marked as hypothetical: contig=VFCIXNER, start=40286, stop=41176, strand=-
18:26:56.063 - INFO - ANNOTATION - marked as hypothetical: contig=VFCIXNER, start=41216, stop=41785, strand=-
18:26:56.063 - INFO - ANNOTATION - marked as hypothetical: contig=VFCIXNER, start=41766, stop=43070, strand=-
18:26:56.063 - INFO - ANNOTATION - marked as hypothetical: contig=VFCIXNER, start=43060, stop=44586, strand=-
18:26:56.063 - INFO - ANNOTATION - marked as hypothetical: contig=VFCIXNER, start=47214, stop=48536, strand=-
18:26:56.063 - INFO - ANNOTATION - marked as hypothetical: contig=VFCIXNER, start=48520, stop=49473, strand=-
18:26:56.063 - INFO - ANNOTATION - marked as hypothetical: contig=VFCIXNER, start=49535, stop=50866, strand=+
18:26:56.063 - INFO - ANNOTATION - marked as hypothetical: contig=VFCIXNER, start=51115, stop=54111, strand=+
18:26:56.063 - INFO - ANNOTATION - marked as hypothetical: contig=VFCIXNER, start=54086, stop=54256, strand=+
18:26:56.063 - INFO - ANNOTATION - marked as hypothetical: contig=VFCIXNER, start=54348, stop=55232, strand=+
18:26:56.063 - INFO - ANNOTATION - marked as hypothetical: contig=VFCIXNER, start=55219, stop=55488, strand=+
18:26:56.063 - INFO - ANNOTATION - marked as hypothetical: contig=VFCIXNER, start=55687, stop=56736, strand=+
18:26:56.063 - INFO - ANNOTATION - marked as hypothetical: contig=VFCIXNER, start=56720, stop=57364, strand=+
18:26:56.063 - INFO - ANNOTATION - marked as hypothetical: contig=VFCIXNER, start=58501, stop=59283, strand=+
18:26:56.063 - INFO - ANNOTATION - marked as hypothetical: contig=VFCIXNER, start=59231, stop=59458, strand=+
18:26:56.063 - INFO - ANNOTATION - marked as hypothetical: contig=VFCIXNER, start=59436, stop=59699, strand=+
18:26:56.063 - INFO - ANNOTATION - marked as hypothetical: contig=VFCIXNER, start=59735, stop=60355, strand=+
18:26:56.063 - INFO - ANNOTATION - marked as hypothetical: contig=VFCIXNER, start=60342, stop=60482, strand=+
18:26:56.063 - INFO - ANNOTATION - marked as hypothetical: contig=VFCIXNER, start=60610, stop=61188, strand=-
18:26:56.063 - INFO - ANNOTATION - marked as hypothetical: contig=VFCIXNER, start=61314, stop=62285, strand=+
18:26:56.063 - INFO - ANNOTATION - marked as hypothetical: contig=VFCIXNER, start=65396, stop=65968, strand=+
18:26:56.063 - INFO - ANNOTATION - fix gene: extract symbol from protein name. symbol=clpX
18:26:56.063 - INFO - ANNOTATION - marked as hypothetical: contig=VFCIXNER, start=67747, stop=68598, strand=+
18:26:56.063 - INFO - ANNOTATION - marked as hypothetical: contig=VFCIXNER, start=68595, stop=69695, strand=+
18:26:56.063 - INFO - ANNOTATION - marked as hypothetical: contig=VFCIXNER, start=69682, stop=70839, strand=+
18:26:56.063 - INFO - ANNOTATION - marked as hypothetical: contig=VFCIXNER, start=72859, stop=73935, strand=+
18:26:56.063 - INFO - ANNOTATION - marked as hypothetical: contig=VFCIXNER, start=73932, stop=74504, strand=+
18:26:56.063 - INFO - ANNOTATION - marked as hypothetical: contig=VFCIXNER, start=74501, stop=75106, strand=+
18:26:56.063 - INFO - ANNOTATION - marked as hypothetical: contig=VFCIXNER, start=75094, stop=75828, strand=+
18:26:56.063 - INFO - ANNOTATION - marked as hypothetical: contig=VFCIXNER, start=76926, stop=77246, strand=+
18:26:56.063 - INFO - ANNOTATION - marked as hypothetical: contig=VFCIXNER, start=77401, stop=78303, strand=+
18:26:56.063 - INFO - ANNOTATION - marked as hypothetical: contig=VFCIXNER, start=78782, stop=79009, strand=-
18:26:56.063 - INFO - ANNOTATION - marked as hypothetical: contig=VFCIXNER, start=78972, stop=79433, strand=-
18:26:56.064 - INFO - ANNOTATION - marked as hypothetical: contig=VFCIXNER, start=80631, stop=80747, strand=+
18:26:56.064 - INFO - ANNOTATION - marked as hypothetical: contig=VFCIXNER, start=80946, stop=81329, strand=+
18:26:56.064 - INFO - ANNOTATION - marked as hypothetical: contig=VFCIXNER, start=81301, stop=81807, strand=-
18:26:56.064 - INFO - ANNOTATION - marked as hypothetical: contig=VFCIXNER, start=81800, stop=82447, strand=-
18:26:56.064 - INFO - ANNOTATION - marked as hypothetical: contig=VFCIXNER, start=82444, stop=83106, strand=-
18:26:56.064 - INFO - ANNOTATION - marked as hypothetical: contig=VFCIXNER, start=85020, stop=86087, strand=+
18:26:56.064 - INFO - ANNOTATION - marked as hypothetical: contig=VFCIXNER, start=87658, stop=88836, strand=-
18:26:56.064 - INFO - ANNOTATION - marked as hypothetical: contig=VFCIXNER, start=88842, stop=90101, strand=-
18:26:56.064 - INFO - ANNOTATION - marked as hypothetical: contig=VFCIXNER, start=90118, stop=90558, strand=-
18:26:56.064 - INFO - ANNOTATION - marked as hypothetical: contig=VFCIXNER, start=91662, stop=91883, strand=+
18:26:56.064 - INFO - ANNOTATION - marked as hypothetical: contig=VFCIXNER, start=92055, stop=93245, strand=-
18:26:56.064 - INFO - ANNOTATION - marked as hypothetical: contig=VFCIXNER, start=93248, stop=94576, strand=+
18:26:56.064 - INFO - ANNOTATION - marked as hypothetical: contig=VFCIXNER, start=94573, stop=96381, strand=+
18:26:56.064 - INFO - ANNOTATION - marked as hypothetical: contig=VFCIXNER, start=96451, stop=96711, strand=+
18:26:56.064 - INFO - ANNOTATION - marked as hypothetical: contig=VFCIXNER, start=98300, stop=99598, strand=+
18:26:56.064 - INFO - ANNOTATION - marked as hypothetical: contig=VFCIXNER, start=99578, stop=99844, strand=-
18:26:56.064 - INFO - ANNOTATION - marked as hypothetical: contig=VFCIXNER, start=100081, stop=100770, strand=-
18:26:56.064 - INFO - ANNOTATION - marked as hypothetical: contig=VFCIXNER, start=100772, stop=100912, strand=+
18:26:56.064 - INFO - ANNOTATION - marked as hypothetical: contig=VFCIXNER, start=100914, stop=101570, strand=+
18:26:56.064 - INFO - ANNOTATION - marked as hypothetical: contig=VFCIXNER, start=101560, stop=102609, strand=-
18:26:56.064 - INFO - ANNOTATION - fix gene: extract symbol from protein name. symbol=dnaK
18:26:56.064 - INFO - ANNOTATION - marked as hypothetical: contig=VFCIXNER, start=104809, stop=105825, strand=+
18:26:56.064 - INFO - ANNOTATION - marked as hypothetical: contig=VFCIXNER, start=105856, stop=106866, strand=-
18:26:56.064 - INFO - ANNOTATION - marked as hypothetical: contig=VFCIXNER, start=106853, stop=107596, strand=-
18:26:56.064 - INFO - ANNOTATION - marked as hypothetical: contig=VFCIXNER, start=107583, stop=109907, strand=-
18:26:56.064 - INFO - ANNOTATION - marked as hypothetical: contig=VFCIXNER, start=109904, stop=110542, strand=-
18:26:56.064 - INFO - ANNOTATION - marked as hypothetical: contig=VFCIXNER, start=110529, stop=112550, strand=-
18:26:56.064 - INFO - ANNOTATION - marked as hypothetical: contig=VFCIXNER, start=112974, stop=114116, strand=-
18:26:56.064 - INFO - ANNOTATION - marked as hypothetical: contig=VFCIXNER, start=114120, stop=114902, strand=-
18:26:56.064 - INFO - ANNOTATION - marked as hypothetical: contig=VFCIXNER, start=114902, stop=115135, strand=-
18:26:56.064 - INFO - ANNOTATION - marked as hypothetical: contig=VFCIXNER, start=115128, stop=115439, strand=-
18:26:56.064 - INFO - ANNOTATION - marked as hypothetical: contig=VFCIXNER, start=115439, stop=116146, strand=-
18:26:56.064 - INFO - ANNOTATION - marked as hypothetical: contig=VFCIXNER, start=122474, stop=122983, strand=+
18:26:56.064 - INFO - ANNOTATION - marked as hypothetical: contig=VFCIXNER, start=122976, stop=123563, strand=+
18:26:56.064 - INFO - ANNOTATION - marked as hypothetical: contig=VFCIXNER, start=123541, stop=123771, strand=+
18:26:56.064 - INFO - ANNOTATION - marked as hypothetical: contig=VFCIXNER, start=124866, stop=125210, strand=+
18:26:56.064 - INFO - ANNOTATION - marked as hypothetical: contig=VFCIXNER, start=126239, stop=126385, strand=+
18:26:56.064 - INFO - ANNOTATION - marked as hypothetical: contig=VFCIXNER, start=126345, stop=126575, strand=+
18:26:56.064 - INFO - ANNOTATION - marked as hypothetical: contig=VFCIXNER, start=126959, stop=127117, strand=+
18:26:56.064 - INFO - ANNOTATION - marked as hypothetical: contig=VFCIXNER, start=127974, stop=128363, strand=+
18:26:56.064 - INFO - ANNOTATION - marked as hypothetical: contig=VFCIXNER, start=128360, stop=128959, strand=+
18:26:56.064 - INFO - ANNOTATION - marked as hypothetical: contig=VFCIXNER, start=128960, stop=129298, strand=+
18:26:56.064 - INFO - ANNOTATION - marked as hypothetical: contig=VFCIXNER, start=129291, stop=129734, strand=+
18:26:56.064 - INFO - ANNOTATION - marked as hypothetical: contig=VFCIXNER, start=129712, stop=130116, strand=+
18:26:56.064 - INFO - ANNOTATION - marked as hypothetical: contig=VFCIXNER, start=131138, stop=131695, strand=+
18:26:56.064 - INFO - ANNOTATION - marked as hypothetical: contig=VFCIXNER, start=131692, stop=132606, strand=+
18:26:56.064 - INFO - ANNOTATION - marked as hypothetical: contig=VFCIXNER, start=132613, stop=132960, strand=+
18:26:56.064 - INFO - ANNOTATION - marked as hypothetical: contig=VFCIXNER, start=132962, stop=133126, strand=+
18:26:56.064 - INFO - ANNOTATION - marked as hypothetical: contig=VFCIXNER, start=134331, stop=134813, strand=+
18:26:56.064 - INFO - ANNOTATION - marked as hypothetical: contig=VFCIXNER, start=134810, stop=135889, strand=+
18:26:56.064 - INFO - ANNOTATION - marked as hypothetical: contig=VFCIXNER, start=1, stop=1185, strand=+
18:26:56.064 - INFO - ORF - write internal aa seqs: # seqs=109, path=/tmp/tmp2pmn5uxa/cds.pseudo.candidates.faa
18:27:42.439 - INFO - CDS - found: pseudogene-candidates=0
18:27:42.439 - INFO - PSC - looked-up=0
18:27:42.440 - INFO - PSCC - looked-up=0
18:27:42.463 - INFO - CDS - pfam detected: contig=VFCIXNER, start=68595, stop=69695, strand=+, pfam-id=PF00004.32, length=148, aa-start=44, aa-stop=170, aa-cov=0.3, hmm-cov=0.8, evalue=1.6e-12, bitscore=40.8, name=AAA
18:27:42.466 - INFO - CDS - pfam detected: contig=VFCIXNER, start=68595, stop=69695, strand=+, pfam-id=PF13401.9, length=129, aa-start=42, aa-stop=157, aa-cov=0.3, hmm-cov=1.0, evalue=7.7e-09, bitscore=28.8, name=AAA_22
18:27:42.466 - INFO - CDS - pfam detected: contig=VFCIXNER, start=88842, stop=90101, strand=-, pfam-id=PF13481.9, length=192, aa-start=167, aa-stop=344, aa-cov=0.4, hmm-cov=0.9, evalue=3.1e-09, bitscore=29.5, name=AAA_25
18:27:42.467 - INFO - CDS - pfam detected: contig=VFCIXNER, start=68595, stop=69695, strand=+, pfam-id=PF07728.17, length=117, aa-start=43, aa-stop=145, aa-cov=0.3, hmm-cov=0.8, evalue=5.2e-09, bitscore=29.0, name=AAA_5
18:27:42.487 - INFO - CDS - pfam detected: contig=VFCIXNER, start=72859, stop=73935, strand=+, pfam-id=PF00155.24, length=332, aa-start=65, aa-stop=354, aa-cov=0.8, hmm-cov=1.0, evalue=3.2e-26, bitscore=85.1, name=Aminotran_1_2
18:27:42.490 - INFO - CDS - pfam detected: contig=VFCIXNER, start=32036, stop=33775, strand=-, pfam-id=PF08264.16, length=142, aa-start=350, aa-stop=486, aa-cov=0.2, hmm-cov=1.0, evalue=1.8e-20, bitscore=66.3, name=Anticodon_1
18:27:42.490 - INFO - CDS - pfam detected: contig=VFCIXNER, start=107583, stop=109907, strand=-, pfam-id=PF08264.16, length=146, aa-start=621, aa-stop=740, aa-cov=0.2, hmm-cov=1.0, evalue=4.2e-08, bitscore=26.1, name=Anticodon_1
18:27:42.638 - INFO - CDS - pfam detected: contig=VFCIXNER, start=96451, stop=96711, strand=+, pfam-id=PF00166.24, length=92, aa-start=2, aa-stop=84, aa-cov=1.0, hmm-cov=1.0, evalue=8.8e-13, bitscore=41.0, name=Cpn10
18:27:42.639 - INFO - CDS - pfam detected: contig=VFCIXNER, start=61314, stop=62285, strand=+, pfam-id=PF00988.25, length=88, aa-start=1, aa-stop=88, aa-cov=0.3, hmm-cov=1.0, evalue=5.7e-24, bitscore=77.2, name=CPSase_sm_chain
18:27:42.650 - INFO - CDS - pfam detected: contig=VFCIXNER, start=13755, stop=13961, strand=-, pfam-id=PF00313.25, length=64, aa-start=3, aa-stop=66, aa-cov=0.9, hmm-cov=1.0, evalue=5.9e-31, bitscore=99.0, name=CSD
18:27:42.669 - INFO - CDS - pfam detected: contig=VFCIXNER, start=104809, stop=105825, strand=+, pfam-id=PF00793.23, length=292, aa-start=29, aa-stop=317, aa-cov=0.9, hmm-cov=0.9, evalue=1.6e-63, bitscore=206.9, name=DAHP_synth_1
18:27:42.670 - INFO - CDS - pfam detected: contig=VFCIXNER, start=109904, stop=110542, strand=-, pfam-id=PF05173.17, length=99, aa-start=120, aa-stop=209, aa-cov=0.4, hmm-cov=1.0, evalue=1.3e-14, bitscore=47.1, name=DapB_C
18:27:42.670 - INFO - CDS - pfam detected: contig=VFCIXNER, start=109904, stop=110542, strand=-, pfam-id=PF01113.23, length=67, aa-start=31, aa-stop=97, aa-cov=0.3, hmm-cov=1.0, evalue=4.4e-14, bitscore=45.5, name=DapB_N
18:27:42.671 - INFO - CDS - pfam detected: contig=VFCIXNER, start=19850, stop=20686, strand=-, pfam-id=PF01678.22, length=82, aa-start=5, aa-stop=86, aa-cov=0.3, hmm-cov=1.0, evalue=1.4e-16, bitscore=53.6, name=DAP_epimerase
18:27:42.681 - INFO - CDS - pfam detected: contig=VFCIXNER, start=28947, stop=29870, strand=-, pfam-id=PF00701.25, length=289, aa-start=4, aa-stop=289, aa-cov=0.9, hmm-cov=1.0, evalue=7.8e-67, bitscore=217.7, name=DHDPS
18:27:42.681 - INFO - CDS - pfam detected: contig=VFCIXNER, start=134810, stop=135889, strand=+, pfam-id=PF01761.23, length=262, aa-start=62, aa-stop=320, aa-cov=0.7, hmm-cov=1.0, evalue=8.5e-72, bitscore=234.2, name=DHQ_synthase
18:27:42.687 - INFO - CDS - pfam detected: contig=VFCIXNER, start=88842, stop=90101, strand=-, pfam-id=PF00772.24, length=96, aa-start=5, aa-stop=97, aa-cov=0.2, hmm-cov=1.0, evalue=2.7e-19, bitscore=62.0, name=DnaB
18:27:42.687 - INFO - CDS - pfam detected: contig=VFCIXNER, start=88842, stop=90101, strand=-, pfam-id=PF03796.18, length=254, aa-start=168, aa-stop=417, aa-cov=0.6, hmm-cov=1.0, evalue=5.4e-91, bitscore=297.1, name=DnaB_C
18:27:42.687 - INFO - CDS - pfam detected: contig=VFCIXNER, start=101560, stop=102609, strand=-, pfam-id=PF00226.34, length=63, aa-start=3, aa-stop=65, aa-cov=0.2, hmm-cov=1.0, evalue=6.7e-28, bitscore=89.5, name=DnaJ
18:27:42.688 - INFO - CDS - pfam detected: contig=VFCIXNER, start=101560, stop=102609, strand=-, pfam-id=PF01556.21, length=217, aa-start=113, aa-stop=325, aa-cov=0.6, hmm-cov=0.7, evalue=8.0e-21, bitscore=67.5, name=DnaJ_C
18:27:42.688 - INFO - CDS - pfam detected: contig=VFCIXNER, start=101560, stop=102609, strand=-, pfam-id=PF00684.22, length=66, aa-start=139, aa-stop=199, aa-cov=0.2, hmm-cov=1.0, evalue=9.4e-12, bitscore=38.0, name=DnaJ_CXXCXGXG
18:27:42.690 - INFO - CDS - pfam detected: contig=VFCIXNER, start=51115, stop=54111, strand=+, pfam-id=PF07733.15, length=264, aa-start=285, aa-stop=542, aa-cov=0.3, hmm-cov=1.0, evalue=4.9e-85, bitscore=278.0, name=DNA_pol3_alpha
18:27:42.691 - INFO - CDS - pfam detected: contig=VFCIXNER, start=99578, stop=99844, strand=-, pfam-id=PF02768.18, length=86, aa-start=2, aa-stop=86, aa-cov=1.0, hmm-cov=1.0, evalue=5.7e-10, bitscore=32.0, name=DNA_pol3_beta_3
18:27:42.692 - INFO - CDS - pfam detected: contig=VFCIXNER, start=68595, stop=69695, strand=+, pfam-id=PF13177.9, length=159, aa-start=23, aa-stop=178, aa-cov=0.4, hmm-cov=1.0, evalue=1.8e-31, bitscore=102.2, name=DNA_pol3_delta2
18:27:42.692 - INFO - CDS - pfam detected: contig=VFCIXNER, start=51115, stop=54111, strand=+, pfam-id=PF17657.4, length=157, aa-start=549, aa-stop=703, aa-cov=0.2, hmm-cov=1.0, evalue=7.6e-44, bitscore=141.8, name=DNA_pol3_finger
18:27:42.692 - INFO - CDS - pfam detected: contig=VFCIXNER, start=60610, stop=61188, strand=-, pfam-id=PF01612.23, length=139, aa-start=5, aa-stop=139, aa-cov=0.7, hmm-cov=0.8, evalue=4.2e-08, bitscore=25.9, name=DNA_pol_A_exo1
18:27:42.859 - INFO - CDS - pfam detected: contig=VFCIXNER, start=93248, stop=94576, strand=+, pfam-id=PF02421.21, length=93, aa-start=219, aa-stop=311, aa-cov=0.2, hmm-cov=1.0, evalue=9.8e-09, bitscore=27.7, name=FeoB_N
18:27:42.888 - INFO - CDS - pfam detected: contig=VFCIXNER, start=14424, stop=15305, strand=+, pfam-id=PF02911.21, length=98, aa-start=192, aa-stop=285, aa-cov=0.3, hmm-cov=1.0, evalue=1.1e-09, bitscore=31.2, name=Formyl_trans_C
18:27:42.888 - INFO - CDS - pfam detected: contig=VFCIXNER, start=14424, stop=15305, strand=+, pfam-id=PF00551.22, length=71, aa-start=69, aa-stop=139, aa-cov=0.2, hmm-cov=1.0, evalue=4.8e-10, bitscore=32.3, name=Formyl_trans_N
18:27:42.913 - INFO - CDS - pfam detected: contig=VFCIXNER, start=61314, stop=62285, strand=+, pfam-id=PF00117.31, length=190, aa-start=149, aa-stop=315, aa-cov=0.5, hmm-cov=1.0, evalue=5.8e-31, bitscore=100.5, name=GATase
18:27:42.914 - INFO - CDS - pfam detected: contig=VFCIXNER, start=41216, stop=41785, strand=-, pfam-id=PF00117.31, length=187, aa-start=4, aa-stop=179, aa-cov=0.9, hmm-cov=1.0, evalue=1.0e-30, bitscore=99.8, name=GATase
18:27:42.914 - INFO - CDS - pfam detected: contig=VFCIXNER, start=74501, stop=75106, strand=+, pfam-id=PF00117.31, length=207, aa-start=5, aa-stop=196, aa-cov=1.0, hmm-cov=0.9, evalue=2.2e-16, bitscore=53.0, name=GATase
18:27:42.922 - INFO - CDS - pfam detected: contig=VFCIXNER, start=94573, stop=96381, strand=+, pfam-id=PF13932.9, length=207, aa-start=403, aa-stop=592, aa-cov=0.3, hmm-cov=1.0, evalue=7.4e-44, bitscore=143.2, name=GIDA_C
18:27:42.953 - INFO - CDS - pfam detected: contig=VFCIXNER, start=1, stop=1185, strand=+, pfam-id=PF00009.30, length=180, aa-start=12, aa-stop=179, aa-cov=0.4, hmm-cov=1.0, evalue=2.4e-55, bitscore=179.9, name=GTP_EFTU
18:27:42.953 - INFO - CDS - pfam detected: contig=VFCIXNER, start=21652, stop=23040, strand=-, pfam-id=PF00009.30, length=183, aa-start=9, aa-stop=164, aa-cov=0.3, hmm-cov=1.0, evalue=3.8e-16, bitscore=52.0, name=GTP_EFTU
18:27:42.954 - INFO - CDS - pfam detected: contig=VFCIXNER, start=69682, stop=70839, strand=+, pfam-id=PF00009.30, length=115, aa-start=212, aa-stop=323, aa-cov=0.3, hmm-cov=0.7, evalue=5.4e-09, bitscore=28.6, name=GTP_EFTU
18:27:42.954 - INFO - CDS - pfam detected: contig=VFCIXNER, start=1, stop=1185, strand=+, pfam-id=PF03144.28, length=74, aa-start=226, aa-stop=294, aa-cov=0.2, hmm-cov=1.0, evalue=1.5e-16, bitscore=53.4, name=GTP_EFTU_D2
18:27:42.954 - INFO - CDS - pfam detected: contig=VFCIXNER, start=1, stop=1185, strand=+, pfam-id=PF03143.20, length=107, aa-start=299, aa-stop=392, aa-cov=0.2, hmm-cov=1.0, evalue=1.1e-36, bitscore=118.3, name=GTP_EFTU_D3
18:27:42.969 - INFO - CDS - pfam detected: contig=VFCIXNER, start=51115, stop=54111, strand=+, pfam-id=PF14579.9, length=90, aa-start=776, aa-stop=862, aa-cov=0.1, hmm-cov=1.0, evalue=4.7e-20, bitscore=64.5, name=HHH_6
18:27:42.981 - INFO - CDS - pfam detected: contig=VFCIXNER, start=87658, stop=88836, strand=-, pfam-id=PF00742.22, length=181, aa-start=129, aa-stop=307, aa-cov=0.5, hmm-cov=0.9, evalue=6.0e-31, bitscore=100.4, name=Homoserine_dh
18:27:43.001 - INFO - CDS - pfam detected: contig=VFCIXNER, start=78972, stop=79433, strand=-, pfam-id=PF00707.25, length=83, aa-start=68, aa-stop=150, aa-cov=0.5, hmm-cov=1.0, evalue=2.7e-15, bitscore=49.0, name=IF3_C
18:27:43.002 - INFO - CDS - pfam detected: contig=VFCIXNER, start=78972, stop=79433, strand=-, pfam-id=PF05198.19, length=62, aa-start=3, aa-stop=64, aa-cov=0.4, hmm-cov=1.0, evalue=1.7e-18, bitscore=59.6, name=IF3_N
18:27:43.003 - INFO - CDS - pfam detected: contig=VFCIXNER, start=39556, stop=40293, strand=-, pfam-id=PF00218.24, length=200, aa-start=46, aa-stop=243, aa-cov=0.8, hmm-cov=1.0, evalue=2.9e-36, bitscore=117.7, name=IGPS
18:27:43.088 - INFO - CDS - pfam detected: contig=VFCIXNER, start=110529, stop=112550, strand=-, pfam-id=PF00390.22, length=180, aa-start=275, aa-stop=405, aa-cov=0.2, hmm-cov=1.0, evalue=3.5e-27, bitscore=88.2, name=malic
18:27:43.089 - INFO - CDS - pfam detected: contig=VFCIXNER, start=110529, stop=112550, strand=-, pfam-id=PF03949.18, length=255, aa-start=421, aa-stop=641, aa-cov=0.3, hmm-cov=1.0, evalue=8.3e-26, bitscore=83.5, name=Malic_M
18:27:43.113 - INFO - CDS - pfam detected: contig=VFCIXNER, start=65396, stop=65968, strand=+, pfam-id=PF13847.9, length=122, aa-start=28, aa-stop=144, aa-cov=0.6, hmm-cov=0.9, evalue=1.1e-10, bitscore=34.3, name=Methyltransf_31
18:27:43.150 - INFO - CDS - pfam detected: contig=VFCIXNER, start=54348, stop=55232, strand=+, pfam-id=PF02219.20, length=266, aa-start=34, aa-stop=279, aa-cov=0.8, hmm-cov=1.0, evalue=1.3e-26, bitscore=86.3, name=MTHFR
18:27:43.224 - INFO - CDS - pfam detected: contig=VFCIXNER, start=77401, stop=78303, strand=+, pfam-id=PF00185.27, length=155, aa-start=152, aa-stop=293, aa-cov=0.5, hmm-cov=1.0, evalue=2.8e-32, bitscore=104.7, name=OTCace
18:27:43.225 - INFO - CDS - pfam detected: contig=VFCIXNER, start=77401, stop=78303, strand=+, pfam-id=PF02729.24, length=142, aa-start=6, aa-stop=138, aa-cov=0.4, hmm-cov=1.0, evalue=3.8e-43, bitscore=139.9, name=OTCace_N
18:27:43.277 - INFO - CDS - pfam detected: contig=VFCIXNER, start=41216, stop=41785, strand=-, pfam-id=PF07722.16, length=24, aa-start=69, aa-stop=92, aa-cov=0.1, hmm-cov=1.0, evalue=1.6e-06, bitscore=20.8, name=Peptidase_C26
18:27:43.289 - INFO - CDS - pfam detected: contig=VFCIXNER, start=14012, stop=14434, strand=+, pfam-id=PF01327.24, length=147, aa-start=4, aa-stop=139, aa-cov=1.0, hmm-cov=1.0, evalue=1.1e-27, bitscore=89.4, name=Pep_deformylase
18:27:43.358 - INFO - CDS - pfam detected: contig=VFCIXNER, start=56720, stop=57364, strand=+, pfam-id=PF00697.25, length=200, aa-start=6, aa-stop=202, aa-cov=0.9, hmm-cov=1.0, evalue=1.1e-29, bitscore=96.3, name=PRAI
18:27:43.363 - INFO - CDS - pfam detected: contig=VFCIXNER, start=23162, stop=24073, strand=+, pfam-id=PF13793.9, length=116, aa-start=7, aa-stop=122, aa-cov=0.4, hmm-cov=1.0, evalue=4.7e-22, bitscore=71.0, name=Pribosyltran_N
18:27:43.424 - INFO - CDS - pfam detected: contig=VFCIXNER, start=1270, stop=1680, strand=+, pfam-id=PF00298.22, length=67, aa-start=67, aa-stop=130, aa-cov=0.5, hmm-cov=1.0, evalue=1.1e-10, bitscore=34.7, name=Ribosomal_L11
18:27:43.425 - INFO - CDS - pfam detected: contig=VFCIXNER, start=1270, stop=1680, strand=+, pfam-id=PF03946.17, length=59, aa-start=3, aa-stop=61, aa-cov=0.4, hmm-cov=1.0, evalue=1.0e-20, bitscore=66.2, name=Ribosomal_L11_N
18:27:43.425 - INFO - CDS - pfam detected: contig=VFCIXNER, start=2737, stop=3117, strand=+, pfam-id=PF00542.22, length=65, aa-start=59, aa-stop=123, aa-cov=0.5, hmm-cov=1.0, evalue=5.7e-19, bitscore=61.2, name=Ribosomal_L12
18:27:43.426 - INFO - CDS - pfam detected: contig=VFCIXNER, start=124866, stop=125210, strand=+, pfam-id=PF00237.22, length=104, aa-start=7, aa-stop=110, aa-cov=0.9, hmm-cov=1.0, evalue=7.6e-18, bitscore=57.5, name=Ribosomal_L22
18:27:43.426 - INFO - CDS - pfam detected: contig=VFCIXNER, start=24070, stop=24606, strand=+, pfam-id=PF01386.22, length=82, aa-start=6, aa-stop=84, aa-cov=0.4, hmm-cov=1.0, evalue=2.5e-15, bitscore=49.6, name=Ribosomal_L25p
18:27:43.427 - INFO - CDS - pfam detected: contig=VFCIXNER, start=128360, stop=128959, strand=+, pfam-id=PF00347.26, length=37, aa-start=123, aa-stop=157, aa-cov=0.2, hmm-cov=1.0, evalue=1.8e-08, bitscore=27.8, name=Ribosomal_L6
18:27:43.428 - INFO - CDS - pfam detected: contig=VFCIXNER, start=13442, stop=13765, strand=+, pfam-id=PF00338.25, length=95, aa-start=13, aa-stop=104, aa-cov=0.9, hmm-cov=1.0, evalue=7.1e-17, bitscore=54.3, name=Ribosomal_S10
18:27:43.429 - INFO - CDS - pfam detected: contig=VFCIXNER, start=126345, stop=126575, strand=+, pfam-id=PF00366.23, length=62, aa-start=12, aa-stop=73, aa-cov=0.8, hmm-cov=1.0, evalue=1.8e-15, bitscore=49.7, name=Ribosomal_S17
18:27:43.429 - INFO - CDS - pfam detected: contig=VFCIXNER, start=129291, stop=129734, strand=+, pfam-id=PF00333.23, length=61, aa-start=6, aa-stop=65, aa-cov=0.4, hmm-cov=1.0, evalue=6.6e-10, bitscore=31.8, name=Ribosomal_S5
18:27:43.430 - INFO - CDS - pfam detected: contig=VFCIXNER, start=90118, stop=90558, strand=-, pfam-id=PF01250.20, length=54, aa-start=27, aa-stop=80, aa-cov=0.4, hmm-cov=1.0, evalue=1.8e-09, bitscore=30.6, name=Ribosomal_S6
18:27:43.430 - INFO - CDS - pfam detected: contig=VFCIXNER, start=127974, stop=128363, strand=+, pfam-id=PF00410.22, length=125, aa-start=6, aa-stop=128, aa-cov=1.0, hmm-cov=1.0, evalue=7.7e-26, bitscore=83.4, name=Ribosomal_S8
18:27:43.434 - INFO - CDS - pfam detected: contig=VFCIXNER, start=60610, stop=61188, strand=-, pfam-id=PF13482.9, length=141, aa-start=6, aa-stop=144, aa-cov=0.7, hmm-cov=0.8, evalue=9.3e-10, bitscore=31.5, name=RNase_H_2
18:27:43.434 - INFO - CDS - pfam detected: contig=VFCIXNER, start=131692, stop=132606, strand=+, pfam-id=PF01000.29, length=96, aa-start=65, aa-stop=155, aa-cov=0.3, hmm-cov=1.0, evalue=1.3e-10, bitscore=34.4, name=RNA_pol_A_bac
18:27:43.435 - INFO - CDS - pfam detected: contig=VFCIXNER, start=6677, stop=10561, strand=+, pfam-id=PF04997.15, length=345, aa-start=2, aa-stop=323, aa-cov=0.2, hmm-cov=0.9, evalue=5.3e-66, bitscore=215.8, name=RNA_pol_Rpb1_1
18:27:43.436 - INFO - CDS - pfam detected: contig=VFCIXNER, start=6677, stop=10561, strand=+, pfam-id=PF00623.23, length=93, aa-start=374, aa-stop=466, aa-cov=0.1, hmm-cov=1.0, evalue=1.7e-36, bitscore=118.8, name=RNA_pol_Rpb1_2
18:27:43.436 - INFO - CDS - pfam detected: contig=VFCIXNER, start=6677, stop=10561, strand=+, pfam-id=PF04983.21, length=161, aa-start=470, aa-stop=610, aa-cov=0.1, hmm-cov=1.0, evalue=2.7e-20, bitscore=65.7, name=RNA_pol_Rpb1_3
18:27:43.436 - INFO - CDS - pfam detected: contig=VFCIXNER, start=6677, stop=10561, strand=+, pfam-id=PF05000.20, length=82, aa-start=632, aa-stop=705, aa-cov=0.1, hmm-cov=0.9, evalue=8.8e-10, bitscore=31.4, name=RNA_pol_Rpb1_4
18:27:43.436 - INFO - CDS - pfam detected: contig=VFCIXNER, start=6677, stop=10561, strand=+, pfam-id=PF04998.20, length=474, aa-start=714, aa-stop=1187, aa-cov=0.4, hmm-cov=0.5, evalue=9.7e-56, bitscore=181.9, name=RNA_pol_Rpb1_5
18:27:43.436 - INFO - CDS - pfam detected: contig=VFCIXNER, start=3118, stop=6666, strand=+, pfam-id=PF04565.19, length=68, aa-start=448, aa-stop=513, aa-cov=0.1, hmm-cov=1.0, evalue=5.4e-25, bitscore=80.3, name=RNA_pol_Rpb2_3
18:27:43.436 - INFO - CDS - pfam detected: contig=VFCIXNER, start=3118, stop=6666, strand=+, pfam-id=PF00562.31, length=520, aa-start=592, aa-stop=1104, aa-cov=0.4, hmm-cov=0.7, evalue=5.5e-109, bitscore=357.5, name=RNA_pol_Rpb2_6
18:27:43.436 - INFO - CDS - pfam detected: contig=VFCIXNER, start=3118, stop=6666, strand=+, pfam-id=PF04560.23, length=85, aa-start=1107, aa-stop=1181, aa-cov=0.1, hmm-cov=1.0, evalue=3.3e-24, bitscore=78.0, name=RNA_pol_Rpb2_7
18:27:43.441 - INFO - CDS - pfam detected: contig=VFCIXNER, start=17485, stop=17985, strand=-, pfam-id=PF00398.23, length=114, aa-start=23, aa-stop=124, aa-cov=0.6, hmm-cov=1.0, evalue=6.4e-16, bitscore=51.0, name=RrnaAD
18:27:43.445 - INFO - CDS - pfam detected: contig=VFCIXNER, start=60610, stop=61188, strand=-, pfam-id=PF16473.8, length=171, aa-start=5, aa-stop=160, aa-cov=0.8, hmm-cov=0.9, evalue=2.8e-13, bitscore=43.0, name=Rv2179c-like
18:27:43.446 - INFO - CDS - pfam detected: contig=VFCIXNER, start=131138, stop=131695, strand=+, pfam-id=PF01479.28, length=47, aa-start=82, aa-stop=128, aa-cov=0.3, hmm-cov=1.0, evalue=3.3e-14, bitscore=45.2, name=S4
18:27:43.455 - INFO - CDS - pfam detected: contig=VFCIXNER, start=55687, stop=56736, strand=+, pfam-id=PF01118.27, length=118, aa-start=2, aa-stop=106, aa-cov=0.3, hmm-cov=1.0, evalue=2.2e-13, bitscore=43.6, name=Semialdhyde_dh
18:27:43.455 - INFO - CDS - pfam detected: contig=VFCIXNER, start=55687, stop=56736, strand=+, pfam-id=PF02774.21, length=206, aa-start=131, aa-stop=329, aa-cov=0.6, hmm-cov=0.9, evalue=2.4e-34, bitscore=111.8, name=Semialdhyde_dhC
18:27:43.459 - INFO - CDS - pfam detected: contig=VFCIXNER, start=110529, stop=112550, strand=-, pfam-id=PF08501.14, length=71, aa-start=5, aa-stop=75, aa-cov=0.1, hmm-cov=1.0, evalue=3.1e-15, bitscore=49.1, name=Shikimate_dh_N
18:27:43.461 - INFO - CDS - pfam detected: contig=VFCIXNER, start=49535, stop=50866, strand=+, pfam-id=PF04542.17, length=70, aa-start=210, aa-stop=279, aa-cov=0.2, hmm-cov=1.0, evalue=2.3e-22, bitscore=71.5, name=Sigma70_r2
18:27:43.461 - INFO - CDS - pfam detected: contig=VFCIXNER, start=49535, stop=50866, strand=+, pfam-id=PF04545.19, length=54, aa-start=377, aa-stop=430, aa-cov=0.1, hmm-cov=0.9, evalue=5.0e-20, bitscore=63.7, name=Sigma70_r4
18:27:43.462 - INFO - CDS - pfam detected: contig=VFCIXNER, start=134331, stop=134813, strand=+, pfam-id=PF01202.25, length=141, aa-start=10, aa-stop=141, aa-cov=0.8, hmm-cov=1.0, evalue=7.8e-17, bitscore=54.7, name=SKI
18:27:43.555 - INFO - CDS - pfam detected: contig=VFCIXNER, start=92055, stop=93245, strand=-, pfam-id=PF00749.24, length=95, aa-start=6, aa-stop=99, aa-cov=0.2, hmm-cov=1.0, evalue=6.1e-63, bitscore=205.3, name=tRNA-synt_1c
18:27:43.555 - INFO - CDS - pfam detected: contig=VFCIXNER, start=47214, stop=48536, strand=-, pfam-id=PF00749.24, length=299, aa-start=11, aa-stop=285, aa-cov=0.6, hmm-cov=1.0, evalue=2.1e-53, bitscore=174.0, name=tRNA-synt_1c
18:27:43.556 - INFO - CDS - pfam detected: contig=VFCIXNER, start=112974, stop=114116, strand=-, pfam-id=PF00587.28, length=200, aa-start=99, aa-stop=283, aa-cov=0.5, hmm-cov=0.9, evalue=2.8e-22, bitscore=72.3, name=tRNA-synt_2b
18:27:43.556 - INFO - CDS - pfam detected: contig=VFCIXNER, start=15531, stop=16382, strand=+, pfam-id=PF02091.18, length=275, aa-start=9, aa-stop=281, aa-cov=1.0, hmm-cov=1.0, evalue=7.3e-69, bitscore=224.8, name=tRNA-synt_2e
18:27:43.557 - INFO - CDS - pfam detected: contig=VFCIXNER, start=105856, stop=106866, strand=-, pfam-id=PF03054.19, length=201, aa-start=2, aa-stop=186, aa-cov=0.6, hmm-cov=1.0, evalue=8.2e-47, bitscore=152.3, name=tRNA_Me_trans
18:27:43.558 - INFO - CDS - pfam detected: contig=VFCIXNER, start=58501, stop=59283, strand=+, pfam-id=PF00290.23, length=252, aa-start=5, aa-stop=251, aa-cov=0.9, hmm-cov=1.0, evalue=1.5e-24, bitscore=79.1, name=Trp_syntA
18:27:43.611 - INFO - CDS - predicted-pfams=89, CDS-w/-pfams=59
18:27:43.698 - INFO - S_ORF - predicted=1211
18:27:43.760 - INFO - S_ORF - sORF filter: # valid=61, # discarded=1150
18:27:43.815 - INFO - ORF - discarded=0
18:27:43.851 - INFO - UPS - looked-up=0
18:27:43.852 - INFO - IPS - looked-up=0
18:27:43.853 - INFO - ORF - write internal aa seqs: # seqs=61, path=/tmp/tmp2pmn5uxa/sorf.faa
18:27:43.922 - INFO - S_ORF - found=0
18:27:43.922 - INFO - PSC - looked-up=0
18:27:43.922 - INFO - PSCC - looked-up=0
18:27:44.409 - INFO - ORI - predicted=0
18:27:44.481 - INFO - ORI - predicted=0
18:27:44.481 - INFO - ANNOTATION - overlap: CDS (None/hypothetical protein) [30817, 31959] overlapping tRNA (trnS) [31950, 32038], [31950,31959], contig=VFCIXNER
18:27:44.481 - INFO - ANNOTATION - overlap: CDS (None/hypothetical protein) [32036, 33775] overlapping tRNA (trnS) [31950, 32038], [32036,32038], contig=VFCIXNER
18:27:44.481 - INFO - ANNOTATION - overlap: CDS (None/hypothetical protein) [34277, 34366] overlapping tRNA (trnG) [34208, 34278], [34277,34278], contig=VFCIXNER
18:27:44.481 - INFO - ANNOTATION - overlap: CDS (None/5-methyltetrahydropteroyltriglutamate--homocysteine S-methyltransferase) [34598, 36820] overlapping tmRNA (ssrA) [36748, 37035], [36748,36820], contig=VFCIXNER
18:27:44.481 - INFO - ANNOTATION - overlap: CDS (None/hypothetical protein) [37028, 37756] overlapping tmRNA (ssrA) [36748, 37035], [37028,37035], contig=VFCIXNER
18:27:44.481 - INFO - ANNOTATION - overlap: CDS (None/hypothetical protein) [54348, 55232] overlapping tRNA (trnS) [54350, 54439], [54350,54439], contig=VFCIXNER
18:27:44.481 - INFO - ANNOTATION - overlap: CDS (None/hypothetical protein) [59436, 59699] overlapping tRNA (trnN) [59661, 59732], [59661,59699], contig=VFCIXNER
18:27:44.481 - INFO - ANNOTATION - overlap: CDS (None/hypothetical protein) [60342, 60482] overlapping tRNA (trnC) [60474, 60546], [60474,60482], contig=VFCIXNER
18:27:44.481 - INFO - ANNOTATION - overlap: CDS (None/hypothetical protein) [60610, 61188] overlapping tRNA (trnG) [60553, 60624], [60610,60624], contig=VFCIXNER
18:27:44.481 - INFO - ANNOTATION - overlap: CDS (clpX/ATP-dependent Clp protease ATP-binding subunit ClpX) [66500, 67675] overlapping tRNA (trnV) [67666, 67737], [67666,67675], contig=VFCIXNER
18:27:44.481 - INFO - ANNOTATION - overlap: CDS (None/hypothetical protein) [76926, 77246] overlapping tRNA (trnT) [77237, 77307], [77237,77246], contig=VFCIXNER
18:27:44.481 - INFO - ANNOTATION - overlap: CDS (None/50S ribosomal protein L20) [78415, 78789] overlapping tRNA (trnK) [78344, 78416], [78415,78416], contig=VFCIXNER
18:27:44.481 - INFO - ANNOTATION - overlap: CDS (None/argininosuccinate synthase) [116185, 117408] overlapping rRNA (rrf) [117403, 117514], [117403,117408], contig=VFCIXNER
18:27:44.481 - INFO - ANNOTATION - overlap: CDS (None/hypothetical protein) [134810, 135889] overlapping tRNA (trnM) [135887, 135959], [135887,135889], contig=VFCIXNER
18:27:44.481 - INFO - UTILS - generated sequence tag prefix: prefix=KNBPOGHJMN, length=10, MD5=47B9801367104999EE71F9272C8FF94D
18:27:44.482 - INFO - MAIN - selected features=168
18:27:44.482 - INFO - UTILS - generated sequence tag prefix: prefix=KNBPOG, length=6, MD5=47B9801367104999EE71F9272C8FF94D
18:27:44.482 - INFO - MAIN - locus tag prefix=KNBPOG
18:27:44.482 - INFO - UTILS - genome-size=136288
18:27:44.482 - INFO - UTILS - GC=0.223
18:27:44.482 - INFO - UTILS - N=0.000
18:27:44.482 - INFO - UTILS - N50=136288
18:27:44.482 - INFO - UTILS - coding-ratio=0.891
18:27:44.482 - INFO - TSV - write tsv: path=/home/diego/Documents/metagenomes/annotation_symbio_merge/annotation_Beta/genomes/annotation_bakta/bakta_VFCIXNER/VFCIXNER.tsv
18:27:44.483 - INFO - GFF - write GFF3: path=/home/diego/Documents/metagenomes/annotation_symbio_merge/annotation_Beta/genomes/annotation_bakta/bakta_VFCIXNER/VFCIXNER.gff3
18:27:44.484 - INFO - INSDC - write GenBank: path=/home/diego/Documents/metagenomes/annotation_symbio_merge/annotation_Beta/genomes/annotation_bakta/bakta_VFCIXNER/VFCIXNER.gbff
18:27:44.489 - INFO - INSDC - write EMBL: path=/home/diego/Documents/metagenomes/annotation_symbio_merge/annotation_Beta/genomes/annotation_bakta/bakta_VFCIXNER/VFCIXNER.embl
18:27:44.495 - INFO - FASTA - write genome sequences: path=/home/diego/Documents/metagenomes/annotation_symbio_merge/annotation_Beta/genomes/annotation_bakta/bakta_VFCIXNER/VFCIXNER.fna, description=True, wrap=True
18:27:44.496 - INFO - FASTA - write feature nucleotide sequences: path=/home/diego/Documents/metagenomes/annotation_symbio_merge/annotation_Beta/genomes/annotation_bakta/bakta_VFCIXNER/VFCIXNER.ffn
18:27:44.496 - INFO - FASTA - write translated CDS/sORF: path=/home/diego/Documents/metagenomes/annotation_symbio_merge/annotation_Beta/genomes/annotation_bakta/bakta_VFCIXNER/VFCIXNER.faa
18:27:44.515 - INFO - PLOT - write circular genome plot: file-name=VFCIXNER, output-dir=/home/diego/Documents/metagenomes/annotation_symbio_merge/annotation_Beta/genomes/annotation_bakta/bakta_VFCIXNER
18:27:47.564 - INFO - TSV - write hypothetical tsv: path=/home/diego/Documents/metagenomes/annotation_symbio_merge/annotation_Beta/genomes/annotation_bakta/bakta_VFCIXNER/VFCIXNER.hypotheticals.tsv
18:27:47.564 - INFO - FASTA - write translated CDS/sORF: path=/home/diego/Documents/metagenomes/annotation_symbio_merge/annotation_Beta/genomes/annotation_bakta/bakta_VFCIXNER/VFCIXNER.hypotheticals.faa
18:27:47.564 - INFO - JSON - write JSON: path=/home/diego/Documents/metagenomes/annotation_symbio_merge/annotation_Beta/genomes/annotation_bakta/bakta_VFCIXNER/VFCIXNER.json
18:27:47.569 - INFO - MAIN - removed tmp dir: /tmp/tmp2pmn5uxa
