Discrepancy Report Results

Summary
DISC_SOURCE_QUALS_ASNDISC:strain (all present, all unique)
DISC_SOURCE_QUALS_ASNDISC:taxname (all present, all unique)
DISC_FEATURE_COUNT:gene: 182 present
DISC_FEATURE_COUNT:CDS: 150 present
DISC_FEATURE_COUNT:tRNA: 28 present
DISC_FEATURE_COUNT:rRNA: 3 present
DISC_FEATURE_COUNT:tmRNA: 1 present
DISC_COUNT_NUCLEOTIDES:1 nucleotide Bioseqs are present
OVERLAPPING_GENES:27 genes overlap another gene on the same strand.
DISC_QUALITY_SCORES:Quality scores are missing on all sequences.
ONCALLER_COMMENT_PRESENT:1 comment descriptors were found (all same)
SHORT_PROT_SEQUENCES:9 protein sequences are shorter than 50 aa.
MISSING_GENOMEASSEMBLY_COMMENTS:1 bioseqs are missing GenomeAssembly structured comments
MOLTYPE_NOT_MRNA:1 molecule types are not set as mRNA.
TECHNIQUE_NOT_TSA:1 technique are not set as TSA
MISSING_STRUCTURED_COMMENT:1 sequences do not include structured comments.
MISSING_PROJECT:151 sequences do not include project.
DISC_INCONSISTENT_MOLINFO_TECH:Molinfo Technique Report (some missing, all same)


Detailed Report

DiscRep_ALL:DISC_SOURCE_QUALS_ASNDISC::strain (all present, all unique)
DiscRep_SUB:DISC_SOURCE_QUALS_ASNDISC::1 sources have unique values for strain
DiscRep_ALL:DISC_SOURCE_QUALS_ASNDISC::taxname (all present, all unique)
DiscRep_SUB:DISC_SOURCE_QUALS_ASNDISC::1 sources have unique values for taxname
DiscRep_ALL:DISC_FEATURE_COUNT::gene: 182 present
DiscRep_ALL:DISC_FEATURE_COUNT::CDS: 150 present
DiscRep_ALL:DISC_FEATURE_COUNT::tRNA: 28 present
DiscRep_ALL:DISC_FEATURE_COUNT::rRNA: 3 present
DiscRep_ALL:DISC_FEATURE_COUNT::tmRNA: 1 present
DiscRep_ALL:DISC_COUNT_NUCLEOTIDES::1 nucleotide Bioseqs are present
prokka_SMAKOQUE/prokka_SMAKOQUE:Prokka:SMAKOQUE_1 (length 180379)

DiscRep_ALL:OVERLAPPING_GENES::27 genes overlap another gene on the same strand.
prokka_SMAKOQUE/prokka_SMAKOQUE:Gene	rplM	SMAKOQUE_1:14057-14458	SMAKOQUE_00009
prokka_SMAKOQUE/prokka_SMAKOQUE:Gene	rpsI	SMAKOQUE_1:14458-14850	SMAKOQUE_00010
prokka_SMAKOQUE/prokka_SMAKOQUE:Gene	rpsB	SMAKOQUE_1:14804-15769	SMAKOQUE_00011
prokka_SMAKOQUE/prokka_SMAKOQUE:Gene	leuC	SMAKOQUE_1:57751-59160	SMAKOQUE_00046
prokka_SMAKOQUE/prokka_SMAKOQUE:Gene	leuD1	SMAKOQUE_1:59147-59734	SMAKOQUE_00047
prokka_SMAKOQUE/prokka_SMAKOQUE:Gene	leuB	SMAKOQUE_1:59784-60869	SMAKOQUE_00048
prokka_SMAKOQUE/prokka_SMAKOQUE:Gene	SMAKOQUE_00049	SMAKOQUE_1:60866-61162	SMAKOQUE_00049
prokka_SMAKOQUE/prokka_SMAKOQUE:Gene	rpsR	SMAKOQUE_1:c78242-77967	SMAKOQUE_00064
prokka_SMAKOQUE/prokka_SMAKOQUE:Gene	rpsF	SMAKOQUE_1:c78652-78239	SMAKOQUE_00065
prokka_SMAKOQUE/prokka_SMAKOQUE:Gene	rpmA	SMAKOQUE_1:c79643-79380	SMAKOQUE_00067
prokka_SMAKOQUE/prokka_SMAKOQUE:Gene	rplU	SMAKOQUE_1:c79965-79633	SMAKOQUE_00068
prokka_SMAKOQUE/prokka_SMAKOQUE:Gene	sufD	SMAKOQUE_1:c98572-97256	SMAKOQUE_00092
prokka_SMAKOQUE/prokka_SMAKOQUE:Gene	sufC	SMAKOQUE_1:c99315-98569	SMAKOQUE_00093
prokka_SMAKOQUE/prokka_SMAKOQUE:Gene	rplQ	SMAKOQUE_1:c119725-119366	SMAKOQUE_00113
prokka_SMAKOQUE/prokka_SMAKOQUE:Gene	rpoA	SMAKOQUE_1:c120840-119722	SMAKOQUE_00114
prokka_SMAKOQUE/prokka_SMAKOQUE:Gene	rplP	SMAKOQUE_1:c128770-128366	SMAKOQUE_00130
prokka_SMAKOQUE/prokka_SMAKOQUE:Gene	rpsC	SMAKOQUE_1:c129455-128748	SMAKOQUE_00131
prokka_SMAKOQUE/prokka_SMAKOQUE:Gene	rplC	SMAKOQUE_1:c134716-134096	SMAKOQUE_00138
prokka_SMAKOQUE/prokka_SMAKOQUE:Gene	rpsJ	SMAKOQUE_1:c135009-134710	SMAKOQUE_00139
prokka_SMAKOQUE/prokka_SMAKOQUE:Gene	glyQS	SMAKOQUE_1:c144486-143020	SMAKOQUE_00149
prokka_SMAKOQUE/prokka_SMAKOQUE:Gene	fdx	SMAKOQUE_1:c144683-144483	SMAKOQUE_00150
prokka_SMAKOQUE/prokka_SMAKOQUE:Gene	SMAKOQUE_00167	SMAKOQUE_1:c165544-164672	SMAKOQUE_00167
prokka_SMAKOQUE/prokka_SMAKOQUE:Gene	dnaC	SMAKOQUE_1:c166907-165537	SMAKOQUE_00168
prokka_SMAKOQUE/prokka_SMAKOQUE:Gene	rpmI	SMAKOQUE_1:c172129-171920	SMAKOQUE_00175
prokka_SMAKOQUE/prokka_SMAKOQUE:Gene	infC	SMAKOQUE_1:c172688-172104	SMAKOQUE_00176
prokka_SMAKOQUE/prokka_SMAKOQUE:Gene	ilvB	SMAKOQUE_1:c178507-176690	SMAKOQUE_00181
prokka_SMAKOQUE/prokka_SMAKOQUE:Gene	ilvD	SMAKOQUE_1:c180249-178504	SMAKOQUE_00182

DiscRep_ALL:DISC_QUALITY_SCORES::Quality scores are missing on all sequences.

DiscRep_ALL:ONCALLER_COMMENT_PRESENT::1 comment descriptors were found (all same)
prokka_SMAKOQUE/prokka_SMAKOQUE:Prokka:SMAKOQUE_1:Annotated using prokka 1.13 from https://github.com/tseemann/prokka

DiscRep_ALL:SHORT_PROT_SEQUENCES::9 protein sequences are shorter than 50 aa.
prokka_SMAKOQUE/prokka_SMAKOQUE:Prokka:SMAKOQUE_00013 (length 48)
prokka_SMAKOQUE/prokka_SMAKOQUE:Prokka:SMAKOQUE_00039 (length 44)
prokka_SMAKOQUE/prokka_SMAKOQUE:Prokka:SMAKOQUE_00070 (length 48)
prokka_SMAKOQUE/prokka_SMAKOQUE:Prokka:SMAKOQUE_00071 (length 29)
prokka_SMAKOQUE/prokka_SMAKOQUE:Prokka:SMAKOQUE_00075 (length 30)
prokka_SMAKOQUE/prokka_SMAKOQUE:Prokka:SMAKOQUE_00091 (length 47)
prokka_SMAKOQUE/prokka_SMAKOQUE:Prokka:SMAKOQUE_00118 (length 38)
prokka_SMAKOQUE/prokka_SMAKOQUE:Prokka:SMAKOQUE_00145 (length 37)
prokka_SMAKOQUE/prokka_SMAKOQUE:Prokka:SMAKOQUE_00166 (length 48)

DiscRep_ALL:MISSING_GENOMEASSEMBLY_COMMENTS::1 bioseqs are missing GenomeAssembly structured comments
prokka_SMAKOQUE/prokka_SMAKOQUE:Prokka:SMAKOQUE_1 (length 180379)

DiscRep_ALL:MOLTYPE_NOT_MRNA::1 molecule types are not set as mRNA.
prokka_SMAKOQUE/prokka_SMAKOQUE:Prokka:SMAKOQUE_1 (length 180379)

DiscRep_ALL:TECHNIQUE_NOT_TSA::1 technique are not set as TSA
prokka_SMAKOQUE/prokka_SMAKOQUE:Prokka:SMAKOQUE_1 (length 180379)

DiscRep_ALL:MISSING_STRUCTURED_COMMENT::1 sequences do not include structured comments.
prokka_SMAKOQUE/prokka_SMAKOQUE:Prokka:SMAKOQUE_1 (length 180379)

DiscRep_ALL:MISSING_PROJECT::151 sequences do not include project.
prokka_SMAKOQUE/prokka_SMAKOQUE:Prokka:SMAKOQUE_1 (length 180379)
prokka_SMAKOQUE/prokka_SMAKOQUE:Prokka:SMAKOQUE_00001 (length 226)
prokka_SMAKOQUE/prokka_SMAKOQUE:Prokka:SMAKOQUE_00002 (length 929)
prokka_SMAKOQUE/prokka_SMAKOQUE:Prokka:SMAKOQUE_00003 (length 112)
prokka_SMAKOQUE/prokka_SMAKOQUE:Prokka:SMAKOQUE_00004 (length 368)
prokka_SMAKOQUE/prokka_SMAKOQUE:Prokka:SMAKOQUE_00005 (length 380)
prokka_SMAKOQUE/prokka_SMAKOQUE:Prokka:SMAKOQUE_00006 (length 405)
prokka_SMAKOQUE/prokka_SMAKOQUE:Prokka:SMAKOQUE_00007 (length 354)
prokka_SMAKOQUE/prokka_SMAKOQUE:Prokka:SMAKOQUE_00008 (length 635)
prokka_SMAKOQUE/prokka_SMAKOQUE:Prokka:SMAKOQUE_00009 (length 133)
prokka_SMAKOQUE/prokka_SMAKOQUE:Prokka:SMAKOQUE_00010 (length 130)
prokka_SMAKOQUE/prokka_SMAKOQUE:Prokka:SMAKOQUE_00011 (length 321)
prokka_SMAKOQUE/prokka_SMAKOQUE:Prokka:SMAKOQUE_00012 (length 238)
prokka_SMAKOQUE/prokka_SMAKOQUE:Prokka:SMAKOQUE_00013 (length 48)
prokka_SMAKOQUE/prokka_SMAKOQUE:Prokka:SMAKOQUE_00016 (length 883)
prokka_SMAKOQUE/prokka_SMAKOQUE:Prokka:SMAKOQUE_00017 (length 407)
prokka_SMAKOQUE/prokka_SMAKOQUE:Prokka:SMAKOQUE_00018 (length 215)
prokka_SMAKOQUE/prokka_SMAKOQUE:Prokka:SMAKOQUE_00019 (length 351)
prokka_SMAKOQUE/prokka_SMAKOQUE:Prokka:SMAKOQUE_00025 (length 460)
prokka_SMAKOQUE/prokka_SMAKOQUE:Prokka:SMAKOQUE_00029 (length 395)
prokka_SMAKOQUE/prokka_SMAKOQUE:Prokka:SMAKOQUE_00031 (length 142)
prokka_SMAKOQUE/prokka_SMAKOQUE:Prokka:SMAKOQUE_00032 (length 223)
prokka_SMAKOQUE/prokka_SMAKOQUE:Prokka:SMAKOQUE_00033 (length 176)
prokka_SMAKOQUE/prokka_SMAKOQUE:Prokka:SMAKOQUE_00034 (length 126)
prokka_SMAKOQUE/prokka_SMAKOQUE:Prokka:SMAKOQUE_00035 (length 1242)
prokka_SMAKOQUE/prokka_SMAKOQUE:Prokka:SMAKOQUE_00036 (length 1387)
prokka_SMAKOQUE/prokka_SMAKOQUE:Prokka:SMAKOQUE_00037 (length 342)
prokka_SMAKOQUE/prokka_SMAKOQUE:Prokka:SMAKOQUE_00039 (length 44)
prokka_SMAKOQUE/prokka_SMAKOQUE:Prokka:SMAKOQUE_00040 (length 76)
prokka_SMAKOQUE/prokka_SMAKOQUE:Prokka:SMAKOQUE_00041 (length 67)
prokka_SMAKOQUE/prokka_SMAKOQUE:Prokka:SMAKOQUE_00042 (length 411)
prokka_SMAKOQUE/prokka_SMAKOQUE:Prokka:SMAKOQUE_00044 (length 444)
prokka_SMAKOQUE/prokka_SMAKOQUE:Prokka:SMAKOQUE_00045 (length 386)
prokka_SMAKOQUE/prokka_SMAKOQUE:Prokka:SMAKOQUE_00046 (length 469)
prokka_SMAKOQUE/prokka_SMAKOQUE:Prokka:SMAKOQUE_00047 (length 195)
prokka_SMAKOQUE/prokka_SMAKOQUE:Prokka:SMAKOQUE_00048 (length 361)
prokka_SMAKOQUE/prokka_SMAKOQUE:Prokka:SMAKOQUE_00049 (length 98)
prokka_SMAKOQUE/prokka_SMAKOQUE:Prokka:SMAKOQUE_00050 (length 148)
prokka_SMAKOQUE/prokka_SMAKOQUE:Prokka:SMAKOQUE_00051 (length 201)
prokka_SMAKOQUE/prokka_SMAKOQUE:Prokka:SMAKOQUE_00053 (length 142)
prokka_SMAKOQUE/prokka_SMAKOQUE:Prokka:SMAKOQUE_00054 (length 633)
prokka_SMAKOQUE/prokka_SMAKOQUE:Prokka:SMAKOQUE_00055 (length 553)
prokka_SMAKOQUE/prokka_SMAKOQUE:Prokka:SMAKOQUE_00056 (length 369)
prokka_SMAKOQUE/prokka_SMAKOQUE:Prokka:SMAKOQUE_00057 (length 603)
prokka_SMAKOQUE/prokka_SMAKOQUE:Prokka:SMAKOQUE_00059 (length 1223)
prokka_SMAKOQUE/prokka_SMAKOQUE:Prokka:SMAKOQUE_00061 (length 257)
prokka_SMAKOQUE/prokka_SMAKOQUE:Prokka:SMAKOQUE_00062 (length 78)
prokka_SMAKOQUE/prokka_SMAKOQUE:Prokka:SMAKOQUE_00063 (length 64)
prokka_SMAKOQUE/prokka_SMAKOQUE:Prokka:SMAKOQUE_00064 (length 91)
prokka_SMAKOQUE/prokka_SMAKOQUE:Prokka:SMAKOQUE_00065 (length 137)
prokka_SMAKOQUE/prokka_SMAKOQUE:Prokka:SMAKOQUE_00067 (length 87)
prokka_SMAKOQUE/prokka_SMAKOQUE:Prokka:SMAKOQUE_00068 (length 110)
prokka_SMAKOQUE/prokka_SMAKOQUE:Prokka:SMAKOQUE_00070 (length 48)
prokka_SMAKOQUE/prokka_SMAKOQUE:Prokka:SMAKOQUE_00071 (length 29)
prokka_SMAKOQUE/prokka_SMAKOQUE:Prokka:SMAKOQUE_00072 (length 185)
prokka_SMAKOQUE/prokka_SMAKOQUE:Prokka:SMAKOQUE_00073 (length 319)
prokka_SMAKOQUE/prokka_SMAKOQUE:Prokka:SMAKOQUE_00074 (length 70)
prokka_SMAKOQUE/prokka_SMAKOQUE:Prokka:SMAKOQUE_00075 (length 30)
prokka_SMAKOQUE/prokka_SMAKOQUE:Prokka:SMAKOQUE_00078 (length 208)
prokka_SMAKOQUE/prokka_SMAKOQUE:Prokka:SMAKOQUE_00079 (length 264)
prokka_SMAKOQUE/prokka_SMAKOQUE:Prokka:SMAKOQUE_00080 (length 282)
prokka_SMAKOQUE/prokka_SMAKOQUE:Prokka:SMAKOQUE_00081 (length 97)
prokka_SMAKOQUE/prokka_SMAKOQUE:Prokka:SMAKOQUE_00082 (length 74)
prokka_SMAKOQUE/prokka_SMAKOQUE:Prokka:SMAKOQUE_00083 (length 327)
prokka_SMAKOQUE/prokka_SMAKOQUE:Prokka:SMAKOQUE_00084 (length 64)
prokka_SMAKOQUE/prokka_SMAKOQUE:Prokka:SMAKOQUE_00086 (length 93)
prokka_SMAKOQUE/prokka_SMAKOQUE:Prokka:SMAKOQUE_00088 (length 84)
prokka_SMAKOQUE/prokka_SMAKOQUE:Prokka:SMAKOQUE_00089 (length 595)
prokka_SMAKOQUE/prokka_SMAKOQUE:Prokka:SMAKOQUE_00090 (length 412)
prokka_SMAKOQUE/prokka_SMAKOQUE:Prokka:SMAKOQUE_00091 (length 47)
prokka_SMAKOQUE/prokka_SMAKOQUE:Prokka:SMAKOQUE_00092 (length 438)
prokka_SMAKOQUE/prokka_SMAKOQUE:Prokka:SMAKOQUE_00093 (length 248)
prokka_SMAKOQUE/prokka_SMAKOQUE:Prokka:SMAKOQUE_00094 (length 481)
prokka_SMAKOQUE/prokka_SMAKOQUE:Prokka:SMAKOQUE_00095 (length 90)
prokka_SMAKOQUE/prokka_SMAKOQUE:Prokka:SMAKOQUE_00096 (length 348)
prokka_SMAKOQUE/prokka_SMAKOQUE:Prokka:SMAKOQUE_00097 (length 89)
prokka_SMAKOQUE/prokka_SMAKOQUE:Prokka:SMAKOQUE_00098 (length 546)
prokka_SMAKOQUE/prokka_SMAKOQUE:Prokka:SMAKOQUE_00101 (length 467)
prokka_SMAKOQUE/prokka_SMAKOQUE:Prokka:SMAKOQUE_00102 (length 328)
prokka_SMAKOQUE/prokka_SMAKOQUE:Prokka:SMAKOQUE_00103 (length 64)
prokka_SMAKOQUE/prokka_SMAKOQUE:Prokka:SMAKOQUE_00104 (length 365)
prokka_SMAKOQUE/prokka_SMAKOQUE:Prokka:SMAKOQUE_00105 (length 93)
prokka_SMAKOQUE/prokka_SMAKOQUE:Prokka:SMAKOQUE_00106 (length 145)
prokka_SMAKOQUE/prokka_SMAKOQUE:Prokka:SMAKOQUE_00107 (length 403)
prokka_SMAKOQUE/prokka_SMAKOQUE:Prokka:SMAKOQUE_00108 (length 315)
prokka_SMAKOQUE/prokka_SMAKOQUE:Prokka:SMAKOQUE_00110 (length 523)
prokka_SMAKOQUE/prokka_SMAKOQUE:Prokka:SMAKOQUE_00111 (length 643)
prokka_SMAKOQUE/prokka_SMAKOQUE:Prokka:SMAKOQUE_00112 (length 300)
prokka_SMAKOQUE/prokka_SMAKOQUE:Prokka:SMAKOQUE_00113 (length 119)
prokka_SMAKOQUE/prokka_SMAKOQUE:Prokka:SMAKOQUE_00114 (length 372)
prokka_SMAKOQUE/prokka_SMAKOQUE:Prokka:SMAKOQUE_00115 (length 251)
prokka_SMAKOQUE/prokka_SMAKOQUE:Prokka:SMAKOQUE_00116 (length 137)
prokka_SMAKOQUE/prokka_SMAKOQUE:Prokka:SMAKOQUE_00117 (length 127)
prokka_SMAKOQUE/prokka_SMAKOQUE:Prokka:SMAKOQUE_00118 (length 38)
prokka_SMAKOQUE/prokka_SMAKOQUE:Prokka:SMAKOQUE_00119 (length 71)
prokka_SMAKOQUE/prokka_SMAKOQUE:Prokka:SMAKOQUE_00120 (length 150)
prokka_SMAKOQUE/prokka_SMAKOQUE:Prokka:SMAKOQUE_00121 (length 170)
prokka_SMAKOQUE/prokka_SMAKOQUE:Prokka:SMAKOQUE_00122 (length 176)
prokka_SMAKOQUE/prokka_SMAKOQUE:Prokka:SMAKOQUE_00123 (length 185)
prokka_SMAKOQUE/prokka_SMAKOQUE:Prokka:SMAKOQUE_00124 (length 130)
prokka_SMAKOQUE/prokka_SMAKOQUE:Prokka:SMAKOQUE_00125 (length 89)
prokka_SMAKOQUE/prokka_SMAKOQUE:Prokka:SMAKOQUE_00126 (length 196)
prokka_SMAKOQUE/prokka_SMAKOQUE:Prokka:SMAKOQUE_00127 (length 141)
prokka_SMAKOQUE/prokka_SMAKOQUE:Prokka:SMAKOQUE_00128 (length 122)
prokka_SMAKOQUE/prokka_SMAKOQUE:Prokka:SMAKOQUE_00129 (length 162)
prokka_SMAKOQUE/prokka_SMAKOQUE:Prokka:SMAKOQUE_00130 (length 134)
prokka_SMAKOQUE/prokka_SMAKOQUE:Prokka:SMAKOQUE_00131 (length 235)
prokka_SMAKOQUE/prokka_SMAKOQUE:Prokka:SMAKOQUE_00132 (length 68)
prokka_SMAKOQUE/prokka_SMAKOQUE:Prokka:SMAKOQUE_00133 (length 125)
prokka_SMAKOQUE/prokka_SMAKOQUE:Prokka:SMAKOQUE_00134 (length 107)
prokka_SMAKOQUE/prokka_SMAKOQUE:Prokka:SMAKOQUE_00135 (length 272)
prokka_SMAKOQUE/prokka_SMAKOQUE:Prokka:SMAKOQUE_00136 (length 106)
prokka_SMAKOQUE/prokka_SMAKOQUE:Prokka:SMAKOQUE_00137 (length 223)
prokka_SMAKOQUE/prokka_SMAKOQUE:Prokka:SMAKOQUE_00138 (length 206)
prokka_SMAKOQUE/prokka_SMAKOQUE:Prokka:SMAKOQUE_00139 (length 99)
prokka_SMAKOQUE/prokka_SMAKOQUE:Prokka:SMAKOQUE_00140 (length 719)
prokka_SMAKOQUE/prokka_SMAKOQUE:Prokka:SMAKOQUE_00141 (length 156)
prokka_SMAKOQUE/prokka_SMAKOQUE:Prokka:SMAKOQUE_00142 (length 124)
prokka_SMAKOQUE/prokka_SMAKOQUE:Prokka:SMAKOQUE_00143 (length 453)
prokka_SMAKOQUE/prokka_SMAKOQUE:Prokka:SMAKOQUE_00144 (length 377)
prokka_SMAKOQUE/prokka_SMAKOQUE:Prokka:SMAKOQUE_00145 (length 37)
prokka_SMAKOQUE/prokka_SMAKOQUE:Prokka:SMAKOQUE_00149 (length 488)
prokka_SMAKOQUE/prokka_SMAKOQUE:Prokka:SMAKOQUE_00150 (length 66)
prokka_SMAKOQUE/prokka_SMAKOQUE:Prokka:SMAKOQUE_00151 (length 111)
prokka_SMAKOQUE/prokka_SMAKOQUE:Prokka:SMAKOQUE_00152 (length 450)
prokka_SMAKOQUE/prokka_SMAKOQUE:Prokka:SMAKOQUE_00153 (length 608)
prokka_SMAKOQUE/prokka_SMAKOQUE:Prokka:SMAKOQUE_00154 (length 51)
prokka_SMAKOQUE/prokka_SMAKOQUE:Prokka:SMAKOQUE_00155 (length 88)
prokka_SMAKOQUE/prokka_SMAKOQUE:Prokka:SMAKOQUE_00157 (length 491)
prokka_SMAKOQUE/prokka_SMAKOQUE:Prokka:SMAKOQUE_00158 (length 384)
prokka_SMAKOQUE/prokka_SMAKOQUE:Prokka:SMAKOQUE_00159 (length 315)
prokka_SMAKOQUE/prokka_SMAKOQUE:Prokka:SMAKOQUE_00162 (length 1388)
prokka_SMAKOQUE/prokka_SMAKOQUE:Prokka:SMAKOQUE_00164 (length 454)
prokka_SMAKOQUE/prokka_SMAKOQUE:Prokka:SMAKOQUE_00165 (length 331)
prokka_SMAKOQUE/prokka_SMAKOQUE:Prokka:SMAKOQUE_00166 (length 48)
prokka_SMAKOQUE/prokka_SMAKOQUE:Prokka:SMAKOQUE_00167 (length 290)
prokka_SMAKOQUE/prokka_SMAKOQUE:Prokka:SMAKOQUE_00168 (length 456)
prokka_SMAKOQUE/prokka_SMAKOQUE:Prokka:SMAKOQUE_00169 (length 191)
prokka_SMAKOQUE/prokka_SMAKOQUE:Prokka:SMAKOQUE_00170 (length 378)
prokka_SMAKOQUE/prokka_SMAKOQUE:Prokka:SMAKOQUE_00171 (length 398)
prokka_SMAKOQUE/prokka_SMAKOQUE:Prokka:SMAKOQUE_00172 (length 350)
prokka_SMAKOQUE/prokka_SMAKOQUE:Prokka:SMAKOQUE_00173 (length 146)
prokka_SMAKOQUE/prokka_SMAKOQUE:Prokka:SMAKOQUE_00174 (length 113)
prokka_SMAKOQUE/prokka_SMAKOQUE:Prokka:SMAKOQUE_00175 (length 69)
prokka_SMAKOQUE/prokka_SMAKOQUE:Prokka:SMAKOQUE_00176 (length 194)
prokka_SMAKOQUE/prokka_SMAKOQUE:Prokka:SMAKOQUE_00177 (length 108)
prokka_SMAKOQUE/prokka_SMAKOQUE:Prokka:SMAKOQUE_00178 (length 171)
prokka_SMAKOQUE/prokka_SMAKOQUE:Prokka:SMAKOQUE_00179 (length 344)
prokka_SMAKOQUE/prokka_SMAKOQUE:Prokka:SMAKOQUE_00180 (length 79)
prokka_SMAKOQUE/prokka_SMAKOQUE:Prokka:SMAKOQUE_00181 (length 605)
prokka_SMAKOQUE/prokka_SMAKOQUE:Prokka:SMAKOQUE_00182 (length 581)

DiscRep_ALL:DISC_INCONSISTENT_MOLINFO_TECH::Molinfo Technique Report (some missing, all same)
DiscRep_SUB:DISC_INCONSISTENT_MOLINFO_TECH::technique (all missing)
DiscRep_SUB:DISC_INCONSISTENT_MOLINFO_TECH::1 Molinfos are missing field technique
prokka_SMAKOQUE/prokka_SMAKOQUE:Prokka:SMAKOQUE_1 (length 180379)

