[20:22:20] This is prokka 1.14.6
[20:22:20] Written by Torsten Seemann <torsten.seemann@gmail.com>
[20:22:20] Homepage is https://github.com/tseemann/prokka
[20:22:20] Local time is Tue Aug  9 20:22:20 2022
[20:22:20] You are diego
[20:22:20] Operating system is linux
[20:22:20] You have BioPerl 1.007002
[20:22:20] System has 12 cores.
[20:22:20] Will use maximum of 8 cores.
[20:22:20] Annotating as >>> Bacteria <<<
[20:22:20] Enabling options to ensure Genbank/ENA/DDJB submission compliance.
[20:22:20] Creating new output folder: prokka_VFPARIOC_pseudofinder
[20:22:20] Running: mkdir -p prokka_VFPARIOC_pseudofinder
[20:22:20] Using filename prefix: VFPARIOC.XXX
[20:22:20] Setting HMMER_NCPU=1
[20:22:20] Writing log to: prokka_VFPARIOC_pseudofinder/VFPARIOC.log
[20:22:20] Command: /home/diego/miniconda3/envs/prokka_env/bin/prokka VFPARIOC.fasta --prefix VFPARIOC --locustag VFPARIOC --outdir prokka_VFPARIOC_pseudofinder -gcode 11 --compliant --rfam --cdsrnaolap --force
[20:22:20] Appending to PATH: /home/diego/miniconda3/envs/prokka_env/bin
[20:22:20] Looking for 'aragorn' - found /home/diego/miniconda3/envs/prokka_env/bin/aragorn
[20:22:20] Determined aragorn version is 001002 from 'ARAGORN v1.2.38 Dean Laslett'
[20:22:20] Looking for 'barrnap' - found /home/diego/miniconda3/envs/prokka_env/bin/barrnap
[20:22:20] Determined barrnap version is 000009 from 'barrnap 0.9'
[20:22:20] Looking for 'blastp' - found /home/diego/miniconda3/envs/prokka_env/bin/blastp
[20:22:20] Determined blastp version is 002010 from 'blastp: 2.10.1+'
[20:22:20] Looking for 'cmpress' - found /home/diego/miniconda3/envs/prokka_env/bin/cmpress
[20:22:20] Determined cmpress version is 001001 from '# INFERNAL 1.1.3 (Nov 2019)'
[20:22:20] Looking for 'cmscan' - found /home/diego/miniconda3/envs/prokka_env/bin/cmscan
[20:22:20] Determined cmscan version is 001001 from '# INFERNAL 1.1.3 (Nov 2019)'
[20:22:20] Looking for 'egrep' - found /usr/bin/egrep
[20:22:20] Looking for 'find' - found /usr/bin/find
[20:22:20] Looking for 'grep' - found /usr/bin/grep
[20:22:20] Looking for 'hmmpress' - found /home/diego/miniconda3/envs/prokka_env/bin/hmmpress
[20:22:20] Determined hmmpress version is 003003 from '# HMMER 3.3.2 (Nov 2020); http://hmmer.org/'
[20:22:20] Looking for 'hmmscan' - found /home/diego/miniconda3/envs/prokka_env/bin/hmmscan
[20:22:20] Determined hmmscan version is 003003 from '# HMMER 3.3.2 (Nov 2020); http://hmmer.org/'
[20:22:20] Looking for 'java' - found /home/diego/miniconda3/envs/prokka_env/bin/java
[20:22:20] Looking for 'makeblastdb' - found /home/diego/miniconda3/envs/prokka_env/bin/makeblastdb
[20:22:20] Determined makeblastdb version is 002010 from 'makeblastdb: 2.10.1+'
[20:22:20] Looking for 'minced' - found /home/diego/miniconda3/envs/prokka_env/bin/minced
[20:22:20] Determined minced version is 004002 from 'minced 0.4.2'
[20:22:20] Looking for 'parallel' - found /home/diego/miniconda3/envs/prokka_env/bin/parallel
[20:22:20] Determined parallel version is 20201122 from 'GNU parallel 20201122'
[20:22:20] Looking for 'prodigal' - found /home/diego/miniconda3/envs/prokka_env/bin/prodigal
[20:22:20] Determined prodigal version is 002006 from 'Prodigal V2.6.3: February, 2016'
[20:22:20] Looking for 'prokka-genbank_to_fasta_db' - found /home/diego/miniconda3/envs/prokka_env/bin/prokka-genbank_to_fasta_db
[20:22:20] Looking for 'rnammer' - found /home/diego/rnammer-1.2.src/rnammer
[20:22:20] Determined rnammer version is 001002 from 'This rnammer 1.2, running from '/home/diego/rnammer-1.2.src/''
[20:22:20] Looking for 'sed' - found /usr/bin/sed
[20:22:20] Looking for 'tbl2asn' - found /home/diego/tbl2asn
[20:22:20] Determined tbl2asn version is 025008 from 'tbl2asn 25.8   arguments:'
[20:22:20] Using genetic code table 11.
[20:22:20] Loading and checking input file: VFPARIOC.fasta
[20:22:20] Wrote 1 contigs totalling 125205 bp.
[20:22:20] Predicting tRNAs and tmRNAs
[20:22:20] Running: aragorn -l -gc11  -w prokka_VFPARIOC_pseudofinder\/VFPARIOC\.fna
[20:22:20] 1 tRNA-Trp [1178,1250] 34 (cca)
[20:22:20] 2 tRNA-Phe [14243,14315] 34 (gaa)
[20:22:20] 3 tRNA-Gln [22466,22537] 34 (ttg)
[20:22:20] 4 tRNA-Ser [30618,30703] 36 (gct)
[20:22:20] 5 tRNA-Met [49233,49304] 33 (cat)
[20:22:20] 6 tRNA-Leu [52411,52483] 34 (tag)
[20:22:20] 7 tRNA-Ser [52486,52573] 36 (aga)
[20:22:20] 8 tRNA-Asn c[57165,57236] 33 (gtt)
[20:22:20] 9 tRNA-Cys c[57335,57408] 34 (gca)
[20:22:20] 10 tRNA-Gly c[57408,57481] 34 (gcc)
[20:22:20] 11 tRNA-Val [64288,64360] 34 (tac)
[20:22:20] 12 tRNA-Leu c[66140,66220] 35 (caa)
[20:22:20] 13 tRNA-Ser c[66220,66302] 35 (tga)
[20:22:20] 14 tRNA-Arg [66303,66374] 33 (acg)
[20:22:20] 15 tRNA-Thr [72230,72300] 33 (tgt)
[20:22:20] 16 tRNA-His [72303,72373] 33 (gtg)
[20:22:20] 17 tRNA-Lys c[73193,73267] 35 (ttt)
[20:22:20] 18 tRNA-Val c[74191,74263] 34 (aac)
[20:22:20] 19 tRNA-Arg c[75328,75401] 35 (tct)
[20:22:20] 20 tRNA-Met c[75523,75594] 33 (cat)
[20:22:20] 21 tRNA-Pro [75631,75704] 34 (tgg)
[20:22:20] 22 tRNA-Asp c[84820,84893] 35 (gtc)
[20:22:20] 23 tRNA-Glu c[84894,84965] 34 (ttc)
[20:22:20] 24 tRNA-Ala c[107229,107300] 33 (tgc)
[20:22:20] 25 tRNA-Ile c[111415,111486] 33 (gat)
[20:22:20] 26 tRNA-Met [124965,125036] 34 (cat)
[20:22:20] 27 tRNA-Tyr [125040,125125] 35 (gta)
[20:22:20] 28 tRNA-Gly [125126,125196] 33 (tcc)
[20:22:20] Found 28 tRNAs
[20:22:20] Predicting Ribosomal RNAs
[20:22:20] Running Barrnap with 8 threads
[20:22:21] 1 gnl|Prokka|VFPARIOC_1 108637 23S ribosomal RNA
[20:22:21] 2 gnl|Prokka|VFPARIOC_1 111509 16S ribosomal RNA
[20:22:21] Found 2 rRNAs
[20:22:21] Scanning for ncRNAs... please be patient.
[20:22:21] Running: cmscan -Z 0.25041 --cut_ga --rfam --nohmmonly --fmt 2 --cpu 8 --tblout /dev/stdout -o /dev/null --noali /home/diego/miniconda3/envs/prokka_env/db/cm/Bacteria prokka_VFPARIOC_pseudofinder\/VFPARIOC\.fna
[20:22:26] Found 0 ncRNAs.
[20:22:26] Total of 30 tRNA + rRNA features
[20:22:26] Searching for CRISPR repeats
[20:22:26] Found 0 CRISPRs
[20:22:26] Predicting coding sequences
[20:22:26] Contigs total 125205 bp, so using single mode
[20:22:26] Running: prodigal -i prokka_VFPARIOC_pseudofinder\/VFPARIOC\.fna -c -m -g 11 -p single -f sco -q
[20:22:26] Found 141 CDS
[20:22:26] Connecting features back to sequences
[20:22:26] Not using genus-specific database. Try --usegenus to enable it.
[20:22:26] Annotating CDS, please be patient.
[20:22:26] Will use 8 CPUs for similarity searching.
[20:22:26] There are still 141 unannotated CDS left (started with 141)
[20:22:26] Will use blast to search against /home/diego/miniconda3/envs/prokka_env/db/kingdom/Bacteria/IS with 8 CPUs
[20:22:26] Running: cat prokka_VFPARIOC_pseudofinder\/VFPARIOC\.IS\.tmp\.209854\.faa | parallel --gnu --plain -j 8 --block 2464 --recstart '>' --pipe blastp -query - -db /home/diego/miniconda3/envs/prokka_env/db/kingdom/Bacteria/IS -evalue 1e-30 -qcov_hsp_perc 90 -num_threads 1 -num_descriptions 1 -num_alignments 1 -seg no > prokka_VFPARIOC_pseudofinder\/VFPARIOC\.IS\.tmp\.209854\.blast 2> /dev/null
[20:22:27] Deleting unwanted file: prokka_VFPARIOC_pseudofinder/VFPARIOC.IS.tmp.209854.faa
[20:22:27] Deleting unwanted file: prokka_VFPARIOC_pseudofinder/VFPARIOC.IS.tmp.209854.blast
[20:22:27] There are still 141 unannotated CDS left (started with 141)
[20:22:27] Will use blast to search against /home/diego/miniconda3/envs/prokka_env/db/kingdom/Bacteria/AMR with 8 CPUs
[20:22:27] Running: cat prokka_VFPARIOC_pseudofinder\/VFPARIOC\.AMR\.tmp\.209854\.faa | parallel --gnu --plain -j 8 --block 2464 --recstart '>' --pipe blastp -query - -db /home/diego/miniconda3/envs/prokka_env/db/kingdom/Bacteria/AMR -evalue 9.99999999999999e-301 -qcov_hsp_perc 90 -num_threads 1 -num_descriptions 1 -num_alignments 1 -seg no > prokka_VFPARIOC_pseudofinder\/VFPARIOC\.AMR\.tmp\.209854\.blast 2> /dev/null
[20:22:28] Deleting unwanted file: prokka_VFPARIOC_pseudofinder/VFPARIOC.AMR.tmp.209854.faa
[20:22:28] Deleting unwanted file: prokka_VFPARIOC_pseudofinder/VFPARIOC.AMR.tmp.209854.blast
[20:22:28] There are still 141 unannotated CDS left (started with 141)
[20:22:28] Will use blast to search against /home/diego/miniconda3/envs/prokka_env/db/kingdom/Bacteria/sprot with 8 CPUs
[20:22:28] Running: cat prokka_VFPARIOC_pseudofinder\/VFPARIOC\.sprot\.tmp\.209854\.faa | parallel --gnu --plain -j 8 --block 2464 --recstart '>' --pipe blastp -query - -db /home/diego/miniconda3/envs/prokka_env/db/kingdom/Bacteria/sprot -evalue 1e-09 -qcov_hsp_perc 80 -num_threads 1 -num_descriptions 1 -num_alignments 1 -seg no > prokka_VFPARIOC_pseudofinder\/VFPARIOC\.sprot\.tmp\.209854\.blast 2> /dev/null
[20:22:30] Deleting unwanted file: prokka_VFPARIOC_pseudofinder/VFPARIOC.sprot.tmp.209854.faa
[20:22:30] Deleting unwanted file: prokka_VFPARIOC_pseudofinder/VFPARIOC.sprot.tmp.209854.blast
[20:22:30] There are still 63 unannotated CDS left (started with 141)
[20:22:30] Will use hmmer3 to search against /home/diego/miniconda3/envs/prokka_env/db/hmm/HAMAP.hmm with 8 CPUs
[20:22:30] Running: cat prokka_VFPARIOC_pseudofinder\/VFPARIOC\.HAMAP\.hmm\.tmp\.209854\.faa | parallel --gnu --plain -j 8 --block 872 --recstart '>' --pipe hmmscan --noali --notextw --acc -E 1e-09 --cpu 1 /home/diego/miniconda3/envs/prokka_env/db/hmm/HAMAP.hmm /dev/stdin > prokka_VFPARIOC_pseudofinder\/VFPARIOC\.HAMAP\.hmm\.tmp\.209854\.hmmer3 2> /dev/null
[20:22:31] Deleting unwanted file: prokka_VFPARIOC_pseudofinder/VFPARIOC.HAMAP.hmm.tmp.209854.faa
[20:22:31] Deleting unwanted file: prokka_VFPARIOC_pseudofinder/VFPARIOC.HAMAP.hmm.tmp.209854.hmmer3
[20:22:31] Labelling remaining 47 proteins as 'hypothetical protein'
[20:22:31] Found 93 unique /gene codes.
[20:22:31] Fixed 2 duplicate /gene - hisI_1 hisI_2
[20:22:31] Fixed 1 colliding /gene names.
[20:22:31] Adding /locus_tag identifiers
[20:22:31] Assigned 171 locus_tags to CDS and RNA features.
[20:22:31] Writing outputs to prokka_VFPARIOC_pseudofinder/
[20:22:31] Generating annotation statistics file
[20:22:31] Generating Genbank and Sequin files
[20:22:31] Running: tbl2asn -V b -a r10k -l paired-ends -M n -N 1 -y 'Annotated using prokka 1.14.6 from https://github.com/tseemann/prokka' -Z prokka_VFPARIOC_pseudofinder\/VFPARIOC\.err -i prokka_VFPARIOC_pseudofinder\/VFPARIOC\.fsa 2> /dev/null
[20:22:31] Deleting unwanted file: prokka_VFPARIOC_pseudofinder/errorsummary.val
[20:22:31] Deleting unwanted file: prokka_VFPARIOC_pseudofinder/VFPARIOC.dr
[20:22:31] Deleting unwanted file: prokka_VFPARIOC_pseudofinder/VFPARIOC.fixedproducts
[20:22:31] Deleting unwanted file: prokka_VFPARIOC_pseudofinder/VFPARIOC.ecn
[20:22:31] Deleting unwanted file: prokka_VFPARIOC_pseudofinder/VFPARIOC.val
[20:22:31] Repairing broken .GBK output that tbl2asn produces...
[20:22:31] Running: sed 's/COORDINATES: profile/COORDINATES:profile/' < prokka_VFPARIOC_pseudofinder\/VFPARIOC\.gbf > prokka_VFPARIOC_pseudofinder\/VFPARIOC\.gbk
[20:22:31] Deleting unwanted file: prokka_VFPARIOC_pseudofinder/VFPARIOC.gbf
[20:22:31] Output files:
[20:22:31] prokka_VFPARIOC_pseudofinder/VFPARIOC.tbl
[20:22:31] prokka_VFPARIOC_pseudofinder/VFPARIOC.fsa
[20:22:31] prokka_VFPARIOC_pseudofinder/VFPARIOC.faa
[20:22:31] prokka_VFPARIOC_pseudofinder/VFPARIOC.tsv
[20:22:31] prokka_VFPARIOC_pseudofinder/VFPARIOC.ffn
[20:22:31] prokka_VFPARIOC_pseudofinder/VFPARIOC.gff
[20:22:31] prokka_VFPARIOC_pseudofinder/VFPARIOC.err
[20:22:31] prokka_VFPARIOC_pseudofinder/VFPARIOC.sqn
[20:22:31] prokka_VFPARIOC_pseudofinder/VFPARIOC.gbk
[20:22:31] prokka_VFPARIOC_pseudofinder/VFPARIOC.log
[20:22:31] prokka_VFPARIOC_pseudofinder/VFPARIOC.txt
[20:22:31] prokka_VFPARIOC_pseudofinder/VFPARIOC.fna
[20:22:31] Annotation finished successfully.
[20:22:31] Walltime used: 0.18 minutes
[20:22:31] If you use this result please cite the Prokka paper:
[20:22:31] Seemann T (2014) Prokka: rapid prokaryotic genome annotation. Bioinformatics. 30(14):2068-9.
[20:22:31] Type 'prokka --citation' for more details.
[20:22:31] Share and enjoy!
