15:41:06.734 - INFO - UTILS - version=1.5.0
15:41:06.734 - INFO - UTILS - developer: Oliver Schwengers, github.com/oschwengers
15:41:06.734 - INFO - UTILS - command: /home/diego/miniconda3/envs/bakta/bin/bakta VFMEEALB.fasta --prefix bakta_VFMEEALB --output bakta_VFMEEALB -t 8 --locus-tag VFMEEALB
15:41:06.734 - INFO - UTILS - local time: 2022-11-10 15:41:06
15:41:06.736 - INFO - UTILS - machine: type=x86_64, cores=12
15:41:06.736 - INFO - UTILS - system: type=Linux, release=5.15.0-52-generic
15:41:06.736 - INFO - UTILS - python: version=3.10.6, implementation=CPython
15:41:06.736 - INFO - CONFIG - threads=8
15:41:06.736 - INFO - CONFIG - verbose=False
15:41:06.737 - INFO - CONFIG - database: type=environment, path=/home/diego/bakta_db/db/db
15:41:06.737 - INFO - CONFIG - tmp-path=/tmp/tmpp97yzqph
15:41:06.737 - INFO - CONFIG - genome-path=/home/diego/Documents/metagenomes/annotation_symbio_merge/annotation_Beta/genomes/VFMEEALB.fasta
15:41:06.737 - INFO - CONFIG - min_contig_length=1
15:41:06.738 - INFO - CONFIG - prefix=bakta_VFMEEALB
15:41:06.738 - INFO - CONFIG - output-path=/home/diego/Documents/metagenomes/annotation_symbio_merge/annotation_Beta/genomes/bakta_VFMEEALB
15:41:06.738 - INFO - CONFIG - genus=None
15:41:06.738 - INFO - CONFIG - species=None
15:41:06.738 - INFO - CONFIG - strain=None
15:41:06.738 - INFO - CONFIG - plasmid=None
15:41:06.738 - INFO - CONFIG - complete=False
15:41:06.738 - INFO - CONFIG - prodigal_tf=None
15:41:06.738 - INFO - CONFIG - translation_table=11
15:41:06.738 - INFO - CONFIG - gram=?
15:41:06.738 - INFO - CONFIG - compliant=False
15:41:06.738 - INFO - CONFIG - locus=None
15:41:06.738 - INFO - CONFIG - locus-tag=VFMEEALB
15:41:06.738 - INFO - CONFIG - keep_contig_headers=False
15:41:06.738 - INFO - CONFIG - replicon-table=None
15:41:06.738 - INFO - CONFIG - skip-tRNA=False
15:41:06.738 - INFO - CONFIG - skip-tmRNA=False
15:41:06.738 - INFO - CONFIG - skip-rRNA=False
15:41:06.738 - INFO - CONFIG - skip-ncRNA=False
15:41:06.738 - INFO - CONFIG - skip-ncRNA-region=False
15:41:06.738 - INFO - CONFIG - skip-CRISPR=False
15:41:06.738 - INFO - CONFIG - skip-CDS=False
15:41:06.738 - INFO - CONFIG - skip-pseudo=False
15:41:06.738 - INFO - CONFIG - skip-sORF=False
15:41:06.738 - INFO - CONFIG - skip-gap=False
15:41:06.738 - INFO - CONFIG - skip-ori=False
15:41:06.738 - INFO - DB - detected: major=4, minor=0, date=2022-08-25
15:41:06.834 - INFO - UTILS - dependency: tool=tRNAscan-SE, version=v2.0.9
15:41:06.837 - INFO - UTILS - dependency: tool=aragorn, version=v1.2.41
15:41:06.842 - INFO - UTILS - dependency: tool=cmscan, version=v1.1.4
15:41:06.844 - INFO - UTILS - dependency: tool=pilercr, version=v1.6.0
15:41:06.847 - INFO - UTILS - dependency: tool=prodigal, version=v2.6.3
15:41:06.850 - INFO - UTILS - dependency: tool=amrfinder, version=v3.10.40
15:41:06.875 - INFO - UTILS - dependency: tool=hmmsearch, version=v3.3.2
15:41:06.878 - INFO - UTILS - dependency: tool=diamond, version=v2.0.15
15:41:06.913 - INFO - UTILS - dependency: tool=blastn, version=v2.13.0
15:41:06.921 - INFO - FASTA - imported: id=VFMEEALB, length=104008, description=, genomic=True, dna=True
15:41:06.921 - INFO - MAIN - imported sequences=1
15:41:06.921 - INFO - UTILS - qc: revised sequence: id=contig_1, orig-id=VFMEEALB, type=contig, complete=False, topology=linear, name=, description='[gcode=11]', orig-description=''
15:41:06.921 - INFO - FASTA - write genome sequences: path=/tmp/tmpp97yzqph/contigs.fna, description=False, wrap=False
15:41:12.150 - INFO - T_RNA - contig=contig_1, start=13480, stop=13551, strand=+, gene=Phe_trna, product=tRNA-Phe, score=62.9, nt=[AGTTTAATAG..AGTTAAACTA]
15:41:12.150 - INFO - T_RNA - contig=contig_1, start=17365, stop=17436, strand=+, gene=Gln_trna, product=tRNA-Gln, score=52.7, nt=[AAGGATGTCA..ATCTTCCTTT]
15:41:12.150 - INFO - T_RNA - contig=contig_1, start=32630, stop=32833, strand=+, gene=None, product=(pseudo) tRNA-Xxx, score=23.1, nt=[AGGTTATTAG..ATATAACCTA]
15:41:12.150 - INFO - T_RNA - contig=contig_1, start=35670, stop=35742, strand=+, gene=Leu_trna, product=tRNA-Leu, score=55.3, nt=[GCAAAAATGA..TTTTTTTGCA]
15:41:12.150 - INFO - T_RNA - contig=contig_1, start=35744, stop=35834, strand=+, gene=Ser_trna, product=tRNA-Ser, score=55.6, nt=[AGAAAAGTTG..TTCTTTTCTT]
15:41:12.150 - INFO - T_RNA - contig=contig_1, start=47120, stop=47192, strand=+, gene=Val_trna, product=tRNA-Val, score=41.3, nt=[AGACGTTTAA..ACAACGTCTA]
15:41:12.150 - INFO - T_RNA - contig=contig_1, start=48768, stop=48841, strand=+, gene=Arg_trna, product=tRNA-Arg, score=46.9, nt=[ACAATTATAG..ACTAATTGTA]
15:41:12.150 - INFO - T_RNA - contig=contig_1, start=54714, stop=54784, strand=+, gene=Thr_trna, product=tRNA-Thr, score=42.6, nt=[GTCTTTTTAA..ATAAATGACA]
15:41:12.150 - INFO - T_RNA - contig=contig_1, start=57767, stop=57838, strand=+, gene=Pro_trna, product=tRNA-Pro, score=51.1, nt=[CAAGGAATAG..ATTTCCTTGA]
15:41:12.150 - INFO - T_RNA - contig=contig_1, start=103762, stop=103844, strand=+, gene=Tyr_trna, product=tRNA-Tyr, score=59.1, nt=[AAAGATATTC..ACTATCTTTA]
15:41:12.150 - INFO - T_RNA - contig=contig_1, start=90428, stop=90498, strand=-, gene=Ile_trna, product=(pseudo) tRNA-Ile, score=44.4, nt=[AGGTTTATAA..TTTAAACCTA]
15:41:12.150 - INFO - T_RNA - contig=contig_1, start=65639, stop=65709, strand=-, gene=Asp_trna, product=tRNA-Asp, score=50.1, nt=[GAAGTAATAT..GTTTTCTTCG]
15:41:12.150 - INFO - T_RNA - contig=contig_1, start=57657, stop=57729, strand=-, gene=fMet_trna, product=tRNA-fMet, score=60.3, nt=[TGTAAAATAG..ATTTTTACAT]
15:41:12.150 - INFO - T_RNA - contig=contig_1, start=55687, stop=55758, strand=-, gene=Lys_trna, product=tRNA-Lys, score=60.6, nt=[AGGTTGTTAG..ACACAACTTA]
15:41:12.150 - INFO - T_RNA - contig=contig_1, start=48683, stop=48766, strand=-, gene=Ser_trna, product=tRNA-Ser, score=55.2, nt=[GAAGATATGA..ATTATCTTCT]
15:41:12.150 - INFO - T_RNA - contig=contig_1, start=40310, stop=40381, strand=-, gene=Asn_trna, product=tRNA-Asn, score=61.0, nt=[TCTTTAATAG..AGTTAAAGAG]
15:41:12.151 - INFO - T_RNA - predicted=16
15:41:12.173 - INFO - TM_RNA - predicted=0
15:41:14.731 - INFO - R_RNA - contig=contig_1, start=90496, stop=91969, strand=-, gene=16S_rrna, product=16S ribosomal RNA, length=1474, coverage=0.962, truncated=None, score=1243.6, evalue=1.9e-40, nt=[CAAAAGAAGA..TATAATAAGG]
15:41:14.731 - INFO - R_RNA - contig=contig_1, start=87575, stop=87681, strand=-, gene=5S_rrna, product=5S ribosomal RNA, length=107, coverage=0.899, truncated=None, score=42.1, evalue=1.3e-06, nt=[ATTTGATAAT..TTATCAAATT]
15:41:14.731 - INFO - R_RNA - contig=contig_1, start=87688, stop=90423, strand=-, gene=23S_rrna, product=23S ribosomal RNA, length=2736, coverage=0.935, truncated=None, score=2113.6, evalue=1.0e-04, nt=[TTAAATATTT..ATATTTAAGA]
15:41:14.731 - INFO - R_RNA - predicted=3
15:41:17.329 - INFO - NC_RNA - predicted=0
15:41:17.875 - INFO - NC_RNA_REGION - predicted=0
15:41:17.963 - INFO - CRISPR - predicted=0
15:41:17.963 - INFO - CDS - create prodigal training file: file=/tmp/tmpp97yzqph/prodigal.tf
15:41:18.062 - INFO - FASTA - write genome sequences: path=/tmp/tmpp97yzqph/contigs.fasta, description=False, wrap=False
15:41:18.062 - INFO - CDS - run prodigal: type=contigs, # sequences=1
15:41:18.101 - INFO - CDS - contig=contig_1, start=1, stop=1185, strand=+, frame=1, truncated=no, start-type=ATG, RBS-motif=None
15:41:18.102 - INFO - CDS - contig=contig_1, start=1222, stop=1605, strand=+, frame=1, truncated=no, start-type=GTG, RBS-motif=None
15:41:18.102 - INFO - CDS - contig=contig_1, start=1598, stop=2029, strand=+, frame=2, truncated=no, start-type=ATG, RBS-motif=AAAA
15:41:18.102 - INFO - CDS - contig=contig_1, start=2010, stop=2354, strand=+, frame=3, truncated=no, start-type=ATG, RBS-motif=TTTT
15:41:18.102 - INFO - CDS - contig=contig_1, start=2347, stop=6132, strand=+, frame=1, truncated=no, start-type=TTG, RBS-motif=AAAA
15:41:18.102 - INFO - CDS - contig=contig_1, start=6129, stop=9728, strand=+, frame=3, truncated=no, start-type=ATG, RBS-motif=None
15:41:18.102 - INFO - CDS - contig=contig_1, start=9716, stop=10096, strand=+, frame=2, truncated=no, start-type=ATG, RBS-motif=TTATT
15:41:18.102 - INFO - CDS - contig=contig_1, start=10077, stop=10547, strand=+, frame=3, truncated=no, start-type=ATG, RBS-motif=None
15:41:18.102 - INFO - CDS - contig=contig_1, start=10550, stop=12586, strand=+, frame=2, truncated=no, start-type=GTG, RBS-motif=TTTTTT
15:41:18.102 - INFO - CDS - contig=contig_1, start=12583, stop=12870, strand=+, frame=1, truncated=no, start-type=ATG, RBS-motif=TTT
15:41:18.102 - INFO - CDS - contig=contig_1, start=12867, stop=12971, strand=+, frame=3, truncated=no, start-type=ATG, RBS-motif=AAAA
15:41:18.102 - INFO - CDS - contig=contig_1, start=13059, stop=13505, strand=+, frame=3, truncated=no, start-type=ATG, RBS-motif=TTTTT
15:41:18.102 - INFO - CDS - contig=contig_1, start=13661, stop=14149, strand=-, frame=1, truncated=no, start-type=ATG, RBS-motif=TTTTTT
15:41:18.102 - INFO - CDS - contig=contig_1, start=14139, stop=15119, strand=-, frame=3, truncated=no, start-type=ATG, RBS-motif=TTT
15:41:18.102 - INFO - CDS - contig=contig_1, start=15116, stop=15511, strand=-, frame=1, truncated=no, start-type=ATG, RBS-motif=None
15:41:18.102 - INFO - CDS - contig=contig_1, start=15505, stop=15768, strand=-, frame=2, truncated=no, start-type=ATG, RBS-motif=None
15:41:18.102 - INFO - CDS - contig=contig_1, start=15765, stop=16490, strand=-, frame=3, truncated=no, start-type=ATG, RBS-motif=AAAA
15:41:18.102 - INFO - CDS - contig=contig_1, start=16487, stop=17032, strand=-, frame=1, truncated=no, start-type=ATG, RBS-motif=TTT
15:41:18.102 - INFO - CDS - contig=contig_1, start=17032, stop=17364, strand=-, frame=2, truncated=no, start-type=ATG, RBS-motif=None
15:41:18.102 - INFO - CDS - contig=contig_1, start=17379, stop=18302, strand=+, frame=3, truncated=no, start-type=GTG, RBS-motif=None
15:41:18.102 - INFO - CDS - contig=contig_1, start=18289, stop=18735, strand=+, frame=1, truncated=no, start-type=ATG, RBS-motif=AAAA
15:41:18.102 - INFO - CDS - contig=contig_1, start=18712, stop=19290, strand=-, frame=2, truncated=no, start-type=GTG, RBS-motif=AAAA
15:41:18.102 - INFO - CDS - contig=contig_1, start=19485, stop=20456, strand=+, frame=3, truncated=no, start-type=ATG, RBS-motif=TTATT
15:41:18.102 - INFO - CDS - contig=contig_1, start=20453, stop=21775, strand=-, frame=1, truncated=no, start-type=ATG, RBS-motif=None
15:41:18.102 - INFO - CDS - contig=contig_1, start=21772, stop=22410, strand=-, frame=2, truncated=no, start-type=ATG, RBS-motif=AAAA
15:41:18.102 - INFO - CDS - contig=contig_1, start=22398, stop=23126, strand=-, frame=3, truncated=no, start-type=ATG, RBS-motif=TTT
15:41:18.102 - INFO - CDS - contig=contig_1, start=23101, stop=24048, strand=-, frame=2, truncated=no, start-type=ATG, RBS-motif=TTT
15:41:18.103 - INFO - CDS - contig=contig_1, start=24033, stop=24611, strand=-, frame=3, truncated=no, start-type=ATG, RBS-motif=None
15:41:18.103 - INFO - CDS - contig=contig_1, start=24592, stop=25833, strand=-, frame=2, truncated=no, start-type=ATG, RBS-motif=AAAA
15:41:18.103 - INFO - CDS - contig=contig_1, start=25815, stop=27185, strand=-, frame=3, truncated=no, start-type=ATG, RBS-motif=TTTTTT
15:41:18.103 - INFO - CDS - contig=contig_1, start=27337, stop=28587, strand=-, frame=2, truncated=no, start-type=ATG, RBS-motif=AAAA
15:41:18.103 - INFO - CDS - contig=contig_1, start=28584, stop=29489, strand=-, frame=3, truncated=no, start-type=ATG, RBS-motif=TTTTT
15:41:18.103 - INFO - CDS - contig=contig_1, start=29489, stop=30286, strand=-, frame=1, truncated=no, start-type=TTG, RBS-motif=None
15:41:18.103 - INFO - CDS - contig=contig_1, start=30408, stop=31340, strand=+, frame=3, truncated=no, start-type=ATG, RBS-motif=AAAA
15:41:18.103 - INFO - CDS - contig=contig_1, start=31371, stop=32639, strand=+, frame=3, truncated=no, start-type=ATG, RBS-motif=AAAA
15:41:18.103 - INFO - CDS - contig=contig_1, start=32835, stop=35684, strand=+, frame=3, truncated=no, start-type=ATG, RBS-motif=None
15:41:18.103 - INFO - CDS - contig=contig_1, start=35751, stop=36632, strand=+, frame=3, truncated=no, start-type=TTG, RBS-motif=TTTTT
15:41:18.103 - INFO - CDS - contig=contig_1, start=36625, stop=37626, strand=+, frame=1, truncated=no, start-type=ATG, RBS-motif=AAAA
15:41:18.103 - INFO - CDS - contig=contig_1, start=37619, stop=38185, strand=+, frame=2, truncated=no, start-type=TTG, RBS-motif=TTTT
15:41:18.103 - INFO - CDS - contig=contig_1, start=38172, stop=39278, strand=+, frame=3, truncated=no, start-type=ATG, RBS-motif=TTATT
15:41:18.103 - INFO - CDS - contig=contig_1, start=39275, stop=39922, strand=+, frame=2, truncated=no, start-type=ATG, RBS-motif=None
15:41:18.103 - INFO - CDS - contig=contig_1, start=39909, stop=40142, strand=+, frame=3, truncated=no, start-type=ATG, RBS-motif=None
15:41:18.103 - INFO - CDS - contig=contig_1, start=40120, stop=40317, strand=+, frame=1, truncated=no, start-type=ATG, RBS-motif=AAAA
15:41:18.103 - INFO - CDS - contig=contig_1, start=40642, stop=41277, strand=-, frame=2, truncated=no, start-type=ATG, RBS-motif=TTGTT
15:41:18.103 - INFO - CDS - contig=contig_1, start=41446, stop=42303, strand=+, frame=1, truncated=no, start-type=TTG, RBS-motif=TTATT
15:41:18.103 - INFO - CDS - contig=contig_1, start=42300, stop=45395, strand=+, frame=3, truncated=no, start-type=ATG, RBS-motif=TTATT
15:41:18.103 - INFO - CDS - contig=contig_1, start=45392, stop=45949, strand=+, frame=2, truncated=no, start-type=ATG, RBS-motif=AAAA
15:41:18.103 - INFO - CDS - contig=contig_1, start=45946, stop=47121, strand=+, frame=1, truncated=no, start-type=ATG, RBS-motif=None
15:41:18.103 - INFO - CDS - contig=contig_1, start=47134, stop=47538, strand=+, frame=1, truncated=no, start-type=ATG, RBS-motif=TTT
15:41:18.103 - INFO - CDS - contig=contig_1, start=47540, stop=48625, strand=+, frame=2, truncated=no, start-type=ATG, RBS-motif=TTATT
15:41:18.103 - INFO - CDS - contig=contig_1, start=48817, stop=49407, strand=+, frame=1, truncated=no, start-type=GTG, RBS-motif=AAAA
15:41:18.103 - INFO - CDS - contig=contig_1, start=49404, stop=50636, strand=+, frame=3, truncated=no, start-type=ATG, RBS-motif=TTATT
15:41:18.103 - INFO - CDS - contig=contig_1, start=50626, stop=51642, strand=+, frame=1, truncated=no, start-type=ATG, RBS-motif=TTT
15:41:18.103 - INFO - CDS - contig=contig_1, start=51599, stop=52132, strand=+, frame=2, truncated=no, start-type=ATG, RBS-motif=TTT
15:41:18.103 - INFO - CDS - contig=contig_1, start=52126, stop=52725, strand=+, frame=1, truncated=no, start-type=ATG, RBS-motif=TTTT
15:41:18.103 - INFO - CDS - contig=contig_1, start=52722, stop=53444, strand=+, frame=3, truncated=no, start-type=ATG, RBS-motif=TTTT
15:41:18.104 - INFO - CDS - contig=contig_1, start=53434, stop=54186, strand=+, frame=1, truncated=no, start-type=ATG, RBS-motif=AAAA
15:41:18.104 - INFO - CDS - contig=contig_1, start=54183, stop=54473, strand=+, frame=3, truncated=no, start-type=ATG, RBS-motif=None
15:41:18.104 - INFO - CDS - contig=contig_1, start=54466, stop=54723, strand=+, frame=1, truncated=no, start-type=ATG, RBS-motif=TTTT
15:41:18.104 - INFO - CDS - contig=contig_1, start=54834, stop=55700, strand=+, frame=3, truncated=no, start-type=ATG, RBS-motif=None
15:41:18.104 - INFO - CDS - contig=contig_1, start=55749, stop=56093, strand=-, frame=3, truncated=no, start-type=ATG, RBS-motif=TTT
15:41:18.104 - INFO - CDS - contig=contig_1, start=56090, stop=56518, strand=-, frame=1, truncated=no, start-type=TTG, RBS-motif=TTTTTT
15:41:18.104 - INFO - CDS - contig=contig_1, start=56519, stop=57577, strand=-, frame=1, truncated=no, start-type=ATG, RBS-motif=None
15:41:18.104 - INFO - CDS - contig=contig_1, start=57840, stop=58133, strand=+, frame=3, truncated=no, start-type=ATG, RBS-motif=TTT
15:41:18.104 - INFO - CDS - contig=contig_1, start=58101, stop=58556, strand=-, frame=3, truncated=no, start-type=ATG, RBS-motif=TTATT
15:41:18.104 - INFO - CDS - contig=contig_1, start=58556, stop=58999, strand=-, frame=1, truncated=no, start-type=ATG, RBS-motif=TTTTTT
15:41:18.104 - INFO - CDS - contig=contig_1, start=58996, stop=59490, strand=-, frame=2, truncated=no, start-type=ATG, RBS-motif=None
15:41:18.104 - INFO - CDS - contig=contig_1, start=59510, stop=60562, strand=+, frame=2, truncated=no, start-type=ATG, RBS-motif=TTTTT
15:41:18.104 - INFO - CDS - contig=contig_1, start=60546, stop=61340, strand=+, frame=3, truncated=no, start-type=ATG, RBS-motif=TTT
15:41:18.104 - INFO - CDS - contig=contig_1, start=61334, stop=62380, strand=+, frame=2, truncated=no, start-type=ATG, RBS-motif=None
15:41:18.104 - INFO - CDS - contig=contig_1, start=62366, stop=62548, strand=-, frame=1, truncated=no, start-type=ATG, RBS-motif=TTT
15:41:18.104 - INFO - CDS - contig=contig_1, start=62529, stop=63812, strand=-, frame=3, truncated=no, start-type=ATG, RBS-motif=TTT
15:41:18.104 - INFO - CDS - contig=contig_1, start=63812, stop=65068, strand=-, frame=1, truncated=no, start-type=ATG, RBS-motif=None
15:41:18.104 - INFO - CDS - contig=contig_1, start=65068, stop=65496, strand=-, frame=2, truncated=no, start-type=ATG, RBS-motif=TTGTT
15:41:18.104 - INFO - CDS - contig=contig_1, start=65772, stop=66677, strand=-, frame=3, truncated=no, start-type=TTG, RBS-motif=None
15:41:18.104 - INFO - CDS - contig=contig_1, start=66762, stop=68030, strand=+, frame=3, truncated=no, start-type=ATG, RBS-motif=TTTT
15:41:18.104 - INFO - CDS - contig=contig_1, start=68027, stop=69700, strand=+, frame=2, truncated=no, start-type=ATG, RBS-motif=TTT
15:41:18.104 - INFO - CDS - contig=contig_1, start=69718, stop=69996, strand=+, frame=1, truncated=no, start-type=ATG, RBS-motif=TTGTT
15:41:18.104 - INFO - CDS - contig=contig_1, start=69993, stop=71549, strand=+, frame=3, truncated=no, start-type=ATG, RBS-motif=TTT
15:41:18.104 - INFO - CDS - contig=contig_1, start=71546, stop=72820, strand=+, frame=2, truncated=no, start-type=ATG, RBS-motif=TTGTT
15:41:18.104 - INFO - CDS - contig=contig_1, start=72796, stop=73920, strand=+, frame=1, truncated=no, start-type=ATG, RBS-motif=TTTTT
15:41:18.104 - INFO - CDS - contig=contig_1, start=73917, stop=74948, strand=-, frame=3, truncated=no, start-type=ATG, RBS-motif=None
15:41:18.104 - INFO - CDS - contig=contig_1, start=75045, stop=75599, strand=+, frame=3, truncated=no, start-type=ATG, RBS-motif=TTTTT
15:41:18.104 - INFO - CDS - contig=contig_1, start=75592, stop=76560, strand=-, frame=2, truncated=no, start-type=GTG, RBS-motif=TTATT
15:41:18.104 - INFO - CDS - contig=contig_1, start=76561, stop=78360, strand=-, frame=2, truncated=no, start-type=ATG, RBS-motif=TTTTT
15:41:18.104 - INFO - CDS - contig=contig_1, start=78357, stop=78851, strand=-, frame=3, truncated=no, start-type=ATG, RBS-motif=TTT
15:41:18.105 - INFO - CDS - contig=contig_1, start=78852, stop=79835, strand=+, frame=3, truncated=no, start-type=ATG, RBS-motif=AAAA
15:41:18.105 - INFO - CDS - contig=contig_1, start=79818, stop=80783, strand=-, frame=3, truncated=no, start-type=ATG, RBS-motif=None
15:41:18.105 - INFO - CDS - contig=contig_1, start=80762, stop=81373, strand=-, frame=1, truncated=no, start-type=ATG, RBS-motif=TTT
15:41:18.105 - INFO - CDS - contig=contig_1, start=81351, stop=83354, strand=-, frame=3, truncated=no, start-type=ATG, RBS-motif=TTT
15:41:18.105 - INFO - CDS - contig=contig_1, start=83351, stop=83971, strand=-, frame=1, truncated=no, start-type=ATG, RBS-motif=TTTT
15:41:18.105 - INFO - CDS - contig=contig_1, start=83949, stop=84557, strand=-, frame=3, truncated=no, start-type=TTG, RBS-motif=AAAA
15:41:18.105 - INFO - CDS - contig=contig_1, start=84664, stop=85092, strand=+, frame=1, truncated=no, start-type=ATG, RBS-motif=AAAA
15:41:18.105 - INFO - CDS - contig=contig_1, start=85073, stop=85327, strand=-, frame=1, truncated=no, start-type=ATG, RBS-motif=TTTTT
15:41:18.105 - INFO - CDS - contig=contig_1, start=85297, stop=85614, strand=-, frame=2, truncated=no, start-type=ATG, RBS-motif=TTT
15:41:18.105 - INFO - CDS - contig=contig_1, start=85598, stop=86275, strand=-, frame=1, truncated=no, start-type=ATG, RBS-motif=TTTT
15:41:18.105 - INFO - CDS - contig=contig_1, start=86281, stop=87576, strand=+, frame=1, truncated=no, start-type=ATG, RBS-motif=TTT
15:41:18.105 - INFO - CDS - contig=contig_1, start=87827, stop=88156, strand=+, frame=2, truncated=no, start-type=ATG, RBS-motif=TTT
15:41:18.105 - INFO - CDS - contig=contig_1, start=92040, stop=92630, strand=+, frame=3, truncated=no, start-type=ATG, RBS-motif=TTT
15:41:18.105 - INFO - CDS - contig=contig_1, start=92620, stop=93177, strand=+, frame=1, truncated=no, start-type=ATG, RBS-motif=AAAA
15:41:18.105 - INFO - CDS - contig=contig_1, start=93174, stop=93386, strand=+, frame=3, truncated=no, start-type=ATG, RBS-motif=TTT
15:41:18.105 - INFO - CDS - contig=contig_1, start=93349, stop=94143, strand=+, frame=1, truncated=no, start-type=ATG, RBS-motif=AAAA
15:41:18.105 - INFO - CDS - contig=contig_1, start=94145, stop=94426, strand=+, frame=2, truncated=no, start-type=ATG, RBS-motif=AAAA
15:41:18.105 - INFO - CDS - contig=contig_1, start=94395, stop=94733, strand=+, frame=3, truncated=no, start-type=ATG, RBS-motif=AAAA
15:41:18.105 - INFO - CDS - contig=contig_1, start=94711, stop=95322, strand=+, frame=1, truncated=no, start-type=ATG, RBS-motif=TTT
15:41:18.105 - INFO - CDS - contig=contig_1, start=95319, stop=95723, strand=+, frame=3, truncated=no, start-type=ATG, RBS-motif=TTATT
15:41:18.105 - INFO - CDS - contig=contig_1, start=95704, stop=95943, strand=+, frame=1, truncated=no, start-type=ATG, RBS-motif=AAAA
15:41:18.105 - INFO - CDS - contig=contig_1, start=95915, stop=96277, strand=+, frame=2, truncated=no, start-type=ATG, RBS-motif=AAAA
15:41:18.105 - INFO - CDS - contig=contig_1, start=96274, stop=96825, strand=+, frame=1, truncated=no, start-type=ATG, RBS-motif=TTGTT
15:41:18.105 - INFO - CDS - contig=contig_1, start=96818, stop=97099, strand=+, frame=2, truncated=no, start-type=ATG, RBS-motif=TTT
15:41:18.105 - INFO - CDS - contig=contig_1, start=97099, stop=97449, strand=+, frame=1, truncated=no, start-type=ATG, RBS-motif=None
15:41:18.105 - INFO - CDS - contig=contig_1, start=97439, stop=97966, strand=+, frame=2, truncated=no, start-type=ATG, RBS-motif=TTTT
15:41:18.105 - INFO - CDS - contig=contig_1, start=97953, stop=98246, strand=+, frame=3, truncated=no, start-type=GTG, RBS-motif=AAAA
15:41:18.105 - INFO - CDS - contig=contig_1, start=98239, stop=98643, strand=+, frame=1, truncated=no, start-type=ATG, RBS-motif=TTGTT
15:41:18.105 - INFO - CDS - contig=contig_1, start=98630, stop=98905, strand=+, frame=2, truncated=no, start-type=ATG, RBS-motif=TTT
15:41:18.105 - INFO - CDS - contig=contig_1, start=98880, stop=99089, strand=+, frame=3, truncated=no, start-type=ATG, RBS-motif=None
15:41:18.105 - INFO - CDS - contig=contig_1, start=99086, stop=99199, strand=+, frame=2, truncated=no, start-type=ATG, RBS-motif=None
15:41:18.105 - INFO - CDS - contig=contig_1, start=99171, stop=99539, strand=+, frame=3, truncated=no, start-type=ATG, RBS-motif=TTT
15:41:18.105 - INFO - CDS - contig=contig_1, start=99532, stop=99879, strand=+, frame=1, truncated=no, start-type=ATG, RBS-motif=AAAA
15:41:18.106 - INFO - CDS - contig=contig_1, start=99876, stop=100391, strand=+, frame=3, truncated=no, start-type=ATG, RBS-motif=AAAA
15:41:18.106 - INFO - CDS - contig=contig_1, start=100388, stop=100939, strand=+, frame=2, truncated=no, start-type=ATG, RBS-motif=TTT
15:41:18.106 - INFO - CDS - contig=contig_1, start=100936, stop=101184, strand=+, frame=1, truncated=no, start-type=ATG, RBS-motif=AAAA
15:41:18.106 - INFO - CDS - contig=contig_1, start=101173, stop=102279, strand=-, frame=2, truncated=no, start-type=ATG, RBS-motif=None
15:41:18.106 - INFO - CDS - contig=contig_1, start=102714, stop=103763, strand=+, frame=3, truncated=no, start-type=ATG, RBS-motif=AAAA
15:41:18.107 - INFO - CDS - contig=contig_1, start=1, stop=1185, strand=+, nt=[ATGAAAAAAA..AGAGGTATAA]
15:41:18.107 - INFO - CDS - contig=contig_1, start=1222, stop=1605, strand=+, nt=[GTGGGTTTAA..AAATGATTAA]
15:41:18.107 - INFO - CDS - contig=contig_1, start=1598, stop=2029, strand=+, nt=[ATGATTAAAA..AAATATTTAA]
15:41:18.107 - INFO - CDS - contig=contig_1, start=2010, stop=2354, strand=+, nt=[ATGATAAAAA..AATTGAATAA]
15:41:18.107 - INFO - CDS - contig=contig_1, start=2347, stop=6132, strand=+, nt=[TTGAATAATA..TTTAAAATGA]
15:41:18.107 - INFO - CDS - contig=contig_1, start=6129, stop=9728, strand=+, nt=[ATGAATAAAT..CCAACAATAA]
15:41:18.107 - INFO - CDS - contig=contig_1, start=9716, stop=10096, strand=+, nt=[ATGCCAACAA..AAAAAAATAA]
15:41:18.107 - INFO - CDS - contig=contig_1, start=10077, stop=10547, strand=+, nt=[ATGTCAAGAA..TATTTTTTAA]
15:41:18.107 - INFO - CDS - contig=contig_1, start=10550, stop=12586, strand=+, nt=[GTGAATATAA..AAAATTATGA]
15:41:18.107 - INFO - CDS - contig=contig_1, start=12583, stop=12870, strand=+, nt=[ATGAAATTTA..TTATATATGA]
15:41:18.107 - INFO - CDS - contig=contig_1, start=12867, stop=12971, strand=+, nt=[ATGATAATTA..TTTTTTATAG]
15:41:18.107 - INFO - CDS - contig=contig_1, start=13059, stop=13505, strand=+, nt=[ATGAAAATTT..GGTAGAGTAA]
15:41:18.107 - INFO - CDS - contig=contig_1, start=13661, stop=14149, strand=-, nt=[ATGAAAGATA..TTTTTCTTAA]
15:41:18.107 - INFO - CDS - contig=contig_1, start=14139, stop=15119, strand=-, nt=[ATGATTTTAA..TGAAAGATAA]
15:41:18.107 - INFO - CDS - contig=contig_1, start=15116, stop=15511, strand=-, nt=[ATGTTAGGAT..AAAAAGATGA]
15:41:18.107 - INFO - CDS - contig=contig_1, start=15505, stop=15768, strand=-, nt=[ATGATATTTA..ATTATGTTAG]
15:41:18.107 - INFO - CDS - contig=contig_1, start=15765, stop=16490, strand=-, nt=[ATGAAATTTA..AACAATATGA]
15:41:18.107 - INFO - CDS - contig=contig_1, start=16487, stop=17032, strand=-, nt=[ATGATTTTTA..TATAAAATGA]
15:41:18.107 - INFO - CDS - contig=contig_1, start=17032, stop=17364, strand=-, nt=[ATGAAATTTT..TCCATACTAA]
15:41:18.107 - INFO - CDS - contig=contig_1, start=17379, stop=18302, strand=+, nt=[GTGGTCAAGG..ATATATATAA]
15:41:18.107 - INFO - CDS - contig=contig_1, start=18289, stop=18735, strand=+, nt=[ATGAATATAT..TAAATATTAA]
15:41:18.107 - INFO - CDS - contig=contig_1, start=18712, stop=19290, strand=-, nt=[GTGGCAATAG..TTTTATATAA]
15:41:18.107 - INFO - CDS - contig=contig_1, start=19485, stop=20456, strand=+, nt=[ATGAATAAAT..CTTCTTTTAA]
15:41:18.107 - INFO - CDS - contig=contig_1, start=20453, stop=21775, strand=-, nt=[ATGAATATAA..TTCTTTTTAA]
15:41:18.107 - INFO - CDS - contig=contig_1, start=21772, stop=22410, strand=-, nt=[ATGTTTTATT..CAAATTATGA]
15:41:18.107 - INFO - CDS - contig=contig_1, start=22398, stop=23126, strand=-, nt=[ATGTTATTAA..TTTTATTTAG]
15:41:18.107 - INFO - CDS - contig=contig_1, start=23101, stop=24048, strand=-, nt=[ATGCAAAAAA..TAAAATTTAA]
15:41:18.107 - INFO - CDS - contig=contig_1, start=24033, stop=24611, strand=-, nt=[ATGATAATTA..AAAAAATTAA]
15:41:18.107 - INFO - CDS - contig=contig_1, start=24592, stop=25833, strand=-, nt=[ATGTTTTTTA..TAATAGATAA]
15:41:18.107 - INFO - CDS - contig=contig_1, start=25815, stop=27185, strand=-, nt=[ATGATAAAAT..AAAAAAATAA]
15:41:18.107 - INFO - CDS - contig=contig_1, start=27337, stop=28587, strand=-, nt=[ATGAATAATA..TAAAATATAA]
15:41:18.107 - INFO - CDS - contig=contig_1, start=28584, stop=29489, strand=-, nt=[ATGTCAATTT..ATTATTATGA]
15:41:18.108 - INFO - CDS - contig=contig_1, start=29489, stop=30286, strand=-, nt=[TTGATAGTAA..ATTTAAATAA]
15:41:18.108 - INFO - CDS - contig=contig_1, start=30408, stop=31340, strand=+, nt=[ATGAAATATA..TTATATATAA]
15:41:18.108 - INFO - CDS - contig=contig_1, start=31371, stop=32639, strand=+, nt=[ATGAAAATAG..AGGTTATTAG]
15:41:18.108 - INFO - CDS - contig=contig_1, start=32835, stop=35684, strand=+, nt=[ATGAATATTA..AATGATGTAA]
15:41:18.108 - INFO - CDS - contig=contig_1, start=35751, stop=36632, strand=+, nt=[TTGATAAGTG..TTATGTCTAA]
15:41:18.108 - INFO - CDS - contig=contig_1, start=36625, stop=37626, strand=+, nt=[ATGTCTAAAA..TCTTGATTAA]
15:41:18.108 - INFO - CDS - contig=contig_1, start=37619, stop=38185, strand=+, nt=[TTGATTAAAA..AAATGCCTAA]
15:41:18.108 - INFO - CDS - contig=contig_1, start=38172, stop=39278, strand=+, nt=[ATGAAAATGC..ATTTATATGA]
15:41:18.108 - INFO - CDS - contig=contig_1, start=39275, stop=39922, strand=+, nt=[ATGAATATAA..TAAAAATTAA]
15:41:18.108 - INFO - CDS - contig=contig_1, start=39909, stop=40142, strand=+, nt=[ATGTTAAAAA..TAAAAAATAA]
15:41:18.108 - INFO - CDS - contig=contig_1, start=40120, stop=40317, strand=+, nt=[ATGAAAAGAA..TTCTCTTTAA]
15:41:18.108 - INFO - CDS - contig=contig_1, start=40642, stop=41277, strand=-, nt=[ATGCATAAAA..AATAACTTAA]
15:41:18.108 - INFO - CDS - contig=contig_1, start=41446, stop=42303, strand=+, nt=[TTGATTTTAA..ATCCATATGA]
15:41:18.108 - INFO - CDS - contig=contig_1, start=42300, stop=45395, strand=+, nt=[ATGAAGAATA..CAATTTATGA]
15:41:18.108 - INFO - CDS - contig=contig_1, start=45392, stop=45949, strand=+, nt=[ATGACCCCTT..AATAAAATGA]
15:41:18.108 - INFO - CDS - contig=contig_1, start=45946, stop=47121, strand=+, nt=[ATGATATATT..AAAAAAATAG]
15:41:18.108 - INFO - CDS - contig=contig_1, start=47134, stop=47538, strand=+, nt=[ATGGATAAAG..AAATAAATAA]
15:41:18.108 - INFO - CDS - contig=contig_1, start=47540, stop=48625, strand=+, nt=[ATGAATTTAT..ACGGATTTGA]
15:41:18.108 - INFO - CDS - contig=contig_1, start=48817, stop=49407, strand=+, nt=[GTGAGTTCAA..TATATTATGA]
15:41:18.108 - INFO - CDS - contig=contig_1, start=49404, stop=50636, strand=+, nt=[ATGAAAATAT..TGAAAAATAA]
15:41:18.108 - INFO - CDS - contig=contig_1, start=50626, stop=51642, strand=+, nt=[ATGAAAAATA..TTTTTATTAA]
15:41:18.108 - INFO - CDS - contig=contig_1, start=51599, stop=52132, strand=+, nt=[ATGAAAATAA..CAAATGGTGA]
15:41:18.108 - INFO - CDS - contig=contig_1, start=52126, stop=52725, strand=+, nt=[ATGGTGATAG..TTGGAAATGA]
15:41:18.108 - INFO - CDS - contig=contig_1, start=52722, stop=53444, strand=+, nt=[ATGAAAATAA..TGATTTATAA]
15:41:18.108 - INFO - CDS - contig=contig_1, start=53434, stop=54186, strand=+, nt=[ATGATTTATA..AAATATATGA]
15:41:18.108 - INFO - CDS - contig=contig_1, start=54183, stop=54473, strand=+, nt=[ATGAAATTAT..AAATGATTAA]
15:41:18.108 - INFO - CDS - contig=contig_1, start=54466, stop=54723, strand=+, nt=[ATGATTAAAA..GTCTTTTTAA]
15:41:18.108 - INFO - CDS - contig=contig_1, start=54834, stop=55700, strand=+, nt=[ATGAGTTCGA..TTGTGTGTGA]
15:41:18.108 - INFO - CDS - contig=contig_1, start=55749, stop=56093, strand=-, nt=[ATGACTCGAG..AGGTTGTTAG]
15:41:18.108 - INFO - CDS - contig=contig_1, start=56090, stop=56518, strand=-, nt=[TTGATAAAAT..TCCAAAATGA]
15:41:18.108 - INFO - CDS - contig=contig_1, start=56519, stop=57577, strand=-, nt=[ATGTCTGGAA..TTTTTTATAA]
15:41:18.108 - INFO - CDS - contig=contig_1, start=57840, stop=58133, strand=+, nt=[ATGAAAAAAC..TAATTTTTAA]
15:41:18.108 - INFO - CDS - contig=contig_1, start=58101, stop=58556, strand=-, nt=[ATGTTTTATA..GATAAAATAA]
15:41:18.109 - INFO - CDS - contig=contig_1, start=58556, stop=58999, strand=-, nt=[ATGAAATATT..TTATTATTAA]
15:41:18.109 - INFO - CDS - contig=contig_1, start=58996, stop=59490, strand=-, nt=[ATGTTAAAAA..TTTAAAATGA]
15:41:18.109 - INFO - CDS - contig=contig_1, start=59510, stop=60562, strand=+, nt=[ATGATAAATT..AAAACATTAA]
15:41:18.109 - INFO - CDS - contig=contig_1, start=60546, stop=61340, strand=+, nt=[ATGAAAAAAA..AAAATGTTAA]
15:41:18.109 - INFO - CDS - contig=contig_1, start=61334, stop=62380, strand=+, nt=[ATGTTAATTT..AAAATGTTAA]
15:41:18.109 - INFO - CDS - contig=contig_1, start=62366, stop=62548, strand=-, nt=[ATGATATTAA..ATTTTTTTAA]
15:41:18.109 - INFO - CDS - contig=contig_1, start=62529, stop=63812, strand=-, nt=[ATGAAATATA..AAATAAATAA]
15:41:18.109 - INFO - CDS - contig=contig_1, start=63812, stop=65068, strand=-, nt=[ATGTTATTTA..AGATAAATAA]
15:41:18.109 - INFO - CDS - contig=contig_1, start=65068, stop=65496, strand=-, nt=[ATGTATTTAA..ATTAAAATAA]
15:41:18.109 - INFO - CDS - contig=contig_1, start=65772, stop=66677, strand=-, nt=[TTGAATAAAA..GTCCTTTTAA]
15:41:18.109 - INFO - CDS - contig=contig_1, start=66762, stop=68030, strand=+, nt=[ATGAATATTC..AGGAAAATGA]
15:41:18.109 - INFO - CDS - contig=contig_1, start=68027, stop=69700, strand=+, nt=[ATGATAGATT..AAAATATTAA]
15:41:18.109 - INFO - CDS - contig=contig_1, start=69718, stop=69996, strand=+, nt=[ATGGCTATAT..AATTAAATGA]
15:41:18.109 - INFO - CDS - contig=contig_1, start=69993, stop=71549, strand=+, nt=[ATGAAATCTA..TTATAAATGA]
15:41:18.109 - INFO - CDS - contig=contig_1, start=71546, stop=72820, strand=+, nt=[ATGAATATTA..AAAATATTAA]
15:41:18.109 - INFO - CDS - contig=contig_1, start=72796, stop=73920, strand=+, nt=[ATGCATAAGC..TATTTATTAA]
15:41:18.109 - INFO - CDS - contig=contig_1, start=73917, stop=74948, strand=-, nt=[ATGTTAAAAA..TTATTTTTAA]
15:41:18.109 - INFO - CDS - contig=contig_1, start=75045, stop=75599, strand=+, nt=[ATGAATTTAT..TTTTATTTAA]
15:41:18.109 - INFO - CDS - contig=contig_1, start=75592, stop=76560, strand=-, nt=[GTGAAAGATT..TTTTAAATAA]
15:41:18.109 - INFO - CDS - contig=contig_1, start=76561, stop=78360, strand=-, nt=[ATGAATAAAA..TACCCTTTAG]
15:41:18.109 - INFO - CDS - contig=contig_1, start=78357, stop=78851, strand=-, nt=[ATGAAAATTT..TTTGAAATGA]
15:41:18.109 - INFO - CDS - contig=contig_1, start=78852, stop=79835, strand=+, nt=[ATGAAAATTA..AAGGATATAA]
15:41:18.109 - INFO - CDS - contig=contig_1, start=79818, stop=80783, strand=-, nt=[ATGTTTAAAA..TTTTTTTTAA]
15:41:18.109 - INFO - CDS - contig=contig_1, start=80762, stop=81373, strand=-, nt=[ATGTATTTAA..ATATATTTAA]
15:41:18.109 - INFO - CDS - contig=contig_1, start=81351, stop=83354, strand=-, nt=[ATGATTAAAT..ATGCAAATAA]
15:41:18.109 - INFO - CDS - contig=contig_1, start=83351, stop=83971, strand=-, nt=[ATGAAAATTT..TTTTATATGA]
15:41:18.109 - INFO - CDS - contig=contig_1, start=83949, stop=84557, strand=-, nt=[TTGTTTTTAA..TAATAAGTAA]
15:41:18.109 - INFO - CDS - contig=contig_1, start=84664, stop=85092, strand=+, nt=[ATGAAAAAAA..TTTGAAATAA]
15:41:18.109 - INFO - CDS - contig=contig_1, start=85073, stop=85327, strand=-, nt=[ATGGCAAAAA..TGATATATAA]
15:41:18.109 - INFO - CDS - contig=contig_1, start=85297, stop=85614, strand=-, nt=[ATGATAATAA..GGAGGATTAA]
15:41:18.109 - INFO - CDS - contig=contig_1, start=85598, stop=86275, strand=-, nt=[ATGATAAAAT..TAATATTTGA]
15:41:18.109 - INFO - CDS - contig=contig_1, start=86281, stop=87576, strand=+, nt=[ATGGAGAAAA..TAAAAATTAA]
15:41:18.109 - INFO - CDS - contig=contig_1, start=87827, stop=88156, strand=+, nt=[ATGCTTTCAG..TGTGCAATAG]
15:41:18.109 - INFO - CDS - contig=contig_1, start=92040, stop=92630, strand=+, nt=[ATGATAGGTA..TGATAAATAA]
15:41:18.110 - INFO - CDS - contig=contig_1, start=92620, stop=93177, strand=+, nt=[ATGATAAATA..ATATAAATGA]
15:41:18.110 - INFO - CDS - contig=contig_1, start=93174, stop=93386, strand=+, nt=[ATGATAAATT..AAAAATATAA]
15:41:18.110 - INFO - CDS - contig=contig_1, start=93349, stop=94143, strand=+, nt=[ATGAAAAACA..AAAAAAATAA]
15:41:18.110 - INFO - CDS - contig=contig_1, start=94145, stop=94426, strand=+, nt=[ATGAAAAAAA..TAAAAAGTAA]
15:41:18.110 - INFO - CDS - contig=contig_1, start=94395, stop=94733, strand=+, nt=[ATGTTAACAT..TAAACCCTAA]
15:41:18.110 - INFO - CDS - contig=contig_1, start=94711, stop=95322, strand=+, nt=[ATGGGAAAAA..TTTTAAATGA]
15:41:18.110 - INFO - CDS - contig=contig_1, start=95319, stop=95723, strand=+, nt=[ATGAGAAAAT..TAATTTATAA]
15:41:18.110 - INFO - CDS - contig=contig_1, start=95704, stop=95943, strand=+, nt=[ATGATAGGTA..TATTAAATAA]
15:41:18.110 - INFO - CDS - contig=contig_1, start=95915, stop=96277, strand=+, nt=[ATGATACAAG..TGTTATATGA]
15:41:18.110 - INFO - CDS - contig=contig_1, start=96274, stop=96825, strand=+, nt=[ATGAAAAAAT..AAATGTCTAA]
15:41:18.110 - INFO - CDS - contig=contig_1, start=96818, stop=97099, strand=+, nt=[ATGTCTAAAA..TAGTTGGTAA]
15:41:18.110 - INFO - CDS - contig=contig_1, start=97099, stop=97449, strand=+, nt=[ATGAATATAC..TGAAATTTAA]
15:41:18.110 - INFO - CDS - contig=contig_1, start=97439, stop=97966, strand=+, nt=[ATGAAATTTA..AGAAAAATAA]
15:41:18.110 - INFO - CDS - contig=contig_1, start=97953, stop=98246, strand=+, nt=[GTGAAGAAAA..TTATGTATAA]
15:41:18.110 - INFO - CDS - contig=contig_1, start=98239, stop=98643, strand=+, nt=[ATGTATAATA..GAATAGGTAG]
15:41:18.110 - INFO - CDS - contig=contig_1, start=98630, stop=98905, strand=+, nt=[ATGAGAATAG..TATTAGGTAA]
15:41:18.110 - INFO - CDS - contig=contig_1, start=98880, stop=99089, strand=+, nt=[ATGAAGAAAA..AATAAAATGA]
15:41:18.110 - INFO - CDS - contig=contig_1, start=99086, stop=99199, strand=+, nt=[ATGAAAGTTA..ACAAGGATAA]
15:41:18.110 - INFO - CDS - contig=contig_1, start=99171, stop=99539, strand=+, nt=[ATGGTAAACA..TCATGTATAA]
15:41:18.110 - INFO - CDS - contig=contig_1, start=99532, stop=99879, strand=+, nt=[ATGTATAATT..AAGAGTATGA]
15:41:18.110 - INFO - CDS - contig=contig_1, start=99876, stop=100391, strand=+, nt=[ATGAAAAGAG..TAGAAAATGA]
15:41:18.110 - INFO - CDS - contig=contig_1, start=100388, stop=100939, strand=+, nt=[ATGAAAATAT..AAATATATGA]
15:41:18.110 - INFO - CDS - contig=contig_1, start=100936, stop=101184, strand=+, nt=[ATGAGACATA..AACTAATTAA]
15:41:18.110 - INFO - CDS - contig=contig_1, start=101173, stop=102279, strand=-, nt=[ATGAAATATA..AATTAGTTAA]
15:41:18.110 - INFO - CDS - contig=contig_1, start=102714, stop=103763, strand=+, nt=[ATGAAAAAGA..AAACATTTAA]
15:41:18.110 - INFO - CDS - contig cds: predicted=124
15:41:18.110 - INFO - CDS - predicted=124
15:41:18.110 - INFO - ORF - write internal aa seqs: # seqs=124, path=/tmp/tmpp97yzqph/cds.spurious.faa
15:41:18.379 - INFO - ORF - discard spurious: contig=contig_1, start=87827, stop=88156, strand=+, homology=Spurious_ORF_05, evalue=9.2e-48, bitscore=153.800000
15:41:18.379 - INFO - ORF - discarded=1
15:41:18.446 - INFO - UPS - looked-up=0
15:41:18.446 - INFO - IPS - looked-up=0
15:41:18.446 - INFO - ORF - write internal aa seqs: # seqs=123, path=/tmp/tmpp97yzqph/cds.psc.faa
15:43:44.583 - INFO - PSC - found: PSC=0, PSCC=27
15:43:44.660 - INFO - PSC - looked-up=27
15:43:44.688 - INFO - PSCC - looked-up=24
15:43:44.690 - INFO - ORF - write internal aa seqs: # seqs=123, path=/tmp/tmpp97yzqph/cds.expert.faa
15:43:46.457 - INFO - EXPERT-AMRFINDER - found=0
15:43:46.806 - INFO - EXPERT_AA_SEQ - found=0
15:43:46.815 - INFO - ORF - write internal aa seqs: # seqs=99, path=/tmp/tmpp97yzqph/cds.pseudo.candidates.faa
15:47:04.535 - INFO - CDS - found: pseudogene-candidates=0
15:47:04.570 - INFO - PSC - looked-up=0
15:47:04.575 - INFO - PSCC - looked-up=0
15:47:04.578 - INFO - ORF - write internal aa seqs: # seqs=99, path=/tmp/tmpp97yzqph/hypotheticals.faa
15:47:13.414 - INFO - CDS - pfam detected: contig=contig_1, start=47540, stop=48625, strand=+, pfam-id=PF00004.32, length=132, aa-start=38, aa-stop=175, aa-cov=0.4, hmm-cov=0.9, evalue=2.7e-10, bitscore=33.5, name=AAA
15:47:13.414 - INFO - CDS - pfam detected: contig=contig_1, start=59510, stop=60562, strand=+, pfam-id=PF00155.24, length=363, aa-start=1, aa-stop=339, aa-cov=1.0, hmm-cov=1.0, evalue=4.0e-27, bitscore=87.9, name=Aminotran_1_2
15:47:13.414 - INFO - CDS - pfam detected: contig=contig_1, start=50626, stop=51642, strand=+, pfam-id=PF00155.24, length=363, aa-start=38, aa-stop=320, aa-cov=0.8, hmm-cov=0.6, evalue=5.2e-23, bitscore=74.4, name=Aminotran_1_2
15:47:13.414 - INFO - CDS - pfam detected: contig=contig_1, start=19485, stop=20456, strand=+, pfam-id=PF00266.22, length=371, aa-start=5, aa-stop=318, aa-cov=1.0, hmm-cov=1.0, evalue=1.1e-23, bitscore=76.4, name=Aminotran_5
15:47:13.415 - INFO - CDS - pfam detected: contig=contig_1, start=25815, stop=27185, strand=-, pfam-id=PF14698.9, length=69, aa-start=357, aa-stop=430, aa-cov=0.2, hmm-cov=0.7, evalue=3.0e-10, bitscore=33.5, name=ASL_C2
15:47:13.415 - INFO - CDS - pfam detected: contig=contig_1, start=63812, stop=65068, strand=-, pfam-id=PF06745.16, length=231, aa-start=169, aa-stop=351, aa-cov=0.4, hmm-cov=0.7, evalue=3.8e-09, bitscore=28.9, name=ATPase
15:47:13.415 - INFO - CDS - pfam detected: contig=contig_1, start=69718, stop=69996, strand=+, pfam-id=PF00166.24, length=93, aa-start=13, aa-stop=91, aa-cov=0.9, hmm-cov=1.0, evalue=6.7e-08, bitscore=25.2, name=Cpn10
15:47:13.415 - INFO - CDS - pfam detected: contig=contig_1, start=42300, stop=45395, strand=+, pfam-id=PF02786.20, length=211, aa-start=123, aa-stop=333, aa-cov=0.2, hmm-cov=1.0, evalue=8.0e-64, bitscore=207.6, name=CPSase_L_D2
15:47:13.415 - INFO - CDS - pfam detected: contig=contig_1, start=42300, stop=45395, strand=+, pfam-id=PF02786.20, length=211, aa-start=664, aa-stop=862, aa-cov=0.2, hmm-cov=1.0, evalue=8.0e-64, bitscore=207.6, name=CPSase_L_D2
15:47:13.415 - INFO - CDS - pfam detected: contig=contig_1, start=42300, stop=45395, strand=+, pfam-id=PF02787.22, length=81, aa-start=420, aa-stop=497, aa-cov=0.1, hmm-cov=0.9, evalue=1.4e-13, bitscore=43.4, name=CPSase_L_D3
15:47:13.415 - INFO - CDS - pfam detected: contig=contig_1, start=41446, stop=42303, strand=+, pfam-id=PF00988.25, length=125, aa-start=1, aa-stop=78, aa-cov=0.3, hmm-cov=0.6, evalue=6.6e-15, bitscore=47.8, name=CPSase_sm_chain
15:47:13.415 - INFO - CDS - pfam detected: contig=contig_1, start=78852, stop=79835, strand=+, pfam-id=PF00793.23, length=275, aa-start=19, aa-stop=317, aa-cov=0.9, hmm-cov=0.9, evalue=3.8e-64, bitscore=208.8, name=DAHP_synth_1
15:47:13.415 - INFO - CDS - pfam detected: contig=contig_1, start=83351, stop=83971, strand=-, pfam-id=PF05173.17, length=121, aa-start=103, aa-stop=206, aa-cov=0.5, hmm-cov=0.9, evalue=5.6e-14, bitscore=44.9, name=DapB_C
15:47:13.416 - INFO - CDS - pfam detected: contig=contig_1, start=83351, stop=83971, strand=-, pfam-id=PF01113.23, length=124, aa-start=12, aa-stop=98, aa-cov=0.4, hmm-cov=0.5, evalue=5.2e-11, bitscore=35.4, name=DapB_N
15:47:13.416 - INFO - CDS - pfam detected: contig=contig_1, start=102714, stop=103763, strand=+, pfam-id=PF01761.23, length=262, aa-start=51, aa-stop=317, aa-cov=0.8, hmm-cov=1.0, evalue=2.0e-72, bitscore=236.1, name=DHQ_synthase
15:47:13.416 - INFO - CDS - pfam detected: contig=contig_1, start=63812, stop=65068, strand=-, pfam-id=PF00772.24, length=103, aa-start=4, aa-stop=101, aa-cov=0.2, hmm-cov=1.0, evalue=8.0e-20, bitscore=63.6, name=DnaB
15:47:13.416 - INFO - CDS - pfam detected: contig=contig_1, start=63812, stop=65068, strand=-, pfam-id=PF03796.18, length=254, aa-start=169, aa-stop=417, aa-cov=0.6, hmm-cov=1.0, evalue=7.4e-81, bitscore=263.8, name=DnaB_C
15:47:13.416 - INFO - CDS - pfam detected: contig=contig_1, start=75592, stop=76560, strand=-, pfam-id=PF00226.34, length=63, aa-start=3, aa-stop=64, aa-cov=0.2, hmm-cov=1.0, evalue=3.7e-23, bitscore=74.2, name=DnaJ
15:47:13.416 - INFO - CDS - pfam detected: contig=contig_1, start=75592, stop=76560, strand=-, pfam-id=PF01556.21, length=149, aa-start=99, aa-stop=303, aa-cov=0.6, hmm-cov=1.0, evalue=1.4e-30, bitscore=99.0, name=DnaJ_C
15:47:13.416 - INFO - CDS - pfam detected: contig=contig_1, start=75592, stop=76560, strand=-, pfam-id=PF00684.22, length=66, aa-start=126, aa-stop=183, aa-cov=0.2, hmm-cov=1.0, evalue=4.7e-13, bitscore=42.0, name=DnaJ_CXXCXGXG
15:47:13.416 - INFO - CDS - pfam detected: contig=contig_1, start=32835, stop=35684, strand=+, pfam-id=PF07733.15, length=260, aa-start=262, aa-stop=506, aa-cov=0.3, hmm-cov=0.9, evalue=2.4e-68, bitscore=223.1, name=DNA_pol3_alpha
15:47:13.416 - INFO - CDS - pfam detected: contig=contig_1, start=47540, stop=48625, strand=+, pfam-id=PF13177.9, length=161, aa-start=17, aa-stop=176, aa-cov=0.4, hmm-cov=1.0, evalue=1.7e-30, bitscore=98.8, name=DNA_pol3_delta2
15:47:13.416 - INFO - CDS - pfam detected: contig=contig_1, start=32835, stop=35684, strand=+, pfam-id=PF17657.4, length=166, aa-start=499, aa-stop=665, aa-cov=0.2, hmm-cov=0.9, evalue=7.5e-38, bitscore=122.1, name=DNA_pol3_finger
15:47:13.417 - INFO - CDS - pfam detected: contig=contig_1, start=66762, stop=68030, strand=+, pfam-id=PF02421.21, length=156, aa-start=216, aa-stop=347, aa-cov=0.3, hmm-cov=0.8, evalue=3.7e-10, bitscore=32.2, name=FeoB_N
15:47:13.417 - INFO - CDS - pfam detected: contig=contig_1, start=24033, stop=24611, strand=-, pfam-id=PF00117.31, length=191, aa-start=3, aa-stop=189, aa-cov=1.0, hmm-cov=1.0, evalue=3.7e-36, bitscore=117.3, name=GATase
15:47:13.417 - INFO - CDS - pfam detected: contig=contig_1, start=41446, stop=42303, strand=+, pfam-id=PF00117.31, length=191, aa-start=121, aa-stop=284, aa-cov=0.6, hmm-cov=1.0, evalue=6.6e-22, bitscore=70.8, name=GATase
15:47:13.417 - INFO - CDS - pfam detected: contig=contig_1, start=68027, stop=69700, strand=+, pfam-id=PF13932.9, length=210, aa-start=392, aa-stop=482, aa-cov=0.2, hmm-cov=0.4, evalue=6.5e-30, bitscore=97.5, name=GIDA_C
15:47:13.417 - INFO - CDS - pfam detected: contig=contig_1, start=68027, stop=69700, strand=+, pfam-id=PF13932.9, length=210, aa-start=450, aa-stop=550, aa-cov=0.2, hmm-cov=0.4, evalue=6.5e-30, bitscore=97.5, name=GIDA_C
15:47:13.417 - INFO - CDS - pfam detected: contig=contig_1, start=60546, stop=61340, strand=+, pfam-id=PF14602.9, length=34, aa-start=168, aa-stop=203, aa-cov=0.1, hmm-cov=1.0, evalue=1.0e-12, bitscore=40.3, name=Hexapep_2
15:47:13.417 - INFO - CDS - pfam detected: contig=contig_1, start=32835, stop=35684, strand=+, pfam-id=PF14579.9, length=90, aa-start=736, aa-stop=823, aa-cov=0.1, hmm-cov=0.9, evalue=2.5e-18, bitscore=58.8, name=HHH_6
15:47:13.417 - INFO - CDS - pfam detected: contig=contig_1, start=22398, stop=23126, strand=-, pfam-id=PF00218.24, length=254, aa-start=4, aa-stop=240, aa-cov=1.0, hmm-cov=0.8, evalue=1.7e-37, bitscore=121.6, name=IGPS
15:47:13.417 - INFO - CDS - pfam detected: contig=contig_1, start=94711, stop=95322, strand=+, pfam-id=PF07650.20, length=78, aa-start=37, aa-stop=107, aa-cov=0.3, hmm-cov=0.7, evalue=1.1e-10, bitscore=33.9, name=KH_2
15:47:13.417 - INFO - CDS - pfam detected: contig=contig_1, start=25815, stop=27185, strand=-, pfam-id=PF00206.23, length=312, aa-start=6, aa-stop=294, aa-cov=0.6, hmm-cov=1.0, evalue=9.8e-53, bitscore=172.1, name=Lyase_1
15:47:13.417 - INFO - CDS - pfam detected: contig=contig_1, start=35751, stop=36632, strand=+, pfam-id=PF02219.20, length=287, aa-start=28, aa-stop=290, aa-cov=0.9, hmm-cov=0.9, evalue=6.8e-22, bitscore=70.7, name=MTHFR
15:47:13.417 - INFO - CDS - pfam detected: contig=contig_1, start=18712, stop=19290, strand=-, pfam-id=PF05175.17, length=170, aa-start=44, aa-stop=182, aa-cov=0.7, hmm-cov=0.8, evalue=4.3e-10, bitscore=32.1, name=MTS
15:47:13.418 - INFO - CDS - pfam detected: contig=contig_1, start=101173, stop=102279, strand=-, pfam-id=PF02784.19, length=247, aa-start=20, aa-stop=250, aa-cov=0.6, hmm-cov=0.9, evalue=2.4e-42, bitscore=137.6, name=Orn_Arg_deC_N
15:47:13.418 - INFO - CDS - pfam detected: contig=contig_1, start=101173, stop=102279, strand=-, pfam-id=PF00278.25, length=95, aa-start=16, aa-stop=338, aa-cov=0.9, hmm-cov=1.0, evalue=1.7e-17, bitscore=56.2, name=Orn_DAP_Arg_deC
15:47:13.418 - INFO - CDS - pfam detected: contig=contig_1, start=54834, stop=55700, strand=+, pfam-id=PF00185.27, length=157, aa-start=150, aa-stop=284, aa-cov=0.5, hmm-cov=1.0, evalue=9.9e-29, bitscore=93.1, name=OTCace
15:47:13.418 - INFO - CDS - pfam detected: contig=contig_1, start=54834, stop=55700, strand=+, pfam-id=PF02729.24, length=146, aa-start=11, aa-stop=144, aa-cov=0.5, hmm-cov=1.0, evalue=6.2e-36, bitscore=116.3, name=OTCace_N
15:47:13.418 - INFO - CDS - pfam detected: contig=contig_1, start=21772, stop=22410, strand=-, pfam-id=PF03462.21, length=192, aa-start=1, aa-stop=94, aa-cov=0.4, hmm-cov=0.5, evalue=1.0e-27, bitscore=89.9, name=PCRF
15:47:13.418 - INFO - CDS - pfam detected: contig=contig_1, start=24033, stop=24611, strand=-, pfam-id=PF07722.16, length=217, aa-start=64, aa-stop=171, aa-cov=0.6, hmm-cov=0.5, evalue=1.0e-11, bitscore=37.6, name=Peptidase_C26
15:47:13.418 - INFO - CDS - pfam detected: contig=contig_1, start=13059, stop=13505, strand=+, pfam-id=PF01327.24, length=159, aa-start=1, aa-stop=148, aa-cov=1.0, hmm-cov=1.0, evalue=1.7e-24, bitscore=78.9, name=Pep_deformylase
15:47:13.418 - INFO - CDS - pfam detected: contig=contig_1, start=37619, stop=38185, strand=+, pfam-id=PF00697.25, length=193, aa-start=2, aa-stop=183, aa-cov=1.0, hmm-cov=0.7, evalue=3.0e-12, bitscore=39.3, name=PRAI
15:47:13.418 - INFO - CDS - pfam detected: contig=contig_1, start=17379, stop=18302, strand=+, pfam-id=PF13793.9, length=116, aa-start=25, aa-stop=125, aa-cov=0.3, hmm-cov=0.8, evalue=1.3e-12, bitscore=40.5, name=Pribosyltran_N
15:47:13.418 - INFO - CDS - pfam detected: contig=contig_1, start=17379, stop=18302, strand=+, pfam-id=PF14572.9, length=184, aa-start=214, aa-stop=303, aa-cov=0.3, hmm-cov=0.4, evalue=8.5e-12, bitscore=38.0, name=Pribosyl_synth
15:47:13.418 - INFO - CDS - pfam detected: contig=contig_1, start=68027, stop=69700, strand=+, pfam-id=PF07992.17, length=295, aa-start=2, aa-stop=182, aa-cov=0.3, hmm-cov=0.4, evalue=5.7e-10, bitscore=31.5, name=Pyr_redox_2
15:47:13.418 - INFO - CDS - pfam detected: contig=contig_1, start=2010, stop=2354, strand=+, pfam-id=PF00542.22, length=67, aa-start=48, aa-stop=114, aa-cov=0.6, hmm-cov=1.0, evalue=9.9e-13, bitscore=41.0, name=Ribosomal_L12
15:47:13.418 - INFO - CDS - pfam detected: contig=contig_1, start=94395, stop=94733, strand=+, pfam-id=PF00237.22, length=103, aa-start=6, aa-stop=104, aa-cov=0.9, hmm-cov=0.9, evalue=1.6e-09, bitscore=30.7, name=Ribosomal_L22
15:47:13.419 - INFO - CDS - pfam detected: contig=contig_1, start=96274, stop=96825, strand=+, pfam-id=PF00281.22, length=57, aa-start=28, aa-stop=82, aa-cov=0.3, hmm-cov=1.0, evalue=2.1e-15, bitscore=49.5, name=Ribosomal_L5
15:47:13.419 - INFO - CDS - pfam detected: contig=contig_1, start=96274, stop=96825, strand=+, pfam-id=PF00673.24, length=94, aa-start=86, aa-stop=179, aa-cov=0.5, hmm-cov=1.0, evalue=4.8e-25, bitscore=80.3, name=Ribosomal_L5_C
15:47:13.419 - INFO - CDS - pfam detected: contig=contig_1, start=12583, stop=12870, strand=+, pfam-id=PF00338.25, length=98, aa-start=2, aa-stop=94, aa-cov=1.0, hmm-cov=1.0, evalue=1.4e-17, bitscore=56.4, name=Ribosomal_S10
15:47:13.419 - INFO - CDS - pfam detected: contig=contig_1, start=95704, stop=95943, strand=+, pfam-id=PF00366.23, length=68, aa-start=4, aa-stop=69, aa-cov=0.8, hmm-cov=0.9, evalue=9.0e-10, bitscore=31.3, name=Ribosomal_S17
15:47:13.419 - INFO - CDS - pfam detected: contig=contig_1, start=94711, stop=95322, strand=+, pfam-id=PF00189.23, length=83, aa-start=116, aa-stop=199, aa-cov=0.4, hmm-cov=1.0, evalue=7.6e-25, bitscore=80.0, name=Ribosomal_S3_C
15:47:13.419 - INFO - CDS - pfam detected: contig=contig_1, start=98239, stop=98643, strand=+, pfam-id=PF00333.23, length=65, aa-start=2, aa-stop=65, aa-cov=0.5, hmm-cov=1.0, evalue=1.4e-12, bitscore=40.2, name=Ribosomal_S5
15:47:13.419 - INFO - CDS - pfam detected: contig=contig_1, start=98239, stop=98643, strand=+, pfam-id=PF03719.18, length=71, aa-start=88, aa-stop=134, aa-cov=0.4, hmm-cov=0.6, evalue=1.2e-08, bitscore=27.1, name=Ribosomal_S5_C
15:47:13.419 - INFO - CDS - pfam detected: contig=contig_1, start=10077, stop=10547, strand=+, pfam-id=PF00177.24, length=149, aa-start=1, aa-stop=149, aa-cov=1.0, hmm-cov=1.0, evalue=4.1e-35, bitscore=113.3, name=Ribosomal_S7
15:47:13.419 - INFO - CDS - pfam detected: contig=contig_1, start=97099, stop=97449, strand=+, pfam-id=PF00410.22, length=126, aa-start=1, aa-stop=114, aa-cov=1.0, hmm-cov=0.8, evalue=4.2e-10, bitscore=32.3, name=Ribosomal_S8
15:47:13.420 - INFO - CDS - pfam detected: contig=contig_1, start=6129, stop=9728, strand=+, pfam-id=PF04997.15, length=312, aa-start=1, aa-stop=327, aa-cov=0.3, hmm-cov=1.0, evalue=2.4e-72, bitscore=236.5, name=RNA_pol_Rpb1_1
15:47:13.420 - INFO - CDS - pfam detected: contig=contig_1, start=6129, stop=9728, strand=+, pfam-id=PF00623.23, length=166, aa-start=329, aa-stop=383, aa-cov=0.0, hmm-cov=0.3, evalue=2.9e-35, bitscore=114.6, name=RNA_pol_Rpb1_2
15:47:13.420 - INFO - CDS - pfam detected: contig=contig_1, start=6129, stop=9728, strand=+, pfam-id=PF00623.23, length=166, aa-start=369, aa-stop=470, aa-cov=0.1, hmm-cov=0.5, evalue=2.9e-35, bitscore=114.6, name=RNA_pol_Rpb1_2
15:47:13.420 - INFO - CDS - pfam detected: contig=contig_1, start=6129, stop=9728, strand=+, pfam-id=PF04983.21, length=157, aa-start=473, aa-stop=614, aa-cov=0.1, hmm-cov=1.0, evalue=1.3e-19, bitscore=63.3, name=RNA_pol_Rpb1_3
15:47:13.420 - INFO - CDS - pfam detected: contig=contig_1, start=6129, stop=9728, strand=+, pfam-id=PF05000.20, length=108, aa-start=633, aa-stop=731, aa-cov=0.1, hmm-cov=0.6, evalue=2.7e-08, bitscore=26.4, name=RNA_pol_Rpb1_4
15:47:13.420 - INFO - CDS - pfam detected: contig=contig_1, start=6129, stop=9728, strand=+, pfam-id=PF04998.20, length=267, aa-start=734, aa-stop=1148, aa-cov=0.3, hmm-cov=1.0, evalue=1.3e-57, bitscore=187.9, name=RNA_pol_Rpb1_5
15:47:13.420 - INFO - CDS - pfam detected: contig=contig_1, start=2347, stop=6132, strand=+, pfam-id=PF04565.19, length=68, aa-start=463, aa-stop=531, aa-cov=0.1, hmm-cov=1.0, evalue=4.6e-27, bitscore=86.8, name=RNA_pol_Rpb2_3
15:47:13.420 - INFO - CDS - pfam detected: contig=contig_1, start=2347, stop=6132, strand=+, pfam-id=PF00562.31, length=389, aa-start=671, aa-stop=1185, aa-cov=0.4, hmm-cov=0.9, evalue=2.1e-96, bitscore=315.9, name=RNA_pol_Rpb2_6
15:47:13.420 - INFO - CDS - pfam detected: contig=contig_1, start=2347, stop=6132, strand=+, pfam-id=PF04560.23, length=87, aa-start=1187, aa-stop=1261, aa-cov=0.1, hmm-cov=1.0, evalue=1.4e-23, bitscore=75.9, name=RNA_pol_Rpb2_7
15:47:13.420 - INFO - CDS - pfam detected: contig=contig_1, start=13661, stop=14149, strand=-, pfam-id=PF00398.23, length=265, aa-start=3, aa-stop=162, aa-cov=1.0, hmm-cov=0.7, evalue=3.1e-21, bitscore=68.2, name=RrnaAD
15:47:13.421 - INFO - CDS - pfam detected: contig=contig_1, start=72796, stop=73920, strand=+, pfam-id=PF00575.26, length=75, aa-start=169, aa-stop=242, aa-cov=0.2, hmm-cov=1.0, evalue=1.7e-20, bitscore=65.9, name=S1
15:47:13.421 - INFO - CDS - pfam detected: contig=contig_1, start=99876, stop=100391, strand=+, pfam-id=PF01479.28, length=48, aa-start=77, aa-stop=124, aa-cov=0.3, hmm-cov=1.0, evalue=4.5e-12, bitscore=38.3, name=S4
15:47:13.421 - INFO - CDS - pfam detected: contig=contig_1, start=36625, stop=37626, strand=+, pfam-id=PF02774.21, length=184, aa-start=134, aa-stop=315, aa-cov=0.5, hmm-cov=1.0, evalue=1.3e-33, bitscore=109.2, name=Semialdhyde_dhC
15:47:13.421 - INFO - CDS - pfam detected: contig=contig_1, start=31371, stop=32639, strand=+, pfam-id=PF04542.17, length=71, aa-start=208, aa-stop=278, aa-cov=0.2, hmm-cov=0.9, evalue=1.2e-19, bitscore=62.7, name=Sigma70_r2
15:47:13.421 - INFO - CDS - pfam detected: contig=contig_1, start=31371, stop=32639, strand=+, pfam-id=PF04545.19, length=50, aa-start=353, aa-stop=406, aa-cov=0.1, hmm-cov=1.0, evalue=1.1e-19, bitscore=62.4, name=Sigma70_r4
15:47:13.421 - INFO - CDS - pfam detected: contig=contig_1, start=17032, stop=17364, strand=-, pfam-id=PF00436.28, length=104, aa-start=4, aa-stop=96, aa-cov=0.8, hmm-cov=1.0, evalue=5.6e-19, bitscore=60.9, name=SSB
15:47:13.421 - INFO - CDS - pfam detected: contig=contig_1, start=60546, stop=61340, strand=+, pfam-id=PF14805.9, length=67, aa-start=1, aa-stop=62, aa-cov=0.2, hmm-cov=1.0, evalue=2.3e-16, bitscore=52.5, name=THDPS_N_2
15:47:13.421 - INFO - CDS - pfam detected: contig=contig_1, start=30408, stop=31340, strand=+, pfam-id=PF13662.9, length=89, aa-start=148, aa-stop=222, aa-cov=0.2, hmm-cov=0.8, evalue=8.0e-13, bitscore=41.4, name=Toprim_4
15:47:13.421 - INFO - CDS - pfam detected: contig=contig_1, start=30408, stop=31340, strand=+, pfam-id=PF08275.14, length=128, aa-start=26, aa-stop=141, aa-cov=0.4, hmm-cov=0.9, evalue=8.3e-15, bitscore=47.7, name=Toprim_N
15:47:13.421 - INFO - CDS - pfam detected: contig=contig_1, start=27337, stop=28587, strand=-, pfam-id=PF00749.24, length=314, aa-start=2, aa-stop=300, aa-cov=0.7, hmm-cov=1.0, evalue=1.2e-41, bitscore=135.2, name=tRNA-synt_1c
15:47:13.421 - INFO - CDS - pfam detected: contig=contig_1, start=65772, stop=66677, strand=-, pfam-id=PF00749.24, length=314, aa-start=48, aa-stop=216, aa-cov=0.6, hmm-cov=0.4, evalue=8.6e-13, bitscore=40.4, name=tRNA-synt_1c
15:47:13.421 - INFO - CDS - pfam detected: contig=contig_1, start=20453, stop=21775, strand=-, pfam-id=PF00152.23, length=314, aa-start=112, aa-stop=440, aa-cov=0.7, hmm-cov=1.0, evalue=1.3e-56, bitscore=184.6, name=tRNA-synt_2
15:47:13.422 - INFO - CDS - pfam detected: contig=contig_1, start=20453, stop=21775, strand=-, pfam-id=PF01336.28, length=76, aa-start=28, aa-stop=96, aa-cov=0.2, hmm-cov=1.0, evalue=1.8e-13, bitscore=43.0, name=tRNA_anti-codon
15:47:13.422 - INFO - CDS - pfam detected: contig=contig_1, start=79818, stop=80783, strand=-, pfam-id=PF03054.19, length=202, aa-start=3, aa-stop=190, aa-cov=0.6, hmm-cov=1.0, evalue=3.9e-36, bitscore=117.2, name=tRNA_Me_trans
15:47:13.422 - INFO - CDS - predicted-pfams=81, CDS-w/-pfams=49
15:47:13.538 - INFO - S_ORF - predicted=831
15:47:13.644 - INFO - S_ORF - sORF filter: # valid=32, # discarded=799
15:47:13.645 - INFO - ORF - write internal aa seqs: # seqs=32, path=/tmp/tmpp97yzqph/sorf.spurious.faa
15:47:13.757 - INFO - ORF - discarded=0
15:47:13.777 - INFO - UPS - looked-up=0
15:47:13.778 - INFO - IPS - looked-up=0
15:47:13.778 - INFO - ORF - write internal aa seqs: # seqs=32, path=/tmp/tmpp97yzqph/sorf.faa
15:47:13.914 - INFO - S_ORF - found=0
15:47:13.914 - INFO - PSC - looked-up=0
15:47:15.365 - INFO - ORI - predicted=0
15:47:15.453 - INFO - ORI - predicted=0
15:47:15.454 - INFO - ANNOTATION - overlap: CDS (None/hypothetical protein) [13059, 13505] overlapping tRNA (Phe_trna) [13480, 13551], [13480,13505], contig=contig_1
15:47:15.454 - INFO - ANNOTATION - overlap: CDS (None/hypothetical protein) [17379, 18302] overlapping tRNA (Gln_trna) [17365, 17436], [17379,17436], contig=contig_1
15:47:15.454 - INFO - ANNOTATION - overlap: CDS (None/hypothetical protein) [31371, 32639] overlapping tRNA (None) [32630, 32833], [32630,32639], contig=contig_1
15:47:15.454 - INFO - ANNOTATION - overlap: CDS (None/hypothetical protein) [32835, 35684] overlapping tRNA (Leu_trna) [35670, 35742], [35670,35684], contig=contig_1
15:47:15.454 - INFO - ANNOTATION - overlap: CDS (None/hypothetical protein) [35751, 36632] overlapping tRNA (Ser_trna) [35744, 35834], [35751,35834], contig=contig_1
15:47:15.454 - INFO - ANNOTATION - overlap: CDS (None/hypothetical protein) [40120, 40317] overlapping tRNA (Asn_trna) [40310, 40381], [40310,40317], contig=contig_1
15:47:15.454 - INFO - ANNOTATION - overlap: CDS (None/ATP-dependent Clp protease ATP-binding subunit ClpX) [45946, 47121] overlapping tRNA (Val_trna) [47120, 47192], [47120,47121], contig=contig_1
15:47:15.454 - INFO - ANNOTATION - overlap: CDS (None/hypothetical protein) [47134, 47538] overlapping tRNA (Val_trna) [47120, 47192], [47134,47192], contig=contig_1
15:47:15.454 - INFO - ANNOTATION - overlap: CDS (None/hypothetical protein) [48817, 49407] overlapping tRNA (Arg_trna) [48768, 48841], [48817,48841], contig=contig_1
15:47:15.454 - INFO - ANNOTATION - overlap: CDS (None/hypothetical protein) [54466, 54723] overlapping tRNA (Thr_trna) [54714, 54784], [54714,54723], contig=contig_1
15:47:15.454 - INFO - ANNOTATION - overlap: CDS (None/hypothetical protein) [54834, 55700] overlapping tRNA (Lys_trna) [55687, 55758], [55687,55700], contig=contig_1
15:47:15.454 - INFO - ANNOTATION - overlap: CDS (None/hypothetical protein) [55749, 56093] overlapping tRNA (Lys_trna) [55687, 55758], [55749,55758], contig=contig_1
15:47:15.454 - INFO - ANNOTATION - overlap: CDS (None/Argininosuccinate synthase) [86281, 87576] overlapping rRNA (5S_rrna) [87575, 87681], [87575,87576], contig=contig_1
15:47:15.455 - INFO - ANNOTATION - overlap: CDS (None/hypothetical protein) [102714, 103763] overlapping tRNA (Tyr_trna) [103762, 103844], [103762,103763], contig=contig_1
15:47:15.455 - INFO - UTILS - generated sequence tag prefix: prefix=CKLBGGNHNO, length=10, MD5=C45B0071781A99D096C2FC9DBDAED43B
15:47:15.455 - INFO - MAIN - selected features=128
15:47:15.455 - INFO - MAIN - locus tag prefix=VFMEEALB
15:47:15.455 - INFO - UTILS - genome-size=104008
15:47:15.456 - INFO - UTILS - GC=0.166
15:47:15.459 - INFO - UTILS - N=0.000
15:47:15.459 - INFO - UTILS - N50=104008
15:47:15.459 - INFO - UTILS - coding-ratio=0.868
15:47:15.461 - INFO - TSV - write tsv: path=/home/diego/Documents/metagenomes/annotation_symbio_merge/annotation_Beta/genomes/bakta_VFMEEALB/bakta_VFMEEALB.tsv
15:47:15.462 - INFO - GFF - write GFF3: path=/home/diego/Documents/metagenomes/annotation_symbio_merge/annotation_Beta/genomes/bakta_VFMEEALB/bakta_VFMEEALB.gff3
15:47:15.469 - INFO - INSDC - write GenBank: path=/home/diego/Documents/metagenomes/annotation_symbio_merge/annotation_Beta/genomes/bakta_VFMEEALB/bakta_VFMEEALB.gbff
15:47:15.482 - INFO - INSDC - write EMBL: path=/home/diego/Documents/metagenomes/annotation_symbio_merge/annotation_Beta/genomes/bakta_VFMEEALB/bakta_VFMEEALB.embl
15:47:15.493 - INFO - FASTA - write genome sequences: path=/home/diego/Documents/metagenomes/annotation_symbio_merge/annotation_Beta/genomes/bakta_VFMEEALB/bakta_VFMEEALB.fna, description=True, wrap=True
15:47:15.493 - INFO - FASTA - write feature nucleotide sequences: path=/home/diego/Documents/metagenomes/annotation_symbio_merge/annotation_Beta/genomes/bakta_VFMEEALB/bakta_VFMEEALB.ffn
15:47:15.494 - INFO - FASTA - write translated CDS/sORF: path=/home/diego/Documents/metagenomes/annotation_symbio_merge/annotation_Beta/genomes/bakta_VFMEEALB/bakta_VFMEEALB.faa
15:47:15.494 - INFO - TSV - write hypothetical tsv: path=/home/diego/Documents/metagenomes/annotation_symbio_merge/annotation_Beta/genomes/bakta_VFMEEALB/bakta_VFMEEALB.hypotheticals.tsv
15:47:15.495 - INFO - FASTA - write translated CDS/sORF: path=/home/diego/Documents/metagenomes/annotation_symbio_merge/annotation_Beta/genomes/bakta_VFMEEALB/bakta_VFMEEALB.hypotheticals.faa
15:47:15.495 - INFO - JSON - write JSON: path=/home/diego/Documents/metagenomes/annotation_symbio_merge/annotation_Beta/genomes/bakta_VFMEEALB/bakta_VFMEEALB.json
15:47:15.509 - INFO - MAIN - removed tmp dir: /tmp/tmpp97yzqph
