19:01:12.746 - INFO - UTILS - version=1.8.2
19:01:12.747 - INFO - UTILS - developer: Oliver Schwengers, github.com/oschwengers
19:01:12.747 - INFO - UTILS - command: /home/diego/miniconda3/envs/bakta/bin/bakta VFMEEALB.fasta --complete --translation-table 11 --keep-contig-headers --compliant --threads 30 --output annotation_bakta/bakta_VFMEEALB
19:01:12.747 - INFO - UTILS - local time: 2023-11-07 19:01:12
19:01:12.747 - INFO - UTILS - machine: type=x86_64, cores=32
19:01:12.747 - INFO - UTILS - system: type=Linux, release=6.5.0-10-generic
19:01:12.747 - INFO - UTILS - python: version=3.10.12, implementation=CPython
19:01:12.747 - INFO - CONFIG - threads=30
19:01:12.747 - INFO - CONFIG - verbose=False
19:01:12.747 - INFO - CONFIG - debug=False
19:01:12.748 - INFO - CONFIG - database: type=environment, path=/mnt/ssd/databases/bakta_db
19:01:12.748 - INFO - CONFIG - tmp-path=/tmp/tmpq14vuk10
19:01:12.748 - INFO - CONFIG - genome-path=/home/diego/Documents/metagenomes/annotation_symbio_merge/annotation_Beta/genomes/VFMEEALB.fasta
19:01:12.748 - INFO - CONFIG - min_contig_length=1
19:01:12.748 - INFO - CONFIG - prefix=VFMEEALB
19:01:12.748 - INFO - CONFIG - output-path=/home/diego/Documents/metagenomes/annotation_symbio_merge/annotation_Beta/genomes/annotation_bakta/bakta_VFMEEALB
19:01:12.748 - INFO - CONFIG - force=False
19:01:12.748 - INFO - CONFIG - genus=None
19:01:12.748 - INFO - CONFIG - species=None
19:01:12.748 - INFO - CONFIG - strain=None
19:01:12.748 - INFO - CONFIG - plasmid=None
19:01:12.748 - INFO - CONFIG - complete=True
19:01:12.748 - INFO - CONFIG - prodigal_tf=None
19:01:12.748 - INFO - CONFIG - translation_table=11
19:01:12.748 - INFO - CONFIG - gram=?
19:01:12.748 - INFO - CONFIG - compliant=True
19:01:12.748 - INFO - CONFIG - compliant mode! min_contig_length=200
19:01:12.748 - INFO - CONFIG - meta=False
19:01:12.748 - INFO - CONFIG - locus=None
19:01:12.748 - INFO - CONFIG - locus-tag=None
19:01:12.748 - INFO - CONFIG - keep_contig_headers=True
19:01:12.748 - INFO - CONFIG - replicon-table=None
19:01:12.748 - INFO - CONFIG - skip-tRNA=False
19:01:12.748 - INFO - CONFIG - skip-tmRNA=False
19:01:12.748 - INFO - CONFIG - skip-rRNA=False
19:01:12.748 - INFO - CONFIG - skip-ncRNA=False
19:01:12.748 - INFO - CONFIG - skip-ncRNA-region=False
19:01:12.748 - INFO - CONFIG - skip-CRISPR=False
19:01:12.748 - INFO - CONFIG - skip-CDS=False
19:01:12.748 - INFO - CONFIG - skip-pseudo=False
19:01:12.748 - INFO - CONFIG - skip-sORF=False
19:01:12.748 - INFO - CONFIG - skip-gap=False
19:01:12.748 - INFO - CONFIG - skip-ori=False
19:01:12.748 - INFO - CONFIG - skip-plot=False
19:01:12.748 - INFO - DB - detected: major=5, minor=0, type=full, date=2023-02-20
19:01:12.782 - INFO - UTILS - dependency: tool=tRNAscan-SE, version=v2.0.12, path=/home/diego/miniconda3/envs/bakta/bin/tRNAscan-SE
19:01:12.783 - INFO - UTILS - dependency: tool=Aragorn, version=v1.2.41, path=/home/diego/miniconda3/envs/bakta/bin/aragorn
19:01:12.784 - INFO - UTILS - dependency: tool=CMscan, version=v1.1.4, path=/home/diego/miniconda3/envs/bakta/bin/cmscan
19:01:12.785 - INFO - UTILS - dependency: tool=PilerCR, version=v1.6.0, path=/home/diego/miniconda3/envs/bakta/bin/pilercr
19:01:12.812 - INFO - UTILS - dependency: tool=Pyrodigal, version=v2.3.0, path=/home/diego/miniconda3/envs/bakta/bin/python
19:01:12.813 - INFO - UTILS - dependency: tool=AMRFinderPlus, version=v3.11.18, path=/home/diego/miniconda3/envs/bakta/bin/amrfinder
19:01:12.841 - INFO - UTILS - dependency: tool=Pyhmmer, version=v0.10.2, path=/home/diego/miniconda3/envs/bakta/bin/python
19:01:12.842 - INFO - UTILS - dependency: tool=Diamond, version=v2.1.8, path=/home/diego/miniconda3/envs/bakta/bin/diamond
19:01:12.887 - INFO - UTILS - dependency: tool=Blastn, version=v2.14.1, path=/home/diego/miniconda3/envs/bakta/bin/blastn
19:01:13.036 - INFO - UTILS - dependency: tool=Circos, version=v0.69.8, path=/home/diego/miniconda3/envs/bakta/bin/circos
19:01:13.047 - INFO - FASTA - imported: id=VFMEEALB, length=104008, description=, genomic=True, dna=True
19:01:13.047 - INFO - MAIN - imported sequences=1
19:01:13.047 - INFO - UTILS - qc: revised sequence: id=VFMEEALB, orig-id=, type=plasmid, complete=True, topology=circular, name=, description='', orig-description=''
19:01:13.047 - INFO - FASTA - write genome sequences: path=/tmp/tmpq14vuk10/contigs.fna, description=False, wrap=False
19:01:16.134 - INFO - T_RNA - contig=VFMEEALB, start=13480, stop=13551, strand=+, gene=trnF, product=tRNA-Phe(gaa), score=62.9, nt=[AGTTTAATAG..AGTTAAACTA]
19:01:16.134 - INFO - T_RNA - contig=VFMEEALB, start=17365, stop=17436, strand=+, gene=trnQ, product=tRNA-Gln(ttg), score=52.7, nt=[AAGGATGTCA..ATCTTCCTTT]
19:01:16.134 - INFO - T_RNA - contig=VFMEEALB, start=32630, stop=32833, strand=+, gene=None, product=tRNA-Xxx, score=23.1, nt=[AGGTTATTAG..ATATAACCTA]
19:01:16.134 - INFO - T_RNA - contig=VFMEEALB, start=35670, stop=35742, strand=+, gene=trnL, product=tRNA-Leu(tag), score=55.3, nt=[GCAAAAATGA..TTTTTTTGCA]
19:01:16.134 - INFO - T_RNA - contig=VFMEEALB, start=35744, stop=35834, strand=+, gene=trnS, product=tRNA-Ser(aga), score=55.6, nt=[AGAAAAGTTG..TTCTTTTCTT]
19:01:16.134 - INFO - T_RNA - contig=VFMEEALB, start=47120, stop=47192, strand=+, gene=trnV, product=tRNA-Val(tac), score=41.3, nt=[AGACGTTTAA..ACAACGTCTA]
19:01:16.134 - INFO - T_RNA - contig=VFMEEALB, start=48768, stop=48841, strand=+, gene=trnR, product=tRNA-Arg(acg), score=46.9, nt=[ACAATTATAG..ACTAATTGTA]
19:01:16.134 - INFO - T_RNA - contig=VFMEEALB, start=54714, stop=54784, strand=+, gene=trnT, product=tRNA-Thr(tgt), score=42.6, nt=[GTCTTTTTAA..ATAAATGACA]
19:01:16.134 - INFO - T_RNA - contig=VFMEEALB, start=57767, stop=57838, strand=+, gene=trnP, product=tRNA-Pro(tgg), score=51.1, nt=[CAAGGAATAG..ATTTCCTTGA]
19:01:16.134 - INFO - T_RNA - contig=VFMEEALB, start=103762, stop=103844, strand=+, gene=trnY, product=tRNA-Tyr(gta), score=59.1, nt=[AAAGATATTC..ACTATCTTTA]
19:01:16.134 - INFO - T_RNA - contig=VFMEEALB, start=90428, stop=90498, strand=-, gene=trnI, product=tRNA-Ile(gat), score=44.4, nt=[AGGTTTATAA..TTTAAACCTA]
19:01:16.134 - INFO - T_RNA - contig=VFMEEALB, start=65639, stop=65709, strand=-, gene=trnD, product=tRNA-Asp(gtc), score=50.1, nt=[GAAGTAATAT..GTTTTCTTCG]
19:01:16.134 - INFO - T_RNA - contig=VFMEEALB, start=57657, stop=57729, strand=-, gene=trnfM, product=tRNA-fMet(cat), score=60.3, nt=[TGTAAAATAG..ATTTTTACAT]
19:01:16.134 - INFO - T_RNA - contig=VFMEEALB, start=55687, stop=55758, strand=-, gene=trnK, product=tRNA-Lys(ttt), score=60.6, nt=[AGGTTGTTAG..ACACAACTTA]
19:01:16.134 - INFO - T_RNA - contig=VFMEEALB, start=48683, stop=48766, strand=-, gene=trnS, product=tRNA-Ser(tga), score=55.2, nt=[GAAGATATGA..ATTATCTTCT]
19:01:16.134 - INFO - T_RNA - contig=VFMEEALB, start=40310, stop=40381, strand=-, gene=trnN, product=tRNA-Asn(gtt), score=61.0, nt=[TCTTTAATAG..AGTTAAAGAG]
19:01:16.135 - INFO - T_RNA - predicted=16
19:01:16.155 - INFO - TM_RNA - predicted=0
19:01:17.339 - INFO - R_RNA - contig=VFMEEALB, start=90496, stop=91969, strand=-, gene=rrs, product=16S ribosomal RNA, length=1474, coverage=0.962, truncated=None, score=1241.3, evalue=1.6e-39, nt=[CAAAAGAAGA..TATAATAAGG]
19:01:17.339 - INFO - R_RNA - contig=VFMEEALB, start=87575, stop=87681, strand=-, gene=rrf, product=5S ribosomal RNA, length=107, coverage=0.899, truncated=None, score=42.1, evalue=1.3e-06, nt=[ATTTGATAAT..TTATCAAATT]
19:01:17.339 - INFO - R_RNA - contig=VFMEEALB, start=87688, stop=90423, strand=-, gene=rrl, product=23S ribosomal RNA, length=2736, coverage=0.935, truncated=None, score=2113.6, evalue=1.0e-04, nt=[TTAAATATTT..ATATTTAAGA]
19:01:17.339 - INFO - R_RNA - predicted=3
19:01:17.991 - INFO - NC_RNA - predicted=0
19:01:18.182 - INFO - NC_RNA_REGION - predicted=0
19:01:18.233 - INFO - CRISPR - predicted=0
19:01:18.233 - INFO - CDS - create prodigal training info object: meta=False, closed=False
19:01:18.325 - INFO - CDS - contig=VFMEEALB, start=1, stop=1185, strand=+, frame=1, truncated=5-prime, start-type=Edge, RBS-motif=None
19:01:18.325 - INFO - CDS - contig=VFMEEALB, start=1222, stop=1605, strand=+, frame=1, truncated=no, start-type=GTG, RBS-motif=None
19:01:18.325 - INFO - CDS - contig=VFMEEALB, start=1598, stop=2029, strand=+, frame=2, truncated=no, start-type=ATG, RBS-motif=None
19:01:18.325 - INFO - CDS - contig=VFMEEALB, start=2010, stop=2354, strand=+, frame=3, truncated=no, start-type=ATG, RBS-motif=TTT
19:01:18.325 - INFO - CDS - contig=VFMEEALB, start=2347, stop=6132, strand=+, frame=1, truncated=no, start-type=TTG, RBS-motif=None
19:01:18.325 - INFO - CDS - contig=VFMEEALB, start=6129, stop=9728, strand=+, frame=3, truncated=no, start-type=ATG, RBS-motif=TTT
19:01:18.325 - INFO - CDS - contig=VFMEEALB, start=9716, stop=10096, strand=+, frame=2, truncated=no, start-type=ATG, RBS-motif=TTATT
19:01:18.325 - INFO - CDS - contig=VFMEEALB, start=10077, stop=10547, strand=+, frame=3, truncated=no, start-type=ATG, RBS-motif=None
19:01:18.325 - INFO - CDS - contig=VFMEEALB, start=10550, stop=12586, strand=+, frame=2, truncated=no, start-type=GTG, RBS-motif=TTTTTT
19:01:18.325 - INFO - CDS - contig=VFMEEALB, start=12583, stop=12870, strand=+, frame=1, truncated=no, start-type=ATG, RBS-motif=TTT
19:01:18.325 - INFO - CDS - contig=VFMEEALB, start=12867, stop=12971, strand=+, frame=3, truncated=no, start-type=ATG, RBS-motif=TTT
19:01:18.325 - INFO - CDS - contig=VFMEEALB, start=13059, stop=13505, strand=+, frame=3, truncated=no, start-type=ATG, RBS-motif=TTTTT
19:01:18.325 - INFO - CDS - contig=VFMEEALB, start=13661, stop=14149, strand=-, frame=1, truncated=no, start-type=ATG, RBS-motif=TTTTTT
19:01:18.325 - INFO - CDS - contig=VFMEEALB, start=14139, stop=15119, strand=-, frame=3, truncated=no, start-type=ATG, RBS-motif=TTT
19:01:18.325 - INFO - CDS - contig=VFMEEALB, start=15116, stop=15511, strand=-, frame=1, truncated=no, start-type=ATG, RBS-motif=None
19:01:18.325 - INFO - CDS - contig=VFMEEALB, start=15505, stop=15768, strand=-, frame=2, truncated=no, start-type=ATG, RBS-motif=None
19:01:18.325 - INFO - CDS - contig=VFMEEALB, start=15765, stop=16475, strand=-, frame=3, truncated=no, start-type=ATG, RBS-motif=TTT
19:01:18.325 - INFO - CDS - contig=VFMEEALB, start=16487, stop=17032, strand=-, frame=1, truncated=no, start-type=ATG, RBS-motif=None
19:01:18.325 - INFO - CDS - contig=VFMEEALB, start=17032, stop=17364, strand=-, frame=2, truncated=no, start-type=ATG, RBS-motif=None
19:01:18.325 - INFO - CDS - contig=VFMEEALB, start=17379, stop=18302, strand=+, frame=3, truncated=no, start-type=GTG, RBS-motif=None
19:01:18.325 - INFO - CDS - contig=VFMEEALB, start=18289, stop=18735, strand=+, frame=1, truncated=no, start-type=ATG, RBS-motif=TTT
19:01:18.325 - INFO - CDS - contig=VFMEEALB, start=18712, stop=19290, strand=-, frame=2, truncated=no, start-type=GTG, RBS-motif=AAAA
19:01:18.325 - INFO - CDS - contig=VFMEEALB, start=19485, stop=20456, strand=+, frame=3, truncated=no, start-type=ATG, RBS-motif=TTATT
19:01:18.325 - INFO - CDS - contig=VFMEEALB, start=20453, stop=21775, strand=-, frame=1, truncated=no, start-type=ATG, RBS-motif=None
19:01:18.325 - INFO - CDS - contig=VFMEEALB, start=21772, stop=22410, strand=-, frame=2, truncated=no, start-type=ATG, RBS-motif=None
19:01:18.325 - INFO - CDS - contig=VFMEEALB, start=22398, stop=23126, strand=-, frame=3, truncated=no, start-type=ATG, RBS-motif=TTT
19:01:18.325 - INFO - CDS - contig=VFMEEALB, start=23101, stop=24048, strand=-, frame=2, truncated=no, start-type=ATG, RBS-motif=TTT
19:01:18.325 - INFO - CDS - contig=VFMEEALB, start=24033, stop=24611, strand=-, frame=3, truncated=no, start-type=ATG, RBS-motif=TTT
19:01:18.325 - INFO - CDS - contig=VFMEEALB, start=24592, stop=25833, strand=-, frame=2, truncated=no, start-type=ATG, RBS-motif=AAAA
19:01:18.325 - INFO - CDS - contig=VFMEEALB, start=25815, stop=27185, strand=-, frame=3, truncated=no, start-type=ATG, RBS-motif=TTTTTT
19:01:18.325 - INFO - CDS - contig=VFMEEALB, start=27337, stop=28587, strand=-, frame=2, truncated=no, start-type=ATG, RBS-motif=None
19:01:18.325 - INFO - CDS - contig=VFMEEALB, start=28584, stop=29489, strand=-, frame=3, truncated=no, start-type=ATG, RBS-motif=TTTTTT
19:01:18.325 - INFO - CDS - contig=VFMEEALB, start=29489, stop=30286, strand=-, frame=1, truncated=no, start-type=TTG, RBS-motif=None
19:01:18.325 - INFO - CDS - contig=VFMEEALB, start=30408, stop=31340, strand=+, frame=3, truncated=no, start-type=ATG, RBS-motif=None
19:01:18.325 - INFO - CDS - contig=VFMEEALB, start=31371, stop=32639, strand=+, frame=3, truncated=no, start-type=ATG, RBS-motif=AAAA
19:01:18.325 - INFO - CDS - contig=VFMEEALB, start=32835, stop=35684, strand=+, frame=3, truncated=no, start-type=ATG, RBS-motif=None
19:01:18.325 - INFO - CDS - contig=VFMEEALB, start=35751, stop=36632, strand=+, frame=3, truncated=no, start-type=TTG, RBS-motif=TTTTTT
19:01:18.325 - INFO - CDS - contig=VFMEEALB, start=36625, stop=37626, strand=+, frame=1, truncated=no, start-type=ATG, RBS-motif=TTT
19:01:18.325 - INFO - CDS - contig=VFMEEALB, start=37619, stop=38185, strand=+, frame=2, truncated=no, start-type=TTG, RBS-motif=AAAA
19:01:18.325 - INFO - CDS - contig=VFMEEALB, start=38172, stop=39278, strand=+, frame=3, truncated=no, start-type=ATG, RBS-motif=TTATT
19:01:18.325 - INFO - CDS - contig=VFMEEALB, start=39275, stop=39922, strand=+, frame=2, truncated=no, start-type=ATG, RBS-motif=None
19:01:18.325 - INFO - CDS - contig=VFMEEALB, start=39909, stop=40142, strand=+, frame=3, truncated=no, start-type=ATG, RBS-motif=None
19:01:18.325 - INFO - CDS - contig=VFMEEALB, start=40120, stop=40317, strand=+, frame=1, truncated=no, start-type=ATG, RBS-motif=AAAA
19:01:18.325 - INFO - CDS - contig=VFMEEALB, start=40642, stop=41277, strand=-, frame=2, truncated=no, start-type=ATG, RBS-motif=TTGTT
19:01:18.325 - INFO - CDS - contig=VFMEEALB, start=41446, stop=42303, strand=+, frame=1, truncated=no, start-type=TTG, RBS-motif=TTATT
19:01:18.326 - INFO - CDS - contig=VFMEEALB, start=42300, stop=45395, strand=+, frame=3, truncated=no, start-type=ATG, RBS-motif=TTATT
19:01:18.326 - INFO - CDS - contig=VFMEEALB, start=45392, stop=45949, strand=+, frame=2, truncated=no, start-type=ATG, RBS-motif=TTT
19:01:18.326 - INFO - CDS - contig=VFMEEALB, start=45946, stop=47121, strand=+, frame=1, truncated=no, start-type=ATG, RBS-motif=None
19:01:18.326 - INFO - CDS - contig=VFMEEALB, start=47134, stop=47538, strand=+, frame=1, truncated=no, start-type=ATG, RBS-motif=TTT
19:01:18.326 - INFO - CDS - contig=VFMEEALB, start=47540, stop=48625, strand=+, frame=2, truncated=no, start-type=ATG, RBS-motif=TTATT
19:01:18.326 - INFO - CDS - contig=VFMEEALB, start=48817, stop=49407, strand=+, frame=1, truncated=no, start-type=GTG, RBS-motif=AAAA
19:01:18.326 - INFO - CDS - contig=VFMEEALB, start=49404, stop=50636, strand=+, frame=3, truncated=no, start-type=ATG, RBS-motif=TTATT
19:01:18.326 - INFO - CDS - contig=VFMEEALB, start=50626, stop=51642, strand=+, frame=1, truncated=no, start-type=ATG, RBS-motif=TTT
19:01:18.326 - INFO - CDS - contig=VFMEEALB, start=51599, stop=52132, strand=+, frame=2, truncated=no, start-type=ATG, RBS-motif=TTT
19:01:18.326 - INFO - CDS - contig=VFMEEALB, start=52126, stop=52725, strand=+, frame=1, truncated=no, start-type=ATG, RBS-motif=TTT
19:01:18.326 - INFO - CDS - contig=VFMEEALB, start=52722, stop=53444, strand=+, frame=3, truncated=no, start-type=ATG, RBS-motif=None
19:01:18.326 - INFO - CDS - contig=VFMEEALB, start=53434, stop=54186, strand=+, frame=1, truncated=no, start-type=ATG, RBS-motif=AAAA
19:01:18.326 - INFO - CDS - contig=VFMEEALB, start=54183, stop=54473, strand=+, frame=3, truncated=no, start-type=ATG, RBS-motif=None
19:01:18.326 - INFO - CDS - contig=VFMEEALB, start=54466, stop=54723, strand=+, frame=1, truncated=no, start-type=ATG, RBS-motif=None
19:01:18.326 - INFO - CDS - contig=VFMEEALB, start=54834, stop=55700, strand=+, frame=3, truncated=no, start-type=ATG, RBS-motif=None
19:01:18.326 - INFO - CDS - contig=VFMEEALB, start=55749, stop=56093, strand=-, frame=3, truncated=no, start-type=ATG, RBS-motif=TTT
19:01:18.326 - INFO - CDS - contig=VFMEEALB, start=56090, stop=56518, strand=-, frame=1, truncated=no, start-type=TTG, RBS-motif=TTTTTT
19:01:18.326 - INFO - CDS - contig=VFMEEALB, start=56519, stop=57577, strand=-, frame=1, truncated=no, start-type=ATG, RBS-motif=None
19:01:18.326 - INFO - CDS - contig=VFMEEALB, start=57840, stop=58133, strand=+, frame=3, truncated=no, start-type=ATG, RBS-motif=TTT
19:01:18.326 - INFO - CDS - contig=VFMEEALB, start=58101, stop=58556, strand=-, frame=3, truncated=no, start-type=ATG, RBS-motif=TTATT
19:01:18.326 - INFO - CDS - contig=VFMEEALB, start=58556, stop=58999, strand=-, frame=1, truncated=no, start-type=ATG, RBS-motif=TTTTTT
19:01:18.326 - INFO - CDS - contig=VFMEEALB, start=58996, stop=59490, strand=-, frame=2, truncated=no, start-type=ATG, RBS-motif=None
19:01:18.326 - INFO - CDS - contig=VFMEEALB, start=59510, stop=60562, strand=+, frame=2, truncated=no, start-type=ATG, RBS-motif=TTTTT
19:01:18.326 - INFO - CDS - contig=VFMEEALB, start=60546, stop=61340, strand=+, frame=3, truncated=no, start-type=ATG, RBS-motif=TTT
19:01:18.326 - INFO - CDS - contig=VFMEEALB, start=61334, stop=62380, strand=+, frame=2, truncated=no, start-type=ATG, RBS-motif=None
19:01:18.326 - INFO - CDS - contig=VFMEEALB, start=62366, stop=62548, strand=-, frame=1, truncated=no, start-type=ATG, RBS-motif=TTT
19:01:18.326 - INFO - CDS - contig=VFMEEALB, start=62529, stop=63812, strand=-, frame=3, truncated=no, start-type=ATG, RBS-motif=None
19:01:18.326 - INFO - CDS - contig=VFMEEALB, start=63812, stop=65068, strand=-, frame=1, truncated=no, start-type=ATG, RBS-motif=None
19:01:18.326 - INFO - CDS - contig=VFMEEALB, start=65068, stop=65496, strand=-, frame=2, truncated=no, start-type=ATG, RBS-motif=TTGTT
19:01:18.326 - INFO - CDS - contig=VFMEEALB, start=65772, stop=66677, strand=-, frame=3, truncated=no, start-type=TTG, RBS-motif=None
19:01:18.326 - INFO - CDS - contig=VFMEEALB, start=66762, stop=68030, strand=+, frame=3, truncated=no, start-type=ATG, RBS-motif=TTT
19:01:18.326 - INFO - CDS - contig=VFMEEALB, start=68027, stop=69700, strand=+, frame=2, truncated=no, start-type=ATG, RBS-motif=TTT
19:01:18.326 - INFO - CDS - contig=VFMEEALB, start=69718, stop=69996, strand=+, frame=1, truncated=no, start-type=ATG, RBS-motif=TTGTT
19:01:18.326 - INFO - CDS - contig=VFMEEALB, start=69993, stop=71549, strand=+, frame=3, truncated=no, start-type=ATG, RBS-motif=TTT
19:01:18.326 - INFO - CDS - contig=VFMEEALB, start=71546, stop=72820, strand=+, frame=2, truncated=no, start-type=ATG, RBS-motif=TTGTT
19:01:18.326 - INFO - CDS - contig=VFMEEALB, start=72796, stop=73920, strand=+, frame=1, truncated=no, start-type=ATG, RBS-motif=TTTTTT
19:01:18.326 - INFO - CDS - contig=VFMEEALB, start=73917, stop=74948, strand=-, frame=3, truncated=no, start-type=ATG, RBS-motif=None
19:01:18.326 - INFO - CDS - contig=VFMEEALB, start=75045, stop=75599, strand=+, frame=3, truncated=no, start-type=ATG, RBS-motif=TTTTT
19:01:18.326 - INFO - CDS - contig=VFMEEALB, start=75592, stop=76560, strand=-, frame=2, truncated=no, start-type=GTG, RBS-motif=TTATT
19:01:18.326 - INFO - CDS - contig=VFMEEALB, start=76561, stop=78360, strand=-, frame=2, truncated=no, start-type=ATG, RBS-motif=TTTTT
19:01:18.326 - INFO - CDS - contig=VFMEEALB, start=78357, stop=78851, strand=-, frame=3, truncated=no, start-type=ATG, RBS-motif=TTT
19:01:18.326 - INFO - CDS - contig=VFMEEALB, start=78852, stop=79835, strand=+, frame=3, truncated=no, start-type=ATG, RBS-motif=TTT
19:01:18.326 - INFO - CDS - contig=VFMEEALB, start=79818, stop=80783, strand=-, frame=3, truncated=no, start-type=ATG, RBS-motif=None
19:01:18.326 - INFO - CDS - contig=VFMEEALB, start=80762, stop=81373, strand=-, frame=1, truncated=no, start-type=ATG, RBS-motif=TTT
19:01:18.326 - INFO - CDS - contig=VFMEEALB, start=81351, stop=83354, strand=-, frame=3, truncated=no, start-type=ATG, RBS-motif=TTT
19:01:18.326 - INFO - CDS - contig=VFMEEALB, start=83351, stop=83971, strand=-, frame=1, truncated=no, start-type=ATG, RBS-motif=AAAA
19:01:18.326 - INFO - CDS - contig=VFMEEALB, start=83949, stop=84557, strand=-, frame=3, truncated=no, start-type=TTG, RBS-motif=TTT
19:01:18.326 - INFO - CDS - contig=VFMEEALB, start=84664, stop=85092, strand=+, frame=1, truncated=no, start-type=ATG, RBS-motif=AAAA
19:01:18.326 - INFO - CDS - contig=VFMEEALB, start=85073, stop=85327, strand=-, frame=1, truncated=no, start-type=ATG, RBS-motif=TTTTTT
19:01:18.326 - INFO - CDS - contig=VFMEEALB, start=85297, stop=85614, strand=-, frame=2, truncated=no, start-type=ATG, RBS-motif=TTT
19:01:18.326 - INFO - CDS - contig=VFMEEALB, start=85598, stop=86275, strand=-, frame=1, truncated=no, start-type=ATG, RBS-motif=TTT
19:01:18.326 - INFO - CDS - contig=VFMEEALB, start=86356, stop=87576, strand=+, frame=1, truncated=no, start-type=ATG, RBS-motif=TTT
19:01:18.326 - INFO - CDS - contig=VFMEEALB, start=87827, stop=88156, strand=+, frame=2, truncated=no, start-type=ATG, RBS-motif=TTT
19:01:18.326 - INFO - CDS - contig=VFMEEALB, start=92040, stop=92630, strand=+, frame=3, truncated=no, start-type=ATG, RBS-motif=TTT
19:01:18.326 - INFO - CDS - contig=VFMEEALB, start=92620, stop=93177, strand=+, frame=1, truncated=no, start-type=ATG, RBS-motif=None
19:01:18.326 - INFO - CDS - contig=VFMEEALB, start=93174, stop=93386, strand=+, frame=3, truncated=no, start-type=ATG, RBS-motif=TTT
19:01:18.326 - INFO - CDS - contig=VFMEEALB, start=93349, stop=94143, strand=+, frame=1, truncated=no, start-type=ATG, RBS-motif=AAAA
19:01:18.327 - INFO - CDS - contig=VFMEEALB, start=94145, stop=94426, strand=+, frame=2, truncated=no, start-type=ATG, RBS-motif=AAAA
19:01:18.327 - INFO - CDS - contig=VFMEEALB, start=94395, stop=94733, strand=+, frame=3, truncated=no, start-type=ATG, RBS-motif=None
19:01:18.327 - INFO - CDS - contig=VFMEEALB, start=94711, stop=95322, strand=+, frame=1, truncated=no, start-type=ATG, RBS-motif=TTT
19:01:18.327 - INFO - CDS - contig=VFMEEALB, start=95319, stop=95723, strand=+, frame=3, truncated=no, start-type=ATG, RBS-motif=TTATT
19:01:18.327 - INFO - CDS - contig=VFMEEALB, start=95704, stop=95943, strand=+, frame=1, truncated=no, start-type=ATG, RBS-motif=None
19:01:18.327 - INFO - CDS - contig=VFMEEALB, start=95915, stop=96277, strand=+, frame=2, truncated=no, start-type=ATG, RBS-motif=AAAA
19:01:18.327 - INFO - CDS - contig=VFMEEALB, start=96274, stop=96825, strand=+, frame=1, truncated=no, start-type=ATG, RBS-motif=TTGTT
19:01:18.327 - INFO - CDS - contig=VFMEEALB, start=96818, stop=97099, strand=+, frame=2, truncated=no, start-type=ATG, RBS-motif=TTT
19:01:18.327 - INFO - CDS - contig=VFMEEALB, start=97099, stop=97449, strand=+, frame=1, truncated=no, start-type=ATG, RBS-motif=None
19:01:18.327 - INFO - CDS - contig=VFMEEALB, start=97439, stop=97966, strand=+, frame=2, truncated=no, start-type=ATG, RBS-motif=TTT
19:01:18.327 - INFO - CDS - contig=VFMEEALB, start=97953, stop=98246, strand=+, frame=3, truncated=no, start-type=GTG, RBS-motif=AAAA
19:01:18.327 - INFO - CDS - contig=VFMEEALB, start=98239, stop=98643, strand=+, frame=1, truncated=no, start-type=ATG, RBS-motif=TTGTT
19:01:18.327 - INFO - CDS - contig=VFMEEALB, start=98630, stop=98905, strand=+, frame=2, truncated=no, start-type=ATG, RBS-motif=TTT
19:01:18.327 - INFO - CDS - contig=VFMEEALB, start=98880, stop=99089, strand=+, frame=3, truncated=no, start-type=ATG, RBS-motif=None
19:01:18.327 - INFO - CDS - contig=VFMEEALB, start=99086, stop=99199, strand=+, frame=2, truncated=no, start-type=ATG, RBS-motif=None
19:01:18.327 - INFO - CDS - contig=VFMEEALB, start=99171, stop=99539, strand=+, frame=3, truncated=no, start-type=ATG, RBS-motif=TTT
19:01:18.327 - INFO - CDS - contig=VFMEEALB, start=99532, stop=99879, strand=+, frame=1, truncated=no, start-type=ATG, RBS-motif=AAAA
19:01:18.327 - INFO - CDS - contig=VFMEEALB, start=99876, stop=100391, strand=+, frame=3, truncated=no, start-type=ATG, RBS-motif=None
19:01:18.327 - INFO - CDS - contig=VFMEEALB, start=100388, stop=100939, strand=+, frame=2, truncated=no, start-type=ATG, RBS-motif=TTT
19:01:18.327 - INFO - CDS - contig=VFMEEALB, start=100936, stop=101184, strand=+, frame=1, truncated=no, start-type=ATG, RBS-motif=AAAA
19:01:18.327 - INFO - CDS - contig=VFMEEALB, start=101173, stop=102099, strand=-, frame=2, truncated=no, start-type=GTG, RBS-motif=TTT
19:01:18.327 - INFO - CDS - contig=VFMEEALB, start=102278, stop=102745, strand=+, frame=2, truncated=no, start-type=ATG, RBS-motif=TTTTTT
19:01:18.327 - INFO - CDS - contig=VFMEEALB, start=102714, stop=103763, strand=+, frame=3, truncated=no, start-type=ATG, RBS-motif=AAAA
19:01:18.327 - INFO - CDS - truncated CDS: contig=VFMEEALB, start=1, stop=1185, strand=+, frame=1, truncated=5-prime, start-type=Edge, RBS-motif=None, aa-hexdigest=70c829c560bd09210bd535f0f7edc07a, aa=[MKKKFNRNKI..GAGIVTKLEV]
19:01:18.327 - INFO - CDS - contig=VFMEEALB, start=1222, stop=1605, strand=+, nt=[GTGGGTTTAA..AAATGATTAA]
19:01:18.327 - INFO - CDS - contig=VFMEEALB, start=1598, stop=2029, strand=+, nt=[ATGATTAAAA..AAATATTTAA]
19:01:18.327 - INFO - CDS - contig=VFMEEALB, start=2010, stop=2354, strand=+, nt=[ATGATAAAAA..AATTGAATAA]
19:01:18.327 - INFO - CDS - contig=VFMEEALB, start=2347, stop=6132, strand=+, nt=[TTGAATAATA..TTTAAAATGA]
19:01:18.327 - INFO - CDS - contig=VFMEEALB, start=6129, stop=9728, strand=+, nt=[ATGAATAAAT..CCAACAATAA]
19:01:18.327 - INFO - CDS - contig=VFMEEALB, start=9716, stop=10096, strand=+, nt=[ATGCCAACAA..AAAAAAATAA]
19:01:18.327 - INFO - CDS - contig=VFMEEALB, start=10077, stop=10547, strand=+, nt=[ATGTCAAGAA..TATTTTTTAA]
19:01:18.327 - INFO - CDS - contig=VFMEEALB, start=10550, stop=12586, strand=+, nt=[GTGAATATAA..AAAATTATGA]
19:01:18.327 - INFO - CDS - contig=VFMEEALB, start=12583, stop=12870, strand=+, nt=[ATGAAATTTA..TTATATATGA]
19:01:18.327 - INFO - CDS - contig=VFMEEALB, start=12867, stop=12971, strand=+, nt=[ATGATAATTA..TTTTTTATAG]
19:01:18.327 - INFO - CDS - contig=VFMEEALB, start=13059, stop=13505, strand=+, nt=[ATGAAAATTT..GGTAGAGTAA]
19:01:18.327 - INFO - CDS - contig=VFMEEALB, start=13661, stop=14149, strand=-, nt=[ATGAAAGATA..TTTTTCTTAA]
19:01:18.327 - INFO - CDS - contig=VFMEEALB, start=14139, stop=15119, strand=-, nt=[ATGATTTTAA..TGAAAGATAA]
19:01:18.327 - INFO - CDS - contig=VFMEEALB, start=15116, stop=15511, strand=-, nt=[ATGTTAGGAT..AAAAAGATGA]
19:01:18.327 - INFO - CDS - contig=VFMEEALB, start=15505, stop=15768, strand=-, nt=[ATGATATTTA..ATTATGTTAG]
19:01:18.327 - INFO - CDS - contig=VFMEEALB, start=15765, stop=16475, strand=-, nt=[ATGAACTCAT..AACAATATGA]
19:01:18.327 - INFO - CDS - contig=VFMEEALB, start=16487, stop=17032, strand=-, nt=[ATGATTTTTA..TATAAAATGA]
19:01:18.327 - INFO - CDS - contig=VFMEEALB, start=17032, stop=17364, strand=-, nt=[ATGAAATTTT..TCCATACTAA]
19:01:18.327 - INFO - CDS - contig=VFMEEALB, start=17379, stop=18302, strand=+, nt=[GTGGTCAAGG..ATATATATAA]
19:01:18.327 - INFO - CDS - contig=VFMEEALB, start=18289, stop=18735, strand=+, nt=[ATGAATATAT..TAAATATTAA]
19:01:18.327 - INFO - CDS - contig=VFMEEALB, start=18712, stop=19290, strand=-, nt=[GTGGCAATAG..TTTTATATAA]
19:01:18.327 - INFO - CDS - contig=VFMEEALB, start=19485, stop=20456, strand=+, nt=[ATGAATAAAT..CTTCTTTTAA]
19:01:18.327 - INFO - CDS - contig=VFMEEALB, start=20453, stop=21775, strand=-, nt=[ATGAATATAA..TTCTTTTTAA]
19:01:18.327 - INFO - CDS - contig=VFMEEALB, start=21772, stop=22410, strand=-, nt=[ATGTTTTATT..CAAATTATGA]
19:01:18.327 - INFO - CDS - contig=VFMEEALB, start=22398, stop=23126, strand=-, nt=[ATGTTATTAA..TTTTATTTAG]
19:01:18.327 - INFO - CDS - contig=VFMEEALB, start=23101, stop=24048, strand=-, nt=[ATGCAAAAAA..TAAAATTTAA]
19:01:18.327 - INFO - CDS - contig=VFMEEALB, start=24033, stop=24611, strand=-, nt=[ATGATAATTA..AAAAAATTAA]
19:01:18.327 - INFO - CDS - contig=VFMEEALB, start=24592, stop=25833, strand=-, nt=[ATGTTTTTTA..TAATAGATAA]
19:01:18.327 - INFO - CDS - contig=VFMEEALB, start=25815, stop=27185, strand=-, nt=[ATGATAAAAT..AAAAAAATAA]
19:01:18.327 - INFO - CDS - contig=VFMEEALB, start=27337, stop=28587, strand=-, nt=[ATGAATAATA..TAAAATATAA]
19:01:18.327 - INFO - CDS - contig=VFMEEALB, start=28584, stop=29489, strand=-, nt=[ATGTCAATTT..ATTATTATGA]
19:01:18.327 - INFO - CDS - contig=VFMEEALB, start=29489, stop=30286, strand=-, nt=[TTGATAGTAA..ATTTAAATAA]
19:01:18.327 - INFO - CDS - contig=VFMEEALB, start=30408, stop=31340, strand=+, nt=[ATGAAATATA..TTATATATAA]
19:01:18.327 - INFO - CDS - contig=VFMEEALB, start=31371, stop=32639, strand=+, nt=[ATGAAAATAG..AGGTTATTAG]
19:01:18.327 - INFO - CDS - contig=VFMEEALB, start=32835, stop=35684, strand=+, nt=[ATGAATATTA..AATGATGTAA]
19:01:18.327 - INFO - CDS - contig=VFMEEALB, start=35751, stop=36632, strand=+, nt=[TTGATAAGTG..TTATGTCTAA]
19:01:18.327 - INFO - CDS - contig=VFMEEALB, start=36625, stop=37626, strand=+, nt=[ATGTCTAAAA..TCTTGATTAA]
19:01:18.327 - INFO - CDS - contig=VFMEEALB, start=37619, stop=38185, strand=+, nt=[TTGATTAAAA..AAATGCCTAA]
19:01:18.327 - INFO - CDS - contig=VFMEEALB, start=38172, stop=39278, strand=+, nt=[ATGAAAATGC..ATTTATATGA]
19:01:18.327 - INFO - CDS - contig=VFMEEALB, start=39275, stop=39922, strand=+, nt=[ATGAATATAA..TAAAAATTAA]
19:01:18.327 - INFO - CDS - contig=VFMEEALB, start=39909, stop=40142, strand=+, nt=[ATGTTAAAAA..TAAAAAATAA]
19:01:18.327 - INFO - CDS - contig=VFMEEALB, start=40120, stop=40317, strand=+, nt=[ATGAAAAGAA..TTCTCTTTAA]
19:01:18.327 - INFO - CDS - contig=VFMEEALB, start=40642, stop=41277, strand=-, nt=[ATGCATAAAA..AATAACTTAA]
19:01:18.327 - INFO - CDS - contig=VFMEEALB, start=41446, stop=42303, strand=+, nt=[TTGATTTTAA..ATCCATATGA]
19:01:18.327 - INFO - CDS - contig=VFMEEALB, start=42300, stop=45395, strand=+, nt=[ATGAAGAATA..CAATTTATGA]
19:01:18.327 - INFO - CDS - contig=VFMEEALB, start=45392, stop=45949, strand=+, nt=[ATGACCCCTT..AATAAAATGA]
19:01:18.327 - INFO - CDS - contig=VFMEEALB, start=45946, stop=47121, strand=+, nt=[ATGATATATT..AAAAAAATAG]
19:01:18.327 - INFO - CDS - contig=VFMEEALB, start=47134, stop=47538, strand=+, nt=[ATGGATAAAG..AAATAAATAA]
19:01:18.327 - INFO - CDS - contig=VFMEEALB, start=47540, stop=48625, strand=+, nt=[ATGAATTTAT..ACGGATTTGA]
19:01:18.327 - INFO - CDS - contig=VFMEEALB, start=48817, stop=49407, strand=+, nt=[GTGAGTTCAA..TATATTATGA]
19:01:18.327 - INFO - CDS - contig=VFMEEALB, start=49404, stop=50636, strand=+, nt=[ATGAAAATAT..TGAAAAATAA]
19:01:18.327 - INFO - CDS - contig=VFMEEALB, start=50626, stop=51642, strand=+, nt=[ATGAAAAATA..TTTTTATTAA]
19:01:18.327 - INFO - CDS - contig=VFMEEALB, start=51599, stop=52132, strand=+, nt=[ATGAAAATAA..CAAATGGTGA]
19:01:18.327 - INFO - CDS - contig=VFMEEALB, start=52126, stop=52725, strand=+, nt=[ATGGTGATAG..TTGGAAATGA]
19:01:18.327 - INFO - CDS - contig=VFMEEALB, start=52722, stop=53444, strand=+, nt=[ATGAAAATAA..TGATTTATAA]
19:01:18.327 - INFO - CDS - contig=VFMEEALB, start=53434, stop=54186, strand=+, nt=[ATGATTTATA..AAATATATGA]
19:01:18.327 - INFO - CDS - contig=VFMEEALB, start=54183, stop=54473, strand=+, nt=[ATGAAATTAT..AAATGATTAA]
19:01:18.327 - INFO - CDS - contig=VFMEEALB, start=54466, stop=54723, strand=+, nt=[ATGATTAAAA..GTCTTTTTAA]
19:01:18.327 - INFO - CDS - contig=VFMEEALB, start=54834, stop=55700, strand=+, nt=[ATGAGTTCGA..TTGTGTGTGA]
19:01:18.327 - INFO - CDS - contig=VFMEEALB, start=55749, stop=56093, strand=-, nt=[ATGACTCGAG..AGGTTGTTAG]
19:01:18.327 - INFO - CDS - contig=VFMEEALB, start=56090, stop=56518, strand=-, nt=[TTGATAAAAT..TCCAAAATGA]
19:01:18.328 - INFO - CDS - contig=VFMEEALB, start=56519, stop=57577, strand=-, nt=[ATGTCTGGAA..TTTTTTATAA]
19:01:18.328 - INFO - CDS - contig=VFMEEALB, start=57840, stop=58133, strand=+, nt=[ATGAAAAAAC..TAATTTTTAA]
19:01:18.328 - INFO - CDS - contig=VFMEEALB, start=58101, stop=58556, strand=-, nt=[ATGTTTTATA..GATAAAATAA]
19:01:18.328 - INFO - CDS - contig=VFMEEALB, start=58556, stop=58999, strand=-, nt=[ATGAAATATT..TTATTATTAA]
19:01:18.328 - INFO - CDS - contig=VFMEEALB, start=58996, stop=59490, strand=-, nt=[ATGTTAAAAA..TTTAAAATGA]
19:01:18.328 - INFO - CDS - contig=VFMEEALB, start=59510, stop=60562, strand=+, nt=[ATGATAAATT..AAAACATTAA]
19:01:18.328 - INFO - CDS - contig=VFMEEALB, start=60546, stop=61340, strand=+, nt=[ATGAAAAAAA..AAAATGTTAA]
19:01:18.328 - INFO - CDS - contig=VFMEEALB, start=61334, stop=62380, strand=+, nt=[ATGTTAATTT..AAAATGTTAA]
19:01:18.328 - INFO - CDS - contig=VFMEEALB, start=62366, stop=62548, strand=-, nt=[ATGATATTAA..ATTTTTTTAA]
19:01:18.328 - INFO - CDS - contig=VFMEEALB, start=62529, stop=63812, strand=-, nt=[ATGAAATATA..AAATAAATAA]
19:01:18.328 - INFO - CDS - contig=VFMEEALB, start=63812, stop=65068, strand=-, nt=[ATGTTATTTA..AGATAAATAA]
19:01:18.328 - INFO - CDS - contig=VFMEEALB, start=65068, stop=65496, strand=-, nt=[ATGTATTTAA..ATTAAAATAA]
19:01:18.328 - INFO - CDS - contig=VFMEEALB, start=65772, stop=66677, strand=-, nt=[TTGAATAAAA..GTCCTTTTAA]
19:01:18.328 - INFO - CDS - contig=VFMEEALB, start=66762, stop=68030, strand=+, nt=[ATGAATATTC..AGGAAAATGA]
19:01:18.328 - INFO - CDS - contig=VFMEEALB, start=68027, stop=69700, strand=+, nt=[ATGATAGATT..AAAATATTAA]
19:01:18.328 - INFO - CDS - contig=VFMEEALB, start=69718, stop=69996, strand=+, nt=[ATGGCTATAT..AATTAAATGA]
19:01:18.328 - INFO - CDS - contig=VFMEEALB, start=69993, stop=71549, strand=+, nt=[ATGAAATCTA..TTATAAATGA]
19:01:18.328 - INFO - CDS - contig=VFMEEALB, start=71546, stop=72820, strand=+, nt=[ATGAATATTA..AAAATATTAA]
19:01:18.328 - INFO - CDS - contig=VFMEEALB, start=72796, stop=73920, strand=+, nt=[ATGCATAAGC..TATTTATTAA]
19:01:18.328 - INFO - CDS - contig=VFMEEALB, start=73917, stop=74948, strand=-, nt=[ATGTTAAAAA..TTATTTTTAA]
19:01:18.328 - INFO - CDS - contig=VFMEEALB, start=75045, stop=75599, strand=+, nt=[ATGAATTTAT..TTTTATTTAA]
19:01:18.328 - INFO - CDS - contig=VFMEEALB, start=75592, stop=76560, strand=-, nt=[GTGAAAGATT..TTTTAAATAA]
19:01:18.328 - INFO - CDS - contig=VFMEEALB, start=76561, stop=78360, strand=-, nt=[ATGAATAAAA..TACCCTTTAG]
19:01:18.328 - INFO - CDS - contig=VFMEEALB, start=78357, stop=78851, strand=-, nt=[ATGAAAATTT..TTTGAAATGA]
19:01:18.328 - INFO - CDS - contig=VFMEEALB, start=78852, stop=79835, strand=+, nt=[ATGAAAATTA..AAGGATATAA]
19:01:18.328 - INFO - CDS - contig=VFMEEALB, start=79818, stop=80783, strand=-, nt=[ATGTTTAAAA..TTTTTTTTAA]
19:01:18.328 - INFO - CDS - contig=VFMEEALB, start=80762, stop=81373, strand=-, nt=[ATGTATTTAA..ATATATTTAA]
19:01:18.328 - INFO - CDS - contig=VFMEEALB, start=81351, stop=83354, strand=-, nt=[ATGATTAAAT..ATGCAAATAA]
19:01:18.328 - INFO - CDS - contig=VFMEEALB, start=83351, stop=83971, strand=-, nt=[ATGAAAATTT..TTTTATATGA]
19:01:18.328 - INFO - CDS - contig=VFMEEALB, start=83949, stop=84557, strand=-, nt=[TTGTTTTTAA..TAATAAGTAA]
19:01:18.328 - INFO - CDS - contig=VFMEEALB, start=84664, stop=85092, strand=+, nt=[ATGAAAAAAA..TTTGAAATAA]
19:01:18.328 - INFO - CDS - contig=VFMEEALB, start=85073, stop=85327, strand=-, nt=[ATGGCAAAAA..TGATATATAA]
19:01:18.328 - INFO - CDS - contig=VFMEEALB, start=85297, stop=85614, strand=-, nt=[ATGATAATAA..GGAGGATTAA]
19:01:18.328 - INFO - CDS - contig=VFMEEALB, start=85598, stop=86275, strand=-, nt=[ATGATAAAAT..TAATATTTGA]
19:01:18.328 - INFO - CDS - contig=VFMEEALB, start=86356, stop=87576, strand=+, nt=[ATGAATAAAA..TAAAAATTAA]
19:01:18.328 - INFO - CDS - contig=VFMEEALB, start=87827, stop=88156, strand=+, nt=[ATGCTTTCAG..TGTGCAATAG]
19:01:18.328 - INFO - CDS - contig=VFMEEALB, start=92040, stop=92630, strand=+, nt=[ATGATAGGTA..TGATAAATAA]
19:01:18.328 - INFO - CDS - contig=VFMEEALB, start=92620, stop=93177, strand=+, nt=[ATGATAAATA..ATATAAATGA]
19:01:18.328 - INFO - CDS - contig=VFMEEALB, start=93174, stop=93386, strand=+, nt=[ATGATAAATT..AAAAATATAA]
19:01:18.328 - INFO - CDS - contig=VFMEEALB, start=93349, stop=94143, strand=+, nt=[ATGAAAAACA..AAAAAAATAA]
19:01:18.328 - INFO - CDS - contig=VFMEEALB, start=94145, stop=94426, strand=+, nt=[ATGAAAAAAA..TAAAAAGTAA]
19:01:18.328 - INFO - CDS - contig=VFMEEALB, start=94395, stop=94733, strand=+, nt=[ATGTTAACAT..TAAACCCTAA]
19:01:18.328 - INFO - CDS - contig=VFMEEALB, start=94711, stop=95322, strand=+, nt=[ATGGGAAAAA..TTTTAAATGA]
19:01:18.328 - INFO - CDS - contig=VFMEEALB, start=95319, stop=95723, strand=+, nt=[ATGAGAAAAT..TAATTTATAA]
19:01:18.328 - INFO - CDS - contig=VFMEEALB, start=95704, stop=95943, strand=+, nt=[ATGATAGGTA..TATTAAATAA]
19:01:18.328 - INFO - CDS - contig=VFMEEALB, start=95915, stop=96277, strand=+, nt=[ATGATACAAG..TGTTATATGA]
19:01:18.328 - INFO - CDS - contig=VFMEEALB, start=96274, stop=96825, strand=+, nt=[ATGAAAAAAT..AAATGTCTAA]
19:01:18.328 - INFO - CDS - contig=VFMEEALB, start=96818, stop=97099, strand=+, nt=[ATGTCTAAAA..TAGTTGGTAA]
19:01:18.328 - INFO - CDS - contig=VFMEEALB, start=97099, stop=97449, strand=+, nt=[ATGAATATAC..TGAAATTTAA]
19:01:18.328 - INFO - CDS - contig=VFMEEALB, start=97439, stop=97966, strand=+, nt=[ATGAAATTTA..AGAAAAATAA]
19:01:18.328 - INFO - CDS - contig=VFMEEALB, start=97953, stop=98246, strand=+, nt=[GTGAAGAAAA..TTATGTATAA]
19:01:18.328 - INFO - CDS - contig=VFMEEALB, start=98239, stop=98643, strand=+, nt=[ATGTATAATA..GAATAGGTAG]
19:01:18.328 - INFO - CDS - contig=VFMEEALB, start=98630, stop=98905, strand=+, nt=[ATGAGAATAG..TATTAGGTAA]
19:01:18.328 - INFO - CDS - contig=VFMEEALB, start=98880, stop=99089, strand=+, nt=[ATGAAGAAAA..AATAAAATGA]
19:01:18.328 - INFO - CDS - contig=VFMEEALB, start=99086, stop=99199, strand=+, nt=[ATGAAAGTTA..ACAAGGATAA]
19:01:18.328 - INFO - CDS - contig=VFMEEALB, start=99171, stop=99539, strand=+, nt=[ATGGTAAACA..TCATGTATAA]
19:01:18.328 - INFO - CDS - contig=VFMEEALB, start=99532, stop=99879, strand=+, nt=[ATGTATAATT..AAGAGTATGA]
19:01:18.328 - INFO - CDS - contig=VFMEEALB, start=99876, stop=100391, strand=+, nt=[ATGAAAAGAG..TAGAAAATGA]
19:01:18.328 - INFO - CDS - contig=VFMEEALB, start=100388, stop=100939, strand=+, nt=[ATGAAAATAT..AAATATATGA]
19:01:18.328 - INFO - CDS - contig=VFMEEALB, start=100936, stop=101184, strand=+, nt=[ATGAGACATA..AACTAATTAA]
19:01:18.328 - INFO - CDS - contig=VFMEEALB, start=101173, stop=102099, strand=-, nt=[GTGGTTTCAA..AATTAGTTAA]
19:01:18.328 - INFO - CDS - contig=VFMEEALB, start=102278, stop=102745, strand=+, nt=[ATGAATATAA..CATTAAATAA]
19:01:18.328 - INFO - CDS - contig=VFMEEALB, start=102714, stop=103763, strand=+, nt=[ATGAAAAAGA..AAACATTTAA]
19:01:18.328 - INFO - CDS - contig=VFMEEALB, start=1, stop=1185, strand=+, nt=[ATGAAAAAAA..AGAGGTATAA]
19:01:18.345 - INFO - CDS - predicted=125
19:01:18.365 - INFO - ORF - discard spurious: contig=VFMEEALB, start=87827, stop=88156, strand=+, homology=Spurious_ORF_05, evalue=9.2e-48, bitscore=153.763611
19:01:18.400 - INFO - ORF - discarded=1
19:01:18.459 - INFO - UPS - looked-up=0
19:01:18.460 - INFO - IPS - looked-up=0
19:01:18.460 - INFO - ORF - write internal aa seqs: # seqs=124, path=/tmp/tmpq14vuk10/cds.psc.faa
19:02:00.268 - INFO - PSC - found: PSC=0, PSCC=28
19:02:00.282 - INFO - PSC - looked-up=28
19:02:00.284 - INFO - PSCC - looked-up=24
19:02:00.284 - INFO - ORF - write internal aa seqs: # seqs=124, path=/tmp/tmpq14vuk10/cds.expert.faa
19:02:00.861 - INFO - EXPERT-AMRFINDER - found=0
19:02:01.373 - INFO - EXPERT_AA_SEQ - found=0
19:02:01.373 - INFO - ANNOTATION - marked as hypothetical: contig=VFMEEALB, start=1222, stop=1605, strand=+
19:02:01.373 - INFO - ANNOTATION - marked as hypothetical: contig=VFMEEALB, start=1598, stop=2029, strand=+
19:02:01.373 - INFO - ANNOTATION - marked as hypothetical: contig=VFMEEALB, start=2010, stop=2354, strand=+
19:02:01.373 - INFO - ANNOTATION - marked as hypothetical: contig=VFMEEALB, start=2347, stop=6132, strand=+
19:02:01.373 - INFO - ANNOTATION - marked as hypothetical: contig=VFMEEALB, start=6129, stop=9728, strand=+
19:02:01.373 - INFO - ANNOTATION - marked as hypothetical: contig=VFMEEALB, start=9716, stop=10096, strand=+
19:02:01.373 - INFO - ANNOTATION - marked as hypothetical: contig=VFMEEALB, start=10077, stop=10547, strand=+
19:02:01.373 - INFO - ANNOTATION - marked as hypothetical: contig=VFMEEALB, start=12583, stop=12870, strand=+
19:02:01.373 - INFO - ANNOTATION - marked as hypothetical: contig=VFMEEALB, start=12867, stop=12971, strand=+
19:02:01.373 - INFO - ANNOTATION - marked as hypothetical: contig=VFMEEALB, start=13059, stop=13505, strand=+
19:02:01.373 - INFO - ANNOTATION - marked as hypothetical: contig=VFMEEALB, start=13661, stop=14149, strand=-
19:02:01.374 - INFO - ANNOTATION - marked as hypothetical: contig=VFMEEALB, start=14139, stop=15119, strand=-
19:02:01.374 - INFO - ANNOTATION - marked as hypothetical: contig=VFMEEALB, start=15505, stop=15768, strand=-
19:02:01.374 - INFO - ANNOTATION - marked as hypothetical: contig=VFMEEALB, start=15765, stop=16475, strand=-
19:02:01.374 - INFO - ANNOTATION - marked as hypothetical: contig=VFMEEALB, start=16487, stop=17032, strand=-
19:02:01.374 - INFO - ANNOTATION - marked as hypothetical: contig=VFMEEALB, start=17032, stop=17364, strand=-
19:02:01.374 - INFO - ANNOTATION - marked as hypothetical: contig=VFMEEALB, start=17379, stop=18302, strand=+
19:02:01.374 - INFO - ANNOTATION - marked as hypothetical: contig=VFMEEALB, start=18289, stop=18735, strand=+
19:02:01.374 - INFO - ANNOTATION - marked as hypothetical: contig=VFMEEALB, start=18712, stop=19290, strand=-
19:02:01.374 - INFO - ANNOTATION - marked as hypothetical: contig=VFMEEALB, start=19485, stop=20456, strand=+
19:02:01.374 - INFO - ANNOTATION - marked as hypothetical: contig=VFMEEALB, start=20453, stop=21775, strand=-
19:02:01.374 - INFO - ANNOTATION - marked as hypothetical: contig=VFMEEALB, start=21772, stop=22410, strand=-
19:02:01.374 - INFO - ANNOTATION - marked as hypothetical: contig=VFMEEALB, start=22398, stop=23126, strand=-
19:02:01.374 - INFO - ANNOTATION - marked as hypothetical: contig=VFMEEALB, start=23101, stop=24048, strand=-
19:02:01.374 - INFO - ANNOTATION - marked as hypothetical: contig=VFMEEALB, start=24033, stop=24611, strand=-
19:02:01.374 - INFO - ANNOTATION - marked as hypothetical: contig=VFMEEALB, start=24592, stop=25833, strand=-
19:02:01.374 - INFO - ANNOTATION - marked as hypothetical: contig=VFMEEALB, start=25815, stop=27185, strand=-
19:02:01.374 - INFO - ANNOTATION - marked as hypothetical: contig=VFMEEALB, start=27337, stop=28587, strand=-
19:02:01.374 - INFO - ANNOTATION - marked as hypothetical: contig=VFMEEALB, start=28584, stop=29489, strand=-
19:02:01.374 - INFO - ANNOTATION - marked as hypothetical: contig=VFMEEALB, start=29489, stop=30286, strand=-
19:02:01.374 - INFO - ANNOTATION - marked as hypothetical: contig=VFMEEALB, start=30408, stop=31340, strand=+
19:02:01.374 - INFO - ANNOTATION - marked as hypothetical: contig=VFMEEALB, start=31371, stop=32639, strand=+
19:02:01.374 - INFO - ANNOTATION - marked as hypothetical: contig=VFMEEALB, start=32835, stop=35684, strand=+
19:02:01.374 - INFO - ANNOTATION - marked as hypothetical: contig=VFMEEALB, start=35751, stop=36632, strand=+
19:02:01.374 - INFO - ANNOTATION - marked as hypothetical: contig=VFMEEALB, start=36625, stop=37626, strand=+
19:02:01.374 - INFO - ANNOTATION - marked as hypothetical: contig=VFMEEALB, start=37619, stop=38185, strand=+
19:02:01.374 - INFO - ANNOTATION - marked as hypothetical: contig=VFMEEALB, start=38172, stop=39278, strand=+
19:02:01.374 - INFO - ANNOTATION - marked as hypothetical: contig=VFMEEALB, start=39275, stop=39922, strand=+
19:02:01.374 - INFO - ANNOTATION - marked as hypothetical: contig=VFMEEALB, start=39909, stop=40142, strand=+
19:02:01.374 - INFO - ANNOTATION - marked as hypothetical: contig=VFMEEALB, start=40120, stop=40317, strand=+
19:02:01.374 - INFO - ANNOTATION - marked as hypothetical: contig=VFMEEALB, start=41446, stop=42303, strand=+
19:02:01.374 - INFO - ANNOTATION - marked as hypothetical: contig=VFMEEALB, start=42300, stop=45395, strand=+
19:02:01.374 - INFO - ANNOTATION - fix gene: extract symbol from protein name. symbol=clpX
19:02:01.374 - INFO - ANNOTATION - marked as hypothetical: contig=VFMEEALB, start=47134, stop=47538, strand=+
19:02:01.374 - INFO - ANNOTATION - marked as hypothetical: contig=VFMEEALB, start=47540, stop=48625, strand=+
19:02:01.374 - INFO - ANNOTATION - marked as hypothetical: contig=VFMEEALB, start=48817, stop=49407, strand=+
19:02:01.374 - INFO - ANNOTATION - marked as hypothetical: contig=VFMEEALB, start=50626, stop=51642, strand=+
19:02:01.374 - INFO - ANNOTATION - marked as hypothetical: contig=VFMEEALB, start=52722, stop=53444, strand=+
19:02:01.374 - INFO - ANNOTATION - marked as hypothetical: contig=VFMEEALB, start=54183, stop=54473, strand=+
19:02:01.374 - INFO - ANNOTATION - marked as hypothetical: contig=VFMEEALB, start=54466, stop=54723, strand=+
19:02:01.374 - INFO - ANNOTATION - marked as hypothetical: contig=VFMEEALB, start=54834, stop=55700, strand=+
19:02:01.374 - INFO - ANNOTATION - marked as hypothetical: contig=VFMEEALB, start=55749, stop=56093, strand=-
19:02:01.374 - INFO - ANNOTATION - marked as hypothetical: contig=VFMEEALB, start=56090, stop=56518, strand=-
19:02:01.374 - INFO - ANNOTATION - marked as hypothetical: contig=VFMEEALB, start=57840, stop=58133, strand=+
19:02:01.374 - INFO - ANNOTATION - marked as hypothetical: contig=VFMEEALB, start=58101, stop=58556, strand=-
19:02:01.374 - INFO - ANNOTATION - marked as hypothetical: contig=VFMEEALB, start=58556, stop=58999, strand=-
19:02:01.374 - INFO - ANNOTATION - marked as hypothetical: contig=VFMEEALB, start=58996, stop=59490, strand=-
19:02:01.374 - INFO - ANNOTATION - marked as hypothetical: contig=VFMEEALB, start=59510, stop=60562, strand=+
19:02:01.374 - INFO - ANNOTATION - marked as hypothetical: contig=VFMEEALB, start=61334, stop=62380, strand=+
19:02:01.374 - INFO - ANNOTATION - marked as hypothetical: contig=VFMEEALB, start=62366, stop=62548, strand=-
19:02:01.374 - INFO - ANNOTATION - marked as hypothetical: contig=VFMEEALB, start=62529, stop=63812, strand=-
19:02:01.374 - INFO - ANNOTATION - marked as hypothetical: contig=VFMEEALB, start=63812, stop=65068, strand=-
19:02:01.374 - INFO - ANNOTATION - marked as hypothetical: contig=VFMEEALB, start=65068, stop=65496, strand=-
19:02:01.374 - INFO - ANNOTATION - marked as hypothetical: contig=VFMEEALB, start=65772, stop=66677, strand=-
19:02:01.375 - INFO - ANNOTATION - marked as hypothetical: contig=VFMEEALB, start=66762, stop=68030, strand=+
19:02:01.375 - INFO - ANNOTATION - marked as hypothetical: contig=VFMEEALB, start=68027, stop=69700, strand=+
19:02:01.375 - INFO - ANNOTATION - marked as hypothetical: contig=VFMEEALB, start=69718, stop=69996, strand=+
19:02:01.375 - INFO - ANNOTATION - marked as hypothetical: contig=VFMEEALB, start=71546, stop=72820, strand=+
19:02:01.375 - INFO - ANNOTATION - marked as hypothetical: contig=VFMEEALB, start=72796, stop=73920, strand=+
19:02:01.375 - INFO - ANNOTATION - marked as hypothetical: contig=VFMEEALB, start=73917, stop=74948, strand=-
19:02:01.375 - INFO - ANNOTATION - marked as hypothetical: contig=VFMEEALB, start=75045, stop=75599, strand=+
19:02:01.375 - INFO - ANNOTATION - marked as hypothetical: contig=VFMEEALB, start=75592, stop=76560, strand=-
19:02:01.375 - INFO - ANNOTATION - fix gene: extract symbol from protein name. symbol=dnaK
19:02:01.375 - INFO - ANNOTATION - marked as hypothetical: contig=VFMEEALB, start=78357, stop=78851, strand=-
19:02:01.375 - INFO - ANNOTATION - marked as hypothetical: contig=VFMEEALB, start=78852, stop=79835, strand=+
19:02:01.375 - INFO - ANNOTATION - marked as hypothetical: contig=VFMEEALB, start=79818, stop=80783, strand=-
19:02:01.375 - INFO - ANNOTATION - marked as hypothetical: contig=VFMEEALB, start=80762, stop=81373, strand=-
19:02:01.375 - INFO - ANNOTATION - marked as hypothetical: contig=VFMEEALB, start=81351, stop=83354, strand=-
19:02:01.375 - INFO - ANNOTATION - marked as hypothetical: contig=VFMEEALB, start=83351, stop=83971, strand=-
19:02:01.375 - INFO - ANNOTATION - marked as hypothetical: contig=VFMEEALB, start=83949, stop=84557, strand=-
19:02:01.375 - INFO - ANNOTATION - marked as hypothetical: contig=VFMEEALB, start=85073, stop=85327, strand=-
19:02:01.375 - INFO - ANNOTATION - marked as hypothetical: contig=VFMEEALB, start=85297, stop=85614, strand=-
19:02:01.375 - INFO - ANNOTATION - marked as hypothetical: contig=VFMEEALB, start=85598, stop=86275, strand=-
19:02:01.375 - INFO - ANNOTATION - marked as hypothetical: contig=VFMEEALB, start=92620, stop=93177, strand=+
19:02:01.375 - INFO - ANNOTATION - marked as hypothetical: contig=VFMEEALB, start=93174, stop=93386, strand=+
19:02:01.375 - INFO - ANNOTATION - marked as hypothetical: contig=VFMEEALB, start=94395, stop=94733, strand=+
19:02:01.375 - INFO - ANNOTATION - marked as hypothetical: contig=VFMEEALB, start=94711, stop=95322, strand=+
19:02:01.375 - INFO - ANNOTATION - marked as hypothetical: contig=VFMEEALB, start=95704, stop=95943, strand=+
19:02:01.375 - INFO - ANNOTATION - marked as hypothetical: contig=VFMEEALB, start=96274, stop=96825, strand=+
19:02:01.375 - INFO - ANNOTATION - marked as hypothetical: contig=VFMEEALB, start=96818, stop=97099, strand=+
19:02:01.375 - INFO - ANNOTATION - marked as hypothetical: contig=VFMEEALB, start=97099, stop=97449, strand=+
19:02:01.375 - INFO - ANNOTATION - marked as hypothetical: contig=VFMEEALB, start=97439, stop=97966, strand=+
19:02:01.375 - INFO - ANNOTATION - marked as hypothetical: contig=VFMEEALB, start=97953, stop=98246, strand=+
19:02:01.375 - INFO - ANNOTATION - marked as hypothetical: contig=VFMEEALB, start=98239, stop=98643, strand=+
19:02:01.375 - INFO - ANNOTATION - marked as hypothetical: contig=VFMEEALB, start=98630, stop=98905, strand=+
19:02:01.375 - INFO - ANNOTATION - marked as hypothetical: contig=VFMEEALB, start=99086, stop=99199, strand=+
19:02:01.375 - INFO - ANNOTATION - marked as hypothetical: contig=VFMEEALB, start=99876, stop=100391, strand=+
19:02:01.375 - INFO - ANNOTATION - marked as hypothetical: contig=VFMEEALB, start=100388, stop=100939, strand=+
19:02:01.375 - INFO - ANNOTATION - marked as hypothetical: contig=VFMEEALB, start=100936, stop=101184, strand=+
19:02:01.375 - INFO - ANNOTATION - marked as hypothetical: contig=VFMEEALB, start=101173, stop=102099, strand=-
19:02:01.375 - INFO - ANNOTATION - marked as hypothetical: contig=VFMEEALB, start=102278, stop=102745, strand=+
19:02:01.375 - INFO - ANNOTATION - marked as hypothetical: contig=VFMEEALB, start=102714, stop=103763, strand=+
19:02:01.375 - INFO - ORF - write internal aa seqs: # seqs=100, path=/tmp/tmpq14vuk10/cds.pseudo.candidates.faa
19:02:58.671 - INFO - CDS - found: pseudogene-candidates=0
19:02:58.672 - INFO - PSC - looked-up=0
19:02:58.672 - INFO - PSCC - looked-up=0
19:02:58.697 - INFO - CDS - pfam detected: contig=VFMEEALB, start=47540, stop=48625, strand=+, pfam-id=PF00004.32, length=149, aa-start=39, aa-stop=167, aa-cov=0.4, hmm-cov=0.8, evalue=2.8e-10, bitscore=33.5, name=AAA
19:02:58.740 - INFO - CDS - pfam detected: contig=VFMEEALB, start=59510, stop=60562, strand=+, pfam-id=PF00155.24, length=354, aa-start=2, aa-stop=327, aa-cov=0.9, hmm-cov=1.0, evalue=4.0e-27, bitscore=87.9, name=Aminotran_1_2
19:02:58.740 - INFO - CDS - pfam detected: contig=VFMEEALB, start=50626, stop=51642, strand=+, pfam-id=PF00155.24, length=218, aa-start=129, aa-stop=317, aa-cov=0.6, hmm-cov=1.0, evalue=5.3e-23, bitscore=74.4, name=Aminotran_1_2
19:02:58.741 - INFO - CDS - pfam detected: contig=VFMEEALB, start=19485, stop=20456, strand=+, pfam-id=PF00266.22, length=372, aa-start=5, aa-stop=315, aa-cov=1.0, hmm-cov=1.0, evalue=1.1e-23, bitscore=76.4, name=Aminotran_5
19:02:58.763 - INFO - CDS - pfam detected: contig=VFMEEALB, start=25815, stop=27185, strand=-, pfam-id=PF14698.9, length=50, aa-start=357, aa-stop=406, aa-cov=0.1, hmm-cov=1.0, evalue=3.0e-10, bitscore=33.5, name=ASL_C2
19:02:58.774 - INFO - CDS - pfam detected: contig=VFMEEALB, start=63812, stop=65068, strand=-, pfam-id=PF06745.16, length=172, aa-start=170, aa-stop=339, aa-cov=0.4, hmm-cov=0.9, evalue=3.8e-09, bitscore=28.9, name=ATPase
19:02:58.775 - INFO - CDS - pfam detected: contig=VFMEEALB, start=42300, stop=45395, strand=+, pfam-id=PF15632.9, length=68, aa-start=795, aa-stop=862, aa-cov=0.1, hmm-cov=1.0, evalue=1.3e-14, bitscore=46.8, name=ATPgrasp_Ter
19:02:58.881 - INFO - CDS - pfam detected: contig=VFMEEALB, start=69718, stop=69996, strand=+, pfam-id=PF00166.24, length=92, aa-start=14, aa-stop=91, aa-cov=0.8, hmm-cov=1.0, evalue=6.8e-08, bitscore=25.2, name=Cpn10
19:02:58.882 - INFO - CDS - pfam detected: contig=VFMEEALB, start=42300, stop=45395, strand=+, pfam-id=PF02786.20, length=213, aa-start=124, aa-stop=331, aa-cov=0.2, hmm-cov=1.0, evalue=8.1e-64, bitscore=207.6, name=CPSase_L_D2
19:02:58.882 - INFO - CDS - pfam detected: contig=VFMEEALB, start=42300, stop=45395, strand=+, pfam-id=PF02787.22, length=76, aa-start=423, aa-stop=496, aa-cov=0.1, hmm-cov=1.0, evalue=1.4e-13, bitscore=43.4, name=CPSase_L_D3
19:02:58.882 - INFO - CDS - pfam detected: contig=VFMEEALB, start=41446, stop=42303, strand=+, pfam-id=PF00988.25, length=74, aa-start=2, aa-stop=75, aa-cov=0.3, hmm-cov=1.0, evalue=6.6e-15, bitscore=47.8, name=CPSase_sm_chain
19:02:58.896 - INFO - CDS - pfam detected: contig=VFMEEALB, start=78852, stop=79835, strand=+, pfam-id=PF00793.23, length=285, aa-start=33, aa-stop=313, aa-cov=0.9, hmm-cov=0.9, evalue=3.8e-64, bitscore=208.8, name=DAHP_synth_1
19:02:58.897 - INFO - CDS - pfam detected: contig=VFMEEALB, start=83351, stop=83971, strand=-, pfam-id=PF05173.17, length=110, aa-start=106, aa-stop=204, aa-cov=0.5, hmm-cov=1.0, evalue=5.7e-14, bitscore=44.9, name=DapB_C
19:02:58.898 - INFO - CDS - pfam detected: contig=VFMEEALB, start=83351, stop=83971, strand=-, pfam-id=PF01113.23, length=66, aa-start=35, aa-stop=98, aa-cov=0.3, hmm-cov=1.0, evalue=5.3e-11, bitscore=35.4, name=DapB_N
19:02:58.899 - INFO - CDS - pfam detected: contig=VFMEEALB, start=15765, stop=16475, strand=-, pfam-id=PF01678.22, length=77, aa-start=5, aa-stop=74, aa-cov=0.3, hmm-cov=1.0, evalue=1.8e-12, bitscore=40.2, name=DAP_epimerase
19:02:58.906 - INFO - CDS - pfam detected: contig=VFMEEALB, start=102714, stop=103763, strand=+, pfam-id=PF01761.23, length=262, aa-start=56, aa-stop=316, aa-cov=0.7, hmm-cov=1.0, evalue=2.0e-72, bitscore=236.1, name=DHQ_synthase
19:02:58.909 - INFO - CDS - pfam detected: contig=VFMEEALB, start=63812, stop=65068, strand=-, pfam-id=PF00772.24, length=101, aa-start=6, aa-stop=101, aa-cov=0.2, hmm-cov=1.0, evalue=8.1e-20, bitscore=63.6, name=DnaB
19:02:58.909 - INFO - CDS - pfam detected: contig=VFMEEALB, start=63812, stop=65068, strand=-, pfam-id=PF03796.18, length=253, aa-start=169, aa-stop=417, aa-cov=0.6, hmm-cov=1.0, evalue=7.5e-81, bitscore=263.8, name=DnaB_C
19:02:58.909 - INFO - CDS - pfam detected: contig=VFMEEALB, start=75592, stop=76560, strand=-, pfam-id=PF00226.34, length=62, aa-start=3, aa-stop=63, aa-cov=0.2, hmm-cov=1.0, evalue=3.7e-23, bitscore=74.2, name=DnaJ
19:02:58.909 - INFO - CDS - pfam detected: contig=VFMEEALB, start=75592, stop=76560, strand=-, pfam-id=PF01556.21, length=210, aa-start=100, aa-stop=302, aa-cov=0.6, hmm-cov=0.7, evalue=1.4e-30, bitscore=99.0, name=DnaJ_C
19:02:58.909 - INFO - CDS - pfam detected: contig=VFMEEALB, start=75592, stop=76560, strand=-, pfam-id=PF00684.22, length=65, aa-start=126, aa-stop=182, aa-cov=0.2, hmm-cov=1.0, evalue=4.8e-13, bitscore=42.0, name=DnaJ_CXXCXGXG
19:02:58.910 - INFO - CDS - pfam detected: contig=VFMEEALB, start=32835, stop=35684, strand=+, pfam-id=PF07733.15, length=245, aa-start=286, aa-stop=506, aa-cov=0.2, hmm-cov=1.0, evalue=2.4e-68, bitscore=223.1, name=DNA_pol3_alpha
19:02:58.910 - INFO - CDS - pfam detected: contig=VFMEEALB, start=47540, stop=48625, strand=+, pfam-id=PF13177.9, length=159, aa-start=18, aa-stop=175, aa-cov=0.4, hmm-cov=1.0, evalue=1.7e-30, bitscore=98.8, name=DNA_pol3_delta2
19:02:58.910 - INFO - CDS - pfam detected: contig=VFMEEALB, start=32835, stop=35684, strand=+, pfam-id=PF17657.4, length=148, aa-start=512, aa-stop=656, aa-cov=0.2, hmm-cov=1.0, evalue=7.6e-38, bitscore=122.1, name=DNA_pol3_finger
19:02:58.912 - INFO - CDS - pfam detected: contig=VFMEEALB, start=13661, stop=14149, strand=-, pfam-id=PF08123.16, length=58, aa-start=14, aa-stop=69, aa-cov=0.3, hmm-cov=1.0, evalue=1.7e-07, bitscore=23.6, name=DOT1
19:02:59.088 - INFO - CDS - pfam detected: contig=VFMEEALB, start=66762, stop=68030, strand=+, pfam-id=PF02421.21, length=122, aa-start=218, aa-stop=335, aa-cov=0.3, hmm-cov=1.0, evalue=3.8e-10, bitscore=32.2, name=FeoB_N
19:02:59.146 - INFO - CDS - pfam detected: contig=VFMEEALB, start=24033, stop=24611, strand=-, pfam-id=PF00117.31, length=193, aa-start=4, aa-stop=188, aa-cov=1.0, hmm-cov=1.0, evalue=3.7e-36, bitscore=117.3, name=GATase
19:02:59.147 - INFO - CDS - pfam detected: contig=VFMEEALB, start=41446, stop=42303, strand=+, pfam-id=PF00117.31, length=188, aa-start=122, aa-stop=281, aa-cov=0.6, hmm-cov=1.0, evalue=6.7e-22, bitscore=70.8, name=GATase
19:02:59.166 - INFO - CDS - pfam detected: contig=VFMEEALB, start=68027, stop=69700, strand=+, pfam-id=PF13932.9, length=75, aa-start=392, aa-stop=466, aa-cov=0.1, hmm-cov=1.0, evalue=6.5e-30, bitscore=97.5, name=GIDA_C
19:02:59.254 - INFO - CDS - pfam detected: contig=VFMEEALB, start=32835, stop=35684, strand=+, pfam-id=PF14579.9, length=85, aa-start=737, aa-stop=819, aa-cov=0.1, hmm-cov=1.0, evalue=2.5e-18, bitscore=58.8, name=HHH_6
19:02:59.290 - INFO - CDS - pfam detected: contig=VFMEEALB, start=22398, stop=23126, strand=-, pfam-id=PF00218.24, length=211, aa-start=31, aa-stop=239, aa-cov=0.9, hmm-cov=1.0, evalue=1.7e-37, bitscore=121.6, name=IGPS
19:02:59.317 - INFO - CDS - pfam detected: contig=VFMEEALB, start=94711, stop=95322, strand=+, pfam-id=PF07650.20, length=57, aa-start=53, aa-stop=105, aa-cov=0.3, hmm-cov=1.0, evalue=1.1e-10, bitscore=33.9, name=KH_2
19:02:59.352 - INFO - CDS - pfam detected: contig=VFMEEALB, start=25815, stop=27185, strand=-, pfam-id=PF00206.23, length=308, aa-start=7, aa-stop=291, aa-cov=0.6, hmm-cov=1.0, evalue=9.9e-53, bitscore=172.1, name=Lyase_1
19:02:59.411 - INFO - CDS - pfam detected: contig=VFMEEALB, start=35751, stop=36632, strand=+, pfam-id=PF02219.20, length=272, aa-start=33, aa-stop=287, aa-cov=0.9, hmm-cov=1.0, evalue=6.9e-22, bitscore=70.7, name=MTHFR
19:02:59.413 - INFO - CDS - pfam detected: contig=VFMEEALB, start=18712, stop=19290, strand=-, pfam-id=PF05175.17, length=134, aa-start=50, aa-stop=176, aa-cov=0.7, hmm-cov=1.0, evalue=4.4e-10, bitscore=32.1, name=MTS
19:02:59.485 - INFO - CDS - pfam detected: contig=VFMEEALB, start=101173, stop=102099, strand=-, pfam-id=PF02784.19, length=203, aa-start=2, aa-stop=189, aa-cov=0.6, hmm-cov=1.0, evalue=2.1e-32, bitscore=105.1, name=Orn_Arg_deC_N
19:02:59.485 - INFO - CDS - pfam detected: contig=VFMEEALB, start=101173, stop=102099, strand=-, pfam-id=PF00278.25, length=140, aa-start=141, aa-stop=278, aa-cov=0.4, hmm-cov=0.7, evalue=2.0e-17, bitscore=55.9, name=Orn_DAP_Arg_deC
19:02:59.486 - INFO - CDS - pfam detected: contig=VFMEEALB, start=54834, stop=55700, strand=+, pfam-id=PF00185.27, length=156, aa-start=150, aa-stop=283, aa-cov=0.5, hmm-cov=1.0, evalue=1.0e-28, bitscore=93.1, name=OTCace
19:02:59.486 - INFO - CDS - pfam detected: contig=VFMEEALB, start=54834, stop=55700, strand=+, pfam-id=PF02729.24, length=143, aa-start=12, aa-stop=142, aa-cov=0.5, hmm-cov=1.0, evalue=6.3e-36, bitscore=116.3, name=OTCace_N
19:02:59.516 - INFO - CDS - pfam detected: contig=VFMEEALB, start=21772, stop=22410, strand=-, pfam-id=PF03462.21, length=92, aa-start=3, aa-stop=94, aa-cov=0.4, hmm-cov=1.0, evalue=1.0e-27, bitscore=89.9, name=PCRF
19:02:59.529 - INFO - CDS - pfam detected: contig=VFMEEALB, start=24033, stop=24611, strand=-, pfam-id=PF07722.16, length=117, aa-start=73, aa-stop=171, aa-cov=0.5, hmm-cov=1.0, evalue=1.0e-11, bitscore=37.6, name=Peptidase_C26
19:02:59.540 - INFO - CDS - pfam detected: contig=VFMEEALB, start=13059, stop=13505, strand=+, pfam-id=PF01327.24, length=154, aa-start=2, aa-stop=145, aa-cov=1.0, hmm-cov=1.0, evalue=1.7e-24, bitscore=78.9, name=Pep_deformylase
19:02:59.607 - INFO - CDS - pfam detected: contig=VFMEEALB, start=37619, stop=38185, strand=+, pfam-id=PF00697.25, length=145, aa-start=43, aa-stop=182, aa-cov=0.7, hmm-cov=0.9, evalue=3.0e-12, bitscore=39.3, name=PRAI
19:02:59.612 - INFO - CDS - pfam detected: contig=VFMEEALB, start=17379, stop=18302, strand=+, pfam-id=PF13793.9, length=91, aa-start=34, aa-stop=123, aa-cov=0.3, hmm-cov=1.0, evalue=1.3e-12, bitscore=40.5, name=Pribosyltran_N
19:02:59.613 - INFO - CDS - pfam detected: contig=VFMEEALB, start=17379, stop=18302, strand=+, pfam-id=PF14572.9, length=78, aa-start=220, aa-stop=294, aa-cov=0.2, hmm-cov=1.0, evalue=8.6e-12, bitscore=38.0, name=Pribosyl_synth
19:02:59.634 - INFO - CDS - pfam detected: contig=VFMEEALB, start=68027, stop=69700, strand=+, pfam-id=PF07992.17, length=153, aa-start=3, aa-stop=151, aa-cov=0.3, hmm-cov=0.7, evalue=5.8e-10, bitscore=31.5, name=Pyr_redox_2
19:02:59.669 - INFO - CDS - pfam detected: contig=VFMEEALB, start=2010, stop=2354, strand=+, pfam-id=PF00542.22, length=65, aa-start=49, aa-stop=113, aa-cov=0.6, hmm-cov=1.0, evalue=1.0e-12, bitscore=41.0, name=Ribosomal_L12
19:02:59.672 - INFO - CDS - pfam detected: contig=VFMEEALB, start=94395, stop=94733, strand=+, pfam-id=PF00237.22, length=92, aa-start=11, aa-stop=100, aa-cov=0.8, hmm-cov=1.0, evalue=1.6e-09, bitscore=30.7, name=Ribosomal_L22
19:02:59.672 - INFO - CDS - pfam detected: contig=VFMEEALB, start=99086, stop=99199, strand=+, pfam-id=PF00444.21, length=38, aa-start=1, aa-stop=37, aa-cov=1.0, hmm-cov=1.0, evalue=4.1e-16, bitscore=51.6, name=Ribosomal_L36
19:02:59.675 - INFO - CDS - pfam detected: contig=VFMEEALB, start=96274, stop=96825, strand=+, pfam-id=PF00281.22, length=55, aa-start=28, aa-stop=80, aa-cov=0.3, hmm-cov=1.0, evalue=2.1e-15, bitscore=49.5, name=Ribosomal_L5
19:02:59.675 - INFO - CDS - pfam detected: contig=VFMEEALB, start=96274, stop=96825, strand=+, pfam-id=PF00673.24, length=94, aa-start=86, aa-stop=179, aa-cov=0.5, hmm-cov=1.0, evalue=4.9e-25, bitscore=80.3, name=Ribosomal_L5_C
19:02:59.675 - INFO - CDS - pfam detected: contig=VFMEEALB, start=12583, stop=12870, strand=+, pfam-id=PF00338.25, length=94, aa-start=3, aa-stop=92, aa-cov=0.9, hmm-cov=1.0, evalue=1.4e-17, bitscore=56.4, name=Ribosomal_S10
19:02:59.677 - INFO - CDS - pfam detected: contig=VFMEEALB, start=95704, stop=95943, strand=+, pfam-id=PF00366.23, length=60, aa-start=9, aa-stop=68, aa-cov=0.8, hmm-cov=1.0, evalue=9.1e-10, bitscore=31.3, name=Ribosomal_S17
19:02:59.677 - INFO - CDS - pfam detected: contig=VFMEEALB, start=94711, stop=95322, strand=+, pfam-id=PF00189.23, length=82, aa-start=118, aa-stop=199, aa-cov=0.4, hmm-cov=1.0, evalue=7.7e-25, bitscore=80.0, name=Ribosomal_S3_C
19:02:59.677 - INFO - CDS - pfam detected: contig=VFMEEALB, start=98239, stop=98643, strand=+, pfam-id=PF00333.23, length=62, aa-start=4, aa-stop=64, aa-cov=0.5, hmm-cov=1.0, evalue=1.4e-12, bitscore=40.2, name=Ribosomal_S5
19:02:59.677 - INFO - CDS - pfam detected: contig=VFMEEALB, start=98239, stop=98643, strand=+, pfam-id=PF03719.18, length=41, aa-start=91, aa-stop=131, aa-cov=0.3, hmm-cov=1.0, evalue=1.2e-08, bitscore=27.1, name=Ribosomal_S5_C
19:02:59.677 - INFO - CDS - pfam detected: contig=VFMEEALB, start=10077, stop=10547, strand=+, pfam-id=PF00177.24, length=150, aa-start=1, aa-stop=149, aa-cov=1.0, hmm-cov=1.0, evalue=4.1e-35, bitscore=113.3, name=Ribosomal_S7
19:02:59.677 - INFO - CDS - pfam detected: contig=VFMEEALB, start=97099, stop=97449, strand=+, pfam-id=PF00410.22, length=111, aa-start=8, aa-stop=112, aa-cov=0.9, hmm-cov=0.9, evalue=4.3e-10, bitscore=32.3, name=Ribosomal_S8
19:02:59.689 - INFO - CDS - pfam detected: contig=VFMEEALB, start=6129, stop=9728, strand=+, pfam-id=PF04997.15, length=352, aa-start=2, aa-stop=327, aa-cov=0.3, hmm-cov=0.9, evalue=2.4e-72, bitscore=236.5, name=RNA_pol_Rpb1_1
19:02:59.689 - INFO - CDS - pfam detected: contig=VFMEEALB, start=6129, stop=9728, strand=+, pfam-id=PF00623.23, length=84, aa-start=385, aa-stop=468, aa-cov=0.1, hmm-cov=1.0, evalue=2.9e-35, bitscore=114.6, name=RNA_pol_Rpb1_2
19:02:59.689 - INFO - CDS - pfam detected: contig=VFMEEALB, start=6129, stop=9728, strand=+, pfam-id=PF04983.21, length=164, aa-start=474, aa-stop=614, aa-cov=0.1, hmm-cov=1.0, evalue=1.4e-19, bitscore=63.3, name=RNA_pol_Rpb1_3
19:02:59.690 - INFO - CDS - pfam detected: contig=VFMEEALB, start=6129, stop=9728, strand=+, pfam-id=PF05000.20, length=71, aa-start=648, aa-stop=718, aa-cov=0.1, hmm-cov=0.9, evalue=2.7e-08, bitscore=26.4, name=RNA_pol_Rpb1_4
19:02:59.690 - INFO - CDS - pfam detected: contig=VFMEEALB, start=6129, stop=9728, strand=+, pfam-id=PF04998.20, length=396, aa-start=734, aa-stop=1111, aa-cov=0.3, hmm-cov=0.6, evalue=1.3e-57, bitscore=187.9, name=RNA_pol_Rpb1_5
19:02:59.691 - INFO - CDS - pfam detected: contig=VFMEEALB, start=2347, stop=6132, strand=+, pfam-id=PF04565.19, length=69, aa-start=463, aa-stop=531, aa-cov=0.1, hmm-cov=1.0, evalue=4.6e-27, bitscore=86.8, name=RNA_pol_Rpb2_3
19:02:59.691 - INFO - CDS - pfam detected: contig=VFMEEALB, start=2347, stop=6132, strand=+, pfam-id=PF00562.31, length=500, aa-start=693, aa-stop=1184, aa-cov=0.4, hmm-cov=0.7, evalue=2.1e-96, bitscore=315.9, name=RNA_pol_Rpb2_6
19:02:59.692 - INFO - CDS - pfam detected: contig=VFMEEALB, start=2347, stop=6132, strand=+, pfam-id=PF04560.23, length=84, aa-start=1187, aa-stop=1260, aa-cov=0.1, hmm-cov=1.0, evalue=1.4e-23, bitscore=75.9, name=RNA_pol_Rpb2_7
19:02:59.696 - INFO - CDS - pfam detected: contig=VFMEEALB, start=13661, stop=14149, strand=-, pfam-id=PF00398.23, length=183, aa-start=6, aa-stop=159, aa-cov=1.0, hmm-cov=1.0, evalue=3.1e-21, bitscore=68.2, name=RrnaAD
19:02:59.703 - INFO - CDS - pfam detected: contig=VFMEEALB, start=72796, stop=73920, strand=+, pfam-id=PF00575.26, length=73, aa-start=170, aa-stop=241, aa-cov=0.2, hmm-cov=1.0, evalue=1.7e-20, bitscore=65.9, name=S1
19:02:59.704 - INFO - CDS - pfam detected: contig=VFMEEALB, start=99876, stop=100391, strand=+, pfam-id=PF01479.28, length=46, aa-start=78, aa-stop=123, aa-cov=0.3, hmm-cov=1.0, evalue=4.5e-12, bitscore=38.3, name=S4
19:02:59.717 - INFO - CDS - pfam detected: contig=VFMEEALB, start=36625, stop=37626, strand=+, pfam-id=PF01118.27, length=120, aa-start=5, aa-stop=109, aa-cov=0.3, hmm-cov=1.0, evalue=1.4e-08, bitscore=27.9, name=Semialdhyde_dh
19:02:59.717 - INFO - CDS - pfam detected: contig=VFMEEALB, start=36625, stop=37626, strand=+, pfam-id=PF02774.21, length=188, aa-start=134, aa-stop=315, aa-cov=0.5, hmm-cov=1.0, evalue=1.3e-33, bitscore=109.2, name=Semialdhyde_dhC
19:02:59.728 - INFO - CDS - pfam detected: contig=VFMEEALB, start=31371, stop=32639, strand=+, pfam-id=PF04542.17, length=66, aa-start=212, aa-stop=277, aa-cov=0.2, hmm-cov=1.0, evalue=1.2e-19, bitscore=62.7, name=Sigma70_r2
19:02:59.728 - INFO - CDS - pfam detected: contig=VFMEEALB, start=31371, stop=32639, strand=+, pfam-id=PF04545.19, length=53, aa-start=354, aa-stop=406, aa-cov=0.1, hmm-cov=0.9, evalue=1.1e-19, bitscore=62.4, name=Sigma70_r4
19:02:59.762 - INFO - CDS - pfam detected: contig=VFMEEALB, start=17032, stop=17364, strand=-, pfam-id=PF00436.28, length=103, aa-start=4, aa-stop=95, aa-cov=0.8, hmm-cov=1.0, evalue=5.7e-19, bitscore=60.9, name=SSB
19:02:59.844 - INFO - CDS - pfam detected: contig=VFMEEALB, start=30408, stop=31340, strand=+, pfam-id=PF13662.9, length=74, aa-start=150, aa-stop=212, aa-cov=0.2, hmm-cov=1.0, evalue=8.1e-13, bitscore=41.4, name=Toprim_4
19:02:59.845 - INFO - CDS - pfam detected: contig=VFMEEALB, start=30408, stop=31340, strand=+, pfam-id=PF08275.14, length=116, aa-start=35, aa-stop=139, aa-cov=0.3, hmm-cov=1.0, evalue=8.4e-15, bitscore=47.7, name=Toprim_N
19:02:59.858 - INFO - CDS - pfam detected: contig=VFMEEALB, start=27337, stop=28587, strand=-, pfam-id=PF00749.24, length=315, aa-start=4, aa-stop=299, aa-cov=0.7, hmm-cov=1.0, evalue=1.2e-41, bitscore=135.2, name=tRNA-synt_1c
19:02:59.858 - INFO - CDS - pfam detected: contig=VFMEEALB, start=65772, stop=66677, strand=-, pfam-id=PF00749.24, length=122, aa-start=57, aa-stop=177, aa-cov=0.4, hmm-cov=1.0, evalue=8.7e-13, bitscore=40.4, name=tRNA-synt_1c
19:02:59.858 - INFO - CDS - pfam detected: contig=VFMEEALB, start=20453, stop=21775, strand=-, pfam-id=PF00152.23, length=358, aa-start=113, aa-stop=438, aa-cov=0.7, hmm-cov=0.9, evalue=1.3e-56, bitscore=184.6, name=tRNA-synt_2
19:02:59.858 - INFO - CDS - pfam detected: contig=VFMEEALB, start=20453, stop=21775, strand=-, pfam-id=PF01409.23, length=57, aa-start=201, aa-stop=255, aa-cov=0.1, hmm-cov=1.0, evalue=1.2e-08, bitscore=27.3, name=tRNA-synt_2d
19:02:59.858 - INFO - CDS - pfam detected: contig=VFMEEALB, start=20453, stop=21775, strand=-, pfam-id=PF01336.28, length=75, aa-start=28, aa-stop=95, aa-cov=0.2, hmm-cov=1.0, evalue=1.8e-13, bitscore=43.0, name=tRNA_anti-codon
19:02:59.858 - INFO - CDS - pfam detected: contig=VFMEEALB, start=79818, stop=80783, strand=-, pfam-id=PF03054.19, length=201, aa-start=4, aa-stop=190, aa-cov=0.6, hmm-cov=1.0, evalue=4.0e-36, bitscore=117.2, name=tRNA_Me_trans
19:02:59.903 - INFO - CDS - predicted-pfams=82, CDS-w/-pfams=50
19:02:59.961 - INFO - S_ORF - predicted=831
19:03:00.018 - INFO - S_ORF - sORF filter: # valid=33, # discarded=798
19:03:00.045 - INFO - ORF - discarded=0
19:03:00.065 - INFO - UPS - looked-up=0
19:03:00.065 - INFO - IPS - looked-up=0
19:03:00.066 - INFO - ORF - write internal aa seqs: # seqs=33, path=/tmp/tmpq14vuk10/sorf.faa
19:03:00.132 - INFO - S_ORF - found=0
19:03:00.132 - INFO - PSC - looked-up=0
19:03:00.132 - INFO - PSCC - looked-up=0
19:03:00.616 - INFO - ORI - predicted=0
19:03:00.676 - INFO - ORI - predicted=0
19:03:00.676 - INFO - ANNOTATION - overlap: CDS (None/hypothetical protein) [13059, 13505] overlapping tRNA (trnF) [13480, 13551], [13480,13505], contig=VFMEEALB
19:03:00.676 - INFO - ANNOTATION - overlap: CDS (None/hypothetical protein) [17379, 18302] overlapping tRNA (trnQ) [17365, 17436], [17379,17436], contig=VFMEEALB
19:03:00.676 - INFO - ANNOTATION - overlap: CDS (None/hypothetical protein) [31371, 32639] overlapping tRNA (None) [32630, 32833], [32630,32639], contig=VFMEEALB
19:03:00.676 - INFO - ANNOTATION - overlap: CDS (None/hypothetical protein) [32835, 35684] overlapping tRNA (trnL) [35670, 35742], [35670,35684], contig=VFMEEALB
19:03:00.676 - INFO - ANNOTATION - overlap: CDS (None/hypothetical protein) [35751, 36632] overlapping tRNA (trnS) [35744, 35834], [35751,35834], contig=VFMEEALB
19:03:00.676 - INFO - ANNOTATION - overlap: CDS (None/hypothetical protein) [40120, 40317] overlapping tRNA (trnN) [40310, 40381], [40310,40317], contig=VFMEEALB
19:03:00.676 - INFO - ANNOTATION - overlap: CDS (clpX/ATP-dependent Clp protease ATP-binding subunit ClpX) [45946, 47121] overlapping tRNA (trnV) [47120, 47192], [47120,47121], contig=VFMEEALB
19:03:00.676 - INFO - ANNOTATION - overlap: CDS (None/hypothetical protein) [47134, 47538] overlapping tRNA (trnV) [47120, 47192], [47134,47192], contig=VFMEEALB
19:03:00.676 - INFO - ANNOTATION - overlap: CDS (None/hypothetical protein) [48817, 49407] overlapping tRNA (trnR) [48768, 48841], [48817,48841], contig=VFMEEALB
19:03:00.676 - INFO - ANNOTATION - overlap: CDS (None/hypothetical protein) [54466, 54723] overlapping tRNA (trnT) [54714, 54784], [54714,54723], contig=VFMEEALB
19:03:00.676 - INFO - ANNOTATION - overlap: CDS (None/hypothetical protein) [54834, 55700] overlapping tRNA (trnK) [55687, 55758], [55687,55700], contig=VFMEEALB
19:03:00.676 - INFO - ANNOTATION - overlap: CDS (None/hypothetical protein) [55749, 56093] overlapping tRNA (trnK) [55687, 55758], [55749,55758], contig=VFMEEALB
19:03:00.676 - INFO - ANNOTATION - overlap: CDS (None/argininosuccinate synthase) [86356, 87576] overlapping rRNA (rrf) [87575, 87681], [87575,87576], contig=VFMEEALB
19:03:00.676 - INFO - ANNOTATION - overlap: CDS (None/hypothetical protein) [102714, 103763] overlapping tRNA (trnY) [103762, 103844], [103762,103763], contig=VFMEEALB
19:03:00.677 - INFO - UTILS - generated sequence tag prefix: prefix=CKLBGGNHNO, length=10, MD5=C45B0071781A99D096C2FC9DBDAED43B
19:03:00.677 - INFO - MAIN - selected features=129
19:03:00.677 - INFO - UTILS - generated sequence tag prefix: prefix=CKLBGG, length=6, MD5=C45B0071781A99D096C2FC9DBDAED43B
19:03:00.677 - INFO - MAIN - locus tag prefix=CKLBGG
19:03:00.677 - INFO - UTILS - genome-size=104008
19:03:00.677 - INFO - UTILS - GC=0.166
19:03:00.677 - INFO - UTILS - N=0.000
19:03:00.677 - INFO - UTILS - N50=104008
19:03:00.677 - INFO - UTILS - coding-ratio=0.870
19:03:00.677 - INFO - TSV - write tsv: path=/home/diego/Documents/metagenomes/annotation_symbio_merge/annotation_Beta/genomes/annotation_bakta/bakta_VFMEEALB/VFMEEALB.tsv
19:03:00.677 - INFO - GFF - write GFF3: path=/home/diego/Documents/metagenomes/annotation_symbio_merge/annotation_Beta/genomes/annotation_bakta/bakta_VFMEEALB/VFMEEALB.gff3
19:03:00.679 - INFO - INSDC - write GenBank: path=/home/diego/Documents/metagenomes/annotation_symbio_merge/annotation_Beta/genomes/annotation_bakta/bakta_VFMEEALB/VFMEEALB.gbff
19:03:00.683 - INFO - INSDC - write EMBL: path=/home/diego/Documents/metagenomes/annotation_symbio_merge/annotation_Beta/genomes/annotation_bakta/bakta_VFMEEALB/VFMEEALB.embl
19:03:00.687 - INFO - FASTA - write genome sequences: path=/home/diego/Documents/metagenomes/annotation_symbio_merge/annotation_Beta/genomes/annotation_bakta/bakta_VFMEEALB/VFMEEALB.fna, description=True, wrap=True
19:03:00.688 - INFO - FASTA - write feature nucleotide sequences: path=/home/diego/Documents/metagenomes/annotation_symbio_merge/annotation_Beta/genomes/annotation_bakta/bakta_VFMEEALB/VFMEEALB.ffn
19:03:00.688 - INFO - FASTA - write translated CDS/sORF: path=/home/diego/Documents/metagenomes/annotation_symbio_merge/annotation_Beta/genomes/annotation_bakta/bakta_VFMEEALB/VFMEEALB.faa
19:03:00.706 - INFO - PLOT - write circular genome plot: file-name=VFMEEALB, output-dir=/home/diego/Documents/metagenomes/annotation_symbio_merge/annotation_Beta/genomes/annotation_bakta/bakta_VFMEEALB
19:03:03.806 - INFO - TSV - write hypothetical tsv: path=/home/diego/Documents/metagenomes/annotation_symbio_merge/annotation_Beta/genomes/annotation_bakta/bakta_VFMEEALB/VFMEEALB.hypotheticals.tsv
19:03:03.806 - INFO - FASTA - write translated CDS/sORF: path=/home/diego/Documents/metagenomes/annotation_symbio_merge/annotation_Beta/genomes/annotation_bakta/bakta_VFMEEALB/VFMEEALB.hypotheticals.faa
19:03:03.806 - INFO - JSON - write JSON: path=/home/diego/Documents/metagenomes/annotation_symbio_merge/annotation_Beta/genomes/annotation_bakta/bakta_VFMEEALB/VFMEEALB.json
19:03:03.810 - INFO - MAIN - removed tmp dir: /tmp/tmpq14vuk10
