[18:12:26] This is prokka 1.14.6
[18:12:26] Written by Torsten Seemann <torsten.seemann@gmail.com>
[18:12:26] Homepage is https://github.com/tseemann/prokka
[18:12:26] Local time is Tue Nov  8 18:12:26 2022
[18:12:26] You are diego
[18:12:26] Operating system is linux
[18:12:26] You have BioPerl 1.007002
[18:12:26] System has 12 cores.
[18:12:26] Will use maximum of 8 cores.
[18:12:26] Annotating as >>> Bacteria <<<
[18:12:26] Enabling options to ensure Genbank/ENA/DDJB submission compliance.
[18:12:26] Re-using existing --outdir ../annotation_prokka_pseudofinder/prokka_SMHYALUT_pseudofinder
[18:12:26] Using filename prefix: SMHYALUT.XXX
[18:12:26] Setting HMMER_NCPU=1
[18:12:26] Writing log to: ../annotation_prokka_pseudofinder/prokka_SMHYALUT_pseudofinder/SMHYALUT.log
[18:12:26] Command: /home/diego/miniconda3/envs/prokka_env/bin/prokka SMHYALUT.fasta --prefix SMHYALUT --locustag SMHYALUT --compliant --rfam --outdir ../annotation_prokka_pseudofinder/prokka_SMHYALUT_pseudofinder -force
[18:12:26] Appending to PATH: /home/diego/miniconda3/envs/prokka_env/bin
[18:12:26] Looking for 'aragorn' - found /home/diego/miniconda3/envs/prokka_env/bin/aragorn
[18:12:26] Determined aragorn version is 001002 from 'ARAGORN v1.2.38 Dean Laslett'
[18:12:26] Looking for 'barrnap' - found /home/diego/miniconda3/envs/prokka_env/bin/barrnap
[18:12:26] Determined barrnap version is 000009 from 'barrnap 0.9'
[18:12:26] Looking for 'blastp' - found /home/diego/miniconda3/envs/prokka_env/bin/blastp
[18:12:26] Determined blastp version is 002010 from 'blastp: 2.10.1+'
[18:12:26] Looking for 'cmpress' - found /home/diego/miniconda3/envs/prokka_env/bin/cmpress
[18:12:26] Determined cmpress version is 001001 from '# INFERNAL 1.1.3 (Nov 2019)'
[18:12:26] Looking for 'cmscan' - found /home/diego/miniconda3/envs/prokka_env/bin/cmscan
[18:12:26] Determined cmscan version is 001001 from '# INFERNAL 1.1.3 (Nov 2019)'
[18:12:26] Looking for 'egrep' - found /usr/bin/egrep
[18:12:26] Looking for 'find' - found /usr/bin/find
[18:12:26] Looking for 'grep' - found /usr/bin/grep
[18:12:26] Looking for 'hmmpress' - found /home/diego/miniconda3/envs/prokka_env/bin/hmmpress
[18:12:26] Determined hmmpress version is 003003 from '# HMMER 3.3.2 (Nov 2020); http://hmmer.org/'
[18:12:26] Looking for 'hmmscan' - found /home/diego/miniconda3/envs/prokka_env/bin/hmmscan
[18:12:26] Determined hmmscan version is 003003 from '# HMMER 3.3.2 (Nov 2020); http://hmmer.org/'
[18:12:26] Looking for 'java' - found /home/diego/miniconda3/envs/prokka_env/bin/java
[18:12:26] Looking for 'makeblastdb' - found /home/diego/miniconda3/envs/prokka_env/bin/makeblastdb
[18:12:26] Determined makeblastdb version is 002010 from 'makeblastdb: 2.10.1+'
[18:12:26] Looking for 'minced' - found /home/diego/miniconda3/envs/prokka_env/bin/minced
[18:12:26] Determined minced version is 004002 from 'minced 0.4.2'
[18:12:26] Looking for 'parallel' - found /home/diego/miniconda3/envs/prokka_env/bin/parallel
[18:12:26] Determined parallel version is 20201122 from 'GNU parallel 20201122'
[18:12:26] Looking for 'prodigal' - found /home/diego/miniconda3/envs/prokka_env/bin/prodigal
[18:12:26] Determined prodigal version is 002006 from 'Prodigal V2.6.3: February, 2016'
[18:12:26] Looking for 'prokka-genbank_to_fasta_db' - found /home/diego/miniconda3/envs/prokka_env/bin/prokka-genbank_to_fasta_db
[18:12:26] Looking for 'rnammer' - found /home/diego/rnammer-1.2.src/rnammer
[18:12:26] Determined rnammer version is 001002 from 'This rnammer 1.2, running from '/home/diego/rnammer-1.2.src/''
[18:12:26] Looking for 'sed' - found /usr/bin/sed
[18:12:26] Looking for 'tbl2asn' - found /home/diego/tbl2asn
[18:12:26] Determined tbl2asn version is 025008 from 'tbl2asn 25.8   arguments:'
[18:12:26] Using genetic code table 11.
[18:12:26] Loading and checking input file: SMHYALUT.fasta
[18:12:26] Wrote 1 contigs totalling 159741 bp.
[18:12:26] Predicting tRNAs and tmRNAs
[18:12:26] Running: aragorn -l -gc11  -w \.\.\/annotation_prokka_pseudofinder\/prokka_SMHYALUT_pseudofinder\/SMHYALUT\.fna
[18:12:27] 1 tRNA-Met [16276,16349] 34 (cat)
[18:12:27] 2 tRNA-Asn c[19845,19921] 37 (gtt)
[18:12:27] 3 tRNA-Cys c[27673,27743] 33 (gca)
[18:12:27] 4 tmRNA c[30927,31206] 100,129 ETKNYSLAA*
[18:12:27] 5 tRNA-Met c[31812,31886] 36 (cat)
[18:12:27] 6 tRNA-Leu [36715,36800] 36 (tag)
[18:12:27] 7 tRNA-Leu [36820,36904] 35 (caa)
[18:12:27] 8 tRNA-Ser [42174,42256] 35 (gct)
[18:12:27] 9 tRNA-Pro [42258,42332] 36 (tgg)
[18:12:27] 10 tRNA-Arg [42340,42414] 35 (tct)
[18:12:27] 11 tRNA-Ser c[47095,47179] 35 (tga)
[18:12:27] 12 tRNA-Lys [51066,51138] 34 (ttt)
[18:12:27] 13 tRNA-Asp c[51144,51217] 35 (gtc)
[18:12:27] 14 tRNA-Val c[55122,55196] 36 (tac)
[18:12:27] 15 tRNA-Leu c[69055,69138] 35 (taa)
[18:12:27] 16 tRNA-Gly c[69187,69258] 33 (gcc)
[18:12:27] 17 tRNA-Ala c[78134,78209] 36 (tgc)
[18:12:27] 18 tRNA-Ile c[78213,78286] 35 (gat)
[18:12:27] 19 tRNA-Thr [82290,82363] 35 (tgt)
[18:12:27] 20 tRNA-Tyr [82383,82464] 35 (gta)
[18:12:27] 21 tRNA-Gly [82481,82553] 34 (tcc)
[18:12:27] 22 tRNA-Thr [82560,82634] 35 (ggt)
[18:12:27] 23 tRNA-Trp [83849,83921] 34 (cca)
[18:12:27] 24 tRNA-His [95293,95367] 35 (gtg)
[18:12:27] 25 tRNA-Phe [96814,96908] 35 (aaa)
[18:12:27] 26 tRNA-Phe c[98076,98148] 35 (gaa)
[18:12:27] 27 tRNA-Leu c[109944,110017] 35 (gag)
[18:12:27] 28 tRNA-Met [110235,110310] 36 (cat)
[18:12:27] 29 tRNA-Glu c[122859,122932] 35 (ttc)
[18:12:27] 30 tRNA-Gln [123333,123403] 33 (ttg)
[18:12:27] 31 tRNA-Arg c[149492,149565] 35 (acg)
[18:12:27] Found 31 tRNAs
[18:12:27] Predicting Ribosomal RNAs
[18:12:27] Running Barrnap with 8 threads
[18:12:27] 1 gnl|Prokka|SMHYALUT_1 75076 5S ribosomal RNA
[18:12:27] 2 gnl|Prokka|SMHYALUT_1 75241 23S ribosomal RNA
[18:12:27] 3 gnl|Prokka|SMHYALUT_1 78333 16S ribosomal RNA
[18:12:27] Found 3 rRNAs
[18:12:27] Scanning for ncRNAs... please be patient.
[18:12:27] Running: cmscan -Z 0.319482 --cut_ga --rfam --nohmmonly --fmt 2 --cpu 8 --tblout /dev/stdout -o /dev/null --noali /home/diego/miniconda3/envs/prokka_env/db/cm/Bacteria \.\.\/annotation_prokka_pseudofinder\/prokka_SMHYALUT_pseudofinder\/SMHYALUT\.fna
[18:12:33] 1 ncRNA 1 gnl|Prokka|SMHYALUT_1 1..367
[18:12:33] Found 1 ncRNAs.
[18:12:33] Total of 33 tRNA + rRNA features
[18:12:33] Searching for CRISPR repeats
[18:12:33] Found 0 CRISPRs
[18:12:33] Predicting coding sequences
[18:12:33] Contigs total 159741 bp, so using single mode
[18:12:33] Running: prodigal -i \.\.\/annotation_prokka_pseudofinder\/prokka_SMHYALUT_pseudofinder\/SMHYALUT\.fna -c -m -g 11 -p single -f sco -q
[18:12:33] Excluding CDS which overlaps existing RNA (tRNA) at gnl|Prokka|SMHYALUT_1:36827..37048 on + strand
[18:12:33] Excluding CDS which overlaps existing RNA (rRNA) at gnl|Prokka|SMHYALUT_1:75366..75764 on + strand
[18:12:33] Excluding CDS which overlaps existing RNA (tRNA) at gnl|Prokka|SMHYALUT_1:95897..97132 on - strand
[18:12:33] Found 151 CDS
[18:12:33] Connecting features back to sequences
[18:12:33] Not using genus-specific database. Try --usegenus to enable it.
[18:12:33] Annotating CDS, please be patient.
[18:12:33] Will use 8 CPUs for similarity searching.
[18:12:33] There are still 151 unannotated CDS left (started with 151)
[18:12:33] Will use blast to search against /home/diego/miniconda3/envs/prokka_env/db/kingdom/Bacteria/IS with 8 CPUs
[18:12:33] Running: cat \.\.\/annotation_prokka_pseudofinder\/prokka_SMHYALUT_pseudofinder\/SMHYALUT\.IS\.tmp\.46608\.faa | parallel --gnu --plain -j 8 --block 2984 --recstart '>' --pipe blastp -query - -db /home/diego/miniconda3/envs/prokka_env/db/kingdom/Bacteria/IS -evalue 1e-30 -qcov_hsp_perc 90 -num_threads 1 -num_descriptions 1 -num_alignments 1 -seg no > \.\.\/annotation_prokka_pseudofinder\/prokka_SMHYALUT_pseudofinder\/SMHYALUT\.IS\.tmp\.46608\.blast 2> /dev/null
[18:12:34] Deleting unwanted file: ../annotation_prokka_pseudofinder/prokka_SMHYALUT_pseudofinder/SMHYALUT.IS.tmp.46608.faa
[18:12:34] Deleting unwanted file: ../annotation_prokka_pseudofinder/prokka_SMHYALUT_pseudofinder/SMHYALUT.IS.tmp.46608.blast
[18:12:34] There are still 151 unannotated CDS left (started with 151)
[18:12:34] Will use blast to search against /home/diego/miniconda3/envs/prokka_env/db/kingdom/Bacteria/AMR with 8 CPUs
[18:12:34] Running: cat \.\.\/annotation_prokka_pseudofinder\/prokka_SMHYALUT_pseudofinder\/SMHYALUT\.AMR\.tmp\.46608\.faa | parallel --gnu --plain -j 8 --block 2984 --recstart '>' --pipe blastp -query - -db /home/diego/miniconda3/envs/prokka_env/db/kingdom/Bacteria/AMR -evalue 9.99999999999999e-301 -qcov_hsp_perc 90 -num_threads 1 -num_descriptions 1 -num_alignments 1 -seg no > \.\.\/annotation_prokka_pseudofinder\/prokka_SMHYALUT_pseudofinder\/SMHYALUT\.AMR\.tmp\.46608\.blast 2> /dev/null
[18:12:35] Deleting unwanted file: ../annotation_prokka_pseudofinder/prokka_SMHYALUT_pseudofinder/SMHYALUT.AMR.tmp.46608.faa
[18:12:35] Deleting unwanted file: ../annotation_prokka_pseudofinder/prokka_SMHYALUT_pseudofinder/SMHYALUT.AMR.tmp.46608.blast
[18:12:35] There are still 151 unannotated CDS left (started with 151)
[18:12:35] Will use blast to search against /home/diego/miniconda3/envs/prokka_env/db/kingdom/Bacteria/sprot with 8 CPUs
[18:12:35] Running: cat \.\.\/annotation_prokka_pseudofinder\/prokka_SMHYALUT_pseudofinder\/SMHYALUT\.sprot\.tmp\.46608\.faa | parallel --gnu --plain -j 8 --block 2984 --recstart '>' --pipe blastp -query - -db /home/diego/miniconda3/envs/prokka_env/db/kingdom/Bacteria/sprot -evalue 1e-09 -qcov_hsp_perc 80 -num_threads 1 -num_descriptions 1 -num_alignments 1 -seg no > \.\.\/annotation_prokka_pseudofinder\/prokka_SMHYALUT_pseudofinder\/SMHYALUT\.sprot\.tmp\.46608\.blast 2> /dev/null
[18:12:38] Modify product: Probable ATP-dependent transporter SufC => putative ATP-dependent transporter SufC
[18:12:38] Cleaned 1 /product names
[18:12:38] Deleting unwanted file: ../annotation_prokka_pseudofinder/prokka_SMHYALUT_pseudofinder/SMHYALUT.sprot.tmp.46608.faa
[18:12:38] Deleting unwanted file: ../annotation_prokka_pseudofinder/prokka_SMHYALUT_pseudofinder/SMHYALUT.sprot.tmp.46608.blast
[18:12:38] There are still 41 unannotated CDS left (started with 151)
[18:12:38] Will use hmmer3 to search against /home/diego/miniconda3/envs/prokka_env/db/hmm/HAMAP.hmm with 8 CPUs
[18:12:38] Running: cat \.\.\/annotation_prokka_pseudofinder\/prokka_SMHYALUT_pseudofinder\/SMHYALUT\.HAMAP\.hmm\.tmp\.46608\.faa | parallel --gnu --plain -j 8 --block 463 --recstart '>' --pipe hmmscan --noali --notextw --acc -E 1e-09 --cpu 1 /home/diego/miniconda3/envs/prokka_env/db/hmm/HAMAP.hmm /dev/stdin > \.\.\/annotation_prokka_pseudofinder\/prokka_SMHYALUT_pseudofinder\/SMHYALUT\.HAMAP\.hmm\.tmp\.46608\.hmmer3 2> /dev/null
[18:12:38] Deleting unwanted file: ../annotation_prokka_pseudofinder/prokka_SMHYALUT_pseudofinder/SMHYALUT.HAMAP.hmm.tmp.46608.faa
[18:12:38] Deleting unwanted file: ../annotation_prokka_pseudofinder/prokka_SMHYALUT_pseudofinder/SMHYALUT.HAMAP.hmm.tmp.46608.hmmer3
[18:12:38] Labelling remaining 29 proteins as 'hypothetical protein'
[18:12:38] Found 121 unique /gene codes.
[18:12:38] Fixed 0 colliding /gene names.
[18:12:38] Adding /locus_tag identifiers
[18:12:38] Assigned 186 locus_tags to CDS and RNA features.
[18:12:38] Writing outputs to ../annotation_prokka_pseudofinder/prokka_SMHYALUT_pseudofinder/
[18:12:39] Generating annotation statistics file
[18:12:39] Generating Genbank and Sequin files
[18:12:39] Running: tbl2asn -V b -a r10k -l paired-ends -M n -N 1 -y 'Annotated using prokka 1.14.6 from https://github.com/tseemann/prokka' -Z \.\.\/annotation_prokka_pseudofinder\/prokka_SMHYALUT_pseudofinder\/SMHYALUT\.err -i \.\.\/annotation_prokka_pseudofinder\/prokka_SMHYALUT_pseudofinder\/SMHYALUT\.fsa 2> /dev/null
[18:12:39] Deleting unwanted file: ../annotation_prokka_pseudofinder/prokka_SMHYALUT_pseudofinder/errorsummary.val
[18:12:39] Deleting unwanted file: ../annotation_prokka_pseudofinder/prokka_SMHYALUT_pseudofinder/SMHYALUT.dr
[18:12:39] Deleting unwanted file: ../annotation_prokka_pseudofinder/prokka_SMHYALUT_pseudofinder/SMHYALUT.fixedproducts
[18:12:39] Deleting unwanted file: ../annotation_prokka_pseudofinder/prokka_SMHYALUT_pseudofinder/SMHYALUT.ecn
[18:12:39] Deleting unwanted file: ../annotation_prokka_pseudofinder/prokka_SMHYALUT_pseudofinder/SMHYALUT.val
[18:12:39] Repairing broken .GBK output that tbl2asn produces...
[18:12:39] Running: sed 's/COORDINATES: profile/COORDINATES:profile/' < \.\.\/annotation_prokka_pseudofinder\/prokka_SMHYALUT_pseudofinder\/SMHYALUT\.gbf > \.\.\/annotation_prokka_pseudofinder\/prokka_SMHYALUT_pseudofinder\/SMHYALUT\.gbk
[18:12:39] Deleting unwanted file: ../annotation_prokka_pseudofinder/prokka_SMHYALUT_pseudofinder/SMHYALUT.gbf
[18:12:39] Output files:
[18:12:39] ../annotation_prokka_pseudofinder/prokka_SMHYALUT_pseudofinder/SMHYALUT.gbk
[18:12:39] ../annotation_prokka_pseudofinder/prokka_SMHYALUT_pseudofinder/SMHYALUT.faa
[18:12:39] ../annotation_prokka_pseudofinder/prokka_SMHYALUT_pseudofinder/SMHYALUT.txt
[18:12:39] ../annotation_prokka_pseudofinder/prokka_SMHYALUT_pseudofinder/SMHYALUT.fsa
[18:12:39] ../annotation_prokka_pseudofinder/prokka_SMHYALUT_pseudofinder/SMHYALUT.gff
[18:12:39] ../annotation_prokka_pseudofinder/prokka_SMHYALUT_pseudofinder/SMHYALUT.err
[18:12:39] ../annotation_prokka_pseudofinder/prokka_SMHYALUT_pseudofinder/SMHYALUT.tsv
[18:12:39] ../annotation_prokka_pseudofinder/prokka_SMHYALUT_pseudofinder/SMHYALUT.fna
[18:12:39] ../annotation_prokka_pseudofinder/prokka_SMHYALUT_pseudofinder/SMHYALUT.tbl
[18:12:39] ../annotation_prokka_pseudofinder/prokka_SMHYALUT_pseudofinder/SMHYALUT.sqn
[18:12:39] ../annotation_prokka_pseudofinder/prokka_SMHYALUT_pseudofinder/SMHYALUT.ffn
[18:12:39] ../annotation_prokka_pseudofinder/prokka_SMHYALUT_pseudofinder/SMHYALUT.log
[18:12:39] Annotation finished successfully.
[18:12:39] Walltime used: 0.22 minutes
[18:12:39] If you use this result please cite the Prokka paper:
[18:12:39] Seemann T (2014) Prokka: rapid prokaryotic genome annotation. Bioinformatics. 30(14):2068-9.
[18:12:39] Type 'prokka --citation' for more details.
[18:12:39] Share and enjoy!
