[15:13:18] This is prokka 1.14.6
[15:13:18] Written by Torsten Seemann <torsten.seemann@gmail.com>
[15:13:18] Homepage is https://github.com/tseemann/prokka
[15:13:18] Local time is Wed Aug 10 15:13:18 2022
[15:13:18] You are diego
[15:13:18] Operating system is linux
[15:13:18] You have BioPerl 1.007002
[15:13:18] System has 12 cores.
[15:13:18] Will use maximum of 8 cores.
[15:13:18] Annotating as >>> Bacteria <<<
[15:13:18] Enabling options to ensure Genbank/ENA/DDJB submission compliance.
[15:13:18] Creating new output folder: prokka_SMOMMDIS_pseudofinder
[15:13:18] Running: mkdir -p prokka_SMOMMDIS_pseudofinder
[15:13:18] Using filename prefix: SMOMMDIS.XXX
[15:13:18] Setting HMMER_NCPU=1
[15:13:18] Writing log to: prokka_SMOMMDIS_pseudofinder/SMOMMDIS.log
[15:13:18] Command: /home/diego/miniconda3/envs/prokka_env/bin/prokka SMOMMDIS.fasta --prefix SMOMMDIS --locustag SMOMMDIS --outdir prokka_SMOMMDIS_pseudofinder -gcode 11 --compliant --rfam --cdsrnaolap --force
[15:13:18] Appending to PATH: /home/diego/miniconda3/envs/prokka_env/bin
[15:13:18] Looking for 'aragorn' - found /home/diego/miniconda3/envs/prokka_env/bin/aragorn
[15:13:18] Determined aragorn version is 001002 from 'ARAGORN v1.2.38 Dean Laslett'
[15:13:18] Looking for 'barrnap' - found /home/diego/miniconda3/envs/prokka_env/bin/barrnap
[15:13:18] Determined barrnap version is 000009 from 'barrnap 0.9'
[15:13:18] Looking for 'blastp' - found /home/diego/miniconda3/envs/prokka_env/bin/blastp
[15:13:18] Determined blastp version is 002010 from 'blastp: 2.10.1+'
[15:13:18] Looking for 'cmpress' - found /home/diego/miniconda3/envs/prokka_env/bin/cmpress
[15:13:18] Determined cmpress version is 001001 from '# INFERNAL 1.1.3 (Nov 2019)'
[15:13:18] Looking for 'cmscan' - found /home/diego/miniconda3/envs/prokka_env/bin/cmscan
[15:13:18] Determined cmscan version is 001001 from '# INFERNAL 1.1.3 (Nov 2019)'
[15:13:18] Looking for 'egrep' - found /usr/bin/egrep
[15:13:18] Looking for 'find' - found /usr/bin/find
[15:13:18] Looking for 'grep' - found /usr/bin/grep
[15:13:18] Looking for 'hmmpress' - found /home/diego/miniconda3/envs/prokka_env/bin/hmmpress
[15:13:18] Determined hmmpress version is 003003 from '# HMMER 3.3.2 (Nov 2020); http://hmmer.org/'
[15:13:18] Looking for 'hmmscan' - found /home/diego/miniconda3/envs/prokka_env/bin/hmmscan
[15:13:18] Determined hmmscan version is 003003 from '# HMMER 3.3.2 (Nov 2020); http://hmmer.org/'
[15:13:18] Looking for 'java' - found /home/diego/miniconda3/envs/prokka_env/bin/java
[15:13:18] Looking for 'makeblastdb' - found /home/diego/miniconda3/envs/prokka_env/bin/makeblastdb
[15:13:18] Determined makeblastdb version is 002010 from 'makeblastdb: 2.10.1+'
[15:13:18] Looking for 'minced' - found /home/diego/miniconda3/envs/prokka_env/bin/minced
[15:13:18] Determined minced version is 004002 from 'minced 0.4.2'
[15:13:18] Looking for 'parallel' - found /home/diego/miniconda3/envs/prokka_env/bin/parallel
[15:13:18] Determined parallel version is 20201122 from 'GNU parallel 20201122'
[15:13:18] Looking for 'prodigal' - found /home/diego/miniconda3/envs/prokka_env/bin/prodigal
[15:13:18] Determined prodigal version is 002006 from 'Prodigal V2.6.3: February, 2016'
[15:13:18] Looking for 'prokka-genbank_to_fasta_db' - found /home/diego/miniconda3/envs/prokka_env/bin/prokka-genbank_to_fasta_db
[15:13:18] Looking for 'rnammer' - found /home/diego/rnammer-1.2.src/rnammer
[15:13:18] Determined rnammer version is 001002 from 'This rnammer 1.2, running from '/home/diego/rnammer-1.2.src/''
[15:13:18] Looking for 'sed' - found /usr/bin/sed
[15:13:18] Looking for 'tbl2asn' - found /home/diego/tbl2asn
[15:13:18] Determined tbl2asn version is 025008 from 'tbl2asn 25.8   arguments:'
[15:13:18] Using genetic code table 11.
[15:13:18] Loading and checking input file: SMOMMDIS.fasta
[15:13:18] Wrote 1 contigs totalling 145652 bp.
[15:13:18] Predicting tRNAs and tmRNAs
[15:13:18] Running: aragorn -l -gc11  -w prokka_SMOMMDIS_pseudofinder\/SMOMMDIS\.fna
[15:13:18] 1 tRNA-Met [9695,9769] 35 (cat)
[15:13:18] 2 tRNA-Asn c[13281,13356] 36 (gtt)
[15:13:18] 3 tRNA-Cys c[19734,19804] 33 (gca)
[15:13:18] 4 tmRNA c[21401,21681] 98,124 GKNYSLAA*
[15:13:18] 5 tRNA-Met c[22286,22361] 36 (cat)
[15:13:18] 6 tRNA-Leu [25896,25981] 36 (tag)
[15:13:18] 7 tRNA-Leu [25985,26066] 34 (caa)
[15:13:18] 8 tRNA-Ser [31617,31699] 35 (gct)
[15:13:18] 9 tRNA-Pro [31702,31776] 36 (tgg)
[15:13:18] 10 tRNA-Arg [31796,31871] 35 (tct)
[15:13:18] 11 tRNA-Ser c[37089,37175] 36 (tga)
[15:13:18] 12 tRNA-Lys [40953,41026] 35 (ttt)
[15:13:18] 13 tRNA-Asp c[41032,41105] 35 (gtc)
[15:13:18] 14 tRNA-Val c[44502,44576] 36 (tac)
[15:13:18] 15 tRNA-Leu c[57957,58044] 35 (taa)
[15:13:18] 16 tRNA-Gly c[58050,58121] 33 (gcc)
[15:13:18] 17 tRNA-Ala c[66848,66921] 35 (tgc)
[15:13:18] 18 tRNA-Ile c[66925,66998] 35 (gat)
[15:13:18] 19 tRNA-Thr [70992,71065] 35 (tgt)
[15:13:18] 20 tRNA-Tyr [71074,71155] 35 (gta)
[15:13:18] 21 tRNA-Gly [71169,71241] 34 (tcc)
[15:13:18] 22 tRNA-Thr [71253,71327] 35 (ggt)
[15:13:18] 23 tRNA-Trp [72547,72620] 35 (cca)
[15:13:18] 24 tRNA-His [84236,84311] 36 (gtg)
[15:13:18] 25 tRNA-Phe c[86991,87064] 36 (gaa)
[15:13:18] 26 tRNA-Leu c[99405,99478] 35 (gag)
[15:13:18] 27 tRNA-Met [99586,99661] 36 (cat)
[15:13:18] 28 tRNA-Glu c[112522,112593] 34 (ttc)
[15:13:18] 29 tRNA-Gln [112941,113011] 33 (ttg)
[15:13:18] 30 tRNA-Arg c[137771,137844] 35 (acg)
[15:13:18] Found 30 tRNAs
[15:13:18] Predicting Ribosomal RNAs
[15:13:18] Running Barrnap with 8 threads
[15:13:19] 1 gnl|Prokka|SMOMMDIS_1 63797 5S ribosomal RNA
[15:13:19] 2 gnl|Prokka|SMOMMDIS_1 63947 23S ribosomal RNA
[15:13:19] 3 gnl|Prokka|SMOMMDIS_1 67027 16S ribosomal RNA
[15:13:19] Found 3 rRNAs
[15:13:19] Scanning for ncRNAs... please be patient.
[15:13:19] Running: cmscan -Z 0.291304 --cut_ga --rfam --nohmmonly --fmt 2 --cpu 8 --tblout /dev/stdout -o /dev/null --noali /home/diego/miniconda3/envs/prokka_env/db/cm/Bacteria prokka_SMOMMDIS_pseudofinder\/SMOMMDIS\.fna
[15:13:25] 1 ncRNA 1 gnl|Prokka|SMOMMDIS_1 1..367
[15:13:25] Found 1 ncRNAs.
[15:13:25] Total of 32 tRNA + rRNA features
[15:13:25] Searching for CRISPR repeats
[15:13:25] Found 0 CRISPRs
[15:13:25] Predicting coding sequences
[15:13:25] Contigs total 145652 bp, so using single mode
[15:13:25] Running: prodigal -i prokka_SMOMMDIS_pseudofinder\/SMOMMDIS\.fna -c -m -g 11 -p single -f sco -q
[15:13:25] Found 152 CDS
[15:13:25] Connecting features back to sequences
[15:13:25] Not using genus-specific database. Try --usegenus to enable it.
[15:13:25] Annotating CDS, please be patient.
[15:13:25] Will use 8 CPUs for similarity searching.
[15:13:25] There are still 152 unannotated CDS left (started with 152)
[15:13:25] Will use blast to search against /home/diego/miniconda3/envs/prokka_env/db/kingdom/Bacteria/IS with 8 CPUs
[15:13:25] Running: cat prokka_SMOMMDIS_pseudofinder\/SMOMMDIS\.IS\.tmp\.24946\.faa | parallel --gnu --plain -j 8 --block 2822 --recstart '>' --pipe blastp -query - -db /home/diego/miniconda3/envs/prokka_env/db/kingdom/Bacteria/IS -evalue 1e-30 -qcov_hsp_perc 90 -num_threads 1 -num_descriptions 1 -num_alignments 1 -seg no > prokka_SMOMMDIS_pseudofinder\/SMOMMDIS\.IS\.tmp\.24946\.blast 2> /dev/null
[15:13:26] Deleting unwanted file: prokka_SMOMMDIS_pseudofinder/SMOMMDIS.IS.tmp.24946.faa
[15:13:26] Deleting unwanted file: prokka_SMOMMDIS_pseudofinder/SMOMMDIS.IS.tmp.24946.blast
[15:13:26] There are still 152 unannotated CDS left (started with 152)
[15:13:26] Will use blast to search against /home/diego/miniconda3/envs/prokka_env/db/kingdom/Bacteria/AMR with 8 CPUs
[15:13:26] Running: cat prokka_SMOMMDIS_pseudofinder\/SMOMMDIS\.AMR\.tmp\.24946\.faa | parallel --gnu --plain -j 8 --block 2822 --recstart '>' --pipe blastp -query - -db /home/diego/miniconda3/envs/prokka_env/db/kingdom/Bacteria/AMR -evalue 9.99999999999999e-301 -qcov_hsp_perc 90 -num_threads 1 -num_descriptions 1 -num_alignments 1 -seg no > prokka_SMOMMDIS_pseudofinder\/SMOMMDIS\.AMR\.tmp\.24946\.blast 2> /dev/null
[15:13:27] Deleting unwanted file: prokka_SMOMMDIS_pseudofinder/SMOMMDIS.AMR.tmp.24946.faa
[15:13:27] Deleting unwanted file: prokka_SMOMMDIS_pseudofinder/SMOMMDIS.AMR.tmp.24946.blast
[15:13:27] There are still 152 unannotated CDS left (started with 152)
[15:13:27] Will use blast to search against /home/diego/miniconda3/envs/prokka_env/db/kingdom/Bacteria/sprot with 8 CPUs
[15:13:27] Running: cat prokka_SMOMMDIS_pseudofinder\/SMOMMDIS\.sprot\.tmp\.24946\.faa | parallel --gnu --plain -j 8 --block 2822 --recstart '>' --pipe blastp -query - -db /home/diego/miniconda3/envs/prokka_env/db/kingdom/Bacteria/sprot -evalue 1e-09 -qcov_hsp_perc 80 -num_threads 1 -num_descriptions 1 -num_alignments 1 -seg no > prokka_SMOMMDIS_pseudofinder\/SMOMMDIS\.sprot\.tmp\.24946\.blast 2> /dev/null
[15:13:29] Modify product: Probable ATP-dependent transporter SufC => putative ATP-dependent transporter SufC
[15:13:29] Cleaned 1 /product names
[15:13:29] Deleting unwanted file: prokka_SMOMMDIS_pseudofinder/SMOMMDIS.sprot.tmp.24946.faa
[15:13:29] Deleting unwanted file: prokka_SMOMMDIS_pseudofinder/SMOMMDIS.sprot.tmp.24946.blast
[15:13:29] There are still 44 unannotated CDS left (started with 152)
[15:13:29] Will use hmmer3 to search against /home/diego/miniconda3/envs/prokka_env/db/hmm/HAMAP.hmm with 8 CPUs
[15:13:29] Running: cat prokka_SMOMMDIS_pseudofinder\/SMOMMDIS\.HAMAP\.hmm\.tmp\.24946\.faa | parallel --gnu --plain -j 8 --block 481 --recstart '>' --pipe hmmscan --noali --notextw --acc -E 1e-09 --cpu 1 /home/diego/miniconda3/envs/prokka_env/db/hmm/HAMAP.hmm /dev/stdin > prokka_SMOMMDIS_pseudofinder\/SMOMMDIS\.HAMAP\.hmm\.tmp\.24946\.hmmer3 2> /dev/null
[15:13:30] Deleting unwanted file: prokka_SMOMMDIS_pseudofinder/SMOMMDIS.HAMAP.hmm.tmp.24946.faa
[15:13:30] Deleting unwanted file: prokka_SMOMMDIS_pseudofinder/SMOMMDIS.HAMAP.hmm.tmp.24946.hmmer3
[15:13:30] Labelling remaining 32 proteins as 'hypothetical protein'
[15:13:30] Found 119 unique /gene codes.
[15:13:30] Fixed 0 colliding /gene names.
[15:13:30] Adding /locus_tag identifiers
[15:13:30] Assigned 186 locus_tags to CDS and RNA features.
[15:13:30] Writing outputs to prokka_SMOMMDIS_pseudofinder/
[15:13:30] Generating annotation statistics file
[15:13:30] Generating Genbank and Sequin files
[15:13:30] Running: tbl2asn -V b -a r10k -l paired-ends -M n -N 1 -y 'Annotated using prokka 1.14.6 from https://github.com/tseemann/prokka' -Z prokka_SMOMMDIS_pseudofinder\/SMOMMDIS\.err -i prokka_SMOMMDIS_pseudofinder\/SMOMMDIS\.fsa 2> /dev/null
[15:13:31] Deleting unwanted file: prokka_SMOMMDIS_pseudofinder/errorsummary.val
[15:13:31] Deleting unwanted file: prokka_SMOMMDIS_pseudofinder/SMOMMDIS.dr
[15:13:31] Deleting unwanted file: prokka_SMOMMDIS_pseudofinder/SMOMMDIS.fixedproducts
[15:13:31] Deleting unwanted file: prokka_SMOMMDIS_pseudofinder/SMOMMDIS.ecn
[15:13:31] Deleting unwanted file: prokka_SMOMMDIS_pseudofinder/SMOMMDIS.val
[15:13:31] Repairing broken .GBK output that tbl2asn produces...
[15:13:31] Running: sed 's/COORDINATES: profile/COORDINATES:profile/' < prokka_SMOMMDIS_pseudofinder\/SMOMMDIS\.gbf > prokka_SMOMMDIS_pseudofinder\/SMOMMDIS\.gbk
[15:13:31] Deleting unwanted file: prokka_SMOMMDIS_pseudofinder/SMOMMDIS.gbf
[15:13:31] Output files:
[15:13:31] prokka_SMOMMDIS_pseudofinder/SMOMMDIS.fna
[15:13:31] prokka_SMOMMDIS_pseudofinder/SMOMMDIS.tsv
[15:13:31] prokka_SMOMMDIS_pseudofinder/SMOMMDIS.log
[15:13:31] prokka_SMOMMDIS_pseudofinder/SMOMMDIS.gbk
[15:13:31] prokka_SMOMMDIS_pseudofinder/SMOMMDIS.gff
[15:13:31] prokka_SMOMMDIS_pseudofinder/SMOMMDIS.tbl
[15:13:31] prokka_SMOMMDIS_pseudofinder/SMOMMDIS.sqn
[15:13:31] prokka_SMOMMDIS_pseudofinder/SMOMMDIS.txt
[15:13:31] prokka_SMOMMDIS_pseudofinder/SMOMMDIS.err
[15:13:31] prokka_SMOMMDIS_pseudofinder/SMOMMDIS.fsa
[15:13:31] prokka_SMOMMDIS_pseudofinder/SMOMMDIS.ffn
[15:13:31] prokka_SMOMMDIS_pseudofinder/SMOMMDIS.faa
[15:13:31] Annotation finished successfully.
[15:13:31] Walltime used: 0.22 minutes
[15:13:31] If you use this result please cite the Prokka paper:
[15:13:31] Seemann T (2014) Prokka: rapid prokaryotic genome annotation. Bioinformatics. 30(14):2068-9.
[15:13:31] Type 'prokka --citation' for more details.
[15:13:31] Share and enjoy!
