[15:15:39] This is prokka 1.14.6
[15:15:39] Written by Torsten Seemann <torsten.seemann@gmail.com>
[15:15:39] Homepage is https://github.com/tseemann/prokka
[15:15:39] Local time is Wed Aug 10 15:15:39 2022
[15:15:39] You are diego
[15:15:39] Operating system is linux
[15:15:39] You have BioPerl 1.007002
[15:15:39] System has 12 cores.
[15:15:39] Will use maximum of 8 cores.
[15:15:39] Annotating as >>> Bacteria <<<
[15:15:39] Enabling options to ensure Genbank/ENA/DDJB submission compliance.
[15:15:39] Creating new output folder: prokka_SMRANSCY_pseudofinder
[15:15:39] Running: mkdir -p prokka_SMRANSCY_pseudofinder
[15:15:39] Using filename prefix: SMRANSCY.XXX
[15:15:39] Setting HMMER_NCPU=1
[15:15:39] Writing log to: prokka_SMRANSCY_pseudofinder/SMRANSCY.log
[15:15:39] Command: /home/diego/miniconda3/envs/prokka_env/bin/prokka SMRANSCY.fasta --prefix SMRANSCY --locustag SMRANSCY --outdir prokka_SMRANSCY_pseudofinder -gcode 11 --compliant --rfam --cdsrnaolap --force
[15:15:39] Appending to PATH: /home/diego/miniconda3/envs/prokka_env/bin
[15:15:39] Looking for 'aragorn' - found /home/diego/miniconda3/envs/prokka_env/bin/aragorn
[15:15:39] Determined aragorn version is 001002 from 'ARAGORN v1.2.38 Dean Laslett'
[15:15:39] Looking for 'barrnap' - found /home/diego/miniconda3/envs/prokka_env/bin/barrnap
[15:15:39] Determined barrnap version is 000009 from 'barrnap 0.9'
[15:15:39] Looking for 'blastp' - found /home/diego/miniconda3/envs/prokka_env/bin/blastp
[15:15:39] Determined blastp version is 002010 from 'blastp: 2.10.1+'
[15:15:39] Looking for 'cmpress' - found /home/diego/miniconda3/envs/prokka_env/bin/cmpress
[15:15:39] Determined cmpress version is 001001 from '# INFERNAL 1.1.3 (Nov 2019)'
[15:15:39] Looking for 'cmscan' - found /home/diego/miniconda3/envs/prokka_env/bin/cmscan
[15:15:39] Determined cmscan version is 001001 from '# INFERNAL 1.1.3 (Nov 2019)'
[15:15:39] Looking for 'egrep' - found /usr/bin/egrep
[15:15:39] Looking for 'find' - found /usr/bin/find
[15:15:39] Looking for 'grep' - found /usr/bin/grep
[15:15:39] Looking for 'hmmpress' - found /home/diego/miniconda3/envs/prokka_env/bin/hmmpress
[15:15:39] Determined hmmpress version is 003003 from '# HMMER 3.3.2 (Nov 2020); http://hmmer.org/'
[15:15:39] Looking for 'hmmscan' - found /home/diego/miniconda3/envs/prokka_env/bin/hmmscan
[15:15:39] Determined hmmscan version is 003003 from '# HMMER 3.3.2 (Nov 2020); http://hmmer.org/'
[15:15:39] Looking for 'java' - found /home/diego/miniconda3/envs/prokka_env/bin/java
[15:15:39] Looking for 'makeblastdb' - found /home/diego/miniconda3/envs/prokka_env/bin/makeblastdb
[15:15:39] Determined makeblastdb version is 002010 from 'makeblastdb: 2.10.1+'
[15:15:39] Looking for 'minced' - found /home/diego/miniconda3/envs/prokka_env/bin/minced
[15:15:39] Determined minced version is 004002 from 'minced 0.4.2'
[15:15:39] Looking for 'parallel' - found /home/diego/miniconda3/envs/prokka_env/bin/parallel
[15:15:39] Determined parallel version is 20201122 from 'GNU parallel 20201122'
[15:15:39] Looking for 'prodigal' - found /home/diego/miniconda3/envs/prokka_env/bin/prodigal
[15:15:39] Determined prodigal version is 002006 from 'Prodigal V2.6.3: February, 2016'
[15:15:39] Looking for 'prokka-genbank_to_fasta_db' - found /home/diego/miniconda3/envs/prokka_env/bin/prokka-genbank_to_fasta_db
[15:15:39] Looking for 'rnammer' - found /home/diego/rnammer-1.2.src/rnammer
[15:15:39] Determined rnammer version is 001002 from 'This rnammer 1.2, running from '/home/diego/rnammer-1.2.src/''
[15:15:39] Looking for 'sed' - found /usr/bin/sed
[15:15:39] Looking for 'tbl2asn' - found /home/diego/tbl2asn
[15:15:39] Determined tbl2asn version is 025008 from 'tbl2asn 25.8   arguments:'
[15:15:39] Using genetic code table 11.
[15:15:39] Loading and checking input file: SMRANSCY.fasta
[15:15:39] Wrote 1 contigs totalling 148347 bp.
[15:15:39] Predicting tRNAs and tmRNAs
[15:15:39] Running: aragorn -l -gc11  -w prokka_SMRANSCY_pseudofinder\/SMRANSCY\.fna
[15:15:39] 1 tRNA-Met [9133,9210] 35 (cat)
[15:15:39] 2 tRNA-Asn c[12730,12805] 36 (gtt)
[15:15:39] 3 tRNA-Cys c[18262,18332] 33 (gca)
[15:15:39] 4 tmRNA c[21865,22196] 98,124 GKNYSLAA*
[15:15:39] 5 tRNA-Met c[22809,22884] 36 (cat)
[15:15:39] 6 tRNA-Leu [27657,27742] 36 (tag)
[15:15:39] 7 tRNA-Leu [27745,27828] 35 (caa)
[15:15:39] 8 tRNA-Ser [32690,32772] 35 (gct)
[15:15:39] 9 tRNA-Pro [32781,32855] 36 (tgg)
[15:15:39] 10 tRNA-Arg [32859,32933] 35 (tct)
[15:15:39] 11 tRNA-Ser c[38454,38541] 36 (tga)
[15:15:39] 12 tRNA-Lys [42301,42373] 34 (ttt)
[15:15:39] 13 tRNA-Asp c[42386,42459] 35 (gtc)
[15:15:39] 14 tRNA-Val c[46424,46498] 36 (tac)
[15:15:39] 15 tRNA-Leu c[60144,60230] 35 (taa)
[15:15:39] 16 tRNA-Gly c[60236,60308] 34 (gcc)
[15:15:39] 17 tRNA-Ala c[69030,69103] 35 (tgc)
[15:15:39] 18 tRNA-Ile c[69107,69180] 35 (gat)
[15:15:39] 19 tRNA-Thr [73206,73279] 35 (tgt)
[15:15:39] 20 tRNA-Tyr [73290,73371] 35 (gta)
[15:15:39] 21 tRNA-Gly [73380,73453] 35 (tcc)
[15:15:39] 22 tRNA-Thr [73460,73534] 35 (ggt)
[15:15:39] 23 tRNA-Trp [74750,74823] 35 (cca)
[15:15:39] 24 tRNA-His [86544,86619] 36 (gtg)
[15:15:39] 25 tRNA-Phe c[89301,89373] 34 (gaa)
[15:15:39] 26 tRNA-Leu c[102428,102501] 35 (gag)
[15:15:39] 27 tRNA-Met [102551,102626] 36 (cat)
[15:15:39] 28 tRNA-Glu c[112925,112996] 34 (ttc)
[15:15:39] 29 tRNA-Gln [113396,113466] 33 (ttg)
[15:15:39] 30 tRNA-Arg c[138302,138375] 35 (acg)
[15:15:39] Found 30 tRNAs
[15:15:39] Predicting Ribosomal RNAs
[15:15:39] Running Barrnap with 8 threads
[15:15:39] 1 gnl|Prokka|SMRANSCY_1 65892 5S ribosomal RNA
[15:15:39] 2 gnl|Prokka|SMRANSCY_1 66137 23S ribosomal RNA
[15:15:39] 3 gnl|Prokka|SMRANSCY_1 69205 16S ribosomal RNA
[15:15:39] Found 3 rRNAs
[15:15:39] Scanning for ncRNAs... please be patient.
[15:15:39] Running: cmscan -Z 0.296694 --cut_ga --rfam --nohmmonly --fmt 2 --cpu 8 --tblout /dev/stdout -o /dev/null --noali /home/diego/miniconda3/envs/prokka_env/db/cm/Bacteria prokka_SMRANSCY_pseudofinder\/SMRANSCY\.fna
[15:15:46] 1 ncRNA 1 gnl|Prokka|SMRANSCY_1 1..367
[15:15:46] Found 1 ncRNAs.
[15:15:46] Total of 32 tRNA + rRNA features
[15:15:46] Searching for CRISPR repeats
[15:15:46] Found 0 CRISPRs
[15:15:46] Predicting coding sequences
[15:15:46] Contigs total 148347 bp, so using single mode
[15:15:46] Running: prodigal -i prokka_SMRANSCY_pseudofinder\/SMRANSCY\.fna -c -m -g 11 -p single -f sco -q
[15:15:46] Found 147 CDS
[15:15:46] Connecting features back to sequences
[15:15:46] Not using genus-specific database. Try --usegenus to enable it.
[15:15:46] Annotating CDS, please be patient.
[15:15:46] Will use 8 CPUs for similarity searching.
[15:15:46] There are still 147 unannotated CDS left (started with 147)
[15:15:46] Will use blast to search against /home/diego/miniconda3/envs/prokka_env/db/kingdom/Bacteria/IS with 8 CPUs
[15:15:46] Running: cat prokka_SMRANSCY_pseudofinder\/SMRANSCY\.IS\.tmp\.31147\.faa | parallel --gnu --plain -j 8 --block 2783 --recstart '>' --pipe blastp -query - -db /home/diego/miniconda3/envs/prokka_env/db/kingdom/Bacteria/IS -evalue 1e-30 -qcov_hsp_perc 90 -num_threads 1 -num_descriptions 1 -num_alignments 1 -seg no > prokka_SMRANSCY_pseudofinder\/SMRANSCY\.IS\.tmp\.31147\.blast 2> /dev/null
[15:15:47] Deleting unwanted file: prokka_SMRANSCY_pseudofinder/SMRANSCY.IS.tmp.31147.faa
[15:15:47] Deleting unwanted file: prokka_SMRANSCY_pseudofinder/SMRANSCY.IS.tmp.31147.blast
[15:15:47] There are still 147 unannotated CDS left (started with 147)
[15:15:47] Will use blast to search against /home/diego/miniconda3/envs/prokka_env/db/kingdom/Bacteria/AMR with 8 CPUs
[15:15:47] Running: cat prokka_SMRANSCY_pseudofinder\/SMRANSCY\.AMR\.tmp\.31147\.faa | parallel --gnu --plain -j 8 --block 2783 --recstart '>' --pipe blastp -query - -db /home/diego/miniconda3/envs/prokka_env/db/kingdom/Bacteria/AMR -evalue 9.99999999999999e-301 -qcov_hsp_perc 90 -num_threads 1 -num_descriptions 1 -num_alignments 1 -seg no > prokka_SMRANSCY_pseudofinder\/SMRANSCY\.AMR\.tmp\.31147\.blast 2> /dev/null
[15:15:48] Deleting unwanted file: prokka_SMRANSCY_pseudofinder/SMRANSCY.AMR.tmp.31147.faa
[15:15:48] Deleting unwanted file: prokka_SMRANSCY_pseudofinder/SMRANSCY.AMR.tmp.31147.blast
[15:15:48] There are still 147 unannotated CDS left (started with 147)
[15:15:48] Will use blast to search against /home/diego/miniconda3/envs/prokka_env/db/kingdom/Bacteria/sprot with 8 CPUs
[15:15:48] Running: cat prokka_SMRANSCY_pseudofinder\/SMRANSCY\.sprot\.tmp\.31147\.faa | parallel --gnu --plain -j 8 --block 2783 --recstart '>' --pipe blastp -query - -db /home/diego/miniconda3/envs/prokka_env/db/kingdom/Bacteria/sprot -evalue 1e-09 -qcov_hsp_perc 80 -num_threads 1 -num_descriptions 1 -num_alignments 1 -seg no > prokka_SMRANSCY_pseudofinder\/SMRANSCY\.sprot\.tmp\.31147\.blast 2> /dev/null
[15:15:51] Modify product: Probable ATP-dependent transporter SufC => putative ATP-dependent transporter SufC
[15:15:51] Cleaned 1 /product names
[15:15:51] Deleting unwanted file: prokka_SMRANSCY_pseudofinder/SMRANSCY.sprot.tmp.31147.faa
[15:15:51] Deleting unwanted file: prokka_SMRANSCY_pseudofinder/SMRANSCY.sprot.tmp.31147.blast
[15:15:51] There are still 37 unannotated CDS left (started with 147)
[15:15:51] Will use hmmer3 to search against /home/diego/miniconda3/envs/prokka_env/db/hmm/HAMAP.hmm with 8 CPUs
[15:15:51] Running: cat prokka_SMRANSCY_pseudofinder\/SMRANSCY\.HAMAP\.hmm\.tmp\.31147\.faa | parallel --gnu --plain -j 8 --block 401 --recstart '>' --pipe hmmscan --noali --notextw --acc -E 1e-09 --cpu 1 /home/diego/miniconda3/envs/prokka_env/db/hmm/HAMAP.hmm /dev/stdin > prokka_SMRANSCY_pseudofinder\/SMRANSCY\.HAMAP\.hmm\.tmp\.31147\.hmmer3 2> /dev/null
[15:15:51] Deleting unwanted file: prokka_SMRANSCY_pseudofinder/SMRANSCY.HAMAP.hmm.tmp.31147.faa
[15:15:51] Deleting unwanted file: prokka_SMRANSCY_pseudofinder/SMRANSCY.HAMAP.hmm.tmp.31147.hmmer3
[15:15:51] Labelling remaining 27 proteins as 'hypothetical protein'
[15:15:51] Found 119 unique /gene codes.
[15:15:51] Fixed 0 colliding /gene names.
[15:15:51] Adding /locus_tag identifiers
[15:15:51] Assigned 181 locus_tags to CDS and RNA features.
[15:15:51] Writing outputs to prokka_SMRANSCY_pseudofinder/
[15:15:51] Generating annotation statistics file
[15:15:51] Generating Genbank and Sequin files
[15:15:51] Running: tbl2asn -V b -a r10k -l paired-ends -M n -N 1 -y 'Annotated using prokka 1.14.6 from https://github.com/tseemann/prokka' -Z prokka_SMRANSCY_pseudofinder\/SMRANSCY\.err -i prokka_SMRANSCY_pseudofinder\/SMRANSCY\.fsa 2> /dev/null
[15:15:52] Deleting unwanted file: prokka_SMRANSCY_pseudofinder/errorsummary.val
[15:15:52] Deleting unwanted file: prokka_SMRANSCY_pseudofinder/SMRANSCY.dr
[15:15:52] Deleting unwanted file: prokka_SMRANSCY_pseudofinder/SMRANSCY.fixedproducts
[15:15:52] Deleting unwanted file: prokka_SMRANSCY_pseudofinder/SMRANSCY.ecn
[15:15:52] Deleting unwanted file: prokka_SMRANSCY_pseudofinder/SMRANSCY.val
[15:15:52] Repairing broken .GBK output that tbl2asn produces...
[15:15:52] Running: sed 's/COORDINATES: profile/COORDINATES:profile/' < prokka_SMRANSCY_pseudofinder\/SMRANSCY\.gbf > prokka_SMRANSCY_pseudofinder\/SMRANSCY\.gbk
[15:15:52] Deleting unwanted file: prokka_SMRANSCY_pseudofinder/SMRANSCY.gbf
[15:15:52] Output files:
[15:15:52] prokka_SMRANSCY_pseudofinder/SMRANSCY.txt
[15:15:52] prokka_SMRANSCY_pseudofinder/SMRANSCY.tbl
[15:15:52] prokka_SMRANSCY_pseudofinder/SMRANSCY.gff
[15:15:52] prokka_SMRANSCY_pseudofinder/SMRANSCY.log
[15:15:52] prokka_SMRANSCY_pseudofinder/SMRANSCY.sqn
[15:15:52] prokka_SMRANSCY_pseudofinder/SMRANSCY.tsv
[15:15:52] prokka_SMRANSCY_pseudofinder/SMRANSCY.fsa
[15:15:52] prokka_SMRANSCY_pseudofinder/SMRANSCY.ffn
[15:15:52] prokka_SMRANSCY_pseudofinder/SMRANSCY.faa
[15:15:52] prokka_SMRANSCY_pseudofinder/SMRANSCY.err
[15:15:52] prokka_SMRANSCY_pseudofinder/SMRANSCY.fna
[15:15:52] prokka_SMRANSCY_pseudofinder/SMRANSCY.gbk
[15:15:52] Annotation finished successfully.
[15:15:52] Walltime used: 0.22 minutes
[15:15:52] If you use this result please cite the Prokka paper:
[15:15:52] Seemann T (2014) Prokka: rapid prokaryotic genome annotation. Bioinformatics. 30(14):2068-9.
[15:15:52] Type 'prokka --citation' for more details.
[15:15:52] Share and enjoy!
