18:08:25.634 - INFO - UTILS - version=1.8.2
18:08:25.634 - INFO - UTILS - developer: Oliver Schwengers, github.com/oschwengers
18:08:25.634 - INFO - UTILS - command: /home/diego/miniconda3/envs/bakta/bin/bakta VFASICLA.fasta --complete --translation-table 11 --keep-contig-headers --compliant --threads 30 --output annotation_bakta/bakta_VFASICLA
18:08:25.634 - INFO - UTILS - local time: 2023-11-07 18:08:25
18:08:25.635 - INFO - UTILS - machine: type=x86_64, cores=32
18:08:25.635 - INFO - UTILS - system: type=Linux, release=6.5.0-10-generic
18:08:25.635 - INFO - UTILS - python: version=3.10.12, implementation=CPython
18:08:25.635 - INFO - CONFIG - threads=30
18:08:25.635 - INFO - CONFIG - verbose=False
18:08:25.635 - INFO - CONFIG - debug=False
18:08:25.635 - INFO - CONFIG - database: type=environment, path=/mnt/ssd/databases/bakta_db
18:08:25.635 - INFO - CONFIG - tmp-path=/tmp/tmppzhfrg2d
18:08:25.635 - INFO - CONFIG - genome-path=/home/diego/Documents/metagenomes/annotation_symbio_merge/annotation_Beta/genomes/VFASICLA.fasta
18:08:25.635 - INFO - CONFIG - min_contig_length=1
18:08:25.635 - INFO - CONFIG - prefix=VFASICLA
18:08:25.635 - INFO - CONFIG - output-path=/home/diego/Documents/metagenomes/annotation_symbio_merge/annotation_Beta/genomes/annotation_bakta/bakta_VFASICLA
18:08:25.635 - INFO - CONFIG - force=False
18:08:25.635 - INFO - CONFIG - genus=None
18:08:25.635 - INFO - CONFIG - species=None
18:08:25.635 - INFO - CONFIG - strain=None
18:08:25.636 - INFO - CONFIG - plasmid=None
18:08:25.636 - INFO - CONFIG - complete=True
18:08:25.636 - INFO - CONFIG - prodigal_tf=None
18:08:25.636 - INFO - CONFIG - translation_table=11
18:08:25.636 - INFO - CONFIG - gram=?
18:08:25.636 - INFO - CONFIG - compliant=True
18:08:25.636 - INFO - CONFIG - compliant mode! min_contig_length=200
18:08:25.636 - INFO - CONFIG - meta=False
18:08:25.636 - INFO - CONFIG - locus=None
18:08:25.636 - INFO - CONFIG - locus-tag=None
18:08:25.636 - INFO - CONFIG - keep_contig_headers=True
18:08:25.636 - INFO - CONFIG - replicon-table=None
18:08:25.636 - INFO - CONFIG - skip-tRNA=False
18:08:25.636 - INFO - CONFIG - skip-tmRNA=False
18:08:25.636 - INFO - CONFIG - skip-rRNA=False
18:08:25.636 - INFO - CONFIG - skip-ncRNA=False
18:08:25.636 - INFO - CONFIG - skip-ncRNA-region=False
18:08:25.636 - INFO - CONFIG - skip-CRISPR=False
18:08:25.636 - INFO - CONFIG - skip-CDS=False
18:08:25.636 - INFO - CONFIG - skip-pseudo=False
18:08:25.636 - INFO - CONFIG - skip-sORF=False
18:08:25.636 - INFO - CONFIG - skip-gap=False
18:08:25.636 - INFO - CONFIG - skip-ori=False
18:08:25.636 - INFO - CONFIG - skip-plot=False
18:08:25.636 - INFO - DB - detected: major=5, minor=0, type=full, date=2023-02-20
18:08:25.676 - INFO - UTILS - dependency: tool=tRNAscan-SE, version=v2.0.12, path=/home/diego/miniconda3/envs/bakta/bin/tRNAscan-SE
18:08:25.676 - INFO - UTILS - dependency: tool=Aragorn, version=v1.2.41, path=/home/diego/miniconda3/envs/bakta/bin/aragorn
18:08:25.678 - INFO - UTILS - dependency: tool=CMscan, version=v1.1.4, path=/home/diego/miniconda3/envs/bakta/bin/cmscan
18:08:25.679 - INFO - UTILS - dependency: tool=PilerCR, version=v1.6.0, path=/home/diego/miniconda3/envs/bakta/bin/pilercr
18:08:25.707 - INFO - UTILS - dependency: tool=Pyrodigal, version=v2.3.0, path=/home/diego/miniconda3/envs/bakta/bin/python
18:08:25.708 - INFO - UTILS - dependency: tool=AMRFinderPlus, version=v3.11.18, path=/home/diego/miniconda3/envs/bakta/bin/amrfinder
18:08:25.736 - INFO - UTILS - dependency: tool=Pyhmmer, version=v0.10.2, path=/home/diego/miniconda3/envs/bakta/bin/python
18:08:25.737 - INFO - UTILS - dependency: tool=Diamond, version=v2.1.8, path=/home/diego/miniconda3/envs/bakta/bin/diamond
18:08:25.772 - INFO - UTILS - dependency: tool=Blastn, version=v2.14.1, path=/home/diego/miniconda3/envs/bakta/bin/blastn
18:08:25.924 - INFO - UTILS - dependency: tool=Circos, version=v0.69.8, path=/home/diego/miniconda3/envs/bakta/bin/circos
18:08:25.935 - INFO - FASTA - imported: id=VFASICLA, length=119193, description=, genomic=True, dna=True
18:08:25.936 - INFO - MAIN - imported sequences=1
18:08:25.936 - INFO - UTILS - qc: revised sequence: id=VFASICLA, orig-id=, type=contig, complete=True, topology=circular, name=, description='', orig-description=''
18:08:25.936 - INFO - FASTA - write genome sequences: path=/tmp/tmppzhfrg2d/contigs.fna, description=False, wrap=False
18:08:30.422 - INFO - T_RNA - contig=VFASICLA, start=1193, stop=1263, strand=+, gene=trnW, product=tRNA-Trp(cca), score=53.5, nt=[AGAAACATAT..ACTGTTTCTG]
18:08:30.422 - INFO - T_RNA - contig=VFASICLA, start=13852, stop=13924, strand=+, gene=trnF, product=tRNA-Phe(gaa), score=72.5, nt=[GGTTTAATAG..TCTTAAACCA]
18:08:30.423 - INFO - T_RNA - contig=VFASICLA, start=18775, stop=18847, strand=+, gene=trnQ, product=tRNA-Gln(ttg), score=58.7, nt=[AGGGAAGTAG..ATCTTCCTTG]
18:08:30.423 - INFO - T_RNA - contig=VFASICLA, start=25630, stop=25713, strand=+, gene=trnS, product=tRNA-Ser(gct), score=56.3, nt=[AGAAACGTGG..ATCGTTTCTA]
18:08:30.423 - INFO - T_RNA - contig=VFASICLA, start=42973, stop=43178, strand=+, gene=None, product=tRNA-Xxx, score=40.6, nt=[AGGTCGTTAG..GCACGGCCTA]
18:08:30.423 - INFO - T_RNA - contig=VFASICLA, start=46114, stop=46186, strand=+, gene=trnL, product=tRNA-Leu(tag), score=56.9, nt=[ACAGAAATGG..TTTTTCTGTA]
18:08:30.423 - INFO - T_RNA - contig=VFASICLA, start=46187, stop=46269, strand=+, gene=trnS, product=tRNA-Ser(aga), score=65.2, nt=[AGAGTAATGG..TTTTACTCTA]
18:08:30.423 - INFO - T_RNA - contig=VFASICLA, start=58561, stop=58633, strand=+, gene=trnV, product=tRNA-Val(tac), score=53.7, nt=[AGGTATTTAA..TCAATACCTA]
18:08:30.423 - INFO - T_RNA - contig=VFASICLA, start=60335, stop=60407, strand=+, gene=trnR, product=tRNA-Arg(acg), score=55.1, nt=[GCAATTATAG..ATTAGTTGTT]
18:08:30.423 - INFO - T_RNA - contig=VFASICLA, start=66252, stop=66323, strand=+, gene=trnT, product=tRNA-Thr(tgt), score=46.4, nt=[GTCTAATTAG..TTATTAGACA]
18:08:30.423 - INFO - T_RNA - contig=VFASICLA, start=66324, stop=66397, strand=+, gene=trnH, product=tRNA-His(gtg), score=37.6, nt=[GATGATAATA..TTTATCATCT]
18:08:30.423 - INFO - T_RNA - contig=VFASICLA, start=71804, stop=71875, strand=+, gene=trnP, product=tRNA-Pro(tgg), score=53.6, nt=[CGAGAGATAT..ATTCTCTTGA]
18:08:30.423 - INFO - T_RNA - contig=VFASICLA, start=118958, stop=119040, strand=+, gene=trnY, product=tRNA-Tyr(gta), score=59.9, nt=[GGAGAAATGC..TCTTTCTTCA]
18:08:30.423 - INFO - T_RNA - contig=VFASICLA, start=119045, stop=119115, strand=+, gene=trnG, product=tRNA-Gly(tcc), score=51.7, nt=[GCGAATATAG..TTTATTCGCT]
18:08:30.423 - INFO - T_RNA - contig=VFASICLA, start=119116, stop=119188, strand=+, gene=trnT, product=tRNA-Thr(agt), score=53.7, nt=[GCATAAATAG..ATTTTATGCA]
18:08:30.423 - INFO - T_RNA - contig=VFASICLA, start=105390, stop=105461, strand=-, gene=trnA, product=tRNA-Ala(tgc), score=54.8, nt=[GGGGATATAA..GTTATCTCCA]
18:08:30.423 - INFO - T_RNA - contig=VFASICLA, start=105316, stop=105386, strand=-, gene=trnI, product=tRNA-Ile(gat), score=45.6, nt=[AGGTCTATAG..TTTAGGCCTA]
18:08:30.423 - INFO - T_RNA - contig=VFASICLA, start=80664, stop=80736, strand=-, gene=trnD, product=tRNA-Asp(gtc), score=57.8, nt=[GAAGTAATAT..GTTTACTTCT]
18:08:30.423 - INFO - T_RNA - contig=VFASICLA, start=71695, stop=71766, strand=-, gene=trnM, product=tRNA-Met(cat), score=62.1, nt=[TGTAAAATAG..ATTTTTACAA]
18:08:30.423 - INFO - T_RNA - contig=VFASICLA, start=71510, stop=71580, strand=-, gene=trnR, product=tRNA-Arg(tct), score=45.3, nt=[CTCCTTATAG..TGTAGGGAGG]
18:08:30.423 - INFO - T_RNA - contig=VFASICLA, start=70388, stop=70460, strand=-, gene=trnV, product=tRNA-Val(aac), score=50.7, nt=[AGGTTTGTAA..ATTAAACCTA]
18:08:30.423 - INFO - T_RNA - contig=VFASICLA, start=67310, stop=67382, strand=-, gene=trnK, product=tRNA-Lys(ctt), score=64.0, nt=[AAGTTGTTAG..GTACAACTTA]
18:08:30.423 - INFO - T_RNA - contig=VFASICLA, start=67237, stop=67309, strand=-, gene=trnK, product=tRNA-Lys(ttt), score=67.9, nt=[AGGTTGTTAG..GTACAACCTA]
18:08:30.423 - INFO - T_RNA - contig=VFASICLA, start=60189, stop=60273, strand=-, gene=trnS, product=tRNA-Ser(tga), score=56.5, nt=[TGAGATATGA..ATTATCTCAT]
18:08:30.423 - INFO - T_RNA - contig=VFASICLA, start=60115, stop=60188, strand=-, gene=trnL, product=tRNA-Leu(caa), score=53.1, nt=[ACTCAAGTGG..ATCTTGAGTA]
18:08:30.423 - INFO - T_RNA - contig=VFASICLA, start=51659, stop=51731, strand=-, gene=trnG, product=tRNA-Gly(gcc), score=41.8, nt=[GTGAAGATAT..GTTCTTCACT]
18:08:30.423 - INFO - T_RNA - contig=VFASICLA, start=50825, stop=50896, strand=-, gene=trnN, product=tRNA-Asn(gtt), score=54.5, nt=[TTCCTAATGG..AGTTAGGAAG]
18:08:30.424 - INFO - T_RNA - predicted=27
18:08:30.454 - INFO - TM_RNA - predicted=0
18:08:31.645 - INFO - R_RNA - contig=VFASICLA, start=105488, stop=106982, strand=-, gene=rrs, product=16S ribosomal RNA, length=1495, coverage=0.975, truncated=None, score=1218.5, evalue=8.1e-39, nt=[TTTTATATGA..TTTATTATAA]
18:08:31.645 - INFO - R_RNA - contig=VFASICLA, start=102496, stop=105308, strand=-, gene=rrl, product=23S ribosomal RNA, length=2813, coverage=0.962, truncated=None, score=2267.4, evalue=5.4e-05, nt=[ATTAAAGATT..TTTTTAATGA]
18:08:31.645 - INFO - R_RNA - predicted=2
18:08:32.321 - INFO - NC_RNA - predicted=0
18:08:32.517 - INFO - NC_RNA_REGION - predicted=0
18:08:32.561 - INFO - CRISPR - predicted=0
18:08:32.561 - INFO - CDS - create prodigal training info object: meta=False, closed=False
18:08:32.654 - INFO - CDS - contig=VFASICLA, start=1, stop=1194, strand=+, frame=1, truncated=5-prime, start-type=Edge, RBS-motif=None
18:08:32.654 - INFO - CDS - contig=VFASICLA, start=1357, stop=1671, strand=+, frame=1, truncated=no, start-type=GTG, RBS-motif=None
18:08:32.654 - INFO - CDS - contig=VFASICLA, start=1664, stop=2206, strand=+, frame=2, truncated=no, start-type=ATG, RBS-motif=None
18:08:32.654 - INFO - CDS - contig=VFASICLA, start=2208, stop=2654, strand=+, frame=3, truncated=no, start-type=ATG, RBS-motif=None
18:08:32.654 - INFO - CDS - contig=VFASICLA, start=2632, stop=2970, strand=+, frame=1, truncated=no, start-type=ATG, RBS-motif=TAA
18:08:32.654 - INFO - CDS - contig=VFASICLA, start=2964, stop=6293, strand=+, frame=3, truncated=no, start-type=ATG, RBS-motif=TAA
18:08:32.654 - INFO - CDS - contig=VFASICLA, start=6286, stop=10080, strand=+, frame=1, truncated=no, start-type=ATG, RBS-motif=TAA
18:08:32.654 - INFO - CDS - contig=VFASICLA, start=10034, stop=10411, strand=+, frame=2, truncated=no, start-type=ATG, RBS-motif=TAA
18:08:32.654 - INFO - CDS - contig=VFASICLA, start=10395, stop=10865, strand=+, frame=3, truncated=no, start-type=ATG, RBS-motif=TAA
18:08:32.654 - INFO - CDS - contig=VFASICLA, start=10865, stop=12919, strand=+, frame=2, truncated=no, start-type=ATG, RBS-motif=None
18:08:32.654 - INFO - CDS - contig=VFASICLA, start=12916, stop=13194, strand=+, frame=1, truncated=no, start-type=ATG, RBS-motif=None
18:08:32.654 - INFO - CDS - contig=VFASICLA, start=13184, stop=13393, strand=-, frame=3, truncated=no, start-type=ATG, RBS-motif=TAA
18:08:32.654 - INFO - CDS - contig=VFASICLA, start=13397, stop=13828, strand=+, frame=2, truncated=no, start-type=ATG, RBS-motif=TTAA
18:08:32.654 - INFO - CDS - contig=VFASICLA, start=14013, stop=14486, strand=-, frame=2, truncated=no, start-type=ATG, RBS-motif=TAA
18:08:32.654 - INFO - CDS - contig=VFASICLA, start=14464, stop=15459, strand=-, frame=1, truncated=no, start-type=ATG, RBS-motif=TTAA
18:08:32.654 - INFO - CDS - contig=VFASICLA, start=15469, stop=15849, strand=-, frame=1, truncated=no, start-type=ATG, RBS-motif=TAA
18:08:32.654 - INFO - CDS - contig=VFASICLA, start=15836, stop=16120, strand=-, frame=3, truncated=no, start-type=ATG, RBS-motif=TAA
18:08:32.654 - INFO - CDS - contig=VFASICLA, start=16110, stop=16871, strand=-, frame=2, truncated=no, start-type=ATG, RBS-motif=TAA
18:08:32.654 - INFO - CDS - contig=VFASICLA, start=16868, stop=17449, strand=-, frame=3, truncated=no, start-type=ATG, RBS-motif=TAA
18:08:32.654 - INFO - CDS - contig=VFASICLA, start=17449, stop=18738, strand=-, frame=1, truncated=no, start-type=ATG, RBS-motif=TTAA
18:08:32.654 - INFO - CDS - contig=VFASICLA, start=19300, stop=19713, strand=+, frame=1, truncated=no, start-type=TTG, RBS-motif=TAA
18:08:32.655 - INFO - CDS - contig=VFASICLA, start=19710, stop=20198, strand=+, frame=3, truncated=no, start-type=ATG, RBS-motif=TAA
18:08:32.655 - INFO - CDS - contig=VFASICLA, start=20195, stop=20722, strand=-, frame=3, truncated=no, start-type=ATG, RBS-motif=TAA
18:08:32.655 - INFO - CDS - contig=VFASICLA, start=20946, stop=22043, strand=+, frame=3, truncated=no, start-type=ATG, RBS-motif=TAA
18:08:32.655 - INFO - CDS - contig=VFASICLA, start=22032, stop=22781, strand=-, frame=2, truncated=no, start-type=ATG, RBS-motif=TTAA
18:08:32.655 - INFO - CDS - contig=VFASICLA, start=22757, stop=23623, strand=-, frame=3, truncated=no, start-type=ATG, RBS-motif=None
18:08:32.655 - INFO - CDS - contig=VFASICLA, start=23626, stop=24543, strand=+, frame=1, truncated=no, start-type=ATG, RBS-motif=TTAA
18:08:32.655 - INFO - CDS - contig=VFASICLA, start=24537, stop=25631, strand=+, frame=3, truncated=no, start-type=ATG, RBS-motif=TAA
18:08:32.655 - INFO - CDS - contig=VFASICLA, start=25711, stop=27756, strand=-, frame=1, truncated=no, start-type=ATG, RBS-motif=TTAA
18:08:32.655 - INFO - CDS - contig=VFASICLA, start=27987, stop=30173, strand=+, frame=3, truncated=no, start-type=ATG, RBS-motif=TAA
18:08:32.655 - INFO - CDS - contig=VFASICLA, start=30374, stop=31078, strand=+, frame=2, truncated=no, start-type=ATG, RBS-motif=None
18:08:32.655 - INFO - CDS - contig=VFASICLA, start=31075, stop=32154, strand=+, frame=1, truncated=no, start-type=ATG, RBS-motif=TTAA
18:08:32.655 - INFO - CDS - contig=VFASICLA, start=32119, stop=32838, strand=-, frame=1, truncated=no, start-type=ATG, RBS-motif=TTAA
18:08:32.655 - INFO - CDS - contig=VFASICLA, start=32816, stop=33526, strand=-, frame=3, truncated=no, start-type=ATG, RBS-motif=TTAA
18:08:32.655 - INFO - CDS - contig=VFASICLA, start=33484, stop=34368, strand=-, frame=1, truncated=no, start-type=ATG, RBS-motif=TTAA
18:08:32.655 - INFO - CDS - contig=VFASICLA, start=34310, stop=34873, strand=-, frame=3, truncated=no, start-type=ATG, RBS-motif=TTAA
18:08:32.655 - INFO - CDS - contig=VFASICLA, start=34870, stop=36123, strand=-, frame=1, truncated=no, start-type=ATG, RBS-motif=TTAA
18:08:32.655 - INFO - CDS - contig=VFASICLA, start=36077, stop=37495, strand=-, frame=3, truncated=no, start-type=ATG, RBS-motif=TAA
18:08:32.655 - INFO - CDS - contig=VFASICLA, start=37526, stop=38515, strand=-, frame=3, truncated=no, start-type=ATG, RBS-motif=TAA
18:08:32.655 - INFO - CDS - contig=VFASICLA, start=38679, stop=39875, strand=-, frame=2, truncated=no, start-type=ATG, RBS-motif=TTAA
18:08:32.655 - INFO - CDS - contig=VFASICLA, start=39865, stop=40539, strand=-, frame=1, truncated=no, start-type=ATG, RBS-motif=TTAA
18:08:32.655 - INFO - CDS - contig=VFASICLA, start=40748, stop=41869, strand=+, frame=2, truncated=no, start-type=ATG, RBS-motif=TAA
18:08:32.655 - INFO - CDS - contig=VFASICLA, start=41856, stop=42974, strand=+, frame=3, truncated=no, start-type=ATG, RBS-motif=TTAA
18:08:32.655 - INFO - CDS - contig=VFASICLA, start=43079, stop=43231, strand=+, frame=2, truncated=no, start-type=ATG, RBS-motif=TAA
18:08:32.655 - INFO - CDS - contig=VFASICLA, start=43180, stop=45996, strand=+, frame=1, truncated=no, start-type=ATG, RBS-motif=None
18:08:32.655 - INFO - CDS - contig=VFASICLA, start=45983, stop=46114, strand=+, frame=2, truncated=no, start-type=ATG, RBS-motif=TTAA
18:08:32.655 - INFO - CDS - contig=VFASICLA, start=46215, stop=47024, strand=+, frame=3, truncated=no, start-type=ATG, RBS-motif=TTAA
18:08:32.655 - INFO - CDS - contig=VFASICLA, start=46999, stop=48039, strand=+, frame=1, truncated=no, start-type=ATG, RBS-motif=TTAA
18:08:32.655 - INFO - CDS - contig=VFASICLA, start=47999, stop=48619, strand=+, frame=2, truncated=no, start-type=ATG, RBS-motif=TAA
18:08:32.655 - INFO - CDS - contig=VFASICLA, start=48606, stop=49736, strand=+, frame=3, truncated=no, start-type=ATG, RBS-motif=TAA
18:08:32.655 - INFO - CDS - contig=VFASICLA, start=49726, stop=50433, strand=+, frame=1, truncated=no, start-type=ATG, RBS-motif=None
18:08:32.655 - INFO - CDS - contig=VFASICLA, start=50402, stop=50605, strand=+, frame=2, truncated=no, start-type=ATG, RBS-motif=TAA
18:08:32.655 - INFO - CDS - contig=VFASICLA, start=50602, stop=50832, strand=+, frame=1, truncated=no, start-type=ATG, RBS-motif=TAA
18:08:32.655 - INFO - CDS - contig=VFASICLA, start=50898, stop=51488, strand=+, frame=3, truncated=no, start-type=ATG, RBS-motif=None
18:08:32.655 - INFO - CDS - contig=VFASICLA, start=51488, stop=51619, strand=+, frame=2, truncated=no, start-type=ATG, RBS-motif=TAA
18:08:32.655 - INFO - CDS - contig=VFASICLA, start=51728, stop=52243, strand=-, frame=3, truncated=no, start-type=ATG, RBS-motif=None
18:08:32.655 - INFO - CDS - contig=VFASICLA, start=52404, stop=53291, strand=+, frame=3, truncated=no, start-type=TTG, RBS-motif=TAA
18:08:32.655 - INFO - CDS - contig=VFASICLA, start=53288, stop=56404, strand=+, frame=2, truncated=no, start-type=ATG, RBS-motif=TAA
18:08:32.655 - INFO - CDS - contig=VFASICLA, start=56376, stop=56909, strand=+, frame=3, truncated=no, start-type=ATG, RBS-motif=TTAA
18:08:32.655 - INFO - CDS - contig=VFASICLA, start=56899, stop=57435, strand=+, frame=1, truncated=no, start-type=ATG, RBS-motif=TAA
18:08:32.655 - INFO - CDS - contig=VFASICLA, start=57432, stop=58562, strand=+, frame=3, truncated=no, start-type=ATG, RBS-motif=TAA
18:08:32.655 - INFO - CDS - contig=VFASICLA, start=58604, stop=59164, strand=+, frame=2, truncated=no, start-type=ATG, RBS-motif=None
18:08:32.655 - INFO - CDS - contig=VFASICLA, start=59139, stop=60143, strand=+, frame=3, truncated=no, start-type=ATG, RBS-motif=TAA
18:08:32.655 - INFO - CDS - contig=VFASICLA, start=60414, stop=60989, strand=+, frame=3, truncated=no, start-type=ATG, RBS-motif=TTAA
18:08:32.655 - INFO - CDS - contig=VFASICLA, start=60993, stop=62237, strand=+, frame=3, truncated=no, start-type=ATG, RBS-motif=TAA
18:08:32.655 - INFO - CDS - contig=VFASICLA, start=62237, stop=63199, strand=+, frame=2, truncated=no, start-type=ATG, RBS-motif=TTAA
18:08:32.655 - INFO - CDS - contig=VFASICLA, start=63196, stop=63753, strand=+, frame=1, truncated=no, start-type=ATG, RBS-motif=None
18:08:32.655 - INFO - CDS - contig=VFASICLA, start=63750, stop=64343, strand=+, frame=3, truncated=no, start-type=ATG, RBS-motif=None
18:08:32.655 - INFO - CDS - contig=VFASICLA, start=64340, stop=65026, strand=+, frame=2, truncated=no, start-type=ATG, RBS-motif=TAA
18:08:32.655 - INFO - CDS - contig=VFASICLA, start=65008, stop=65709, strand=+, frame=1, truncated=no, start-type=ATG, RBS-motif=TTAA
18:08:32.655 - INFO - CDS - contig=VFASICLA, start=65706, stop=66002, strand=+, frame=3, truncated=no, start-type=ATG, RBS-motif=TTAA
18:08:32.655 - INFO - CDS - contig=VFASICLA, start=65989, stop=66261, strand=+, frame=1, truncated=no, start-type=ATG, RBS-motif=TAA
18:08:32.655 - INFO - CDS - contig=VFASICLA, start=66403, stop=67239, strand=+, frame=1, truncated=no, start-type=ATG, RBS-motif=None
18:08:32.655 - INFO - CDS - contig=VFASICLA, start=67373, stop=68593, strand=-, frame=3, truncated=no, start-type=ATG, RBS-motif=TTAA
18:08:32.655 - INFO - CDS - contig=VFASICLA, start=68603, stop=69484, strand=-, frame=3, truncated=no, start-type=ATG, RBS-motif=None
18:08:32.655 - INFO - CDS - contig=VFASICLA, start=69462, stop=69806, strand=-, frame=2, truncated=no, start-type=ATG, RBS-motif=TAA
18:08:32.655 - INFO - CDS - contig=VFASICLA, start=69794, stop=69934, strand=-, frame=3, truncated=no, start-type=ATG, RBS-motif=TAA
18:08:32.655 - INFO - CDS - contig=VFASICLA, start=69931, stop=70386, strand=-, frame=1, truncated=no, start-type=ATG, RBS-motif=TTAA
18:08:32.655 - INFO - CDS - contig=VFASICLA, start=70459, stop=71502, strand=-, frame=1, truncated=no, start-type=TTG, RBS-motif=TAA
18:08:32.655 - INFO - CDS - contig=VFASICLA, start=71877, stop=72179, strand=+, frame=3, truncated=no, start-type=ATG, RBS-motif=None
18:08:32.655 - INFO - CDS - contig=VFASICLA, start=72147, stop=72620, strand=-, frame=2, truncated=no, start-type=ATG, RBS-motif=TAA
18:08:32.655 - INFO - CDS - contig=VFASICLA, start=72617, stop=73096, strand=-, frame=3, truncated=no, start-type=ATG, RBS-motif=TAA
18:08:32.655 - INFO - CDS - contig=VFASICLA, start=73084, stop=73569, strand=-, frame=1, truncated=no, start-type=ATG, RBS-motif=TAA
18:08:32.655 - INFO - CDS - contig=VFASICLA, start=73595, stop=74359, strand=+, frame=2, truncated=no, start-type=ATG, RBS-motif=TAA
18:08:32.655 - INFO - CDS - contig=VFASICLA, start=74356, stop=75372, strand=+, frame=1, truncated=no, start-type=ATG, RBS-motif=TTAA
18:08:32.655 - INFO - CDS - contig=VFASICLA, start=75359, stop=76618, strand=-, frame=3, truncated=no, start-type=ATG, RBS-motif=TAA
18:08:32.656 - INFO - CDS - contig=VFASICLA, start=76615, stop=77733, strand=-, frame=1, truncated=no, start-type=ATG, RBS-motif=TAA
18:08:32.656 - INFO - CDS - contig=VFASICLA, start=77730, stop=78923, strand=-, frame=2, truncated=no, start-type=ATG, RBS-motif=TAA
18:08:32.656 - INFO - CDS - contig=VFASICLA, start=78924, stop=79367, strand=-, frame=2, truncated=no, start-type=ATG, RBS-motif=None
18:08:32.656 - INFO - CDS - contig=VFASICLA, start=79390, stop=80430, strand=+, frame=1, truncated=no, start-type=ATG, RBS-motif=None
18:08:32.656 - INFO - CDS - contig=VFASICLA, start=80427, stop=80702, strand=+, frame=3, truncated=no, start-type=ATG, RBS-motif=TTAA
18:08:32.656 - INFO - CDS - contig=VFASICLA, start=80795, stop=81847, strand=-, frame=3, truncated=no, start-type=GTG, RBS-motif=None
18:08:32.656 - INFO - CDS - contig=VFASICLA, start=81897, stop=83162, strand=+, frame=3, truncated=no, start-type=ATG, RBS-motif=None
18:08:32.656 - INFO - CDS - contig=VFASICLA, start=83162, stop=84877, strand=+, frame=2, truncated=no, start-type=ATG, RBS-motif=None
18:08:32.656 - INFO - CDS - contig=VFASICLA, start=84900, stop=85136, strand=+, frame=3, truncated=no, start-type=ATG, RBS-motif=TAA
18:08:32.656 - INFO - CDS - contig=VFASICLA, start=85133, stop=86686, strand=+, frame=2, truncated=no, start-type=ATG, RBS-motif=TAA
18:08:32.656 - INFO - CDS - contig=VFASICLA, start=86704, stop=87966, strand=+, frame=1, truncated=no, start-type=ATG, RBS-motif=None
18:08:32.656 - INFO - CDS - contig=VFASICLA, start=87950, stop=89011, strand=-, frame=3, truncated=no, start-type=ATG, RBS-motif=TAA
18:08:32.656 - INFO - CDS - contig=VFASICLA, start=89129, stop=89749, strand=+, frame=2, truncated=no, start-type=ATG, RBS-motif=None
18:08:32.656 - INFO - CDS - contig=VFASICLA, start=89730, stop=90710, strand=-, frame=2, truncated=no, start-type=ATG, RBS-motif=TAA
18:08:32.656 - INFO - CDS - contig=VFASICLA, start=90710, stop=92479, strand=-, frame=3, truncated=no, start-type=ATG, RBS-motif=TAA
18:08:32.656 - INFO - CDS - contig=VFASICLA, start=92561, stop=93535, strand=+, frame=2, truncated=no, start-type=ATG, RBS-motif=TAA
18:08:32.656 - INFO - CDS - contig=VFASICLA, start=93532, stop=94512, strand=-, frame=1, truncated=no, start-type=ATG, RBS-motif=TAA
18:08:32.656 - INFO - CDS - contig=VFASICLA, start=94481, stop=95011, strand=-, frame=3, truncated=no, start-type=ATG, RBS-motif=TAA
18:08:32.656 - INFO - CDS - contig=VFASICLA, start=94989, stop=96887, strand=-, frame=2, truncated=no, start-type=ATG, RBS-motif=TTAA
18:08:32.656 - INFO - CDS - contig=VFASICLA, start=96884, stop=97441, strand=-, frame=3, truncated=no, start-type=ATG, RBS-motif=TAA
18:08:32.656 - INFO - CDS - contig=VFASICLA, start=97425, stop=98633, strand=-, frame=2, truncated=no, start-type=ATG, RBS-motif=TTAA
18:08:32.656 - INFO - CDS - contig=VFASICLA, start=98605, stop=99318, strand=-, frame=1, truncated=no, start-type=ATG, RBS-motif=TAA
18:08:32.656 - INFO - CDS - contig=VFASICLA, start=99353, stop=99736, strand=+, frame=2, truncated=no, start-type=ATG, RBS-motif=TAA
18:08:32.656 - INFO - CDS - contig=VFASICLA, start=99709, stop=100164, strand=-, frame=1, truncated=no, start-type=ATG, RBS-motif=None
18:08:32.656 - INFO - CDS - contig=VFASICLA, start=100136, stop=100402, strand=-, frame=3, truncated=no, start-type=ATG, RBS-motif=TTAA
18:08:32.656 - INFO - CDS - contig=VFASICLA, start=100372, stop=100680, strand=-, frame=1, truncated=no, start-type=ATG, RBS-motif=TAA
18:08:32.656 - INFO - CDS - contig=VFASICLA, start=100677, stop=101162, strand=-, frame=2, truncated=no, start-type=ATG, RBS-motif=TTAA
18:08:32.656 - INFO - CDS - contig=VFASICLA, start=101171, stop=102376, strand=+, frame=2, truncated=no, start-type=ATG, RBS-motif=TTAA
18:08:32.656 - INFO - CDS - contig=VFASICLA, start=107086, stop=107502, strand=+, frame=1, truncated=no, start-type=ATG, RBS-motif=None
18:08:32.656 - INFO - CDS - contig=VFASICLA, start=107483, stop=107974, strand=+, frame=2, truncated=no, start-type=ATG, RBS-motif=None
18:08:32.656 - INFO - CDS - contig=VFASICLA, start=107922, stop=108161, strand=+, frame=3, truncated=no, start-type=ATG, RBS-motif=TAA
18:08:32.656 - INFO - CDS - contig=VFASICLA, start=108158, stop=108958, strand=+, frame=2, truncated=no, start-type=ATG, RBS-motif=TTAA
18:08:32.656 - INFO - CDS - contig=VFASICLA, start=108955, stop=109218, strand=+, frame=1, truncated=no, start-type=ATG, RBS-motif=TTAA
18:08:32.656 - INFO - CDS - contig=VFASICLA, start=109211, stop=109507, strand=+, frame=2, truncated=no, start-type=ATG, RBS-motif=TAA
18:08:32.656 - INFO - CDS - contig=VFASICLA, start=109497, stop=110102, strand=+, frame=3, truncated=no, start-type=ATG, RBS-motif=None
18:08:32.656 - INFO - CDS - contig=VFASICLA, start=110104, stop=110523, strand=+, frame=1, truncated=no, start-type=ATG, RBS-motif=TAA
18:08:32.656 - INFO - CDS - contig=VFASICLA, start=110523, stop=110645, strand=+, frame=3, truncated=no, start-type=ATG, RBS-motif=TTAA
18:08:32.656 - INFO - CDS - contig=VFASICLA, start=110620, stop=110841, strand=+, frame=1, truncated=no, start-type=ATG, RBS-motif=TAA
18:08:32.656 - INFO - CDS - contig=VFASICLA, start=110838, stop=111215, strand=+, frame=3, truncated=no, start-type=ATG, RBS-motif=TTAA
18:08:32.656 - INFO - CDS - contig=VFASICLA, start=111212, stop=111376, strand=+, frame=2, truncated=no, start-type=ATG, RBS-motif=TAA
18:08:32.656 - INFO - CDS - contig=VFASICLA, start=111360, stop=111941, strand=+, frame=3, truncated=no, start-type=ATG, RBS-motif=TTAA
18:08:32.656 - INFO - CDS - contig=VFASICLA, start=111948, stop=112196, strand=+, frame=3, truncated=no, start-type=ATG, RBS-motif=TAA
18:08:32.656 - INFO - CDS - contig=VFASICLA, start=112196, stop=112573, strand=+, frame=2, truncated=no, start-type=ATG, RBS-motif=TAA
18:08:32.656 - INFO - CDS - contig=VFASICLA, start=112577, stop=113089, strand=+, frame=2, truncated=no, start-type=ATG, RBS-motif=TTAA
18:08:32.656 - INFO - CDS - contig=VFASICLA, start=113086, stop=113322, strand=+, frame=1, truncated=no, start-type=ATG, RBS-motif=None
18:08:32.656 - INFO - CDS - contig=VFASICLA, start=113319, stop=113711, strand=+, frame=3, truncated=no, start-type=ATG, RBS-motif=TAA
18:08:32.656 - INFO - CDS - contig=VFASICLA, start=113701, stop=114024, strand=+, frame=1, truncated=no, start-type=ATG, RBS-motif=TAA
18:08:32.656 - INFO - CDS - contig=VFASICLA, start=114011, stop=114238, strand=+, frame=2, truncated=no, start-type=ATG, RBS-motif=None
18:08:32.656 - INFO - CDS - contig=VFASICLA, start=114235, stop=114348, strand=+, frame=1, truncated=no, start-type=ATG, RBS-motif=None
18:08:32.656 - INFO - CDS - contig=VFASICLA, start=114345, stop=114704, strand=+, frame=3, truncated=no, start-type=ATG, RBS-motif=TAA
18:08:32.656 - INFO - CDS - contig=VFASICLA, start=114697, stop=115035, strand=+, frame=1, truncated=no, start-type=ATG, RBS-motif=None
18:08:32.656 - INFO - CDS - contig=VFASICLA, start=115032, stop=115424, strand=+, frame=3, truncated=no, start-type=ATG, RBS-motif=TAA
18:08:32.656 - INFO - CDS - contig=VFASICLA, start=115424, stop=116071, strand=+, frame=2, truncated=no, start-type=ATG, RBS-motif=None
18:08:32.656 - INFO - CDS - contig=VFASICLA, start=116061, stop=116324, strand=+, frame=3, truncated=no, start-type=ATG, RBS-motif=None
18:08:32.656 - INFO - CDS - contig=VFASICLA, start=116321, stop=117472, strand=-, frame=3, truncated=no, start-type=ATG, RBS-motif=TAA
18:08:32.656 - INFO - CDS - contig=VFASICLA, start=117489, stop=117893, strand=+, frame=3, truncated=no, start-type=ATG, RBS-motif=None
18:08:32.656 - INFO - CDS - contig=VFASICLA, start=117890, stop=118882, strand=+, frame=2, truncated=no, start-type=ATG, RBS-motif=None
18:08:32.656 - INFO - CDS - truncated CDS: contig=VFASICLA, start=1, stop=1194, strand=+, frame=1, truncated=5-prime, start-type=Edge, RBS-motif=None, aa-hexdigest=99e2f49d1fe96045f0f39e7602af6e0e, aa=[MSKLVFQRGK..IGAGVITEIL]
18:08:32.656 - INFO - CDS - contig=VFASICLA, start=1357, stop=1671, strand=+, nt=[GTGAATGAGT..TAATGAATAA]
18:08:32.656 - INFO - CDS - contig=VFASICLA, start=1664, stop=2206, strand=+, nt=[ATGAATAAGT..AGATTTTTAA]
18:08:32.656 - INFO - CDS - contig=VFASICLA, start=2208, stop=2654, strand=+, nt=[ATGTATGATA..AAATATTTAA]
18:08:32.656 - INFO - CDS - contig=VFASICLA, start=2632, stop=2970, strand=+, nt=[ATGAAAGTAG..AAAATGTTAA]
18:08:32.656 - INFO - CDS - contig=VFASICLA, start=2964, stop=6293, strand=+, nt=[ATGTTAAATT..ATATGAATAA]
18:08:32.656 - INFO - CDS - contig=VFASICLA, start=6286, stop=10080, strand=+, nt=[ATGAATAAGA..AAAAAAATAA]
18:08:32.656 - INFO - CDS - contig=VFASICLA, start=10034, stop=10411, strand=+, nt=[ATGACAATAA..GAAGAATTAA]
18:08:32.656 - INFO - CDS - contig=VFASICLA, start=10395, stop=10865, strand=+, nt=[ATGTCAAGAA..TTTATATTGA]
18:08:32.656 - INFO - CDS - contig=VFASICLA, start=10865, stop=12919, strand=+, nt=[ATGAATACAA..AAAAATATGA]
18:08:32.656 - INFO - CDS - contig=VFASICLA, start=12916, stop=13194, strand=+, nt=[ATGAAAATTA..TATAATATAA]
18:08:32.656 - INFO - CDS - contig=VFASICLA, start=13184, stop=13393, strand=-, nt=[ATGTTAACTG..TATATTATAG]
18:08:32.656 - INFO - CDS - contig=VFASICLA, start=13397, stop=13828, strand=+, nt=[ATGAATATAT..TAAAAAATAA]
18:08:32.656 - INFO - CDS - contig=VFASICLA, start=14013, stop=14486, strand=-, nt=[ATGTTAGGAA..ATTAAGGTAA]
18:08:32.656 - INFO - CDS - contig=VFASICLA, start=14464, stop=15459, strand=-, nt=[ATGATATATA..ACTTTGCTAA]
18:08:32.656 - INFO - CDS - contig=VFASICLA, start=15469, stop=15849, strand=-, nt=[ATGTTAGGAT..AAAGAGATAA]
18:08:32.656 - INFO - CDS - contig=VFASICLA, start=15836, stop=16120, strand=-, nt=[ATGATAATTA..TAGGATTTAA]
18:08:32.656 - INFO - CDS - contig=VFASICLA, start=16110, stop=16871, strand=-, nt=[ATGAAACTTT..TGATAATTAA]
18:08:32.657 - INFO - CDS - contig=VFASICLA, start=16868, stop=17449, strand=-, nt=[ATGAAAAGTA..AAAAAAATGA]
18:08:32.657 - INFO - CDS - contig=VFASICLA, start=17449, stop=18738, strand=-, nt=[ATGAAAAATA..TCAAAGTTAA]
18:08:32.657 - INFO - CDS - contig=VFASICLA, start=19300, stop=19713, strand=+, nt=[TTGAAAAAAA..TAAATTATGA]
18:08:32.657 - INFO - CDS - contig=VFASICLA, start=19710, stop=20198, strand=+, nt=[ATGAAAAAAA..AACTATTTAA]
18:08:32.657 - INFO - CDS - contig=VFASICLA, start=20195, stop=20722, strand=-, nt=[ATGAATAATA..AATAGATTAA]
18:08:32.657 - INFO - CDS - contig=VFASICLA, start=20946, stop=22043, strand=+, nt=[ATGAAAAATA..AATTAAATAA]
18:08:32.657 - INFO - CDS - contig=VFASICLA, start=22032, stop=22781, strand=-, nt=[ATGGGAAAAA..ATTTAATTAG]
18:08:32.657 - INFO - CDS - contig=VFASICLA, start=22757, stop=23623, strand=-, nt=[ATGAATTTAA..ATTAATATAA]
18:08:32.657 - INFO - CDS - contig=VFASICLA, start=23626, stop=24543, strand=+, nt=[ATGATAGATT..AATATGTTAG]
18:08:32.657 - INFO - CDS - contig=VFASICLA, start=24537, stop=25631, strand=+, nt=[ATGTTAGTTG..TCTAAAATAG]
18:08:32.657 - INFO - CDS - contig=VFASICLA, start=25711, stop=27756, strand=-, nt=[ATGATAAATT..ATATATATAG]
18:08:32.657 - INFO - CDS - contig=VFASICLA, start=27987, stop=30173, strand=+, nt=[ATGTTAAGAA..AAATTTATAA]
18:08:32.657 - INFO - CDS - contig=VFASICLA, start=30374, stop=31078, strand=+, nt=[ATGATAAATA..ATTTTCATGA]
18:08:32.657 - INFO - CDS - contig=VFASICLA, start=31075, stop=32154, strand=+, nt=[ATGAAAAAAA..GCTTTTCTAA]
18:08:32.657 - INFO - CDS - contig=VFASICLA, start=32119, stop=32838, strand=-, nt=[ATGAATCTGT..CTTGGTTTAA]
18:08:32.657 - INFO - CDS - contig=VFASICLA, start=32816, stop=33526, strand=-, nt=[ATGTTTATTT..TAGAAATTAA]
18:08:32.657 - INFO - CDS - contig=VFASICLA, start=33484, stop=34368, strand=-, nt=[ATGTCATCTA..AGAGAGTTGA]
18:08:32.657 - INFO - CDS - contig=VFASICLA, start=34310, stop=34873, strand=-, nt=[ATGATTATTA..ACTTAAATAA]
18:08:32.657 - INFO - CDS - contig=VFASICLA, start=34870, stop=36123, strand=-, nt=[ATGAAATTTT..TAAGTTATGA]
18:08:32.657 - INFO - CDS - contig=VFASICLA, start=36077, stop=37495, strand=-, nt=[ATGAAAAAAA..TAAAAAATAA]
18:08:32.657 - INFO - CDS - contig=VFASICLA, start=37526, stop=38515, strand=-, nt=[ATGAAAAAAA..TAGTATATAA]
18:08:32.657 - INFO - CDS - contig=VFASICLA, start=38679, stop=39875, strand=-, nt=[ATGAATACTA..TATTAATTAG]
18:08:32.657 - INFO - CDS - contig=VFASICLA, start=39865, stop=40539, strand=-, nt=[ATGTATTTTA..TGAATACTAG]
18:08:32.657 - INFO - CDS - contig=VFASICLA, start=40748, stop=41869, strand=+, nt=[ATGAAAAAAC..AAAAAAATAA]
18:08:32.657 - INFO - CDS - contig=VFASICLA, start=41856, stop=42974, strand=+, nt=[ATGAAAAAAA..TATGTCTTAG]
18:08:32.657 - INFO - CDS - contig=VFASICLA, start=43079, stop=43231, strand=+, nt=[ATGTGTAGAG..GGGTATATGA]
18:08:32.657 - INFO - CDS - contig=VFASICLA, start=43180, stop=45996, strand=+, nt=[ATGTTTAATT..AACTGATTAA]
18:08:32.657 - INFO - CDS - contig=VFASICLA, start=45983, stop=46114, strand=+, nt=[ATGAAACTGA..AAATAAATAA]
18:08:32.657 - INFO - CDS - contig=VFASICLA, start=46215, stop=47024, strand=+, nt=[ATGTCTAGAA..TAGGATCTAG]
18:08:32.657 - INFO - CDS - contig=VFASICLA, start=46999, stop=48039, strand=+, nt=[ATGAAAACAG..TAAGAAATAG]
18:08:32.657 - INFO - CDS - contig=VFASICLA, start=47999, stop=48619, strand=+, nt=[ATGAACAATA..TTCCCGATAA]
18:08:32.657 - INFO - CDS - contig=VFASICLA, start=48606, stop=49736, strand=+, nt=[ATGATTCCCG..TGTGCTTTAA]
18:08:32.657 - INFO - CDS - contig=VFASICLA, start=49726, stop=50433, strand=+, nt=[ATGTGCTTTA..GAAAATTTAA]
18:08:32.657 - INFO - CDS - contig=VFASICLA, start=50402, stop=50605, strand=+, nt=[ATGTTAAAAA..GTTAATATGA]
18:08:32.657 - INFO - CDS - contig=VFASICLA, start=50602, stop=50832, strand=+, nt=[ATGATTTATA..AACTTCCTAA]
18:08:32.657 - INFO - CDS - contig=VFASICLA, start=50898, stop=51488, strand=+, nt=[ATGAAAATAA..AACATTCTAA]
18:08:32.657 - INFO - CDS - contig=VFASICLA, start=51488, stop=51619, strand=+, nt=[ATGGCTGTAC..GTATTTTTAG]
18:08:32.657 - INFO - CDS - contig=VFASICLA, start=51728, stop=52243, strand=-, nt=[ATGTACATTA..AATTCTGTGA]
18:08:32.657 - INFO - CDS - contig=VFASICLA, start=52404, stop=53291, strand=+, nt=[TTGATATTTA..GAAAATATGA]
18:08:32.657 - INFO - CDS - contig=VFASICLA, start=53288, stop=56404, strand=+, nt=[ATGAAAGTTT..AAGCATATAA]
18:08:32.657 - INFO - CDS - contig=VFASICLA, start=56376, stop=56909, strand=+, nt=[ATGTTTGTAA..TGAAATTTGA]
18:08:32.657 - INFO - CDS - contig=VFASICLA, start=56899, stop=57435, strand=+, nt=[ATGAAATTTG..AATAATATGA]
18:08:32.657 - INFO - CDS - contig=VFASICLA, start=57432, stop=58562, strand=+, nt=[ATGAATAAAA..TATAAAATAG]
18:08:32.657 - INFO - CDS - contig=VFASICLA, start=58604, stop=59164, strand=+, nt=[ATGACGAGAG..AAAAATATAG]
18:08:32.657 - INFO - CDS - contig=VFASICLA, start=59139, stop=60143, strand=+, nt=[ATGAATTCAT..ACCGATATAA]
18:08:32.657 - INFO - CDS - contig=VFASICLA, start=60414, stop=60989, strand=+, nt=[ATGATTATCG..ATTTAAATAA]
18:08:32.657 - INFO - CDS - contig=VFASICLA, start=60993, stop=62237, strand=+, nt=[ATGAGAATTA..AAGAAAATAA]
18:08:32.657 - INFO - CDS - contig=VFASICLA, start=62237, stop=63199, strand=+, nt=[ATGAAATATA..TATAAAATGA]
18:08:32.657 - INFO - CDS - contig=VFASICLA, start=63196, stop=63753, strand=+, nt=[ATGAAAAAAT..ATCAAAATGA]
18:08:32.657 - INFO - CDS - contig=VFASICLA, start=63750, stop=64343, strand=+, nt=[ATGATAGGAA..AAAACTATGA]
18:08:32.657 - INFO - CDS - contig=VFASICLA, start=64340, stop=65026, strand=+, nt=[ATGAAATTAT..AAAAGATTAA]
18:08:32.657 - INFO - CDS - contig=VFASICLA, start=65008, stop=65709, strand=+, nt=[ATGTTTTATA..TAATAAATGA]
18:08:32.657 - INFO - CDS - contig=VFASICLA, start=65706, stop=66002, strand=+, nt=[ATGAAAAAAT..AAATTTTTAA]
18:08:32.657 - INFO - CDS - contig=VFASICLA, start=65989, stop=66261, strand=+, nt=[ATGAAAATTT..GTCTAATTAG]
18:08:32.657 - INFO - CDS - contig=VFASICLA, start=66403, stop=67239, strand=+, nt=[ATGAACTATA..AAATAATTAG]
18:08:32.657 - INFO - CDS - contig=VFASICLA, start=67373, stop=68593, strand=-, nt=[ATGTACGATA..AAGTTGTTAG]
18:08:32.657 - INFO - CDS - contig=VFASICLA, start=68603, stop=69484, strand=-, nt=[ATGAAATTAG..TGATGTTTAA]
18:08:32.657 - INFO - CDS - contig=VFASICLA, start=69462, stop=69806, strand=-, nt=[ATGTCCAGAG..TTTTTTTTAA]
18:08:32.657 - INFO - CDS - contig=VFASICLA, start=69794, stop=69934, strand=-, nt=[ATGAAAAAAA..TCCAGAGTAA]
18:08:32.657 - INFO - CDS - contig=VFASICLA, start=69931, stop=70386, strand=-, nt=[ATGGATATCT..TCCAAAATGA]
18:08:32.657 - INFO - CDS - contig=VFASICLA, start=70459, stop=71502, strand=-, nt=[TTGAATAATT..TTTTTTTTAG]
18:08:32.657 - INFO - CDS - contig=VFASICLA, start=71877, stop=72179, strand=+, nt=[ATGATTTTTA..AGTTTTTTAA]
18:08:32.657 - INFO - CDS - contig=VFASICLA, start=72147, stop=72620, strand=-, nt=[ATGAAAGAAA..TTTTTATTAG]
18:08:32.657 - INFO - CDS - contig=VFASICLA, start=72617, stop=73096, strand=-, nt=[ATGGAGAAAT..TAAAGTATGA]
18:08:32.657 - INFO - CDS - contig=VFASICLA, start=73084, stop=73569, strand=-, nt=[ATGTATAAAA..GAGAAATTAA]
18:08:32.657 - INFO - CDS - contig=VFASICLA, start=73595, stop=74359, strand=+, nt=[ATGAATATAA..AAGAAAATGA]
18:08:32.657 - INFO - CDS - contig=VFASICLA, start=74356, stop=75372, strand=+, nt=[ATGAATAATT..AAATTTTTAA]
18:08:32.657 - INFO - CDS - contig=VFASICLA, start=75359, stop=76618, strand=-, nt=[ATGAAATATT..AAATTTATAA]
18:08:32.657 - INFO - CDS - contig=VFASICLA, start=76615, stop=77733, strand=-, nt=[ATGAAATATT..TAAAATATGA]
18:08:32.657 - INFO - CDS - contig=VFASICLA, start=77730, stop=78923, strand=-, nt=[ATGATTTTTT..TGAGGAATGA]
18:08:32.657 - INFO - CDS - contig=VFASICLA, start=78924, stop=79367, strand=-, nt=[ATGAATTATG..TTATAAATAA]
18:08:32.657 - INFO - CDS - contig=VFASICLA, start=79390, stop=80430, strand=+, nt=[ATGCCAAACA..AATAAAATGA]
18:08:32.657 - INFO - CDS - contig=VFASICLA, start=80427, stop=80702, strand=+, nt=[ATGAAAAAAA..ATTGATTTGA]
18:08:32.657 - INFO - CDS - contig=VFASICLA, start=80795, stop=81847, strand=-, nt=[GTGAAAAGTG..TTTCATCTAA]
18:08:32.657 - INFO - CDS - contig=VFASICLA, start=81897, stop=83162, strand=+, nt=[ATGAAAAAAT..AGGAAAATAA]
18:08:32.657 - INFO - CDS - contig=VFASICLA, start=83162, stop=84877, strand=+, nt=[ATGAAAGTAA..TACTTATTAA]
18:08:32.657 - INFO - CDS - contig=VFASICLA, start=84900, stop=85136, strand=+, nt=[ATGAAAATAA..AATAAAATGA]
18:08:32.657 - INFO - CDS - contig=VFASICLA, start=85133, stop=86686, strand=+, nt=[ATGATAAAAT..AAAAACATAG]
18:08:32.657 - INFO - CDS - contig=VFASICLA, start=86704, stop=87966, strand=+, nt=[ATGAATAAAA..TTTTCTATAG]
18:08:32.657 - INFO - CDS - contig=VFASICLA, start=87950, stop=89011, strand=-, nt=[ATGAAAAAAA..AAACTTTTAA]
18:08:32.657 - INFO - CDS - contig=VFASICLA, start=89129, stop=89749, strand=+, nt=[ATGAATAAAA..AAAGATTTAA]
18:08:32.657 - INFO - CDS - contig=VFASICLA, start=89730, stop=90710, strand=-, nt=[ATGAAAGACT..AATGAAATAA]
18:08:32.657 - INFO - CDS - contig=VFASICLA, start=90710, stop=92479, strand=-, nt=[ATGATAATAG..TATAAATTAA]
18:08:32.657 - INFO - CDS - contig=VFASICLA, start=92561, stop=93535, strand=+, nt=[ATGAAAATAA..TAATATTTAA]
18:08:32.657 - INFO - CDS - contig=VFASICLA, start=93532, stop=94512, strand=-, nt=[ATGATTGTCT..TAATTATTAA]
18:08:32.657 - INFO - CDS - contig=VFASICLA, start=94481, stop=95011, strand=-, nt=[ATGTTAAGAA..GAGGAGTTGA]
18:08:32.657 - INFO - CDS - contig=VFASICLA, start=94989, stop=96887, strand=-, nt=[ATGAAATATT..TAGTTATTGA]
18:08:32.657 - INFO - CDS - contig=VFASICLA, start=96884, stop=97441, strand=-, nt=[ATGAGATTAA..AATAATATGA]
18:08:32.657 - INFO - CDS - contig=VFASICLA, start=97425, stop=98633, strand=-, nt=[ATGAAAAAAG..TAAAAATTAA]
18:08:32.657 - INFO - CDS - contig=VFASICLA, start=98605, stop=99318, strand=-, nt=[ATGAATAAAA..AATATCATAA]
18:08:32.657 - INFO - CDS - contig=VFASICLA, start=99353, stop=99736, strand=+, nt=[ATGTTAGGTA..TAATTTATAA]
18:08:32.657 - INFO - CDS - contig=VFASICLA, start=99709, stop=100164, strand=-, nt=[ATGAAAATTA..ATTAATATAA]
18:08:32.657 - INFO - CDS - contig=VFASICLA, start=100136, stop=100402, strand=-, nt=[ATGGCAAAAA..TAGAATATAA]
18:08:32.657 - INFO - CDS - contig=VFASICLA, start=100372, stop=100680, strand=-, nt=[ATGATATTCT..GGATCGTTAA]
18:08:32.657 - INFO - CDS - contig=VFASICLA, start=100677, stop=101162, strand=-, nt=[ATGAGACACA..ATTAAAATGA]
18:08:32.657 - INFO - CDS - contig=VFASICLA, start=101171, stop=102376, strand=+, nt=[ATGATAATAA..AAGTGTCTGA]
18:08:32.657 - INFO - CDS - contig=VFASICLA, start=107086, stop=107502, strand=+, nt=[ATGAAAAAAA..AAGTAGATAA]
18:08:32.657 - INFO - CDS - contig=VFASICLA, start=107483, stop=107974, strand=+, nt=[ATGAAAATCA..TAATATATAA]
18:08:32.657 - INFO - CDS - contig=VFASICLA, start=107922, stop=108161, strand=+, nt=[ATGAAAAATT..AAAAATATGA]
18:08:32.657 - INFO - CDS - contig=VFASICLA, start=108158, stop=108958, strand=+, nt=[ATGAATTTAA..AATTAAATGA]
18:08:32.657 - INFO - CDS - contig=VFASICLA, start=108955, stop=109218, strand=+, nt=[ATGAAAATAC..AAATGTTTAG]
18:08:32.657 - INFO - CDS - contig=VFASICLA, start=109211, stop=109507, strand=+, nt=[ATGTTTAGTT..TGGGAAATAA]
18:08:32.657 - INFO - CDS - contig=VFASICLA, start=109497, stop=110102, strand=+, nt=[ATGGGAAATA..AAATTTTTAA]
18:08:32.658 - INFO - CDS - contig=VFASICLA, start=110104, stop=110523, strand=+, nt=[ATGAAATTTT..TTTTAAATAA]
18:08:32.658 - INFO - CDS - contig=VFASICLA, start=110523, stop=110645, strand=+, nt=[ATGAAAATTA..TAAAGTTTAG]
18:08:32.658 - INFO - CDS - contig=VFASICLA, start=110620, stop=110841, strand=+, nt=[ATGATTGGAA..TTTAAAATGA]
18:08:32.658 - INFO - CDS - contig=VFASICLA, start=110838, stop=111215, strand=+, nt=[ATGATACAAA..AATAATATGA]
18:08:32.658 - INFO - CDS - contig=VFASICLA, start=111212, stop=111376, strand=+, nt=[ATGAAAATAT..TATATACTAA]
18:08:32.658 - INFO - CDS - contig=VFASICLA, start=111360, stop=111941, strand=+, nt=[ATGTATATAT..AACATTATAA]
18:08:32.658 - INFO - CDS - contig=VFASICLA, start=111948, stop=112196, strand=+, nt=[ATGTCAAAAA..TAGTTGGTAA]
18:08:32.658 - INFO - CDS - contig=VFASICLA, start=112196, stop=112573, strand=+, nt=[ATGAATTATA..TATATTTTAA]
18:08:32.658 - INFO - CDS - contig=VFASICLA, start=112577, stop=113089, strand=+, nt=[ATGTCTAAAA..AAAAAAATGA]
18:08:32.658 - INFO - CDS - contig=VFASICLA, start=113086, stop=113322, strand=+, nt=[ATGATTTTAA..TAATAAATGA]
18:08:32.658 - INFO - CDS - contig=VFASICLA, start=113319, stop=113711, strand=+, nt=[ATGATATCTA..TGATAATTAA]
18:08:32.658 - INFO - CDS - contig=VFASICLA, start=113701, stop=114024, strand=+, nt=[ATGATAATTA..TAATTTTTAA]
18:08:32.658 - INFO - CDS - contig=VFASICLA, start=114011, stop=114238, strand=+, nt=[ATGTTAATTT..ATTAAAATGA]
18:08:32.658 - INFO - CDS - contig=VFASICLA, start=114235, stop=114348, strand=+, nt=[ATGAAGGTTT..ACAAGGATGA]
18:08:32.658 - INFO - CDS - contig=VFASICLA, start=114345, stop=114704, strand=+, nt=[ATGAAGTTTT..AAATGTATAG]
18:08:32.658 - INFO - CDS - contig=VFASICLA, start=114697, stop=115035, strand=+, nt=[ATGTATAGTT..AAGGGTATGA]
18:08:32.658 - INFO - CDS - contig=VFASICLA, start=115032, stop=115424, strand=+, nt=[ATGAAAAGAT..TACTTTTTAA]
18:08:32.658 - INFO - CDS - contig=VFASICLA, start=115424, stop=116071, strand=+, nt=[ATGTATAATA..TGAGACATAA]
18:08:32.658 - INFO - CDS - contig=VFASICLA, start=116061, stop=116324, strand=+, nt=[ATGAGACATA..AAAAAATTAA]
18:08:32.658 - INFO - CDS - contig=VFASICLA, start=116321, stop=117472, strand=-, nt=[ATGTTTGAAT..AAATATTTAA]
18:08:32.658 - INFO - CDS - contig=VFASICLA, start=117489, stop=117893, strand=+, nt=[ATGAATTCTG..TTTAAAATGA]
18:08:32.658 - INFO - CDS - contig=VFASICLA, start=117890, stop=118882, strand=+, nt=[ATGATTAAAA..GTTTTTTTAA]
18:08:32.658 - INFO - CDS - contig=VFASICLA, start=1, stop=1194, strand=+, nt=[ATGTCAAAGT..AATATTGTAG]
18:08:32.673 - INFO - CDS - predicted=143
18:08:32.710 - INFO - ORF - discarded=0
18:08:32.780 - INFO - UPS - looked-up=0
18:08:32.781 - INFO - IPS - looked-up=0
18:08:32.781 - INFO - ORF - write internal aa seqs: # seqs=143, path=/tmp/tmppzhfrg2d/cds.psc.faa
18:09:11.750 - INFO - PSC - found: PSC=0, PSCC=40
18:09:11.767 - INFO - PSC - looked-up=40
18:09:11.770 - INFO - PSCC - looked-up=35
18:09:11.770 - INFO - ORF - write internal aa seqs: # seqs=143, path=/tmp/tmppzhfrg2d/cds.expert.faa
18:09:12.335 - INFO - EXPERT-AMRFINDER - found=0
18:09:12.799 - INFO - EXPERT_AA_SEQ - found=0
18:09:12.799 - INFO - ANNOTATION - marked as hypothetical: contig=VFASICLA, start=1357, stop=1671, strand=+
18:09:12.799 - INFO - ANNOTATION - marked as hypothetical: contig=VFASICLA, start=1664, stop=2206, strand=+
18:09:12.800 - INFO - ANNOTATION - marked as hypothetical: contig=VFASICLA, start=2208, stop=2654, strand=+
18:09:12.800 - INFO - ANNOTATION - marked as hypothetical: contig=VFASICLA, start=2632, stop=2970, strand=+
18:09:12.800 - INFO - ANNOTATION - marked as hypothetical: contig=VFASICLA, start=2964, stop=6293, strand=+
18:09:12.800 - INFO - ANNOTATION - marked as hypothetical: contig=VFASICLA, start=6286, stop=10080, strand=+
18:09:12.800 - INFO - ANNOTATION - marked as hypothetical: contig=VFASICLA, start=10034, stop=10411, strand=+
18:09:12.800 - INFO - ANNOTATION - marked as hypothetical: contig=VFASICLA, start=12916, stop=13194, strand=+
18:09:12.800 - INFO - ANNOTATION - marked as hypothetical: contig=VFASICLA, start=13184, stop=13393, strand=-
18:09:12.800 - INFO - ANNOTATION - marked as hypothetical: contig=VFASICLA, start=13397, stop=13828, strand=+
18:09:12.800 - INFO - ANNOTATION - marked as hypothetical: contig=VFASICLA, start=14013, stop=14486, strand=-
18:09:12.800 - INFO - ANNOTATION - marked as hypothetical: contig=VFASICLA, start=14464, stop=15459, strand=-
18:09:12.800 - INFO - ANNOTATION - marked as hypothetical: contig=VFASICLA, start=15836, stop=16120, strand=-
18:09:12.800 - INFO - ANNOTATION - marked as hypothetical: contig=VFASICLA, start=16110, stop=16871, strand=-
18:09:12.800 - INFO - ANNOTATION - marked as hypothetical: contig=VFASICLA, start=16868, stop=17449, strand=-
18:09:12.800 - INFO - ANNOTATION - marked as hypothetical: contig=VFASICLA, start=17449, stop=18738, strand=-
18:09:12.800 - INFO - ANNOTATION - marked as hypothetical: contig=VFASICLA, start=19300, stop=19713, strand=+
18:09:12.800 - INFO - ANNOTATION - marked as hypothetical: contig=VFASICLA, start=19710, stop=20198, strand=+
18:09:12.800 - INFO - ANNOTATION - marked as hypothetical: contig=VFASICLA, start=20195, stop=20722, strand=-
18:09:12.800 - INFO - ANNOTATION - marked as hypothetical: contig=VFASICLA, start=20946, stop=22043, strand=+
18:09:12.800 - INFO - ANNOTATION - marked as hypothetical: contig=VFASICLA, start=22032, stop=22781, strand=-
18:09:12.800 - INFO - ANNOTATION - marked as hypothetical: contig=VFASICLA, start=22757, stop=23623, strand=-
18:09:12.800 - INFO - ANNOTATION - marked as hypothetical: contig=VFASICLA, start=23626, stop=24543, strand=+
18:09:12.800 - INFO - ANNOTATION - marked as hypothetical: contig=VFASICLA, start=24537, stop=25631, strand=+
18:09:12.800 - INFO - ANNOTATION - marked as hypothetical: contig=VFASICLA, start=25711, stop=27756, strand=-
18:09:12.800 - INFO - ANNOTATION - marked as hypothetical: contig=VFASICLA, start=30374, stop=31078, strand=+
18:09:12.800 - INFO - ANNOTATION - marked as hypothetical: contig=VFASICLA, start=32119, stop=32838, strand=-
18:09:12.800 - INFO - ANNOTATION - marked as hypothetical: contig=VFASICLA, start=32816, stop=33526, strand=-
18:09:12.800 - INFO - ANNOTATION - marked as hypothetical: contig=VFASICLA, start=33484, stop=34368, strand=-
18:09:12.800 - INFO - ANNOTATION - marked as hypothetical: contig=VFASICLA, start=34870, stop=36123, strand=-
18:09:12.800 - INFO - ANNOTATION - marked as hypothetical: contig=VFASICLA, start=38679, stop=39875, strand=-
18:09:12.800 - INFO - ANNOTATION - marked as hypothetical: contig=VFASICLA, start=39865, stop=40539, strand=-
18:09:12.800 - INFO - ANNOTATION - marked as hypothetical: contig=VFASICLA, start=40748, stop=41869, strand=+
18:09:12.800 - INFO - ANNOTATION - marked as hypothetical: contig=VFASICLA, start=41856, stop=42974, strand=+
18:09:12.800 - INFO - ANNOTATION - marked as hypothetical: contig=VFASICLA, start=43079, stop=43231, strand=+
18:09:12.800 - INFO - ANNOTATION - marked as hypothetical: contig=VFASICLA, start=43180, stop=45996, strand=+
18:09:12.800 - INFO - ANNOTATION - marked as hypothetical: contig=VFASICLA, start=45983, stop=46114, strand=+
18:09:12.800 - INFO - ANNOTATION - marked as hypothetical: contig=VFASICLA, start=46215, stop=47024, strand=+
18:09:12.800 - INFO - ANNOTATION - marked as hypothetical: contig=VFASICLA, start=46999, stop=48039, strand=+
18:09:12.800 - INFO - ANNOTATION - marked as hypothetical: contig=VFASICLA, start=47999, stop=48619, strand=+
18:09:12.800 - INFO - ANNOTATION - marked as hypothetical: contig=VFASICLA, start=49726, stop=50433, strand=+
18:09:12.801 - INFO - ANNOTATION - marked as hypothetical: contig=VFASICLA, start=50402, stop=50605, strand=+
18:09:12.801 - INFO - ANNOTATION - marked as hypothetical: contig=VFASICLA, start=50602, stop=50832, strand=+
18:09:12.801 - INFO - ANNOTATION - marked as hypothetical: contig=VFASICLA, start=50898, stop=51488, strand=+
18:09:12.801 - INFO - ANNOTATION - marked as hypothetical: contig=VFASICLA, start=51488, stop=51619, strand=+
18:09:12.801 - INFO - ANNOTATION - marked as hypothetical: contig=VFASICLA, start=52404, stop=53291, strand=+
18:09:12.801 - INFO - ANNOTATION - marked as hypothetical: contig=VFASICLA, start=56376, stop=56909, strand=+
18:09:12.801 - INFO - ANNOTATION - fix gene: extract symbol from protein name. symbol=clpX
18:09:12.801 - INFO - ANNOTATION - marked as hypothetical: contig=VFASICLA, start=58604, stop=59164, strand=+
18:09:12.801 - INFO - ANNOTATION - marked as hypothetical: contig=VFASICLA, start=59139, stop=60143, strand=+
18:09:12.801 - INFO - ANNOTATION - marked as hypothetical: contig=VFASICLA, start=60414, stop=60989, strand=+
18:09:12.801 - INFO - ANNOTATION - marked as hypothetical: contig=VFASICLA, start=62237, stop=63199, strand=+
18:09:12.801 - INFO - ANNOTATION - marked as hypothetical: contig=VFASICLA, start=63750, stop=64343, strand=+
18:09:12.801 - INFO - ANNOTATION - marked as hypothetical: contig=VFASICLA, start=64340, stop=65026, strand=+
18:09:12.801 - INFO - ANNOTATION - marked as hypothetical: contig=VFASICLA, start=65706, stop=66002, strand=+
18:09:12.801 - INFO - ANNOTATION - marked as hypothetical: contig=VFASICLA, start=65989, stop=66261, strand=+
18:09:12.801 - INFO - ANNOTATION - marked as hypothetical: contig=VFASICLA, start=66403, stop=67239, strand=+
18:09:12.801 - INFO - ANNOTATION - marked as hypothetical: contig=VFASICLA, start=67373, stop=68593, strand=-
18:09:12.801 - INFO - ANNOTATION - marked as hypothetical: contig=VFASICLA, start=68603, stop=69484, strand=-
18:09:12.801 - INFO - ANNOTATION - marked as hypothetical: contig=VFASICLA, start=69794, stop=69934, strand=-
18:09:12.801 - INFO - ANNOTATION - marked as hypothetical: contig=VFASICLA, start=69931, stop=70386, strand=-
18:09:12.801 - INFO - ANNOTATION - marked as hypothetical: contig=VFASICLA, start=71877, stop=72179, strand=+
18:09:12.801 - INFO - ANNOTATION - marked as hypothetical: contig=VFASICLA, start=72147, stop=72620, strand=-
18:09:12.801 - INFO - ANNOTATION - marked as hypothetical: contig=VFASICLA, start=72617, stop=73096, strand=-
18:09:12.801 - INFO - ANNOTATION - marked as hypothetical: contig=VFASICLA, start=73084, stop=73569, strand=-
18:09:12.802 - INFO - ANNOTATION - marked as hypothetical: contig=VFASICLA, start=74356, stop=75372, strand=+
18:09:12.802 - INFO - ANNOTATION - marked as hypothetical: contig=VFASICLA, start=75359, stop=76618, strand=-
18:09:12.802 - INFO - ANNOTATION - marked as hypothetical: contig=VFASICLA, start=76615, stop=77733, strand=-
18:09:12.802 - INFO - ANNOTATION - marked as hypothetical: contig=VFASICLA, start=77730, stop=78923, strand=-
18:09:12.802 - INFO - ANNOTATION - marked as hypothetical: contig=VFASICLA, start=78924, stop=79367, strand=-
18:09:12.802 - INFO - ANNOTATION - marked as hypothetical: contig=VFASICLA, start=80427, stop=80702, strand=+
18:09:12.802 - INFO - ANNOTATION - marked as hypothetical: contig=VFASICLA, start=80795, stop=81847, strand=-
18:09:12.802 - INFO - ANNOTATION - marked as hypothetical: contig=VFASICLA, start=81897, stop=83162, strand=+
18:09:12.802 - INFO - ANNOTATION - fix gene: extract symbol from protein name. symbol=mnmG
18:09:12.802 - INFO - ANNOTATION - marked as hypothetical: contig=VFASICLA, start=84900, stop=85136, strand=+
18:09:12.802 - INFO - ANNOTATION - marked as hypothetical: contig=VFASICLA, start=86704, stop=87966, strand=+
18:09:12.802 - INFO - ANNOTATION - marked as hypothetical: contig=VFASICLA, start=87950, stop=89011, strand=-
18:09:12.802 - INFO - ANNOTATION - marked as hypothetical: contig=VFASICLA, start=89129, stop=89749, strand=+
18:09:12.802 - INFO - ANNOTATION - marked as hypothetical: contig=VFASICLA, start=89730, stop=90710, strand=-
18:09:12.802 - INFO - ANNOTATION - fix gene: extract symbol from protein name. symbol=dnaK
18:09:12.802 - INFO - ANNOTATION - marked as hypothetical: contig=VFASICLA, start=93532, stop=94512, strand=-
18:09:12.802 - INFO - ANNOTATION - marked as hypothetical: contig=VFASICLA, start=94481, stop=95011, strand=-
18:09:12.802 - INFO - ANNOTATION - marked as hypothetical: contig=VFASICLA, start=94989, stop=96887, strand=-
18:09:12.802 - INFO - ANNOTATION - marked as hypothetical: contig=VFASICLA, start=96884, stop=97441, strand=-
18:09:12.802 - INFO - ANNOTATION - marked as hypothetical: contig=VFASICLA, start=98605, stop=99318, strand=-
18:09:12.802 - INFO - ANNOTATION - marked as hypothetical: contig=VFASICLA, start=99709, stop=100164, strand=-
18:09:12.802 - INFO - ANNOTATION - marked as hypothetical: contig=VFASICLA, start=100136, stop=100402, strand=-
18:09:12.802 - INFO - ANNOTATION - marked as hypothetical: contig=VFASICLA, start=100372, stop=100680, strand=-
18:09:12.802 - INFO - ANNOTATION - marked as hypothetical: contig=VFASICLA, start=100677, stop=101162, strand=-
18:09:12.802 - INFO - ANNOTATION - marked as hypothetical: contig=VFASICLA, start=107086, stop=107502, strand=+
18:09:12.802 - INFO - ANNOTATION - marked as hypothetical: contig=VFASICLA, start=107483, stop=107974, strand=+
18:09:12.802 - INFO - ANNOTATION - marked as hypothetical: contig=VFASICLA, start=107922, stop=108161, strand=+
18:09:12.802 - INFO - ANNOTATION - marked as hypothetical: contig=VFASICLA, start=109211, stop=109507, strand=+
18:09:12.802 - INFO - ANNOTATION - marked as hypothetical: contig=VFASICLA, start=109497, stop=110102, strand=+
18:09:12.802 - INFO - ANNOTATION - marked as hypothetical: contig=VFASICLA, start=110523, stop=110645, strand=+
18:09:12.803 - INFO - ANNOTATION - marked as hypothetical: contig=VFASICLA, start=110620, stop=110841, strand=+
18:09:12.803 - INFO - ANNOTATION - marked as hypothetical: contig=VFASICLA, start=111212, stop=111376, strand=+
18:09:12.803 - INFO - ANNOTATION - marked as hypothetical: contig=VFASICLA, start=111360, stop=111941, strand=+
18:09:12.803 - INFO - ANNOTATION - marked as hypothetical: contig=VFASICLA, start=111948, stop=112196, strand=+
18:09:12.803 - INFO - ANNOTATION - marked as hypothetical: contig=VFASICLA, start=112196, stop=112573, strand=+
18:09:12.803 - INFO - ANNOTATION - marked as hypothetical: contig=VFASICLA, start=112577, stop=113089, strand=+
18:09:12.803 - INFO - ANNOTATION - marked as hypothetical: contig=VFASICLA, start=113086, stop=113322, strand=+
18:09:12.803 - INFO - ANNOTATION - marked as hypothetical: contig=VFASICLA, start=113701, stop=114024, strand=+
18:09:12.803 - INFO - ANNOTATION - marked as hypothetical: contig=VFASICLA, start=114011, stop=114238, strand=+
18:09:12.803 - INFO - ANNOTATION - marked as hypothetical: contig=VFASICLA, start=114235, stop=114348, strand=+
18:09:12.803 - INFO - ANNOTATION - marked as hypothetical: contig=VFASICLA, start=115032, stop=115424, strand=+
18:09:12.803 - INFO - ANNOTATION - marked as hypothetical: contig=VFASICLA, start=115424, stop=116071, strand=+
18:09:12.803 - INFO - ANNOTATION - marked as hypothetical: contig=VFASICLA, start=116061, stop=116324, strand=+
18:09:12.803 - INFO - ANNOTATION - marked as hypothetical: contig=VFASICLA, start=117489, stop=117893, strand=+
18:09:12.803 - INFO - ANNOTATION - marked as hypothetical: contig=VFASICLA, start=117890, stop=118882, strand=+
18:09:12.803 - INFO - ANNOTATION - marked as hypothetical: contig=VFASICLA, start=1, stop=1194, strand=+
18:09:12.803 - INFO - ORF - write internal aa seqs: # seqs=107, path=/tmp/tmppzhfrg2d/cds.pseudo.candidates.faa
18:10:04.436 - INFO - CDS - found: pseudogene-candidates=0
18:10:04.436 - INFO - PSC - looked-up=0
18:10:04.436 - INFO - PSCC - looked-up=0
18:10:04.460 - INFO - CDS - pfam detected: contig=VFASICLA, start=59139, stop=60143, strand=+, pfam-id=PF00004.32, length=146, aa-start=40, aa-stop=164, aa-cov=0.4, hmm-cov=0.9, evalue=8.5e-12, bitscore=38.5, name=AAA
18:10:04.461 - INFO - CDS - pfam detected: contig=VFASICLA, start=77730, stop=78923, strand=-, pfam-id=PF13481.9, length=166, aa-start=175, aa-stop=328, aa-cov=0.4, hmm-cov=1.0, evalue=1.2e-08, bitscore=27.5, name=AAA_25
18:10:04.462 - INFO - CDS - pfam detected: contig=VFASICLA, start=59139, stop=60143, strand=+, pfam-id=PF07728.17, length=99, aa-start=39, aa-stop=137, aa-cov=0.3, hmm-cov=0.9, evalue=3.9e-08, bitscore=26.2, name=AAA_5
18:10:04.482 - INFO - CDS - pfam detected: contig=VFASICLA, start=62237, stop=63199, strand=+, pfam-id=PF00155.24, length=217, aa-start=39, aa-stop=227, aa-cov=0.6, hmm-cov=1.0, evalue=1.5e-24, bitscore=79.5, name=Aminotran_1_2
18:10:04.494 - INFO - CDS - pfam detected: contig=VFASICLA, start=20946, stop=22043, strand=+, pfam-id=PF00266.22, length=379, aa-start=7, aa-stop=355, aa-cov=1.0, hmm-cov=1.0, evalue=1.5e-50, bitscore=164.9, name=Aminotran_5
18:10:04.498 - INFO - CDS - pfam detected: contig=VFASICLA, start=25711, stop=27756, strand=-, pfam-id=PF08264.16, length=114, aa-start=473, aa-stop=579, aa-cov=0.2, hmm-cov=1.0, evalue=4.2e-16, bitscore=52.0, name=Anticodon_1
18:10:04.627 - INFO - CDS - pfam detected: contig=VFASICLA, start=52404, stop=53291, strand=+, pfam-id=PF00988.25, length=72, aa-start=2, aa-stop=72, aa-cov=0.2, hmm-cov=1.0, evalue=6.7e-16, bitscore=51.1, name=CPSase_sm_chain
18:10:04.638 - INFO - CDS - pfam detected: contig=VFASICLA, start=13184, stop=13393, strand=-, pfam-id=PF00313.25, length=64, aa-start=3, aa-stop=66, aa-cov=0.9, hmm-cov=1.0, evalue=3.6e-30, bitscore=96.5, name=CSD
18:10:04.668 - INFO - CDS - pfam detected: contig=VFASICLA, start=96884, stop=97441, strand=-, pfam-id=PF05173.17, length=100, aa-start=94, aa-stop=184, aa-cov=0.5, hmm-cov=1.0, evalue=1.5e-15, bitscore=50.1, name=DapB_C
18:10:04.669 - INFO - CDS - pfam detected: contig=VFASICLA, start=16110, stop=16871, strand=-, pfam-id=PF01678.22, length=92, aa-start=5, aa-stop=84, aa-cov=0.3, hmm-cov=1.0, evalue=5.0e-11, bitscore=35.7, name=DAP_epimerase
18:10:04.685 - INFO - CDS - pfam detected: contig=VFASICLA, start=22757, stop=23623, strand=-, pfam-id=PF00701.25, length=280, aa-start=3, aa-stop=272, aa-cov=0.9, hmm-cov=1.0, evalue=1.6e-58, bitscore=190.5, name=DHDPS
18:10:04.687 - INFO - CDS - pfam detected: contig=VFASICLA, start=117890, stop=118882, strand=+, pfam-id=PF01761.23, length=261, aa-start=34, aa-stop=291, aa-cov=0.8, hmm-cov=1.0, evalue=4.6e-67, bitscore=218.7, name=DHQ_synthase
18:10:04.697 - INFO - CDS - pfam detected: contig=VFASICLA, start=77730, stop=78923, strand=-, pfam-id=PF00772.24, length=98, aa-start=5, aa-stop=96, aa-cov=0.2, hmm-cov=1.0, evalue=2.0e-09, bitscore=30.3, name=DnaB
18:10:04.698 - INFO - CDS - pfam detected: contig=VFASICLA, start=77730, stop=78923, strand=-, pfam-id=PF03796.18, length=254, aa-start=161, aa-stop=397, aa-cov=0.6, hmm-cov=1.0, evalue=1.3e-74, bitscore=243.5, name=DnaB_C
18:10:04.698 - INFO - CDS - pfam detected: contig=VFASICLA, start=89730, stop=90710, strand=-, pfam-id=PF00226.34, length=63, aa-start=3, aa-stop=65, aa-cov=0.2, hmm-cov=1.0, evalue=8.3e-31, bitscore=98.8, name=DnaJ
18:10:04.698 - INFO - CDS - pfam detected: contig=VFASICLA, start=89730, stop=90710, strand=-, pfam-id=PF01556.21, length=211, aa-start=106, aa-stop=307, aa-cov=0.6, hmm-cov=0.7, evalue=6.8e-20, bitscore=64.5, name=DnaJ_C
18:10:04.698 - INFO - CDS - pfam detected: contig=VFASICLA, start=89730, stop=90710, strand=-, pfam-id=PF00684.22, length=66, aa-start=131, aa-stop=190, aa-cov=0.2, hmm-cov=1.0, evalue=6.3e-12, bitscore=38.5, name=DnaJ_CXXCXGXG
18:10:04.701 - INFO - CDS - pfam detected: contig=VFASICLA, start=43180, stop=45996, strand=+, pfam-id=PF07733.15, length=244, aa-start=284, aa-stop=510, aa-cov=0.2, hmm-cov=1.0, evalue=9.8e-73, bitscore=237.6, name=DNA_pol3_alpha
18:10:04.703 - INFO - CDS - pfam detected: contig=VFASICLA, start=59139, stop=60143, strand=+, pfam-id=PF13177.9, length=154, aa-start=24, aa-stop=170, aa-cov=0.4, hmm-cov=1.0, evalue=7.5e-27, bitscore=87.1, name=DNA_pol3_delta2
18:10:04.703 - INFO - CDS - pfam detected: contig=VFASICLA, start=43180, stop=45996, strand=+, pfam-id=PF17657.4, length=152, aa-start=513, aa-stop=645, aa-cov=0.1, hmm-cov=1.0, evalue=3.7e-20, bitscore=64.7, name=DNA_pol3_finger
18:10:04.875 - INFO - CDS - pfam detected: contig=VFASICLA, start=114011, stop=114238, strand=+, pfam-id=PF01176.22, length=62, aa-start=12, aa-stop=73, aa-cov=0.8, hmm-cov=1.0, evalue=6.4e-12, bitscore=38.0, name=eIF-1a
18:10:04.977 - INFO - CDS - pfam detected: contig=VFASICLA, start=52404, stop=53291, strand=+, pfam-id=PF00117.31, length=187, aa-start=130, aa-stop=291, aa-cov=0.5, hmm-cov=1.0, evalue=2.0e-25, bitscore=82.4, name=GATase
18:10:04.977 - INFO - CDS - pfam detected: contig=VFASICLA, start=63750, stop=64343, strand=+, pfam-id=PF00117.31, length=171, aa-start=36, aa-stop=195, aa-cov=0.8, hmm-cov=0.9, evalue=1.9e-16, bitscore=53.1, name=GATase
18:10:05.043 - INFO - CDS - pfam detected: contig=VFASICLA, start=1, stop=1194, strand=+, pfam-id=PF00009.30, length=205, aa-start=11, aa-stop=203, aa-cov=0.5, hmm-cov=0.9, evalue=1.2e-57, bitscore=187.4, name=GTP_EFTU
18:10:05.044 - INFO - CDS - pfam detected: contig=VFASICLA, start=17449, stop=18738, strand=-, pfam-id=PF00009.30, length=68, aa-start=44, aa-stop=107, aa-cov=0.1, hmm-cov=1.0, evalue=8.7e-12, bitscore=37.7, name=GTP_EFTU
18:10:05.044 - INFO - CDS - pfam detected: contig=VFASICLA, start=1, stop=1194, strand=+, pfam-id=PF03144.28, length=74, aa-start=227, aa-stop=296, aa-cov=0.2, hmm-cov=1.0, evalue=5.9e-17, bitscore=54.7, name=GTP_EFTU_D2
18:10:05.045 - INFO - CDS - pfam detected: contig=VFASICLA, start=1, stop=1194, strand=+, pfam-id=PF03143.20, length=106, aa-start=303, aa-stop=396, aa-cov=0.2, hmm-cov=1.0, evalue=2.3e-31, bitscore=101.1, name=GTP_EFTU_D3
18:10:05.072 - INFO - CDS - pfam detected: contig=VFASICLA, start=43180, stop=45996, strand=+, pfam-id=PF14579.9, length=83, aa-start=728, aa-stop=807, aa-cov=0.1, hmm-cov=1.0, evalue=4.8e-18, bitscore=58.0, name=HHH_6
18:10:05.084 - INFO - CDS - pfam detected: contig=VFASICLA, start=76615, stop=77733, strand=-, pfam-id=PF00742.22, length=162, aa-start=127, aa-stop=286, aa-cov=0.4, hmm-cov=1.0, evalue=1.4e-20, bitscore=66.7, name=Homoserine_dh
18:10:05.095 - INFO - CDS - pfam detected: contig=VFASICLA, start=69931, stop=70386, strand=-, pfam-id=PF00707.25, length=63, aa-start=69, aa-stop=131, aa-cov=0.4, hmm-cov=1.0, evalue=3.9e-12, bitscore=38.8, name=IF3_C
18:10:05.095 - INFO - CDS - pfam detected: contig=VFASICLA, start=69931, stop=70386, strand=-, pfam-id=PF05198.19, length=60, aa-start=4, aa-stop=63, aa-cov=0.4, hmm-cov=1.0, evalue=1.6e-17, bitscore=56.4, name=IF3_N
18:10:05.096 - INFO - CDS - pfam detected: contig=VFASICLA, start=32816, stop=33526, strand=-, pfam-id=PF00218.24, length=246, aa-start=5, aa-stop=231, aa-cov=1.0, hmm-cov=1.0, evalue=4.2e-30, bitscore=97.5, name=IGPS
18:10:05.107 - INFO - CDS - pfam detected: contig=VFASICLA, start=109497, stop=110102, strand=+, pfam-id=PF07650.20, length=73, aa-start=39, aa-stop=104, aa-cov=0.3, hmm-cov=1.0, evalue=2.1e-08, bitscore=26.7, name=KH_2
18:10:05.146 - INFO - CDS - pfam detected: contig=VFASICLA, start=74356, stop=75372, strand=+, pfam-id=PF07687.17, length=96, aa-start=156, aa-stop=242, aa-cov=0.3, hmm-cov=1.0, evalue=1.1e-07, bitscore=24.6, name=M20_dimer
18:10:05.168 - INFO - CDS - pfam detected: contig=VFASICLA, start=20195, stop=20722, strand=-, pfam-id=PF13847.9, length=114, aa-start=44, aa-stop=152, aa-cov=0.6, hmm-cov=1.0, evalue=2.8e-10, bitscore=33.0, name=Methyltransf_31
18:10:05.196 - INFO - CDS - pfam detected: contig=VFASICLA, start=46215, stop=47024, strand=+, pfam-id=PF02219.20, length=225, aa-start=20, aa-stop=222, aa-cov=0.8, hmm-cov=1.0, evalue=2.0e-16, bitscore=52.9, name=MTHFR
18:10:05.197 - INFO - CDS - pfam detected: contig=VFASICLA, start=20195, stop=20722, strand=-, pfam-id=PF05175.17, length=137, aa-start=33, aa-stop=162, aa-cov=0.7, hmm-cov=1.0, evalue=1.4e-12, bitscore=40.4, name=MTS
18:10:05.251 - INFO - CDS - pfam detected: contig=VFASICLA, start=13184, stop=13393, strand=-, pfam-id=PF08206.14, length=25, aa-start=12, aa-stop=36, aa-cov=0.4, hmm-cov=1.0, evalue=8.2e-08, bitscore=24.7, name=OB_RNB
18:10:05.260 - INFO - CDS - pfam detected: contig=VFASICLA, start=66403, stop=67239, strand=+, pfam-id=PF00185.27, length=92, aa-start=189, aa-stop=274, aa-cov=0.3, hmm-cov=1.0, evalue=1.3e-21, bitscore=70.0, name=OTCace
18:10:05.261 - INFO - CDS - pfam detected: contig=VFASICLA, start=66403, stop=67239, strand=+, pfam-id=PF02729.24, length=138, aa-start=3, aa-stop=134, aa-cov=0.5, hmm-cov=1.0, evalue=1.8e-27, bitscore=89.0, name=OTCace_N
18:10:05.288 - INFO - CDS - pfam detected: contig=VFASICLA, start=32119, stop=32838, strand=-, pfam-id=PF03462.21, length=93, aa-start=2, aa-stop=91, aa-cov=0.4, hmm-cov=1.0, evalue=2.0e-24, bitscore=79.2, name=PCRF
18:10:05.289 - INFO - CDS - pfam detected: contig=VFASICLA, start=22032, stop=22781, strand=-, pfam-id=PF03462.21, length=96, aa-start=16, aa-stop=111, aa-cov=0.4, hmm-cov=1.0, evalue=2.1e-16, bitscore=53.1, name=PCRF
18:10:05.314 - INFO - CDS - pfam detected: contig=VFASICLA, start=13397, stop=13828, strand=+, pfam-id=PF01327.24, length=149, aa-start=2, aa-stop=141, aa-cov=1.0, hmm-cov=1.0, evalue=2.1e-28, bitscore=91.7, name=Pep_deformylase
18:10:05.373 - INFO - CDS - pfam detected: contig=VFASICLA, start=47999, stop=48619, strand=+, pfam-id=PF00697.25, length=198, aa-start=7, aa-stop=200, aa-cov=0.9, hmm-cov=1.0, evalue=4.9e-38, bitscore=123.5, name=PRAI
18:10:05.377 - INFO - CDS - pfam detected: contig=VFASICLA, start=19300, stop=19713, strand=+, pfam-id=PF00156.30, length=69, aa-start=44, aa-stop=111, aa-cov=0.5, hmm-cov=1.0, evalue=7.9e-14, bitscore=44.1, name=Pribosyltran
18:10:05.404 - INFO - CDS - pfam detected: contig=VFASICLA, start=81897, stop=83162, strand=+, pfam-id=PF00071.25, length=137, aa-start=211, aa-stop=340, aa-cov=0.3, hmm-cov=1.0, evalue=5.4e-08, bitscore=25.4, name=Ras
18:10:05.405 - INFO - CDS - pfam detected: contig=VFASICLA, start=17449, stop=18738, strand=-, pfam-id=PF00071.25, length=111, aa-start=9, aa-stop=112, aa-cov=0.2, hmm-cov=1.0, evalue=1.9e-07, bitscore=23.6, name=Ras
18:10:05.424 - INFO - CDS - pfam detected: contig=VFASICLA, start=1357, stop=1671, strand=+, pfam-id=PF00298.22, length=68, aa-start=39, aa-stop=103, aa-cov=0.6, hmm-cov=1.0, evalue=2.0e-12, bitscore=40.3, name=Ribosomal_L11
18:10:05.424 - INFO - CDS - pfam detected: contig=VFASICLA, start=2632, stop=2970, strand=+, pfam-id=PF00542.22, length=62, aa-start=47, aa-stop=108, aa-cov=0.6, hmm-cov=1.0, evalue=1.1e-13, bitscore=44.2, name=Ribosomal_L12
18:10:05.425 - INFO - CDS - pfam detected: contig=VFASICLA, start=114235, stop=114348, strand=+, pfam-id=PF00444.21, length=38, aa-start=1, aa-stop=37, aa-cov=1.0, hmm-cov=1.0, evalue=3.8e-13, bitscore=42.2, name=Ribosomal_L36
18:10:05.425 - INFO - CDS - pfam detected: contig=VFASICLA, start=111360, stop=111941, strand=+, pfam-id=PF00281.22, length=57, aa-start=29, aa-stop=85, aa-cov=0.3, hmm-cov=1.0, evalue=7.1e-17, bitscore=54.4, name=Ribosomal_L5
18:10:05.426 - INFO - CDS - pfam detected: contig=VFASICLA, start=111360, stop=111941, strand=+, pfam-id=PF00673.24, length=98, aa-start=90, aa-stop=187, aa-cov=0.5, hmm-cov=0.9, evalue=2.4e-24, bitscore=78.2, name=Ribosomal_L5_C
18:10:05.426 - INFO - CDS - pfam detected: contig=VFASICLA, start=12916, stop=13194, strand=+, pfam-id=PF00338.25, length=97, aa-start=2, aa-stop=91, aa-cov=1.0, hmm-cov=1.0, evalue=3.2e-14, bitscore=45.8, name=Ribosomal_S10
18:10:05.426 - INFO - CDS - pfam detected: contig=VFASICLA, start=110620, stop=110841, strand=+, pfam-id=PF00366.23, length=67, aa-start=3, aa-stop=69, aa-cov=0.9, hmm-cov=1.0, evalue=5.2e-11, bitscore=35.4, name=Ribosomal_S17
18:10:05.427 - INFO - CDS - pfam detected: contig=VFASICLA, start=109497, stop=110102, strand=+, pfam-id=PF00189.23, length=80, aa-start=120, aa-stop=199, aa-cov=0.4, hmm-cov=1.0, evalue=2.7e-26, bitscore=84.7, name=Ribosomal_S3_C
18:10:05.427 - INFO - CDS - pfam detected: contig=VFASICLA, start=112196, stop=112573, strand=+, pfam-id=PF00410.22, length=123, aa-start=6, aa-stop=125, aa-cov=1.0, hmm-cov=1.0, evalue=5.8e-21, bitscore=67.5, name=Ribosomal_S8
18:10:05.433 - INFO - CDS - pfam detected: contig=VFASICLA, start=6286, stop=10080, strand=+, pfam-id=PF04997.15, length=342, aa-start=2, aa-stop=323, aa-cov=0.3, hmm-cov=0.9, evalue=2.1e-60, bitscore=197.4, name=RNA_pol_Rpb1_1
18:10:05.434 - INFO - CDS - pfam detected: contig=VFASICLA, start=6286, stop=10080, strand=+, pfam-id=PF00623.23, length=73, aa-start=393, aa-stop=465, aa-cov=0.1, hmm-cov=1.0, evalue=3.1e-39, bitscore=127.6, name=RNA_pol_Rpb1_2
18:10:05.435 - INFO - CDS - pfam detected: contig=VFASICLA, start=6286, stop=10080, strand=+, pfam-id=PF04983.21, length=163, aa-start=470, aa-stop=610, aa-cov=0.1, hmm-cov=1.0, evalue=2.5e-14, bitscore=46.3, name=RNA_pol_Rpb1_3
18:10:05.435 - INFO - CDS - pfam detected: contig=VFASICLA, start=6286, stop=10080, strand=+, pfam-id=PF04998.20, length=466, aa-start=702, aa-stop=1167, aa-cov=0.4, hmm-cov=0.6, evalue=4.4e-58, bitscore=189.5, name=RNA_pol_Rpb1_5
18:10:05.435 - INFO - CDS - pfam detected: contig=VFASICLA, start=2964, stop=6293, strand=+, pfam-id=PF04565.19, length=68, aa-start=391, aa-stop=456, aa-cov=0.1, hmm-cov=1.0, evalue=1.6e-25, bitscore=82.0, name=RNA_pol_Rpb2_3
18:10:05.435 - INFO - CDS - pfam detected: contig=VFASICLA, start=2964, stop=6293, strand=+, pfam-id=PF00562.31, length=462, aa-start=581, aa-stop=1032, aa-cov=0.4, hmm-cov=0.8, evalue=8.4e-110, bitscore=360.2, name=RNA_pol_Rpb2_6
18:10:05.435 - INFO - CDS - pfam detected: contig=VFASICLA, start=2964, stop=6293, strand=+, pfam-id=PF04560.23, length=82, aa-start=1035, aa-stop=1106, aa-cov=0.1, hmm-cov=1.0, evalue=3.1e-22, bitscore=71.6, name=RNA_pol_Rpb2_7
18:10:05.435 - INFO - CDS - pfam detected: contig=VFASICLA, start=81897, stop=83162, strand=+, pfam-id=PF08477.16, length=66, aa-start=211, aa-stop=266, aa-cov=0.1, hmm-cov=1.0, evalue=1.1e-08, bitscore=28.2, name=Roc
18:10:05.439 - INFO - CDS - pfam detected: contig=VFASICLA, start=14013, stop=14486, strand=-, pfam-id=PF00398.23, length=132, aa-start=3, aa-stop=121, aa-cov=0.8, hmm-cov=1.0, evalue=2.3e-13, bitscore=42.6, name=RrnaAD
18:10:05.460 - INFO - CDS - pfam detected: contig=VFASICLA, start=46999, stop=48039, strand=+, pfam-id=PF01118.27, length=70, aa-start=32, aa-stop=101, aa-cov=0.2, hmm-cov=1.0, evalue=1.6e-10, bitscore=34.3, name=Semialdhyde_dh
18:10:05.461 - INFO - CDS - pfam detected: contig=VFASICLA, start=46999, stop=48039, strand=+, pfam-id=PF02774.21, length=202, aa-start=128, aa-stop=320, aa-cov=0.6, hmm-cov=0.9, evalue=1.1e-35, bitscore=116.1, name=Semialdhyde_dhC
18:10:05.471 - INFO - CDS - pfam detected: contig=VFASICLA, start=98605, stop=99318, strand=-, pfam-id=PF08501.14, length=61, aa-start=6, aa-stop=66, aa-cov=0.3, hmm-cov=1.0, evalue=5.6e-12, bitscore=38.6, name=Shikimate_dh_N
18:10:05.478 - INFO - CDS - pfam detected: contig=VFASICLA, start=41856, stop=42974, strand=+, pfam-id=PF04542.17, length=69, aa-start=175, aa-stop=243, aa-cov=0.2, hmm-cov=1.0, evalue=2.5e-19, bitscore=61.7, name=Sigma70_r2
18:10:05.479 - INFO - CDS - pfam detected: contig=VFASICLA, start=41856, stop=42974, strand=+, pfam-id=PF04545.19, length=53, aa-start=311, aa-stop=363, aa-cov=0.1, hmm-cov=0.9, evalue=1.0e-19, bitscore=62.7, name=Sigma70_r4
18:10:05.482 - INFO - CDS - pfam detected: contig=VFASICLA, start=117489, stop=117893, strand=+, pfam-id=PF01202.25, length=101, aa-start=1, aa-stop=97, aa-cov=0.7, hmm-cov=1.0, evalue=1.2e-17, bitscore=57.3, name=SKI
18:10:05.491 - INFO - CDS - pfam detected: contig=VFASICLA, start=63750, stop=64343, strand=+, pfam-id=PF01174.22, length=187, aa-start=13, aa-stop=195, aa-cov=0.9, hmm-cov=0.9, evalue=9.7e-11, bitscore=34.6, name=SNO
18:10:05.509 - INFO - CDS - pfam detected: contig=VFASICLA, start=17449, stop=18738, strand=-, pfam-id=PF09439.13, length=75, aa-start=5, aa-stop=75, aa-cov=0.2, hmm-cov=1.0, evalue=7.7e-09, bitscore=28.0, name=SRPRB
18:10:05.580 - INFO - CDS - pfam detected: contig=VFASICLA, start=75359, stop=76618, strand=-, pfam-id=PF14821.9, length=78, aa-start=2, aa-stop=75, aa-cov=0.2, hmm-cov=1.0, evalue=1.9e-15, bitscore=49.7, name=Thr_synth_N
18:10:05.592 - INFO - CDS - pfam detected: contig=VFASICLA, start=40748, stop=41869, strand=+, pfam-id=PF13362.9, length=91, aa-start=169, aa-stop=254, aa-cov=0.2, hmm-cov=1.0, evalue=1.7e-08, bitscore=27.7, name=Toprim_3
18:10:05.593 - INFO - CDS - pfam detected: contig=VFASICLA, start=40748, stop=41869, strand=+, pfam-id=PF13662.9, length=77, aa-start=168, aa-stop=232, aa-cov=0.2, hmm-cov=1.0, evalue=2.5e-14, bitscore=46.3, name=Toprim_4
18:10:05.594 - INFO - CDS - pfam detected: contig=VFASICLA, start=40748, stop=41869, strand=+, pfam-id=PF08275.14, length=125, aa-start=46, aa-stop=158, aa-cov=0.3, hmm-cov=1.0, evalue=1.5e-08, bitscore=27.5, name=Toprim_N
18:10:05.608 - INFO - CDS - pfam detected: contig=VFASICLA, start=38679, stop=39875, strand=-, pfam-id=PF00749.24, length=309, aa-start=2, aa-stop=286, aa-cov=0.7, hmm-cov=1.0, evalue=8.4e-43, bitscore=139.2, name=tRNA-synt_1c
18:10:05.608 - INFO - CDS - pfam detected: contig=VFASICLA, start=80795, stop=81847, strand=-, pfam-id=PF00749.24, length=169, aa-start=79, aa-stop=242, aa-cov=0.5, hmm-cov=1.0, evalue=1.7e-37, bitscore=121.7, name=tRNA-synt_1c
18:10:05.608 - INFO - CDS - pfam detected: contig=VFASICLA, start=68603, stop=69484, strand=-, pfam-id=PF01409.23, length=222, aa-start=87, aa-stop=291, aa-cov=0.7, hmm-cov=1.0, evalue=1.4e-57, bitscore=187.7, name=tRNA-synt_2d
18:10:05.610 - INFO - CDS - pfam detected: contig=VFASICLA, start=93532, stop=94512, strand=-, pfam-id=PF03054.19, length=201, aa-start=2, aa-stop=183, aa-cov=0.6, hmm-cov=1.0, evalue=2.3e-39, bitscore=127.9, name=tRNA_Me_trans
18:10:05.611 - INFO - CDS - pfam detected: contig=VFASICLA, start=49726, stop=50433, strand=+, pfam-id=PF00290.23, length=236, aa-start=5, aa-stop=231, aa-cov=1.0, hmm-cov=1.0, evalue=2.3e-20, bitscore=65.3, name=Trp_syntA
18:10:05.661 - INFO - CDS - predicted-pfams=82, CDS-w/-pfams=52
18:10:05.708 - INFO - S_ORF - predicted=840
18:10:05.763 - INFO - S_ORF - sORF filter: # valid=35, # discarded=805
18:10:05.802 - INFO - ORF - discarded=0
18:10:05.829 - INFO - UPS - looked-up=0
18:10:05.829 - INFO - IPS - looked-up=0
18:10:05.830 - INFO - ORF - write internal aa seqs: # seqs=35, path=/tmp/tmppzhfrg2d/sorf.faa
18:10:05.895 - INFO - S_ORF - found=0
18:10:05.895 - INFO - PSC - looked-up=0
18:10:05.895 - INFO - PSCC - looked-up=0
18:10:06.393 - INFO - ORI - predicted=0
18:10:06.458 - INFO - ORI - predicted=0
18:10:06.458 - INFO - ANNOTATION - overlap: CDS (None/hypothetical protein) [24537, 25631] overlapping tRNA (trnS) [25630, 25713], [25630,25631], contig=VFASICLA
18:10:06.458 - INFO - ANNOTATION - overlap: CDS (None/hypothetical protein) [25711, 27756] overlapping tRNA (trnS) [25630, 25713], [25711,25713], contig=VFASICLA
18:10:06.458 - INFO - ANNOTATION - overlap: CDS (None/hypothetical protein) [41856, 42974] overlapping tRNA (None) [42973, 43178], [42973,42974], contig=VFASICLA
18:10:06.458 - INFO - ANNOTATION - overlap: CDS (None/hypothetical protein) [43079, 43231] overlapping tRNA (None) [42973, 43178], [43079,43178], contig=VFASICLA
18:10:06.458 - INFO - ANNOTATION - overlap: CDS (None/hypothetical protein) [45983, 46114] overlapping tRNA (trnL) [46114, 46186], [46114,46114], contig=VFASICLA
18:10:06.458 - INFO - ANNOTATION - overlap: CDS (None/hypothetical protein) [46215, 47024] overlapping tRNA (trnS) [46187, 46269], [46215,46269], contig=VFASICLA
18:10:06.458 - INFO - ANNOTATION - overlap: CDS (None/hypothetical protein) [50602, 50832] overlapping tRNA (trnN) [50825, 50896], [50825,50832], contig=VFASICLA
18:10:06.458 - INFO - ANNOTATION - overlap: CDS (None/DNA polymerase III subunit epsilon) [51728, 52243] overlapping tRNA (trnG) [51659, 51731], [51728,51731], contig=VFASICLA
18:10:06.458 - INFO - ANNOTATION - overlap: CDS (clpX/ATP-dependent Clp protease ATP-binding subunit ClpX) [57432, 58562] overlapping tRNA (trnV) [58561, 58633], [58561,58562], contig=VFASICLA
18:10:06.458 - INFO - ANNOTATION - overlap: CDS (None/hypothetical protein) [58604, 59164] overlapping tRNA (trnV) [58561, 58633], [58604,58633], contig=VFASICLA
18:10:06.458 - INFO - ANNOTATION - overlap: CDS (None/hypothetical protein) [59139, 60143] overlapping tRNA (trnL) [60115, 60188], [60115,60143], contig=VFASICLA
18:10:06.458 - INFO - ANNOTATION - overlap: CDS (None/hypothetical protein) [65989, 66261] overlapping tRNA (trnT) [66252, 66323], [66252,66261], contig=VFASICLA
18:10:06.458 - INFO - ANNOTATION - overlap: CDS (None/hypothetical protein) [66403, 67239] overlapping tRNA (trnK) [67237, 67309], [67237,67239], contig=VFASICLA
18:10:06.458 - INFO - ANNOTATION - overlap: CDS (None/hypothetical protein) [67373, 68593] overlapping tRNA (trnK) [67310, 67382], [67373,67382], contig=VFASICLA
18:10:06.458 - INFO - ANNOTATION - overlap: CDS (None/Chorismate synthase) [70459, 71502] overlapping tRNA (trnV) [70388, 70460], [70459,70460], contig=VFASICLA
18:10:06.458 - INFO - ANNOTATION - overlap: CDS (None/hypothetical protein) [80427, 80702] overlapping tRNA (trnD) [80664, 80736], [80664,80702], contig=VFASICLA
18:10:06.458 - INFO - ANNOTATION - overlap: CDS (None/hypothetical protein) [1, 1194] overlapping tRNA (trnW) [1193, 1263], [1193,1194], contig=VFASICLA
18:10:06.458 - INFO - UTILS - generated sequence tag prefix: prefix=AGJNADGAPP, length=10, MD5=A037AD0A99C53A377CD843DC0A299C09
18:10:06.458 - INFO - MAIN - selected features=155
18:10:06.459 - INFO - UTILS - generated sequence tag prefix: prefix=AGJNAD, length=6, MD5=A037AD0A99C53A377CD843DC0A299C09
18:10:06.459 - INFO - MAIN - locus tag prefix=AGJNAD
18:10:06.459 - INFO - UTILS - genome-size=119193
18:10:06.459 - INFO - UTILS - GC=0.185
18:10:06.459 - INFO - UTILS - N=0.000
18:10:06.459 - INFO - UTILS - N50=119193
18:10:06.459 - INFO - UTILS - coding-ratio=0.874
18:10:06.459 - INFO - TSV - write tsv: path=/home/diego/Documents/metagenomes/annotation_symbio_merge/annotation_Beta/genomes/annotation_bakta/bakta_VFASICLA/VFASICLA.tsv
18:10:06.459 - INFO - GFF - write GFF3: path=/home/diego/Documents/metagenomes/annotation_symbio_merge/annotation_Beta/genomes/annotation_bakta/bakta_VFASICLA/VFASICLA.gff3
18:10:06.461 - INFO - INSDC - write GenBank: path=/home/diego/Documents/metagenomes/annotation_symbio_merge/annotation_Beta/genomes/annotation_bakta/bakta_VFASICLA/VFASICLA.gbff
18:10:06.466 - INFO - INSDC - write EMBL: path=/home/diego/Documents/metagenomes/annotation_symbio_merge/annotation_Beta/genomes/annotation_bakta/bakta_VFASICLA/VFASICLA.embl
18:10:06.471 - INFO - FASTA - write genome sequences: path=/home/diego/Documents/metagenomes/annotation_symbio_merge/annotation_Beta/genomes/annotation_bakta/bakta_VFASICLA/VFASICLA.fna, description=True, wrap=True
18:10:06.472 - INFO - FASTA - write feature nucleotide sequences: path=/home/diego/Documents/metagenomes/annotation_symbio_merge/annotation_Beta/genomes/annotation_bakta/bakta_VFASICLA/VFASICLA.ffn
18:10:06.472 - INFO - FASTA - write translated CDS/sORF: path=/home/diego/Documents/metagenomes/annotation_symbio_merge/annotation_Beta/genomes/annotation_bakta/bakta_VFASICLA/VFASICLA.faa
18:10:06.492 - INFO - PLOT - write circular genome plot: file-name=VFASICLA, output-dir=/home/diego/Documents/metagenomes/annotation_symbio_merge/annotation_Beta/genomes/annotation_bakta/bakta_VFASICLA
18:10:09.683 - INFO - TSV - write hypothetical tsv: path=/home/diego/Documents/metagenomes/annotation_symbio_merge/annotation_Beta/genomes/annotation_bakta/bakta_VFASICLA/VFASICLA.hypotheticals.tsv
18:10:09.684 - INFO - FASTA - write translated CDS/sORF: path=/home/diego/Documents/metagenomes/annotation_symbio_merge/annotation_Beta/genomes/annotation_bakta/bakta_VFASICLA/VFASICLA.hypotheticals.faa
18:10:09.684 - INFO - JSON - write JSON: path=/home/diego/Documents/metagenomes/annotation_symbio_merge/annotation_Beta/genomes/annotation_bakta/bakta_VFASICLA/VFASICLA.json
18:10:09.688 - INFO - MAIN - removed tmp dir: /tmp/tmppzhfrg2d
