Discrepancy Report Results

Summary
DISC_SOURCE_QUALS_ASNDISC:strain (all present, all unique)
DISC_SOURCE_QUALS_ASNDISC:taxname (all present, all unique)
DISC_FEATURE_COUNT:gene: 170 present
DISC_FEATURE_COUNT:CDS: 140 present
DISC_FEATURE_COUNT:tRNA: 28 present
DISC_FEATURE_COUNT:rRNA: 2 present
DISC_COUNT_NUCLEOTIDES:1 nucleotide Bioseqs are present
OVERLAPPING_GENES:137 genes overlap another gene on the same strand.
RNA_CDS_OVERLAP:17 coding regions overlap RNA features
DISC_QUALITY_SCORES:Quality scores are missing on all sequences.
ONCALLER_COMMENT_PRESENT:1 comment descriptors were found (all same)
SHORT_PROT_SEQUENCES:4 protein sequences are shorter than 50 aa.
MISSING_GENOMEASSEMBLY_COMMENTS:1 bioseqs are missing GenomeAssembly structured comments
MOLTYPE_NOT_MRNA:1 molecule types are not set as mRNA.
TECHNIQUE_NOT_TSA:1 technique are not set as TSA
MISSING_STRUCTURED_COMMENT:1 sequences do not include structured comments.
MISSING_PROJECT:141 sequences do not include project.
DISC_INCONSISTENT_MOLINFO_TECH:Molinfo Technique Report (some missing, all same)


Detailed Report

DiscRep_ALL:DISC_SOURCE_QUALS_ASNDISC::strain (all present, all unique)
DiscRep_SUB:DISC_SOURCE_QUALS_ASNDISC::1 sources have unique values for strain
DiscRep_ALL:DISC_SOURCE_QUALS_ASNDISC::taxname (all present, all unique)
DiscRep_SUB:DISC_SOURCE_QUALS_ASNDISC::1 sources have unique values for taxname
DiscRep_ALL:DISC_FEATURE_COUNT::gene: 170 present
DiscRep_ALL:DISC_FEATURE_COUNT::CDS: 140 present
DiscRep_ALL:DISC_FEATURE_COUNT::tRNA: 28 present
DiscRep_ALL:DISC_FEATURE_COUNT::rRNA: 2 present
DiscRep_ALL:DISC_COUNT_NUCLEOTIDES::1 nucleotide Bioseqs are present
prokka_VFAGAHAV_pseudofinder/VFAGAHAV:Prokka:VFAGAHAV_1 (length 120353)

DiscRep_ALL:OVERLAPPING_GENES::137 genes overlap another gene on the same strand.
prokka_VFAGAHAV_pseudofinder/VFAGAHAV:Gene	tufA	VFAGAHAV_1:1-1188	VFAGAHAV_00001
prokka_VFAGAHAV_pseudofinder/VFAGAHAV:Gene	VFAGAHAV_00002	VFAGAHAV_1:1179-1251	VFAGAHAV_00002
prokka_VFAGAHAV_pseudofinder/VFAGAHAV:Gene	rplK	VFAGAHAV_1:1270-1647	VFAGAHAV_00003
prokka_VFAGAHAV_pseudofinder/VFAGAHAV:Gene	VFAGAHAV_00004	VFAGAHAV_1:1640-2236	VFAGAHAV_00004
prokka_VFAGAHAV_pseudofinder/VFAGAHAV:Gene	VFAGAHAV_00005	VFAGAHAV_1:2233-2646	VFAGAHAV_00005
prokka_VFAGAHAV_pseudofinder/VFAGAHAV:Gene	VFAGAHAV_00006	VFAGAHAV_1:2624-2968	VFAGAHAV_00006
prokka_VFAGAHAV_pseudofinder/VFAGAHAV:Gene	rpoB	VFAGAHAV_1:2962-6813	VFAGAHAV_00007
prokka_VFAGAHAV_pseudofinder/VFAGAHAV:Gene	rpoC	VFAGAHAV_1:6810-10694	VFAGAHAV_00008
prokka_VFAGAHAV_pseudofinder/VFAGAHAV:Gene	rpsL	VFAGAHAV_1:10672-11061	VFAGAHAV_00009
prokka_VFAGAHAV_pseudofinder/VFAGAHAV:Gene	rpsG	VFAGAHAV_1:11033-11506	VFAGAHAV_00010
prokka_VFAGAHAV_pseudofinder/VFAGAHAV:Gene	fusA	VFAGAHAV_1:11506-13545	VFAGAHAV_00011
prokka_VFAGAHAV_pseudofinder/VFAGAHAV:Gene	VFAGAHAV_00012	VFAGAHAV_1:13542-13838	VFAGAHAV_00012
prokka_VFAGAHAV_pseudofinder/VFAGAHAV:Gene	def	VFAGAHAV_1:13828-14211	VFAGAHAV_00013
prokka_VFAGAHAV_pseudofinder/VFAGAHAV:Gene	VFAGAHAV_00014	VFAGAHAV_1:14211-14283	VFAGAHAV_00014
prokka_VFAGAHAV_pseudofinder/VFAGAHAV:Gene	rsmA	VFAGAHAV_1:c15371-14685	VFAGAHAV_00016
prokka_VFAGAHAV_pseudofinder/VFAGAHAV:Gene	VFAGAHAV_00017	VFAGAHAV_1:c16444-15347	VFAGAHAV_00017
prokka_VFAGAHAV_pseudofinder/VFAGAHAV:Gene	rpsI	VFAGAHAV_1:c16830-16441	VFAGAHAV_00018
prokka_VFAGAHAV_pseudofinder/VFAGAHAV:Gene	VFAGAHAV_00019	VFAGAHAV_1:c17120-16827	VFAGAHAV_00019
prokka_VFAGAHAV_pseudofinder/VFAGAHAV:Gene	dapF	VFAGAHAV_1:c17902-17117	VFAGAHAV_00020
prokka_VFAGAHAV_pseudofinder/VFAGAHAV:Gene	rpiA	VFAGAHAV_1:c18551-17889	VFAGAHAV_00021
prokka_VFAGAHAV_pseudofinder/VFAGAHAV:Gene	infB	VFAGAHAV_1:c20020-18551	VFAGAHAV_00022
prokka_VFAGAHAV_pseudofinder/VFAGAHAV:Gene	prs	VFAGAHAV_1:20108-20953	VFAGAHAV_00024
prokka_VFAGAHAV_pseudofinder/VFAGAHAV:Gene	VFAGAHAV_00025	VFAGAHAV_1:20946-21422	VFAGAHAV_00025
prokka_VFAGAHAV_pseudofinder/VFAGAHAV:Gene	lysS	VFAGAHAV_1:c24651-23332	VFAGAHAV_00028
prokka_VFAGAHAV_pseudofinder/VFAGAHAV:Gene	prfB	VFAGAHAV_1:c25324-24629	VFAGAHAV_00029
prokka_VFAGAHAV_pseudofinder/VFAGAHAV:Gene	dapA	VFAGAHAV_1:c26186-25314	VFAGAHAV_00030
prokka_VFAGAHAV_pseudofinder/VFAGAHAV:Gene	tilS	VFAGAHAV_1:26188-28260	VFAGAHAV_00031
prokka_VFAGAHAV_pseudofinder/VFAGAHAV:Gene	VFAGAHAV_00032	VFAGAHAV_1:28259-28344	VFAGAHAV_00032
prokka_VFAGAHAV_pseudofinder/VFAGAHAV:Gene	VFAGAHAV_00033	VFAGAHAV_1:c28517-28326	VFAGAHAV_00033
prokka_VFAGAHAV_pseudofinder/VFAGAHAV:Gene	VFAGAHAV_00034	VFAGAHAV_1:c30762-28465	VFAGAHAV_00034
prokka_VFAGAHAV_pseudofinder/VFAGAHAV:Gene	VFAGAHAV_00035	VFAGAHAV_1:c30896-30759	VFAGAHAV_00035
prokka_VFAGAHAV_pseudofinder/VFAGAHAV:Gene	VFAGAHAV_00036	VFAGAHAV_1:c31071-30889	VFAGAHAV_00036
prokka_VFAGAHAV_pseudofinder/VFAGAHAV:Gene	VFAGAHAV_00038	VFAGAHAV_1:33516-34268	VFAGAHAV_00038
prokka_VFAGAHAV_pseudofinder/VFAGAHAV:Gene	metC	VFAGAHAV_1:34265-35431	VFAGAHAV_00039
prokka_VFAGAHAV_pseudofinder/VFAGAHAV:Gene	prfA	VFAGAHAV_1:c36280-35420	VFAGAHAV_00040
prokka_VFAGAHAV_pseudofinder/VFAGAHAV:Gene	trpC	VFAGAHAV_1:c36992-36270	VFAGAHAV_00041
prokka_VFAGAHAV_pseudofinder/VFAGAHAV:Gene	trpD	VFAGAHAV_1:c37869-36964	VFAGAHAV_00042
prokka_VFAGAHAV_pseudofinder/VFAGAHAV:Gene	pabA	VFAGAHAV_1:c38434-37862	VFAGAHAV_00043
prokka_VFAGAHAV_pseudofinder/VFAGAHAV:Gene	menF	VFAGAHAV_1:c39672-38431	VFAGAHAV_00044
prokka_VFAGAHAV_pseudofinder/VFAGAHAV:Gene	argH	VFAGAHAV_1:c41051-39657	VFAGAHAV_00045
prokka_VFAGAHAV_pseudofinder/VFAGAHAV:Gene	glnS	VFAGAHAV_1:c42238-41291	VFAGAHAV_00046
prokka_VFAGAHAV_pseudofinder/VFAGAHAV:Gene	thrB	VFAGAHAV_1:c43160-42201	VFAGAHAV_00047
prokka_VFAGAHAV_pseudofinder/VFAGAHAV:Gene	dnaG	VFAGAHAV_1:43213-44409	VFAGAHAV_00048
prokka_VFAGAHAV_pseudofinder/VFAGAHAV:Gene	rpoD	VFAGAHAV_1:44399-45808	VFAGAHAV_00049
prokka_VFAGAHAV_pseudofinder/VFAGAHAV:Gene	VFAGAHAV_00050	VFAGAHAV_1:45799-45870	VFAGAHAV_00050
prokka_VFAGAHAV_pseudofinder/VFAGAHAV:Gene	dnaE	VFAGAHAV_1:45874-48735	VFAGAHAV_00051
prokka_VFAGAHAV_pseudofinder/VFAGAHAV:Gene	VFAGAHAV_00052	VFAGAHAV_1:48732-48926	VFAGAHAV_00052
prokka_VFAGAHAV_pseudofinder/VFAGAHAV:Gene	VFAGAHAV_00053	VFAGAHAV_1:48897-48969	VFAGAHAV_00053
prokka_VFAGAHAV_pseudofinder/VFAGAHAV:Gene	VFAGAHAV_00054	VFAGAHAV_1:48969-49053	VFAGAHAV_00054
prokka_VFAGAHAV_pseudofinder/VFAGAHAV:Gene	VFAGAHAV_00055	VFAGAHAV_1:49060-49803	VFAGAHAV_00055
prokka_VFAGAHAV_pseudofinder/VFAGAHAV:Gene	asd1	VFAGAHAV_1:49793-50815	VFAGAHAV_00056
prokka_VFAGAHAV_pseudofinder/VFAGAHAV:Gene	trpF	VFAGAHAV_1:50808-51365	VFAGAHAV_00057
prokka_VFAGAHAV_pseudofinder/VFAGAHAV:Gene	trpB	VFAGAHAV_1:51358-52509	VFAGAHAV_00058
prokka_VFAGAHAV_pseudofinder/VFAGAHAV:Gene	trpA	VFAGAHAV_1:52506-53225	VFAGAHAV_00059
prokka_VFAGAHAV_pseudofinder/VFAGAHAV:Gene	VFAGAHAV_00060	VFAGAHAV_1:53191-53451	VFAGAHAV_00060
prokka_VFAGAHAV_pseudofinder/VFAGAHAV:Gene	VFAGAHAV_00061	VFAGAHAV_1:53417-53647	VFAGAHAV_00061
prokka_VFAGAHAV_pseudofinder/VFAGAHAV:Gene	VFAGAHAV_00064	VFAGAHAV_1:c53982-53908	VFAGAHAV_00064
prokka_VFAGAHAV_pseudofinder/VFAGAHAV:Gene	dnaQ	VFAGAHAV_1:c54440-53967	VFAGAHAV_00065
prokka_VFAGAHAV_pseudofinder/VFAGAHAV:Gene	carA	VFAGAHAV_1:54474-55511	VFAGAHAV_00066
prokka_VFAGAHAV_pseudofinder/VFAGAHAV:Gene	carB	VFAGAHAV_1:55504-58575	VFAGAHAV_00067
prokka_VFAGAHAV_pseudofinder/VFAGAHAV:Gene	rlmE	VFAGAHAV_1:58565-59092	VFAGAHAV_00068
prokka_VFAGAHAV_pseudofinder/VFAGAHAV:Gene	clpP	VFAGAHAV_1:59082-59648	VFAGAHAV_00069
prokka_VFAGAHAV_pseudofinder/VFAGAHAV:Gene	clpX	VFAGAHAV_1:59645-60793	VFAGAHAV_00070
prokka_VFAGAHAV_pseudofinder/VFAGAHAV:Gene	VFAGAHAV_00071	VFAGAHAV_1:60784-60854	VFAGAHAV_00071
prokka_VFAGAHAV_pseudofinder/VFAGAHAV:Gene	VFAGAHAV_00072	VFAGAHAV_1:60809-61537	VFAGAHAV_00072
prokka_VFAGAHAV_pseudofinder/VFAGAHAV:Gene	hisG	VFAGAHAV_1:62855-63448	VFAGAHAV_00077
prokka_VFAGAHAV_pseudofinder/VFAGAHAV:Gene	hisD	VFAGAHAV_1:63445-64692	VFAGAHAV_00078
prokka_VFAGAHAV_pseudofinder/VFAGAHAV:Gene	hisC2	VFAGAHAV_1:64670-65596	VFAGAHAV_00079
prokka_VFAGAHAV_pseudofinder/VFAGAHAV:Gene	hisB	VFAGAHAV_1:65593-66165	VFAGAHAV_00080
prokka_VFAGAHAV_pseudofinder/VFAGAHAV:Gene	hisH	VFAGAHAV_1:66162-66764	VFAGAHAV_00081
prokka_VFAGAHAV_pseudofinder/VFAGAHAV:Gene	hisA	VFAGAHAV_1:66765-67451	VFAGAHAV_00082
prokka_VFAGAHAV_pseudofinder/VFAGAHAV:Gene	hisF	VFAGAHAV_1:67441-68181	VFAGAHAV_00083
prokka_VFAGAHAV_pseudofinder/VFAGAHAV:Gene	hisI_1	VFAGAHAV_1:68175-68471	VFAGAHAV_00084
prokka_VFAGAHAV_pseudofinder/VFAGAHAV:Gene	hisI_2	VFAGAHAV_1:68443-68715	VFAGAHAV_00085
prokka_VFAGAHAV_pseudofinder/VFAGAHAV:Gene	VFAGAHAV_00086	VFAGAHAV_1:68705-68777	VFAGAHAV_00086
prokka_VFAGAHAV_pseudofinder/VFAGAHAV:Gene	VFAGAHAV_00089	VFAGAHAV_1:c69738-69663	VFAGAHAV_00089
prokka_VFAGAHAV_pseudofinder/VFAGAHAV:Gene	rplT	VFAGAHAV_1:c70042-69728	VFAGAHAV_00090
prokka_VFAGAHAV_pseudofinder/VFAGAHAV:Gene	VFAGAHAV_00092	VFAGAHAV_1:c70706-70630	VFAGAHAV_00092
prokka_VFAGAHAV_pseudofinder/VFAGAHAV:Gene	aroC	VFAGAHAV_1:c71756-70704	VFAGAHAV_00093
prokka_VFAGAHAV_pseudofinder/VFAGAHAV:Gene	VFAGAHAV_00099	VFAGAHAV_1:c72945-72451	VFAGAHAV_00099
prokka_VFAGAHAV_pseudofinder/VFAGAHAV:Gene	VFAGAHAV_00100	VFAGAHAV_1:c73838-72942	VFAGAHAV_00100
prokka_VFAGAHAV_pseudofinder/VFAGAHAV:Gene	aspC	VFAGAHAV_1:73879-74961	VFAGAHAV_00101
prokka_VFAGAHAV_pseudofinder/VFAGAHAV:Gene	dapD	VFAGAHAV_1:74948-75769	VFAGAHAV_00102
prokka_VFAGAHAV_pseudofinder/VFAGAHAV:Gene	dapE	VFAGAHAV_1:75738-76820	VFAGAHAV_00103
prokka_VFAGAHAV_pseudofinder/VFAGAHAV:Gene	thrC	VFAGAHAV_1:c78134-76812	VFAGAHAV_00104
prokka_VFAGAHAV_pseudofinder/VFAGAHAV:Gene	hom	VFAGAHAV_1:c79252-78131	VFAGAHAV_00105
prokka_VFAGAHAV_pseudofinder/VFAGAHAV:Gene	dnaB	VFAGAHAV_1:c80495-79242	VFAGAHAV_00106
prokka_VFAGAHAV_pseudofinder/VFAGAHAV:Gene	VFAGAHAV_00107	VFAGAHAV_1:c80664-80506	VFAGAHAV_00107
prokka_VFAGAHAV_pseudofinder/VFAGAHAV:Gene	VFAGAHAV_00108	VFAGAHAV_1:c80963-80661	VFAGAHAV_00108
prokka_VFAGAHAV_pseudofinder/VFAGAHAV:Gene	VFAGAHAV_00109	VFAGAHAV_1:80964-81260	VFAGAHAV_00109
prokka_VFAGAHAV_pseudofinder/VFAGAHAV:Gene	VFAGAHAV_00110	VFAGAHAV_1:81257-81496	VFAGAHAV_00110
prokka_VFAGAHAV_pseudofinder/VFAGAHAV:Gene	mnmE	VFAGAHAV_1:81640-82914	VFAGAHAV_00113
prokka_VFAGAHAV_pseudofinder/VFAGAHAV:Gene	mnmG	VFAGAHAV_1:82911-84713	VFAGAHAV_00114
prokka_VFAGAHAV_pseudofinder/VFAGAHAV:Gene	VFAGAHAV_00115	VFAGAHAV_1:84707-84946	VFAGAHAV_00115
prokka_VFAGAHAV_pseudofinder/VFAGAHAV:Gene	groL	VFAGAHAV_1:84931-86496	VFAGAHAV_00116
prokka_VFAGAHAV_pseudofinder/VFAGAHAV:Gene	aroA	VFAGAHAV_1:86497-87729	VFAGAHAV_00117
prokka_VFAGAHAV_pseudofinder/VFAGAHAV:Gene	VFAGAHAV_00118	VFAGAHAV_1:87726-88733	VFAGAHAV_00118
prokka_VFAGAHAV_pseudofinder/VFAGAHAV:Gene	VFAGAHAV_00120	VFAGAHAV_1:89788-89922	VFAGAHAV_00120
prokka_VFAGAHAV_pseudofinder/VFAGAHAV:Gene	VFAGAHAV_00121	VFAGAHAV_1:89919-90506	VFAGAHAV_00121
prokka_VFAGAHAV_pseudofinder/VFAGAHAV:Gene	dnaJ	VFAGAHAV_1:c91467-90481	VFAGAHAV_00122
prokka_VFAGAHAV_pseudofinder/VFAGAHAV:Gene	dnaK	VFAGAHAV_1:c93268-91460	VFAGAHAV_00123
prokka_VFAGAHAV_pseudofinder/VFAGAHAV:Gene	mnmA	VFAGAHAV_1:c95695-94706	VFAGAHAV_00126
prokka_VFAGAHAV_pseudofinder/VFAGAHAV:Gene	VFAGAHAV_00127	VFAGAHAV_1:c96192-95692	VFAGAHAV_00127
prokka_VFAGAHAV_pseudofinder/VFAGAHAV:Gene	VFAGAHAV_00128	VFAGAHAV_1:c98153-96189	VFAGAHAV_00128
prokka_VFAGAHAV_pseudofinder/VFAGAHAV:Gene	dapB	VFAGAHAV_1:c98779-98150	VFAGAHAV_00129
prokka_VFAGAHAV_pseudofinder/VFAGAHAV:Gene	maeB	VFAGAHAV_1:c99975-98776	VFAGAHAV_00130
prokka_VFAGAHAV_pseudofinder/VFAGAHAV:Gene	aroE	VFAGAHAV_1:c100489-99947	VFAGAHAV_00131
prokka_VFAGAHAV_pseudofinder/VFAGAHAV:Gene	rpmA	VFAGAHAV_1:c101331-101086	VFAGAHAV_00133
prokka_VFAGAHAV_pseudofinder/VFAGAHAV:Gene	VFAGAHAV_00134	VFAGAHAV_1:c101630-101310	VFAGAHAV_00134
prokka_VFAGAHAV_pseudofinder/VFAGAHAV:Gene	rsmH	VFAGAHAV_1:c102420-101608	VFAGAHAV_00135
prokka_VFAGAHAV_pseudofinder/VFAGAHAV:Gene	rplC	VFAGAHAV_1:108327-108734	VFAGAHAV_00141
prokka_VFAGAHAV_pseudofinder/VFAGAHAV:Gene	rplD	VFAGAHAV_1:108721-109302	VFAGAHAV_00142
prokka_VFAGAHAV_pseudofinder/VFAGAHAV:Gene	VFAGAHAV_00143	VFAGAHAV_1:109280-109465	VFAGAHAV_00143
prokka_VFAGAHAV_pseudofinder/VFAGAHAV:Gene	rplB	VFAGAHAV_1:109455-110237	VFAGAHAV_00144
prokka_VFAGAHAV_pseudofinder/VFAGAHAV:Gene	rpsS	VFAGAHAV_1:110230-110505	VFAGAHAV_00145
prokka_VFAGAHAV_pseudofinder/VFAGAHAV:Gene	VFAGAHAV_00146	VFAGAHAV_1:110486-110821	VFAGAHAV_00146
prokka_VFAGAHAV_pseudofinder/VFAGAHAV:Gene	rpsC	VFAGAHAV_1:110821-111426	VFAGAHAV_00147
prokka_VFAGAHAV_pseudofinder/VFAGAHAV:Gene	rplP	VFAGAHAV_1:111423-111824	VFAGAHAV_00148
prokka_VFAGAHAV_pseudofinder/VFAGAHAV:Gene	VFAGAHAV_00149	VFAGAHAV_1:111821-112045	VFAGAHAV_00149
prokka_VFAGAHAV_pseudofinder/VFAGAHAV:Gene	rplN	VFAGAHAV_1:112042-112407	VFAGAHAV_00150
prokka_VFAGAHAV_pseudofinder/VFAGAHAV:Gene	rplE	VFAGAHAV_1:112397-112951	VFAGAHAV_00151
prokka_VFAGAHAV_pseudofinder/VFAGAHAV:Gene	rpsN2	VFAGAHAV_1:112944-113246	VFAGAHAV_00152
prokka_VFAGAHAV_pseudofinder/VFAGAHAV:Gene	VFAGAHAV_00153	VFAGAHAV_1:113246-113611	VFAGAHAV_00153
prokka_VFAGAHAV_pseudofinder/VFAGAHAV:Gene	VFAGAHAV_00154	VFAGAHAV_1:113611-114126	VFAGAHAV_00154
prokka_VFAGAHAV_pseudofinder/VFAGAHAV:Gene	VFAGAHAV_00155	VFAGAHAV_1:114089-114421	VFAGAHAV_00155
prokka_VFAGAHAV_pseudofinder/VFAGAHAV:Gene	rpsE	VFAGAHAV_1:114418-114852	VFAGAHAV_00156
prokka_VFAGAHAV_pseudofinder/VFAGAHAV:Gene	rplO	VFAGAHAV_1:114834-115166	VFAGAHAV_00157
prokka_VFAGAHAV_pseudofinder/VFAGAHAV:Gene	infA	VFAGAHAV_1:115163-115375	VFAGAHAV_00158
prokka_VFAGAHAV_pseudofinder/VFAGAHAV:Gene	VFAGAHAV_00159	VFAGAHAV_1:115372-115485	VFAGAHAV_00159
prokka_VFAGAHAV_pseudofinder/VFAGAHAV:Gene	rpsM	VFAGAHAV_1:115482-115829	VFAGAHAV_00160
prokka_VFAGAHAV_pseudofinder/VFAGAHAV:Gene	rpsK	VFAGAHAV_1:115829-116170	VFAGAHAV_00161
prokka_VFAGAHAV_pseudofinder/VFAGAHAV:Gene	VFAGAHAV_00162	VFAGAHAV_1:116167-116679	VFAGAHAV_00162
prokka_VFAGAHAV_pseudofinder/VFAGAHAV:Gene	rpoA	VFAGAHAV_1:116657-117301	VFAGAHAV_00163
prokka_VFAGAHAV_pseudofinder/VFAGAHAV:Gene	VFAGAHAV_00164	VFAGAHAV_1:117298-117621	VFAGAHAV_00164
prokka_VFAGAHAV_pseudofinder/VFAGAHAV:Gene	VFAGAHAV_00166	VFAGAHAV_1:118870-119121	VFAGAHAV_00166
prokka_VFAGAHAV_pseudofinder/VFAGAHAV:Gene	aroB	VFAGAHAV_1:119114-120100	VFAGAHAV_00167
prokka_VFAGAHAV_pseudofinder/VFAGAHAV:Gene	VFAGAHAV_00168	VFAGAHAV_1:120086-120158	VFAGAHAV_00168

DiscRep_ALL:RNA_CDS_OVERLAP::17 coding regions overlap RNA features
DiscRep_SUB:RNA_CDS_OVERLAP::17 coding regions overlap RNAs (no containment)
DiscRep_SUB:RNA_CDS_OVERLAP::12 coding regions overlap RNAs on the same strand (no containment)
prokka_VFAGAHAV_pseudofinder/VFAGAHAV:CDS	Elongation factor Tu	VFAGAHAV_1:1-1188	VFAGAHAV_00001
prokka_VFAGAHAV_pseudofinder/VFAGAHAV:tRNA	Trp	VFAGAHAV_1:1179-1251	VFAGAHAV_00002
prokka_VFAGAHAV_pseudofinder/VFAGAHAV:CDS	Peptide deformylase	VFAGAHAV_1:13828-14211	VFAGAHAV_00013
prokka_VFAGAHAV_pseudofinder/VFAGAHAV:tRNA	Phe	VFAGAHAV_1:14211-14283	VFAGAHAV_00014
prokka_VFAGAHAV_pseudofinder/VFAGAHAV:CDS	tRNA(Ile)-lysidine synthase	VFAGAHAV_1:26188-28260	VFAGAHAV_00031
prokka_VFAGAHAV_pseudofinder/VFAGAHAV:tRNA	Ser	VFAGAHAV_1:28259-28344	VFAGAHAV_00032
prokka_VFAGAHAV_pseudofinder/VFAGAHAV:CDS	RNA polymerase sigma factor RpoD	VFAGAHAV_1:44399-45808	VFAGAHAV_00049
prokka_VFAGAHAV_pseudofinder/VFAGAHAV:tRNA	Met	VFAGAHAV_1:45799-45870	VFAGAHAV_00050
prokka_VFAGAHAV_pseudofinder/VFAGAHAV:CDS	hypothetical protein	VFAGAHAV_1:48732-48926	VFAGAHAV_00052
prokka_VFAGAHAV_pseudofinder/VFAGAHAV:tRNA	Leu	VFAGAHAV_1:48897-48969	VFAGAHAV_00053
prokka_VFAGAHAV_pseudofinder/VFAGAHAV:CDS	DNA polymerase III subunit epsilon	VFAGAHAV_1:c54440-53967	VFAGAHAV_00065
prokka_VFAGAHAV_pseudofinder/VFAGAHAV:tRNA	Gly	VFAGAHAV_1:c53982-53908	VFAGAHAV_00064
prokka_VFAGAHAV_pseudofinder/VFAGAHAV:CDS	ATP-dependent Clp protease ATP-binding subunit ClpX	VFAGAHAV_1:59645-60793	VFAGAHAV_00070
prokka_VFAGAHAV_pseudofinder/VFAGAHAV:tRNA	Val	VFAGAHAV_1:60784-60854	VFAGAHAV_00071
prokka_VFAGAHAV_pseudofinder/VFAGAHAV:CDS	hypothetical protein	VFAGAHAV_1:60809-61537	VFAGAHAV_00072
prokka_VFAGAHAV_pseudofinder/VFAGAHAV:tRNA	Val	VFAGAHAV_1:60784-60854	VFAGAHAV_00071
prokka_VFAGAHAV_pseudofinder/VFAGAHAV:CDS	Histidine biosynthesis bifunctional protein HisIE	VFAGAHAV_1:68443-68715	VFAGAHAV_00085
prokka_VFAGAHAV_pseudofinder/VFAGAHAV:tRNA	Thr	VFAGAHAV_1:68705-68777	VFAGAHAV_00086
prokka_VFAGAHAV_pseudofinder/VFAGAHAV:CDS	50S ribosomal protein L20	VFAGAHAV_1:c70042-69728	VFAGAHAV_00090
prokka_VFAGAHAV_pseudofinder/VFAGAHAV:tRNA	Lys	VFAGAHAV_1:c69738-69663	VFAGAHAV_00089
prokka_VFAGAHAV_pseudofinder/VFAGAHAV:CDS	Chorismate synthase	VFAGAHAV_1:c71756-70704	VFAGAHAV_00093
prokka_VFAGAHAV_pseudofinder/VFAGAHAV:tRNA	Val	VFAGAHAV_1:c70706-70630	VFAGAHAV_00092
prokka_VFAGAHAV_pseudofinder/VFAGAHAV:CDS	3-dehydroquinate synthase	VFAGAHAV_1:119114-120100	VFAGAHAV_00167
prokka_VFAGAHAV_pseudofinder/VFAGAHAV:tRNA	Met	VFAGAHAV_1:120086-120158	VFAGAHAV_00168

DiscRep_SUB:RNA_CDS_OVERLAP::5 coding regions overlap RNAs on the opposite strand (no containment)
prokka_VFAGAHAV_pseudofinder/VFAGAHAV:CDS	hypothetical protein	VFAGAHAV_1:c28517-28326	VFAGAHAV_00033
prokka_VFAGAHAV_pseudofinder/VFAGAHAV:tRNA	Ser	VFAGAHAV_1:28259-28344	VFAGAHAV_00032
prokka_VFAGAHAV_pseudofinder/VFAGAHAV:CDS	Holliday junction ATP-dependent DNA helicase RuvB	VFAGAHAV_1:61538-62599	VFAGAHAV_00073
prokka_VFAGAHAV_pseudofinder/VFAGAHAV:tRNA	Leu	VFAGAHAV_1:c62678-62593	VFAGAHAV_00074
prokka_VFAGAHAV_pseudofinder/VFAGAHAV:CDS	Ornithine carbamoyltransferase, anabolic	VFAGAHAV_1:68857-69666	VFAGAHAV_00088
prokka_VFAGAHAV_pseudofinder/VFAGAHAV:tRNA	Lys	VFAGAHAV_1:c69738-69663	VFAGAHAV_00089
prokka_VFAGAHAV_pseudofinder/VFAGAHAV:CDS	hypothetical protein	VFAGAHAV_1:71838-71960	VFAGAHAV_00095
prokka_VFAGAHAV_pseudofinder/VFAGAHAV:tRNA	Met	VFAGAHAV_1:c72020-71949	VFAGAHAV_00096
prokka_VFAGAHAV_pseudofinder/VFAGAHAV:CDS	hypothetical protein	VFAGAHAV_1:81257-81496	VFAGAHAV_00110
prokka_VFAGAHAV_pseudofinder/VFAGAHAV:tRNA	Asp	VFAGAHAV_1:c81531-81458	VFAGAHAV_00111

DiscRep_ALL:DISC_QUALITY_SCORES::Quality scores are missing on all sequences.

DiscRep_ALL:ONCALLER_COMMENT_PRESENT::1 comment descriptors were found (all same)
prokka_VFAGAHAV_pseudofinder/VFAGAHAV:Prokka:VFAGAHAV_1:Annotated using prokka 1.14.6 from https://github.com/tseemann/prokka

DiscRep_ALL:SHORT_PROT_SEQUENCES::4 protein sequences are shorter than 50 aa.
prokka_VFAGAHAV_pseudofinder/VFAGAHAV:Prokka:VFAGAHAV_00035 (length 45)
prokka_VFAGAHAV_pseudofinder/VFAGAHAV:Prokka:VFAGAHAV_00095 (length 40)
prokka_VFAGAHAV_pseudofinder/VFAGAHAV:Prokka:VFAGAHAV_00120 (length 44)
prokka_VFAGAHAV_pseudofinder/VFAGAHAV:Prokka:VFAGAHAV_00159 (length 37)

DiscRep_ALL:MISSING_GENOMEASSEMBLY_COMMENTS::1 bioseqs are missing GenomeAssembly structured comments
prokka_VFAGAHAV_pseudofinder/VFAGAHAV:Prokka:VFAGAHAV_1 (length 120353)

DiscRep_ALL:MOLTYPE_NOT_MRNA::1 molecule types are not set as mRNA.
prokka_VFAGAHAV_pseudofinder/VFAGAHAV:Prokka:VFAGAHAV_1 (length 120353)

DiscRep_ALL:TECHNIQUE_NOT_TSA::1 technique are not set as TSA
prokka_VFAGAHAV_pseudofinder/VFAGAHAV:Prokka:VFAGAHAV_1 (length 120353)

DiscRep_ALL:MISSING_STRUCTURED_COMMENT::1 sequences do not include structured comments.
prokka_VFAGAHAV_pseudofinder/VFAGAHAV:Prokka:VFAGAHAV_1 (length 120353)

DiscRep_ALL:MISSING_PROJECT::141 sequences do not include project.
prokka_VFAGAHAV_pseudofinder/VFAGAHAV:Prokka:VFAGAHAV_1 (length 120353)
prokka_VFAGAHAV_pseudofinder/VFAGAHAV:Prokka:VFAGAHAV_00001 (length 395)
prokka_VFAGAHAV_pseudofinder/VFAGAHAV:Prokka:VFAGAHAV_00003 (length 125)
prokka_VFAGAHAV_pseudofinder/VFAGAHAV:Prokka:VFAGAHAV_00004 (length 198)
prokka_VFAGAHAV_pseudofinder/VFAGAHAV:Prokka:VFAGAHAV_00005 (length 137)
prokka_VFAGAHAV_pseudofinder/VFAGAHAV:Prokka:VFAGAHAV_00006 (length 114)
prokka_VFAGAHAV_pseudofinder/VFAGAHAV:Prokka:VFAGAHAV_00007 (length 1283)
prokka_VFAGAHAV_pseudofinder/VFAGAHAV:Prokka:VFAGAHAV_00008 (length 1294)
prokka_VFAGAHAV_pseudofinder/VFAGAHAV:Prokka:VFAGAHAV_00009 (length 129)
prokka_VFAGAHAV_pseudofinder/VFAGAHAV:Prokka:VFAGAHAV_00010 (length 157)
prokka_VFAGAHAV_pseudofinder/VFAGAHAV:Prokka:VFAGAHAV_00011 (length 679)
prokka_VFAGAHAV_pseudofinder/VFAGAHAV:Prokka:VFAGAHAV_00012 (length 98)
prokka_VFAGAHAV_pseudofinder/VFAGAHAV:Prokka:VFAGAHAV_00013 (length 127)
prokka_VFAGAHAV_pseudofinder/VFAGAHAV:Prokka:VFAGAHAV_00015 (length 137)
prokka_VFAGAHAV_pseudofinder/VFAGAHAV:Prokka:VFAGAHAV_00016 (length 228)
prokka_VFAGAHAV_pseudofinder/VFAGAHAV:Prokka:VFAGAHAV_00017 (length 365)
prokka_VFAGAHAV_pseudofinder/VFAGAHAV:Prokka:VFAGAHAV_00018 (length 129)
prokka_VFAGAHAV_pseudofinder/VFAGAHAV:Prokka:VFAGAHAV_00019 (length 97)
prokka_VFAGAHAV_pseudofinder/VFAGAHAV:Prokka:VFAGAHAV_00020 (length 261)
prokka_VFAGAHAV_pseudofinder/VFAGAHAV:Prokka:VFAGAHAV_00021 (length 220)
prokka_VFAGAHAV_pseudofinder/VFAGAHAV:Prokka:VFAGAHAV_00022 (length 489)
prokka_VFAGAHAV_pseudofinder/VFAGAHAV:Prokka:VFAGAHAV_00024 (length 281)
prokka_VFAGAHAV_pseudofinder/VFAGAHAV:Prokka:VFAGAHAV_00025 (length 158)
prokka_VFAGAHAV_pseudofinder/VFAGAHAV:Prokka:VFAGAHAV_00026 (length 248)
prokka_VFAGAHAV_pseudofinder/VFAGAHAV:Prokka:VFAGAHAV_00027 (length 367)
prokka_VFAGAHAV_pseudofinder/VFAGAHAV:Prokka:VFAGAHAV_00028 (length 439)
prokka_VFAGAHAV_pseudofinder/VFAGAHAV:Prokka:VFAGAHAV_00029 (length 231)
prokka_VFAGAHAV_pseudofinder/VFAGAHAV:Prokka:VFAGAHAV_00030 (length 290)
prokka_VFAGAHAV_pseudofinder/VFAGAHAV:Prokka:VFAGAHAV_00031 (length 690)
prokka_VFAGAHAV_pseudofinder/VFAGAHAV:Prokka:VFAGAHAV_00033 (length 63)
prokka_VFAGAHAV_pseudofinder/VFAGAHAV:Prokka:VFAGAHAV_00034 (length 765)
prokka_VFAGAHAV_pseudofinder/VFAGAHAV:Prokka:VFAGAHAV_00035 (length 45)
prokka_VFAGAHAV_pseudofinder/VFAGAHAV:Prokka:VFAGAHAV_00036 (length 60)
prokka_VFAGAHAV_pseudofinder/VFAGAHAV:Prokka:VFAGAHAV_00037 (length 738)
prokka_VFAGAHAV_pseudofinder/VFAGAHAV:Prokka:VFAGAHAV_00038 (length 250)
prokka_VFAGAHAV_pseudofinder/VFAGAHAV:Prokka:VFAGAHAV_00039 (length 388)
prokka_VFAGAHAV_pseudofinder/VFAGAHAV:Prokka:VFAGAHAV_00040 (length 286)
prokka_VFAGAHAV_pseudofinder/VFAGAHAV:Prokka:VFAGAHAV_00041 (length 240)
prokka_VFAGAHAV_pseudofinder/VFAGAHAV:Prokka:VFAGAHAV_00042 (length 301)
prokka_VFAGAHAV_pseudofinder/VFAGAHAV:Prokka:VFAGAHAV_00043 (length 190)
prokka_VFAGAHAV_pseudofinder/VFAGAHAV:Prokka:VFAGAHAV_00044 (length 413)
prokka_VFAGAHAV_pseudofinder/VFAGAHAV:Prokka:VFAGAHAV_00045 (length 464)
prokka_VFAGAHAV_pseudofinder/VFAGAHAV:Prokka:VFAGAHAV_00046 (length 315)
prokka_VFAGAHAV_pseudofinder/VFAGAHAV:Prokka:VFAGAHAV_00047 (length 319)
prokka_VFAGAHAV_pseudofinder/VFAGAHAV:Prokka:VFAGAHAV_00048 (length 398)
prokka_VFAGAHAV_pseudofinder/VFAGAHAV:Prokka:VFAGAHAV_00049 (length 469)
prokka_VFAGAHAV_pseudofinder/VFAGAHAV:Prokka:VFAGAHAV_00051 (length 953)
prokka_VFAGAHAV_pseudofinder/VFAGAHAV:Prokka:VFAGAHAV_00052 (length 64)
prokka_VFAGAHAV_pseudofinder/VFAGAHAV:Prokka:VFAGAHAV_00055 (length 247)
prokka_VFAGAHAV_pseudofinder/VFAGAHAV:Prokka:VFAGAHAV_00056 (length 340)
prokka_VFAGAHAV_pseudofinder/VFAGAHAV:Prokka:VFAGAHAV_00057 (length 185)
prokka_VFAGAHAV_pseudofinder/VFAGAHAV:Prokka:VFAGAHAV_00058 (length 383)
prokka_VFAGAHAV_pseudofinder/VFAGAHAV:Prokka:VFAGAHAV_00059 (length 239)
prokka_VFAGAHAV_pseudofinder/VFAGAHAV:Prokka:VFAGAHAV_00060 (length 86)
prokka_VFAGAHAV_pseudofinder/VFAGAHAV:Prokka:VFAGAHAV_00061 (length 76)
prokka_VFAGAHAV_pseudofinder/VFAGAHAV:Prokka:VFAGAHAV_00065 (length 157)
prokka_VFAGAHAV_pseudofinder/VFAGAHAV:Prokka:VFAGAHAV_00066 (length 345)
prokka_VFAGAHAV_pseudofinder/VFAGAHAV:Prokka:VFAGAHAV_00067 (length 1023)
prokka_VFAGAHAV_pseudofinder/VFAGAHAV:Prokka:VFAGAHAV_00068 (length 175)
prokka_VFAGAHAV_pseudofinder/VFAGAHAV:Prokka:VFAGAHAV_00069 (length 188)
prokka_VFAGAHAV_pseudofinder/VFAGAHAV:Prokka:VFAGAHAV_00070 (length 382)
prokka_VFAGAHAV_pseudofinder/VFAGAHAV:Prokka:VFAGAHAV_00072 (length 242)
prokka_VFAGAHAV_pseudofinder/VFAGAHAV:Prokka:VFAGAHAV_00073 (length 353)
prokka_VFAGAHAV_pseudofinder/VFAGAHAV:Prokka:VFAGAHAV_00077 (length 197)
prokka_VFAGAHAV_pseudofinder/VFAGAHAV:Prokka:VFAGAHAV_00078 (length 415)
prokka_VFAGAHAV_pseudofinder/VFAGAHAV:Prokka:VFAGAHAV_00079 (length 308)
prokka_VFAGAHAV_pseudofinder/VFAGAHAV:Prokka:VFAGAHAV_00080 (length 190)
prokka_VFAGAHAV_pseudofinder/VFAGAHAV:Prokka:VFAGAHAV_00081 (length 200)
prokka_VFAGAHAV_pseudofinder/VFAGAHAV:Prokka:VFAGAHAV_00082 (length 228)
prokka_VFAGAHAV_pseudofinder/VFAGAHAV:Prokka:VFAGAHAV_00083 (length 246)
prokka_VFAGAHAV_pseudofinder/VFAGAHAV:Prokka:VFAGAHAV_00084 (length 98)
prokka_VFAGAHAV_pseudofinder/VFAGAHAV:Prokka:VFAGAHAV_00085 (length 90)
prokka_VFAGAHAV_pseudofinder/VFAGAHAV:Prokka:VFAGAHAV_00088 (length 269)
prokka_VFAGAHAV_pseudofinder/VFAGAHAV:Prokka:VFAGAHAV_00090 (length 104)
prokka_VFAGAHAV_pseudofinder/VFAGAHAV:Prokka:VFAGAHAV_00091 (length 151)
prokka_VFAGAHAV_pseudofinder/VFAGAHAV:Prokka:VFAGAHAV_00093 (length 350)
prokka_VFAGAHAV_pseudofinder/VFAGAHAV:Prokka:VFAGAHAV_00095 (length 40)
prokka_VFAGAHAV_pseudofinder/VFAGAHAV:Prokka:VFAGAHAV_00098 (length 112)
prokka_VFAGAHAV_pseudofinder/VFAGAHAV:Prokka:VFAGAHAV_00099 (length 164)
prokka_VFAGAHAV_pseudofinder/VFAGAHAV:Prokka:VFAGAHAV_00100 (length 298)
prokka_VFAGAHAV_pseudofinder/VFAGAHAV:Prokka:VFAGAHAV_00101 (length 360)
prokka_VFAGAHAV_pseudofinder/VFAGAHAV:Prokka:VFAGAHAV_00102 (length 273)
prokka_VFAGAHAV_pseudofinder/VFAGAHAV:Prokka:VFAGAHAV_00103 (length 360)
prokka_VFAGAHAV_pseudofinder/VFAGAHAV:Prokka:VFAGAHAV_00104 (length 440)
prokka_VFAGAHAV_pseudofinder/VFAGAHAV:Prokka:VFAGAHAV_00105 (length 373)
prokka_VFAGAHAV_pseudofinder/VFAGAHAV:Prokka:VFAGAHAV_00106 (length 417)
prokka_VFAGAHAV_pseudofinder/VFAGAHAV:Prokka:VFAGAHAV_00107 (length 52)
prokka_VFAGAHAV_pseudofinder/VFAGAHAV:Prokka:VFAGAHAV_00108 (length 100)
prokka_VFAGAHAV_pseudofinder/VFAGAHAV:Prokka:VFAGAHAV_00109 (length 98)
prokka_VFAGAHAV_pseudofinder/VFAGAHAV:Prokka:VFAGAHAV_00110 (length 79)
prokka_VFAGAHAV_pseudofinder/VFAGAHAV:Prokka:VFAGAHAV_00113 (length 424)
prokka_VFAGAHAV_pseudofinder/VFAGAHAV:Prokka:VFAGAHAV_00114 (length 600)
prokka_VFAGAHAV_pseudofinder/VFAGAHAV:Prokka:VFAGAHAV_00115 (length 79)
prokka_VFAGAHAV_pseudofinder/VFAGAHAV:Prokka:VFAGAHAV_00116 (length 521)
prokka_VFAGAHAV_pseudofinder/VFAGAHAV:Prokka:VFAGAHAV_00117 (length 410)
prokka_VFAGAHAV_pseudofinder/VFAGAHAV:Prokka:VFAGAHAV_00118 (length 335)
prokka_VFAGAHAV_pseudofinder/VFAGAHAV:Prokka:VFAGAHAV_00119 (length 355)
prokka_VFAGAHAV_pseudofinder/VFAGAHAV:Prokka:VFAGAHAV_00120 (length 44)
prokka_VFAGAHAV_pseudofinder/VFAGAHAV:Prokka:VFAGAHAV_00121 (length 195)
prokka_VFAGAHAV_pseudofinder/VFAGAHAV:Prokka:VFAGAHAV_00122 (length 328)
prokka_VFAGAHAV_pseudofinder/VFAGAHAV:Prokka:VFAGAHAV_00123 (length 602)
prokka_VFAGAHAV_pseudofinder/VFAGAHAV:Prokka:VFAGAHAV_00124 (length 150)
prokka_VFAGAHAV_pseudofinder/VFAGAHAV:Prokka:VFAGAHAV_00125 (length 312)
prokka_VFAGAHAV_pseudofinder/VFAGAHAV:Prokka:VFAGAHAV_00126 (length 329)
prokka_VFAGAHAV_pseudofinder/VFAGAHAV:Prokka:VFAGAHAV_00127 (length 166)
prokka_VFAGAHAV_pseudofinder/VFAGAHAV:Prokka:VFAGAHAV_00128 (length 654)
prokka_VFAGAHAV_pseudofinder/VFAGAHAV:Prokka:VFAGAHAV_00129 (length 209)
prokka_VFAGAHAV_pseudofinder/VFAGAHAV:Prokka:VFAGAHAV_00130 (length 399)
prokka_VFAGAHAV_pseudofinder/VFAGAHAV:Prokka:VFAGAHAV_00131 (length 180)
prokka_VFAGAHAV_pseudofinder/VFAGAHAV:Prokka:VFAGAHAV_00132 (length 171)
prokka_VFAGAHAV_pseudofinder/VFAGAHAV:Prokka:VFAGAHAV_00133 (length 81)
prokka_VFAGAHAV_pseudofinder/VFAGAHAV:Prokka:VFAGAHAV_00134 (length 106)
prokka_VFAGAHAV_pseudofinder/VFAGAHAV:Prokka:VFAGAHAV_00135 (length 270)
prokka_VFAGAHAV_pseudofinder/VFAGAHAV:Prokka:VFAGAHAV_00137 (length 399)
prokka_VFAGAHAV_pseudofinder/VFAGAHAV:Prokka:VFAGAHAV_00141 (length 135)
prokka_VFAGAHAV_pseudofinder/VFAGAHAV:Prokka:VFAGAHAV_00142 (length 193)
prokka_VFAGAHAV_pseudofinder/VFAGAHAV:Prokka:VFAGAHAV_00143 (length 61)
prokka_VFAGAHAV_pseudofinder/VFAGAHAV:Prokka:VFAGAHAV_00144 (length 260)
prokka_VFAGAHAV_pseudofinder/VFAGAHAV:Prokka:VFAGAHAV_00145 (length 91)
prokka_VFAGAHAV_pseudofinder/VFAGAHAV:Prokka:VFAGAHAV_00146 (length 111)
prokka_VFAGAHAV_pseudofinder/VFAGAHAV:Prokka:VFAGAHAV_00147 (length 201)
prokka_VFAGAHAV_pseudofinder/VFAGAHAV:Prokka:VFAGAHAV_00148 (length 133)
prokka_VFAGAHAV_pseudofinder/VFAGAHAV:Prokka:VFAGAHAV_00149 (length 74)
prokka_VFAGAHAV_pseudofinder/VFAGAHAV:Prokka:VFAGAHAV_00150 (length 121)
prokka_VFAGAHAV_pseudofinder/VFAGAHAV:Prokka:VFAGAHAV_00151 (length 184)
prokka_VFAGAHAV_pseudofinder/VFAGAHAV:Prokka:VFAGAHAV_00152 (length 100)
prokka_VFAGAHAV_pseudofinder/VFAGAHAV:Prokka:VFAGAHAV_00153 (length 121)
prokka_VFAGAHAV_pseudofinder/VFAGAHAV:Prokka:VFAGAHAV_00154 (length 171)
prokka_VFAGAHAV_pseudofinder/VFAGAHAV:Prokka:VFAGAHAV_00155 (length 110)
prokka_VFAGAHAV_pseudofinder/VFAGAHAV:Prokka:VFAGAHAV_00156 (length 144)
prokka_VFAGAHAV_pseudofinder/VFAGAHAV:Prokka:VFAGAHAV_00157 (length 110)
prokka_VFAGAHAV_pseudofinder/VFAGAHAV:Prokka:VFAGAHAV_00158 (length 70)
prokka_VFAGAHAV_pseudofinder/VFAGAHAV:Prokka:VFAGAHAV_00159 (length 37)
prokka_VFAGAHAV_pseudofinder/VFAGAHAV:Prokka:VFAGAHAV_00160 (length 115)
prokka_VFAGAHAV_pseudofinder/VFAGAHAV:Prokka:VFAGAHAV_00161 (length 113)
prokka_VFAGAHAV_pseudofinder/VFAGAHAV:Prokka:VFAGAHAV_00162 (length 170)
prokka_VFAGAHAV_pseudofinder/VFAGAHAV:Prokka:VFAGAHAV_00163 (length 214)
prokka_VFAGAHAV_pseudofinder/VFAGAHAV:Prokka:VFAGAHAV_00164 (length 107)
prokka_VFAGAHAV_pseudofinder/VFAGAHAV:Prokka:VFAGAHAV_00165 (length 371)
prokka_VFAGAHAV_pseudofinder/VFAGAHAV:Prokka:VFAGAHAV_00166 (length 83)
prokka_VFAGAHAV_pseudofinder/VFAGAHAV:Prokka:VFAGAHAV_00167 (length 328)

DiscRep_ALL:DISC_INCONSISTENT_MOLINFO_TECH::Molinfo Technique Report (some missing, all same)
DiscRep_SUB:DISC_INCONSISTENT_MOLINFO_TECH::technique (all missing)
DiscRep_SUB:DISC_INCONSISTENT_MOLINFO_TECH::1 Molinfos are missing field technique
prokka_VFAGAHAV_pseudofinder/VFAGAHAV:Prokka:VFAGAHAV_1 (length 120353)

