Discrepancy Report Results

Summary
FATAL: MISSING_PROTEIN_ID:144 proteins have invalid IDs.
DISC_SOURCE_QUALS_ASNDISC:strain (all present, all unique)
DISC_SOURCE_QUALS_ASNDISC:taxname (all present, all unique)
DISC_FEATURE_COUNT:CDS: 144 present
DISC_FEATURE_COUNT:tRNA: 31 present
DISC_FEATURE_COUNT:rRNA: 2 present
DISC_COUNT_NUCLEOTIDES:1 nucleotide Bioseqs are present
FEATURE_LOCATION_CONFLICT:177 features have inconsistent gene locations.
DISC_QUALITY_SCORES:Quality scores are missing on all sequences.
ONCALLER_COMMENT_PRESENT:1 comment descriptors were found (all same)
SHORT_PROT_SEQUENCES:3 protein sequences are shorter than 50 aa.
MISSING_GENOMEASSEMBLY_COMMENTS:1 bioseqs are missing GenomeAssembly structured comments
MOLTYPE_NOT_MRNA:1 molecule types are not set as mRNA.
TECHNIQUE_NOT_TSA:1 technique are not set as TSA
MISSING_STRUCTURED_COMMENT:1 sequences do not include structured comments.
MISSING_PROJECT:145 sequences do not include project.
DISC_INCONSISTENT_MOLINFO_TECH:Molinfo Technique Report (some missing, all same)


Detailed Report

FATAL: DiscRep_ALL:MISSING_PROTEIN_ID::144 proteins have invalid IDs.
prokka_VFOLIH/VFOLIH:VFOLIH_1 (length 396)
prokka_VFOLIH/VFOLIH:VFOLIH_2 (length 142)
prokka_VFOLIH/VFOLIH:VFOLIH_3 (length 201)
prokka_VFOLIH/VFOLIH:VFOLIH_4 (length 180)
prokka_VFOLIH/VFOLIH:VFOLIH_5 (length 126)
prokka_VFOLIH/VFOLIH:VFOLIH_6 (length 1125)
prokka_VFOLIH/VFOLIH:VFOLIH_7 (length 1292)
prokka_VFOLIH/VFOLIH:VFOLIH_8 (length 124)
prokka_VFOLIH/VFOLIH:VFOLIH_9 (length 159)
prokka_VFOLIH/VFOLIH:VFOLIH_10 (length 686)
prokka_VFOLIH/VFOLIH:VFOLIH_11 (length 105)
prokka_VFOLIH/VFOLIH:VFOLIH_12 (length 68)
prokka_VFOLIH/VFOLIH:VFOLIH_13 (length 44)
prokka_VFOLIH/VFOLIH:VFOLIH_14 (length 154)
prokka_VFOLIH/VFOLIH:VFOLIH_15 (length 340)
prokka_VFOLIH/VFOLIH:VFOLIH_16 (length 99)
prokka_VFOLIH/VFOLIH:VFOLIH_17 (length 122)
prokka_VFOLIH/VFOLIH:VFOLIH_18 (length 107)
prokka_VFOLIH/VFOLIH:VFOLIH_19 (length 262)
prokka_VFOLIH/VFOLIH:VFOLIH_20 (length 210)
prokka_VFOLIH/VFOLIH:VFOLIH_21 (length 426)
prokka_VFOLIH/VFOLIH:VFOLIH_22 (length 301)
prokka_VFOLIH/VFOLIH:VFOLIH_23 (length 702)
prokka_VFOLIH/VFOLIH:VFOLIH_24 (length 445)
prokka_VFOLIH/VFOLIH:VFOLIH_25 (length 284)
prokka_VFOLIH/VFOLIH:VFOLIH_26 (length 158)
prokka_VFOLIH/VFOLIH:VFOLIH_27 (length 187)
prokka_VFOLIH/VFOLIH:VFOLIH_28 (length 465)
prokka_VFOLIH/VFOLIH:VFOLIH_29 (length 125)
prokka_VFOLIH/VFOLIH:VFOLIH_30 (length 408)
prokka_VFOLIH/VFOLIH:VFOLIH_31 (length 269)
prokka_VFOLIH/VFOLIH:VFOLIH_32 (length 268)
prokka_VFOLIH/VFOLIH:VFOLIH_33 (length 307)
prokka_VFOLIH/VFOLIH:VFOLIH_34 (length 347)
prokka_VFOLIH/VFOLIH:VFOLIH_35 (length 53)
prokka_VFOLIH/VFOLIH:VFOLIH_36 (length 52)
prokka_VFOLIH/VFOLIH:VFOLIH_37 (length 744)
prokka_VFOLIH/VFOLIH:VFOLIH_38 (length 231)
prokka_VFOLIH/VFOLIH:VFOLIH_39 (length 354)
prokka_VFOLIH/VFOLIH:VFOLIH_40 (length 229)
prokka_VFOLIH/VFOLIH:VFOLIH_41 (length 251)
prokka_VFOLIH/VFOLIH:VFOLIH_42 (length 291)
prokka_VFOLIH/VFOLIH:VFOLIH_43 (length 189)
prokka_VFOLIH/VFOLIH:VFOLIH_44 (length 422)
prokka_VFOLIH/VFOLIH:VFOLIH_45 (length 464)
prokka_VFOLIH/VFOLIH:VFOLIH_46 (length 327)
prokka_VFOLIH/VFOLIH:VFOLIH_47 (length 353)
prokka_VFOLIH/VFOLIH:VFOLIH_48 (length 397)
prokka_VFOLIH/VFOLIH:VFOLIH_49 (length 319)
prokka_VFOLIH/VFOLIH:VFOLIH_50 (length 362)
prokka_VFOLIH/VFOLIH:VFOLIH_51 (length 414)
prokka_VFOLIH/VFOLIH:VFOLIH_52 (length 978)
prokka_VFOLIH/VFOLIH:VFOLIH_53 (length 450)
prokka_VFOLIH/VFOLIH:VFOLIH_54 (length 202)
prokka_VFOLIH/VFOLIH:VFOLIH_55 (length 333)
prokka_VFOLIH/VFOLIH:VFOLIH_56 (length 210)
prokka_VFOLIH/VFOLIH:VFOLIH_57 (length 378)
prokka_VFOLIH/VFOLIH:VFOLIH_58 (length 235)
prokka_VFOLIH/VFOLIH:VFOLIH_59 (length 76)
prokka_VFOLIH/VFOLIH:VFOLIH_60 (length 81)
prokka_VFOLIH/VFOLIH:VFOLIH_61 (length 104)
prokka_VFOLIH/VFOLIH:VFOLIH_62 (length 31)
prokka_VFOLIH/VFOLIH:VFOLIH_63 (length 188)
prokka_VFOLIH/VFOLIH:VFOLIH_64 (length 356)
prokka_VFOLIH/VFOLIH:VFOLIH_65 (length 1045)
prokka_VFOLIH/VFOLIH:VFOLIH_66 (length 179)
prokka_VFOLIH/VFOLIH:VFOLIH_67 (length 186)
prokka_VFOLIH/VFOLIH:VFOLIH_68 (length 188)
prokka_VFOLIH/VFOLIH:VFOLIH_69 (length 198)
prokka_VFOLIH/VFOLIH:VFOLIH_70 (length 415)
prokka_VFOLIH/VFOLIH:VFOLIH_71 (length 349)
prokka_VFOLIH/VFOLIH:VFOLIH_72 (length 187)
prokka_VFOLIH/VFOLIH:VFOLIH_73 (length 208)
prokka_VFOLIH/VFOLIH:VFOLIH_74 (length 225)
prokka_VFOLIH/VFOLIH:VFOLIH_75 (length 247)
prokka_VFOLIH/VFOLIH:VFOLIH_76 (length 106)
prokka_VFOLIH/VFOLIH:VFOLIH_77 (length 295)
prokka_VFOLIH/VFOLIH:VFOLIH_78 (length 119)
prokka_VFOLIH/VFOLIH:VFOLIH_79 (length 54)
prokka_VFOLIH/VFOLIH:VFOLIH_80 (length 141)
prokka_VFOLIH/VFOLIH:VFOLIH_81 (length 119)
prokka_VFOLIH/VFOLIH:VFOLIH_82 (length 165)
prokka_VFOLIH/VFOLIH:VFOLIH_83 (length 204)
prokka_VFOLIH/VFOLIH:VFOLIH_84 (length 224)
prokka_VFOLIH/VFOLIH:VFOLIH_85 (length 369)
prokka_VFOLIH/VFOLIH:VFOLIH_86 (length 263)
prokka_VFOLIH/VFOLIH:VFOLIH_87 (length 342)
prokka_VFOLIH/VFOLIH:VFOLIH_88 (length 449)
prokka_VFOLIH/VFOLIH:VFOLIH_89 (length 384)
prokka_VFOLIH/VFOLIH:VFOLIH_90 (length 414)
prokka_VFOLIH/VFOLIH:VFOLIH_91 (length 150)
prokka_VFOLIH/VFOLIH:VFOLIH_92 (length 357)
prokka_VFOLIH/VFOLIH:VFOLIH_93 (length 418)
prokka_VFOLIH/VFOLIH:VFOLIH_94 (length 602)
prokka_VFOLIH/VFOLIH:VFOLIH_95 (length 82)
prokka_VFOLIH/VFOLIH:VFOLIH_96 (length 531)
prokka_VFOLIH/VFOLIH:VFOLIH_97 (length 424)
prokka_VFOLIH/VFOLIH:VFOLIH_98 (length 360)
prokka_VFOLIH/VFOLIH:VFOLIH_99 (length 213)
prokka_VFOLIH/VFOLIH:VFOLIH_100 (length 329)
prokka_VFOLIH/VFOLIH:VFOLIH_101 (length 608)
prokka_VFOLIH/VFOLIH:VFOLIH_102 (length 130)
prokka_VFOLIH/VFOLIH:VFOLIH_103 (length 328)
prokka_VFOLIH/VFOLIH:VFOLIH_104 (length 352)
prokka_VFOLIH/VFOLIH:VFOLIH_105 (length 191)
prokka_VFOLIH/VFOLIH:VFOLIH_106 (length 660)
prokka_VFOLIH/VFOLIH:VFOLIH_107 (length 205)
prokka_VFOLIH/VFOLIH:VFOLIH_108 (length 217)
prokka_VFOLIH/VFOLIH:VFOLIH_109 (length 140)
prokka_VFOLIH/VFOLIH:VFOLIH_110 (length 336)
prokka_VFOLIH/VFOLIH:VFOLIH_111 (length 86)
prokka_VFOLIH/VFOLIH:VFOLIH_112 (length 99)
prokka_VFOLIH/VFOLIH:VFOLIH_113 (length 166)
prokka_VFOLIH/VFOLIH:VFOLIH_114 (length 403)
prokka_VFOLIH/VFOLIH:VFOLIH_115 (length 273)
prokka_VFOLIH/VFOLIH:VFOLIH_116 (length 152)
prokka_VFOLIH/VFOLIH:VFOLIH_117 (length 167)
prokka_VFOLIH/VFOLIH:VFOLIH_118 (length 163)
prokka_VFOLIH/VFOLIH:VFOLIH_119 (length 68)
prokka_VFOLIH/VFOLIH:VFOLIH_120 (length 227)
prokka_VFOLIH/VFOLIH:VFOLIH_121 (length 77)
prokka_VFOLIH/VFOLIH:VFOLIH_122 (length 102)
prokka_VFOLIH/VFOLIH:VFOLIH_123 (length 199)
prokka_VFOLIH/VFOLIH:VFOLIH_124 (length 129)
prokka_VFOLIH/VFOLIH:VFOLIH_125 (length 74)
prokka_VFOLIH/VFOLIH:VFOLIH_126 (length 127)
prokka_VFOLIH/VFOLIH:VFOLIH_127 (length 50)
prokka_VFOLIH/VFOLIH:VFOLIH_128 (length 181)
prokka_VFOLIH/VFOLIH:VFOLIH_129 (length 90)
prokka_VFOLIH/VFOLIH:VFOLIH_130 (length 124)
prokka_VFOLIH/VFOLIH:VFOLIH_131 (length 175)
prokka_VFOLIH/VFOLIH:VFOLIH_132 (length 116)
prokka_VFOLIH/VFOLIH:VFOLIH_133 (length 156)
prokka_VFOLIH/VFOLIH:VFOLIH_134 (length 106)
prokka_VFOLIH/VFOLIH:VFOLIH_135 (length 72)
prokka_VFOLIH/VFOLIH:VFOLIH_136 (length 37)
prokka_VFOLIH/VFOLIH:VFOLIH_137 (length 119)
prokka_VFOLIH/VFOLIH:VFOLIH_138 (length 113)
prokka_VFOLIH/VFOLIH:VFOLIH_139 (length 185)
prokka_VFOLIH/VFOLIH:VFOLIH_140 (length 276)
prokka_VFOLIH/VFOLIH:VFOLIH_141 (length 107)
prokka_VFOLIH/VFOLIH:VFOLIH_142 (length 383)
prokka_VFOLIH/VFOLIH:VFOLIH_143 (length 159)
prokka_VFOLIH/VFOLIH:VFOLIH_144 (length 353)

DiscRep_ALL:DISC_SOURCE_QUALS_ASNDISC::strain (all present, all unique)
DiscRep_SUB:DISC_SOURCE_QUALS_ASNDISC::1 sources have unique values for strain
DiscRep_ALL:DISC_SOURCE_QUALS_ASNDISC::taxname (all present, all unique)
DiscRep_SUB:DISC_SOURCE_QUALS_ASNDISC::1 sources have unique values for taxname
DiscRep_ALL:DISC_FEATURE_COUNT::CDS: 144 present
DiscRep_ALL:DISC_FEATURE_COUNT::tRNA: 31 present
DiscRep_ALL:DISC_FEATURE_COUNT::rRNA: 2 present
DiscRep_ALL:DISC_COUNT_NUCLEOTIDES::1 nucleotide Bioseqs are present
prokka_VFOLIH/VFOLIH:VFOLIH (length 136080, 1 other)

DiscRep_ALL:FEATURE_LOCATION_CONFLICT::177 features have inconsistent gene locations.
DiscRep_SUB:FEATURE_LOCATION_CONFLICT::Coding region xref gene does not exist
prokka_VFOLIH/VFOLIH:CDS	Elongation factor Tu	VFOLIH:10-1200	VFOLIH_00001

DiscRep_SUB:FEATURE_LOCATION_CONFLICT::Coding region xref gene does not exist
prokka_VFOLIH/VFOLIH:CDS	50S ribosomal protein L11	VFOLIH:1280-1708	VFOLIH_00003

DiscRep_SUB:FEATURE_LOCATION_CONFLICT::Coding region xref gene does not exist
prokka_VFOLIH/VFOLIH:CDS	hypothetical protein	VFOLIH:1686-2291	VFOLIH_00004

DiscRep_SUB:FEATURE_LOCATION_CONFLICT::Coding region xref gene does not exist
prokka_VFOLIH/VFOLIH:CDS	hypothetical protein	VFOLIH:2288-2830	VFOLIH_00005

DiscRep_SUB:FEATURE_LOCATION_CONFLICT::Coding region xref gene does not exist
prokka_VFOLIH/VFOLIH:CDS	hypothetical protein	VFOLIH:2817-3197	VFOLIH_00006

DiscRep_SUB:FEATURE_LOCATION_CONFLICT::Coding region xref gene does not exist
prokka_VFOLIH/VFOLIH:CDS	DNA-directed RNA polymerase subunit beta	VFOLIH:3194-6571	VFOLIH_00007

DiscRep_SUB:FEATURE_LOCATION_CONFLICT::Coding region xref gene does not exist
prokka_VFOLIH/VFOLIH:CDS	DNA-directed RNA polymerase subunit beta'	VFOLIH:6568-10446	VFOLIH_00008

DiscRep_SUB:FEATURE_LOCATION_CONFLICT::Coding region xref gene does not exist
prokka_VFOLIH/VFOLIH:CDS	30S ribosomal protein S12	VFOLIH:10388-10762	VFOLIH_00009

DiscRep_SUB:FEATURE_LOCATION_CONFLICT::Coding region xref gene does not exist
prokka_VFOLIH/VFOLIH:CDS	30S ribosomal protein S7	VFOLIH:10731-11210	VFOLIH_00010

DiscRep_SUB:FEATURE_LOCATION_CONFLICT::Coding region xref gene does not exist
prokka_VFOLIH/VFOLIH:CDS	Elongation factor G	VFOLIH:11210-13270	VFOLIH_00011

DiscRep_SUB:FEATURE_LOCATION_CONFLICT::Coding region xref gene does not exist
prokka_VFOLIH/VFOLIH:CDS	hypothetical protein	VFOLIH:13254-13571	VFOLIH_00012

DiscRep_SUB:FEATURE_LOCATION_CONFLICT::Coding region xref gene does not exist
prokka_VFOLIH/VFOLIH:CDS	Cold shock-like protein CspG	VFOLIH:c13770-13564	VFOLIH_00013

DiscRep_SUB:FEATURE_LOCATION_CONFLICT::Coding region xref gene does not exist
prokka_VFOLIH/VFOLIH:CDS	hypothetical protein	VFOLIH:14319-14453	VFOLIH_00015

DiscRep_SUB:FEATURE_LOCATION_CONFLICT::Coding region xref gene does not exist
prokka_VFOLIH/VFOLIH:CDS	rRNA adenine N-6-methyltransferase	VFOLIH:c14885-14421	VFOLIH_00016

DiscRep_SUB:FEATURE_LOCATION_CONFLICT::Coding region xref gene does not exist
prokka_VFOLIH/VFOLIH:CDS	hypothetical protein	VFOLIH:c15904-14882	VFOLIH_00017

DiscRep_SUB:FEATURE_LOCATION_CONFLICT::Coding region xref gene does not exist
prokka_VFOLIH/VFOLIH:CDS	Iron-sulfur cluster insertion protein ErpA	VFOLIH:c16200-15901	VFOLIH_00018

DiscRep_SUB:FEATURE_LOCATION_CONFLICT::Coding region xref gene does not exist
prokka_VFOLIH/VFOLIH:CDS	30S ribosomal protein S9	VFOLIH:c16565-16197	VFOLIH_00019

DiscRep_SUB:FEATURE_LOCATION_CONFLICT::Coding region xref gene does not exist
prokka_VFOLIH/VFOLIH:CDS	hypothetical protein	VFOLIH:c16875-16552	VFOLIH_00020

DiscRep_SUB:FEATURE_LOCATION_CONFLICT::Coding region xref gene does not exist
prokka_VFOLIH/VFOLIH:CDS	Diaminopimelate epimerase	VFOLIH:c17647-16859	VFOLIH_00021

DiscRep_SUB:FEATURE_LOCATION_CONFLICT::Coding region xref gene does not exist
prokka_VFOLIH/VFOLIH:CDS	hypothetical protein	VFOLIH:c18420-17788	VFOLIH_00022

DiscRep_SUB:FEATURE_LOCATION_CONFLICT::Coding region xref gene does not exist
prokka_VFOLIH/VFOLIH:CDS	Dihydrolipoyl dehydrogenase	VFOLIH:c19684-18404	VFOLIH_00023

DiscRep_SUB:FEATURE_LOCATION_CONFLICT::Coding region xref gene does not exist
prokka_VFOLIH/VFOLIH:CDS	hypothetical protein	VFOLIH:c20586-19681	VFOLIH_00024

DiscRep_SUB:FEATURE_LOCATION_CONFLICT::Coding region xref gene does not exist
prokka_VFOLIH/VFOLIH:CDS	2-oxoglutarate dehydrogenase E1 component	VFOLIH:c22666-20558	VFOLIH_00025

DiscRep_SUB:FEATURE_LOCATION_CONFLICT::Coding region xref gene does not exist
prokka_VFOLIH/VFOLIH:CDS	Translation initiation factor IF-2	VFOLIH:c23996-22659	VFOLIH_00026

DiscRep_SUB:FEATURE_LOCATION_CONFLICT::Coding region xref gene does not exist
prokka_VFOLIH/VFOLIH:CDS	Putative ribose-phosphate pyrophosphokinase	VFOLIH:24109-24963	VFOLIH_00028

DiscRep_SUB:FEATURE_LOCATION_CONFLICT::Coding region xref gene does not exist
prokka_VFOLIH/VFOLIH:CDS	hypothetical protein	VFOLIH:24948-25424	VFOLIH_00029

DiscRep_SUB:FEATURE_LOCATION_CONFLICT::Coding region xref gene does not exist
prokka_VFOLIH/VFOLIH:CDS	Ribosomal RNA small subunit methyltransferase D	VFOLIH:c25984-25421	VFOLIH_00030

DiscRep_SUB:FEATURE_LOCATION_CONFLICT::Coding region xref gene does not exist
prokka_VFOLIH/VFOLIH:CDS	Cysteine desulfurase IscS	VFOLIH:25987-27384	VFOLIH_00031

DiscRep_SUB:FEATURE_LOCATION_CONFLICT::Coding region xref gene does not exist
prokka_VFOLIH/VFOLIH:CDS	Iron-sulfur cluster assembly scaffold protein IscU	VFOLIH:27374-27751	VFOLIH_00032

DiscRep_SUB:FEATURE_LOCATION_CONFLICT::Coding region xref gene does not exist
prokka_VFOLIH/VFOLIH:CDS	Lysine--tRNA ligase, heat inducible	VFOLIH:c28957-27731	VFOLIH_00033

DiscRep_SUB:FEATURE_LOCATION_CONFLICT::Coding region xref gene does not exist
prokka_VFOLIH/VFOLIH:CDS	Peptide chain release factor 1	VFOLIH:c29735-28926	VFOLIH_00034

DiscRep_SUB:FEATURE_LOCATION_CONFLICT::Coding region xref gene does not exist
prokka_VFOLIH/VFOLIH:CDS	4-hydroxy-tetrahydrodipicolinate synthase	VFOLIH:c30631-29825	VFOLIH_00035

DiscRep_SUB:FEATURE_LOCATION_CONFLICT::Coding region xref gene does not exist
prokka_VFOLIH/VFOLIH:CDS	tRNA(Ile)-lysidine synthase	VFOLIH:30681-31604	VFOLIH_00036

DiscRep_SUB:FEATURE_LOCATION_CONFLICT::Coding region xref gene does not exist
prokka_VFOLIH/VFOLIH:CDS	Aspartate kinase	VFOLIH:31592-32635	VFOLIH_00037

DiscRep_SUB:FEATURE_LOCATION_CONFLICT::Coding region xref gene does not exist
prokka_VFOLIH/VFOLIH:CDS	hypothetical protein	VFOLIH:c35205-35044	VFOLIH_00039

DiscRep_SUB:FEATURE_LOCATION_CONFLICT::Coding region xref gene does not exist
prokka_VFOLIH/VFOLIH:CDS	hypothetical protein	VFOLIH:c35350-35192	VFOLIH_00040

DiscRep_SUB:FEATURE_LOCATION_CONFLICT::Coding region xref gene does not exist
prokka_VFOLIH/VFOLIH:CDS	5-methyltetrahydropteroyltriglutamate--homocysteine methyltransferase	VFOLIH:35432-37666	VFOLIH_00042

DiscRep_SUB:FEATURE_LOCATION_CONFLICT::Coding region xref gene does not exist
prokka_VFOLIH/VFOLIH:CDS	hypothetical protein	VFOLIH:37838-38533	VFOLIH_00043

DiscRep_SUB:FEATURE_LOCATION_CONFLICT::Coding region xref gene does not exist
prokka_VFOLIH/VFOLIH:CDS	L-alanine/L-glutamate racemase	VFOLIH:38530-39594	VFOLIH_00044

DiscRep_SUB:FEATURE_LOCATION_CONFLICT::Coding region xref gene does not exist
prokka_VFOLIH/VFOLIH:CDS	Peptide chain release factor 1	VFOLIH:c40272-39583	VFOLIH_00045

DiscRep_SUB:FEATURE_LOCATION_CONFLICT::Coding region xref gene does not exist
prokka_VFOLIH/VFOLIH:CDS	Indole-3-glycerol phosphate synthase	VFOLIH:c41002-40247	VFOLIH_00046

DiscRep_SUB:FEATURE_LOCATION_CONFLICT::Coding region xref gene does not exist
prokka_VFOLIH/VFOLIH:CDS	Anthranilate phosphoribosyltransferase	VFOLIH:c41843-40968	VFOLIH_00047

DiscRep_SUB:FEATURE_LOCATION_CONFLICT::Coding region xref gene does not exist
prokka_VFOLIH/VFOLIH:CDS	Aminodeoxychorismate synthase component 2	VFOLIH:c42393-41824	VFOLIH_00048

DiscRep_SUB:FEATURE_LOCATION_CONFLICT::Coding region xref gene does not exist
prokka_VFOLIH/VFOLIH:CDS	Isochorismate synthase MenF	VFOLIH:c43661-42393	VFOLIH_00049

DiscRep_SUB:FEATURE_LOCATION_CONFLICT::Coding region xref gene does not exist
prokka_VFOLIH/VFOLIH:CDS	Argininosuccinate lyase	VFOLIH:c45021-43627	VFOLIH_00050

DiscRep_SUB:FEATURE_LOCATION_CONFLICT::Coding region xref gene does not exist
prokka_VFOLIH/VFOLIH:CDS	Tryptophan--tRNA ligase 2	VFOLIH:c46037-45054	VFOLIH_00051

DiscRep_SUB:FEATURE_LOCATION_CONFLICT::Coding region xref gene does not exist
prokka_VFOLIH/VFOLIH:CDS	Aspartate--tRNA(Asp/Asn) ligase	VFOLIH:46348-47409	VFOLIH_00052

DiscRep_SUB:FEATURE_LOCATION_CONFLICT::Coding region xref gene does not exist
prokka_VFOLIH/VFOLIH:CDS	Glutamyl-Q tRNA(Asp) synthetase	VFOLIH:c48813-47620	VFOLIH_00053

DiscRep_SUB:FEATURE_LOCATION_CONFLICT::Coding region xref gene does not exist
prokka_VFOLIH/VFOLIH:CDS	Homoserine kinase	VFOLIH:c49738-48779	VFOLIH_00054

DiscRep_SUB:FEATURE_LOCATION_CONFLICT::Coding region xref gene does not exist
prokka_VFOLIH/VFOLIH:CDS	DNA primase	VFOLIH:49800-50888	VFOLIH_00055

DiscRep_SUB:FEATURE_LOCATION_CONFLICT::Coding region xref gene does not exist
prokka_VFOLIH/VFOLIH:CDS	RNA polymerase sigma factor RpoD	VFOLIH:50875-52119	VFOLIH_00056

DiscRep_SUB:FEATURE_LOCATION_CONFLICT::Coding region xref gene does not exist
prokka_VFOLIH/VFOLIH:CDS	DNA polymerase III subunit alpha	VFOLIH:52428-55364	VFOLIH_00057

DiscRep_SUB:FEATURE_LOCATION_CONFLICT::Coding region xref gene does not exist
prokka_VFOLIH/VFOLIH:CDS	Glutamyl-tRNA(Gln) amidotransferase subunit A	VFOLIH:c58154-56802	VFOLIH_00061

DiscRep_SUB:FEATURE_LOCATION_CONFLICT::Coding region xref gene does not exist
prokka_VFOLIH/VFOLIH:CDS	5,10-methylenetetrahydrofolate reductase	VFOLIH:58216-58824	VFOLIH_00062

DiscRep_SUB:FEATURE_LOCATION_CONFLICT::Coding region xref gene does not exist
prokka_VFOLIH/VFOLIH:CDS	Aspartate-semialdehyde dehydrogenase	VFOLIH:59311-60312	VFOLIH_00063

DiscRep_SUB:FEATURE_LOCATION_CONFLICT::Coding region xref gene does not exist
prokka_VFOLIH/VFOLIH:CDS	N-(5'-phosphoribosyl)anthranilate isomerase	VFOLIH:60299-60931	VFOLIH_00064

DiscRep_SUB:FEATURE_LOCATION_CONFLICT::Coding region xref gene does not exist
prokka_VFOLIH/VFOLIH:CDS	Tryptophan synthase beta chain	VFOLIH:60921-62057	VFOLIH_00065

DiscRep_SUB:FEATURE_LOCATION_CONFLICT::Coding region xref gene does not exist
prokka_VFOLIH/VFOLIH:CDS	Tryptophan synthase alpha chain	VFOLIH:62081-62788	VFOLIH_00066

DiscRep_SUB:FEATURE_LOCATION_CONFLICT::Coding region xref gene does not exist
prokka_VFOLIH/VFOLIH:CDS	hypothetical protein	VFOLIH:62776-63006	VFOLIH_00067

DiscRep_SUB:FEATURE_LOCATION_CONFLICT::Coding region xref gene does not exist
prokka_VFOLIH/VFOLIH:CDS	hypothetical protein	VFOLIH:63248-63493	VFOLIH_00069

DiscRep_SUB:FEATURE_LOCATION_CONFLICT::Coding region xref gene does not exist
prokka_VFOLIH/VFOLIH:CDS	hypothetical protein	VFOLIH:63548-63862	VFOLIH_00070

DiscRep_SUB:FEATURE_LOCATION_CONFLICT::Coding region xref gene does not exist
prokka_VFOLIH/VFOLIH:CDS	hypothetical protein	VFOLIH:63849-63944	VFOLIH_00071

DiscRep_SUB:FEATURE_LOCATION_CONFLICT::Coding region xref gene does not exist
prokka_VFOLIH/VFOLIH:CDS	DNA polymerase III subunit epsilon	VFOLIH:c64674-64108	VFOLIH_00074

DiscRep_SUB:FEATURE_LOCATION_CONFLICT::Coding region xref gene does not exist
prokka_VFOLIH/VFOLIH:CDS	Carbamoyl-phosphate synthase small chain	VFOLIH:64685-65755	VFOLIH_00075

DiscRep_SUB:FEATURE_LOCATION_CONFLICT::Coding region xref gene does not exist
prokka_VFOLIH/VFOLIH:CDS	Carbamoyl-phosphate synthase large chain	VFOLIH:65752-68889	VFOLIH_00076

DiscRep_SUB:FEATURE_LOCATION_CONFLICT::Coding region xref gene does not exist
prokka_VFOLIH/VFOLIH:CDS	Ribosomal RNA large subunit methyltransferase E	VFOLIH:68864-69403	VFOLIH_00077

DiscRep_SUB:FEATURE_LOCATION_CONFLICT::Coding region xref gene does not exist
prokka_VFOLIH/VFOLIH:CDS	ATP-dependent Clp protease proteolytic subunit	VFOLIH:69400-69960	VFOLIH_00078

DiscRep_SUB:FEATURE_LOCATION_CONFLICT::Coding region xref gene does not exist
prokka_VFOLIH/VFOLIH:CDS	hypothetical protein	VFOLIH:71184-71750	VFOLIH_00080

DiscRep_SUB:FEATURE_LOCATION_CONFLICT::Coding region xref gene does not exist
prokka_VFOLIH/VFOLIH:CDS	ATP phosphoribosyltransferase	VFOLIH:73108-73704	VFOLIH_00084

DiscRep_SUB:FEATURE_LOCATION_CONFLICT::Coding region xref gene does not exist
prokka_VFOLIH/VFOLIH:CDS	Histidinol dehydrogenase	VFOLIH:73691-74938	VFOLIH_00085

DiscRep_SUB:FEATURE_LOCATION_CONFLICT::Coding region xref gene does not exist
prokka_VFOLIH/VFOLIH:CDS	Histidinol-phosphate aminotransferase 2	VFOLIH:74925-75974	VFOLIH_00086

DiscRep_SUB:FEATURE_LOCATION_CONFLICT::Coding region xref gene does not exist
prokka_VFOLIH/VFOLIH:CDS	Imidazoleglycerol-phosphate dehydratase	VFOLIH:75961-76524	VFOLIH_00087

DiscRep_SUB:FEATURE_LOCATION_CONFLICT::Coding region xref gene does not exist
prokka_VFOLIH/VFOLIH:CDS	Imidazole glycerol phosphate synthase subunit HisH	VFOLIH:76521-77147	VFOLIH_00088

DiscRep_SUB:FEATURE_LOCATION_CONFLICT::Coding region xref gene does not exist
prokka_VFOLIH/VFOLIH:CDS	1-(5-phosphoribosyl)-5-[(5-phosphoribosylamino)methylideneamino] imidazole-4-carboxamide isomerase	VFOLIH:77113-77790	VFOLIH_00089

DiscRep_SUB:FEATURE_LOCATION_CONFLICT::Coding region xref gene does not exist
prokka_VFOLIH/VFOLIH:CDS	Imidazole glycerol phosphate synthase subunit HisF	VFOLIH:77780-78523	VFOLIH_00090

DiscRep_SUB:FEATURE_LOCATION_CONFLICT::Coding region xref gene does not exist
prokka_VFOLIH/VFOLIH:CDS	Phosphoribosyl-AMP cyclohydrolase	VFOLIH:78520-78840	VFOLIH_00091

DiscRep_SUB:FEATURE_LOCATION_CONFLICT::Coding region xref gene does not exist
prokka_VFOLIH/VFOLIH:CDS	Phenylalanine--tRNA ligase alpha subunit	VFOLIH:c82553-81666	VFOLIH_00096

DiscRep_SUB:FEATURE_LOCATION_CONFLICT::Coding region xref gene does not exist
prokka_VFOLIH/VFOLIH:CDS	50S ribosomal protein L20	VFOLIH:c82887-82528	VFOLIH_00097

DiscRep_SUB:FEATURE_LOCATION_CONFLICT::Coding region xref gene does not exist
prokka_VFOLIH/VFOLIH:CDS	hypothetical protein	VFOLIH:c83048-82884	VFOLIH_00098

DiscRep_SUB:FEATURE_LOCATION_CONFLICT::Coding region xref gene does not exist
prokka_VFOLIH/VFOLIH:CDS	Translation initiation factor IF-3	VFOLIH:c83470-83045	VFOLIH_00099

DiscRep_SUB:FEATURE_LOCATION_CONFLICT::Coding region xref gene does not exist
prokka_VFOLIH/VFOLIH:CDS	hypothetical protein	VFOLIH:84964-85323	VFOLIH_00104

DiscRep_SUB:FEATURE_LOCATION_CONFLICT::Coding region xref gene does not exist
prokka_VFOLIH/VFOLIH:CDS	hypothetical protein	VFOLIH:c85804-85307	VFOLIH_00105

DiscRep_SUB:FEATURE_LOCATION_CONFLICT::Coding region xref gene does not exist
prokka_VFOLIH/VFOLIH:CDS	hypothetical protein	VFOLIH:c86418-85804	VFOLIH_00106

DiscRep_SUB:FEATURE_LOCATION_CONFLICT::Coding region xref gene does not exist
prokka_VFOLIH/VFOLIH:CDS	hypothetical protein	VFOLIH:c87058-86384	VFOLIH_00107

DiscRep_SUB:FEATURE_LOCATION_CONFLICT::Coding region xref gene does not exist
prokka_VFOLIH/VFOLIH:CDS	Arginine--pyruvate transaminase AruH	VFOLIH:87069-88178	VFOLIH_00108

DiscRep_SUB:FEATURE_LOCATION_CONFLICT::Coding region xref gene does not exist
prokka_VFOLIH/VFOLIH:CDS	2,3,4,5-tetrahydropyridine-2,6-dicarboxylate N-succinyltransferase	VFOLIH:88150-88941	VFOLIH_00109

DiscRep_SUB:FEATURE_LOCATION_CONFLICT::Coding region xref gene does not exist
prokka_VFOLIH/VFOLIH:CDS	Succinyl-diaminopimelate desuccinylase	VFOLIH:88938-89966	VFOLIH_00110

DiscRep_SUB:FEATURE_LOCATION_CONFLICT::Coding region xref gene does not exist
prokka_VFOLIH/VFOLIH:CDS	Threonine synthase	VFOLIH:c91305-89956	VFOLIH_00111

DiscRep_SUB:FEATURE_LOCATION_CONFLICT::Coding region xref gene does not exist
prokka_VFOLIH/VFOLIH:CDS	hypothetical protein	VFOLIH:c92456-91302	VFOLIH_00112

DiscRep_SUB:FEATURE_LOCATION_CONFLICT::Coding region xref gene does not exist
prokka_VFOLIH/VFOLIH:CDS	Replicative DNA helicase	VFOLIH:c93697-92453	VFOLIH_00113

DiscRep_SUB:FEATURE_LOCATION_CONFLICT::Coding region xref gene does not exist
prokka_VFOLIH/VFOLIH:CDS	hypothetical protein	VFOLIH:c94151-93699	VFOLIH_00114

DiscRep_SUB:FEATURE_LOCATION_CONFLICT::Coding region xref gene does not exist
prokka_VFOLIH/VFOLIH:CDS	Transcription termination factor Rho	VFOLIH:94153-95226	VFOLIH_00115

DiscRep_SUB:FEATURE_LOCATION_CONFLICT::Coding region xref gene does not exist
prokka_VFOLIH/VFOLIH:CDS	tRNA modification GTPase MnmE	VFOLIH:96662-97918	VFOLIH_00118

DiscRep_SUB:FEATURE_LOCATION_CONFLICT::Coding region xref gene does not exist
prokka_VFOLIH/VFOLIH:CDS	tRNA uridine 5-carboxymethylaminomethyl modification enzyme MnmG	VFOLIH:97915-99723	VFOLIH_00119

DiscRep_SUB:FEATURE_LOCATION_CONFLICT::Coding region xref gene does not exist
prokka_VFOLIH/VFOLIH:CDS	10 kDa chaperonin	VFOLIH:99701-99949	VFOLIH_00120

DiscRep_SUB:FEATURE_LOCATION_CONFLICT::Coding region xref gene does not exist
prokka_VFOLIH/VFOLIH:CDS	60 kDa chaperonin	VFOLIH:99946-101541	VFOLIH_00121

DiscRep_SUB:FEATURE_LOCATION_CONFLICT::Coding region xref gene does not exist
prokka_VFOLIH/VFOLIH:CDS	3-phosphoshikimate 1-carboxyvinyltransferase	VFOLIH:101550-102824	VFOLIH_00122

DiscRep_SUB:FEATURE_LOCATION_CONFLICT::Coding region xref gene does not exist
prokka_VFOLIH/VFOLIH:CDS	hypothetical protein	VFOLIH:c103903-102821	VFOLIH_00123

DiscRep_SUB:FEATURE_LOCATION_CONFLICT::Coding region xref gene does not exist
prokka_VFOLIH/VFOLIH:CDS	hypothetical protein	VFOLIH:103985-104626	VFOLIH_00124

DiscRep_SUB:FEATURE_LOCATION_CONFLICT::Coding region xref gene does not exist
prokka_VFOLIH/VFOLIH:CDS	Chaperone protein DnaJ	VFOLIH:c105604-104615	VFOLIH_00125

DiscRep_SUB:FEATURE_LOCATION_CONFLICT::Coding region xref gene does not exist
prokka_VFOLIH/VFOLIH:CDS	Chaperone protein DnaK	VFOLIH:c107427-105601	VFOLIH_00126

DiscRep_SUB:FEATURE_LOCATION_CONFLICT::Coding region xref gene does not exist
prokka_VFOLIH/VFOLIH:CDS	Protein GrpE	VFOLIH:c107819-107427	VFOLIH_00127

DiscRep_SUB:FEATURE_LOCATION_CONFLICT::Coding region xref gene does not exist
prokka_VFOLIH/VFOLIH:CDS	Phospho-2-dehydro-3-deoxyheptonate aldolase, Trp-sensitive	VFOLIH:107861-108847	VFOLIH_00128

DiscRep_SUB:FEATURE_LOCATION_CONFLICT::Coding region xref gene does not exist
prokka_VFOLIH/VFOLIH:CDS	tRNA-specific 2-thiouridylase MnmA	VFOLIH:c109902-108844	VFOLIH_00129

DiscRep_SUB:FEATURE_LOCATION_CONFLICT::Coding region xref gene does not exist
prokka_VFOLIH/VFOLIH:CDS	hypothetical protein	VFOLIH:c110435-109860	VFOLIH_00130

DiscRep_SUB:FEATURE_LOCATION_CONFLICT::Coding region xref gene does not exist
prokka_VFOLIH/VFOLIH:CDS	Leucine--tRNA ligase	VFOLIH:c112407-110425	VFOLIH_00131

DiscRep_SUB:FEATURE_LOCATION_CONFLICT::Coding region xref gene does not exist
prokka_VFOLIH/VFOLIH:CDS	4-hydroxy-tetrahydrodipicolinate reductase	VFOLIH:c113021-112404	VFOLIH_00132

DiscRep_SUB:FEATURE_LOCATION_CONFLICT::Coding region xref gene does not exist
prokka_VFOLIH/VFOLIH:CDS	Shikimate dehydrogenase (NADP(+))	VFOLIH:c113661-113008	VFOLIH_00133

DiscRep_SUB:FEATURE_LOCATION_CONFLICT::Coding region xref gene does not exist
prokka_VFOLIH/VFOLIH:CDS	3-dehydroquinate dehydratase	VFOLIH:113753-114175	VFOLIH_00134

DiscRep_SUB:FEATURE_LOCATION_CONFLICT::Coding region xref gene does not exist
prokka_VFOLIH/VFOLIH:CDS	hypothetical protein	VFOLIH:c115171-114161	VFOLIH_00135

DiscRep_SUB:FEATURE_LOCATION_CONFLICT::Coding region xref gene does not exist
prokka_VFOLIH/VFOLIH:CDS	50S ribosomal protein L27	VFOLIH:c115418-115158	VFOLIH_00136

DiscRep_SUB:FEATURE_LOCATION_CONFLICT::Coding region xref gene does not exist
prokka_VFOLIH/VFOLIH:CDS	hypothetical protein	VFOLIH:c115717-115418	VFOLIH_00137

DiscRep_SUB:FEATURE_LOCATION_CONFLICT::Coding region xref gene does not exist
prokka_VFOLIH/VFOLIH:CDS	hypothetical protein	VFOLIH:c116184-115684	VFOLIH_00138

DiscRep_SUB:FEATURE_LOCATION_CONFLICT::Coding region xref gene does not exist
prokka_VFOLIH/VFOLIH:CDS	Argininosuccinate synthase	VFOLIH:116201-117412	VFOLIH_00139

DiscRep_SUB:FEATURE_LOCATION_CONFLICT::Coding region xref gene does not exist
prokka_VFOLIH/VFOLIH:CDS	Lipoyl synthase	VFOLIH:c122974-122153	VFOLIH_00144

DiscRep_SUB:FEATURE_LOCATION_CONFLICT::Coding region xref gene does not exist
prokka_VFOLIH/VFOLIH:CDS	hypothetical protein	VFOLIH:c123419-122961	VFOLIH_00145

DiscRep_SUB:FEATURE_LOCATION_CONFLICT::Coding region xref gene does not exist
prokka_VFOLIH/VFOLIH:CDS	hypothetical protein	VFOLIH:123445-123948	VFOLIH_00146

DiscRep_SUB:FEATURE_LOCATION_CONFLICT::Coding region xref gene does not exist
prokka_VFOLIH/VFOLIH:CDS	50S ribosomal protein L4	VFOLIH:123938-124429	VFOLIH_00147

DiscRep_SUB:FEATURE_LOCATION_CONFLICT::Coding region xref gene does not exist
prokka_VFOLIH/VFOLIH:CDS	hypothetical protein	VFOLIH:124426-124632	VFOLIH_00148

DiscRep_SUB:FEATURE_LOCATION_CONFLICT::Coding region xref gene does not exist
prokka_VFOLIH/VFOLIH:CDS	50S ribosomal protein L2	VFOLIH:124629-125312	VFOLIH_00149

DiscRep_SUB:FEATURE_LOCATION_CONFLICT::Coding region xref gene does not exist
prokka_VFOLIH/VFOLIH:CDS	30S ribosomal protein S19	VFOLIH:125309-125542	VFOLIH_00150

DiscRep_SUB:FEATURE_LOCATION_CONFLICT::Coding region xref gene does not exist
prokka_VFOLIH/VFOLIH:CDS	hypothetical protein	VFOLIH:125542-125850	VFOLIH_00151

DiscRep_SUB:FEATURE_LOCATION_CONFLICT::Coding region xref gene does not exist
prokka_VFOLIH/VFOLIH:CDS	30S ribosomal protein S3	VFOLIH:125840-126439	VFOLIH_00152

DiscRep_SUB:FEATURE_LOCATION_CONFLICT::Coding region xref gene does not exist
prokka_VFOLIH/VFOLIH:CDS	50S ribosomal protein L16	VFOLIH:126439-126828	VFOLIH_00153

DiscRep_SUB:FEATURE_LOCATION_CONFLICT::Coding region xref gene does not exist
prokka_VFOLIH/VFOLIH:CDS	hypothetical protein	VFOLIH:126825-127049	VFOLIH_00154

DiscRep_SUB:FEATURE_LOCATION_CONFLICT::Coding region xref gene does not exist
prokka_VFOLIH/VFOLIH:CDS	50S ribosomal protein L14	VFOLIH:127046-127429	VFOLIH_00155

DiscRep_SUB:FEATURE_LOCATION_CONFLICT::Coding region xref gene does not exist
prokka_VFOLIH/VFOLIH:CDS	hypothetical protein	VFOLIH:127426-127578	VFOLIH_00156

DiscRep_SUB:FEATURE_LOCATION_CONFLICT::Coding region xref gene does not exist
prokka_VFOLIH/VFOLIH:CDS	50S ribosomal protein L5	VFOLIH:127578-128123	VFOLIH_00157

DiscRep_SUB:FEATURE_LOCATION_CONFLICT::Coding region xref gene does not exist
prokka_VFOLIH/VFOLIH:CDS	Alternate 30S ribosomal protein S14	VFOLIH:128123-128395	VFOLIH_00158

DiscRep_SUB:FEATURE_LOCATION_CONFLICT::Coding region xref gene does not exist
prokka_VFOLIH/VFOLIH:CDS	30S ribosomal protein S8	VFOLIH:128395-128769	VFOLIH_00159

DiscRep_SUB:FEATURE_LOCATION_CONFLICT::Coding region xref gene does not exist
prokka_VFOLIH/VFOLIH:CDS	50S ribosomal protein L6	VFOLIH:128762-129289	VFOLIH_00160

DiscRep_SUB:FEATURE_LOCATION_CONFLICT::Coding region xref gene does not exist
prokka_VFOLIH/VFOLIH:CDS	hypothetical protein	VFOLIH:129286-129636	VFOLIH_00161

DiscRep_SUB:FEATURE_LOCATION_CONFLICT::Coding region xref gene does not exist
prokka_VFOLIH/VFOLIH:CDS	hypothetical protein	VFOLIH:129633-130103	VFOLIH_00162

DiscRep_SUB:FEATURE_LOCATION_CONFLICT::Coding region xref gene does not exist
prokka_VFOLIH/VFOLIH:CDS	hypothetical protein	VFOLIH:130082-130402	VFOLIH_00163

DiscRep_SUB:FEATURE_LOCATION_CONFLICT::Coding region xref gene does not exist
prokka_VFOLIH/VFOLIH:CDS	Translation initiation factor IF-1	VFOLIH:130359-130577	VFOLIH_00164

DiscRep_SUB:FEATURE_LOCATION_CONFLICT::Coding region xref gene does not exist
prokka_VFOLIH/VFOLIH:CDS	hypothetical protein	VFOLIH:130574-130687	VFOLIH_00165

DiscRep_SUB:FEATURE_LOCATION_CONFLICT::Coding region xref gene does not exist
prokka_VFOLIH/VFOLIH:CDS	30S ribosomal protein S13	VFOLIH:130684-131043	VFOLIH_00166

DiscRep_SUB:FEATURE_LOCATION_CONFLICT::Coding region xref gene does not exist
prokka_VFOLIH/VFOLIH:CDS	30S ribosomal protein S11	VFOLIH:131036-131377	VFOLIH_00167

DiscRep_SUB:FEATURE_LOCATION_CONFLICT::Coding region xref gene does not exist
prokka_VFOLIH/VFOLIH:CDS	30S ribosomal protein S4	VFOLIH:131377-131934	VFOLIH_00168

DiscRep_SUB:FEATURE_LOCATION_CONFLICT::Coding region xref gene does not exist
prokka_VFOLIH/VFOLIH:CDS	DNA-directed RNA polymerase subunit alpha	VFOLIH:131934-132764	VFOLIH_00169

DiscRep_SUB:FEATURE_LOCATION_CONFLICT::Coding region xref gene does not exist
prokka_VFOLIH/VFOLIH:CDS	50S ribosomal protein L17	VFOLIH:132761-133084	VFOLIH_00170

DiscRep_SUB:FEATURE_LOCATION_CONFLICT::Coding region xref gene does not exist
prokka_VFOLIH/VFOLIH:CDS	Diaminopimelate decarboxylase	VFOLIH:c134216-133065	VFOLIH_00171

DiscRep_SUB:FEATURE_LOCATION_CONFLICT::Coding region xref gene does not exist
prokka_VFOLIH/VFOLIH:CDS	Shikimate kinase	VFOLIH:134217-134696	VFOLIH_00172

DiscRep_SUB:FEATURE_LOCATION_CONFLICT::Coding region xref gene does not exist
prokka_VFOLIH/VFOLIH:CDS	3-dehydroquinate synthase	VFOLIH:134693-135754	VFOLIH_00173

DiscRep_SUB:FEATURE_LOCATION_CONFLICT::RNA feature xref gene does not exist
prokka_VFOLIH/VFOLIH:tRNA	Trp	VFOLIH:1201-1271	VFOLIH_00002

DiscRep_SUB:FEATURE_LOCATION_CONFLICT::RNA feature xref gene does not exist
prokka_VFOLIH/VFOLIH:tRNA	Phe	VFOLIH:14236-14310	VFOLIH_00014

DiscRep_SUB:FEATURE_LOCATION_CONFLICT::RNA feature xref gene does not exist
prokka_VFOLIH/VFOLIH:tRNA	Gln	VFOLIH:24030-24102	VFOLIH_00027

DiscRep_SUB:FEATURE_LOCATION_CONFLICT::RNA feature xref gene does not exist
prokka_VFOLIH/VFOLIH:tRNA	Ser	VFOLIH:32636-32725	VFOLIH_00038

DiscRep_SUB:FEATURE_LOCATION_CONFLICT::RNA feature xref gene does not exist
prokka_VFOLIH/VFOLIH:tRNA	Thr	VFOLIH:c35431-35358	VFOLIH_00041

DiscRep_SUB:FEATURE_LOCATION_CONFLICT::RNA feature xref gene does not exist
prokka_VFOLIH/VFOLIH:tRNA	Leu	VFOLIH:55499-55571	VFOLIH_00058

DiscRep_SUB:FEATURE_LOCATION_CONFLICT::RNA feature xref gene does not exist
prokka_VFOLIH/VFOLIH:tRNA	Leu	VFOLIH:55574-55646	VFOLIH_00059

DiscRep_SUB:FEATURE_LOCATION_CONFLICT::RNA feature xref gene does not exist
prokka_VFOLIH/VFOLIH:tRNA	Ser	VFOLIH:55651-55735	VFOLIH_00060

DiscRep_SUB:FEATURE_LOCATION_CONFLICT::RNA feature xref gene does not exist
prokka_VFOLIH/VFOLIH:tRNA	Asn	VFOLIH:c63235-63163	VFOLIH_00068

DiscRep_SUB:FEATURE_LOCATION_CONFLICT::RNA feature xref gene does not exist
prokka_VFOLIH/VFOLIH:tRNA	Cys	VFOLIH:c64024-63952	VFOLIH_00072

DiscRep_SUB:FEATURE_LOCATION_CONFLICT::RNA feature xref gene does not exist
prokka_VFOLIH/VFOLIH:tRNA	Gly	VFOLIH:c64097-64025	VFOLIH_00073

DiscRep_SUB:FEATURE_LOCATION_CONFLICT::RNA feature xref gene does not exist
prokka_VFOLIH/VFOLIH:tRNA	Val	VFOLIH:71111-71182	VFOLIH_00079

DiscRep_SUB:FEATURE_LOCATION_CONFLICT::RNA feature xref gene does not exist
prokka_VFOLIH/VFOLIH:tRNA	Leu	VFOLIH:c72845-72762	VFOLIH_00081

DiscRep_SUB:FEATURE_LOCATION_CONFLICT::RNA feature xref gene does not exist
prokka_VFOLIH/VFOLIH:tRNA	Ser	VFOLIH:c72936-72851	VFOLIH_00082

DiscRep_SUB:FEATURE_LOCATION_CONFLICT::RNA feature xref gene does not exist
prokka_VFOLIH/VFOLIH:tRNA	Arg	VFOLIH:73027-73097	VFOLIH_00083

DiscRep_SUB:FEATURE_LOCATION_CONFLICT::RNA feature xref gene does not exist
prokka_VFOLIH/VFOLIH:tRNA	Thr	VFOLIH:79096-79166	VFOLIH_00092

DiscRep_SUB:FEATURE_LOCATION_CONFLICT::RNA feature xref gene does not exist
prokka_VFOLIH/VFOLIH:tRNA	His	VFOLIH:79179-79251	VFOLIH_00093

DiscRep_SUB:FEATURE_LOCATION_CONFLICT::RNA feature xref gene does not exist
prokka_VFOLIH/VFOLIH:tRNA	Lys	VFOLIH:c80174-80102	VFOLIH_00094

DiscRep_SUB:FEATURE_LOCATION_CONFLICT::RNA feature xref gene does not exist
prokka_VFOLIH/VFOLIH:tRNA	Lys	VFOLIH:c80249-80175	VFOLIH_00095

DiscRep_SUB:FEATURE_LOCATION_CONFLICT::RNA feature xref gene does not exist
prokka_VFOLIH/VFOLIH:tRNA	Ile	VFOLIH:c83551-83477	VFOLIH_00100

DiscRep_SUB:FEATURE_LOCATION_CONFLICT::RNA feature xref gene does not exist
prokka_VFOLIH/VFOLIH:tRNA	Arg	VFOLIH:c84638-84568	VFOLIH_00101

DiscRep_SUB:FEATURE_LOCATION_CONFLICT::RNA feature xref gene does not exist
prokka_VFOLIH/VFOLIH:tRNA	Met	VFOLIH:c84833-84759	VFOLIH_00102

DiscRep_SUB:FEATURE_LOCATION_CONFLICT::RNA feature xref gene does not exist
prokka_VFOLIH/VFOLIH:tRNA	Pro	VFOLIH:84887-84961	VFOLIH_00103

DiscRep_SUB:FEATURE_LOCATION_CONFLICT::RNA feature xref gene does not exist
prokka_VFOLIH/VFOLIH:tRNA	Asp	VFOLIH:c95482-95408	VFOLIH_00116

DiscRep_SUB:FEATURE_LOCATION_CONFLICT::RNA feature xref gene does not exist
prokka_VFOLIH/VFOLIH:tRNA	Glu	VFOLIH:c95554-95483	VFOLIH_00117

DiscRep_SUB:FEATURE_LOCATION_CONFLICT::RNA feature xref gene does not exist
prokka_VFOLIH/VFOLIH:rRNA	23S ribosomal RNA	VFOLIH:c120372-117545	VFOLIH_00140

DiscRep_SUB:FEATURE_LOCATION_CONFLICT::RNA feature xref gene does not exist
prokka_VFOLIH/VFOLIH:tRNA	Ile	VFOLIH:c120461-120389	VFOLIH_00141

DiscRep_SUB:FEATURE_LOCATION_CONFLICT::RNA feature xref gene does not exist
prokka_VFOLIH/VFOLIH:tRNA	Ala	VFOLIH:c120536-120463	VFOLIH_00142

DiscRep_SUB:FEATURE_LOCATION_CONFLICT::RNA feature xref gene does not exist
prokka_VFOLIH/VFOLIH:rRNA	16S ribosomal RNA	VFOLIH:c122091-120571	VFOLIH_00143

DiscRep_SUB:FEATURE_LOCATION_CONFLICT::RNA feature xref gene does not exist
prokka_VFOLIH/VFOLIH:tRNA	Met	VFOLIH:c135826-135756	VFOLIH_00174

DiscRep_SUB:FEATURE_LOCATION_CONFLICT::RNA feature xref gene does not exist
prokka_VFOLIH/VFOLIH:tRNA	Tyr	VFOLIH:135843-135932	VFOLIH_00175

DiscRep_SUB:FEATURE_LOCATION_CONFLICT::RNA feature xref gene does not exist
prokka_VFOLIH/VFOLIH:tRNA	Gly	VFOLIH:135933-136006	VFOLIH_00176

DiscRep_SUB:FEATURE_LOCATION_CONFLICT::RNA feature xref gene does not exist
prokka_VFOLIH/VFOLIH:tRNA	Thr	VFOLIH:136010-136080	VFOLIH_00177

DiscRep_ALL:DISC_QUALITY_SCORES::Quality scores are missing on all sequences.

DiscRep_ALL:ONCALLER_COMMENT_PRESENT::1 comment descriptors were found (all same)
prokka_VFOLIH/VFOLIH:VFOLIH:Annotated using prokka 1.14.6 from https://github.com/tseemann/prokka

DiscRep_ALL:SHORT_PROT_SEQUENCES::3 protein sequences are shorter than 50 aa.
prokka_VFOLIH/VFOLIH:VFOLIH_13 (length 44)
prokka_VFOLIH/VFOLIH:VFOLIH_62 (length 31)
prokka_VFOLIH/VFOLIH:VFOLIH_136 (length 37)

DiscRep_ALL:MISSING_GENOMEASSEMBLY_COMMENTS::1 bioseqs are missing GenomeAssembly structured comments
prokka_VFOLIH/VFOLIH:VFOLIH (length 136080, 1 other)

DiscRep_ALL:MOLTYPE_NOT_MRNA::1 molecule types are not set as mRNA.
prokka_VFOLIH/VFOLIH:VFOLIH (length 136080, 1 other)

DiscRep_ALL:TECHNIQUE_NOT_TSA::1 technique are not set as TSA
prokka_VFOLIH/VFOLIH:VFOLIH (length 136080, 1 other)

DiscRep_ALL:MISSING_STRUCTURED_COMMENT::1 sequences do not include structured comments.
prokka_VFOLIH/VFOLIH:VFOLIH (length 136080, 1 other)

DiscRep_ALL:MISSING_PROJECT::145 sequences do not include project.
prokka_VFOLIH/VFOLIH:VFOLIH (length 136080, 1 other)
prokka_VFOLIH/VFOLIH:VFOLIH_1 (length 396)
prokka_VFOLIH/VFOLIH:VFOLIH_2 (length 142)
prokka_VFOLIH/VFOLIH:VFOLIH_3 (length 201)
prokka_VFOLIH/VFOLIH:VFOLIH_4 (length 180)
prokka_VFOLIH/VFOLIH:VFOLIH_5 (length 126)
prokka_VFOLIH/VFOLIH:VFOLIH_6 (length 1125)
prokka_VFOLIH/VFOLIH:VFOLIH_7 (length 1292)
prokka_VFOLIH/VFOLIH:VFOLIH_8 (length 124)
prokka_VFOLIH/VFOLIH:VFOLIH_9 (length 159)
prokka_VFOLIH/VFOLIH:VFOLIH_10 (length 686)
prokka_VFOLIH/VFOLIH:VFOLIH_11 (length 105)
prokka_VFOLIH/VFOLIH:VFOLIH_12 (length 68)
prokka_VFOLIH/VFOLIH:VFOLIH_13 (length 44)
prokka_VFOLIH/VFOLIH:VFOLIH_14 (length 154)
prokka_VFOLIH/VFOLIH:VFOLIH_15 (length 340)
prokka_VFOLIH/VFOLIH:VFOLIH_16 (length 99)
prokka_VFOLIH/VFOLIH:VFOLIH_17 (length 122)
prokka_VFOLIH/VFOLIH:VFOLIH_18 (length 107)
prokka_VFOLIH/VFOLIH:VFOLIH_19 (length 262)
prokka_VFOLIH/VFOLIH:VFOLIH_20 (length 210)
prokka_VFOLIH/VFOLIH:VFOLIH_21 (length 426)
prokka_VFOLIH/VFOLIH:VFOLIH_22 (length 301)
prokka_VFOLIH/VFOLIH:VFOLIH_23 (length 702)
prokka_VFOLIH/VFOLIH:VFOLIH_24 (length 445)
prokka_VFOLIH/VFOLIH:VFOLIH_25 (length 284)
prokka_VFOLIH/VFOLIH:VFOLIH_26 (length 158)
prokka_VFOLIH/VFOLIH:VFOLIH_27 (length 187)
prokka_VFOLIH/VFOLIH:VFOLIH_28 (length 465)
prokka_VFOLIH/VFOLIH:VFOLIH_29 (length 125)
prokka_VFOLIH/VFOLIH:VFOLIH_30 (length 408)
prokka_VFOLIH/VFOLIH:VFOLIH_31 (length 269)
prokka_VFOLIH/VFOLIH:VFOLIH_32 (length 268)
prokka_VFOLIH/VFOLIH:VFOLIH_33 (length 307)
prokka_VFOLIH/VFOLIH:VFOLIH_34 (length 347)
prokka_VFOLIH/VFOLIH:VFOLIH_35 (length 53)
prokka_VFOLIH/VFOLIH:VFOLIH_36 (length 52)
prokka_VFOLIH/VFOLIH:VFOLIH_37 (length 744)
prokka_VFOLIH/VFOLIH:VFOLIH_38 (length 231)
prokka_VFOLIH/VFOLIH:VFOLIH_39 (length 354)
prokka_VFOLIH/VFOLIH:VFOLIH_40 (length 229)
prokka_VFOLIH/VFOLIH:VFOLIH_41 (length 251)
prokka_VFOLIH/VFOLIH:VFOLIH_42 (length 291)
prokka_VFOLIH/VFOLIH:VFOLIH_43 (length 189)
prokka_VFOLIH/VFOLIH:VFOLIH_44 (length 422)
prokka_VFOLIH/VFOLIH:VFOLIH_45 (length 464)
prokka_VFOLIH/VFOLIH:VFOLIH_46 (length 327)
prokka_VFOLIH/VFOLIH:VFOLIH_47 (length 353)
prokka_VFOLIH/VFOLIH:VFOLIH_48 (length 397)
prokka_VFOLIH/VFOLIH:VFOLIH_49 (length 319)
prokka_VFOLIH/VFOLIH:VFOLIH_50 (length 362)
prokka_VFOLIH/VFOLIH:VFOLIH_51 (length 414)
prokka_VFOLIH/VFOLIH:VFOLIH_52 (length 978)
prokka_VFOLIH/VFOLIH:VFOLIH_53 (length 450)
prokka_VFOLIH/VFOLIH:VFOLIH_54 (length 202)
prokka_VFOLIH/VFOLIH:VFOLIH_55 (length 333)
prokka_VFOLIH/VFOLIH:VFOLIH_56 (length 210)
prokka_VFOLIH/VFOLIH:VFOLIH_57 (length 378)
prokka_VFOLIH/VFOLIH:VFOLIH_58 (length 235)
prokka_VFOLIH/VFOLIH:VFOLIH_59 (length 76)
prokka_VFOLIH/VFOLIH:VFOLIH_60 (length 81)
prokka_VFOLIH/VFOLIH:VFOLIH_61 (length 104)
prokka_VFOLIH/VFOLIH:VFOLIH_62 (length 31)
prokka_VFOLIH/VFOLIH:VFOLIH_63 (length 188)
prokka_VFOLIH/VFOLIH:VFOLIH_64 (length 356)
prokka_VFOLIH/VFOLIH:VFOLIH_65 (length 1045)
prokka_VFOLIH/VFOLIH:VFOLIH_66 (length 179)
prokka_VFOLIH/VFOLIH:VFOLIH_67 (length 186)
prokka_VFOLIH/VFOLIH:VFOLIH_68 (length 188)
prokka_VFOLIH/VFOLIH:VFOLIH_69 (length 198)
prokka_VFOLIH/VFOLIH:VFOLIH_70 (length 415)
prokka_VFOLIH/VFOLIH:VFOLIH_71 (length 349)
prokka_VFOLIH/VFOLIH:VFOLIH_72 (length 187)
prokka_VFOLIH/VFOLIH:VFOLIH_73 (length 208)
prokka_VFOLIH/VFOLIH:VFOLIH_74 (length 225)
prokka_VFOLIH/VFOLIH:VFOLIH_75 (length 247)
prokka_VFOLIH/VFOLIH:VFOLIH_76 (length 106)
prokka_VFOLIH/VFOLIH:VFOLIH_77 (length 295)
prokka_VFOLIH/VFOLIH:VFOLIH_78 (length 119)
prokka_VFOLIH/VFOLIH:VFOLIH_79 (length 54)
prokka_VFOLIH/VFOLIH:VFOLIH_80 (length 141)
prokka_VFOLIH/VFOLIH:VFOLIH_81 (length 119)
prokka_VFOLIH/VFOLIH:VFOLIH_82 (length 165)
prokka_VFOLIH/VFOLIH:VFOLIH_83 (length 204)
prokka_VFOLIH/VFOLIH:VFOLIH_84 (length 224)
prokka_VFOLIH/VFOLIH:VFOLIH_85 (length 369)
prokka_VFOLIH/VFOLIH:VFOLIH_86 (length 263)
prokka_VFOLIH/VFOLIH:VFOLIH_87 (length 342)
prokka_VFOLIH/VFOLIH:VFOLIH_88 (length 449)
prokka_VFOLIH/VFOLIH:VFOLIH_89 (length 384)
prokka_VFOLIH/VFOLIH:VFOLIH_90 (length 414)
prokka_VFOLIH/VFOLIH:VFOLIH_91 (length 150)
prokka_VFOLIH/VFOLIH:VFOLIH_92 (length 357)
prokka_VFOLIH/VFOLIH:VFOLIH_93 (length 418)
prokka_VFOLIH/VFOLIH:VFOLIH_94 (length 602)
prokka_VFOLIH/VFOLIH:VFOLIH_95 (length 82)
prokka_VFOLIH/VFOLIH:VFOLIH_96 (length 531)
prokka_VFOLIH/VFOLIH:VFOLIH_97 (length 424)
prokka_VFOLIH/VFOLIH:VFOLIH_98 (length 360)
prokka_VFOLIH/VFOLIH:VFOLIH_99 (length 213)
prokka_VFOLIH/VFOLIH:VFOLIH_100 (length 329)
prokka_VFOLIH/VFOLIH:VFOLIH_101 (length 608)
prokka_VFOLIH/VFOLIH:VFOLIH_102 (length 130)
prokka_VFOLIH/VFOLIH:VFOLIH_103 (length 328)
prokka_VFOLIH/VFOLIH:VFOLIH_104 (length 352)
prokka_VFOLIH/VFOLIH:VFOLIH_105 (length 191)
prokka_VFOLIH/VFOLIH:VFOLIH_106 (length 660)
prokka_VFOLIH/VFOLIH:VFOLIH_107 (length 205)
prokka_VFOLIH/VFOLIH:VFOLIH_108 (length 217)
prokka_VFOLIH/VFOLIH:VFOLIH_109 (length 140)
prokka_VFOLIH/VFOLIH:VFOLIH_110 (length 336)
prokka_VFOLIH/VFOLIH:VFOLIH_111 (length 86)
prokka_VFOLIH/VFOLIH:VFOLIH_112 (length 99)
prokka_VFOLIH/VFOLIH:VFOLIH_113 (length 166)
prokka_VFOLIH/VFOLIH:VFOLIH_114 (length 403)
prokka_VFOLIH/VFOLIH:VFOLIH_115 (length 273)
prokka_VFOLIH/VFOLIH:VFOLIH_116 (length 152)
prokka_VFOLIH/VFOLIH:VFOLIH_117 (length 167)
prokka_VFOLIH/VFOLIH:VFOLIH_118 (length 163)
prokka_VFOLIH/VFOLIH:VFOLIH_119 (length 68)
prokka_VFOLIH/VFOLIH:VFOLIH_120 (length 227)
prokka_VFOLIH/VFOLIH:VFOLIH_121 (length 77)
prokka_VFOLIH/VFOLIH:VFOLIH_122 (length 102)
prokka_VFOLIH/VFOLIH:VFOLIH_123 (length 199)
prokka_VFOLIH/VFOLIH:VFOLIH_124 (length 129)
prokka_VFOLIH/VFOLIH:VFOLIH_125 (length 74)
prokka_VFOLIH/VFOLIH:VFOLIH_126 (length 127)
prokka_VFOLIH/VFOLIH:VFOLIH_127 (length 50)
prokka_VFOLIH/VFOLIH:VFOLIH_128 (length 181)
prokka_VFOLIH/VFOLIH:VFOLIH_129 (length 90)
prokka_VFOLIH/VFOLIH:VFOLIH_130 (length 124)
prokka_VFOLIH/VFOLIH:VFOLIH_131 (length 175)
prokka_VFOLIH/VFOLIH:VFOLIH_132 (length 116)
prokka_VFOLIH/VFOLIH:VFOLIH_133 (length 156)
prokka_VFOLIH/VFOLIH:VFOLIH_134 (length 106)
prokka_VFOLIH/VFOLIH:VFOLIH_135 (length 72)
prokka_VFOLIH/VFOLIH:VFOLIH_136 (length 37)
prokka_VFOLIH/VFOLIH:VFOLIH_137 (length 119)
prokka_VFOLIH/VFOLIH:VFOLIH_138 (length 113)
prokka_VFOLIH/VFOLIH:VFOLIH_139 (length 185)
prokka_VFOLIH/VFOLIH:VFOLIH_140 (length 276)
prokka_VFOLIH/VFOLIH:VFOLIH_141 (length 107)
prokka_VFOLIH/VFOLIH:VFOLIH_142 (length 383)
prokka_VFOLIH/VFOLIH:VFOLIH_143 (length 159)
prokka_VFOLIH/VFOLIH:VFOLIH_144 (length 353)

DiscRep_ALL:DISC_INCONSISTENT_MOLINFO_TECH::Molinfo Technique Report (some missing, all same)
DiscRep_SUB:DISC_INCONSISTENT_MOLINFO_TECH::technique (all missing)
DiscRep_SUB:DISC_INCONSISTENT_MOLINFO_TECH::1 Molinfos are missing field technique
prokka_VFOLIH/VFOLIH:VFOLIH (length 136080, 1 other)

