19:15:21.624 - INFO - UTILS - version=1.8.2
19:15:21.624 - INFO - UTILS - developer: Oliver Schwengers, github.com/oschwengers
19:15:21.624 - INFO - UTILS - command: /home/diego/miniconda3/envs/bakta/bin/bakta VFOMMDIS.fasta --complete --translation-table 11 --keep-contig-headers --compliant --threads 30 --output annotation_bakta/bakta_VFOMMDIS
19:15:21.624 - INFO - UTILS - local time: 2023-11-07 19:15:21
19:15:21.624 - INFO - UTILS - machine: type=x86_64, cores=32
19:15:21.625 - INFO - UTILS - system: type=Linux, release=6.5.0-10-generic
19:15:21.625 - INFO - UTILS - python: version=3.10.12, implementation=CPython
19:15:21.625 - INFO - CONFIG - threads=30
19:15:21.625 - INFO - CONFIG - verbose=False
19:15:21.625 - INFO - CONFIG - debug=False
19:15:21.625 - INFO - CONFIG - database: type=environment, path=/mnt/ssd/databases/bakta_db
19:15:21.625 - INFO - CONFIG - tmp-path=/tmp/tmpz9s3o586
19:15:21.625 - INFO - CONFIG - genome-path=/home/diego/Documents/metagenomes/annotation_symbio_merge/annotation_Beta/genomes/VFOMMDIS.fasta
19:15:21.625 - INFO - CONFIG - min_contig_length=1
19:15:21.625 - INFO - CONFIG - prefix=VFOMMDIS
19:15:21.625 - INFO - CONFIG - output-path=/home/diego/Documents/metagenomes/annotation_symbio_merge/annotation_Beta/genomes/annotation_bakta/bakta_VFOMMDIS
19:15:21.625 - INFO - CONFIG - force=False
19:15:21.625 - INFO - CONFIG - genus=None
19:15:21.625 - INFO - CONFIG - species=None
19:15:21.625 - INFO - CONFIG - strain=None
19:15:21.625 - INFO - CONFIG - plasmid=None
19:15:21.625 - INFO - CONFIG - complete=True
19:15:21.625 - INFO - CONFIG - prodigal_tf=None
19:15:21.625 - INFO - CONFIG - translation_table=11
19:15:21.625 - INFO - CONFIG - gram=?
19:15:21.625 - INFO - CONFIG - compliant=True
19:15:21.625 - INFO - CONFIG - compliant mode! min_contig_length=200
19:15:21.625 - INFO - CONFIG - meta=False
19:15:21.625 - INFO - CONFIG - locus=None
19:15:21.625 - INFO - CONFIG - locus-tag=None
19:15:21.625 - INFO - CONFIG - keep_contig_headers=True
19:15:21.625 - INFO - CONFIG - replicon-table=None
19:15:21.625 - INFO - CONFIG - skip-tRNA=False
19:15:21.625 - INFO - CONFIG - skip-tmRNA=False
19:15:21.625 - INFO - CONFIG - skip-rRNA=False
19:15:21.625 - INFO - CONFIG - skip-ncRNA=False
19:15:21.625 - INFO - CONFIG - skip-ncRNA-region=False
19:15:21.625 - INFO - CONFIG - skip-CRISPR=False
19:15:21.625 - INFO - CONFIG - skip-CDS=False
19:15:21.625 - INFO - CONFIG - skip-pseudo=False
19:15:21.625 - INFO - CONFIG - skip-sORF=False
19:15:21.625 - INFO - CONFIG - skip-gap=False
19:15:21.625 - INFO - CONFIG - skip-ori=False
19:15:21.625 - INFO - CONFIG - skip-plot=False
19:15:21.625 - INFO - DB - detected: major=5, minor=0, type=full, date=2023-02-20
19:15:21.661 - INFO - UTILS - dependency: tool=tRNAscan-SE, version=v2.0.12, path=/home/diego/miniconda3/envs/bakta/bin/tRNAscan-SE
19:15:21.661 - INFO - UTILS - dependency: tool=Aragorn, version=v1.2.41, path=/home/diego/miniconda3/envs/bakta/bin/aragorn
19:15:21.663 - INFO - UTILS - dependency: tool=CMscan, version=v1.1.4, path=/home/diego/miniconda3/envs/bakta/bin/cmscan
19:15:21.664 - INFO - UTILS - dependency: tool=PilerCR, version=v1.6.0, path=/home/diego/miniconda3/envs/bakta/bin/pilercr
19:15:21.691 - INFO - UTILS - dependency: tool=Pyrodigal, version=v2.3.0, path=/home/diego/miniconda3/envs/bakta/bin/python
19:15:21.692 - INFO - UTILS - dependency: tool=AMRFinderPlus, version=v3.11.18, path=/home/diego/miniconda3/envs/bakta/bin/amrfinder
19:15:21.720 - INFO - UTILS - dependency: tool=Pyhmmer, version=v0.10.2, path=/home/diego/miniconda3/envs/bakta/bin/python
19:15:21.722 - INFO - UTILS - dependency: tool=Diamond, version=v2.1.8, path=/home/diego/miniconda3/envs/bakta/bin/diamond
19:15:21.766 - INFO - UTILS - dependency: tool=Blastn, version=v2.14.1, path=/home/diego/miniconda3/envs/bakta/bin/blastn
19:15:21.919 - INFO - UTILS - dependency: tool=Circos, version=v0.69.8, path=/home/diego/miniconda3/envs/bakta/bin/circos
19:15:21.931 - INFO - FASTA - imported: id=VFOMMDIS, length=115186, description=, genomic=True, dna=True
19:15:21.931 - INFO - MAIN - imported sequences=1
19:15:21.931 - INFO - UTILS - qc: revised sequence: id=VFOMMDIS, orig-id=, type=contig, complete=True, topology=circular, name=, description='', orig-description=''
19:15:21.931 - INFO - FASTA - write genome sequences: path=/tmp/tmpz9s3o586/contigs.fna, description=False, wrap=False
19:15:27.003 - INFO - T_RNA - contig=VFOMMDIS, start=1182, stop=1253, strand=+, gene=trnW, product=tRNA-Trp(cca), score=52.0, nt=[AGAGGTATAA..TCTATCTCTA]
19:15:27.003 - INFO - T_RNA - contig=VFOMMDIS, start=13441, stop=13513, strand=+, gene=trnF, product=tRNA-Phe(gaa), score=67.2, nt=[GGCTCAATAG..TTTTGAGCCG]
19:15:27.003 - INFO - T_RNA - contig=VFOMMDIS, start=19725, stop=19796, strand=+, gene=trnQ, product=tRNA-Gln(ttg), score=63.8, nt=[TGGGAAATGA..ACTTTCCTAT]
19:15:27.003 - INFO - T_RNA - contig=VFOMMDIS, start=27247, stop=27330, strand=+, gene=trnS, product=tRNA-Ser(gct), score=60.8, nt=[GAAGATATGG..TCTATCTTCG]
19:15:27.003 - INFO - T_RNA - contig=VFOMMDIS, start=44905, stop=45133, strand=+, gene=None, product=tRNA-Xxx, score=44.9, nt=[AGGTCGTTAG..GCACGACCTA]
19:15:27.003 - INFO - T_RNA - contig=VFOMMDIS, start=48045, stop=48117, strand=+, gene=trnL, product=tRNA-Leu(aag), score=41.4, nt=[GCCGGTGTGG..ATCATCGGCA]
19:15:27.003 - INFO - T_RNA - contig=VFOMMDIS, start=48118, stop=48190, strand=+, gene=trnL, product=tRNA-Leu(tag), score=53.8, nt=[GTGAGTATGG..TCTACTCATA]
19:15:27.003 - INFO - T_RNA - contig=VFOMMDIS, start=48191, stop=48273, strand=+, gene=trnS, product=tRNA-Ser(aga), score=62.0, nt=[GGAGAGATTG..TTTCTCTCTA]
19:15:27.003 - INFO - T_RNA - contig=VFOMMDIS, start=59914, stop=59985, strand=+, gene=trnV, product=tRNA-Val(tac), score=55.8, nt=[AGGTATTTAA..ACAATACCTA]
19:15:27.003 - INFO - T_RNA - contig=VFOMMDIS, start=65820, stop=65890, strand=+, gene=trnH, product=tRNA-His(gtg), score=49.3, nt=[ATGTTTGTAA..ATCAAACATC]
19:15:27.003 - INFO - T_RNA - contig=VFOMMDIS, start=69032, stop=69103, strand=+, gene=trnP, product=tRNA-Pro(tgg), score=60.8, nt=[CGGAAAGTAT..ATCTTTCCGA]
19:15:27.003 - INFO - T_RNA - contig=VFOMMDIS, start=114912, stop=114983, strand=+, gene=trnM, product=tRNA-Met(cat), score=41.9, nt=[GGCGAATTAG..TAATTCGCTA]
19:15:27.003 - INFO - T_RNA - contig=VFOMMDIS, start=115022, stop=115105, strand=+, gene=trnY, product=tRNA-Tyr(gta), score=60.2, nt=[GAAGAAGTTC..ATCTTCTTCA]
19:15:27.003 - INFO - T_RNA - contig=VFOMMDIS, start=115109, stop=115179, strand=+, gene=trnG, product=tRNA-Gly(tcc), score=46.3, nt=[GCGAATATAT..TTTATTCGCT]
19:15:27.003 - INFO - T_RNA - contig=VFOMMDIS, start=101934, stop=102005, strand=-, gene=trnI, product=tRNA-Ile(gat), score=60.0, nt=[AGGTCTATGG..ATTAGGCCTA]
19:15:27.003 - INFO - T_RNA - contig=VFOMMDIS, start=97821, stop=97893, strand=-, gene=trnA, product=tRNA-Ala(tgc), score=49.9, nt=[GGGGAAATAT..GTTTTCTCCA]
19:15:27.003 - INFO - T_RNA - contig=VFOMMDIS, start=78334, stop=78404, strand=-, gene=trnE, product=tRNA-Glu(ttc), score=51.3, nt=[GTCCTTTTAA..CTAAAGGATA]
19:15:27.003 - INFO - T_RNA - contig=VFOMMDIS, start=78259, stop=78331, strand=-, gene=trnD, product=tRNA-Asp(gtc), score=37.0, nt=[GAAGTGGTAT..GTCCATTTCG]
19:15:27.003 - INFO - T_RNA - contig=VFOMMDIS, start=68928, stop=68998, strand=-, gene=trnfM, product=tRNA-fMet(cat), score=58.6, nt=[AAGCGAAGTA..CTATCATCGC]
19:15:27.003 - INFO - T_RNA - contig=VFOMMDIS, start=68734, stop=68805, strand=-, gene=trnR, product=tRNA-Arg(tct), score=49.7, nt=[CTCCTTATAG..CGTGGGGAGA]
19:15:27.003 - INFO - T_RNA - contig=VFOMMDIS, start=67624, stop=67695, strand=-, gene=trnS, product=tRNA-Ser(tga), score=51.2, nt=[GGGCTTGTAG..ATCAAGCCTA]
19:15:27.003 - INFO - T_RNA - contig=VFOMMDIS, start=66676, stop=66747, strand=-, gene=trnK, product=tRNA-Lys(ttt), score=71.2, nt=[GGGTTGTTAG..GCACAGCCTA]
19:15:27.003 - INFO - T_RNA - contig=VFOMMDIS, start=60061, stop=60143, strand=-, gene=trnS, product=tRNA-Ser(tga), score=65.1, nt=[GAAGATATGG..ACTATCTTCT]
19:15:27.003 - INFO - T_RNA - contig=VFOMMDIS, start=53166, stop=53237, strand=-, gene=trnG, product=tRNA-Gly(gcc), score=38.1, nt=[GTAAGGGTAT..ATTCCTTGCT]
19:15:27.003 - INFO - T_RNA - contig=VFOMMDIS, start=53095, stop=53165, strand=-, gene=trnC, product=tRNA-Cys(gca), score=49.9, nt=[GGTGAAATGA..GTTTTCACCT]
19:15:27.003 - INFO - T_RNA - contig=VFOMMDIS, start=52526, stop=52597, strand=-, gene=trnN, product=tRNA-Asn(gtt), score=58.4, nt=[TTCTCAATAG..AGTTGAGAAG]
19:15:27.004 - INFO - T_RNA - predicted=26
19:15:27.026 - INFO - TM_RNA - predicted=0
19:15:28.264 - INFO - R_RNA - contig=VFOMMDIS, start=102010, stop=103502, strand=-, gene=rrs, product=16S ribosomal RNA, length=1493, coverage=0.974, truncated=None, score=1335.5, evalue=4.0e-42, nt=[ATAATTGTGA..TAAATATATA]
19:15:28.264 - INFO - R_RNA - contig=VFOMMDIS, start=99191, stop=101922, strand=-, gene=rrl, product=23S ribosomal RNA, length=2732, coverage=0.934, truncated=None, score=2239.1, evalue=6.0e-05, nt=[TATTGAATAT..GTTCTATATT]
19:15:28.264 - INFO - R_RNA - predicted=2
19:15:28.980 - INFO - NC_RNA - predicted=0
19:15:29.193 - INFO - NC_RNA_REGION - predicted=0
19:15:29.247 - INFO - CRISPR - predicted=0
19:15:29.247 - INFO - CDS - create prodigal training info object: meta=False, closed=False
19:15:29.348 - INFO - CDS - contig=VFOMMDIS, start=1, stop=1191, strand=+, frame=1, truncated=5-prime, start-type=Edge, RBS-motif=None
19:15:29.348 - INFO - CDS - contig=VFOMMDIS, start=1253, stop=1624, strand=+, frame=2, truncated=no, start-type=ATG, RBS-motif=None
19:15:29.348 - INFO - CDS - contig=VFOMMDIS, start=1614, stop=2168, strand=+, frame=3, truncated=no, start-type=ATG, RBS-motif=None
19:15:29.348 - INFO - CDS - contig=VFOMMDIS, start=2149, stop=2577, strand=+, frame=1, truncated=no, start-type=ATG, RBS-motif=None
19:15:29.348 - INFO - CDS - contig=VFOMMDIS, start=2555, stop=2890, strand=+, frame=2, truncated=no, start-type=ATG, RBS-motif=ATTT
19:15:29.348 - INFO - CDS - contig=VFOMMDIS, start=2887, stop=6339, strand=+, frame=1, truncated=no, start-type=ATG, RBS-motif=None
19:15:29.348 - INFO - CDS - contig=VFOMMDIS, start=6336, stop=9968, strand=+, frame=3, truncated=no, start-type=ATG, RBS-motif=None
19:15:29.348 - INFO - CDS - contig=VFOMMDIS, start=9943, stop=10326, strand=+, frame=1, truncated=no, start-type=ATG, RBS-motif=None
19:15:29.348 - INFO - CDS - contig=VFOMMDIS, start=10304, stop=10777, strand=+, frame=2, truncated=no, start-type=ATG, RBS-motif=None
19:15:29.348 - INFO - CDS - contig=VFOMMDIS, start=10777, stop=12774, strand=+, frame=1, truncated=no, start-type=ATG, RBS-motif=None
19:15:29.348 - INFO - CDS - contig=VFOMMDIS, start=12771, stop=13061, strand=+, frame=3, truncated=no, start-type=ATG, RBS-motif=None
19:15:29.348 - INFO - CDS - contig=VFOMMDIS, start=13058, stop=13450, strand=+, frame=2, truncated=no, start-type=ATG, RBS-motif=None
19:15:29.348 - INFO - CDS - contig=VFOMMDIS, start=13522, stop=13887, strand=+, frame=1, truncated=no, start-type=ATG, RBS-motif=None
19:15:29.348 - INFO - CDS - contig=VFOMMDIS, start=13871, stop=14668, strand=+, frame=2, truncated=no, start-type=ATG, RBS-motif=None
19:15:29.349 - INFO - CDS - contig=VFOMMDIS, start=14637, stop=15314, strand=-, frame=3, truncated=no, start-type=ATG, RBS-motif=None
19:15:29.349 - INFO - CDS - contig=VFOMMDIS, start=15295, stop=16365, strand=-, frame=2, truncated=no, start-type=ATG, RBS-motif=None
19:15:29.349 - INFO - CDS - contig=VFOMMDIS, start=16362, stop=16751, strand=-, frame=3, truncated=no, start-type=ATG, RBS-motif=ATTTTT
19:15:29.349 - INFO - CDS - contig=VFOMMDIS, start=16748, stop=17023, strand=-, frame=1, truncated=no, start-type=ATG, RBS-motif=ATTT
19:15:29.349 - INFO - CDS - contig=VFOMMDIS, start=17013, stop=17726, strand=-, frame=3, truncated=no, start-type=ATG, RBS-motif=None
19:15:29.349 - INFO - CDS - contig=VFOMMDIS, start=17723, stop=18325, strand=-, frame=1, truncated=no, start-type=ATG, RBS-motif=TTATT
19:15:29.349 - INFO - CDS - contig=VFOMMDIS, start=18322, stop=19689, strand=-, frame=2, truncated=no, start-type=ATG, RBS-motif=None
19:15:29.349 - INFO - CDS - contig=VFOMMDIS, start=19804, stop=20523, strand=+, frame=1, truncated=no, start-type=ATG, RBS-motif=TTATT
19:15:29.349 - INFO - CDS - contig=VFOMMDIS, start=20520, stop=20966, strand=+, frame=3, truncated=no, start-type=ATG, RBS-motif=None
19:15:29.349 - INFO - CDS - contig=VFOMMDIS, start=20952, stop=21458, strand=-, frame=3, truncated=no, start-type=ATG, RBS-motif=ATTT
19:15:29.349 - INFO - CDS - contig=VFOMMDIS, start=21459, stop=21626, strand=-, frame=3, truncated=no, start-type=ATG, RBS-motif=ATTT
19:15:29.349 - INFO - CDS - contig=VFOMMDIS, start=21722, stop=22768, strand=+, frame=2, truncated=no, start-type=ATG, RBS-motif=None
19:15:29.349 - INFO - CDS - contig=VFOMMDIS, start=22757, stop=23860, strand=-, frame=1, truncated=no, start-type=ATG, RBS-motif=TTATT
19:15:29.349 - INFO - CDS - contig=VFOMMDIS, start=23857, stop=24492, strand=-, frame=2, truncated=no, start-type=ATG, RBS-motif=ATTT
19:15:29.349 - INFO - CDS - contig=VFOMMDIS, start=24485, stop=25360, strand=-, frame=1, truncated=no, start-type=ATG, RBS-motif=ATTTTT
19:15:29.349 - INFO - CDS - contig=VFOMMDIS, start=25449, stop=27269, strand=+, frame=3, truncated=no, start-type=ATG, RBS-motif=None
19:15:29.349 - INFO - CDS - contig=VFOMMDIS, start=27463, stop=29688, strand=-, frame=2, truncated=no, start-type=ATG, RBS-motif=None
19:15:29.349 - INFO - CDS - contig=VFOMMDIS, start=29685, stop=29825, strand=-, frame=3, truncated=no, start-type=ATG, RBS-motif=ATTT
19:15:29.349 - INFO - CDS - contig=VFOMMDIS, start=29804, stop=29962, strand=-, frame=1, truncated=no, start-type=ATG, RBS-motif=None
19:15:29.349 - INFO - CDS - contig=VFOMMDIS, start=29994, stop=32120, strand=+, frame=3, truncated=no, start-type=ATG, RBS-motif=None
19:15:29.349 - INFO - CDS - contig=VFOMMDIS, start=32320, stop=32955, strand=+, frame=1, truncated=no, start-type=ATG, RBS-motif=None
19:15:29.349 - INFO - CDS - contig=VFOMMDIS, start=32952, stop=34019, strand=+, frame=3, truncated=no, start-type=ATG, RBS-motif=None
19:15:29.349 - INFO - CDS - contig=VFOMMDIS, start=34002, stop=34829, strand=-, frame=3, truncated=no, start-type=ATG, RBS-motif=None
19:15:29.349 - INFO - CDS - contig=VFOMMDIS, start=34819, stop=35490, strand=-, frame=2, truncated=no, start-type=ATG, RBS-motif=ATTT
19:15:29.349 - INFO - CDS - contig=VFOMMDIS, start=35462, stop=36388, strand=-, frame=1, truncated=no, start-type=ATG, RBS-motif=None
19:15:29.349 - INFO - CDS - contig=VFOMMDIS, start=36336, stop=36875, strand=-, frame=3, truncated=no, start-type=ATG, RBS-motif=TTATT
19:15:29.349 - INFO - CDS - contig=VFOMMDIS, start=36872, stop=37987, strand=-, frame=1, truncated=no, start-type=ATG, RBS-motif=None
19:15:29.349 - INFO - CDS - contig=VFOMMDIS, start=37984, stop=39324, strand=-, frame=2, truncated=no, start-type=ATG, RBS-motif=None
19:15:29.349 - INFO - CDS - contig=VFOMMDIS, start=39542, stop=40831, strand=-, frame=1, truncated=no, start-type=ATG, RBS-motif=None
19:15:29.349 - INFO - CDS - contig=VFOMMDIS, start=40812, stop=41639, strand=-, frame=3, truncated=no, start-type=ATG, RBS-motif=None
19:15:29.349 - INFO - CDS - contig=VFOMMDIS, start=41624, stop=42463, strand=-, frame=1, truncated=no, start-type=ATG, RBS-motif=None
19:15:29.349 - INFO - CDS - contig=VFOMMDIS, start=42504, stop=43598, strand=+, frame=3, truncated=no, start-type=ATG, RBS-motif=None
19:15:29.349 - INFO - CDS - contig=VFOMMDIS, start=43595, stop=44914, strand=+, frame=2, truncated=no, start-type=ATG, RBS-motif=None
19:15:29.349 - INFO - CDS - contig=VFOMMDIS, start=45142, stop=47946, strand=+, frame=1, truncated=no, start-type=ATG, RBS-motif=ATTT
19:15:29.349 - INFO - CDS - contig=VFOMMDIS, start=47927, stop=48079, strand=+, frame=2, truncated=no, start-type=ATG, RBS-motif=None
19:15:29.349 - INFO - CDS - contig=VFOMMDIS, start=48201, stop=48986, strand=+, frame=3, truncated=no, start-type=ATG, RBS-motif=None
19:15:29.349 - INFO - CDS - contig=VFOMMDIS, start=48961, stop=49938, strand=+, frame=1, truncated=no, start-type=ATG, RBS-motif=ATTTTT
19:15:29.349 - INFO - CDS - contig=VFOMMDIS, start=49898, stop=50404, strand=+, frame=2, truncated=no, start-type=ATG, RBS-motif=None
19:15:29.349 - INFO - CDS - contig=VFOMMDIS, start=50397, stop=51518, strand=+, frame=3, truncated=no, start-type=ATG, RBS-motif=None
19:15:29.349 - INFO - CDS - contig=VFOMMDIS, start=51515, stop=52111, strand=+, frame=2, truncated=no, start-type=ATG, RBS-motif=None
19:15:29.349 - INFO - CDS - contig=VFOMMDIS, start=52093, stop=52326, strand=+, frame=1, truncated=no, start-type=ATG, RBS-motif=None
19:15:29.349 - INFO - CDS - contig=VFOMMDIS, start=52307, stop=52522, strand=+, frame=2, truncated=no, start-type=ATG, RBS-motif=None
19:15:29.350 - INFO - CDS - contig=VFOMMDIS, start=52591, stop=53061, strand=+, frame=1, truncated=no, start-type=TTG, RBS-motif=None
19:15:29.350 - INFO - CDS - contig=VFOMMDIS, start=53223, stop=53705, strand=-, frame=3, truncated=no, start-type=TTG, RBS-motif=None
19:15:29.350 - INFO - CDS - contig=VFOMMDIS, start=53740, stop=54759, strand=+, frame=1, truncated=no, start-type=ATG, RBS-motif=None
19:15:29.350 - INFO - CDS - contig=VFOMMDIS, start=54756, stop=57794, strand=+, frame=3, truncated=no, start-type=ATG, RBS-motif=None
19:15:29.350 - INFO - CDS - contig=VFOMMDIS, start=57772, stop=58281, strand=+, frame=1, truncated=no, start-type=ATG, RBS-motif=None
19:15:29.350 - INFO - CDS - contig=VFOMMDIS, start=58275, stop=58838, strand=+, frame=3, truncated=no, start-type=ATG, RBS-motif=None
19:15:29.350 - INFO - CDS - contig=VFOMMDIS, start=58835, stop=59923, strand=+, frame=2, truncated=no, start-type=ATG, RBS-motif=None
19:15:29.350 - INFO - CDS - contig=VFOMMDIS, start=60153, stop=60743, strand=+, frame=3, truncated=no, start-type=ATG, RBS-motif=None
19:15:29.350 - INFO - CDS - contig=VFOMMDIS, start=60730, stop=61911, strand=+, frame=1, truncated=no, start-type=ATG, RBS-motif=ATTT
19:15:29.350 - INFO - CDS - contig=VFOMMDIS, start=61904, stop=62770, strand=+, frame=2, truncated=no, start-type=ATG, RBS-motif=None
19:15:29.350 - INFO - CDS - contig=VFOMMDIS, start=62767, stop=63321, strand=+, frame=1, truncated=no, start-type=ATG, RBS-motif=None
19:15:29.350 - INFO - CDS - contig=VFOMMDIS, start=63318, stop=63893, strand=+, frame=3, truncated=no, start-type=ATG, RBS-motif=None
19:15:29.350 - INFO - CDS - contig=VFOMMDIS, start=63890, stop=64573, strand=+, frame=2, truncated=no, start-type=ATG, RBS-motif=None
19:15:29.350 - INFO - CDS - contig=VFOMMDIS, start=64570, stop=65289, strand=+, frame=1, truncated=no, start-type=ATG, RBS-motif=None
19:15:29.350 - INFO - CDS - contig=VFOMMDIS, start=65286, stop=65567, strand=+, frame=3, truncated=no, start-type=ATG, RBS-motif=None
19:15:29.350 - INFO - CDS - contig=VFOMMDIS, start=65554, stop=65820, strand=+, frame=1, truncated=no, start-type=ATG, RBS-motif=None
19:15:29.350 - INFO - CDS - contig=VFOMMDIS, start=65892, stop=66689, strand=+, frame=3, truncated=no, start-type=ATG, RBS-motif=None
19:15:29.350 - INFO - CDS - contig=VFOMMDIS, start=66738, stop=67079, strand=-, frame=3, truncated=no, start-type=ATG, RBS-motif=ATTT
19:15:29.350 - INFO - CDS - contig=VFOMMDIS, start=67036, stop=67203, strand=-, frame=2, truncated=no, start-type=ATG, RBS-motif=None
19:15:29.350 - INFO - CDS - contig=VFOMMDIS, start=67197, stop=67622, strand=-, frame=3, truncated=no, start-type=ATG, RBS-motif=None
19:15:29.350 - INFO - CDS - contig=VFOMMDIS, start=67698, stop=68726, strand=-, frame=3, truncated=no, start-type=ATG, RBS-motif=None
19:15:29.350 - INFO - CDS - contig=VFOMMDIS, start=68806, stop=68934, strand=+, frame=1, truncated=no, start-type=ATG, RBS-motif=None
19:15:29.350 - INFO - CDS - contig=VFOMMDIS, start=68963, stop=69055, strand=+, frame=2, truncated=no, start-type=ATG, RBS-motif=None
19:15:29.350 - INFO - CDS - contig=VFOMMDIS, start=69105, stop=69395, strand=+, frame=3, truncated=no, start-type=ATG, RBS-motif=None
19:15:29.350 - INFO - CDS - contig=VFOMMDIS, start=69367, stop=69861, strand=-, frame=2, truncated=no, start-type=ATG, RBS-motif=None
19:15:29.350 - INFO - CDS - contig=VFOMMDIS, start=69842, stop=70651, strand=-, frame=1, truncated=no, start-type=ATG, RBS-motif=None
19:15:29.350 - INFO - CDS - contig=VFOMMDIS, start=70800, stop=71846, strand=+, frame=3, truncated=no, start-type=ATG, RBS-motif=ATTTTT
19:15:29.350 - INFO - CDS - contig=VFOMMDIS, start=71815, stop=72540, strand=+, frame=1, truncated=no, start-type=ATG, RBS-motif=None
19:15:29.350 - INFO - CDS - contig=VFOMMDIS, start=72530, stop=73597, strand=+, frame=2, truncated=no, start-type=ATG, RBS-motif=None
19:15:29.350 - INFO - CDS - contig=VFOMMDIS, start=73587, stop=73805, strand=-, frame=3, truncated=no, start-type=ATG, RBS-motif=None
19:15:29.350 - INFO - CDS - contig=VFOMMDIS, start=73783, stop=75036, strand=-, frame=2, truncated=no, start-type=ATG, RBS-motif=None
19:15:29.350 - INFO - CDS - contig=VFOMMDIS, start=75033, stop=76157, strand=-, frame=3, truncated=no, start-type=ATG, RBS-motif=None
19:15:29.350 - INFO - CDS - contig=VFOMMDIS, start=76154, stop=77338, strand=-, frame=1, truncated=no, start-type=ATG, RBS-motif=None
19:15:29.350 - INFO - CDS - contig=VFOMMDIS, start=77328, stop=77489, strand=-, frame=3, truncated=no, start-type=ATG, RBS-motif=ATTT
19:15:29.350 - INFO - CDS - contig=VFOMMDIS, start=77486, stop=77758, strand=-, frame=1, truncated=no, start-type=ATG, RBS-motif=None
19:15:29.350 - INFO - CDS - contig=VFOMMDIS, start=77778, stop=78074, strand=+, frame=3, truncated=no, start-type=ATG, RBS-motif=None
19:15:29.350 - INFO - CDS - contig=VFOMMDIS, start=78435, stop=79694, strand=+, frame=3, truncated=no, start-type=ATG, RBS-motif=None
19:15:29.350 - INFO - CDS - contig=VFOMMDIS, start=79691, stop=81436, strand=+, frame=2, truncated=no, start-type=ATG, RBS-motif=None
19:15:29.350 - INFO - CDS - contig=VFOMMDIS, start=81433, stop=81684, strand=+, frame=1, truncated=no, start-type=ATG, RBS-motif=None
19:15:29.350 - INFO - CDS - contig=VFOMMDIS, start=81665, stop=83239, strand=+, frame=2, truncated=no, start-type=ATG, RBS-motif=None
19:15:29.350 - INFO - CDS - contig=VFOMMDIS, start=83240, stop=84460, strand=+, frame=2, truncated=no, start-type=GTG, RBS-motif=None
19:15:29.350 - INFO - CDS - contig=VFOMMDIS, start=84457, stop=85410, strand=+, frame=1, truncated=no, start-type=ATG, RBS-motif=None
19:15:29.350 - INFO - CDS - contig=VFOMMDIS, start=85402, stop=86247, strand=-, frame=2, truncated=no, start-type=ATG, RBS-motif=None
19:15:29.350 - INFO - CDS - contig=VFOMMDIS, start=86371, stop=86955, strand=+, frame=1, truncated=no, start-type=ATG, RBS-motif=ATTT
19:15:29.350 - INFO - CDS - contig=VFOMMDIS, start=86917, stop=87891, strand=-, frame=2, truncated=no, start-type=ATG, RBS-motif=None
19:15:29.350 - INFO - CDS - contig=VFOMMDIS, start=87878, stop=89668, strand=-, frame=1, truncated=no, start-type=ATG, RBS-motif=ATTT
19:15:29.350 - INFO - CDS - contig=VFOMMDIS, start=89669, stop=90109, strand=-, frame=1, truncated=no, start-type=ATG, RBS-motif=None
19:15:29.350 - INFO - CDS - contig=VFOMMDIS, start=90110, stop=91015, strand=+, frame=2, truncated=no, start-type=ATG, RBS-motif=ATTTTT
19:15:29.350 - INFO - CDS - contig=VFOMMDIS, start=91010, stop=91846, strand=-, frame=1, truncated=no, start-type=ATG, RBS-motif=None
19:15:29.350 - INFO - CDS - contig=VFOMMDIS, start=91843, stop=93717, strand=-, frame=2, truncated=no, start-type=ATG, RBS-motif=None
19:15:29.350 - INFO - CDS - contig=VFOMMDIS, start=93714, stop=94349, strand=-, frame=3, truncated=no, start-type=ATG, RBS-motif=None
19:15:29.350 - INFO - CDS - contig=VFOMMDIS, start=94346, stop=95557, strand=-, frame=1, truncated=no, start-type=ATG, RBS-motif=None
19:15:29.350 - INFO - CDS - contig=VFOMMDIS, start=95508, stop=96227, strand=-, frame=3, truncated=no, start-type=ATG, RBS-motif=TTATT
19:15:29.350 - INFO - CDS - contig=VFOMMDIS, start=96256, stop=96645, strand=+, frame=1, truncated=no, start-type=ATG, RBS-motif=None
19:15:29.350 - INFO - CDS - contig=VFOMMDIS, start=96611, stop=96865, strand=-, frame=1, truncated=no, start-type=ATG, RBS-motif=None
19:15:29.350 - INFO - CDS - contig=VFOMMDIS, start=96844, stop=97149, strand=-, frame=2, truncated=no, start-type=ATG, RBS-motif=ATTT
19:15:29.350 - INFO - CDS - contig=VFOMMDIS, start=97142, stop=97819, strand=-, frame=1, truncated=no, start-type=ATG, RBS-motif=None
19:15:29.350 - INFO - CDS - contig=VFOMMDIS, start=97896, stop=99098, strand=+, frame=3, truncated=no, start-type=ATG, RBS-motif=None
19:15:29.350 - INFO - CDS - contig=VFOMMDIS, start=99985, stop=100128, strand=+, frame=1, truncated=no, start-type=ATG, RBS-motif=None
19:15:29.350 - INFO - CDS - contig=VFOMMDIS, start=100190, stop=100297, strand=-, frame=1, truncated=no, start-type=ATG, RBS-motif=ATTT
19:15:29.350 - INFO - CDS - contig=VFOMMDIS, start=102455, stop=102589, strand=-, frame=1, truncated=no, start-type=ATG, RBS-motif=None
19:15:29.350 - INFO - CDS - contig=VFOMMDIS, start=103580, stop=103969, strand=+, frame=2, truncated=no, start-type=ATG, RBS-motif=None
19:15:29.350 - INFO - CDS - contig=VFOMMDIS, start=103963, stop=104484, strand=+, frame=1, truncated=no, start-type=ATG, RBS-motif=None
19:15:29.350 - INFO - CDS - contig=VFOMMDIS, start=104453, stop=104617, strand=+, frame=2, truncated=no, start-type=ATG, RBS-motif=ATTT
19:15:29.350 - INFO - CDS - contig=VFOMMDIS, start=104614, stop=105387, strand=+, frame=1, truncated=no, start-type=ATG, RBS-motif=None
19:15:29.350 - INFO - CDS - contig=VFOMMDIS, start=105384, stop=105635, strand=+, frame=3, truncated=no, start-type=ATG, RBS-motif=None
19:15:29.350 - INFO - CDS - contig=VFOMMDIS, start=105632, stop=105964, strand=+, frame=2, truncated=no, start-type=ATG, RBS-motif=None
19:15:29.350 - INFO - CDS - contig=VFOMMDIS, start=105949, stop=106575, strand=+, frame=1, truncated=no, start-type=ATG, RBS-motif=None
19:15:29.350 - INFO - CDS - contig=VFOMMDIS, start=106547, stop=106972, strand=+, frame=2, truncated=no, start-type=ATG, RBS-motif=None
19:15:29.350 - INFO - CDS - contig=VFOMMDIS, start=106953, stop=107171, strand=+, frame=3, truncated=no, start-type=ATG, RBS-motif=TTATT
19:15:29.350 - INFO - CDS - contig=VFOMMDIS, start=107168, stop=107530, strand=+, frame=2, truncated=no, start-type=ATG, RBS-motif=None
19:15:29.350 - INFO - CDS - contig=VFOMMDIS, start=107527, stop=108063, strand=+, frame=1, truncated=no, start-type=ATG, RBS-motif=None
19:15:29.351 - INFO - CDS - contig=VFOMMDIS, start=108063, stop=108359, strand=+, frame=3, truncated=no, start-type=ATG, RBS-motif=None
19:15:29.351 - INFO - CDS - contig=VFOMMDIS, start=108360, stop=108737, strand=+, frame=3, truncated=no, start-type=ATG, RBS-motif=None
19:15:29.351 - INFO - CDS - contig=VFOMMDIS, start=108718, stop=109236, strand=+, frame=1, truncated=no, start-type=ATG, RBS-motif=None
19:15:29.351 - INFO - CDS - contig=VFOMMDIS, start=109199, stop=109486, strand=+, frame=2, truncated=no, start-type=ATG, RBS-motif=ATTT
19:15:29.351 - INFO - CDS - contig=VFOMMDIS, start=109455, stop=109889, strand=+, frame=3, truncated=no, start-type=ATG, RBS-motif=None
19:15:29.351 - INFO - CDS - contig=VFOMMDIS, start=109873, stop=110208, strand=+, frame=1, truncated=no, start-type=TTG, RBS-motif=ATTTTT
19:15:29.351 - INFO - CDS - contig=VFOMMDIS, start=110189, stop=110413, strand=+, frame=2, truncated=no, start-type=ATG, RBS-motif=None
19:15:29.351 - INFO - CDS - contig=VFOMMDIS, start=110410, stop=110523, strand=+, frame=1, truncated=no, start-type=ATG, RBS-motif=None
19:15:29.351 - INFO - CDS - contig=VFOMMDIS, start=110520, stop=110849, strand=+, frame=3, truncated=no, start-type=ATG, RBS-motif=None
19:15:29.351 - INFO - CDS - contig=VFOMMDIS, start=110846, stop=111187, strand=+, frame=2, truncated=no, start-type=ATG, RBS-motif=None
19:15:29.351 - INFO - CDS - contig=VFOMMDIS, start=111184, stop=111666, strand=+, frame=1, truncated=no, start-type=ATG, RBS-motif=None
19:15:29.351 - INFO - CDS - contig=VFOMMDIS, start=111656, stop=112261, strand=+, frame=2, truncated=no, start-type=ATG, RBS-motif=None
19:15:29.351 - INFO - CDS - contig=VFOMMDIS, start=112251, stop=112520, strand=+, frame=3, truncated=no, start-type=ATG, RBS-motif=None
19:15:29.351 - INFO - CDS - contig=VFOMMDIS, start=112492, stop=113571, strand=-, frame=2, truncated=no, start-type=ATG, RBS-motif=None
19:15:29.351 - INFO - CDS - contig=VFOMMDIS, start=113946, stop=114935, strand=+, frame=3, truncated=no, start-type=ATG, RBS-motif=None
19:15:29.351 - INFO - CDS - truncated CDS: contig=VFOMMDIS, start=1, stop=1191, strand=+, frame=1, truncated=5-prime, start-type=Edge, RBS-motif=None, aa-hexdigest=5041a202f5d61aeff5c577def7cf6aef, aa=[MKEKFTRNKT..GAGIVTDIEV]
19:15:29.351 - INFO - CDS - contig=VFOMMDIS, start=1253, stop=1624, strand=+, nt=[ATGAAGATAA..TGTCATATAA]
19:15:29.351 - INFO - CDS - contig=VFOMMDIS, start=1614, stop=2168, strand=+, nt=[ATGTCATATA..AAAATTTTAA]
19:15:29.351 - INFO - CDS - contig=VFOMMDIS, start=2149, stop=2577, strand=+, nt=[ATGAGTATAA..AAATATTTGA]
19:15:29.351 - INFO - CDS - contig=VFOMMDIS, start=2555, stop=2890, strand=+, nt=[ATGAAAGTAA..ATTGAAATGA]
19:15:29.351 - INFO - CDS - contig=VFOMMDIS, start=2887, stop=6339, strand=+, nt=[ATGATTTTTT..TGCAAAATGA]
19:15:29.351 - INFO - CDS - contig=VFOMMDIS, start=6336, stop=9968, strand=+, nt=[ATGATAAAAC..AACTAATTAA]
19:15:29.351 - INFO - CDS - contig=VFOMMDIS, start=9943, stop=10326, strand=+, nt=[ATGTCAACCA..TAAAAAATAA]
19:15:29.351 - INFO - CDS - contig=VFOMMDIS, start=10304, stop=10777, strand=+, nt=[ATGTCAAGAA..TGTATTTTGA]
19:15:29.351 - INFO - CDS - contig=VFOMMDIS, start=10777, stop=12774, strand=+, nt=[ATGAAATTAA..AAAATCATGA]
19:15:29.351 - INFO - CDS - contig=VFOMMDIS, start=12771, stop=13061, strand=+, nt=[ATGAAAATAA..TTTTAAATGA]
19:15:29.351 - INFO - CDS - contig=VFOMMDIS, start=13058, stop=13450, strand=+, nt=[ATGATTTTTT..GGCTCAATAG]
19:15:29.351 - INFO - CDS - contig=VFOMMDIS, start=13522, stop=13887, strand=+, nt=[ATGATAAACT..TATACTTTAA]
19:15:29.351 - INFO - CDS - contig=VFOMMDIS, start=13871, stop=14668, strand=+, nt=[ATGATAATAT..TAAATTATAA]
19:15:29.351 - INFO - CDS - contig=VFOMMDIS, start=14637, stop=15314, strand=-, nt=[ATGTACAAGA..AATCTTTTAA]
19:15:29.351 - INFO - CDS - contig=VFOMMDIS, start=15295, stop=16365, strand=-, nt=[ATGATAAAAA..GAAAATATAG]
19:15:29.351 - INFO - CDS - contig=VFOMMDIS, start=16362, stop=16751, strand=-, nt=[ATGATTGGTG..CAAAAGATGA]
19:15:29.351 - INFO - CDS - contig=VFOMMDIS, start=16748, stop=17023, strand=-, nt=[ATGATATTTG..TTTAAAATGA]
19:15:29.351 - INFO - CDS - contig=VFOMMDIS, start=17013, stop=17726, strand=-, nt=[ATGAAATTAT..TGATATTTGA]
19:15:29.351 - INFO - CDS - contig=VFOMMDIS, start=17723, stop=18325, strand=-, nt=[ATGATTCGTA..TATAAAATGA]
19:15:29.351 - INFO - CDS - contig=VFOMMDIS, start=18322, stop=19689, strand=-, nt=[ATGGAAATAT..TTTAATATGA]
19:15:29.351 - INFO - CDS - contig=VFOMMDIS, start=19804, stop=20523, strand=+, nt=[ATGAAAAATA..AAAAATATGA]
19:15:29.351 - INFO - CDS - contig=VFOMMDIS, start=20520, stop=20966, strand=+, nt=[ATGATAAGAT..AACAAATTAA]
19:15:29.351 - INFO - CDS - contig=VFOMMDIS, start=20952, stop=21458, strand=-, nt=[ATGTTAAAAA..TTGTTCTTAA]
19:15:29.351 - INFO - CDS - contig=VFOMMDIS, start=21459, stop=21626, strand=-, nt=[ATGTATAATT..GTATTTTTAA]
19:15:29.351 - INFO - CDS - contig=VFOMMDIS, start=21722, stop=22768, strand=+, nt=[ATGATTTATT..ATTTAAATAA]
19:15:29.351 - INFO - CDS - contig=VFOMMDIS, start=22757, stop=23860, strand=-, nt=[ATGATTTTTG..ATTTAAATAA]
19:15:29.351 - INFO - CDS - contig=VFOMMDIS, start=23857, stop=24492, strand=-, nt=[ATGTTTAACT..ATTTTCATGA]
19:15:29.351 - INFO - CDS - contig=VFOMMDIS, start=24485, stop=25360, strand=-, nt=[ATGAAAATAA..AAATGTTTAA]
19:15:29.351 - INFO - CDS - contig=VFOMMDIS, start=25449, stop=27269, strand=+, nt=[ATGTTTTTAT..AGTGGCTTAA]
19:15:29.351 - INFO - CDS - contig=VFOMMDIS, start=27463, stop=29688, strand=-, nt=[ATGATAAATA..TTGTTTATGA]
19:15:29.351 - INFO - CDS - contig=VFOMMDIS, start=29685, stop=29825, strand=-, nt=[ATGTCTAAAA..AAAATTATGA]
19:15:29.351 - INFO - CDS - contig=VFOMMDIS, start=29804, stop=29962, strand=-, nt=[ATGTTATTTT..AAATTCATAA]
19:15:29.351 - INFO - CDS - contig=VFOMMDIS, start=29994, stop=32120, strand=+, nt=[ATGAAAGTAA..CTTTAGGTAG]
19:15:29.351 - INFO - CDS - contig=VFOMMDIS, start=32320, stop=32955, strand=+, nt=[ATGAAAAAAG..TAAATTATGA]
19:15:29.351 - INFO - CDS - contig=VFOMMDIS, start=32952, stop=34019, strand=+, nt=[ATGATATATA..ATTTAATTAA]
19:15:29.351 - INFO - CDS - contig=VFOMMDIS, start=34002, stop=34829, strand=-, nt=[ATGAATTCTA..ATATATTTAA]
19:15:29.351 - INFO - CDS - contig=VFOMMDIS, start=34819, stop=35490, strand=-, nt=[ATGATATTAA..TGAATTCTAA]
19:15:29.351 - INFO - CDS - contig=VFOMMDIS, start=35462, stop=36388, strand=-, nt=[ATGGAAATAA..TAGAAAATAA]
19:15:29.351 - INFO - CDS - contig=VFOMMDIS, start=36336, stop=36875, strand=-, nt=[ATGATTTTAA..AATTTTTTAA]
19:15:29.351 - INFO - CDS - contig=VFOMMDIS, start=36872, stop=37987, strand=-, nt=[ATGATAAAAA..TTACAAATGA]
19:15:29.351 - INFO - CDS - contig=VFOMMDIS, start=37984, stop=39324, strand=-, nt=[ATGAAATGGT..TATTATATGA]
19:15:29.351 - INFO - CDS - contig=VFOMMDIS, start=39542, stop=40831, strand=-, nt=[ATGAAAAATT..TTCTGTTTAA]
19:15:29.351 - INFO - CDS - contig=VFOMMDIS, start=40812, stop=41639, strand=-, nt=[ATGGCTTCAT..TTATATTTAA]
19:15:29.351 - INFO - CDS - contig=VFOMMDIS, start=41624, stop=42463, strand=-, nt=[ATGTGTATTT..TCATATATAA]
19:15:29.351 - INFO - CDS - contig=VFOMMDIS, start=42504, stop=43598, strand=+, nt=[ATGAATTTAA..TGTAAAATGA]
19:15:29.351 - INFO - CDS - contig=VFOMMDIS, start=43595, stop=44914, strand=+, nt=[ATGAACTATA..AGGTCGTTAG]
19:15:29.351 - INFO - CDS - contig=VFOMMDIS, start=45142, stop=47946, strand=+, nt=[ATGTTTGGTA..GTATAAATAA]
19:15:29.351 - INFO - CDS - contig=VFOMMDIS, start=47927, stop=48079, strand=+, nt=[ATGAAAAAAA..TTTACTTTAA]
19:15:29.351 - INFO - CDS - contig=VFOMMDIS, start=48201, stop=48986, strand=+, nt=[ATGAGTGGTT..TTGGATATAG]
19:15:29.351 - INFO - CDS - contig=VFOMMDIS, start=48961, stop=49938, strand=+, nt=[ATGAATGTAG..ATATAAATAA]
19:15:29.351 - INFO - CDS - contig=VFOMMDIS, start=49898, stop=50404, strand=+, nt=[ATGAATTTAA..AAATGTATAA]
19:15:29.351 - INFO - CDS - contig=VFOMMDIS, start=50397, stop=51518, strand=+, nt=[ATGTATAAAT..AATAAAATGA]
19:15:29.351 - INFO - CDS - contig=VFOMMDIS, start=51515, stop=52111, strand=+, nt=[ATGATACCTT..ATTAAAATGA]
19:15:29.351 - INFO - CDS - contig=VFOMMDIS, start=52093, stop=52326, strand=+, nt=[ATGCAAAAAA..AATTTTATAA]
19:15:29.351 - INFO - CDS - contig=VFOMMDIS, start=52307, stop=52522, strand=+, nt=[ATGATATACA..TTTTTATTAA]
19:15:29.351 - INFO - CDS - contig=VFOMMDIS, start=52591, stop=53061, strand=+, nt=[TTGAGAATAT..TTTTATTTAA]
19:15:29.351 - INFO - CDS - contig=VFOMMDIS, start=53223, stop=53705, strand=-, nt=[TTGAATTATA..GGTATCTTAA]
19:15:29.351 - INFO - CDS - contig=VFOMMDIS, start=53740, stop=54759, strand=+, nt=[ATGAAATGTA..AAGTTTATGA]
19:15:29.351 - INFO - CDS - contig=VFOMMDIS, start=54756, stop=57794, strand=+, nt=[ATGATAAAAA..AAGTTTTTAA]
19:15:29.351 - INFO - CDS - contig=VFOMMDIS, start=57772, stop=58281, strand=+, nt=[ATGAAATATA..TAAATGTTAA]
19:15:29.351 - INFO - CDS - contig=VFOMMDIS, start=58275, stop=58838, strand=+, nt=[ATGTTAAACT..AATAAAATGA]
19:15:29.351 - INFO - CDS - contig=VFOMMDIS, start=58835, stop=59923, strand=+, nt=[ATGAATAAAT..AGGTATTTAA]
19:15:29.351 - INFO - CDS - contig=VFOMMDIS, start=60153, stop=60743, strand=+, nt=[ATGATAATTT..TACTAAATAA]
19:15:29.351 - INFO - CDS - contig=VFOMMDIS, start=60730, stop=61911, strand=+, nt=[ATGATACTAA..ATATGATTGA]
19:15:29.351 - INFO - CDS - contig=VFOMMDIS, start=61904, stop=62770, strand=+, nt=[ATGATTGATT..TAAAATATGA]
19:15:29.351 - INFO - CDS - contig=VFOMMDIS, start=62767, stop=63321, strand=+, nt=[ATGAAAATTT..AACAAAATGA]
19:15:29.351 - INFO - CDS - contig=VFOMMDIS, start=63318, stop=63893, strand=+, nt=[ATGATAGGAA..GCAATTATGA]
19:15:29.351 - INFO - CDS - contig=VFOMMDIS, start=63890, stop=64573, strand=+, nt=[ATGATTTTAA..AAAAATATGA]
19:15:29.351 - INFO - CDS - contig=VFOMMDIS, start=64570, stop=65289, strand=+, nt=[ATGATTAAAA..TATTAGATGA]
19:15:29.351 - INFO - CDS - contig=VFOMMDIS, start=65286, stop=65567, strand=+, nt=[ATGATACCCA..ATATAAATAA]
19:15:29.351 - INFO - CDS - contig=VFOMMDIS, start=65554, stop=65820, strand=+, nt=[ATGAATATAA..TAGATTTTGA]
19:15:29.351 - INFO - CDS - contig=VFOMMDIS, start=65892, stop=66689, strand=+, nt=[ATGAAGATAA..CTGTGCGTGA]
19:15:29.351 - INFO - CDS - contig=VFOMMDIS, start=66738, stop=67079, strand=-, nt=[ATGTCAAGAG..GGGTTGTTAG]
19:15:29.351 - INFO - CDS - contig=VFOMMDIS, start=67036, stop=67203, strand=-, nt=[ATGTTAAAAA..AAAAACATAA]
19:15:29.351 - INFO - CDS - contig=VFOMMDIS, start=67197, stop=67622, strand=-, nt=[ATGTTTATAA..AACATGTTAA]
19:15:29.351 - INFO - CDS - contig=VFOMMDIS, start=67698, stop=68726, strand=-, nt=[ATGAACACCA..AATATTTTAA]
19:15:29.351 - INFO - CDS - contig=VFOMMDIS, start=68806, stop=68934, strand=+, nt=[ATGAAAATAA..ATTGCGATGA]
19:15:29.351 - INFO - CDS - contig=VFOMMDIS, start=68963, stop=69055, strand=+, nt=[ATGAGCCCGA..GTGGCAGTGA]
19:15:29.351 - INFO - CDS - contig=VFOMMDIS, start=69105, stop=69395, strand=+, nt=[ATGAATATAT..AAACTTTTAG]
19:15:29.351 - INFO - CDS - contig=VFOMMDIS, start=69367, stop=69861, strand=-, nt=[ATGAAAGAAA..TTTTTTTTAG]
19:15:29.351 - INFO - CDS - contig=VFOMMDIS, start=69842, stop=70651, strand=-, nt=[ATGTTTTTAT..AAGAATTTAA]
19:15:29.351 - INFO - CDS - contig=VFOMMDIS, start=70800, stop=71846, strand=+, nt=[ATGAAATATA..ATATATTTAA]
19:15:29.351 - INFO - CDS - contig=VFOMMDIS, start=71815, stop=72540, strand=+, nt=[ATGAAATTAA..TGATAATTAA]
19:15:29.352 - INFO - CDS - contig=VFOMMDIS, start=72530, stop=73597, strand=+, nt=[ATGATAATTA..TATGATCTAA]
19:15:29.352 - INFO - CDS - contig=VFOMMDIS, start=73587, stop=73805, strand=-, nt=[ATGATAATAT..TAGATCATAA]
19:15:29.352 - INFO - CDS - contig=VFOMMDIS, start=73783, stop=75036, strand=-, nt=[ATGAATTATA..TAACAAATAA]
19:15:29.352 - INFO - CDS - contig=VFOMMDIS, start=75033, stop=76157, strand=-, nt=[ATGAATTGTT..AATATTATGA]
19:15:29.352 - INFO - CDS - contig=VFOMMDIS, start=76154, stop=77338, strand=-, nt=[ATGACAAATG..ATTTTCATGA]
19:15:29.352 - INFO - CDS - contig=VFOMMDIS, start=77328, stop=77489, strand=-, nt=[ATGATAATAA..TGACAAATGA]
19:15:29.352 - INFO - CDS - contig=VFOMMDIS, start=77486, stop=77758, strand=-, nt=[ATGTTTAATA..TTTAGAATGA]
19:15:29.352 - INFO - CDS - contig=VFOMMDIS, start=77778, stop=78074, strand=+, nt=[ATGAGAAGAA..GTATGAATAA]
19:15:29.352 - INFO - CDS - contig=VFOMMDIS, start=78435, stop=79694, strand=+, nt=[ATGTCAAACA..AGGAAAATGA]
19:15:29.352 - INFO - CDS - contig=VFOMMDIS, start=79691, stop=81436, strand=+, nt=[ATGAAATATG..TAGAAGATGA]
19:15:29.352 - INFO - CDS - contig=VFOMMDIS, start=81433, stop=81684, strand=+, nt=[ATGATCTTAA..TATACAATAA]
19:15:29.352 - INFO - CDS - contig=VFOMMDIS, start=81665, stop=83239, strand=+, nt=[ATGAAAAAAA..ATTAAATTAA]
19:15:29.352 - INFO - CDS - contig=VFOMMDIS, start=83240, stop=84460, strand=+, nt=[GTGAATATTT..TTTTAAATGA]
19:15:29.352 - INFO - CDS - contig=VFOMMDIS, start=84457, stop=85410, strand=+, nt=[ATGAGATTAT..TTTAAAATAA]
19:15:29.352 - INFO - CDS - contig=VFOMMDIS, start=85402, stop=86247, strand=-, nt=[ATGAAAAAAA..TTTATTTTAA]
19:15:29.352 - INFO - CDS - contig=VFOMMDIS, start=86371, stop=86955, strand=+, nt=[ATGAATTTGC..TAAGATTTAA]
19:15:29.352 - INFO - CDS - contig=VFOMMDIS, start=86917, stop=87891, strand=-, nt=[ATGCAAAAAA..TAAATCTTAA]
19:15:29.352 - INFO - CDS - contig=VFOMMDIS, start=87878, stop=89668, strand=-, nt=[ATGAAAAAAA..AAAAAAATAA]
19:15:29.352 - INFO - CDS - contig=VFOMMDIS, start=89669, stop=90109, strand=-, nt=[ATGATAATTA..TAAATTTTAA]
19:15:29.352 - INFO - CDS - contig=VFOMMDIS, start=90110, stop=91015, strand=+, nt=[ATGAATGAAA..AAGTTTATAA]
19:15:29.352 - INFO - CDS - contig=VFOMMDIS, start=91010, stop=91846, strand=-, nt=[ATGAAAATAA..AATTTTATAA]
19:15:29.352 - INFO - CDS - contig=VFOMMDIS, start=91843, stop=93717, strand=-, nt=[ATGATATTTA..TAGTTTATGA]
19:15:29.352 - INFO - CDS - contig=VFOMMDIS, start=93714, stop=94349, strand=-, nt=[ATGAATATTT..AAACATATGA]
19:15:29.352 - INFO - CDS - contig=VFOMMDIS, start=94346, stop=95557, strand=-, nt=[ATGAAAAAAA..AAAATTATGA]
19:15:29.352 - INFO - CDS - contig=VFOMMDIS, start=95508, stop=96227, strand=-, nt=[ATGTTATTTT..AATTTCATAA]
19:15:29.352 - INFO - CDS - contig=VFOMMDIS, start=96256, stop=96645, strand=+, nt=[ATGAATATAC..ATTACATTAA]
19:15:29.352 - INFO - CDS - contig=VFOMMDIS, start=96611, stop=96865, strand=-, nt=[ATGGCAAAAA..ATATTTATAA]
19:15:29.352 - INFO - CDS - contig=VFOMMDIS, start=96844, stop=97149, strand=-, nt=[ATGATTAAAG..AAAGCAGTAG]
19:15:29.352 - INFO - CDS - contig=VFOMMDIS, start=97142, stop=97819, strand=-, nt=[ATGATATATA..AAATGATTAA]
19:15:29.352 - INFO - CDS - contig=VFOMMDIS, start=97896, stop=99098, strand=+, nt=[ATGAAAATTA..TTCGCTTTAA]
19:15:29.352 - INFO - CDS - contig=VFOMMDIS, start=99985, stop=100128, strand=+, nt=[ATGGGGTCTT..GCTACCTTAG]
19:15:29.352 - INFO - CDS - contig=VFOMMDIS, start=100190, stop=100297, strand=-, nt=[ATGGCCTCAG..AGAAGATTAA]
19:15:29.352 - INFO - CDS - contig=VFOMMDIS, start=102455, stop=102589, strand=-, nt=[ATGATGTGGA..CGTGTCGTGA]
19:15:29.352 - INFO - CDS - contig=VFOMMDIS, start=103580, stop=103969, strand=+, nt=[ATGATAGGAT..AATATGTTAA]
19:15:29.352 - INFO - CDS - contig=VFOMMDIS, start=103963, stop=104484, strand=+, nt=[ATGTTAAATT..AAGCAATTAA]
19:15:29.352 - INFO - CDS - contig=VFOMMDIS, start=104453, stop=104617, strand=+, nt=[ATGAAAATAC..AATTTCATGA]
19:15:29.352 - INFO - CDS - contig=VFOMMDIS, start=104614, stop=105387, strand=+, nt=[ATGATAATAA..AAGAAAATGA]
19:15:29.352 - INFO - CDS - contig=VFOMMDIS, start=105384, stop=105635, strand=+, nt=[ATGAAAATAA..AAAAAAATGA]
19:15:29.352 - INFO - CDS - contig=VFOMMDIS, start=105632, stop=105964, strand=+, nt=[ATGATAATAA..AACAAAGTAA]
19:15:29.352 - INFO - CDS - contig=VFOMMDIS, start=105949, stop=106575, strand=+, nt=[ATGGGAAACA..AAAAATTTAA]
19:15:29.352 - INFO - CDS - contig=VFOMMDIS, start=106547, stop=106972, strand=+, nt=[ATGACTTTTT..TAATAAATAA]
19:15:29.352 - INFO - CDS - contig=VFOMMDIS, start=106953, stop=107171, strand=+, nt=[ATGATAGGTA..AATAAAATGA]
19:15:29.352 - INFO - CDS - contig=VFOMMDIS, start=107168, stop=107530, strand=+, nt=[ATGATTTATA..TGTAATATGA]
19:15:29.352 - INFO - CDS - contig=VFOMMDIS, start=107527, stop=108063, strand=+, nt=[ATGATTAGCT..TTTTATATAA]
19:15:29.352 - INFO - CDS - contig=VFOMMDIS, start=108063, stop=108359, strand=+, nt=[ATGTCTAAAA..TAAAAGCTAA]
19:15:29.352 - INFO - CDS - contig=VFOMMDIS, start=108360, stop=108737, strand=+, nt=[ATGTCTCACC..AAGCTTATAA]
19:15:29.352 - INFO - CDS - contig=VFOMMDIS, start=108718, stop=109236, strand=+, nt=[ATGTCCAAAA..AAAAAAGTAA]
19:15:29.352 - INFO - CDS - contig=VFOMMDIS, start=109199, stop=109486, strand=+, nt=[ATGAAAAAAA..TCTTTTATAG]
19:15:29.352 - INFO - CDS - contig=VFOMMDIS, start=109455, stop=109889, strand=+, nt=[ATGAAAAAAT..GAATAGGTAG]
19:15:29.352 - INFO - CDS - contig=VFOMMDIS, start=109873, stop=110208, strand=+, nt=[TTGAAAAGAA..AAAAAGATAA]
19:15:29.352 - INFO - CDS - contig=VFOMMDIS, start=110189, stop=110413, strand=+, nt=[ATGTTGAAAA..ACTAAAATGA]
19:15:29.352 - INFO - CDS - contig=VFOMMDIS, start=110410, stop=110523, strand=+, nt=[ATGAAAGTTT..ACAAGGATGA]
19:15:29.352 - INFO - CDS - contig=VFOMMDIS, start=110520, stop=110849, strand=+, nt=[ATGAATATAG..AAGGAAATGA]
19:15:29.352 - INFO - CDS - contig=VFOMMDIS, start=110846, stop=111187, strand=+, nt=[ATGAAAGGAA..AAGAGTATGA]
19:15:29.352 - INFO - CDS - contig=VFOMMDIS, start=111184, stop=111666, strand=+, nt=[ATGAAAAGAG..TGAATATTAG]
19:15:29.352 - INFO - CDS - contig=VFOMMDIS, start=111656, stop=112261, strand=+, nt=[ATGAATATTA..TGAGACATAG]
19:15:29.352 - INFO - CDS - contig=VFOMMDIS, start=112251, stop=112520, strand=+, nt=[ATGAGACATA..AATTTACTAA]
19:15:29.352 - INFO - CDS - contig=VFOMMDIS, start=112492, stop=113571, strand=-, nt=[ATGAGAACAC..ATTTTTTTAG]
19:15:29.352 - INFO - CDS - contig=VFOMMDIS, start=113946, stop=114935, strand=+, nt=[ATGAGTTCTA..AAAGGTATAA]
19:15:29.352 - INFO - CDS - contig=VFOMMDIS, start=1, stop=1191, strand=+, nt=[ATGAAAGAAA..AGAGGTATAA]
19:15:29.367 - INFO - CDS - predicted=143
19:15:29.415 - INFO - ORF - discarded=0
19:15:29.483 - INFO - UPS - looked-up=0
19:15:29.484 - INFO - IPS - looked-up=0
19:15:29.485 - INFO - ORF - write internal aa seqs: # seqs=143, path=/tmp/tmpz9s3o586/cds.psc.faa
19:16:11.311 - INFO - PSC - found: PSC=0, PSCC=23
19:16:11.324 - INFO - PSC - looked-up=23
19:16:11.327 - INFO - PSCC - looked-up=19
19:16:11.327 - INFO - ORF - write internal aa seqs: # seqs=143, path=/tmp/tmpz9s3o586/cds.expert.faa
19:16:11.962 - INFO - EXPERT-AMRFINDER - found=0
19:16:12.463 - INFO - EXPERT_AA_SEQ - found=0
19:16:12.463 - INFO - ANNOTATION - marked as hypothetical: contig=VFOMMDIS, start=1253, stop=1624, strand=+
19:16:12.463 - INFO - ANNOTATION - marked as hypothetical: contig=VFOMMDIS, start=1614, stop=2168, strand=+
19:16:12.463 - INFO - ANNOTATION - marked as hypothetical: contig=VFOMMDIS, start=2149, stop=2577, strand=+
19:16:12.463 - INFO - ANNOTATION - marked as hypothetical: contig=VFOMMDIS, start=2555, stop=2890, strand=+
19:16:12.463 - INFO - ANNOTATION - marked as hypothetical: contig=VFOMMDIS, start=2887, stop=6339, strand=+
19:16:12.463 - INFO - ANNOTATION - marked as hypothetical: contig=VFOMMDIS, start=6336, stop=9968, strand=+
19:16:12.463 - INFO - ANNOTATION - marked as hypothetical: contig=VFOMMDIS, start=9943, stop=10326, strand=+
19:16:12.463 - INFO - ANNOTATION - marked as hypothetical: contig=VFOMMDIS, start=10304, stop=10777, strand=+
19:16:12.463 - INFO - ANNOTATION - marked as hypothetical: contig=VFOMMDIS, start=12771, stop=13061, strand=+
19:16:12.463 - INFO - ANNOTATION - marked as hypothetical: contig=VFOMMDIS, start=13058, stop=13450, strand=+
19:16:12.463 - INFO - ANNOTATION - marked as hypothetical: contig=VFOMMDIS, start=13522, stop=13887, strand=+
19:16:12.463 - INFO - ANNOTATION - marked as hypothetical: contig=VFOMMDIS, start=13871, stop=14668, strand=+
19:16:12.463 - INFO - ANNOTATION - marked as hypothetical: contig=VFOMMDIS, start=14637, stop=15314, strand=-
19:16:12.463 - INFO - ANNOTATION - marked as hypothetical: contig=VFOMMDIS, start=15295, stop=16365, strand=-
19:16:12.463 - INFO - ANNOTATION - marked as hypothetical: contig=VFOMMDIS, start=16362, stop=16751, strand=-
19:16:12.463 - INFO - ANNOTATION - marked as hypothetical: contig=VFOMMDIS, start=16748, stop=17023, strand=-
19:16:12.463 - INFO - ANNOTATION - marked as hypothetical: contig=VFOMMDIS, start=17013, stop=17726, strand=-
19:16:12.463 - INFO - ANNOTATION - marked as hypothetical: contig=VFOMMDIS, start=17723, stop=18325, strand=-
19:16:12.463 - INFO - ANNOTATION - marked as hypothetical: contig=VFOMMDIS, start=18322, stop=19689, strand=-
19:16:12.463 - INFO - ANNOTATION - marked as hypothetical: contig=VFOMMDIS, start=19804, stop=20523, strand=+
19:16:12.463 - INFO - ANNOTATION - marked as hypothetical: contig=VFOMMDIS, start=20520, stop=20966, strand=+
19:16:12.463 - INFO - ANNOTATION - marked as hypothetical: contig=VFOMMDIS, start=20952, stop=21458, strand=-
19:16:12.463 - INFO - ANNOTATION - marked as hypothetical: contig=VFOMMDIS, start=21459, stop=21626, strand=-
19:16:12.463 - INFO - ANNOTATION - marked as hypothetical: contig=VFOMMDIS, start=21722, stop=22768, strand=+
19:16:12.463 - INFO - ANNOTATION - marked as hypothetical: contig=VFOMMDIS, start=22757, stop=23860, strand=-
19:16:12.463 - INFO - ANNOTATION - marked as hypothetical: contig=VFOMMDIS, start=23857, stop=24492, strand=-
19:16:12.463 - INFO - ANNOTATION - marked as hypothetical: contig=VFOMMDIS, start=24485, stop=25360, strand=-
19:16:12.463 - INFO - ANNOTATION - marked as hypothetical: contig=VFOMMDIS, start=25449, stop=27269, strand=+
19:16:12.463 - INFO - ANNOTATION - marked as hypothetical: contig=VFOMMDIS, start=27463, stop=29688, strand=-
19:16:12.463 - INFO - ANNOTATION - marked as hypothetical: contig=VFOMMDIS, start=29685, stop=29825, strand=-
19:16:12.463 - INFO - ANNOTATION - marked as hypothetical: contig=VFOMMDIS, start=29804, stop=29962, strand=-
19:16:12.463 - INFO - ANNOTATION - marked as hypothetical: contig=VFOMMDIS, start=29994, stop=32120, strand=+
19:16:12.463 - INFO - ANNOTATION - marked as hypothetical: contig=VFOMMDIS, start=32320, stop=32955, strand=+
19:16:12.463 - INFO - ANNOTATION - marked as hypothetical: contig=VFOMMDIS, start=32952, stop=34019, strand=+
19:16:12.463 - INFO - ANNOTATION - marked as hypothetical: contig=VFOMMDIS, start=34819, stop=35490, strand=-
19:16:12.463 - INFO - ANNOTATION - marked as hypothetical: contig=VFOMMDIS, start=35462, stop=36388, strand=-
19:16:12.463 - INFO - ANNOTATION - marked as hypothetical: contig=VFOMMDIS, start=36336, stop=36875, strand=-
19:16:12.464 - INFO - ANNOTATION - marked as hypothetical: contig=VFOMMDIS, start=36872, stop=37987, strand=-
19:16:12.464 - INFO - ANNOTATION - marked as hypothetical: contig=VFOMMDIS, start=37984, stop=39324, strand=-
19:16:12.464 - INFO - ANNOTATION - marked as hypothetical: contig=VFOMMDIS, start=39542, stop=40831, strand=-
19:16:12.464 - INFO - ANNOTATION - marked as hypothetical: contig=VFOMMDIS, start=40812, stop=41639, strand=-
19:16:12.464 - INFO - ANNOTATION - marked as hypothetical: contig=VFOMMDIS, start=41624, stop=42463, strand=-
19:16:12.464 - INFO - ANNOTATION - marked as hypothetical: contig=VFOMMDIS, start=42504, stop=43598, strand=+
19:16:12.464 - INFO - ANNOTATION - marked as hypothetical: contig=VFOMMDIS, start=43595, stop=44914, strand=+
19:16:12.464 - INFO - ANNOTATION - marked as hypothetical: contig=VFOMMDIS, start=45142, stop=47946, strand=+
19:16:12.464 - INFO - ANNOTATION - marked as hypothetical: contig=VFOMMDIS, start=47927, stop=48079, strand=+
19:16:12.464 - INFO - ANNOTATION - marked as hypothetical: contig=VFOMMDIS, start=48201, stop=48986, strand=+
19:16:12.464 - INFO - ANNOTATION - marked as hypothetical: contig=VFOMMDIS, start=48961, stop=49938, strand=+
19:16:12.464 - INFO - ANNOTATION - marked as hypothetical: contig=VFOMMDIS, start=49898, stop=50404, strand=+
19:16:12.464 - INFO - ANNOTATION - marked as hypothetical: contig=VFOMMDIS, start=50397, stop=51518, strand=+
19:16:12.464 - INFO - ANNOTATION - marked as hypothetical: contig=VFOMMDIS, start=51515, stop=52111, strand=+
19:16:12.464 - INFO - ANNOTATION - marked as hypothetical: contig=VFOMMDIS, start=52093, stop=52326, strand=+
19:16:12.464 - INFO - ANNOTATION - marked as hypothetical: contig=VFOMMDIS, start=52307, stop=52522, strand=+
19:16:12.464 - INFO - ANNOTATION - marked as hypothetical: contig=VFOMMDIS, start=52591, stop=53061, strand=+
19:16:12.464 - INFO - ANNOTATION - marked as hypothetical: contig=VFOMMDIS, start=53223, stop=53705, strand=-
19:16:12.464 - INFO - ANNOTATION - marked as hypothetical: contig=VFOMMDIS, start=53740, stop=54759, strand=+
19:16:12.464 - INFO - ANNOTATION - marked as hypothetical: contig=VFOMMDIS, start=54756, stop=57794, strand=+
19:16:12.464 - INFO - ANNOTATION - marked as hypothetical: contig=VFOMMDIS, start=57772, stop=58281, strand=+
19:16:12.464 - INFO - ANNOTATION - fix gene: extract symbol from protein name. symbol=clpX
19:16:12.464 - INFO - ANNOTATION - marked as hypothetical: contig=VFOMMDIS, start=60153, stop=60743, strand=+
19:16:12.464 - INFO - ANNOTATION - marked as hypothetical: contig=VFOMMDIS, start=60730, stop=61911, strand=+
19:16:12.464 - INFO - ANNOTATION - marked as hypothetical: contig=VFOMMDIS, start=61904, stop=62770, strand=+
19:16:12.464 - INFO - ANNOTATION - marked as hypothetical: contig=VFOMMDIS, start=62767, stop=63321, strand=+
19:16:12.464 - INFO - ANNOTATION - marked as hypothetical: contig=VFOMMDIS, start=63318, stop=63893, strand=+
19:16:12.464 - INFO - ANNOTATION - marked as hypothetical: contig=VFOMMDIS, start=63890, stop=64573, strand=+
19:16:12.464 - INFO - ANNOTATION - marked as hypothetical: contig=VFOMMDIS, start=65286, stop=65567, strand=+
19:16:12.464 - INFO - ANNOTATION - marked as hypothetical: contig=VFOMMDIS, start=65554, stop=65820, strand=+
19:16:12.464 - INFO - ANNOTATION - marked as hypothetical: contig=VFOMMDIS, start=65892, stop=66689, strand=+
19:16:12.464 - INFO - ANNOTATION - marked as hypothetical: contig=VFOMMDIS, start=66738, stop=67079, strand=-
19:16:12.464 - INFO - ANNOTATION - marked as hypothetical: contig=VFOMMDIS, start=67036, stop=67203, strand=-
19:16:12.464 - INFO - ANNOTATION - marked as hypothetical: contig=VFOMMDIS, start=67197, stop=67622, strand=-
19:16:12.464 - INFO - ANNOTATION - marked as hypothetical: contig=VFOMMDIS, start=68806, stop=68934, strand=+
19:16:12.464 - INFO - ANNOTATION - marked as hypothetical: contig=VFOMMDIS, start=68963, stop=69055, strand=+
19:16:12.464 - INFO - ANNOTATION - marked as hypothetical: contig=VFOMMDIS, start=69105, stop=69395, strand=+
19:16:12.464 - INFO - ANNOTATION - marked as hypothetical: contig=VFOMMDIS, start=69367, stop=69861, strand=-
19:16:12.464 - INFO - ANNOTATION - marked as hypothetical: contig=VFOMMDIS, start=69842, stop=70651, strand=-
19:16:12.464 - INFO - ANNOTATION - marked as hypothetical: contig=VFOMMDIS, start=70800, stop=71846, strand=+
19:16:12.464 - INFO - ANNOTATION - marked as hypothetical: contig=VFOMMDIS, start=72530, stop=73597, strand=+
19:16:12.464 - INFO - ANNOTATION - marked as hypothetical: contig=VFOMMDIS, start=73587, stop=73805, strand=-
19:16:12.464 - INFO - ANNOTATION - marked as hypothetical: contig=VFOMMDIS, start=73783, stop=75036, strand=-
19:16:12.464 - INFO - ANNOTATION - marked as hypothetical: contig=VFOMMDIS, start=75033, stop=76157, strand=-
19:16:12.464 - INFO - ANNOTATION - marked as hypothetical: contig=VFOMMDIS, start=76154, stop=77338, strand=-
19:16:12.464 - INFO - ANNOTATION - marked as hypothetical: contig=VFOMMDIS, start=77328, stop=77489, strand=-
19:16:12.464 - INFO - ANNOTATION - marked as hypothetical: contig=VFOMMDIS, start=77486, stop=77758, strand=-
19:16:12.464 - INFO - ANNOTATION - marked as hypothetical: contig=VFOMMDIS, start=77778, stop=78074, strand=+
19:16:12.464 - INFO - ANNOTATION - marked as hypothetical: contig=VFOMMDIS, start=78435, stop=79694, strand=+
19:16:12.464 - INFO - ANNOTATION - marked as hypothetical: contig=VFOMMDIS, start=79691, stop=81436, strand=+
19:16:12.464 - INFO - ANNOTATION - marked as hypothetical: contig=VFOMMDIS, start=81433, stop=81684, strand=+
19:16:12.464 - INFO - ANNOTATION - marked as hypothetical: contig=VFOMMDIS, start=83240, stop=84460, strand=+
19:16:12.464 - INFO - ANNOTATION - marked as hypothetical: contig=VFOMMDIS, start=84457, stop=85410, strand=+
19:16:12.464 - INFO - ANNOTATION - marked as hypothetical: contig=VFOMMDIS, start=85402, stop=86247, strand=-
19:16:12.464 - INFO - ANNOTATION - marked as hypothetical: contig=VFOMMDIS, start=86371, stop=86955, strand=+
19:16:12.464 - INFO - ANNOTATION - marked as hypothetical: contig=VFOMMDIS, start=86917, stop=87891, strand=-
19:16:12.464 - INFO - ANNOTATION - fix gene: extract symbol from protein name. symbol=dnaK
19:16:12.464 - INFO - ANNOTATION - marked as hypothetical: contig=VFOMMDIS, start=89669, stop=90109, strand=-
19:16:12.464 - INFO - ANNOTATION - marked as hypothetical: contig=VFOMMDIS, start=90110, stop=91015, strand=+
19:16:12.464 - INFO - ANNOTATION - marked as hypothetical: contig=VFOMMDIS, start=91010, stop=91846, strand=-
19:16:12.464 - INFO - ANNOTATION - marked as hypothetical: contig=VFOMMDIS, start=91843, stop=93717, strand=-
19:16:12.464 - INFO - ANNOTATION - marked as hypothetical: contig=VFOMMDIS, start=93714, stop=94349, strand=-
19:16:12.464 - INFO - ANNOTATION - marked as hypothetical: contig=VFOMMDIS, start=95508, stop=96227, strand=-
19:16:12.464 - INFO - ANNOTATION - marked as hypothetical: contig=VFOMMDIS, start=96256, stop=96645, strand=+
19:16:12.464 - INFO - ANNOTATION - marked as hypothetical: contig=VFOMMDIS, start=96611, stop=96865, strand=-
19:16:12.464 - INFO - ANNOTATION - marked as hypothetical: contig=VFOMMDIS, start=96844, stop=97149, strand=-
19:16:12.464 - INFO - ANNOTATION - marked as hypothetical: contig=VFOMMDIS, start=97142, stop=97819, strand=-
19:16:12.464 - INFO - ANNOTATION - marked as hypothetical: contig=VFOMMDIS, start=99985, stop=100128, strand=+
19:16:12.464 - INFO - ANNOTATION - marked as hypothetical: contig=VFOMMDIS, start=100190, stop=100297, strand=-
19:16:12.464 - INFO - ANNOTATION - marked as hypothetical: contig=VFOMMDIS, start=103963, stop=104484, strand=+
19:16:12.464 - INFO - ANNOTATION - marked as hypothetical: contig=VFOMMDIS, start=104453, stop=104617, strand=+
19:16:12.464 - INFO - ANNOTATION - marked as hypothetical: contig=VFOMMDIS, start=105632, stop=105964, strand=+
19:16:12.464 - INFO - ANNOTATION - marked as hypothetical: contig=VFOMMDIS, start=105949, stop=106575, strand=+
19:16:12.465 - INFO - ANNOTATION - marked as hypothetical: contig=VFOMMDIS, start=106953, stop=107171, strand=+
19:16:12.465 - INFO - ANNOTATION - marked as hypothetical: contig=VFOMMDIS, start=107168, stop=107530, strand=+
19:16:12.465 - INFO - ANNOTATION - marked as hypothetical: contig=VFOMMDIS, start=108063, stop=108359, strand=+
19:16:12.465 - INFO - ANNOTATION - marked as hypothetical: contig=VFOMMDIS, start=108360, stop=108737, strand=+
19:16:12.465 - INFO - ANNOTATION - marked as hypothetical: contig=VFOMMDIS, start=108718, stop=109236, strand=+
19:16:12.465 - INFO - ANNOTATION - marked as hypothetical: contig=VFOMMDIS, start=109199, stop=109486, strand=+
19:16:12.465 - INFO - ANNOTATION - marked as hypothetical: contig=VFOMMDIS, start=109455, stop=109889, strand=+
19:16:12.465 - INFO - ANNOTATION - marked as hypothetical: contig=VFOMMDIS, start=109873, stop=110208, strand=+
19:16:12.465 - INFO - ANNOTATION - marked as hypothetical: contig=VFOMMDIS, start=110189, stop=110413, strand=+
19:16:12.465 - INFO - ANNOTATION - marked as hypothetical: contig=VFOMMDIS, start=110410, stop=110523, strand=+
19:16:12.465 - INFO - ANNOTATION - marked as hypothetical: contig=VFOMMDIS, start=110520, stop=110849, strand=+
19:16:12.465 - INFO - ANNOTATION - marked as hypothetical: contig=VFOMMDIS, start=111184, stop=111666, strand=+
19:16:12.465 - INFO - ANNOTATION - marked as hypothetical: contig=VFOMMDIS, start=111656, stop=112261, strand=+
19:16:12.465 - INFO - ANNOTATION - marked as hypothetical: contig=VFOMMDIS, start=112251, stop=112520, strand=+
19:16:12.465 - INFO - ANNOTATION - marked as hypothetical: contig=VFOMMDIS, start=112492, stop=113571, strand=-
19:16:12.465 - INFO - ANNOTATION - marked as hypothetical: contig=VFOMMDIS, start=113946, stop=114935, strand=+
19:16:12.465 - INFO - ORF - write internal aa seqs: # seqs=124, path=/tmp/tmpz9s3o586/cds.pseudo.candidates.faa
19:17:00.778 - INFO - CDS - found: pseudogene-candidates=1
19:17:01.249 - INFO - CDS - found: pseudogenes=0
19:17:01.249 - INFO - PSC - looked-up=0
19:17:01.249 - INFO - PSCC - looked-up=0
19:17:01.275 - INFO - CDS - pfam detected: contig=VFOMMDIS, start=76154, stop=77338, strand=-, pfam-id=PF13481.9, length=189, aa-start=155, aa-stop=325, aa-cov=0.4, hmm-cov=0.9, evalue=1.1e-08, bitscore=27.9, name=AAA_25
19:17:01.300 - INFO - CDS - pfam detected: contig=VFOMMDIS, start=70800, stop=71846, strand=+, pfam-id=PF00155.24, length=323, aa-start=38, aa-stop=327, aa-cov=0.8, hmm-cov=1.0, evalue=4.6e-26, bitscore=84.7, name=Aminotran_1_2
19:17:01.300 - INFO - CDS - pfam detected: contig=VFOMMDIS, start=61904, stop=62770, strand=+, pfam-id=PF00155.24, length=200, aa-start=19, aa-stop=188, aa-cov=0.6, hmm-cov=1.0, evalue=2.7e-16, bitscore=52.6, name=Aminotran_1_2
19:17:01.305 - INFO - CDS - pfam detected: contig=VFOMMDIS, start=21722, stop=22768, strand=+, pfam-id=PF00266.22, length=381, aa-start=2, aa-stop=336, aa-cov=1.0, hmm-cov=1.0, evalue=1.2e-45, bitscore=149.0, name=Aminotran_5
19:17:01.307 - INFO - CDS - pfam detected: contig=VFOMMDIS, start=27463, stop=29688, strand=-, pfam-id=PF08264.16, length=148, aa-start=544, aa-stop=680, aa-cov=0.2, hmm-cov=0.9, evalue=1.6e-18, bitscore=60.1, name=Anticodon_1
19:17:01.315 - INFO - CDS - pfam detected: contig=VFOMMDIS, start=37984, stop=39324, strand=-, pfam-id=PF14698.9, length=69, aa-start=356, aa-stop=421, aa-cov=0.1, hmm-cov=1.0, evalue=6.3e-13, bitscore=42.4, name=ASL_C2
19:17:01.318 - INFO - CDS - pfam detected: contig=VFOMMDIS, start=54756, stop=57794, strand=+, pfam-id=PF13535.9, length=104, aa-start=194, aa-stop=296, aa-cov=0.1, hmm-cov=1.0, evalue=1.2e-12, bitscore=40.7, name=ATP-grasp_4
19:17:01.319 - INFO - CDS - pfam detected: contig=VFOMMDIS, start=54756, stop=57794, strand=+, pfam-id=PF15632.9, length=73, aa-start=786, aa-stop=857, aa-cov=0.1, hmm-cov=1.0, evalue=2.5e-15, bitscore=49.4, name=ATPgrasp_Ter
19:17:01.407 - INFO - CDS - pfam detected: contig=VFOMMDIS, start=54756, stop=57794, strand=+, pfam-id=PF02786.20, length=214, aa-start=120, aa-stop=324, aa-cov=0.2, hmm-cov=1.0, evalue=7.4e-63, bitscore=204.8, name=CPSase_L_D2
19:17:01.408 - INFO - CDS - pfam detected: contig=VFOMMDIS, start=54756, stop=57794, strand=+, pfam-id=PF02787.22, length=76, aa-start=417, aa-stop=490, aa-cov=0.1, hmm-cov=1.0, evalue=6.9e-14, bitscore=44.7, name=CPSase_L_D3
19:17:01.408 - INFO - CDS - pfam detected: contig=VFOMMDIS, start=53740, stop=54759, strand=+, pfam-id=PF00988.25, length=111, aa-start=14, aa-stop=124, aa-cov=0.3, hmm-cov=1.0, evalue=3.0e-33, bitscore=107.4, name=CPSase_sm_chain
19:17:01.421 - INFO - CDS - pfam detected: contig=VFOMMDIS, start=32952, stop=34019, strand=+, pfam-id=PF01053.23, length=325, aa-start=4, aa-stop=322, aa-cov=0.9, hmm-cov=1.0, evalue=4.8e-64, bitscore=209.2, name=Cys_Met_Meta_PP
19:17:01.423 - INFO - CDS - pfam detected: contig=VFOMMDIS, start=90110, stop=91015, strand=+, pfam-id=PF00793.23, length=285, aa-start=5, aa-stop=283, aa-cov=0.9, hmm-cov=0.9, evalue=4.8e-58, bitscore=189.1, name=DAHP_synth_1
19:17:01.423 - INFO - CDS - pfam detected: contig=VFOMMDIS, start=93714, stop=94349, strand=-, pfam-id=PF05173.17, length=116, aa-start=104, aa-stop=210, aa-cov=0.5, hmm-cov=1.0, evalue=1.6e-23, bitscore=76.0, name=DapB_C
19:17:01.423 - INFO - CDS - pfam detected: contig=VFOMMDIS, start=93714, stop=94349, strand=-, pfam-id=PF01113.23, length=70, aa-start=28, aa-stop=97, aa-cov=0.3, hmm-cov=1.0, evalue=1.3e-18, bitscore=60.3, name=DapB_N
19:17:01.429 - INFO - CDS - pfam detected: contig=VFOMMDIS, start=24485, stop=25360, strand=-, pfam-id=PF00701.25, length=288, aa-start=3, aa-stop=289, aa-cov=1.0, hmm-cov=1.0, evalue=6.3e-66, bitscore=214.9, name=DHDPS
19:17:01.430 - INFO - CDS - pfam detected: contig=VFOMMDIS, start=96256, stop=96645, strand=+, pfam-id=PF01220.22, length=126, aa-start=1, aa-stop=120, aa-cov=0.9, hmm-cov=1.0, evalue=2.9e-34, bitscore=110.7, name=DHquinase_II
19:17:01.430 - INFO - CDS - pfam detected: contig=VFOMMDIS, start=113946, stop=114935, strand=+, pfam-id=PF01761.23, length=259, aa-start=39, aa-stop=290, aa-cov=0.8, hmm-cov=1.0, evalue=5.2e-76, bitscore=248.2, name=DHQ_synthase
19:17:01.432 - INFO - CDS - pfam detected: contig=VFOMMDIS, start=76154, stop=77338, strand=-, pfam-id=PF00772.24, length=97, aa-start=3, aa-stop=93, aa-cov=0.2, hmm-cov=1.0, evalue=4.6e-11, bitscore=35.8, name=DnaB
19:17:01.432 - INFO - CDS - pfam detected: contig=VFOMMDIS, start=76154, stop=77338, strand=-, pfam-id=PF03796.18, length=253, aa-start=154, aa-stop=394, aa-cov=0.6, hmm-cov=1.0, evalue=4.0e-79, bitscore=258.4, name=DnaB_C
19:17:01.432 - INFO - CDS - pfam detected: contig=VFOMMDIS, start=86917, stop=87891, strand=-, pfam-id=PF00226.34, length=56, aa-start=5, aa-stop=60, aa-cov=0.2, hmm-cov=1.0, evalue=5.2e-25, bitscore=80.4, name=DnaJ
19:17:01.433 - INFO - CDS - pfam detected: contig=VFOMMDIS, start=86917, stop=87891, strand=-, pfam-id=PF01556.21, length=130, aa-start=155, aa-stop=284, aa-cov=0.4, hmm-cov=0.7, evalue=3.2e-12, bitscore=39.8, name=DnaJ_C
19:17:01.434 - INFO - CDS - pfam detected: contig=VFOMMDIS, start=45142, stop=47946, strand=+, pfam-id=PF07733.15, length=254, aa-start=275, aa-stop=516, aa-cov=0.3, hmm-cov=1.0, evalue=3.8e-85, bitscore=278.5, name=DNA_pol3_alpha
19:17:01.434 - INFO - CDS - pfam detected: contig=VFOMMDIS, start=85402, stop=86247, strand=-, pfam-id=PF02767.19, length=94, aa-start=80, aa-stop=171, aa-cov=0.3, hmm-cov=0.9, evalue=4.9e-11, bitscore=35.9, name=DNA_pol3_beta_2
19:17:01.435 - INFO - CDS - pfam detected: contig=VFOMMDIS, start=45142, stop=47946, strand=+, pfam-id=PF17657.4, length=153, aa-start=523, aa-stop=669, aa-cov=0.2, hmm-cov=1.0, evalue=1.0e-31, bitscore=102.5, name=DNA_pol3_finger
19:17:01.485 - INFO - CDS - pfam detected: contig=VFOMMDIS, start=110189, stop=110413, strand=+, pfam-id=PF01176.22, length=62, aa-start=11, aa-stop=72, aa-cov=0.8, hmm-cov=1.0, evalue=1.0e-20, bitscore=66.4, name=eIF-1a
19:17:01.523 - INFO - CDS - pfam detected: contig=VFOMMDIS, start=54756, stop=57794, strand=+, pfam-id=PF01071.22, length=151, aa-start=121, aa-stop=261, aa-cov=0.1, hmm-cov=1.0, evalue=1.3e-10, bitscore=34.3, name=GARS_A
19:17:01.524 - INFO - CDS - pfam detected: contig=VFOMMDIS, start=53740, stop=54759, strand=+, pfam-id=PF00117.31, length=189, aa-start=176, aa-stop=337, aa-cov=0.5, hmm-cov=1.0, evalue=5.0e-27, bitscore=87.9, name=GATase
19:17:01.524 - INFO - CDS - pfam detected: contig=VFOMMDIS, start=36336, stop=36875, strand=-, pfam-id=PF00117.31, length=185, aa-start=4, aa-stop=170, aa-cov=0.9, hmm-cov=1.0, evalue=5.6e-18, bitscore=58.3, name=GATase
19:17:01.524 - INFO - CDS - pfam detected: contig=VFOMMDIS, start=63318, stop=63893, strand=+, pfam-id=PF00117.31, length=206, aa-start=5, aa-stop=188, aa-cov=1.0, hmm-cov=0.9, evalue=4.1e-16, bitscore=52.2, name=GATase
19:17:01.532 - INFO - CDS - pfam detected: contig=VFOMMDIS, start=79691, stop=81436, strand=+, pfam-id=PF13932.9, length=205, aa-start=383, aa-stop=571, aa-cov=0.3, hmm-cov=1.0, evalue=9.2e-30, bitscore=97.3, name=GIDA_C
19:17:01.550 - INFO - CDS - pfam detected: contig=VFOMMDIS, start=18322, stop=19689, strand=-, pfam-id=PF00009.30, length=147, aa-start=53, aa-stop=170, aa-cov=0.3, hmm-cov=1.0, evalue=7.6e-11, bitscore=34.9, name=GTP_EFTU
19:17:01.563 - INFO - CDS - pfam detected: contig=VFOMMDIS, start=45142, stop=47946, strand=+, pfam-id=PF14579.9, length=85, aa-start=741, aa-stop=821, aa-cov=0.1, hmm-cov=1.0, evalue=3.1e-16, bitscore=52.4, name=HHH_6
19:17:01.569 - INFO - CDS - pfam detected: contig=VFOMMDIS, start=75033, stop=76157, strand=-, pfam-id=PF00742.22, length=164, aa-start=126, aa-stop=286, aa-cov=0.4, hmm-cov=1.0, evalue=7.2e-27, bitscore=87.3, name=Homoserine_dh
19:17:01.582 - INFO - CDS - pfam detected: contig=VFOMMDIS, start=67197, stop=67622, strand=-, pfam-id=PF05198.19, length=60, aa-start=3, aa-stop=62, aa-cov=0.4, hmm-cov=1.0, evalue=3.9e-17, bitscore=55.4, name=IF3_N
19:17:01.584 - INFO - CDS - pfam detected: contig=VFOMMDIS, start=34819, stop=35490, strand=-, pfam-id=PF00218.24, length=244, aa-start=3, aa-stop=218, aa-cov=1.0, hmm-cov=1.0, evalue=4.9e-21, bitscore=67.9, name=IGPS
19:17:01.597 - INFO - CDS - pfam detected: contig=VFOMMDIS, start=105949, stop=106575, strand=+, pfam-id=PF07650.20, length=38, aa-start=55, aa-stop=92, aa-cov=0.2, hmm-cov=1.0, evalue=1.8e-09, bitscore=30.4, name=KH_2
19:17:01.620 - INFO - CDS - pfam detected: contig=VFOMMDIS, start=37984, stop=39324, strand=-, pfam-id=PF00206.23, length=311, aa-start=6, aa-stop=293, aa-cov=0.6, hmm-cov=1.0, evalue=4.8e-51, bitscore=166.9, name=Lyase_1
19:17:01.621 - INFO - CDS - pfam detected: contig=VFOMMDIS, start=72530, stop=73597, strand=+, pfam-id=PF07687.17, length=86, aa-start=171, aa-stop=247, aa-cov=0.2, hmm-cov=1.0, evalue=5.0e-13, bitscore=42.0, name=M20_dimer
19:17:01.626 - INFO - CDS - pfam detected: contig=VFOMMDIS, start=65554, stop=65820, strand=+, pfam-id=PF03819.20, length=60, aa-start=30, aa-stop=85, aa-cov=0.6, hmm-cov=1.0, evalue=2.7e-08, bitscore=27.0, name=MazG
19:17:01.634 - INFO - CDS - pfam detected: contig=VFOMMDIS, start=20952, stop=21458, strand=-, pfam-id=PF13847.9, length=108, aa-start=43, aa-stop=142, aa-cov=0.6, hmm-cov=1.0, evalue=2.1e-08, bitscore=27.1, name=Methyltransf_31
19:17:01.635 - INFO - CDS - pfam detected: contig=VFOMMDIS, start=29994, stop=32120, strand=+, pfam-id=PF08267.15, length=310, aa-start=5, aa-stop=290, aa-cov=0.4, hmm-cov=1.0, evalue=2.6e-58, bitscore=190.9, name=Meth_synt_1
19:17:01.635 - INFO - CDS - pfam detected: contig=VFOMMDIS, start=29994, stop=32120, strand=+, pfam-id=PF01717.21, length=323, aa-start=388, aa-stop=699, aa-cov=0.4, hmm-cov=1.0, evalue=1.9e-75, bitscore=247.1, name=Meth_synt_2
19:17:01.651 - INFO - CDS - pfam detected: contig=VFOMMDIS, start=20952, stop=21458, strand=-, pfam-id=PF05175.17, length=121, aa-start=37, aa-stop=148, aa-cov=0.7, hmm-cov=1.0, evalue=4.2e-09, bitscore=29.2, name=MTS
19:17:01.681 - INFO - CDS - pfam detected: contig=VFOMMDIS, start=112492, stop=113571, strand=-, pfam-id=PF02784.19, length=237, aa-start=20, aa-stop=240, aa-cov=0.6, hmm-cov=1.0, evalue=2.9e-41, bitscore=134.4, name=Orn_Arg_deC_N
19:17:01.681 - INFO - CDS - pfam detected: contig=VFOMMDIS, start=112492, stop=113571, strand=-, pfam-id=PF00278.25, length=125, aa-start=206, aa-stop=327, aa-cov=0.3, hmm-cov=0.7, evalue=1.1e-24, bitscore=79.5, name=Orn_DAP_Arg_deC
19:17:01.681 - INFO - CDS - pfam detected: contig=VFOMMDIS, start=65892, stop=66689, strand=+, pfam-id=PF00185.27, length=156, aa-start=136, aa-stop=260, aa-cov=0.5, hmm-cov=1.0, evalue=3.7e-18, bitscore=59.0, name=OTCace
19:17:01.681 - INFO - CDS - pfam detected: contig=VFOMMDIS, start=65892, stop=66689, strand=+, pfam-id=PF02729.24, length=143, aa-start=3, aa-stop=128, aa-cov=0.5, hmm-cov=1.0, evalue=5.4e-28, bitscore=90.9, name=OTCace_N
19:17:01.691 - INFO - CDS - pfam detected: contig=VFOMMDIS, start=23857, stop=24492, strand=-, pfam-id=PF03462.21, length=94, aa-start=3, aa-stop=81, aa-cov=0.4, hmm-cov=1.0, evalue=1.3e-08, bitscore=27.8, name=PCRF
19:17:01.692 - INFO - CDS - pfam detected: contig=VFOMMDIS, start=18322, stop=19689, strand=-, pfam-id=PF10662.12, length=145, aa-start=51, aa-stop=184, aa-cov=0.3, hmm-cov=0.9, evalue=1.5e-09, bitscore=30.8, name=PduV-EutP
19:17:01.700 - INFO - CDS - pfam detected: contig=VFOMMDIS, start=13058, stop=13450, strand=+, pfam-id=PF01327.24, length=116, aa-start=23, aa-stop=126, aa-cov=0.8, hmm-cov=1.0, evalue=8.7e-10, bitscore=31.4, name=Pep_deformylase
19:17:01.729 - INFO - CDS - pfam detected: contig=VFOMMDIS, start=49898, stop=50404, strand=+, pfam-id=PF00697.25, length=157, aa-start=15, aa-stop=148, aa-cov=0.8, hmm-cov=1.0, evalue=1.3e-09, bitscore=31.0, name=PRAI
19:17:01.770 - INFO - CDS - pfam detected: contig=VFOMMDIS, start=1253, stop=1624, strand=+, pfam-id=PF03946.17, length=52, aa-start=4, aa-stop=55, aa-cov=0.4, hmm-cov=1.0, evalue=2.7e-16, bitscore=52.3, name=Ribosomal_L11_N
19:17:01.770 - INFO - CDS - pfam detected: contig=VFOMMDIS, start=2555, stop=2890, strand=+, pfam-id=PF00542.22, length=65, aa-start=47, aa-stop=111, aa-cov=0.6, hmm-cov=1.0, evalue=1.0e-16, bitscore=54.1, name=Ribosomal_L12
19:17:01.771 - INFO - CDS - pfam detected: contig=VFOMMDIS, start=107168, stop=107530, strand=+, pfam-id=PF00238.22, length=122, aa-start=1, aa-stop=120, aa-cov=1.0, hmm-cov=1.0, evalue=1.4e-34, bitscore=111.7, name=Ribosomal_L14
19:17:01.771 - INFO - CDS - pfam detected: contig=VFOMMDIS, start=105632, stop=105964, strand=+, pfam-id=PF00237.22, length=98, aa-start=6, aa-stop=103, aa-cov=0.9, hmm-cov=1.0, evalue=2.3e-13, bitscore=43.3, name=Ribosomal_L22
19:17:01.771 - INFO - CDS - pfam detected: contig=VFOMMDIS, start=110410, stop=110523, strand=+, pfam-id=PF00444.21, length=38, aa-start=1, aa-stop=37, aa-cov=1.0, hmm-cov=1.0, evalue=1.3e-16, bitscore=53.5, name=Ribosomal_L36
19:17:01.773 - INFO - CDS - pfam detected: contig=VFOMMDIS, start=12771, stop=13061, strand=+, pfam-id=PF00338.25, length=82, aa-start=3, aa-stop=84, aa-cov=0.9, hmm-cov=1.0, evalue=2.6e-18, bitscore=59.1, name=Ribosomal_S10
19:17:01.773 - INFO - CDS - pfam detected: contig=VFOMMDIS, start=47927, stop=48079, strand=+, pfam-id=PF00312.25, length=36, aa-start=3, aa-stop=38, aa-cov=0.7, hmm-cov=1.0, evalue=7.0e-11, bitscore=35.3, name=Ribosomal_S15
19:17:01.773 - INFO - CDS - pfam detected: contig=VFOMMDIS, start=106953, stop=107171, strand=+, pfam-id=PF00366.23, length=61, aa-start=9, aa-stop=68, aa-cov=0.8, hmm-cov=1.0, evalue=1.7e-08, bitscore=27.5, name=Ribosomal_S17
19:17:01.775 - INFO - CDS - pfam detected: contig=VFOMMDIS, start=105949, stop=106575, strand=+, pfam-id=PF00189.23, length=78, aa-start=120, aa-stop=196, aa-cov=0.4, hmm-cov=1.0, evalue=3.1e-18, bitscore=59.1, name=Ribosomal_S3_C
19:17:01.775 - INFO - CDS - pfam detected: contig=VFOMMDIS, start=109455, stop=109889, strand=+, pfam-id=PF03719.18, length=52, aa-start=80, aa-stop=130, aa-cov=0.4, hmm-cov=1.0, evalue=8.4e-13, bitscore=40.7, name=Ribosomal_S5_C
19:17:01.775 - INFO - CDS - pfam detected: contig=VFOMMDIS, start=10304, stop=10777, strand=+, pfam-id=PF00177.24, length=150, aa-start=1, aa-stop=150, aa-cov=1.0, hmm-cov=1.0, evalue=2.5e-40, bitscore=130.5, name=Ribosomal_S7
19:17:01.775 - INFO - CDS - pfam detected: contig=VFOMMDIS, start=108360, stop=108737, strand=+, pfam-id=PF00410.22, length=124, aa-start=6, aa-stop=120, aa-cov=0.9, hmm-cov=1.0, evalue=2.6e-15, bitscore=49.5, name=Ribosomal_S8
19:17:01.780 - INFO - CDS - pfam detected: contig=VFOMMDIS, start=111656, stop=112261, strand=+, pfam-id=PF01000.29, length=96, aa-start=52, aa-stop=142, aa-cov=0.5, hmm-cov=1.0, evalue=6.3e-13, bitscore=42.1, name=RNA_pol_A_bac
19:17:01.781 - INFO - CDS - pfam detected: contig=VFOMMDIS, start=6336, stop=9968, strand=+, pfam-id=PF04997.15, length=336, aa-start=2, aa-stop=300, aa-cov=0.2, hmm-cov=0.9, evalue=9.0e-62, bitscore=202.1, name=RNA_pol_Rpb1_1
19:17:01.782 - INFO - CDS - pfam detected: contig=VFOMMDIS, start=6336, stop=9968, strand=+, pfam-id=PF00623.23, length=95, aa-start=348, aa-stop=442, aa-cov=0.1, hmm-cov=1.0, evalue=6.7e-35, bitscore=113.7, name=RNA_pol_Rpb1_2
19:17:01.782 - INFO - CDS - pfam detected: contig=VFOMMDIS, start=6336, stop=9968, strand=+, pfam-id=PF04983.21, length=157, aa-start=447, aa-stop=585, aa-cov=0.1, hmm-cov=1.0, evalue=1.5e-16, bitscore=53.7, name=RNA_pol_Rpb1_3
19:17:01.782 - INFO - CDS - pfam detected: contig=VFOMMDIS, start=6336, stop=9968, strand=+, pfam-id=PF04998.20, length=469, aa-start=690, aa-stop=1151, aa-cov=0.4, hmm-cov=0.6, evalue=2.2e-51, bitscore=167.8, name=RNA_pol_Rpb1_5
19:17:01.783 - INFO - CDS - pfam detected: contig=VFOMMDIS, start=2887, stop=6339, strand=+, pfam-id=PF04565.19, length=69, aa-start=434, aa-stop=502, aa-cov=0.1, hmm-cov=1.0, evalue=2.2e-26, bitscore=84.9, name=RNA_pol_Rpb2_3
19:17:01.783 - INFO - CDS - pfam detected: contig=VFOMMDIS, start=2887, stop=6339, strand=+, pfam-id=PF00562.31, length=499, aa-start=581, aa-stop=1074, aa-cov=0.4, hmm-cov=0.8, evalue=1.7e-100, bitscore=329.7, name=RNA_pol_Rpb2_6
19:17:01.784 - INFO - CDS - pfam detected: contig=VFOMMDIS, start=2887, stop=6339, strand=+, pfam-id=PF04560.23, length=82, aa-start=1076, aa-stop=1147, aa-cov=0.1, hmm-cov=1.0, evalue=1.6e-22, bitscore=72.8, name=RNA_pol_Rpb2_7
19:17:01.794 - INFO - CDS - pfam detected: contig=VFOMMDIS, start=111184, stop=111666, strand=+, pfam-id=PF01479.28, length=47, aa-start=72, aa-stop=118, aa-cov=0.3, hmm-cov=1.0, evalue=2.7e-19, bitscore=61.7, name=S4
19:17:01.802 - INFO - CDS - pfam detected: contig=VFOMMDIS, start=48961, stop=49938, strand=+, pfam-id=PF01118.27, length=60, aa-start=34, aa-stop=93, aa-cov=0.2, hmm-cov=1.0, evalue=1.7e-09, bitscore=31.2, name=Semialdhyde_dh
19:17:01.802 - INFO - CDS - pfam detected: contig=VFOMMDIS, start=48961, stop=49938, strand=+, pfam-id=PF02774.21, length=191, aa-start=120, aa-stop=299, aa-cov=0.6, hmm-cov=0.9, evalue=2.2e-25, bitscore=82.8, name=Semialdhyde_dhC
19:17:01.807 - INFO - CDS - pfam detected: contig=VFOMMDIS, start=95508, stop=96227, strand=-, pfam-id=PF08501.14, length=82, aa-start=5, aa-stop=83, aa-cov=0.3, hmm-cov=1.0, evalue=6.3e-11, bitscore=35.5, name=Shikimate_dh_N
19:17:01.809 - INFO - CDS - pfam detected: contig=VFOMMDIS, start=43595, stop=44914, strand=+, pfam-id=PF04542.17, length=69, aa-start=211, aa-stop=279, aa-cov=0.2, hmm-cov=1.0, evalue=1.5e-22, bitscore=72.3, name=Sigma70_r2
19:17:01.810 - INFO - CDS - pfam detected: contig=VFOMMDIS, start=43595, stop=44914, strand=+, pfam-id=PF04545.19, length=46, aa-start=377, aa-stop=422, aa-cov=0.1, hmm-cov=0.9, evalue=7.5e-18, bitscore=56.9, name=Sigma70_r4
19:17:01.847 - INFO - CDS - pfam detected: contig=VFOMMDIS, start=77778, stop=78074, strand=+, pfam-id=PF00085.23, length=83, aa-start=9, aa-stop=91, aa-cov=0.8, hmm-cov=1.0, evalue=3.6e-15, bitscore=48.9, name=Thioredoxin
19:17:01.848 - INFO - CDS - pfam detected: contig=VFOMMDIS, start=77778, stop=78074, strand=+, pfam-id=PF13098.9, length=102, aa-start=8, aa-stop=88, aa-cov=0.8, hmm-cov=1.0, evalue=1.3e-08, bitscore=28.2, name=Thioredoxin_2
19:17:01.849 - INFO - CDS - pfam detected: contig=VFOMMDIS, start=73783, stop=75036, strand=-, pfam-id=PF14821.9, length=73, aa-start=2, aa-stop=74, aa-cov=0.2, hmm-cov=1.0, evalue=4.7e-14, bitscore=45.4, name=Thr_synth_N
19:17:01.856 - INFO - CDS - pfam detected: contig=VFOMMDIS, start=42504, stop=43598, strand=+, pfam-id=PF13662.9, length=75, aa-start=166, aa-stop=229, aa-cov=0.2, hmm-cov=1.0, evalue=1.9e-10, bitscore=34.1, name=Toprim_4
19:17:01.867 - INFO - CDS - pfam detected: contig=VFOMMDIS, start=39542, stop=40831, strand=-, pfam-id=PF00749.24, length=303, aa-start=18, aa-stop=307, aa-cov=0.7, hmm-cov=1.0, evalue=6.4e-56, bitscore=182.4, name=tRNA-synt_1c
19:17:01.867 - INFO - CDS - pfam detected: contig=VFOMMDIS, start=22757, stop=23860, strand=-, pfam-id=PF00152.23, length=309, aa-start=94, aa-stop=366, aa-cov=0.7, hmm-cov=1.0, evalue=7.5e-60, bitscore=195.5, name=tRNA-synt_2
19:17:01.868 - INFO - CDS - pfam detected: contig=VFOMMDIS, start=91010, stop=91846, strand=-, pfam-id=PF03054.19, length=201, aa-start=1, aa-stop=169, aa-cov=0.6, hmm-cov=1.0, evalue=5.5e-28, bitscore=91.0, name=tRNA_Me_trans
19:17:01.868 - INFO - CDS - pfam detected: contig=VFOMMDIS, start=91010, stop=91846, strand=-, pfam-id=PF20258.1, length=58, aa-start=224, aa-stop=276, aa-cov=0.2, hmm-cov=1.0, evalue=1.8e-07, bitscore=24.5, name=tRNA_Me_trans_C
19:17:01.895 - INFO - CDS - pfam detected: contig=VFOMMDIS, start=42504, stop=43598, strand=+, pfam-id=PF01807.23, length=36, aa-start=8, aa-stop=41, aa-cov=0.1, hmm-cov=1.0, evalue=9.5e-11, bitscore=34.5, name=zf-CHC2
19:17:01.897 - INFO - CDS - predicted-pfams=87, CDS-w/-pfams=59
19:17:01.950 - INFO - S_ORF - predicted=960
19:17:02.020 - INFO - S_ORF - sORF filter: # valid=21, # discarded=939
19:17:02.053 - INFO - ORF - discarded=0
19:17:02.068 - INFO - UPS - looked-up=0
19:17:02.068 - INFO - IPS - looked-up=0
19:17:02.068 - INFO - ORF - write internal aa seqs: # seqs=21, path=/tmp/tmpz9s3o586/sorf.faa
19:17:02.138 - INFO - S_ORF - found=0
19:17:02.138 - INFO - PSC - looked-up=0
19:17:02.138 - INFO - PSCC - looked-up=0
19:17:02.613 - INFO - ORI - predicted=0
19:17:02.677 - INFO - ORI - predicted=0
19:17:02.678 - INFO - ANNOTATION - overlap: CDS (None/hypothetical protein) [1253, 1624] overlapping tRNA (trnW) [1182, 1253], [1253,1253], contig=VFOMMDIS
19:17:02.678 - INFO - ANNOTATION - overlap: CDS (None/hypothetical protein) [13058, 13450] overlapping tRNA (trnF) [13441, 13513], [13441,13450], contig=VFOMMDIS
19:17:02.678 - INFO - ANNOTATION - overlap: CDS (None/hypothetical protein) [25449, 27269] overlapping tRNA (trnS) [27247, 27330], [27247,27269], contig=VFOMMDIS
19:17:02.678 - INFO - ANNOTATION - overlap: CDS (None/hypothetical protein) [43595, 44914] overlapping tRNA (None) [44905, 45133], [44905,44914], contig=VFOMMDIS
19:17:02.678 - INFO - ANNOTATION - overlap: CDS (None/hypothetical protein) [47927, 48079] overlapping tRNA (trnL) [48045, 48117], [48045,48079], contig=VFOMMDIS
19:17:02.678 - INFO - ANNOTATION - overlap: CDS (None/hypothetical protein) [48201, 48986] overlapping tRNA (trnS) [48191, 48273], [48201,48273], contig=VFOMMDIS
19:17:02.678 - INFO - ANNOTATION - overlap: CDS (None/hypothetical protein) [52591, 53061] overlapping tRNA (trnN) [52526, 52597], [52591,52597], contig=VFOMMDIS
19:17:02.678 - INFO - ANNOTATION - overlap: CDS (None/hypothetical protein) [53223, 53705] overlapping tRNA (trnG) [53166, 53237], [53223,53237], contig=VFOMMDIS
19:17:02.678 - INFO - ANNOTATION - overlap: CDS (clpX/ATP-dependent Clp protease ATP-binding subunit ClpX) [58835, 59923] overlapping tRNA (trnV) [59914, 59985], [59914,59923], contig=VFOMMDIS
19:17:02.678 - INFO - ANNOTATION - overlap: CDS (None/hypothetical protein) [65554, 65820] overlapping tRNA (trnH) [65820, 65890], [65820,65820], contig=VFOMMDIS
19:17:02.678 - INFO - ANNOTATION - overlap: CDS (None/hypothetical protein) [65892, 66689] overlapping tRNA (trnK) [66676, 66747], [66676,66689], contig=VFOMMDIS
19:17:02.678 - INFO - ANNOTATION - overlap: CDS (None/hypothetical protein) [66738, 67079] overlapping tRNA (trnK) [66676, 66747], [66738,66747], contig=VFOMMDIS
19:17:02.678 - INFO - ANNOTATION - overlap: CDS (None/hypothetical protein) [68806, 68934] overlapping tRNA (trnfM) [68928, 68998], [68928,68934], contig=VFOMMDIS
19:17:02.678 - INFO - ANNOTATION - overlap: CDS (None/hypothetical protein) [68963, 69055] overlapping tRNA (trnP) [69032, 69103], [69032,69055], contig=VFOMMDIS
19:17:02.678 - INFO - ANNOTATION - overlap: CDS (None/hypothetical protein) [68963, 69055] overlapping tRNA (trnfM) [68928, 68998], [68963,68998], contig=VFOMMDIS
19:17:02.678 - INFO - ANNOTATION - overlap: CDS (None/hypothetical protein) [99985, 100128] overlapping rRNA (rrl) [99191, 101922], [99985,100128], contig=VFOMMDIS
19:17:02.678 - INFO - ANNOTATION - overlap: CDS (None/hypothetical protein) [100190, 100297] overlapping rRNA (rrl) [99191, 101922], [100190,100297], contig=VFOMMDIS
19:17:02.678 - INFO - ANNOTATION - overlap: CDS (None/Conserved domain protein) [102455, 102589] overlapping rRNA (rrs) [102010, 103502], [102455,102589], contig=VFOMMDIS
19:17:02.678 - INFO - ANNOTATION - overlap: CDS (None/hypothetical protein) [113946, 114935] overlapping tRNA (trnM) [114912, 114983], [114912,114935], contig=VFOMMDIS
19:17:02.678 - INFO - ANNOTATION - overlap: CDS (None/Elongation factor Tu) [1, 1191] overlapping tRNA (trnW) [1182, 1253], [1182,1191], contig=VFOMMDIS
19:17:02.678 - INFO - UTILS - generated sequence tag prefix: prefix=IKCHFJIOFK, length=10, MD5=24C1F328F474B30443BBB3804E4D5DC8
19:17:02.678 - INFO - MAIN - selected features=152
19:17:02.678 - INFO - UTILS - generated sequence tag prefix: prefix=IKCHFJ, length=6, MD5=24C1F328F474B30443BBB3804E4D5DC8
19:17:02.678 - INFO - MAIN - locus tag prefix=IKCHFJ
19:17:02.678 - INFO - UTILS - genome-size=115186
19:17:02.679 - INFO - UTILS - GC=0.183
19:17:02.679 - INFO - UTILS - N=0.000
19:17:02.679 - INFO - UTILS - N50=115186
19:17:02.679 - INFO - UTILS - coding-ratio=0.903
19:17:02.679 - INFO - TSV - write tsv: path=/home/diego/Documents/metagenomes/annotation_symbio_merge/annotation_Beta/genomes/annotation_bakta/bakta_VFOMMDIS/VFOMMDIS.tsv
19:17:02.679 - INFO - GFF - write GFF3: path=/home/diego/Documents/metagenomes/annotation_symbio_merge/annotation_Beta/genomes/annotation_bakta/bakta_VFOMMDIS/VFOMMDIS.gff3
19:17:02.681 - INFO - INSDC - write GenBank: path=/home/diego/Documents/metagenomes/annotation_symbio_merge/annotation_Beta/genomes/annotation_bakta/bakta_VFOMMDIS/VFOMMDIS.gbff
19:17:02.685 - INFO - INSDC - write EMBL: path=/home/diego/Documents/metagenomes/annotation_symbio_merge/annotation_Beta/genomes/annotation_bakta/bakta_VFOMMDIS/VFOMMDIS.embl
19:17:02.691 - INFO - FASTA - write genome sequences: path=/home/diego/Documents/metagenomes/annotation_symbio_merge/annotation_Beta/genomes/annotation_bakta/bakta_VFOMMDIS/VFOMMDIS.fna, description=True, wrap=True
19:17:02.691 - INFO - FASTA - write feature nucleotide sequences: path=/home/diego/Documents/metagenomes/annotation_symbio_merge/annotation_Beta/genomes/annotation_bakta/bakta_VFOMMDIS/VFOMMDIS.ffn
19:17:02.691 - INFO - FASTA - write translated CDS/sORF: path=/home/diego/Documents/metagenomes/annotation_symbio_merge/annotation_Beta/genomes/annotation_bakta/bakta_VFOMMDIS/VFOMMDIS.faa
19:17:02.710 - INFO - PLOT - write circular genome plot: file-name=VFOMMDIS, output-dir=/home/diego/Documents/metagenomes/annotation_symbio_merge/annotation_Beta/genomes/annotation_bakta/bakta_VFOMMDIS
19:17:05.814 - INFO - TSV - write hypothetical tsv: path=/home/diego/Documents/metagenomes/annotation_symbio_merge/annotation_Beta/genomes/annotation_bakta/bakta_VFOMMDIS/VFOMMDIS.hypotheticals.tsv
19:17:05.815 - INFO - FASTA - write translated CDS/sORF: path=/home/diego/Documents/metagenomes/annotation_symbio_merge/annotation_Beta/genomes/annotation_bakta/bakta_VFOMMDIS/VFOMMDIS.hypotheticals.faa
19:17:05.815 - INFO - JSON - write JSON: path=/home/diego/Documents/metagenomes/annotation_symbio_merge/annotation_Beta/genomes/annotation_bakta/bakta_VFOMMDIS/VFOMMDIS.json
19:17:05.819 - INFO - MAIN - removed tmp dir: /tmp/tmpz9s3o586
