[11:30:26] This is prokka 1.13
[11:30:26] Written by Torsten Seemann <torsten.seemann@gmail.com>
[11:30:26] Homepage is https://github.com/tseemann/prokka
[11:30:26] Local time is Fri Dec 15 11:30:26 2023
[11:30:26] You are diego
[11:30:26] Operating system is linux
[11:30:26] You have BioPerl 1.007002
[11:30:26] System has 32 cores.
[11:30:26] Will use maximum of 32 cores.
[11:30:26] Annotating as >>> Bacteria <<<
[11:30:26] Enabling options to ensure Genbank/ENA/DDJB submission compliance.
[11:30:26] Re-using existing --outdir annotation_prokka/prokka_VFTETMAC
[11:30:26] Using filename prefix: prokka_VFTETMAC.XXX
[11:30:26] Setting HMMER_NCPU=1
[11:30:26] Writing log to: annotation_prokka/prokka_VFTETMAC/prokka_VFTETMAC.log
[11:30:26] Command: /home/diego/miniconda3/envs/prokka_env/bin/prokka VFTETMAC.fasta --prefix prokka_VFTETMAC --outdir annotation_prokka/prokka_VFTETMAC --cpus 32 --locustag VFTETMAC --gcode 11 --compliant --force
[11:30:26] Appending to PATH: /home/diego/miniconda3/envs/prokka_env/bin
[11:30:26] Looking for 'aragorn' - found /home/diego/miniconda3/envs/prokka_env/bin/aragorn
[11:30:26] Determined aragorn version is 1.2
[11:30:26] Looking for 'barrnap' - found /home/diego/miniconda3/envs/prokka_env/bin/barrnap
[11:30:26] Determined barrnap version is 0.9
[11:30:26] Looking for 'blastp' - found /home/diego/miniconda3/envs/prokka_env/bin/blastp
[11:30:26] Determined blastp version is 2.14
[11:30:26] Looking for 'cmpress' - found /home/diego/miniconda3/envs/prokka_env/bin/cmpress
[11:30:26] Determined cmpress version is 1.1
[11:30:26] Looking for 'cmscan' - found /home/diego/miniconda3/envs/prokka_env/bin/cmscan
[11:30:26] Determined cmscan version is 1.1
[11:30:26] Looking for 'egrep' - found /usr/bin/egrep
[11:30:26] Looking for 'find' - found /usr/bin/find
[11:30:26] Looking for 'grep' - found /usr/bin/grep
[11:30:26] Looking for 'hmmpress' - found /home/diego/miniconda3/envs/prokka_env/bin/hmmpress
[11:30:26] Determined hmmpress version is 3.3
[11:30:26] Looking for 'hmmscan' - found /home/diego/miniconda3/envs/prokka_env/bin/hmmscan
[11:30:26] Determined hmmscan version is 3.3
[11:30:26] Looking for 'java' - found /home/diego/miniconda3/envs/prokka_env/bin/java
[11:30:26] Looking for 'less' - found /usr/bin/less
[11:30:26] Looking for 'makeblastdb' - found /home/diego/miniconda3/envs/prokka_env/bin/makeblastdb
[11:30:26] Determined makeblastdb version is 2.14
[11:30:26] Looking for 'minced' - found /home/diego/miniconda3/envs/prokka_env/bin/minced
[11:30:27] Determined minced version is 4.2
[11:30:27] Looking for 'parallel' - found /home/diego/miniconda3/envs/prokka_env/bin/parallel
[11:30:27] Determined parallel version is 20160622
[11:30:27] Looking for 'prodigal' - found /home/diego/miniconda3/envs/prokka_env/bin/prodigal
[11:30:27] Determined prodigal version is 2.6
[11:30:27] Looking for 'prokka-genbank_to_fasta_db' - found /home/diego/miniconda3/envs/prokka_env/bin/prokka-genbank_to_fasta_db
[11:30:27] Looking for 'rnammer' - found /home/diego/rnammer-1.2.src/rnammer
[11:30:27] Determined rnammer version is 1.2
[11:30:27] Looking for 'sed' - found /usr/bin/sed
[11:30:27] Looking for 'tbl2asn' - found /home/diego/miniconda3/envs/prokka_env/bin/tbl2asn
[11:30:27] Determined tbl2asn version is 25.8
[11:30:27] Using genetic code table 11.
[11:30:27] Loading and checking input file: VFTETMAC.fasta
[11:30:27] Wrote 1 contigs totalling 102821 bp.
[11:30:27] Predicting tRNAs and tmRNAs
[11:30:27] Running: aragorn -l -gc11  -w annotation_prokka\/prokka_VFTETMAC\/prokka_VFTETMAC\.fna
[11:30:27] 1 tRNA-Trp [1178,1251] 35 (cca)
[11:30:27] 2 tRNA-Phe [14415,14489] 35 (gaa)
[11:30:27] 3 tRNA-Gln [20327,20400] 35 (ttg)
[11:30:27] 4 tRNA-Ser [28556,28639] 35 (gct)
[11:30:27] 5 tRNA-Asn c[46074,46145] 33 (gtt)
[11:30:27] 6 tRNA-Cys c[46252,46324] 33 (gca)
[11:30:27] 7 tRNA-Gly c[46324,46395] 33 (gcc)
[11:30:27] 8 tRNA-Val [49147,49217] 33 (tac)
[11:30:27] 9 tRNA-His [57087,57159] 34 (gtg)
[11:30:27] 10 tRNA-Lys c[57158,57232] 35 (ttt)
[11:30:27] 11 tRNA-Val c[58174,58248] 35 (aac)
[11:30:27] 12 tRNA-Arg c[59306,59380] 35 (tct)
[11:30:27] 13 tRNA-Met c[59500,59573] 34 (cat)
[11:30:27] 14 tRNA-Pro [59615,59686] 33 (tgg)
[11:30:27] 15 tRNA-Asp c[68749,68822] 35 (gtc)
[11:30:27] 16 tRNA-Glu c[68827,68897] 33 (ttc)
[11:30:27] 17 tRNA-Ala c[85964,86035] 33 (tgc)
[11:30:27] 18 tRNA-Ile c[88923,88994] 33 (gat)
[11:30:27] 19 tRNA-Met [102582,102653] 34 (cat)
[11:30:27] 20 tRNA-Tyr [102656,102741] 35 (gta)
[11:30:27] 21 tRNA-Gly [102743,102813] 33 (tcc)
[11:30:27] Found 21 tRNAs
[11:30:27] Predicting Ribosomal RNAs
[11:30:27] Running Barrnap with 32 threads
[11:30:27] 1 gnl|Prokka|VFTETMAC_1 86180 23S ribosomal RNA
[11:30:27] 2 gnl|Prokka|VFTETMAC_1 89010 16S ribosomal RNA
[11:30:27] Found 2 rRNAs
[11:30:27] Skipping ncRNA search, enable with --rfam if desired.
[11:30:27] Total of 23 tRNA + rRNA features
[11:30:27] Searching for CRISPR repeats
[11:30:27] Found 0 CRISPRs
[11:30:27] Predicting coding sequences
[11:30:27] Contigs total 102821 bp, so using single mode
[11:30:27] Running: prodigal -i annotation_prokka\/prokka_VFTETMAC\/prokka_VFTETMAC\.fna -c -m -g 11 -p single -f sco -q
[11:30:28] Excluding CDS which overlaps existing RNA (tRNA) at gnl|Prokka|VFTETMAC_1:1..1188 on + strand
[11:30:28] Excluding CDS which overlaps existing RNA (tRNA) at gnl|Prokka|VFTETMAC_1:14003..14422 on + strand
[11:30:28] Excluding CDS which overlaps existing RNA (tRNA) at gnl|Prokka|VFTETMAC_1:20342..21277 on + strand
[11:30:28] Excluding CDS which overlaps existing RNA (tRNA) at gnl|Prokka|VFTETMAC_1:26443..28557 on + strand
[11:30:28] Excluding CDS which overlaps existing RNA (tRNA) at gnl|Prokka|VFTETMAC_1:28631..28828 on - strand
[11:30:28] Excluding CDS which overlaps existing RNA (tRNA) at gnl|Prokka|VFTETMAC_1:46381..46917 on - strand
[11:30:28] Excluding CDS which overlaps existing RNA (tRNA) at gnl|Prokka|VFTETMAC_1:48005..49156 on + strand
[11:30:28] Excluding CDS which overlaps existing RNA (tRNA) at gnl|Prokka|VFTETMAC_1:57222..57575 on - strand
[11:30:28] Excluding CDS which overlaps existing RNA (tRNA) at gnl|Prokka|VFTETMAC_1:58246..59301 on - strand
[11:30:28] Excluding CDS which overlaps existing RNA (tRNA) at gnl|Prokka|VFTETMAC_1:68540..68767 on + strand
[11:30:28] Excluding CDS which overlaps existing RNA (rRNA) at gnl|Prokka|VFTETMAC_1:86631..86765 on - strand
[11:30:28] Excluding CDS which overlaps existing RNA (rRNA) at gnl|Prokka|VFTETMAC_1:86967..87110 on + strand
[11:30:28] Excluding CDS which overlaps existing RNA (rRNA) at gnl|Prokka|VFTETMAC_1:87977..88270 on + strand
[11:30:28] Excluding CDS which overlaps existing RNA (tRNA) at gnl|Prokka|VFTETMAC_1:101583..102605 on + strand
[11:30:28] Found 112 CDS
[11:30:28] Connecting features back to sequences
[11:30:28] Not using genus-specific database. Try --usegenus to enable it.
[11:30:28] Annotating CDS, please be patient.
[11:30:28] Will use 32 CPUs for similarity searching.
[11:30:28] There are still 112 unannotated CDS left (started with 112)
[11:30:28] Will use blast to search against /home/diego/miniconda3/envs/prokka_env/bin/../db/kingdom/Bacteria/sprot with 32 CPUs
[11:30:28] Running: cat annotation_prokka\/prokka_VFTETMAC\/sprot\.faa | parallel --gnu --plain -j 32 --block 455 --recstart '>' --pipe blastp -query - -db /home/diego/miniconda3/envs/prokka_env/bin/../db/kingdom/Bacteria/sprot -evalue 1e-06 -num_threads 1 -num_descriptions 1 -num_alignments 1 -seg no > annotation_prokka\/prokka_VFTETMAC\/sprot\.blast 2> /dev/null
[11:30:29] Deleting unwanted file: annotation_prokka/prokka_VFTETMAC/sprot.faa
[11:30:29] Deleting unwanted file: annotation_prokka/prokka_VFTETMAC/sprot.blast
[11:30:29] There are still 26 unannotated CDS left (started with 112)
[11:30:29] Will use hmmer3 to search against /home/diego/miniconda3/envs/prokka_env/bin/../db/hmm/HAMAP.hmm with 32 CPUs
[11:30:29] Running: cat annotation_prokka\/prokka_VFTETMAC\/HAMAP\.hmm\.faa | parallel --gnu --plain -j 32 --block 59 --recstart '>' --pipe hmmscan --noali --notextw --acc -E 1e-06 --cpu 1 /home/diego/miniconda3/envs/prokka_env/bin/../db/hmm/HAMAP.hmm /dev/stdin > annotation_prokka\/prokka_VFTETMAC\/HAMAP\.hmm\.hmmer3 2> /dev/null
[11:30:29] Deleting unwanted file: annotation_prokka/prokka_VFTETMAC/HAMAP.hmm.faa
[11:30:29] Deleting unwanted file: annotation_prokka/prokka_VFTETMAC/HAMAP.hmm.hmmer3
[11:30:29] Labelling remaining 20 proteins as 'hypothetical protein'
[11:30:29] Found 91 unique /gene codes.
[11:30:29] Fixed 2 duplicate /gene - hisI_1 hisI_2
[11:30:29] Fixed 1 colliding /gene names.
[11:30:29] Adding /locus_tag identifiers
[11:30:29] Assigned 135 locus_tags to CDS and RNA features.
[11:30:29] Writing outputs to annotation_prokka/prokka_VFTETMAC/
[11:30:29] Generating annotation statistics file
[11:30:29] Generating Genbank and Sequin files
[11:30:29] Running: tbl2asn -V b -a r10k -l paired-ends -M n -N 1 -y 'Annotated using prokka 1.13 from https://github.com/tseemann/prokka' -Z annotation_prokka\/prokka_VFTETMAC\/prokka_VFTETMAC\.err -i annotation_prokka\/prokka_VFTETMAC\/prokka_VFTETMAC\.fsa 2> /dev/null
[11:30:30] Deleting unwanted file: annotation_prokka/prokka_VFTETMAC/errorsummary.val
[11:30:30] Deleting unwanted file: annotation_prokka/prokka_VFTETMAC/prokka_VFTETMAC.dr
[11:30:30] Deleting unwanted file: annotation_prokka/prokka_VFTETMAC/prokka_VFTETMAC.fixedproducts
[11:30:30] Deleting unwanted file: annotation_prokka/prokka_VFTETMAC/prokka_VFTETMAC.ecn
[11:30:30] Deleting unwanted file: annotation_prokka/prokka_VFTETMAC/prokka_VFTETMAC.val
[11:30:30] Repairing broken .GBK output that tbl2asn produces...
[11:30:30] Running: sed 's/COORDINATES: profile/COORDINATES:profile/' < annotation_prokka\/prokka_VFTETMAC\/prokka_VFTETMAC\.gbf > annotation_prokka\/prokka_VFTETMAC\/prokka_VFTETMAC\.gbk
[11:30:30] Deleting unwanted file: annotation_prokka/prokka_VFTETMAC/prokka_VFTETMAC.gbf
[11:30:30] Output files:
[11:30:30] annotation_prokka/prokka_VFTETMAC/prokka_VFTETMAC.fsa
[11:30:30] annotation_prokka/prokka_VFTETMAC/prokka_VFTETMAC.gff
[11:30:30] annotation_prokka/prokka_VFTETMAC/prokka_VFTETMAC.fna
[11:30:30] annotation_prokka/prokka_VFTETMAC/prokka_VFTETMAC.tbl
[11:30:30] annotation_prokka/prokka_VFTETMAC/prokka_VFTETMAC.tsv
[11:30:30] annotation_prokka/prokka_VFTETMAC/prokka_VFTETMAC.ffn
[11:30:30] annotation_prokka/prokka_VFTETMAC/prokka_VFTETMAC.txt
[11:30:30] annotation_prokka/prokka_VFTETMAC/prokka_VFTETMAC.gbk
[11:30:30] annotation_prokka/prokka_VFTETMAC/prokka_VFTETMAC.err
[11:30:30] annotation_prokka/prokka_VFTETMAC/prokka_VFTETMAC.sqn
[11:30:30] annotation_prokka/prokka_VFTETMAC/prokka_VFTETMAC.log
[11:30:30] annotation_prokka/prokka_VFTETMAC/prokka_VFTETMAC.faa
[11:30:30] Annotation finished successfully.
[11:30:30] Walltime used: 0.07 minutes
[11:30:30] If you use this result please cite the Prokka paper:
[11:30:30] Seemann T (2014) Prokka: rapid prokaryotic genome annotation. Bioinformatics. 30(14):2068-9.
[11:30:30] Type 'prokka --citation' for more details.
[11:30:30] Thank you, come again.
