Discrepancy Report Results

Summary
FATAL: MISSING_PROTEIN_ID:125 proteins have invalid IDs.
DISC_SOURCE_QUALS_ASNDISC:strain (all present, all unique)
DISC_SOURCE_QUALS_ASNDISC:taxname (all present, all unique)
DISC_FEATURE_COUNT:CDS: 125 present
DISC_FEATURE_COUNT:tRNA: 26 present
DISC_FEATURE_COUNT:rRNA: 2 present
DISC_FEATURE_COUNT:tmRNA: 1 present
DISC_COUNT_NUCLEOTIDES:1 nucleotide Bioseqs are present
FEATURE_LOCATION_CONFLICT:154 features have inconsistent gene locations.
RNA_CDS_OVERLAP:1 coding regions overlap RNA features
DISC_QUALITY_SCORES:Quality scores are missing on all sequences.
ONCALLER_COMMENT_PRESENT:1 comment descriptors were found (all same)
SHORT_PROT_SEQUENCES:3 protein sequences are shorter than 50 aa.
MISSING_GENOMEASSEMBLY_COMMENTS:1 bioseqs are missing GenomeAssembly structured comments
MOLTYPE_NOT_MRNA:1 molecule types are not set as mRNA.
TECHNIQUE_NOT_TSA:1 technique are not set as TSA
MISSING_STRUCTURED_COMMENT:1 sequences do not include structured comments.
MISSING_PROJECT:126 sequences do not include project.
DISC_INCONSISTENT_MOLINFO_TECH:Molinfo Technique Report (some missing, all same)


Detailed Report

FATAL: DiscRep_ALL:MISSING_PROTEIN_ID::125 proteins have invalid IDs.
prokka_VFPARPLA/VFPARPLA:VFPARPLA_1 (length 305)
prokka_VFPARPLA/VFPARPLA:VFPARPLA_2 (length 137)
prokka_VFPARPLA/VFPARPLA:VFPARPLA_3 (length 204)
prokka_VFPARPLA/VFPARPLA:VFPARPLA_4 (length 150)
prokka_VFPARPLA/VFPARPLA:VFPARPLA_5 (length 117)
prokka_VFPARPLA/VFPARPLA:VFPARPLA_6 (length 1254)
prokka_VFPARPLA/VFPARPLA:VFPARPLA_7 (length 1293)
prokka_VFPARPLA/VFPARPLA:VFPARPLA_8 (length 130)
prokka_VFPARPLA/VFPARPLA:VFPARPLA_9 (length 157)
prokka_VFPARPLA/VFPARPLA:VFPARPLA_10 (length 688)
prokka_VFPARPLA/VFPARPLA:VFPARPLA_11 (length 100)
prokka_VFPARPLA/VFPARPLA:VFPARPLA_12 (length 232)
prokka_VFPARPLA/VFPARPLA:VFPARPLA_13 (length 364)
prokka_VFPARPLA/VFPARPLA:VFPARPLA_14 (length 129)
prokka_VFPARPLA/VFPARPLA:VFPARPLA_15 (length 98)
prokka_VFPARPLA/VFPARPLA:VFPARPLA_16 (length 266)
prokka_VFPARPLA/VFPARPLA:VFPARPLA_17 (length 183)
prokka_VFPARPLA/VFPARPLA:VFPARPLA_18 (length 283)
prokka_VFPARPLA/VFPARPLA:VFPARPLA_19 (length 166)
prokka_VFPARPLA/VFPARPLA:VFPARPLA_20 (length 182)
prokka_VFPARPLA/VFPARPLA:VFPARPLA_21 (length 375)
prokka_VFPARPLA/VFPARPLA:VFPARPLA_22 (length 423)
prokka_VFPARPLA/VFPARPLA:VFPARPLA_23 (length 230)
prokka_VFPARPLA/VFPARPLA:VFPARPLA_24 (length 279)
prokka_VFPARPLA/VFPARPLA:VFPARPLA_25 (length 314)
prokka_VFPARPLA/VFPARPLA:VFPARPLA_26 (length 390)
prokka_VFPARPLA/VFPARPLA:VFPARPLA_27 (length 737)
prokka_VFPARPLA/VFPARPLA:VFPARPLA_28 (length 46)
prokka_VFPARPLA/VFPARPLA:VFPARPLA_29 (length 51)
prokka_VFPARPLA/VFPARPLA:VFPARPLA_30 (length 737)
prokka_VFPARPLA/VFPARPLA:VFPARPLA_31 (length 233)
prokka_VFPARPLA/VFPARPLA:VFPARPLA_32 (length 388)
prokka_VFPARPLA/VFPARPLA:VFPARPLA_33 (length 286)
prokka_VFPARPLA/VFPARPLA:VFPARPLA_34 (length 247)
prokka_VFPARPLA/VFPARPLA:VFPARPLA_35 (length 341)
prokka_VFPARPLA/VFPARPLA:VFPARPLA_36 (length 187)
prokka_VFPARPLA/VFPARPLA:VFPARPLA_37 (length 407)
prokka_VFPARPLA/VFPARPLA:VFPARPLA_38 (length 460)
prokka_VFPARPLA/VFPARPLA:VFPARPLA_39 (length 460)
prokka_VFPARPLA/VFPARPLA:VFPARPLA_40 (length 328)
prokka_VFPARPLA/VFPARPLA:VFPARPLA_41 (length 466)
prokka_VFPARPLA/VFPARPLA:VFPARPLA_42 (length 989)
prokka_VFPARPLA/VFPARPLA:VFPARPLA_43 (length 346)
prokka_VFPARPLA/VFPARPLA:VFPARPLA_44 (length 212)
prokka_VFPARPLA/VFPARPLA:VFPARPLA_45 (length 383)
prokka_VFPARPLA/VFPARPLA:VFPARPLA_46 (length 234)
prokka_VFPARPLA/VFPARPLA:VFPARPLA_47 (length 88)
prokka_VFPARPLA/VFPARPLA:VFPARPLA_48 (length 77)
prokka_VFPARPLA/VFPARPLA:VFPARPLA_49 (length 330)
prokka_VFPARPLA/VFPARPLA:VFPARPLA_50 (length 1033)
prokka_VFPARPLA/VFPARPLA:VFPARPLA_51 (length 184)
prokka_VFPARPLA/VFPARPLA:VFPARPLA_52 (length 187)
prokka_VFPARPLA/VFPARPLA:VFPARPLA_53 (length 388)
prokka_VFPARPLA/VFPARPLA:VFPARPLA_54 (length 248)
prokka_VFPARPLA/VFPARPLA:VFPARPLA_55 (length 199)
prokka_VFPARPLA/VFPARPLA:VFPARPLA_56 (length 421)
prokka_VFPARPLA/VFPARPLA:VFPARPLA_57 (length 332)
prokka_VFPARPLA/VFPARPLA:VFPARPLA_58 (length 194)
prokka_VFPARPLA/VFPARPLA:VFPARPLA_59 (length 194)
prokka_VFPARPLA/VFPARPLA:VFPARPLA_60 (length 232)
prokka_VFPARPLA/VFPARPLA:VFPARPLA_61 (length 247)
prokka_VFPARPLA/VFPARPLA:VFPARPLA_62 (length 101)
prokka_VFPARPLA/VFPARPLA:VFPARPLA_63 (length 95)
prokka_VFPARPLA/VFPARPLA:VFPARPLA_64 (length 51)
prokka_VFPARPLA/VFPARPLA:VFPARPLA_65 (length 90)
prokka_VFPARPLA/VFPARPLA:VFPARPLA_66 (length 164)
prokka_VFPARPLA/VFPARPLA:VFPARPLA_67 (length 338)
prokka_VFPARPLA/VFPARPLA:VFPARPLA_68 (length 345)
prokka_VFPARPLA/VFPARPLA:VFPARPLA_69 (length 258)
prokka_VFPARPLA/VFPARPLA:VFPARPLA_70 (length 359)
prokka_VFPARPLA/VFPARPLA:VFPARPLA_71 (length 453)
prokka_VFPARPLA/VFPARPLA:VFPARPLA_72 (length 396)
prokka_VFPARPLA/VFPARPLA:VFPARPLA_73 (length 428)
prokka_VFPARPLA/VFPARPLA:VFPARPLA_74 (length 57)
prokka_VFPARPLA/VFPARPLA:VFPARPLA_75 (length 100)
prokka_VFPARPLA/VFPARPLA:VFPARPLA_76 (length 408)
prokka_VFPARPLA/VFPARPLA:VFPARPLA_77 (length 608)
prokka_VFPARPLA/VFPARPLA:VFPARPLA_78 (length 86)
prokka_VFPARPLA/VFPARPLA:VFPARPLA_79 (length 532)
prokka_VFPARPLA/VFPARPLA:VFPARPLA_80 (length 427)
prokka_VFPARPLA/VFPARPLA:VFPARPLA_81 (length 352)
prokka_VFPARPLA/VFPARPLA:VFPARPLA_82 (length 361)
prokka_VFPARPLA/VFPARPLA:VFPARPLA_83 (length 214)
prokka_VFPARPLA/VFPARPLA:VFPARPLA_84 (length 337)
prokka_VFPARPLA/VFPARPLA:VFPARPLA_85 (length 602)
prokka_VFPARPLA/VFPARPLA:VFPARPLA_86 (length 142)
prokka_VFPARPLA/VFPARPLA:VFPARPLA_87 (length 325)
prokka_VFPARPLA/VFPARPLA:VFPARPLA_88 (length 333)
prokka_VFPARPLA/VFPARPLA:VFPARPLA_89 (length 167)
prokka_VFPARPLA/VFPARPLA:VFPARPLA_90 (length 732)
prokka_VFPARPLA/VFPARPLA:VFPARPLA_91 (length 219)
prokka_VFPARPLA/VFPARPLA:VFPARPLA_92 (length 406)
prokka_VFPARPLA/VFPARPLA:VFPARPLA_93 (length 246)
prokka_VFPARPLA/VFPARPLA:VFPARPLA_94 (length 146)
prokka_VFPARPLA/VFPARPLA:VFPARPLA_95 (length 78)
prokka_VFPARPLA/VFPARPLA:VFPARPLA_96 (length 101)
prokka_VFPARPLA/VFPARPLA:VFPARPLA_97 (length 257)
prokka_VFPARPLA/VFPARPLA:VFPARPLA_98 (length 413)
prokka_VFPARPLA/VFPARPLA:VFPARPLA_99 (length 191)
prokka_VFPARPLA/VFPARPLA:VFPARPLA_100 (length 202)
prokka_VFPARPLA/VFPARPLA:VFPARPLA_101 (length 69)
prokka_VFPARPLA/VFPARPLA:VFPARPLA_102 (length 268)
prokka_VFPARPLA/VFPARPLA:VFPARPLA_103 (length 82)
prokka_VFPARPLA/VFPARPLA:VFPARPLA_104 (length 105)
prokka_VFPARPLA/VFPARPLA:VFPARPLA_105 (length 197)
prokka_VFPARPLA/VFPARPLA:VFPARPLA_106 (length 133)
prokka_VFPARPLA/VFPARPLA:VFPARPLA_107 (length 76)
prokka_VFPARPLA/VFPARPLA:VFPARPLA_108 (length 121)
prokka_VFPARPLA/VFPARPLA:VFPARPLA_109 (length 177)
prokka_VFPARPLA/VFPARPLA:VFPARPLA_110 (length 92)
prokka_VFPARPLA/VFPARPLA:VFPARPLA_111 (length 127)
prokka_VFPARPLA/VFPARPLA:VFPARPLA_112 (length 176)
prokka_VFPARPLA/VFPARPLA:VFPARPLA_113 (length 110)
prokka_VFPARPLA/VFPARPLA:VFPARPLA_114 (length 145)
prokka_VFPARPLA/VFPARPLA:VFPARPLA_115 (length 115)
prokka_VFPARPLA/VFPARPLA:VFPARPLA_116 (length 73)
prokka_VFPARPLA/VFPARPLA:VFPARPLA_117 (length 37)
prokka_VFPARPLA/VFPARPLA:VFPARPLA_118 (length 112)
prokka_VFPARPLA/VFPARPLA:VFPARPLA_119 (length 115)
prokka_VFPARPLA/VFPARPLA:VFPARPLA_120 (length 176)
prokka_VFPARPLA/VFPARPLA:VFPARPLA_121 (length 286)
prokka_VFPARPLA/VFPARPLA:VFPARPLA_122 (length 116)
prokka_VFPARPLA/VFPARPLA:VFPARPLA_123 (length 45)
prokka_VFPARPLA/VFPARPLA:VFPARPLA_124 (length 368)
prokka_VFPARPLA/VFPARPLA:VFPARPLA_125 (length 117)

DiscRep_ALL:DISC_SOURCE_QUALS_ASNDISC::strain (all present, all unique)
DiscRep_SUB:DISC_SOURCE_QUALS_ASNDISC::1 sources have unique values for strain
DiscRep_ALL:DISC_SOURCE_QUALS_ASNDISC::taxname (all present, all unique)
DiscRep_SUB:DISC_SOURCE_QUALS_ASNDISC::1 sources have unique values for taxname
DiscRep_ALL:DISC_FEATURE_COUNT::CDS: 125 present
DiscRep_ALL:DISC_FEATURE_COUNT::tRNA: 26 present
DiscRep_ALL:DISC_FEATURE_COUNT::rRNA: 2 present
DiscRep_ALL:DISC_FEATURE_COUNT::tmRNA: 1 present
DiscRep_ALL:DISC_COUNT_NUCLEOTIDES::1 nucleotide Bioseqs are present
prokka_VFPARPLA/VFPARPLA:VFPARPLA (length 124995)

DiscRep_ALL:FEATURE_LOCATION_CONFLICT::154 features have inconsistent gene locations.
DiscRep_SUB:FEATURE_LOCATION_CONFLICT::Coding region xref gene does not exist
prokka_VFPARPLA/VFPARPLA:CDS	Elongation factor Tu	VFPARPLA:270-1187	VFPARPLA_00001

DiscRep_SUB:FEATURE_LOCATION_CONFLICT::Coding region xref gene does not exist
prokka_VFPARPLA/VFPARPLA:CDS	50S ribosomal protein L11	VFPARPLA:1268-1681	VFPARPLA_00002

DiscRep_SUB:FEATURE_LOCATION_CONFLICT::Coding region xref gene does not exist
prokka_VFPARPLA/VFPARPLA:CDS	hypothetical protein	VFPARPLA:1684-2298	VFPARPLA_00003

DiscRep_SUB:FEATURE_LOCATION_CONFLICT::Coding region xref gene does not exist
prokka_VFPARPLA/VFPARPLA:CDS	hypothetical protein	VFPARPLA:2288-2740	VFPARPLA_00004

DiscRep_SUB:FEATURE_LOCATION_CONFLICT::Coding region xref gene does not exist
prokka_VFPARPLA/VFPARPLA:CDS	50S ribosomal protein L7/L12	VFPARPLA:2718-3071	VFPARPLA_00005

DiscRep_SUB:FEATURE_LOCATION_CONFLICT::Coding region xref gene does not exist
prokka_VFPARPLA/VFPARPLA:CDS	DNA-directed RNA polymerase subunit beta	VFPARPLA:3080-6844	VFPARPLA_00006

DiscRep_SUB:FEATURE_LOCATION_CONFLICT::Coding region xref gene does not exist
prokka_VFPARPLA/VFPARPLA:CDS	DNA-directed RNA polymerase subunit beta'	VFPARPLA:6841-10722	VFPARPLA_00007

DiscRep_SUB:FEATURE_LOCATION_CONFLICT::Coding region xref gene does not exist
prokka_VFPARPLA/VFPARPLA:CDS	30S ribosomal protein S12	VFPARPLA:10719-11111	VFPARPLA_00008

DiscRep_SUB:FEATURE_LOCATION_CONFLICT::Coding region xref gene does not exist
prokka_VFPARPLA/VFPARPLA:CDS	30S ribosomal protein S7	VFPARPLA:11086-11559	VFPARPLA_00009

DiscRep_SUB:FEATURE_LOCATION_CONFLICT::Coding region xref gene does not exist
prokka_VFPARPLA/VFPARPLA:CDS	Elongation factor G	VFPARPLA:11559-13625	VFPARPLA_00010

DiscRep_SUB:FEATURE_LOCATION_CONFLICT::Coding region xref gene does not exist
prokka_VFPARPLA/VFPARPLA:CDS	hypothetical protein	VFPARPLA:13622-13924	VFPARPLA_00011

DiscRep_SUB:FEATURE_LOCATION_CONFLICT::Coding region xref gene does not exist
prokka_VFPARPLA/VFPARPLA:CDS	Ribosomal RNA small subunit methyltransferase A	VFPARPLA:c15472-14774	VFPARPLA_00013

DiscRep_SUB:FEATURE_LOCATION_CONFLICT::Coding region xref gene does not exist
prokka_VFPARPLA/VFPARPLA:CDS	hypothetical protein	VFPARPLA:c16556-15462	VFPARPLA_00014

DiscRep_SUB:FEATURE_LOCATION_CONFLICT::Coding region xref gene does not exist
prokka_VFPARPLA/VFPARPLA:CDS	30S ribosomal protein S9	VFPARPLA:c16942-16553	VFPARPLA_00015

DiscRep_SUB:FEATURE_LOCATION_CONFLICT::Coding region xref gene does not exist
prokka_VFPARPLA/VFPARPLA:CDS	50S ribosomal protein L13	VFPARPLA:c17238-16942	VFPARPLA_00016

DiscRep_SUB:FEATURE_LOCATION_CONFLICT::Coding region xref gene does not exist
prokka_VFPARPLA/VFPARPLA:CDS	Diaminopimelate epimerase	VFPARPLA:c18035-17235	VFPARPLA_00017

DiscRep_SUB:FEATURE_LOCATION_CONFLICT::Coding region xref gene does not exist
prokka_VFPARPLA/VFPARPLA:CDS	hypothetical protein	VFPARPLA:c18580-18029	VFPARPLA_00018

DiscRep_SUB:FEATURE_LOCATION_CONFLICT::Coding region xref gene does not exist
prokka_VFPARPLA/VFPARPLA:CDS	Ribose-phosphate pyrophosphokinase	VFPARPLA:18958-19809	VFPARPLA_00020

DiscRep_SUB:FEATURE_LOCATION_CONFLICT::Coding region xref gene does not exist
prokka_VFPARPLA/VFPARPLA:CDS	hypothetical protein	VFPARPLA:19809-20309	VFPARPLA_00021

DiscRep_SUB:FEATURE_LOCATION_CONFLICT::Coding region xref gene does not exist
prokka_VFPARPLA/VFPARPLA:CDS	Ribosomal RNA small subunit methyltransferase D	VFPARPLA:c20854-20306	VFPARPLA_00022

DiscRep_SUB:FEATURE_LOCATION_CONFLICT::Coding region xref gene does not exist
prokka_VFPARPLA/VFPARPLA:CDS	Cysteine desulfurase IscS	VFPARPLA:21181-22308	VFPARPLA_00023

DiscRep_SUB:FEATURE_LOCATION_CONFLICT::Coding region xref gene does not exist
prokka_VFPARPLA/VFPARPLA:CDS	Lysine--tRNA ligase	VFPARPLA:c23576-22305	VFPARPLA_00024

DiscRep_SUB:FEATURE_LOCATION_CONFLICT::Coding region xref gene does not exist
prokka_VFPARPLA/VFPARPLA:CDS	Peptide chain release factor RF2	VFPARPLA:c24265-23573	VFPARPLA_00025

DiscRep_SUB:FEATURE_LOCATION_CONFLICT::Coding region xref gene does not exist
prokka_VFPARPLA/VFPARPLA:CDS	4-hydroxy-tetrahydrodipicolinate synthase	VFPARPLA:c25119-24280	VFPARPLA_00026

DiscRep_SUB:FEATURE_LOCATION_CONFLICT::Coding region xref gene does not exist
prokka_VFPARPLA/VFPARPLA:CDS	tRNA(Ile)-lysidine synthase	VFPARPLA:25161-26105	VFPARPLA_00027

DiscRep_SUB:FEATURE_LOCATION_CONFLICT::Coding region xref gene does not exist
prokka_VFPARPLA/VFPARPLA:CDS	Aspartate kinase	VFPARPLA:26086-27258	VFPARPLA_00028

DiscRep_SUB:FEATURE_LOCATION_CONFLICT::Coding region xref gene does not exist
prokka_VFPARPLA/VFPARPLA:CDS	hypothetical protein	VFPARPLA:c29804-27591	VFPARPLA_00030

DiscRep_SUB:FEATURE_LOCATION_CONFLICT::Coding region xref gene does not exist
prokka_VFPARPLA/VFPARPLA:CDS	hypothetical protein	VFPARPLA:c29951-29811	VFPARPLA_00031

DiscRep_SUB:FEATURE_LOCATION_CONFLICT::Coding region xref gene does not exist
prokka_VFPARPLA/VFPARPLA:CDS	hypothetical protein	VFPARPLA:c30103-29948	VFPARPLA_00032

DiscRep_SUB:FEATURE_LOCATION_CONFLICT::Coding region xref gene does not exist
prokka_VFPARPLA/VFPARPLA:CDS	5-methyltetrahydropteroyltriglutamate--homocysteine methyltransferase	VFPARPLA:30110-32323	VFPARPLA_00033

DiscRep_SUB:FEATURE_LOCATION_CONFLICT::Coding region xref gene does not exist
prokka_VFPARPLA/VFPARPLA:CDS	hypothetical protein	VFPARPLA:32565-33266	VFPARPLA_00035

DiscRep_SUB:FEATURE_LOCATION_CONFLICT::Coding region xref gene does not exist
prokka_VFPARPLA/VFPARPLA:CDS	Cystathionine beta-lyase	VFPARPLA:33268-34434	VFPARPLA_00036

DiscRep_SUB:FEATURE_LOCATION_CONFLICT::Coding region xref gene does not exist
prokka_VFPARPLA/VFPARPLA:CDS	Peptide chain release factor 1	VFPARPLA:c35284-34424	VFPARPLA_00037

DiscRep_SUB:FEATURE_LOCATION_CONFLICT::Coding region xref gene does not exist
prokka_VFPARPLA/VFPARPLA:CDS	Indole-3-glycerol phosphate synthase	VFPARPLA:c36024-35281	VFPARPLA_00038

DiscRep_SUB:FEATURE_LOCATION_CONFLICT::Coding region xref gene does not exist
prokka_VFPARPLA/VFPARPLA:CDS	Anthranilate phosphoribosyltransferase	VFPARPLA:c37037-36012	VFPARPLA_00039

DiscRep_SUB:FEATURE_LOCATION_CONFLICT::Coding region xref gene does not exist
prokka_VFPARPLA/VFPARPLA:CDS	Anthranilate synthase component 2	VFPARPLA:c37587-37024	VFPARPLA_00040

DiscRep_SUB:FEATURE_LOCATION_CONFLICT::Coding region xref gene does not exist
prokka_VFPARPLA/VFPARPLA:CDS	Isochorismate synthase MenF	VFPARPLA:c38807-37584	VFPARPLA_00041

DiscRep_SUB:FEATURE_LOCATION_CONFLICT::Coding region xref gene does not exist
prokka_VFPARPLA/VFPARPLA:CDS	Argininosuccinate lyase	VFPARPLA:c40186-38804	VFPARPLA_00042

DiscRep_SUB:FEATURE_LOCATION_CONFLICT::Coding region xref gene does not exist
prokka_VFPARPLA/VFPARPLA:CDS	hypothetical protein	VFPARPLA:c42740-41358	VFPARPLA_00043

DiscRep_SUB:FEATURE_LOCATION_CONFLICT::Coding region xref gene does not exist
prokka_VFPARPLA/VFPARPLA:CDS	Homoserine kinase	VFPARPLA:c43707-42721	VFPARPLA_00044

DiscRep_SUB:FEATURE_LOCATION_CONFLICT::Coding region xref gene does not exist
prokka_VFPARPLA/VFPARPLA:CDS	RNA polymerase sigma factor RpoD	VFPARPLA:45291-46691	VFPARPLA_00045

DiscRep_SUB:FEATURE_LOCATION_CONFLICT::Coding region xref gene does not exist
prokka_VFPARPLA/VFPARPLA:CDS	DNA polymerase III subunit alpha	VFPARPLA:46931-49900	VFPARPLA_00046

DiscRep_SUB:FEATURE_LOCATION_CONFLICT::Coding region xref gene does not exist
prokka_VFPARPLA/VFPARPLA:CDS	Aspartate-semialdehyde dehydrogenase	VFPARPLA:51071-52111	VFPARPLA_00050

DiscRep_SUB:FEATURE_LOCATION_CONFLICT::Coding region xref gene does not exist
prokka_VFPARPLA/VFPARPLA:CDS	N-(5'-phosphoribosyl)anthranilate isomerase	VFPARPLA:52089-52727	VFPARPLA_00051

DiscRep_SUB:FEATURE_LOCATION_CONFLICT::Coding region xref gene does not exist
prokka_VFPARPLA/VFPARPLA:CDS	Tryptophan synthase beta chain	VFPARPLA:52702-53853	VFPARPLA_00052

DiscRep_SUB:FEATURE_LOCATION_CONFLICT::Coding region xref gene does not exist
prokka_VFPARPLA/VFPARPLA:CDS	Tryptophan synthase alpha chain	VFPARPLA:53916-54620	VFPARPLA_00053

DiscRep_SUB:FEATURE_LOCATION_CONFLICT::Coding region xref gene does not exist
prokka_VFPARPLA/VFPARPLA:CDS	hypothetical protein	VFPARPLA:54589-54855	VFPARPLA_00054

DiscRep_SUB:FEATURE_LOCATION_CONFLICT::Coding region xref gene does not exist
prokka_VFPARPLA/VFPARPLA:CDS	hypothetical protein	VFPARPLA:54833-55066	VFPARPLA_00055

DiscRep_SUB:FEATURE_LOCATION_CONFLICT::Coding region xref gene does not exist
prokka_VFPARPLA/VFPARPLA:CDS	Carbamoyl-phosphate synthase small chain	VFPARPLA:56547-57539	VFPARPLA_00059

DiscRep_SUB:FEATURE_LOCATION_CONFLICT::Coding region xref gene does not exist
prokka_VFPARPLA/VFPARPLA:CDS	Carbamoyl-phosphate synthase large chain	VFPARPLA:57521-60622	VFPARPLA_00060

DiscRep_SUB:FEATURE_LOCATION_CONFLICT::Coding region xref gene does not exist
prokka_VFPARPLA/VFPARPLA:CDS	Ribosomal RNA large subunit methyltransferase E	VFPARPLA:60606-61160	VFPARPLA_00061

DiscRep_SUB:FEATURE_LOCATION_CONFLICT::Coding region xref gene does not exist
prokka_VFPARPLA/VFPARPLA:CDS	ATP-dependent Clp protease proteolytic subunit	VFPARPLA:61170-61733	VFPARPLA_00062

DiscRep_SUB:FEATURE_LOCATION_CONFLICT::Coding region xref gene does not exist
prokka_VFPARPLA/VFPARPLA:CDS	ATP-dependent Clp protease ATP-binding subunit ClpX	VFPARPLA:61734-62900	VFPARPLA_00063

DiscRep_SUB:FEATURE_LOCATION_CONFLICT::Coding region xref gene does not exist
prokka_VFPARPLA/VFPARPLA:CDS	hypothetical protein	VFPARPLA:62997-63743	VFPARPLA_00065

DiscRep_SUB:FEATURE_LOCATION_CONFLICT::Coding region xref gene does not exist
prokka_VFPARPLA/VFPARPLA:CDS	ATP phosphoribosyltransferase	VFPARPLA:65009-65608	VFPARPLA_00068

DiscRep_SUB:FEATURE_LOCATION_CONFLICT::Coding region xref gene does not exist
prokka_VFPARPLA/VFPARPLA:CDS	Histidinol dehydrogenase	VFPARPLA:65586-66851	VFPARPLA_00069

DiscRep_SUB:FEATURE_LOCATION_CONFLICT::Coding region xref gene does not exist
prokka_VFPARPLA/VFPARPLA:CDS	Histidinol-phosphate aminotransferase 2	VFPARPLA:66845-67843	VFPARPLA_00070

DiscRep_SUB:FEATURE_LOCATION_CONFLICT::Coding region xref gene does not exist
prokka_VFPARPLA/VFPARPLA:CDS	Imidazoleglycerol-phosphate dehydratase	VFPARPLA:67806-68390	VFPARPLA_00071

DiscRep_SUB:FEATURE_LOCATION_CONFLICT::Coding region xref gene does not exist
prokka_VFPARPLA/VFPARPLA:CDS	Imidazole glycerol phosphate synthase subunit HisH	VFPARPLA:68381-68965	VFPARPLA_00072

DiscRep_SUB:FEATURE_LOCATION_CONFLICT::Coding region xref gene does not exist
prokka_VFPARPLA/VFPARPLA:CDS	1-(5-phosphoribosyl)-5-[(5-phosphoribosylamino)methylideneamino] imidazole-4-carboxamide isomerase	VFPARPLA:68959-69657	VFPARPLA_00073

DiscRep_SUB:FEATURE_LOCATION_CONFLICT::Coding region xref gene does not exist
prokka_VFPARPLA/VFPARPLA:CDS	Imidazole glycerol phosphate synthase subunit HisF	VFPARPLA:69647-70390	VFPARPLA_00074

DiscRep_SUB:FEATURE_LOCATION_CONFLICT::Coding region xref gene does not exist
prokka_VFPARPLA/VFPARPLA:CDS	Phosphoribosyl-AMP cyclohydrolase	VFPARPLA:70377-70682	VFPARPLA_00075

DiscRep_SUB:FEATURE_LOCATION_CONFLICT::Coding region xref gene does not exist
prokka_VFPARPLA/VFPARPLA:CDS	Phosphoribosyl-ATP pyrophosphatase	VFPARPLA:70676-70963	VFPARPLA_00076

DiscRep_SUB:FEATURE_LOCATION_CONFLICT::Coding region xref gene does not exist
prokka_VFPARPLA/VFPARPLA:CDS	hypothetical protein	VFPARPLA:c72541-72386	VFPARPLA_00080

DiscRep_SUB:FEATURE_LOCATION_CONFLICT::Coding region xref gene does not exist
prokka_VFPARPLA/VFPARPLA:CDS	hypothetical protein	VFPARPLA:c72810-72538	VFPARPLA_00081

DiscRep_SUB:FEATURE_LOCATION_CONFLICT::Coding region xref gene does not exist
prokka_VFPARPLA/VFPARPLA:CDS	hypothetical protein	VFPARPLA:c75123-74629	VFPARPLA_00086

DiscRep_SUB:FEATURE_LOCATION_CONFLICT::Coding region xref gene does not exist
prokka_VFPARPLA/VFPARPLA:CDS	hypothetical protein	VFPARPLA:c76136-75120	VFPARPLA_00087

DiscRep_SUB:FEATURE_LOCATION_CONFLICT::Coding region xref gene does not exist
prokka_VFPARPLA/VFPARPLA:CDS	Histidinol-phosphate aminotransferase	VFPARPLA:76137-77174	VFPARPLA_00088

DiscRep_SUB:FEATURE_LOCATION_CONFLICT::Coding region xref gene does not exist
prokka_VFPARPLA/VFPARPLA:CDS	2,3,4,5-tetrahydropyridine-2,6-dicarboxylate N-succinyltransferase	VFPARPLA:77161-77937	VFPARPLA_00089

DiscRep_SUB:FEATURE_LOCATION_CONFLICT::Coding region xref gene does not exist
prokka_VFPARPLA/VFPARPLA:CDS	Succinyl-diaminopimelate desuccinylase	VFPARPLA:77934-79013	VFPARPLA_00090

DiscRep_SUB:FEATURE_LOCATION_CONFLICT::Coding region xref gene does not exist
prokka_VFPARPLA/VFPARPLA:CDS	Threonine synthase	VFPARPLA:c80522-79161	VFPARPLA_00091

DiscRep_SUB:FEATURE_LOCATION_CONFLICT::Coding region xref gene does not exist
prokka_VFPARPLA/VFPARPLA:CDS	hypothetical protein	VFPARPLA:c81709-80519	VFPARPLA_00092

DiscRep_SUB:FEATURE_LOCATION_CONFLICT::Coding region xref gene does not exist
prokka_VFPARPLA/VFPARPLA:CDS	Replicative DNA helicase	VFPARPLA:c82988-81702	VFPARPLA_00093

DiscRep_SUB:FEATURE_LOCATION_CONFLICT::Coding region xref gene does not exist
prokka_VFPARPLA/VFPARPLA:CDS	30S ribosomal protein S18	VFPARPLA:c83158-82985	VFPARPLA_00094

DiscRep_SUB:FEATURE_LOCATION_CONFLICT::Coding region xref gene does not exist
prokka_VFPARPLA/VFPARPLA:CDS	hypothetical protein	VFPARPLA:c83462-83160	VFPARPLA_00095

DiscRep_SUB:FEATURE_LOCATION_CONFLICT::Coding region xref gene does not exist
prokka_VFPARPLA/VFPARPLA:CDS	tRNA modification GTPase MnmE	VFPARPLA:85126-86352	VFPARPLA_00098

DiscRep_SUB:FEATURE_LOCATION_CONFLICT::Coding region xref gene does not exist
prokka_VFPARPLA/VFPARPLA:CDS	tRNA uridine 5-carboxymethylaminomethyl modification enzyme MnmG	VFPARPLA:86349-88175	VFPARPLA_00099

DiscRep_SUB:FEATURE_LOCATION_CONFLICT::Coding region xref gene does not exist
prokka_VFPARPLA/VFPARPLA:CDS	hypothetical protein	VFPARPLA:88207-88467	VFPARPLA_00100

DiscRep_SUB:FEATURE_LOCATION_CONFLICT::Coding region xref gene does not exist
prokka_VFPARPLA/VFPARPLA:CDS	60 kDa chaperonin 5	VFPARPLA:88467-90065	VFPARPLA_00101

DiscRep_SUB:FEATURE_LOCATION_CONFLICT::Coding region xref gene does not exist
prokka_VFPARPLA/VFPARPLA:CDS	3-phosphoshikimate 1-carboxyvinyltransferase	VFPARPLA:90130-91413	VFPARPLA_00102

DiscRep_SUB:FEATURE_LOCATION_CONFLICT::Coding region xref gene does not exist
prokka_VFPARPLA/VFPARPLA:CDS	hypothetical protein	VFPARPLA:91394-92452	VFPARPLA_00103

DiscRep_SUB:FEATURE_LOCATION_CONFLICT::Coding region xref gene does not exist
prokka_VFPARPLA/VFPARPLA:CDS	hypothetical protein	VFPARPLA:c93529-92444	VFPARPLA_00104

DiscRep_SUB:FEATURE_LOCATION_CONFLICT::Coding region xref gene does not exist
prokka_VFPARPLA/VFPARPLA:CDS	hypothetical protein	VFPARPLA:93551-94195	VFPARPLA_00105

DiscRep_SUB:FEATURE_LOCATION_CONFLICT::Coding region xref gene does not exist
prokka_VFPARPLA/VFPARPLA:CDS	Chaperone protein DnaJ	VFPARPLA:c95183-94170	VFPARPLA_00106

DiscRep_SUB:FEATURE_LOCATION_CONFLICT::Coding region xref gene does not exist
prokka_VFPARPLA/VFPARPLA:CDS	Chaperone protein DnaK	VFPARPLA:c97007-95199	VFPARPLA_00107

DiscRep_SUB:FEATURE_LOCATION_CONFLICT::Coding region xref gene does not exist
prokka_VFPARPLA/VFPARPLA:CDS	Protein GrpE	VFPARPLA:c97435-97007	VFPARPLA_00108

DiscRep_SUB:FEATURE_LOCATION_CONFLICT::Coding region xref gene does not exist
prokka_VFPARPLA/VFPARPLA:CDS	Phospho-2-dehydro-3-deoxyheptonate aldolase, Phe-sensitive	VFPARPLA:97492-98469	VFPARPLA_00109

DiscRep_SUB:FEATURE_LOCATION_CONFLICT::Coding region xref gene does not exist
prokka_VFPARPLA/VFPARPLA:CDS	tRNA-specific 2-thiouridylase MnmA	VFPARPLA:c99463-98462	VFPARPLA_00110

DiscRep_SUB:FEATURE_LOCATION_CONFLICT::Coding region xref gene does not exist
prokka_VFPARPLA/VFPARPLA:CDS	hypothetical protein	VFPARPLA:c99959-99456	VFPARPLA_00111

DiscRep_SUB:FEATURE_LOCATION_CONFLICT::Coding region xref gene does not exist
prokka_VFPARPLA/VFPARPLA:CDS	Leucine--tRNA ligase	VFPARPLA:c102147-99949	VFPARPLA_00112

DiscRep_SUB:FEATURE_LOCATION_CONFLICT::Coding region xref gene does not exist
prokka_VFPARPLA/VFPARPLA:CDS	4-hydroxy-tetrahydrodipicolinate reductase	VFPARPLA:c102793-102134	VFPARPLA_00113

DiscRep_SUB:FEATURE_LOCATION_CONFLICT::Coding region xref gene does not exist
prokka_VFPARPLA/VFPARPLA:CDS	NADP-dependent malic enzyme	VFPARPLA:c104000-102780	VFPARPLA_00114

DiscRep_SUB:FEATURE_LOCATION_CONFLICT::Coding region xref gene does not exist
prokka_VFPARPLA/VFPARPLA:CDS	Shikimate dehydrogenase (NADP(+))	VFPARPLA:c104712-103972	VFPARPLA_00115

DiscRep_SUB:FEATURE_LOCATION_CONFLICT::Coding region xref gene does not exist
prokka_VFPARPLA/VFPARPLA:CDS	3-dehydroquinate dehydratase	VFPARPLA:104714-105154	VFPARPLA_00116

DiscRep_SUB:FEATURE_LOCATION_CONFLICT::Coding region xref gene does not exist
prokka_VFPARPLA/VFPARPLA:CDS	50S ribosomal protein L27	VFPARPLA:c105373-105137	VFPARPLA_00117

DiscRep_SUB:FEATURE_LOCATION_CONFLICT::Coding region xref gene does not exist
prokka_VFPARPLA/VFPARPLA:CDS	hypothetical protein	VFPARPLA:c105671-105366	VFPARPLA_00118

DiscRep_SUB:FEATURE_LOCATION_CONFLICT::Coding region xref gene does not exist
prokka_VFPARPLA/VFPARPLA:CDS	hypothetical protein	VFPARPLA:c106441-105668	VFPARPLA_00119

DiscRep_SUB:FEATURE_LOCATION_CONFLICT::Coding region xref gene does not exist
prokka_VFPARPLA/VFPARPLA:CDS	Argininosuccinate synthase	VFPARPLA:106523-107764	VFPARPLA_00121

DiscRep_SUB:FEATURE_LOCATION_CONFLICT::Coding region xref gene does not exist
prokka_VFPARPLA/VFPARPLA:CDS	hypothetical protein	VFPARPLA:112264-112839	VFPARPLA_00125

DiscRep_SUB:FEATURE_LOCATION_CONFLICT::Coding region xref gene does not exist
prokka_VFPARPLA/VFPARPLA:CDS	hypothetical protein	VFPARPLA:112836-113444	VFPARPLA_00126

DiscRep_SUB:FEATURE_LOCATION_CONFLICT::Coding region xref gene does not exist
prokka_VFPARPLA/VFPARPLA:CDS	hypothetical protein	VFPARPLA:113425-113634	VFPARPLA_00127

DiscRep_SUB:FEATURE_LOCATION_CONFLICT::Coding region xref gene does not exist
prokka_VFPARPLA/VFPARPLA:CDS	50S ribosomal protein L2	VFPARPLA:113621-114427	VFPARPLA_00128

DiscRep_SUB:FEATURE_LOCATION_CONFLICT::Coding region xref gene does not exist
prokka_VFPARPLA/VFPARPLA:CDS	30S ribosomal protein S19	VFPARPLA:114424-114672	VFPARPLA_00129

DiscRep_SUB:FEATURE_LOCATION_CONFLICT::Coding region xref gene does not exist
prokka_VFPARPLA/VFPARPLA:CDS	hypothetical protein	VFPARPLA:114676-114993	VFPARPLA_00130

DiscRep_SUB:FEATURE_LOCATION_CONFLICT::Coding region xref gene does not exist
prokka_VFPARPLA/VFPARPLA:CDS	30S ribosomal protein S3	VFPARPLA:114994-115587	VFPARPLA_00131

DiscRep_SUB:FEATURE_LOCATION_CONFLICT::Coding region xref gene does not exist
prokka_VFPARPLA/VFPARPLA:CDS	50S ribosomal protein L16	VFPARPLA:115587-115988	VFPARPLA_00132

DiscRep_SUB:FEATURE_LOCATION_CONFLICT::Coding region xref gene does not exist
prokka_VFPARPLA/VFPARPLA:CDS	hypothetical protein	VFPARPLA:115981-116211	VFPARPLA_00133

DiscRep_SUB:FEATURE_LOCATION_CONFLICT::Coding region xref gene does not exist
prokka_VFPARPLA/VFPARPLA:CDS	50S ribosomal protein L14	VFPARPLA:116208-116573	VFPARPLA_00134

DiscRep_SUB:FEATURE_LOCATION_CONFLICT::Coding region xref gene does not exist
prokka_VFPARPLA/VFPARPLA:CDS	50S ribosomal protein L5	VFPARPLA:116570-117103	VFPARPLA_00135

DiscRep_SUB:FEATURE_LOCATION_CONFLICT::Coding region xref gene does not exist
prokka_VFPARPLA/VFPARPLA:CDS	30S ribosomal protein S14	VFPARPLA:117104-117382	VFPARPLA_00136

DiscRep_SUB:FEATURE_LOCATION_CONFLICT::Coding region xref gene does not exist
prokka_VFPARPLA/VFPARPLA:CDS	30S ribosomal protein S8	VFPARPLA:117382-117765	VFPARPLA_00137

DiscRep_SUB:FEATURE_LOCATION_CONFLICT::Coding region xref gene does not exist
prokka_VFPARPLA/VFPARPLA:CDS	hypothetical protein	VFPARPLA:117758-118288	VFPARPLA_00138

DiscRep_SUB:FEATURE_LOCATION_CONFLICT::Coding region xref gene does not exist
prokka_VFPARPLA/VFPARPLA:CDS	hypothetical protein	VFPARPLA:118251-118583	VFPARPLA_00139

DiscRep_SUB:FEATURE_LOCATION_CONFLICT::Coding region xref gene does not exist
prokka_VFPARPLA/VFPARPLA:CDS	30S ribosomal protein S5	VFPARPLA:118583-119020	VFPARPLA_00140

DiscRep_SUB:FEATURE_LOCATION_CONFLICT::Coding region xref gene does not exist
prokka_VFPARPLA/VFPARPLA:CDS	50S ribosomal protein L15	VFPARPLA:118996-119343	VFPARPLA_00141

DiscRep_SUB:FEATURE_LOCATION_CONFLICT::Coding region xref gene does not exist
prokka_VFPARPLA/VFPARPLA:CDS	Translation initiation factor IF-1	VFPARPLA:119333-119554	VFPARPLA_00142

DiscRep_SUB:FEATURE_LOCATION_CONFLICT::Coding region xref gene does not exist
prokka_VFPARPLA/VFPARPLA:CDS	50S ribosomal protein L36	VFPARPLA:119551-119664	VFPARPLA_00143

DiscRep_SUB:FEATURE_LOCATION_CONFLICT::Coding region xref gene does not exist
prokka_VFPARPLA/VFPARPLA:CDS	30S ribosomal protein S13	VFPARPLA:119661-119999	VFPARPLA_00144

DiscRep_SUB:FEATURE_LOCATION_CONFLICT::Coding region xref gene does not exist
prokka_VFPARPLA/VFPARPLA:CDS	30S ribosomal protein S11	VFPARPLA:119996-120343	VFPARPLA_00145

DiscRep_SUB:FEATURE_LOCATION_CONFLICT::Coding region xref gene does not exist
prokka_VFPARPLA/VFPARPLA:CDS	hypothetical protein	VFPARPLA:120347-120877	VFPARPLA_00146

DiscRep_SUB:FEATURE_LOCATION_CONFLICT::Coding region xref gene does not exist
prokka_VFPARPLA/VFPARPLA:CDS	DNA-directed RNA polymerase subunit alpha	VFPARPLA:120879-121739	VFPARPLA_00147

DiscRep_SUB:FEATURE_LOCATION_CONFLICT::Coding region xref gene does not exist
prokka_VFPARPLA/VFPARPLA:CDS	hypothetical protein	VFPARPLA:121736-122086	VFPARPLA_00148

DiscRep_SUB:FEATURE_LOCATION_CONFLICT::Coding region xref gene does not exist
prokka_VFPARPLA/VFPARPLA:CDS	hypothetical protein	VFPARPLA:122055-122192	VFPARPLA_00149

DiscRep_SUB:FEATURE_LOCATION_CONFLICT::Coding region xref gene does not exist
prokka_VFPARPLA/VFPARPLA:CDS	Diaminopimelate decarboxylase	VFPARPLA:c123299-122193	VFPARPLA_00150

DiscRep_SUB:FEATURE_LOCATION_CONFLICT::Coding region xref gene does not exist
prokka_VFPARPLA/VFPARPLA:CDS	hypothetical protein	VFPARPLA:123361-123714	VFPARPLA_00151

DiscRep_SUB:FEATURE_LOCATION_CONFLICT::RNA feature xref gene does not exist
prokka_VFPARPLA/VFPARPLA:tRNA	Phe	VFPARPLA:14344-14416	VFPARPLA_00012

DiscRep_SUB:FEATURE_LOCATION_CONFLICT::RNA feature xref gene does not exist
prokka_VFPARPLA/VFPARPLA:tRNA	Gln	VFPARPLA:18842-18914	VFPARPLA_00019

DiscRep_SUB:FEATURE_LOCATION_CONFLICT::RNA feature xref gene does not exist
prokka_VFPARPLA/VFPARPLA:tRNA	Ser	VFPARPLA:27294-27380	VFPARPLA_00029

DiscRep_SUB:FEATURE_LOCATION_CONFLICT::RNA feature xref gene does not exist
prokka_VFPARPLA/VFPARPLA:tmRNA	transfer-messenger RNA, SsrA	VFPARPLA:c32558-32253	VFPARPLA_00034

DiscRep_SUB:FEATURE_LOCATION_CONFLICT::RNA feature xref gene does not exist
prokka_VFPARPLA/VFPARPLA:tRNA	Leu	VFPARPLA:50046-50126	VFPARPLA_00047

DiscRep_SUB:FEATURE_LOCATION_CONFLICT::RNA feature xref gene does not exist
prokka_VFPARPLA/VFPARPLA:tRNA	Leu	VFPARPLA:50127-50202	VFPARPLA_00048

DiscRep_SUB:FEATURE_LOCATION_CONFLICT::RNA feature xref gene does not exist
prokka_VFPARPLA/VFPARPLA:tRNA	Ser	VFPARPLA:50201-50285	VFPARPLA_00049

DiscRep_SUB:FEATURE_LOCATION_CONFLICT::RNA feature xref gene does not exist
prokka_VFPARPLA/VFPARPLA:tRNA	Asn	VFPARPLA:c55140-55067	VFPARPLA_00056

DiscRep_SUB:FEATURE_LOCATION_CONFLICT::RNA feature xref gene does not exist
prokka_VFPARPLA/VFPARPLA:tRNA	Cys	VFPARPLA:c55862-55788	VFPARPLA_00057

DiscRep_SUB:FEATURE_LOCATION_CONFLICT::RNA feature xref gene does not exist
prokka_VFPARPLA/VFPARPLA:tRNA	Gly	VFPARPLA:c55936-55865	VFPARPLA_00058

DiscRep_SUB:FEATURE_LOCATION_CONFLICT::RNA feature xref gene does not exist
prokka_VFPARPLA/VFPARPLA:tRNA	Val	VFPARPLA:62902-62973	VFPARPLA_00064

DiscRep_SUB:FEATURE_LOCATION_CONFLICT::RNA feature xref gene does not exist
prokka_VFPARPLA/VFPARPLA:tRNA	Leu	VFPARPLA:c64852-64773	VFPARPLA_00066

DiscRep_SUB:FEATURE_LOCATION_CONFLICT::RNA feature xref gene does not exist
prokka_VFPARPLA/VFPARPLA:tRNA	Ser	VFPARPLA:c64940-64854	VFPARPLA_00067

DiscRep_SUB:FEATURE_LOCATION_CONFLICT::RNA feature xref gene does not exist
prokka_VFPARPLA/VFPARPLA:tRNA	Thr	VFPARPLA:70967-71037	VFPARPLA_00077

DiscRep_SUB:FEATURE_LOCATION_CONFLICT::RNA feature xref gene does not exist
prokka_VFPARPLA/VFPARPLA:tRNA	His	VFPARPLA:71042-71114	VFPARPLA_00078

DiscRep_SUB:FEATURE_LOCATION_CONFLICT::RNA feature xref gene does not exist
prokka_VFPARPLA/VFPARPLA:tRNA	Lys	VFPARPLA:c72049-71975	VFPARPLA_00079

DiscRep_SUB:FEATURE_LOCATION_CONFLICT::RNA feature xref gene does not exist
prokka_VFPARPLA/VFPARPLA:tRNA	Val	VFPARPLA:c72933-72860	VFPARPLA_00082

DiscRep_SUB:FEATURE_LOCATION_CONFLICT::RNA feature xref gene does not exist
prokka_VFPARPLA/VFPARPLA:tRNA	Arg	VFPARPLA:c74067-73995	VFPARPLA_00083

DiscRep_SUB:FEATURE_LOCATION_CONFLICT::RNA feature xref gene does not exist
prokka_VFPARPLA/VFPARPLA:tRNA	Met	VFPARPLA:c74175-74104	VFPARPLA_00084

DiscRep_SUB:FEATURE_LOCATION_CONFLICT::RNA feature xref gene does not exist
prokka_VFPARPLA/VFPARPLA:tRNA	Pro	VFPARPLA:74217-74288	VFPARPLA_00085

DiscRep_SUB:FEATURE_LOCATION_CONFLICT::RNA feature xref gene does not exist
prokka_VFPARPLA/VFPARPLA:tRNA	Asp	VFPARPLA:c83762-83689	VFPARPLA_00096

DiscRep_SUB:FEATURE_LOCATION_CONFLICT::RNA feature xref gene does not exist
prokka_VFPARPLA/VFPARPLA:tRNA	Glu	VFPARPLA:c83835-83765	VFPARPLA_00097

DiscRep_SUB:FEATURE_LOCATION_CONFLICT::RNA feature xref gene does not exist
prokka_VFPARPLA/VFPARPLA:tRNA	Ala	VFPARPLA:c106522-106448	VFPARPLA_00120

DiscRep_SUB:FEATURE_LOCATION_CONFLICT::RNA feature xref gene does not exist
prokka_VFPARPLA/VFPARPLA:rRNA	23S ribosomal RNA	VFPARPLA:c110654-107898	VFPARPLA_00122

DiscRep_SUB:FEATURE_LOCATION_CONFLICT::RNA feature xref gene does not exist
prokka_VFPARPLA/VFPARPLA:tRNA	Ile	VFPARPLA:c110750-110677	VFPARPLA_00123

DiscRep_SUB:FEATURE_LOCATION_CONFLICT::RNA feature xref gene does not exist
prokka_VFPARPLA/VFPARPLA:rRNA	16S ribosomal RNA	VFPARPLA:c112252-110760	VFPARPLA_00124

DiscRep_SUB:FEATURE_LOCATION_CONFLICT::RNA feature xref gene does not exist
prokka_VFPARPLA/VFPARPLA:tRNA	Met	VFPARPLA:124761-124832	VFPARPLA_00152

DiscRep_SUB:FEATURE_LOCATION_CONFLICT::RNA feature xref gene does not exist
prokka_VFPARPLA/VFPARPLA:tRNA	Tyr	VFPARPLA:124833-124917	VFPARPLA_00153

DiscRep_SUB:FEATURE_LOCATION_CONFLICT::RNA feature xref gene does not exist
prokka_VFPARPLA/VFPARPLA:tRNA	Gly	VFPARPLA:124917-124989	VFPARPLA_00154

DiscRep_ALL:RNA_CDS_OVERLAP::1 coding regions overlap RNA features
DiscRep_SUB:RNA_CDS_OVERLAP::1 coding regions overlap RNAs (no containment)
DiscRep_SUB:RNA_CDS_OVERLAP::1 coding regions overlap RNAs on the opposite strand (no containment)
prokka_VFPARPLA/VFPARPLA:CDS	5-methyltetrahydropteroyltriglutamate--homocysteine methyltransferase	VFPARPLA:30110-32323	VFPARPLA_00033
prokka_VFPARPLA/VFPARPLA:tmRNA	transfer-messenger RNA, SsrA	VFPARPLA:c32558-32253	VFPARPLA_00034

DiscRep_ALL:DISC_QUALITY_SCORES::Quality scores are missing on all sequences.

DiscRep_ALL:ONCALLER_COMMENT_PRESENT::1 comment descriptors were found (all same)
prokka_VFPARPLA/VFPARPLA:VFPARPLA:Annotated using prokka 1.14.6 from https://github.com/tseemann/prokka

DiscRep_ALL:SHORT_PROT_SEQUENCES::3 protein sequences are shorter than 50 aa.
prokka_VFPARPLA/VFPARPLA:VFPARPLA_28 (length 46)
prokka_VFPARPLA/VFPARPLA:VFPARPLA_117 (length 37)
prokka_VFPARPLA/VFPARPLA:VFPARPLA_123 (length 45)

DiscRep_ALL:MISSING_GENOMEASSEMBLY_COMMENTS::1 bioseqs are missing GenomeAssembly structured comments
prokka_VFPARPLA/VFPARPLA:VFPARPLA (length 124995)

DiscRep_ALL:MOLTYPE_NOT_MRNA::1 molecule types are not set as mRNA.
prokka_VFPARPLA/VFPARPLA:VFPARPLA (length 124995)

DiscRep_ALL:TECHNIQUE_NOT_TSA::1 technique are not set as TSA
prokka_VFPARPLA/VFPARPLA:VFPARPLA (length 124995)

DiscRep_ALL:MISSING_STRUCTURED_COMMENT::1 sequences do not include structured comments.
prokka_VFPARPLA/VFPARPLA:VFPARPLA (length 124995)

DiscRep_ALL:MISSING_PROJECT::126 sequences do not include project.
prokka_VFPARPLA/VFPARPLA:VFPARPLA (length 124995)
prokka_VFPARPLA/VFPARPLA:VFPARPLA_1 (length 305)
prokka_VFPARPLA/VFPARPLA:VFPARPLA_2 (length 137)
prokka_VFPARPLA/VFPARPLA:VFPARPLA_3 (length 204)
prokka_VFPARPLA/VFPARPLA:VFPARPLA_4 (length 150)
prokka_VFPARPLA/VFPARPLA:VFPARPLA_5 (length 117)
prokka_VFPARPLA/VFPARPLA:VFPARPLA_6 (length 1254)
prokka_VFPARPLA/VFPARPLA:VFPARPLA_7 (length 1293)
prokka_VFPARPLA/VFPARPLA:VFPARPLA_8 (length 130)
prokka_VFPARPLA/VFPARPLA:VFPARPLA_9 (length 157)
prokka_VFPARPLA/VFPARPLA:VFPARPLA_10 (length 688)
prokka_VFPARPLA/VFPARPLA:VFPARPLA_11 (length 100)
prokka_VFPARPLA/VFPARPLA:VFPARPLA_12 (length 232)
prokka_VFPARPLA/VFPARPLA:VFPARPLA_13 (length 364)
prokka_VFPARPLA/VFPARPLA:VFPARPLA_14 (length 129)
prokka_VFPARPLA/VFPARPLA:VFPARPLA_15 (length 98)
prokka_VFPARPLA/VFPARPLA:VFPARPLA_16 (length 266)
prokka_VFPARPLA/VFPARPLA:VFPARPLA_17 (length 183)
prokka_VFPARPLA/VFPARPLA:VFPARPLA_18 (length 283)
prokka_VFPARPLA/VFPARPLA:VFPARPLA_19 (length 166)
prokka_VFPARPLA/VFPARPLA:VFPARPLA_20 (length 182)
prokka_VFPARPLA/VFPARPLA:VFPARPLA_21 (length 375)
prokka_VFPARPLA/VFPARPLA:VFPARPLA_22 (length 423)
prokka_VFPARPLA/VFPARPLA:VFPARPLA_23 (length 230)
prokka_VFPARPLA/VFPARPLA:VFPARPLA_24 (length 279)
prokka_VFPARPLA/VFPARPLA:VFPARPLA_25 (length 314)
prokka_VFPARPLA/VFPARPLA:VFPARPLA_26 (length 390)
prokka_VFPARPLA/VFPARPLA:VFPARPLA_27 (length 737)
prokka_VFPARPLA/VFPARPLA:VFPARPLA_28 (length 46)
prokka_VFPARPLA/VFPARPLA:VFPARPLA_29 (length 51)
prokka_VFPARPLA/VFPARPLA:VFPARPLA_30 (length 737)
prokka_VFPARPLA/VFPARPLA:VFPARPLA_31 (length 233)
prokka_VFPARPLA/VFPARPLA:VFPARPLA_32 (length 388)
prokka_VFPARPLA/VFPARPLA:VFPARPLA_33 (length 286)
prokka_VFPARPLA/VFPARPLA:VFPARPLA_34 (length 247)
prokka_VFPARPLA/VFPARPLA:VFPARPLA_35 (length 341)
prokka_VFPARPLA/VFPARPLA:VFPARPLA_36 (length 187)
prokka_VFPARPLA/VFPARPLA:VFPARPLA_37 (length 407)
prokka_VFPARPLA/VFPARPLA:VFPARPLA_38 (length 460)
prokka_VFPARPLA/VFPARPLA:VFPARPLA_39 (length 460)
prokka_VFPARPLA/VFPARPLA:VFPARPLA_40 (length 328)
prokka_VFPARPLA/VFPARPLA:VFPARPLA_41 (length 466)
prokka_VFPARPLA/VFPARPLA:VFPARPLA_42 (length 989)
prokka_VFPARPLA/VFPARPLA:VFPARPLA_43 (length 346)
prokka_VFPARPLA/VFPARPLA:VFPARPLA_44 (length 212)
prokka_VFPARPLA/VFPARPLA:VFPARPLA_45 (length 383)
prokka_VFPARPLA/VFPARPLA:VFPARPLA_46 (length 234)
prokka_VFPARPLA/VFPARPLA:VFPARPLA_47 (length 88)
prokka_VFPARPLA/VFPARPLA:VFPARPLA_48 (length 77)
prokka_VFPARPLA/VFPARPLA:VFPARPLA_49 (length 330)
prokka_VFPARPLA/VFPARPLA:VFPARPLA_50 (length 1033)
prokka_VFPARPLA/VFPARPLA:VFPARPLA_51 (length 184)
prokka_VFPARPLA/VFPARPLA:VFPARPLA_52 (length 187)
prokka_VFPARPLA/VFPARPLA:VFPARPLA_53 (length 388)
prokka_VFPARPLA/VFPARPLA:VFPARPLA_54 (length 248)
prokka_VFPARPLA/VFPARPLA:VFPARPLA_55 (length 199)
prokka_VFPARPLA/VFPARPLA:VFPARPLA_56 (length 421)
prokka_VFPARPLA/VFPARPLA:VFPARPLA_57 (length 332)
prokka_VFPARPLA/VFPARPLA:VFPARPLA_58 (length 194)
prokka_VFPARPLA/VFPARPLA:VFPARPLA_59 (length 194)
prokka_VFPARPLA/VFPARPLA:VFPARPLA_60 (length 232)
prokka_VFPARPLA/VFPARPLA:VFPARPLA_61 (length 247)
prokka_VFPARPLA/VFPARPLA:VFPARPLA_62 (length 101)
prokka_VFPARPLA/VFPARPLA:VFPARPLA_63 (length 95)
prokka_VFPARPLA/VFPARPLA:VFPARPLA_64 (length 51)
prokka_VFPARPLA/VFPARPLA:VFPARPLA_65 (length 90)
prokka_VFPARPLA/VFPARPLA:VFPARPLA_66 (length 164)
prokka_VFPARPLA/VFPARPLA:VFPARPLA_67 (length 338)
prokka_VFPARPLA/VFPARPLA:VFPARPLA_68 (length 345)
prokka_VFPARPLA/VFPARPLA:VFPARPLA_69 (length 258)
prokka_VFPARPLA/VFPARPLA:VFPARPLA_70 (length 359)
prokka_VFPARPLA/VFPARPLA:VFPARPLA_71 (length 453)
prokka_VFPARPLA/VFPARPLA:VFPARPLA_72 (length 396)
prokka_VFPARPLA/VFPARPLA:VFPARPLA_73 (length 428)
prokka_VFPARPLA/VFPARPLA:VFPARPLA_74 (length 57)
prokka_VFPARPLA/VFPARPLA:VFPARPLA_75 (length 100)
prokka_VFPARPLA/VFPARPLA:VFPARPLA_76 (length 408)
prokka_VFPARPLA/VFPARPLA:VFPARPLA_77 (length 608)
prokka_VFPARPLA/VFPARPLA:VFPARPLA_78 (length 86)
prokka_VFPARPLA/VFPARPLA:VFPARPLA_79 (length 532)
prokka_VFPARPLA/VFPARPLA:VFPARPLA_80 (length 427)
prokka_VFPARPLA/VFPARPLA:VFPARPLA_81 (length 352)
prokka_VFPARPLA/VFPARPLA:VFPARPLA_82 (length 361)
prokka_VFPARPLA/VFPARPLA:VFPARPLA_83 (length 214)
prokka_VFPARPLA/VFPARPLA:VFPARPLA_84 (length 337)
prokka_VFPARPLA/VFPARPLA:VFPARPLA_85 (length 602)
prokka_VFPARPLA/VFPARPLA:VFPARPLA_86 (length 142)
prokka_VFPARPLA/VFPARPLA:VFPARPLA_87 (length 325)
prokka_VFPARPLA/VFPARPLA:VFPARPLA_88 (length 333)
prokka_VFPARPLA/VFPARPLA:VFPARPLA_89 (length 167)
prokka_VFPARPLA/VFPARPLA:VFPARPLA_90 (length 732)
prokka_VFPARPLA/VFPARPLA:VFPARPLA_91 (length 219)
prokka_VFPARPLA/VFPARPLA:VFPARPLA_92 (length 406)
prokka_VFPARPLA/VFPARPLA:VFPARPLA_93 (length 246)
prokka_VFPARPLA/VFPARPLA:VFPARPLA_94 (length 146)
prokka_VFPARPLA/VFPARPLA:VFPARPLA_95 (length 78)
prokka_VFPARPLA/VFPARPLA:VFPARPLA_96 (length 101)
prokka_VFPARPLA/VFPARPLA:VFPARPLA_97 (length 257)
prokka_VFPARPLA/VFPARPLA:VFPARPLA_98 (length 413)
prokka_VFPARPLA/VFPARPLA:VFPARPLA_99 (length 191)
prokka_VFPARPLA/VFPARPLA:VFPARPLA_100 (length 202)
prokka_VFPARPLA/VFPARPLA:VFPARPLA_101 (length 69)
prokka_VFPARPLA/VFPARPLA:VFPARPLA_102 (length 268)
prokka_VFPARPLA/VFPARPLA:VFPARPLA_103 (length 82)
prokka_VFPARPLA/VFPARPLA:VFPARPLA_104 (length 105)
prokka_VFPARPLA/VFPARPLA:VFPARPLA_105 (length 197)
prokka_VFPARPLA/VFPARPLA:VFPARPLA_106 (length 133)
prokka_VFPARPLA/VFPARPLA:VFPARPLA_107 (length 76)
prokka_VFPARPLA/VFPARPLA:VFPARPLA_108 (length 121)
prokka_VFPARPLA/VFPARPLA:VFPARPLA_109 (length 177)
prokka_VFPARPLA/VFPARPLA:VFPARPLA_110 (length 92)
prokka_VFPARPLA/VFPARPLA:VFPARPLA_111 (length 127)
prokka_VFPARPLA/VFPARPLA:VFPARPLA_112 (length 176)
prokka_VFPARPLA/VFPARPLA:VFPARPLA_113 (length 110)
prokka_VFPARPLA/VFPARPLA:VFPARPLA_114 (length 145)
prokka_VFPARPLA/VFPARPLA:VFPARPLA_115 (length 115)
prokka_VFPARPLA/VFPARPLA:VFPARPLA_116 (length 73)
prokka_VFPARPLA/VFPARPLA:VFPARPLA_117 (length 37)
prokka_VFPARPLA/VFPARPLA:VFPARPLA_118 (length 112)
prokka_VFPARPLA/VFPARPLA:VFPARPLA_119 (length 115)
prokka_VFPARPLA/VFPARPLA:VFPARPLA_120 (length 176)
prokka_VFPARPLA/VFPARPLA:VFPARPLA_121 (length 286)
prokka_VFPARPLA/VFPARPLA:VFPARPLA_122 (length 116)
prokka_VFPARPLA/VFPARPLA:VFPARPLA_123 (length 45)
prokka_VFPARPLA/VFPARPLA:VFPARPLA_124 (length 368)
prokka_VFPARPLA/VFPARPLA:VFPARPLA_125 (length 117)

DiscRep_ALL:DISC_INCONSISTENT_MOLINFO_TECH::Molinfo Technique Report (some missing, all same)
DiscRep_SUB:DISC_INCONSISTENT_MOLINFO_TECH::technique (all missing)
DiscRep_SUB:DISC_INCONSISTENT_MOLINFO_TECH::1 Molinfos are missing field technique
prokka_VFPARPLA/VFPARPLA:VFPARPLA (length 124995)

