19:52:50.851 - INFO - UTILS - version=1.8.2
19:52:50.851 - INFO - UTILS - developer: Oliver Schwengers, github.com/oschwengers
19:52:50.851 - INFO - UTILS - command: /home/diego/miniconda3/envs/bakta/bin/bakta VFTETSUL.fasta --complete --translation-table 11 --keep-contig-headers --compliant --threads 30 --output annotation_bakta/bakta_VFTETSUL
19:52:50.851 - INFO - UTILS - local time: 2023-11-07 19:52:50
19:52:50.852 - INFO - UTILS - machine: type=x86_64, cores=32
19:52:50.852 - INFO - UTILS - system: type=Linux, release=6.5.0-10-generic
19:52:50.852 - INFO - UTILS - python: version=3.10.12, implementation=CPython
19:52:50.852 - INFO - CONFIG - threads=30
19:52:50.852 - INFO - CONFIG - verbose=False
19:52:50.852 - INFO - CONFIG - debug=False
19:52:50.852 - INFO - CONFIG - database: type=environment, path=/mnt/ssd/databases/bakta_db
19:52:50.852 - INFO - CONFIG - tmp-path=/tmp/tmp0gks_ken
19:52:50.852 - INFO - CONFIG - genome-path=/home/diego/Documents/metagenomes/annotation_symbio_merge/annotation_Beta/genomes/VFTETSUL.fasta
19:52:50.852 - INFO - CONFIG - min_contig_length=1
19:52:50.852 - INFO - CONFIG - prefix=VFTETSUL
19:52:50.852 - INFO - CONFIG - output-path=/home/diego/Documents/metagenomes/annotation_symbio_merge/annotation_Beta/genomes/annotation_bakta/bakta_VFTETSUL
19:52:50.852 - INFO - CONFIG - force=False
19:52:50.852 - INFO - CONFIG - genus=None
19:52:50.852 - INFO - CONFIG - species=None
19:52:50.852 - INFO - CONFIG - strain=None
19:52:50.852 - INFO - CONFIG - plasmid=None
19:52:50.852 - INFO - CONFIG - complete=True
19:52:50.852 - INFO - CONFIG - prodigal_tf=None
19:52:50.852 - INFO - CONFIG - translation_table=11
19:52:50.852 - INFO - CONFIG - gram=?
19:52:50.852 - INFO - CONFIG - compliant=True
19:52:50.853 - INFO - CONFIG - compliant mode! min_contig_length=200
19:52:50.853 - INFO - CONFIG - meta=False
19:52:50.853 - INFO - CONFIG - locus=None
19:52:50.853 - INFO - CONFIG - locus-tag=None
19:52:50.853 - INFO - CONFIG - keep_contig_headers=True
19:52:50.853 - INFO - CONFIG - replicon-table=None
19:52:50.853 - INFO - CONFIG - skip-tRNA=False
19:52:50.853 - INFO - CONFIG - skip-tmRNA=False
19:52:50.853 - INFO - CONFIG - skip-rRNA=False
19:52:50.853 - INFO - CONFIG - skip-ncRNA=False
19:52:50.853 - INFO - CONFIG - skip-ncRNA-region=False
19:52:50.853 - INFO - CONFIG - skip-CRISPR=False
19:52:50.853 - INFO - CONFIG - skip-CDS=False
19:52:50.853 - INFO - CONFIG - skip-pseudo=False
19:52:50.853 - INFO - CONFIG - skip-sORF=False
19:52:50.853 - INFO - CONFIG - skip-gap=False
19:52:50.853 - INFO - CONFIG - skip-ori=False
19:52:50.853 - INFO - CONFIG - skip-plot=False
19:52:50.853 - INFO - DB - detected: major=5, minor=0, type=full, date=2023-02-20
19:52:50.891 - INFO - UTILS - dependency: tool=tRNAscan-SE, version=v2.0.12, path=/home/diego/miniconda3/envs/bakta/bin/tRNAscan-SE
19:52:50.891 - INFO - UTILS - dependency: tool=Aragorn, version=v1.2.41, path=/home/diego/miniconda3/envs/bakta/bin/aragorn
19:52:50.893 - INFO - UTILS - dependency: tool=CMscan, version=v1.1.4, path=/home/diego/miniconda3/envs/bakta/bin/cmscan
19:52:50.894 - INFO - UTILS - dependency: tool=PilerCR, version=v1.6.0, path=/home/diego/miniconda3/envs/bakta/bin/pilercr
19:52:50.926 - INFO - UTILS - dependency: tool=Pyrodigal, version=v2.3.0, path=/home/diego/miniconda3/envs/bakta/bin/python
19:52:50.928 - INFO - UTILS - dependency: tool=AMRFinderPlus, version=v3.11.18, path=/home/diego/miniconda3/envs/bakta/bin/amrfinder
19:52:50.957 - INFO - UTILS - dependency: tool=Pyhmmer, version=v0.10.2, path=/home/diego/miniconda3/envs/bakta/bin/python
19:52:50.959 - INFO - UTILS - dependency: tool=Diamond, version=v2.1.8, path=/home/diego/miniconda3/envs/bakta/bin/diamond
19:52:51.000 - INFO - UTILS - dependency: tool=Blastn, version=v2.14.1, path=/home/diego/miniconda3/envs/bakta/bin/blastn
19:52:51.154 - INFO - UTILS - dependency: tool=Circos, version=v0.69.8, path=/home/diego/miniconda3/envs/bakta/bin/circos
19:52:51.165 - INFO - FASTA - imported: id=VFTETSUL, length=102863, description=, genomic=True, dna=True
19:52:51.165 - INFO - MAIN - imported sequences=1
19:52:51.165 - INFO - UTILS - qc: revised sequence: id=VFTETSUL, orig-id=, type=plasmid, complete=True, topology=circular, name=, description='', orig-description=''
19:52:51.165 - INFO - FASTA - write genome sequences: path=/tmp/tmp0gks_ken/contigs.fna, description=False, wrap=False
19:52:55.861 - INFO - T_RNA - contig=VFTETSUL, start=1179, stop=1250, strand=+, gene=trnW, product=tRNA-Trp(cca), score=58.4, nt=[AGAGGAATAA..TTTTTCTCTA]
19:52:55.861 - INFO - T_RNA - contig=VFTETSUL, start=14686, stop=14758, strand=+, gene=trnF, product=tRNA-Phe(gaa), score=60.4, nt=[GGCTTAATAA..TTTTAAGCCA]
19:52:55.861 - INFO - T_RNA - contig=VFTETSUL, start=20698, stop=20769, strand=+, gene=trnQ, product=tRNA-Gln(ttg), score=64.6, nt=[AGGGAAATAA..ACTTTCCTTT]
19:52:55.861 - INFO - T_RNA - contig=VFTETSUL, start=28913, stop=28996, strand=+, gene=trnS, product=tRNA-Ser(gct), score=64.3, nt=[AGAGATATGG..TCTATCTCTT]
19:52:55.861 - INFO - T_RNA - contig=VFTETSUL, start=40614, stop=40859, strand=+, gene=None, product=tRNA-Xxx, score=45.3, nt=[AGGCTGTTAG..GCACGGCCTA]
19:52:55.861 - INFO - T_RNA - contig=VFTETSUL, start=49625, stop=49696, strand=+, gene=trnV, product=tRNA-Val(tac), score=46.2, nt=[AGGTGCTTAG..TCAGTACCTA]
19:52:55.861 - INFO - T_RNA - contig=VFTETSUL, start=60135, stop=60206, strand=+, gene=trnP, product=tRNA-Pro(tgg), score=47.6, nt=[CGGGAAGTAA..GTCTTTCCGT]
19:52:55.861 - INFO - T_RNA - contig=VFTETSUL, start=102697, stop=102783, strand=+, gene=trnY, product=tRNA-Tyr(gta), score=63.1, nt=[GAAGGAATTC..ATTTCCTTCA]
19:52:55.861 - INFO - T_RNA - contig=VFTETSUL, start=102785, stop=102855, strand=+, gene=trnG, product=tRNA-Gly(tcc), score=44.5, nt=[GCGTTCATAA..TTTGTTCGCT]
19:52:55.861 - INFO - T_RNA - contig=VFTETSUL, start=89202, stop=89273, strand=-, gene=trnI, product=tRNA-Ile(gat), score=56.7, nt=[AGGTCTATTG..ATTAGACCTA]
19:52:55.861 - INFO - T_RNA - contig=VFTETSUL, start=86243, stop=86314, strand=-, gene=trnA, product=tRNA-Ala(tgc), score=54.4, nt=[GGGGAAATAT..ATTTTCTCCA]
19:52:55.861 - INFO - T_RNA - contig=VFTETSUL, start=69317, stop=69390, strand=-, gene=trnD, product=tRNA-Asp(gtc), score=50.4, nt=[GAAGTGATAG..ATTCATTTCG]
19:52:55.861 - INFO - T_RNA - contig=VFTETSUL, start=60024, stop=60092, strand=-, gene=trnfM, product=tRNA-fMet(cat), score=54.9, nt=[AGCAAGGTAG..CCTATCCTTG]
19:52:55.861 - INFO - T_RNA - contig=VFTETSUL, start=58694, stop=58766, strand=-, gene=trnL, product=tRNA-Leu(caa), score=44.5, nt=[AGGCTTGTAT..ATCAAGCCTA]
19:52:55.861 - INFO - T_RNA - contig=VFTETSUL, start=57678, stop=57750, strand=-, gene=trnK, product=tRNA-Lys(ttt), score=71.2, nt=[GGGTTGTTAG..ACACAGCCTA]
19:52:55.861 - INFO - T_RNA - contig=VFTETSUL, start=51575, stop=51657, strand=-, gene=trnS, product=tRNA-Ser(tga), score=67.0, nt=[GAAGATATGA..GCTATCTTCT]
19:52:55.861 - INFO - T_RNA - contig=VFTETSUL, start=46720, stop=46792, strand=-, gene=trnC, product=tRNA-Cys(gca), score=43.2, nt=[GGTAAGATAG..GTTTTTACCT]
19:52:55.861 - INFO - T_RNA - contig=VFTETSUL, start=46541, stop=46612, strand=-, gene=trnN, product=tRNA-Asn(gtt), score=55.2, nt=[TTTCCAATAA..AGTTGGAAAG]
19:52:55.861 - INFO - T_RNA - predicted=18
19:52:55.873 - INFO - TM_RNA - predicted=0
19:52:57.288 - INFO - R_RNA - contig=VFTETSUL, start=89279, stop=90776, strand=-, gene=rrs, product=16S ribosomal RNA, length=1498, coverage=0.977, truncated=None, score=1322.9, evalue=8.0e-42, nt=[TTATAAAAGA..TTTATAGCAT]
19:52:57.288 - INFO - R_RNA - contig=VFTETSUL, start=86320, stop=86429, strand=-, gene=rrf, product=5S ribosomal RNA, length=110, coverage=0.924, truncated=None, score=44.5, evalue=4.8e-07, nt=[TTTGACTTCT..GTTGTCATAA]
19:52:57.288 - INFO - R_RNA - contig=VFTETSUL, start=86448, stop=89188, strand=-, gene=rrl, product=23S ribosomal RNA, length=2741, coverage=0.937, truncated=None, score=2280.4, evalue=4.3e-05, nt=[TGGCAAATTT..GTTTGCCATT]
19:52:57.288 - INFO - R_RNA - predicted=3
19:52:58.440 - INFO - NC_RNA - predicted=0
19:52:58.653 - INFO - NC_RNA_REGION - predicted=0
19:52:58.701 - INFO - CRISPR - predicted=0
19:52:58.702 - INFO - CDS - create prodigal training info object: meta=False, closed=False
19:52:58.802 - INFO - CDS - contig=VFTETSUL, start=1, stop=1188, strand=+, frame=1, truncated=5-prime, start-type=Edge, RBS-motif=None
19:52:58.802 - INFO - CDS - contig=VFTETSUL, start=1258, stop=1644, strand=+, frame=1, truncated=no, start-type=ATG, RBS-motif=TAAAA
19:52:58.802 - INFO - CDS - contig=VFTETSUL, start=1634, stop=2278, strand=+, frame=2, truncated=no, start-type=ATG, RBS-motif=TAAA
19:52:58.802 - INFO - CDS - contig=VFTETSUL, start=2271, stop=2717, strand=+, frame=3, truncated=no, start-type=ATG, RBS-motif=TAAAA
19:52:58.802 - INFO - CDS - contig=VFTETSUL, start=2695, stop=3054, strand=+, frame=1, truncated=no, start-type=ATG, RBS-motif=AAA
19:52:58.802 - INFO - CDS - contig=VFTETSUL, start=3033, stop=7196, strand=+, frame=3, truncated=no, start-type=TTG, RBS-motif=AAA
19:52:58.802 - INFO - CDS - contig=VFTETSUL, start=7172, stop=11098, strand=+, frame=2, truncated=no, start-type=ATG, RBS-motif=AAA
19:52:58.802 - INFO - CDS - contig=VFTETSUL, start=11095, stop=11490, strand=+, frame=1, truncated=no, start-type=ATG, RBS-motif=TAA
19:52:58.802 - INFO - CDS - contig=VFTETSUL, start=11459, stop=11932, strand=+, frame=2, truncated=no, start-type=ATG, RBS-motif=TAA
19:52:58.802 - INFO - CDS - contig=VFTETSUL, start=11932, stop=13986, strand=+, frame=1, truncated=no, start-type=ATG, RBS-motif=None
19:52:58.802 - INFO - CDS - contig=VFTETSUL, start=13974, stop=14270, strand=+, frame=3, truncated=no, start-type=ATG, RBS-motif=TAAAA
19:52:58.802 - INFO - CDS - contig=VFTETSUL, start=14267, stop=14692, strand=+, frame=2, truncated=no, start-type=ATG, RBS-motif=AATAA
19:52:58.802 - INFO - CDS - contig=VFTETSUL, start=14767, stop=15102, strand=+, frame=1, truncated=no, start-type=ATG, RBS-motif=None
19:52:58.802 - INFO - CDS - contig=VFTETSUL, start=15095, stop=15790, strand=-, frame=2, truncated=no, start-type=TTG, RBS-motif=TAAA
19:52:58.802 - INFO - CDS - contig=VFTETSUL, start=15787, stop=16890, strand=-, frame=3, truncated=no, start-type=ATG, RBS-motif=AAA
19:52:58.802 - INFO - CDS - contig=VFTETSUL, start=16887, stop=17270, strand=-, frame=1, truncated=no, start-type=ATG, RBS-motif=TAAA
19:52:58.802 - INFO - CDS - contig=VFTETSUL, start=17276, stop=17611, strand=-, frame=2, truncated=no, start-type=ATG, RBS-motif=AAA
19:52:58.802 - INFO - CDS - contig=VFTETSUL, start=17598, stop=18401, strand=-, frame=1, truncated=no, start-type=ATG, RBS-motif=AAA
19:52:58.802 - INFO - CDS - contig=VFTETSUL, start=18402, stop=19043, strand=-, frame=1, truncated=no, start-type=ATG, RBS-motif=TAAAA
19:52:58.802 - INFO - CDS - contig=VFTETSUL, start=19033, stop=20667, strand=-, frame=3, truncated=no, start-type=ATG, RBS-motif=AAA
19:52:58.802 - INFO - CDS - contig=VFTETSUL, start=20712, stop=21647, strand=+, frame=3, truncated=no, start-type=GTG, RBS-motif=AATAA
19:52:58.803 - INFO - CDS - contig=VFTETSUL, start=21648, stop=22151, strand=+, frame=3, truncated=no, start-type=ATG, RBS-motif=TAA
19:52:58.803 - INFO - CDS - contig=VFTETSUL, start=22148, stop=22708, strand=-, frame=2, truncated=no, start-type=ATG, RBS-motif=AAA
19:52:58.803 - INFO - CDS - contig=VFTETSUL, start=22794, stop=23930, strand=+, frame=3, truncated=no, start-type=ATG, RBS-motif=None
19:52:58.803 - INFO - CDS - contig=VFTETSUL, start=23922, stop=25220, strand=-, frame=1, truncated=no, start-type=ATG, RBS-motif=TAAAA
19:52:58.803 - INFO - CDS - contig=VFTETSUL, start=25227, stop=25925, strand=-, frame=1, truncated=no, start-type=ATG, RBS-motif=AATAA
19:52:58.803 - INFO - CDS - contig=VFTETSUL, start=25903, stop=26811, strand=-, frame=3, truncated=no, start-type=ATG, RBS-motif=TAAA
19:52:58.803 - INFO - CDS - contig=VFTETSUL, start=26812, stop=28914, strand=+, frame=1, truncated=no, start-type=TTG, RBS-motif=TAA
19:52:58.803 - INFO - CDS - contig=VFTETSUL, start=28988, stop=29185, strand=-, frame=2, truncated=no, start-type=ATG, RBS-motif=AAA
19:52:58.803 - INFO - CDS - contig=VFTETSUL, start=29230, stop=29370, strand=-, frame=3, truncated=no, start-type=ATG, RBS-motif=TAAA
19:52:58.803 - INFO - CDS - contig=VFTETSUL, start=29352, stop=29546, strand=-, frame=1, truncated=no, start-type=ATG, RBS-motif=AAA
19:52:58.803 - INFO - CDS - contig=VFTETSUL, start=29566, stop=31785, strand=+, frame=1, truncated=no, start-type=ATG, RBS-motif=AAA
19:52:58.803 - INFO - CDS - contig=VFTETSUL, start=31993, stop=32796, strand=+, frame=1, truncated=no, start-type=ATG, RBS-motif=TAA
19:52:58.803 - INFO - CDS - contig=VFTETSUL, start=32793, stop=33926, strand=+, frame=3, truncated=no, start-type=ATG, RBS-motif=AATAA
19:52:58.803 - INFO - CDS - contig=VFTETSUL, start=33915, stop=34718, strand=-, frame=1, truncated=no, start-type=ATG, RBS-motif=TAAAA
19:52:58.803 - INFO - CDS - contig=VFTETSUL, start=34755, stop=35303, strand=-, frame=1, truncated=no, start-type=ATG, RBS-motif=AATAA
19:52:58.803 - INFO - CDS - contig=VFTETSUL, start=35300, stop=36586, strand=-, frame=2, truncated=no, start-type=ATG, RBS-motif=AAA
19:52:58.803 - INFO - CDS - contig=VFTETSUL, start=36798, stop=38258, strand=-, frame=1, truncated=no, start-type=ATG, RBS-motif=TAAA
19:52:58.803 - INFO - CDS - contig=VFTETSUL, start=38260, stop=39171, strand=-, frame=3, truncated=no, start-type=ATG, RBS-motif=TAAA
19:52:58.803 - INFO - CDS - contig=VFTETSUL, start=39199, stop=40623, strand=+, frame=1, truncated=no, start-type=ATG, RBS-motif=None
19:52:58.803 - INFO - CDS - contig=VFTETSUL, start=40817, stop=43813, strand=+, frame=2, truncated=no, start-type=ATG, RBS-motif=AAA
19:52:58.803 - INFO - CDS - contig=VFTETSUL, start=43806, stop=43976, strand=+, frame=3, truncated=no, start-type=ATG, RBS-motif=AAA
19:52:58.803 - INFO - CDS - contig=VFTETSUL, start=44051, stop=44782, strand=+, frame=2, truncated=no, start-type=TTG, RBS-motif=None
19:52:58.803 - INFO - CDS - contig=VFTETSUL, start=44779, stop=45819, strand=+, frame=1, truncated=no, start-type=ATG, RBS-motif=TAAA
19:52:58.803 - INFO - CDS - contig=VFTETSUL, start=46084, stop=46341, strand=+, frame=1, truncated=no, start-type=ATG, RBS-motif=TAAA
19:52:58.803 - INFO - CDS - contig=VFTETSUL, start=46322, stop=46540, strand=+, frame=2, truncated=no, start-type=ATG, RBS-motif=TAAA
19:52:58.803 - INFO - CDS - contig=VFTETSUL, start=47298, stop=47921, strand=+, frame=3, truncated=no, start-type=ATG, RBS-motif=None
19:52:58.803 - INFO - CDS - contig=VFTETSUL, start=47911, stop=48477, strand=+, frame=1, truncated=no, start-type=ATG, RBS-motif=TAAA
19:52:58.803 - INFO - CDS - contig=VFTETSUL, start=48474, stop=49634, strand=+, frame=3, truncated=no, start-type=ATG, RBS-motif=TAAAA
19:52:58.803 - INFO - CDS - contig=VFTETSUL, start=49700, stop=50500, strand=+, frame=2, truncated=no, start-type=ATG, RBS-motif=None
19:52:58.803 - INFO - CDS - contig=VFTETSUL, start=50472, stop=51512, strand=+, frame=3, truncated=no, start-type=ATG, RBS-motif=TAA
19:52:58.803 - INFO - CDS - contig=VFTETSUL, start=51667, stop=52266, strand=+, frame=1, truncated=no, start-type=ATG, RBS-motif=None
19:52:58.803 - INFO - CDS - contig=VFTETSUL, start=52263, stop=53486, strand=+, frame=3, truncated=no, start-type=GTG, RBS-motif=None
19:52:58.803 - INFO - CDS - contig=VFTETSUL, start=53473, stop=54438, strand=+, frame=1, truncated=no, start-type=ATG, RBS-motif=AATAA
19:52:58.803 - INFO - CDS - contig=VFTETSUL, start=54435, stop=55028, strand=+, frame=3, truncated=no, start-type=ATG, RBS-motif=TAA
19:52:58.803 - INFO - CDS - contig=VFTETSUL, start=55025, stop=55621, strand=+, frame=2, truncated=no, start-type=ATG, RBS-motif=TAAA
19:52:58.803 - INFO - CDS - contig=VFTETSUL, start=55618, stop=56331, strand=+, frame=1, truncated=no, start-type=ATG, RBS-motif=TAA
19:52:58.803 - INFO - CDS - contig=VFTETSUL, start=56321, stop=57067, strand=+, frame=2, truncated=no, start-type=ATG, RBS-motif=TAAA
19:52:58.803 - INFO - CDS - contig=VFTETSUL, start=57064, stop=57357, strand=+, frame=1, truncated=no, start-type=ATG, RBS-motif=TAA
19:52:58.803 - INFO - CDS - contig=VFTETSUL, start=57338, stop=57601, strand=+, frame=2, truncated=no, start-type=ATG, RBS-motif=None
19:52:58.803 - INFO - CDS - contig=VFTETSUL, start=57741, stop=58094, strand=-, frame=1, truncated=no, start-type=ATG, RBS-motif=AAA
19:52:58.803 - INFO - CDS - contig=VFTETSUL, start=58082, stop=58243, strand=-, frame=2, truncated=no, start-type=ATG, RBS-motif=TAAA
19:52:58.803 - INFO - CDS - contig=VFTETSUL, start=58224, stop=58682, strand=-, frame=1, truncated=no, start-type=ATG, RBS-motif=TAAA
19:52:58.803 - INFO - CDS - contig=VFTETSUL, start=58765, stop=59820, strand=-, frame=3, truncated=no, start-type=ATG, RBS-motif=None
19:52:58.803 - INFO - CDS - contig=VFTETSUL, start=59899, stop=60018, strand=+, frame=1, truncated=no, start-type=ATG, RBS-motif=TAAA
19:52:58.803 - INFO - CDS - contig=VFTETSUL, start=60496, stop=61029, strand=-, frame=3, truncated=no, start-type=ATG, RBS-motif=AAA
19:52:58.803 - INFO - CDS - contig=VFTETSUL, start=61026, stop=61982, strand=-, frame=1, truncated=no, start-type=ATG, RBS-motif=TAA
19:52:58.803 - INFO - CDS - contig=VFTETSUL, start=62116, stop=63075, strand=+, frame=1, truncated=no, start-type=ATG, RBS-motif=None
19:52:58.803 - INFO - CDS - contig=VFTETSUL, start=63054, stop=63842, strand=+, frame=3, truncated=no, start-type=ATG, RBS-motif=TAA
19:52:58.803 - INFO - CDS - contig=VFTETSUL, start=63835, stop=64956, strand=+, frame=1, truncated=no, start-type=ATG, RBS-motif=None
19:52:58.803 - INFO - CDS - contig=VFTETSUL, start=64953, stop=66239, strand=-, frame=1, truncated=no, start-type=ATG, RBS-motif=TAAAA
19:52:58.803 - INFO - CDS - contig=VFTETSUL, start=66236, stop=67411, strand=-, frame=2, truncated=no, start-type=ATG, RBS-motif=AAA
19:52:58.803 - INFO - CDS - contig=VFTETSUL, start=67401, stop=68627, strand=-, frame=1, truncated=no, start-type=ATG, RBS-motif=TAAA
19:52:58.803 - INFO - CDS - contig=VFTETSUL, start=68620, stop=68799, strand=-, frame=3, truncated=no, start-type=ATG, RBS-motif=TAAA
19:52:58.803 - INFO - CDS - contig=VFTETSUL, start=68796, stop=69101, strand=-, frame=1, truncated=no, start-type=ATG, RBS-motif=TAA
19:52:58.803 - INFO - CDS - contig=VFTETSUL, start=69108, stop=69335, strand=+, frame=3, truncated=no, start-type=ATG, RBS-motif=None
19:52:58.803 - INFO - CDS - contig=VFTETSUL, start=69506, stop=70816, strand=+, frame=2, truncated=no, start-type=ATG, RBS-motif=AAA
19:52:58.803 - INFO - CDS - contig=VFTETSUL, start=70816, stop=72669, strand=+, frame=1, truncated=no, start-type=ATG, RBS-motif=None
19:52:58.803 - INFO - CDS - contig=VFTETSUL, start=72718, stop=73992, strand=+, frame=1, truncated=no, start-type=ATG, RBS-motif=None
19:52:58.803 - INFO - CDS - contig=VFTETSUL, start=73989, stop=75194, strand=+, frame=3, truncated=no, start-type=ATG, RBS-motif=TAA
19:52:58.803 - INFO - CDS - contig=VFTETSUL, start=75191, stop=76498, strand=-, frame=2, truncated=no, start-type=TTG, RBS-motif=AATAA
19:52:58.803 - INFO - CDS - contig=VFTETSUL, start=76839, stop=77870, strand=-, frame=1, truncated=no, start-type=ATG, RBS-motif=AAA
19:52:58.803 - INFO - CDS - contig=VFTETSUL, start=77863, stop=79665, strand=-, frame=3, truncated=no, start-type=ATG, RBS-motif=TAAAA
19:52:58.803 - INFO - CDS - contig=VFTETSUL, start=79671, stop=80111, strand=-, frame=1, truncated=no, start-type=ATG, RBS-motif=TAAA
19:52:58.803 - INFO - CDS - contig=VFTETSUL, start=80143, stop=81093, strand=+, frame=1, truncated=no, start-type=ATG, RBS-motif=TAA
19:52:58.804 - INFO - CDS - contig=VFTETSUL, start=81064, stop=82053, strand=-, frame=3, truncated=no, start-type=ATG, RBS-motif=TAAA
19:52:58.804 - INFO - CDS - contig=VFTETSUL, start=82067, stop=82654, strand=-, frame=2, truncated=no, start-type=ATG, RBS-motif=AAA
19:52:58.804 - INFO - CDS - contig=VFTETSUL, start=82692, stop=83354, strand=-, frame=1, truncated=no, start-type=ATG, RBS-motif=TAAAA
19:52:58.804 - INFO - CDS - contig=VFTETSUL, start=83360, stop=84091, strand=-, frame=2, truncated=no, start-type=ATG, RBS-motif=None
19:52:58.804 - INFO - CDS - contig=VFTETSUL, start=84102, stop=84536, strand=+, frame=3, truncated=no, start-type=ATG, RBS-motif=TAA
19:52:58.804 - INFO - CDS - contig=VFTETSUL, start=84533, stop=84901, strand=-, frame=2, truncated=no, start-type=ATG, RBS-motif=AATAA
19:52:58.804 - INFO - CDS - contig=VFTETSUL, start=84891, stop=85139, strand=-, frame=1, truncated=no, start-type=ATG, RBS-motif=AAA
19:52:58.804 - INFO - CDS - contig=VFTETSUL, start=85118, stop=85444, strand=-, frame=2, truncated=no, start-type=ATG, RBS-motif=TAAAA
19:52:58.804 - INFO - CDS - contig=VFTETSUL, start=85441, stop=86241, strand=-, frame=3, truncated=no, start-type=ATG, RBS-motif=None
19:52:58.804 - INFO - CDS - contig=VFTETSUL, start=86624, stop=87016, strand=+, frame=2, truncated=no, start-type=ATG, RBS-motif=None
19:52:58.804 - INFO - CDS - contig=VFTETSUL, start=87908, stop=88045, strand=-, frame=2, truncated=no, start-type=ATG, RBS-motif=TAAA
19:52:58.804 - INFO - CDS - contig=VFTETSUL, start=88256, stop=88549, strand=+, frame=2, truncated=no, start-type=ATG, RBS-motif=None
19:52:58.804 - INFO - CDS - contig=VFTETSUL, start=90885, stop=91298, strand=+, frame=3, truncated=no, start-type=ATG, RBS-motif=TAAA
19:52:58.804 - INFO - CDS - contig=VFTETSUL, start=91288, stop=91887, strand=+, frame=1, truncated=no, start-type=ATG, RBS-motif=AATAA
19:52:58.804 - INFO - CDS - contig=VFTETSUL, start=91880, stop=92062, strand=+, frame=2, truncated=no, start-type=ATG, RBS-motif=TAAA
19:52:58.804 - INFO - CDS - contig=VFTETSUL, start=92059, stop=92853, strand=+, frame=1, truncated=no, start-type=GTG, RBS-motif=None
19:52:58.804 - INFO - CDS - contig=VFTETSUL, start=92837, stop=93100, strand=+, frame=2, truncated=no, start-type=ATG, RBS-motif=AAA
19:52:58.804 - INFO - CDS - contig=VFTETSUL, start=93097, stop=93414, strand=+, frame=1, truncated=no, start-type=ATG, RBS-motif=TAAA
19:52:58.804 - INFO - CDS - contig=VFTETSUL, start=93414, stop=94055, strand=+, frame=3, truncated=no, start-type=ATG, RBS-motif=AAA
19:52:58.804 - INFO - CDS - contig=VFTETSUL, start=94018, stop=94437, strand=+, frame=1, truncated=no, start-type=ATG, RBS-motif=TAAA
19:52:58.804 - INFO - CDS - contig=VFTETSUL, start=94569, stop=94775, strand=+, frame=3, truncated=no, start-type=ATG, RBS-motif=None
19:52:58.804 - INFO - CDS - contig=VFTETSUL, start=94765, stop=95316, strand=+, frame=1, truncated=no, start-type=ATG, RBS-motif=None
19:52:58.804 - INFO - CDS - contig=VFTETSUL, start=95316, stop=95618, strand=+, frame=3, truncated=no, start-type=ATG, RBS-motif=TAA
19:52:58.804 - INFO - CDS - contig=VFTETSUL, start=95618, stop=95989, strand=+, frame=2, truncated=no, start-type=ATG, RBS-motif=AAA
19:52:58.804 - INFO - CDS - contig=VFTETSUL, start=95982, stop=96515, strand=+, frame=3, truncated=no, start-type=ATG, RBS-motif=TAA
19:52:58.804 - INFO - CDS - contig=VFTETSUL, start=96478, stop=96810, strand=+, frame=1, truncated=no, start-type=ATG, RBS-motif=TAAA
19:52:58.804 - INFO - CDS - contig=VFTETSUL, start=96814, stop=97245, strand=+, frame=1, truncated=no, start-type=ATG, RBS-motif=AAA
19:52:58.804 - INFO - CDS - contig=VFTETSUL, start=97238, stop=97588, strand=+, frame=2, truncated=no, start-type=TTG, RBS-motif=None
19:52:58.804 - INFO - CDS - contig=VFTETSUL, start=97578, stop=97793, strand=+, frame=3, truncated=no, start-type=ATG, RBS-motif=None
19:52:58.804 - INFO - CDS - contig=VFTETSUL, start=97790, stop=97903, strand=+, frame=2, truncated=no, start-type=ATG, RBS-motif=None
19:52:58.804 - INFO - CDS - contig=VFTETSUL, start=97900, stop=98250, strand=+, frame=1, truncated=no, start-type=ATG, RBS-motif=TAAA
19:52:58.804 - INFO - CDS - contig=VFTETSUL, start=98247, stop=98588, strand=+, frame=3, truncated=no, start-type=ATG, RBS-motif=TAAA
19:52:58.804 - INFO - CDS - contig=VFTETSUL, start=98589, stop=99146, strand=+, frame=3, truncated=no, start-type=ATG, RBS-motif=AAA
19:52:58.804 - INFO - CDS - contig=VFTETSUL, start=99109, stop=99759, strand=+, frame=1, truncated=no, start-type=TTG, RBS-motif=TAAAA
19:52:58.804 - INFO - CDS - contig=VFTETSUL, start=99749, stop=100054, strand=+, frame=2, truncated=no, start-type=ATG, RBS-motif=None
19:52:58.804 - INFO - CDS - contig=VFTETSUL, start=100044, stop=101192, strand=-, frame=1, truncated=no, start-type=ATG, RBS-motif=TAA
19:52:58.804 - INFO - CDS - contig=VFTETSUL, start=101194, stop=101625, strand=+, frame=1, truncated=no, start-type=ATG, RBS-motif=TAA
19:52:58.804 - INFO - CDS - contig=VFTETSUL, start=101618, stop=102646, strand=+, frame=2, truncated=no, start-type=ATG, RBS-motif=TAA
19:52:58.804 - INFO - CDS - contig=VFTETSUL, start=102692, stop=102862, strand=-, frame=2, truncated=5-prime, start-type=Edge, RBS-motif=None
19:52:58.804 - INFO - CDS - truncated CDS: contig=VFTETSUL, start=1, stop=1188, strand=+, frame=1, truncated=5-prime, start-type=Edge, RBS-motif=None, aa-hexdigest=ec9768251e9d9103b9aa90b704417e44, aa=[MKEKFLRKKV..GAGIVTNIEE]
19:52:58.804 - INFO - CDS - truncated CDS: contig=VFTETSUL, start=102692, stop=102862, strand=-, frame=2, truncated=5-prime, start-type=Edge, RBS-motif=None, aa-hexdigest=5a54b07bf020aabeb2084b9493b47149, aa=[YNKRTKGIEP..PLLTTQEFLL]
19:52:58.804 - INFO - CDS - contig=VFTETSUL, start=1258, stop=1644, strand=+, nt=[ATGGCTAAAA..TGATAAATGA]
19:52:58.804 - INFO - CDS - contig=VFTETSUL, start=1634, stop=2278, strand=+, nt=[ATGATAAATG..ATATGAATAA]
19:52:58.804 - INFO - CDS - contig=VFTETSUL, start=2271, stop=2717, strand=+, nt=[ATGAATAAAA..AAATATTTAA]
19:52:58.804 - INFO - CDS - contig=VFTETSUL, start=2695, stop=3054, strand=+, nt=[ATGAATATAG..AAAAAAATGA]
19:52:58.804 - INFO - CDS - contig=VFTETSUL, start=3033, stop=7196, strand=+, nt=[TTGTATAATA..AGTACTATGA]
19:52:58.804 - INFO - CDS - contig=VFTETSUL, start=7172, stop=11098, strand=+, nt=[ATGCTTAGAT..TTTTAAATGA]
19:52:58.804 - INFO - CDS - contig=VFTETSUL, start=11095, stop=11490, strand=+, nt=[ATGACTACAA..TAAAACCTAG]
19:52:58.804 - INFO - CDS - contig=VFTETSUL, start=11459, stop=11932, strand=+, nt=[ATGTCAAGAA..TGCTTTTTAA]
19:52:58.804 - INFO - CDS - contig=VFTETSUL, start=11932, stop=13986, strand=+, nt=[ATGTTTAACA..TTTAGTTTAA]
19:52:58.804 - INFO - CDS - contig=VFTETSUL, start=13974, stop=14270, strand=+, nt=[ATGTTTAGTT..AAAATTATGA]
19:52:58.804 - INFO - CDS - contig=VFTETSUL, start=14267, stop=14692, strand=+, nt=[ATGAAAAATT..TAAGGCTTAA]
19:52:58.804 - INFO - CDS - contig=VFTETSUL, start=14767, stop=15102, strand=+, nt=[ATGTATAAAA..TATTAATTAA]
19:52:58.804 - INFO - CDS - contig=VFTETSUL, start=15095, stop=15790, strand=-, nt=[TTGATAAATT..AATTAATTAA]
19:52:58.804 - INFO - CDS - contig=VFTETSUL, start=15787, stop=16890, strand=-, nt=[ATGATAGAAA..ATTAATTTGA]
19:52:58.804 - INFO - CDS - contig=VFTETSUL, start=16887, stop=17270, strand=-, nt=[ATGATAGGAA..AAAAAGATGA]
19:52:58.804 - INFO - CDS - contig=VFTETSUL, start=17276, stop=17611, strand=-, nt=[ATGAAAATTT..AAAAATATAA]
19:52:58.804 - INFO - CDS - contig=VFTETSUL, start=17598, stop=18401, strand=-, nt=[ATGAAATATA..AAATTTTTGA]
19:52:58.804 - INFO - CDS - contig=VFTETSUL, start=18402, stop=19043, strand=-, nt=[ATGATAACTA..AATTATTTAA]
19:52:58.804 - INFO - CDS - contig=VFTETSUL, start=19033, stop=20667, strand=-, nt=[ATGTCAATAA..TGATAACTAA]
19:52:58.804 - INFO - CDS - contig=VFTETSUL, start=20712, stop=21647, strand=+, nt=[GTGGTTAAGG..TATAATTTAG]
19:52:58.804 - INFO - CDS - contig=VFTETSUL, start=21648, stop=22151, strand=+, nt=[ATGAAAATAA..AAAAATCTAA]
19:52:58.804 - INFO - CDS - contig=VFTETSUL, start=22148, stop=22708, strand=-, nt=[ATGAAAAAAA..ATGTTATTAG]
19:52:58.804 - INFO - CDS - contig=VFTETSUL, start=22794, stop=23930, strand=+, nt=[ATGATATATT..GTTAACTTAA]
19:52:58.804 - INFO - CDS - contig=VFTETSUL, start=23922, stop=25220, strand=-, nt=[ATGAAAAACA..ATTAAGTTAA]
19:52:58.804 - INFO - CDS - contig=VFTETSUL, start=25227, stop=25925, strand=-, nt=[ATGATAAAAA..TTATAAATAA]
19:52:58.804 - INFO - CDS - contig=VFTETSUL, start=25903, stop=26811, strand=-, nt=[ATGAAAATTA..CAAAAAATAA]
19:52:58.804 - INFO - CDS - contig=VFTETSUL, start=26812, stop=28914, strand=+, nt=[TTGAAAAATA..TATATTATAG]
19:52:58.804 - INFO - CDS - contig=VFTETSUL, start=28988, stop=29185, strand=-, nt=[ATGAAACTTA..AAAGAGATAG]
19:52:58.804 - INFO - CDS - contig=VFTETSUL, start=29230, stop=29370, strand=-, nt=[ATGTCTAAAA..AAAAAAATAA]
19:52:58.804 - INFO - CDS - contig=VFTETSUL, start=29352, stop=29546, strand=-, nt=[ATGGCAAGAA..AAAAAAATAA]
19:52:58.804 - INFO - CDS - contig=VFTETSUL, start=29566, stop=31785, strand=+, nt=[ATGATCTTAA..TCCTAAATAG]
19:52:58.804 - INFO - CDS - contig=VFTETSUL, start=31993, stop=32796, strand=+, nt=[ATGTCTTTTG..AAAATTATGA]
19:52:58.804 - INFO - CDS - contig=VFTETSUL, start=32793, stop=33926, strand=+, nt=[ATGAAAAATA..AATTTATTAA]
19:52:58.804 - INFO - CDS - contig=VFTETSUL, start=33915, stop=34718, strand=-, nt=[ATGAAAAAAA..AATAAATTAA]
19:52:58.804 - INFO - CDS - contig=VFTETSUL, start=34755, stop=35303, strand=-, nt=[ATGACAATAA..AATAATATAA]
19:52:58.804 - INFO - CDS - contig=VFTETSUL, start=35300, stop=36586, strand=-, nt=[ATGCTAAAAA..AAAAAAATGA]
19:52:58.804 - INFO - CDS - contig=VFTETSUL, start=36798, stop=38258, strand=-, nt=[ATGAAGAATT..ATTATTCTAA]
19:52:58.804 - INFO - CDS - contig=VFTETSUL, start=38260, stop=39171, strand=-, nt=[ATGGCAACTT..AAAAAAATAG]
19:52:58.804 - INFO - CDS - contig=VFTETSUL, start=39199, stop=40623, strand=+, nt=[ATGATTGACA..AGGCTGTTAG]
19:52:58.804 - INFO - CDS - contig=VFTETSUL, start=40817, stop=43813, strand=+, nt=[ATGCATAATC..AAATGAATAA]
19:52:58.804 - INFO - CDS - contig=VFTETSUL, start=43806, stop=43976, strand=+, nt=[ATGAATAAAG..AAATATTTAA]
19:52:58.804 - INFO - CDS - contig=VFTETSUL, start=44051, stop=44782, strand=+, nt=[TTGAAAAAAA..TGTTTTATGA]
19:52:58.804 - INFO - CDS - contig=VFTETSUL, start=44779, stop=45819, strand=+, nt=[ATGAAAAAAA..AAATTGTTAA]
19:52:58.804 - INFO - CDS - contig=VFTETSUL, start=46084, stop=46341, strand=+, nt=[ATGTTAAAAA..AATATATTAA]
19:52:58.804 - INFO - CDS - contig=VFTETSUL, start=46322, stop=46540, strand=+, nt=[ATGATATTAA..AATTTTATAA]
19:52:58.804 - INFO - CDS - contig=VFTETSUL, start=47298, stop=47921, strand=+, nt=[ATGCATGCTA..TGAAATATAA]
19:52:58.804 - INFO - CDS - contig=VFTETSUL, start=47911, stop=48477, strand=+, nt=[ATGAAATATA..AATAATATGA]
19:52:58.805 - INFO - CDS - contig=VFTETSUL, start=48474, stop=49634, strand=+, nt=[ATGATAAATA..AGGTGCTTAG]
19:52:58.805 - INFO - CDS - contig=VFTETSUL, start=49700, stop=50500, strand=+, nt=[ATGAAATATT..TAAAATATAA]
19:52:58.805 - INFO - CDS - contig=VFTETSUL, start=50472, stop=51512, strand=+, nt=[ATGAAAAACT..TTATTCCTAG]
19:52:58.805 - INFO - CDS - contig=VFTETSUL, start=51667, stop=52266, strand=+, nt=[ATGATACTTT..TTTTAAGTGA]
19:52:58.805 - INFO - CDS - contig=VFTETSUL, start=52263, stop=53486, strand=+, nt=[GTGAGTTACA..TAGCTTTTGA]
19:52:58.805 - INFO - CDS - contig=VFTETSUL, start=53473, stop=54438, strand=+, nt=[ATGATAGCTT..TTTTTTATGA]
19:52:58.805 - INFO - CDS - contig=VFTETSUL, start=54435, stop=55028, strand=+, nt=[ATGAAAAATA..TATTTTATGA]
19:52:58.805 - INFO - CDS - contig=VFTETSUL, start=55025, stop=55621, strand=+, nt=[ATGATTATAG..AAGATTATGA]
19:52:58.805 - INFO - CDS - contig=VFTETSUL, start=55618, stop=56331, strand=+, nt=[ATGAATATAA..TGTTAATTAA]
19:52:58.805 - INFO - CDS - contig=VFTETSUL, start=56321, stop=57067, strand=+, nt=[ATGTTAATTA..AAGAATATGA]
19:52:58.805 - INFO - CDS - contig=VFTETSUL, start=57064, stop=57357, strand=+, nt=[ATGATTGCTG..AATTGTTTAA]
19:52:58.805 - INFO - CDS - contig=VFTETSUL, start=57338, stop=57601, strand=+, nt=[ATGATAAAAA..TTCTAGATAA]
19:52:58.805 - INFO - CDS - contig=VFTETSUL, start=57741, stop=58094, strand=-, nt=[ATGTCAAGGG..GGGTTGTTAG]
19:52:58.805 - INFO - CDS - contig=VFTETSUL, start=58082, stop=58243, strand=-, nt=[ATGCCAAAAA..TCAAGGGTAA]
19:52:58.805 - INFO - CDS - contig=VFTETSUL, start=58224, stop=58682, strand=-, nt=[ATGGAAGTAA..AAAAAAGTAA]
19:52:58.805 - INFO - CDS - contig=VFTETSUL, start=58765, stop=59820, strand=-, nt=[ATGAACAATA..TTTTTATTAG]
19:52:58.805 - INFO - CDS - contig=VFTETSUL, start=59899, stop=60018, strand=+, nt=[ATGAAAGTAA..TGTTAAGTAA]
19:52:58.805 - INFO - CDS - contig=VFTETSUL, start=60496, stop=61029, strand=-, nt=[ATGAAATATA..TTTTTTTTAG]
19:52:58.805 - INFO - CDS - contig=VFTETSUL, start=61026, stop=61982, strand=-, nt=[ATGTTAGAAA..ATTAAGATGA]
19:52:58.805 - INFO - CDS - contig=VFTETSUL, start=62116, stop=63075, strand=+, nt=[ATGAAATATT..AAAAAAATAA]
19:52:58.805 - INFO - CDS - contig=VFTETSUL, start=63054, stop=63842, strand=+, nt=[ATGTCTTATA..TAATGATTAA]
19:52:58.805 - INFO - CDS - contig=VFTETSUL, start=63835, stop=64956, strand=+, nt=[ATGATTAAAC..AGCATGCTAG]
19:52:58.805 - INFO - CDS - contig=VFTETSUL, start=64953, stop=66239, strand=-, nt=[ATGAAATATT..TAAATACTAG]
19:52:58.805 - INFO - CDS - contig=VFTETSUL, start=66236, stop=67411, strand=-, nt=[ATGGAATATA..AATATTATGA]
19:52:58.805 - INFO - CDS - contig=VFTETSUL, start=67401, stop=68627, strand=-, nt=[ATGAATAAAA..TGGAATATAA]
19:52:58.805 - INFO - CDS - contig=VFTETSUL, start=68620, stop=68799, strand=-, nt=[ATGAAAATAA..AAATGAATAA]
19:52:58.805 - INFO - CDS - contig=VFTETSUL, start=68796, stop=69101, strand=-, nt=[ATGATATATG..ATTAGAATGA]
19:52:58.805 - INFO - CDS - contig=VFTETSUL, start=69108, stop=69335, strand=+, nt=[ATGAAGAATT..TGGGGATTGA]
19:52:58.805 - INFO - CDS - contig=VFTETSUL, start=69506, stop=70816, strand=+, nt=[ATGAAAAATA..TGGAAAGTAA]
19:52:58.805 - INFO - CDS - contig=VFTETSUL, start=70816, stop=72669, strand=+, nt=[ATGAATTTGT..TTTATTTTAG]
19:52:58.805 - INFO - CDS - contig=VFTETSUL, start=72718, stop=73992, strand=+, nt=[ATGAATTTAT..TTTTAAATGA]
19:52:58.805 - INFO - CDS - contig=VFTETSUL, start=73989, stop=75194, strand=+, nt=[ATGAACAACA..TTTATGTTAG]
19:52:58.805 - INFO - CDS - contig=VFTETSUL, start=75191, stop=76498, strand=-, nt=[TTGATAAATT..AATATACTAA]
19:52:58.805 - INFO - CDS - contig=VFTETSUL, start=76839, stop=77870, strand=-, nt=[ATGTATAAAG..ATTATTTTAA]
19:52:58.805 - INFO - CDS - contig=VFTETSUL, start=77863, stop=79665, strand=-, nt=[ATGAAAAAAA..AAATGTATAA]
19:52:58.805 - INFO - CDS - contig=VFTETSUL, start=79671, stop=80111, strand=-, nt=[ATGAAAAAAG..TAAATATTAA]
19:52:58.805 - INFO - CDS - contig=VFTETSUL, start=80143, stop=81093, strand=+, nt=[ATGTCTAAGG..CTGCTATTAA]
19:52:58.805 - INFO - CDS - contig=VFTETSUL, start=81064, stop=82053, strand=-, nt=[ATGGTTTTAT..AATAGAATAA]
19:52:58.805 - INFO - CDS - contig=VFTETSUL, start=82067, stop=82654, strand=-, nt=[ATGGAATTAA..GTATAAATAA]
19:52:58.805 - INFO - CDS - contig=VFTETSUL, start=82692, stop=83354, strand=-, nt=[ATGAACAAAA..ACAAAAATAG]
19:52:58.805 - INFO - CDS - contig=VFTETSUL, start=83360, stop=84091, strand=-, nt=[ATGTTAATAG..AAAAAAATAA]
19:52:58.805 - INFO - CDS - contig=VFTETSUL, start=84102, stop=84536, strand=+, nt=[ATGAACATTA..AATTACTTAA]
19:52:58.805 - INFO - CDS - contig=VFTETSUL, start=84533, stop=84901, strand=-, nt=[ATGTTAAATA..ATTTTATTAA]
19:52:58.805 - INFO - CDS - contig=VFTETSUL, start=84891, stop=85139, strand=-, nt=[ATGGCAAAAA..TGTTAAATAA]
19:52:58.805 - INFO - CDS - contig=VFTETSUL, start=85118, stop=85444, strand=-, nt=[ATGAATAAAA..AAAGCAGTAG]
19:52:58.805 - INFO - CDS - contig=VFTETSUL, start=85441, stop=86241, strand=-, nt=[ATGATATACA..AAAAAAATGA]
19:52:58.805 - INFO - CDS - contig=VFTETSUL, start=86624, stop=87016, strand=+, nt=[ATGCAAAATG..ATTGCACTAA]
19:52:58.805 - INFO - CDS - contig=VFTETSUL, start=87908, stop=88045, strand=-, nt=[ATGGTTGTGA..CGGTGCCTAA]
19:52:58.805 - INFO - CDS - contig=VFTETSUL, start=88256, stop=88549, strand=+, nt=[ATGGTCTGGG..TCATGGATAG]
19:52:58.805 - INFO - CDS - contig=VFTETSUL, start=90885, stop=91298, strand=+, nt=[ATGCTAAAAG..TGTTCAATGA]
19:52:58.805 - INFO - CDS - contig=VFTETSUL, start=91288, stop=91887, strand=+, nt=[ATGTTCAATG..AAATGTTTGA]
19:52:58.805 - INFO - CDS - contig=VFTETSUL, start=91880, stop=92062, strand=+, nt=[ATGTTTGAAA..TTTTGTGTGA]
19:52:58.805 - INFO - CDS - contig=VFTETSUL, start=92059, stop=92853, strand=+, nt=[GTGATAATTA..AAATATTTAA]
19:52:58.805 - INFO - CDS - contig=VFTETSUL, start=92837, stop=93100, strand=+, nt=[ATGTCAAAAA..TAAAAAATGA]
19:52:58.805 - INFO - CDS - contig=VFTETSUL, start=93097, stop=93414, strand=+, nt=[ATGAATGAGT..AAGTTTGTAA]
19:52:58.805 - INFO - CDS - contig=VFTETSUL, start=93414, stop=94055, strand=+, nt=[ATGGGAAAAA..CAAAATTTAA]
19:52:58.805 - INFO - CDS - contig=VFTETSUL, start=94018, stop=94437, strand=+, nt=[ATGACATTTT..TTTTTTTTAA]
19:52:58.805 - INFO - CDS - contig=VFTETSUL, start=94569, stop=94775, strand=+, nt=[ATGTACATAT..TGTCATATAG]
19:52:58.805 - INFO - CDS - contig=VFTETSUL, start=94765, stop=95316, strand=+, nt=[ATGTCATATA..TATAAATTAA]
19:52:58.805 - INFO - CDS - contig=VFTETSUL, start=95316, stop=95618, strand=+, nt=[ATGTCCAAAA..AAGCTGGTAA]
19:52:58.805 - INFO - CDS - contig=VFTETSUL, start=95618, stop=95989, strand=+, nt=[ATGTCTTATA..TGATGTCTAG]
19:52:58.805 - INFO - CDS - contig=VFTETSUL, start=95982, stop=96515, strand=+, nt=[ATGTCTAGAA..AAAAAAATAA]
19:52:58.805 - INFO - CDS - contig=VFTETSUL, start=96478, stop=96810, strand=+, nt=[ATGAAAGTAA..ATTTTTCTAG]
19:52:58.805 - INFO - CDS - contig=VFTETSUL, start=96814, stop=97245, strand=+, nt=[ATGAATAATA..AATTGATTAA]
19:52:58.805 - INFO - CDS - contig=VFTETSUL, start=97238, stop=97588, strand=+, nt=[TTGATTAAAA..TGAAAAATAA]
19:52:58.805 - INFO - CDS - contig=VFTETSUL, start=97578, stop=97793, strand=+, nt=[ATGAAAAATA..ATTAAAATGA]
19:52:58.805 - INFO - CDS - contig=VFTETSUL, start=97790, stop=97903, strand=+, nt=[ATGAAAGTTT..ACAAGGATGA]
19:52:58.805 - INFO - CDS - contig=VFTETSUL, start=97900, stop=98250, strand=+, nt=[ATGAATATTT..ATATCTATGA]
19:52:58.805 - INFO - CDS - contig=VFTETSUL, start=98247, stop=98588, strand=+, nt=[ATGAAATACA..AAGAACATAA]
19:52:58.805 - INFO - CDS - contig=VFTETSUL, start=98589, stop=99146, strand=+, nt=[ATGAAAAAAA..GTCACTTTAG]
19:52:58.805 - INFO - CDS - contig=VFTETSUL, start=99109, stop=99759, strand=+, nt=[TTGTTTTTAG..TGAGGCATAA]
19:52:58.805 - INFO - CDS - contig=VFTETSUL, start=99749, stop=100054, strand=+, nt=[ATGAGGCATA..TAAATTTTAA]
19:52:58.805 - INFO - CDS - contig=VFTETSUL, start=100044, stop=101192, strand=-, nt=[ATGAAAAAAA..TAAAATTTAA]
19:52:58.805 - INFO - CDS - contig=VFTETSUL, start=101194, stop=101625, strand=+, nt=[ATGGTTAATA..TTATGCCTAG]
19:52:58.805 - INFO - CDS - contig=VFTETSUL, start=101618, stop=102646, strand=+, nt=[ATGCCTAGAA..TAGGGTATAA]
19:52:58.805 - INFO - CDS - contig=VFTETSUL, start=1, stop=1188, strand=+, nt=[ATGAAAGAAA..AGAGGAATAA]
19:52:58.805 - INFO - CDS - contig=VFTETSUL, start=102692, stop=102862, strand=-, nt=[TATAATAAGC..CCTTCTATAA]
19:52:58.822 - INFO - CDS - predicted=124
19:52:58.841 - INFO - ORF - discard spurious: contig=VFTETSUL, start=86624, stop=87016, strand=+, homology=Spurious_ORF_05, evalue=3.8e-47, bitscore=151.763870
19:52:58.852 - INFO - ORF - discarded=1
19:52:58.889 - INFO - UPS - looked-up=0
19:52:58.890 - INFO - IPS - looked-up=0
19:52:58.890 - INFO - ORF - write internal aa seqs: # seqs=123, path=/tmp/tmp0gks_ken/cds.psc.faa
19:53:41.146 - INFO - PSC - found: PSC=0, PSCC=20
19:53:41.150 - INFO - PSC - looked-up=20
19:53:41.152 - INFO - PSCC - looked-up=16
19:53:41.152 - INFO - ORF - write internal aa seqs: # seqs=123, path=/tmp/tmp0gks_ken/cds.expert.faa
19:53:41.725 - INFO - EXPERT-AMRFINDER - found=0
19:53:42.236 - INFO - EXPERT_AA_SEQ - found=0
19:53:42.236 - INFO - ANNOTATION - marked as hypothetical: contig=VFTETSUL, start=1258, stop=1644, strand=+
19:53:42.236 - INFO - ANNOTATION - marked as hypothetical: contig=VFTETSUL, start=1634, stop=2278, strand=+
19:53:42.236 - INFO - ANNOTATION - marked as hypothetical: contig=VFTETSUL, start=2271, stop=2717, strand=+
19:53:42.236 - INFO - ANNOTATION - marked as hypothetical: contig=VFTETSUL, start=2695, stop=3054, strand=+
19:53:42.236 - INFO - ANNOTATION - marked as hypothetical: contig=VFTETSUL, start=3033, stop=7196, strand=+
19:53:42.236 - INFO - ANNOTATION - marked as hypothetical: contig=VFTETSUL, start=7172, stop=11098, strand=+
19:53:42.236 - INFO - ANNOTATION - marked as hypothetical: contig=VFTETSUL, start=11095, stop=11490, strand=+
19:53:42.236 - INFO - ANNOTATION - marked as hypothetical: contig=VFTETSUL, start=11459, stop=11932, strand=+
19:53:42.236 - INFO - ANNOTATION - marked as hypothetical: contig=VFTETSUL, start=13974, stop=14270, strand=+
19:53:42.236 - INFO - ANNOTATION - marked as hypothetical: contig=VFTETSUL, start=14267, stop=14692, strand=+
19:53:42.236 - INFO - ANNOTATION - marked as hypothetical: contig=VFTETSUL, start=14767, stop=15102, strand=+
19:53:42.236 - INFO - ANNOTATION - marked as hypothetical: contig=VFTETSUL, start=15095, stop=15790, strand=-
19:53:42.236 - INFO - ANNOTATION - marked as hypothetical: contig=VFTETSUL, start=15787, stop=16890, strand=-
19:53:42.236 - INFO - ANNOTATION - marked as hypothetical: contig=VFTETSUL, start=17276, stop=17611, strand=-
19:53:42.236 - INFO - ANNOTATION - marked as hypothetical: contig=VFTETSUL, start=17598, stop=18401, strand=-
19:53:42.236 - INFO - ANNOTATION - marked as hypothetical: contig=VFTETSUL, start=18402, stop=19043, strand=-
19:53:42.236 - INFO - ANNOTATION - marked as hypothetical: contig=VFTETSUL, start=19033, stop=20667, strand=-
19:53:42.236 - INFO - ANNOTATION - marked as hypothetical: contig=VFTETSUL, start=20712, stop=21647, strand=+
19:53:42.236 - INFO - ANNOTATION - marked as hypothetical: contig=VFTETSUL, start=21648, stop=22151, strand=+
19:53:42.236 - INFO - ANNOTATION - marked as hypothetical: contig=VFTETSUL, start=22148, stop=22708, strand=-
19:53:42.236 - INFO - ANNOTATION - marked as hypothetical: contig=VFTETSUL, start=22794, stop=23930, strand=+
19:53:42.236 - INFO - ANNOTATION - marked as hypothetical: contig=VFTETSUL, start=23922, stop=25220, strand=-
19:53:42.236 - INFO - ANNOTATION - marked as hypothetical: contig=VFTETSUL, start=25227, stop=25925, strand=-
19:53:42.236 - INFO - ANNOTATION - marked as hypothetical: contig=VFTETSUL, start=25903, stop=26811, strand=-
19:53:42.236 - INFO - ANNOTATION - marked as hypothetical: contig=VFTETSUL, start=26812, stop=28914, strand=+
19:53:42.236 - INFO - ANNOTATION - marked as hypothetical: contig=VFTETSUL, start=28988, stop=29185, strand=-
19:53:42.236 - INFO - ANNOTATION - marked as hypothetical: contig=VFTETSUL, start=29230, stop=29370, strand=-
19:53:42.236 - INFO - ANNOTATION - marked as hypothetical: contig=VFTETSUL, start=29352, stop=29546, strand=-
19:53:42.236 - INFO - ANNOTATION - marked as hypothetical: contig=VFTETSUL, start=29566, stop=31785, strand=+
19:53:42.236 - INFO - ANNOTATION - marked as hypothetical: contig=VFTETSUL, start=31993, stop=32796, strand=+
19:53:42.236 - INFO - ANNOTATION - marked as hypothetical: contig=VFTETSUL, start=32793, stop=33926, strand=+
19:53:42.237 - INFO - ANNOTATION - marked as hypothetical: contig=VFTETSUL, start=34755, stop=35303, strand=-
19:53:42.237 - INFO - ANNOTATION - marked as hypothetical: contig=VFTETSUL, start=35300, stop=36586, strand=-
19:53:42.237 - INFO - ANNOTATION - marked as hypothetical: contig=VFTETSUL, start=36798, stop=38258, strand=-
19:53:42.237 - INFO - ANNOTATION - marked as hypothetical: contig=VFTETSUL, start=38260, stop=39171, strand=-
19:53:42.237 - INFO - ANNOTATION - marked as hypothetical: contig=VFTETSUL, start=39199, stop=40623, strand=+
19:53:42.237 - INFO - ANNOTATION - marked as hypothetical: contig=VFTETSUL, start=40817, stop=43813, strand=+
19:53:42.237 - INFO - ANNOTATION - marked as hypothetical: contig=VFTETSUL, start=43806, stop=43976, strand=+
19:53:42.237 - INFO - ANNOTATION - marked as hypothetical: contig=VFTETSUL, start=44051, stop=44782, strand=+
19:53:42.237 - INFO - ANNOTATION - marked as hypothetical: contig=VFTETSUL, start=44779, stop=45819, strand=+
19:53:42.237 - INFO - ANNOTATION - marked as hypothetical: contig=VFTETSUL, start=46084, stop=46341, strand=+
19:53:42.237 - INFO - ANNOTATION - marked as hypothetical: contig=VFTETSUL, start=46322, stop=46540, strand=+
19:53:42.237 - INFO - ANNOTATION - marked as hypothetical: contig=VFTETSUL, start=47298, stop=47921, strand=+
19:53:42.237 - INFO - ANNOTATION - fix gene: extract symbol from protein name. symbol=clpX
19:53:42.237 - INFO - ANNOTATION - marked as hypothetical: contig=VFTETSUL, start=49700, stop=50500, strand=+
19:53:42.237 - INFO - ANNOTATION - marked as hypothetical: contig=VFTETSUL, start=50472, stop=51512, strand=+
19:53:42.237 - INFO - ANNOTATION - marked as hypothetical: contig=VFTETSUL, start=51667, stop=52266, strand=+
19:53:42.237 - INFO - ANNOTATION - marked as hypothetical: contig=VFTETSUL, start=52263, stop=53486, strand=+
19:53:42.237 - INFO - ANNOTATION - marked as hypothetical: contig=VFTETSUL, start=53473, stop=54438, strand=+
19:53:42.237 - INFO - ANNOTATION - marked as hypothetical: contig=VFTETSUL, start=54435, stop=55028, strand=+
19:53:42.237 - INFO - ANNOTATION - marked as hypothetical: contig=VFTETSUL, start=55025, stop=55621, strand=+
19:53:42.237 - INFO - ANNOTATION - marked as hypothetical: contig=VFTETSUL, start=55618, stop=56331, strand=+
19:53:42.237 - INFO - ANNOTATION - marked as hypothetical: contig=VFTETSUL, start=57064, stop=57357, strand=+
19:53:42.237 - INFO - ANNOTATION - marked as hypothetical: contig=VFTETSUL, start=57338, stop=57601, strand=+
19:53:42.237 - INFO - ANNOTATION - marked as hypothetical: contig=VFTETSUL, start=57741, stop=58094, strand=-
19:53:42.237 - INFO - ANNOTATION - marked as hypothetical: contig=VFTETSUL, start=58082, stop=58243, strand=-
19:53:42.237 - INFO - ANNOTATION - marked as hypothetical: contig=VFTETSUL, start=58224, stop=58682, strand=-
19:53:42.237 - INFO - ANNOTATION - marked as hypothetical: contig=VFTETSUL, start=59899, stop=60018, strand=+
19:53:42.237 - INFO - ANNOTATION - marked as hypothetical: contig=VFTETSUL, start=60496, stop=61029, strand=-
19:53:42.237 - INFO - ANNOTATION - marked as hypothetical: contig=VFTETSUL, start=61026, stop=61982, strand=-
19:53:42.237 - INFO - ANNOTATION - marked as hypothetical: contig=VFTETSUL, start=62116, stop=63075, strand=+
19:53:42.237 - INFO - ANNOTATION - marked as hypothetical: contig=VFTETSUL, start=63835, stop=64956, strand=+
19:53:42.237 - INFO - ANNOTATION - marked as hypothetical: contig=VFTETSUL, start=64953, stop=66239, strand=-
19:53:42.237 - INFO - ANNOTATION - marked as hypothetical: contig=VFTETSUL, start=66236, stop=67411, strand=-
19:53:42.237 - INFO - ANNOTATION - marked as hypothetical: contig=VFTETSUL, start=67401, stop=68627, strand=-
19:53:42.237 - INFO - ANNOTATION - marked as hypothetical: contig=VFTETSUL, start=68620, stop=68799, strand=-
19:53:42.237 - INFO - ANNOTATION - marked as hypothetical: contig=VFTETSUL, start=68796, stop=69101, strand=-
19:53:42.237 - INFO - ANNOTATION - marked as hypothetical: contig=VFTETSUL, start=69108, stop=69335, strand=+
19:53:42.237 - INFO - ANNOTATION - marked as hypothetical: contig=VFTETSUL, start=69506, stop=70816, strand=+
19:53:42.237 - INFO - ANNOTATION - marked as hypothetical: contig=VFTETSUL, start=70816, stop=72669, strand=+
19:53:42.237 - INFO - ANNOTATION - marked as hypothetical: contig=VFTETSUL, start=72718, stop=73992, strand=+
19:53:42.237 - INFO - ANNOTATION - marked as hypothetical: contig=VFTETSUL, start=73989, stop=75194, strand=+
19:53:42.237 - INFO - ANNOTATION - marked as hypothetical: contig=VFTETSUL, start=75191, stop=76498, strand=-
19:53:42.237 - INFO - ANNOTATION - marked as hypothetical: contig=VFTETSUL, start=76839, stop=77870, strand=-
19:53:42.237 - INFO - ANNOTATION - fix gene: extract symbol from protein name. symbol=dnaK
19:53:42.237 - INFO - ANNOTATION - marked as hypothetical: contig=VFTETSUL, start=79671, stop=80111, strand=-
19:53:42.237 - INFO - ANNOTATION - marked as hypothetical: contig=VFTETSUL, start=80143, stop=81093, strand=+
19:53:42.237 - INFO - ANNOTATION - marked as hypothetical: contig=VFTETSUL, start=81064, stop=82053, strand=-
19:53:42.237 - INFO - ANNOTATION - marked as hypothetical: contig=VFTETSUL, start=82067, stop=82654, strand=-
19:53:42.237 - INFO - ANNOTATION - marked as hypothetical: contig=VFTETSUL, start=82692, stop=83354, strand=-
19:53:42.237 - INFO - ANNOTATION - marked as hypothetical: contig=VFTETSUL, start=83360, stop=84091, strand=-
19:53:42.237 - INFO - ANNOTATION - marked as hypothetical: contig=VFTETSUL, start=84102, stop=84536, strand=+
19:53:42.237 - INFO - ANNOTATION - marked as hypothetical: contig=VFTETSUL, start=84533, stop=84901, strand=-
19:53:42.237 - INFO - ANNOTATION - marked as hypothetical: contig=VFTETSUL, start=84891, stop=85139, strand=-
19:53:42.237 - INFO - ANNOTATION - marked as hypothetical: contig=VFTETSUL, start=85118, stop=85444, strand=-
19:53:42.237 - INFO - ANNOTATION - marked as hypothetical: contig=VFTETSUL, start=85441, stop=86241, strand=-
19:53:42.237 - INFO - ANNOTATION - marked as hypothetical: contig=VFTETSUL, start=87908, stop=88045, strand=-
19:53:42.237 - INFO - ANNOTATION - marked as hypothetical: contig=VFTETSUL, start=88256, stop=88549, strand=+
19:53:42.237 - INFO - ANNOTATION - marked as hypothetical: contig=VFTETSUL, start=90885, stop=91298, strand=+
19:53:42.237 - INFO - ANNOTATION - marked as hypothetical: contig=VFTETSUL, start=91288, stop=91887, strand=+
19:53:42.237 - INFO - ANNOTATION - marked as hypothetical: contig=VFTETSUL, start=91880, stop=92062, strand=+
19:53:42.237 - INFO - ANNOTATION - marked as hypothetical: contig=VFTETSUL, start=93097, stop=93414, strand=+
19:53:42.237 - INFO - ANNOTATION - marked as hypothetical: contig=VFTETSUL, start=93414, stop=94055, strand=+
19:53:42.237 - INFO - ANNOTATION - marked as hypothetical: contig=VFTETSUL, start=94569, stop=94775, strand=+
19:53:42.237 - INFO - ANNOTATION - marked as hypothetical: contig=VFTETSUL, start=94765, stop=95316, strand=+
19:53:42.237 - INFO - ANNOTATION - marked as hypothetical: contig=VFTETSUL, start=95618, stop=95989, strand=+
19:53:42.237 - INFO - ANNOTATION - marked as hypothetical: contig=VFTETSUL, start=95982, stop=96515, strand=+
19:53:42.237 - INFO - ANNOTATION - marked as hypothetical: contig=VFTETSUL, start=96478, stop=96810, strand=+
19:53:42.237 - INFO - ANNOTATION - marked as hypothetical: contig=VFTETSUL, start=96814, stop=97245, strand=+
19:53:42.237 - INFO - ANNOTATION - marked as hypothetical: contig=VFTETSUL, start=97238, stop=97588, strand=+
19:53:42.237 - INFO - ANNOTATION - marked as hypothetical: contig=VFTETSUL, start=97790, stop=97903, strand=+
19:53:42.238 - INFO - ANNOTATION - marked as hypothetical: contig=VFTETSUL, start=98589, stop=99146, strand=+
19:53:42.238 - INFO - ANNOTATION - marked as hypothetical: contig=VFTETSUL, start=99109, stop=99759, strand=+
19:53:42.238 - INFO - ANNOTATION - marked as hypothetical: contig=VFTETSUL, start=99749, stop=100054, strand=+
19:53:42.238 - INFO - ANNOTATION - marked as hypothetical: contig=VFTETSUL, start=100044, stop=101192, strand=-
19:53:42.238 - INFO - ANNOTATION - marked as hypothetical: contig=VFTETSUL, start=101194, stop=101625, strand=+
19:53:42.238 - INFO - ANNOTATION - marked as hypothetical: contig=VFTETSUL, start=101618, stop=102646, strand=+
19:53:42.238 - INFO - ANNOTATION - marked as hypothetical: contig=VFTETSUL, start=1, stop=1188, strand=+
19:53:42.238 - INFO - ANNOTATION - marked as hypothetical: contig=VFTETSUL, start=102692, stop=102862, strand=-
19:53:42.238 - INFO - ORF - write internal aa seqs: # seqs=105, path=/tmp/tmp0gks_ken/cds.pseudo.candidates.faa
19:54:44.682 - INFO - CDS - found: pseudogene-candidates=0
19:54:44.683 - INFO - PSC - looked-up=0
19:54:44.683 - INFO - PSCC - looked-up=0
19:54:44.704 - INFO - CDS - pfam detected: contig=VFTETSUL, start=50472, stop=51512, strand=+, pfam-id=PF00004.32, length=131, aa-start=40, aa-stop=149, aa-cov=0.3, hmm-cov=0.9, evalue=1.9e-13, bitscore=43.8, name=AAA
19:54:44.706 - INFO - CDS - pfam detected: contig=VFTETSUL, start=67401, stop=68627, strand=-, pfam-id=PF13481.9, length=192, aa-start=155, aa-stop=331, aa-cov=0.4, hmm-cov=0.9, evalue=1.1e-13, bitscore=43.9, name=AAA_25
19:54:44.736 - INFO - CDS - pfam detected: contig=VFTETSUL, start=62116, stop=63075, strand=+, pfam-id=PF00155.24, length=314, aa-start=3, aa-stop=294, aa-cov=0.9, hmm-cov=1.0, evalue=3.3e-30, bitscore=98.1, name=Aminotran_1_2
19:54:44.736 - INFO - CDS - pfam detected: contig=VFTETSUL, start=53473, stop=54438, strand=+, pfam-id=PF00155.24, length=220, aa-start=29, aa-stop=223, aa-cov=0.6, hmm-cov=1.0, evalue=7.3e-20, bitscore=64.1, name=Aminotran_1_2
19:54:44.737 - INFO - CDS - pfam detected: contig=VFTETSUL, start=22794, stop=23930, strand=+, pfam-id=PF00266.22, length=387, aa-start=2, aa-stop=359, aa-cov=0.9, hmm-cov=1.0, evalue=1.7e-48, bitscore=158.1, name=Aminotran_5
19:54:44.874 - INFO - CDS - pfam detected: contig=VFTETSUL, start=32793, stop=33926, strand=+, pfam-id=PF01053.23, length=372, aa-start=8, aa-stop=374, aa-cov=1.0, hmm-cov=1.0, evalue=1.9e-67, bitscore=220.1, name=Cys_Met_Meta_PP
19:54:44.881 - INFO - CDS - pfam detected: contig=VFTETSUL, start=80143, stop=81093, strand=+, pfam-id=PF00793.23, length=283, aa-start=8, aa-stop=287, aa-cov=0.9, hmm-cov=0.9, evalue=1.1e-60, bitscore=197.6, name=DAHP_synth_1
19:54:44.882 - INFO - CDS - pfam detected: contig=VFTETSUL, start=82692, stop=83354, strand=-, pfam-id=PF05173.17, length=115, aa-start=112, aa-stop=217, aa-cov=0.5, hmm-cov=1.0, evalue=9.7e-21, bitscore=66.9, name=DapB_C
19:54:44.882 - INFO - CDS - pfam detected: contig=VFTETSUL, start=82692, stop=83354, strand=-, pfam-id=PF01113.23, length=122, aa-start=3, aa-stop=102, aa-cov=0.5, hmm-cov=1.0, evalue=4.9e-23, bitscore=74.4, name=DapB_N
19:54:44.883 - INFO - CDS - pfam detected: contig=VFTETSUL, start=17598, stop=18401, strand=-, pfam-id=PF01678.22, length=90, aa-start=4, aa-stop=90, aa-cov=0.3, hmm-cov=1.0, evalue=6.9e-16, bitscore=51.3, name=DAP_epimerase
19:54:44.897 - INFO - CDS - pfam detected: contig=VFTETSUL, start=25903, stop=26811, strand=-, pfam-id=PF00701.25, length=288, aa-start=3, aa-stop=288, aa-cov=0.9, hmm-cov=1.0, evalue=3.1e-67, bitscore=219.0, name=DHDPS
19:54:44.899 - INFO - CDS - pfam detected: contig=VFTETSUL, start=84102, stop=84536, strand=+, pfam-id=PF01220.22, length=137, aa-start=3, aa-stop=139, aa-cov=1.0, hmm-cov=1.0, evalue=3.3e-42, bitscore=136.2, name=DHquinase_II
19:54:44.900 - INFO - CDS - pfam detected: contig=VFTETSUL, start=101618, stop=102646, strand=+, pfam-id=PF01761.23, length=260, aa-start=49, aa-stop=299, aa-cov=0.7, hmm-cov=1.0, evalue=1.2e-67, bitscore=220.6, name=DHQ_synthase
19:54:44.911 - INFO - CDS - pfam detected: contig=VFTETSUL, start=67401, stop=68627, strand=-, pfam-id=PF03796.18, length=254, aa-start=155, aa-stop=404, aa-cov=0.6, hmm-cov=1.0, evalue=1.3e-84, bitscore=276.2, name=DnaB_C
19:54:44.913 - INFO - CDS - pfam detected: contig=VFTETSUL, start=76839, stop=77870, strand=-, pfam-id=PF00226.34, length=58, aa-start=5, aa-stop=62, aa-cov=0.2, hmm-cov=1.0, evalue=2.4e-26, bitscore=84.5, name=DnaJ
19:54:44.914 - INFO - CDS - pfam detected: contig=VFTETSUL, start=76839, stop=77870, strand=-, pfam-id=PF01556.21, length=216, aa-start=111, aa-stop=325, aa-cov=0.6, hmm-cov=0.7, evalue=7.7e-30, bitscore=96.7, name=DnaJ_C
19:54:44.915 - INFO - CDS - pfam detected: contig=VFTETSUL, start=76839, stop=77870, strand=-, pfam-id=PF00684.22, length=62, aa-start=136, aa-stop=192, aa-cov=0.2, hmm-cov=1.0, evalue=1.4e-10, bitscore=34.2, name=DnaJ_CXXCXGXG
19:54:44.916 - INFO - CDS - pfam detected: contig=VFTETSUL, start=40817, stop=43813, strand=+, pfam-id=PF07733.15, length=244, aa-start=303, aa-stop=545, aa-cov=0.2, hmm-cov=1.0, evalue=8.5e-84, bitscore=273.9, name=DNA_pol3_alpha
19:54:44.916 - INFO - CDS - pfam detected: contig=VFTETSUL, start=75191, stop=76498, strand=-, pfam-id=PF02767.19, length=107, aa-start=201, aa-stop=305, aa-cov=0.2, hmm-cov=1.0, evalue=7.5e-14, bitscore=44.8, name=DNA_pol3_beta_2
19:54:44.916 - INFO - CDS - pfam detected: contig=VFTETSUL, start=75191, stop=76498, strand=-, pfam-id=PF02768.18, length=115, aa-start=323, aa-stop=433, aa-cov=0.3, hmm-cov=1.0, evalue=1.7e-13, bitscore=43.3, name=DNA_pol3_beta_3
19:54:44.916 - INFO - CDS - pfam detected: contig=VFTETSUL, start=50472, stop=51512, strand=+, pfam-id=PF13177.9, length=77, aa-start=81, aa-stop=157, aa-cov=0.2, hmm-cov=1.0, evalue=1.6e-14, bitscore=47.0, name=DNA_pol3_delta2
19:54:44.917 - INFO - CDS - pfam detected: contig=VFTETSUL, start=49700, stop=50500, strand=+, pfam-id=PF13177.9, length=157, aa-start=18, aa-stop=166, aa-cov=0.6, hmm-cov=0.9, evalue=2.1e-10, bitscore=33.6, name=DNA_pol3_delta2
19:54:44.917 - INFO - CDS - pfam detected: contig=VFTETSUL, start=40817, stop=43813, strand=+, pfam-id=PF17657.4, length=158, aa-start=548, aa-stop=696, aa-cov=0.1, hmm-cov=1.0, evalue=1.6e-30, bitscore=98.4, name=DNA_pol3_finger
19:54:45.100 - INFO - CDS - pfam detected: contig=VFTETSUL, start=34755, stop=35303, strand=-, pfam-id=PF00117.31, length=184, aa-start=4, aa-stop=178, aa-cov=1.0, hmm-cov=1.0, evalue=3.3e-24, bitscore=78.5, name=GATase
19:54:45.100 - INFO - CDS - pfam detected: contig=VFTETSUL, start=55025, stop=55621, strand=+, pfam-id=PF00117.31, length=205, aa-start=8, aa-stop=195, aa-cov=0.9, hmm-cov=0.9, evalue=1.4e-13, bitscore=43.8, name=GATase
19:54:45.115 - INFO - CDS - pfam detected: contig=VFTETSUL, start=70816, stop=72669, strand=+, pfam-id=PF13932.9, length=221, aa-start=401, aa-stop=607, aa-cov=0.3, hmm-cov=0.9, evalue=3.3e-22, bitscore=72.5, name=GIDA_C
19:54:45.158 - INFO - CDS - pfam detected: contig=VFTETSUL, start=1, stop=1188, strand=+, pfam-id=PF00009.30, length=206, aa-start=10, aa-stop=203, aa-cov=0.5, hmm-cov=0.9, evalue=2.1e-55, bitscore=180.0, name=GTP_EFTU
19:54:45.159 - INFO - CDS - pfam detected: contig=VFTETSUL, start=19033, stop=20667, strand=-, pfam-id=PF00009.30, length=109, aa-start=105, aa-stop=213, aa-cov=0.2, hmm-cov=0.8, evalue=1.2e-11, bitscore=37.2, name=GTP_EFTU
19:54:45.159 - INFO - CDS - pfam detected: contig=VFTETSUL, start=1, stop=1188, strand=+, pfam-id=PF03144.28, length=73, aa-start=227, aa-stop=295, aa-cov=0.2, hmm-cov=1.0, evalue=1.9e-15, bitscore=49.9, name=GTP_EFTU_D2
19:54:45.159 - INFO - CDS - pfam detected: contig=VFTETSUL, start=1, stop=1188, strand=+, pfam-id=PF03143.20, length=105, aa-start=302, aa-stop=393, aa-cov=0.2, hmm-cov=1.0, evalue=4.3e-37, bitscore=119.5, name=GTP_EFTU_D3
19:54:45.173 - INFO - CDS - pfam detected: contig=VFTETSUL, start=40817, stop=43813, strand=+, pfam-id=PF14579.9, length=89, aa-start=768, aa-stop=854, aa-cov=0.1, hmm-cov=1.0, evalue=1.6e-17, bitscore=56.3, name=HHH_6
19:54:45.178 - INFO - CDS - pfam detected: contig=VFTETSUL, start=66236, stop=67411, strand=-, pfam-id=PF00742.22, length=176, aa-start=134, aa-stop=307, aa-cov=0.4, hmm-cov=1.0, evalue=1.3e-34, bitscore=112.4, name=Homoserine_dh
19:54:45.193 - INFO - CDS - pfam detected: contig=VFTETSUL, start=58224, stop=58682, strand=-, pfam-id=PF05198.19, length=61, aa-start=2, aa-stop=62, aa-cov=0.4, hmm-cov=1.0, evalue=5.6e-15, bitscore=48.2, name=IF3_N
19:54:45.207 - INFO - CDS - pfam detected: contig=VFTETSUL, start=93414, stop=94055, strand=+, pfam-id=PF07650.20, length=55, aa-start=39, aa-stop=93, aa-cov=0.3, hmm-cov=1.0, evalue=9.1e-10, bitscore=31.1, name=KH_2
19:54:45.238 - INFO - CDS - pfam detected: contig=VFTETSUL, start=63835, stop=64956, strand=+, pfam-id=PF07687.17, length=86, aa-start=187, aa-stop=264, aa-cov=0.2, hmm-cov=1.0, evalue=5.2e-08, bitscore=25.6, name=M20_dimer
19:54:45.252 - INFO - CDS - pfam detected: contig=VFTETSUL, start=22148, stop=22708, strand=-, pfam-id=PF08241.15, length=99, aa-start=53, aa-stop=151, aa-cov=0.5, hmm-cov=1.0, evalue=5.2e-08, bitscore=26.3, name=Methyltransf_11
19:54:45.252 - INFO - CDS - pfam detected: contig=VFTETSUL, start=22148, stop=22708, strand=-, pfam-id=PF13649.9, length=100, aa-start=52, aa-stop=147, aa-cov=0.5, hmm-cov=1.0, evalue=8.7e-10, bitscore=32.0, name=Methyltransf_25
19:54:45.253 - INFO - CDS - pfam detected: contig=VFTETSUL, start=22148, stop=22708, strand=-, pfam-id=PF13847.9, length=117, aa-start=48, aa-stop=157, aa-cov=0.6, hmm-cov=1.0, evalue=3.9e-14, bitscore=45.5, name=Methyltransf_31
19:54:45.256 - INFO - CDS - pfam detected: contig=VFTETSUL, start=29566, stop=31785, strand=+, pfam-id=PF08267.15, length=309, aa-start=5, aa-stop=301, aa-cov=0.4, hmm-cov=1.0, evalue=1.3e-60, bitscore=198.2, name=Meth_synt_1
19:54:45.256 - INFO - CDS - pfam detected: contig=VFTETSUL, start=29566, stop=31785, strand=+, pfam-id=PF01717.21, length=320, aa-start=411, aa-stop=726, aa-cov=0.4, hmm-cov=1.0, evalue=1.0e-79, bitscore=260.9, name=Meth_synt_2
19:54:45.271 - INFO - CDS - pfam detected: contig=VFTETSUL, start=22148, stop=22708, strand=-, pfam-id=PF05175.17, length=116, aa-start=41, aa-stop=150, aa-cov=0.6, hmm-cov=1.0, evalue=6.6e-13, bitscore=41.4, name=MTS
19:54:45.277 - INFO - CDS - pfam detected: contig=VFTETSUL, start=66236, stop=67411, strand=-, pfam-id=PF03447.19, length=108, aa-start=9, aa-stop=116, aa-cov=0.3, hmm-cov=0.9, evalue=2.7e-07, bitscore=24.1, name=NAD_binding_3
19:54:45.297 - INFO - CDS - pfam detected: contig=VFTETSUL, start=100044, stop=101192, strand=-, pfam-id=PF02784.19, length=246, aa-start=29, aa-stop=266, aa-cov=0.6, hmm-cov=1.0, evalue=1.7e-51, bitscore=167.7, name=Orn_Arg_deC_N
19:54:45.299 - INFO - CDS - pfam detected: contig=VFTETSUL, start=100044, stop=101192, strand=-, pfam-id=PF00278.25, length=308, aa-start=50, aa-stop=353, aa-cov=0.8, hmm-cov=0.3, evalue=2.2e-21, bitscore=68.7, name=Orn_DAP_Arg_deC
19:54:45.311 - INFO - CDS - pfam detected: contig=VFTETSUL, start=25227, stop=25925, strand=-, pfam-id=PF03462.21, length=95, aa-start=6, aa-stop=99, aa-cov=0.4, hmm-cov=1.0, evalue=1.6e-14, bitscore=46.9, name=PCRF
19:54:45.314 - INFO - CDS - pfam detected: contig=VFTETSUL, start=19033, stop=20667, strand=-, pfam-id=PF10662.12, length=148, aa-start=66, aa-stop=209, aa-cov=0.3, hmm-cov=0.9, evalue=5.0e-11, bitscore=35.4, name=PduV-EutP
19:54:45.320 - INFO - CDS - pfam detected: contig=VFTETSUL, start=14267, stop=14692, strand=+, pfam-id=PF01327.24, length=108, aa-start=40, aa-stop=137, aa-cov=0.7, hmm-cov=1.0, evalue=5.5e-19, bitscore=61.1, name=Pep_deformylase
19:54:45.347 - INFO - CDS - pfam detected: contig=VFTETSUL, start=20712, stop=21647, strand=+, pfam-id=PF00156.30, length=34, aa-start=228, aa-stop=261, aa-cov=0.1, hmm-cov=1.0, evalue=7.4e-09, bitscore=27.9, name=Pribosyltran
19:54:45.348 - INFO - CDS - pfam detected: contig=VFTETSUL, start=20712, stop=21647, strand=+, pfam-id=PF13793.9, length=116, aa-start=23, aa-stop=134, aa-cov=0.4, hmm-cov=1.0, evalue=2.4e-15, bitscore=49.3, name=Pribosyltran_N
19:54:45.359 - INFO - CDS - pfam detected: contig=VFTETSUL, start=67401, stop=68627, strand=-, pfam-id=PF08423.14, length=182, aa-start=154, aa-stop=329, aa-cov=0.4, hmm-cov=0.9, evalue=6.8e-10, bitscore=31.4, name=Rad51
19:54:45.370 - INFO - CDS - pfam detected: contig=VFTETSUL, start=1258, stop=1644, strand=+, pfam-id=PF00298.22, length=40, aa-start=85, aa-stop=123, aa-cov=0.3, hmm-cov=1.0, evalue=1.1e-06, bitscore=22.0, name=Ribosomal_L11
19:54:45.370 - INFO - CDS - pfam detected: contig=VFTETSUL, start=2695, stop=3054, strand=+, pfam-id=PF00542.22, length=65, aa-start=53, aa-stop=117, aa-cov=0.5, hmm-cov=1.0, evalue=2.2e-17, bitscore=56.1, name=Ribosomal_L12
19:54:45.371 - INFO - CDS - pfam detected: contig=VFTETSUL, start=94569, stop=94775, strand=+, pfam-id=PF00238.22, length=66, aa-start=3, aa-stop=68, aa-cov=1.0, hmm-cov=1.0, evalue=5.7e-20, bitscore=64.4, name=Ribosomal_L14
19:54:45.373 - INFO - CDS - pfam detected: contig=VFTETSUL, start=93097, stop=93414, strand=+, pfam-id=PF00237.22, length=100, aa-start=8, aa-stop=102, aa-cov=0.9, hmm-cov=1.0, evalue=1.5e-11, bitscore=37.3, name=Ribosomal_L22
19:54:45.375 - INFO - CDS - pfam detected: contig=VFTETSUL, start=97790, stop=97903, strand=+, pfam-id=PF00444.21, length=38, aa-start=1, aa-stop=37, aa-cov=1.0, hmm-cov=1.0, evalue=1.1e-16, bitscore=53.6, name=Ribosomal_L36
19:54:45.375 - INFO - CDS - pfam detected: contig=VFTETSUL, start=94765, stop=95316, strand=+, pfam-id=PF00281.22, length=57, aa-start=28, aa-stop=84, aa-cov=0.3, hmm-cov=1.0, evalue=3.7e-18, bitscore=58.4, name=Ribosomal_L5
19:54:45.376 - INFO - CDS - pfam detected: contig=VFTETSUL, start=94765, stop=95316, strand=+, pfam-id=PF00673.24, length=94, aa-start=88, aa-stop=181, aa-cov=0.5, hmm-cov=1.0, evalue=8.8e-27, bitscore=86.0, name=Ribosomal_L5_C
19:54:45.376 - INFO - CDS - pfam detected: contig=VFTETSUL, start=13974, stop=14270, strand=+, pfam-id=PF00338.25, length=94, aa-start=6, aa-stop=96, aa-cov=0.9, hmm-cov=1.0, evalue=4.8e-19, bitscore=61.3, name=Ribosomal_S10
19:54:45.376 - INFO - CDS - pfam detected: contig=VFTETSUL, start=43806, stop=43976, strand=+, pfam-id=PF00312.25, length=54, aa-start=2, aa-stop=55, aa-cov=1.0, hmm-cov=1.0, evalue=1.5e-18, bitscore=59.7, name=Ribosomal_S15
19:54:45.377 - INFO - CDS - pfam detected: contig=VFTETSUL, start=93414, stop=94055, strand=+, pfam-id=PF00189.23, length=80, aa-start=120, aa-stop=198, aa-cov=0.4, hmm-cov=1.0, evalue=4.0e-20, bitscore=64.9, name=Ribosomal_S3_C
19:54:45.378 - INFO - CDS - pfam detected: contig=VFTETSUL, start=96814, stop=97245, strand=+, pfam-id=PF00333.23, length=61, aa-start=6, aa-stop=66, aa-cov=0.4, hmm-cov=1.0, evalue=1.2e-11, bitscore=37.2, name=Ribosomal_S5
19:54:45.378 - INFO - CDS - pfam detected: contig=VFTETSUL, start=96814, stop=97245, strand=+, pfam-id=PF03719.18, length=55, aa-start=81, aa-stop=135, aa-cov=0.4, hmm-cov=1.0, evalue=1.3e-15, bitscore=49.5, name=Ribosomal_S5_C
19:54:45.378 - INFO - CDS - pfam detected: contig=VFTETSUL, start=68796, stop=69101, strand=-, pfam-id=PF01250.20, length=89, aa-start=3, aa-stop=89, aa-cov=0.9, hmm-cov=1.0, evalue=7.3e-13, bitscore=41.5, name=Ribosomal_S6
19:54:45.379 - INFO - CDS - pfam detected: contig=VFTETSUL, start=11459, stop=11932, strand=+, pfam-id=PF00177.24, length=150, aa-start=1, aa-stop=150, aa-cov=1.0, hmm-cov=1.0, evalue=9.2e-37, bitscore=118.8, name=Ribosomal_S7
19:54:45.379 - INFO - CDS - pfam detected: contig=VFTETSUL, start=95618, stop=95989, strand=+, pfam-id=PF00410.22, length=123, aa-start=6, aa-stop=121, aa-cov=0.9, hmm-cov=1.0, evalue=2.6e-18, bitscore=59.0, name=Ribosomal_S8
19:54:45.382 - INFO - CDS - pfam detected: contig=VFTETSUL, start=99109, stop=99759, strand=+, pfam-id=PF01000.29, length=93, aa-start=61, aa-stop=147, aa-cov=0.4, hmm-cov=1.0, evalue=3.6e-14, bitscore=45.9, name=RNA_pol_A_bac
19:54:45.382 - INFO - CDS - pfam detected: contig=VFTETSUL, start=99109, stop=99759, strand=+, pfam-id=PF01193.27, length=180, aa-start=31, aa-stop=209, aa-cov=0.8, hmm-cov=0.4, evalue=1.1e-07, bitscore=24.4, name=RNA_pol_L
19:54:45.383 - INFO - CDS - pfam detected: contig=VFTETSUL, start=7172, stop=11098, strand=+, pfam-id=PF04997.15, length=352, aa-start=9, aa-stop=337, aa-cov=0.3, hmm-cov=0.9, evalue=6.5e-68, bitscore=222.1, name=RNA_pol_Rpb1_1
19:54:45.383 - INFO - CDS - pfam detected: contig=VFTETSUL, start=7172, stop=11098, strand=+, pfam-id=PF00623.23, length=164, aa-start=339, aa-stop=479, aa-cov=0.1, hmm-cov=1.0, evalue=7.0e-33, bitscore=107.0, name=RNA_pol_Rpb1_2
19:54:45.383 - INFO - CDS - pfam detected: contig=VFTETSUL, start=7172, stop=11098, strand=+, pfam-id=PF04983.21, length=166, aa-start=484, aa-stop=626, aa-cov=0.1, hmm-cov=0.9, evalue=1.2e-18, bitscore=60.4, name=RNA_pol_Rpb1_3
19:54:45.390 - INFO - CDS - pfam detected: contig=VFTETSUL, start=7172, stop=11098, strand=+, pfam-id=PF04998.20, length=480, aa-start=748, aa-stop=1221, aa-cov=0.4, hmm-cov=0.5, evalue=3.9e-55, bitscore=179.8, name=RNA_pol_Rpb1_5
19:54:45.390 - INFO - CDS - pfam detected: contig=VFTETSUL, start=3033, stop=7196, strand=+, pfam-id=PF04561.17, length=62, aa-start=465, aa-stop=524, aa-cov=0.0, hmm-cov=1.0, evalue=1.6e-13, bitscore=43.4, name=RNA_pol_Rpb2_2
19:54:45.390 - INFO - CDS - pfam detected: contig=VFTETSUL, start=3033, stop=7196, strand=+, pfam-id=PF04565.19, length=69, aa-start=581, aa-stop=649, aa-cov=0.0, hmm-cov=1.0, evalue=4.1e-25, bitscore=80.6, name=RNA_pol_Rpb2_3
19:54:45.395 - INFO - CDS - pfam detected: contig=VFTETSUL, start=3033, stop=7196, strand=+, pfam-id=PF00562.31, length=523, aa-start=794, aa-stop=1311, aa-cov=0.4, hmm-cov=0.7, evalue=2.6e-95, bitscore=312.5, name=RNA_pol_Rpb2_6
19:54:45.395 - INFO - CDS - pfam detected: contig=VFTETSUL, start=3033, stop=7196, strand=+, pfam-id=PF04560.23, length=84, aa-start=1313, aa-stop=1386, aa-cov=0.1, hmm-cov=1.0, evalue=2.0e-24, bitscore=78.6, name=RNA_pol_Rpb2_7
19:54:45.400 - INFO - CDS - pfam detected: contig=VFTETSUL, start=15095, stop=15790, strand=-, pfam-id=PF00398.23, length=196, aa-start=3, aa-stop=180, aa-cov=0.8, hmm-cov=1.0, evalue=2.6e-21, bitscore=68.6, name=RrnaAD
19:54:45.403 - INFO - CDS - pfam detected: contig=VFTETSUL, start=50472, stop=51512, strand=+, pfam-id=PF05496.15, length=127, aa-start=10, aa-stop=129, aa-cov=0.3, hmm-cov=0.9, evalue=7.0e-11, bitscore=34.9, name=RuvB_N
19:54:45.406 - INFO - CDS - pfam detected: contig=VFTETSUL, start=98589, stop=99146, strand=+, pfam-id=PF01479.28, length=47, aa-start=86, aa-stop=132, aa-cov=0.3, hmm-cov=1.0, evalue=6.6e-17, bitscore=53.8, name=S4
19:54:45.414 - INFO - CDS - pfam detected: contig=VFTETSUL, start=44779, stop=45819, strand=+, pfam-id=PF01118.27, length=121, aa-start=6, aa-stop=112, aa-cov=0.3, hmm-cov=1.0, evalue=2.0e-10, bitscore=34.0, name=Semialdhyde_dh
19:54:45.415 - INFO - CDS - pfam detected: contig=VFTETSUL, start=44779, stop=45819, strand=+, pfam-id=PF02774.21, length=194, aa-start=142, aa-stop=327, aa-cov=0.5, hmm-cov=0.9, evalue=3.2e-27, bitscore=88.5, name=Semialdhyde_dhC
19:54:45.419 - INFO - CDS - pfam detected: contig=VFTETSUL, start=83360, stop=84091, strand=-, pfam-id=PF08501.14, length=82, aa-start=2, aa-stop=83, aa-cov=0.3, hmm-cov=1.0, evalue=2.4e-16, bitscore=52.6, name=Shikimate_dh_N
19:54:45.421 - INFO - CDS - pfam detected: contig=VFTETSUL, start=39199, stop=40623, strand=+, pfam-id=PF04542.17, length=70, aa-start=242, aa-stop=311, aa-cov=0.1, hmm-cov=1.0, evalue=7.0e-23, bitscore=73.1, name=Sigma70_r2
19:54:45.421 - INFO - CDS - pfam detected: contig=VFTETSUL, start=39199, stop=40623, strand=+, pfam-id=PF04545.19, length=51, aa-start=408, aa-stop=458, aa-cov=0.1, hmm-cov=0.9, evalue=9.6e-18, bitscore=56.3, name=Sigma70_r4
19:54:45.465 - INFO - CDS - pfam detected: contig=VFTETSUL, start=64953, stop=66239, strand=-, pfam-id=PF14821.9, length=81, aa-start=2, aa-stop=82, aa-cov=0.2, hmm-cov=1.0, evalue=2.5e-19, bitscore=62.1, name=Thr_synth_N
19:54:45.481 - INFO - CDS - pfam detected: contig=VFTETSUL, start=36798, stop=38258, strand=-, pfam-id=PF00749.24, length=304, aa-start=19, aa-stop=309, aa-cov=0.6, hmm-cov=1.0, evalue=1.5e-66, bitscore=217.2, name=tRNA-synt_1c
19:54:45.482 - INFO - CDS - pfam detected: contig=VFTETSUL, start=23922, stop=25220, strand=-, pfam-id=PF00152.23, length=355, aa-start=100, aa-stop=431, aa-cov=0.8, hmm-cov=0.9, evalue=1.3e-61, bitscore=201.1, name=tRNA-synt_2
19:54:45.483 - INFO - CDS - pfam detected: contig=VFTETSUL, start=81064, stop=82053, strand=-, pfam-id=PF03054.19, length=196, aa-start=2, aa-stop=186, aa-cov=0.6, hmm-cov=1.0, evalue=1.2e-45, bitscore=148.4, name=tRNA_Me_trans
19:54:45.509 - INFO - CDS - predicted-pfams=87, CDS-w/-pfams=55
19:54:45.551 - INFO - S_ORF - predicted=886
19:54:45.615 - INFO - S_ORF - sORF filter: # valid=32, # discarded=854
19:54:45.641 - INFO - ORF - discarded=0
19:54:45.660 - INFO - UPS - looked-up=0
19:54:45.660 - INFO - IPS - looked-up=0
19:54:45.660 - INFO - ORF - write internal aa seqs: # seqs=32, path=/tmp/tmp0gks_ken/sorf.faa
19:54:45.739 - INFO - S_ORF - found=0
19:54:45.740 - INFO - PSC - looked-up=0
19:54:45.740 - INFO - PSCC - looked-up=0
19:54:46.288 - INFO - ORI - predicted=0
19:54:46.363 - INFO - ORI - predicted=0
19:54:46.363 - INFO - ANNOTATION - overlap: CDS (None/hypothetical protein) [14267, 14692] overlapping tRNA (trnF) [14686, 14758], [14686,14692], contig=VFTETSUL
19:54:46.363 - INFO - ANNOTATION - overlap: CDS (None/hypothetical protein) [20712, 21647] overlapping tRNA (trnQ) [20698, 20769], [20712,20769], contig=VFTETSUL
19:54:46.363 - INFO - ANNOTATION - overlap: CDS (None/hypothetical protein) [26812, 28914] overlapping tRNA (trnS) [28913, 28996], [28913,28914], contig=VFTETSUL
19:54:46.363 - INFO - ANNOTATION - overlap: CDS (None/hypothetical protein) [28988, 29185] overlapping tRNA (trnS) [28913, 28996], [28988,28996], contig=VFTETSUL
19:54:46.363 - INFO - ANNOTATION - overlap: CDS (None/hypothetical protein) [39199, 40623] overlapping tRNA (None) [40614, 40859], [40614,40623], contig=VFTETSUL
19:54:46.363 - INFO - ANNOTATION - overlap: CDS (None/hypothetical protein) [40817, 43813] overlapping tRNA (None) [40614, 40859], [40817,40859], contig=VFTETSUL
19:54:46.363 - INFO - ANNOTATION - overlap: CDS (clpX/ATP-dependent Clp protease ATP-binding subunit ClpX) [48474, 49634] overlapping tRNA (trnV) [49625, 49696], [49625,49634], contig=VFTETSUL
19:54:46.363 - INFO - ANNOTATION - overlap: CDS (None/hypothetical protein) [57741, 58094] overlapping tRNA (trnK) [57678, 57750], [57741,57750], contig=VFTETSUL
19:54:46.363 - INFO - ANNOTATION - overlap: CDS (None/Chorismate synthase) [58765, 59820] overlapping tRNA (trnL) [58694, 58766], [58765,58766], contig=VFTETSUL
19:54:46.363 - INFO - ANNOTATION - overlap: CDS (None/hypothetical protein) [69108, 69335] overlapping tRNA (trnD) [69317, 69390], [69317,69335], contig=VFTETSUL
19:54:46.364 - INFO - ANNOTATION - overlap: CDS (None/hypothetical protein) [87908, 88045] overlapping rRNA (rrl) [86448, 89188], [87908,88045], contig=VFTETSUL
19:54:46.364 - INFO - ANNOTATION - overlap: CDS (None/hypothetical protein) [88256, 88549] overlapping rRNA (rrl) [86448, 89188], [88256,88549], contig=VFTETSUL
19:54:46.364 - INFO - ANNOTATION - overlap: CDS (None/hypothetical protein) [1, 1188] overlapping tRNA (trnW) [1179, 1250], [1179,1188], contig=VFTETSUL
19:54:46.364 - INFO - ANNOTATION - overlap: CDS (None/hypothetical protein) [102692, 102862] overlapping tRNA (trnY) [102697, 102783], [102697,102783], contig=VFTETSUL
19:54:46.364 - INFO - ANNOTATION - overlap: CDS (None/hypothetical protein) [102692, 102862] overlapping tRNA (trnG) [102785, 102855], [102785,102855], contig=VFTETSUL
19:54:46.364 - INFO - UTILS - generated sequence tag prefix: prefix=OMFODBFFKI, length=10, MD5=86F8DBFF42386251B95735FED28189A5
19:54:46.364 - INFO - MAIN - selected features=130
19:54:46.364 - INFO - UTILS - generated sequence tag prefix: prefix=OMFODB, length=6, MD5=86F8DBFF42386251B95735FED28189A5
19:54:46.364 - INFO - MAIN - locus tag prefix=OMFODB
19:54:46.364 - INFO - UTILS - genome-size=102863
19:54:46.365 - INFO - UTILS - GC=0.189
19:54:46.365 - INFO - UTILS - N=0.000
19:54:46.365 - INFO - UTILS - N50=102863
19:54:46.365 - INFO - UTILS - coding-ratio=0.860
19:54:46.365 - INFO - TSV - write tsv: path=/home/diego/Documents/metagenomes/annotation_symbio_merge/annotation_Beta/genomes/annotation_bakta/bakta_VFTETSUL/VFTETSUL.tsv
19:54:46.365 - INFO - GFF - write GFF3: path=/home/diego/Documents/metagenomes/annotation_symbio_merge/annotation_Beta/genomes/annotation_bakta/bakta_VFTETSUL/VFTETSUL.gff3
19:54:46.367 - INFO - INSDC - write GenBank: path=/home/diego/Documents/metagenomes/annotation_symbio_merge/annotation_Beta/genomes/annotation_bakta/bakta_VFTETSUL/VFTETSUL.gbff
19:54:46.370 - INFO - INSDC - write EMBL: path=/home/diego/Documents/metagenomes/annotation_symbio_merge/annotation_Beta/genomes/annotation_bakta/bakta_VFTETSUL/VFTETSUL.embl
19:54:46.375 - INFO - FASTA - write genome sequences: path=/home/diego/Documents/metagenomes/annotation_symbio_merge/annotation_Beta/genomes/annotation_bakta/bakta_VFTETSUL/VFTETSUL.fna, description=True, wrap=True
19:54:46.375 - INFO - FASTA - write feature nucleotide sequences: path=/home/diego/Documents/metagenomes/annotation_symbio_merge/annotation_Beta/genomes/annotation_bakta/bakta_VFTETSUL/VFTETSUL.ffn
19:54:46.376 - INFO - FASTA - write translated CDS/sORF: path=/home/diego/Documents/metagenomes/annotation_symbio_merge/annotation_Beta/genomes/annotation_bakta/bakta_VFTETSUL/VFTETSUL.faa
19:54:46.394 - INFO - PLOT - write circular genome plot: file-name=VFTETSUL, output-dir=/home/diego/Documents/metagenomes/annotation_symbio_merge/annotation_Beta/genomes/annotation_bakta/bakta_VFTETSUL
19:54:49.646 - INFO - TSV - write hypothetical tsv: path=/home/diego/Documents/metagenomes/annotation_symbio_merge/annotation_Beta/genomes/annotation_bakta/bakta_VFTETSUL/VFTETSUL.hypotheticals.tsv
19:54:49.647 - INFO - FASTA - write translated CDS/sORF: path=/home/diego/Documents/metagenomes/annotation_symbio_merge/annotation_Beta/genomes/annotation_bakta/bakta_VFTETSUL/VFTETSUL.hypotheticals.faa
19:54:49.647 - INFO - JSON - write JSON: path=/home/diego/Documents/metagenomes/annotation_symbio_merge/annotation_Beta/genomes/annotation_bakta/bakta_VFTETSUL/VFTETSUL.json
19:54:49.650 - INFO - MAIN - removed tmp dir: /tmp/tmp0gks_ken
