17:11:05.789 - INFO - UTILS - version=1.5.0
17:11:05.789 - INFO - UTILS - developer: Oliver Schwengers, github.com/oschwengers
17:11:05.790 - INFO - UTILS - command: /home/diego/miniconda3/envs/bakta/bin/bakta VFSTEMIN.fasta --prefix bakta_VFSTEMIN --output bakta_VFSTEMIN -t 8 --locus-tag VFSTEMIN
17:11:05.790 - INFO - UTILS - local time: 2022-11-10 17:11:05
17:11:05.791 - INFO - UTILS - machine: type=x86_64, cores=12
17:11:05.791 - INFO - UTILS - system: type=Linux, release=5.15.0-52-generic
17:11:05.791 - INFO - UTILS - python: version=3.10.6, implementation=CPython
17:11:05.791 - INFO - CONFIG - threads=8
17:11:05.791 - INFO - CONFIG - verbose=False
17:11:05.791 - INFO - CONFIG - database: type=environment, path=/home/diego/bakta_db/db/db
17:11:05.792 - INFO - CONFIG - tmp-path=/tmp/tmp2k1y02ts
17:11:05.792 - INFO - CONFIG - genome-path=/home/diego/Documents/metagenomes/annotation_symbio_merge/annotation_Beta/genomes/VFSTEMIN.fasta
17:11:05.792 - INFO - CONFIG - min_contig_length=1
17:11:05.792 - INFO - CONFIG - prefix=bakta_VFSTEMIN
17:11:05.792 - INFO - CONFIG - output-path=/home/diego/Documents/metagenomes/annotation_symbio_merge/annotation_Beta/genomes/bakta_VFSTEMIN
17:11:05.792 - INFO - CONFIG - genus=None
17:11:05.792 - INFO - CONFIG - species=None
17:11:05.792 - INFO - CONFIG - strain=None
17:11:05.792 - INFO - CONFIG - plasmid=None
17:11:05.792 - INFO - CONFIG - complete=False
17:11:05.792 - INFO - CONFIG - prodigal_tf=None
17:11:05.792 - INFO - CONFIG - translation_table=11
17:11:05.792 - INFO - CONFIG - gram=?
17:11:05.792 - INFO - CONFIG - compliant=False
17:11:05.792 - INFO - CONFIG - locus=None
17:11:05.792 - INFO - CONFIG - locus-tag=VFSTEMIN
17:11:05.793 - INFO - CONFIG - keep_contig_headers=False
17:11:05.793 - INFO - CONFIG - replicon-table=None
17:11:05.793 - INFO - CONFIG - skip-tRNA=False
17:11:05.793 - INFO - CONFIG - skip-tmRNA=False
17:11:05.793 - INFO - CONFIG - skip-rRNA=False
17:11:05.793 - INFO - CONFIG - skip-ncRNA=False
17:11:05.793 - INFO - CONFIG - skip-ncRNA-region=False
17:11:05.793 - INFO - CONFIG - skip-CRISPR=False
17:11:05.793 - INFO - CONFIG - skip-CDS=False
17:11:05.793 - INFO - CONFIG - skip-pseudo=False
17:11:05.793 - INFO - CONFIG - skip-sORF=False
17:11:05.793 - INFO - CONFIG - skip-gap=False
17:11:05.793 - INFO - CONFIG - skip-ori=False
17:11:05.793 - INFO - DB - detected: major=4, minor=0, date=2022-08-25
17:11:05.869 - INFO - UTILS - dependency: tool=tRNAscan-SE, version=v2.0.9
17:11:05.871 - INFO - UTILS - dependency: tool=aragorn, version=v1.2.41
17:11:05.875 - INFO - UTILS - dependency: tool=cmscan, version=v1.1.4
17:11:05.877 - INFO - UTILS - dependency: tool=pilercr, version=v1.6.0
17:11:05.879 - INFO - UTILS - dependency: tool=prodigal, version=v2.6.3
17:11:05.882 - INFO - UTILS - dependency: tool=amrfinder, version=v3.10.40
17:11:05.907 - INFO - UTILS - dependency: tool=hmmsearch, version=v3.3.2
17:11:05.910 - INFO - UTILS - dependency: tool=diamond, version=v2.0.15
17:11:05.944 - INFO - UTILS - dependency: tool=blastn, version=v2.13.0
17:11:05.953 - INFO - FASTA - imported: id=VFSTEMIN, length=97122, description=, genomic=True, dna=True
17:11:05.953 - INFO - MAIN - imported sequences=1
17:11:05.953 - INFO - UTILS - qc: revised sequence: id=contig_1, orig-id=VFSTEMIN, type=contig, complete=False, topology=linear, name=, description='[gcode=11]', orig-description=''
17:11:05.953 - INFO - FASTA - write genome sequences: path=/tmp/tmp2k1y02ts/contigs.fna, description=False, wrap=False
17:11:09.860 - INFO - T_RNA - contig=contig_1, start=34001, stop=34205, strand=+, gene=None, product=tRNA-Xxx, score=49.1, nt=[AGGTCGTTAG..GCACGGCCTA]
17:11:09.860 - INFO - T_RNA - contig=contig_1, start=97036, stop=97102, strand=+, gene=None, product=(pseudo) tRNA-Xxx, score=30.3, nt=[GCAAATATAT..GTTATTTGTT]
17:11:09.860 - INFO - T_RNA - contig=contig_1, start=83544, stop=83615, strand=-, gene=Ala_trna, product=tRNA-Ala, score=55.6, nt=[GGGGATATAA..TTTATCTCCA]
17:11:09.860 - INFO - T_RNA - contig=contig_1, start=57230, stop=57301, strand=-, gene=fMet_trna, product=tRNA-fMet, score=63.2, nt=[TGTAAAGTAG..ATCTTTGCAA]
17:11:09.860 - INFO - T_RNA - predicted=4
17:11:09.878 - INFO - TM_RNA - contig=contig_1, start=27478, stop=27961, strand=-, gene=ssrA, product=transfer-messenger RNA, SsrA, nt=[TATTCTAATC..AAGATTAATA]
17:11:09.878 - INFO - TM_RNA - predicted=1
17:11:12.245 - INFO - R_RNA - contig=contig_1, start=83637, stop=85110, strand=-, gene=16S_rrna, product=16S ribosomal RNA, length=1474, coverage=0.962, truncated=None, score=1214.0, evalue=1.2e-39, nt=[CATTATACGA..TAGATTATTT]
17:11:12.245 - INFO - R_RNA - contig=contig_1, start=80589, stop=83456, strand=-, gene=23S_rrna, product=23S ribosomal RNA, length=2868, coverage=0.981, truncated=None, score=2243.1, evalue=4.9e-05, nt=[GTTAAAGTAT..ACTTTAACAA]
17:11:12.245 - INFO - R_RNA - predicted=2
17:11:13.664 - INFO - NC_RNA - predicted=0
17:11:14.048 - INFO - NC_RNA_REGION - predicted=0
17:11:14.071 - INFO - CRISPR - predicted=0
17:11:14.071 - INFO - CDS - create prodigal training file: file=/tmp/tmp2k1y02ts/prodigal.tf
17:11:14.253 - INFO - FASTA - write genome sequences: path=/tmp/tmp2k1y02ts/contigs.fasta, description=False, wrap=False
17:11:14.254 - INFO - CDS - run prodigal: type=contigs, # sequences=1
17:11:14.311 - INFO - CDS - contig=contig_1, start=1, stop=1188, strand=+, frame=1, truncated=no, start-type=ATG, RBS-motif=None
17:11:14.311 - INFO - CDS - contig=contig_1, start=1196, stop=1585, strand=+, frame=2, truncated=no, start-type=ATG, RBS-motif=AACAA
17:11:14.311 - INFO - CDS - contig=contig_1, start=1582, stop=2139, strand=+, frame=1, truncated=no, start-type=ATG, RBS-motif=None
17:11:14.311 - INFO - CDS - contig=contig_1, start=2132, stop=2572, strand=+, frame=2, truncated=no, start-type=ATG, RBS-motif=None
17:11:14.311 - INFO - CDS - contig=contig_1, start=2550, stop=2909, strand=+, frame=3, truncated=no, start-type=ATG, RBS-motif=AAAA
17:11:14.311 - INFO - CDS - contig=contig_1, start=2909, stop=6265, strand=+, frame=2, truncated=no, start-type=ATG, RBS-motif=AAAA
17:11:14.311 - INFO - CDS - contig=contig_1, start=6258, stop=10031, strand=+, frame=3, truncated=no, start-type=ATG, RBS-motif=None
17:11:14.311 - INFO - CDS - contig=contig_1, start=10009, stop=10374, strand=+, frame=1, truncated=no, start-type=ATG, RBS-motif=None
17:11:14.311 - INFO - CDS - contig=contig_1, start=10371, stop=10835, strand=+, frame=3, truncated=no, start-type=ATG, RBS-motif=None
17:11:14.311 - INFO - CDS - contig=contig_1, start=10842, stop=12908, strand=+, frame=3, truncated=no, start-type=ATG, RBS-motif=None
17:11:14.311 - INFO - CDS - contig=contig_1, start=12905, stop=13204, strand=+, frame=2, truncated=no, start-type=ATG, RBS-motif=AAAAA
17:11:14.311 - INFO - CDS - contig=contig_1, start=13395, stop=13838, strand=+, frame=3, truncated=no, start-type=ATG, RBS-motif=None
17:11:14.311 - INFO - CDS - contig=contig_1, start=13828, stop=13989, strand=+, frame=1, truncated=no, start-type=ATG, RBS-motif=None
17:11:14.311 - INFO - CDS - contig=contig_1, start=13932, stop=14387, strand=-, frame=2, truncated=no, start-type=ATG, RBS-motif=AAAA
17:11:14.311 - INFO - CDS - contig=contig_1, start=14393, stop=14770, strand=-, frame=3, truncated=no, start-type=ATG, RBS-motif=None
17:11:14.312 - INFO - CDS - contig=contig_1, start=14757, stop=15074, strand=-, frame=2, truncated=no, start-type=ATG, RBS-motif=None
17:11:14.312 - INFO - CDS - contig=contig_1, start=15031, stop=15813, strand=-, frame=1, truncated=no, start-type=ATG, RBS-motif=None
17:11:14.312 - INFO - CDS - contig=contig_1, start=15813, stop=16427, strand=-, frame=2, truncated=no, start-type=ATG, RBS-motif=AAAA
17:11:14.312 - INFO - CDS - contig=contig_1, start=16431, stop=17774, strand=-, frame=2, truncated=no, start-type=ATG, RBS-motif=None
17:11:14.312 - INFO - CDS - contig=contig_1, start=17804, stop=18652, strand=+, frame=2, truncated=no, start-type=ATG, RBS-motif=None
17:11:14.312 - INFO - CDS - contig=contig_1, start=18636, stop=19082, strand=+, frame=3, truncated=no, start-type=ATG, RBS-motif=AAAA
17:11:14.312 - INFO - CDS - contig=contig_1, start=19066, stop=19575, strand=-, frame=1, truncated=no, start-type=ATG, RBS-motif=None
17:11:14.312 - INFO - CDS - contig=contig_1, start=19572, stop=20303, strand=-, frame=2, truncated=no, start-type=ATG, RBS-motif=AAAAA
17:11:14.312 - INFO - CDS - contig=contig_1, start=20279, stop=21106, strand=-, frame=3, truncated=no, start-type=ATG, RBS-motif=None
17:11:14.312 - INFO - CDS - contig=contig_1, start=21144, stop=22064, strand=+, frame=3, truncated=no, start-type=ATG, RBS-motif=None
17:11:14.312 - INFO - CDS - contig=contig_1, start=22051, stop=23169, strand=+, frame=1, truncated=no, start-type=ATG, RBS-motif=None
17:11:14.312 - INFO - CDS - contig=contig_1, start=23209, stop=25227, strand=-, frame=1, truncated=no, start-type=ATG, RBS-motif=None
17:11:14.312 - INFO - CDS - contig=contig_1, start=25224, stop=25421, strand=-, frame=2, truncated=no, start-type=ATG, RBS-motif=None
17:11:14.312 - INFO - CDS - contig=contig_1, start=25538, stop=27736, strand=+, frame=2, truncated=no, start-type=ATG, RBS-motif=None
17:11:14.312 - INFO - CDS - contig=contig_1, start=27768, stop=27932, strand=+, frame=3, truncated=no, start-type=ATG, RBS-motif=None
17:11:14.312 - INFO - CDS - contig=contig_1, start=27950, stop=28660, strand=+, frame=2, truncated=no, start-type=ATG, RBS-motif=None
17:11:14.312 - INFO - CDS - contig=contig_1, start=28657, stop=29754, strand=+, frame=1, truncated=no, start-type=ATG, RBS-motif=AAA
17:11:14.312 - INFO - CDS - contig=contig_1, start=29728, stop=30426, strand=-, frame=1, truncated=no, start-type=ATG, RBS-motif=None
17:11:14.312 - INFO - CDS - contig=contig_1, start=30485, stop=31864, strand=-, frame=3, truncated=no, start-type=ATG, RBS-motif=None
17:11:14.312 - INFO - CDS - contig=contig_1, start=31943, stop=32782, strand=-, frame=3, truncated=no, start-type=ATG, RBS-motif=AAAAA
17:11:14.312 - INFO - CDS - contig=contig_1, start=32841, stop=34001, strand=+, frame=3, truncated=no, start-type=ATG, RBS-motif=None
17:11:14.312 - INFO - CDS - contig=contig_1, start=34205, stop=36964, strand=+, frame=2, truncated=no, start-type=ATG, RBS-motif=None
17:11:14.312 - INFO - CDS - contig=contig_1, start=36942, stop=37085, strand=+, frame=3, truncated=no, start-type=ATG, RBS-motif=None
17:11:14.312 - INFO - CDS - contig=contig_1, start=37092, stop=37805, strand=+, frame=3, truncated=no, start-type=ATG, RBS-motif=None
17:11:14.312 - INFO - CDS - contig=contig_1, start=37802, stop=38797, strand=+, frame=2, truncated=no, start-type=ATG, RBS-motif=None
17:11:14.312 - INFO - CDS - contig=contig_1, start=38799, stop=39149, strand=+, frame=3, truncated=no, start-type=ATG, RBS-motif=AAAAA
17:11:14.312 - INFO - CDS - contig=contig_1, start=39136, stop=39309, strand=+, frame=1, truncated=no, start-type=ATG, RBS-motif=None
17:11:14.312 - INFO - CDS - contig=contig_1, start=39322, stop=39987, strand=+, frame=1, truncated=no, start-type=ATG, RBS-motif=None
17:11:14.312 - INFO - CDS - contig=contig_1, start=39995, stop=40507, strand=-, frame=3, truncated=no, start-type=ATG, RBS-motif=None
17:11:14.313 - INFO - CDS - contig=contig_1, start=40557, stop=41585, strand=+, frame=3, truncated=no, start-type=ATG, RBS-motif=None
17:11:14.313 - INFO - CDS - contig=contig_1, start=41575, stop=44688, strand=+, frame=1, truncated=no, start-type=ATG, RBS-motif=None
17:11:14.313 - INFO - CDS - contig=contig_1, start=44645, stop=45163, strand=+, frame=2, truncated=no, start-type=ATG, RBS-motif=None
17:11:14.313 - INFO - CDS - contig=contig_1, start=45135, stop=45653, strand=+, frame=3, truncated=no, start-type=ATG, RBS-motif=None
17:11:14.313 - INFO - CDS - contig=contig_1, start=45650, stop=46786, strand=+, frame=2, truncated=no, start-type=ATG, RBS-motif=None
17:11:14.313 - INFO - CDS - contig=contig_1, start=46798, stop=47298, strand=+, frame=1, truncated=no, start-type=ATG, RBS-motif=None
17:11:14.313 - INFO - CDS - contig=contig_1, start=47456, stop=48226, strand=+, frame=2, truncated=no, start-type=ATG, RBS-motif=None
17:11:14.313 - INFO - CDS - contig=contig_1, start=48261, stop=48881, strand=+, frame=3, truncated=no, start-type=ATG, RBS-motif=None
17:11:14.313 - INFO - CDS - contig=contig_1, start=48854, stop=50059, strand=+, frame=2, truncated=no, start-type=ATG, RBS-motif=AAAA
17:11:14.313 - INFO - CDS - contig=contig_1, start=50032, stop=51015, strand=+, frame=1, truncated=no, start-type=ATG, RBS-motif=None
17:11:14.313 - INFO - CDS - contig=contig_1, start=50996, stop=51547, strand=+, frame=2, truncated=no, start-type=ATG, RBS-motif=None
17:11:14.313 - INFO - CDS - contig=contig_1, start=51547, stop=52131, strand=+, frame=1, truncated=no, start-type=ATG, RBS-motif=None
17:11:14.313 - INFO - CDS - contig=contig_1, start=52119, stop=52817, strand=+, frame=3, truncated=no, start-type=ATG, RBS-motif=None
17:11:14.313 - INFO - CDS - contig=contig_1, start=52799, stop=53542, strand=+, frame=2, truncated=no, start-type=ATG, RBS-motif=None
17:11:14.313 - INFO - CDS - contig=contig_1, start=53542, stop=53835, strand=+, frame=1, truncated=no, start-type=ATG, RBS-motif=None
17:11:14.313 - INFO - CDS - contig=contig_1, start=53814, stop=54113, strand=+, frame=3, truncated=no, start-type=ATG, RBS-motif=None
17:11:14.313 - INFO - CDS - contig=contig_1, start=54219, stop=55043, strand=+, frame=3, truncated=no, start-type=ATG, RBS-motif=AAAAA
17:11:14.313 - INFO - CDS - contig=contig_1, start=55047, stop=55406, strand=-, frame=2, truncated=no, start-type=ATG, RBS-motif=None
17:11:14.313 - INFO - CDS - contig=contig_1, start=55375, stop=55542, strand=-, frame=1, truncated=no, start-type=ATG, RBS-motif=None
17:11:14.313 - INFO - CDS - contig=contig_1, start=55539, stop=55988, strand=-, frame=2, truncated=no, start-type=ATG, RBS-motif=None
17:11:14.313 - INFO - CDS - contig=contig_1, start=55990, stop=57030, strand=-, frame=1, truncated=no, start-type=ATG, RBS-motif=None
17:11:14.313 - INFO - CDS - contig=contig_1, start=57110, stop=57241, strand=+, frame=2, truncated=no, start-type=ATG, RBS-motif=None
17:11:14.313 - INFO - CDS - contig=contig_1, start=57362, stop=57694, strand=+, frame=2, truncated=no, start-type=ATG, RBS-motif=None
17:11:14.313 - INFO - CDS - contig=contig_1, start=57662, stop=58132, strand=-, frame=3, truncated=no, start-type=ATG, RBS-motif=None
17:11:14.313 - INFO - CDS - contig=contig_1, start=58132, stop=58599, strand=-, frame=1, truncated=no, start-type=ATG, RBS-motif=AAAAA
17:11:14.313 - INFO - CDS - contig=contig_1, start=58572, stop=59147, strand=-, frame=2, truncated=no, start-type=ATG, RBS-motif=None
17:11:14.313 - INFO - CDS - contig=contig_1, start=59180, stop=59914, strand=+, frame=2, truncated=no, start-type=ATG, RBS-motif=AAAAA
17:11:14.313 - INFO - CDS - contig=contig_1, start=59908, stop=60969, strand=+, frame=1, truncated=no, start-type=ATG, RBS-motif=AAAAA
17:11:14.313 - INFO - CDS - contig=contig_1, start=60926, stop=62200, strand=-, frame=3, truncated=no, start-type=ATG, RBS-motif=None
17:11:14.313 - INFO - CDS - contig=contig_1, start=62197, stop=63315, strand=-, frame=1, truncated=no, start-type=ATG, RBS-motif=None
17:11:14.313 - INFO - CDS - contig=contig_1, start=63312, stop=64451, strand=-, frame=2, truncated=no, start-type=ATG, RBS-motif=None
17:11:14.313 - INFO - CDS - contig=contig_1, start=64457, stop=64789, strand=-, frame=3, truncated=no, start-type=ATG, RBS-motif=None
17:11:14.313 - INFO - CDS - contig=contig_1, start=64905, stop=65951, strand=+, frame=3, truncated=no, start-type=ATG, RBS-motif=None
17:11:14.314 - INFO - CDS - contig=contig_1, start=65952, stop=66200, strand=+, frame=3, truncated=no, start-type=ATG, RBS-motif=None
17:11:14.314 - INFO - CDS - contig=contig_1, start=66214, stop=67371, strand=+, frame=1, truncated=no, start-type=ATG, RBS-motif=None
17:11:14.314 - INFO - CDS - contig=contig_1, start=67457, stop=67690, strand=+, frame=2, truncated=no, start-type=ATG, RBS-motif=None
17:11:14.314 - INFO - CDS - contig=contig_1, start=67687, stop=69246, strand=+, frame=1, truncated=no, start-type=ATG, RBS-motif=None
17:11:14.314 - INFO - CDS - contig=contig_1, start=69248, stop=70513, strand=+, frame=2, truncated=no, start-type=ATG, RBS-motif=AACAA
17:11:14.314 - INFO - CDS - contig=contig_1, start=70500, stop=71579, strand=-, frame=2, truncated=no, start-type=ATG, RBS-motif=None
17:11:14.314 - INFO - CDS - contig=contig_1, start=71684, stop=72316, strand=+, frame=2, truncated=no, start-type=ATG, RBS-motif=None
17:11:14.314 - INFO - CDS - contig=contig_1, start=72305, stop=73282, strand=-, frame=3, truncated=no, start-type=ATG, RBS-motif=AAA
17:11:14.314 - INFO - CDS - contig=contig_1, start=73279, stop=75078, strand=-, frame=1, truncated=no, start-type=ATG, RBS-motif=None
17:11:14.314 - INFO - CDS - contig=contig_1, start=75157, stop=76128, strand=+, frame=1, truncated=no, start-type=ATG, RBS-motif=None
17:11:14.314 - INFO - CDS - contig=contig_1, start=76143, stop=76712, strand=-, frame=2, truncated=no, start-type=ATG, RBS-motif=AAAA
17:11:14.314 - INFO - CDS - contig=contig_1, start=76721, stop=77299, strand=-, frame=3, truncated=no, start-type=ATG, RBS-motif=None
17:11:14.314 - INFO - CDS - contig=contig_1, start=77292, stop=77936, strand=-, frame=2, truncated=no, start-type=ATG, RBS-motif=None
17:11:14.314 - INFO - CDS - contig=contig_1, start=77944, stop=78372, strand=+, frame=1, truncated=no, start-type=ATG, RBS-motif=None
17:11:14.314 - INFO - CDS - contig=contig_1, start=78399, stop=78641, strand=-, frame=2, truncated=no, start-type=ATG, RBS-motif=None
17:11:14.314 - INFO - CDS - contig=contig_1, start=78611, stop=78922, strand=-, frame=3, truncated=no, start-type=ATG, RBS-motif=None
17:11:14.314 - INFO - CDS - contig=contig_1, start=79245, stop=80462, strand=+, frame=3, truncated=no, start-type=ATG, RBS-motif=None
17:11:14.314 - INFO - CDS - contig=contig_1, start=80409, stop=80555, strand=-, frame=2, truncated=no, start-type=ATG, RBS-motif=None
17:11:14.314 - INFO - CDS - contig=contig_1, start=80801, stop=81079, strand=+, frame=2, truncated=no, start-type=TTG, RBS-motif=None
17:11:14.314 - INFO - CDS - contig=contig_1, start=82925, stop=83083, strand=+, frame=2, truncated=no, start-type=ATG, RBS-motif=None
17:11:14.314 - INFO - CDS - contig=contig_1, start=85226, stop=85627, strand=+, frame=2, truncated=no, start-type=ATG, RBS-motif=AAAAA
17:11:14.314 - INFO - CDS - contig=contig_1, start=85636, stop=86100, strand=+, frame=1, truncated=no, start-type=ATG, RBS-motif=AAAA
17:11:14.314 - INFO - CDS - contig=contig_1, start=86060, stop=86278, strand=+, frame=2, truncated=no, start-type=ATG, RBS-motif=None
17:11:14.314 - INFO - CDS - contig=contig_1, start=86271, stop=87074, strand=+, frame=3, truncated=no, start-type=ATG, RBS-motif=AAA
17:11:14.314 - INFO - CDS - contig=contig_1, start=87071, stop=87325, strand=+, frame=2, truncated=no, start-type=ATG, RBS-motif=AAAAA
17:11:14.314 - INFO - CDS - contig=contig_1, start=87309, stop=87626, strand=+, frame=3, truncated=no, start-type=ATG, RBS-motif=AAAA
17:11:14.314 - INFO - CDS - contig=contig_1, start=87619, stop=88224, strand=+, frame=1, truncated=no, start-type=ATG, RBS-motif=None
17:11:14.314 - INFO - CDS - contig=contig_1, start=88244, stop=88657, strand=+, frame=2, truncated=no, start-type=ATG, RBS-motif=None
17:11:14.314 - INFO - CDS - contig=contig_1, start=88659, stop=88790, strand=+, frame=3, truncated=no, start-type=ATG, RBS-motif=AAAAA
17:11:14.314 - INFO - CDS - contig=contig_1, start=88738, stop=88959, strand=+, frame=1, truncated=no, start-type=ATG, RBS-motif=None
17:11:14.314 - INFO - CDS - contig=contig_1, start=88899, stop=89336, strand=+, frame=3, truncated=no, start-type=ATG, RBS-motif=AAAAA
17:11:14.314 - INFO - CDS - contig=contig_1, start=89333, stop=89491, strand=+, frame=2, truncated=no, start-type=ATG, RBS-motif=AAAA
17:11:14.314 - INFO - CDS - contig=contig_1, start=89466, stop=90026, strand=+, frame=3, truncated=no, start-type=ATG, RBS-motif=AAAA
17:11:14.314 - INFO - CDS - contig=contig_1, start=90019, stop=90267, strand=+, frame=1, truncated=no, start-type=ATG, RBS-motif=None
17:11:14.315 - INFO - CDS - contig=contig_1, start=90275, stop=90661, strand=+, frame=2, truncated=no, start-type=ATG, RBS-motif=AAAA
17:11:14.315 - INFO - CDS - contig=contig_1, start=90654, stop=91178, strand=+, frame=3, truncated=no, start-type=ATG, RBS-motif=None
17:11:14.315 - INFO - CDS - contig=contig_1, start=91178, stop=91462, strand=+, frame=2, truncated=no, start-type=ATG, RBS-motif=AAAA
17:11:14.315 - INFO - CDS - contig=contig_1, start=91431, stop=91853, strand=+, frame=3, truncated=no, start-type=ATG, RBS-motif=None
17:11:14.315 - INFO - CDS - contig=contig_1, start=91840, stop=92157, strand=+, frame=1, truncated=no, start-type=ATG, RBS-motif=None
17:11:14.315 - INFO - CDS - contig=contig_1, start=92144, stop=92371, strand=+, frame=2, truncated=no, start-type=ATG, RBS-motif=None
17:11:14.315 - INFO - CDS - contig=contig_1, start=92368, stop=92484, strand=+, frame=1, truncated=no, start-type=ATG, RBS-motif=None
17:11:14.315 - INFO - CDS - contig=contig_1, start=92481, stop=92831, strand=+, frame=3, truncated=no, start-type=ATG, RBS-motif=AAA
17:11:14.315 - INFO - CDS - contig=contig_1, start=92828, stop=93166, strand=+, frame=2, truncated=no, start-type=ATG, RBS-motif=None
17:11:14.315 - INFO - CDS - contig=contig_1, start=93163, stop=93552, strand=+, frame=1, truncated=no, start-type=ATG, RBS-motif=AAAAA
17:11:14.315 - INFO - CDS - contig=contig_1, start=93542, stop=94183, strand=+, frame=2, truncated=no, start-type=ATG, RBS-motif=AAA
17:11:14.315 - INFO - CDS - contig=contig_1, start=94263, stop=94481, strand=+, frame=3, truncated=no, start-type=ATG, RBS-motif=None
17:11:14.315 - INFO - CDS - contig=contig_1, start=94452, stop=95576, strand=-, frame=2, truncated=no, start-type=ATG, RBS-motif=None
17:11:14.315 - INFO - CDS - contig=contig_1, start=95596, stop=96030, strand=+, frame=1, truncated=no, start-type=ATG, RBS-motif=None
17:11:14.315 - INFO - CDS - contig=contig_1, start=96018, stop=97001, strand=+, frame=3, truncated=no, start-type=ATG, RBS-motif=None
17:11:14.316 - INFO - CDS - contig=contig_1, start=1, stop=1188, strand=+, nt=[ATGGCAAAAG..AAAATTGTAA]
17:11:14.316 - INFO - CDS - contig=contig_1, start=1196, stop=1585, strand=+, nt=[ATGATAAGAT..CGTGAAATGA]
17:11:14.316 - INFO - CDS - contig=contig_1, start=1582, stop=2139, strand=+, nt=[ATGATAATGT..ATATGCATAA]
17:11:14.316 - INFO - CDS - contig=contig_1, start=2132, stop=2572, strand=+, nt=[ATGCATAACA..ACGTATTTGA]
17:11:14.316 - INFO - CDS - contig=contig_1, start=2550, stop=2909, strand=+, nt=[ATGAGTGCAA..AAAAGCGTAA]
17:11:14.316 - INFO - CDS - contig=contig_1, start=2909, stop=6265, strand=+, nt=[ATGAAAAAAT..AGATGAATAA]
17:11:14.316 - INFO - CDS - contig=contig_1, start=6258, stop=10031, strand=+, nt=[ATGAATAAGG..AATTAATTAG]
17:11:14.316 - INFO - CDS - contig=contig_1, start=10009, stop=10374, strand=+, nt=[ATGACAAAAA..AAAAACATGA]
17:11:14.316 - INFO - CDS - contig=contig_1, start=10371, stop=10835, strand=+, nt=[ATGAGAAGAA..TGTGTGCTAG]
17:11:14.316 - INFO - CDS - contig=contig_1, start=10842, stop=12908, strand=+, nt=[ATGAAAACAT..AGTGCTATGA]
17:11:14.316 - INFO - CDS - contig=contig_1, start=12905, stop=13204, strand=+, nt=[ATGAACATAA..ATCATATTAA]
17:11:14.316 - INFO - CDS - contig=contig_1, start=13395, stop=13838, strand=+, nt=[ATGATCATAT..TGATCGTTAG]
17:11:14.316 - INFO - CDS - contig=contig_1, start=13828, stop=13989, strand=+, nt=[ATGATCGTTA..AAGAGATTGA]
17:11:14.316 - INFO - CDS - contig=contig_1, start=13932, stop=14387, strand=-, nt=[ATGTTGGGTA..AGTTTTCTGA]
17:11:14.316 - INFO - CDS - contig=contig_1, start=14393, stop=14770, strand=-, nt=[ATGTTAGGTT..TAAAAGATAA]
17:11:14.316 - INFO - CDS - contig=contig_1, start=14757, stop=15074, strand=-, nt=[ATGGATACGC..TAGGTTTTAG]
17:11:14.316 - INFO - CDS - contig=contig_1, start=15031, stop=15813, strand=-, nt=[ATGTTTTATA..TGATCTATAG]
17:11:14.316 - INFO - CDS - contig=contig_1, start=15813, stop=16427, strand=-, nt=[ATGATTAATA..TATTCTATAA]
17:11:14.316 - INFO - CDS - contig=contig_1, start=16431, stop=17774, strand=-, nt=[ATGATATCGC..AAAATGTTGA]
17:11:14.317 - INFO - CDS - contig=contig_1, start=17804, stop=18652, strand=+, nt=[ATGATATTAT..ATCTTGTTGA]
17:11:14.317 - INFO - CDS - contig=contig_1, start=18636, stop=19082, strand=+, nt=[ATGATAAATC..GGTGAAATAA]
17:11:14.317 - INFO - CDS - contig=contig_1, start=19066, stop=19575, strand=-, nt=[ATGAACAAAA..ACCATCTTAA]
17:11:14.317 - INFO - CDS - contig=contig_1, start=19572, stop=20303, strand=-, nt=[ATGGACCAAA..TAAAACATGA]
17:11:14.317 - INFO - CDS - contig=contig_1, start=20279, stop=21106, strand=-, nt=[ATGAAACTCG..ACTCTTTTAG]
17:11:14.317 - INFO - CDS - contig=contig_1, start=21144, stop=22064, strand=+, nt=[ATGAATAATT..TGGTTCTTAA]
17:11:14.317 - INFO - CDS - contig=contig_1, start=22051, stop=23169, strand=+, nt=[ATGATGGTTC..TAGTATATAA]
17:11:14.317 - INFO - CDS - contig=contig_1, start=23209, stop=25227, strand=-, nt=[ATGATACCTT..ATTCCTTTAG]
17:11:14.317 - INFO - CDS - contig=contig_1, start=25224, stop=25421, strand=-, nt=[ATGAAAAAAA..TCAATCATGA]
17:11:14.317 - INFO - CDS - contig=contig_1, start=25538, stop=27736, strand=+, nt=[ATGATGATCG..ACTCCATTAA]
17:11:14.317 - INFO - CDS - contig=contig_1, start=27768, stop=27932, strand=+, nt=[ATGATGTTAA..ACAACCATAG]
17:11:14.317 - INFO - CDS - contig=contig_1, start=27950, stop=28660, strand=+, nt=[ATGATTAGAA..AAAAATATGA]
17:11:14.317 - INFO - CDS - contig=contig_1, start=28657, stop=29754, strand=+, nt=[ATGAGGACAG..GAAAAAGTAA]
17:11:14.317 - INFO - CDS - contig=contig_1, start=29728, stop=30426, strand=-, nt=[ATGTTTTTCT..TTATACATGA]
17:11:14.317 - INFO - CDS - contig=contig_1, start=30485, stop=31864, strand=-, nt=[ATGATCTGGT..CATATCCTAA]
17:11:14.317 - INFO - CDS - contig=contig_1, start=31943, stop=32782, strand=-, nt=[ATGATACTTT..TATGAAATAG]
17:11:14.317 - INFO - CDS - contig=contig_1, start=32841, stop=34001, strand=+, nt=[ATGAAGTATA..TCCACAATAA]
17:11:14.317 - INFO - CDS - contig=contig_1, start=34205, stop=36964, strand=+, nt=[ATGATTAATT..AGCGTATTAG]
17:11:14.317 - INFO - CDS - contig=contig_1, start=36942, stop=37085, strand=+, nt=[ATGAAAATCC..AAGAAGTTAA]
17:11:14.317 - INFO - CDS - contig=contig_1, start=37092, stop=37805, strand=+, nt=[ATGCGTTCAA..ACATATATGA]
17:11:14.317 - INFO - CDS - contig=contig_1, start=37802, stop=38797, strand=+, nt=[ATGAACGTTG..AAAGCGTTAA]
17:11:14.317 - INFO - CDS - contig=contig_1, start=38799, stop=39149, strand=+, nt=[ATGCTTTTTA..AACTAAATAA]
17:11:14.317 - INFO - CDS - contig=contig_1, start=39136, stop=39309, strand=+, nt=[ATGAAACTAA..TATTGTGTGA]
17:11:14.317 - INFO - CDS - contig=contig_1, start=39322, stop=39987, strand=+, nt=[ATGATCCTGC..GAGATACTAG]
17:11:14.317 - INFO - CDS - contig=contig_1, start=39995, stop=40507, strand=-, nt=[ATGAAACGTC..CATTCATTGA]
17:11:14.317 - INFO - CDS - contig=contig_1, start=40557, stop=41585, strand=+, nt=[ATGTTTTTAG..TGATCGATAA]
17:11:14.317 - INFO - CDS - contig=contig_1, start=41575, stop=44688, strand=+, nt=[ATGATCGATA..AGATAGATAA]
17:11:14.317 - INFO - CDS - contig=contig_1, start=44645, stop=45163, strand=+, nt=[ATGATACTTT..TACTAAGTAG]
17:11:14.317 - INFO - CDS - contig=contig_1, start=45135, stop=45653, strand=+, nt=[ATGAACTTAA..GATATTATGA]
17:11:14.317 - INFO - CDS - contig=contig_1, start=45650, stop=46786, strand=+, nt=[ATGAAACAGT..AATCTTATAA]
17:11:14.317 - INFO - CDS - contig=contig_1, start=46798, stop=47298, strand=+, nt=[ATGAAAAAGG..CGTATTATGA]
17:11:14.317 - INFO - CDS - contig=contig_1, start=47456, stop=48226, strand=+, nt=[ATGTTGAACT..AAAGATCTAG]
17:11:14.317 - INFO - CDS - contig=contig_1, start=48261, stop=48881, strand=+, nt=[ATGATTATTG..AAAATATTAA]
17:11:14.317 - INFO - CDS - contig=contig_1, start=48854, stop=50059, strand=+, nt=[ATGTCCATTA..AAAGCCCTAA]
17:11:14.317 - INFO - CDS - contig=contig_1, start=50032, stop=51015, strand=+, nt=[ATGTATCTCT..TAATATTTAG]
17:11:14.317 - INFO - CDS - contig=contig_1, start=50996, stop=51547, strand=+, nt=[ATGAGGAAAT..GTTTAAGTAA]
17:11:14.317 - INFO - CDS - contig=contig_1, start=51547, stop=52131, strand=+, nt=[ATGCATGTAG..CGTAACGTAA]
17:11:14.317 - INFO - CDS - contig=contig_1, start=52119, stop=52817, strand=+, nt=[ATGCGTAACG..AAAAGAATAA]
17:11:14.317 - INFO - CDS - contig=contig_1, start=52799, stop=53542, strand=+, nt=[ATGTTTTTTA..CCGTTTGTGA]
17:11:14.317 - INFO - CDS - contig=contig_1, start=53542, stop=53835, strand=+, nt=[ATGTTTAGAT..AAAACTATGA]
17:11:14.317 - INFO - CDS - contig=contig_1, start=53814, stop=54113, strand=+, nt=[ATGCTTTATG..ACCAGAATAA]
17:11:14.317 - INFO - CDS - contig=contig_1, start=54219, stop=55043, strand=+, nt=[ATGAAATATC..TATATGGTGA]
17:11:14.318 - INFO - CDS - contig=contig_1, start=55047, stop=55406, strand=-, nt=[ATGGCAAGAT..AAGATCCTAG]
17:11:14.318 - INFO - CDS - contig=contig_1, start=55375, stop=55542, strand=-, nt=[ATGAACAAAC..TTCCTTTTAA]
17:11:14.318 - INFO - CDS - contig=contig_1, start=55539, stop=55988, strand=-, nt=[ATGGAAATAA..TGCCAAATGA]
17:11:14.318 - INFO - CDS - contig=contig_1, start=55990, stop=57030, strand=-, nt=[ATGAATGTAT..GTGTCTTTAA]
17:11:14.318 - INFO - CDS - contig=contig_1, start=57110, stop=57241, strand=+, nt=[ATGATAAATC..GCAAAGATAG]
17:11:14.318 - INFO - CDS - contig=contig_1, start=57362, stop=57694, strand=+, nt=[ATGATTATGA..GATGTTTTAA]
17:11:14.318 - INFO - CDS - contig=contig_1, start=57662, stop=58132, strand=-, nt=[ATGGAACATT..TCTTGATTAG]
17:11:14.318 - INFO - CDS - contig=contig_1, start=58132, stop=58599, strand=-, nt=[ATGGAAGCAG..TCTTGTGTAA]
17:11:14.318 - INFO - CDS - contig=contig_1, start=58572, stop=59147, strand=-, nt=[ATGTTTATTA..GATGTATTAA]
17:11:14.318 - INFO - CDS - contig=contig_1, start=59180, stop=59914, strand=+, nt=[ATGTCTCTAA..AAGATGGTGA]
17:11:14.318 - INFO - CDS - contig=contig_1, start=59908, stop=60969, strand=+, nt=[ATGGTGAAAC..TCCTTATTAG]
17:11:14.318 - INFO - CDS - contig=contig_1, start=60926, stop=62200, strand=-, nt=[ATGAAATATT..GCACATATAA]
17:11:14.318 - INFO - CDS - contig=contig_1, start=62197, stop=63315, strand=-, nt=[ATGAGAAAGT..TATGATATGA]
17:11:14.318 - INFO - CDS - contig=contig_1, start=63312, stop=64451, strand=-, nt=[ATGTTATATT..TAGGCAATGA]
17:11:14.318 - INFO - CDS - contig=contig_1, start=64457, stop=64789, strand=-, nt=[ATGTGCAAAC..TCCTGTTTAG]
17:11:14.318 - INFO - CDS - contig=contig_1, start=64905, stop=65951, strand=+, nt=[ATGGAAGGAA..GATCAAATAA]
17:11:14.318 - INFO - CDS - contig=contig_1, start=65952, stop=66200, strand=+, nt=[ATGAAGAAAA..TAACAAATAA]
17:11:14.318 - INFO - CDS - contig=contig_1, start=66214, stop=67371, strand=+, nt=[ATGCGTATGA..TATGCTTTGA]
17:11:14.318 - INFO - CDS - contig=contig_1, start=67457, stop=67690, strand=+, nt=[ATGAAAATTT..TTACGAATGA]
17:11:14.318 - INFO - CDS - contig=contig_1, start=67687, stop=69246, strand=+, nt=[ATGACCATCA..CAGTAAATGA]
17:11:14.318 - INFO - CDS - contig=contig_1, start=69248, stop=70513, strand=+, nt=[ATGAATTTAA..GAACTACTAA]
17:11:14.318 - INFO - CDS - contig=contig_1, start=70500, stop=71579, strand=-, nt=[ATGAGGAAGA..TAGTTCCTAA]
17:11:14.318 - INFO - CDS - contig=contig_1, start=71684, stop=72316, strand=+, nt=[ATGCAGGACG..ATTGTGTTAA]
17:11:14.318 - INFO - CDS - contig=contig_1, start=72305, stop=73282, strand=-, nt=[ATGACCAAAG..AACACAATAA]
17:11:14.318 - INFO - CDS - contig=contig_1, start=73279, stop=75078, strand=-, nt=[ATGAATATTA..AAAGAAATGA]
17:11:14.318 - INFO - CDS - contig=contig_1, start=75157, stop=76128, strand=+, nt=[ATGAATCTAC..GAATGTATAA]
17:11:14.318 - INFO - CDS - contig=contig_1, start=76143, stop=76712, strand=-, nt=[ATGAGTTACT..TTATCGCTAG]
17:11:14.318 - INFO - CDS - contig=contig_1, start=76721, stop=77299, strand=-, nt=[ATGATTAGCG..TGATATGTAA]
17:11:14.318 - INFO - CDS - contig=contig_1, start=77292, stop=77936, strand=-, nt=[ATGCATTATG..TTATGATTAG]
17:11:14.318 - INFO - CDS - contig=contig_1, start=77944, stop=78372, strand=+, nt=[ATGTTAATAA..ATATCGATAA]
17:11:14.318 - INFO - CDS - contig=contig_1, start=78399, stop=78641, strand=-, nt=[ATGGCTAAAA..TGTTGTATAG]
17:11:14.318 - INFO - CDS - contig=contig_1, start=78611, stop=78922, strand=-, nt=[ATGATCTATA..GGATCACTAA]
17:11:14.318 - INFO - CDS - contig=contig_1, start=79245, stop=80462, strand=+, nt=[ATGTTTTATA..TATGGACTGA]
17:11:14.318 - INFO - CDS - contig=contig_1, start=80409, stop=80555, strand=-, nt=[ATGGTCCTAC..CAAGGTATGA]
17:11:14.318 - INFO - CDS - contig=contig_1, start=80801, stop=81079, strand=+, nt=[TTGGAACACC..TAAGCGATAG]
17:11:14.318 - INFO - CDS - contig=contig_1, start=82925, stop=83083, strand=+, nt=[ATGCTTACTG..CTTTACTTAG]
17:11:14.318 - INFO - CDS - contig=contig_1, start=85226, stop=85627, strand=+, nt=[ATGGAAAAAA..TGAGTTGTAA]
17:11:14.318 - INFO - CDS - contig=contig_1, start=85636, stop=86100, strand=+, nt=[ATGTTTAAGA..GTTCGCTTAA]
17:11:14.318 - INFO - CDS - contig=contig_1, start=86060, stop=86278, strand=+, nt=[ATGAATCATT..AAATGTATAG]
17:11:14.319 - INFO - CDS - contig=contig_1, start=86271, stop=87074, strand=+, nt=[ATGTATAGAA..AGCATCATGA]
17:11:14.319 - INFO - CDS - contig=contig_1, start=87071, stop=87325, strand=+, nt=[ATGAAAGTAC..GAAAAATTAG]
17:11:14.319 - INFO - CDS - contig=contig_1, start=87309, stop=87626, strand=+, nt=[ATGAAAAGAA..AAATGGGTAA]
17:11:14.319 - INFO - CDS - contig=contig_1, start=87619, stop=88224, strand=+, nt=[ATGGGTAACA..GTGTTTTTAA]
17:11:14.319 - INFO - CDS - contig=contig_1, start=88244, stop=88657, strand=+, nt=[ATGAAACAAT..GAATATATAG]
17:11:14.319 - INFO - CDS - contig=contig_1, start=88659, stop=88790, strand=+, nt=[ATGATCATTA..TATCAATTAG]
17:11:14.319 - INFO - CDS - contig=contig_1, start=88738, stop=88959, strand=+, nt=[ATGATCATTG..TGTTATATGA]
17:11:14.319 - INFO - CDS - contig=contig_1, start=88899, stop=89336, strand=+, nt=[ATGTTATCCT..TATAATATGA]
17:11:14.319 - INFO - CDS - contig=contig_1, start=89333, stop=89491, strand=+, nt=[ATGATAAGAG..AGTATACTAG]
17:11:14.319 - INFO - CDS - contig=contig_1, start=89466, stop=90026, strand=+, nt=[ATGATAAAAA..CTATGGCTAA]
17:11:14.319 - INFO - CDS - contig=contig_1, start=90019, stop=90267, strand=+, nt=[ATGGCTAAGC..AAGTTGGTAA]
17:11:14.319 - INFO - CDS - contig=contig_1, start=90275, stop=90661, strand=+, nt=[ATGATACACA..CTATGTCTAG]
17:11:14.319 - INFO - CDS - contig=contig_1, start=90654, stop=91178, strand=+, nt=[ATGTCTAGAT..AAGACAATGA]
17:11:14.319 - INFO - CDS - contig=contig_1, start=91178, stop=91462, strand=+, nt=[ATGATCATTT..GCGTTCGTAG]
17:11:14.319 - INFO - CDS - contig=contig_1, start=91431, stop=91853, strand=+, nt=[ATGTTAATTC..AGATTGTTAG]
17:11:14.319 - INFO - CDS - contig=contig_1, start=91840, stop=92157, strand=+, nt=[ATGAAGATTG..TAGTCTTTAA]
17:11:14.319 - INFO - CDS - contig=contig_1, start=92144, stop=92371, strand=+, nt=[ATGTTAGTCT..AATCAAATGA]
17:11:14.319 - INFO - CDS - contig=contig_1, start=92368, stop=92484, strand=+, nt=[ATGAAAGTAT..ACAAGGATGA]
17:11:14.319 - INFO - CDS - contig=contig_1, start=92481, stop=92831, strand=+, nt=[ATGAAGATAA..TGAAAAATGA]
17:11:14.319 - INFO - CDS - contig=contig_1, start=92828, stop=93166, strand=+, nt=[ATGATTAGTT..GCGTGTATGA]
17:11:14.319 - INFO - CDS - contig=contig_1, start=93163, stop=93552, strand=+, nt=[ATGAGACGTA..TGTCTCTTAA]
17:11:14.319 - INFO - CDS - contig=contig_1, start=93542, stop=94183, strand=+, nt=[ATGTCTCTTA..CAAGTGCTAA]
17:11:14.319 - INFO - CDS - contig=contig_1, start=94263, stop=94481, strand=+, nt=[ATGGCACGAT..TGTTTTCTAA]
17:11:14.319 - INFO - CDS - contig=contig_1, start=94452, stop=95576, strand=-, nt=[ATGTTAAAGA..AATAAATTAA]
17:11:14.319 - INFO - CDS - contig=contig_1, start=95596, stop=96030, strand=+, nt=[ATGTTATCGG..TCTAAGCTAA]
17:11:14.319 - INFO - CDS - contig=contig_1, start=96018, stop=97001, strand=+, nt=[ATGTCTAAGC..ACGCGGATAA]
17:11:14.319 - INFO - CDS - contig cds: predicted=126
17:11:14.319 - INFO - CDS - predicted=126
17:11:14.319 - INFO - ORF - write internal aa seqs: # seqs=126, path=/tmp/tmp2k1y02ts/cds.spurious.faa
17:11:14.503 - INFO - ORF - discard spurious: contig=contig_1, start=80801, stop=81079, strand=+, homology=Spurious_ORF_05, evalue=6.3e-47, bitscore=151.100000
17:11:14.503 - INFO - ORF - discarded=1
17:11:14.582 - INFO - UPS - looked-up=0
17:11:14.584 - INFO - IPS - looked-up=0
17:11:14.584 - INFO - ORF - write internal aa seqs: # seqs=125, path=/tmp/tmp2k1y02ts/cds.psc.faa
17:13:34.625 - INFO - PSC - found: PSC=0, PSCC=20
17:13:34.689 - INFO - PSC - looked-up=20
17:13:34.713 - INFO - PSCC - looked-up=17
17:13:34.714 - INFO - ORF - write internal aa seqs: # seqs=125, path=/tmp/tmp2k1y02ts/cds.expert.faa
17:13:36.226 - INFO - EXPERT-AMRFINDER - found=0
17:13:36.545 - INFO - EXPERT_AA_SEQ - found=0
17:13:36.553 - INFO - ORF - write internal aa seqs: # seqs=108, path=/tmp/tmp2k1y02ts/cds.pseudo.candidates.faa
17:16:49.423 - INFO - CDS - found: pseudogene-candidates=0
17:16:49.457 - INFO - PSC - looked-up=0
17:16:49.461 - INFO - PSCC - looked-up=0
17:16:49.464 - INFO - ORF - write internal aa seqs: # seqs=108, path=/tmp/tmp2k1y02ts/hypotheticals.faa
17:16:58.540 - INFO - CDS - pfam detected: contig=contig_1, start=50032, stop=51015, strand=+, pfam-id=PF00155.24, length=363, aa-start=33, aa-stop=321, aa-cov=0.9, hmm-cov=0.8, evalue=2.7e-26, bitscore=85.3, name=Aminotran_1_2
17:16:58.541 - INFO - CDS - pfam detected: contig=contig_1, start=23209, stop=25227, strand=-, pfam-id=PF08264.16, length=152, aa-start=465, aa-stop=640, aa-cov=0.3, hmm-cov=0.7, evalue=4.6e-15, bitscore=48.7, name=Anticodon_1
17:16:58.541 - INFO - CDS - pfam detected: contig=contig_1, start=30485, stop=31864, strand=-, pfam-id=PF14698.9, length=69, aa-start=357, aa-stop=429, aa-cov=0.2, hmm-cov=0.8, evalue=7.6e-11, bitscore=35.5, name=ASL_C2
17:16:58.541 - INFO - CDS - pfam detected: contig=contig_1, start=67457, stop=67690, strand=+, pfam-id=PF00166.24, length=93, aa-start=2, aa-stop=75, aa-cov=1.0, hmm-cov=1.0, evalue=1.6e-10, bitscore=33.8, name=Cpn10
17:16:58.541 - INFO - CDS - pfam detected: contig=contig_1, start=41575, stop=44688, strand=+, pfam-id=PF02786.20, length=211, aa-start=123, aa-stop=335, aa-cov=0.2, hmm-cov=1.0, evalue=2.6e-61, bitscore=199.6, name=CPSase_L_D2
17:16:58.541 - INFO - CDS - pfam detected: contig=contig_1, start=41575, stop=44688, strand=+, pfam-id=PF02786.20, length=211, aa-start=680, aa-stop=859, aa-cov=0.2, hmm-cov=0.8, evalue=2.6e-61, bitscore=199.6, name=CPSase_L_D2
17:16:58.541 - INFO - CDS - pfam detected: contig=contig_1, start=40557, stop=41585, strand=+, pfam-id=PF00988.25, length=125, aa-start=1, aa-stop=120, aa-cov=0.4, hmm-cov=0.9, evalue=7.3e-34, bitscore=109.2, name=CPSase_sm_chain
17:16:58.541 - INFO - CDS - pfam detected: contig=contig_1, start=28657, stop=29754, strand=+, pfam-id=PF01053.23, length=382, aa-start=3, aa-stop=356, aa-cov=1.0, hmm-cov=1.0, evalue=1.4e-43, bitscore=141.6, name=Cys_Met_Meta_PP
17:16:58.541 - INFO - CDS - pfam detected: contig=contig_1, start=75157, stop=76128, strand=+, pfam-id=PF00793.23, length=275, aa-start=9, aa-stop=317, aa-cov=1.0, hmm-cov=1.0, evalue=1.7e-53, bitscore=174.0, name=DAHP_synth_1
17:16:58.542 - INFO - CDS - pfam detected: contig=contig_1, start=76721, stop=77299, strand=-, pfam-id=PF05173.17, length=121, aa-start=83, aa-stop=190, aa-cov=0.6, hmm-cov=0.8, evalue=3.8e-11, bitscore=35.9, name=DapB_C
17:16:58.542 - INFO - CDS - pfam detected: contig=contig_1, start=20279, stop=21106, strand=-, pfam-id=PF00701.25, length=289, aa-start=1, aa-stop=266, aa-cov=1.0, hmm-cov=0.9, evalue=1.4e-45, bitscore=147.9, name=DHDPS
17:16:58.542 - INFO - CDS - pfam detected: contig=contig_1, start=96018, stop=97001, strand=+, pfam-id=PF01761.23, length=262, aa-start=32, aa-stop=289, aa-cov=0.8, hmm-cov=1.0, evalue=1.6e-71, bitscore=233.3, name=DHQ_synthase
17:16:58.542 - INFO - CDS - pfam detected: contig=contig_1, start=63312, stop=64451, strand=-, pfam-id=PF03796.18, length=254, aa-start=143, aa-stop=379, aa-cov=0.6, hmm-cov=1.0, evalue=5.9e-68, bitscore=221.6, name=DnaB_C
17:16:58.542 - INFO - CDS - pfam detected: contig=contig_1, start=72305, stop=73282, strand=-, pfam-id=PF00226.34, length=63, aa-start=4, aa-stop=66, aa-cov=0.2, hmm-cov=1.0, evalue=3.7e-28, bitscore=90.3, name=DnaJ
17:16:58.542 - INFO - CDS - pfam detected: contig=contig_1, start=72305, stop=73282, strand=-, pfam-id=PF01556.21, length=149, aa-start=106, aa-stop=309, aa-cov=0.6, hmm-cov=1.0, evalue=1.9e-17, bitscore=56.6, name=DnaJ_C
17:16:58.542 - INFO - CDS - pfam detected: contig=contig_1, start=72305, stop=73282, strand=-, pfam-id=PF00684.22, length=66, aa-start=133, aa-stop=192, aa-cov=0.2, hmm-cov=1.0, evalue=1.8e-10, bitscore=33.8, name=DnaJ_CXXCXGXG
17:16:58.542 - INFO - CDS - pfam detected: contig=contig_1, start=34205, stop=36964, strand=+, pfam-id=PF07733.15, length=260, aa-start=261, aa-stop=491, aa-cov=0.3, hmm-cov=0.9, evalue=4.0e-71, bitscore=232.4, name=DNA_pol3_alpha
17:16:58.542 - INFO - CDS - pfam detected: contig=contig_1, start=70500, stop=71579, strand=-, pfam-id=PF02768.18, length=121, aa-start=239, aa-stop=357, aa-cov=0.3, hmm-cov=1.0, evalue=1.7e-10, bitscore=33.6, name=DNA_pol3_beta_3
17:16:58.542 - INFO - CDS - pfam detected: contig=contig_1, start=47456, stop=48226, strand=+, pfam-id=PF13177.9, length=161, aa-start=3, aa-stop=109, aa-cov=0.4, hmm-cov=0.6, evalue=1.0e-16, bitscore=54.2, name=DNA_pol3_delta2
17:16:58.543 - INFO - CDS - pfam detected: contig=contig_1, start=34205, stop=36964, strand=+, pfam-id=PF17657.4, length=166, aa-start=494, aa-stop=639, aa-cov=0.2, hmm-cov=0.9, evalue=5.0e-22, bitscore=70.8, name=DNA_pol3_finger
17:16:58.543 - INFO - CDS - pfam detected: contig=contig_1, start=40557, stop=41585, strand=+, pfam-id=PF00117.31, length=191, aa-start=172, aa-stop=341, aa-cov=0.5, hmm-cov=1.0, evalue=3.3e-25, bitscore=81.7, name=GATase
17:16:58.543 - INFO - CDS - pfam detected: contig=contig_1, start=51547, stop=52131, strand=+, pfam-id=PF00117.31, length=191, aa-start=6, aa-stop=187, aa-cov=0.9, hmm-cov=0.7, evalue=4.0e-10, bitscore=32.5, name=GATase
17:16:58.543 - INFO - CDS - pfam detected: contig=contig_1, start=16431, stop=17774, strand=-, pfam-id=PF00009.30, length=195, aa-start=36, aa-stop=158, aa-cov=0.3, hmm-cov=0.6, evalue=4.0e-14, bitscore=45.4, name=GTP_EFTU
17:16:58.543 - INFO - CDS - pfam detected: contig=contig_1, start=59180, stop=59914, strand=+, pfam-id=PF14602.9, length=34, aa-start=148, aa-stop=182, aa-cov=0.1, hmm-cov=0.9, evalue=4.2e-12, bitscore=38.5, name=Hexapep_2
17:16:58.543 - INFO - CDS - pfam detected: contig=contig_1, start=34205, stop=36964, strand=+, pfam-id=PF14579.9, length=90, aa-start=711, aa-stop=796, aa-cov=0.1, hmm-cov=0.9, evalue=1.9e-18, bitscore=59.3, name=HHH_6
17:16:58.543 - INFO - CDS - pfam detected: contig=contig_1, start=62197, stop=63315, strand=-, pfam-id=PF00742.22, length=173, aa-start=119, aa-stop=289, aa-cov=0.5, hmm-cov=1.0, evalue=6.8e-21, bitscore=67.7, name=Homoserine_dh
17:16:58.543 - INFO - CDS - pfam detected: contig=contig_1, start=55539, stop=55988, strand=-, pfam-id=PF00707.25, length=86, aa-start=68, aa-stop=137, aa-cov=0.5, hmm-cov=0.7, evalue=2.2e-16, bitscore=52.4, name=IF3_C
17:16:58.543 - INFO - CDS - pfam detected: contig=contig_1, start=55539, stop=55988, strand=-, pfam-id=PF05198.19, length=70, aa-start=1, aa-stop=63, aa-cov=0.4, hmm-cov=0.9, evalue=2.6e-15, bitscore=49.3, name=IF3_N
17:16:58.543 - INFO - CDS - pfam detected: contig=contig_1, start=87619, stop=88224, strand=+, pfam-id=PF07650.20, length=78, aa-start=39, aa-stop=107, aa-cov=0.3, hmm-cov=0.6, evalue=4.3e-09, bitscore=28.9, name=KH_2
17:16:58.544 - INFO - CDS - pfam detected: contig=contig_1, start=30485, stop=31864, strand=-, pfam-id=PF00206.23, length=312, aa-start=70, aa-stop=294, aa-cov=0.5, hmm-cov=0.7, evalue=9.9e-52, bitscore=169.0, name=Lyase_1
17:16:58.544 - INFO - CDS - pfam detected: contig=contig_1, start=59908, stop=60969, strand=+, pfam-id=PF07687.17, length=109, aa-start=160, aa-stop=258, aa-cov=0.3, hmm-cov=0.8, evalue=3.9e-09, bitscore=29.2, name=M20_dimer
17:16:58.544 - INFO - CDS - pfam detected: contig=contig_1, start=53814, stop=54113, strand=+, pfam-id=PF03819.20, length=74, aa-start=34, aa-stop=99, aa-cov=0.7, hmm-cov=0.9, evalue=1.9e-08, bitscore=27.3, name=MazG
17:16:58.544 - INFO - CDS - pfam detected: contig=contig_1, start=25538, stop=27736, strand=+, pfam-id=PF08267.15, length=313, aa-start=3, aa-stop=303, aa-cov=0.4, hmm-cov=1.0, evalue=3.3e-56, bitscore=183.8, name=Meth_synt_1
17:16:58.544 - INFO - CDS - pfam detected: contig=contig_1, start=25538, stop=27736, strand=+, pfam-id=PF01717.21, length=324, aa-start=403, aa-stop=726, aa-cov=0.4, hmm-cov=1.0, evalue=1.5e-98, bitscore=322.8, name=Meth_synt_2
17:16:58.544 - INFO - CDS - pfam detected: contig=contig_1, start=94452, stop=95576, strand=-, pfam-id=PF02784.19, length=247, aa-start=27, aa-stop=260, aa-cov=0.6, hmm-cov=0.9, evalue=8.8e-37, bitscore=119.5, name=Orn_Arg_deC_N
17:16:58.544 - INFO - CDS - pfam detected: contig=contig_1, start=94452, stop=95576, strand=-, pfam-id=PF00278.25, length=95, aa-start=45, aa-stop=343, aa-cov=0.8, hmm-cov=1.0, evalue=7.5e-20, bitscore=63.8, name=Orn_DAP_Arg_deC
17:16:58.544 - INFO - CDS - pfam detected: contig=contig_1, start=54219, stop=55043, strand=+, pfam-id=PF00185.27, length=157, aa-start=172, aa-stop=267, aa-cov=0.4, hmm-cov=0.6, evalue=2.9e-20, bitscore=65.7, name=OTCace
17:16:58.544 - INFO - CDS - pfam detected: contig=contig_1, start=54219, stop=55043, strand=+, pfam-id=PF02729.24, length=146, aa-start=3, aa-stop=133, aa-cov=0.5, hmm-cov=0.7, evalue=7.5e-29, bitscore=93.5, name=OTCace_N
17:16:58.545 - INFO - CDS - pfam detected: contig=contig_1, start=19572, stop=20303, strand=-, pfam-id=PF03462.21, length=192, aa-start=2, aa-stop=111, aa-cov=0.5, hmm-cov=0.5, evalue=3.3e-23, bitscore=75.3, name=PCRF
17:16:58.545 - INFO - CDS - pfam detected: contig=contig_1, start=29728, stop=30426, strand=-, pfam-id=PF03462.21, length=192, aa-start=2, aa-stop=89, aa-cov=0.4, hmm-cov=0.5, evalue=6.7e-21, bitscore=67.7, name=PCRF
17:16:58.545 - INFO - CDS - pfam detected: contig=contig_1, start=13395, stop=13838, strand=+, pfam-id=PF01327.24, length=159, aa-start=1, aa-stop=147, aa-cov=1.0, hmm-cov=0.9, evalue=1.2e-26, bitscore=86.0, name=Pep_deformylase
17:16:58.545 - INFO - CDS - pfam detected: contig=contig_1, start=17804, stop=18652, strand=+, pfam-id=PF13793.9, length=116, aa-start=7, aa-stop=108, aa-cov=0.4, hmm-cov=0.8, evalue=2.6e-19, bitscore=62.1, name=Pribosyltran_N
17:16:58.545 - INFO - CDS - pfam detected: contig=contig_1, start=1196, stop=1585, strand=+, pfam-id=PF00298.22, length=70, aa-start=64, aa-stop=129, aa-cov=0.5, hmm-cov=1.0, evalue=1.5e-11, bitscore=37.5, name=Ribosomal_L11
17:16:58.545 - INFO - CDS - pfam detected: contig=contig_1, start=1196, stop=1585, strand=+, pfam-id=PF03946.17, length=58, aa-start=2, aa-stop=57, aa-cov=0.4, hmm-cov=0.9, evalue=3.0e-15, bitscore=48.7, name=Ribosomal_L11_N
17:16:58.545 - INFO - CDS - pfam detected: contig=contig_1, start=2550, stop=2909, strand=+, pfam-id=PF00542.22, length=67, aa-start=53, aa-stop=116, aa-cov=0.5, hmm-cov=0.9, evalue=1.9e-14, bitscore=46.7, name=Ribosomal_L12
17:16:58.545 - INFO - CDS - pfam detected: contig=contig_1, start=87309, stop=87626, strand=+, pfam-id=PF00237.22, length=103, aa-start=6, aa-stop=101, aa-cov=0.9, hmm-cov=0.4, evalue=1.9e-09, bitscore=30.5, name=Ribosomal_L22
17:16:58.545 - INFO - CDS - pfam detected: contig=contig_1, start=92368, stop=92484, strand=+, pfam-id=PF00444.21, length=38, aa-start=1, aa-stop=38, aa-cov=1.0, hmm-cov=1.0, evalue=2.6e-16, bitscore=52.3, name=Ribosomal_L36
17:16:58.546 - INFO - CDS - pfam detected: contig=contig_1, start=89466, stop=90026, strand=+, pfam-id=PF00281.22, length=57, aa-start=32, aa-stop=88, aa-cov=0.3, hmm-cov=1.0, evalue=4.6e-19, bitscore=61.4, name=Ribosomal_L5
17:16:58.546 - INFO - CDS - pfam detected: contig=contig_1, start=89466, stop=90026, strand=+, pfam-id=PF00673.24, length=94, aa-start=92, aa-stop=185, aa-cov=0.5, hmm-cov=0.9, evalue=6.2e-23, bitscore=73.7, name=Ribosomal_L5_C
17:16:58.546 - INFO - CDS - pfam detected: contig=contig_1, start=12905, stop=13204, strand=+, pfam-id=PF00338.25, length=98, aa-start=2, aa-stop=97, aa-cov=1.0, hmm-cov=1.0, evalue=1.4e-11, bitscore=37.4, name=Ribosomal_S10
17:16:58.546 - INFO - CDS - pfam detected: contig=contig_1, start=36942, stop=37085, strand=+, pfam-id=PF00312.25, length=81, aa-start=1, aa-stop=43, aa-cov=0.9, hmm-cov=0.4, evalue=7.0e-12, bitscore=38.3, name=Ribosomal_S15
17:16:58.546 - INFO - CDS - pfam detected: contig=contig_1, start=88738, stop=88959, strand=+, pfam-id=PF00366.23, length=68, aa-start=4, aa-stop=70, aa-cov=0.9, hmm-cov=0.9, evalue=1.5e-15, bitscore=49.9, name=Ribosomal_S17
17:16:58.546 - INFO - CDS - pfam detected: contig=contig_1, start=87619, stop=88224, strand=+, pfam-id=PF00189.23, length=83, aa-start=117, aa-stop=199, aa-cov=0.4, hmm-cov=1.0, evalue=1.7e-24, bitscore=79.0, name=Ribosomal_S3_C
17:16:58.546 - INFO - CDS - pfam detected: contig=contig_1, start=91431, stop=91853, strand=+, pfam-id=PF03719.18, length=71, aa-start=77, aa-stop=130, aa-cov=0.4, hmm-cov=0.7, evalue=3.4e-08, bitscore=25.7, name=Ribosomal_S5_C
17:16:58.546 - INFO - CDS - pfam detected: contig=contig_1, start=10371, stop=10835, strand=+, pfam-id=PF00177.24, length=149, aa-start=1, aa-stop=147, aa-cov=1.0, hmm-cov=0.9, evalue=1.3e-31, bitscore=102.0, name=Ribosomal_S7
17:16:58.547 - INFO - CDS - pfam detected: contig=contig_1, start=90275, stop=90661, strand=+, pfam-id=PF00410.22, length=126, aa-start=3, aa-stop=126, aa-cov=1.0, hmm-cov=1.0, evalue=1.8e-22, bitscore=72.4, name=Ribosomal_S8
17:16:58.547 - INFO - CDS - pfam detected: contig=contig_1, start=39995, stop=40507, strand=-, pfam-id=PF13482.9, length=166, aa-start=5, aa-stop=169, aa-cov=1.0, hmm-cov=0.9, evalue=4.2e-10, bitscore=32.6, name=RNase_H_2
17:16:58.547 - INFO - CDS - pfam detected: contig=contig_1, start=6258, stop=10031, strand=+, pfam-id=PF04997.15, length=312, aa-start=1, aa-stop=321, aa-cov=0.3, hmm-cov=1.0, evalue=1.9e-60, bitscore=197.6, name=RNA_pol_Rpb1_1
17:16:58.547 - INFO - CDS - pfam detected: contig=contig_1, start=6258, stop=10031, strand=+, pfam-id=PF00623.23, length=166, aa-start=323, aa-stop=379, aa-cov=0.0, hmm-cov=0.3, evalue=5.3e-36, bitscore=117.1, name=RNA_pol_Rpb1_2
17:16:58.547 - INFO - CDS - pfam detected: contig=contig_1, start=6258, stop=10031, strand=+, pfam-id=PF00623.23, length=166, aa-start=366, aa-stop=464, aa-cov=0.1, hmm-cov=0.5, evalue=5.3e-36, bitscore=117.1, name=RNA_pol_Rpb1_2
17:16:58.547 - INFO - CDS - pfam detected: contig=contig_1, start=6258, stop=10031, strand=+, pfam-id=PF04983.21, length=157, aa-start=467, aa-stop=607, aa-cov=0.1, hmm-cov=1.0, evalue=2.6e-14, bitscore=46.3, name=RNA_pol_Rpb1_3
17:16:58.547 - INFO - CDS - pfam detected: contig=contig_1, start=6258, stop=10031, strand=+, pfam-id=PF04998.20, length=267, aa-start=700, aa-stop=1200, aa-cov=0.4, hmm-cov=1.0, evalue=7.4e-55, bitscore=179.0, name=RNA_pol_Rpb1_5
17:16:58.547 - INFO - CDS - pfam detected: contig=contig_1, start=2909, stop=6265, strand=+, pfam-id=PF04565.19, length=68, aa-start=414, aa-stop=479, aa-cov=0.1, hmm-cov=1.0, evalue=1.4e-22, bitscore=72.5, name=RNA_pol_Rpb2_3
17:16:58.547 - INFO - CDS - pfam detected: contig=contig_1, start=2909, stop=6265, strand=+, pfam-id=PF00562.31, length=389, aa-start=601, aa-stop=1042, aa-cov=0.4, hmm-cov=1.0, evalue=1.0e-96, bitscore=317.1, name=RNA_pol_Rpb2_6
17:16:58.547 - INFO - CDS - pfam detected: contig=contig_1, start=2909, stop=6265, strand=+, pfam-id=PF04560.23, length=87, aa-start=1044, aa-stop=1117, aa-cov=0.1, hmm-cov=0.9, evalue=1.5e-23, bitscore=75.9, name=RNA_pol_Rpb2_7
17:16:58.547 - INFO - CDS - pfam detected: contig=contig_1, start=13932, stop=14387, strand=-, pfam-id=PF00398.23, length=265, aa-start=1, aa-stop=126, aa-cov=0.8, hmm-cov=0.4, evalue=4.1e-10, bitscore=31.9, name=RrnaAD
17:16:58.547 - INFO - CDS - pfam detected: contig=contig_1, start=93163, stop=93552, strand=+, pfam-id=PF01479.28, length=48, aa-start=72, aa-stop=119, aa-cov=0.4, hmm-cov=1.0, evalue=6.5e-08, bitscore=25.1, name=S4
17:16:58.548 - INFO - CDS - pfam detected: contig=contig_1, start=37802, stop=38797, strand=+, pfam-id=PF02774.21, length=184, aa-start=126, aa-stop=304, aa-cov=0.5, hmm-cov=1.0, evalue=1.2e-32, bitscore=106.2, name=Semialdhyde_dhC
17:16:58.548 - INFO - CDS - pfam detected: contig=contig_1, start=77292, stop=77936, strand=-, pfam-id=PF08501.14, length=83, aa-start=6, aa-stop=79, aa-cov=0.3, hmm-cov=0.9, evalue=2.8e-10, bitscore=33.2, name=Shikimate_dh_N
17:16:58.548 - INFO - CDS - pfam detected: contig=contig_1, start=32841, stop=34001, strand=+, pfam-id=PF04542.17, length=71, aa-start=172, aa-stop=242, aa-cov=0.2, hmm-cov=1.0, evalue=2.2e-18, bitscore=58.7, name=Sigma70_r2
17:16:58.548 - INFO - CDS - pfam detected: contig=contig_1, start=32841, stop=34001, strand=+, pfam-id=PF04545.19, length=50, aa-start=323, aa-stop=376, aa-cov=0.1, hmm-cov=1.0, evalue=8.3e-23, bitscore=72.5, name=Sigma70_r4
17:16:58.548 - INFO - CDS - pfam detected: contig=contig_1, start=95596, stop=96030, strand=+, pfam-id=PF01202.25, length=158, aa-start=1, aa-stop=140, aa-cov=1.0, hmm-cov=0.6, evalue=4.7e-08, bitscore=26.1, name=SKI
17:16:58.548 - INFO - CDS - predicted-pfams=72, CDS-w/-pfams=51
17:16:58.662 - INFO - S_ORF - predicted=1737
17:16:58.790 - INFO - S_ORF - sORF filter: # valid=91, # discarded=1646
17:16:58.790 - INFO - ORF - write internal aa seqs: # seqs=91, path=/tmp/tmp2k1y02ts/sorf.spurious.faa
17:16:58.952 - INFO - ORF - discarded=0
17:16:59.320 - INFO - UPS - looked-up=0
17:16:59.322 - INFO - IPS - looked-up=0
17:16:59.322 - INFO - ORF - write internal aa seqs: # seqs=91, path=/tmp/tmp2k1y02ts/sorf.faa
17:16:59.484 - INFO - S_ORF - found=0
17:16:59.484 - INFO - PSC - looked-up=0
17:17:00.956 - INFO - ORI - predicted=0
17:17:01.043 - INFO - ORI - predicted=0
17:17:01.043 - INFO - ANNOTATION - overlap: CDS (None/hypothetical protein) [25538, 27736] overlapping tmRNA (ssrA) [27478, 27961], [27478,27736], contig=contig_1
17:17:01.043 - INFO - ANNOTATION - overlap: CDS (None/hypothetical protein) [27768, 27932] overlapping tmRNA (ssrA) [27478, 27961], [27768,27932], contig=contig_1
17:17:01.043 - INFO - ANNOTATION - overlap: CDS (None/hypothetical protein) [27950, 28660] overlapping tmRNA (ssrA) [27478, 27961], [27950,27961], contig=contig_1
17:17:01.043 - INFO - ANNOTATION - overlap: CDS (None/hypothetical protein) [32841, 34001] overlapping tRNA (None) [34001, 34205], [34001,34001], contig=contig_1
17:17:01.043 - INFO - ANNOTATION - overlap: CDS (None/hypothetical protein) [34205, 36964] overlapping tRNA (None) [34001, 34205], [34205,34205], contig=contig_1
17:17:01.043 - INFO - ANNOTATION - overlap: CDS (None/hypothetical protein) [57110, 57241] overlapping tRNA (fMet_trna) [57230, 57301], [57230,57241], contig=contig_1
17:17:01.043 - INFO - ANNOTATION - overlap: CDS (None/hypothetical protein) [82925, 83083] overlapping rRNA (23S_rrna) [80589, 83456], [82925,83083], contig=contig_1
17:17:01.043 - INFO - UTILS - generated sequence tag prefix: prefix=ACFOEFPKDB, length=10, MD5=ACF8EF94DB726481E04876DD0C355443
17:17:01.044 - INFO - MAIN - selected features=125
17:17:01.044 - INFO - MAIN - locus tag prefix=VFSTEMIN
17:17:01.044 - INFO - UTILS - genome-size=97122
17:17:01.044 - INFO - UTILS - GC=0.327
17:17:01.044 - INFO - UTILS - N=0.000
17:17:01.044 - INFO - UTILS - N50=97122
17:17:01.044 - INFO - UTILS - coding-ratio=0.919
17:17:01.045 - INFO - TSV - write tsv: path=/home/diego/Documents/metagenomes/annotation_symbio_merge/annotation_Beta/genomes/bakta_VFSTEMIN/bakta_VFSTEMIN.tsv
17:17:01.045 - INFO - GFF - write GFF3: path=/home/diego/Documents/metagenomes/annotation_symbio_merge/annotation_Beta/genomes/bakta_VFSTEMIN/bakta_VFSTEMIN.gff3
17:17:01.047 - INFO - INSDC - write GenBank: path=/home/diego/Documents/metagenomes/annotation_symbio_merge/annotation_Beta/genomes/bakta_VFSTEMIN/bakta_VFSTEMIN.gbff
17:17:01.055 - INFO - INSDC - write EMBL: path=/home/diego/Documents/metagenomes/annotation_symbio_merge/annotation_Beta/genomes/bakta_VFSTEMIN/bakta_VFSTEMIN.embl
17:17:01.064 - INFO - FASTA - write genome sequences: path=/home/diego/Documents/metagenomes/annotation_symbio_merge/annotation_Beta/genomes/bakta_VFSTEMIN/bakta_VFSTEMIN.fna, description=True, wrap=True
17:17:01.064 - INFO - FASTA - write feature nucleotide sequences: path=/home/diego/Documents/metagenomes/annotation_symbio_merge/annotation_Beta/genomes/bakta_VFSTEMIN/bakta_VFSTEMIN.ffn
17:17:01.064 - INFO - FASTA - write translated CDS/sORF: path=/home/diego/Documents/metagenomes/annotation_symbio_merge/annotation_Beta/genomes/bakta_VFSTEMIN/bakta_VFSTEMIN.faa
17:17:01.065 - INFO - TSV - write hypothetical tsv: path=/home/diego/Documents/metagenomes/annotation_symbio_merge/annotation_Beta/genomes/bakta_VFSTEMIN/bakta_VFSTEMIN.hypotheticals.tsv
17:17:01.065 - INFO - FASTA - write translated CDS/sORF: path=/home/diego/Documents/metagenomes/annotation_symbio_merge/annotation_Beta/genomes/bakta_VFSTEMIN/bakta_VFSTEMIN.hypotheticals.faa
17:17:01.065 - INFO - JSON - write JSON: path=/home/diego/Documents/metagenomes/annotation_symbio_merge/annotation_Beta/genomes/bakta_VFSTEMIN/bakta_VFSTEMIN.json
17:17:01.073 - INFO - MAIN - removed tmp dir: /tmp/tmp2k1y02ts
