[18:35:15] This is prokka 1.13
[18:35:15] Written by Torsten Seemann <torsten.seemann@gmail.com>
[18:35:15] Homepage is https://github.com/tseemann/prokka
[18:35:15] Local time is Wed Feb 21 18:35:15 2024
[18:35:15] You are diego
[18:35:15] Operating system is linux
[18:35:15] You have BioPerl 1.007002
[18:35:15] System has 32 cores.
[18:35:15] Will use maximum of 30 cores.
[18:35:15] Annotating as >>> Bacteria <<<
[18:35:15] Enabling options to ensure Genbank/ENA/DDJB submission compliance.
[18:35:15] Creating new output folder: prokka_SMPYRVIR
[18:35:15] Running: mkdir -p prokka_SMPYRVIR
[18:35:15] Using filename prefix: SMPYRVIR.XXX
[18:35:15] Setting HMMER_NCPU=1
[18:35:15] Writing log to: prokka_SMPYRVIR/SMPYRVIR.log
[18:35:15] Command: /home/diego/miniconda3/envs/prokka_env/bin/prokka SMPYRVIR.fasta --outdir prokka_SMPYRVIR --prefix SMPYRVIR --gcode 4 --compliant --cpus 30 --locustag SMPYRVIR
[18:35:15] Appending to PATH: /home/diego/miniconda3/envs/prokka_env/bin
[18:35:15] Looking for 'aragorn' - found /home/diego/miniconda3/envs/prokka_env/bin/aragorn
[18:35:15] Determined aragorn version is 1.2
[18:35:15] Looking for 'barrnap' - found /home/diego/miniconda3/envs/prokka_env/bin/barrnap
[18:35:15] Determined barrnap version is 0.9
[18:35:15] Looking for 'blastp' - found /home/diego/miniconda3/envs/prokka_env/bin/blastp
[18:35:15] Determined blastp version is 2.14
[18:35:15] Looking for 'cmpress' - found /home/diego/miniconda3/envs/prokka_env/bin/cmpress
[18:35:15] Determined cmpress version is 1.1
[18:35:15] Looking for 'cmscan' - found /home/diego/miniconda3/envs/prokka_env/bin/cmscan
[18:35:15] Determined cmscan version is 1.1
[18:35:15] Looking for 'egrep' - found /usr/bin/egrep
[18:35:15] Looking for 'find' - found /usr/bin/find
[18:35:15] Looking for 'grep' - found /usr/bin/grep
[18:35:15] Looking for 'hmmpress' - found /home/diego/miniconda3/envs/prokka_env/bin/hmmpress
[18:35:15] Determined hmmpress version is 3.3
[18:35:15] Looking for 'hmmscan' - found /home/diego/miniconda3/envs/prokka_env/bin/hmmscan
[18:35:15] Determined hmmscan version is 3.3
[18:35:15] Looking for 'java' - found /home/diego/miniconda3/envs/prokka_env/bin/java
[18:35:15] Looking for 'less' - found /usr/bin/less
[18:35:15] Looking for 'makeblastdb' - found /home/diego/miniconda3/envs/prokka_env/bin/makeblastdb
[18:35:15] Determined makeblastdb version is 2.14
[18:35:15] Looking for 'minced' - found /home/diego/miniconda3/envs/prokka_env/bin/minced
[18:35:15] Determined minced version is 4.2
[18:35:15] Looking for 'parallel' - found /home/diego/miniconda3/envs/prokka_env/bin/parallel
[18:35:16] Determined parallel version is 20160622
[18:35:16] Looking for 'prodigal' - found /home/diego/miniconda3/envs/prokka_env/bin/prodigal
[18:35:16] Determined prodigal version is 2.6
[18:35:16] Looking for 'prokka-genbank_to_fasta_db' - found /home/diego/miniconda3/envs/prokka_env/bin/prokka-genbank_to_fasta_db
[18:35:16] Looking for 'rnammer' - found /home/diego/rnammer-1.2.src/rnammer
[18:35:16] Determined rnammer version is 1.2
[18:35:16] Looking for 'sed' - found /usr/bin/sed
[18:35:16] Looking for 'tbl2asn' - found /home/diego/miniconda3/envs/prokka_env/bin/tbl2asn
[18:35:16] Determined tbl2asn version is 25.8
[18:35:16] Using genetic code table 4.
[18:35:16] Loading and checking input file: SMPYRVIR.fasta
[18:35:16] Wrote 1 contigs totalling 156326 bp.
[18:35:16] Predicting tRNAs and tmRNAs
[18:35:16] Running: aragorn -l -gc4  -w prokka_SMPYRVIR\/SMPYRVIR\.fna
[18:35:16] 1 tRNA-Met [9829,9902] 34 (cat)
[18:35:16] 2 tRNA-Val [14047,14121] 36 (tac)
[18:35:16] 3 tRNA-Asp [18130,18203] 35 (gtc)
[18:35:16] 4 tRNA-Lys c[18209,18281] 34 (ttt)
[18:35:16] 5 tRNA-Ser [22373,22457] 35 (tga)
[18:35:16] 6 tRNA-Arg c[28228,28302] 35 (tct)
[18:35:16] 7 tRNA-Pro c[28306,28380] 36 (tgg)
[18:35:16] 8 tRNA-Ser c[28389,28471] 35 (gct)
[18:35:16] 9 tRNA-Leu c[34395,34477] 35 (caa)
[18:35:16] 10 tRNA-Leu c[34481,34566] 36 (tag)
[18:35:16] 11 tRNA-Met [37917,37992] 36 (cat)
[18:35:16] 12 tmRNA [38607,38914] 98,130 GKNYSLKLAA*
[18:35:16] 13 tRNA-Cys [42610,42680] 33 (gca)
[18:35:16] 14 tRNA-Asn [49528,49604] 37 (gtt)
[18:35:16] 15 tRNA-Leu c[63812,63898] 35 (taa)
[18:35:16] 16 tRNA-Gly c[63903,63976] 35 (gcc)
[18:35:16] 17 tRNA-Ala c[73137,73210] 35 (tgc)
[18:35:16] 18 tRNA-Ile c[73215,73289] 36 (gat)
[18:35:16] 19 tRNA-Thr [77618,77694] 35 (tgt)
[18:35:16] 20 tRNA-Tyr [77699,77780] 35 (gta)
[18:35:16] 21 tRNA-Gly [77788,77861] 35 (tcc)
[18:35:16] 22 tRNA-Thr [77868,77942] 35 (ggt)
[18:35:16] 23 tRNA-Trp [79164,79237] 35 (cca)
[18:35:16] 24 tRNA-His [90886,90961] 36 (gtg)
[18:35:16] 25 tRNA-Phe c[93025,93096] 33 (gaa)
[18:35:16] 26 tRNA-Leu c[106223,106296] 35 (gag)
[18:35:16] 27 tRNA-Met [106356,106430] 35 (cat)
[18:35:16] 28 tRNA-Glu c[120460,120531] 34 (ttc)
[18:35:16] 29 tRNA-Gln [120896,120966] 33 (ttg)
[18:35:16] 30 tRNA-Arg c[145444,145517] 35 (acg)
[18:35:16] Found 30 tRNAs
[18:35:16] Predicting Ribosomal RNAs
[18:35:16] Running Barrnap with 30 threads
[18:35:16] 1 gnl|Prokka|SMPYRVIR_1 69776 5S ribosomal RNA
[18:35:16] 2 gnl|Prokka|SMPYRVIR_1 70230 23S ribosomal RNA
[18:35:16] 3 gnl|Prokka|SMPYRVIR_1 73327 16S ribosomal RNA
[18:35:16] Found 3 rRNAs
[18:35:16] Skipping ncRNA search, enable with --rfam if desired.
[18:35:16] Total of 32 tRNA + rRNA features
[18:35:16] Searching for CRISPR repeats
[18:35:17] Found 0 CRISPRs
[18:35:17] Predicting coding sequences
[18:35:17] Contigs total 156326 bp, so using single mode
[18:35:17] Running: prodigal -i prokka_SMPYRVIR\/SMPYRVIR\.fna -c -m -g 4 -p single -f sco -q
[18:35:17] Excluding CDS which overlaps existing RNA (rRNA) at gnl|Prokka|SMPYRVIR_1:69726..69881 on - strand
[18:35:17] Excluding CDS which overlaps existing RNA (rRNA) at gnl|Prokka|SMPYRVIR_1:70352..70897 on + strand
[18:35:17] Excluding CDS which overlaps existing RNA (tRNA) at gnl|Prokka|SMPYRVIR_1:89815..90909 on + strand
[18:35:17] Found 147 CDS
[18:35:17] Connecting features back to sequences
[18:35:17] Not using genus-specific database. Try --usegenus to enable it.
[18:35:17] Annotating CDS, please be patient.
[18:35:17] Will use 30 CPUs for similarity searching.
[18:35:17] There are still 147 unannotated CDS left (started with 147)
[18:35:17] Will use blast to search against /home/diego/miniconda3/envs/prokka_env/bin/../db/kingdom/Bacteria/sprot with 30 CPUs
[18:35:17] Running: cat prokka_SMPYRVIR\/sprot\.faa | parallel --gnu --plain -j 30 --block 756 --recstart '>' --pipe blastp -query - -db /home/diego/miniconda3/envs/prokka_env/bin/../db/kingdom/Bacteria/sprot -evalue 1e-06 -num_threads 1 -num_descriptions 1 -num_alignments 1 -seg no > prokka_SMPYRVIR\/sprot\.blast 2> /dev/null
[18:35:19] Modify product: Probable ATP-dependent transporter SufC => putative ATP-dependent transporter SufC
[18:35:19] Cleaned 1 /product names
[18:35:19] Deleting unwanted file: prokka_SMPYRVIR/sprot.faa
[18:35:19] Deleting unwanted file: prokka_SMPYRVIR/sprot.blast
[18:35:19] There are still 27 unannotated CDS left (started with 147)
[18:35:19] Will use hmmer3 to search against /home/diego/miniconda3/envs/prokka_env/bin/../db/hmm/HAMAP.hmm with 30 CPUs
[18:35:19] Running: cat prokka_SMPYRVIR\/HAMAP\.hmm\.faa | parallel --gnu --plain -j 30 --block 52 --recstart '>' --pipe hmmscan --noali --notextw --acc -E 1e-06 --cpu 1 /home/diego/miniconda3/envs/prokka_env/bin/../db/hmm/HAMAP.hmm /dev/stdin > prokka_SMPYRVIR\/HAMAP\.hmm\.hmmer3 2> /dev/null
[18:35:19] Deleting unwanted file: prokka_SMPYRVIR/HAMAP.hmm.faa
[18:35:19] Deleting unwanted file: prokka_SMPYRVIR/HAMAP.hmm.hmmer3
[18:35:19] Labelling remaining 19 proteins as 'hypothetical protein'
[18:35:19] Found 127 unique /gene codes.
[18:35:19] Fixed 0 colliding /gene names.
[18:35:19] Adding /locus_tag identifiers
[18:35:19] Assigned 180 locus_tags to CDS and RNA features.
[18:35:19] Writing outputs to prokka_SMPYRVIR/
[18:35:19] Generating annotation statistics file
[18:35:19] Generating Genbank and Sequin files
[18:35:19] Running: tbl2asn -V b -a r10k -l paired-ends -M n -N 1 -y 'Annotated using prokka 1.13 from https://github.com/tseemann/prokka' -Z prokka_SMPYRVIR\/SMPYRVIR\.err -i prokka_SMPYRVIR\/SMPYRVIR\.fsa 2> /dev/null
[18:35:20] Deleting unwanted file: prokka_SMPYRVIR/errorsummary.val
[18:35:20] Deleting unwanted file: prokka_SMPYRVIR/SMPYRVIR.dr
[18:35:20] Deleting unwanted file: prokka_SMPYRVIR/SMPYRVIR.fixedproducts
[18:35:20] Deleting unwanted file: prokka_SMPYRVIR/SMPYRVIR.ecn
[18:35:20] Deleting unwanted file: prokka_SMPYRVIR/SMPYRVIR.val
[18:35:20] Repairing broken .GBK output that tbl2asn produces...
[18:35:20] Running: sed 's/COORDINATES: profile/COORDINATES:profile/' < prokka_SMPYRVIR\/SMPYRVIR\.gbf > prokka_SMPYRVIR\/SMPYRVIR\.gbk
[18:35:20] Deleting unwanted file: prokka_SMPYRVIR/SMPYRVIR.gbf
[18:35:20] Output files:
[18:35:20] prokka_SMPYRVIR/SMPYRVIR.fsa
[18:35:20] prokka_SMPYRVIR/SMPYRVIR.ffn
[18:35:20] prokka_SMPYRVIR/SMPYRVIR.tbl
[18:35:20] prokka_SMPYRVIR/SMPYRVIR.fna
[18:35:20] prokka_SMPYRVIR/SMPYRVIR.err
[18:35:20] prokka_SMPYRVIR/SMPYRVIR.tsv
[18:35:20] prokka_SMPYRVIR/SMPYRVIR.faa
[18:35:20] prokka_SMPYRVIR/SMPYRVIR.sqn
[18:35:20] prokka_SMPYRVIR/SMPYRVIR.txt
[18:35:20] prokka_SMPYRVIR/SMPYRVIR.gff
[18:35:20] prokka_SMPYRVIR/SMPYRVIR.log
[18:35:20] prokka_SMPYRVIR/SMPYRVIR.gbk
[18:35:20] Annotation finished successfully.
[18:35:20] Walltime used: 0.08 minutes
[18:35:20] If you use this result please cite the Prokka paper:
[18:35:20] Seemann T (2014) Prokka: rapid prokaryotic genome annotation. Bioinformatics. 30(14):2068-9.
[18:35:20] Type 'prokka --citation' for more details.
[18:35:20] Share and enjoy!
