18:39:36.257 - INFO - UTILS - version=1.8.2
18:39:36.257 - INFO - UTILS - developer: Oliver Schwengers, github.com/oschwengers
18:39:36.257 - INFO - UTILS - command: /home/diego/miniconda3/envs/bakta/bin/bakta VFHYALUT.fasta --complete --translation-table 11 --keep-contig-headers --compliant --threads 30 --output annotation_bakta/bakta_VFHYALUT
18:39:36.257 - INFO - UTILS - local time: 2023-11-07 18:39:36
18:39:36.258 - INFO - UTILS - machine: type=x86_64, cores=32
18:39:36.258 - INFO - UTILS - system: type=Linux, release=6.5.0-10-generic
18:39:36.258 - INFO - UTILS - python: version=3.10.12, implementation=CPython
18:39:36.258 - INFO - CONFIG - threads=30
18:39:36.258 - INFO - CONFIG - verbose=False
18:39:36.258 - INFO - CONFIG - debug=False
18:39:36.258 - INFO - CONFIG - database: type=environment, path=/mnt/ssd/databases/bakta_db
18:39:36.258 - INFO - CONFIG - tmp-path=/tmp/tmpn673wia8
18:39:36.258 - INFO - CONFIG - genome-path=/home/diego/Documents/metagenomes/annotation_symbio_merge/annotation_Beta/genomes/VFHYALUT.fasta
18:39:36.258 - INFO - CONFIG - min_contig_length=1
18:39:36.258 - INFO - CONFIG - prefix=VFHYALUT
18:39:36.258 - INFO - CONFIG - output-path=/home/diego/Documents/metagenomes/annotation_symbio_merge/annotation_Beta/genomes/annotation_bakta/bakta_VFHYALUT
18:39:36.258 - INFO - CONFIG - force=False
18:39:36.258 - INFO - CONFIG - genus=None
18:39:36.258 - INFO - CONFIG - species=None
18:39:36.258 - INFO - CONFIG - strain=None
18:39:36.258 - INFO - CONFIG - plasmid=None
18:39:36.258 - INFO - CONFIG - complete=True
18:39:36.258 - INFO - CONFIG - prodigal_tf=None
18:39:36.258 - INFO - CONFIG - translation_table=11
18:39:36.258 - INFO - CONFIG - gram=?
18:39:36.258 - INFO - CONFIG - compliant=True
18:39:36.258 - INFO - CONFIG - compliant mode! min_contig_length=200
18:39:36.258 - INFO - CONFIG - meta=False
18:39:36.258 - INFO - CONFIG - locus=None
18:39:36.258 - INFO - CONFIG - locus-tag=None
18:39:36.258 - INFO - CONFIG - keep_contig_headers=True
18:39:36.258 - INFO - CONFIG - replicon-table=None
18:39:36.258 - INFO - CONFIG - skip-tRNA=False
18:39:36.258 - INFO - CONFIG - skip-tmRNA=False
18:39:36.258 - INFO - CONFIG - skip-rRNA=False
18:39:36.258 - INFO - CONFIG - skip-ncRNA=False
18:39:36.258 - INFO - CONFIG - skip-ncRNA-region=False
18:39:36.258 - INFO - CONFIG - skip-CRISPR=False
18:39:36.258 - INFO - CONFIG - skip-CDS=False
18:39:36.258 - INFO - CONFIG - skip-pseudo=False
18:39:36.258 - INFO - CONFIG - skip-sORF=False
18:39:36.258 - INFO - CONFIG - skip-gap=False
18:39:36.258 - INFO - CONFIG - skip-ori=False
18:39:36.258 - INFO - CONFIG - skip-plot=False
18:39:36.258 - INFO - DB - detected: major=5, minor=0, type=full, date=2023-02-20
18:39:36.292 - INFO - UTILS - dependency: tool=tRNAscan-SE, version=v2.0.12, path=/home/diego/miniconda3/envs/bakta/bin/tRNAscan-SE
18:39:36.293 - INFO - UTILS - dependency: tool=Aragorn, version=v1.2.41, path=/home/diego/miniconda3/envs/bakta/bin/aragorn
18:39:36.294 - INFO - UTILS - dependency: tool=CMscan, version=v1.1.4, path=/home/diego/miniconda3/envs/bakta/bin/cmscan
18:39:36.295 - INFO - UTILS - dependency: tool=PilerCR, version=v1.6.0, path=/home/diego/miniconda3/envs/bakta/bin/pilercr
18:39:36.321 - INFO - UTILS - dependency: tool=Pyrodigal, version=v2.3.0, path=/home/diego/miniconda3/envs/bakta/bin/python
18:39:36.322 - INFO - UTILS - dependency: tool=AMRFinderPlus, version=v3.11.18, path=/home/diego/miniconda3/envs/bakta/bin/amrfinder
18:39:36.350 - INFO - UTILS - dependency: tool=Pyhmmer, version=v0.10.2, path=/home/diego/miniconda3/envs/bakta/bin/python
18:39:36.352 - INFO - UTILS - dependency: tool=Diamond, version=v2.1.8, path=/home/diego/miniconda3/envs/bakta/bin/diamond
18:39:36.395 - INFO - UTILS - dependency: tool=Blastn, version=v2.14.1, path=/home/diego/miniconda3/envs/bakta/bin/blastn
18:39:36.542 - INFO - UTILS - dependency: tool=Circos, version=v0.69.8, path=/home/diego/miniconda3/envs/bakta/bin/circos
18:39:36.556 - INFO - FASTA - imported: id=VFHYALUT, length=126824, description=, genomic=True, dna=True
18:39:36.556 - INFO - MAIN - imported sequences=1
18:39:36.556 - INFO - UTILS - qc: revised sequence: id=VFHYALUT, orig-id=, type=contig, complete=True, topology=circular, name=, description='', orig-description=''
18:39:36.556 - INFO - FASTA - write genome sequences: path=/tmp/tmpn673wia8/contigs.fna, description=False, wrap=False
18:39:39.915 - INFO - T_RNA - contig=VFHYALUT, start=1193, stop=1264, strand=+, gene=trnW, product=tRNA-Trp(cca), score=58.5, nt=[AGAGGTATAT..TTTACTTCTG]
18:39:39.915 - INFO - T_RNA - contig=VFHYALUT, start=13959, stop=14031, strand=+, gene=trnF, product=tRNA-Phe(gaa), score=72.0, nt=[GGTTTAATAG..CTTTAAACCA]
18:39:39.915 - INFO - T_RNA - contig=VFHYALUT, start=19523, stop=19595, strand=+, gene=trnQ, product=tRNA-Gln(ttg), score=64.0, nt=[AGGGAAGTAA..ACCTTCCTTT]
18:39:39.915 - INFO - T_RNA - contig=VFHYALUT, start=28468, stop=28551, strand=+, gene=trnS, product=tRNA-Ser(gct), score=58.4, nt=[AGAGATATGA..TTTATCTCTA]
18:39:39.915 - INFO - T_RNA - contig=VFHYALUT, start=50351, stop=50423, strand=+, gene=trnL, product=tRNA-Leu(tag), score=53.6, nt=[GCGAAAATGG..TTTTTTCGTA]
18:39:39.915 - INFO - T_RNA - contig=VFHYALUT, start=50428, stop=50510, strand=+, gene=trnS, product=tRNA-Ser(aga), score=56.1, nt=[TGAGAGATGG..TTTCTTTCAT]
18:39:39.915 - INFO - T_RNA - contig=VFHYALUT, start=65695, stop=65766, strand=+, gene=trnV, product=tRNA-Val(tac), score=54.2, nt=[AGATGTTTAT..ACAACATCTA]
18:39:39.915 - INFO - T_RNA - contig=VFHYALUT, start=67356, stop=67426, strand=+, gene=trnR, product=tRNA-Arg(acg), score=37.5, nt=[GCGGTTATAG..TCTAATCGTT]
18:39:39.915 - INFO - T_RNA - contig=VFHYALUT, start=73472, stop=73542, strand=+, gene=trnT, product=tRNA-Thr(tgt), score=50.6, nt=[GTCTAATTAG..TTATTAGACA]
18:39:39.915 - INFO - T_RNA - contig=VFHYALUT, start=73554, stop=73625, strand=+, gene=trnH, product=tRNA-His(gtg), score=48.1, nt=[GTGGTAATAA..TTTTACCATC]
18:39:39.915 - INFO - T_RNA - contig=VFHYALUT, start=79245, stop=79318, strand=+, gene=trnP, product=tRNA-Pro(tgg), score=65.7, nt=[CAAGGTGTAG..ACCTCCTTGA]
18:39:39.915 - INFO - T_RNA - contig=VFHYALUT, start=126578, stop=126662, strand=+, gene=trnY, product=tRNA-Tyr(gta), score=64.5, nt=[GAAGAAATGC..TTTTTCTTCA]
18:39:39.915 - INFO - T_RNA - contig=VFHYALUT, start=126663, stop=126734, strand=+, gene=trnG, product=tRNA-Gly(tcc), score=34.5, nt=[GTGAGTATAT..CTTACTCACT]
18:39:39.915 - INFO - T_RNA - contig=VFHYALUT, start=112409, stop=112480, strand=-, gene=trnA, product=tRNA-Ala(tgc), score=53.2, nt=[GGGGATATAA..ATTATCTCCA]
18:39:39.915 - INFO - T_RNA - contig=VFHYALUT, start=112332, stop=112402, strand=-, gene=trnI, product=tRNA-Ile(gat), score=38.1, nt=[AGGTCTATAG..TTTAGGCCTA]
18:39:39.915 - INFO - T_RNA - contig=VFHYALUT, start=88365, stop=88439, strand=-, gene=trnD, product=tRNA-Asp(gtc), score=57.5, nt=[GGAGTAATAG..GTTTACTTCG]
18:39:39.915 - INFO - T_RNA - contig=VFHYALUT, start=79158, stop=79230, strand=-, gene=trnfM, product=tRNA-fMet(cat), score=63.1, nt=[TGCGAGATAG..GTTCTCGTAT]
18:39:39.915 - INFO - T_RNA - contig=VFHYALUT, start=78956, stop=79026, strand=-, gene=trnR, product=tRNA-Arg(tct), score=46.8, nt=[CTCCTTATAG..TGTAGGGAGA]
18:39:39.915 - INFO - T_RNA - contig=VFHYALUT, start=77833, stop=77904, strand=-, gene=trnL, product=tRNA-Leu(taa), score=39.4, nt=[AGGTTTATAG..ATTAAACCTA]
18:39:39.915 - INFO - T_RNA - contig=VFHYALUT, start=74546, stop=74618, strand=-, gene=trnK, product=tRNA-Lys(ctt), score=53.0, nt=[AGACTGTTAG..ATACAGTTTA]
18:39:39.915 - INFO - T_RNA - contig=VFHYALUT, start=74471, stop=74543, strand=-, gene=trnK, product=tRNA-Lys(ttt), score=67.1, nt=[GGGTTGTTAG..GCACGGCCTA]
18:39:39.915 - INFO - T_RNA - contig=VFHYALUT, start=67252, stop=67335, strand=-, gene=trnS, product=tRNA-Ser(tga), score=63.3, nt=[AGAAATGTGG..ATCATTTCTT]
18:39:39.915 - INFO - T_RNA - contig=VFHYALUT, start=58569, stop=58641, strand=-, gene=trnG, product=tRNA-Gly(gcc), score=39.5, nt=[ACGTTAGTAT..ACCTATCGTA]
18:39:39.915 - INFO - T_RNA - contig=VFHYALUT, start=57697, stop=57769, strand=-, gene=trnN, product=tRNA-Asn(gtt), score=55.2, nt=[TCTTCGATAG..AGTTGAAGAG]
18:39:39.916 - INFO - T_RNA - predicted=24
18:39:39.938 - INFO - TM_RNA - predicted=0
18:39:41.106 - INFO - R_RNA - contig=VFHYALUT, start=112502, stop=114050, strand=-, gene=rrs, product=16S ribosomal RNA, length=1549, coverage=1.010, truncated=None, score=1228.7, evalue=4.5e-39, nt=[TTTTTTATGA..TATATAGATA]
18:39:41.106 - INFO - R_RNA - contig=VFHYALUT, start=109472, stop=112320, strand=-, gene=rrl, product=23S ribosomal RNA, length=2849, coverage=0.974, truncated=None, score=2317.2, evalue=4.4e-05, nt=[TTTTTTTTTT..AAAAAATAAG]
18:39:41.106 - INFO - R_RNA - predicted=2
18:39:41.749 - INFO - NC_RNA - predicted=0
18:39:41.944 - INFO - NC_RNA_REGION - predicted=0
18:39:41.984 - INFO - CRISPR - predicted=0
18:39:41.984 - INFO - CDS - create prodigal training info object: meta=False, closed=False
18:39:42.094 - INFO - CDS - contig=VFHYALUT, start=1, stop=1191, strand=+, frame=1, truncated=5-prime, start-type=Edge, RBS-motif=None
18:39:42.094 - INFO - CDS - contig=VFHYALUT, start=1283, stop=1675, strand=+, frame=2, truncated=no, start-type=ATG, RBS-motif=None
18:39:42.094 - INFO - CDS - contig=VFHYALUT, start=1662, stop=2261, strand=+, frame=3, truncated=no, start-type=ATG, RBS-motif=None
18:39:42.094 - INFO - CDS - contig=VFHYALUT, start=2242, stop=2721, strand=+, frame=1, truncated=no, start-type=ATG, RBS-motif=None
18:39:42.094 - INFO - CDS - contig=VFHYALUT, start=2705, stop=3082, strand=+, frame=2, truncated=no, start-type=ATG, RBS-motif=None
18:39:42.094 - INFO - CDS - contig=VFHYALUT, start=3082, stop=6486, strand=+, frame=1, truncated=no, start-type=ATG, RBS-motif=None
18:39:42.094 - INFO - CDS - contig=VFHYALUT, start=6483, stop=10187, strand=+, frame=3, truncated=no, start-type=ATG, RBS-motif=None
18:39:42.094 - INFO - CDS - contig=VFHYALUT, start=10132, stop=10518, strand=+, frame=1, truncated=no, start-type=ATG, RBS-motif=None
18:39:42.094 - INFO - CDS - contig=VFHYALUT, start=10478, stop=10957, strand=+, frame=2, truncated=no, start-type=ATG, RBS-motif=None
18:39:42.094 - INFO - CDS - contig=VFHYALUT, start=10959, stop=13010, strand=+, frame=3, truncated=no, start-type=ATG, RBS-motif=None
18:39:42.094 - INFO - CDS - contig=VFHYALUT, start=13007, stop=13303, strand=+, frame=2, truncated=no, start-type=ATG, RBS-motif=None
18:39:42.094 - INFO - CDS - contig=VFHYALUT, start=13293, stop=13499, strand=-, frame=1, truncated=no, start-type=ATG, RBS-motif=None
18:39:42.094 - INFO - CDS - contig=VFHYALUT, start=13540, stop=13965, strand=+, frame=1, truncated=no, start-type=ATG, RBS-motif=None
18:39:42.094 - INFO - CDS - contig=VFHYALUT, start=14055, stop=14183, strand=+, frame=3, truncated=no, start-type=ATG, RBS-motif=None
18:39:42.094 - INFO - CDS - contig=VFHYALUT, start=14149, stop=14601, strand=-, frame=3, truncated=no, start-type=ATG, RBS-motif=None
18:39:42.094 - INFO - CDS - contig=VFHYALUT, start=14591, stop=15634, strand=-, frame=2, truncated=no, start-type=ATG, RBS-motif=None
18:39:42.094 - INFO - CDS - contig=VFHYALUT, start=15631, stop=15924, strand=-, frame=3, truncated=no, start-type=ATG, RBS-motif=None
18:39:42.094 - INFO - CDS - contig=VFHYALUT, start=15921, stop=16304, strand=-, frame=1, truncated=no, start-type=ATG, RBS-motif=None
18:39:42.094 - INFO - CDS - contig=VFHYALUT, start=16301, stop=16645, strand=-, frame=2, truncated=no, start-type=ATG, RBS-motif=None
18:39:42.094 - INFO - CDS - contig=VFHYALUT, start=16608, stop=17336, strand=-, frame=1, truncated=no, start-type=ATG, RBS-motif=None
18:39:42.094 - INFO - CDS - contig=VFHYALUT, start=17376, stop=17582, strand=+, frame=3, truncated=no, start-type=ATG, RBS-motif=None
18:39:42.094 - INFO - CDS - contig=VFHYALUT, start=17554, stop=18171, strand=-, frame=3, truncated=no, start-type=ATG, RBS-motif=None
18:39:42.094 - INFO - CDS - contig=VFHYALUT, start=18164, stop=19492, strand=-, frame=2, truncated=no, start-type=ATG, RBS-motif=None
18:39:42.095 - INFO - CDS - contig=VFHYALUT, start=19608, stop=20480, strand=+, frame=3, truncated=no, start-type=ATG, RBS-motif=None
18:39:42.095 - INFO - CDS - contig=VFHYALUT, start=20468, stop=20986, strand=+, frame=2, truncated=no, start-type=ATG, RBS-motif=None
18:39:42.095 - INFO - CDS - contig=VFHYALUT, start=20983, stop=21537, strand=-, frame=3, truncated=no, start-type=ATG, RBS-motif=None
18:39:42.095 - INFO - CDS - contig=VFHYALUT, start=21857, stop=23059, strand=+, frame=2, truncated=no, start-type=ATG, RBS-motif=None
18:39:42.095 - INFO - CDS - contig=VFHYALUT, start=23049, stop=23429, strand=+, frame=3, truncated=no, start-type=ATG, RBS-motif=None
18:39:42.095 - INFO - CDS - contig=VFHYALUT, start=23409, stop=24647, strand=-, frame=1, truncated=no, start-type=ATG, RBS-motif=None
18:39:42.095 - INFO - CDS - contig=VFHYALUT, start=24628, stop=25575, strand=-, frame=3, truncated=no, start-type=ATG, RBS-motif=None
18:39:42.095 - INFO - CDS - contig=VFHYALUT, start=25541, stop=26419, strand=-, frame=2, truncated=no, start-type=ATG, RBS-motif=None
18:39:42.095 - INFO - CDS - contig=VFHYALUT, start=26430, stop=27362, strand=+, frame=3, truncated=no, start-type=ATG, RBS-motif=None
18:39:42.095 - INFO - CDS - contig=VFHYALUT, start=27341, stop=28477, strand=+, frame=2, truncated=no, start-type=ATG, RBS-motif=None
18:39:42.095 - INFO - CDS - contig=VFHYALUT, start=28552, stop=30831, strand=-, frame=3, truncated=no, start-type=ATG, RBS-motif=None
18:39:42.095 - INFO - CDS - contig=VFHYALUT, start=30828, stop=30986, strand=-, frame=1, truncated=no, start-type=ATG, RBS-motif=None
18:39:42.095 - INFO - CDS - contig=VFHYALUT, start=30970, stop=31119, strand=-, frame=3, truncated=no, start-type=ATG, RBS-motif=None
18:39:42.095 - INFO - CDS - contig=VFHYALUT, start=31206, stop=33446, strand=+, frame=3, truncated=no, start-type=ATG, RBS-motif=None
18:39:42.095 - INFO - CDS - contig=VFHYALUT, start=33652, stop=34395, strand=+, frame=1, truncated=no, start-type=ATG, RBS-motif=None
18:39:42.095 - INFO - CDS - contig=VFHYALUT, start=34367, stop=35449, strand=+, frame=2, truncated=no, start-type=ATG, RBS-motif=None
18:39:42.095 - INFO - CDS - contig=VFHYALUT, start=35438, stop=36142, strand=-, frame=2, truncated=no, start-type=ATG, RBS-motif=None
18:39:42.095 - INFO - CDS - contig=VFHYALUT, start=36123, stop=36872, strand=-, frame=1, truncated=no, start-type=ATG, RBS-motif=None
18:39:42.095 - INFO - CDS - contig=VFHYALUT, start=36823, stop=37746, strand=-, frame=3, truncated=no, start-type=ATG, RBS-motif=None
18:39:42.095 - INFO - CDS - contig=VFHYALUT, start=37736, stop=38299, strand=-, frame=2, truncated=no, start-type=ATG, RBS-motif=None
18:39:42.095 - INFO - CDS - contig=VFHYALUT, start=38302, stop=39579, strand=-, frame=3, truncated=no, start-type=ATG, RBS-motif=None
18:39:42.095 - INFO - CDS - contig=VFHYALUT, start=39542, stop=40942, strand=-, frame=2, truncated=no, start-type=ATG, RBS-motif=None
18:39:42.095 - INFO - CDS - contig=VFHYALUT, start=40969, stop=41955, strand=-, frame=3, truncated=no, start-type=ATG, RBS-motif=None
18:39:42.095 - INFO - CDS - contig=VFHYALUT, start=41969, stop=43411, strand=+, frame=2, truncated=no, start-type=ATG, RBS-motif=None
18:39:42.095 - INFO - CDS - contig=VFHYALUT, start=43608, stop=44804, strand=-, frame=1, truncated=no, start-type=ATG, RBS-motif=None
18:39:42.095 - INFO - CDS - contig=VFHYALUT, start=44782, stop=45498, strand=-, frame=3, truncated=no, start-type=TTG, RBS-motif=None
18:39:42.095 - INFO - CDS - contig=VFHYALUT, start=45524, stop=46972, strand=+, frame=2, truncated=no, start-type=ATG, RBS-motif=None
18:39:42.095 - INFO - CDS - contig=VFHYALUT, start=47280, stop=50219, strand=+, frame=3, truncated=no, start-type=ATG, RBS-motif=None
18:39:42.095 - INFO - CDS - contig=VFHYALUT, start=50216, stop=50380, strand=+, frame=2, truncated=no, start-type=ATG, RBS-motif=None
18:39:42.095 - INFO - CDS - contig=VFHYALUT, start=50484, stop=51632, strand=-, frame=1, truncated=no, start-type=ATG, RBS-motif=None
18:39:42.095 - INFO - CDS - contig=VFHYALUT, start=51619, stop=52950, strand=-, frame=3, truncated=no, start-type=ATG, RBS-motif=None
18:39:42.095 - INFO - CDS - contig=VFHYALUT, start=52952, stop=53734, strand=+, frame=2, truncated=no, start-type=ATG, RBS-motif=None
18:39:42.095 - INFO - CDS - contig=VFHYALUT, start=53840, stop=54859, strand=+, frame=2, truncated=no, start-type=ATG, RBS-motif=None
18:39:42.095 - INFO - CDS - contig=VFHYALUT, start=54840, stop=55478, strand=+, frame=3, truncated=no, start-type=ATG, RBS-motif=None
18:39:42.095 - INFO - CDS - contig=VFHYALUT, start=55465, stop=56592, strand=+, frame=1, truncated=no, start-type=ATG, RBS-motif=None
18:39:42.095 - INFO - CDS - contig=VFHYALUT, start=56589, stop=57314, strand=+, frame=3, truncated=no, start-type=ATG, RBS-motif=None
18:39:42.095 - INFO - CDS - contig=VFHYALUT, start=57302, stop=57535, strand=+, frame=2, truncated=no, start-type=ATG, RBS-motif=None
18:39:42.095 - INFO - CDS - contig=VFHYALUT, start=57507, stop=57695, strand=+, frame=3, truncated=no, start-type=ATG, RBS-motif=None
18:39:42.095 - INFO - CDS - contig=VFHYALUT, start=57780, stop=58451, strand=+, frame=3, truncated=no, start-type=ATG, RBS-motif=None
18:39:42.095 - INFO - CDS - contig=VFHYALUT, start=58627, stop=59202, strand=-, frame=3, truncated=no, start-type=TTG, RBS-motif=None
18:39:42.095 - INFO - CDS - contig=VFHYALUT, start=59216, stop=60277, strand=+, frame=2, truncated=no, start-type=ATG, RBS-motif=None
18:39:42.095 - INFO - CDS - contig=VFHYALUT, start=60274, stop=63441, strand=+, frame=1, truncated=no, start-type=ATG, RBS-motif=None
18:39:42.095 - INFO - CDS - contig=VFHYALUT, start=63428, stop=63988, strand=+, frame=2, truncated=no, start-type=ATG, RBS-motif=None
18:39:42.095 - INFO - CDS - contig=VFHYALUT, start=63979, stop=64530, strand=+, frame=1, truncated=no, start-type=ATG, RBS-motif=None
18:39:42.095 - INFO - CDS - contig=VFHYALUT, start=64527, stop=65696, strand=+, frame=3, truncated=no, start-type=ATG, RBS-motif=None
18:39:42.095 - INFO - CDS - contig=VFHYALUT, start=65822, stop=66106, strand=+, frame=2, truncated=no, start-type=ATG, RBS-motif=None
18:39:42.095 - INFO - CDS - contig=VFHYALUT, start=66103, stop=67182, strand=+, frame=1, truncated=no, start-type=ATG, RBS-motif=None
18:39:42.095 - INFO - CDS - contig=VFHYALUT, start=67433, stop=68047, strand=+, frame=2, truncated=no, start-type=ATG, RBS-motif=None
18:39:42.095 - INFO - CDS - contig=VFHYALUT, start=68028, stop=69287, strand=+, frame=3, truncated=no, start-type=ATG, RBS-motif=None
18:39:42.095 - INFO - CDS - contig=VFHYALUT, start=69281, stop=70303, strand=+, frame=2, truncated=no, start-type=ATG, RBS-motif=None
18:39:42.095 - INFO - CDS - contig=VFHYALUT, start=70300, stop=70860, strand=+, frame=1, truncated=no, start-type=ATG, RBS-motif=None
18:39:42.095 - INFO - CDS - contig=VFHYALUT, start=70863, stop=71483, strand=+, frame=3, truncated=no, start-type=ATG, RBS-motif=None
18:39:42.095 - INFO - CDS - contig=VFHYALUT, start=71477, stop=72151, strand=+, frame=2, truncated=no, start-type=ATG, RBS-motif=None
18:39:42.095 - INFO - CDS - contig=VFHYALUT, start=72141, stop=72890, strand=+, frame=3, truncated=no, start-type=ATG, RBS-motif=None
18:39:42.095 - INFO - CDS - contig=VFHYALUT, start=72890, stop=73201, strand=+, frame=2, truncated=no, start-type=ATG, RBS-motif=None
18:39:42.095 - INFO - CDS - contig=VFHYALUT, start=73188, stop=73466, strand=+, frame=3, truncated=no, start-type=ATG, RBS-motif=None
18:39:42.095 - INFO - CDS - contig=VFHYALUT, start=73633, stop=74484, strand=+, frame=1, truncated=no, start-type=ATG, RBS-motif=None
18:39:42.095 - INFO - CDS - contig=VFHYALUT, start=74451, stop=74570, strand=-, frame=1, truncated=no, start-type=ATG, RBS-motif=None
18:39:42.095 - INFO - CDS - contig=VFHYALUT, start=74604, stop=75974, strand=-, frame=1, truncated=no, start-type=ATG, RBS-motif=None
18:39:42.095 - INFO - CDS - contig=VFHYALUT, start=75971, stop=76891, strand=-, frame=2, truncated=no, start-type=ATG, RBS-motif=None
18:39:42.095 - INFO - CDS - contig=VFHYALUT, start=76866, stop=77222, strand=-, frame=1, truncated=no, start-type=ATG, RBS-motif=None
18:39:42.095 - INFO - CDS - contig=VFHYALUT, start=77219, stop=77386, strand=-, frame=2, truncated=no, start-type=ATG, RBS-motif=None
18:39:42.095 - INFO - CDS - contig=VFHYALUT, start=77373, stop=77831, strand=-, frame=1, truncated=no, start-type=ATG, RBS-motif=None
18:39:42.095 - INFO - CDS - contig=VFHYALUT, start=77903, stop=78946, strand=-, frame=2, truncated=no, start-type=ATG, RBS-motif=None
18:39:42.095 - INFO - CDS - contig=VFHYALUT, start=79319, stop=79678, strand=+, frame=2, truncated=no, start-type=ATG, RBS-motif=None
18:39:42.096 - INFO - CDS - contig=VFHYALUT, start=79662, stop=80153, strand=-, frame=1, truncated=no, start-type=ATG, RBS-motif=None
18:39:42.096 - INFO - CDS - contig=VFHYALUT, start=80150, stop=80776, strand=-, frame=2, truncated=no, start-type=ATG, RBS-motif=None
18:39:42.096 - INFO - CDS - contig=VFHYALUT, start=80745, stop=81044, strand=-, frame=1, truncated=no, start-type=TTG, RBS-motif=None
18:39:42.096 - INFO - CDS - contig=VFHYALUT, start=81394, stop=82524, strand=+, frame=1, truncated=no, start-type=ATG, RBS-motif=None
18:39:42.096 - INFO - CDS - contig=VFHYALUT, start=82490, stop=83314, strand=+, frame=2, truncated=no, start-type=ATG, RBS-motif=None
18:39:42.096 - INFO - CDS - contig=VFHYALUT, start=83295, stop=84344, strand=+, frame=3, truncated=no, start-type=ATG, RBS-motif=None
18:39:42.096 - INFO - CDS - contig=VFHYALUT, start=84325, stop=85704, strand=-, frame=3, truncated=no, start-type=ATG, RBS-motif=None
18:39:42.096 - INFO - CDS - contig=VFHYALUT, start=85701, stop=86888, strand=-, frame=1, truncated=no, start-type=ATG, RBS-motif=None
18:39:42.096 - INFO - CDS - contig=VFHYALUT, start=86885, stop=87298, strand=-, frame=2, truncated=no, start-type=TTG, RBS-motif=None
18:39:42.096 - INFO - CDS - contig=VFHYALUT, start=87303, stop=88403, strand=+, frame=3, truncated=no, start-type=ATG, RBS-motif=None
18:39:42.096 - INFO - CDS - contig=VFHYALUT, start=88451, stop=89683, strand=-, frame=2, truncated=no, start-type=ATG, RBS-motif=None
18:39:42.096 - INFO - CDS - contig=VFHYALUT, start=89700, stop=90950, strand=+, frame=3, truncated=no, start-type=TTG, RBS-motif=None
18:39:42.096 - INFO - CDS - contig=VFHYALUT, start=90947, stop=92746, strand=+, frame=2, truncated=no, start-type=ATG, RBS-motif=None
18:39:42.096 - INFO - CDS - contig=VFHYALUT, start=92782, stop=93048, strand=+, frame=1, truncated=no, start-type=ATG, RBS-motif=None
18:39:42.096 - INFO - CDS - contig=VFHYALUT, start=93038, stop=94633, strand=+, frame=2, truncated=no, start-type=ATG, RBS-motif=None
18:39:42.096 - INFO - CDS - contig=VFHYALUT, start=94633, stop=95919, strand=+, frame=1, truncated=no, start-type=ATG, RBS-motif=None
18:39:42.096 - INFO - CDS - contig=VFHYALUT, start=95911, stop=97029, strand=-, frame=3, truncated=no, start-type=ATG, RBS-motif=None
18:39:42.096 - INFO - CDS - contig=VFHYALUT, start=97086, stop=97685, strand=+, frame=3, truncated=no, start-type=ATG, RBS-motif=None
18:39:42.096 - INFO - CDS - contig=VFHYALUT, start=97660, stop=98622, strand=-, frame=3, truncated=no, start-type=ATG, RBS-motif=None
18:39:42.096 - INFO - CDS - contig=VFHYALUT, start=98622, stop=100466, strand=-, frame=1, truncated=no, start-type=ATG, RBS-motif=None
18:39:42.096 - INFO - CDS - contig=VFHYALUT, start=100454, stop=100756, strand=-, frame=2, truncated=no, start-type=ATG, RBS-motif=None
18:39:42.096 - INFO - CDS - contig=VFHYALUT, start=100812, stop=101825, strand=+, frame=3, truncated=no, start-type=ATG, RBS-motif=None
18:39:42.096 - INFO - CDS - contig=VFHYALUT, start=101820, stop=102380, strand=-, frame=1, truncated=no, start-type=ATG, RBS-motif=None
18:39:42.096 - INFO - CDS - contig=VFHYALUT, start=102368, stop=104269, strand=-, frame=2, truncated=no, start-type=ATG, RBS-motif=None
18:39:42.096 - INFO - CDS - contig=VFHYALUT, start=104323, stop=104958, strand=-, frame=3, truncated=no, start-type=ATG, RBS-motif=None
18:39:42.096 - INFO - CDS - contig=VFHYALUT, start=104960, stop=105709, strand=-, frame=2, truncated=no, start-type=ATG, RBS-motif=None
18:39:42.096 - INFO - CDS - contig=VFHYALUT, start=105730, stop=106140, strand=+, frame=1, truncated=no, start-type=ATG, RBS-motif=None
18:39:42.096 - INFO - CDS - contig=VFHYALUT, start=106155, stop=107108, strand=-, frame=1, truncated=no, start-type=ATG, RBS-motif=None
18:39:42.096 - INFO - CDS - contig=VFHYALUT, start=107105, stop=107359, strand=-, frame=2, truncated=no, start-type=ATG, RBS-motif=None
18:39:42.096 - INFO - CDS - contig=VFHYALUT, start=107329, stop=107610, strand=-, frame=3, truncated=no, start-type=ATG, RBS-motif=None
18:39:42.096 - INFO - CDS - contig=VFHYALUT, start=107607, stop=108122, strand=-, frame=1, truncated=no, start-type=ATG, RBS-motif=None
18:39:42.096 - INFO - CDS - contig=VFHYALUT, start=108128, stop=109351, strand=+, frame=2, truncated=no, start-type=ATG, RBS-motif=None
18:39:42.096 - INFO - CDS - contig=VFHYALUT, start=109663, stop=109959, strand=+, frame=1, truncated=no, start-type=ATG, RBS-motif=None
18:39:42.096 - INFO - CDS - contig=VFHYALUT, start=109949, stop=110047, strand=-, frame=2, truncated=no, start-type=ATG, RBS-motif=None
18:39:42.096 - INFO - CDS - contig=VFHYALUT, start=113310, stop=113543, strand=-, frame=1, truncated=no, start-type=GTG, RBS-motif=None
18:39:42.096 - INFO - CDS - contig=VFHYALUT, start=114164, stop=114568, strand=+, frame=2, truncated=no, start-type=ATG, RBS-motif=None
18:39:42.096 - INFO - CDS - contig=VFHYALUT, start=114565, stop=115122, strand=+, frame=1, truncated=no, start-type=ATG, RBS-motif=None
18:39:42.096 - INFO - CDS - contig=VFHYALUT, start=115112, stop=115357, strand=+, frame=2, truncated=no, start-type=ATG, RBS-motif=None
18:39:42.096 - INFO - CDS - contig=VFHYALUT, start=115335, stop=116030, strand=+, frame=3, truncated=no, start-type=ATG, RBS-motif=None
18:39:42.096 - INFO - CDS - contig=VFHYALUT, start=116030, stop=116293, strand=+, frame=2, truncated=no, start-type=ATG, RBS-motif=None
18:39:42.096 - INFO - CDS - contig=VFHYALUT, start=116299, stop=116604, strand=+, frame=1, truncated=no, start-type=ATG, RBS-motif=None
18:39:42.096 - INFO - CDS - contig=VFHYALUT, start=116589, stop=117188, strand=+, frame=3, truncated=no, start-type=ATG, RBS-motif=None
18:39:42.096 - INFO - CDS - contig=VFHYALUT, start=117190, stop=117594, strand=+, frame=1, truncated=no, start-type=ATG, RBS-motif=None
18:39:42.096 - INFO - CDS - contig=VFHYALUT, start=117594, stop=117821, strand=+, frame=3, truncated=no, start-type=ATG, RBS-motif=None
18:39:42.096 - INFO - CDS - contig=VFHYALUT, start=117818, stop=118204, strand=+, frame=2, truncated=no, start-type=ATG, RBS-motif=None
18:39:42.096 - INFO - CDS - contig=VFHYALUT, start=118201, stop=118356, strand=+, frame=1, truncated=no, start-type=ATG, RBS-motif=None
18:39:42.096 - INFO - CDS - contig=VFHYALUT, start=118353, stop=118886, strand=+, frame=3, truncated=no, start-type=ATG, RBS-motif=None
18:39:42.096 - INFO - CDS - contig=VFHYALUT, start=118888, stop=119154, strand=+, frame=1, truncated=no, start-type=ATG, RBS-motif=None
18:39:42.096 - INFO - CDS - contig=VFHYALUT, start=119155, stop=119538, strand=+, frame=1, truncated=no, start-type=ATG, RBS-motif=None
18:39:42.096 - INFO - CDS - contig=VFHYALUT, start=119540, stop=120094, strand=+, frame=2, truncated=no, start-type=ATG, RBS-motif=None
18:39:42.096 - INFO - CDS - contig=VFHYALUT, start=120091, stop=120456, strand=+, frame=1, truncated=no, start-type=ATG, RBS-motif=None
18:39:42.096 - INFO - CDS - contig=VFHYALUT, start=120453, stop=120899, strand=+, frame=3, truncated=no, start-type=ATG, RBS-motif=None
18:39:42.096 - INFO - CDS - contig=VFHYALUT, start=120889, stop=121164, strand=+, frame=1, truncated=no, start-type=ATG, RBS-motif=None
18:39:42.096 - INFO - CDS - contig=VFHYALUT, start=121154, stop=121375, strand=+, frame=2, truncated=no, start-type=ATG, RBS-motif=None
18:39:42.096 - INFO - CDS - contig=VFHYALUT, start=121378, stop=121491, strand=+, frame=1, truncated=no, start-type=ATG, RBS-motif=None
18:39:42.096 - INFO - CDS - contig=VFHYALUT, start=121488, stop=121844, strand=+, frame=3, truncated=no, start-type=ATG, RBS-motif=None
18:39:42.096 - INFO - CDS - contig=VFHYALUT, start=121841, stop=122185, strand=+, frame=2, truncated=no, start-type=ATG, RBS-motif=None
18:39:42.096 - INFO - CDS - contig=VFHYALUT, start=122188, stop=122670, strand=+, frame=1, truncated=no, start-type=ATG, RBS-motif=None
18:39:42.096 - INFO - CDS - contig=VFHYALUT, start=122667, stop=123491, strand=+, frame=3, truncated=no, start-type=ATG, RBS-motif=None
18:39:42.096 - INFO - CDS - contig=VFHYALUT, start=123488, stop=123790, strand=+, frame=2, truncated=no, start-type=ATG, RBS-motif=None
18:39:42.096 - INFO - CDS - contig=VFHYALUT, start=123777, stop=124925, strand=-, frame=1, truncated=no, start-type=ATG, RBS-motif=None
18:39:42.096 - INFO - CDS - contig=VFHYALUT, start=124951, stop=125412, strand=+, frame=1, truncated=no, start-type=ATG, RBS-motif=None
18:39:42.096 - INFO - CDS - contig=VFHYALUT, start=125412, stop=126467, strand=+, frame=3, truncated=no, start-type=ATG, RBS-motif=None
18:39:42.096 - INFO - CDS - truncated CDS: contig=VFHYALUT, start=1, stop=1191, strand=+, frame=1, truncated=5-prime, start-type=Edge, RBS-motif=None, aa-hexdigest=75c7ef010257619e1e93cd3042fbea21, aa=[MKKNFKRDKT..AGVVTKVLNK]
18:39:42.096 - INFO - CDS - contig=VFHYALUT, start=1283, stop=1675, strand=+, nt=[ATGATTGAAA..ATATAAGTGA]
18:39:42.096 - INFO - CDS - contig=VFHYALUT, start=1662, stop=2261, strand=+, nt=[ATGAATATAA..AAACGTTTAA]
18:39:42.096 - INFO - CDS - contig=VFHYALUT, start=2242, stop=2721, strand=+, nt=[ATGAAAAAAA..AAAAAATTAA]
18:39:42.096 - INFO - CDS - contig=VFHYALUT, start=2705, stop=3082, strand=+, nt=[ATGAAAGAAA..AGTAGAATAA]
18:39:42.096 - INFO - CDS - contig=VFHYALUT, start=3082, stop=6486, strand=+, nt=[ATGACAAAAT..TTATAAATGA]
18:39:42.096 - INFO - CDS - contig=VFHYALUT, start=6483, stop=10187, strand=+, nt=[ATGAAAATAA..AAATAAATAA]
18:39:42.096 - INFO - CDS - contig=VFHYALUT, start=10132, stop=10518, strand=+, nt=[ATGTCAAAAA..TAAAAATTAG]
18:39:42.096 - INFO - CDS - contig=VFHYALUT, start=10478, stop=10957, strand=+, nt=[ATGGTAAAAA..TTTATATTAG]
18:39:42.096 - INFO - CDS - contig=VFHYALUT, start=10959, stop=13010, strand=+, nt=[ATGGAAATAA..GAAAAAATGA]
18:39:42.096 - INFO - CDS - contig=VFHYALUT, start=13007, stop=13303, strand=+, nt=[ATGAAAATAG..TATAAAATAA]
18:39:42.097 - INFO - CDS - contig=VFHYALUT, start=13293, stop=13499, strand=-, nt=[ATGTTAACAG..TATTTTATAA]
18:39:42.097 - INFO - CDS - contig=VFHYALUT, start=13540, stop=13965, strand=+, nt=[ATGAATATAA..AAAGGTTTAA]
18:39:42.097 - INFO - CDS - contig=VFHYALUT, start=14055, stop=14183, strand=+, nt=[ATGATCATAA..TTTACTTTGA]
18:39:42.097 - INFO - CDS - contig=VFHYALUT, start=14149, stop=14601, strand=-, nt=[ATGAAAATTA..ATTTTTATAA]
18:39:42.097 - INFO - CDS - contig=VFHYALUT, start=14591, stop=15634, strand=-, nt=[ATGATTTATA..TGAAAATTAA]
18:39:42.097 - INFO - CDS - contig=VFHYALUT, start=15631, stop=15924, strand=-, nt=[ATGAAAGTTA..TAAATTATGA]
18:39:42.097 - INFO - CDS - contig=VFHYALUT, start=15921, stop=16304, strand=-, nt=[ATGATAGGTT..TAAAAGATGA]
18:39:42.097 - INFO - CDS - contig=VFHYALUT, start=16301, stop=16645, strand=-, nt=[ATGCTAATTA..TTTTAAATGA]
18:39:42.097 - INFO - CDS - contig=VFHYALUT, start=16608, stop=17336, strand=-, nt=[ATGTTAGATA..ATACTTTTAA]
18:39:42.097 - INFO - CDS - contig=VFHYALUT, start=17376, stop=17582, strand=+, nt=[ATGAAGTTTA..TTACAAATAA]
18:39:42.097 - INFO - CDS - contig=VFHYALUT, start=17554, stop=18171, strand=-, nt=[ATGAATAGTA..AAATCTATAA]
18:39:42.097 - INFO - CDS - contig=VFHYALUT, start=18164, stop=19492, strand=-, nt=[ATGATTGTAT..TAATGAATAG]
18:39:42.097 - INFO - CDS - contig=VFHYALUT, start=19608, stop=20480, strand=+, nt=[ATGGAAAATG..TTTAATATAA]
18:39:42.097 - INFO - CDS - contig=VFHYALUT, start=20468, stop=20986, strand=+, nt=[ATGTTTAATA..GGTAATTTAG]
18:39:42.097 - INFO - CDS - contig=VFHYALUT, start=20983, stop=21537, strand=-, nt=[ATGAATAAAA..TAATTACTAA]
18:39:42.097 - INFO - CDS - contig=VFHYALUT, start=21857, stop=23059, strand=+, nt=[ATGAATAACA..TGAAATATAA]
18:39:42.097 - INFO - CDS - contig=VFHYALUT, start=23049, stop=23429, strand=+, nt=[ATGAAATATA..AAGGAAATAA]
18:39:42.097 - INFO - CDS - contig=VFHYALUT, start=23409, stop=24647, strand=-, nt=[ATGAAAAAAA..TATGAAGTAA]
18:39:42.097 - INFO - CDS - contig=VFHYALUT, start=24628, stop=25575, strand=-, nt=[ATGAATTTAA..TTATAGGTAG]
18:39:42.097 - INFO - CDS - contig=VFHYALUT, start=25541, stop=26419, strand=-, nt=[ATGATTAACA..GGATAGATAG]
18:39:42.097 - INFO - CDS - contig=VFHYALUT, start=26430, stop=27362, strand=+, nt=[ATGAAAGAAA..TACAAGATAA]
18:39:42.097 - INFO - CDS - contig=VFHYALUT, start=27341, stop=28477, strand=+, nt=[ATGCGTAAAT..AGAGATATGA]
18:39:42.097 - INFO - CDS - contig=VFHYALUT, start=28552, stop=30831, strand=-, nt=[ATGATTAAAA..TATAATTTGA]
18:39:42.097 - INFO - CDS - contig=VFHYALUT, start=30828, stop=30986, strand=-, nt=[ATGAACAAAA..ATATAAATGA]
18:39:42.097 - INFO - CDS - contig=VFHYALUT, start=30970, stop=31119, strand=-, nt=[ATGAACAAAA..AAAAAAGTAA]
18:39:42.097 - INFO - CDS - contig=VFHYALUT, start=31206, stop=33446, strand=+, nt=[ATGCAAACAC..GAAGTTTTAA]
18:39:42.097 - INFO - CDS - contig=VFHYALUT, start=33652, stop=34395, strand=+, nt=[ATGTCTAACA..TAATACATAA]
18:39:42.097 - INFO - CDS - contig=VFHYALUT, start=34367, stop=35449, strand=+, nt=[ATGAAAGAAA..ATATAATTAA]
18:39:42.097 - INFO - CDS - contig=VFHYALUT, start=35438, stop=36142, strand=-, nt=[ATGAAAGATT..AATTATATAA]
18:39:42.097 - INFO - CDS - contig=VFHYALUT, start=36123, stop=36872, strand=-, nt=[ATGTTAAATT..TATGTTTTGA]
18:39:42.097 - INFO - CDS - contig=VFHYALUT, start=36823, stop=37746, strand=-, nt=[ATGAATTATA..TAGAGATTAA]
18:39:42.097 - INFO - CDS - contig=VFHYALUT, start=37736, stop=38299, strand=-, nt=[ATGATATTAT..TGAATTATAA]
18:39:42.097 - INFO - CDS - contig=VFHYALUT, start=38302, stop=39579, strand=-, nt=[ATGAAAATAT..AAAAATATAA]
18:39:42.097 - INFO - CDS - contig=VFHYALUT, start=39542, stop=40942, strand=-, nt=[ATGTCATCAA..TAAAGTTTAA]
18:39:42.097 - INFO - CDS - contig=VFHYALUT, start=40969, stop=41955, strand=-, nt=[ATGAGAAATA..TTTTTTTTAA]
18:39:42.097 - INFO - CDS - contig=VFHYALUT, start=41969, stop=43411, strand=+, nt=[ATGAAGAGAA..AAAAGTATAA]
18:39:42.097 - INFO - CDS - contig=VFHYALUT, start=43608, stop=44804, strand=-, nt=[ATGATGATTA..TATAAGATAA]
18:39:42.097 - INFO - CDS - contig=VFHYALUT, start=44782, stop=45498, strand=-, nt=[TTGTTAAATA..AAAAAATTAA]
18:39:42.097 - INFO - CDS - contig=VFHYALUT, start=45524, stop=46972, strand=+, nt=[ATGTTTAACA..CTTGACATAA]
18:39:42.097 - INFO - CDS - contig=VFHYALUT, start=47280, stop=50219, strand=+, nt=[ATGATATTTA..TAAAAAATGA]
18:39:42.097 - INFO - CDS - contig=VFHYALUT, start=50216, stop=50380, strand=+, nt=[ATGAAAAATA..TACGCGTTAG]
18:39:42.097 - INFO - CDS - contig=VFHYALUT, start=50484, stop=51632, strand=-, nt=[ATGAAAAAGT..GAACCCTTGA]
18:39:42.097 - INFO - CDS - contig=VFHYALUT, start=51619, stop=52950, strand=-, nt=[ATGAGAAAGA..AAAAGTATAG]
18:39:42.097 - INFO - CDS - contig=VFHYALUT, start=52952, stop=53734, strand=+, nt=[ATGATTTCTT..AAAAAAGTAA]
18:39:42.097 - INFO - CDS - contig=VFHYALUT, start=53840, stop=54859, strand=+, nt=[ATGAAGAAGA..CAAAAATTAA]
18:39:42.097 - INFO - CDS - contig=VFHYALUT, start=54840, stop=55478, strand=+, nt=[ATGCATATAA..TTTTCAATAA]
18:39:42.097 - INFO - CDS - contig=VFHYALUT, start=55465, stop=56592, strand=+, nt=[ATGTTTTTCA..TATAAAATGA]
18:39:42.097 - INFO - CDS - contig=VFHYALUT, start=56589, stop=57314, strand=+, nt=[ATGAATTCTG..CTTAAAATAA]
18:39:42.097 - INFO - CDS - contig=VFHYALUT, start=57302, stop=57535, strand=+, nt=[ATGCTTAAAA..AAATAGGTAA]
18:39:42.097 - INFO - CDS - contig=VFHYALUT, start=57507, stop=57695, strand=+, nt=[ATGATATTAA..AATATTTTAA]
18:39:42.097 - INFO - CDS - contig=VFHYALUT, start=57780, stop=58451, strand=+, nt=[ATGAAAAAAA..AAAAGAATAA]
18:39:42.097 - INFO - CDS - contig=VFHYALUT, start=58627, stop=59202, strand=-, nt=[TTGGATACAG..AGTATCTTAA]
18:39:42.097 - INFO - CDS - contig=VFHYALUT, start=59216, stop=60277, strand=+, nt=[ATGAACAACA..AATTAAATGA]
18:39:42.097 - INFO - CDS - contig=VFHYALUT, start=60274, stop=63441, strand=+, nt=[ATGAATACTA..TGATAATTAA]
18:39:42.097 - INFO - CDS - contig=VFHYALUT, start=63428, stop=63988, strand=+, nt=[ATGATGATAA..ATGTATTTAA]
18:39:42.097 - INFO - CDS - contig=VFHYALUT, start=63979, stop=64530, strand=+, nt=[ATGTATTTAA..TTTAAAATGA]
18:39:42.097 - INFO - CDS - contig=VFHYALUT, start=64527, stop=65696, strand=+, nt=[ATGATTATTA..TAAAAAATAG]
18:39:42.097 - INFO - CDS - contig=VFHYALUT, start=65822, stop=66106, strand=+, nt=[ATGTTTAAAG..AATAATATGA]
18:39:42.097 - INFO - CDS - contig=VFHYALUT, start=66103, stop=67182, strand=+, nt=[ATGAAAGATT..ACAGACTTGA]
18:39:42.097 - INFO - CDS - contig=VFHYALUT, start=67433, stop=68047, strand=+, nt=[ATGATGATAC..TAAATTGTAA]
18:39:42.097 - INFO - CDS - contig=VFHYALUT, start=68028, stop=69287, strand=+, nt=[ATGAAGATAT..AAAATGTTAA]
18:39:42.097 - INFO - CDS - contig=VFHYALUT, start=69281, stop=70303, strand=+, nt=[ATGTTAAAAG..ATTGAAATGA]
18:39:42.097 - INFO - CDS - contig=VFHYALUT, start=70300, stop=70860, strand=+, nt=[ATGAAAAAGA..AAGAAATTAA]
18:39:42.097 - INFO - CDS - contig=VFHYALUT, start=70863, stop=71483, strand=+, nt=[ATGAAAATAG..GAAATGTTAA]
18:39:42.097 - INFO - CDS - contig=VFHYALUT, start=71477, stop=72151, strand=+, nt=[ATGTTAATAC..TGCTATGTAA]
18:39:42.097 - INFO - CDS - contig=VFHYALUT, start=72141, stop=72890, strand=+, nt=[ATGCTATGTA..AGAAAAATAA]
18:39:42.097 - INFO - CDS - contig=VFHYALUT, start=72890, stop=73201, strand=+, nt=[ATGATAAAAA..AATTTATTAA]
18:39:42.097 - INFO - CDS - contig=VFHYALUT, start=73188, stop=73466, strand=+, nt=[ATGAAATTTA..TAATAATTAG]
18:39:42.097 - INFO - CDS - contig=VFHYALUT, start=73633, stop=74484, strand=+, nt=[ATGAATTACA..CCGTGCATGA]
18:39:42.097 - INFO - CDS - contig=VFHYALUT, start=74451, stop=74570, strand=-, nt=[ATGTGTTCAA..TAAAAAGTAA]
18:39:42.097 - INFO - CDS - contig=VFHYALUT, start=74604, stop=75974, strand=-, nt=[ATGAAGGCAA..GTTAGCTTAA]
18:39:42.097 - INFO - CDS - contig=VFHYALUT, start=75971, stop=76891, strand=-, nt=[ATGAAATTAA..AATAATATGA]
18:39:42.097 - INFO - CDS - contig=VFHYALUT, start=76866, stop=77222, strand=-, nt=[ATGACAAGAG..TCAAAATTAA]
18:39:42.097 - INFO - CDS - contig=VFHYALUT, start=77219, stop=77386, strand=-, nt=[ATGAAAACAA..TATATTATGA]
18:39:42.097 - INFO - CDS - contig=VFHYALUT, start=77373, stop=77831, strand=-, nt=[ATGAGTAGAA..AAACAAATAA]
18:39:42.097 - INFO - CDS - contig=VFHYALUT, start=77903, stop=78946, strand=-, nt=[ATGAATAGTA..CTTTTTTTAG]
18:39:42.097 - INFO - CDS - contig=VFHYALUT, start=79319, stop=79678, strand=+, nt=[ATGTTTATTT..AGTATATTAG]
18:39:42.097 - INFO - CDS - contig=VFHYALUT, start=79662, stop=80153, strand=-, nt=[ATGATTGAAA..ACTAAATTGA]
18:39:42.097 - INFO - CDS - contig=VFHYALUT, start=80150, stop=80776, strand=-, nt=[ATGGAAAGAT..TTTAATATGA]
18:39:42.097 - INFO - CDS - contig=VFHYALUT, start=80745, stop=81044, strand=-, nt=[TTGAAAAAAG..GAAAAATTAG]
18:39:42.097 - INFO - CDS - contig=VFHYALUT, start=81394, stop=82524, strand=+, nt=[ATGAAAAAAA..AAATAGATAG]
18:39:42.097 - INFO - CDS - contig=VFHYALUT, start=82490, stop=83314, strand=+, nt=[ATGAGAAAAG..TACTAAATAA]
18:39:42.097 - INFO - CDS - contig=VFHYALUT, start=83295, stop=84344, strand=+, nt=[ATGATAAAAA..TATATCTTGA]
18:39:42.097 - INFO - CDS - contig=VFHYALUT, start=84325, stop=85704, strand=-, nt=[ATGAAGTATA..TTCACAATAG]
18:39:42.097 - INFO - CDS - contig=VFHYALUT, start=85701, stop=86888, strand=-, nt=[ATGAAGAAGT..GAAAATATGA]
18:39:42.097 - INFO - CDS - contig=VFHYALUT, start=86885, stop=87298, strand=-, nt=[TTGTATAAAG..ACTTGTATGA]
18:39:42.097 - INFO - CDS - contig=VFHYALUT, start=87303, stop=88403, strand=+, nt=[ATGAAAGGAA..ATTGGTTTGA]
18:39:42.097 - INFO - CDS - contig=VFHYALUT, start=88451, stop=89683, strand=-, nt=[ATGAATTTAA..AGAGGATTAA]
18:39:42.097 - INFO - CDS - contig=VFHYALUT, start=89700, stop=90950, strand=+, nt=[TTGATTTCAA..AGGAAAATGA]
18:39:42.097 - INFO - CDS - contig=VFHYALUT, start=90947, stop=92746, strand=+, nt=[ATGATGAAAT..GAATAAGTGA]
18:39:42.097 - INFO - CDS - contig=VFHYALUT, start=92782, stop=93048, strand=+, nt=[ATGAAAATAA..TGAACAGTAA]
18:39:42.097 - INFO - CDS - contig=VFHYALUT, start=93038, stop=94633, strand=+, nt=[ATGAACAGTA..TAATATTTAA]
18:39:42.097 - INFO - CDS - contig=VFHYALUT, start=94633, stop=95919, strand=+, nt=[ATGAATTTAC..CTTAATTTAA]
18:39:42.097 - INFO - CDS - contig=VFHYALUT, start=95911, stop=97029, strand=-, nt=[ATGAAAAAAA..ATTAAATTAA]
18:39:42.097 - INFO - CDS - contig=VFHYALUT, start=97086, stop=97685, strand=+, nt=[ATGGAAAAGA..AAATGATTGA]
18:39:42.097 - INFO - CDS - contig=VFHYALUT, start=97660, stop=98622, strand=-, nt=[ATGAAAAACT..AAATGATTGA]
18:39:42.097 - INFO - CDS - contig=VFHYALUT, start=98622, stop=100466, strand=-, nt=[ATGTTTATTT..TAAAAAATAA]
18:39:42.097 - INFO - CDS - contig=VFHYALUT, start=100454, stop=100756, strand=-, nt=[ATGAAAAAAT..TTTATTTTAG]
18:39:42.097 - INFO - CDS - contig=VFHYALUT, start=100812, stop=101825, strand=+, nt=[ATGAAAAAAA..ATATTTATAG]
18:39:42.097 - INFO - CDS - contig=VFHYALUT, start=101820, stop=102380, strand=-, nt=[ATGTCAATTA..TAATCTATAA]
18:39:42.097 - INFO - CDS - contig=VFHYALUT, start=102368, stop=104269, strand=-, nt=[ATGATTCCGT..TCAATTATAA]
18:39:42.097 - INFO - CDS - contig=VFHYALUT, start=104323, stop=104958, strand=-, nt=[ATGATAAAAG..AAAATTTTAA]
18:39:42.097 - INFO - CDS - contig=VFHYALUT, start=104960, stop=105709, strand=-, nt=[ATGTTTTTTT..TTGTTTTTAA]
18:39:42.097 - INFO - CDS - contig=VFHYALUT, start=105730, stop=106140, strand=+, nt=[ATGGACCTAA..AAAAAATTAA]
18:39:42.097 - INFO - CDS - contig=VFHYALUT, start=106155, stop=107108, strand=-, nt=[ATGAGAACAA..AAATTTATAA]
18:39:42.098 - INFO - CDS - contig=VFHYALUT, start=107105, stop=107359, strand=-, nt=[ATGGCAAAAA..GATAATATGA]
18:39:42.098 - INFO - CDS - contig=VFHYALUT, start=107329, stop=107610, strand=-, nt=[ATGATATACT..GGTTCTTTAA]
18:39:42.098 - INFO - CDS - contig=VFHYALUT, start=107607, stop=108122, strand=-, nt=[ATGAGACACA..ATTCATATGA]
18:39:42.098 - INFO - CDS - contig=VFHYALUT, start=108128, stop=109351, strand=+, nt=[ATGATAATAA..AAGTTTGTGA]
18:39:42.098 - INFO - CDS - contig=VFHYALUT, start=109663, stop=109959, strand=+, nt=[ATGCTGTTGA..TAAGCGATAG]
18:39:42.098 - INFO - CDS - contig=VFHYALUT, start=109949, stop=110047, strand=-, nt=[ATGGCATATG..TATCGCTTAA]
18:39:42.098 - INFO - CDS - contig=VFHYALUT, start=113310, stop=113543, strand=-, nt=[GTGCCAGCAG..TCCTGGGTAA]
18:39:42.098 - INFO - CDS - contig=VFHYALUT, start=114164, stop=114568, strand=+, nt=[ATGAAAATAA..AATAACATGA]
18:39:42.098 - INFO - CDS - contig=VFHYALUT, start=114565, stop=115122, strand=+, nt=[ATGAAAAAGA..TGAATATTAA]
18:39:42.098 - INFO - CDS - contig=VFHYALUT, start=115112, stop=115357, strand=+, nt=[ATGAATATTA..TGTTTACTAA]
18:39:42.098 - INFO - CDS - contig=VFHYALUT, start=115335, stop=116030, strand=+, nt=[ATGAAAAAAA..AAGAGGATAA]
18:39:42.098 - INFO - CDS - contig=VFHYALUT, start=116030, stop=116293, strand=+, nt=[ATGAAAAATA..AAAATTCTAA]
18:39:42.098 - INFO - CDS - contig=VFHYALUT, start=116299, stop=116604, strand=+, nt=[ATGGTGATAA..AACAAAATAA]
18:39:42.098 - INFO - CDS - contig=VFHYALUT, start=116589, stop=117188, strand=+, nt=[ATGGGAAACA..AAGTTATTGA]
18:39:42.098 - INFO - CDS - contig=VFHYALUT, start=117190, stop=117594, strand=+, nt=[ATGTCGAAAA..TATTTTTTAA]
18:39:42.098 - INFO - CDS - contig=VFHYALUT, start=117594, stop=117821, strand=+, nt=[ATGATAAAAA..AAAAATATGA]
18:39:42.098 - INFO - CDS - contig=VFHYALUT, start=117818, stop=118204, strand=+, nt=[ATGATACAAC..AGTAGTATGA]
18:39:42.098 - INFO - CDS - contig=VFHYALUT, start=118201, stop=118356, strand=+, nt=[ATGATATATA..AACAATATGA]
18:39:42.098 - INFO - CDS - contig=VFHYALUT, start=118353, stop=118886, strand=+, nt=[ATGAATAAAT..AATTGAGTAA]
18:39:42.098 - INFO - CDS - contig=VFHYALUT, start=118888, stop=119154, strand=+, nt=[ATGTCAAAAA..AAGTTGGTAA]
18:39:42.098 - INFO - CDS - contig=VFHYALUT, start=119155, stop=119538, strand=+, nt=[ATGAGCTATA..TTTTTACTAA]
18:39:42.098 - INFO - CDS - contig=VFHYALUT, start=119540, stop=120094, strand=+, nt=[ATGTCTAAAA..AAAAAAATGA]
18:39:42.098 - INFO - CDS - contig=VFHYALUT, start=120091, stop=120456, strand=+, nt=[ATGAAAAAAA..AAAAATATGA]
18:39:42.098 - INFO - CDS - contig=VFHYALUT, start=120453, stop=120899, strand=+, nt=[ATGAAACAAT..TGAGTTATAA]
18:39:42.098 - INFO - CDS - contig=VFHYALUT, start=120889, stop=121164, strand=+, nt=[ATGAGTTATA..TGTCAGATAA]
18:39:42.098 - INFO - CDS - contig=VFHYALUT, start=121154, stop=121375, strand=+, nt=[ATGTCAGATA..GATAAAATAA]
18:39:42.098 - INFO - CDS - contig=VFHYALUT, start=121378, stop=121491, strand=+, nt=[ATGAAAGTTG..ACAAGGATGA]
18:39:42.098 - INFO - CDS - contig=VFHYALUT, start=121488, stop=121844, strand=+, nt=[ATGATAATAG..AAAGAAATGA]
18:39:42.098 - INFO - CDS - contig=VFHYALUT, start=121841, stop=122185, strand=+, nt=[ATGAAATATT..AAGAATCTAA]
18:39:42.098 - INFO - CDS - contig=VFHYALUT, start=122188, stop=122670, strand=+, nt=[ATGAGAAAAT..AGTAAAATGA]
18:39:42.098 - INFO - CDS - contig=VFHYALUT, start=122667, stop=123491, strand=+, nt=[ATGAAATATT..AATGAAATGA]
18:39:42.098 - INFO - CDS - contig=VFHYALUT, start=123488, stop=123790, strand=+, nt=[ATGAGACATA..ATATTTTTAA]
18:39:42.098 - INFO - CDS - contig=VFHYALUT, start=123777, stop=124925, strand=-, nt=[ATGAAAATAG..AAATATATAG]
18:39:42.098 - INFO - CDS - contig=VFHYALUT, start=124951, stop=125412, strand=+, nt=[ATGGGTGTAG..TATGTTATAA]
18:39:42.098 - INFO - CDS - contig=VFHYALUT, start=125412, stop=126467, strand=+, nt=[ATGAAAAAAA..TATAATATAG]
18:39:42.098 - INFO - CDS - contig=VFHYALUT, start=1, stop=1191, strand=+, nt=[ATGAAAAAAA..AAATAAATAA]
18:39:42.114 - INFO - CDS - predicted=151
18:39:42.132 - INFO - ORF - discard spurious: contig=VFHYALUT, start=109663, stop=109959, strand=+, homology=Spurious_ORF_05, evalue=5.0e-50, bitscore=161.311157
18:39:42.134 - INFO - ORF - discard spurious: contig=VFHYALUT, start=74451, stop=74570, strand=-, homology=Spurious_ORF_10, evalue=3.6e-08, bitscore=26.092600
18:39:42.153 - INFO - ORF - discarded=2
18:39:42.223 - INFO - UPS - looked-up=0
18:39:42.224 - INFO - IPS - looked-up=0
18:39:42.224 - INFO - ORF - write internal aa seqs: # seqs=149, path=/tmp/tmpn673wia8/cds.psc.faa
18:40:24.978 - INFO - PSC - found: PSC=0, PSCC=67
18:40:24.994 - INFO - PSC - looked-up=67
18:40:24.997 - INFO - PSCC - looked-up=61
18:40:24.998 - INFO - ORF - write internal aa seqs: # seqs=149, path=/tmp/tmpn673wia8/cds.expert.faa
18:40:25.660 - INFO - EXPERT-AMRFINDER - found=0
18:40:26.192 - INFO - EXPERT_AA_SEQ - found=0
18:40:26.192 - INFO - ANNOTATION - marked as hypothetical: contig=VFHYALUT, start=1662, stop=2261, strand=+
18:40:26.192 - INFO - ANNOTATION - marked as hypothetical: contig=VFHYALUT, start=2242, stop=2721, strand=+
18:40:26.192 - INFO - ANNOTATION - marked as hypothetical: contig=VFHYALUT, start=2705, stop=3082, strand=+
18:40:26.192 - INFO - ANNOTATION - marked as hypothetical: contig=VFHYALUT, start=3082, stop=6486, strand=+
18:40:26.192 - INFO - ANNOTATION - marked as hypothetical: contig=VFHYALUT, start=10132, stop=10518, strand=+
18:40:26.192 - INFO - ANNOTATION - marked as hypothetical: contig=VFHYALUT, start=10478, stop=10957, strand=+
18:40:26.192 - INFO - ANNOTATION - marked as hypothetical: contig=VFHYALUT, start=13293, stop=13499, strand=-
18:40:26.192 - INFO - ANNOTATION - marked as hypothetical: contig=VFHYALUT, start=13540, stop=13965, strand=+
18:40:26.192 - INFO - ANNOTATION - marked as hypothetical: contig=VFHYALUT, start=14055, stop=14183, strand=+
18:40:26.192 - INFO - ANNOTATION - marked as hypothetical: contig=VFHYALUT, start=14149, stop=14601, strand=-
18:40:26.192 - INFO - ANNOTATION - marked as hypothetical: contig=VFHYALUT, start=14591, stop=15634, strand=-
18:40:26.192 - INFO - ANNOTATION - marked as hypothetical: contig=VFHYALUT, start=15631, stop=15924, strand=-
18:40:26.192 - INFO - ANNOTATION - marked as hypothetical: contig=VFHYALUT, start=15921, stop=16304, strand=-
18:40:26.192 - INFO - ANNOTATION - marked as hypothetical: contig=VFHYALUT, start=16608, stop=17336, strand=-
18:40:26.192 - INFO - ANNOTATION - marked as hypothetical: contig=VFHYALUT, start=17376, stop=17582, strand=+
18:40:26.192 - INFO - ANNOTATION - marked as hypothetical: contig=VFHYALUT, start=17554, stop=18171, strand=-
18:40:26.192 - INFO - ANNOTATION - marked as hypothetical: contig=VFHYALUT, start=18164, stop=19492, strand=-
18:40:26.192 - INFO - ANNOTATION - marked as hypothetical: contig=VFHYALUT, start=19608, stop=20480, strand=+
18:40:26.192 - INFO - ANNOTATION - marked as hypothetical: contig=VFHYALUT, start=20468, stop=20986, strand=+
18:40:26.192 - INFO - ANNOTATION - marked as hypothetical: contig=VFHYALUT, start=23049, stop=23429, strand=+
18:40:26.193 - INFO - ANNOTATION - marked as hypothetical: contig=VFHYALUT, start=24628, stop=25575, strand=-
18:40:26.193 - INFO - ANNOTATION - marked as hypothetical: contig=VFHYALUT, start=27341, stop=28477, strand=+
18:40:26.193 - INFO - ANNOTATION - marked as hypothetical: contig=VFHYALUT, start=28552, stop=30831, strand=-
18:40:26.193 - INFO - ANNOTATION - marked as hypothetical: contig=VFHYALUT, start=30828, stop=30986, strand=-
18:40:26.193 - INFO - ANNOTATION - marked as hypothetical: contig=VFHYALUT, start=30970, stop=31119, strand=-
18:40:26.193 - INFO - ANNOTATION - marked as hypothetical: contig=VFHYALUT, start=33652, stop=34395, strand=+
18:40:26.193 - INFO - ANNOTATION - marked as hypothetical: contig=VFHYALUT, start=36123, stop=36872, strand=-
18:40:26.193 - INFO - ANNOTATION - marked as hypothetical: contig=VFHYALUT, start=36823, stop=37746, strand=-
18:40:26.193 - INFO - ANNOTATION - marked as hypothetical: contig=VFHYALUT, start=37736, stop=38299, strand=-
18:40:26.193 - INFO - ANNOTATION - marked as hypothetical: contig=VFHYALUT, start=38302, stop=39579, strand=-
18:40:26.193 - INFO - ANNOTATION - marked as hypothetical: contig=VFHYALUT, start=43608, stop=44804, strand=-
18:40:26.193 - INFO - ANNOTATION - marked as hypothetical: contig=VFHYALUT, start=44782, stop=45498, strand=-
18:40:26.193 - INFO - ANNOTATION - marked as hypothetical: contig=VFHYALUT, start=45524, stop=46972, strand=+
18:40:26.193 - INFO - ANNOTATION - marked as hypothetical: contig=VFHYALUT, start=50216, stop=50380, strand=+
18:40:26.193 - INFO - ANNOTATION - marked as hypothetical: contig=VFHYALUT, start=51619, stop=52950, strand=-
18:40:26.193 - INFO - ANNOTATION - marked as hypothetical: contig=VFHYALUT, start=52952, stop=53734, strand=+
18:40:26.193 - INFO - ANNOTATION - marked as hypothetical: contig=VFHYALUT, start=54840, stop=55478, strand=+
18:40:26.193 - INFO - ANNOTATION - marked as hypothetical: contig=VFHYALUT, start=56589, stop=57314, strand=+
18:40:26.193 - INFO - ANNOTATION - marked as hypothetical: contig=VFHYALUT, start=57302, stop=57535, strand=+
18:40:26.193 - INFO - ANNOTATION - marked as hypothetical: contig=VFHYALUT, start=57507, stop=57695, strand=+
18:40:26.193 - INFO - ANNOTATION - marked as hypothetical: contig=VFHYALUT, start=57780, stop=58451, strand=+
18:40:26.193 - INFO - ANNOTATION - marked as hypothetical: contig=VFHYALUT, start=58627, stop=59202, strand=-
18:40:26.193 - INFO - ANNOTATION - marked as hypothetical: contig=VFHYALUT, start=63428, stop=63988, strand=+
18:40:26.193 - INFO - ANNOTATION - fix gene: extract symbol from protein name. symbol=clpX
18:40:26.193 - INFO - ANNOTATION - marked as hypothetical: contig=VFHYALUT, start=65822, stop=66106, strand=+
18:40:26.193 - INFO - ANNOTATION - marked as hypothetical: contig=VFHYALUT, start=67433, stop=68047, strand=+
18:40:26.193 - INFO - ANNOTATION - marked as hypothetical: contig=VFHYALUT, start=69281, stop=70303, strand=+
18:40:26.193 - INFO - ANNOTATION - marked as hypothetical: contig=VFHYALUT, start=70300, stop=70860, strand=+
18:40:26.193 - INFO - ANNOTATION - marked as hypothetical: contig=VFHYALUT, start=72890, stop=73201, strand=+
18:40:26.193 - INFO - ANNOTATION - marked as hypothetical: contig=VFHYALUT, start=74604, stop=75974, strand=-
18:40:26.193 - INFO - ANNOTATION - marked as hypothetical: contig=VFHYALUT, start=75971, stop=76891, strand=-
18:40:26.193 - INFO - ANNOTATION - marked as hypothetical: contig=VFHYALUT, start=77219, stop=77386, strand=-
18:40:26.193 - INFO - ANNOTATION - marked as hypothetical: contig=VFHYALUT, start=77373, stop=77831, strand=-
18:40:26.193 - INFO - ANNOTATION - marked as hypothetical: contig=VFHYALUT, start=79319, stop=79678, strand=+
18:40:26.193 - INFO - ANNOTATION - marked as hypothetical: contig=VFHYALUT, start=79662, stop=80153, strand=-
18:40:26.193 - INFO - ANNOTATION - marked as hypothetical: contig=VFHYALUT, start=80150, stop=80776, strand=-
18:40:26.193 - INFO - ANNOTATION - marked as hypothetical: contig=VFHYALUT, start=80745, stop=81044, strand=-
18:40:26.193 - INFO - ANNOTATION - marked as hypothetical: contig=VFHYALUT, start=85701, stop=86888, strand=-
18:40:26.193 - INFO - ANNOTATION - marked as hypothetical: contig=VFHYALUT, start=86885, stop=87298, strand=-
18:40:26.193 - INFO - ANNOTATION - marked as hypothetical: contig=VFHYALUT, start=88451, stop=89683, strand=-
18:40:26.193 - INFO - ANNOTATION - marked as hypothetical: contig=VFHYALUT, start=89700, stop=90950, strand=+
18:40:26.193 - INFO - ANNOTATION - fix gene: extract symbol from protein name. symbol=mnmG
18:40:26.193 - INFO - ANNOTATION - fix gene: extract symbol from protein name. symbol=groE
18:40:26.193 - INFO - ANNOTATION - marked as hypothetical: contig=VFHYALUT, start=94633, stop=95919, strand=+
18:40:26.194 - INFO - ANNOTATION - marked as hypothetical: contig=VFHYALUT, start=95911, stop=97029, strand=-
18:40:26.194 - INFO - ANNOTATION - marked as hypothetical: contig=VFHYALUT, start=97086, stop=97685, strand=+
18:40:26.194 - INFO - ANNOTATION - marked as hypothetical: contig=VFHYALUT, start=97660, stop=98622, strand=-
18:40:26.194 - INFO - ANNOTATION - fix gene: extract symbol from protein name. symbol=dnaK
18:40:26.194 - INFO - ANNOTATION - marked as hypothetical: contig=VFHYALUT, start=100454, stop=100756, strand=-
18:40:26.194 - INFO - ANNOTATION - marked as hypothetical: contig=VFHYALUT, start=101820, stop=102380, strand=-
18:40:26.194 - INFO - ANNOTATION - marked as hypothetical: contig=VFHYALUT, start=104323, stop=104958, strand=-
18:40:26.194 - INFO - ANNOTATION - marked as hypothetical: contig=VFHYALUT, start=104960, stop=105709, strand=-
18:40:26.194 - INFO - ANNOTATION - marked as hypothetical: contig=VFHYALUT, start=106155, stop=107108, strand=-
18:40:26.194 - INFO - ANNOTATION - marked as hypothetical: contig=VFHYALUT, start=107105, stop=107359, strand=-
18:40:26.194 - INFO - ANNOTATION - marked as hypothetical: contig=VFHYALUT, start=107329, stop=107610, strand=-
18:40:26.194 - INFO - ANNOTATION - marked as hypothetical: contig=VFHYALUT, start=107607, stop=108122, strand=-
18:40:26.194 - INFO - ANNOTATION - marked as hypothetical: contig=VFHYALUT, start=109949, stop=110047, strand=-
18:40:26.194 - INFO - ANNOTATION - marked as hypothetical: contig=VFHYALUT, start=113310, stop=113543, strand=-
18:40:26.194 - INFO - ANNOTATION - marked as hypothetical: contig=VFHYALUT, start=114164, stop=114568, strand=+
18:40:26.194 - INFO - ANNOTATION - marked as hypothetical: contig=VFHYALUT, start=114565, stop=115122, strand=+
18:40:26.194 - INFO - ANNOTATION - marked as hypothetical: contig=VFHYALUT, start=115112, stop=115357, strand=+
18:40:26.194 - INFO - ANNOTATION - marked as hypothetical: contig=VFHYALUT, start=117594, stop=117821, strand=+
18:40:26.194 - INFO - ANNOTATION - marked as hypothetical: contig=VFHYALUT, start=118201, stop=118356, strand=+
18:40:26.194 - INFO - ANNOTATION - marked as hypothetical: contig=VFHYALUT, start=119155, stop=119538, strand=+
18:40:26.194 - INFO - ANNOTATION - marked as hypothetical: contig=VFHYALUT, start=119540, stop=120094, strand=+
18:40:26.194 - INFO - ANNOTATION - marked as hypothetical: contig=VFHYALUT, start=120091, stop=120456, strand=+
18:40:26.194 - INFO - ANNOTATION - marked as hypothetical: contig=VFHYALUT, start=120889, stop=121164, strand=+
18:40:26.194 - INFO - ANNOTATION - marked as hypothetical: contig=VFHYALUT, start=121378, stop=121491, strand=+
18:40:26.194 - INFO - ANNOTATION - marked as hypothetical: contig=VFHYALUT, start=122667, stop=123491, strand=+
18:40:26.194 - INFO - ANNOTATION - marked as hypothetical: contig=VFHYALUT, start=123488, stop=123790, strand=+
18:40:26.194 - INFO - ANNOTATION - marked as hypothetical: contig=VFHYALUT, start=124951, stop=125412, strand=+
18:40:26.194 - INFO - ANNOTATION - marked as hypothetical: contig=VFHYALUT, start=1, stop=1191, strand=+
18:40:26.194 - INFO - ORF - write internal aa seqs: # seqs=87, path=/tmp/tmpn673wia8/cds.pseudo.candidates.faa
18:41:15.313 - INFO - CDS - found: pseudogene-candidates=0
18:41:15.314 - INFO - PSC - looked-up=0
18:41:15.314 - INFO - PSCC - looked-up=0
18:41:15.382 - INFO - CDS - pfam detected: contig=VFHYALUT, start=69281, stop=70303, strand=+, pfam-id=PF04864.16, length=137, aa-start=90, aa-stop=225, aa-cov=0.4, hmm-cov=0.9, evalue=4.4e-08, bitscore=24.8, name=Alliinase_C
18:41:15.387 - INFO - CDS - pfam detected: contig=VFHYALUT, start=69281, stop=70303, strand=+, pfam-id=PF00155.24, length=317, aa-start=47, aa-stop=326, aa-cov=0.8, hmm-cov=1.0, evalue=2.8e-23, bitscore=75.1, name=Aminotran_1_2
18:41:15.395 - INFO - CDS - pfam detected: contig=VFHYALUT, start=28552, stop=30831, strand=-, pfam-id=PF08264.16, length=125, aa-start=557, aa-stop=674, aa-cov=0.2, hmm-cov=1.0, evalue=1.4e-12, bitscore=40.3, name=Anticodon_1
18:41:15.565 - INFO - CDS - pfam detected: contig=VFHYALUT, start=13293, stop=13499, strand=-, pfam-id=PF00313.25, length=63, aa-start=3, aa-stop=65, aa-cov=0.9, hmm-cov=1.0, evalue=7.2e-29, bitscore=92.0, name=CSD
18:41:15.578 - INFO - CDS - pfam detected: contig=VFHYALUT, start=104323, stop=104958, strand=-, pfam-id=PF05173.17, length=112, aa-start=108, aa-stop=209, aa-cov=0.5, hmm-cov=1.0, evalue=2.0e-16, bitscore=52.7, name=DapB_C
18:41:15.579 - INFO - CDS - pfam detected: contig=VFHYALUT, start=104323, stop=104958, strand=-, pfam-id=PF01113.23, length=122, aa-start=4, aa-stop=102, aa-cov=0.5, hmm-cov=1.0, evalue=1.6e-11, bitscore=36.9, name=DapB_N
18:41:15.579 - INFO - CDS - pfam detected: contig=VFHYALUT, start=16608, stop=17336, strand=-, pfam-id=PF01678.22, length=57, aa-start=6, aa-stop=62, aa-cov=0.2, hmm-cov=1.0, evalue=2.5e-15, bitscore=49.3, name=DAP_epimerase
18:41:15.590 - INFO - CDS - pfam detected: contig=VFHYALUT, start=97660, stop=98622, strand=-, pfam-id=PF00226.34, length=63, aa-start=3, aa-stop=64, aa-cov=0.2, hmm-cov=1.0, evalue=6.2e-28, bitscore=89.3, name=DnaJ
18:41:15.591 - INFO - CDS - pfam detected: contig=VFHYALUT, start=97660, stop=98622, strand=-, pfam-id=PF01556.21, length=213, aa-start=95, aa-stop=299, aa-cov=0.6, hmm-cov=0.7, evalue=4.5e-15, bitscore=48.5, name=DnaJ_C
18:41:15.592 - INFO - CDS - pfam detected: contig=VFHYALUT, start=95911, stop=97029, strand=-, pfam-id=PF02767.19, length=87, aa-start=154, aa-stop=240, aa-cov=0.2, hmm-cov=1.0, evalue=5.5e-11, bitscore=35.3, name=DNA_pol3_beta_2
18:41:15.593 - INFO - CDS - pfam detected: contig=VFHYALUT, start=95911, stop=97029, strand=-, pfam-id=PF02768.18, length=115, aa-start=255, aa-stop=369, aa-cov=0.3, hmm-cov=1.0, evalue=7.5e-15, bitscore=47.4, name=DNA_pol3_beta_3
18:41:15.746 - INFO - CDS - pfam detected: contig=VFHYALUT, start=37736, stop=38299, strand=-, pfam-id=PF00117.31, length=188, aa-start=3, aa-stop=178, aa-cov=0.9, hmm-cov=1.0, evalue=2.1e-25, bitscore=82.1, name=GATase
18:41:15.836 - INFO - CDS - pfam detected: contig=VFHYALUT, start=1, stop=1191, strand=+, pfam-id=PF00009.30, length=182, aa-start=9, aa-stop=178, aa-cov=0.4, hmm-cov=1.0, evalue=6.6e-57, bitscore=184.7, name=GTP_EFTU
18:41:15.836 - INFO - CDS - pfam detected: contig=VFHYALUT, start=18164, stop=19492, strand=-, pfam-id=PF00009.30, length=186, aa-start=2, aa-stop=160, aa-cov=0.4, hmm-cov=1.0, evalue=4.7e-23, bitscore=74.2, name=GTP_EFTU
18:41:15.836 - INFO - CDS - pfam detected: contig=VFHYALUT, start=1, stop=1191, strand=+, pfam-id=PF03144.28, length=75, aa-start=227, aa-stop=296, aa-cov=0.2, hmm-cov=1.0, evalue=3.6e-16, bitscore=51.9, name=GTP_EFTU_D2
18:41:15.836 - INFO - CDS - pfam detected: contig=VFHYALUT, start=1, stop=1191, strand=+, pfam-id=PF03143.20, length=106, aa-start=301, aa-stop=393, aa-cov=0.2, hmm-cov=1.0, evalue=6.6e-40, bitscore=128.3, name=GTP_EFTU_D3
18:41:15.868 - INFO - CDS - pfam detected: contig=VFHYALUT, start=85701, stop=86888, strand=-, pfam-id=PF00742.22, length=176, aa-start=132, aa-stop=306, aa-cov=0.4, hmm-cov=1.0, evalue=2.6e-31, bitscore=101.3, name=Homoserine_dh
18:41:15.900 - INFO - CDS - pfam detected: contig=VFHYALUT, start=77373, stop=77831, strand=-, pfam-id=PF00707.25, length=84, aa-start=65, aa-stop=148, aa-cov=0.6, hmm-cov=1.0, evalue=9.9e-19, bitscore=59.7, name=IF3_C
18:41:15.901 - INFO - CDS - pfam detected: contig=VFHYALUT, start=36123, stop=36872, strand=-, pfam-id=PF00218.24, length=205, aa-start=41, aa-stop=244, aa-cov=0.8, hmm-cov=1.0, evalue=3.3e-37, bitscore=120.5, name=IGPS
18:41:15.997 - INFO - CDS - pfam detected: contig=VFHYALUT, start=52952, stop=53734, strand=+, pfam-id=PF02219.20, length=273, aa-start=1, aa-stop=254, aa-cov=1.0, hmm-cov=1.0, evalue=7.5e-30, bitscore=96.7, name=MTHFR
18:41:16.038 - INFO - CDS - pfam detected: contig=VFHYALUT, start=24628, stop=25575, strand=-, pfam-id=PF03462.21, length=105, aa-start=78, aa-stop=182, aa-cov=0.3, hmm-cov=1.0, evalue=1.7e-20, bitscore=66.1, name=PCRF
18:41:16.041 - INFO - CDS - pfam detected: contig=VFHYALUT, start=18164, stop=19492, strand=-, pfam-id=PF10662.12, length=119, aa-start=3, aa-stop=116, aa-cov=0.3, hmm-cov=0.9, evalue=5.6e-09, bitscore=28.4, name=PduV-EutP
18:41:16.056 - INFO - CDS - pfam detected: contig=VFHYALUT, start=13540, stop=13965, strand=+, pfam-id=PF01327.24, length=147, aa-start=2, aa-stop=139, aa-cov=1.0, hmm-cov=1.0, evalue=1.4e-31, bitscore=101.7, name=Pep_deformylase
18:41:16.113 - INFO - CDS - pfam detected: contig=VFHYALUT, start=54840, stop=55478, strand=+, pfam-id=PF00697.25, length=198, aa-start=7, aa-stop=200, aa-cov=0.9, hmm-cov=1.0, evalue=3.8e-24, bitscore=77.9, name=PRAI
18:41:16.117 - INFO - CDS - pfam detected: contig=VFHYALUT, start=19608, stop=20480, strand=+, pfam-id=PF13793.9, length=96, aa-start=19, aa-stop=113, aa-cov=0.3, hmm-cov=1.0, evalue=9.2e-16, bitscore=50.4, name=Pribosyltran_N
18:41:16.143 - INFO - CDS - pfam detected: contig=VFHYALUT, start=18164, stop=19492, strand=-, pfam-id=PF00071.25, length=125, aa-start=4, aa-stop=119, aa-cov=0.3, hmm-cov=1.0, evalue=3.4e-08, bitscore=25.7, name=Ras
18:41:16.167 - INFO - CDS - pfam detected: contig=VFHYALUT, start=2705, stop=3082, strand=+, pfam-id=PF00542.22, length=66, aa-start=60, aa-stop=125, aa-cov=0.5, hmm-cov=1.0, evalue=1.6e-14, bitscore=46.6, name=Ribosomal_L12
18:41:16.171 - INFO - CDS - pfam detected: contig=VFHYALUT, start=121378, stop=121491, strand=+, pfam-id=PF00444.21, length=38, aa-start=1, aa-stop=37, aa-cov=1.0, hmm-cov=1.0, evalue=1.2e-16, bitscore=53.1, name=Ribosomal_L36
18:41:16.173 - INFO - CDS - pfam detected: contig=VFHYALUT, start=50216, stop=50380, strand=+, pfam-id=PF00312.25, length=50, aa-start=4, aa-stop=53, aa-cov=0.9, hmm-cov=1.0, evalue=1.8e-12, bitscore=39.9, name=Ribosomal_S15
18:41:16.175 - INFO - CDS - pfam detected: contig=VFHYALUT, start=117594, stop=117821, strand=+, pfam-id=PF00366.23, length=63, aa-start=7, aa-stop=68, aa-cov=0.8, hmm-cov=1.0, evalue=6.5e-09, bitscore=28.4, name=Ribosomal_S17
18:41:16.175 - INFO - CDS - pfam detected: contig=VFHYALUT, start=10478, stop=10957, strand=+, pfam-id=PF00177.24, length=148, aa-start=6, aa-stop=152, aa-cov=0.9, hmm-cov=1.0, evalue=6.2e-38, bitscore=122.3, name=Ribosomal_S7
18:41:16.176 - INFO - CDS - pfam detected: contig=VFHYALUT, start=119155, stop=119538, strand=+, pfam-id=PF00410.22, length=121, aa-start=9, aa-stop=127, aa-cov=0.9, hmm-cov=1.0, evalue=9.9e-25, bitscore=79.4, name=Ribosomal_S8
18:41:16.185 - INFO - CDS - pfam detected: contig=VFHYALUT, start=58627, stop=59202, strand=-, pfam-id=PF13482.9, length=129, aa-start=1, aa-stop=126, aa-cov=0.7, hmm-cov=0.8, evalue=2.2e-09, bitscore=30.0, name=RNase_H_2
18:41:16.187 - INFO - CDS - pfam detected: contig=VFHYALUT, start=122667, stop=123491, strand=+, pfam-id=PF01000.29, length=94, aa-start=62, aa-stop=150, aa-cov=0.3, hmm-cov=1.0, evalue=1.2e-11, bitscore=37.5, name=RNA_pol_A_bac
18:41:16.189 - INFO - CDS - pfam detected: contig=VFHYALUT, start=3082, stop=6486, strand=+, pfam-id=PF04565.19, length=68, aa-start=402, aa-stop=466, aa-cov=0.1, hmm-cov=1.0, evalue=4.4e-22, bitscore=70.6, name=RNA_pol_Rpb2_3
18:41:16.194 - INFO - CDS - pfam detected: contig=VFHYALUT, start=3082, stop=6486, strand=+, pfam-id=PF00562.31, length=462, aa-start=602, aa-stop=1058, aa-cov=0.4, hmm-cov=0.8, evalue=2.3e-109, bitscore=358.4, name=RNA_pol_Rpb2_6
18:41:16.194 - INFO - CDS - pfam detected: contig=VFHYALUT, start=3082, stop=6486, strand=+, pfam-id=PF04560.23, length=84, aa-start=1060, aa-stop=1133, aa-cov=0.1, hmm-cov=1.0, evalue=3.9e-24, bitscore=77.5, name=RNA_pol_Rpb2_7
18:41:16.198 - INFO - CDS - pfam detected: contig=VFHYALUT, start=14149, stop=14601, strand=-, pfam-id=PF00398.23, length=139, aa-start=5, aa-stop=119, aa-cov=0.8, hmm-cov=1.0, evalue=2.7e-13, bitscore=42.0, name=RrnaAD
18:41:16.235 - INFO - CDS - pfam detected: contig=VFHYALUT, start=104960, stop=105709, strand=-, pfam-id=PF08501.14, length=67, aa-start=5, aa-stop=70, aa-cov=0.3, hmm-cov=1.0, evalue=4.7e-11, bitscore=35.4, name=Shikimate_dh_N
18:41:16.240 - INFO - CDS - pfam detected: contig=VFHYALUT, start=45524, stop=46972, strand=+, pfam-id=PF04542.17, length=69, aa-start=261, aa-stop=329, aa-cov=0.1, hmm-cov=1.0, evalue=6.0e-22, bitscore=69.8, name=Sigma70_r2
18:41:16.240 - INFO - CDS - pfam detected: contig=VFHYALUT, start=45524, stop=46972, strand=+, pfam-id=PF04545.19, length=53, aa-start=426, aa-stop=478, aa-cov=0.1, hmm-cov=0.9, evalue=1.1e-15, bitscore=49.5, name=Sigma70_r4
18:41:16.245 - INFO - CDS - pfam detected: contig=VFHYALUT, start=124951, stop=125412, strand=+, pfam-id=PF01202.25, length=158, aa-start=1, aa-stop=151, aa-cov=1.0, hmm-cov=1.0, evalue=5.9e-15, bitscore=48.2, name=SKI
18:41:16.272 - INFO - CDS - pfam detected: contig=VFHYALUT, start=18164, stop=19492, strand=-, pfam-id=PF09439.13, length=81, aa-start=3, aa-stop=77, aa-cov=0.2, hmm-cov=1.0, evalue=1.5e-08, bitscore=26.8, name=SRPRB
18:41:16.370 - INFO - CDS - pfam detected: contig=VFHYALUT, start=88451, stop=89683, strand=-, pfam-id=PF00749.24, length=97, aa-start=4, aa-stop=100, aa-cov=0.2, hmm-cov=1.0, evalue=1.6e-49, bitscore=160.9, name=tRNA-synt_1c
18:41:16.371 - INFO - CDS - pfam detected: contig=VFHYALUT, start=43608, stop=44804, strand=-, pfam-id=PF00749.24, length=95, aa-start=22, aa-stop=114, aa-cov=0.2, hmm-cov=1.0, evalue=5.0e-43, bitscore=139.6, name=tRNA-synt_1c
18:41:16.371 - INFO - CDS - pfam detected: contig=VFHYALUT, start=106155, stop=107108, strand=-, pfam-id=PF00587.28, length=169, aa-start=76, aa-stop=223, aa-cov=0.5, hmm-cov=1.0, evalue=8.1e-24, bitscore=77.0, name=tRNA-synt_2b
18:41:16.371 - INFO - CDS - pfam detected: contig=VFHYALUT, start=75971, stop=76891, strand=-, pfam-id=PF01409.23, length=230, aa-start=86, aa-stop=304, aa-cov=0.7, hmm-cov=1.0, evalue=3.4e-58, bitscore=189.4, name=tRNA-synt_2d
18:41:16.372 - INFO - CDS - pfam detected: contig=VFHYALUT, start=56589, stop=57314, strand=+, pfam-id=PF00290.23, length=237, aa-start=3, aa-stop=231, aa-cov=1.0, hmm-cov=1.0, evalue=3.6e-35, bitscore=113.6, name=Trp_syntA
18:41:16.414 - INFO - CDS - predicted-pfams=48, CDS-w/-pfams=36
18:41:16.484 - INFO - S_ORF - predicted=1056
18:41:16.539 - INFO - S_ORF - sORF filter: # valid=33, # discarded=1023
18:41:16.565 - INFO - ORF - discarded=0
18:41:16.582 - INFO - UPS - looked-up=0
18:41:16.582 - INFO - IPS - looked-up=0
18:41:16.582 - INFO - ORF - write internal aa seqs: # seqs=33, path=/tmp/tmpn673wia8/sorf.faa
18:41:16.634 - INFO - S_ORF - found=0
18:41:16.634 - INFO - PSC - looked-up=0
18:41:16.634 - INFO - PSCC - looked-up=0
18:41:17.120 - INFO - ORI - predicted=0
18:41:17.182 - INFO - ORI - predicted=0
18:41:17.182 - INFO - ANNOTATION - overlap: CDS (None/hypothetical protein) [13540, 13965] overlapping tRNA (trnF) [13959, 14031], [13959,13965], contig=VFHYALUT
18:41:17.182 - INFO - ANNOTATION - overlap: CDS (None/hypothetical protein) [27341, 28477] overlapping tRNA (trnS) [28468, 28551], [28468,28477], contig=VFHYALUT
18:41:17.182 - INFO - ANNOTATION - overlap: CDS (None/hypothetical protein) [50216, 50380] overlapping tRNA (trnL) [50351, 50423], [50351,50380], contig=VFHYALUT
18:41:17.182 - INFO - ANNOTATION - overlap: CDS (None/Aspartyl/glutamyl-tRNA(Asn/Gln) amidotransferase subunit B) [50484, 51632] overlapping tRNA (trnS) [50428, 50510], [50484,50510], contig=VFHYALUT
18:41:17.182 - INFO - ANNOTATION - overlap: CDS (None/hypothetical protein) [58627, 59202] overlapping tRNA (trnG) [58569, 58641], [58627,58641], contig=VFHYALUT
18:41:17.182 - INFO - ANNOTATION - overlap: CDS (clpX/ATP-dependent Clp protease ATP-binding subunit ClpX) [64527, 65696] overlapping tRNA (trnV) [65695, 65766], [65695,65696], contig=VFHYALUT
18:41:17.182 - INFO - ANNOTATION - overlap: CDS (None/Ornithine carbamoyltransferase) [73633, 74484] overlapping tRNA (trnK) [74471, 74543], [74471,74484], contig=VFHYALUT
18:41:17.183 - INFO - ANNOTATION - overlap: CDS (None/hypothetical protein) [74604, 75974] overlapping tRNA (trnK) [74546, 74618], [74604,74618], contig=VFHYALUT
18:41:17.183 - INFO - ANNOTATION - overlap: CDS (None/Chorismate synthase) [77903, 78946] overlapping tRNA (trnL) [77833, 77904], [77903,77904], contig=VFHYALUT
18:41:17.183 - INFO - ANNOTATION - overlap: CDS (None/Transcription termination factor Rho) [87303, 88403] overlapping tRNA (trnD) [88365, 88439], [88365,88403], contig=VFHYALUT
18:41:17.183 - INFO - ANNOTATION - overlap: CDS (None/hypothetical protein) [109949, 110047] overlapping rRNA (rrl) [109472, 112320], [109949,110047], contig=VFHYALUT
18:41:17.183 - INFO - ANNOTATION - overlap: CDS (None/hypothetical protein) [113310, 113543] overlapping rRNA (rrs) [112502, 114050], [113310,113543], contig=VFHYALUT
18:41:17.183 - INFO - UTILS - generated sequence tag prefix: prefix=CAFBCEONDH, length=10, MD5=CAFBCE87D1F42BC363B4282637364BFF
18:41:17.183 - INFO - MAIN - selected features=163
18:41:17.183 - INFO - UTILS - generated sequence tag prefix: prefix=CAFBCE, length=6, MD5=CAFBCE87D1F42BC363B4282637364BFF
18:41:17.183 - INFO - MAIN - locus tag prefix=CAFBCE
18:41:17.183 - INFO - UTILS - genome-size=126824
18:41:17.183 - INFO - UTILS - GC=0.211
18:41:17.183 - INFO - UTILS - N=0.000
18:41:17.183 - INFO - UTILS - N50=126824
18:41:17.183 - INFO - UTILS - coding-ratio=0.916
18:41:17.184 - INFO - TSV - write tsv: path=/home/diego/Documents/metagenomes/annotation_symbio_merge/annotation_Beta/genomes/annotation_bakta/bakta_VFHYALUT/VFHYALUT.tsv
18:41:17.184 - INFO - GFF - write GFF3: path=/home/diego/Documents/metagenomes/annotation_symbio_merge/annotation_Beta/genomes/annotation_bakta/bakta_VFHYALUT/VFHYALUT.gff3
18:41:17.186 - INFO - INSDC - write GenBank: path=/home/diego/Documents/metagenomes/annotation_symbio_merge/annotation_Beta/genomes/annotation_bakta/bakta_VFHYALUT/VFHYALUT.gbff
18:41:17.191 - INFO - INSDC - write EMBL: path=/home/diego/Documents/metagenomes/annotation_symbio_merge/annotation_Beta/genomes/annotation_bakta/bakta_VFHYALUT/VFHYALUT.embl
18:41:17.198 - INFO - FASTA - write genome sequences: path=/home/diego/Documents/metagenomes/annotation_symbio_merge/annotation_Beta/genomes/annotation_bakta/bakta_VFHYALUT/VFHYALUT.fna, description=True, wrap=True
18:41:17.198 - INFO - FASTA - write feature nucleotide sequences: path=/home/diego/Documents/metagenomes/annotation_symbio_merge/annotation_Beta/genomes/annotation_bakta/bakta_VFHYALUT/VFHYALUT.ffn
18:41:17.198 - INFO - FASTA - write translated CDS/sORF: path=/home/diego/Documents/metagenomes/annotation_symbio_merge/annotation_Beta/genomes/annotation_bakta/bakta_VFHYALUT/VFHYALUT.faa
18:41:17.217 - INFO - PLOT - write circular genome plot: file-name=VFHYALUT, output-dir=/home/diego/Documents/metagenomes/annotation_symbio_merge/annotation_Beta/genomes/annotation_bakta/bakta_VFHYALUT
18:41:20.281 - INFO - TSV - write hypothetical tsv: path=/home/diego/Documents/metagenomes/annotation_symbio_merge/annotation_Beta/genomes/annotation_bakta/bakta_VFHYALUT/VFHYALUT.hypotheticals.tsv
18:41:20.282 - INFO - FASTA - write translated CDS/sORF: path=/home/diego/Documents/metagenomes/annotation_symbio_merge/annotation_Beta/genomes/annotation_bakta/bakta_VFHYALUT/VFHYALUT.hypotheticals.faa
18:41:20.282 - INFO - JSON - write JSON: path=/home/diego/Documents/metagenomes/annotation_symbio_merge/annotation_Beta/genomes/annotation_bakta/bakta_VFHYALUT/VFHYALUT.json
18:41:20.286 - INFO - MAIN - removed tmp dir: /tmp/tmpn673wia8
