[11:26:23] This is prokka 1.13
[11:26:23] Written by Torsten Seemann <torsten.seemann@gmail.com>
[11:26:23] Homepage is https://github.com/tseemann/prokka
[11:26:23] Local time is Fri Dec 15 11:26:23 2023
[11:26:23] You are diego
[11:26:23] Operating system is linux
[11:26:23] You have BioPerl 1.007002
[11:26:23] System has 32 cores.
[11:26:23] Will use maximum of 32 cores.
[11:26:23] Annotating as >>> Bacteria <<<
[11:26:23] Enabling options to ensure Genbank/ENA/DDJB submission compliance.
[11:26:23] Re-using existing --outdir annotation_prokka/prokka_VFBEB
[11:26:23] Using filename prefix: prokka_VFBEB.XXX
[11:26:23] Setting HMMER_NCPU=1
[11:26:23] Writing log to: annotation_prokka/prokka_VFBEB/prokka_VFBEB.log
[11:26:23] Command: /home/diego/miniconda3/envs/prokka_env/bin/prokka VFBEB.fasta --prefix prokka_VFBEB --outdir annotation_prokka/prokka_VFBEB --cpus 32 --locustag VFBEB --gcode 11 --compliant --force
[11:26:23] Appending to PATH: /home/diego/miniconda3/envs/prokka_env/bin
[11:26:23] Looking for 'aragorn' - found /home/diego/miniconda3/envs/prokka_env/bin/aragorn
[11:26:23] Determined aragorn version is 1.2
[11:26:23] Looking for 'barrnap' - found /home/diego/miniconda3/envs/prokka_env/bin/barrnap
[11:26:23] Determined barrnap version is 0.9
[11:26:23] Looking for 'blastp' - found /home/diego/miniconda3/envs/prokka_env/bin/blastp
[11:26:23] Determined blastp version is 2.14
[11:26:23] Looking for 'cmpress' - found /home/diego/miniconda3/envs/prokka_env/bin/cmpress
[11:26:23] Determined cmpress version is 1.1
[11:26:23] Looking for 'cmscan' - found /home/diego/miniconda3/envs/prokka_env/bin/cmscan
[11:26:23] Determined cmscan version is 1.1
[11:26:23] Looking for 'egrep' - found /usr/bin/egrep
[11:26:23] Looking for 'find' - found /usr/bin/find
[11:26:23] Looking for 'grep' - found /usr/bin/grep
[11:26:23] Looking for 'hmmpress' - found /home/diego/miniconda3/envs/prokka_env/bin/hmmpress
[11:26:23] Determined hmmpress version is 3.3
[11:26:23] Looking for 'hmmscan' - found /home/diego/miniconda3/envs/prokka_env/bin/hmmscan
[11:26:23] Determined hmmscan version is 3.3
[11:26:23] Looking for 'java' - found /home/diego/miniconda3/envs/prokka_env/bin/java
[11:26:23] Looking for 'less' - found /usr/bin/less
[11:26:23] Looking for 'makeblastdb' - found /home/diego/miniconda3/envs/prokka_env/bin/makeblastdb
[11:26:23] Determined makeblastdb version is 2.14
[11:26:23] Looking for 'minced' - found /home/diego/miniconda3/envs/prokka_env/bin/minced
[11:26:23] Determined minced version is 4.2
[11:26:23] Looking for 'parallel' - found /home/diego/miniconda3/envs/prokka_env/bin/parallel
[11:26:23] Determined parallel version is 20160622
[11:26:23] Looking for 'prodigal' - found /home/diego/miniconda3/envs/prokka_env/bin/prodigal
[11:26:23] Determined prodigal version is 2.6
[11:26:23] Looking for 'prokka-genbank_to_fasta_db' - found /home/diego/miniconda3/envs/prokka_env/bin/prokka-genbank_to_fasta_db
[11:26:23] Looking for 'rnammer' - found /home/diego/rnammer-1.2.src/rnammer
[11:26:23] Determined rnammer version is 1.2
[11:26:23] Looking for 'sed' - found /usr/bin/sed
[11:26:23] Looking for 'tbl2asn' - found /home/diego/miniconda3/envs/prokka_env/bin/tbl2asn
[11:26:23] Determined tbl2asn version is 25.8
[11:26:23] Using genetic code table 11.
[11:26:23] Loading and checking input file: VFBEB.fasta
[11:26:23] Wrote 1 contigs totalling 99597 bp.
[11:26:23] Predicting tRNAs and tmRNAs
[11:26:23] Running: aragorn -l -gc11  -w annotation_prokka\/prokka_VFBEB\/prokka_VFBEB\.fna
[11:26:23] 1 tRNA-Trp [1178,1250] 34 (cca)
[11:26:23] 2 tRNA-Phe [14165,14236] 33 (gaa)
[11:26:23] 3 tRNA-Leu [33889,33963] 36 (tag)
[11:26:23] 4 tRNA-Ser [33965,34049] 35 (gga)
[11:26:23] 5 tRNA-Asn c[38733,38804] 33 (gtt)
[11:26:23] 6 tRNA-Cys c[38965,39039] 35 (gca)
[11:26:23] 7 tRNA-Leu c[45528,45601] 34 (caa)
[11:26:23] 8 tRNA-Ser c[45600,45692] 38 (tga)
[11:26:23] 9 tRNA-His [51712,51785] 35 (gtg)
[11:26:23] 10 tRNA-Lys c[52635,52706] 33 (ttt)
[11:26:23] 11 tRNA-Arg c[54727,54798] 33 (tct)
[11:26:23] 12 tRNA-Met c[54917,54990] 34 (cat)
[11:26:23] 13 tRNA-Pro [55030,55101] 33 (tgg)
[11:26:23] 14 tRNA-Asp c[60865,60939] 35 (gtc)
[11:26:23] 15 tRNA-Glu c[60939,61010] 34 (ttc)
[11:26:23] 16 tRNA-Ile c[85412,85483] 33 (gat)
[11:26:23] 17 tRNA-Met c[99334,99408] 37 (cat)
[11:26:23] 18 tRNA-Tyr [99415,99501] 36 (gta)
[11:26:23] Found 18 tRNAs
[11:26:23] Predicting Ribosomal RNAs
[11:26:23] Running Barrnap with 32 threads
[11:26:24] 1 gnl|Prokka|VFBEB_1 82661 23S ribosomal RNA
[11:26:24] 2 gnl|Prokka|VFBEB_1 85503 16S ribosomal RNA
[11:26:24] Found 2 rRNAs
[11:26:24] Skipping ncRNA search, enable with --rfam if desired.
[11:26:24] Total of 20 tRNA + rRNA features
[11:26:24] Searching for CRISPR repeats
[11:26:24] Found 0 CRISPRs
[11:26:24] Predicting coding sequences
[11:26:24] Contigs total 99597 bp, so using meta mode
[11:26:24] Running: prodigal -i annotation_prokka\/prokka_VFBEB\/prokka_VFBEB\.fna -c -m -g 11 -p meta -f sco -q
[11:26:24] Excluding CDS which overlaps existing RNA (tRNA) at gnl|Prokka|VFBEB_1:1..1188 on + strand
[11:26:24] Excluding CDS which overlaps existing RNA (tRNA) at gnl|Prokka|VFBEB_1:13737..14165 on + strand
[11:26:24] Excluding CDS which overlaps existing RNA (tRNA) at gnl|Prokka|VFBEB_1:33746..33889 on + strand
[11:26:24] Excluding CDS which overlaps existing RNA (tRNA) at gnl|Prokka|VFBEB_1:33939..34859 on + strand
[11:26:24] Excluding CDS which overlaps existing RNA (tRNA) at gnl|Prokka|VFBEB_1:44356..45534 on + strand
[11:26:24] Excluding CDS which overlaps existing RNA (tRNA) at gnl|Prokka|VFBEB_1:51796..52653 on + strand
[11:26:24] Excluding CDS which overlaps existing RNA (tRNA) at gnl|Prokka|VFBEB_1:52697..53065 on - strand
[11:26:24] Excluding CDS which overlaps existing RNA (tRNA) at gnl|Prokka|VFBEB_1:53719..54735 on - strand
[11:26:24] Excluding CDS which overlaps existing RNA (tRNA) at gnl|Prokka|VFBEB_1:61001..62176 on - strand
[11:26:24] Excluding CDS which overlaps existing RNA (rRNA) at gnl|Prokka|VFBEB_1:84064..84234 on - strand
[11:26:24] Excluding CDS which overlaps existing RNA (tRNA) at gnl|Prokka|VFBEB_1:98334..99344 on + strand
[11:26:24] Found 102 CDS
[11:26:24] Connecting features back to sequences
[11:26:24] Not using genus-specific database. Try --usegenus to enable it.
[11:26:24] Annotating CDS, please be patient.
[11:26:24] Will use 32 CPUs for similarity searching.
[11:26:24] There are still 102 unannotated CDS left (started with 102)
[11:26:24] Will use blast to search against /home/diego/miniconda3/envs/prokka_env/bin/../db/kingdom/Bacteria/sprot with 32 CPUs
[11:26:24] Running: cat annotation_prokka\/prokka_VFBEB\/sprot\.faa | parallel --gnu --plain -j 32 --block 436 --recstart '>' --pipe blastp -query - -db /home/diego/miniconda3/envs/prokka_env/bin/../db/kingdom/Bacteria/sprot -evalue 1e-06 -num_threads 1 -num_descriptions 1 -num_alignments 1 -seg no > annotation_prokka\/prokka_VFBEB\/sprot\.blast 2> /dev/null
[11:26:26] Deleting unwanted file: annotation_prokka/prokka_VFBEB/sprot.faa
[11:26:26] Deleting unwanted file: annotation_prokka/prokka_VFBEB/sprot.blast
[11:26:26] There are still 27 unannotated CDS left (started with 102)
[11:26:26] Will use hmmer3 to search against /home/diego/miniconda3/envs/prokka_env/bin/../db/hmm/HAMAP.hmm with 32 CPUs
[11:26:26] Running: cat annotation_prokka\/prokka_VFBEB\/HAMAP\.hmm\.faa | parallel --gnu --plain -j 32 --block 59 --recstart '>' --pipe hmmscan --noali --notextw --acc -E 1e-06 --cpu 1 /home/diego/miniconda3/envs/prokka_env/bin/../db/hmm/HAMAP.hmm /dev/stdin > annotation_prokka\/prokka_VFBEB\/HAMAP\.hmm\.hmmer3 2> /dev/null
[11:26:26] Deleting unwanted file: annotation_prokka/prokka_VFBEB/HAMAP.hmm.faa
[11:26:26] Deleting unwanted file: annotation_prokka/prokka_VFBEB/HAMAP.hmm.hmmer3
[11:26:26] Labelling remaining 18 proteins as 'hypothetical protein'
[11:26:26] Found 84 unique /gene codes.
[11:26:26] Fixed 0 colliding /gene names.
[11:26:26] Adding /locus_tag identifiers
[11:26:26] Assigned 122 locus_tags to CDS and RNA features.
[11:26:26] Writing outputs to annotation_prokka/prokka_VFBEB/
[11:26:26] Generating annotation statistics file
[11:26:26] Generating Genbank and Sequin files
[11:26:26] Running: tbl2asn -V b -a r10k -l paired-ends -M n -N 1 -y 'Annotated using prokka 1.13 from https://github.com/tseemann/prokka' -Z annotation_prokka\/prokka_VFBEB\/prokka_VFBEB\.err -i annotation_prokka\/prokka_VFBEB\/prokka_VFBEB\.fsa 2> /dev/null
[11:26:27] Deleting unwanted file: annotation_prokka/prokka_VFBEB/errorsummary.val
[11:26:27] Deleting unwanted file: annotation_prokka/prokka_VFBEB/prokka_VFBEB.dr
[11:26:27] Deleting unwanted file: annotation_prokka/prokka_VFBEB/prokka_VFBEB.fixedproducts
[11:26:27] Deleting unwanted file: annotation_prokka/prokka_VFBEB/prokka_VFBEB.ecn
[11:26:27] Deleting unwanted file: annotation_prokka/prokka_VFBEB/prokka_VFBEB.val
[11:26:27] Repairing broken .GBK output that tbl2asn produces...
[11:26:27] Running: sed 's/COORDINATES: profile/COORDINATES:profile/' < annotation_prokka\/prokka_VFBEB\/prokka_VFBEB\.gbf > annotation_prokka\/prokka_VFBEB\/prokka_VFBEB\.gbk
[11:26:27] Deleting unwanted file: annotation_prokka/prokka_VFBEB/prokka_VFBEB.gbf
[11:26:27] Output files:
[11:26:27] annotation_prokka/prokka_VFBEB/prokka_VFBEB.sqn
[11:26:27] annotation_prokka/prokka_VFBEB/prokka_VFBEB.ffn
[11:26:27] annotation_prokka/prokka_VFBEB/prokka_VFBEB.tbl
[11:26:27] annotation_prokka/prokka_VFBEB/prokka_VFBEB.err
[11:26:27] annotation_prokka/prokka_VFBEB/prokka_VFBEB.fsa
[11:26:27] annotation_prokka/prokka_VFBEB/prokka_VFBEB.faa
[11:26:27] annotation_prokka/prokka_VFBEB/prokka_VFBEB.gff
[11:26:27] annotation_prokka/prokka_VFBEB/prokka_VFBEB.tsv
[11:26:27] annotation_prokka/prokka_VFBEB/prokka_VFBEB.fna
[11:26:27] annotation_prokka/prokka_VFBEB/prokka_VFBEB.log
[11:26:27] annotation_prokka/prokka_VFBEB/prokka_VFBEB.txt
[11:26:27] annotation_prokka/prokka_VFBEB/prokka_VFBEB.gbk
[11:26:27] Annotation finished successfully.
[11:26:27] Walltime used: 0.07 minutes
[11:26:27] If you use this result please cite the Prokka paper:
[11:26:27] Seemann T (2014) Prokka: rapid prokaryotic genome annotation. Bioinformatics. 30(14):2068-9.
[11:26:27] Type 'prokka --citation' for more details.
[11:26:27] Thank you, come again.
