[15:11:51] This is prokka 1.14.6
[15:11:51] Written by Torsten Seemann <torsten.seemann@gmail.com>
[15:11:51] Homepage is https://github.com/tseemann/prokka
[15:11:51] Local time is Wed Aug 10 15:11:51 2022
[15:11:51] You are diego
[15:11:51] Operating system is linux
[15:11:51] You have BioPerl 1.007002
[15:11:51] System has 12 cores.
[15:11:51] Will use maximum of 8 cores.
[15:11:51] Annotating as >>> Bacteria <<<
[15:11:51] Enabling options to ensure Genbank/ENA/DDJB submission compliance.
[15:11:51] Creating new output folder: prokka_SMDICPAN5_pseudofinder
[15:11:51] Running: mkdir -p prokka_SMDICPAN5_pseudofinder
[15:11:51] Using filename prefix: SMDICPAN5.XXX
[15:11:51] Setting HMMER_NCPU=1
[15:11:51] Writing log to: prokka_SMDICPAN5_pseudofinder/SMDICPAN5.log
[15:11:51] Command: /home/diego/miniconda3/envs/prokka_env/bin/prokka SMDICPAN5.fasta --prefix SMDICPAN5 --locustag SMDICPAN5 --outdir prokka_SMDICPAN5_pseudofinder -gcode 11 --compliant --rfam --cdsrnaolap --force
[15:11:51] Appending to PATH: /home/diego/miniconda3/envs/prokka_env/bin
[15:11:51] Looking for 'aragorn' - found /home/diego/miniconda3/envs/prokka_env/bin/aragorn
[15:11:51] Determined aragorn version is 001002 from 'ARAGORN v1.2.38 Dean Laslett'
[15:11:51] Looking for 'barrnap' - found /home/diego/miniconda3/envs/prokka_env/bin/barrnap
[15:11:51] Determined barrnap version is 000009 from 'barrnap 0.9'
[15:11:51] Looking for 'blastp' - found /home/diego/miniconda3/envs/prokka_env/bin/blastp
[15:11:51] Determined blastp version is 002010 from 'blastp: 2.10.1+'
[15:11:51] Looking for 'cmpress' - found /home/diego/miniconda3/envs/prokka_env/bin/cmpress
[15:11:51] Determined cmpress version is 001001 from '# INFERNAL 1.1.3 (Nov 2019)'
[15:11:51] Looking for 'cmscan' - found /home/diego/miniconda3/envs/prokka_env/bin/cmscan
[15:11:51] Determined cmscan version is 001001 from '# INFERNAL 1.1.3 (Nov 2019)'
[15:11:51] Looking for 'egrep' - found /usr/bin/egrep
[15:11:51] Looking for 'find' - found /usr/bin/find
[15:11:51] Looking for 'grep' - found /usr/bin/grep
[15:11:51] Looking for 'hmmpress' - found /home/diego/miniconda3/envs/prokka_env/bin/hmmpress
[15:11:51] Determined hmmpress version is 003003 from '# HMMER 3.3.2 (Nov 2020); http://hmmer.org/'
[15:11:51] Looking for 'hmmscan' - found /home/diego/miniconda3/envs/prokka_env/bin/hmmscan
[15:11:51] Determined hmmscan version is 003003 from '# HMMER 3.3.2 (Nov 2020); http://hmmer.org/'
[15:11:51] Looking for 'java' - found /home/diego/miniconda3/envs/prokka_env/bin/java
[15:11:51] Looking for 'makeblastdb' - found /home/diego/miniconda3/envs/prokka_env/bin/makeblastdb
[15:11:51] Determined makeblastdb version is 002010 from 'makeblastdb: 2.10.1+'
[15:11:51] Looking for 'minced' - found /home/diego/miniconda3/envs/prokka_env/bin/minced
[15:11:52] Determined minced version is 004002 from 'minced 0.4.2'
[15:11:52] Looking for 'parallel' - found /home/diego/miniconda3/envs/prokka_env/bin/parallel
[15:11:52] Determined parallel version is 20201122 from 'GNU parallel 20201122'
[15:11:52] Looking for 'prodigal' - found /home/diego/miniconda3/envs/prokka_env/bin/prodigal
[15:11:52] Determined prodigal version is 002006 from 'Prodigal V2.6.3: February, 2016'
[15:11:52] Looking for 'prokka-genbank_to_fasta_db' - found /home/diego/miniconda3/envs/prokka_env/bin/prokka-genbank_to_fasta_db
[15:11:52] Looking for 'rnammer' - found /home/diego/rnammer-1.2.src/rnammer
[15:11:52] Determined rnammer version is 001002 from 'This rnammer 1.2, running from '/home/diego/rnammer-1.2.src/''
[15:11:52] Looking for 'sed' - found /usr/bin/sed
[15:11:52] Looking for 'tbl2asn' - found /home/diego/tbl2asn
[15:11:52] Determined tbl2asn version is 025008 from 'tbl2asn 25.8   arguments:'
[15:11:52] Using genetic code table 11.
[15:11:52] Loading and checking input file: SMDICPAN5.fasta
[15:11:52] Wrote 1 contigs totalling 142691 bp.
[15:11:52] Predicting tRNAs and tmRNAs
[15:11:52] Running: aragorn -l -gc11  -w prokka_SMDICPAN5_pseudofinder\/SMDICPAN5\.fna
[15:11:52] 1 tRNA-Met [9058,9132] 35 (cat)
[15:11:52] 2 tRNA-Asn c[12580,12656] 36 (gtt)
[15:11:52] 3 tRNA-Cys c[17885,17955] 33 (gca)
[15:11:52] 4 tmRNA c[21246,21502] 98,124 GKNYSLAA*
[15:11:52] 5 tRNA-Met c[22111,22186] 36 (cat)
[15:11:52] 6 tRNA-Leu [25407,25491] 35 (tag)
[15:11:52] 7 tRNA-Ser [30074,30156] 35 (gct)
[15:11:52] 8 tRNA-Pro [30163,30237] 36 (tgg)
[15:11:52] 9 tRNA-Arg [30241,30313] 34 (tct)
[15:11:52] 10 tRNA-Ser c[35527,35613] 36 (tga)
[15:11:52] 11 tRNA-Lys [39320,39392] 34 (ttt)
[15:11:52] 12 tRNA-Asp c[39398,39471] 35 (gtc)
[15:11:52] 13 tRNA-Val c[43360,43434] 36 (tac)
[15:11:52] 14 tRNA-Leu c[56679,56760] 34 (taa)
[15:11:52] 15 tRNA-Gly c[56766,56838] 34 (gcc)
[15:11:52] 16 tRNA-Ala c[65435,65508] 35 (tgc)
[15:11:52] 17 tRNA-Ile c[65513,65586] 35 (gat)
[15:11:52] 18 tRNA-Thr [69413,69486] 35 (tgt)
[15:11:52] 19 tRNA-Tyr [69496,69577] 35 (gta)
[15:11:52] 20 tRNA-Gly [69582,69653] 34 (tcc)
[15:11:52] 21 tRNA-Thr [69661,69735] 35 (ggt)
[15:11:52] 22 tRNA-Trp [70945,71018] 35 (cca)
[15:11:52] 23 tRNA-His [82690,82765] 36 (gtg)
[15:11:52] 24 tRNA-Phe c[84634,84707] 36 (gaa)
[15:11:52] 25 tRNA-Leu c[97007,97080] 35 (gag)
[15:11:52] 26 tRNA-Glu c[108058,108129] 34 (ttc)
[15:11:52] 27 tRNA-Gln [108494,108564] 33 (ttg)
[15:11:52] 28 tRNA-Arg c[133052,133125] 35 (acg)
[15:11:52] Found 28 tRNAs
[15:11:52] Predicting Ribosomal RNAs
[15:11:52] Running Barrnap with 8 threads
[15:11:52] 1 gnl|Prokka|SMDICPAN5_1 62380 5S ribosomal RNA
[15:11:52] 2 gnl|Prokka|SMDICPAN5_1 62546 23S ribosomal RNA
[15:11:52] 3 gnl|Prokka|SMDICPAN5_1 65590 16S ribosomal RNA
[15:11:52] Found 3 rRNAs
[15:11:52] Scanning for ncRNAs... please be patient.
[15:11:52] Running: cmscan -Z 0.285382 --cut_ga --rfam --nohmmonly --fmt 2 --cpu 8 --tblout /dev/stdout -o /dev/null --noali /home/diego/miniconda3/envs/prokka_env/db/cm/Bacteria prokka_SMDICPAN5_pseudofinder\/SMDICPAN5\.fna
[15:11:58] 1 ncRNA 1 gnl|Prokka|SMDICPAN5_1 1..367
[15:11:58] Found 1 ncRNAs.
[15:11:58] Total of 30 tRNA + rRNA features
[15:11:58] Searching for CRISPR repeats
[15:11:58] Found 0 CRISPRs
[15:11:58] Predicting coding sequences
[15:11:58] Contigs total 142691 bp, so using single mode
[15:11:58] Running: prodigal -i prokka_SMDICPAN5_pseudofinder\/SMDICPAN5\.fna -c -m -g 11 -p single -f sco -q
[15:11:58] Found 148 CDS
[15:11:58] Connecting features back to sequences
[15:11:58] Not using genus-specific database. Try --usegenus to enable it.
[15:11:58] Annotating CDS, please be patient.
[15:11:58] Will use 8 CPUs for similarity searching.
[15:11:58] There are still 148 unannotated CDS left (started with 148)
[15:11:58] Will use blast to search against /home/diego/miniconda3/envs/prokka_env/db/kingdom/Bacteria/IS with 8 CPUs
[15:11:58] Running: cat prokka_SMDICPAN5_pseudofinder\/SMDICPAN5\.IS\.tmp\.20719\.faa | parallel --gnu --plain -j 8 --block 2754 --recstart '>' --pipe blastp -query - -db /home/diego/miniconda3/envs/prokka_env/db/kingdom/Bacteria/IS -evalue 1e-30 -qcov_hsp_perc 90 -num_threads 1 -num_descriptions 1 -num_alignments 1 -seg no > prokka_SMDICPAN5_pseudofinder\/SMDICPAN5\.IS\.tmp\.20719\.blast 2> /dev/null
[15:11:59] Deleting unwanted file: prokka_SMDICPAN5_pseudofinder/SMDICPAN5.IS.tmp.20719.faa
[15:11:59] Deleting unwanted file: prokka_SMDICPAN5_pseudofinder/SMDICPAN5.IS.tmp.20719.blast
[15:11:59] There are still 148 unannotated CDS left (started with 148)
[15:11:59] Will use blast to search against /home/diego/miniconda3/envs/prokka_env/db/kingdom/Bacteria/AMR with 8 CPUs
[15:11:59] Running: cat prokka_SMDICPAN5_pseudofinder\/SMDICPAN5\.AMR\.tmp\.20719\.faa | parallel --gnu --plain -j 8 --block 2754 --recstart '>' --pipe blastp -query - -db /home/diego/miniconda3/envs/prokka_env/db/kingdom/Bacteria/AMR -evalue 9.99999999999999e-301 -qcov_hsp_perc 90 -num_threads 1 -num_descriptions 1 -num_alignments 1 -seg no > prokka_SMDICPAN5_pseudofinder\/SMDICPAN5\.AMR\.tmp\.20719\.blast 2> /dev/null
[15:12:00] Deleting unwanted file: prokka_SMDICPAN5_pseudofinder/SMDICPAN5.AMR.tmp.20719.faa
[15:12:00] Deleting unwanted file: prokka_SMDICPAN5_pseudofinder/SMDICPAN5.AMR.tmp.20719.blast
[15:12:00] There are still 148 unannotated CDS left (started with 148)
[15:12:00] Will use blast to search against /home/diego/miniconda3/envs/prokka_env/db/kingdom/Bacteria/sprot with 8 CPUs
[15:12:00] Running: cat prokka_SMDICPAN5_pseudofinder\/SMDICPAN5\.sprot\.tmp\.20719\.faa | parallel --gnu --plain -j 8 --block 2754 --recstart '>' --pipe blastp -query - -db /home/diego/miniconda3/envs/prokka_env/db/kingdom/Bacteria/sprot -evalue 1e-09 -qcov_hsp_perc 80 -num_threads 1 -num_descriptions 1 -num_alignments 1 -seg no > prokka_SMDICPAN5_pseudofinder\/SMDICPAN5\.sprot\.tmp\.20719\.blast 2> /dev/null
[15:12:03] Modify product: Probable ATP-dependent transporter SufC => putative ATP-dependent transporter SufC
[15:12:03] Cleaned 1 /product names
[15:12:03] Deleting unwanted file: prokka_SMDICPAN5_pseudofinder/SMDICPAN5.sprot.tmp.20719.faa
[15:12:03] Deleting unwanted file: prokka_SMDICPAN5_pseudofinder/SMDICPAN5.sprot.tmp.20719.blast
[15:12:03] There are still 35 unannotated CDS left (started with 148)
[15:12:03] Will use hmmer3 to search against /home/diego/miniconda3/envs/prokka_env/db/hmm/HAMAP.hmm with 8 CPUs
[15:12:03] Running: cat prokka_SMDICPAN5_pseudofinder\/SMDICPAN5\.HAMAP\.hmm\.tmp\.20719\.faa | parallel --gnu --plain -j 8 --block 344 --recstart '>' --pipe hmmscan --noali --notextw --acc -E 1e-09 --cpu 1 /home/diego/miniconda3/envs/prokka_env/db/hmm/HAMAP.hmm /dev/stdin > prokka_SMDICPAN5_pseudofinder\/SMDICPAN5\.HAMAP\.hmm\.tmp\.20719\.hmmer3 2> /dev/null
[15:12:03] Deleting unwanted file: prokka_SMDICPAN5_pseudofinder/SMDICPAN5.HAMAP.hmm.tmp.20719.faa
[15:12:03] Deleting unwanted file: prokka_SMDICPAN5_pseudofinder/SMDICPAN5.HAMAP.hmm.tmp.20719.hmmer3
[15:12:03] Labelling remaining 29 proteins as 'hypothetical protein'
[15:12:03] Possible /pseudo 'tRNA uridine 5-carboxymethylaminomethyl modification enzyme MnmG' at gnl|Prokka|SMDICPAN5_1 position 16195
[15:12:03] Possible /pseudo 'Tryptophan--tRNA ligase' at gnl|Prokka|SMDICPAN5_1 position 24553
[15:12:03] Possible /pseudo 'DNA mismatch repair protein MutS' at gnl|Prokka|SMDICPAN5_1 position 58098
[15:12:03] Found 115 unique /gene codes.
[15:12:03] Fixed 2 duplicate /gene - trpS_1 trpS_2
[15:12:03] Fixed 2 duplicate /gene - mnmG_1 mnmG_2
[15:12:03] Fixed 2 duplicate /gene - mutS_1 mutS_2
[15:12:03] Fixed 3 colliding /gene names.
[15:12:03] Adding /locus_tag identifiers
[15:12:03] Assigned 180 locus_tags to CDS and RNA features.
[15:12:03] Writing outputs to prokka_SMDICPAN5_pseudofinder/
[15:12:03] Generating annotation statistics file
[15:12:03] Generating Genbank and Sequin files
[15:12:03] Running: tbl2asn -V b -a r10k -l paired-ends -M n -N 1 -y 'Annotated using prokka 1.14.6 from https://github.com/tseemann/prokka' -Z prokka_SMDICPAN5_pseudofinder\/SMDICPAN5\.err -i prokka_SMDICPAN5_pseudofinder\/SMDICPAN5\.fsa 2> /dev/null
[15:12:04] Deleting unwanted file: prokka_SMDICPAN5_pseudofinder/errorsummary.val
[15:12:04] Deleting unwanted file: prokka_SMDICPAN5_pseudofinder/SMDICPAN5.dr
[15:12:04] Deleting unwanted file: prokka_SMDICPAN5_pseudofinder/SMDICPAN5.fixedproducts
[15:12:04] Deleting unwanted file: prokka_SMDICPAN5_pseudofinder/SMDICPAN5.ecn
[15:12:04] Deleting unwanted file: prokka_SMDICPAN5_pseudofinder/SMDICPAN5.val
[15:12:04] Repairing broken .GBK output that tbl2asn produces...
[15:12:04] Running: sed 's/COORDINATES: profile/COORDINATES:profile/' < prokka_SMDICPAN5_pseudofinder\/SMDICPAN5\.gbf > prokka_SMDICPAN5_pseudofinder\/SMDICPAN5\.gbk
[15:12:04] Deleting unwanted file: prokka_SMDICPAN5_pseudofinder/SMDICPAN5.gbf
[15:12:04] Output files:
[15:12:04] prokka_SMDICPAN5_pseudofinder/SMDICPAN5.err
[15:12:04] prokka_SMDICPAN5_pseudofinder/SMDICPAN5.faa
[15:12:04] prokka_SMDICPAN5_pseudofinder/SMDICPAN5.txt
[15:12:04] prokka_SMDICPAN5_pseudofinder/SMDICPAN5.gbk
[15:12:04] prokka_SMDICPAN5_pseudofinder/SMDICPAN5.fna
[15:12:04] prokka_SMDICPAN5_pseudofinder/SMDICPAN5.tsv
[15:12:04] prokka_SMDICPAN5_pseudofinder/SMDICPAN5.log
[15:12:04] prokka_SMDICPAN5_pseudofinder/SMDICPAN5.tbl
[15:12:04] prokka_SMDICPAN5_pseudofinder/SMDICPAN5.sqn
[15:12:04] prokka_SMDICPAN5_pseudofinder/SMDICPAN5.gff
[15:12:04] prokka_SMDICPAN5_pseudofinder/SMDICPAN5.ffn
[15:12:04] prokka_SMDICPAN5_pseudofinder/SMDICPAN5.fsa
[15:12:04] Annotation finished successfully.
[15:12:04] Walltime used: 0.22 minutes
[15:12:04] If you use this result please cite the Prokka paper:
[15:12:04] Seemann T (2014) Prokka: rapid prokaryotic genome annotation. Bioinformatics. 30(14):2068-9.
[15:12:04] Type 'prokka --citation' for more details.
[15:12:04] Share and enjoy!
