Discrepancy Report Results

Summary
FATAL: MISSING_PROTEIN_ID:114 proteins have invalid IDs.
DISC_SOURCE_QUALS_ASNDISC:strain (all present, all unique)
DISC_SOURCE_QUALS_ASNDISC:taxname (all present, all unique)
DISC_FEATURE_COUNT:CDS: 114 present
DISC_FEATURE_COUNT:tRNA: 21 present
DISC_FEATURE_COUNT:rRNA: 2 present
DISC_COUNT_NUCLEOTIDES:1 nucleotide Bioseqs are present
FEATURE_LOCATION_CONFLICT:137 features have inconsistent gene locations.
DISC_QUALITY_SCORES:Quality scores are missing on all sequences.
ONCALLER_COMMENT_PRESENT:1 comment descriptors were found (all same)
SHORT_PROT_SEQUENCES:3 protein sequences are shorter than 50 aa.
MISSING_GENOMEASSEMBLY_COMMENTS:1 bioseqs are missing GenomeAssembly structured comments
MOLTYPE_NOT_MRNA:1 molecule types are not set as mRNA.
TECHNIQUE_NOT_TSA:1 technique are not set as TSA
MISSING_STRUCTURED_COMMENT:1 sequences do not include structured comments.
MISSING_PROJECT:115 sequences do not include project.
DISC_INCONSISTENT_MOLINFO_TECH:Molinfo Technique Report (some missing, all same)


Detailed Report

FATAL: DiscRep_ALL:MISSING_PROTEIN_ID::114 proteins have invalid IDs.
prokka_VFTETIMP/VFTETIMP:VFTETIMP_1 (length 128)
prokka_VFTETIMP/VFTETIMP:VFTETIMP_2 (length 213)
prokka_VFTETIMP/VFTETIMP:VFTETIMP_3 (length 148)
prokka_VFTETIMP/VFTETIMP:VFTETIMP_4 (length 119)
prokka_VFTETIMP/VFTETIMP:VFTETIMP_5 (length 1296)
prokka_VFTETIMP/VFTETIMP:VFTETIMP_6 (length 1301)
prokka_VFTETIMP/VFTETIMP:VFTETIMP_7 (length 131)
prokka_VFTETIMP/VFTETIMP:VFTETIMP_8 (length 157)
prokka_VFTETIMP/VFTETIMP:VFTETIMP_9 (length 684)
prokka_VFTETIMP/VFTETIMP:VFTETIMP_10 (length 98)
prokka_VFTETIMP/VFTETIMP:VFTETIMP_11 (length 112)
prokka_VFTETIMP/VFTETIMP:VFTETIMP_12 (length 231)
prokka_VFTETIMP/VFTETIMP:VFTETIMP_13 (length 368)
prokka_VFTETIMP/VFTETIMP:VFTETIMP_14 (length 127)
prokka_VFTETIMP/VFTETIMP:VFTETIMP_15 (length 111)
prokka_VFTETIMP/VFTETIMP:VFTETIMP_16 (length 267)
prokka_VFTETIMP/VFTETIMP:VFTETIMP_17 (length 211)
prokka_VFTETIMP/VFTETIMP:VFTETIMP_18 (length 515)
prokka_VFTETIMP/VFTETIMP:VFTETIMP_19 (length 166)
prokka_VFTETIMP/VFTETIMP:VFTETIMP_20 (length 186)
prokka_VFTETIMP/VFTETIMP:VFTETIMP_21 (length 375)
prokka_VFTETIMP/VFTETIMP:VFTETIMP_22 (length 432)
prokka_VFTETIMP/VFTETIMP:VFTETIMP_23 (length 232)
prokka_VFTETIMP/VFTETIMP:VFTETIMP_24 (length 302)
prokka_VFTETIMP/VFTETIMP:VFTETIMP_25 (length 46)
prokka_VFTETIMP/VFTETIMP:VFTETIMP_26 (length 64)
prokka_VFTETIMP/VFTETIMP:VFTETIMP_27 (length 740)
prokka_VFTETIMP/VFTETIMP:VFTETIMP_28 (length 272)
prokka_VFTETIMP/VFTETIMP:VFTETIMP_29 (length 377)
prokka_VFTETIMP/VFTETIMP:VFTETIMP_30 (length 267)
prokka_VFTETIMP/VFTETIMP:VFTETIMP_31 (length 196)
prokka_VFTETIMP/VFTETIMP:VFTETIMP_32 (length 91)
prokka_VFTETIMP/VFTETIMP:VFTETIMP_33 (length 166)
prokka_VFTETIMP/VFTETIMP:VFTETIMP_34 (length 483)
prokka_VFTETIMP/VFTETIMP:VFTETIMP_35 (length 301)
prokka_VFTETIMP/VFTETIMP:VFTETIMP_36 (length 474)
prokka_VFTETIMP/VFTETIMP:VFTETIMP_37 (length 998)
prokka_VFTETIMP/VFTETIMP:VFTETIMP_38 (length 56)
prokka_VFTETIMP/VFTETIMP:VFTETIMP_39 (length 243)
prokka_VFTETIMP/VFTETIMP:VFTETIMP_40 (length 346)
prokka_VFTETIMP/VFTETIMP:VFTETIMP_41 (length 50)
prokka_VFTETIMP/VFTETIMP:VFTETIMP_42 (length 85)
prokka_VFTETIMP/VFTETIMP:VFTETIMP_43 (length 72)
prokka_VFTETIMP/VFTETIMP:VFTETIMP_44 (length 151)
prokka_VFTETIMP/VFTETIMP:VFTETIMP_45 (length 188)
prokka_VFTETIMP/VFTETIMP:VFTETIMP_46 (length 266)
prokka_VFTETIMP/VFTETIMP:VFTETIMP_47 (length 346)
prokka_VFTETIMP/VFTETIMP:VFTETIMP_48 (length 199)
prokka_VFTETIMP/VFTETIMP:VFTETIMP_49 (length 407)
prokka_VFTETIMP/VFTETIMP:VFTETIMP_50 (length 321)
prokka_VFTETIMP/VFTETIMP:VFTETIMP_51 (length 197)
prokka_VFTETIMP/VFTETIMP:VFTETIMP_52 (length 198)
prokka_VFTETIMP/VFTETIMP:VFTETIMP_53 (length 236)
prokka_VFTETIMP/VFTETIMP:VFTETIMP_54 (length 248)
prokka_VFTETIMP/VFTETIMP:VFTETIMP_55 (length 97)
prokka_VFTETIMP/VFTETIMP:VFTETIMP_56 (length 87)
prokka_VFTETIMP/VFTETIMP:VFTETIMP_57 (length 53)
prokka_VFTETIMP/VFTETIMP:VFTETIMP_58 (length 152)
prokka_VFTETIMP/VFTETIMP:VFTETIMP_59 (length 177)
prokka_VFTETIMP/VFTETIMP:VFTETIMP_60 (length 312)
prokka_VFTETIMP/VFTETIMP:VFTETIMP_61 (length 351)
prokka_VFTETIMP/VFTETIMP:VFTETIMP_62 (length 262)
prokka_VFTETIMP/VFTETIMP:VFTETIMP_63 (length 360)
prokka_VFTETIMP/VFTETIMP:VFTETIMP_64 (length 428)
prokka_VFTETIMP/VFTETIMP:VFTETIMP_65 (length 391)
prokka_VFTETIMP/VFTETIMP:VFTETIMP_66 (length 409)
prokka_VFTETIMP/VFTETIMP:VFTETIMP_67 (length 59)
prokka_VFTETIMP/VFTETIMP:VFTETIMP_68 (length 101)
prokka_VFTETIMP/VFTETIMP:VFTETIMP_69 (length 436)
prokka_VFTETIMP/VFTETIMP:VFTETIMP_70 (length 619)
prokka_VFTETIMP/VFTETIMP:VFTETIMP_71 (length 424)
prokka_VFTETIMP/VFTETIMP:VFTETIMP_72 (length 394)
prokka_VFTETIMP/VFTETIMP:VFTETIMP_73 (length 360)
prokka_VFTETIMP/VFTETIMP:VFTETIMP_74 (length 45)
prokka_VFTETIMP/VFTETIMP:VFTETIMP_75 (length 199)
prokka_VFTETIMP/VFTETIMP:VFTETIMP_76 (length 340)
prokka_VFTETIMP/VFTETIMP:VFTETIMP_77 (length 619)
prokka_VFTETIMP/VFTETIMP:VFTETIMP_78 (length 146)
prokka_VFTETIMP/VFTETIMP:VFTETIMP_79 (length 316)
prokka_VFTETIMP/VFTETIMP:VFTETIMP_80 (length 333)
prokka_VFTETIMP/VFTETIMP:VFTETIMP_81 (length 195)
prokka_VFTETIMP/VFTETIMP:VFTETIMP_82 (length 224)
prokka_VFTETIMP/VFTETIMP:VFTETIMP_83 (length 249)
prokka_VFTETIMP/VFTETIMP:VFTETIMP_84 (length 135)
prokka_VFTETIMP/VFTETIMP:VFTETIMP_85 (length 121)
prokka_VFTETIMP/VFTETIMP:VFTETIMP_86 (length 82)
prokka_VFTETIMP/VFTETIMP:VFTETIMP_87 (length 108)
prokka_VFTETIMP/VFTETIMP:VFTETIMP_88 (length 266)
prokka_VFTETIMP/VFTETIMP:VFTETIMP_89 (length 136)
prokka_VFTETIMP/VFTETIMP:VFTETIMP_90 (length 199)
prokka_VFTETIMP/VFTETIMP:VFTETIMP_91 (length 60)
prokka_VFTETIMP/VFTETIMP:VFTETIMP_92 (length 264)
prokka_VFTETIMP/VFTETIMP:VFTETIMP_93 (length 87)
prokka_VFTETIMP/VFTETIMP:VFTETIMP_94 (length 105)
prokka_VFTETIMP/VFTETIMP:VFTETIMP_95 (length 213)
prokka_VFTETIMP/VFTETIMP:VFTETIMP_96 (length 139)
prokka_VFTETIMP/VFTETIMP:VFTETIMP_97 (length 76)
prokka_VFTETIMP/VFTETIMP:VFTETIMP_98 (length 121)
prokka_VFTETIMP/VFTETIMP:VFTETIMP_99 (length 183)
prokka_VFTETIMP/VFTETIMP:VFTETIMP_100 (length 100)
prokka_VFTETIMP/VFTETIMP:VFTETIMP_101 (length 123)
prokka_VFTETIMP/VFTETIMP:VFTETIMP_102 (length 177)
prokka_VFTETIMP/VFTETIMP:VFTETIMP_103 (length 110)
prokka_VFTETIMP/VFTETIMP:VFTETIMP_104 (length 143)
prokka_VFTETIMP/VFTETIMP:VFTETIMP_105 (length 115)
prokka_VFTETIMP/VFTETIMP:VFTETIMP_106 (length 71)
prokka_VFTETIMP/VFTETIMP:VFTETIMP_107 (length 37)
prokka_VFTETIMP/VFTETIMP:VFTETIMP_108 (length 127)
prokka_VFTETIMP/VFTETIMP:VFTETIMP_109 (length 113)
prokka_VFTETIMP/VFTETIMP:VFTETIMP_110 (length 185)
prokka_VFTETIMP/VFTETIMP:VFTETIMP_111 (length 208)
prokka_VFTETIMP/VFTETIMP:VFTETIMP_112 (length 101)
prokka_VFTETIMP/VFTETIMP:VFTETIMP_113 (length 383)
prokka_VFTETIMP/VFTETIMP:VFTETIMP_114 (length 143)

DiscRep_ALL:DISC_SOURCE_QUALS_ASNDISC::strain (all present, all unique)
DiscRep_SUB:DISC_SOURCE_QUALS_ASNDISC::1 sources have unique values for strain
DiscRep_ALL:DISC_SOURCE_QUALS_ASNDISC::taxname (all present, all unique)
DiscRep_SUB:DISC_SOURCE_QUALS_ASNDISC::1 sources have unique values for taxname
DiscRep_ALL:DISC_FEATURE_COUNT::CDS: 114 present
DiscRep_ALL:DISC_FEATURE_COUNT::tRNA: 21 present
DiscRep_ALL:DISC_FEATURE_COUNT::rRNA: 2 present
DiscRep_ALL:DISC_COUNT_NUCLEOTIDES::1 nucleotide Bioseqs are present
prokka_VFTETIMP/VFTETIMP:VFTETIMP (length 102823)

DiscRep_ALL:FEATURE_LOCATION_CONFLICT::137 features have inconsistent gene locations.
DiscRep_SUB:FEATURE_LOCATION_CONFLICT::Coding region xref gene does not exist
prokka_VFTETIMP/VFTETIMP:CDS	hypothetical protein	VFTETIMP:1258-1644	VFTETIMP_00002

DiscRep_SUB:FEATURE_LOCATION_CONFLICT::Coding region xref gene does not exist
prokka_VFTETIMP/VFTETIMP:CDS	hypothetical protein	VFTETIMP:1634-2275	VFTETIMP_00003

DiscRep_SUB:FEATURE_LOCATION_CONFLICT::Coding region xref gene does not exist
prokka_VFTETIMP/VFTETIMP:CDS	hypothetical protein	VFTETIMP:2268-2714	VFTETIMP_00004

DiscRep_SUB:FEATURE_LOCATION_CONFLICT::Coding region xref gene does not exist
prokka_VFTETIMP/VFTETIMP:CDS	50S ribosomal protein L7/L12	VFTETIMP:2692-3051	VFTETIMP_00005

DiscRep_SUB:FEATURE_LOCATION_CONFLICT::Coding region xref gene does not exist
prokka_VFTETIMP/VFTETIMP:CDS	DNA-directed RNA polymerase subunit beta	VFTETIMP:3048-6938	VFTETIMP_00006

DiscRep_SUB:FEATURE_LOCATION_CONFLICT::Coding region xref gene does not exist
prokka_VFTETIMP/VFTETIMP:CDS	DNA-directed RNA polymerase subunit beta'	VFTETIMP:6935-10840	VFTETIMP_00007

DiscRep_SUB:FEATURE_LOCATION_CONFLICT::Coding region xref gene does not exist
prokka_VFTETIMP/VFTETIMP:CDS	30S ribosomal protein S12	VFTETIMP:10837-11232	VFTETIMP_00008

DiscRep_SUB:FEATURE_LOCATION_CONFLICT::Coding region xref gene does not exist
prokka_VFTETIMP/VFTETIMP:CDS	30S ribosomal protein S7	VFTETIMP:11201-11674	VFTETIMP_00009

DiscRep_SUB:FEATURE_LOCATION_CONFLICT::Coding region xref gene does not exist
prokka_VFTETIMP/VFTETIMP:CDS	Elongation factor G	VFTETIMP:11674-13728	VFTETIMP_00010

DiscRep_SUB:FEATURE_LOCATION_CONFLICT::Coding region xref gene does not exist
prokka_VFTETIMP/VFTETIMP:CDS	30S ribosomal protein S10	VFTETIMP:13716-14012	VFTETIMP_00011

DiscRep_SUB:FEATURE_LOCATION_CONFLICT::Coding region xref gene does not exist
prokka_VFTETIMP/VFTETIMP:CDS	hypothetical protein	VFTETIMP:14509-14847	VFTETIMP_00013

DiscRep_SUB:FEATURE_LOCATION_CONFLICT::Coding region xref gene does not exist
prokka_VFTETIMP/VFTETIMP:CDS	Ribosomal RNA small subunit methyltransferase A	VFTETIMP:c15535-14840	VFTETIMP_00014

DiscRep_SUB:FEATURE_LOCATION_CONFLICT::Coding region xref gene does not exist
prokka_VFTETIMP/VFTETIMP:CDS	hypothetical protein	VFTETIMP:c16638-15532	VFTETIMP_00015

DiscRep_SUB:FEATURE_LOCATION_CONFLICT::Coding region xref gene does not exist
prokka_VFTETIMP/VFTETIMP:CDS	30S ribosomal protein S9	VFTETIMP:c17018-16635	VFTETIMP_00016

DiscRep_SUB:FEATURE_LOCATION_CONFLICT::Coding region xref gene does not exist
prokka_VFTETIMP/VFTETIMP:CDS	50S ribosomal protein L13	VFTETIMP:c17359-17024	VFTETIMP_00017

DiscRep_SUB:FEATURE_LOCATION_CONFLICT::Coding region xref gene does not exist
prokka_VFTETIMP/VFTETIMP:CDS	Diaminopimelate epimerase	VFTETIMP:c18149-17346	VFTETIMP_00018

DiscRep_SUB:FEATURE_LOCATION_CONFLICT::Coding region xref gene does not exist
prokka_VFTETIMP/VFTETIMP:CDS	hypothetical protein	VFTETIMP:c18785-18150	VFTETIMP_00019

DiscRep_SUB:FEATURE_LOCATION_CONFLICT::Coding region xref gene does not exist
prokka_VFTETIMP/VFTETIMP:CDS	Translation initiation factor IF-2	VFTETIMP:c20322-18775	VFTETIMP_00020

DiscRep_SUB:FEATURE_LOCATION_CONFLICT::Coding region xref gene does not exist
prokka_VFTETIMP/VFTETIMP:CDS	hypothetical protein	VFTETIMP:21312-21812	VFTETIMP_00022

DiscRep_SUB:FEATURE_LOCATION_CONFLICT::Coding region xref gene does not exist
prokka_VFTETIMP/VFTETIMP:CDS	Ribosomal RNA small subunit methyltransferase D	VFTETIMP:c22369-21809	VFTETIMP_00023

DiscRep_SUB:FEATURE_LOCATION_CONFLICT::Coding region xref gene does not exist
prokka_VFTETIMP/VFTETIMP:CDS	Cysteine desulfurase IscS	VFTETIMP:22455-23582	VFTETIMP_00024

DiscRep_SUB:FEATURE_LOCATION_CONFLICT::Coding region xref gene does not exist
prokka_VFTETIMP/VFTETIMP:CDS	Lysine--tRNA ligase	VFTETIMP:c24884-23586	VFTETIMP_00025

DiscRep_SUB:FEATURE_LOCATION_CONFLICT::Coding region xref gene does not exist
prokka_VFTETIMP/VFTETIMP:CDS	Peptide chain release factor RF2	VFTETIMP:c25589-24891	VFTETIMP_00026

DiscRep_SUB:FEATURE_LOCATION_CONFLICT::Coding region xref gene does not exist
prokka_VFTETIMP/VFTETIMP:CDS	4-hydroxy-tetrahydrodipicolinate synthase	VFTETIMP:c26475-25567	VFTETIMP_00027

DiscRep_SUB:FEATURE_LOCATION_CONFLICT::Coding region xref gene does not exist
prokka_VFTETIMP/VFTETIMP:CDS	hypothetical protein	VFTETIMP:c29012-28872	VFTETIMP_00029

DiscRep_SUB:FEATURE_LOCATION_CONFLICT::Coding region xref gene does not exist
prokka_VFTETIMP/VFTETIMP:CDS	hypothetical protein	VFTETIMP:c29188-28994	VFTETIMP_00030

DiscRep_SUB:FEATURE_LOCATION_CONFLICT::Coding region xref gene does not exist
prokka_VFTETIMP/VFTETIMP:CDS	5-methyltetrahydropteroyltriglutamate--homocysteine methyltransferase	VFTETIMP:29208-31430	VFTETIMP_00031

DiscRep_SUB:FEATURE_LOCATION_CONFLICT::Coding region xref gene does not exist
prokka_VFTETIMP/VFTETIMP:CDS	hypothetical protein	VFTETIMP:31636-32454	VFTETIMP_00032

DiscRep_SUB:FEATURE_LOCATION_CONFLICT::Coding region xref gene does not exist
prokka_VFTETIMP/VFTETIMP:CDS	Cystathionine beta-lyase	VFTETIMP:32451-33584	VFTETIMP_00033

DiscRep_SUB:FEATURE_LOCATION_CONFLICT::Coding region xref gene does not exist
prokka_VFTETIMP/VFTETIMP:CDS	Peptide chain release factor RF1	VFTETIMP:c34376-33573	VFTETIMP_00034

DiscRep_SUB:FEATURE_LOCATION_CONFLICT::Coding region xref gene does not exist
prokka_VFTETIMP/VFTETIMP:CDS	hypothetical protein	VFTETIMP:c34968-34378	VFTETIMP_00035

DiscRep_SUB:FEATURE_LOCATION_CONFLICT::Coding region xref gene does not exist
prokka_VFTETIMP/VFTETIMP:CDS	Anthranilate synthase component 1	VFTETIMP:c35404-35129	VFTETIMP_00036

DiscRep_SUB:FEATURE_LOCATION_CONFLICT::Coding region xref gene does not exist
prokka_VFTETIMP/VFTETIMP:CDS	hypothetical protein	VFTETIMP:c36239-35739	VFTETIMP_00037

DiscRep_SUB:FEATURE_LOCATION_CONFLICT::Coding region xref gene does not exist
prokka_VFTETIMP/VFTETIMP:CDS	Glutamyl-Q tRNA(Asp) synthetase	VFTETIMP:c37912-36461	VFTETIMP_00038

DiscRep_SUB:FEATURE_LOCATION_CONFLICT::Coding region xref gene does not exist
prokka_VFTETIMP/VFTETIMP:CDS	Homoserine kinase	VFTETIMP:c38819-37914	VFTETIMP_00039

DiscRep_SUB:FEATURE_LOCATION_CONFLICT::Coding region xref gene does not exist
prokka_VFTETIMP/VFTETIMP:CDS	RNA polymerase sigma factor RpoD	VFTETIMP:38846-40270	VFTETIMP_00040

DiscRep_SUB:FEATURE_LOCATION_CONFLICT::Coding region xref gene does not exist
prokka_VFTETIMP/VFTETIMP:CDS	DNA polymerase III subunit alpha	VFTETIMP:40468-43464	VFTETIMP_00041

DiscRep_SUB:FEATURE_LOCATION_CONFLICT::Coding region xref gene does not exist
prokka_VFTETIMP/VFTETIMP:CDS	30S ribosomal protein S15	VFTETIMP:43457-43627	VFTETIMP_00042

DiscRep_SUB:FEATURE_LOCATION_CONFLICT::Coding region xref gene does not exist
prokka_VFTETIMP/VFTETIMP:CDS	hypothetical protein	VFTETIMP:43702-44433	VFTETIMP_00043

DiscRep_SUB:FEATURE_LOCATION_CONFLICT::Coding region xref gene does not exist
prokka_VFTETIMP/VFTETIMP:CDS	Aspartate-semialdehyde dehydrogenase	VFTETIMP:44430-45470	VFTETIMP_00044

DiscRep_SUB:FEATURE_LOCATION_CONFLICT::Coding region xref gene does not exist
prokka_VFTETIMP/VFTETIMP:CDS	hypothetical protein	VFTETIMP:45472-45624	VFTETIMP_00045

DiscRep_SUB:FEATURE_LOCATION_CONFLICT::Coding region xref gene does not exist
prokka_VFTETIMP/VFTETIMP:CDS	hypothetical protein	VFTETIMP:45728-45985	VFTETIMP_00046

DiscRep_SUB:FEATURE_LOCATION_CONFLICT::Coding region xref gene does not exist
prokka_VFTETIMP/VFTETIMP:CDS	hypothetical protein	VFTETIMP:45966-46184	VFTETIMP_00047

DiscRep_SUB:FEATURE_LOCATION_CONFLICT::Coding region xref gene does not exist
prokka_VFTETIMP/VFTETIMP:CDS	Ribosomal RNA large subunit methyltransferase E	VFTETIMP:47110-47565	VFTETIMP_00051

DiscRep_SUB:FEATURE_LOCATION_CONFLICT::Coding region xref gene does not exist
prokka_VFTETIMP/VFTETIMP:CDS	ATP-dependent Clp protease proteolytic subunit	VFTETIMP:47555-48121	VFTETIMP_00052

DiscRep_SUB:FEATURE_LOCATION_CONFLICT::Coding region xref gene does not exist
prokka_VFTETIMP/VFTETIMP:CDS	hypothetical protein	VFTETIMP:49344-50144	VFTETIMP_00054

DiscRep_SUB:FEATURE_LOCATION_CONFLICT::Coding region xref gene does not exist
prokka_VFTETIMP/VFTETIMP:CDS	Holliday junction ATP-dependent DNA helicase RuvB	VFTETIMP:50116-51156	VFTETIMP_00055

DiscRep_SUB:FEATURE_LOCATION_CONFLICT::Coding region xref gene does not exist
prokka_VFTETIMP/VFTETIMP:CDS	ATP phosphoribosyltransferase	VFTETIMP:51311-51910	VFTETIMP_00056

DiscRep_SUB:FEATURE_LOCATION_CONFLICT::Coding region xref gene does not exist
prokka_VFTETIMP/VFTETIMP:CDS	Histidinol dehydrogenase	VFTETIMP:51907-53130	VFTETIMP_00057

DiscRep_SUB:FEATURE_LOCATION_CONFLICT::Coding region xref gene does not exist
prokka_VFTETIMP/VFTETIMP:CDS	Histidinol-phosphate aminotransferase 2	VFTETIMP:53117-54082	VFTETIMP_00058

DiscRep_SUB:FEATURE_LOCATION_CONFLICT::Coding region xref gene does not exist
prokka_VFTETIMP/VFTETIMP:CDS	Imidazoleglycerol-phosphate dehydratase	VFTETIMP:54079-54672	VFTETIMP_00059

DiscRep_SUB:FEATURE_LOCATION_CONFLICT::Coding region xref gene does not exist
prokka_VFTETIMP/VFTETIMP:CDS	Imidazole glycerol phosphate synthase subunit HisH	VFTETIMP:54672-55268	VFTETIMP_00060

DiscRep_SUB:FEATURE_LOCATION_CONFLICT::Coding region xref gene does not exist
prokka_VFTETIMP/VFTETIMP:CDS	Phosphoribosyl isomerase A	VFTETIMP:55265-55975	VFTETIMP_00061

DiscRep_SUB:FEATURE_LOCATION_CONFLICT::Coding region xref gene does not exist
prokka_VFTETIMP/VFTETIMP:CDS	Imidazole glycerol phosphate synthase subunit HisF	VFTETIMP:55965-56711	VFTETIMP_00062

DiscRep_SUB:FEATURE_LOCATION_CONFLICT::Coding region xref gene does not exist
prokka_VFTETIMP/VFTETIMP:CDS	Phosphoribosyl-AMP cyclohydrolase	VFTETIMP:56708-57001	VFTETIMP_00063

DiscRep_SUB:FEATURE_LOCATION_CONFLICT::Coding region xref gene does not exist
prokka_VFTETIMP/VFTETIMP:CDS	Histidine biosynthesis bifunctional protein HisIE	VFTETIMP:56982-57245	VFTETIMP_00064

DiscRep_SUB:FEATURE_LOCATION_CONFLICT::Coding region xref gene does not exist
prokka_VFTETIMP/VFTETIMP:CDS	hypothetical protein	VFTETIMP:c57887-57726	VFTETIMP_00067

DiscRep_SUB:FEATURE_LOCATION_CONFLICT::Coding region xref gene does not exist
prokka_VFTETIMP/VFTETIMP:CDS	Translation initiation factor IF-3	VFTETIMP:c58326-57868	VFTETIMP_00068

DiscRep_SUB:FEATURE_LOCATION_CONFLICT::Coding region xref gene does not exist
prokka_VFTETIMP/VFTETIMP:CDS	hypothetical protein	VFTETIMP:c60668-60135	VFTETIMP_00073

DiscRep_SUB:FEATURE_LOCATION_CONFLICT::Coding region xref gene does not exist
prokka_VFTETIMP/VFTETIMP:CDS	hypothetical protein	VFTETIMP:c61603-60665	VFTETIMP_00074

DiscRep_SUB:FEATURE_LOCATION_CONFLICT::Coding region xref gene does not exist
prokka_VFTETIMP/VFTETIMP:CDS	Aspartate aminotransferase	VFTETIMP:61641-62696	VFTETIMP_00075

DiscRep_SUB:FEATURE_LOCATION_CONFLICT::Coding region xref gene does not exist
prokka_VFTETIMP/VFTETIMP:CDS	2,3,4,5-tetrahydropyridine-2,6-dicarboxylate N-succinyltransferase	VFTETIMP:62675-63463	VFTETIMP_00076

DiscRep_SUB:FEATURE_LOCATION_CONFLICT::Coding region xref gene does not exist
prokka_VFTETIMP/VFTETIMP:CDS	Succinyl-diaminopimelate desuccinylase	VFTETIMP:63456-64538	VFTETIMP_00077

DiscRep_SUB:FEATURE_LOCATION_CONFLICT::Coding region xref gene does not exist
prokka_VFTETIMP/VFTETIMP:CDS	Threonine synthase	VFTETIMP:c65821-64535	VFTETIMP_00078

DiscRep_SUB:FEATURE_LOCATION_CONFLICT::Coding region xref gene does not exist
prokka_VFTETIMP/VFTETIMP:CDS	hypothetical protein	VFTETIMP:c66993-65818	VFTETIMP_00079

DiscRep_SUB:FEATURE_LOCATION_CONFLICT::Coding region xref gene does not exist
prokka_VFTETIMP/VFTETIMP:CDS	DNA repair protein RadA	VFTETIMP:c68212-66983	VFTETIMP_00080

DiscRep_SUB:FEATURE_LOCATION_CONFLICT::Coding region xref gene does not exist
prokka_VFTETIMP/VFTETIMP:CDS	hypothetical protein	VFTETIMP:c68384-68205	VFTETIMP_00081

DiscRep_SUB:FEATURE_LOCATION_CONFLICT::Coding region xref gene does not exist
prokka_VFTETIMP/VFTETIMP:CDS	hypothetical protein	VFTETIMP:c68686-68381	VFTETIMP_00082

DiscRep_SUB:FEATURE_LOCATION_CONFLICT::Coding region xref gene does not exist
prokka_VFTETIMP/VFTETIMP:CDS	tRNA modification GTPase MnmE	VFTETIMP:69089-70399	VFTETIMP_00085

DiscRep_SUB:FEATURE_LOCATION_CONFLICT::Coding region xref gene does not exist
prokka_VFTETIMP/VFTETIMP:CDS	tRNA uridine 5-carboxymethylaminomethyl modification enzyme MnmG	VFTETIMP:70399-72258	VFTETIMP_00086

DiscRep_SUB:FEATURE_LOCATION_CONFLICT::Coding region xref gene does not exist
prokka_VFTETIMP/VFTETIMP:CDS	3-phosphoshikimate 1-carboxyvinyltransferase	VFTETIMP:72292-73566	VFTETIMP_00087

DiscRep_SUB:FEATURE_LOCATION_CONFLICT::Coding region xref gene does not exist
prokka_VFTETIMP/VFTETIMP:CDS	hypothetical protein	VFTETIMP:73563-74747	VFTETIMP_00088

DiscRep_SUB:FEATURE_LOCATION_CONFLICT::Coding region xref gene does not exist
prokka_VFTETIMP/VFTETIMP:CDS	hypothetical protein	VFTETIMP:c75826-74744	VFTETIMP_00089

DiscRep_SUB:FEATURE_LOCATION_CONFLICT::Coding region xref gene does not exist
prokka_VFTETIMP/VFTETIMP:CDS	50S ribosomal protein L34	VFTETIMP:75827-75964	VFTETIMP_00090

DiscRep_SUB:FEATURE_LOCATION_CONFLICT::Coding region xref gene does not exist
prokka_VFTETIMP/VFTETIMP:CDS	hypothetical protein	VFTETIMP:75957-76556	VFTETIMP_00091

DiscRep_SUB:FEATURE_LOCATION_CONFLICT::Coding region xref gene does not exist
prokka_VFTETIMP/VFTETIMP:CDS	Chaperone protein DnaJ	VFTETIMP:c77570-76548	VFTETIMP_00092

DiscRep_SUB:FEATURE_LOCATION_CONFLICT::Coding region xref gene does not exist
prokka_VFTETIMP/VFTETIMP:CDS	Chaperone protein DnaK	VFTETIMP:c79422-77563	VFTETIMP_00093

DiscRep_SUB:FEATURE_LOCATION_CONFLICT::Coding region xref gene does not exist
prokka_VFTETIMP/VFTETIMP:CDS	Protein GrpE	VFTETIMP:c79811-79371	VFTETIMP_00094

DiscRep_SUB:FEATURE_LOCATION_CONFLICT::Coding region xref gene does not exist
prokka_VFTETIMP/VFTETIMP:CDS	Phospho-2-dehydro-3-deoxyheptonate aldolase, Phe-sensitive	VFTETIMP:79846-80796	VFTETIMP_00095

DiscRep_SUB:FEATURE_LOCATION_CONFLICT::Coding region xref gene does not exist
prokka_VFTETIMP/VFTETIMP:CDS	tRNA-specific 2-thiouridylase MnmA	VFTETIMP:c81768-80767	VFTETIMP_00096

DiscRep_SUB:FEATURE_LOCATION_CONFLICT::Coding region xref gene does not exist
prokka_VFTETIMP/VFTETIMP:CDS	hypothetical protein	VFTETIMP:c82357-81770	VFTETIMP_00097

DiscRep_SUB:FEATURE_LOCATION_CONFLICT::Coding region xref gene does not exist
prokka_VFTETIMP/VFTETIMP:CDS	4-hydroxy-tetrahydrodipicolinate reductase	VFTETIMP:c83058-82384	VFTETIMP_00098

DiscRep_SUB:FEATURE_LOCATION_CONFLICT::Coding region xref gene does not exist
prokka_VFTETIMP/VFTETIMP:CDS	Shikimate dehydrogenase (NADP(+))	VFTETIMP:c83804-83055	VFTETIMP_00099

DiscRep_SUB:FEATURE_LOCATION_CONFLICT::Coding region xref gene does not exist
prokka_VFTETIMP/VFTETIMP:CDS	3-dehydroquinate dehydratase	VFTETIMP:83833-84240	VFTETIMP_00100

DiscRep_SUB:FEATURE_LOCATION_CONFLICT::Coding region xref gene does not exist
prokka_VFTETIMP/VFTETIMP:CDS	hypothetical protein	VFTETIMP:c84591-84226	VFTETIMP_00101

DiscRep_SUB:FEATURE_LOCATION_CONFLICT::Coding region xref gene does not exist
prokka_VFTETIMP/VFTETIMP:CDS	50S ribosomal protein L27	VFTETIMP:c84829-84581	VFTETIMP_00102

DiscRep_SUB:FEATURE_LOCATION_CONFLICT::Coding region xref gene does not exist
prokka_VFTETIMP/VFTETIMP:CDS	hypothetical protein	VFTETIMP:c85134-84808	VFTETIMP_00103

DiscRep_SUB:FEATURE_LOCATION_CONFLICT::Coding region xref gene does not exist
prokka_VFTETIMP/VFTETIMP:CDS	Ribosomal RNA small subunit methyltransferase H	VFTETIMP:c85931-85131	VFTETIMP_00104

DiscRep_SUB:FEATURE_LOCATION_CONFLICT::Coding region xref gene does not exist
prokka_VFTETIMP/VFTETIMP:CDS	hypothetical protein	VFTETIMP:90590-91000	VFTETIMP_00109

DiscRep_SUB:FEATURE_LOCATION_CONFLICT::Coding region xref gene does not exist
prokka_VFTETIMP/VFTETIMP:CDS	50S ribosomal protein L4	VFTETIMP:90993-91592	VFTETIMP_00110

DiscRep_SUB:FEATURE_LOCATION_CONFLICT::Coding region xref gene does not exist
prokka_VFTETIMP/VFTETIMP:CDS	hypothetical protein	VFTETIMP:91585-91767	VFTETIMP_00111

DiscRep_SUB:FEATURE_LOCATION_CONFLICT::Coding region xref gene does not exist
prokka_VFTETIMP/VFTETIMP:CDS	50S ribosomal protein L2	VFTETIMP:91764-92558	VFTETIMP_00112

DiscRep_SUB:FEATURE_LOCATION_CONFLICT::Coding region xref gene does not exist
prokka_VFTETIMP/VFTETIMP:CDS	30S ribosomal protein S19	VFTETIMP:92542-92805	VFTETIMP_00113

DiscRep_SUB:FEATURE_LOCATION_CONFLICT::Coding region xref gene does not exist
prokka_VFTETIMP/VFTETIMP:CDS	hypothetical protein	VFTETIMP:92802-93119	VFTETIMP_00114

DiscRep_SUB:FEATURE_LOCATION_CONFLICT::Coding region xref gene does not exist
prokka_VFTETIMP/VFTETIMP:CDS	30S ribosomal protein S3	VFTETIMP:93119-93760	VFTETIMP_00115

DiscRep_SUB:FEATURE_LOCATION_CONFLICT::Coding region xref gene does not exist
prokka_VFTETIMP/VFTETIMP:CDS	50S ribosomal protein L16	VFTETIMP:93723-94142	VFTETIMP_00116

DiscRep_SUB:FEATURE_LOCATION_CONFLICT::Coding region xref gene does not exist
prokka_VFTETIMP/VFTETIMP:CDS	hypothetical protein	VFTETIMP:94143-94373	VFTETIMP_00117

DiscRep_SUB:FEATURE_LOCATION_CONFLICT::Coding region xref gene does not exist
prokka_VFTETIMP/VFTETIMP:CDS	50S ribosomal protein L14	VFTETIMP:94370-94735	VFTETIMP_00118

DiscRep_SUB:FEATURE_LOCATION_CONFLICT::Coding region xref gene does not exist
prokka_VFTETIMP/VFTETIMP:CDS	50S ribosomal protein L5	VFTETIMP:94725-95276	VFTETIMP_00119

DiscRep_SUB:FEATURE_LOCATION_CONFLICT::Coding region xref gene does not exist
prokka_VFTETIMP/VFTETIMP:CDS	30S ribosomal protein S14	VFTETIMP:95276-95578	VFTETIMP_00120

DiscRep_SUB:FEATURE_LOCATION_CONFLICT::Coding region xref gene does not exist
prokka_VFTETIMP/VFTETIMP:CDS	hypothetical protein	VFTETIMP:95578-95949	VFTETIMP_00121

DiscRep_SUB:FEATURE_LOCATION_CONFLICT::Coding region xref gene does not exist
prokka_VFTETIMP/VFTETIMP:CDS	hypothetical protein	VFTETIMP:95942-96475	VFTETIMP_00122

DiscRep_SUB:FEATURE_LOCATION_CONFLICT::Coding region xref gene does not exist
prokka_VFTETIMP/VFTETIMP:CDS	hypothetical protein	VFTETIMP:96438-96770	VFTETIMP_00123

DiscRep_SUB:FEATURE_LOCATION_CONFLICT::Coding region xref gene does not exist
prokka_VFTETIMP/VFTETIMP:CDS	30S ribosomal protein S5	VFTETIMP:96774-97205	VFTETIMP_00124

DiscRep_SUB:FEATURE_LOCATION_CONFLICT::Coding region xref gene does not exist
prokka_VFTETIMP/VFTETIMP:CDS	50S ribosomal protein L15	VFTETIMP:97198-97545	VFTETIMP_00125

DiscRep_SUB:FEATURE_LOCATION_CONFLICT::Coding region xref gene does not exist
prokka_VFTETIMP/VFTETIMP:CDS	Translation initiation factor IF-1	VFTETIMP:97535-97750	VFTETIMP_00126

DiscRep_SUB:FEATURE_LOCATION_CONFLICT::Coding region xref gene does not exist
prokka_VFTETIMP/VFTETIMP:CDS	50S ribosomal protein L36	VFTETIMP:97747-97860	VFTETIMP_00127

DiscRep_SUB:FEATURE_LOCATION_CONFLICT::Coding region xref gene does not exist
prokka_VFTETIMP/VFTETIMP:CDS	30S ribosomal protein S13	VFTETIMP:97824-98207	VFTETIMP_00128

DiscRep_SUB:FEATURE_LOCATION_CONFLICT::Coding region xref gene does not exist
prokka_VFTETIMP/VFTETIMP:CDS	30S ribosomal protein S11	VFTETIMP:98204-98545	VFTETIMP_00129

DiscRep_SUB:FEATURE_LOCATION_CONFLICT::Coding region xref gene does not exist
prokka_VFTETIMP/VFTETIMP:CDS	hypothetical protein	VFTETIMP:98546-99103	VFTETIMP_00130

DiscRep_SUB:FEATURE_LOCATION_CONFLICT::Coding region xref gene does not exist
prokka_VFTETIMP/VFTETIMP:CDS	DNA-directed RNA polymerase subunit alpha	VFTETIMP:99090-99716	VFTETIMP_00131

DiscRep_SUB:FEATURE_LOCATION_CONFLICT::Coding region xref gene does not exist
prokka_VFTETIMP/VFTETIMP:CDS	hypothetical protein	VFTETIMP:99706-100011	VFTETIMP_00132

DiscRep_SUB:FEATURE_LOCATION_CONFLICT::Coding region xref gene does not exist
prokka_VFTETIMP/VFTETIMP:CDS	Diaminopimelate decarboxylase	VFTETIMP:c101152-100001	VFTETIMP_00133

DiscRep_SUB:FEATURE_LOCATION_CONFLICT::Coding region xref gene does not exist
prokka_VFTETIMP/VFTETIMP:CDS	hypothetical protein	VFTETIMP:101154-101585	VFTETIMP_00134

DiscRep_SUB:FEATURE_LOCATION_CONFLICT::RNA feature xref gene does not exist
prokka_VFTETIMP/VFTETIMP:tRNA	Trp	VFTETIMP:1178-1251	VFTETIMP_00001

DiscRep_SUB:FEATURE_LOCATION_CONFLICT::RNA feature xref gene does not exist
prokka_VFTETIMP/VFTETIMP:tRNA	Phe	VFTETIMP:14428-14500	VFTETIMP_00012

DiscRep_SUB:FEATURE_LOCATION_CONFLICT::RNA feature xref gene does not exist
prokka_VFTETIMP/VFTETIMP:tRNA	Gln	VFTETIMP:20355-20428	VFTETIMP_00021

DiscRep_SUB:FEATURE_LOCATION_CONFLICT::RNA feature xref gene does not exist
prokka_VFTETIMP/VFTETIMP:tRNA	Ser	VFTETIMP:28577-28660	VFTETIMP_00028

DiscRep_SUB:FEATURE_LOCATION_CONFLICT::RNA feature xref gene does not exist
prokka_VFTETIMP/VFTETIMP:tRNA	Asn	VFTETIMP:c46256-46185	VFTETIMP_00048

DiscRep_SUB:FEATURE_LOCATION_CONFLICT::RNA feature xref gene does not exist
prokka_VFTETIMP/VFTETIMP:tRNA	Cys	VFTETIMP:c46437-46363	VFTETIMP_00049

DiscRep_SUB:FEATURE_LOCATION_CONFLICT::RNA feature xref gene does not exist
prokka_VFTETIMP/VFTETIMP:tRNA	Gly	VFTETIMP:c46508-46437	VFTETIMP_00050

DiscRep_SUB:FEATURE_LOCATION_CONFLICT::RNA feature xref gene does not exist
prokka_VFTETIMP/VFTETIMP:tRNA	Val	VFTETIMP:49269-49340	VFTETIMP_00053

DiscRep_SUB:FEATURE_LOCATION_CONFLICT::RNA feature xref gene does not exist
prokka_VFTETIMP/VFTETIMP:tRNA	His	VFTETIMP:57250-57322	VFTETIMP_00065

DiscRep_SUB:FEATURE_LOCATION_CONFLICT::RNA feature xref gene does not exist
prokka_VFTETIMP/VFTETIMP:tRNA	Lys	VFTETIMP:c57395-57321	VFTETIMP_00066

DiscRep_SUB:FEATURE_LOCATION_CONFLICT::RNA feature xref gene does not exist
prokka_VFTETIMP/VFTETIMP:tRNA	Val	VFTETIMP:c58411-58337	VFTETIMP_00069

DiscRep_SUB:FEATURE_LOCATION_CONFLICT::RNA feature xref gene does not exist
prokka_VFTETIMP/VFTETIMP:tRNA	Arg	VFTETIMP:c59543-59469	VFTETIMP_00070

DiscRep_SUB:FEATURE_LOCATION_CONFLICT::RNA feature xref gene does not exist
prokka_VFTETIMP/VFTETIMP:tRNA	Met	VFTETIMP:c59737-59663	VFTETIMP_00071

DiscRep_SUB:FEATURE_LOCATION_CONFLICT::RNA feature xref gene does not exist
prokka_VFTETIMP/VFTETIMP:tRNA	Pro	VFTETIMP:59777-59848	VFTETIMP_00072

DiscRep_SUB:FEATURE_LOCATION_CONFLICT::RNA feature xref gene does not exist
prokka_VFTETIMP/VFTETIMP:tRNA	Asp	VFTETIMP:c68976-68901	VFTETIMP_00083

DiscRep_SUB:FEATURE_LOCATION_CONFLICT::RNA feature xref gene does not exist
prokka_VFTETIMP/VFTETIMP:tRNA	Glu	VFTETIMP:c69049-68979	VFTETIMP_00084

DiscRep_SUB:FEATURE_LOCATION_CONFLICT::RNA feature xref gene does not exist
prokka_VFTETIMP/VFTETIMP:tRNA	Ala	VFTETIMP:c86004-85933	VFTETIMP_00105

DiscRep_SUB:FEATURE_LOCATION_CONFLICT::RNA feature xref gene does not exist
prokka_VFTETIMP/VFTETIMP:rRNA	23S ribosomal RNA	VFTETIMP:c88874-86150	VFTETIMP_00106

DiscRep_SUB:FEATURE_LOCATION_CONFLICT::RNA feature xref gene does not exist
prokka_VFTETIMP/VFTETIMP:tRNA	Ile	VFTETIMP:c88964-88893	VFTETIMP_00107

DiscRep_SUB:FEATURE_LOCATION_CONFLICT::RNA feature xref gene does not exist
prokka_VFTETIMP/VFTETIMP:rRNA	16S ribosomal RNA	VFTETIMP:c90460-88980	VFTETIMP_00108

DiscRep_SUB:FEATURE_LOCATION_CONFLICT::RNA feature xref gene does not exist
prokka_VFTETIMP/VFTETIMP:tRNA	Met	VFTETIMP:102583-102654	VFTETIMP_00135

DiscRep_SUB:FEATURE_LOCATION_CONFLICT::RNA feature xref gene does not exist
prokka_VFTETIMP/VFTETIMP:tRNA	Tyr	VFTETIMP:102657-102743	VFTETIMP_00136

DiscRep_SUB:FEATURE_LOCATION_CONFLICT::RNA feature xref gene does not exist
prokka_VFTETIMP/VFTETIMP:tRNA	Gly	VFTETIMP:102745-102815	VFTETIMP_00137

DiscRep_ALL:DISC_QUALITY_SCORES::Quality scores are missing on all sequences.

DiscRep_ALL:ONCALLER_COMMENT_PRESENT::1 comment descriptors were found (all same)
prokka_VFTETIMP/VFTETIMP:VFTETIMP:Annotated using prokka 1.14.6 from https://github.com/tseemann/prokka

DiscRep_ALL:SHORT_PROT_SEQUENCES::3 protein sequences are shorter than 50 aa.
prokka_VFTETIMP/VFTETIMP:VFTETIMP_25 (length 46)
prokka_VFTETIMP/VFTETIMP:VFTETIMP_74 (length 45)
prokka_VFTETIMP/VFTETIMP:VFTETIMP_107 (length 37)

DiscRep_ALL:MISSING_GENOMEASSEMBLY_COMMENTS::1 bioseqs are missing GenomeAssembly structured comments
prokka_VFTETIMP/VFTETIMP:VFTETIMP (length 102823)

DiscRep_ALL:MOLTYPE_NOT_MRNA::1 molecule types are not set as mRNA.
prokka_VFTETIMP/VFTETIMP:VFTETIMP (length 102823)

DiscRep_ALL:TECHNIQUE_NOT_TSA::1 technique are not set as TSA
prokka_VFTETIMP/VFTETIMP:VFTETIMP (length 102823)

DiscRep_ALL:MISSING_STRUCTURED_COMMENT::1 sequences do not include structured comments.
prokka_VFTETIMP/VFTETIMP:VFTETIMP (length 102823)

DiscRep_ALL:MISSING_PROJECT::115 sequences do not include project.
prokka_VFTETIMP/VFTETIMP:VFTETIMP (length 102823)
prokka_VFTETIMP/VFTETIMP:VFTETIMP_1 (length 128)
prokka_VFTETIMP/VFTETIMP:VFTETIMP_2 (length 213)
prokka_VFTETIMP/VFTETIMP:VFTETIMP_3 (length 148)
prokka_VFTETIMP/VFTETIMP:VFTETIMP_4 (length 119)
prokka_VFTETIMP/VFTETIMP:VFTETIMP_5 (length 1296)
prokka_VFTETIMP/VFTETIMP:VFTETIMP_6 (length 1301)
prokka_VFTETIMP/VFTETIMP:VFTETIMP_7 (length 131)
prokka_VFTETIMP/VFTETIMP:VFTETIMP_8 (length 157)
prokka_VFTETIMP/VFTETIMP:VFTETIMP_9 (length 684)
prokka_VFTETIMP/VFTETIMP:VFTETIMP_10 (length 98)
prokka_VFTETIMP/VFTETIMP:VFTETIMP_11 (length 112)
prokka_VFTETIMP/VFTETIMP:VFTETIMP_12 (length 231)
prokka_VFTETIMP/VFTETIMP:VFTETIMP_13 (length 368)
prokka_VFTETIMP/VFTETIMP:VFTETIMP_14 (length 127)
prokka_VFTETIMP/VFTETIMP:VFTETIMP_15 (length 111)
prokka_VFTETIMP/VFTETIMP:VFTETIMP_16 (length 267)
prokka_VFTETIMP/VFTETIMP:VFTETIMP_17 (length 211)
prokka_VFTETIMP/VFTETIMP:VFTETIMP_18 (length 515)
prokka_VFTETIMP/VFTETIMP:VFTETIMP_19 (length 166)
prokka_VFTETIMP/VFTETIMP:VFTETIMP_20 (length 186)
prokka_VFTETIMP/VFTETIMP:VFTETIMP_21 (length 375)
prokka_VFTETIMP/VFTETIMP:VFTETIMP_22 (length 432)
prokka_VFTETIMP/VFTETIMP:VFTETIMP_23 (length 232)
prokka_VFTETIMP/VFTETIMP:VFTETIMP_24 (length 302)
prokka_VFTETIMP/VFTETIMP:VFTETIMP_25 (length 46)
prokka_VFTETIMP/VFTETIMP:VFTETIMP_26 (length 64)
prokka_VFTETIMP/VFTETIMP:VFTETIMP_27 (length 740)
prokka_VFTETIMP/VFTETIMP:VFTETIMP_28 (length 272)
prokka_VFTETIMP/VFTETIMP:VFTETIMP_29 (length 377)
prokka_VFTETIMP/VFTETIMP:VFTETIMP_30 (length 267)
prokka_VFTETIMP/VFTETIMP:VFTETIMP_31 (length 196)
prokka_VFTETIMP/VFTETIMP:VFTETIMP_32 (length 91)
prokka_VFTETIMP/VFTETIMP:VFTETIMP_33 (length 166)
prokka_VFTETIMP/VFTETIMP:VFTETIMP_34 (length 483)
prokka_VFTETIMP/VFTETIMP:VFTETIMP_35 (length 301)
prokka_VFTETIMP/VFTETIMP:VFTETIMP_36 (length 474)
prokka_VFTETIMP/VFTETIMP:VFTETIMP_37 (length 998)
prokka_VFTETIMP/VFTETIMP:VFTETIMP_38 (length 56)
prokka_VFTETIMP/VFTETIMP:VFTETIMP_39 (length 243)
prokka_VFTETIMP/VFTETIMP:VFTETIMP_40 (length 346)
prokka_VFTETIMP/VFTETIMP:VFTETIMP_41 (length 50)
prokka_VFTETIMP/VFTETIMP:VFTETIMP_42 (length 85)
prokka_VFTETIMP/VFTETIMP:VFTETIMP_43 (length 72)
prokka_VFTETIMP/VFTETIMP:VFTETIMP_44 (length 151)
prokka_VFTETIMP/VFTETIMP:VFTETIMP_45 (length 188)
prokka_VFTETIMP/VFTETIMP:VFTETIMP_46 (length 266)
prokka_VFTETIMP/VFTETIMP:VFTETIMP_47 (length 346)
prokka_VFTETIMP/VFTETIMP:VFTETIMP_48 (length 199)
prokka_VFTETIMP/VFTETIMP:VFTETIMP_49 (length 407)
prokka_VFTETIMP/VFTETIMP:VFTETIMP_50 (length 321)
prokka_VFTETIMP/VFTETIMP:VFTETIMP_51 (length 197)
prokka_VFTETIMP/VFTETIMP:VFTETIMP_52 (length 198)
prokka_VFTETIMP/VFTETIMP:VFTETIMP_53 (length 236)
prokka_VFTETIMP/VFTETIMP:VFTETIMP_54 (length 248)
prokka_VFTETIMP/VFTETIMP:VFTETIMP_55 (length 97)
prokka_VFTETIMP/VFTETIMP:VFTETIMP_56 (length 87)
prokka_VFTETIMP/VFTETIMP:VFTETIMP_57 (length 53)
prokka_VFTETIMP/VFTETIMP:VFTETIMP_58 (length 152)
prokka_VFTETIMP/VFTETIMP:VFTETIMP_59 (length 177)
prokka_VFTETIMP/VFTETIMP:VFTETIMP_60 (length 312)
prokka_VFTETIMP/VFTETIMP:VFTETIMP_61 (length 351)
prokka_VFTETIMP/VFTETIMP:VFTETIMP_62 (length 262)
prokka_VFTETIMP/VFTETIMP:VFTETIMP_63 (length 360)
prokka_VFTETIMP/VFTETIMP:VFTETIMP_64 (length 428)
prokka_VFTETIMP/VFTETIMP:VFTETIMP_65 (length 391)
prokka_VFTETIMP/VFTETIMP:VFTETIMP_66 (length 409)
prokka_VFTETIMP/VFTETIMP:VFTETIMP_67 (length 59)
prokka_VFTETIMP/VFTETIMP:VFTETIMP_68 (length 101)
prokka_VFTETIMP/VFTETIMP:VFTETIMP_69 (length 436)
prokka_VFTETIMP/VFTETIMP:VFTETIMP_70 (length 619)
prokka_VFTETIMP/VFTETIMP:VFTETIMP_71 (length 424)
prokka_VFTETIMP/VFTETIMP:VFTETIMP_72 (length 394)
prokka_VFTETIMP/VFTETIMP:VFTETIMP_73 (length 360)
prokka_VFTETIMP/VFTETIMP:VFTETIMP_74 (length 45)
prokka_VFTETIMP/VFTETIMP:VFTETIMP_75 (length 199)
prokka_VFTETIMP/VFTETIMP:VFTETIMP_76 (length 340)
prokka_VFTETIMP/VFTETIMP:VFTETIMP_77 (length 619)
prokka_VFTETIMP/VFTETIMP:VFTETIMP_78 (length 146)
prokka_VFTETIMP/VFTETIMP:VFTETIMP_79 (length 316)
prokka_VFTETIMP/VFTETIMP:VFTETIMP_80 (length 333)
prokka_VFTETIMP/VFTETIMP:VFTETIMP_81 (length 195)
prokka_VFTETIMP/VFTETIMP:VFTETIMP_82 (length 224)
prokka_VFTETIMP/VFTETIMP:VFTETIMP_83 (length 249)
prokka_VFTETIMP/VFTETIMP:VFTETIMP_84 (length 135)
prokka_VFTETIMP/VFTETIMP:VFTETIMP_85 (length 121)
prokka_VFTETIMP/VFTETIMP:VFTETIMP_86 (length 82)
prokka_VFTETIMP/VFTETIMP:VFTETIMP_87 (length 108)
prokka_VFTETIMP/VFTETIMP:VFTETIMP_88 (length 266)
prokka_VFTETIMP/VFTETIMP:VFTETIMP_89 (length 136)
prokka_VFTETIMP/VFTETIMP:VFTETIMP_90 (length 199)
prokka_VFTETIMP/VFTETIMP:VFTETIMP_91 (length 60)
prokka_VFTETIMP/VFTETIMP:VFTETIMP_92 (length 264)
prokka_VFTETIMP/VFTETIMP:VFTETIMP_93 (length 87)
prokka_VFTETIMP/VFTETIMP:VFTETIMP_94 (length 105)
prokka_VFTETIMP/VFTETIMP:VFTETIMP_95 (length 213)
prokka_VFTETIMP/VFTETIMP:VFTETIMP_96 (length 139)
prokka_VFTETIMP/VFTETIMP:VFTETIMP_97 (length 76)
prokka_VFTETIMP/VFTETIMP:VFTETIMP_98 (length 121)
prokka_VFTETIMP/VFTETIMP:VFTETIMP_99 (length 183)
prokka_VFTETIMP/VFTETIMP:VFTETIMP_100 (length 100)
prokka_VFTETIMP/VFTETIMP:VFTETIMP_101 (length 123)
prokka_VFTETIMP/VFTETIMP:VFTETIMP_102 (length 177)
prokka_VFTETIMP/VFTETIMP:VFTETIMP_103 (length 110)
prokka_VFTETIMP/VFTETIMP:VFTETIMP_104 (length 143)
prokka_VFTETIMP/VFTETIMP:VFTETIMP_105 (length 115)
prokka_VFTETIMP/VFTETIMP:VFTETIMP_106 (length 71)
prokka_VFTETIMP/VFTETIMP:VFTETIMP_107 (length 37)
prokka_VFTETIMP/VFTETIMP:VFTETIMP_108 (length 127)
prokka_VFTETIMP/VFTETIMP:VFTETIMP_109 (length 113)
prokka_VFTETIMP/VFTETIMP:VFTETIMP_110 (length 185)
prokka_VFTETIMP/VFTETIMP:VFTETIMP_111 (length 208)
prokka_VFTETIMP/VFTETIMP:VFTETIMP_112 (length 101)
prokka_VFTETIMP/VFTETIMP:VFTETIMP_113 (length 383)
prokka_VFTETIMP/VFTETIMP:VFTETIMP_114 (length 143)

DiscRep_ALL:DISC_INCONSISTENT_MOLINFO_TECH::Molinfo Technique Report (some missing, all same)
DiscRep_SUB:DISC_INCONSISTENT_MOLINFO_TECH::technique (all missing)
DiscRep_SUB:DISC_INCONSISTENT_MOLINFO_TECH::1 Molinfos are missing field technique
prokka_VFTETIMP/VFTETIMP:VFTETIMP (length 102823)

