[18:31:55] This is prokka 1.13
[18:31:55] Written by Torsten Seemann <torsten.seemann@gmail.com>
[18:31:55] Homepage is https://github.com/tseemann/prokka
[18:31:55] Local time is Wed Feb 21 18:31:55 2024
[18:31:55] You are diego
[18:31:55] Operating system is linux
[18:31:55] You have BioPerl 1.007002
[18:31:55] System has 32 cores.
[18:31:55] Will use maximum of 30 cores.
[18:31:55] Annotating as >>> Bacteria <<<
[18:31:55] Enabling options to ensure Genbank/ENA/DDJB submission compliance.
[18:31:55] Creating new output folder: prokka_SMAGAHAV
[18:31:55] Running: mkdir -p prokka_SMAGAHAV
[18:31:55] Using filename prefix: SMAGAHAV.XXX
[18:31:55] Setting HMMER_NCPU=1
[18:31:55] Writing log to: prokka_SMAGAHAV/SMAGAHAV.log
[18:31:55] Command: /home/diego/miniconda3/envs/prokka_env/bin/prokka SMAGAHAV.fasta --outdir prokka_SMAGAHAV --prefix SMAGAHAV --gcode 4 --compliant --cpus 30 --locustag SMAGAHAV
[18:31:55] Appending to PATH: /home/diego/miniconda3/envs/prokka_env/bin
[18:31:55] Looking for 'aragorn' - found /home/diego/miniconda3/envs/prokka_env/bin/aragorn
[18:31:55] Determined aragorn version is 1.2
[18:31:55] Looking for 'barrnap' - found /home/diego/miniconda3/envs/prokka_env/bin/barrnap
[18:31:55] Determined barrnap version is 0.9
[18:31:55] Looking for 'blastp' - found /home/diego/miniconda3/envs/prokka_env/bin/blastp
[18:31:55] Determined blastp version is 2.14
[18:31:55] Looking for 'cmpress' - found /home/diego/miniconda3/envs/prokka_env/bin/cmpress
[18:31:55] Determined cmpress version is 1.1
[18:31:55] Looking for 'cmscan' - found /home/diego/miniconda3/envs/prokka_env/bin/cmscan
[18:31:55] Determined cmscan version is 1.1
[18:31:55] Looking for 'egrep' - found /usr/bin/egrep
[18:31:55] Looking for 'find' - found /usr/bin/find
[18:31:55] Looking for 'grep' - found /usr/bin/grep
[18:31:55] Looking for 'hmmpress' - found /home/diego/miniconda3/envs/prokka_env/bin/hmmpress
[18:31:55] Determined hmmpress version is 3.3
[18:31:55] Looking for 'hmmscan' - found /home/diego/miniconda3/envs/prokka_env/bin/hmmscan
[18:31:55] Determined hmmscan version is 3.3
[18:31:55] Looking for 'java' - found /home/diego/miniconda3/envs/prokka_env/bin/java
[18:31:55] Looking for 'less' - found /usr/bin/less
[18:31:55] Looking for 'makeblastdb' - found /home/diego/miniconda3/envs/prokka_env/bin/makeblastdb
[18:31:56] Determined makeblastdb version is 2.14
[18:31:56] Looking for 'minced' - found /home/diego/miniconda3/envs/prokka_env/bin/minced
[18:31:56] Determined minced version is 4.2
[18:31:56] Looking for 'parallel' - found /home/diego/miniconda3/envs/prokka_env/bin/parallel
[18:31:56] Determined parallel version is 20160622
[18:31:56] Looking for 'prodigal' - found /home/diego/miniconda3/envs/prokka_env/bin/prodigal
[18:31:56] Determined prodigal version is 2.6
[18:31:56] Looking for 'prokka-genbank_to_fasta_db' - found /home/diego/miniconda3/envs/prokka_env/bin/prokka-genbank_to_fasta_db
[18:31:56] Looking for 'rnammer' - found /home/diego/rnammer-1.2.src/rnammer
[18:31:56] Determined rnammer version is 1.2
[18:31:56] Looking for 'sed' - found /usr/bin/sed
[18:31:56] Looking for 'tbl2asn' - found /home/diego/miniconda3/envs/prokka_env/bin/tbl2asn
[18:31:56] Determined tbl2asn version is 25.8
[18:31:56] Using genetic code table 4.
[18:31:56] Loading and checking input file: SMAGAHAV.fasta
[18:31:56] Wrote 1 contigs totalling 142878 bp.
[18:31:56] Predicting tRNAs and tmRNAs
[18:31:56] Running: aragorn -l -gc4  -w prokka_SMAGAHAV\/SMAGAHAV\.fna
[18:31:56] 1 tRNA-Met [9180,9253] 34 (cat)
[18:31:56] 2 tRNA-Asn c[12789,12864] 36 (gtt)
[18:31:56] 3 tRNA-Cys c[16860,16930] 33 (gca)
[18:31:56] 4 tmRNA c[18662,18974] 98,124 GKNYSLAA*
[18:31:56] 5 tRNA-Met c[19612,19687] 36 (cat)
[18:31:56] 6 tRNA-Leu [23353,23438] 36 (tag)
[18:31:56] 7 tRNA-Leu [23452,23536] 36 (caa)
[18:31:56] 8 tRNA-Ser [28695,28776] 35 (gct)
[18:31:56] 9 tRNA-Pro [28780,28854] 36 (tgg)
[18:31:56] 10 tRNA-Arg [28883,28958] 35 (tct)
[18:31:56] 11 tRNA-Ser c[34202,34288] 36 (tga)
[18:31:56] 12 tRNA-Lys [38129,38201] 34 (ttt)
[18:31:56] 13 tRNA-Asp c[38207,38280] 35 (gtc)
[18:31:56] 14 tRNA-Val c[41745,41819] 36 (tac)
[18:31:56] 15 tRNA-Leu c[55386,55468] 35 (taa)
[18:31:56] 16 tRNA-Gly c[55486,55558] 34 (gcc)
[18:31:56] 17 tRNA-Ala c[64374,64447] 35 (tgc)
[18:31:56] 18 tRNA-Ile c[64452,64525] 35 (gat)
[18:31:56] 19 tRNA-Thr [68095,68168] 35 (tgt)
[18:31:56] 20 tRNA-Tyr [68179,68260] 35 (gta)
[18:31:56] 21 tRNA-Gly [68277,68350] 35 (tcc)
[18:31:56] 22 tRNA-Thr [68361,68435] 35 (ggt)
[18:31:56] 23 tRNA-Trp [69688,69760] 34 (cca)
[18:31:56] 24 tRNA-His [81180,81255] 36 (gtg)
[18:31:56] 25 tRNA-Phe c[83959,84032] 35 (gaa)
[18:31:56] 26 tRNA-Leu c[96481,96554] 35 (gag)
[18:31:56] 27 tRNA-Met [96670,96745] 36 (cat)
[18:31:56] 28 tRNA-Glu c[109205,109276] 34 (ttc)
[18:31:56] 29 tRNA-Gln [109649,109719] 33 (ttg)
[18:31:56] 30 tRNA-Arg c[134681,134754] 35 (acg)
[18:31:56] Found 30 tRNAs
[18:31:56] Predicting Ribosomal RNAs
[18:31:56] Running Barrnap with 30 threads
[18:31:56] 1 gnl|Prokka|SMAGAHAV_1 61302 5S ribosomal RNA
[18:31:56] 2 gnl|Prokka|SMAGAHAV_1 61462 23S ribosomal RNA
[18:31:56] 3 gnl|Prokka|SMAGAHAV_1 64559 16S ribosomal RNA
[18:31:56] Found 3 rRNAs
[18:31:56] Skipping ncRNA search, enable with --rfam if desired.
[18:31:56] Total of 32 tRNA + rRNA features
[18:31:56] Searching for CRISPR repeats
[18:31:57] Found 0 CRISPRs
[18:31:57] Predicting coding sequences
[18:31:57] Contigs total 142878 bp, so using single mode
[18:31:57] Running: prodigal -i prokka_SMAGAHAV\/SMAGAHAV\.fna -c -m -g 4 -p single -f sco -q
[18:31:57] Excluding CDS which overlaps existing RNA (tRNA) at gnl|Prokka|SMAGAHAV_1:8375..9217 on + strand
[18:31:57] Excluding CDS which overlaps existing RNA (tRNA) at gnl|Prokka|SMAGAHAV_1:28918..30426 on - strand
[18:31:57] Excluding CDS which overlaps existing RNA (rRNA) at gnl|Prokka|SMAGAHAV_1:61585..62133 on + strand
[18:31:57] Excluding CDS which overlaps existing RNA (rRNA) at gnl|Prokka|SMAGAHAV_1:62829..62924 on - strand
[18:31:57] Excluding CDS which overlaps existing RNA (rRNA) at gnl|Prokka|SMAGAHAV_1:62896..63039 on - strand
[18:31:57] Excluding CDS which overlaps existing RNA (tRNA) at gnl|Prokka|SMAGAHAV_1:81255..81377 on - strand
[18:31:57] Excluding CDS which overlaps existing RNA (tRNA) at gnl|Prokka|SMAGAHAV_1:83117..84016 on - strand
[18:31:57] Excluding CDS which overlaps existing RNA (tRNA) at gnl|Prokka|SMAGAHAV_1:84032..86776 on - strand
[18:31:57] Found 136 CDS
[18:31:57] Connecting features back to sequences
[18:31:57] Not using genus-specific database. Try --usegenus to enable it.
[18:31:57] Annotating CDS, please be patient.
[18:31:57] Will use 30 CPUs for similarity searching.
[18:31:57] There are still 136 unannotated CDS left (started with 136)
[18:31:57] Will use blast to search against /home/diego/miniconda3/envs/prokka_env/bin/../db/kingdom/Bacteria/sprot with 30 CPUs
[18:31:57] Running: cat prokka_SMAGAHAV\/sprot\.faa | parallel --gnu --plain -j 30 --block 688 --recstart '>' --pipe blastp -query - -db /home/diego/miniconda3/envs/prokka_env/bin/../db/kingdom/Bacteria/sprot -evalue 1e-06 -num_threads 1 -num_descriptions 1 -num_alignments 1 -seg no > prokka_SMAGAHAV\/sprot\.blast 2> /dev/null
[18:31:59] Modify product: Probable ATP-dependent transporter SufC => putative ATP-dependent transporter SufC
[18:31:59] Cleaned 1 /product names
[18:31:59] Deleting unwanted file: prokka_SMAGAHAV/sprot.faa
[18:31:59] Deleting unwanted file: prokka_SMAGAHAV/sprot.blast
[18:31:59] There are still 16 unannotated CDS left (started with 136)
[18:31:59] Will use hmmer3 to search against /home/diego/miniconda3/envs/prokka_env/bin/../db/hmm/HAMAP.hmm with 30 CPUs
[18:31:59] Running: cat prokka_SMAGAHAV\/HAMAP\.hmm\.faa | parallel --gnu --plain -j 30 --block 33 --recstart '>' --pipe hmmscan --noali --notextw --acc -E 1e-06 --cpu 1 /home/diego/miniconda3/envs/prokka_env/bin/../db/hmm/HAMAP.hmm /dev/stdin > prokka_SMAGAHAV\/HAMAP\.hmm\.hmmer3 2> /dev/null
[18:31:59] Deleting unwanted file: prokka_SMAGAHAV/HAMAP.hmm.faa
[18:31:59] Deleting unwanted file: prokka_SMAGAHAV/HAMAP.hmm.hmmer3
[18:31:59] Labelling remaining 10 proteins as 'hypothetical protein'
[18:31:59] Possible /pseudo 'FeS cluster assembly protein SufB' at gnl|Prokka|SMAGAHAV_1 position 102662
[18:31:59] Found 124 unique /gene codes.
[18:31:59] Fixed 2 duplicate /gene - sufB_1 sufB_2
[18:31:59] Fixed 1 colliding /gene names.
[18:31:59] Adding /locus_tag identifiers
[18:31:59] Assigned 169 locus_tags to CDS and RNA features.
[18:31:59] Writing outputs to prokka_SMAGAHAV/
[18:31:59] Generating annotation statistics file
[18:31:59] Generating Genbank and Sequin files
[18:31:59] Running: tbl2asn -V b -a r10k -l paired-ends -M n -N 1 -y 'Annotated using prokka 1.13 from https://github.com/tseemann/prokka' -Z prokka_SMAGAHAV\/SMAGAHAV\.err -i prokka_SMAGAHAV\/SMAGAHAV\.fsa 2> /dev/null
[18:32:00] Deleting unwanted file: prokka_SMAGAHAV/errorsummary.val
[18:32:00] Deleting unwanted file: prokka_SMAGAHAV/SMAGAHAV.dr
[18:32:00] Deleting unwanted file: prokka_SMAGAHAV/SMAGAHAV.fixedproducts
[18:32:00] Deleting unwanted file: prokka_SMAGAHAV/SMAGAHAV.ecn
[18:32:00] Deleting unwanted file: prokka_SMAGAHAV/SMAGAHAV.val
[18:32:00] Repairing broken .GBK output that tbl2asn produces...
[18:32:00] Running: sed 's/COORDINATES: profile/COORDINATES:profile/' < prokka_SMAGAHAV\/SMAGAHAV\.gbf > prokka_SMAGAHAV\/SMAGAHAV\.gbk
[18:32:00] Deleting unwanted file: prokka_SMAGAHAV/SMAGAHAV.gbf
[18:32:00] Output files:
[18:32:00] prokka_SMAGAHAV/SMAGAHAV.err
[18:32:00] prokka_SMAGAHAV/SMAGAHAV.ffn
[18:32:00] prokka_SMAGAHAV/SMAGAHAV.gbk
[18:32:00] prokka_SMAGAHAV/SMAGAHAV.fna
[18:32:00] prokka_SMAGAHAV/SMAGAHAV.sqn
[18:32:00] prokka_SMAGAHAV/SMAGAHAV.log
[18:32:00] prokka_SMAGAHAV/SMAGAHAV.gff
[18:32:00] prokka_SMAGAHAV/SMAGAHAV.txt
[18:32:00] prokka_SMAGAHAV/SMAGAHAV.tbl
[18:32:00] prokka_SMAGAHAV/SMAGAHAV.fsa
[18:32:00] prokka_SMAGAHAV/SMAGAHAV.tsv
[18:32:00] prokka_SMAGAHAV/SMAGAHAV.faa
[18:32:00] Annotation finished successfully.
[18:32:00] Walltime used: 0.08 minutes
[18:32:00] If you use this result please cite the Prokka paper:
[18:32:00] Seemann T (2014) Prokka: rapid prokaryotic genome annotation. Bioinformatics. 30(14):2068-9.
[18:32:00] Type 'prokka --citation' for more details.
[18:32:00] Share and enjoy!
