Discrepancy Report Results

Summary
DISC_SOURCE_QUALS_ASNDISC:strain (all present, all unique)
DISC_SOURCE_QUALS_ASNDISC:taxname (all present, all unique)
DISC_FEATURE_COUNT:gene: 150 present
DISC_FEATURE_COUNT:CDS: 124 present
DISC_FEATURE_COUNT:tRNA: 24 present
DISC_FEATURE_COUNT:rRNA: 2 present
DISC_COUNT_NUCLEOTIDES:1 nucleotide Bioseqs are present
OVERLAPPING_GENES:121 genes overlap another gene on the same strand.
FATAL: RNA_CDS_OVERLAP:18 coding regions overlap RNA features
DISC_QUALITY_SCORES:Quality scores are missing on all sequences.
ONCALLER_COMMENT_PRESENT:1 comment descriptors were found (all same)
SHORT_PROT_SEQUENCES:2 protein sequences are shorter than 50 aa.
MISSING_GENOMEASSEMBLY_COMMENTS:1 bioseqs are missing GenomeAssembly structured comments
MOLTYPE_NOT_MRNA:1 molecule types are not set as mRNA.
TECHNIQUE_NOT_TSA:1 technique are not set as TSA
MISSING_STRUCTURED_COMMENT:1 sequences do not include structured comments.
MISSING_PROJECT:125 sequences do not include project.
DISC_INCONSISTENT_MOLINFO_TECH:Molinfo Technique Report (some missing, all same)


Detailed Report

DiscRep_ALL:DISC_SOURCE_QUALS_ASNDISC::strain (all present, all unique)
DiscRep_SUB:DISC_SOURCE_QUALS_ASNDISC::1 sources have unique values for strain
DiscRep_ALL:DISC_SOURCE_QUALS_ASNDISC::taxname (all present, all unique)
DiscRep_SUB:DISC_SOURCE_QUALS_ASNDISC::1 sources have unique values for taxname
DiscRep_ALL:DISC_FEATURE_COUNT::gene: 150 present
DiscRep_ALL:DISC_FEATURE_COUNT::CDS: 124 present
DiscRep_ALL:DISC_FEATURE_COUNT::tRNA: 24 present
DiscRep_ALL:DISC_FEATURE_COUNT::rRNA: 2 present
DiscRep_ALL:DISC_COUNT_NUCLEOTIDES::1 nucleotide Bioseqs are present
prokka_VFMEEALB_pseudofinder/VFMEEALB:Prokka:VFMEEALB_1 (length 104008)

DiscRep_ALL:OVERLAPPING_GENES::121 genes overlap another gene on the same strand.
prokka_VFMEEALB_pseudofinder/VFMEEALB:Gene	VFMEEALB_00002	VFMEEALB_1:1222-1605	VFMEEALB_00002
prokka_VFMEEALB_pseudofinder/VFMEEALB:Gene	VFMEEALB_00003	VFMEEALB_1:1598-2029	VFMEEALB_00003
prokka_VFMEEALB_pseudofinder/VFMEEALB:Gene	VFMEEALB_00004	VFMEEALB_1:2010-2354	VFMEEALB_00004
prokka_VFMEEALB_pseudofinder/VFMEEALB:Gene	rpoB	VFMEEALB_1:2347-6132	VFMEEALB_00005
prokka_VFMEEALB_pseudofinder/VFMEEALB:Gene	rpoC	VFMEEALB_1:6129-9728	VFMEEALB_00006
prokka_VFMEEALB_pseudofinder/VFMEEALB:Gene	rpsL	VFMEEALB_1:9716-10096	VFMEEALB_00007
prokka_VFMEEALB_pseudofinder/VFMEEALB:Gene	rpsG	VFMEEALB_1:10077-10547	VFMEEALB_00008
prokka_VFMEEALB_pseudofinder/VFMEEALB:Gene	fusA	VFMEEALB_1:10550-12586	VFMEEALB_00009
prokka_VFMEEALB_pseudofinder/VFMEEALB:Gene	VFMEEALB_00010	VFMEEALB_1:12583-12870	VFMEEALB_00010
prokka_VFMEEALB_pseudofinder/VFMEEALB:Gene	VFMEEALB_00011	VFMEEALB_1:12867-12971	VFMEEALB_00011
prokka_VFMEEALB_pseudofinder/VFMEEALB:Gene	def	VFMEEALB_1:13059-13505	VFMEEALB_00012
prokka_VFMEEALB_pseudofinder/VFMEEALB:Gene	VFMEEALB_00013	VFMEEALB_1:13480-13551	VFMEEALB_00013
prokka_VFMEEALB_pseudofinder/VFMEEALB:Gene	erm	VFMEEALB_1:c14149-13661	VFMEEALB_00014
prokka_VFMEEALB_pseudofinder/VFMEEALB:Gene	VFMEEALB_00015	VFMEEALB_1:c15119-14139	VFMEEALB_00015
prokka_VFMEEALB_pseudofinder/VFMEEALB:Gene	rpsI	VFMEEALB_1:c15511-15116	VFMEEALB_00016
prokka_VFMEEALB_pseudofinder/VFMEEALB:Gene	VFMEEALB_00017	VFMEEALB_1:c15768-15505	VFMEEALB_00017
prokka_VFMEEALB_pseudofinder/VFMEEALB:Gene	dapF	VFMEEALB_1:c16490-15765	VFMEEALB_00018
prokka_VFMEEALB_pseudofinder/VFMEEALB:Gene	VFMEEALB_00019	VFMEEALB_1:c17032-16487	VFMEEALB_00019
prokka_VFMEEALB_pseudofinder/VFMEEALB:Gene	ssb	VFMEEALB_1:c17364-17032	VFMEEALB_00020
prokka_VFMEEALB_pseudofinder/VFMEEALB:Gene	VFMEEALB_00021	VFMEEALB_1:17365-17436	VFMEEALB_00021
prokka_VFMEEALB_pseudofinder/VFMEEALB:Gene	prs	VFMEEALB_1:17379-18302	VFMEEALB_00022
prokka_VFMEEALB_pseudofinder/VFMEEALB:Gene	VFMEEALB_00023	VFMEEALB_1:18289-18735	VFMEEALB_00023
prokka_VFMEEALB_pseudofinder/VFMEEALB:Gene	lysS	VFMEEALB_1:c21775-20453	VFMEEALB_00026
prokka_VFMEEALB_pseudofinder/VFMEEALB:Gene	prfA	VFMEEALB_1:c22410-21772	VFMEEALB_00027
prokka_VFMEEALB_pseudofinder/VFMEEALB:Gene	trpC	VFMEEALB_1:c23126-22398	VFMEEALB_00028
prokka_VFMEEALB_pseudofinder/VFMEEALB:Gene	trpD	VFMEEALB_1:c24048-23101	VFMEEALB_00029
prokka_VFMEEALB_pseudofinder/VFMEEALB:Gene	pabA	VFMEEALB_1:c24611-24033	VFMEEALB_00030
prokka_VFMEEALB_pseudofinder/VFMEEALB:Gene	menF	VFMEEALB_1:c25833-24592	VFMEEALB_00031
prokka_VFMEEALB_pseudofinder/VFMEEALB:Gene	argH	VFMEEALB_1:c27185-25815	VFMEEALB_00032
prokka_VFMEEALB_pseudofinder/VFMEEALB:Gene	VFMEEALB_00033	VFMEEALB_1:c28587-27337	VFMEEALB_00033
prokka_VFMEEALB_pseudofinder/VFMEEALB:Gene	thrB	VFMEEALB_1:c29489-28584	VFMEEALB_00034
prokka_VFMEEALB_pseudofinder/VFMEEALB:Gene	tsaD	VFMEEALB_1:c30286-29489	VFMEEALB_00035
prokka_VFMEEALB_pseudofinder/VFMEEALB:Gene	dnaE	VFMEEALB_1:32835-35684	VFMEEALB_00038
prokka_VFMEEALB_pseudofinder/VFMEEALB:Gene	VFMEEALB_00039	VFMEEALB_1:35669-35743	VFMEEALB_00039
prokka_VFMEEALB_pseudofinder/VFMEEALB:Gene	VFMEEALB_00040	VFMEEALB_1:35744-35834	VFMEEALB_00040
prokka_VFMEEALB_pseudofinder/VFMEEALB:Gene	VFMEEALB_00041	VFMEEALB_1:35751-36632	VFMEEALB_00041
prokka_VFMEEALB_pseudofinder/VFMEEALB:Gene	asd1	VFMEEALB_1:36625-37626	VFMEEALB_00042
prokka_VFMEEALB_pseudofinder/VFMEEALB:Gene	trpF	VFMEEALB_1:37619-38185	VFMEEALB_00043
prokka_VFMEEALB_pseudofinder/VFMEEALB:Gene	trpB	VFMEEALB_1:38172-39278	VFMEEALB_00044
prokka_VFMEEALB_pseudofinder/VFMEEALB:Gene	VFMEEALB_00045	VFMEEALB_1:39275-39922	VFMEEALB_00045
prokka_VFMEEALB_pseudofinder/VFMEEALB:Gene	VFMEEALB_00046	VFMEEALB_1:39909-40142	VFMEEALB_00046
prokka_VFMEEALB_pseudofinder/VFMEEALB:Gene	VFMEEALB_00047	VFMEEALB_1:40120-40317	VFMEEALB_00047
prokka_VFMEEALB_pseudofinder/VFMEEALB:Gene	VFMEEALB_00050	VFMEEALB_1:c40656-40586	VFMEEALB_00050
prokka_VFMEEALB_pseudofinder/VFMEEALB:Gene	dnaQ	VFMEEALB_1:c41277-40642	VFMEEALB_00051
prokka_VFMEEALB_pseudofinder/VFMEEALB:Gene	carA	VFMEEALB_1:41446-42303	VFMEEALB_00052
prokka_VFMEEALB_pseudofinder/VFMEEALB:Gene	carB	VFMEEALB_1:42300-45395	VFMEEALB_00053
prokka_VFMEEALB_pseudofinder/VFMEEALB:Gene	clpP	VFMEEALB_1:45392-45949	VFMEEALB_00054
prokka_VFMEEALB_pseudofinder/VFMEEALB:Gene	clpX	VFMEEALB_1:45946-47121	VFMEEALB_00055
prokka_VFMEEALB_pseudofinder/VFMEEALB:Gene	VFMEEALB_00056	VFMEEALB_1:47119-47193	VFMEEALB_00056
prokka_VFMEEALB_pseudofinder/VFMEEALB:Gene	VFMEEALB_00057	VFMEEALB_1:47134-47538	VFMEEALB_00057
prokka_VFMEEALB_pseudofinder/VFMEEALB:Gene	VFMEEALB_00061	VFMEEALB_1:48768-48841	VFMEEALB_00061
prokka_VFMEEALB_pseudofinder/VFMEEALB:Gene	hisG	VFMEEALB_1:48817-49407	VFMEEALB_00062
prokka_VFMEEALB_pseudofinder/VFMEEALB:Gene	hisD	VFMEEALB_1:49404-50636	VFMEEALB_00063
prokka_VFMEEALB_pseudofinder/VFMEEALB:Gene	hisC2	VFMEEALB_1:50626-51642	VFMEEALB_00064
prokka_VFMEEALB_pseudofinder/VFMEEALB:Gene	hisB	VFMEEALB_1:51599-52132	VFMEEALB_00065
prokka_VFMEEALB_pseudofinder/VFMEEALB:Gene	hisH	VFMEEALB_1:52126-52725	VFMEEALB_00066
prokka_VFMEEALB_pseudofinder/VFMEEALB:Gene	hisA	VFMEEALB_1:52722-53444	VFMEEALB_00067
prokka_VFMEEALB_pseudofinder/VFMEEALB:Gene	hisF	VFMEEALB_1:53434-54186	VFMEEALB_00068
prokka_VFMEEALB_pseudofinder/VFMEEALB:Gene	hisI	VFMEEALB_1:54183-54473	VFMEEALB_00069
prokka_VFMEEALB_pseudofinder/VFMEEALB:Gene	hisE	VFMEEALB_1:54466-54723	VFMEEALB_00070
prokka_VFMEEALB_pseudofinder/VFMEEALB:Gene	VFMEEALB_00071	VFMEEALB_1:54713-54785	VFMEEALB_00071
prokka_VFMEEALB_pseudofinder/VFMEEALB:Gene	VFMEEALB_00072	VFMEEALB_1:54786-54858	VFMEEALB_00072
prokka_VFMEEALB_pseudofinder/VFMEEALB:Gene	argF	VFMEEALB_1:54834-55700	VFMEEALB_00073
prokka_VFMEEALB_pseudofinder/VFMEEALB:Gene	VFMEEALB_00074	VFMEEALB_1:c55759-55686	VFMEEALB_00074
prokka_VFMEEALB_pseudofinder/VFMEEALB:Gene	rplT	VFMEEALB_1:c56093-55749	VFMEEALB_00075
prokka_VFMEEALB_pseudofinder/VFMEEALB:Gene	infC	VFMEEALB_1:c56518-56090	VFMEEALB_00076
prokka_VFMEEALB_pseudofinder/VFMEEALB:Gene	VFMEEALB_00082	VFMEEALB_1:c58556-58101	VFMEEALB_00082
prokka_VFMEEALB_pseudofinder/VFMEEALB:Gene	VFMEEALB_00083	VFMEEALB_1:c58999-58556	VFMEEALB_00083
prokka_VFMEEALB_pseudofinder/VFMEEALB:Gene	rpsB	VFMEEALB_1:c59490-58996	VFMEEALB_00084
prokka_VFMEEALB_pseudofinder/VFMEEALB:Gene	aspC	VFMEEALB_1:59510-60562	VFMEEALB_00085
prokka_VFMEEALB_pseudofinder/VFMEEALB:Gene	dapD	VFMEEALB_1:60546-61340	VFMEEALB_00086
prokka_VFMEEALB_pseudofinder/VFMEEALB:Gene	dapE	VFMEEALB_1:61334-62380	VFMEEALB_00087
prokka_VFMEEALB_pseudofinder/VFMEEALB:Gene	VFMEEALB_00088	VFMEEALB_1:c62548-62366	VFMEEALB_00088
prokka_VFMEEALB_pseudofinder/VFMEEALB:Gene	thrC	VFMEEALB_1:c63812-62529	VFMEEALB_00089
prokka_VFMEEALB_pseudofinder/VFMEEALB:Gene	dnaB	VFMEEALB_1:c65068-63812	VFMEEALB_00090
prokka_VFMEEALB_pseudofinder/VFMEEALB:Gene	VFMEEALB_00091	VFMEEALB_1:c65496-65068	VFMEEALB_00091
prokka_VFMEEALB_pseudofinder/VFMEEALB:Gene	VFMEEALB_00092	VFMEEALB_1:c65709-65638	VFMEEALB_00092
prokka_VFMEEALB_pseudofinder/VFMEEALB:Gene	VFMEEALB_00093	VFMEEALB_1:c65782-65709	VFMEEALB_00093
prokka_VFMEEALB_pseudofinder/VFMEEALB:Gene	gluQ	VFMEEALB_1:c66677-65772	VFMEEALB_00094
prokka_VFMEEALB_pseudofinder/VFMEEALB:Gene	mnmE	VFMEEALB_1:66762-68030	VFMEEALB_00095
prokka_VFMEEALB_pseudofinder/VFMEEALB:Gene	mnmG	VFMEEALB_1:68027-69700	VFMEEALB_00096
prokka_VFMEEALB_pseudofinder/VFMEEALB:Gene	VFMEEALB_00097	VFMEEALB_1:69718-69996	VFMEEALB_00097
prokka_VFMEEALB_pseudofinder/VFMEEALB:Gene	groL	VFMEEALB_1:69993-71549	VFMEEALB_00098
prokka_VFMEEALB_pseudofinder/VFMEEALB:Gene	aroA	VFMEEALB_1:71546-72820	VFMEEALB_00099
prokka_VFMEEALB_pseudofinder/VFMEEALB:Gene	rpsA	VFMEEALB_1:72796-73920	VFMEEALB_00100
prokka_VFMEEALB_pseudofinder/VFMEEALB:Gene	dnaK	VFMEEALB_1:c78360-76561	VFMEEALB_00104
prokka_VFMEEALB_pseudofinder/VFMEEALB:Gene	grpE	VFMEEALB_1:c78851-78357	VFMEEALB_00105
prokka_VFMEEALB_pseudofinder/VFMEEALB:Gene	mnmA	VFMEEALB_1:c80783-79818	VFMEEALB_00107
prokka_VFMEEALB_pseudofinder/VFMEEALB:Gene	VFMEEALB_00108	VFMEEALB_1:c81373-80762	VFMEEALB_00108
prokka_VFMEEALB_pseudofinder/VFMEEALB:Gene	VFMEEALB_00109	VFMEEALB_1:c83354-81351	VFMEEALB_00109
prokka_VFMEEALB_pseudofinder/VFMEEALB:Gene	dapB	VFMEEALB_1:c83971-83351	VFMEEALB_00110
prokka_VFMEEALB_pseudofinder/VFMEEALB:Gene	aroE	VFMEEALB_1:c84557-83949	VFMEEALB_00111
prokka_VFMEEALB_pseudofinder/VFMEEALB:Gene	rpmA	VFMEEALB_1:c85327-85073	VFMEEALB_00113
prokka_VFMEEALB_pseudofinder/VFMEEALB:Gene	VFMEEALB_00114	VFMEEALB_1:c85614-85297	VFMEEALB_00114
prokka_VFMEEALB_pseudofinder/VFMEEALB:Gene	VFMEEALB_00115	VFMEEALB_1:c86275-85598	VFMEEALB_00115
prokka_VFMEEALB_pseudofinder/VFMEEALB:Gene	rplC	VFMEEALB_1:92040-92630	VFMEEALB_00122
prokka_VFMEEALB_pseudofinder/VFMEEALB:Gene	VFMEEALB_00123	VFMEEALB_1:92620-93177	VFMEEALB_00123
prokka_VFMEEALB_pseudofinder/VFMEEALB:Gene	VFMEEALB_00124	VFMEEALB_1:93174-93386	VFMEEALB_00124
prokka_VFMEEALB_pseudofinder/VFMEEALB:Gene	rplB	VFMEEALB_1:93349-94143	VFMEEALB_00125
prokka_VFMEEALB_pseudofinder/VFMEEALB:Gene	rpsS	VFMEEALB_1:94145-94426	VFMEEALB_00126
prokka_VFMEEALB_pseudofinder/VFMEEALB:Gene	VFMEEALB_00127	VFMEEALB_1:94395-94733	VFMEEALB_00127
prokka_VFMEEALB_pseudofinder/VFMEEALB:Gene	rpsC	VFMEEALB_1:94711-95322	VFMEEALB_00128
prokka_VFMEEALB_pseudofinder/VFMEEALB:Gene	rplP	VFMEEALB_1:95319-95723	VFMEEALB_00129
prokka_VFMEEALB_pseudofinder/VFMEEALB:Gene	VFMEEALB_00130	VFMEEALB_1:95704-95943	VFMEEALB_00130
prokka_VFMEEALB_pseudofinder/VFMEEALB:Gene	rplN	VFMEEALB_1:95915-96277	VFMEEALB_00131
prokka_VFMEEALB_pseudofinder/VFMEEALB:Gene	rplE	VFMEEALB_1:96274-96825	VFMEEALB_00132
prokka_VFMEEALB_pseudofinder/VFMEEALB:Gene	rpsN	VFMEEALB_1:96818-97099	VFMEEALB_00133
prokka_VFMEEALB_pseudofinder/VFMEEALB:Gene	VFMEEALB_00134	VFMEEALB_1:97099-97449	VFMEEALB_00134
prokka_VFMEEALB_pseudofinder/VFMEEALB:Gene	rplF	VFMEEALB_1:97439-97966	VFMEEALB_00135
prokka_VFMEEALB_pseudofinder/VFMEEALB:Gene	VFMEEALB_00136	VFMEEALB_1:97953-98246	VFMEEALB_00136
prokka_VFMEEALB_pseudofinder/VFMEEALB:Gene	rpsE	VFMEEALB_1:98239-98643	VFMEEALB_00137
prokka_VFMEEALB_pseudofinder/VFMEEALB:Gene	VFMEEALB_00138	VFMEEALB_1:98630-98905	VFMEEALB_00138
prokka_VFMEEALB_pseudofinder/VFMEEALB:Gene	infA	VFMEEALB_1:98880-99089	VFMEEALB_00139
prokka_VFMEEALB_pseudofinder/VFMEEALB:Gene	VFMEEALB_00140	VFMEEALB_1:99086-99199	VFMEEALB_00140
prokka_VFMEEALB_pseudofinder/VFMEEALB:Gene	rpsM	VFMEEALB_1:99171-99539	VFMEEALB_00141
prokka_VFMEEALB_pseudofinder/VFMEEALB:Gene	rpsK	VFMEEALB_1:99532-99879	VFMEEALB_00142
prokka_VFMEEALB_pseudofinder/VFMEEALB:Gene	VFMEEALB_00143	VFMEEALB_1:99876-100391	VFMEEALB_00143
prokka_VFMEEALB_pseudofinder/VFMEEALB:Gene	VFMEEALB_00144	VFMEEALB_1:100388-100939	VFMEEALB_00144
prokka_VFMEEALB_pseudofinder/VFMEEALB:Gene	VFMEEALB_00145	VFMEEALB_1:100936-101184	VFMEEALB_00145
prokka_VFMEEALB_pseudofinder/VFMEEALB:Gene	aroB	VFMEEALB_1:102714-103763	VFMEEALB_00147
prokka_VFMEEALB_pseudofinder/VFMEEALB:Gene	VFMEEALB_00148	VFMEEALB_1:103761-103845	VFMEEALB_00148

FATAL: DiscRep_ALL:RNA_CDS_OVERLAP::18 coding regions overlap RNA features
FATAL: DiscRep_SUB:RNA_CDS_OVERLAP::1 coding regions are completely contained in RNAs
prokka_VFMEEALB_pseudofinder/VFMEEALB:CDS	hypothetical protein	VFMEEALB_1:87827-88156	VFMEEALB_00119
prokka_VFMEEALB_pseudofinder/VFMEEALB:rRNA	23S ribosomal RNA	VFMEEALB_1:c90409-87729	VFMEEALB_00118

FATAL: DiscRep_SUB:RNA_CDS_OVERLAP::1 coding regions completely contain tRNAs
prokka_VFMEEALB_pseudofinder/VFMEEALB:CDS	Argininosuccinate synthase	VFMEEALB_1:86281-87576	VFMEEALB_00116
prokka_VFMEEALB_pseudofinder/VFMEEALB:tRNA	Ala	VFMEEALB_1:c86349-86282	VFMEEALB_00117

DiscRep_SUB:RNA_CDS_OVERLAP::16 coding regions overlap RNAs (no containment)
DiscRep_SUB:RNA_CDS_OVERLAP::13 coding regions overlap RNAs on the same strand (no containment)
prokka_VFMEEALB_pseudofinder/VFMEEALB:CDS	Peptide deformylase	VFMEEALB_1:13059-13505	VFMEEALB_00012
prokka_VFMEEALB_pseudofinder/VFMEEALB:tRNA	Phe	VFMEEALB_1:13480-13551	VFMEEALB_00013
prokka_VFMEEALB_pseudofinder/VFMEEALB:CDS	Ribose-phosphate pyrophosphokinase	VFMEEALB_1:17379-18302	VFMEEALB_00022
prokka_VFMEEALB_pseudofinder/VFMEEALB:tRNA	Gln	VFMEEALB_1:17365-17436	VFMEEALB_00021
prokka_VFMEEALB_pseudofinder/VFMEEALB:CDS	DNA polymerase III subunit alpha	VFMEEALB_1:32835-35684	VFMEEALB_00038
prokka_VFMEEALB_pseudofinder/VFMEEALB:tRNA	Leu	VFMEEALB_1:35669-35743	VFMEEALB_00039
prokka_VFMEEALB_pseudofinder/VFMEEALB:CDS	hypothetical protein	VFMEEALB_1:35751-36632	VFMEEALB_00041
prokka_VFMEEALB_pseudofinder/VFMEEALB:tRNA	Ser	VFMEEALB_1:35744-35834	VFMEEALB_00040
prokka_VFMEEALB_pseudofinder/VFMEEALB:CDS	DNA polymerase III subunit epsilon	VFMEEALB_1:c41277-40642	VFMEEALB_00051
prokka_VFMEEALB_pseudofinder/VFMEEALB:tRNA	Gly	VFMEEALB_1:c40656-40586	VFMEEALB_00050
prokka_VFMEEALB_pseudofinder/VFMEEALB:CDS	ATP-dependent Clp protease ATP-binding subunit ClpX	VFMEEALB_1:45946-47121	VFMEEALB_00055
prokka_VFMEEALB_pseudofinder/VFMEEALB:tRNA	Val	VFMEEALB_1:47119-47193	VFMEEALB_00056
prokka_VFMEEALB_pseudofinder/VFMEEALB:CDS	hypothetical protein	VFMEEALB_1:47134-47538	VFMEEALB_00057
prokka_VFMEEALB_pseudofinder/VFMEEALB:tRNA	Val	VFMEEALB_1:47119-47193	VFMEEALB_00056
prokka_VFMEEALB_pseudofinder/VFMEEALB:CDS	ATP phosphoribosyltransferase	VFMEEALB_1:48817-49407	VFMEEALB_00062
prokka_VFMEEALB_pseudofinder/VFMEEALB:tRNA	Arg	VFMEEALB_1:48768-48841	VFMEEALB_00061
prokka_VFMEEALB_pseudofinder/VFMEEALB:CDS	Phosphoribosyl-ATP pyrophosphatase	VFMEEALB_1:54466-54723	VFMEEALB_00070
prokka_VFMEEALB_pseudofinder/VFMEEALB:tRNA	Thr	VFMEEALB_1:54713-54785	VFMEEALB_00071
prokka_VFMEEALB_pseudofinder/VFMEEALB:CDS	Ornithine carbamoyltransferase 1, anabolic	VFMEEALB_1:54834-55700	VFMEEALB_00073
prokka_VFMEEALB_pseudofinder/VFMEEALB:tRNA	His	VFMEEALB_1:54786-54858	VFMEEALB_00072
prokka_VFMEEALB_pseudofinder/VFMEEALB:CDS	50S ribosomal protein L20	VFMEEALB_1:c56093-55749	VFMEEALB_00075
prokka_VFMEEALB_pseudofinder/VFMEEALB:tRNA	Lys	VFMEEALB_1:c55759-55686	VFMEEALB_00074
prokka_VFMEEALB_pseudofinder/VFMEEALB:CDS	Glutamyl-Q tRNA(Asp) synthetase	VFMEEALB_1:c66677-65772	VFMEEALB_00094
prokka_VFMEEALB_pseudofinder/VFMEEALB:tRNA	Glu	VFMEEALB_1:c65782-65709	VFMEEALB_00093
prokka_VFMEEALB_pseudofinder/VFMEEALB:CDS	3-dehydroquinate synthase	VFMEEALB_1:102714-103763	VFMEEALB_00147
prokka_VFMEEALB_pseudofinder/VFMEEALB:tRNA	Tyr	VFMEEALB_1:103761-103845	VFMEEALB_00148

DiscRep_SUB:RNA_CDS_OVERLAP::3 coding regions overlap RNAs on the opposite strand (no containment)
prokka_VFMEEALB_pseudofinder/VFMEEALB:CDS	hypothetical protein	VFMEEALB_1:40120-40317	VFMEEALB_00047
prokka_VFMEEALB_pseudofinder/VFMEEALB:tRNA	Asn	VFMEEALB_1:c40382-40309	VFMEEALB_00048
prokka_VFMEEALB_pseudofinder/VFMEEALB:CDS	DNA polymerase III subunit tau	VFMEEALB_1:47540-48625	VFMEEALB_00058
prokka_VFMEEALB_pseudofinder/VFMEEALB:tRNA	Leu	VFMEEALB_1:c48682-48606	VFMEEALB_00059
prokka_VFMEEALB_pseudofinder/VFMEEALB:CDS	Ornithine carbamoyltransferase 1, anabolic	VFMEEALB_1:54834-55700	VFMEEALB_00073
prokka_VFMEEALB_pseudofinder/VFMEEALB:tRNA	Lys	VFMEEALB_1:c55759-55686	VFMEEALB_00074

DiscRep_ALL:DISC_QUALITY_SCORES::Quality scores are missing on all sequences.

DiscRep_ALL:ONCALLER_COMMENT_PRESENT::1 comment descriptors were found (all same)
prokka_VFMEEALB_pseudofinder/VFMEEALB:Prokka:VFMEEALB_1:Annotated using prokka 1.14.6 from https://github.com/tseemann/prokka

DiscRep_ALL:SHORT_PROT_SEQUENCES::2 protein sequences are shorter than 50 aa.
prokka_VFMEEALB_pseudofinder/VFMEEALB:Prokka:VFMEEALB_00011 (length 34)
prokka_VFMEEALB_pseudofinder/VFMEEALB:Prokka:VFMEEALB_00140 (length 37)

DiscRep_ALL:MISSING_GENOMEASSEMBLY_COMMENTS::1 bioseqs are missing GenomeAssembly structured comments
prokka_VFMEEALB_pseudofinder/VFMEEALB:Prokka:VFMEEALB_1 (length 104008)

DiscRep_ALL:MOLTYPE_NOT_MRNA::1 molecule types are not set as mRNA.
prokka_VFMEEALB_pseudofinder/VFMEEALB:Prokka:VFMEEALB_1 (length 104008)

DiscRep_ALL:TECHNIQUE_NOT_TSA::1 technique are not set as TSA
prokka_VFMEEALB_pseudofinder/VFMEEALB:Prokka:VFMEEALB_1 (length 104008)

DiscRep_ALL:MISSING_STRUCTURED_COMMENT::1 sequences do not include structured comments.
prokka_VFMEEALB_pseudofinder/VFMEEALB:Prokka:VFMEEALB_1 (length 104008)

DiscRep_ALL:MISSING_PROJECT::125 sequences do not include project.
prokka_VFMEEALB_pseudofinder/VFMEEALB:Prokka:VFMEEALB_1 (length 104008)
prokka_VFMEEALB_pseudofinder/VFMEEALB:Prokka:VFMEEALB_00001 (length 394)
prokka_VFMEEALB_pseudofinder/VFMEEALB:Prokka:VFMEEALB_00002 (length 127)
prokka_VFMEEALB_pseudofinder/VFMEEALB:Prokka:VFMEEALB_00003 (length 143)
prokka_VFMEEALB_pseudofinder/VFMEEALB:Prokka:VFMEEALB_00004 (length 114)
prokka_VFMEEALB_pseudofinder/VFMEEALB:Prokka:VFMEEALB_00005 (length 1261)
prokka_VFMEEALB_pseudofinder/VFMEEALB:Prokka:VFMEEALB_00006 (length 1199)
prokka_VFMEEALB_pseudofinder/VFMEEALB:Prokka:VFMEEALB_00007 (length 126)
prokka_VFMEEALB_pseudofinder/VFMEEALB:Prokka:VFMEEALB_00008 (length 156)
prokka_VFMEEALB_pseudofinder/VFMEEALB:Prokka:VFMEEALB_00009 (length 678)
prokka_VFMEEALB_pseudofinder/VFMEEALB:Prokka:VFMEEALB_00010 (length 95)
prokka_VFMEEALB_pseudofinder/VFMEEALB:Prokka:VFMEEALB_00011 (length 34)
prokka_VFMEEALB_pseudofinder/VFMEEALB:Prokka:VFMEEALB_00012 (length 148)
prokka_VFMEEALB_pseudofinder/VFMEEALB:Prokka:VFMEEALB_00014 (length 162)
prokka_VFMEEALB_pseudofinder/VFMEEALB:Prokka:VFMEEALB_00015 (length 326)
prokka_VFMEEALB_pseudofinder/VFMEEALB:Prokka:VFMEEALB_00016 (length 131)
prokka_VFMEEALB_pseudofinder/VFMEEALB:Prokka:VFMEEALB_00017 (length 87)
prokka_VFMEEALB_pseudofinder/VFMEEALB:Prokka:VFMEEALB_00018 (length 241)
prokka_VFMEEALB_pseudofinder/VFMEEALB:Prokka:VFMEEALB_00019 (length 181)
prokka_VFMEEALB_pseudofinder/VFMEEALB:Prokka:VFMEEALB_00020 (length 110)
prokka_VFMEEALB_pseudofinder/VFMEEALB:Prokka:VFMEEALB_00022 (length 307)
prokka_VFMEEALB_pseudofinder/VFMEEALB:Prokka:VFMEEALB_00023 (length 148)
prokka_VFMEEALB_pseudofinder/VFMEEALB:Prokka:VFMEEALB_00024 (length 192)
prokka_VFMEEALB_pseudofinder/VFMEEALB:Prokka:VFMEEALB_00025 (length 323)
prokka_VFMEEALB_pseudofinder/VFMEEALB:Prokka:VFMEEALB_00026 (length 440)
prokka_VFMEEALB_pseudofinder/VFMEEALB:Prokka:VFMEEALB_00027 (length 212)
prokka_VFMEEALB_pseudofinder/VFMEEALB:Prokka:VFMEEALB_00028 (length 242)
prokka_VFMEEALB_pseudofinder/VFMEEALB:Prokka:VFMEEALB_00029 (length 315)
prokka_VFMEEALB_pseudofinder/VFMEEALB:Prokka:VFMEEALB_00030 (length 192)
prokka_VFMEEALB_pseudofinder/VFMEEALB:Prokka:VFMEEALB_00031 (length 413)
prokka_VFMEEALB_pseudofinder/VFMEEALB:Prokka:VFMEEALB_00032 (length 456)
prokka_VFMEEALB_pseudofinder/VFMEEALB:Prokka:VFMEEALB_00033 (length 416)
prokka_VFMEEALB_pseudofinder/VFMEEALB:Prokka:VFMEEALB_00034 (length 301)
prokka_VFMEEALB_pseudofinder/VFMEEALB:Prokka:VFMEEALB_00035 (length 265)
prokka_VFMEEALB_pseudofinder/VFMEEALB:Prokka:VFMEEALB_00036 (length 310)
prokka_VFMEEALB_pseudofinder/VFMEEALB:Prokka:VFMEEALB_00037 (length 422)
prokka_VFMEEALB_pseudofinder/VFMEEALB:Prokka:VFMEEALB_00038 (length 949)
prokka_VFMEEALB_pseudofinder/VFMEEALB:Prokka:VFMEEALB_00041 (length 293)
prokka_VFMEEALB_pseudofinder/VFMEEALB:Prokka:VFMEEALB_00042 (length 333)
prokka_VFMEEALB_pseudofinder/VFMEEALB:Prokka:VFMEEALB_00043 (length 188)
prokka_VFMEEALB_pseudofinder/VFMEEALB:Prokka:VFMEEALB_00044 (length 368)
prokka_VFMEEALB_pseudofinder/VFMEEALB:Prokka:VFMEEALB_00045 (length 215)
prokka_VFMEEALB_pseudofinder/VFMEEALB:Prokka:VFMEEALB_00046 (length 77)
prokka_VFMEEALB_pseudofinder/VFMEEALB:Prokka:VFMEEALB_00047 (length 65)
prokka_VFMEEALB_pseudofinder/VFMEEALB:Prokka:VFMEEALB_00051 (length 211)
prokka_VFMEEALB_pseudofinder/VFMEEALB:Prokka:VFMEEALB_00052 (length 285)
prokka_VFMEEALB_pseudofinder/VFMEEALB:Prokka:VFMEEALB_00053 (length 1031)
prokka_VFMEEALB_pseudofinder/VFMEEALB:Prokka:VFMEEALB_00054 (length 185)
prokka_VFMEEALB_pseudofinder/VFMEEALB:Prokka:VFMEEALB_00055 (length 391)
prokka_VFMEEALB_pseudofinder/VFMEEALB:Prokka:VFMEEALB_00057 (length 134)
prokka_VFMEEALB_pseudofinder/VFMEEALB:Prokka:VFMEEALB_00058 (length 361)
prokka_VFMEEALB_pseudofinder/VFMEEALB:Prokka:VFMEEALB_00062 (length 196)
prokka_VFMEEALB_pseudofinder/VFMEEALB:Prokka:VFMEEALB_00063 (length 410)
prokka_VFMEEALB_pseudofinder/VFMEEALB:Prokka:VFMEEALB_00064 (length 338)
prokka_VFMEEALB_pseudofinder/VFMEEALB:Prokka:VFMEEALB_00065 (length 177)
prokka_VFMEEALB_pseudofinder/VFMEEALB:Prokka:VFMEEALB_00066 (length 199)
prokka_VFMEEALB_pseudofinder/VFMEEALB:Prokka:VFMEEALB_00067 (length 240)
prokka_VFMEEALB_pseudofinder/VFMEEALB:Prokka:VFMEEALB_00068 (length 250)
prokka_VFMEEALB_pseudofinder/VFMEEALB:Prokka:VFMEEALB_00069 (length 96)
prokka_VFMEEALB_pseudofinder/VFMEEALB:Prokka:VFMEEALB_00070 (length 85)
prokka_VFMEEALB_pseudofinder/VFMEEALB:Prokka:VFMEEALB_00073 (length 288)
prokka_VFMEEALB_pseudofinder/VFMEEALB:Prokka:VFMEEALB_00075 (length 114)
prokka_VFMEEALB_pseudofinder/VFMEEALB:Prokka:VFMEEALB_00076 (length 142)
prokka_VFMEEALB_pseudofinder/VFMEEALB:Prokka:VFMEEALB_00077 (length 352)
prokka_VFMEEALB_pseudofinder/VFMEEALB:Prokka:VFMEEALB_00081 (length 97)
prokka_VFMEEALB_pseudofinder/VFMEEALB:Prokka:VFMEEALB_00082 (length 151)
prokka_VFMEEALB_pseudofinder/VFMEEALB:Prokka:VFMEEALB_00083 (length 147)
prokka_VFMEEALB_pseudofinder/VFMEEALB:Prokka:VFMEEALB_00084 (length 164)
prokka_VFMEEALB_pseudofinder/VFMEEALB:Prokka:VFMEEALB_00085 (length 350)
prokka_VFMEEALB_pseudofinder/VFMEEALB:Prokka:VFMEEALB_00086 (length 264)
prokka_VFMEEALB_pseudofinder/VFMEEALB:Prokka:VFMEEALB_00087 (length 348)
prokka_VFMEEALB_pseudofinder/VFMEEALB:Prokka:VFMEEALB_00088 (length 60)
prokka_VFMEEALB_pseudofinder/VFMEEALB:Prokka:VFMEEALB_00089 (length 427)
prokka_VFMEEALB_pseudofinder/VFMEEALB:Prokka:VFMEEALB_00090 (length 418)
prokka_VFMEEALB_pseudofinder/VFMEEALB:Prokka:VFMEEALB_00091 (length 142)
prokka_VFMEEALB_pseudofinder/VFMEEALB:Prokka:VFMEEALB_00094 (length 301)
prokka_VFMEEALB_pseudofinder/VFMEEALB:Prokka:VFMEEALB_00095 (length 422)
prokka_VFMEEALB_pseudofinder/VFMEEALB:Prokka:VFMEEALB_00096 (length 557)
prokka_VFMEEALB_pseudofinder/VFMEEALB:Prokka:VFMEEALB_00097 (length 92)
prokka_VFMEEALB_pseudofinder/VFMEEALB:Prokka:VFMEEALB_00098 (length 518)
prokka_VFMEEALB_pseudofinder/VFMEEALB:Prokka:VFMEEALB_00099 (length 424)
prokka_VFMEEALB_pseudofinder/VFMEEALB:Prokka:VFMEEALB_00100 (length 374)
prokka_VFMEEALB_pseudofinder/VFMEEALB:Prokka:VFMEEALB_00101 (length 343)
prokka_VFMEEALB_pseudofinder/VFMEEALB:Prokka:VFMEEALB_00102 (length 184)
prokka_VFMEEALB_pseudofinder/VFMEEALB:Prokka:VFMEEALB_00103 (length 322)
prokka_VFMEEALB_pseudofinder/VFMEEALB:Prokka:VFMEEALB_00104 (length 599)
prokka_VFMEEALB_pseudofinder/VFMEEALB:Prokka:VFMEEALB_00105 (length 164)
prokka_VFMEEALB_pseudofinder/VFMEEALB:Prokka:VFMEEALB_00106 (length 327)
prokka_VFMEEALB_pseudofinder/VFMEEALB:Prokka:VFMEEALB_00107 (length 321)
prokka_VFMEEALB_pseudofinder/VFMEEALB:Prokka:VFMEEALB_00108 (length 203)
prokka_VFMEEALB_pseudofinder/VFMEEALB:Prokka:VFMEEALB_00109 (length 667)
prokka_VFMEEALB_pseudofinder/VFMEEALB:Prokka:VFMEEALB_00110 (length 206)
prokka_VFMEEALB_pseudofinder/VFMEEALB:Prokka:VFMEEALB_00111 (length 202)
prokka_VFMEEALB_pseudofinder/VFMEEALB:Prokka:VFMEEALB_00112 (length 142)
prokka_VFMEEALB_pseudofinder/VFMEEALB:Prokka:VFMEEALB_00113 (length 84)
prokka_VFMEEALB_pseudofinder/VFMEEALB:Prokka:VFMEEALB_00114 (length 105)
prokka_VFMEEALB_pseudofinder/VFMEEALB:Prokka:VFMEEALB_00115 (length 225)
prokka_VFMEEALB_pseudofinder/VFMEEALB:Prokka:VFMEEALB_00116 (length 431)
prokka_VFMEEALB_pseudofinder/VFMEEALB:Prokka:VFMEEALB_00119 (length 109)
prokka_VFMEEALB_pseudofinder/VFMEEALB:Prokka:VFMEEALB_00122 (length 196)
prokka_VFMEEALB_pseudofinder/VFMEEALB:Prokka:VFMEEALB_00123 (length 185)
prokka_VFMEEALB_pseudofinder/VFMEEALB:Prokka:VFMEEALB_00124 (length 70)
prokka_VFMEEALB_pseudofinder/VFMEEALB:Prokka:VFMEEALB_00125 (length 264)
prokka_VFMEEALB_pseudofinder/VFMEEALB:Prokka:VFMEEALB_00126 (length 93)
prokka_VFMEEALB_pseudofinder/VFMEEALB:Prokka:VFMEEALB_00127 (length 112)
prokka_VFMEEALB_pseudofinder/VFMEEALB:Prokka:VFMEEALB_00128 (length 203)
prokka_VFMEEALB_pseudofinder/VFMEEALB:Prokka:VFMEEALB_00129 (length 134)
prokka_VFMEEALB_pseudofinder/VFMEEALB:Prokka:VFMEEALB_00130 (length 79)
prokka_VFMEEALB_pseudofinder/VFMEEALB:Prokka:VFMEEALB_00131 (length 120)
prokka_VFMEEALB_pseudofinder/VFMEEALB:Prokka:VFMEEALB_00132 (length 183)
prokka_VFMEEALB_pseudofinder/VFMEEALB:Prokka:VFMEEALB_00133 (length 93)
prokka_VFMEEALB_pseudofinder/VFMEEALB:Prokka:VFMEEALB_00134 (length 116)
prokka_VFMEEALB_pseudofinder/VFMEEALB:Prokka:VFMEEALB_00135 (length 175)
prokka_VFMEEALB_pseudofinder/VFMEEALB:Prokka:VFMEEALB_00136 (length 97)
prokka_VFMEEALB_pseudofinder/VFMEEALB:Prokka:VFMEEALB_00137 (length 134)
prokka_VFMEEALB_pseudofinder/VFMEEALB:Prokka:VFMEEALB_00138 (length 91)
prokka_VFMEEALB_pseudofinder/VFMEEALB:Prokka:VFMEEALB_00139 (length 69)
prokka_VFMEEALB_pseudofinder/VFMEEALB:Prokka:VFMEEALB_00140 (length 37)
prokka_VFMEEALB_pseudofinder/VFMEEALB:Prokka:VFMEEALB_00141 (length 122)
prokka_VFMEEALB_pseudofinder/VFMEEALB:Prokka:VFMEEALB_00142 (length 115)
prokka_VFMEEALB_pseudofinder/VFMEEALB:Prokka:VFMEEALB_00143 (length 171)
prokka_VFMEEALB_pseudofinder/VFMEEALB:Prokka:VFMEEALB_00144 (length 183)
prokka_VFMEEALB_pseudofinder/VFMEEALB:Prokka:VFMEEALB_00145 (length 82)
prokka_VFMEEALB_pseudofinder/VFMEEALB:Prokka:VFMEEALB_00146 (length 368)
prokka_VFMEEALB_pseudofinder/VFMEEALB:Prokka:VFMEEALB_00147 (length 349)

DiscRep_ALL:DISC_INCONSISTENT_MOLINFO_TECH::Molinfo Technique Report (some missing, all same)
DiscRep_SUB:DISC_INCONSISTENT_MOLINFO_TECH::technique (all missing)
DiscRep_SUB:DISC_INCONSISTENT_MOLINFO_TECH::1 Molinfos are missing field technique
prokka_VFMEEALB_pseudofinder/VFMEEALB:Prokka:VFMEEALB_1 (length 104008)

