[18:35:51] This is prokka 1.13
[18:35:51] Written by Torsten Seemann <torsten.seemann@gmail.com>
[18:35:51] Homepage is https://github.com/tseemann/prokka
[18:35:51] Local time is Wed Feb 21 18:35:51 2024
[18:35:51] You are diego
[18:35:51] Operating system is linux
[18:35:51] You have BioPerl 1.007002
[18:35:51] System has 32 cores.
[18:35:51] Will use maximum of 30 cores.
[18:35:51] Annotating as >>> Bacteria <<<
[18:35:51] Enabling options to ensure Genbank/ENA/DDJB submission compliance.
[18:35:51] Creating new output folder: prokka_SMSCOSUL
[18:35:51] Running: mkdir -p prokka_SMSCOSUL
[18:35:51] Using filename prefix: SMSCOSUL.XXX
[18:35:51] Setting HMMER_NCPU=1
[18:35:51] Writing log to: prokka_SMSCOSUL/SMSCOSUL.log
[18:35:51] Command: /home/diego/miniconda3/envs/prokka_env/bin/prokka SMSCOSUL.fasta --outdir prokka_SMSCOSUL --prefix SMSCOSUL --gcode 4 --compliant --cpus 30 --locustag SMSCOSUL
[18:35:51] Appending to PATH: /home/diego/miniconda3/envs/prokka_env/bin
[18:35:51] Looking for 'aragorn' - found /home/diego/miniconda3/envs/prokka_env/bin/aragorn
[18:35:51] Determined aragorn version is 1.2
[18:35:51] Looking for 'barrnap' - found /home/diego/miniconda3/envs/prokka_env/bin/barrnap
[18:35:51] Determined barrnap version is 0.9
[18:35:51] Looking for 'blastp' - found /home/diego/miniconda3/envs/prokka_env/bin/blastp
[18:35:51] Determined blastp version is 2.14
[18:35:51] Looking for 'cmpress' - found /home/diego/miniconda3/envs/prokka_env/bin/cmpress
[18:35:51] Determined cmpress version is 1.1
[18:35:51] Looking for 'cmscan' - found /home/diego/miniconda3/envs/prokka_env/bin/cmscan
[18:35:51] Determined cmscan version is 1.1
[18:35:51] Looking for 'egrep' - found /usr/bin/egrep
[18:35:51] Looking for 'find' - found /usr/bin/find
[18:35:51] Looking for 'grep' - found /usr/bin/grep
[18:35:51] Looking for 'hmmpress' - found /home/diego/miniconda3/envs/prokka_env/bin/hmmpress
[18:35:51] Determined hmmpress version is 3.3
[18:35:51] Looking for 'hmmscan' - found /home/diego/miniconda3/envs/prokka_env/bin/hmmscan
[18:35:51] Determined hmmscan version is 3.3
[18:35:51] Looking for 'java' - found /home/diego/miniconda3/envs/prokka_env/bin/java
[18:35:51] Looking for 'less' - found /usr/bin/less
[18:35:51] Looking for 'makeblastdb' - found /home/diego/miniconda3/envs/prokka_env/bin/makeblastdb
[18:35:51] Determined makeblastdb version is 2.14
[18:35:51] Looking for 'minced' - found /home/diego/miniconda3/envs/prokka_env/bin/minced
[18:35:51] Determined minced version is 4.2
[18:35:51] Looking for 'parallel' - found /home/diego/miniconda3/envs/prokka_env/bin/parallel
[18:35:51] Determined parallel version is 20160622
[18:35:51] Looking for 'prodigal' - found /home/diego/miniconda3/envs/prokka_env/bin/prodigal
[18:35:51] Determined prodigal version is 2.6
[18:35:51] Looking for 'prokka-genbank_to_fasta_db' - found /home/diego/miniconda3/envs/prokka_env/bin/prokka-genbank_to_fasta_db
[18:35:51] Looking for 'rnammer' - found /home/diego/rnammer-1.2.src/rnammer
[18:35:51] Determined rnammer version is 1.2
[18:35:51] Looking for 'sed' - found /usr/bin/sed
[18:35:51] Looking for 'tbl2asn' - found /home/diego/miniconda3/envs/prokka_env/bin/tbl2asn
[18:35:51] Determined tbl2asn version is 25.8
[18:35:51] Using genetic code table 4.
[18:35:51] Loading and checking input file: SMSCOSUL.fasta
[18:35:51] Wrote 1 contigs totalling 142599 bp.
[18:35:51] Predicting tRNAs and tmRNAs
[18:35:51] Running: aragorn -l -gc4  -w prokka_SMSCOSUL\/SMSCOSUL\.fna
[18:35:51] 1 tRNA-Met [9052,9126] 35 (cat)
[18:35:51] 2 tRNA-Asn c[12579,12655] 37 (gtt)
[18:35:51] 3 tRNA-Cys c[18266,18336] 33 (gca)
[18:35:51] 4 tmRNA c[21597,21853] 98,124 GKNYSLAA*
[18:35:51] 5 tRNA-Met c[22456,22531] 36 (cat)
[18:35:51] 6 tRNA-Leu [25748,25833] 36 (tag)
[18:35:51] 7 tRNA-Ser [30401,30483] 35 (gct)
[18:35:51] 8 tRNA-Pro [30492,30566] 36 (tgg)
[18:35:51] 9 tRNA-Arg [30570,30642] 34 (tct)
[18:35:51] 10 tRNA-Ser c[35870,35957] 36 (tga)
[18:35:51] 11 tRNA-Lys [39664,39736] 34 (ttt)
[18:35:51] 12 tRNA-Asp c[39742,39815] 35 (gtc)
[18:35:51] 13 tRNA-Val c[43716,43790] 36 (tac)
[18:35:51] 14 tRNA-Leu c[57011,57092] 34 (taa)
[18:35:51] 15 tRNA-Gly c[57124,57196] 34 (gcc)
[18:35:51] 16 tRNA-Ala c[65782,65855] 35 (tgc)
[18:35:51] 17 tRNA-Ile c[65860,65933] 35 (gat)
[18:35:51] 18 tRNA-Thr [69768,69841] 35 (tgt)
[18:35:51] 19 tRNA-Tyr [69854,69936] 35 (gta)
[18:35:51] 20 tRNA-Gly [69947,70018] 34 (tcc)
[18:35:51] 21 tRNA-Thr [70026,70100] 35 (ggt)
[18:35:51] 22 tRNA-Trp [71316,71389] 35 (cca)
[18:35:51] 23 tRNA-His [82679,82754] 36 (gtg)
[18:35:51] 24 tRNA-Phe c[84617,84691] 36 (gaa)
[18:35:51] 25 tRNA-Leu c[96914,96987] 35 (gag)
[18:35:51] 26 tRNA-Met [97018,97093] 36 (cat)
[18:35:51] 27 tRNA-Glu c[108048,108119] 34 (ttc)
[18:35:51] 28 tRNA-Gln [108471,108541] 33 (ttg)
[18:35:51] 29 tRNA-Arg c[133017,133090] 35 (acg)
[18:35:51] Found 29 tRNAs
[18:35:51] Predicting Ribosomal RNAs
[18:35:51] Running Barrnap with 30 threads
[18:35:52] 1 gnl|Prokka|SMSCOSUL_1 62735 5S ribosomal RNA
[18:35:52] 2 gnl|Prokka|SMSCOSUL_1 62892 23S ribosomal RNA
[18:35:52] 3 gnl|Prokka|SMSCOSUL_1 65944 16S ribosomal RNA
[18:35:52] Found 3 rRNAs
[18:35:52] Skipping ncRNA search, enable with --rfam if desired.
[18:35:52] Total of 31 tRNA + rRNA features
[18:35:52] Searching for CRISPR repeats
[18:35:52] Found 0 CRISPRs
[18:35:52] Predicting coding sequences
[18:35:52] Contigs total 142599 bp, so using single mode
[18:35:52] Running: prodigal -i prokka_SMSCOSUL\/SMSCOSUL\.fna -c -m -g 4 -p single -f sco -q
[18:35:52] Excluding CDS which overlaps existing RNA (tRNA) at gnl|Prokka|SMSCOSUL_1:9207..12710 on + strand
[18:35:52] Excluding CDS which overlaps existing RNA (tRNA) at gnl|Prokka|SMSCOSUL_1:30604..32088 on - strand
[18:35:52] Excluding CDS which overlaps existing RNA (tRNA) at gnl|Prokka|SMSCOSUL_1:56394..57017 on + strand
[18:35:52] Excluding CDS which overlaps existing RNA (tRNA) at gnl|Prokka|SMSCOSUL_1:57182..59734 on - strand
[18:35:52] Excluding CDS which overlaps existing RNA (rRNA) at gnl|Prokka|SMSCOSUL_1:63015..63560 on + strand
[18:35:52] Excluding CDS which overlaps existing RNA (tRNA) at gnl|Prokka|SMSCOSUL_1:69924..70094 on - strand
[18:35:52] Excluding CDS which overlaps existing RNA (tRNA) at gnl|Prokka|SMSCOSUL_1:81617..82702 on + strand
[18:35:52] Found 137 CDS
[18:35:52] Connecting features back to sequences
[18:35:52] Not using genus-specific database. Try --usegenus to enable it.
[18:35:52] Annotating CDS, please be patient.
[18:35:52] Will use 30 CPUs for similarity searching.
[18:35:52] There are still 137 unannotated CDS left (started with 137)
[18:35:52] Will use blast to search against /home/diego/miniconda3/envs/prokka_env/bin/../db/kingdom/Bacteria/sprot with 30 CPUs
[18:35:52] Running: cat prokka_SMSCOSUL\/sprot\.faa | parallel --gnu --plain -j 30 --block 683 --recstart '>' --pipe blastp -query - -db /home/diego/miniconda3/envs/prokka_env/bin/../db/kingdom/Bacteria/sprot -evalue 1e-06 -num_threads 1 -num_descriptions 1 -num_alignments 1 -seg no > prokka_SMSCOSUL\/sprot\.blast 2> /dev/null
[18:35:54] Modify product: Probable ATP-dependent transporter SufC => putative ATP-dependent transporter SufC
[18:35:54] Cleaned 1 /product names
[18:35:54] Deleting unwanted file: prokka_SMSCOSUL/sprot.faa
[18:35:54] Deleting unwanted file: prokka_SMSCOSUL/sprot.blast
[18:35:54] There are still 22 unannotated CDS left (started with 137)
[18:35:54] Will use hmmer3 to search against /home/diego/miniconda3/envs/prokka_env/bin/../db/hmm/HAMAP.hmm with 30 CPUs
[18:35:54] Running: cat prokka_SMSCOSUL\/HAMAP\.hmm\.faa | parallel --gnu --plain -j 30 --block 47 --recstart '>' --pipe hmmscan --noali --notextw --acc -E 1e-06 --cpu 1 /home/diego/miniconda3/envs/prokka_env/bin/../db/hmm/HAMAP.hmm /dev/stdin > prokka_SMSCOSUL\/HAMAP\.hmm\.hmmer3 2> /dev/null
[18:35:54] Deleting unwanted file: prokka_SMSCOSUL/HAMAP.hmm.faa
[18:35:54] Deleting unwanted file: prokka_SMSCOSUL/HAMAP.hmm.hmmer3
[18:35:54] Labelling remaining 14 proteins as 'hypothetical protein'
[18:35:54] Found 122 unique /gene codes.
[18:35:54] Fixed 0 colliding /gene names.
[18:35:54] Adding /locus_tag identifiers
[18:35:54] Assigned 169 locus_tags to CDS and RNA features.
[18:35:54] Writing outputs to prokka_SMSCOSUL/
[18:35:55] Generating annotation statistics file
[18:35:55] Generating Genbank and Sequin files
[18:35:55] Running: tbl2asn -V b -a r10k -l paired-ends -M n -N 1 -y 'Annotated using prokka 1.13 from https://github.com/tseemann/prokka' -Z prokka_SMSCOSUL\/SMSCOSUL\.err -i prokka_SMSCOSUL\/SMSCOSUL\.fsa 2> /dev/null
[18:35:55] Deleting unwanted file: prokka_SMSCOSUL/errorsummary.val
[18:35:55] Deleting unwanted file: prokka_SMSCOSUL/SMSCOSUL.dr
[18:35:55] Deleting unwanted file: prokka_SMSCOSUL/SMSCOSUL.fixedproducts
[18:35:55] Deleting unwanted file: prokka_SMSCOSUL/SMSCOSUL.ecn
[18:35:55] Deleting unwanted file: prokka_SMSCOSUL/SMSCOSUL.val
[18:35:55] Repairing broken .GBK output that tbl2asn produces...
[18:35:55] Running: sed 's/COORDINATES: profile/COORDINATES:profile/' < prokka_SMSCOSUL\/SMSCOSUL\.gbf > prokka_SMSCOSUL\/SMSCOSUL\.gbk
[18:35:55] Deleting unwanted file: prokka_SMSCOSUL/SMSCOSUL.gbf
[18:35:55] Output files:
[18:35:55] prokka_SMSCOSUL/SMSCOSUL.log
[18:35:55] prokka_SMSCOSUL/SMSCOSUL.gbk
[18:35:55] prokka_SMSCOSUL/SMSCOSUL.err
[18:35:55] prokka_SMSCOSUL/SMSCOSUL.fsa
[18:35:55] prokka_SMSCOSUL/SMSCOSUL.tbl
[18:35:55] prokka_SMSCOSUL/SMSCOSUL.ffn
[18:35:55] prokka_SMSCOSUL/SMSCOSUL.tsv
[18:35:55] prokka_SMSCOSUL/SMSCOSUL.faa
[18:35:55] prokka_SMSCOSUL/SMSCOSUL.txt
[18:35:55] prokka_SMSCOSUL/SMSCOSUL.sqn
[18:35:55] prokka_SMSCOSUL/SMSCOSUL.gff
[18:35:55] prokka_SMSCOSUL/SMSCOSUL.fna
[18:35:55] Annotation finished successfully.
[18:35:55] Walltime used: 0.07 minutes
[18:35:55] If you use this result please cite the Prokka paper:
[18:35:55] Seemann T (2014) Prokka: rapid prokaryotic genome annotation. Bioinformatics. 30(14):2068-9.
[18:35:55] Type 'prokka --citation' for more details.
[18:35:55] Thank you, come again.
