[20:35:23] This is prokka 1.13
[20:35:23] Written by Torsten Seemann <torsten.seemann@gmail.com>
[20:35:23] Homepage is https://github.com/tseemann/prokka
[20:35:23] Local time is Tue Nov  7 20:35:23 2023
[20:35:23] You are diego
[20:35:23] Operating system is linux
[20:35:23] You have BioPerl 1.007002
[20:35:23] System has 32 cores.
[20:35:23] Will use maximum of 30 cores.
[20:35:23] Annotating as >>> Bacteria <<<
[20:35:23] Enabling options to ensure Genbank/ENA/DDJB submission compliance.
[20:35:23] Re-using existing --outdir annotation_prokka/prokka_VFTETSUL
[20:35:23] Using filename prefix: prokka_VFTETSUL.XXX
[20:35:23] Setting HMMER_NCPU=1
[20:35:23] Writing log to: annotation_prokka/prokka_VFTETSUL/prokka_VFTETSUL.log
[20:35:23] Command: /home/diego/miniconda3/envs/prokka_env/bin/prokka VFTETSUL.fasta --prefix prokka_VFTETSUL --outdir annotation_prokka/prokka_VFTETSUL --cpus 30 --locustag VFTETSUL --gcode 11 --force --compliant
[20:35:23] Appending to PATH: /home/diego/miniconda3/envs/prokka_env/bin
[20:35:23] Looking for 'aragorn' - found /home/diego/miniconda3/envs/prokka_env/bin/aragorn
[20:35:23] Determined aragorn version is 1.2
[20:35:23] Looking for 'barrnap' - found /home/diego/miniconda3/envs/prokka_env/bin/barrnap
[20:35:23] Determined barrnap version is 0.9
[20:35:23] Looking for 'blastp' - found /home/diego/miniconda3/envs/prokka_env/bin/blastp
[20:35:24] Determined blastp version is 2.14
[20:35:24] Looking for 'cmpress' - found /home/diego/miniconda3/envs/prokka_env/bin/cmpress
[20:35:24] Determined cmpress version is 1.1
[20:35:24] Looking for 'cmscan' - found /home/diego/miniconda3/envs/prokka_env/bin/cmscan
[20:35:24] Determined cmscan version is 1.1
[20:35:24] Looking for 'egrep' - found /usr/bin/egrep
[20:35:24] Looking for 'find' - found /usr/bin/find
[20:35:24] Looking for 'grep' - found /usr/bin/grep
[20:35:24] Looking for 'hmmpress' - found /home/diego/miniconda3/envs/prokka_env/bin/hmmpress
[20:35:24] Determined hmmpress version is 3.3
[20:35:24] Looking for 'hmmscan' - found /home/diego/miniconda3/envs/prokka_env/bin/hmmscan
[20:35:24] Determined hmmscan version is 3.3
[20:35:24] Looking for 'java' - found /home/diego/miniconda3/envs/prokka_env/bin/java
[20:35:24] Looking for 'less' - found /usr/bin/less
[20:35:24] Looking for 'makeblastdb' - found /home/diego/miniconda3/envs/prokka_env/bin/makeblastdb
[20:35:24] Determined makeblastdb version is 2.14
[20:35:24] Looking for 'minced' - found /home/diego/miniconda3/envs/prokka_env/bin/minced
[20:35:24] Determined minced version is 4.2
[20:35:24] Looking for 'parallel' - found /home/diego/miniconda3/envs/prokka_env/bin/parallel
[20:35:24] Determined parallel version is 20160622
[20:35:24] Looking for 'prodigal' - found /home/diego/miniconda3/envs/prokka_env/bin/prodigal
[20:35:24] Determined prodigal version is 2.6
[20:35:24] Looking for 'prokka-genbank_to_fasta_db' - found /home/diego/miniconda3/envs/prokka_env/bin/prokka-genbank_to_fasta_db
[20:35:24] Looking for 'rnammer' - found /home/diego/rnammer-1.2.src/rnammer
[20:35:24] Determined rnammer version is 1.2
[20:35:24] Looking for 'sed' - found /usr/bin/sed
[20:35:24] Looking for 'tbl2asn' - found /home/diego/miniconda3/envs/prokka_env/bin/tbl2asn
[20:35:24] Determined tbl2asn version is 25.8
[20:35:24] Using genetic code table 11.
[20:35:24] Loading and checking input file: VFTETSUL.fasta
[20:35:24] Wrote 1 contigs totalling 102863 bp.
[20:35:24] Predicting tRNAs and tmRNAs
[20:35:24] Running: aragorn -l -gc11  -w annotation_prokka\/prokka_VFTETSUL\/prokka_VFTETSUL\.fna
[20:35:24] 1 tRNA-Trp [1178,1251] 35 (cca)
[20:35:24] 2 tRNA-Phe [14686,14758] 34 (gaa)
[20:35:24] 3 tRNA-Gln [20697,20770] 35 (ttg)
[20:35:24] 4 tRNA-Ser [28913,28996] 35 (gct)
[20:35:24] 5 tRNA-Asn c[46541,46612] 33 (gtt)
[20:35:24] 6 tRNA-Cys c[46719,46793] 35 (gca)
[20:35:24] 7 tRNA-Gly c[46793,46864] 33 (gcc)
[20:35:24] 8 tRNA-Val [49625,49696] 33 (tac)
[20:35:24] 9 tRNA-Ser c[51575,51657] 35 (tga)
[20:35:24] 10 tRNA-His [57606,57678] 34 (gtg)
[20:35:24] 11 tRNA-Lys c[57677,57751] 35 (ttt)
[20:35:24] 12 tRNA-Val c[58693,58767] 35 (aac)
[20:35:24] 13 tRNA-Arg c[59826,59899] 35 (tct)
[20:35:24] 14 tRNA-Met c[60020,60093] 34 (cat)
[20:35:24] 15 tRNA-Pro [60135,60206] 33 (tgg)
[20:35:24] 16 tRNA-Asp c[69316,69391] 36 (gtc)
[20:35:24] 17 tRNA-Glu c[69396,69466] 33 (ttc)
[20:35:24] 18 tRNA-Ala c[86243,86314] 33 (tgc)
[20:35:24] 19 tRNA-Ile c[89202,89273] 33 (gat)
[20:35:24] 20 tRNA-Met [102623,102694] 34 (cat)
[20:35:24] 21 tRNA-Tyr [102697,102784] 35 (gta)
[20:35:24] 22 tRNA-Gly [102785,102855] 33 (tcc)
[20:35:24] Found 22 tRNAs
[20:35:24] Predicting Ribosomal RNAs
[20:35:24] Running Barrnap with 30 threads
[20:35:24] 1 gnl|Prokka|VFTETSUL_1 86459 23S ribosomal RNA
[20:35:24] 2 gnl|Prokka|VFTETSUL_1 89289 16S ribosomal RNA
[20:35:24] Found 2 rRNAs
[20:35:24] Skipping ncRNA search, enable with --rfam if desired.
[20:35:24] Total of 24 tRNA + rRNA features
[20:35:24] Searching for CRISPR repeats
[20:35:24] Found 0 CRISPRs
[20:35:24] Predicting coding sequences
[20:35:24] Contigs total 102863 bp, so using single mode
[20:35:24] Running: prodigal -i annotation_prokka\/prokka_VFTETSUL\/prokka_VFTETSUL\.fna -c -m -g 11 -p single -f sco -q
[20:35:24] Excluding CDS which overlaps existing RNA (tRNA) at gnl|Prokka|VFTETSUL_1:1..1188 on + strand
[20:35:24] Excluding CDS which overlaps existing RNA (tRNA) at gnl|Prokka|VFTETSUL_1:14267..14692 on + strand
[20:35:24] Excluding CDS which overlaps existing RNA (tRNA) at gnl|Prokka|VFTETSUL_1:20712..21647 on + strand
[20:35:24] Excluding CDS which overlaps existing RNA (tRNA) at gnl|Prokka|VFTETSUL_1:26812..28914 on + strand
[20:35:24] Excluding CDS which overlaps existing RNA (tRNA) at gnl|Prokka|VFTETSUL_1:28988..29185 on - strand
[20:35:24] Excluding CDS which overlaps existing RNA (tRNA) at gnl|Prokka|VFTETSUL_1:48474..49634 on + strand
[20:35:24] Excluding CDS which overlaps existing RNA (tRNA) at gnl|Prokka|VFTETSUL_1:57741..58094 on - strand
[20:35:24] Excluding CDS which overlaps existing RNA (tRNA) at gnl|Prokka|VFTETSUL_1:58765..59820 on - strand
[20:35:24] Excluding CDS which overlaps existing RNA (tRNA) at gnl|Prokka|VFTETSUL_1:59899..60018 on + strand
[20:35:24] Excluding CDS which overlaps existing RNA (tRNA) at gnl|Prokka|VFTETSUL_1:69108..69335 on + strand
[20:35:24] Excluding CDS which overlaps existing RNA (rRNA) at gnl|Prokka|VFTETSUL_1:86624..87016 on + strand
[20:35:24] Excluding CDS which overlaps existing RNA (rRNA) at gnl|Prokka|VFTETSUL_1:87908..88045 on - strand
[20:35:24] Excluding CDS which overlaps existing RNA (rRNA) at gnl|Prokka|VFTETSUL_1:88256..88549 on + strand
[20:35:24] Excluding CDS which overlaps existing RNA (tRNA) at gnl|Prokka|VFTETSUL_1:101618..102646 on + strand
[20:35:24] Found 109 CDS
[20:35:24] Connecting features back to sequences
[20:35:24] Not using genus-specific database. Try --usegenus to enable it.
[20:35:24] Annotating CDS, please be patient.
[20:35:24] Will use 30 CPUs for similarity searching.
[20:35:24] There are still 109 unannotated CDS left (started with 109)
[20:35:24] Will use blast to search against /home/diego/miniconda3/envs/prokka_env/bin/../db/kingdom/Bacteria/sprot with 30 CPUs
[20:35:24] Running: cat annotation_prokka\/prokka_VFTETSUL\/sprot\.faa | parallel --gnu --plain -j 30 --block 484 --recstart '>' --pipe blastp -query - -db /home/diego/miniconda3/envs/prokka_env/bin/../db/kingdom/Bacteria/sprot -evalue 1e-06 -num_threads 1 -num_descriptions 1 -num_alignments 1 -seg no > annotation_prokka\/prokka_VFTETSUL\/sprot\.blast 2> /dev/null
[20:35:25] Deleting unwanted file: annotation_prokka/prokka_VFTETSUL/sprot.faa
[20:35:25] Deleting unwanted file: annotation_prokka/prokka_VFTETSUL/sprot.blast
[20:35:25] There are still 23 unannotated CDS left (started with 109)
[20:35:25] Will use hmmer3 to search against /home/diego/miniconda3/envs/prokka_env/bin/../db/hmm/HAMAP.hmm with 30 CPUs
[20:35:25] Running: cat annotation_prokka\/prokka_VFTETSUL\/HAMAP\.hmm\.faa | parallel --gnu --plain -j 30 --block 64 --recstart '>' --pipe hmmscan --noali --notextw --acc -E 1e-06 --cpu 1 /home/diego/miniconda3/envs/prokka_env/bin/../db/hmm/HAMAP.hmm /dev/stdin > annotation_prokka\/prokka_VFTETSUL\/HAMAP\.hmm\.hmmer3 2> /dev/null
[20:35:25] Deleting unwanted file: annotation_prokka/prokka_VFTETSUL/HAMAP.hmm.faa
[20:35:25] Deleting unwanted file: annotation_prokka/prokka_VFTETSUL/HAMAP.hmm.hmmer3
[20:35:25] Labelling remaining 19 proteins as 'hypothetical protein'
[20:35:25] Found 89 unique /gene codes.
[20:35:25] Fixed 2 duplicate /gene - hisI_1 hisI_2
[20:35:25] Fixed 1 colliding /gene names.
[20:35:25] Adding /locus_tag identifiers
[20:35:25] Assigned 133 locus_tags to CDS and RNA features.
[20:35:25] Writing outputs to annotation_prokka/prokka_VFTETSUL/
[20:35:25] Generating annotation statistics file
[20:35:25] Generating Genbank and Sequin files
[20:35:25] Running: tbl2asn -V b -a r10k -l paired-ends -M n -N 1 -y 'Annotated using prokka 1.13 from https://github.com/tseemann/prokka' -Z annotation_prokka\/prokka_VFTETSUL\/prokka_VFTETSUL\.err -i annotation_prokka\/prokka_VFTETSUL\/prokka_VFTETSUL\.fsa 2> /dev/null
[20:35:25] Deleting unwanted file: annotation_prokka/prokka_VFTETSUL/errorsummary.val
[20:35:25] Deleting unwanted file: annotation_prokka/prokka_VFTETSUL/prokka_VFTETSUL.dr
[20:35:25] Deleting unwanted file: annotation_prokka/prokka_VFTETSUL/prokka_VFTETSUL.fixedproducts
[20:35:25] Deleting unwanted file: annotation_prokka/prokka_VFTETSUL/prokka_VFTETSUL.ecn
[20:35:25] Deleting unwanted file: annotation_prokka/prokka_VFTETSUL/prokka_VFTETSUL.val
[20:35:25] Repairing broken .GBK output that tbl2asn produces...
[20:35:25] Running: sed 's/COORDINATES: profile/COORDINATES:profile/' < annotation_prokka\/prokka_VFTETSUL\/prokka_VFTETSUL\.gbf > annotation_prokka\/prokka_VFTETSUL\/prokka_VFTETSUL\.gbk
[20:35:25] Deleting unwanted file: annotation_prokka/prokka_VFTETSUL/prokka_VFTETSUL.gbf
[20:35:25] Output files:
[20:35:25] annotation_prokka/prokka_VFTETSUL/prokka_VFTETSUL.tbl
[20:35:25] annotation_prokka/prokka_VFTETSUL/prokka_VFTETSUL.faa
[20:35:25] annotation_prokka/prokka_VFTETSUL/prokka_VFTETSUL.txt
[20:35:25] annotation_prokka/prokka_VFTETSUL/prokka_VFTETSUL.gbk
[20:35:25] annotation_prokka/prokka_VFTETSUL/prokka_VFTETSUL.tsv
[20:35:25] annotation_prokka/prokka_VFTETSUL/prokka_VFTETSUL.fsa
[20:35:25] annotation_prokka/prokka_VFTETSUL/prokka_VFTETSUL.gff
[20:35:25] annotation_prokka/prokka_VFTETSUL/prokka_VFTETSUL.fna
[20:35:25] annotation_prokka/prokka_VFTETSUL/prokka_VFTETSUL.sqn
[20:35:25] annotation_prokka/prokka_VFTETSUL/prokka_VFTETSUL.log
[20:35:25] annotation_prokka/prokka_VFTETSUL/prokka_VFTETSUL.err
[20:35:25] annotation_prokka/prokka_VFTETSUL/prokka_VFTETSUL.ffn
[20:35:25] Annotation finished successfully.
[20:35:25] Walltime used: 0.03 minutes
[20:35:25] If you use this result please cite the Prokka paper:
[20:35:25] Seemann T (2014) Prokka: rapid prokaryotic genome annotation. Bioinformatics. 30(14):2068-9.
[20:35:25] Type 'prokka --citation' for more details.
[20:35:25] Thank you, come again.
