[10:01:32] This is prokka 1.13
[10:01:32] Written by Torsten Seemann <torsten.seemann@gmail.com>
[10:01:32] Homepage is https://github.com/tseemann/prokka
[10:01:32] Local time is Mon Dec 18 10:01:32 2023
[10:01:32] You are diego
[10:01:32] Operating system is linux
[10:01:32] You have BioPerl 1.007002
[10:01:32] System has 32 cores.
[10:01:32] Option --cpu asked for 40 cores, but system only has 32
[10:01:32] Will use maximum of 32 cores.
[10:01:32] Annotating as >>> Bacteria <<<
[10:01:32] Enabling options to ensure Genbank/ENA/DDJB submission compliance.
[10:01:32] Creating new output folder: prokka_SMDANMAN
[10:01:32] Running: mkdir -p prokka_SMDANMAN
[10:01:32] Using filename prefix: prokka_SMDANMAN.XXX
[10:01:32] Setting HMMER_NCPU=1
[10:01:32] Writing log to: prokka_SMDANMAN/prokka_SMDANMAN.log
[10:01:32] Command: /home/diego/miniconda3/envs/prokka_env/bin/prokka SMDANMAN.fasta --prefix prokka_SMDANMAN --outdir prokka_SMDANMAN --cpus 40 --locustag SMDANMAN --compliant --gcode 11
[10:01:32] Appending to PATH: /home/diego/miniconda3/envs/prokka_env/bin
[10:01:32] Looking for 'aragorn' - found /home/diego/miniconda3/envs/prokka_env/bin/aragorn
[10:01:32] Determined aragorn version is 1.2
[10:01:32] Looking for 'barrnap' - found /home/diego/miniconda3/envs/prokka_env/bin/barrnap
[10:01:32] Determined barrnap version is 0.9
[10:01:32] Looking for 'blastp' - found /home/diego/miniconda3/envs/prokka_env/bin/blastp
[10:01:32] Determined blastp version is 2.14
[10:01:32] Looking for 'cmpress' - found /home/diego/miniconda3/envs/prokka_env/bin/cmpress
[10:01:32] Determined cmpress version is 1.1
[10:01:32] Looking for 'cmscan' - found /home/diego/miniconda3/envs/prokka_env/bin/cmscan
[10:01:32] Determined cmscan version is 1.1
[10:01:32] Looking for 'egrep' - found /usr/bin/egrep
[10:01:32] Looking for 'find' - found /usr/bin/find
[10:01:32] Looking for 'grep' - found /usr/bin/grep
[10:01:32] Looking for 'hmmpress' - found /home/diego/miniconda3/envs/prokka_env/bin/hmmpress
[10:01:32] Determined hmmpress version is 3.3
[10:01:32] Looking for 'hmmscan' - found /home/diego/miniconda3/envs/prokka_env/bin/hmmscan
[10:01:32] Determined hmmscan version is 3.3
[10:01:32] Looking for 'java' - found /home/diego/miniconda3/envs/prokka_env/bin/java
[10:01:32] Looking for 'less' - found /usr/bin/less
[10:01:32] Looking for 'makeblastdb' - found /home/diego/miniconda3/envs/prokka_env/bin/makeblastdb
[10:01:32] Determined makeblastdb version is 2.14
[10:01:32] Looking for 'minced' - found /home/diego/miniconda3/envs/prokka_env/bin/minced
[10:01:32] Determined minced version is 4.2
[10:01:32] Looking for 'parallel' - found /home/diego/miniconda3/envs/prokka_env/bin/parallel
[10:01:32] Determined parallel version is 20160622
[10:01:32] Looking for 'prodigal' - found /home/diego/miniconda3/envs/prokka_env/bin/prodigal
[10:01:32] Determined prodigal version is 2.6
[10:01:32] Looking for 'prokka-genbank_to_fasta_db' - found /home/diego/miniconda3/envs/prokka_env/bin/prokka-genbank_to_fasta_db
[10:01:32] Looking for 'rnammer' - found /home/diego/rnammer-1.2.src/rnammer
[10:01:32] Determined rnammer version is 1.2
[10:01:32] Looking for 'sed' - found /usr/bin/sed
[10:01:32] Looking for 'tbl2asn' - found /home/diego/miniconda3/envs/prokka_env/bin/tbl2asn
[10:01:32] Determined tbl2asn version is 25.8
[10:01:32] Using genetic code table 11.
[10:01:32] Loading and checking input file: SMDANMAN.fasta
[10:01:32] Wrote 1 contigs totalling 142465 bp.
[10:01:32] Predicting tRNAs and tmRNAs
[10:01:32] Running: aragorn -l -gc11  -w prokka_SMDANMAN\/prokka_SMDANMAN\.fna
[10:01:32] 1 tRNA-Met [9367,9443] 35 (cat)
[10:01:32] 2 tRNA-Asn c[12846,12922] 37 (gtt)
[10:01:32] 3 tRNA-Cys c[16613,16683] 33 (gca)
[10:01:32] 4 tmRNA c[20225,20498] 99,125 GKNYSLAA*
[10:01:32] 5 tRNA-Met c[21145,21219] 36 (cat)
[10:01:32] 6 tRNA-Leu [24675,24760] 36 (tag)
[10:01:32] 7 tRNA-Leu [24783,24866] 35 (caa)
[10:01:32] 8 tRNA-Ser [30657,30739] 35 (gct)
[10:01:32] 9 tRNA-Pro [30745,30819] 36 (tgg)
[10:01:32] 10 tRNA-Arg [30852,30927] 35 (tct)
[10:01:32] 11 tRNA-Lys [39187,39259] 34 (ttt)
[10:01:32] 12 tRNA-Asp c[39286,39359] 35 (gtc)
[10:01:32] 13 tRNA-Val c[43078,43152] 36 (tac)
[10:01:32] 14 tRNA-Leu c[56299,56385] 35 (taa)
[10:01:32] 15 tRNA-Gly c[56391,56463] 34 (gcc)
[10:01:32] 16 tRNA-Ala c[65347,65420] 35 (tgc)
[10:01:32] 17 tRNA-Ile c[65425,65498] 35 (gat)
[10:01:32] 18 tRNA-Thr [69559,69632] 35 (tgt)
[10:01:32] 19 tRNA-Tyr [69643,69724] 35 (gta)
[10:01:32] 20 tRNA-Gly [69751,69824] 35 (tcc)
[10:01:32] 21 tRNA-Thr [69832,69906] 35 (ggt)
[10:01:32] 22 tRNA-Trp [71126,71198] 34 (cca)
[10:01:32] 23 tRNA-His [82180,82255] 36 (gtg)
[10:01:32] 24 tRNA-Phe c[84202,84273] 34 (gaa)
[10:01:32] 25 tRNA-Leu c[96999,97072] 35 (gag)
[10:01:32] 26 tRNA-Met [97242,97317] 36 (cat)
[10:01:32] 27 tRNA-Glu c[107237,107308] 34 (ttc)
[10:01:32] 28 tRNA-Gln [107826,107896] 33 (ttg)
[10:01:32] 29 tRNA-Arg c[133379,133452] 35 (acg)
[10:01:32] Found 29 tRNAs
[10:01:32] Predicting Ribosomal RNAs
[10:01:32] Running Barrnap with 32 threads
[10:01:33] 1 gnl|Prokka|SMDANMAN_1 62238 5S ribosomal RNA
[10:01:33] 2 gnl|Prokka|SMDANMAN_1 62428 23S ribosomal RNA
[10:01:33] 3 gnl|Prokka|SMDANMAN_1 65541 16S ribosomal RNA
[10:01:33] Found 3 rRNAs
[10:01:33] Skipping ncRNA search, enable with --rfam if desired.
[10:01:33] Total of 31 tRNA + rRNA features
[10:01:33] Searching for CRISPR repeats
[10:01:33] Found 0 CRISPRs
[10:01:33] Predicting coding sequences
[10:01:33] Contigs total 142465 bp, so using single mode
[10:01:33] Running: prodigal -i prokka_SMDANMAN\/prokka_SMDANMAN\.fna -c -m -g 11 -p single -f sco -q
[10:01:33] Excluding CDS which overlaps existing RNA (tRNA) at gnl|Prokka|SMDANMAN_1:9594..12881 on + strand
[10:01:33] Excluding CDS which overlaps existing RNA (tRNA) at gnl|Prokka|SMDANMAN_1:30923..32407 on - strand
[10:01:33] Excluding CDS which overlaps existing RNA (rRNA) at gnl|Prokka|SMDANMAN_1:61087..62364 on - strand
[10:01:33] Excluding CDS which overlaps existing RNA (rRNA) at gnl|Prokka|SMDANMAN_1:62551..63009 on + strand
[10:01:33] Excluding CDS which overlaps existing RNA (rRNA) at gnl|Prokka|SMDANMAN_1:63162..63419 on + strand
[10:01:33] Excluding CDS which overlaps existing RNA (rRNA) at gnl|Prokka|SMDANMAN_1:63810..64187 on + strand
[10:01:33] Excluding CDS which overlaps existing RNA (tRNA) at gnl|Prokka|SMDANMAN_1:82250..82366 on - strand
[10:01:33] Excluding CDS which overlaps existing RNA (tRNA) at gnl|Prokka|SMDANMAN_1:84177..84377 on + strand
[10:01:33] Found 138 CDS
[10:01:33] Connecting features back to sequences
[10:01:33] Not using genus-specific database. Try --usegenus to enable it.
[10:01:33] Annotating CDS, please be patient.
[10:01:33] Will use 32 CPUs for similarity searching.
[10:01:33] There are still 138 unannotated CDS left (started with 138)
[10:01:33] Will use blast to search against /home/diego/miniconda3/envs/prokka_env/bin/../db/kingdom/Bacteria/sprot with 32 CPUs
[10:01:33] Running: cat prokka_SMDANMAN\/sprot\.faa | parallel --gnu --plain -j 32 --block 646 --recstart '>' --pipe blastp -query - -db /home/diego/miniconda3/envs/prokka_env/bin/../db/kingdom/Bacteria/sprot -evalue 1e-06 -num_threads 1 -num_descriptions 1 -num_alignments 1 -seg no > prokka_SMDANMAN\/sprot\.blast 2> /dev/null
[10:01:35] Modify product: Probable ATP-dependent transporter SufC => putative ATP-dependent transporter SufC
[10:01:35] Cleaned 1 /product names
[10:01:35] Deleting unwanted file: prokka_SMDANMAN/sprot.faa
[10:01:35] Deleting unwanted file: prokka_SMDANMAN/sprot.blast
[10:01:35] There are still 21 unannotated CDS left (started with 138)
[10:01:35] Will use hmmer3 to search against /home/diego/miniconda3/envs/prokka_env/bin/../db/hmm/HAMAP.hmm with 32 CPUs
[10:01:35] Running: cat prokka_SMDANMAN\/HAMAP\.hmm\.faa | parallel --gnu --plain -j 32 --block 42 --recstart '>' --pipe hmmscan --noali --notextw --acc -E 1e-06 --cpu 1 /home/diego/miniconda3/envs/prokka_env/bin/../db/hmm/HAMAP.hmm /dev/stdin > prokka_SMDANMAN\/HAMAP\.hmm\.hmmer3 2> /dev/null
[10:01:36] Deleting unwanted file: prokka_SMDANMAN/HAMAP.hmm.faa
[10:01:36] Deleting unwanted file: prokka_SMDANMAN/HAMAP.hmm.hmmer3
[10:01:36] Labelling remaining 14 proteins as 'hypothetical protein'
[10:01:36] Found 123 unique /gene codes.
[10:01:36] Fixed 0 colliding /gene names.
[10:01:36] Adding /locus_tag identifiers
[10:01:36] Assigned 170 locus_tags to CDS and RNA features.
[10:01:36] Writing outputs to prokka_SMDANMAN/
[10:01:36] Generating annotation statistics file
[10:01:36] Generating Genbank and Sequin files
[10:01:36] Running: tbl2asn -V b -a r10k -l paired-ends -M n -N 1 -y 'Annotated using prokka 1.13 from https://github.com/tseemann/prokka' -Z prokka_SMDANMAN\/prokka_SMDANMAN\.err -i prokka_SMDANMAN\/prokka_SMDANMAN\.fsa 2> /dev/null
[10:01:36] Deleting unwanted file: prokka_SMDANMAN/errorsummary.val
[10:01:36] Deleting unwanted file: prokka_SMDANMAN/prokka_SMDANMAN.dr
[10:01:36] Deleting unwanted file: prokka_SMDANMAN/prokka_SMDANMAN.fixedproducts
[10:01:36] Deleting unwanted file: prokka_SMDANMAN/prokka_SMDANMAN.ecn
[10:01:36] Deleting unwanted file: prokka_SMDANMAN/prokka_SMDANMAN.val
[10:01:36] Repairing broken .GBK output that tbl2asn produces...
[10:01:36] Running: sed 's/COORDINATES: profile/COORDINATES:profile/' < prokka_SMDANMAN\/prokka_SMDANMAN\.gbf > prokka_SMDANMAN\/prokka_SMDANMAN\.gbk
[10:01:36] Deleting unwanted file: prokka_SMDANMAN/prokka_SMDANMAN.gbf
[10:01:36] Output files:
[10:01:36] prokka_SMDANMAN/prokka_SMDANMAN.txt
[10:01:36] prokka_SMDANMAN/prokka_SMDANMAN.tbl
[10:01:36] prokka_SMDANMAN/prokka_SMDANMAN.sqn
[10:01:36] prokka_SMDANMAN/prokka_SMDANMAN.faa
[10:01:36] prokka_SMDANMAN/prokka_SMDANMAN.gff
[10:01:36] prokka_SMDANMAN/prokka_SMDANMAN.err
[10:01:36] prokka_SMDANMAN/prokka_SMDANMAN.tsv
[10:01:36] prokka_SMDANMAN/prokka_SMDANMAN.fsa
[10:01:36] prokka_SMDANMAN/prokka_SMDANMAN.fna
[10:01:36] prokka_SMDANMAN/prokka_SMDANMAN.log
[10:01:36] prokka_SMDANMAN/prokka_SMDANMAN.ffn
[10:01:36] prokka_SMDANMAN/prokka_SMDANMAN.gbk
[10:01:36] Annotation finished successfully.
[10:01:36] Walltime used: 0.07 minutes
[10:01:36] If you use this result please cite the Prokka paper:
[10:01:36] Seemann T (2014) Prokka: rapid prokaryotic genome annotation. Bioinformatics. 30(14):2068-9.
[10:01:36] Type 'prokka --citation' for more details.
[10:01:36] Thank you, come again.
