Discrepancy Report Results

Summary
DISC_SOURCE_QUALS_ASNDISC:strain (all present, all unique)
DISC_SOURCE_QUALS_ASNDISC:taxname (all present, all unique)
DISC_FEATURE_COUNT:gene: 166 present
DISC_FEATURE_COUNT:CDS: 134 present
DISC_FEATURE_COUNT:tRNA: 28 present
DISC_FEATURE_COUNT:rRNA: 3 present
DISC_FEATURE_COUNT:tmRNA: 1 present
DISC_COUNT_NUCLEOTIDES:1 nucleotide Bioseqs are present
OVERLAPPING_GENES:45 genes overlap another gene on the same strand.
DISC_QUALITY_SCORES:Quality scores are missing on all sequences.
ONCALLER_COMMENT_PRESENT:1 comment descriptors were found (all same)
SHORT_PROT_SEQUENCES:2 protein sequences are shorter than 50 aa.
MISSING_GENOMEASSEMBLY_COMMENTS:1 bioseqs are missing GenomeAssembly structured comments
MOLTYPE_NOT_MRNA:1 molecule types are not set as mRNA.
TECHNIQUE_NOT_TSA:1 technique are not set as TSA
MISSING_STRUCTURED_COMMENT:1 sequences do not include structured comments.
MISSING_PROJECT:135 sequences do not include project.
DISC_INCONSISTENT_MOLINFO_TECH:Molinfo Technique Report (some missing, all same)


Detailed Report

DiscRep_ALL:DISC_SOURCE_QUALS_ASNDISC::strain (all present, all unique)
DiscRep_SUB:DISC_SOURCE_QUALS_ASNDISC::1 sources have unique values for strain
DiscRep_ALL:DISC_SOURCE_QUALS_ASNDISC::taxname (all present, all unique)
DiscRep_SUB:DISC_SOURCE_QUALS_ASNDISC::1 sources have unique values for taxname
DiscRep_ALL:DISC_FEATURE_COUNT::gene: 166 present
DiscRep_ALL:DISC_FEATURE_COUNT::CDS: 134 present
DiscRep_ALL:DISC_FEATURE_COUNT::tRNA: 28 present
DiscRep_ALL:DISC_FEATURE_COUNT::rRNA: 3 present
DiscRep_ALL:DISC_FEATURE_COUNT::tmRNA: 1 present
DiscRep_ALL:DISC_COUNT_NUCLEOTIDES::1 nucleotide Bioseqs are present
prokka_SMDANMAN/SMDANMAN:Prokka:SMDANMAN_1 (length 142465)

DiscRep_ALL:OVERLAPPING_GENES::45 genes overlap another gene on the same strand.
prokka_SMDANMAN/SMDANMAN:Gene	rplY	SMDANMAN_1:16738-17352	SMDANMAN_00014
prokka_SMDANMAN/SMDANMAN:Gene	metG	SMDANMAN_1:17352-19025	SMDANMAN_00015
prokka_SMDANMAN/SMDANMAN:Gene	rplI	SMDANMAN_1:c19553-19104	SMDANMAN_00016
prokka_SMDANMAN/SMDANMAN:Gene	rpsR	SMDANMAN_1:c19831-19538	SMDANMAN_00017
prokka_SMDANMAN/SMDANMAN:Gene	rpmA	SMDANMAN_1:c20763-20512	SMDANMAN_00020
prokka_SMDANMAN/SMDANMAN:Gene	rplU	SMDANMAN_1:c21085-20753	SMDANMAN_00021
prokka_SMDANMAN/SMDANMAN:Gene	lipA	SMDANMAN_1:25838-26716	SMDANMAN_00031
prokka_SMDANMAN/SMDANMAN:Gene	der	SMDANMAN_1:26704-28020	SMDANMAN_00032
prokka_SMDANMAN/SMDANMAN:Gene	rpmI	SMDANMAN_1:c52006-51800	SMDANMAN_00056
prokka_SMDANMAN/SMDANMAN:Gene	infC	SMDANMAN_1:c52589-51987	SMDANMAN_00057
prokka_SMDANMAN/SMDANMAN:Gene	rplM	SMDANMAN_1:54703-55104	SMDANMAN_00059
prokka_SMDANMAN/SMDANMAN:Gene	rpsI	SMDANMAN_1:55104-55505	SMDANMAN_00060
prokka_SMDANMAN/SMDANMAN:Gene	rplK	SMDANMAN_1:71213-71641	SMDANMAN_00080
prokka_SMDANMAN/SMDANMAN:Gene	rplA	SMDANMAN_1:71634-72311	SMDANMAN_00081
prokka_SMDANMAN/SMDANMAN:Gene	rplJ	SMDANMAN_1:72322-72858	SMDANMAN_00082
prokka_SMDANMAN/SMDANMAN:Gene	rplL	SMDANMAN_1:72848-73246	SMDANMAN_00083
prokka_SMDANMAN/SMDANMAN:Gene	rpoB	SMDANMAN_1:73252-76965	SMDANMAN_00084
prokka_SMDANMAN/SMDANMAN:Gene	rpoC	SMDANMAN_1:76959-81047	SMDANMAN_00085
prokka_SMDANMAN/SMDANMAN:Gene	rpmG	SMDANMAN_1:c82593-82378	SMDANMAN_00088
prokka_SMDANMAN/SMDANMAN:Gene	rpmB	SMDANMAN_1:c82819-82577	SMDANMAN_00089
prokka_SMDANMAN/SMDANMAN:Gene	leuS	SMDANMAN_1:c87150-84364	SMDANMAN_00092
prokka_SMDANMAN/SMDANMAN:Gene	tyrS1	SMDANMAN_1:c88402-87140	SMDANMAN_00093
prokka_SMDANMAN/SMDANMAN:Gene	leuA	SMDANMAN_1:88502-89725	SMDANMAN_00094
prokka_SMDANMAN/SMDANMAN:Gene	leuC	SMDANMAN_1:89667-91082	SMDANMAN_00095
prokka_SMDANMAN/SMDANMAN:Gene	leuD1	SMDANMAN_1:91069-91668	SMDANMAN_00096
prokka_SMDANMAN/SMDANMAN:Gene	sufC	SMDANMAN_1:101975-102727	SMDANMAN_00109
prokka_SMDANMAN/SMDANMAN:Gene	sufD	SMDANMAN_1:102718-104073	SMDANMAN_00110
prokka_SMDANMAN/SMDANMAN:Gene	sigA	SMDANMAN_1:c110611-109703	SMDANMAN_00120
prokka_SMDANMAN/SMDANMAN:Gene	pnp	SMDANMAN_1:c112539-110563	SMDANMAN_00121
prokka_SMDANMAN/SMDANMAN:Gene	rpsJ	SMDANMAN_1:117260-117556	SMDANMAN_00128
prokka_SMDANMAN/SMDANMAN:Gene	rplC	SMDANMAN_1:117550-118167	SMDANMAN_00129
prokka_SMDANMAN/SMDANMAN:Gene	rplD	SMDANMAN_1:118161-118808	SMDANMAN_00130
prokka_SMDANMAN/SMDANMAN:Gene	SMDANMAN_00131	SMDANMAN_1:118820-119152	SMDANMAN_00131
prokka_SMDANMAN/SMDANMAN:Gene	rplB	SMDANMAN_1:119142-119966	SMDANMAN_00132
prokka_SMDANMAN/SMDANMAN:Gene	rpsS	SMDANMAN_1:119978-120283	SMDANMAN_00133
prokka_SMDANMAN/SMDANMAN:Gene	rplV	SMDANMAN_1:120276-120653	SMDANMAN_00134
prokka_SMDANMAN/SMDANMAN:Gene	rpsC	SMDANMAN_1:120638-121300	SMDANMAN_00135
prokka_SMDANMAN/SMDANMAN:Gene	rplP	SMDANMAN_1:121378-121788	SMDANMAN_00136
prokka_SMDANMAN/SMDANMAN:Gene	rpsQ	SMDANMAN_1:121782-122027	SMDANMAN_00137
prokka_SMDANMAN/SMDANMAN:Gene	SMDANMAN_00139	SMDANMAN_1:122440-122805	SMDANMAN_00139
prokka_SMDANMAN/SMDANMAN:Gene	rplE	SMDANMAN_1:122789-123334	SMDANMAN_00140
prokka_SMDANMAN/SMDANMAN:Gene	rpsH	SMDANMAN_1:123639-124037	SMDANMAN_00142
prokka_SMDANMAN/SMDANMAN:Gene	rplF	SMDANMAN_1:124027-124620	SMDANMAN_00143
prokka_SMDANMAN/SMDANMAN:Gene	rpoA	SMDANMAN_1:127594-128634	SMDANMAN_00151
prokka_SMDANMAN/SMDANMAN:Gene	rplQ	SMDANMAN_1:128604-128954	SMDANMAN_00152

DiscRep_ALL:DISC_QUALITY_SCORES::Quality scores are missing on all sequences.

DiscRep_ALL:ONCALLER_COMMENT_PRESENT::1 comment descriptors were found (all same)
prokka_SMDANMAN/SMDANMAN:Prokka:SMDANMAN_1:Annotated using prokka 1.13 from https://github.com/tseemann/prokka

DiscRep_ALL:SHORT_PROT_SEQUENCES::2 protein sequences are shorter than 50 aa.
prokka_SMDANMAN/SMDANMAN:Prokka:SMDANMAN_00027 (length 30)
prokka_SMDANMAN/SMDANMAN:Prokka:SMDANMAN_00147 (length 38)

DiscRep_ALL:MISSING_GENOMEASSEMBLY_COMMENTS::1 bioseqs are missing GenomeAssembly structured comments
prokka_SMDANMAN/SMDANMAN:Prokka:SMDANMAN_1 (length 142465)

DiscRep_ALL:MOLTYPE_NOT_MRNA::1 molecule types are not set as mRNA.
prokka_SMDANMAN/SMDANMAN:Prokka:SMDANMAN_1 (length 142465)

DiscRep_ALL:TECHNIQUE_NOT_TSA::1 technique are not set as TSA
prokka_SMDANMAN/SMDANMAN:Prokka:SMDANMAN_1 (length 142465)

DiscRep_ALL:MISSING_STRUCTURED_COMMENT::1 sequences do not include structured comments.
prokka_SMDANMAN/SMDANMAN:Prokka:SMDANMAN_1 (length 142465)

DiscRep_ALL:MISSING_PROJECT::135 sequences do not include project.
prokka_SMDANMAN/SMDANMAN:Prokka:SMDANMAN_1 (length 142465)
prokka_SMDANMAN/SMDANMAN:Prokka:SMDANMAN_00001 (length 211)
prokka_SMDANMAN/SMDANMAN:Prokka:SMDANMAN_00002 (length 866)
prokka_SMDANMAN/SMDANMAN:Prokka:SMDANMAN_00003 (length 110)
prokka_SMDANMAN/SMDANMAN:Prokka:SMDANMAN_00004 (length 372)
prokka_SMDANMAN/SMDANMAN:Prokka:SMDANMAN_00005 (length 396)
prokka_SMDANMAN/SMDANMAN:Prokka:SMDANMAN_00006 (length 438)
prokka_SMDANMAN/SMDANMAN:Prokka:SMDANMAN_00007 (length 369)
prokka_SMDANMAN/SMDANMAN:Prokka:SMDANMAN_00010 (length 398)
prokka_SMDANMAN/SMDANMAN:Prokka:SMDANMAN_00011 (length 622)
prokka_SMDANMAN/SMDANMAN:Prokka:SMDANMAN_00012 (length 133)
prokka_SMDANMAN/SMDANMAN:Prokka:SMDANMAN_00014 (length 204)
prokka_SMDANMAN/SMDANMAN:Prokka:SMDANMAN_00015 (length 557)
prokka_SMDANMAN/SMDANMAN:Prokka:SMDANMAN_00016 (length 149)
prokka_SMDANMAN/SMDANMAN:Prokka:SMDANMAN_00017 (length 97)
prokka_SMDANMAN/SMDANMAN:Prokka:SMDANMAN_00018 (length 116)
prokka_SMDANMAN/SMDANMAN:Prokka:SMDANMAN_00020 (length 83)
prokka_SMDANMAN/SMDANMAN:Prokka:SMDANMAN_00021 (length 110)
prokka_SMDANMAN/SMDANMAN:Prokka:SMDANMAN_00023 (length 443)
prokka_SMDANMAN/SMDANMAN:Prokka:SMDANMAN_00024 (length 183)
prokka_SMDANMAN/SMDANMAN:Prokka:SMDANMAN_00025 (length 320)
prokka_SMDANMAN/SMDANMAN:Prokka:SMDANMAN_00026 (length 57)
prokka_SMDANMAN/SMDANMAN:Prokka:SMDANMAN_00027 (length 30)
prokka_SMDANMAN/SMDANMAN:Prokka:SMDANMAN_00030 (length 257)
prokka_SMDANMAN/SMDANMAN:Prokka:SMDANMAN_00031 (length 292)
prokka_SMDANMAN/SMDANMAN:Prokka:SMDANMAN_00032 (length 438)
prokka_SMDANMAN/SMDANMAN:Prokka:SMDANMAN_00033 (length 365)
prokka_SMDANMAN/SMDANMAN:Prokka:SMDANMAN_00034 (length 422)
prokka_SMDANMAN/SMDANMAN:Prokka:SMDANMAN_00038 (length 113)
prokka_SMDANMAN/SMDANMAN:Prokka:SMDANMAN_00039 (length 638)
prokka_SMDANMAN/SMDANMAN:Prokka:SMDANMAN_00040 (length 489)
prokka_SMDANMAN/SMDANMAN:Prokka:SMDANMAN_00041 (length 406)
prokka_SMDANMAN/SMDANMAN:Prokka:SMDANMAN_00042 (length 340)
prokka_SMDANMAN/SMDANMAN:Prokka:SMDANMAN_00045 (length 1154)
prokka_SMDANMAN/SMDANMAN:Prokka:SMDANMAN_00047 (length 453)
prokka_SMDANMAN/SMDANMAN:Prokka:SMDANMAN_00048 (length 311)
prokka_SMDANMAN/SMDANMAN:Prokka:SMDANMAN_00049 (length 459)
prokka_SMDANMAN/SMDANMAN:Prokka:SMDANMAN_00050 (length 184)
prokka_SMDANMAN/SMDANMAN:Prokka:SMDANMAN_00051 (length 371)
prokka_SMDANMAN/SMDANMAN:Prokka:SMDANMAN_00052 (length 400)
prokka_SMDANMAN/SMDANMAN:Prokka:SMDANMAN_00053 (length 351)
prokka_SMDANMAN/SMDANMAN:Prokka:SMDANMAN_00054 (length 149)
prokka_SMDANMAN/SMDANMAN:Prokka:SMDANMAN_00055 (length 113)
prokka_SMDANMAN/SMDANMAN:Prokka:SMDANMAN_00056 (length 68)
prokka_SMDANMAN/SMDANMAN:Prokka:SMDANMAN_00057 (length 200)
prokka_SMDANMAN/SMDANMAN:Prokka:SMDANMAN_00058 (length 628)
prokka_SMDANMAN/SMDANMAN:Prokka:SMDANMAN_00059 (length 133)
prokka_SMDANMAN/SMDANMAN:Prokka:SMDANMAN_00060 (length 133)
prokka_SMDANMAN/SMDANMAN:Prokka:SMDANMAN_00061 (length 255)
prokka_SMDANMAN/SMDANMAN:Prokka:SMDANMAN_00064 (length 1288)
prokka_SMDANMAN/SMDANMAN:Prokka:SMDANMAN_00065 (length 216)
prokka_SMDANMAN/SMDANMAN:Prokka:SMDANMAN_00071 (length 381)
prokka_SMDANMAN/SMDANMAN:Prokka:SMDANMAN_00072 (length 141)
prokka_SMDANMAN/SMDANMAN:Prokka:SMDANMAN_00073 (length 211)
prokka_SMDANMAN/SMDANMAN:Prokka:SMDANMAN_00078 (length 395)
prokka_SMDANMAN/SMDANMAN:Prokka:SMDANMAN_00080 (length 142)
prokka_SMDANMAN/SMDANMAN:Prokka:SMDANMAN_00081 (length 225)
prokka_SMDANMAN/SMDANMAN:Prokka:SMDANMAN_00082 (length 178)
prokka_SMDANMAN/SMDANMAN:Prokka:SMDANMAN_00083 (length 132)
prokka_SMDANMAN/SMDANMAN:Prokka:SMDANMAN_00084 (length 1237)
prokka_SMDANMAN/SMDANMAN:Prokka:SMDANMAN_00085 (length 1362)
prokka_SMDANMAN/SMDANMAN:Prokka:SMDANMAN_00086 (length 342)
prokka_SMDANMAN/SMDANMAN:Prokka:SMDANMAN_00088 (length 71)
prokka_SMDANMAN/SMDANMAN:Prokka:SMDANMAN_00089 (length 80)
prokka_SMDANMAN/SMDANMAN:Prokka:SMDANMAN_00090 (length 414)
prokka_SMDANMAN/SMDANMAN:Prokka:SMDANMAN_00092 (length 928)
prokka_SMDANMAN/SMDANMAN:Prokka:SMDANMAN_00093 (length 420)
prokka_SMDANMAN/SMDANMAN:Prokka:SMDANMAN_00094 (length 407)
prokka_SMDANMAN/SMDANMAN:Prokka:SMDANMAN_00095 (length 471)
prokka_SMDANMAN/SMDANMAN:Prokka:SMDANMAN_00096 (length 199)
prokka_SMDANMAN/SMDANMAN:Prokka:SMDANMAN_00097 (length 356)
prokka_SMDANMAN/SMDANMAN:Prokka:SMDANMAN_00098 (length 132)
prokka_SMDANMAN/SMDANMAN:Prokka:SMDANMAN_00099 (length 339)
prokka_SMDANMAN/SMDANMAN:Prokka:SMDANMAN_00100 (length 64)
prokka_SMDANMAN/SMDANMAN:Prokka:SMDANMAN_00101 (length 322)
prokka_SMDANMAN/SMDANMAN:Prokka:SMDANMAN_00102 (length 460)
prokka_SMDANMAN/SMDANMAN:Prokka:SMDANMAN_00105 (length 138)
prokka_SMDANMAN/SMDANMAN:Prokka:SMDANMAN_00106 (length 546)
prokka_SMDANMAN/SMDANMAN:Prokka:SMDANMAN_00107 (length 89)
prokka_SMDANMAN/SMDANMAN:Prokka:SMDANMAN_00108 (length 470)
prokka_SMDANMAN/SMDANMAN:Prokka:SMDANMAN_00109 (length 250)
prokka_SMDANMAN/SMDANMAN:Prokka:SMDANMAN_00110 (length 451)
prokka_SMDANMAN/SMDANMAN:Prokka:SMDANMAN_00111 (length 407)
prokka_SMDANMAN/SMDANMAN:Prokka:SMDANMAN_00112 (length 542)
prokka_SMDANMAN/SMDANMAN:Prokka:SMDANMAN_00113 (length 80)
prokka_SMDANMAN/SMDANMAN:Prokka:SMDANMAN_00115 (length 114)
prokka_SMDANMAN/SMDANMAN:Prokka:SMDANMAN_00117 (length 79)
prokka_SMDANMAN/SMDANMAN:Prokka:SMDANMAN_00118 (length 164)
prokka_SMDANMAN/SMDANMAN:Prokka:SMDANMAN_00119 (length 329)
prokka_SMDANMAN/SMDANMAN:Prokka:SMDANMAN_00120 (length 302)
prokka_SMDANMAN/SMDANMAN:Prokka:SMDANMAN_00121 (length 658)
prokka_SMDANMAN/SMDANMAN:Prokka:SMDANMAN_00122 (length 71)
prokka_SMDANMAN/SMDANMAN:Prokka:SMDANMAN_00123 (length 118)
prokka_SMDANMAN/SMDANMAN:Prokka:SMDANMAN_00124 (length 339)
prokka_SMDANMAN/SMDANMAN:Prokka:SMDANMAN_00125 (length 126)
prokka_SMDANMAN/SMDANMAN:Prokka:SMDANMAN_00126 (length 156)
prokka_SMDANMAN/SMDANMAN:Prokka:SMDANMAN_00127 (length 698)
prokka_SMDANMAN/SMDANMAN:Prokka:SMDANMAN_00128 (length 98)
prokka_SMDANMAN/SMDANMAN:Prokka:SMDANMAN_00129 (length 205)
prokka_SMDANMAN/SMDANMAN:Prokka:SMDANMAN_00130 (length 215)
prokka_SMDANMAN/SMDANMAN:Prokka:SMDANMAN_00131 (length 110)
prokka_SMDANMAN/SMDANMAN:Prokka:SMDANMAN_00132 (length 274)
prokka_SMDANMAN/SMDANMAN:Prokka:SMDANMAN_00133 (length 101)
prokka_SMDANMAN/SMDANMAN:Prokka:SMDANMAN_00134 (length 125)
prokka_SMDANMAN/SMDANMAN:Prokka:SMDANMAN_00135 (length 220)
prokka_SMDANMAN/SMDANMAN:Prokka:SMDANMAN_00136 (length 136)
prokka_SMDANMAN/SMDANMAN:Prokka:SMDANMAN_00137 (length 81)
prokka_SMDANMAN/SMDANMAN:Prokka:SMDANMAN_00138 (length 122)
prokka_SMDANMAN/SMDANMAN:Prokka:SMDANMAN_00139 (length 121)
prokka_SMDANMAN/SMDANMAN:Prokka:SMDANMAN_00140 (length 181)
prokka_SMDANMAN/SMDANMAN:Prokka:SMDANMAN_00141 (length 89)
prokka_SMDANMAN/SMDANMAN:Prokka:SMDANMAN_00142 (length 132)
prokka_SMDANMAN/SMDANMAN:Prokka:SMDANMAN_00143 (length 197)
prokka_SMDANMAN/SMDANMAN:Prokka:SMDANMAN_00144 (length 113)
prokka_SMDANMAN/SMDANMAN:Prokka:SMDANMAN_00145 (length 164)
prokka_SMDANMAN/SMDANMAN:Prokka:SMDANMAN_00146 (length 165)
prokka_SMDANMAN/SMDANMAN:Prokka:SMDANMAN_00147 (length 38)
prokka_SMDANMAN/SMDANMAN:Prokka:SMDANMAN_00148 (length 123)
prokka_SMDANMAN/SMDANMAN:Prokka:SMDANMAN_00149 (length 119)
prokka_SMDANMAN/SMDANMAN:Prokka:SMDANMAN_00150 (length 198)
prokka_SMDANMAN/SMDANMAN:Prokka:SMDANMAN_00151 (length 346)
prokka_SMDANMAN/SMDANMAN:Prokka:SMDANMAN_00152 (length 116)
prokka_SMDANMAN/SMDANMAN:Prokka:SMDANMAN_00153 (length 298)
prokka_SMDANMAN/SMDANMAN:Prokka:SMDANMAN_00154 (length 519)
prokka_SMDANMAN/SMDANMAN:Prokka:SMDANMAN_00155 (length 509)
prokka_SMDANMAN/SMDANMAN:Prokka:SMDANMAN_00157 (length 329)
prokka_SMDANMAN/SMDANMAN:Prokka:SMDANMAN_00158 (length 384)
prokka_SMDANMAN/SMDANMAN:Prokka:SMDANMAN_00159 (length 144)
prokka_SMDANMAN/SMDANMAN:Prokka:SMDANMAN_00160 (length 82)
prokka_SMDANMAN/SMDANMAN:Prokka:SMDANMAN_00161 (length 59)
prokka_SMDANMAN/SMDANMAN:Prokka:SMDANMAN_00162 (length 132)
prokka_SMDANMAN/SMDANMAN:Prokka:SMDANMAN_00163 (length 344)
prokka_SMDANMAN/SMDANMAN:Prokka:SMDANMAN_00164 (length 80)
prokka_SMDANMAN/SMDANMAN:Prokka:SMDANMAN_00165 (length 575)
prokka_SMDANMAN/SMDANMAN:Prokka:SMDANMAN_00166 (length 576)

DiscRep_ALL:DISC_INCONSISTENT_MOLINFO_TECH::Molinfo Technique Report (some missing, all same)
DiscRep_SUB:DISC_INCONSISTENT_MOLINFO_TECH::technique (all missing)
DiscRep_SUB:DISC_INCONSISTENT_MOLINFO_TECH::1 Molinfos are missing field technique
prokka_SMDANMAN/SMDANMAN:Prokka:SMDANMAN_1 (length 142465)

