[20:21:44] This is prokka 1.14.6
[20:21:44] Written by Torsten Seemann <torsten.seemann@gmail.com>
[20:21:44] Homepage is https://github.com/tseemann/prokka
[20:21:44] Local time is Tue Aug  9 20:21:44 2022
[20:21:44] You are diego
[20:21:44] Operating system is linux
[20:21:44] You have BioPerl 1.007002
[20:21:44] System has 12 cores.
[20:21:44] Will use maximum of 8 cores.
[20:21:44] Annotating as >>> Bacteria <<<
[20:21:44] Enabling options to ensure Genbank/ENA/DDJB submission compliance.
[20:21:44] Creating new output folder: prokka_VFOLIH_pseudofinder
[20:21:44] Running: mkdir -p prokka_VFOLIH_pseudofinder
[20:21:44] Using filename prefix: VFOLIH.XXX
[20:21:44] Setting HMMER_NCPU=1
[20:21:44] Writing log to: prokka_VFOLIH_pseudofinder/VFOLIH.log
[20:21:44] Command: /home/diego/miniconda3/envs/prokka_env/bin/prokka VFOLIH.fasta --prefix VFOLIH --locustag VFOLIH --outdir prokka_VFOLIH_pseudofinder -gcode 11 --compliant --rfam --cdsrnaolap --force
[20:21:44] Appending to PATH: /home/diego/miniconda3/envs/prokka_env/bin
[20:21:44] Looking for 'aragorn' - found /home/diego/miniconda3/envs/prokka_env/bin/aragorn
[20:21:44] Determined aragorn version is 001002 from 'ARAGORN v1.2.38 Dean Laslett'
[20:21:44] Looking for 'barrnap' - found /home/diego/miniconda3/envs/prokka_env/bin/barrnap
[20:21:44] Determined barrnap version is 000009 from 'barrnap 0.9'
[20:21:44] Looking for 'blastp' - found /home/diego/miniconda3/envs/prokka_env/bin/blastp
[20:21:44] Determined blastp version is 002010 from 'blastp: 2.10.1+'
[20:21:44] Looking for 'cmpress' - found /home/diego/miniconda3/envs/prokka_env/bin/cmpress
[20:21:44] Determined cmpress version is 001001 from '# INFERNAL 1.1.3 (Nov 2019)'
[20:21:44] Looking for 'cmscan' - found /home/diego/miniconda3/envs/prokka_env/bin/cmscan
[20:21:44] Determined cmscan version is 001001 from '# INFERNAL 1.1.3 (Nov 2019)'
[20:21:44] Looking for 'egrep' - found /usr/bin/egrep
[20:21:44] Looking for 'find' - found /usr/bin/find
[20:21:44] Looking for 'grep' - found /usr/bin/grep
[20:21:44] Looking for 'hmmpress' - found /home/diego/miniconda3/envs/prokka_env/bin/hmmpress
[20:21:44] Determined hmmpress version is 003003 from '# HMMER 3.3.2 (Nov 2020); http://hmmer.org/'
[20:21:44] Looking for 'hmmscan' - found /home/diego/miniconda3/envs/prokka_env/bin/hmmscan
[20:21:44] Determined hmmscan version is 003003 from '# HMMER 3.3.2 (Nov 2020); http://hmmer.org/'
[20:21:44] Looking for 'java' - found /home/diego/miniconda3/envs/prokka_env/bin/java
[20:21:44] Looking for 'makeblastdb' - found /home/diego/miniconda3/envs/prokka_env/bin/makeblastdb
[20:21:44] Determined makeblastdb version is 002010 from 'makeblastdb: 2.10.1+'
[20:21:44] Looking for 'minced' - found /home/diego/miniconda3/envs/prokka_env/bin/minced
[20:21:44] Determined minced version is 004002 from 'minced 0.4.2'
[20:21:44] Looking for 'parallel' - found /home/diego/miniconda3/envs/prokka_env/bin/parallel
[20:21:45] Determined parallel version is 20201122 from 'GNU parallel 20201122'
[20:21:45] Looking for 'prodigal' - found /home/diego/miniconda3/envs/prokka_env/bin/prodigal
[20:21:45] Determined prodigal version is 002006 from 'Prodigal V2.6.3: February, 2016'
[20:21:45] Looking for 'prokka-genbank_to_fasta_db' - found /home/diego/miniconda3/envs/prokka_env/bin/prokka-genbank_to_fasta_db
[20:21:45] Looking for 'rnammer' - found /home/diego/rnammer-1.2.src/rnammer
[20:21:45] Determined rnammer version is 001002 from 'This rnammer 1.2, running from '/home/diego/rnammer-1.2.src/''
[20:21:45] Looking for 'sed' - found /usr/bin/sed
[20:21:45] Looking for 'tbl2asn' - found /home/diego/tbl2asn
[20:21:45] Determined tbl2asn version is 025008 from 'tbl2asn 25.8   arguments:'
[20:21:45] Using genetic code table 11.
[20:21:45] Loading and checking input file: VFOLIH.fasta
[20:21:45] Wrote 1 contigs totalling 136080 bp.
[20:21:45] Predicting tRNAs and tmRNAs
[20:21:45] Running: aragorn -l -gc11  -w prokka_VFOLIH_pseudofinder\/VFOLIH\.fna
[20:21:45] 1 tRNA-Trp [1201,1271] 33 (cca)
[20:21:45] 2 tRNA-Phe [14236,14310] 35 (gaa)
[20:21:45] 3 tRNA-Gln [24030,24102] 34 (ttg)
[20:21:45] 4 tRNA-Ser [32636,32725] 36 (gct)
[20:21:45] 5 tRNA-Thr c[35358,35431] 34 (cgt)
[20:21:45] 6 tRNA-Leu [55499,55571] 34 (aag)
[20:21:45] 7 tRNA-Leu [55574,55646] 34 (tag)
[20:21:45] 8 tRNA-Ser [55651,55735] 35 (aga)
[20:21:45] 9 tRNA-Asn c[63163,63235] 34 (gtt)
[20:21:45] 10 tRNA-Cys c[63952,64024] 34 (gca)
[20:21:45] 11 tRNA-Gly c[64025,64097] 34 (gcc)
[20:21:45] 12 tRNA-Val [71111,71182] 33 (tac)
[20:21:45] 13 tRNA-Leu c[72762,72845] 35 (caa)
[20:21:45] 14 tRNA-Ser c[72851,72936] 35 (tga)
[20:21:45] 15 tRNA-Arg [73027,73097] 33 (acg)
[20:21:45] 16 tRNA-Thr [79096,79166] 33 (tgt)
[20:21:45] 17 tRNA-His [79179,79251] 33 (gtg)
[20:21:45] 18 tRNA-Lys c[80102,80174] 34 (ttt)
[20:21:45] 19 tRNA-Lys c[80175,80249] 35 (ctt)
[20:21:45] 20 tRNA-Ile c[83477,83551] 35 (aat)
[20:21:45] 21 tRNA-Arg c[84568,84638] 33 (tct)
[20:21:45] 22 tRNA-Met c[84759,84833] 35 (cat)
[20:21:45] 23 tRNA-Pro [84887,84961] 36 (tgg)
[20:21:45] 24 tRNA-Asp c[95408,95482] 35 (gtc)
[20:21:45] 25 tRNA-Glu c[95483,95554] 34 (ttc)
[20:21:45] 26 tRNA-Ile c[120389,120461] 34 (aat)
[20:21:45] 27 tRNA-Ala c[120463,120536] 34 (tgc)
[20:21:45] 28 tRNA-Met c[135756,135826] 33 (cat)
[20:21:45] 29 tRNA-Tyr [135843,135932] 36 (gta)
[20:21:45] 30 tRNA-Gly [135933,136006] 35 (tcc)
[20:21:45] 31 tRNA-Thr [136010,136081] 33 (agt)
[20:21:45] Found 31 tRNAs
[20:21:45] Predicting Ribosomal RNAs
[20:21:45] Running Barrnap with 8 threads
[20:21:45] 1 gnl|Prokka|VFOLIH_1 117545 23S ribosomal RNA
[20:21:45] 2 gnl|Prokka|VFOLIH_1 120571 16S ribosomal RNA
[20:21:45] Found 2 rRNAs
[20:21:45] Scanning for ncRNAs... please be patient.
[20:21:45] Running: cmscan -Z 0.27216 --cut_ga --rfam --nohmmonly --fmt 2 --cpu 8 --tblout /dev/stdout -o /dev/null --noali /home/diego/miniconda3/envs/prokka_env/db/cm/Bacteria prokka_VFOLIH_pseudofinder\/VFOLIH\.fna
[20:21:51] Found 0 ncRNAs.
[20:21:51] Total of 33 tRNA + rRNA features
[20:21:51] Searching for CRISPR repeats
[20:21:51] Found 0 CRISPRs
[20:21:51] Predicting coding sequences
[20:21:51] Contigs total 136080 bp, so using single mode
[20:21:51] Running: prodigal -i prokka_VFOLIH_pseudofinder\/VFOLIH\.fna -c -m -g 11 -p single -f sco -q
[20:21:51] Found 161 CDS
[20:21:51] Connecting features back to sequences
[20:21:51] Not using genus-specific database. Try --usegenus to enable it.
[20:21:51] Annotating CDS, please be patient.
[20:21:51] Will use 8 CPUs for similarity searching.
[20:21:51] There are still 161 unannotated CDS left (started with 161)
[20:21:51] Will use blast to search against /home/diego/miniconda3/envs/prokka_env/db/kingdom/Bacteria/IS with 8 CPUs
[20:21:51] Running: cat prokka_VFOLIH_pseudofinder\/VFOLIH\.IS\.tmp\.207910\.faa | parallel --gnu --plain -j 8 --block 2723 --recstart '>' --pipe blastp -query - -db /home/diego/miniconda3/envs/prokka_env/db/kingdom/Bacteria/IS -evalue 1e-30 -qcov_hsp_perc 90 -num_threads 1 -num_descriptions 1 -num_alignments 1 -seg no > prokka_VFOLIH_pseudofinder\/VFOLIH\.IS\.tmp\.207910\.blast 2> /dev/null
[20:21:52] Deleting unwanted file: prokka_VFOLIH_pseudofinder/VFOLIH.IS.tmp.207910.faa
[20:21:52] Deleting unwanted file: prokka_VFOLIH_pseudofinder/VFOLIH.IS.tmp.207910.blast
[20:21:52] There are still 161 unannotated CDS left (started with 161)
[20:21:52] Will use blast to search against /home/diego/miniconda3/envs/prokka_env/db/kingdom/Bacteria/AMR with 8 CPUs
[20:21:52] Running: cat prokka_VFOLIH_pseudofinder\/VFOLIH\.AMR\.tmp\.207910\.faa | parallel --gnu --plain -j 8 --block 2723 --recstart '>' --pipe blastp -query - -db /home/diego/miniconda3/envs/prokka_env/db/kingdom/Bacteria/AMR -evalue 9.99999999999999e-301 -qcov_hsp_perc 90 -num_threads 1 -num_descriptions 1 -num_alignments 1 -seg no > prokka_VFOLIH_pseudofinder\/VFOLIH\.AMR\.tmp\.207910\.blast 2> /dev/null
[20:21:53] Deleting unwanted file: prokka_VFOLIH_pseudofinder/VFOLIH.AMR.tmp.207910.faa
[20:21:53] Deleting unwanted file: prokka_VFOLIH_pseudofinder/VFOLIH.AMR.tmp.207910.blast
[20:21:53] There are still 161 unannotated CDS left (started with 161)
[20:21:53] Will use blast to search against /home/diego/miniconda3/envs/prokka_env/db/kingdom/Bacteria/sprot with 8 CPUs
[20:21:53] Running: cat prokka_VFOLIH_pseudofinder\/VFOLIH\.sprot\.tmp\.207910\.faa | parallel --gnu --plain -j 8 --block 2723 --recstart '>' --pipe blastp -query - -db /home/diego/miniconda3/envs/prokka_env/db/kingdom/Bacteria/sprot -evalue 1e-09 -qcov_hsp_perc 80 -num_threads 1 -num_descriptions 1 -num_alignments 1 -seg no > prokka_VFOLIH_pseudofinder\/VFOLIH\.sprot\.tmp\.207910\.blast 2> /dev/null
[20:21:56] Deleting unwanted file: prokka_VFOLIH_pseudofinder/VFOLIH.sprot.tmp.207910.faa
[20:21:56] Deleting unwanted file: prokka_VFOLIH_pseudofinder/VFOLIH.sprot.tmp.207910.blast
[20:21:56] There are still 66 unannotated CDS left (started with 161)
[20:21:56] Will use hmmer3 to search against /home/diego/miniconda3/envs/prokka_env/db/hmm/HAMAP.hmm with 8 CPUs
[20:21:56] Running: cat prokka_VFOLIH_pseudofinder\/VFOLIH\.HAMAP\.hmm\.tmp\.207910\.faa | parallel --gnu --plain -j 8 --block 763 --recstart '>' --pipe hmmscan --noali --notextw --acc -E 1e-09 --cpu 1 /home/diego/miniconda3/envs/prokka_env/db/hmm/HAMAP.hmm /dev/stdin > prokka_VFOLIH_pseudofinder\/VFOLIH\.HAMAP\.hmm\.tmp\.207910\.hmmer3 2> /dev/null
[20:21:56] Deleting unwanted file: prokka_VFOLIH_pseudofinder/VFOLIH.HAMAP.hmm.tmp.207910.faa
[20:21:56] Deleting unwanted file: prokka_VFOLIH_pseudofinder/VFOLIH.HAMAP.hmm.tmp.207910.hmmer3
[20:21:56] Labelling remaining 50 proteins as 'hypothetical protein'
[20:21:56] Found 108 unique /gene codes.
[20:21:56] Fixed 2 duplicate /gene - prfA_1 prfA_2
[20:21:56] Fixed 2 duplicate /gene - gluQ_1 gluQ_2
[20:21:56] Fixed 2 colliding /gene names.
[20:21:56] Adding /locus_tag identifiers
[20:21:56] Assigned 194 locus_tags to CDS and RNA features.
[20:21:56] Writing outputs to prokka_VFOLIH_pseudofinder/
[20:21:56] Generating annotation statistics file
[20:21:56] Generating Genbank and Sequin files
[20:21:56] Running: tbl2asn -V b -a r10k -l paired-ends -M n -N 1 -y 'Annotated using prokka 1.14.6 from https://github.com/tseemann/prokka' -Z prokka_VFOLIH_pseudofinder\/VFOLIH\.err -i prokka_VFOLIH_pseudofinder\/VFOLIH\.fsa 2> /dev/null
[20:21:57] Deleting unwanted file: prokka_VFOLIH_pseudofinder/errorsummary.val
[20:21:57] Deleting unwanted file: prokka_VFOLIH_pseudofinder/VFOLIH.dr
[20:21:57] Deleting unwanted file: prokka_VFOLIH_pseudofinder/VFOLIH.fixedproducts
[20:21:57] Deleting unwanted file: prokka_VFOLIH_pseudofinder/VFOLIH.ecn
[20:21:57] Deleting unwanted file: prokka_VFOLIH_pseudofinder/VFOLIH.val
[20:21:57] Repairing broken .GBK output that tbl2asn produces...
[20:21:57] Running: sed 's/COORDINATES: profile/COORDINATES:profile/' < prokka_VFOLIH_pseudofinder\/VFOLIH\.gbf > prokka_VFOLIH_pseudofinder\/VFOLIH\.gbk
[20:21:57] Deleting unwanted file: prokka_VFOLIH_pseudofinder/VFOLIH.gbf
[20:21:57] Output files:
[20:21:57] prokka_VFOLIH_pseudofinder/VFOLIH.log
[20:21:57] prokka_VFOLIH_pseudofinder/VFOLIH.fna
[20:21:57] prokka_VFOLIH_pseudofinder/VFOLIH.gff
[20:21:57] prokka_VFOLIH_pseudofinder/VFOLIH.ffn
[20:21:57] prokka_VFOLIH_pseudofinder/VFOLIH.txt
[20:21:57] prokka_VFOLIH_pseudofinder/VFOLIH.gbk
[20:21:57] prokka_VFOLIH_pseudofinder/VFOLIH.err
[20:21:57] prokka_VFOLIH_pseudofinder/VFOLIH.faa
[20:21:57] prokka_VFOLIH_pseudofinder/VFOLIH.sqn
[20:21:57] prokka_VFOLIH_pseudofinder/VFOLIH.tsv
[20:21:57] prokka_VFOLIH_pseudofinder/VFOLIH.fsa
[20:21:57] prokka_VFOLIH_pseudofinder/VFOLIH.tbl
[20:21:57] Annotation finished successfully.
[20:21:57] Walltime used: 0.22 minutes
[20:21:57] If you use this result please cite the Prokka paper:
[20:21:57] Seemann T (2014) Prokka: rapid prokaryotic genome annotation. Bioinformatics. 30(14):2068-9.
[20:21:57] Type 'prokka --citation' for more details.
[20:21:57] Share and enjoy!
