[10:05:06] This is prokka 1.13
[10:05:06] Written by Torsten Seemann <torsten.seemann@gmail.com>
[10:05:06] Homepage is https://github.com/tseemann/prokka
[10:05:06] Local time is Mon Dec 18 10:05:06 2023
[10:05:06] You are diego
[10:05:06] Operating system is linux
[10:05:06] You have BioPerl 1.007002
[10:05:06] System has 32 cores.
[10:05:06] Option --cpu asked for 40 cores, but system only has 32
[10:05:06] Will use maximum of 32 cores.
[10:05:06] Annotating as >>> Bacteria <<<
[10:05:06] Enabling options to ensure Genbank/ENA/DDJB submission compliance.
[10:05:06] Creating new output folder: prokka_SMZOPTEN
[10:05:06] Running: mkdir -p prokka_SMZOPTEN
[10:05:06] Using filename prefix: prokka_SMZOPTEN.XXX
[10:05:06] Setting HMMER_NCPU=1
[10:05:06] Writing log to: prokka_SMZOPTEN/prokka_SMZOPTEN.log
[10:05:06] Command: /home/diego/miniconda3/envs/prokka_env/bin/prokka SMZOPTEN.fasta --prefix prokka_SMZOPTEN --outdir prokka_SMZOPTEN --cpus 40 --locustag SMZOPTEN --compliant --gcode 11
[10:05:06] Appending to PATH: /home/diego/miniconda3/envs/prokka_env/bin
[10:05:06] Looking for 'aragorn' - found /home/diego/miniconda3/envs/prokka_env/bin/aragorn
[10:05:06] Determined aragorn version is 1.2
[10:05:06] Looking for 'barrnap' - found /home/diego/miniconda3/envs/prokka_env/bin/barrnap
[10:05:06] Determined barrnap version is 0.9
[10:05:06] Looking for 'blastp' - found /home/diego/miniconda3/envs/prokka_env/bin/blastp
[10:05:06] Determined blastp version is 2.14
[10:05:06] Looking for 'cmpress' - found /home/diego/miniconda3/envs/prokka_env/bin/cmpress
[10:05:06] Determined cmpress version is 1.1
[10:05:06] Looking for 'cmscan' - found /home/diego/miniconda3/envs/prokka_env/bin/cmscan
[10:05:06] Determined cmscan version is 1.1
[10:05:06] Looking for 'egrep' - found /usr/bin/egrep
[10:05:06] Looking for 'find' - found /usr/bin/find
[10:05:06] Looking for 'grep' - found /usr/bin/grep
[10:05:06] Looking for 'hmmpress' - found /home/diego/miniconda3/envs/prokka_env/bin/hmmpress
[10:05:06] Determined hmmpress version is 3.3
[10:05:06] Looking for 'hmmscan' - found /home/diego/miniconda3/envs/prokka_env/bin/hmmscan
[10:05:06] Determined hmmscan version is 3.3
[10:05:06] Looking for 'java' - found /home/diego/miniconda3/envs/prokka_env/bin/java
[10:05:06] Looking for 'less' - found /usr/bin/less
[10:05:06] Looking for 'makeblastdb' - found /home/diego/miniconda3/envs/prokka_env/bin/makeblastdb
[10:05:06] Determined makeblastdb version is 2.14
[10:05:06] Looking for 'minced' - found /home/diego/miniconda3/envs/prokka_env/bin/minced
[10:05:06] Determined minced version is 4.2
[10:05:06] Looking for 'parallel' - found /home/diego/miniconda3/envs/prokka_env/bin/parallel
[10:05:06] Determined parallel version is 20160622
[10:05:06] Looking for 'prodigal' - found /home/diego/miniconda3/envs/prokka_env/bin/prodigal
[10:05:06] Determined prodigal version is 2.6
[10:05:06] Looking for 'prokka-genbank_to_fasta_db' - found /home/diego/miniconda3/envs/prokka_env/bin/prokka-genbank_to_fasta_db
[10:05:06] Looking for 'rnammer' - found /home/diego/rnammer-1.2.src/rnammer
[10:05:06] Determined rnammer version is 1.2
[10:05:06] Looking for 'sed' - found /usr/bin/sed
[10:05:06] Looking for 'tbl2asn' - found /home/diego/miniconda3/envs/prokka_env/bin/tbl2asn
[10:05:06] Determined tbl2asn version is 25.8
[10:05:06] Using genetic code table 11.
[10:05:06] Loading and checking input file: SMZOPTEN.fasta
[10:05:06] Wrote 1 contigs totalling 141188 bp.
[10:05:06] Predicting tRNAs and tmRNAs
[10:05:06] Running: aragorn -l -gc11  -w prokka_SMZOPTEN\/prokka_SMZOPTEN\.fna
[10:05:06] 1 tRNA-Met [8906,8982] 35 (cat)
[10:05:06] 2 tRNA-Asn c[12496,12571] 36 (gtt)
[10:05:06] 3 tRNA-Cys c[16567,16637] 33 (gca)
[10:05:06] 4 tmRNA c[18382,18670] 98,124 GKNYSLAA*
[10:05:06] 5 tRNA-Met c[19308,19383] 36 (cat)
[10:05:06] 6 tRNA-Leu [21711,21795] 35 (tag)
[10:05:06] 7 tRNA-Leu [21809,21892] 35 (caa)
[10:05:06] 8 tRNA-Ser [27002,27084] 35 (gct)
[10:05:06] 9 tRNA-Pro [27088,27162] 36 (tgg)
[10:05:06] 10 tRNA-Arg [27192,27267] 35 (tct)
[10:05:06] 11 tRNA-Ser c[32500,32586] 36 (tga)
[10:05:06] 12 tRNA-Lys [36421,36493] 34 (ttt)
[10:05:06] 13 tRNA-Asp c[36499,36572] 35 (gtc)
[10:05:06] 14 tRNA-Val c[40066,40140] 36 (tac)
[10:05:06] 15 tRNA-Leu c[53694,53776] 35 (taa)
[10:05:06] 16 tRNA-Gly c[53794,53866] 34 (gcc)
[10:05:06] 17 tRNA-Ala c[62698,62771] 35 (tgc)
[10:05:06] 18 tRNA-Ile c[62775,62848] 35 (gat)
[10:05:06] 19 tRNA-Thr [66452,66525] 35 (tgt)
[10:05:06] 20 tRNA-Tyr [66536,66617] 35 (gta)
[10:05:06] 21 tRNA-Gly [66662,66735] 35 (tcc)
[10:05:06] 22 tRNA-Thr [66747,66821] 35 (ggt)
[10:05:06] 23 tRNA-Trp [68043,68115] 34 (cca)
[10:05:06] 24 tRNA-His [79811,79886] 36 (gtg)
[10:05:06] 25 tRNA-Phe c[81938,82011] 35 (gaa)
[10:05:06] 26 tRNA-Leu c[94280,94353] 35 (gag)
[10:05:06] 27 tRNA-Met [94469,94545] 36 (cat)
[10:05:06] 28 tRNA-Glu c[105965,106036] 34 (ttc)
[10:05:06] 29 tRNA-Gln [106409,106479] 33 (ttg)
[10:05:06] 30 tRNA-Arg c[132484,132557] 35 (acg)
[10:05:06] Found 30 tRNAs
[10:05:06] Predicting Ribosomal RNAs
[10:05:06] Running Barrnap with 32 threads
[10:05:07] 1 gnl|Prokka|SMZOPTEN_1 59621 5S ribosomal RNA
[10:05:07] 2 gnl|Prokka|SMZOPTEN_1 59782 23S ribosomal RNA
[10:05:07] 3 gnl|Prokka|SMZOPTEN_1 62882 16S ribosomal RNA
[10:05:07] Found 3 rRNAs
[10:05:07] Skipping ncRNA search, enable with --rfam if desired.
[10:05:07] Total of 32 tRNA + rRNA features
[10:05:07] Searching for CRISPR repeats
[10:05:07] Found 0 CRISPRs
[10:05:07] Predicting coding sequences
[10:05:07] Contigs total 141188 bp, so using single mode
[10:05:07] Running: prodigal -i prokka_SMZOPTEN\/prokka_SMZOPTEN\.fna -c -m -g 11 -p single -f sco -q
[10:05:07] Excluding CDS which overlaps existing RNA (tRNA) at gnl|Prokka|SMZOPTEN_1:8922..9083 on + strand
[10:05:07] Excluding CDS which overlaps existing RNA (tRNA) at gnl|Prokka|SMZOPTEN_1:27263..28735 on - strand
[10:05:07] Excluding CDS which overlaps existing RNA (rRNA) at gnl|Prokka|SMZOPTEN_1:59904..60362 on + strand
[10:05:07] Excluding CDS which overlaps existing RNA (rRNA) at gnl|Prokka|SMZOPTEN_1:60515..60772 on + strand
[10:05:07] Excluding CDS which overlaps existing RNA (tRNA) at gnl|Prokka|SMZOPTEN_1:79886..80008 on - strand
[10:05:07] Excluding CDS which overlaps existing RNA (tRNA) at gnl|Prokka|SMZOPTEN_1:82002..84776 on - strand
[10:05:07] Found 137 CDS
[10:05:07] Connecting features back to sequences
[10:05:07] Not using genus-specific database. Try --usegenus to enable it.
[10:05:07] Annotating CDS, please be patient.
[10:05:07] Will use 32 CPUs for similarity searching.
[10:05:07] There are still 137 unannotated CDS left (started with 137)
[10:05:07] Will use blast to search against /home/diego/miniconda3/envs/prokka_env/bin/../db/kingdom/Bacteria/sprot with 32 CPUs
[10:05:07] Running: cat prokka_SMZOPTEN\/sprot\.faa | parallel --gnu --plain -j 32 --block 635 --recstart '>' --pipe blastp -query - -db /home/diego/miniconda3/envs/prokka_env/bin/../db/kingdom/Bacteria/sprot -evalue 1e-06 -num_threads 1 -num_descriptions 1 -num_alignments 1 -seg no > prokka_SMZOPTEN\/sprot\.blast 2> /dev/null
[10:05:09] Modify product: Probable ATP-dependent transporter SufC => putative ATP-dependent transporter SufC
[10:05:09] Cleaned 1 /product names
[10:05:09] Deleting unwanted file: prokka_SMZOPTEN/sprot.faa
[10:05:09] Deleting unwanted file: prokka_SMZOPTEN/sprot.blast
[10:05:09] There are still 20 unannotated CDS left (started with 137)
[10:05:09] Will use hmmer3 to search against /home/diego/miniconda3/envs/prokka_env/bin/../db/hmm/HAMAP.hmm with 32 CPUs
[10:05:09] Running: cat prokka_SMZOPTEN\/HAMAP\.hmm\.faa | parallel --gnu --plain -j 32 --block 37 --recstart '>' --pipe hmmscan --noali --notextw --acc -E 1e-06 --cpu 1 /home/diego/miniconda3/envs/prokka_env/bin/../db/hmm/HAMAP.hmm /dev/stdin > prokka_SMZOPTEN\/HAMAP\.hmm\.hmmer3 2> /dev/null
[10:05:09] Deleting unwanted file: prokka_SMZOPTEN/HAMAP.hmm.faa
[10:05:09] Deleting unwanted file: prokka_SMZOPTEN/HAMAP.hmm.hmmer3
[10:05:09] Labelling remaining 12 proteins as 'hypothetical protein'
[10:05:09] Found 124 unique /gene codes.
[10:05:09] Fixed 0 colliding /gene names.
[10:05:09] Adding /locus_tag identifiers
[10:05:09] Assigned 170 locus_tags to CDS and RNA features.
[10:05:09] Writing outputs to prokka_SMZOPTEN/
[10:05:09] Generating annotation statistics file
[10:05:09] Generating Genbank and Sequin files
[10:05:09] Running: tbl2asn -V b -a r10k -l paired-ends -M n -N 1 -y 'Annotated using prokka 1.13 from https://github.com/tseemann/prokka' -Z prokka_SMZOPTEN\/prokka_SMZOPTEN\.err -i prokka_SMZOPTEN\/prokka_SMZOPTEN\.fsa 2> /dev/null
[10:05:10] Deleting unwanted file: prokka_SMZOPTEN/errorsummary.val
[10:05:10] Deleting unwanted file: prokka_SMZOPTEN/prokka_SMZOPTEN.dr
[10:05:10] Deleting unwanted file: prokka_SMZOPTEN/prokka_SMZOPTEN.fixedproducts
[10:05:10] Deleting unwanted file: prokka_SMZOPTEN/prokka_SMZOPTEN.ecn
[10:05:10] Deleting unwanted file: prokka_SMZOPTEN/prokka_SMZOPTEN.val
[10:05:10] Repairing broken .GBK output that tbl2asn produces...
[10:05:10] Running: sed 's/COORDINATES: profile/COORDINATES:profile/' < prokka_SMZOPTEN\/prokka_SMZOPTEN\.gbf > prokka_SMZOPTEN\/prokka_SMZOPTEN\.gbk
[10:05:10] Deleting unwanted file: prokka_SMZOPTEN/prokka_SMZOPTEN.gbf
[10:05:10] Output files:
[10:05:10] prokka_SMZOPTEN/prokka_SMZOPTEN.faa
[10:05:10] prokka_SMZOPTEN/prokka_SMZOPTEN.gff
[10:05:10] prokka_SMZOPTEN/prokka_SMZOPTEN.tbl
[10:05:10] prokka_SMZOPTEN/prokka_SMZOPTEN.ffn
[10:05:10] prokka_SMZOPTEN/prokka_SMZOPTEN.txt
[10:05:10] prokka_SMZOPTEN/prokka_SMZOPTEN.log
[10:05:10] prokka_SMZOPTEN/prokka_SMZOPTEN.fsa
[10:05:10] prokka_SMZOPTEN/prokka_SMZOPTEN.err
[10:05:10] prokka_SMZOPTEN/prokka_SMZOPTEN.fna
[10:05:10] prokka_SMZOPTEN/prokka_SMZOPTEN.sqn
[10:05:10] prokka_SMZOPTEN/prokka_SMZOPTEN.gbk
[10:05:10] prokka_SMZOPTEN/prokka_SMZOPTEN.tsv
[10:05:10] Annotation finished successfully.
[10:05:10] Walltime used: 0.07 minutes
[10:05:10] If you use this result please cite the Prokka paper:
[10:05:10] Seemann T (2014) Prokka: rapid prokaryotic genome annotation. Bioinformatics. 30(14):2068-9.
[10:05:10] Type 'prokka --citation' for more details.
[10:05:10] Thank you, come again.
