Discrepancy Report Results

Summary
FATAL: MISSING_PROTEIN_ID:130 proteins have invalid IDs.
DISC_SOURCE_QUALS_ASNDISC:strain (all present, all unique)
DISC_SOURCE_QUALS_ASNDISC:taxname (all present, all unique)
DISC_FEATURE_COUNT:CDS: 130 present
DISC_FEATURE_COUNT:tRNA: 28 present
DISC_FEATURE_COUNT:rRNA: 2 present
DISC_COUNT_NUCLEOTIDES:1 nucleotide Bioseqs are present
FEATURE_LOCATION_CONFLICT:160 features have inconsistent gene locations.
DISC_QUALITY_SCORES:Quality scores are missing on all sequences.
ONCALLER_COMMENT_PRESENT:1 comment descriptors were found (all same)
SHORT_PROT_SEQUENCES:3 protein sequences are shorter than 50 aa.
MISSING_GENOMEASSEMBLY_COMMENTS:1 bioseqs are missing GenomeAssembly structured comments
MOLTYPE_NOT_MRNA:1 molecule types are not set as mRNA.
TECHNIQUE_NOT_TSA:1 technique are not set as TSA
MISSING_STRUCTURED_COMMENT:1 sequences do not include structured comments.
MISSING_PROJECT:131 sequences do not include project.
DISC_INCONSISTENT_MOLINFO_TECH:Molinfo Technique Report (some missing, all same)


Detailed Report

FATAL: DiscRep_ALL:MISSING_PROTEIN_ID::130 proteins have invalid IDs.
prokka_VFPYRVIR/VFPYRVIR:VFPYRVIR_1 (length 136)
prokka_VFPYRVIR/VFPYRVIR:VFPYRVIR_2 (length 210)
prokka_VFPYRVIR/VFPYRVIR:VFPYRVIR_3 (length 151)
prokka_VFPYRVIR/VFPYRVIR:VFPYRVIR_4 (length 116)
prokka_VFPYRVIR/VFPYRVIR:VFPYRVIR_5 (length 1258)
prokka_VFPYRVIR/VFPYRVIR:VFPYRVIR_6 (length 1279)
prokka_VFPYRVIR/VFPYRVIR:VFPYRVIR_7 (length 128)
prokka_VFPYRVIR/VFPYRVIR:VFPYRVIR_8 (length 156)
prokka_VFPYRVIR/VFPYRVIR:VFPYRVIR_9 (length 689)
prokka_VFPYRVIR/VFPYRVIR:VFPYRVIR_10 (length 102)
prokka_VFPYRVIR/VFPYRVIR:VFPYRVIR_11 (length 134)
prokka_VFPYRVIR/VFPYRVIR:VFPYRVIR_12 (length 298)
prokka_VFPYRVIR/VFPYRVIR:VFPYRVIR_13 (length 226)
prokka_VFPYRVIR/VFPYRVIR:VFPYRVIR_14 (length 370)
prokka_VFPYRVIR/VFPYRVIR:VFPYRVIR_15 (length 130)
prokka_VFPYRVIR/VFPYRVIR:VFPYRVIR_16 (length 97)
prokka_VFPYRVIR/VFPYRVIR:VFPYRVIR_17 (length 267)
prokka_VFPYRVIR/VFPYRVIR:VFPYRVIR_18 (length 185)
prokka_VFPYRVIR/VFPYRVIR:VFPYRVIR_19 (length 444)
prokka_VFPYRVIR/VFPYRVIR:VFPYRVIR_20 (length 283)
prokka_VFPYRVIR/VFPYRVIR:VFPYRVIR_21 (length 170)
prokka_VFPYRVIR/VFPYRVIR:VFPYRVIR_22 (length 182)
prokka_VFPYRVIR/VFPYRVIR:VFPYRVIR_23 (length 370)
prokka_VFPYRVIR/VFPYRVIR:VFPYRVIR_24 (length 433)
prokka_VFPYRVIR/VFPYRVIR:VFPYRVIR_25 (length 238)
prokka_VFPYRVIR/VFPYRVIR:VFPYRVIR_26 (length 284)
prokka_VFPYRVIR/VFPYRVIR:VFPYRVIR_27 (length 268)
prokka_VFPYRVIR/VFPYRVIR:VFPYRVIR_28 (length 246)
prokka_VFPYRVIR/VFPYRVIR:VFPYRVIR_29 (length 129)
prokka_VFPYRVIR/VFPYRVIR:VFPYRVIR_30 (length 779)
prokka_VFPYRVIR/VFPYRVIR:VFPYRVIR_31 (length 58)
prokka_VFPYRVIR/VFPYRVIR:VFPYRVIR_32 (length 44)
prokka_VFPYRVIR/VFPYRVIR:VFPYRVIR_33 (length 723)
prokka_VFPYRVIR/VFPYRVIR:VFPYRVIR_34 (length 65)
prokka_VFPYRVIR/VFPYRVIR:VFPYRVIR_35 (length 188)
prokka_VFPYRVIR/VFPYRVIR:VFPYRVIR_36 (length 378)
prokka_VFPYRVIR/VFPYRVIR:VFPYRVIR_37 (length 285)
prokka_VFPYRVIR/VFPYRVIR:VFPYRVIR_38 (length 254)
prokka_VFPYRVIR/VFPYRVIR:VFPYRVIR_39 (length 329)
prokka_VFPYRVIR/VFPYRVIR:VFPYRVIR_40 (length 206)
prokka_VFPYRVIR/VFPYRVIR:VFPYRVIR_41 (length 409)
prokka_VFPYRVIR/VFPYRVIR:VFPYRVIR_42 (length 457)
prokka_VFPYRVIR/VFPYRVIR:VFPYRVIR_43 (length 321)
prokka_VFPYRVIR/VFPYRVIR:VFPYRVIR_44 (length 462)
prokka_VFPYRVIR/VFPYRVIR:VFPYRVIR_45 (length 323)
prokka_VFPYRVIR/VFPYRVIR:VFPYRVIR_46 (length 423)
prokka_VFPYRVIR/VFPYRVIR:VFPYRVIR_47 (length 1008)
prokka_VFPYRVIR/VFPYRVIR:VFPYRVIR_48 (length 109)
prokka_VFPYRVIR/VFPYRVIR:VFPYRVIR_49 (length 343)
prokka_VFPYRVIR/VFPYRVIR:VFPYRVIR_50 (length 212)
prokka_VFPYRVIR/VFPYRVIR:VFPYRVIR_51 (length 376)
prokka_VFPYRVIR/VFPYRVIR:VFPYRVIR_52 (length 229)
prokka_VFPYRVIR/VFPYRVIR:VFPYRVIR_53 (length 87)
prokka_VFPYRVIR/VFPYRVIR:VFPYRVIR_54 (length 76)
prokka_VFPYRVIR/VFPYRVIR:VFPYRVIR_55 (length 333)
prokka_VFPYRVIR/VFPYRVIR:VFPYRVIR_56 (length 1025)
prokka_VFPYRVIR/VFPYRVIR:VFPYRVIR_57 (length 178)
prokka_VFPYRVIR/VFPYRVIR:VFPYRVIR_58 (length 181)
prokka_VFPYRVIR/VFPYRVIR:VFPYRVIR_59 (length 255)
prokka_VFPYRVIR/VFPYRVIR:VFPYRVIR_60 (length 344)
prokka_VFPYRVIR/VFPYRVIR:VFPYRVIR_61 (length 142)
prokka_VFPYRVIR/VFPYRVIR:VFPYRVIR_62 (length 190)
prokka_VFPYRVIR/VFPYRVIR:VFPYRVIR_63 (length 411)
prokka_VFPYRVIR/VFPYRVIR:VFPYRVIR_64 (length 310)
prokka_VFPYRVIR/VFPYRVIR:VFPYRVIR_65 (length 193)
prokka_VFPYRVIR/VFPYRVIR:VFPYRVIR_66 (length 194)
prokka_VFPYRVIR/VFPYRVIR:VFPYRVIR_67 (length 226)
prokka_VFPYRVIR/VFPYRVIR:VFPYRVIR_68 (length 247)
prokka_VFPYRVIR/VFPYRVIR:VFPYRVIR_69 (length 97)
prokka_VFPYRVIR/VFPYRVIR:VFPYRVIR_70 (length 59)
prokka_VFPYRVIR/VFPYRVIR:VFPYRVIR_71 (length 151)
prokka_VFPYRVIR/VFPYRVIR:VFPYRVIR_72 (length 163)
prokka_VFPYRVIR/VFPYRVIR:VFPYRVIR_73 (length 337)
prokka_VFPYRVIR/VFPYRVIR:VFPYRVIR_74 (length 274)
prokka_VFPYRVIR/VFPYRVIR:VFPYRVIR_75 (length 259)
prokka_VFPYRVIR/VFPYRVIR:VFPYRVIR_76 (length 349)
prokka_VFPYRVIR/VFPYRVIR:VFPYRVIR_77 (length 444)
prokka_VFPYRVIR/VFPYRVIR:VFPYRVIR_78 (length 389)
prokka_VFPYRVIR/VFPYRVIR:VFPYRVIR_79 (length 423)
prokka_VFPYRVIR/VFPYRVIR:VFPYRVIR_80 (length 64)
prokka_VFPYRVIR/VFPYRVIR:VFPYRVIR_81 (length 104)
prokka_VFPYRVIR/VFPYRVIR:VFPYRVIR_82 (length 77)
prokka_VFPYRVIR/VFPYRVIR:VFPYRVIR_83 (length 427)
prokka_VFPYRVIR/VFPYRVIR:VFPYRVIR_84 (length 584)
prokka_VFPYRVIR/VFPYRVIR:VFPYRVIR_85 (length 87)
prokka_VFPYRVIR/VFPYRVIR:VFPYRVIR_86 (length 530)
prokka_VFPYRVIR/VFPYRVIR:VFPYRVIR_87 (length 417)
prokka_VFPYRVIR/VFPYRVIR:VFPYRVIR_88 (length 332)
prokka_VFPYRVIR/VFPYRVIR:VFPYRVIR_89 (length 350)
prokka_VFPYRVIR/VFPYRVIR:VFPYRVIR_90 (length 38)
prokka_VFPYRVIR/VFPYRVIR:VFPYRVIR_91 (length 209)
prokka_VFPYRVIR/VFPYRVIR:VFPYRVIR_92 (length 333)
prokka_VFPYRVIR/VFPYRVIR:VFPYRVIR_93 (length 600)
prokka_VFPYRVIR/VFPYRVIR:VFPYRVIR_94 (length 140)
prokka_VFPYRVIR/VFPYRVIR:VFPYRVIR_95 (length 317)
prokka_VFPYRVIR/VFPYRVIR:VFPYRVIR_96 (length 326)
prokka_VFPYRVIR/VFPYRVIR:VFPYRVIR_97 (length 142)
prokka_VFPYRVIR/VFPYRVIR:VFPYRVIR_98 (length 715)
prokka_VFPYRVIR/VFPYRVIR:VFPYRVIR_99 (length 209)
prokka_VFPYRVIR/VFPYRVIR:VFPYRVIR_100 (length 403)
prokka_VFPYRVIR/VFPYRVIR:VFPYRVIR_101 (length 260)
prokka_VFPYRVIR/VFPYRVIR:VFPYRVIR_102 (length 69)
prokka_VFPYRVIR/VFPYRVIR:VFPYRVIR_103 (length 80)
prokka_VFPYRVIR/VFPYRVIR:VFPYRVIR_104 (length 97)
prokka_VFPYRVIR/VFPYRVIR:VFPYRVIR_105 (length 419)
prokka_VFPYRVIR/VFPYRVIR:VFPYRVIR_106 (length 140)
prokka_VFPYRVIR/VFPYRVIR:VFPYRVIR_107 (length 195)
prokka_VFPYRVIR/VFPYRVIR:VFPYRVIR_108 (length 67)
prokka_VFPYRVIR/VFPYRVIR:VFPYRVIR_109 (length 269)
prokka_VFPYRVIR/VFPYRVIR:VFPYRVIR_110 (length 95)
prokka_VFPYRVIR/VFPYRVIR:VFPYRVIR_111 (length 109)
prokka_VFPYRVIR/VFPYRVIR:VFPYRVIR_112 (length 207)
prokka_VFPYRVIR/VFPYRVIR:VFPYRVIR_113 (length 133)
prokka_VFPYRVIR/VFPYRVIR:VFPYRVIR_114 (length 76)
prokka_VFPYRVIR/VFPYRVIR:VFPYRVIR_115 (length 121)
prokka_VFPYRVIR/VFPYRVIR:VFPYRVIR_116 (length 182)
prokka_VFPYRVIR/VFPYRVIR:VFPYRVIR_117 (length 89)
prokka_VFPYRVIR/VFPYRVIR:VFPYRVIR_118 (length 130)
prokka_VFPYRVIR/VFPYRVIR:VFPYRVIR_119 (length 178)
prokka_VFPYRVIR/VFPYRVIR:VFPYRVIR_120 (length 103)
prokka_VFPYRVIR/VFPYRVIR:VFPYRVIR_121 (length 142)
prokka_VFPYRVIR/VFPYRVIR:VFPYRVIR_122 (length 119)
prokka_VFPYRVIR/VFPYRVIR:VFPYRVIR_123 (length 72)
prokka_VFPYRVIR/VFPYRVIR:VFPYRVIR_124 (length 116)
prokka_VFPYRVIR/VFPYRVIR:VFPYRVIR_125 (length 112)
prokka_VFPYRVIR/VFPYRVIR:VFPYRVIR_126 (length 182)
prokka_VFPYRVIR/VFPYRVIR:VFPYRVIR_127 (length 282)
prokka_VFPYRVIR/VFPYRVIR:VFPYRVIR_128 (length 83)
prokka_VFPYRVIR/VFPYRVIR:VFPYRVIR_129 (length 42)
prokka_VFPYRVIR/VFPYRVIR:VFPYRVIR_130 (length 362)

DiscRep_ALL:DISC_SOURCE_QUALS_ASNDISC::strain (all present, all unique)
DiscRep_SUB:DISC_SOURCE_QUALS_ASNDISC::1 sources have unique values for strain
DiscRep_ALL:DISC_SOURCE_QUALS_ASNDISC::taxname (all present, all unique)
DiscRep_SUB:DISC_SOURCE_QUALS_ASNDISC::1 sources have unique values for taxname
DiscRep_ALL:DISC_FEATURE_COUNT::CDS: 130 present
DiscRep_ALL:DISC_FEATURE_COUNT::tRNA: 28 present
DiscRep_ALL:DISC_FEATURE_COUNT::rRNA: 2 present
DiscRep_ALL:DISC_COUNT_NUCLEOTIDES::1 nucleotide Bioseqs are present
prokka_VFPYRVIR/VFPYRVIR:VFPYRVIR (length 125452)

DiscRep_ALL:FEATURE_LOCATION_CONFLICT::160 features have inconsistent gene locations.
DiscRep_SUB:FEATURE_LOCATION_CONFLICT::Coding region xref gene does not exist
prokka_VFPYRVIR/VFPYRVIR:CDS	50S ribosomal protein L11	VFPYRVIR:1273-1683	VFPYRVIR_00002

DiscRep_SUB:FEATURE_LOCATION_CONFLICT::Coding region xref gene does not exist
prokka_VFPYRVIR/VFPYRVIR:CDS	hypothetical protein	VFPYRVIR:1676-2308	VFPYRVIR_00003

DiscRep_SUB:FEATURE_LOCATION_CONFLICT::Coding region xref gene does not exist
prokka_VFPYRVIR/VFPYRVIR:CDS	hypothetical protein	VFPYRVIR:2301-2756	VFPYRVIR_00004

DiscRep_SUB:FEATURE_LOCATION_CONFLICT::Coding region xref gene does not exist
prokka_VFPYRVIR/VFPYRVIR:CDS	50S ribosomal protein L7/L12	VFPYRVIR:2743-3093	VFPYRVIR_00005

DiscRep_SUB:FEATURE_LOCATION_CONFLICT::Coding region xref gene does not exist
prokka_VFPYRVIR/VFPYRVIR:CDS	DNA-directed RNA polymerase subunit beta	VFPYRVIR:3095-6871	VFPYRVIR_00006

DiscRep_SUB:FEATURE_LOCATION_CONFLICT::Coding region xref gene does not exist
prokka_VFPYRVIR/VFPYRVIR:CDS	DNA-directed RNA polymerase subunit beta'	VFPYRVIR:6868-10707	VFPYRVIR_00007

DiscRep_SUB:FEATURE_LOCATION_CONFLICT::Coding region xref gene does not exist
prokka_VFPYRVIR/VFPYRVIR:CDS	30S ribosomal protein S12	VFPYRVIR:10655-11041	VFPYRVIR_00008

DiscRep_SUB:FEATURE_LOCATION_CONFLICT::Coding region xref gene does not exist
prokka_VFPYRVIR/VFPYRVIR:CDS	30S ribosomal protein S7	VFPYRVIR:11016-11486	VFPYRVIR_00009

DiscRep_SUB:FEATURE_LOCATION_CONFLICT::Coding region xref gene does not exist
prokka_VFPYRVIR/VFPYRVIR:CDS	Elongation factor G	VFPYRVIR:11488-13557	VFPYRVIR_00010

DiscRep_SUB:FEATURE_LOCATION_CONFLICT::Coding region xref gene does not exist
prokka_VFPYRVIR/VFPYRVIR:CDS	hypothetical protein	VFPYRVIR:13554-13862	VFPYRVIR_00011

DiscRep_SUB:FEATURE_LOCATION_CONFLICT::Coding region xref gene does not exist
prokka_VFPYRVIR/VFPYRVIR:CDS	hypothetical protein	VFPYRVIR:14366-14770	VFPYRVIR_00013

DiscRep_SUB:FEATURE_LOCATION_CONFLICT::Coding region xref gene does not exist
prokka_VFPYRVIR/VFPYRVIR:CDS	hypothetical protein	VFPYRVIR:14767-15663	VFPYRVIR_00014

DiscRep_SUB:FEATURE_LOCATION_CONFLICT::Coding region xref gene does not exist
prokka_VFPYRVIR/VFPYRVIR:CDS	Ribosomal RNA small subunit methyltransferase A	VFPYRVIR:c16340-15660	VFPYRVIR_00015

DiscRep_SUB:FEATURE_LOCATION_CONFLICT::Coding region xref gene does not exist
prokka_VFPYRVIR/VFPYRVIR:CDS	Tyrosine--tRNA ligase	VFPYRVIR:c17421-16309	VFPYRVIR_00016

DiscRep_SUB:FEATURE_LOCATION_CONFLICT::Coding region xref gene does not exist
prokka_VFPYRVIR/VFPYRVIR:CDS	30S ribosomal protein S9	VFPYRVIR:c17810-17418	VFPYRVIR_00017

DiscRep_SUB:FEATURE_LOCATION_CONFLICT::Coding region xref gene does not exist
prokka_VFPYRVIR/VFPYRVIR:CDS	50S ribosomal protein L13	VFPYRVIR:c18100-17807	VFPYRVIR_00018

DiscRep_SUB:FEATURE_LOCATION_CONFLICT::Coding region xref gene does not exist
prokka_VFPYRVIR/VFPYRVIR:CDS	Diaminopimelate epimerase	VFPYRVIR:c18900-18097	VFPYRVIR_00019

DiscRep_SUB:FEATURE_LOCATION_CONFLICT::Coding region xref gene does not exist
prokka_VFPYRVIR/VFPYRVIR:CDS	hypothetical protein	VFPYRVIR:c19465-18908	VFPYRVIR_00020

DiscRep_SUB:FEATURE_LOCATION_CONFLICT::Coding region xref gene does not exist
prokka_VFPYRVIR/VFPYRVIR:CDS	Translation initiation factor IF-2	VFPYRVIR:c20804-19470	VFPYRVIR_00021

DiscRep_SUB:FEATURE_LOCATION_CONFLICT::Coding region xref gene does not exist
prokka_VFPYRVIR/VFPYRVIR:CDS	Ribose-phosphate pyrophosphokinase	VFPYRVIR:20908-21759	VFPYRVIR_00023

DiscRep_SUB:FEATURE_LOCATION_CONFLICT::Coding region xref gene does not exist
prokka_VFPYRVIR/VFPYRVIR:CDS	hypothetical protein	VFPYRVIR:21752-22264	VFPYRVIR_00024

DiscRep_SUB:FEATURE_LOCATION_CONFLICT::Coding region xref gene does not exist
prokka_VFPYRVIR/VFPYRVIR:CDS	Ribosomal RNA small subunit methyltransferase D	VFPYRVIR:c22814-22266	VFPYRVIR_00025

DiscRep_SUB:FEATURE_LOCATION_CONFLICT::Coding region xref gene does not exist
prokka_VFPYRVIR/VFPYRVIR:CDS	Cysteine desulfurase IscS	VFPYRVIR:23116-24228	VFPYRVIR_00026

DiscRep_SUB:FEATURE_LOCATION_CONFLICT::Coding region xref gene does not exist
prokka_VFPYRVIR/VFPYRVIR:CDS	Lysine--tRNA ligase	VFPYRVIR:c25530-24229	VFPYRVIR_00027

DiscRep_SUB:FEATURE_LOCATION_CONFLICT::Coding region xref gene does not exist
prokka_VFPYRVIR/VFPYRVIR:CDS	Peptide chain release factor 1	VFPYRVIR:c26200-25484	VFPYRVIR_00028

DiscRep_SUB:FEATURE_LOCATION_CONFLICT::Coding region xref gene does not exist
prokka_VFPYRVIR/VFPYRVIR:CDS	4-hydroxy-tetrahydrodipicolinate synthase	VFPYRVIR:c27060-26206	VFPYRVIR_00029

DiscRep_SUB:FEATURE_LOCATION_CONFLICT::Coding region xref gene does not exist
prokka_VFPYRVIR/VFPYRVIR:CDS	tRNA(Ile)-lysidine synthase	VFPYRVIR:27182-27988	VFPYRVIR_00030

DiscRep_SUB:FEATURE_LOCATION_CONFLICT::Coding region xref gene does not exist
prokka_VFPYRVIR/VFPYRVIR:CDS	Aspartokinase	VFPYRVIR:27969-28709	VFPYRVIR_00031

DiscRep_SUB:FEATURE_LOCATION_CONFLICT::Coding region xref gene does not exist
prokka_VFPYRVIR/VFPYRVIR:CDS	hypothetical protein	VFPYRVIR:28706-29095	VFPYRVIR_00032

DiscRep_SUB:FEATURE_LOCATION_CONFLICT::Coding region xref gene does not exist
prokka_VFPYRVIR/VFPYRVIR:CDS	hypothetical protein	VFPYRVIR:c31725-29386	VFPYRVIR_00034

DiscRep_SUB:FEATURE_LOCATION_CONFLICT::Coding region xref gene does not exist
prokka_VFPYRVIR/VFPYRVIR:CDS	hypothetical protein	VFPYRVIR:c31885-31709	VFPYRVIR_00035

DiscRep_SUB:FEATURE_LOCATION_CONFLICT::Coding region xref gene does not exist
prokka_VFPYRVIR/VFPYRVIR:CDS	hypothetical protein	VFPYRVIR:c32016-31882	VFPYRVIR_00036

DiscRep_SUB:FEATURE_LOCATION_CONFLICT::Coding region xref gene does not exist
prokka_VFPYRVIR/VFPYRVIR:CDS	5-methyltetrahydropteroyltriglutamate--homocysteine methyltransferase	VFPYRVIR:32020-34191	VFPYRVIR_00037

DiscRep_SUB:FEATURE_LOCATION_CONFLICT::Coding region xref gene does not exist
prokka_VFPYRVIR/VFPYRVIR:CDS	hypothetical protein	VFPYRVIR:34288-34485	VFPYRVIR_00038

DiscRep_SUB:FEATURE_LOCATION_CONFLICT::Coding region xref gene does not exist
prokka_VFPYRVIR/VFPYRVIR:CDS	hypothetical protein	VFPYRVIR:34560-35126	VFPYRVIR_00039

DiscRep_SUB:FEATURE_LOCATION_CONFLICT::Coding region xref gene does not exist
prokka_VFPYRVIR/VFPYRVIR:CDS	L-alanine/L-glutamate racemase	VFPYRVIR:35123-36259	VFPYRVIR_00040

DiscRep_SUB:FEATURE_LOCATION_CONFLICT::Coding region xref gene does not exist
prokka_VFPYRVIR/VFPYRVIR:CDS	Peptide chain release factor 1	VFPYRVIR:c37108-36251	VFPYRVIR_00041

DiscRep_SUB:FEATURE_LOCATION_CONFLICT::Coding region xref gene does not exist
prokka_VFPYRVIR/VFPYRVIR:CDS	Indole-3-glycerol phosphate synthase	VFPYRVIR:c37811-37047	VFPYRVIR_00042

DiscRep_SUB:FEATURE_LOCATION_CONFLICT::Coding region xref gene does not exist
prokka_VFPYRVIR/VFPYRVIR:CDS	Anthranilate phosphoribosyltransferase	VFPYRVIR:c38794-37805	VFPYRVIR_00043

DiscRep_SUB:FEATURE_LOCATION_CONFLICT::Coding region xref gene does not exist
prokka_VFPYRVIR/VFPYRVIR:CDS	Aminodeoxychorismate synthase component 2	VFPYRVIR:c39353-38733	VFPYRVIR_00044

DiscRep_SUB:FEATURE_LOCATION_CONFLICT::Coding region xref gene does not exist
prokka_VFPYRVIR/VFPYRVIR:CDS	Isochorismate synthase MenF	VFPYRVIR:c40563-39334	VFPYRVIR_00045

DiscRep_SUB:FEATURE_LOCATION_CONFLICT::Coding region xref gene does not exist
prokka_VFPYRVIR/VFPYRVIR:CDS	Argininosuccinate lyase	VFPYRVIR:c41939-40566	VFPYRVIR_00046

DiscRep_SUB:FEATURE_LOCATION_CONFLICT::Coding region xref gene does not exist
prokka_VFPYRVIR/VFPYRVIR:CDS	Tryptophan--tRNA ligase 2	VFPYRVIR:c42907-41942	VFPYRVIR_00047

DiscRep_SUB:FEATURE_LOCATION_CONFLICT::Coding region xref gene does not exist
prokka_VFPYRVIR/VFPYRVIR:CDS	Glutamyl-Q tRNA(Asp) synthetase	VFPYRVIR:c44575-43187	VFPYRVIR_00048

DiscRep_SUB:FEATURE_LOCATION_CONFLICT::Coding region xref gene does not exist
prokka_VFPYRVIR/VFPYRVIR:CDS	Homoserine kinase	VFPYRVIR:c45524-44553	VFPYRVIR_00049

DiscRep_SUB:FEATURE_LOCATION_CONFLICT::Coding region xref gene does not exist
prokka_VFPYRVIR/VFPYRVIR:CDS	RNA polymerase sigma factor RpoD	VFPYRVIR:45536-46807	VFPYRVIR_00050

DiscRep_SUB:FEATURE_LOCATION_CONFLICT::Coding region xref gene does not exist
prokka_VFPYRVIR/VFPYRVIR:CDS	DNA polymerase III subunit alpha	VFPYRVIR:46968-49994	VFPYRVIR_00051

DiscRep_SUB:FEATURE_LOCATION_CONFLICT::Coding region xref gene does not exist
prokka_VFPYRVIR/VFPYRVIR:CDS	hypothetical protein	VFPYRVIR:50866-51195	VFPYRVIR_00055

DiscRep_SUB:FEATURE_LOCATION_CONFLICT::Coding region xref gene does not exist
prokka_VFPYRVIR/VFPYRVIR:CDS	Aspartate-semialdehyde dehydrogenase	VFPYRVIR:51167-52198	VFPYRVIR_00056

DiscRep_SUB:FEATURE_LOCATION_CONFLICT::Coding region xref gene does not exist
prokka_VFPYRVIR/VFPYRVIR:CDS	N-(5'-phosphoribosyl)anthranilate isomerase	VFPYRVIR:52188-52826	VFPYRVIR_00057

DiscRep_SUB:FEATURE_LOCATION_CONFLICT::Coding region xref gene does not exist
prokka_VFPYRVIR/VFPYRVIR:CDS	Tryptophan synthase beta chain	VFPYRVIR:52816-53946	VFPYRVIR_00058

DiscRep_SUB:FEATURE_LOCATION_CONFLICT::Coding region xref gene does not exist
prokka_VFPYRVIR/VFPYRVIR:CDS	Tryptophan synthase alpha chain	VFPYRVIR:53946-54635	VFPYRVIR_00059

DiscRep_SUB:FEATURE_LOCATION_CONFLICT::Coding region xref gene does not exist
prokka_VFPYRVIR/VFPYRVIR:CDS	hypothetical protein	VFPYRVIR:54604-54867	VFPYRVIR_00060

DiscRep_SUB:FEATURE_LOCATION_CONFLICT::Coding region xref gene does not exist
prokka_VFPYRVIR/VFPYRVIR:CDS	hypothetical protein	VFPYRVIR:54848-55078	VFPYRVIR_00061

DiscRep_SUB:FEATURE_LOCATION_CONFLICT::Coding region xref gene does not exist
prokka_VFPYRVIR/VFPYRVIR:CDS	Carbamoyl-phosphate synthase small chain	VFPYRVIR:56448-57449	VFPYRVIR_00065

DiscRep_SUB:FEATURE_LOCATION_CONFLICT::Coding region xref gene does not exist
prokka_VFPYRVIR/VFPYRVIR:CDS	Carbamoyl-phosphate synthase large chain	VFPYRVIR:57456-60533	VFPYRVIR_00066

DiscRep_SUB:FEATURE_LOCATION_CONFLICT::Coding region xref gene does not exist
prokka_VFPYRVIR/VFPYRVIR:CDS	Ribosomal RNA large subunit methyltransferase E	VFPYRVIR:60530-61066	VFPYRVIR_00067

DiscRep_SUB:FEATURE_LOCATION_CONFLICT::Coding region xref gene does not exist
prokka_VFPYRVIR/VFPYRVIR:CDS	ATP-dependent Clp protease proteolytic subunit	VFPYRVIR:61063-61608	VFPYRVIR_00068

DiscRep_SUB:FEATURE_LOCATION_CONFLICT::Coding region xref gene does not exist
prokka_VFPYRVIR/VFPYRVIR:CDS	hypothetical protein	VFPYRVIR:62867-63634	VFPYRVIR_00070

DiscRep_SUB:FEATURE_LOCATION_CONFLICT::Coding region xref gene does not exist
prokka_VFPYRVIR/VFPYRVIR:CDS	hypothetical protein	VFPYRVIR:63624-64658	VFPYRVIR_00071

DiscRep_SUB:FEATURE_LOCATION_CONFLICT::Coding region xref gene does not exist
prokka_VFPYRVIR/VFPYRVIR:CDS	hypothetical protein	VFPYRVIR:64651-65079	VFPYRVIR_00072

DiscRep_SUB:FEATURE_LOCATION_CONFLICT::Coding region xref gene does not exist
prokka_VFPYRVIR/VFPYRVIR:CDS	ATP phosphoribosyltransferase	VFPYRVIR:65944-66516	VFPYRVIR_00076

DiscRep_SUB:FEATURE_LOCATION_CONFLICT::Coding region xref gene does not exist
prokka_VFPYRVIR/VFPYRVIR:CDS	Histidinol dehydrogenase	VFPYRVIR:66513-67748	VFPYRVIR_00077

DiscRep_SUB:FEATURE_LOCATION_CONFLICT::Coding region xref gene does not exist
prokka_VFPYRVIR/VFPYRVIR:CDS	Histidinol-phosphate aminotransferase 2	VFPYRVIR:67741-68673	VFPYRVIR_00078

DiscRep_SUB:FEATURE_LOCATION_CONFLICT::Coding region xref gene does not exist
prokka_VFPYRVIR/VFPYRVIR:CDS	Histidine biosynthesis bifunctional protein HisB	VFPYRVIR:68670-69251	VFPYRVIR_00079

DiscRep_SUB:FEATURE_LOCATION_CONFLICT::Coding region xref gene does not exist
prokka_VFPYRVIR/VFPYRVIR:CDS	Imidazole glycerol phosphate synthase subunit HisH	VFPYRVIR:69252-69836	VFPYRVIR_00080

DiscRep_SUB:FEATURE_LOCATION_CONFLICT::Coding region xref gene does not exist
prokka_VFPYRVIR/VFPYRVIR:CDS	1-(5-phosphoribosyl)-5-[(5-phosphoribosylamino)methylideneamino] imidazole-4-carboxamide isomerase	VFPYRVIR:69833-70513	VFPYRVIR_00081

DiscRep_SUB:FEATURE_LOCATION_CONFLICT::Coding region xref gene does not exist
prokka_VFPYRVIR/VFPYRVIR:CDS	Imidazole glycerol phosphate synthase subunit HisF	VFPYRVIR:70498-71241	VFPYRVIR_00082

DiscRep_SUB:FEATURE_LOCATION_CONFLICT::Coding region xref gene does not exist
prokka_VFPYRVIR/VFPYRVIR:CDS	Phosphoribosyl-AMP cyclohydrolase	VFPYRVIR:71238-71531	VFPYRVIR_00083

DiscRep_SUB:FEATURE_LOCATION_CONFLICT::Coding region xref gene does not exist
prokka_VFPYRVIR/VFPYRVIR:CDS	hypothetical protein	VFPYRVIR:c73388-73209	VFPYRVIR_00087

DiscRep_SUB:FEATURE_LOCATION_CONFLICT::Coding region xref gene does not exist
prokka_VFPYRVIR/VFPYRVIR:CDS	Translation initiation factor IF-3	VFPYRVIR:c73812-73357	VFPYRVIR_00088

DiscRep_SUB:FEATURE_LOCATION_CONFLICT::Coding region xref gene does not exist
prokka_VFPYRVIR/VFPYRVIR:CDS	hypothetical protein	VFPYRVIR:c76147-75656	VFPYRVIR_00093

DiscRep_SUB:FEATURE_LOCATION_CONFLICT::Coding region xref gene does not exist
prokka_VFPYRVIR/VFPYRVIR:CDS	hypothetical protein	VFPYRVIR:c77157-76144	VFPYRVIR_00094

DiscRep_SUB:FEATURE_LOCATION_CONFLICT::Coding region xref gene does not exist
prokka_VFPYRVIR/VFPYRVIR:CDS	Aspartate aminotransferase	VFPYRVIR:77339-78163	VFPYRVIR_00095

DiscRep_SUB:FEATURE_LOCATION_CONFLICT::Coding region xref gene does not exist
prokka_VFPYRVIR/VFPYRVIR:CDS	2,3,4,5-tetrahydropyridine-2,6-dicarboxylate N-succinyltransferase	VFPYRVIR:78156-78935	VFPYRVIR_00096

DiscRep_SUB:FEATURE_LOCATION_CONFLICT::Coding region xref gene does not exist
prokka_VFPYRVIR/VFPYRVIR:CDS	Succinyl-diaminopimelate desuccinylase	VFPYRVIR:78928-79977	VFPYRVIR_00097

DiscRep_SUB:FEATURE_LOCATION_CONFLICT::Coding region xref gene does not exist
prokka_VFPYRVIR/VFPYRVIR:CDS	Threonine synthase	VFPYRVIR:c81313-79979	VFPYRVIR_00098

DiscRep_SUB:FEATURE_LOCATION_CONFLICT::Coding region xref gene does not exist
prokka_VFPYRVIR/VFPYRVIR:CDS	hypothetical protein	VFPYRVIR:c82479-81310	VFPYRVIR_00099

DiscRep_SUB:FEATURE_LOCATION_CONFLICT::Coding region xref gene does not exist
prokka_VFPYRVIR/VFPYRVIR:CDS	Replicative DNA helicase	VFPYRVIR:c83743-82472	VFPYRVIR_00100

DiscRep_SUB:FEATURE_LOCATION_CONFLICT::Coding region xref gene does not exist
prokka_VFPYRVIR/VFPYRVIR:CDS	hypothetical protein	VFPYRVIR:c83934-83740	VFPYRVIR_00101

DiscRep_SUB:FEATURE_LOCATION_CONFLICT::Coding region xref gene does not exist
prokka_VFPYRVIR/VFPYRVIR:CDS	hypothetical protein	VFPYRVIR:c84232-83918	VFPYRVIR_00102

DiscRep_SUB:FEATURE_LOCATION_CONFLICT::Coding region xref gene does not exist
prokka_VFPYRVIR/VFPYRVIR:CDS	hypothetical protein	VFPYRVIR:84247-84480	VFPYRVIR_00103

DiscRep_SUB:FEATURE_LOCATION_CONFLICT::Coding region xref gene does not exist
prokka_VFPYRVIR/VFPYRVIR:CDS	tRNA modification GTPase MnmE	VFPYRVIR:85806-87089	VFPYRVIR_00106

DiscRep_SUB:FEATURE_LOCATION_CONFLICT::Coding region xref gene does not exist
prokka_VFPYRVIR/VFPYRVIR:CDS	tRNA uridine 5-carboxymethylaminomethyl modification enzyme MnmG	VFPYRVIR:87086-88840	VFPYRVIR_00107

DiscRep_SUB:FEATURE_LOCATION_CONFLICT::Coding region xref gene does not exist
prokka_VFPYRVIR/VFPYRVIR:CDS	hypothetical protein	VFPYRVIR:88879-89142	VFPYRVIR_00108

DiscRep_SUB:FEATURE_LOCATION_CONFLICT::Coding region xref gene does not exist
prokka_VFPYRVIR/VFPYRVIR:CDS	60 kDa chaperonin	VFPYRVIR:89132-90724	VFPYRVIR_00109

DiscRep_SUB:FEATURE_LOCATION_CONFLICT::Coding region xref gene does not exist
prokka_VFPYRVIR/VFPYRVIR:CDS	3-phosphoshikimate 1-carboxyvinyltransferase	VFPYRVIR:90726-91979	VFPYRVIR_00110

DiscRep_SUB:FEATURE_LOCATION_CONFLICT::Coding region xref gene does not exist
prokka_VFPYRVIR/VFPYRVIR:CDS	hypothetical protein	VFPYRVIR:91972-92970	VFPYRVIR_00111

DiscRep_SUB:FEATURE_LOCATION_CONFLICT::Coding region xref gene does not exist
prokka_VFPYRVIR/VFPYRVIR:CDS	hypothetical protein	VFPYRVIR:c94029-92977	VFPYRVIR_00112

DiscRep_SUB:FEATURE_LOCATION_CONFLICT::Coding region xref gene does not exist
prokka_VFPYRVIR/VFPYRVIR:CDS	hypothetical protein	VFPYRVIR:94069-94185	VFPYRVIR_00113

DiscRep_SUB:FEATURE_LOCATION_CONFLICT::Coding region xref gene does not exist
prokka_VFPYRVIR/VFPYRVIR:CDS	hypothetical protein	VFPYRVIR:94182-94811	VFPYRVIR_00114

DiscRep_SUB:FEATURE_LOCATION_CONFLICT::Coding region xref gene does not exist
prokka_VFPYRVIR/VFPYRVIR:CDS	Chaperone protein DnaJ	VFPYRVIR:c95798-94797	VFPYRVIR_00115

DiscRep_SUB:FEATURE_LOCATION_CONFLICT::Coding region xref gene does not exist
prokka_VFPYRVIR/VFPYRVIR:CDS	Chaperone protein DnaK	VFPYRVIR:c97602-95800	VFPYRVIR_00116

DiscRep_SUB:FEATURE_LOCATION_CONFLICT::Coding region xref gene does not exist
prokka_VFPYRVIR/VFPYRVIR:CDS	Protein GrpE	VFPYRVIR:c98026-97604	VFPYRVIR_00117

DiscRep_SUB:FEATURE_LOCATION_CONFLICT::Coding region xref gene does not exist
prokka_VFPYRVIR/VFPYRVIR:CDS	Phospho-2-dehydro-3-deoxyheptonate aldolase, Trp-sensitive	VFPYRVIR:98107-99060	VFPYRVIR_00118

DiscRep_SUB:FEATURE_LOCATION_CONFLICT::Coding region xref gene does not exist
prokka_VFPYRVIR/VFPYRVIR:CDS	tRNA-specific 2-thiouridylase MnmA	VFPYRVIR:c100033-99053	VFPYRVIR_00119

DiscRep_SUB:FEATURE_LOCATION_CONFLICT::Coding region xref gene does not exist
prokka_VFPYRVIR/VFPYRVIR:CDS	hypothetical protein	VFPYRVIR:c100458-100030	VFPYRVIR_00120

DiscRep_SUB:FEATURE_LOCATION_CONFLICT::Coding region xref gene does not exist
prokka_VFPYRVIR/VFPYRVIR:CDS	Leucine--tRNA ligase	VFPYRVIR:c102598-100451	VFPYRVIR_00121

DiscRep_SUB:FEATURE_LOCATION_CONFLICT::Coding region xref gene does not exist
prokka_VFPYRVIR/VFPYRVIR:CDS	4-hydroxy-tetrahydrodipicolinate reductase	VFPYRVIR:c103227-102598	VFPYRVIR_00122

DiscRep_SUB:FEATURE_LOCATION_CONFLICT::Coding region xref gene does not exist
prokka_VFPYRVIR/VFPYRVIR:CDS	NADP-dependent malic enzyme	VFPYRVIR:c104435-103224	VFPYRVIR_00123

DiscRep_SUB:FEATURE_LOCATION_CONFLICT::Coding region xref gene does not exist
prokka_VFPYRVIR/VFPYRVIR:CDS	Shikimate dehydrogenase (NADP(+))	VFPYRVIR:c105192-104410	VFPYRVIR_00124

DiscRep_SUB:FEATURE_LOCATION_CONFLICT::Coding region xref gene does not exist
prokka_VFPYRVIR/VFPYRVIR:CDS	3-dehydroquinate dehydratase 1	VFPYRVIR:105371-105580	VFPYRVIR_00125

DiscRep_SUB:FEATURE_LOCATION_CONFLICT::Coding region xref gene does not exist
prokka_VFPYRVIR/VFPYRVIR:CDS	50S ribosomal protein L27	VFPYRVIR:c105814-105572	VFPYRVIR_00126

DiscRep_SUB:FEATURE_LOCATION_CONFLICT::Coding region xref gene does not exist
prokka_VFPYRVIR/VFPYRVIR:CDS	hypothetical protein	VFPYRVIR:c106107-105814	VFPYRVIR_00127

DiscRep_SUB:FEATURE_LOCATION_CONFLICT::Coding region xref gene does not exist
prokka_VFPYRVIR/VFPYRVIR:CDS	Argininosuccinate synthase	VFPYRVIR:106942-108201	VFPYRVIR_00129

DiscRep_SUB:FEATURE_LOCATION_CONFLICT::Coding region xref gene does not exist
prokka_VFPYRVIR/VFPYRVIR:CDS	hypothetical protein	VFPYRVIR:112856-113278	VFPYRVIR_00133

DiscRep_SUB:FEATURE_LOCATION_CONFLICT::Coding region xref gene does not exist
prokka_VFPYRVIR/VFPYRVIR:CDS	hypothetical protein	VFPYRVIR:113250-113837	VFPYRVIR_00134

DiscRep_SUB:FEATURE_LOCATION_CONFLICT::Coding region xref gene does not exist
prokka_VFPYRVIR/VFPYRVIR:CDS	hypothetical protein	VFPYRVIR:113809-114012	VFPYRVIR_00135

DiscRep_SUB:FEATURE_LOCATION_CONFLICT::Coding region xref gene does not exist
prokka_VFPYRVIR/VFPYRVIR:CDS	50S ribosomal protein L2	VFPYRVIR:114009-114818	VFPYRVIR_00136

DiscRep_SUB:FEATURE_LOCATION_CONFLICT::Coding region xref gene does not exist
prokka_VFPYRVIR/VFPYRVIR:CDS	30S ribosomal protein S19	VFPYRVIR:114815-115102	VFPYRVIR_00137

DiscRep_SUB:FEATURE_LOCATION_CONFLICT::Coding region xref gene does not exist
prokka_VFPYRVIR/VFPYRVIR:CDS	hypothetical protein	VFPYRVIR:115107-115436	VFPYRVIR_00138

DiscRep_SUB:FEATURE_LOCATION_CONFLICT::Coding region xref gene does not exist
prokka_VFPYRVIR/VFPYRVIR:CDS	30S ribosomal protein S3	VFPYRVIR:115447-116070	VFPYRVIR_00139

DiscRep_SUB:FEATURE_LOCATION_CONFLICT::Coding region xref gene does not exist
prokka_VFPYRVIR/VFPYRVIR:CDS	50S ribosomal protein L16	VFPYRVIR:116054-116455	VFPYRVIR_00140

DiscRep_SUB:FEATURE_LOCATION_CONFLICT::Coding region xref gene does not exist
prokka_VFPYRVIR/VFPYRVIR:CDS	hypothetical protein	VFPYRVIR:116455-116685	VFPYRVIR_00141

DiscRep_SUB:FEATURE_LOCATION_CONFLICT::Coding region xref gene does not exist
prokka_VFPYRVIR/VFPYRVIR:CDS	50S ribosomal protein L14	VFPYRVIR:116682-117047	VFPYRVIR_00142

DiscRep_SUB:FEATURE_LOCATION_CONFLICT::Coding region xref gene does not exist
prokka_VFPYRVIR/VFPYRVIR:CDS	50S ribosomal protein L5	VFPYRVIR:117057-117605	VFPYRVIR_00143

DiscRep_SUB:FEATURE_LOCATION_CONFLICT::Coding region xref gene does not exist
prokka_VFPYRVIR/VFPYRVIR:CDS	hypothetical protein	VFPYRVIR:117598-117867	VFPYRVIR_00144

DiscRep_SUB:FEATURE_LOCATION_CONFLICT::Coding region xref gene does not exist
prokka_VFPYRVIR/VFPYRVIR:CDS	30S ribosomal protein S8	VFPYRVIR:117867-118259	VFPYRVIR_00145

DiscRep_SUB:FEATURE_LOCATION_CONFLICT::Coding region xref gene does not exist
prokka_VFPYRVIR/VFPYRVIR:CDS	50S ribosomal protein L6	VFPYRVIR:118241-118777	VFPYRVIR_00146

DiscRep_SUB:FEATURE_LOCATION_CONFLICT::Coding region xref gene does not exist
prokka_VFPYRVIR/VFPYRVIR:CDS	hypothetical protein	VFPYRVIR:118788-119099	VFPYRVIR_00147

DiscRep_SUB:FEATURE_LOCATION_CONFLICT::Coding region xref gene does not exist
prokka_VFPYRVIR/VFPYRVIR:CDS	30S ribosomal protein S5	VFPYRVIR:119096-119524	VFPYRVIR_00148

DiscRep_SUB:FEATURE_LOCATION_CONFLICT::Coding region xref gene does not exist
prokka_VFPYRVIR/VFPYRVIR:CDS	50S ribosomal protein L15	VFPYRVIR:119521-119880	VFPYRVIR_00149

DiscRep_SUB:FEATURE_LOCATION_CONFLICT::Coding region xref gene does not exist
prokka_VFPYRVIR/VFPYRVIR:CDS	Translation initiation factor IF-1	VFPYRVIR:119877-120095	VFPYRVIR_00150

DiscRep_SUB:FEATURE_LOCATION_CONFLICT::Coding region xref gene does not exist
prokka_VFPYRVIR/VFPYRVIR:CDS	30S ribosomal protein S13	VFPYRVIR:120202-120552	VFPYRVIR_00151

DiscRep_SUB:FEATURE_LOCATION_CONFLICT::Coding region xref gene does not exist
prokka_VFPYRVIR/VFPYRVIR:CDS	30S ribosomal protein S11	VFPYRVIR:120549-120887	VFPYRVIR_00152

DiscRep_SUB:FEATURE_LOCATION_CONFLICT::Coding region xref gene does not exist
prokka_VFPYRVIR/VFPYRVIR:CDS	hypothetical protein	VFPYRVIR:120884-121432	VFPYRVIR_00153

DiscRep_SUB:FEATURE_LOCATION_CONFLICT::Coding region xref gene does not exist
prokka_VFPYRVIR/VFPYRVIR:CDS	DNA-directed RNA polymerase subunit alpha	VFPYRVIR:121429-122277	VFPYRVIR_00154

DiscRep_SUB:FEATURE_LOCATION_CONFLICT::Coding region xref gene does not exist
prokka_VFPYRVIR/VFPYRVIR:CDS	hypothetical protein	VFPYRVIR:122284-122535	VFPYRVIR_00155

DiscRep_SUB:FEATURE_LOCATION_CONFLICT::Coding region xref gene does not exist
prokka_VFPYRVIR/VFPYRVIR:CDS	hypothetical protein	VFPYRVIR:122532-122660	VFPYRVIR_00156

DiscRep_SUB:FEATURE_LOCATION_CONFLICT::Coding region xref gene does not exist
prokka_VFPYRVIR/VFPYRVIR:CDS	Diaminopimelate decarboxylase	VFPYRVIR:c123741-122653	VFPYRVIR_00157

DiscRep_SUB:FEATURE_LOCATION_CONFLICT::RNA feature xref gene does not exist
prokka_VFPYRVIR/VFPYRVIR:tRNA	Trp	VFPYRVIR:1187-1258	VFPYRVIR_00001

DiscRep_SUB:FEATURE_LOCATION_CONFLICT::RNA feature xref gene does not exist
prokka_VFPYRVIR/VFPYRVIR:tRNA	Phe	VFPYRVIR:14284-14356	VFPYRVIR_00012

DiscRep_SUB:FEATURE_LOCATION_CONFLICT::RNA feature xref gene does not exist
prokka_VFPYRVIR/VFPYRVIR:tRNA	Gln	VFPYRVIR:20829-20900	VFPYRVIR_00022

DiscRep_SUB:FEATURE_LOCATION_CONFLICT::RNA feature xref gene does not exist
prokka_VFPYRVIR/VFPYRVIR:tRNA	Ser	VFPYRVIR:29113-29196	VFPYRVIR_00033

DiscRep_SUB:FEATURE_LOCATION_CONFLICT::RNA feature xref gene does not exist
prokka_VFPYRVIR/VFPYRVIR:tRNA	Leu	VFPYRVIR:50139-50220	VFPYRVIR_00052

DiscRep_SUB:FEATURE_LOCATION_CONFLICT::RNA feature xref gene does not exist
prokka_VFPYRVIR/VFPYRVIR:tRNA	Leu	VFPYRVIR:50221-50309	VFPYRVIR_00053

DiscRep_SUB:FEATURE_LOCATION_CONFLICT::RNA feature xref gene does not exist
prokka_VFPYRVIR/VFPYRVIR:tRNA	Ser	VFPYRVIR:50312-50396	VFPYRVIR_00054

DiscRep_SUB:FEATURE_LOCATION_CONFLICT::RNA feature xref gene does not exist
prokka_VFPYRVIR/VFPYRVIR:tRNA	Asn	VFPYRVIR:c55152-55081	VFPYRVIR_00062

DiscRep_SUB:FEATURE_LOCATION_CONFLICT::RNA feature xref gene does not exist
prokka_VFPYRVIR/VFPYRVIR:tRNA	Cys	VFPYRVIR:c55864-55793	VFPYRVIR_00063

DiscRep_SUB:FEATURE_LOCATION_CONFLICT::RNA feature xref gene does not exist
prokka_VFPYRVIR/VFPYRVIR:tRNA	Gly	VFPYRVIR:c55935-55865	VFPYRVIR_00064

DiscRep_SUB:FEATURE_LOCATION_CONFLICT::RNA feature xref gene does not exist
prokka_VFPYRVIR/VFPYRVIR:tRNA	Val	VFPYRVIR:62789-62860	VFPYRVIR_00069

DiscRep_SUB:FEATURE_LOCATION_CONFLICT::RNA feature xref gene does not exist
prokka_VFPYRVIR/VFPYRVIR:tRNA	Leu	VFPYRVIR:c65757-65674	VFPYRVIR_00073

DiscRep_SUB:FEATURE_LOCATION_CONFLICT::RNA feature xref gene does not exist
prokka_VFPYRVIR/VFPYRVIR:tRNA	Ser	VFPYRVIR:c65859-65777	VFPYRVIR_00074

DiscRep_SUB:FEATURE_LOCATION_CONFLICT::RNA feature xref gene does not exist
prokka_VFPYRVIR/VFPYRVIR:tRNA	Arg	VFPYRVIR:65863-65935	VFPYRVIR_00075

DiscRep_SUB:FEATURE_LOCATION_CONFLICT::RNA feature xref gene does not exist
prokka_VFPYRVIR/VFPYRVIR:tRNA	Thr	VFPYRVIR:71786-71858	VFPYRVIR_00084

DiscRep_SUB:FEATURE_LOCATION_CONFLICT::RNA feature xref gene does not exist
prokka_VFPYRVIR/VFPYRVIR:tRNA	His	VFPYRVIR:71869-71941	VFPYRVIR_00085

DiscRep_SUB:FEATURE_LOCATION_CONFLICT::RNA feature xref gene does not exist
prokka_VFPYRVIR/VFPYRVIR:tRNA	Lys	VFPYRVIR:c72872-72798	VFPYRVIR_00086

DiscRep_SUB:FEATURE_LOCATION_CONFLICT::RNA feature xref gene does not exist
prokka_VFPYRVIR/VFPYRVIR:tRNA	Val	VFPYRVIR:c73893-73820	VFPYRVIR_00089

DiscRep_SUB:FEATURE_LOCATION_CONFLICT::RNA feature xref gene does not exist
prokka_VFPYRVIR/VFPYRVIR:tRNA	Arg	VFPYRVIR:c75029-74958	VFPYRVIR_00090

DiscRep_SUB:FEATURE_LOCATION_CONFLICT::RNA feature xref gene does not exist
prokka_VFPYRVIR/VFPYRVIR:tRNA	Met	VFPYRVIR:c75228-75156	VFPYRVIR_00091

DiscRep_SUB:FEATURE_LOCATION_CONFLICT::RNA feature xref gene does not exist
prokka_VFPYRVIR/VFPYRVIR:tRNA	Pro	VFPYRVIR:75264-75336	VFPYRVIR_00092

DiscRep_SUB:FEATURE_LOCATION_CONFLICT::RNA feature xref gene does not exist
prokka_VFPYRVIR/VFPYRVIR:tRNA	Asp	VFPYRVIR:c84554-84481	VFPYRVIR_00104

DiscRep_SUB:FEATURE_LOCATION_CONFLICT::RNA feature xref gene does not exist
prokka_VFPYRVIR/VFPYRVIR:tRNA	Glu	VFPYRVIR:c84627-84557	VFPYRVIR_00105

DiscRep_SUB:FEATURE_LOCATION_CONFLICT::RNA feature xref gene does not exist
prokka_VFPYRVIR/VFPYRVIR:tRNA	Ala	VFPYRVIR:c106917-106844	VFPYRVIR_00128

DiscRep_SUB:FEATURE_LOCATION_CONFLICT::RNA feature xref gene does not exist
prokka_VFPYRVIR/VFPYRVIR:rRNA	23S ribosomal RNA	VFPYRVIR:c111150-108338	VFPYRVIR_00130

DiscRep_SUB:FEATURE_LOCATION_CONFLICT::RNA feature xref gene does not exist
prokka_VFPYRVIR/VFPYRVIR:tRNA	Ile	VFPYRVIR:c111248-111174	VFPYRVIR_00131

DiscRep_SUB:FEATURE_LOCATION_CONFLICT::RNA feature xref gene does not exist
prokka_VFPYRVIR/VFPYRVIR:rRNA	16S ribosomal RNA	VFPYRVIR:c112760-111267	VFPYRVIR_00132

DiscRep_SUB:FEATURE_LOCATION_CONFLICT::RNA feature xref gene does not exist
prokka_VFPYRVIR/VFPYRVIR:tRNA	Met	VFPYRVIR:125194-125265	VFPYRVIR_00158

DiscRep_SUB:FEATURE_LOCATION_CONFLICT::RNA feature xref gene does not exist
prokka_VFPYRVIR/VFPYRVIR:tRNA	Tyr	VFPYRVIR:125267-125350	VFPYRVIR_00159

DiscRep_SUB:FEATURE_LOCATION_CONFLICT::RNA feature xref gene does not exist
prokka_VFPYRVIR/VFPYRVIR:tRNA	Gly	VFPYRVIR:125354-125424	VFPYRVIR_00160

DiscRep_ALL:DISC_QUALITY_SCORES::Quality scores are missing on all sequences.

DiscRep_ALL:ONCALLER_COMMENT_PRESENT::1 comment descriptors were found (all same)
prokka_VFPYRVIR/VFPYRVIR:VFPYRVIR:Annotated using prokka 1.14.6 from https://github.com/tseemann/prokka

DiscRep_ALL:SHORT_PROT_SEQUENCES::3 protein sequences are shorter than 50 aa.
prokka_VFPYRVIR/VFPYRVIR:VFPYRVIR_32 (length 44)
prokka_VFPYRVIR/VFPYRVIR:VFPYRVIR_90 (length 38)
prokka_VFPYRVIR/VFPYRVIR:VFPYRVIR_129 (length 42)

DiscRep_ALL:MISSING_GENOMEASSEMBLY_COMMENTS::1 bioseqs are missing GenomeAssembly structured comments
prokka_VFPYRVIR/VFPYRVIR:VFPYRVIR (length 125452)

DiscRep_ALL:MOLTYPE_NOT_MRNA::1 molecule types are not set as mRNA.
prokka_VFPYRVIR/VFPYRVIR:VFPYRVIR (length 125452)

DiscRep_ALL:TECHNIQUE_NOT_TSA::1 technique are not set as TSA
prokka_VFPYRVIR/VFPYRVIR:VFPYRVIR (length 125452)

DiscRep_ALL:MISSING_STRUCTURED_COMMENT::1 sequences do not include structured comments.
prokka_VFPYRVIR/VFPYRVIR:VFPYRVIR (length 125452)

DiscRep_ALL:MISSING_PROJECT::131 sequences do not include project.
prokka_VFPYRVIR/VFPYRVIR:VFPYRVIR (length 125452)
prokka_VFPYRVIR/VFPYRVIR:VFPYRVIR_1 (length 136)
prokka_VFPYRVIR/VFPYRVIR:VFPYRVIR_2 (length 210)
prokka_VFPYRVIR/VFPYRVIR:VFPYRVIR_3 (length 151)
prokka_VFPYRVIR/VFPYRVIR:VFPYRVIR_4 (length 116)
prokka_VFPYRVIR/VFPYRVIR:VFPYRVIR_5 (length 1258)
prokka_VFPYRVIR/VFPYRVIR:VFPYRVIR_6 (length 1279)
prokka_VFPYRVIR/VFPYRVIR:VFPYRVIR_7 (length 128)
prokka_VFPYRVIR/VFPYRVIR:VFPYRVIR_8 (length 156)
prokka_VFPYRVIR/VFPYRVIR:VFPYRVIR_9 (length 689)
prokka_VFPYRVIR/VFPYRVIR:VFPYRVIR_10 (length 102)
prokka_VFPYRVIR/VFPYRVIR:VFPYRVIR_11 (length 134)
prokka_VFPYRVIR/VFPYRVIR:VFPYRVIR_12 (length 298)
prokka_VFPYRVIR/VFPYRVIR:VFPYRVIR_13 (length 226)
prokka_VFPYRVIR/VFPYRVIR:VFPYRVIR_14 (length 370)
prokka_VFPYRVIR/VFPYRVIR:VFPYRVIR_15 (length 130)
prokka_VFPYRVIR/VFPYRVIR:VFPYRVIR_16 (length 97)
prokka_VFPYRVIR/VFPYRVIR:VFPYRVIR_17 (length 267)
prokka_VFPYRVIR/VFPYRVIR:VFPYRVIR_18 (length 185)
prokka_VFPYRVIR/VFPYRVIR:VFPYRVIR_19 (length 444)
prokka_VFPYRVIR/VFPYRVIR:VFPYRVIR_20 (length 283)
prokka_VFPYRVIR/VFPYRVIR:VFPYRVIR_21 (length 170)
prokka_VFPYRVIR/VFPYRVIR:VFPYRVIR_22 (length 182)
prokka_VFPYRVIR/VFPYRVIR:VFPYRVIR_23 (length 370)
prokka_VFPYRVIR/VFPYRVIR:VFPYRVIR_24 (length 433)
prokka_VFPYRVIR/VFPYRVIR:VFPYRVIR_25 (length 238)
prokka_VFPYRVIR/VFPYRVIR:VFPYRVIR_26 (length 284)
prokka_VFPYRVIR/VFPYRVIR:VFPYRVIR_27 (length 268)
prokka_VFPYRVIR/VFPYRVIR:VFPYRVIR_28 (length 246)
prokka_VFPYRVIR/VFPYRVIR:VFPYRVIR_29 (length 129)
prokka_VFPYRVIR/VFPYRVIR:VFPYRVIR_30 (length 779)
prokka_VFPYRVIR/VFPYRVIR:VFPYRVIR_31 (length 58)
prokka_VFPYRVIR/VFPYRVIR:VFPYRVIR_32 (length 44)
prokka_VFPYRVIR/VFPYRVIR:VFPYRVIR_33 (length 723)
prokka_VFPYRVIR/VFPYRVIR:VFPYRVIR_34 (length 65)
prokka_VFPYRVIR/VFPYRVIR:VFPYRVIR_35 (length 188)
prokka_VFPYRVIR/VFPYRVIR:VFPYRVIR_36 (length 378)
prokka_VFPYRVIR/VFPYRVIR:VFPYRVIR_37 (length 285)
prokka_VFPYRVIR/VFPYRVIR:VFPYRVIR_38 (length 254)
prokka_VFPYRVIR/VFPYRVIR:VFPYRVIR_39 (length 329)
prokka_VFPYRVIR/VFPYRVIR:VFPYRVIR_40 (length 206)
prokka_VFPYRVIR/VFPYRVIR:VFPYRVIR_41 (length 409)
prokka_VFPYRVIR/VFPYRVIR:VFPYRVIR_42 (length 457)
prokka_VFPYRVIR/VFPYRVIR:VFPYRVIR_43 (length 321)
prokka_VFPYRVIR/VFPYRVIR:VFPYRVIR_44 (length 462)
prokka_VFPYRVIR/VFPYRVIR:VFPYRVIR_45 (length 323)
prokka_VFPYRVIR/VFPYRVIR:VFPYRVIR_46 (length 423)
prokka_VFPYRVIR/VFPYRVIR:VFPYRVIR_47 (length 1008)
prokka_VFPYRVIR/VFPYRVIR:VFPYRVIR_48 (length 109)
prokka_VFPYRVIR/VFPYRVIR:VFPYRVIR_49 (length 343)
prokka_VFPYRVIR/VFPYRVIR:VFPYRVIR_50 (length 212)
prokka_VFPYRVIR/VFPYRVIR:VFPYRVIR_51 (length 376)
prokka_VFPYRVIR/VFPYRVIR:VFPYRVIR_52 (length 229)
prokka_VFPYRVIR/VFPYRVIR:VFPYRVIR_53 (length 87)
prokka_VFPYRVIR/VFPYRVIR:VFPYRVIR_54 (length 76)
prokka_VFPYRVIR/VFPYRVIR:VFPYRVIR_55 (length 333)
prokka_VFPYRVIR/VFPYRVIR:VFPYRVIR_56 (length 1025)
prokka_VFPYRVIR/VFPYRVIR:VFPYRVIR_57 (length 178)
prokka_VFPYRVIR/VFPYRVIR:VFPYRVIR_58 (length 181)
prokka_VFPYRVIR/VFPYRVIR:VFPYRVIR_59 (length 255)
prokka_VFPYRVIR/VFPYRVIR:VFPYRVIR_60 (length 344)
prokka_VFPYRVIR/VFPYRVIR:VFPYRVIR_61 (length 142)
prokka_VFPYRVIR/VFPYRVIR:VFPYRVIR_62 (length 190)
prokka_VFPYRVIR/VFPYRVIR:VFPYRVIR_63 (length 411)
prokka_VFPYRVIR/VFPYRVIR:VFPYRVIR_64 (length 310)
prokka_VFPYRVIR/VFPYRVIR:VFPYRVIR_65 (length 193)
prokka_VFPYRVIR/VFPYRVIR:VFPYRVIR_66 (length 194)
prokka_VFPYRVIR/VFPYRVIR:VFPYRVIR_67 (length 226)
prokka_VFPYRVIR/VFPYRVIR:VFPYRVIR_68 (length 247)
prokka_VFPYRVIR/VFPYRVIR:VFPYRVIR_69 (length 97)
prokka_VFPYRVIR/VFPYRVIR:VFPYRVIR_70 (length 59)
prokka_VFPYRVIR/VFPYRVIR:VFPYRVIR_71 (length 151)
prokka_VFPYRVIR/VFPYRVIR:VFPYRVIR_72 (length 163)
prokka_VFPYRVIR/VFPYRVIR:VFPYRVIR_73 (length 337)
prokka_VFPYRVIR/VFPYRVIR:VFPYRVIR_74 (length 274)
prokka_VFPYRVIR/VFPYRVIR:VFPYRVIR_75 (length 259)
prokka_VFPYRVIR/VFPYRVIR:VFPYRVIR_76 (length 349)
prokka_VFPYRVIR/VFPYRVIR:VFPYRVIR_77 (length 444)
prokka_VFPYRVIR/VFPYRVIR:VFPYRVIR_78 (length 389)
prokka_VFPYRVIR/VFPYRVIR:VFPYRVIR_79 (length 423)
prokka_VFPYRVIR/VFPYRVIR:VFPYRVIR_80 (length 64)
prokka_VFPYRVIR/VFPYRVIR:VFPYRVIR_81 (length 104)
prokka_VFPYRVIR/VFPYRVIR:VFPYRVIR_82 (length 77)
prokka_VFPYRVIR/VFPYRVIR:VFPYRVIR_83 (length 427)
prokka_VFPYRVIR/VFPYRVIR:VFPYRVIR_84 (length 584)
prokka_VFPYRVIR/VFPYRVIR:VFPYRVIR_85 (length 87)
prokka_VFPYRVIR/VFPYRVIR:VFPYRVIR_86 (length 530)
prokka_VFPYRVIR/VFPYRVIR:VFPYRVIR_87 (length 417)
prokka_VFPYRVIR/VFPYRVIR:VFPYRVIR_88 (length 332)
prokka_VFPYRVIR/VFPYRVIR:VFPYRVIR_89 (length 350)
prokka_VFPYRVIR/VFPYRVIR:VFPYRVIR_90 (length 38)
prokka_VFPYRVIR/VFPYRVIR:VFPYRVIR_91 (length 209)
prokka_VFPYRVIR/VFPYRVIR:VFPYRVIR_92 (length 333)
prokka_VFPYRVIR/VFPYRVIR:VFPYRVIR_93 (length 600)
prokka_VFPYRVIR/VFPYRVIR:VFPYRVIR_94 (length 140)
prokka_VFPYRVIR/VFPYRVIR:VFPYRVIR_95 (length 317)
prokka_VFPYRVIR/VFPYRVIR:VFPYRVIR_96 (length 326)
prokka_VFPYRVIR/VFPYRVIR:VFPYRVIR_97 (length 142)
prokka_VFPYRVIR/VFPYRVIR:VFPYRVIR_98 (length 715)
prokka_VFPYRVIR/VFPYRVIR:VFPYRVIR_99 (length 209)
prokka_VFPYRVIR/VFPYRVIR:VFPYRVIR_100 (length 403)
prokka_VFPYRVIR/VFPYRVIR:VFPYRVIR_101 (length 260)
prokka_VFPYRVIR/VFPYRVIR:VFPYRVIR_102 (length 69)
prokka_VFPYRVIR/VFPYRVIR:VFPYRVIR_103 (length 80)
prokka_VFPYRVIR/VFPYRVIR:VFPYRVIR_104 (length 97)
prokka_VFPYRVIR/VFPYRVIR:VFPYRVIR_105 (length 419)
prokka_VFPYRVIR/VFPYRVIR:VFPYRVIR_106 (length 140)
prokka_VFPYRVIR/VFPYRVIR:VFPYRVIR_107 (length 195)
prokka_VFPYRVIR/VFPYRVIR:VFPYRVIR_108 (length 67)
prokka_VFPYRVIR/VFPYRVIR:VFPYRVIR_109 (length 269)
prokka_VFPYRVIR/VFPYRVIR:VFPYRVIR_110 (length 95)
prokka_VFPYRVIR/VFPYRVIR:VFPYRVIR_111 (length 109)
prokka_VFPYRVIR/VFPYRVIR:VFPYRVIR_112 (length 207)
prokka_VFPYRVIR/VFPYRVIR:VFPYRVIR_113 (length 133)
prokka_VFPYRVIR/VFPYRVIR:VFPYRVIR_114 (length 76)
prokka_VFPYRVIR/VFPYRVIR:VFPYRVIR_115 (length 121)
prokka_VFPYRVIR/VFPYRVIR:VFPYRVIR_116 (length 182)
prokka_VFPYRVIR/VFPYRVIR:VFPYRVIR_117 (length 89)
prokka_VFPYRVIR/VFPYRVIR:VFPYRVIR_118 (length 130)
prokka_VFPYRVIR/VFPYRVIR:VFPYRVIR_119 (length 178)
prokka_VFPYRVIR/VFPYRVIR:VFPYRVIR_120 (length 103)
prokka_VFPYRVIR/VFPYRVIR:VFPYRVIR_121 (length 142)
prokka_VFPYRVIR/VFPYRVIR:VFPYRVIR_122 (length 119)
prokka_VFPYRVIR/VFPYRVIR:VFPYRVIR_123 (length 72)
prokka_VFPYRVIR/VFPYRVIR:VFPYRVIR_124 (length 116)
prokka_VFPYRVIR/VFPYRVIR:VFPYRVIR_125 (length 112)
prokka_VFPYRVIR/VFPYRVIR:VFPYRVIR_126 (length 182)
prokka_VFPYRVIR/VFPYRVIR:VFPYRVIR_127 (length 282)
prokka_VFPYRVIR/VFPYRVIR:VFPYRVIR_128 (length 83)
prokka_VFPYRVIR/VFPYRVIR:VFPYRVIR_129 (length 42)
prokka_VFPYRVIR/VFPYRVIR:VFPYRVIR_130 (length 362)

DiscRep_ALL:DISC_INCONSISTENT_MOLINFO_TECH::Molinfo Technique Report (some missing, all same)
DiscRep_SUB:DISC_INCONSISTENT_MOLINFO_TECH::technique (all missing)
DiscRep_SUB:DISC_INCONSISTENT_MOLINFO_TECH::1 Molinfos are missing field technique
prokka_VFPYRVIR/VFPYRVIR:VFPYRVIR (length 125452)

