14:32:17.475 - INFO - UTILS - version=1.5.0
14:32:17.475 - INFO - UTILS - developer: Oliver Schwengers, github.com/oschwengers
14:32:17.476 - INFO - UTILS - command: /home/diego/miniconda3/envs/bakta/bin/bakta VFDER3.fasta --prefix bakta_VFDER3 --output bakta_VFDER3 -t 8 --locus-tag VFDER3
14:32:17.476 - INFO - UTILS - local time: 2022-11-10 14:32:17
14:32:17.477 - INFO - UTILS - machine: type=x86_64, cores=12
14:32:17.477 - INFO - UTILS - system: type=Linux, release=5.15.0-52-generic
14:32:17.477 - INFO - UTILS - python: version=3.10.6, implementation=CPython
14:32:17.477 - INFO - CONFIG - threads=8
14:32:17.477 - INFO - CONFIG - verbose=False
14:32:17.478 - INFO - CONFIG - database: type=environment, path=/home/diego/bakta_db/db/db
14:32:17.478 - INFO - CONFIG - tmp-path=/tmp/tmpxzzl92e4
14:32:17.478 - INFO - CONFIG - genome-path=/home/diego/Documents/metagenomes/annotation_symbio_merge/annotation_Beta/genomes/VFDER3.fasta
14:32:17.478 - INFO - CONFIG - min_contig_length=1
14:32:17.478 - INFO - CONFIG - prefix=bakta_VFDER3
14:32:17.478 - INFO - CONFIG - output-path=/home/diego/Documents/metagenomes/annotation_symbio_merge/annotation_Beta/genomes/bakta_VFDER3
14:32:17.478 - INFO - CONFIG - genus=None
14:32:17.478 - INFO - CONFIG - species=None
14:32:17.478 - INFO - CONFIG - strain=None
14:32:17.478 - INFO - CONFIG - plasmid=None
14:32:17.478 - INFO - CONFIG - complete=False
14:32:17.479 - INFO - CONFIG - prodigal_tf=None
14:32:17.479 - INFO - CONFIG - translation_table=11
14:32:17.479 - INFO - CONFIG - gram=?
14:32:17.479 - INFO - CONFIG - compliant=False
14:32:17.479 - INFO - CONFIG - locus=None
14:32:17.479 - INFO - CONFIG - locus-tag=VFDER3
14:32:17.479 - INFO - CONFIG - keep_contig_headers=False
14:32:17.479 - INFO - CONFIG - replicon-table=None
14:32:17.479 - INFO - CONFIG - skip-tRNA=False
14:32:17.479 - INFO - CONFIG - skip-tmRNA=False
14:32:17.479 - INFO - CONFIG - skip-rRNA=False
14:32:17.479 - INFO - CONFIG - skip-ncRNA=False
14:32:17.479 - INFO - CONFIG - skip-ncRNA-region=False
14:32:17.479 - INFO - CONFIG - skip-CRISPR=False
14:32:17.479 - INFO - CONFIG - skip-CDS=False
14:32:17.479 - INFO - CONFIG - skip-pseudo=False
14:32:17.479 - INFO - CONFIG - skip-sORF=False
14:32:17.479 - INFO - CONFIG - skip-gap=False
14:32:17.479 - INFO - CONFIG - skip-ori=False
14:32:17.479 - INFO - DB - detected: major=4, minor=0, date=2022-08-25
14:32:17.558 - INFO - UTILS - dependency: tool=tRNAscan-SE, version=v2.0.9
14:32:17.560 - INFO - UTILS - dependency: tool=aragorn, version=v1.2.41
14:32:17.564 - INFO - UTILS - dependency: tool=cmscan, version=v1.1.4
14:32:17.567 - INFO - UTILS - dependency: tool=pilercr, version=v1.6.0
14:32:17.569 - INFO - UTILS - dependency: tool=prodigal, version=v2.6.3
14:32:17.572 - INFO - UTILS - dependency: tool=amrfinder, version=v3.10.40
14:32:17.595 - INFO - UTILS - dependency: tool=hmmsearch, version=v3.3.2
14:32:17.598 - INFO - UTILS - dependency: tool=diamond, version=v2.0.15
14:32:17.632 - INFO - UTILS - dependency: tool=blastn, version=v2.13.0
14:32:17.642 - INFO - FASTA - imported: id=VFDER3, length=73040, description=, genomic=True, dna=True
14:32:17.642 - INFO - MAIN - imported sequences=1
14:32:17.642 - INFO - UTILS - qc: revised sequence: id=contig_1, orig-id=VFDER3, type=contig, complete=False, topology=linear, name=, description='[gcode=11]', orig-description=''
14:32:17.642 - INFO - FASTA - write genome sequences: path=/tmp/tmpxzzl92e4/contigs.fna, description=False, wrap=False
14:32:21.371 - INFO - T_RNA - contig=contig_1, start=1176, stop=1246, strand=+, gene=Trp_trna, product=tRNA-Trp, score=54.6, nt=[AGAAATATAG..ATTATTTCTA]
14:32:21.371 - INFO - T_RNA - contig=contig_1, start=15226, stop=15296, strand=+, gene=Phe_trna, product=tRNA-Phe, score=46.2, nt=[GATTTAATAG..TTTTAGATCA]
14:32:21.371 - INFO - T_RNA - contig=contig_1, start=17627, stop=17698, strand=+, gene=Gln_trna, product=tRNA-Gln, score=58.6, nt=[AAAGAAGTAA..ATCTTCTTTG]
14:32:21.371 - INFO - T_RNA - contig=contig_1, start=23763, stop=23833, strand=+, gene=Ile_trna, product=tRNA-Ile, score=44.7, nt=[AGGTTTTTAG..ATAAGACCTA]
14:32:21.371 - INFO - T_RNA - contig=contig_1, start=38384, stop=38455, strand=+, gene=fMet_trna, product=tRNA-fMet, score=44.3, nt=[TACAGGATAG..TTTCCTGTTA]
14:32:21.371 - INFO - T_RNA - contig=contig_1, start=40841, stop=40912, strand=+, gene=Lys_trna, product=tRNA-Lys, score=56.5, nt=[AGGATGTTAG..ATATATCTTA]
14:32:21.371 - INFO - T_RNA - contig=contig_1, start=42085, stop=42156, strand=+, gene=Gly_trna, product=tRNA-Gly, score=43.9, nt=[ACGAGTATAA..ATTTCTCGTA]
14:32:21.371 - INFO - T_RNA - contig=contig_1, start=42156, stop=42226, strand=+, gene=Cys_trna, product=tRNA-Cys, score=41.3, nt=[AGCGTAATGA..ATTTTCGCTT]
14:32:21.371 - INFO - T_RNA - contig=contig_1, start=42377, stop=42448, strand=+, gene=Asn_trna, product=tRNA-Asn, score=50.6, nt=[TCTTTAATAG..GATTAAGGAG]
14:32:21.371 - INFO - T_RNA - contig=contig_1, start=54664, stop=54734, strand=+, gene=Ala_trna, product=tRNA-Ala, score=39.2, nt=[GGGGATATAT..ATTTTCTCCA]
14:32:21.371 - INFO - T_RNA - contig=contig_1, start=72811, stop=72895, strand=+, gene=Tyr_trna, product=tRNA-Tyr, score=66.5, nt=[GAAGAAATAC..ACTTTCTTCA]
14:32:21.371 - INFO - T_RNA - contig=contig_1, start=72908, stop=72978, strand=+, gene=Gly_trna, product=tRNA-Gly, score=53.7, nt=[ACAAATATAA..TTTATTTGTA]
14:32:21.372 - INFO - T_RNA - contig=contig_1, start=54568, stop=54654, strand=-, gene=Ser_trna, product=tRNA-Ser, score=65.4, nt=[AGAAATATGA..ATTATTTCTA]
14:32:21.372 - INFO - T_RNA - contig=contig_1, start=43528, stop=43600, strand=-, gene=Leu_trna, product=tRNA-Leu, score=50.0, nt=[ATGAAGATGG..GTTCTTCATA]
14:32:21.372 - INFO - T_RNA - contig=contig_1, start=43444, stop=43525, strand=-, gene=Ser_trna, product=tRNA-Ser, score=49.3, nt=[GAATAATGGA..ATTTATTCCT]
14:32:21.372 - INFO - T_RNA - predicted=15
14:32:21.389 - INFO - TM_RNA - predicted=0
14:32:23.805 - INFO - R_RNA - contig=contig_1, start=22067, stop=23733, strand=+, gene=16S_rrna, product=16S ribosomal RNA, length=1667, coverage=1.087, truncated=None, score=990.5, evalue=2.6e-33, nt=[TCCTGATAGA..TTTTAATTTA]
14:32:23.805 - INFO - R_RNA - contig=contig_1, start=23843, stop=26734, strand=+, gene=23S_rrna, product=23S ribosomal RNA, length=2892, coverage=0.989, truncated=None, score=1704.5, evalue=6.1e-04, nt=[TTAAGTAAAT..TTATTTAAAC]
14:32:23.805 - INFO - R_RNA - predicted=2
14:32:25.618 - INFO - NC_RNA - predicted=0
14:32:26.059 - INFO - NC_RNA_REGION - predicted=0
14:32:26.134 - INFO - CRISPR - predicted=0
14:32:26.134 - INFO - CDS - create prodigal training file: file=/tmp/tmpxzzl92e4/prodigal.tf
14:32:26.187 - INFO - FASTA - write genome sequences: path=/tmp/tmpxzzl92e4/contigs.fasta, description=False, wrap=False
14:32:26.187 - INFO - CDS - run prodigal: type=contigs, # sequences=1
14:32:26.211 - INFO - CDS - contig=contig_1, start=1, stop=1176, strand=+, frame=1, truncated=no, start-type=ATG, RBS-motif=None
14:32:26.211 - INFO - CDS - contig=contig_1, start=1259, stop=1681, strand=+, frame=2, truncated=no, start-type=ATG, RBS-motif=None
14:32:26.211 - INFO - CDS - contig=contig_1, start=1665, stop=2300, strand=+, frame=3, truncated=no, start-type=ATG, RBS-motif=None
14:32:26.211 - INFO - CDS - contig=contig_1, start=2293, stop=2739, strand=+, frame=1, truncated=no, start-type=ATG, RBS-motif=None
14:32:26.211 - INFO - CDS - contig=contig_1, start=2717, stop=3133, strand=+, frame=2, truncated=no, start-type=ATG, RBS-motif=None
14:32:26.211 - INFO - CDS - contig=contig_1, start=3130, stop=7437, strand=+, frame=1, truncated=no, start-type=ATG, RBS-motif=None
14:32:26.211 - INFO - CDS - contig=contig_1, start=7439, stop=11380, strand=+, frame=2, truncated=no, start-type=ATG, RBS-motif=None
14:32:26.211 - INFO - CDS - contig=contig_1, start=11367, stop=11732, strand=+, frame=3, truncated=no, start-type=ATG, RBS-motif=None
14:32:26.211 - INFO - CDS - contig=contig_1, start=11734, stop=12204, strand=+, frame=1, truncated=no, start-type=ATG, RBS-motif=None
14:32:26.211 - INFO - CDS - contig=contig_1, start=12204, stop=14261, strand=+, frame=3, truncated=no, start-type=ATG, RBS-motif=None
14:32:26.212 - INFO - CDS - contig=contig_1, start=14245, stop=14556, strand=+, frame=1, truncated=no, start-type=ATG, RBS-motif=None
14:32:26.212 - INFO - CDS - contig=contig_1, start=14553, stop=14975, strand=+, frame=3, truncated=no, start-type=ATG, RBS-motif=None
14:32:26.212 - INFO - CDS - contig=contig_1, start=15300, stop=16220, strand=-, frame=1, truncated=no, start-type=ATG, RBS-motif=None
14:32:26.212 - INFO - CDS - contig=contig_1, start=16276, stop=16665, strand=-, frame=3, truncated=no, start-type=ATG, RBS-motif=None
14:32:26.212 - INFO - CDS - contig=contig_1, start=16637, stop=17011, strand=-, frame=2, truncated=no, start-type=ATG, RBS-motif=None
14:32:26.212 - INFO - CDS - contig=contig_1, start=17029, stop=17622, strand=-, frame=3, truncated=no, start-type=ATG, RBS-motif=None
14:32:26.212 - INFO - CDS - contig=contig_1, start=17702, stop=18067, strand=-, frame=2, truncated=no, start-type=ATG, RBS-motif=None
14:32:26.212 - INFO - CDS - contig=contig_1, start=18060, stop=18326, strand=-, frame=1, truncated=no, start-type=ATG, RBS-motif=None
14:32:26.212 - INFO - CDS - contig=contig_1, start=18295, stop=18723, strand=-, frame=3, truncated=no, start-type=ATG, RBS-motif=None
14:32:26.212 - INFO - CDS - contig=contig_1, start=18716, stop=19327, strand=-, frame=2, truncated=no, start-type=ATG, RBS-motif=None
14:32:26.212 - INFO - CDS - contig=contig_1, start=19317, stop=19661, strand=-, frame=1, truncated=no, start-type=ATG, RBS-motif=None
14:32:26.212 - INFO - CDS - contig=contig_1, start=19658, stop=19912, strand=-, frame=2, truncated=no, start-type=ATG, RBS-motif=None
14:32:26.212 - INFO - CDS - contig=contig_1, start=19899, stop=20720, strand=-, frame=1, truncated=no, start-type=ATG, RBS-motif=None
14:32:26.212 - INFO - CDS - contig=contig_1, start=20713, stop=20904, strand=-, frame=3, truncated=no, start-type=ATG, RBS-motif=None
14:32:26.212 - INFO - CDS - contig=contig_1, start=20886, stop=21404, strand=-, frame=1, truncated=no, start-type=ATG, RBS-motif=None
14:32:26.212 - INFO - CDS - contig=contig_1, start=21397, stop=21888, strand=-, frame=3, truncated=no, start-type=ATG, RBS-motif=None
14:32:26.212 - INFO - CDS - contig=contig_1, start=21990, stop=22115, strand=-, frame=1, truncated=no, start-type=ATG, RBS-motif=None
14:32:26.212 - INFO - CDS - contig=contig_1, start=27074, stop=28882, strand=+, frame=2, truncated=no, start-type=ATG, RBS-motif=None
14:32:26.212 - INFO - CDS - contig=contig_1, start=28889, stop=29938, strand=+, frame=2, truncated=no, start-type=ATG, RBS-motif=None
14:32:26.212 - INFO - CDS - contig=contig_1, start=29946, stop=31070, strand=+, frame=3, truncated=no, start-type=ATG, RBS-motif=None
14:32:26.212 - INFO - CDS - contig=contig_1, start=31078, stop=31218, strand=-, frame=3, truncated=no, start-type=ATG, RBS-motif=None
14:32:26.212 - INFO - CDS - contig=contig_1, start=31202, stop=32527, strand=-, frame=2, truncated=no, start-type=ATG, RBS-motif=None
14:32:26.212 - INFO - CDS - contig=contig_1, start=32540, stop=34105, strand=-, frame=2, truncated=no, start-type=ATG, RBS-motif=None
14:32:26.212 - INFO - CDS - contig=contig_1, start=34090, stop=35253, strand=-, frame=3, truncated=no, start-type=ATG, RBS-motif=None
14:32:26.212 - INFO - CDS - contig=contig_1, start=35364, stop=36557, strand=+, frame=3, truncated=no, start-type=ATG, RBS-motif=None
14:32:26.212 - INFO - CDS - contig=contig_1, start=36617, stop=36937, strand=+, frame=2, truncated=no, start-type=ATG, RBS-motif=None
14:32:26.212 - INFO - CDS - contig=contig_1, start=36940, stop=38058, strand=+, frame=1, truncated=no, start-type=ATG, RBS-motif=None
14:32:26.213 - INFO - CDS - contig=contig_1, start=38053, stop=38352, strand=-, frame=3, truncated=no, start-type=ATG, RBS-motif=None
14:32:26.213 - INFO - CDS - contig=contig_1, start=38437, stop=38571, strand=-, frame=3, truncated=no, start-type=ATG, RBS-motif=None
14:32:26.213 - INFO - CDS - contig=contig_1, start=38651, stop=39709, strand=+, frame=2, truncated=no, start-type=ATG, RBS-motif=None
14:32:26.213 - INFO - CDS - contig=contig_1, start=39785, stop=40252, strand=+, frame=2, truncated=no, start-type=ATG, RBS-motif=None
14:32:26.213 - INFO - CDS - contig=contig_1, start=40271, stop=40459, strand=+, frame=2, truncated=no, start-type=ATG, RBS-motif=None
14:32:26.213 - INFO - CDS - contig=contig_1, start=40431, stop=40790, strand=+, frame=3, truncated=no, start-type=ATG, RBS-motif=None
14:32:26.213 - INFO - CDS - contig=contig_1, start=41074, stop=41433, strand=-, frame=3, truncated=no, start-type=ATG, RBS-motif=None
14:32:26.213 - INFO - CDS - contig=contig_1, start=41506, stop=42099, strand=+, frame=1, truncated=no, start-type=ATG, RBS-motif=None
14:32:26.213 - INFO - CDS - contig=contig_1, start=42225, stop=42377, strand=-, frame=1, truncated=no, start-type=ATG, RBS-motif=None
14:32:26.213 - INFO - CDS - contig=contig_1, start=42449, stop=42625, strand=-, frame=2, truncated=no, start-type=ATG, RBS-motif=None
14:32:26.213 - INFO - CDS - contig=contig_1, start=42640, stop=43434, strand=-, frame=3, truncated=no, start-type=ATG, RBS-motif=None
14:32:26.213 - INFO - CDS - contig=contig_1, start=43714, stop=46662, strand=-, frame=3, truncated=no, start-type=ATG, RBS-motif=None
14:32:26.213 - INFO - CDS - contig=contig_1, start=47047, stop=48270, strand=-, frame=3, truncated=no, start-type=ATG, RBS-motif=None
14:32:26.213 - INFO - CDS - contig=contig_1, start=48298, stop=49689, strand=+, frame=1, truncated=no, start-type=ATG, RBS-motif=None
14:32:26.213 - INFO - CDS - contig=contig_1, start=49881, stop=50594, strand=+, frame=3, truncated=no, start-type=ATG, RBS-motif=None
14:32:26.213 - INFO - CDS - contig=contig_1, start=50576, stop=51709, strand=-, frame=2, truncated=no, start-type=ATG, RBS-motif=None
14:32:26.213 - INFO - CDS - contig=contig_1, start=51952, stop=54201, strand=-, frame=3, truncated=no, start-type=ATG, RBS-motif=None
14:32:26.213 - INFO - CDS - contig=contig_1, start=54252, stop=54437, strand=+, frame=3, truncated=no, start-type=ATG, RBS-motif=None
14:32:26.213 - INFO - CDS - contig=contig_1, start=54421, stop=54570, strand=+, frame=1, truncated=no, start-type=ATG, RBS-motif=None
14:32:26.213 - INFO - CDS - contig=contig_1, start=54755, stop=55201, strand=+, frame=2, truncated=no, start-type=ATG, RBS-motif=None
14:32:26.213 - INFO - CDS - contig=contig_1, start=55179, stop=55427, strand=+, frame=3, truncated=no, start-type=ATG, RBS-motif=None
14:32:26.213 - INFO - CDS - contig=contig_1, start=55411, stop=55857, strand=+, frame=1, truncated=no, start-type=ATG, RBS-motif=None
14:32:26.213 - INFO - CDS - contig=contig_1, start=55875, stop=56192, strand=-, frame=1, truncated=no, start-type=ATG, RBS-motif=None
14:32:26.213 - INFO - CDS - contig=contig_1, start=56302, stop=57045, strand=+, frame=1, truncated=no, start-type=ATG, RBS-motif=None
14:32:26.213 - INFO - CDS - contig=contig_1, start=57067, stop=59175, strand=+, frame=1, truncated=no, start-type=ATG, RBS-motif=None
14:32:26.213 - INFO - CDS - contig=contig_1, start=60300, stop=61220, strand=-, frame=1, truncated=no, start-type=ATG, RBS-motif=None
14:32:26.213 - INFO - CDS - contig=contig_1, start=61285, stop=61713, strand=+, frame=1, truncated=no, start-type=ATG, RBS-motif=None
14:32:26.213 - INFO - CDS - contig=contig_1, start=61727, stop=62365, strand=-, frame=2, truncated=no, start-type=ATG, RBS-motif=None
14:32:26.213 - INFO - CDS - contig=contig_1, start=62390, stop=63040, strand=+, frame=2, truncated=no, start-type=ATG, RBS-motif=None
14:32:26.213 - INFO - CDS - contig=contig_1, start=63398, stop=63649, strand=+, frame=2, truncated=no, start-type=TTG, RBS-motif=None
14:32:26.213 - INFO - CDS - contig=contig_1, start=64287, stop=64925, strand=+, frame=3, truncated=no, start-type=ATG, RBS-motif=None
14:32:26.213 - INFO - CDS - contig=contig_1, start=64932, stop=65435, strand=-, frame=1, truncated=no, start-type=ATG, RBS-motif=None
14:32:26.214 - INFO - CDS - contig=contig_1, start=65442, stop=65984, strand=+, frame=3, truncated=no, start-type=ATG, RBS-motif=None
14:32:26.214 - INFO - CDS - contig=contig_1, start=65990, stop=66283, strand=+, frame=2, truncated=no, start-type=ATG, RBS-motif=None
14:32:26.214 - INFO - CDS - contig=contig_1, start=66285, stop=66647, strand=+, frame=3, truncated=no, start-type=ATG, RBS-motif=None
14:32:26.214 - INFO - CDS - contig=contig_1, start=66640, stop=67179, strand=+, frame=1, truncated=no, start-type=ATG, RBS-motif=None
14:32:26.214 - INFO - CDS - contig=contig_1, start=67163, stop=67513, strand=+, frame=2, truncated=no, start-type=ATG, RBS-motif=None
14:32:26.214 - INFO - CDS - contig=contig_1, start=67506, stop=67919, strand=+, frame=3, truncated=no, start-type=ATG, RBS-motif=None
14:32:26.214 - INFO - CDS - contig=contig_1, start=67909, stop=68292, strand=+, frame=1, truncated=no, start-type=ATG, RBS-motif=None
14:32:26.214 - INFO - CDS - contig=contig_1, start=68270, stop=68485, strand=+, frame=2, truncated=no, start-type=ATG, RBS-motif=None
14:32:26.214 - INFO - CDS - contig=contig_1, start=68486, stop=68599, strand=+, frame=2, truncated=no, start-type=ATG, RBS-motif=None
14:32:26.214 - INFO - CDS - contig=contig_1, start=68596, stop=68946, strand=+, frame=1, truncated=no, start-type=ATG, RBS-motif=None
14:32:26.214 - INFO - CDS - contig=contig_1, start=68939, stop=69283, strand=+, frame=2, truncated=no, start-type=ATG, RBS-motif=None
14:32:26.214 - INFO - CDS - contig=contig_1, start=69289, stop=69837, strand=+, frame=1, truncated=no, start-type=ATG, RBS-motif=None
14:32:26.214 - INFO - CDS - contig=contig_1, start=70064, stop=70957, strand=+, frame=2, truncated=no, start-type=ATG, RBS-motif=None
14:32:26.214 - INFO - CDS - contig=contig_1, start=70947, stop=71255, strand=+, frame=3, truncated=no, start-type=ATG, RBS-motif=None
14:32:26.214 - INFO - CDS - contig=contig_1, start=71294, stop=71704, strand=+, frame=2, truncated=no, start-type=ATG, RBS-motif=None
14:32:26.214 - INFO - CDS - contig=contig_1, start=71697, stop=72755, strand=+, frame=3, truncated=no, start-type=ATG, RBS-motif=None
14:32:26.215 - INFO - CDS - contig=contig_1, start=1, stop=1176, strand=+, nt=[ATGAAACAAA..TATATTATAA]
14:32:26.215 - INFO - CDS - contig=contig_1, start=1259, stop=1681, strand=+, nt=[ATGAAAATAA..CTTTATTTAA]
14:32:26.215 - INFO - CDS - contig=contig_1, start=1665, stop=2300, strand=+, nt=[ATGTTTCCTT..ATATGGTTAA]
14:32:26.215 - INFO - CDS - contig=contig_1, start=2293, stop=2739, strand=+, nt=[ATGGTTAATT..AAATATTTAA]
14:32:26.215 - INFO - CDS - contig=contig_1, start=2717, stop=3133, strand=+, nt=[ATGAAAATAG..AAAATTATGA]
14:32:26.215 - INFO - CDS - contig=contig_1, start=3130, stop=7437, strand=+, nt=[ATGATTTATA..ATTATTATAA]
14:32:26.215 - INFO - CDS - contig=contig_1, start=7439, stop=11380, strand=+, nt=[ATGAAATTAT..CAACTATTAA]
14:32:26.215 - INFO - CDS - contig=contig_1, start=11367, stop=11732, strand=+, nt=[ATGTCAACTA..AATAAAATAA]
14:32:26.215 - INFO - CDS - contig=contig_1, start=11734, stop=12204, strand=+, nt=[ATGACTAGAA..TTATTTATAA]
14:32:26.215 - INFO - CDS - contig=contig_1, start=12204, stop=14261, strand=+, nt=[ATGCTTAAAG..TGATTATTAA]
14:32:26.215 - INFO - CDS - contig=contig_1, start=14245, stop=14556, strand=+, nt=[ATGTTAATGA..AATTAAATGA]
14:32:26.215 - INFO - CDS - contig=contig_1, start=14553, stop=14975, strand=+, nt=[ATGATTTTAT..TTCTAAATAA]
14:32:26.215 - INFO - CDS - contig=contig_1, start=15300, stop=16220, strand=-, nt=[ATGATAATAA..ATATAAATAA]
14:32:26.215 - INFO - CDS - contig=contig_1, start=16276, stop=16665, strand=-, nt=[ATGAATATAA..AAAAAGATAA]
14:32:26.215 - INFO - CDS - contig=contig_1, start=16637, stop=17011, strand=-, nt=[ATGATATATA..ATTATATTAA]
14:32:26.215 - INFO - CDS - contig=contig_1, start=17029, stop=17622, strand=-, nt=[ATGAGAATTA..TAAAATATAA]
14:32:26.215 - INFO - CDS - contig=contig_1, start=17702, stop=18067, strand=-, nt=[ATGATTAATA..TACTATATAA]
14:32:26.215 - INFO - CDS - contig=contig_1, start=18060, stop=18326, strand=-, nt=[ATGAATATAA..AAATGATTAA]
14:32:26.215 - INFO - CDS - contig=contig_1, start=18295, stop=18723, strand=-, nt=[ATGACTAAAA..ATATTATTAA]
14:32:26.215 - INFO - CDS - contig=contig_1, start=18716, stop=19327, strand=-, nt=[ATGGGAAATA..AAATGACTAA]
14:32:26.215 - INFO - CDS - contig=contig_1, start=19317, stop=19661, strand=-, nt=[ATGATAAATA..TGGGAAATAA]
14:32:26.215 - INFO - CDS - contig=contig_1, start=19658, stop=19912, strand=-, nt=[ATGATAAAAA..TAAAAAATGA]
14:32:26.215 - INFO - CDS - contig=contig_1, start=19899, stop=20720, strand=-, nt=[ATGAATAAAA..TAAAAAATAA]
14:32:26.215 - INFO - CDS - contig=contig_1, start=20713, stop=20904, strand=-, nt=[ATGGATAAAA..ATATGAATAA]
14:32:26.215 - INFO - CDS - contig=contig_1, start=20886, stop=21404, strand=-, nt=[ATGAATAAAA..AAAAATTTAA]
14:32:26.215 - INFO - CDS - contig=contig_1, start=21397, stop=21888, strand=-, nt=[ATGAAAAAAG..AAATGAATAA]
14:32:26.215 - INFO - CDS - contig=contig_1, start=21990, stop=22115, strand=-, nt=[ATGCATAACG..CCCAAAATAA]
14:32:26.215 - INFO - CDS - contig=contig_1, start=27074, stop=28882, strand=+, nt=[ATGTCTAAAA..ATCTAATTAA]
14:32:26.215 - INFO - CDS - contig=contig_1, start=28889, stop=29938, strand=+, nt=[ATGAATAAGA..AAATATTTAG]
14:32:26.215 - INFO - CDS - contig=contig_1, start=29946, stop=31070, strand=+, nt=[ATGTTATTAT..GATATATTAG]
14:32:26.216 - INFO - CDS - contig=contig_1, start=31078, stop=31218, strand=-, nt=[ATGAAACAAA..TTTTAATTAA]
14:32:26.216 - INFO - CDS - contig=contig_1, start=31202, stop=32527, strand=-, nt=[ATGAATATAT..AAATAAATAA]
14:32:26.216 - INFO - CDS - contig=contig_1, start=32540, stop=34105, strand=-, nt=[ATGTATAGGA..AAAAATATAA]
14:32:26.216 - INFO - CDS - contig=contig_1, start=34090, stop=35253, strand=-, nt=[ATGAATACTA..AGGAAAATAA]
14:32:26.216 - INFO - CDS - contig=contig_1, start=35364, stop=36557, strand=+, nt=[ATGTTATTAA..AATGGAGTAA]
14:32:26.216 - INFO - CDS - contig=contig_1, start=36617, stop=36937, strand=+, nt=[ATGTCTAATA..TAAATTTTAA]
14:32:26.216 - INFO - CDS - contig=contig_1, start=36940, stop=38058, strand=+, nt=[ATGTTAAATT..ATTATTATAA]
14:32:26.216 - INFO - CDS - contig=contig_1, start=38053, stop=38352, strand=-, nt=[ATGAAAAACA..TATTTTATAA]
14:32:26.216 - INFO - CDS - contig=contig_1, start=38437, stop=38571, strand=-, nt=[ATGAACAATA..AAGGATTTGA]
14:32:26.216 - INFO - CDS - contig=contig_1, start=38651, stop=39709, strand=+, nt=[ATGACTAATA..TTTCTTTTAG]
14:32:26.216 - INFO - CDS - contig=contig_1, start=39785, stop=40252, strand=+, nt=[ATGTTTATTC..TAATAAATAA]
14:32:26.216 - INFO - CDS - contig=contig_1, start=40271, stop=40459, strand=+, nt=[ATGGTTAATT..TTTTAAGTAA]
14:32:26.216 - INFO - CDS - contig=contig_1, start=40431, stop=40790, strand=+, nt=[ATGACCAGAT..TAAAAAATAA]
14:32:26.216 - INFO - CDS - contig=contig_1, start=41074, stop=41433, strand=-, nt=[ATGAAAAAAA..TAATAATTAA]
14:32:26.216 - INFO - CDS - contig=contig_1, start=41506, stop=42099, strand=+, nt=[ATGATAAATA..TATAACTTAA]
14:32:26.216 - INFO - CDS - contig=contig_1, start=42225, stop=42377, strand=-, nt=[ATGGCAACTC..ATTTAAATAA]
14:32:26.216 - INFO - CDS - contig=contig_1, start=42449, stop=42625, strand=-, nt=[ATGAATAACA..AATATTTTAA]
14:32:26.216 - INFO - CDS - contig=contig_1, start=42640, stop=43434, strand=-, nt=[ATGAAAAAAA..AACCAAATAA]
14:32:26.216 - INFO - CDS - contig=contig_1, start=43714, stop=46662, strand=-, nt=[ATGATTAATT..AATTAAATAA]
14:32:26.216 - INFO - CDS - contig=contig_1, start=47047, stop=48270, strand=-, nt=[ATGATTTATA..ATTTATATAA]
14:32:26.216 - INFO - CDS - contig=contig_1, start=48298, stop=49689, strand=+, nt=[ATGAATAAAA..CCAGATTTAG]
14:32:26.216 - INFO - CDS - contig=contig_1, start=49881, stop=50594, strand=+, nt=[ATGAATCAAA..ATTTATATAA]
14:32:26.216 - INFO - CDS - contig=contig_1, start=50576, stop=51709, strand=-, nt=[ATGAAAACAA..TAATTTATAA]
14:32:26.216 - INFO - CDS - contig=contig_1, start=51952, stop=54201, strand=-, nt=[ATGATTAAAA..TATTAAATAG]
14:32:26.216 - INFO - CDS - contig=contig_1, start=54252, stop=54437, strand=+, nt=[ATGTTTAAAG..AGAAAAATAA]
14:32:26.216 - INFO - CDS - contig=contig_1, start=54421, stop=54570, strand=+, nt=[ATGAAAAAGA..GTTTTTATAG]
14:32:26.216 - INFO - CDS - contig=contig_1, start=54755, stop=55201, strand=+, nt=[ATGATTAATA..AATCTGTTAG]
14:32:26.216 - INFO - CDS - contig=contig_1, start=55179, stop=55427, strand=+, nt=[ATGGCAAAAA..TAATTATTAA]
14:32:26.216 - INFO - CDS - contig=contig_1, start=55411, stop=55857, strand=+, nt=[ATGATAATAA..TTATTTTTAA]
14:32:26.216 - INFO - CDS - contig=contig_1, start=55875, stop=56192, strand=-, nt=[ATGTTTTCAA..TTTATTATAA]
14:32:26.216 - INFO - CDS - contig=contig_1, start=56302, stop=57045, strand=+, nt=[ATGTTATTTT..TTTTAATTAG]
14:32:26.216 - INFO - CDS - contig=contig_1, start=57067, stop=59175, strand=+, nt=[ATGATTACTA..TTATTTATAA]
14:32:26.216 - INFO - CDS - contig=contig_1, start=60300, stop=61220, strand=-, nt=[ATGAAAATTA..AAATTATTAA]
14:32:26.216 - INFO - CDS - contig=contig_1, start=61285, stop=61713, strand=+, nt=[ATGAACAATT..AATATTATAA]
14:32:26.216 - INFO - CDS - contig=contig_1, start=61727, stop=62365, strand=-, nt=[ATGATTAAAA..AAATATTTAA]
14:32:26.217 - INFO - CDS - contig=contig_1, start=62390, stop=63040, strand=+, nt=[ATGTTTAATA..AATTTTTTAA]
14:32:26.217 - INFO - CDS - contig=contig_1, start=63398, stop=63649, strand=+, nt=[TTGGATATCA..AATTAATTAA]
14:32:26.217 - INFO - CDS - contig=contig_1, start=64287, stop=64925, strand=+, nt=[ATGTTAAAGA..TTTGATATAA]
14:32:26.217 - INFO - CDS - contig=contig_1, start=64932, stop=65435, strand=-, nt=[ATGATTAAAA..TAAAAATTAA]
14:32:26.217 - INFO - CDS - contig=contig_1, start=65442, stop=65984, strand=+, nt=[ATGAGATATT..TTTTTCATAG]
14:32:26.217 - INFO - CDS - contig=contig_1, start=65990, stop=66283, strand=+, nt=[ATGAGTAATA..TTATTTTTAA]
14:32:26.217 - INFO - CDS - contig=contig_1, start=66285, stop=66647, strand=+, nt=[ATGAAGTATA..TAATGACTAA]
14:32:26.217 - INFO - CDS - contig=contig_1, start=66640, stop=67179, strand=+, nt=[ATGACTAAAA..AAAAAAATAG]
14:32:26.217 - INFO - CDS - contig=contig_1, start=67163, stop=67513, strand=+, nt=[ATGTTAAAAA..ATATGATTAA]
14:32:26.217 - INFO - CDS - contig=contig_1, start=67506, stop=67919, strand=+, nt=[ATGATTAAAA..TGATAAATAG]
14:32:26.217 - INFO - CDS - contig=contig_1, start=67909, stop=68292, strand=+, nt=[ATGATAAATA..ATTTAGTTAA]
14:32:26.217 - INFO - CDS - contig=contig_1, start=68270, stop=68485, strand=+, nt=[ATGATAAAAA..TAGTTTTTAA]
14:32:26.217 - INFO - CDS - contig=contig_1, start=68486, stop=68599, strand=+, nt=[ATGAAAGTAA..ACAAAAATGA]
14:32:26.217 - INFO - CDS - contig=contig_1, start=68596, stop=68946, strand=+, nt=[ATGAATTTAT..TAATGATTAA]
14:32:26.217 - INFO - CDS - contig=contig_1, start=68939, stop=69283, strand=+, nt=[ATGATTAAAT..AAGAGTTTAA]
14:32:26.217 - INFO - CDS - contig=contig_1, start=69289, stop=69837, strand=+, nt=[ATGAGAATTA..TTTTTTTTAA]
14:32:26.217 - INFO - CDS - contig=contig_1, start=70064, stop=70957, strand=+, nt=[ATGTTAGTAT..TGAAATTTAA]
14:32:26.217 - INFO - CDS - contig=contig_1, start=70947, stop=71255, strand=+, nt=[ATGAAATTTA..GGTTAATTAA]
14:32:26.217 - INFO - CDS - contig=contig_1, start=71294, stop=71704, strand=+, nt=[ATGATTTGTT..TAATGATTAA]
14:32:26.217 - INFO - CDS - contig=contig_1, start=71697, stop=72755, strand=+, nt=[ATGATTAATT..AGTGGTATAA]
14:32:26.217 - INFO - CDS - contig cds: predicted=85
14:32:26.217 - INFO - CDS - predicted=85
14:32:26.217 - INFO - ORF - write internal aa seqs: # seqs=85, path=/tmp/tmpxzzl92e4/cds.spurious.faa
14:32:26.371 - INFO - ORF - discarded=0
14:32:26.405 - INFO - UPS - looked-up=0
14:32:26.406 - INFO - IPS - looked-up=0
14:32:26.406 - INFO - ORF - write internal aa seqs: # seqs=85, path=/tmp/tmpxzzl92e4/cds.psc.faa
14:34:50.789 - INFO - PSC - found: PSC=0, PSCC=12
14:34:50.849 - INFO - PSC - looked-up=12
14:34:50.870 - INFO - PSCC - looked-up=9
14:34:50.873 - INFO - ORF - write internal aa seqs: # seqs=85, path=/tmp/tmpxzzl92e4/cds.expert.faa
14:34:52.614 - INFO - EXPERT-AMRFINDER - found=0
14:34:52.972 - INFO - EXPERT_AA_SEQ - found=0
14:34:52.979 - INFO - ORF - write internal aa seqs: # seqs=76, path=/tmp/tmpxzzl92e4/cds.pseudo.candidates.faa
14:37:31.539 - INFO - CDS - found: pseudogene-candidates=0
14:37:31.565 - INFO - PSC - looked-up=0
14:37:31.568 - INFO - PSCC - looked-up=0
14:37:31.571 - INFO - ORF - write internal aa seqs: # seqs=76, path=/tmp/tmpxzzl92e4/hypotheticals.faa
14:37:39.506 - INFO - CDS - pfam detected: contig=contig_1, start=50576, stop=51709, strand=-, pfam-id=PF00155.24, length=363, aa-start=43, aa-stop=234, aa-cov=0.5, hmm-cov=0.4, evalue=2.9e-08, bitscore=25.5, name=Aminotran_1_2
14:37:39.507 - INFO - CDS - pfam detected: contig=contig_1, start=50576, stop=51709, strand=-, pfam-id=PF01053.23, length=382, aa-start=4, aa-stop=372, aa-cov=1.0, hmm-cov=1.0, evalue=4.1e-56, bitscore=182.3, name=Cys_Met_Meta_PP
14:37:39.507 - INFO - CDS - pfam detected: contig=contig_1, start=55875, stop=56192, strand=-, pfam-id=PF01220.22, length=138, aa-start=2, aa-stop=102, aa-cov=1.0, hmm-cov=0.7, evalue=2.2e-36, bitscore=116.9, name=DHquinase_II
14:37:39.507 - INFO - CDS - pfam detected: contig=contig_1, start=71697, stop=72755, strand=+, pfam-id=PF01761.23, length=262, aa-start=53, aa-stop=308, aa-cov=0.7, hmm-cov=0.9, evalue=1.8e-59, bitscore=193.3, name=DHQ_synthase
14:37:39.507 - INFO - CDS - pfam detected: contig=contig_1, start=36617, stop=36937, strand=+, pfam-id=PF03796.18, length=254, aa-start=1, aa-stop=102, aa-cov=1.0, hmm-cov=0.4, evalue=1.0e-31, bitscore=102.4, name=DnaB_C
14:37:39.507 - INFO - CDS - pfam detected: contig=contig_1, start=28889, stop=29938, strand=+, pfam-id=PF00226.34, length=63, aa-start=5, aa-stop=65, aa-cov=0.2, hmm-cov=0.9, evalue=1.0e-24, bitscore=78.8, name=DnaJ
14:37:39.507 - INFO - CDS - pfam detected: contig=contig_1, start=28889, stop=29938, strand=+, pfam-id=PF01556.21, length=149, aa-start=117, aa-stop=332, aa-cov=0.6, hmm-cov=1.0, evalue=9.5e-20, bitscore=63.5, name=DnaJ_C
14:37:39.508 - INFO - CDS - pfam detected: contig=contig_1, start=28889, stop=29938, strand=+, pfam-id=PF00684.22, length=66, aa-start=144, aa-stop=204, aa-cov=0.2, hmm-cov=1.0, evalue=1.4e-10, bitscore=33.8, name=DnaJ_CXXCXGXG
14:37:39.508 - INFO - CDS - pfam detected: contig=contig_1, start=43714, stop=46662, strand=-, pfam-id=PF07733.15, length=260, aa-start=272, aa-stop=538, aa-cov=0.3, hmm-cov=0.9, evalue=1.3e-73, bitscore=240.0, name=DNA_pol3_alpha
14:37:39.508 - INFO - CDS - pfam detected: contig=contig_1, start=43714, stop=46662, strand=-, pfam-id=PF17657.4, length=166, aa-start=541, aa-stop=699, aa-cov=0.2, hmm-cov=0.9, evalue=1.1e-37, bitscore=121.3, name=DNA_pol3_finger
14:37:39.508 - INFO - CDS - pfam detected: contig=contig_1, start=68270, stop=68485, strand=+, pfam-id=PF01176.22, length=64, aa-start=8, aa-stop=70, aa-cov=0.9, hmm-cov=0.9, evalue=1.2e-12, bitscore=39.9, name=eIF-1a
14:37:39.508 - INFO - CDS - pfam detected: contig=contig_1, start=43714, stop=46662, strand=-, pfam-id=PF14579.9, length=90, aa-start=752, aa-stop=856, aa-cov=0.1, hmm-cov=0.7, evalue=5.7e-13, bitscore=41.3, name=HHH_6
14:37:39.508 - INFO - CDS - pfam detected: contig=contig_1, start=39785, stop=40252, strand=+, pfam-id=PF05198.19, length=70, aa-start=1, aa-stop=64, aa-cov=0.4, hmm-cov=0.9, evalue=1.1e-10, bitscore=34.0, name=IF3_N
14:37:39.508 - INFO - CDS - pfam detected: contig=contig_1, start=51952, stop=54201, strand=-, pfam-id=PF08267.15, length=313, aa-start=3, aa-stop=311, aa-cov=0.4, hmm-cov=1.0, evalue=7.8e-52, bitscore=168.9, name=Meth_synt_1
14:37:39.508 - INFO - CDS - pfam detected: contig=contig_1, start=51952, stop=54201, strand=-, pfam-id=PF01717.21, length=324, aa-start=414, aa-stop=740, aa-cov=0.4, hmm-cov=1.0, evalue=8.2e-87, bitscore=283.7, name=Meth_synt_2
14:37:39.509 - INFO - CDS - pfam detected: contig=contig_1, start=42640, stop=43434, strand=-, pfam-id=PF02219.20, length=287, aa-start=6, aa-stop=263, aa-cov=1.0, hmm-cov=0.9, evalue=7.3e-18, bitscore=57.1, name=MTHFR
14:37:39.509 - INFO - CDS - pfam detected: contig=contig_1, start=64287, stop=64925, strand=+, pfam-id=PF05175.17, length=170, aa-start=27, aa-stop=144, aa-cov=0.6, hmm-cov=0.5, evalue=1.2e-08, bitscore=27.0, name=MTS
14:37:39.509 - INFO - CDS - pfam detected: contig=contig_1, start=49881, stop=50594, strand=+, pfam-id=PF03462.21, length=192, aa-start=1, aa-stop=98, aa-cov=0.4, hmm-cov=0.5, evalue=5.3e-26, bitscore=83.9, name=PCRF
14:37:39.509 - INFO - CDS - pfam detected: contig=contig_1, start=62390, stop=63040, strand=+, pfam-id=PF03462.21, length=192, aa-start=2, aa-stop=92, aa-cov=0.4, hmm-cov=0.5, evalue=6.2e-14, bitscore=44.5, name=PCRF
14:37:39.509 - INFO - CDS - pfam detected: contig=contig_1, start=14553, stop=14975, strand=+, pfam-id=PF01327.24, length=159, aa-start=2, aa-stop=140, aa-cov=1.0, hmm-cov=0.8, evalue=2.1e-16, bitscore=52.2, name=Pep_deformylase
14:37:39.509 - INFO - CDS - pfam detected: contig=contig_1, start=17702, stop=18067, strand=-, pfam-id=PF00238.22, length=122, aa-start=1, aa-stop=121, aa-cov=1.0, hmm-cov=1.0, evalue=1.8e-23, bitscore=75.1, name=Ribosomal_L14
14:37:39.509 - INFO - CDS - pfam detected: contig=contig_1, start=18295, stop=18723, strand=-, pfam-id=PF00252.21, length=132, aa-start=2, aa-stop=130, aa-cov=0.9, hmm-cov=1.0, evalue=3.2e-29, bitscore=93.9, name=Ribosomal_L16
14:37:39.509 - INFO - CDS - pfam detected: contig=contig_1, start=68486, stop=68599, strand=+, pfam-id=PF00444.21, length=38, aa-start=1, aa-stop=37, aa-cov=1.0, hmm-cov=1.0, evalue=1.7e-15, bitscore=49.3, name=Ribosomal_L36
14:37:39.509 - INFO - CDS - pfam detected: contig=contig_1, start=65442, stop=65984, strand=+, pfam-id=PF00673.24, length=94, aa-start=85, aa-stop=179, aa-cov=0.5, hmm-cov=1.0, evalue=7.4e-17, bitscore=53.7, name=Ribosomal_L5_C
14:37:39.510 - INFO - CDS - pfam detected: contig=contig_1, start=14245, stop=14556, strand=+, pfam-id=PF00338.25, length=98, aa-start=6, aa-stop=99, aa-cov=0.9, hmm-cov=0.9, evalue=3.3e-13, bitscore=42.1, name=Ribosomal_S10
14:37:39.510 - INFO - CDS - pfam detected: contig=contig_1, start=18060, stop=18326, strand=-, pfam-id=PF00366.23, length=68, aa-start=17, aa-stop=84, aa-cov=0.8, hmm-cov=1.0, evalue=7.0e-09, bitscore=28.0, name=Ribosomal_S17
14:37:39.510 - INFO - CDS - pfam detected: contig=contig_1, start=18716, stop=19327, strand=-, pfam-id=PF00189.23, length=83, aa-start=119, aa-stop=200, aa-cov=0.4, hmm-cov=1.0, evalue=1.0e-17, bitscore=56.7, name=Ribosomal_S3_C
14:37:39.510 - INFO - CDS - pfam detected: contig=contig_1, start=67506, stop=67919, strand=+, pfam-id=PF00333.23, length=65, aa-start=1, aa-stop=63, aa-cov=0.5, hmm-cov=0.9, evalue=1.0e-09, bitscore=30.6, name=Ribosomal_S5
14:37:39.510 - INFO - CDS - pfam detected: contig=contig_1, start=67506, stop=67919, strand=+, pfam-id=PF03719.18, length=71, aa-start=76, aa-stop=136, aa-cov=0.4, hmm-cov=0.8, evalue=5.3e-11, bitscore=34.2, name=Ribosomal_S5_C
14:37:39.510 - INFO - CDS - pfam detected: contig=contig_1, start=11734, stop=12204, strand=+, pfam-id=PF00177.24, length=149, aa-start=1, aa-stop=151, aa-cov=1.0, hmm-cov=1.0, evalue=1.4e-26, bitscore=85.2, name=Ribosomal_S7
14:37:39.510 - INFO - CDS - pfam detected: contig=contig_1, start=66285, stop=66647, strand=+, pfam-id=PF00410.22, length=126, aa-start=4, aa-stop=119, aa-cov=1.0, hmm-cov=1.0, evalue=4.8e-10, bitscore=31.8, name=Ribosomal_S8
14:37:39.510 - INFO - CDS - pfam detected: contig=contig_1, start=7439, stop=11380, strand=+, pfam-id=PF04997.15, length=312, aa-start=1, aa-stop=314, aa-cov=0.2, hmm-cov=1.0, evalue=6.7e-29, bitscore=93.4, name=RNA_pol_Rpb1_1
14:37:39.510 - INFO - CDS - pfam detected: contig=contig_1, start=7439, stop=11380, strand=+, pfam-id=PF00623.23, length=166, aa-start=316, aa-stop=369, aa-cov=0.0, hmm-cov=0.2, evalue=4.4e-32, bitscore=103.9, name=RNA_pol_Rpb1_2
14:37:39.511 - INFO - CDS - pfam detected: contig=contig_1, start=7439, stop=11380, strand=+, pfam-id=PF00623.23, length=166, aa-start=358, aa-stop=460, aa-cov=0.1, hmm-cov=0.4, evalue=4.4e-32, bitscore=103.9, name=RNA_pol_Rpb1_2
14:37:39.511 - INFO - CDS - pfam detected: contig=contig_1, start=7439, stop=11380, strand=+, pfam-id=PF04983.21, length=157, aa-start=463, aa-stop=607, aa-cov=0.1, hmm-cov=1.0, evalue=1.1e-11, bitscore=37.2, name=RNA_pol_Rpb1_3
14:37:39.511 - INFO - CDS - pfam detected: contig=contig_1, start=7439, stop=11380, strand=+, pfam-id=PF04998.20, length=267, aa-start=726, aa-stop=1208, aa-cov=0.4, hmm-cov=0.9, evalue=1.3e-40, bitscore=131.8, name=RNA_pol_Rpb1_5
14:37:39.511 - INFO - CDS - pfam detected: contig=contig_1, start=3130, stop=7437, strand=+, pfam-id=PF04565.19, length=68, aa-start=515, aa-stop=582, aa-cov=0.0, hmm-cov=1.0, evalue=2.7e-20, bitscore=64.7, name=RNA_pol_Rpb2_3
14:37:39.511 - INFO - CDS - pfam detected: contig=contig_1, start=3130, stop=7437, strand=+, pfam-id=PF00562.31, length=389, aa-start=662, aa-stop=1359, aa-cov=0.5, hmm-cov=1.0, evalue=2.2e-90, bitscore=295.7, name=RNA_pol_Rpb2_6
14:37:39.511 - INFO - CDS - pfam detected: contig=contig_1, start=3130, stop=7437, strand=+, pfam-id=PF04560.23, length=87, aa-start=1361, aa-stop=1435, aa-cov=0.1, hmm-cov=1.0, evalue=2.1e-18, bitscore=58.9, name=RNA_pol_Rpb2_7
14:37:39.511 - INFO - CDS - pfam detected: contig=contig_1, start=69289, stop=69837, strand=+, pfam-id=PF01479.28, length=48, aa-start=87, aa-stop=134, aa-cov=0.3, hmm-cov=1.0, evalue=9.1e-12, bitscore=36.9, name=S4
14:37:39.511 - INFO - CDS - pfam detected: contig=contig_1, start=47047, stop=48270, strand=-, pfam-id=PF04545.19, length=50, aa-start=342, aa-stop=394, aa-cov=0.1, hmm-cov=0.9, evalue=3.5e-14, bitscore=44.4, name=Sigma70_r4
14:37:39.511 - INFO - CDS - pfam detected: contig=contig_1, start=48298, stop=49689, strand=+, pfam-id=PF00749.24, length=314, aa-start=19, aa-stop=110, aa-cov=0.2, hmm-cov=0.3, evalue=8.5e-27, bitscore=86.1, name=tRNA-synt_1c
14:37:39.511 - INFO - CDS - pfam detected: contig=contig_1, start=48298, stop=49689, strand=+, pfam-id=PF00749.24, length=314, aa-start=167, aa-stop=274, aa-cov=0.2, hmm-cov=0.3, evalue=8.5e-27, bitscore=86.1, name=tRNA-synt_1c
14:37:39.511 - INFO - CDS - pfam detected: contig=contig_1, start=35364, stop=36557, strand=+, pfam-id=PF00749.24, length=314, aa-start=110, aa-stop=218, aa-cov=0.3, hmm-cov=0.2, evalue=4.9e-21, bitscore=67.1, name=tRNA-synt_1c
14:37:39.511 - INFO - CDS - predicted-pfams=44, CDS-w/-pfams=30
14:37:39.624 - INFO - S_ORF - predicted=518
14:37:39.716 - INFO - S_ORF - sORF filter: # valid=37, # discarded=481
14:37:39.717 - INFO - ORF - write internal aa seqs: # seqs=37, path=/tmp/tmpxzzl92e4/sorf.spurious.faa
14:37:39.854 - INFO - ORF - discarded=0
14:37:39.878 - INFO - UPS - looked-up=0
14:37:39.879 - INFO - IPS - looked-up=0
14:37:39.879 - INFO - ORF - write internal aa seqs: # seqs=37, path=/tmp/tmpxzzl92e4/sorf.faa
14:37:40.017 - INFO - S_ORF - found=0
14:37:40.017 - INFO - PSC - looked-up=0
14:37:41.633 - INFO - ORI - predicted=0
14:37:41.727 - INFO - ORI - predicted=0
14:37:41.728 - INFO - ANNOTATION - overlap: CDS (None/Elongation factor Tu) [1, 1176] overlapping tRNA (Trp_trna) [1176, 1246], [1176,1176], contig=contig_1
14:37:41.728 - INFO - ANNOTATION - overlap: CDS (None/hypothetical protein) [21990, 22115] overlapping rRNA (16S_rrna) [22067, 23733], [22067,22115], contig=contig_1
14:37:41.728 - INFO - ANNOTATION - overlap: CDS (None/hypothetical protein) [38437, 38571] overlapping tRNA (fMet_trna) [38384, 38455], [38437,38455], contig=contig_1
14:37:41.728 - INFO - ANNOTATION - overlap: CDS (None/hypothetical protein) [41506, 42099] overlapping tRNA (Gly_trna) [42085, 42156], [42085,42099], contig=contig_1
14:37:41.728 - INFO - ANNOTATION - overlap: CDS (None/hypothetical protein) [42225, 42377] overlapping tRNA (Cys_trna) [42156, 42226], [42225,42226], contig=contig_1
14:37:41.728 - INFO - ANNOTATION - overlap: CDS (None/hypothetical protein) [42225, 42377] overlapping tRNA (Asn_trna) [42377, 42448], [42377,42377], contig=contig_1
14:37:41.728 - INFO - ANNOTATION - overlap: CDS (None/hypothetical protein) [54421, 54570] overlapping tRNA (Ser_trna) [54568, 54654], [54568,54570], contig=contig_1
14:37:41.728 - INFO - UTILS - generated sequence tag prefix: prefix=LDKGFAGOFF, length=10, MD5=5D40FA08FF45FFC639955BC6044E3556
14:37:41.729 - INFO - MAIN - selected features=96
14:37:41.729 - INFO - MAIN - locus tag prefix=VFDER3
14:37:41.729 - INFO - UTILS - genome-size=73040
14:37:41.729 - INFO - UTILS - GC=0.144
14:37:41.731 - INFO - UTILS - N=0.000
14:37:41.731 - INFO - UTILS - N50=73040
14:37:41.731 - INFO - UTILS - coding-ratio=0.902
14:37:41.733 - INFO - TSV - write tsv: path=/home/diego/Documents/metagenomes/annotation_symbio_merge/annotation_Beta/genomes/bakta_VFDER3/bakta_VFDER3.tsv
14:37:41.734 - INFO - GFF - write GFF3: path=/home/diego/Documents/metagenomes/annotation_symbio_merge/annotation_Beta/genomes/bakta_VFDER3/bakta_VFDER3.gff3
14:37:41.741 - INFO - INSDC - write GenBank: path=/home/diego/Documents/metagenomes/annotation_symbio_merge/annotation_Beta/genomes/bakta_VFDER3/bakta_VFDER3.gbff
14:37:41.753 - INFO - INSDC - write EMBL: path=/home/diego/Documents/metagenomes/annotation_symbio_merge/annotation_Beta/genomes/bakta_VFDER3/bakta_VFDER3.embl
14:37:41.761 - INFO - FASTA - write genome sequences: path=/home/diego/Documents/metagenomes/annotation_symbio_merge/annotation_Beta/genomes/bakta_VFDER3/bakta_VFDER3.fna, description=True, wrap=True
14:37:41.762 - INFO - FASTA - write feature nucleotide sequences: path=/home/diego/Documents/metagenomes/annotation_symbio_merge/annotation_Beta/genomes/bakta_VFDER3/bakta_VFDER3.ffn
14:37:41.762 - INFO - FASTA - write translated CDS/sORF: path=/home/diego/Documents/metagenomes/annotation_symbio_merge/annotation_Beta/genomes/bakta_VFDER3/bakta_VFDER3.faa
14:37:41.762 - INFO - TSV - write hypothetical tsv: path=/home/diego/Documents/metagenomes/annotation_symbio_merge/annotation_Beta/genomes/bakta_VFDER3/bakta_VFDER3.hypotheticals.tsv
14:37:41.763 - INFO - FASTA - write translated CDS/sORF: path=/home/diego/Documents/metagenomes/annotation_symbio_merge/annotation_Beta/genomes/bakta_VFDER3/bakta_VFDER3.hypotheticals.faa
14:37:41.763 - INFO - JSON - write JSON: path=/home/diego/Documents/metagenomes/annotation_symbio_merge/annotation_Beta/genomes/bakta_VFDER3/bakta_VFDER3.json
14:37:41.771 - INFO - MAIN - removed tmp dir: /tmp/tmpxzzl92e4
