[10:04:26] This is prokka 1.13
[10:04:26] Written by Torsten Seemann <torsten.seemann@gmail.com>
[10:04:26] Homepage is https://github.com/tseemann/prokka
[10:04:26] Local time is Mon Dec 18 10:04:26 2023
[10:04:26] You are diego
[10:04:26] Operating system is linux
[10:04:26] You have BioPerl 1.007002
[10:04:26] System has 32 cores.
[10:04:26] Option --cpu asked for 40 cores, but system only has 32
[10:04:26] Will use maximum of 32 cores.
[10:04:26] Annotating as >>> Bacteria <<<
[10:04:26] Enabling options to ensure Genbank/ENA/DDJB submission compliance.
[10:04:26] Creating new output folder: prokka_SMS1196
[10:04:26] Running: mkdir -p prokka_SMS1196
[10:04:26] Using filename prefix: prokka_SMS1196.XXX
[10:04:26] Setting HMMER_NCPU=1
[10:04:26] Writing log to: prokka_SMS1196/prokka_SMS1196.log
[10:04:26] Command: /home/diego/miniconda3/envs/prokka_env/bin/prokka SMS1196.fasta --prefix prokka_SMS1196 --outdir prokka_SMS1196 --cpus 40 --locustag SMS1196 --compliant --gcode 11
[10:04:26] Appending to PATH: /home/diego/miniconda3/envs/prokka_env/bin
[10:04:26] Looking for 'aragorn' - found /home/diego/miniconda3/envs/prokka_env/bin/aragorn
[10:04:26] Determined aragorn version is 1.2
[10:04:26] Looking for 'barrnap' - found /home/diego/miniconda3/envs/prokka_env/bin/barrnap
[10:04:26] Determined barrnap version is 0.9
[10:04:26] Looking for 'blastp' - found /home/diego/miniconda3/envs/prokka_env/bin/blastp
[10:04:26] Determined blastp version is 2.14
[10:04:26] Looking for 'cmpress' - found /home/diego/miniconda3/envs/prokka_env/bin/cmpress
[10:04:26] Determined cmpress version is 1.1
[10:04:26] Looking for 'cmscan' - found /home/diego/miniconda3/envs/prokka_env/bin/cmscan
[10:04:26] Determined cmscan version is 1.1
[10:04:26] Looking for 'egrep' - found /usr/bin/egrep
[10:04:26] Looking for 'find' - found /usr/bin/find
[10:04:26] Looking for 'grep' - found /usr/bin/grep
[10:04:26] Looking for 'hmmpress' - found /home/diego/miniconda3/envs/prokka_env/bin/hmmpress
[10:04:26] Determined hmmpress version is 3.3
[10:04:26] Looking for 'hmmscan' - found /home/diego/miniconda3/envs/prokka_env/bin/hmmscan
[10:04:26] Determined hmmscan version is 3.3
[10:04:26] Looking for 'java' - found /home/diego/miniconda3/envs/prokka_env/bin/java
[10:04:26] Looking for 'less' - found /usr/bin/less
[10:04:26] Looking for 'makeblastdb' - found /home/diego/miniconda3/envs/prokka_env/bin/makeblastdb
[10:04:26] Determined makeblastdb version is 2.14
[10:04:26] Looking for 'minced' - found /home/diego/miniconda3/envs/prokka_env/bin/minced
[10:04:26] Determined minced version is 4.2
[10:04:26] Looking for 'parallel' - found /home/diego/miniconda3/envs/prokka_env/bin/parallel
[10:04:26] Determined parallel version is 20160622
[10:04:26] Looking for 'prodigal' - found /home/diego/miniconda3/envs/prokka_env/bin/prodigal
[10:04:26] Determined prodigal version is 2.6
[10:04:26] Looking for 'prokka-genbank_to_fasta_db' - found /home/diego/miniconda3/envs/prokka_env/bin/prokka-genbank_to_fasta_db
[10:04:26] Looking for 'rnammer' - found /home/diego/rnammer-1.2.src/rnammer
[10:04:26] Determined rnammer version is 1.2
[10:04:26] Looking for 'sed' - found /usr/bin/sed
[10:04:26] Looking for 'tbl2asn' - found /home/diego/miniconda3/envs/prokka_env/bin/tbl2asn
[10:04:26] Determined tbl2asn version is 25.8
[10:04:26] Using genetic code table 11.
[10:04:26] Loading and checking input file: SMS1196.fasta
[10:04:26] Wrote 1 contigs totalling 144731 bp.
[10:04:26] Predicting tRNAs and tmRNAs
[10:04:26] Running: aragorn -l -gc11  -w prokka_SMS1196\/prokka_SMS1196\.fna
[10:04:26] 1 tRNA-Met [9072,9146] 35 (cat)
[10:04:26] 2 tRNA-Asn c[12595,12670] 36 (gtt)
[10:04:26] 3 tRNA-Cys c[19498,19568] 33 (gca)
[10:04:26] 4 tmRNA c[22874,23121] 98,124 GKNYSLAA*
[10:04:26] 5 tRNA-Met c[23985,24060] 36 (cat)
[10:04:26] 6 tRNA-Leu [27283,27368] 36 (tag)
[10:04:26] 7 tRNA-Ser [31981,32063] 35 (gct)
[10:04:26] 8 tRNA-Pro [32072,32146] 36 (tgg)
[10:04:26] 9 tRNA-Arg [32150,32222] 34 (tct)
[10:04:26] 10 tRNA-Ser c[37453,37540] 36 (tga)
[10:04:26] 11 tRNA-Lys [41296,41368] 34 (ttt)
[10:04:26] 12 tRNA-Asp c[41374,41447] 35 (gtc)
[10:04:26] 13 tRNA-Val c[45393,45467] 36 (tac)
[10:04:26] 14 tRNA-Leu c[58771,58853] 35 (taa)
[10:04:26] 15 tRNA-Gly c[58859,58932] 35 (gcc)
[10:04:26] 16 tRNA-Ala c[67556,67629] 35 (tgc)
[10:04:26] 17 tRNA-Ile c[67633,67706] 35 (gat)
[10:04:26] 18 tRNA-Thr [71534,71607] 35 (tgt)
[10:04:26] 19 tRNA-Tyr [71618,71699] 35 (gta)
[10:04:26] 20 tRNA-Gly [71708,71782] 36 (tcc)
[10:04:26] 21 tRNA-Thr [71789,71863] 35 (ggt)
[10:04:26] 22 tRNA-Trp [73079,73152] 35 (cca)
[10:04:26] 23 tRNA-His [84812,84887] 36 (gtg)
[10:04:26] 24 tRNA-Phe c[86756,86830] 36 (gaa)
[10:04:26] 25 tRNA-Leu c[98859,98932] 35 (gag)
[10:04:26] 26 tRNA-Met [98961,99036] 36 (cat)
[10:04:26] 27 tRNA-Glu c[109962,110033] 34 (ttc)
[10:04:26] 28 tRNA-Gln [110416,110486] 33 (ttg)
[10:04:26] 29 tRNA-Arg c[135017,135090] 35 (acg)
[10:04:26] Found 29 tRNAs
[10:04:26] Predicting Ribosomal RNAs
[10:04:26] Running Barrnap with 32 threads
[10:04:27] 1 gnl|Prokka|SMS1196_1 64495 5S ribosomal RNA
[10:04:27] 2 gnl|Prokka|SMS1196_1 64668 23S ribosomal RNA
[10:04:27] 3 gnl|Prokka|SMS1196_1 67712 16S ribosomal RNA
[10:04:27] Found 3 rRNAs
[10:04:27] Skipping ncRNA search, enable with --rfam if desired.
[10:04:27] Total of 31 tRNA + rRNA features
[10:04:27] Searching for CRISPR repeats
[10:04:27] Found 0 CRISPRs
[10:04:27] Predicting coding sequences
[10:04:27] Contigs total 144731 bp, so using single mode
[10:04:27] Running: prodigal -i prokka_SMS1196\/prokka_SMS1196\.fna -c -m -g 11 -p single -f sco -q
[10:04:27] Excluding CDS which overlaps existing RNA (tRNA) at gnl|Prokka|SMS1196_1:9088..9225 on + strand
[10:04:27] Excluding CDS which overlaps existing RNA (tRNA) at gnl|Prokka|SMS1196_1:9229..12630 on + strand
[10:04:27] Excluding CDS which overlaps existing RNA (tRNA) at gnl|Prokka|SMS1196_1:32220..33668 on - strand
[10:04:27] Excluding CDS which overlaps existing RNA (tRNA) at gnl|Prokka|SMS1196_1:58154..58789 on + strand
[10:04:27] Excluding CDS which overlaps existing RNA (tRNA) at gnl|Prokka|SMS1196_1:58918..61503 on - strand
[10:04:27] Excluding CDS which overlaps existing RNA (rRNA) at gnl|Prokka|SMS1196_1:64790..65248 on + strand
[10:04:27] Found 142 CDS
[10:04:27] Connecting features back to sequences
[10:04:27] Not using genus-specific database. Try --usegenus to enable it.
[10:04:27] Annotating CDS, please be patient.
[10:04:27] Will use 32 CPUs for similarity searching.
[10:04:27] There are still 142 unannotated CDS left (started with 142)
[10:04:27] Will use blast to search against /home/diego/miniconda3/envs/prokka_env/bin/../db/kingdom/Bacteria/sprot with 32 CPUs
[10:04:27] Running: cat prokka_SMS1196\/sprot\.faa | parallel --gnu --plain -j 32 --block 654 --recstart '>' --pipe blastp -query - -db /home/diego/miniconda3/envs/prokka_env/bin/../db/kingdom/Bacteria/sprot -evalue 1e-06 -num_threads 1 -num_descriptions 1 -num_alignments 1 -seg no > prokka_SMS1196\/sprot\.blast 2> /dev/null
[10:04:29] Modify product: Probable ATP-dependent transporter SufC => putative ATP-dependent transporter SufC
[10:04:29] Cleaned 1 /product names
[10:04:29] Deleting unwanted file: prokka_SMS1196/sprot.faa
[10:04:29] Deleting unwanted file: prokka_SMS1196/sprot.blast
[10:04:29] There are still 24 unannotated CDS left (started with 142)
[10:04:29] Will use hmmer3 to search against /home/diego/miniconda3/envs/prokka_env/bin/../db/hmm/HAMAP.hmm with 32 CPUs
[10:04:29] Running: cat prokka_SMS1196\/HAMAP\.hmm\.faa | parallel --gnu --plain -j 32 --block 46 --recstart '>' --pipe hmmscan --noali --notextw --acc -E 1e-06 --cpu 1 /home/diego/miniconda3/envs/prokka_env/bin/../db/hmm/HAMAP.hmm /dev/stdin > prokka_SMS1196\/HAMAP\.hmm\.hmmer3 2> /dev/null
[10:04:29] Deleting unwanted file: prokka_SMS1196/HAMAP.hmm.faa
[10:04:29] Deleting unwanted file: prokka_SMS1196/HAMAP.hmm.hmmer3
[10:04:29] Labelling remaining 12 proteins as 'hypothetical protein'
[10:04:29] Possible /pseudo 'Tyrosine--tRNA ligase' at gnl|Prokka|SMS1196_1 position 90125
[10:04:29] Found 128 unique /gene codes.
[10:04:29] Fixed 2 duplicate /gene - tyrS_1 tyrS_2
[10:04:29] Fixed 1 colliding /gene names.
[10:04:29] Adding /locus_tag identifiers
[10:04:29] Assigned 174 locus_tags to CDS and RNA features.
[10:04:29] Writing outputs to prokka_SMS1196/
[10:04:29] Generating annotation statistics file
[10:04:29] Generating Genbank and Sequin files
[10:04:29] Running: tbl2asn -V b -a r10k -l paired-ends -M n -N 1 -y 'Annotated using prokka 1.13 from https://github.com/tseemann/prokka' -Z prokka_SMS1196\/prokka_SMS1196\.err -i prokka_SMS1196\/prokka_SMS1196\.fsa 2> /dev/null
[10:04:30] Deleting unwanted file: prokka_SMS1196/errorsummary.val
[10:04:30] Deleting unwanted file: prokka_SMS1196/prokka_SMS1196.dr
[10:04:30] Deleting unwanted file: prokka_SMS1196/prokka_SMS1196.fixedproducts
[10:04:30] Deleting unwanted file: prokka_SMS1196/prokka_SMS1196.ecn
[10:04:30] Deleting unwanted file: prokka_SMS1196/prokka_SMS1196.val
[10:04:30] Repairing broken .GBK output that tbl2asn produces...
[10:04:30] Running: sed 's/COORDINATES: profile/COORDINATES:profile/' < prokka_SMS1196\/prokka_SMS1196\.gbf > prokka_SMS1196\/prokka_SMS1196\.gbk
[10:04:30] Deleting unwanted file: prokka_SMS1196/prokka_SMS1196.gbf
[10:04:30] Output files:
[10:04:30] prokka_SMS1196/prokka_SMS1196.log
[10:04:30] prokka_SMS1196/prokka_SMS1196.sqn
[10:04:30] prokka_SMS1196/prokka_SMS1196.ffn
[10:04:30] prokka_SMS1196/prokka_SMS1196.err
[10:04:30] prokka_SMS1196/prokka_SMS1196.tsv
[10:04:30] prokka_SMS1196/prokka_SMS1196.fsa
[10:04:30] prokka_SMS1196/prokka_SMS1196.fna
[10:04:30] prokka_SMS1196/prokka_SMS1196.gbk
[10:04:30] prokka_SMS1196/prokka_SMS1196.txt
[10:04:30] prokka_SMS1196/prokka_SMS1196.tbl
[10:04:30] prokka_SMS1196/prokka_SMS1196.faa
[10:04:30] prokka_SMS1196/prokka_SMS1196.gff
[10:04:30] Annotation finished successfully.
[10:04:30] Walltime used: 0.07 minutes
[10:04:30] If you use this result please cite the Prokka paper:
[10:04:30] Seemann T (2014) Prokka: rapid prokaryotic genome annotation. Bioinformatics. 30(14):2068-9.
[10:04:30] Type 'prokka --citation' for more details.
[10:04:30] Thank you, come again.
