[10:03:37] This is prokka 1.13
[10:03:37] Written by Torsten Seemann <torsten.seemann@gmail.com>
[10:03:37] Homepage is https://github.com/tseemann/prokka
[10:03:37] Local time is Mon Dec 18 10:03:37 2023
[10:03:37] You are diego
[10:03:37] Operating system is linux
[10:03:37] You have BioPerl 1.007002
[10:03:37] System has 32 cores.
[10:03:37] Option --cpu asked for 40 cores, but system only has 32
[10:03:37] Will use maximum of 32 cores.
[10:03:37] Annotating as >>> Bacteria <<<
[10:03:37] Enabling options to ensure Genbank/ENA/DDJB submission compliance.
[10:03:37] Creating new output folder: prokka_SMPHYLLO
[10:03:37] Running: mkdir -p prokka_SMPHYLLO
[10:03:37] Using filename prefix: prokka_SMPHYLLO.XXX
[10:03:37] Setting HMMER_NCPU=1
[10:03:37] Writing log to: prokka_SMPHYLLO/prokka_SMPHYLLO.log
[10:03:37] Command: /home/diego/miniconda3/envs/prokka_env/bin/prokka SMPHYLLO.fasta --prefix prokka_SMPHYLLO --outdir prokka_SMPHYLLO --cpus 40 --locustag SMPHYLLO --compliant --gcode 11
[10:03:37] Appending to PATH: /home/diego/miniconda3/envs/prokka_env/bin
[10:03:37] Looking for 'aragorn' - found /home/diego/miniconda3/envs/prokka_env/bin/aragorn
[10:03:37] Determined aragorn version is 1.2
[10:03:37] Looking for 'barrnap' - found /home/diego/miniconda3/envs/prokka_env/bin/barrnap
[10:03:37] Determined barrnap version is 0.9
[10:03:37] Looking for 'blastp' - found /home/diego/miniconda3/envs/prokka_env/bin/blastp
[10:03:37] Determined blastp version is 2.14
[10:03:37] Looking for 'cmpress' - found /home/diego/miniconda3/envs/prokka_env/bin/cmpress
[10:03:37] Determined cmpress version is 1.1
[10:03:37] Looking for 'cmscan' - found /home/diego/miniconda3/envs/prokka_env/bin/cmscan
[10:03:37] Determined cmscan version is 1.1
[10:03:37] Looking for 'egrep' - found /usr/bin/egrep
[10:03:37] Looking for 'find' - found /usr/bin/find
[10:03:37] Looking for 'grep' - found /usr/bin/grep
[10:03:37] Looking for 'hmmpress' - found /home/diego/miniconda3/envs/prokka_env/bin/hmmpress
[10:03:37] Determined hmmpress version is 3.3
[10:03:37] Looking for 'hmmscan' - found /home/diego/miniconda3/envs/prokka_env/bin/hmmscan
[10:03:37] Determined hmmscan version is 3.3
[10:03:37] Looking for 'java' - found /home/diego/miniconda3/envs/prokka_env/bin/java
[10:03:37] Looking for 'less' - found /usr/bin/less
[10:03:37] Looking for 'makeblastdb' - found /home/diego/miniconda3/envs/prokka_env/bin/makeblastdb
[10:03:37] Determined makeblastdb version is 2.14
[10:03:37] Looking for 'minced' - found /home/diego/miniconda3/envs/prokka_env/bin/minced
[10:03:37] Determined minced version is 4.2
[10:03:37] Looking for 'parallel' - found /home/diego/miniconda3/envs/prokka_env/bin/parallel
[10:03:37] Determined parallel version is 20160622
[10:03:37] Looking for 'prodigal' - found /home/diego/miniconda3/envs/prokka_env/bin/prodigal
[10:03:37] Determined prodigal version is 2.6
[10:03:37] Looking for 'prokka-genbank_to_fasta_db' - found /home/diego/miniconda3/envs/prokka_env/bin/prokka-genbank_to_fasta_db
[10:03:37] Looking for 'rnammer' - found /home/diego/rnammer-1.2.src/rnammer
[10:03:37] Determined rnammer version is 1.2
[10:03:37] Looking for 'sed' - found /usr/bin/sed
[10:03:37] Looking for 'tbl2asn' - found /home/diego/miniconda3/envs/prokka_env/bin/tbl2asn
[10:03:37] Determined tbl2asn version is 25.8
[10:03:37] Using genetic code table 11.
[10:03:37] Loading and checking input file: SMPHYLLO.fasta
[10:03:37] Wrote 1 contigs totalling 148475 bp.
[10:03:37] Predicting tRNAs and tmRNAs
[10:03:37] Running: aragorn -l -gc11  -w prokka_SMPHYLLO\/prokka_SMPHYLLO\.fna
[10:03:38] 1 tRNA-Met [9052,9126] 35 (cat)
[10:03:38] 2 tRNA-Asn c[16887,16963] 37 (gtt)
[10:03:38] 3 tRNA-Cys c[23787,23857] 33 (gca)
[10:03:38] 4 tmRNA c[27117,27373] 98,124 GKNYSLAA*
[10:03:38] 5 tRNA-Met c[27976,28051] 36 (cat)
[10:03:38] 6 tRNA-Leu [31281,31366] 36 (tag)
[10:03:38] 7 tRNA-Ser [35908,35990] 35 (gct)
[10:03:38] 8 tRNA-Pro [35999,36073] 36 (tgg)
[10:03:38] 9 tRNA-Arg [36077,36149] 34 (tct)
[10:03:38] 10 tRNA-Ser c[41376,41463] 36 (tga)
[10:03:38] 11 tRNA-Lys [45170,45242] 34 (ttt)
[10:03:38] 12 tRNA-Asp c[45248,45321] 35 (gtc)
[10:03:38] 13 tRNA-Val c[49222,49296] 36 (tac)
[10:03:38] 14 tRNA-Leu c[62538,62619] 34 (taa)
[10:03:38] 15 tRNA-Gly c[62651,62723] 34 (gcc)
[10:03:38] 16 tRNA-Ala c[71317,71390] 35 (tgc)
[10:03:38] 17 tRNA-Ile c[71395,71468] 35 (gat)
[10:03:38] 18 tRNA-Thr [75286,75359] 35 (tgt)
[10:03:38] 19 tRNA-Tyr [75372,75454] 35 (gta)
[10:03:38] 20 tRNA-Gly [75465,75536] 34 (tcc)
[10:03:38] 21 tRNA-Thr [75544,75618] 35 (ggt)
[10:03:38] 22 tRNA-Trp [76834,76907] 35 (cca)
[10:03:38] 23 tRNA-His [88517,88592] 36 (gtg)
[10:03:38] 24 tRNA-Phe c[90449,90523] 36 (gaa)
[10:03:38] 25 tRNA-Leu c[102744,102817] 35 (gag)
[10:03:38] 26 tRNA-Met [102840,102915] 36 (cat)
[10:03:38] 27 tRNA-Glu c[113865,113936] 34 (ttc)
[10:03:38] 28 tRNA-Gln [114301,114371] 33 (ttg)
[10:03:38] 29 tRNA-Arg c[138866,138939] 35 (acg)
[10:03:38] Found 29 tRNAs
[10:03:38] Predicting Ribosomal RNAs
[10:03:38] Running Barrnap with 32 threads
[10:03:38] 1 gnl|Prokka|SMPHYLLO_1 68270 5S ribosomal RNA
[10:03:38] 2 gnl|Prokka|SMPHYLLO_1 68428 23S ribosomal RNA
[10:03:38] 3 gnl|Prokka|SMPHYLLO_1 71472 16S ribosomal RNA
[10:03:38] Found 3 rRNAs
[10:03:38] Skipping ncRNA search, enable with --rfam if desired.
[10:03:38] Total of 31 tRNA + rRNA features
[10:03:38] Searching for CRISPR repeats
[10:03:38] Found 0 CRISPRs
[10:03:38] Predicting coding sequences
[10:03:38] Contigs total 148475 bp, so using single mode
[10:03:38] Running: prodigal -i prokka_SMPHYLLO\/prokka_SMPHYLLO\.fna -c -m -g 11 -p single -f sco -q
[10:03:39] Excluding CDS which overlaps existing RNA (tRNA) at gnl|Prokka|SMPHYLLO_1:15753..16922 on + strand
[10:03:39] Excluding CDS which overlaps existing RNA (tRNA) at gnl|Prokka|SMPHYLLO_1:36147..37595 on - strand
[10:03:39] Excluding CDS which overlaps existing RNA (tRNA) at gnl|Prokka|SMPHYLLO_1:61918..62544 on + strand
[10:03:39] Excluding CDS which overlaps existing RNA (tRNA) at gnl|Prokka|SMPHYLLO_1:62709..65261 on - strand
[10:03:39] Excluding CDS which overlaps existing RNA (rRNA) at gnl|Prokka|SMPHYLLO_1:68550..68948 on + strand
[10:03:39] Found 139 CDS
[10:03:39] Connecting features back to sequences
[10:03:39] Not using genus-specific database. Try --usegenus to enable it.
[10:03:39] Annotating CDS, please be patient.
[10:03:39] Will use 32 CPUs for similarity searching.
[10:03:39] There are still 139 unannotated CDS left (started with 139)
[10:03:39] Will use blast to search against /home/diego/miniconda3/envs/prokka_env/bin/../db/kingdom/Bacteria/sprot with 32 CPUs
[10:03:39] Running: cat prokka_SMPHYLLO\/sprot\.faa | parallel --gnu --plain -j 32 --block 667 --recstart '>' --pipe blastp -query - -db /home/diego/miniconda3/envs/prokka_env/bin/../db/kingdom/Bacteria/sprot -evalue 1e-06 -num_threads 1 -num_descriptions 1 -num_alignments 1 -seg no > prokka_SMPHYLLO\/sprot\.blast 2> /dev/null
[10:03:40] Modify product: Probable ATP-dependent transporter SufC => putative ATP-dependent transporter SufC
[10:03:40] Cleaned 1 /product names
[10:03:40] Deleting unwanted file: prokka_SMPHYLLO/sprot.faa
[10:03:40] Deleting unwanted file: prokka_SMPHYLLO/sprot.blast
[10:03:40] There are still 21 unannotated CDS left (started with 139)
[10:03:40] Will use hmmer3 to search against /home/diego/miniconda3/envs/prokka_env/bin/../db/hmm/HAMAP.hmm with 32 CPUs
[10:03:40] Running: cat prokka_SMPHYLLO\/HAMAP\.hmm\.faa | parallel --gnu --plain -j 32 --block 44 --recstart '>' --pipe hmmscan --noali --notextw --acc -E 1e-06 --cpu 1 /home/diego/miniconda3/envs/prokka_env/bin/../db/hmm/HAMAP.hmm /dev/stdin > prokka_SMPHYLLO\/HAMAP\.hmm\.hmmer3 2> /dev/null
[10:03:41] Deleting unwanted file: prokka_SMPHYLLO/HAMAP.hmm.faa
[10:03:41] Deleting unwanted file: prokka_SMPHYLLO/HAMAP.hmm.hmmer3
[10:03:41] Labelling remaining 12 proteins as 'hypothetical protein'
[10:03:41] Found 126 unique /gene codes.
[10:03:41] Fixed 0 colliding /gene names.
[10:03:41] Adding /locus_tag identifiers
[10:03:41] Assigned 171 locus_tags to CDS and RNA features.
[10:03:41] Writing outputs to prokka_SMPHYLLO/
[10:03:41] Generating annotation statistics file
[10:03:41] Generating Genbank and Sequin files
[10:03:41] Running: tbl2asn -V b -a r10k -l paired-ends -M n -N 1 -y 'Annotated using prokka 1.13 from https://github.com/tseemann/prokka' -Z prokka_SMPHYLLO\/prokka_SMPHYLLO\.err -i prokka_SMPHYLLO\/prokka_SMPHYLLO\.fsa 2> /dev/null
[10:03:41] Deleting unwanted file: prokka_SMPHYLLO/errorsummary.val
[10:03:41] Deleting unwanted file: prokka_SMPHYLLO/prokka_SMPHYLLO.dr
[10:03:41] Deleting unwanted file: prokka_SMPHYLLO/prokka_SMPHYLLO.fixedproducts
[10:03:41] Deleting unwanted file: prokka_SMPHYLLO/prokka_SMPHYLLO.ecn
[10:03:41] Deleting unwanted file: prokka_SMPHYLLO/prokka_SMPHYLLO.val
[10:03:41] Repairing broken .GBK output that tbl2asn produces...
[10:03:41] Running: sed 's/COORDINATES: profile/COORDINATES:profile/' < prokka_SMPHYLLO\/prokka_SMPHYLLO\.gbf > prokka_SMPHYLLO\/prokka_SMPHYLLO\.gbk
[10:03:41] Deleting unwanted file: prokka_SMPHYLLO/prokka_SMPHYLLO.gbf
[10:03:41] Output files:
[10:03:41] prokka_SMPHYLLO/prokka_SMPHYLLO.fsa
[10:03:41] prokka_SMPHYLLO/prokka_SMPHYLLO.tsv
[10:03:41] prokka_SMPHYLLO/prokka_SMPHYLLO.tbl
[10:03:41] prokka_SMPHYLLO/prokka_SMPHYLLO.log
[10:03:41] prokka_SMPHYLLO/prokka_SMPHYLLO.gbk
[10:03:41] prokka_SMPHYLLO/prokka_SMPHYLLO.txt
[10:03:41] prokka_SMPHYLLO/prokka_SMPHYLLO.sqn
[10:03:41] prokka_SMPHYLLO/prokka_SMPHYLLO.err
[10:03:41] prokka_SMPHYLLO/prokka_SMPHYLLO.faa
[10:03:41] prokka_SMPHYLLO/prokka_SMPHYLLO.gff
[10:03:41] prokka_SMPHYLLO/prokka_SMPHYLLO.fna
[10:03:41] prokka_SMPHYLLO/prokka_SMPHYLLO.ffn
[10:03:41] Annotation finished successfully.
[10:03:41] Walltime used: 0.07 minutes
[10:03:41] If you use this result please cite the Prokka paper:
[10:03:41] Seemann T (2014) Prokka: rapid prokaryotic genome annotation. Bioinformatics. 30(14):2068-9.
[10:03:41] Type 'prokka --citation' for more details.
[10:03:41] Thank you, come again.
