[18:33:31] This is prokka 1.13
[18:33:31] Written by Torsten Seemann <torsten.seemann@gmail.com>
[18:33:31] Homepage is https://github.com/tseemann/prokka
[18:33:31] Local time is Wed Feb 21 18:33:31 2024
[18:33:31] You are diego
[18:33:31] Operating system is linux
[18:33:31] You have BioPerl 1.007002
[18:33:31] System has 32 cores.
[18:33:31] Will use maximum of 30 cores.
[18:33:31] Annotating as >>> Bacteria <<<
[18:33:31] Enabling options to ensure Genbank/ENA/DDJB submission compliance.
[18:33:31] Creating new output folder: prokka_SMLIBAN
[18:33:31] Running: mkdir -p prokka_SMLIBAN
[18:33:31] Using filename prefix: SMLIBAN.XXX
[18:33:31] Setting HMMER_NCPU=1
[18:33:31] Writing log to: prokka_SMLIBAN/SMLIBAN.log
[18:33:31] Command: /home/diego/miniconda3/envs/prokka_env/bin/prokka SMLIBAN.fasta --outdir prokka_SMLIBAN --prefix SMLIBAN --gcode 4 --compliant --cpus 30 --locustag SMLIBAN
[18:33:31] Appending to PATH: /home/diego/miniconda3/envs/prokka_env/bin
[18:33:31] Looking for 'aragorn' - found /home/diego/miniconda3/envs/prokka_env/bin/aragorn
[18:33:31] Determined aragorn version is 1.2
[18:33:31] Looking for 'barrnap' - found /home/diego/miniconda3/envs/prokka_env/bin/barrnap
[18:33:31] Determined barrnap version is 0.9
[18:33:31] Looking for 'blastp' - found /home/diego/miniconda3/envs/prokka_env/bin/blastp
[18:33:31] Determined blastp version is 2.14
[18:33:31] Looking for 'cmpress' - found /home/diego/miniconda3/envs/prokka_env/bin/cmpress
[18:33:31] Determined cmpress version is 1.1
[18:33:31] Looking for 'cmscan' - found /home/diego/miniconda3/envs/prokka_env/bin/cmscan
[18:33:31] Determined cmscan version is 1.1
[18:33:31] Looking for 'egrep' - found /usr/bin/egrep
[18:33:31] Looking for 'find' - found /usr/bin/find
[18:33:31] Looking for 'grep' - found /usr/bin/grep
[18:33:31] Looking for 'hmmpress' - found /home/diego/miniconda3/envs/prokka_env/bin/hmmpress
[18:33:31] Determined hmmpress version is 3.3
[18:33:31] Looking for 'hmmscan' - found /home/diego/miniconda3/envs/prokka_env/bin/hmmscan
[18:33:31] Determined hmmscan version is 3.3
[18:33:31] Looking for 'java' - found /home/diego/miniconda3/envs/prokka_env/bin/java
[18:33:31] Looking for 'less' - found /usr/bin/less
[18:33:31] Looking for 'makeblastdb' - found /home/diego/miniconda3/envs/prokka_env/bin/makeblastdb
[18:33:31] Determined makeblastdb version is 2.14
[18:33:31] Looking for 'minced' - found /home/diego/miniconda3/envs/prokka_env/bin/minced
[18:33:31] Determined minced version is 4.2
[18:33:31] Looking for 'parallel' - found /home/diego/miniconda3/envs/prokka_env/bin/parallel
[18:33:31] Determined parallel version is 20160622
[18:33:31] Looking for 'prodigal' - found /home/diego/miniconda3/envs/prokka_env/bin/prodigal
[18:33:31] Determined prodigal version is 2.6
[18:33:31] Looking for 'prokka-genbank_to_fasta_db' - found /home/diego/miniconda3/envs/prokka_env/bin/prokka-genbank_to_fasta_db
[18:33:31] Looking for 'rnammer' - found /home/diego/rnammer-1.2.src/rnammer
[18:33:31] Determined rnammer version is 1.2
[18:33:31] Looking for 'sed' - found /usr/bin/sed
[18:33:31] Looking for 'tbl2asn' - found /home/diego/miniconda3/envs/prokka_env/bin/tbl2asn
[18:33:31] Determined tbl2asn version is 25.8
[18:33:31] Using genetic code table 4.
[18:33:31] Loading and checking input file: SMLIBAN.fasta
[18:33:31] Wrote 1 contigs totalling 141949 bp.
[18:33:31] Predicting tRNAs and tmRNAs
[18:33:31] Running: aragorn -l -gc4  -w prokka_SMLIBAN\/SMLIBAN\.fna
[18:33:31] 1 tRNA-Met [9180,9253] 34 (cat)
[18:33:31] 2 tRNA-Asn c[12789,12864] 36 (gtt)
[18:33:31] 3 tRNA-Cys c[16860,16930] 33 (gca)
[18:33:31] 4 tmRNA c[18662,18974] 98,124 GKNYSLAA*
[18:33:31] 5 tRNA-Met c[19612,19687] 36 (cat)
[18:33:31] 6 tRNA-Leu [23362,23447] 36 (tag)
[18:33:31] 7 tRNA-Leu [23461,23545] 36 (caa)
[18:33:31] 8 tRNA-Ser [28704,28785] 35 (gct)
[18:33:31] 9 tRNA-Pro [28789,28863] 36 (tgg)
[18:33:31] 10 tRNA-Arg [28892,28967] 35 (tct)
[18:33:31] 11 tRNA-Ser c[34211,34297] 36 (tga)
[18:33:31] 12 tRNA-Lys [38144,38216] 34 (ttt)
[18:33:31] 13 tRNA-Asp c[38222,38295] 35 (gtc)
[18:33:31] 14 tRNA-Val c[41760,41834] 36 (tac)
[18:33:31] 15 tRNA-Leu c[55416,55498] 35 (taa)
[18:33:31] 16 tRNA-Gly c[55516,55588] 34 (gcc)
[18:33:31] 17 tRNA-Ala c[64400,64473] 35 (tgc)
[18:33:31] 18 tRNA-Ile c[64478,64551] 35 (gat)
[18:33:31] 19 tRNA-Thr [68127,68200] 35 (tgt)
[18:33:31] 20 tRNA-Tyr [68211,68292] 35 (gta)
[18:33:31] 21 tRNA-Gly [68309,68382] 35 (tcc)
[18:33:31] 22 tRNA-Thr [68393,68467] 35 (ggt)
[18:33:31] 23 tRNA-Trp [69720,69792] 34 (cca)
[18:33:31] 24 tRNA-His [81368,81443] 36 (gtg)
[18:33:31] 25 tRNA-Phe c[84147,84220] 35 (gaa)
[18:33:31] 26 tRNA-Leu c[96812,96885] 35 (gag)
[18:33:31] 27 tRNA-Met [97001,97076] 36 (cat)
[18:33:31] 28 tRNA-Glu c[108276,108347] 34 (ttc)
[18:33:31] 29 tRNA-Gln [108720,108790] 33 (ttg)
[18:33:31] 30 tRNA-Arg c[133752,133825] 35 (acg)
[18:33:31] Found 30 tRNAs
[18:33:31] Predicting Ribosomal RNAs
[18:33:31] Running Barrnap with 30 threads
[18:33:32] 1 gnl|Prokka|SMLIBAN_1 61328 5S ribosomal RNA
[18:33:32] 2 gnl|Prokka|SMLIBAN_1 61488 23S ribosomal RNA
[18:33:32] 3 gnl|Prokka|SMLIBAN_1 64585 16S ribosomal RNA
[18:33:32] Found 3 rRNAs
[18:33:32] Skipping ncRNA search, enable with --rfam if desired.
[18:33:32] Total of 32 tRNA + rRNA features
[18:33:32] Searching for CRISPR repeats
[18:33:32] Found 0 CRISPRs
[18:33:32] Predicting coding sequences
[18:33:32] Contigs total 141949 bp, so using single mode
[18:33:32] Running: prodigal -i prokka_SMLIBAN\/SMLIBAN\.fna -c -m -g 4 -p single -f sco -q
[18:33:33] Excluding CDS which overlaps existing RNA (tRNA) at gnl|Prokka|SMLIBAN_1:8375..9217 on + strand
[18:33:33] Excluding CDS which overlaps existing RNA (tRNA) at gnl|Prokka|SMLIBAN_1:28927..30435 on - strand
[18:33:33] Excluding CDS which overlaps existing RNA (rRNA) at gnl|Prokka|SMLIBAN_1:61611..62159 on + strand
[18:33:33] Excluding CDS which overlaps existing RNA (rRNA) at gnl|Prokka|SMLIBAN_1:62922..63065 on - strand
[18:33:33] Excluding CDS which overlaps existing RNA (tRNA) at gnl|Prokka|SMLIBAN_1:81443..81565 on - strand
[18:33:33] Excluding CDS which overlaps existing RNA (tRNA) at gnl|Prokka|SMLIBAN_1:83305..84204 on - strand
[18:33:33] Excluding CDS which overlaps existing RNA (tRNA) at gnl|Prokka|SMLIBAN_1:84220..86964 on - strand
[18:33:33] Found 137 CDS
[18:33:33] Connecting features back to sequences
[18:33:33] Not using genus-specific database. Try --usegenus to enable it.
[18:33:33] Annotating CDS, please be patient.
[18:33:33] Will use 30 CPUs for similarity searching.
[18:33:33] There are still 137 unannotated CDS left (started with 137)
[18:33:33] Will use blast to search against /home/diego/miniconda3/envs/prokka_env/bin/../db/kingdom/Bacteria/sprot with 30 CPUs
[18:33:33] Running: cat prokka_SMLIBAN\/sprot\.faa | parallel --gnu --plain -j 30 --block 689 --recstart '>' --pipe blastp -query - -db /home/diego/miniconda3/envs/prokka_env/bin/../db/kingdom/Bacteria/sprot -evalue 1e-06 -num_threads 1 -num_descriptions 1 -num_alignments 1 -seg no > prokka_SMLIBAN\/sprot\.blast 2> /dev/null
[18:33:34] Modify product: Probable ATP-dependent transporter SufC => putative ATP-dependent transporter SufC
[18:33:34] Cleaned 1 /product names
[18:33:34] Deleting unwanted file: prokka_SMLIBAN/sprot.faa
[18:33:34] Deleting unwanted file: prokka_SMLIBAN/sprot.blast
[18:33:34] There are still 16 unannotated CDS left (started with 137)
[18:33:34] Will use hmmer3 to search against /home/diego/miniconda3/envs/prokka_env/bin/../db/hmm/HAMAP.hmm with 30 CPUs
[18:33:34] Running: cat prokka_SMLIBAN\/HAMAP\.hmm\.faa | parallel --gnu --plain -j 30 --block 33 --recstart '>' --pipe hmmscan --noali --notextw --acc -E 1e-06 --cpu 1 /home/diego/miniconda3/envs/prokka_env/bin/../db/hmm/HAMAP.hmm /dev/stdin > prokka_SMLIBAN\/HAMAP\.hmm\.hmmer3 2> /dev/null
[18:33:35] Deleting unwanted file: prokka_SMLIBAN/HAMAP.hmm.faa
[18:33:35] Deleting unwanted file: prokka_SMLIBAN/HAMAP.hmm.hmmer3
[18:33:35] Labelling remaining 10 proteins as 'hypothetical protein'
[18:33:35] Possible /pseudo '3-isopropylmalate dehydratase large subunit' at gnl|Prokka|SMLIBAN_1 position 89978
[18:33:35] Found 125 unique /gene codes.
[18:33:35] Fixed 2 duplicate /gene - leuC_1 leuC_2
[18:33:35] Fixed 1 colliding /gene names.
[18:33:35] Adding /locus_tag identifiers
[18:33:35] Assigned 170 locus_tags to CDS and RNA features.
[18:33:35] Writing outputs to prokka_SMLIBAN/
[18:33:35] Generating annotation statistics file
[18:33:35] Generating Genbank and Sequin files
[18:33:35] Running: tbl2asn -V b -a r10k -l paired-ends -M n -N 1 -y 'Annotated using prokka 1.13 from https://github.com/tseemann/prokka' -Z prokka_SMLIBAN\/SMLIBAN\.err -i prokka_SMLIBAN\/SMLIBAN\.fsa 2> /dev/null
[18:33:35] Deleting unwanted file: prokka_SMLIBAN/errorsummary.val
[18:33:35] Deleting unwanted file: prokka_SMLIBAN/SMLIBAN.dr
[18:33:35] Deleting unwanted file: prokka_SMLIBAN/SMLIBAN.fixedproducts
[18:33:35] Deleting unwanted file: prokka_SMLIBAN/SMLIBAN.ecn
[18:33:35] Deleting unwanted file: prokka_SMLIBAN/SMLIBAN.val
[18:33:35] Repairing broken .GBK output that tbl2asn produces...
[18:33:35] Running: sed 's/COORDINATES: profile/COORDINATES:profile/' < prokka_SMLIBAN\/SMLIBAN\.gbf > prokka_SMLIBAN\/SMLIBAN\.gbk
[18:33:35] Deleting unwanted file: prokka_SMLIBAN/SMLIBAN.gbf
[18:33:35] Output files:
[18:33:35] prokka_SMLIBAN/SMLIBAN.faa
[18:33:35] prokka_SMLIBAN/SMLIBAN.txt
[18:33:35] prokka_SMLIBAN/SMLIBAN.ffn
[18:33:35] prokka_SMLIBAN/SMLIBAN.err
[18:33:35] prokka_SMLIBAN/SMLIBAN.tbl
[18:33:35] prokka_SMLIBAN/SMLIBAN.log
[18:33:35] prokka_SMLIBAN/SMLIBAN.sqn
[18:33:35] prokka_SMLIBAN/SMLIBAN.gbk
[18:33:35] prokka_SMLIBAN/SMLIBAN.fsa
[18:33:35] prokka_SMLIBAN/SMLIBAN.tsv
[18:33:35] prokka_SMLIBAN/SMLIBAN.fna
[18:33:35] prokka_SMLIBAN/SMLIBAN.gff
[18:33:35] Annotation finished successfully.
[18:33:35] Walltime used: 0.07 minutes
[18:33:35] If you use this result please cite the Prokka paper:
[18:33:35] Seemann T (2014) Prokka: rapid prokaryotic genome annotation. Bioinformatics. 30(14):2068-9.
[18:33:35] Type 'prokka --citation' for more details.
[18:33:35] Thank you, come again.
