15:34:48.808 - INFO - UTILS - version=1.5.0
15:34:48.809 - INFO - UTILS - developer: Oliver Schwengers, github.com/oschwengers
15:34:48.809 - INFO - UTILS - command: /home/diego/miniconda3/envs/bakta/bin/bakta VFMEEALB1.fasta --prefix bakta_VFMEEALB1 --output bakta_VFMEEALB1 -t 8 --locus-tag VFMEEALB1
15:34:48.809 - INFO - UTILS - local time: 2022-11-10 15:34:48
15:34:48.811 - INFO - UTILS - machine: type=x86_64, cores=12
15:34:48.811 - INFO - UTILS - system: type=Linux, release=5.15.0-52-generic
15:34:48.811 - INFO - UTILS - python: version=3.10.6, implementation=CPython
15:34:48.811 - INFO - CONFIG - threads=8
15:34:48.811 - INFO - CONFIG - verbose=False
15:34:48.811 - INFO - CONFIG - database: type=environment, path=/home/diego/bakta_db/db/db
15:34:48.812 - INFO - CONFIG - tmp-path=/tmp/tmp_65ze0i3
15:34:48.812 - INFO - CONFIG - genome-path=/home/diego/Documents/metagenomes/annotation_symbio_merge/annotation_Beta/genomes/VFMEEALB1.fasta
15:34:48.812 - INFO - CONFIG - min_contig_length=1
15:34:48.812 - INFO - CONFIG - prefix=bakta_VFMEEALB1
15:34:48.812 - INFO - CONFIG - output-path=/home/diego/Documents/metagenomes/annotation_symbio_merge/annotation_Beta/genomes/bakta_VFMEEALB1
15:34:48.812 - INFO - CONFIG - genus=None
15:34:48.812 - INFO - CONFIG - species=None
15:34:48.812 - INFO - CONFIG - strain=None
15:34:48.812 - INFO - CONFIG - plasmid=None
15:34:48.812 - INFO - CONFIG - complete=False
15:34:48.812 - INFO - CONFIG - prodigal_tf=None
15:34:48.812 - INFO - CONFIG - translation_table=11
15:34:48.812 - INFO - CONFIG - gram=?
15:34:48.812 - INFO - CONFIG - compliant=False
15:34:48.812 - INFO - CONFIG - locus=None
15:34:48.812 - INFO - CONFIG - locus-tag=VFMEEALB1
15:34:48.812 - INFO - CONFIG - keep_contig_headers=False
15:34:48.812 - INFO - CONFIG - replicon-table=None
15:34:48.813 - INFO - CONFIG - skip-tRNA=False
15:34:48.813 - INFO - CONFIG - skip-tmRNA=False
15:34:48.813 - INFO - CONFIG - skip-rRNA=False
15:34:48.813 - INFO - CONFIG - skip-ncRNA=False
15:34:48.813 - INFO - CONFIG - skip-ncRNA-region=False
15:34:48.813 - INFO - CONFIG - skip-CRISPR=False
15:34:48.813 - INFO - CONFIG - skip-CDS=False
15:34:48.813 - INFO - CONFIG - skip-pseudo=False
15:34:48.813 - INFO - CONFIG - skip-sORF=False
15:34:48.813 - INFO - CONFIG - skip-gap=False
15:34:48.813 - INFO - CONFIG - skip-ori=False
15:34:48.813 - INFO - DB - detected: major=4, minor=0, date=2022-08-25
15:34:48.914 - INFO - UTILS - dependency: tool=tRNAscan-SE, version=v2.0.9
15:34:48.916 - INFO - UTILS - dependency: tool=aragorn, version=v1.2.41
15:34:48.921 - INFO - UTILS - dependency: tool=cmscan, version=v1.1.4
15:34:48.924 - INFO - UTILS - dependency: tool=pilercr, version=v1.6.0
15:34:48.927 - INFO - UTILS - dependency: tool=prodigal, version=v2.6.3
15:34:48.930 - INFO - UTILS - dependency: tool=amrfinder, version=v3.10.40
15:34:48.959 - INFO - UTILS - dependency: tool=hmmsearch, version=v3.3.2
15:34:48.963 - INFO - UTILS - dependency: tool=diamond, version=v2.0.15
15:34:49.004 - INFO - UTILS - dependency: tool=blastn, version=v2.13.0
15:34:49.017 - INFO - FASTA - imported: id=VFMEEALB1, length=104003, description=, genomic=True, dna=True
15:34:49.017 - INFO - MAIN - imported sequences=1
15:34:49.017 - INFO - UTILS - qc: revised sequence: id=contig_1, orig-id=VFMEEALB1, type=contig, complete=False, topology=linear, name=, description='[gcode=11]', orig-description=''
15:34:49.017 - INFO - FASTA - write genome sequences: path=/tmp/tmp_65ze0i3/contigs.fna, description=False, wrap=False
15:34:54.081 - INFO - T_RNA - contig=contig_1, start=13480, stop=13551, strand=+, gene=Phe_trna, product=tRNA-Phe, score=62.9, nt=[AGTTTAATAG..AGTTAAACTA]
15:34:54.081 - INFO - T_RNA - contig=contig_1, start=17365, stop=17436, strand=+, gene=Gln_trna, product=tRNA-Gln, score=52.7, nt=[AAGGATGTCA..ATCTTCCTTT]
15:34:54.081 - INFO - T_RNA - contig=contig_1, start=32630, stop=32833, strand=+, gene=None, product=(pseudo) tRNA-Xxx, score=23.1, nt=[AGGTTATTAG..ATATAACCTA]
15:34:54.081 - INFO - T_RNA - contig=contig_1, start=35670, stop=35742, strand=+, gene=Leu_trna, product=tRNA-Leu, score=55.3, nt=[GCAAAAATGA..TTTTTTTGCA]
15:34:54.081 - INFO - T_RNA - contig=contig_1, start=35744, stop=35832, strand=+, gene=Ser_trna, product=tRNA-Ser, score=56.3, nt=[AGAAAAGTTG..TTCTTTTCTT]
15:34:54.081 - INFO - T_RNA - contig=contig_1, start=47118, stop=47190, strand=+, gene=Val_trna, product=tRNA-Val, score=41.3, nt=[AGACGTTTAA..ACAACGTCTA]
15:34:54.081 - INFO - T_RNA - contig=contig_1, start=48766, stop=48839, strand=+, gene=Arg_trna, product=tRNA-Arg, score=46.9, nt=[ACAATTATAG..ACTAATTGTA]
15:34:54.081 - INFO - T_RNA - contig=contig_1, start=54712, stop=54782, strand=+, gene=Thr_trna, product=tRNA-Thr, score=42.6, nt=[GTCTTTTTAA..ATAAATGACA]
15:34:54.081 - INFO - T_RNA - contig=contig_1, start=57765, stop=57836, strand=+, gene=Pro_trna, product=tRNA-Pro, score=54.6, nt=[CAAGGAATAG..ATTTCCTTGA]
15:34:54.081 - INFO - T_RNA - contig=contig_1, start=103757, stop=103839, strand=+, gene=Tyr_trna, product=tRNA-Tyr, score=59.1, nt=[AAAGATATTC..ACTATCTTTA]
15:34:54.081 - INFO - T_RNA - contig=contig_1, start=90423, stop=90493, strand=-, gene=Ile_trna, product=(pseudo) tRNA-Ile, score=44.4, nt=[AGGTTTATAA..TTTAAACCTA]
15:34:54.081 - INFO - T_RNA - contig=contig_1, start=65637, stop=65707, strand=-, gene=Asp_trna, product=tRNA-Asp, score=50.1, nt=[GAAGTAATAT..GTTTTCTTCG]
15:34:54.081 - INFO - T_RNA - contig=contig_1, start=57655, stop=57727, strand=-, gene=fMet_trna, product=tRNA-fMet, score=60.3, nt=[TGTAAAATAG..ATTTTTACAT]
15:34:54.081 - INFO - T_RNA - contig=contig_1, start=55685, stop=55756, strand=-, gene=Lys_trna, product=tRNA-Lys, score=60.6, nt=[AGGTTGTTAG..ACACAACTTA]
15:34:54.081 - INFO - T_RNA - contig=contig_1, start=48681, stop=48764, strand=-, gene=Ser_trna, product=tRNA-Ser, score=55.2, nt=[GAAGATATGA..ATTATCTTCT]
15:34:54.081 - INFO - T_RNA - contig=contig_1, start=40308, stop=40379, strand=-, gene=Asn_trna, product=tRNA-Asn, score=61.0, nt=[TCTTTAATAG..AGTTAAAGAG]
15:34:54.082 - INFO - T_RNA - predicted=16
15:34:54.105 - INFO - TM_RNA - predicted=0
15:34:56.644 - INFO - R_RNA - contig=contig_1, start=90491, stop=91964, strand=-, gene=16S_rrna, product=16S ribosomal RNA, length=1474, coverage=0.962, truncated=None, score=1243.6, evalue=1.9e-40, nt=[CAAAAGAAGA..TATAATAAGG]
15:34:56.644 - INFO - R_RNA - contig=contig_1, start=87570, stop=87676, strand=-, gene=5S_rrna, product=5S ribosomal RNA, length=107, coverage=0.899, truncated=None, score=42.1, evalue=1.3e-06, nt=[ATTTGATAAT..TTATCAAATT]
15:34:56.644 - INFO - R_RNA - contig=contig_1, start=87683, stop=90418, strand=-, gene=23S_rrna, product=23S ribosomal RNA, length=2736, coverage=0.935, truncated=None, score=2116.4, evalue=1.0e-04, nt=[TTAAATATTT..ATATTTAAGA]
15:34:56.644 - INFO - R_RNA - predicted=3
15:34:59.272 - INFO - NC_RNA - predicted=0
15:34:59.887 - INFO - NC_RNA_REGION - predicted=0
15:34:59.979 - INFO - CRISPR - predicted=0
15:34:59.979 - INFO - CDS - create prodigal training file: file=/tmp/tmp_65ze0i3/prodigal.tf
15:35:00.087 - INFO - FASTA - write genome sequences: path=/tmp/tmp_65ze0i3/contigs.fasta, description=False, wrap=False
15:35:00.087 - INFO - CDS - run prodigal: type=contigs, # sequences=1
15:35:00.128 - INFO - CDS - contig=contig_1, start=1, stop=1185, strand=+, frame=1, truncated=no, start-type=ATG, RBS-motif=None
15:35:00.128 - INFO - CDS - contig=contig_1, start=1222, stop=1605, strand=+, frame=1, truncated=no, start-type=GTG, RBS-motif=None
15:35:00.128 - INFO - CDS - contig=contig_1, start=1598, stop=2029, strand=+, frame=2, truncated=no, start-type=ATG, RBS-motif=None
15:35:00.128 - INFO - CDS - contig=contig_1, start=2010, stop=2354, strand=+, frame=3, truncated=no, start-type=ATG, RBS-motif=None
15:35:00.128 - INFO - CDS - contig=contig_1, start=2347, stop=6132, strand=+, frame=1, truncated=no, start-type=TTG, RBS-motif=None
15:35:00.128 - INFO - CDS - contig=contig_1, start=6129, stop=9728, strand=+, frame=3, truncated=no, start-type=ATG, RBS-motif=None
15:35:00.128 - INFO - CDS - contig=contig_1, start=9716, stop=10096, strand=+, frame=2, truncated=no, start-type=ATG, RBS-motif=None
15:35:00.128 - INFO - CDS - contig=contig_1, start=10077, stop=10547, strand=+, frame=3, truncated=no, start-type=ATG, RBS-motif=None
15:35:00.128 - INFO - CDS - contig=contig_1, start=10550, stop=12586, strand=+, frame=2, truncated=no, start-type=GTG, RBS-motif=None
15:35:00.128 - INFO - CDS - contig=contig_1, start=12583, stop=12870, strand=+, frame=1, truncated=no, start-type=ATG, RBS-motif=None
15:35:00.128 - INFO - CDS - contig=contig_1, start=12867, stop=12971, strand=+, frame=3, truncated=no, start-type=ATG, RBS-motif=None
15:35:00.128 - INFO - CDS - contig=contig_1, start=13059, stop=13505, strand=+, frame=3, truncated=no, start-type=ATG, RBS-motif=None
15:35:00.128 - INFO - CDS - contig=contig_1, start=13661, stop=14149, strand=-, frame=2, truncated=no, start-type=ATG, RBS-motif=None
15:35:00.128 - INFO - CDS - contig=contig_1, start=14139, stop=15119, strand=-, frame=1, truncated=no, start-type=ATG, RBS-motif=None
15:35:00.129 - INFO - CDS - contig=contig_1, start=15116, stop=15511, strand=-, frame=2, truncated=no, start-type=ATG, RBS-motif=None
15:35:00.129 - INFO - CDS - contig=contig_1, start=15505, stop=15768, strand=-, frame=3, truncated=no, start-type=ATG, RBS-motif=None
15:35:00.129 - INFO - CDS - contig=contig_1, start=15765, stop=16490, strand=-, frame=1, truncated=no, start-type=ATG, RBS-motif=None
15:35:00.129 - INFO - CDS - contig=contig_1, start=16487, stop=17032, strand=-, frame=2, truncated=no, start-type=ATG, RBS-motif=None
15:35:00.129 - INFO - CDS - contig=contig_1, start=17032, stop=17364, strand=-, frame=3, truncated=no, start-type=ATG, RBS-motif=None
15:35:00.129 - INFO - CDS - contig=contig_1, start=17379, stop=18302, strand=+, frame=3, truncated=no, start-type=GTG, RBS-motif=None
15:35:00.129 - INFO - CDS - contig=contig_1, start=18289, stop=18735, strand=+, frame=1, truncated=no, start-type=ATG, RBS-motif=None
15:35:00.129 - INFO - CDS - contig=contig_1, start=18712, stop=19290, strand=-, frame=3, truncated=no, start-type=GTG, RBS-motif=None
15:35:00.129 - INFO - CDS - contig=contig_1, start=19485, stop=20456, strand=+, frame=3, truncated=no, start-type=ATG, RBS-motif=None
15:35:00.129 - INFO - CDS - contig=contig_1, start=20453, stop=21775, strand=-, frame=2, truncated=no, start-type=ATG, RBS-motif=None
15:35:00.129 - INFO - CDS - contig=contig_1, start=21772, stop=22410, strand=-, frame=3, truncated=no, start-type=ATG, RBS-motif=None
15:35:00.129 - INFO - CDS - contig=contig_1, start=22398, stop=23126, strand=-, frame=1, truncated=no, start-type=ATG, RBS-motif=None
15:35:00.129 - INFO - CDS - contig=contig_1, start=23101, stop=24048, strand=-, frame=3, truncated=no, start-type=ATG, RBS-motif=None
15:35:00.129 - INFO - CDS - contig=contig_1, start=24033, stop=24611, strand=-, frame=1, truncated=no, start-type=ATG, RBS-motif=None
15:35:00.129 - INFO - CDS - contig=contig_1, start=24592, stop=25833, strand=-, frame=3, truncated=no, start-type=ATG, RBS-motif=None
15:35:00.129 - INFO - CDS - contig=contig_1, start=25815, stop=27185, strand=-, frame=1, truncated=no, start-type=ATG, RBS-motif=None
15:35:00.129 - INFO - CDS - contig=contig_1, start=27337, stop=28587, strand=-, frame=3, truncated=no, start-type=ATG, RBS-motif=None
15:35:00.129 - INFO - CDS - contig=contig_1, start=28584, stop=29489, strand=-, frame=1, truncated=no, start-type=ATG, RBS-motif=None
15:35:00.129 - INFO - CDS - contig=contig_1, start=29489, stop=30286, strand=-, frame=2, truncated=no, start-type=TTG, RBS-motif=None
15:35:00.129 - INFO - CDS - contig=contig_1, start=30408, stop=31340, strand=+, frame=3, truncated=no, start-type=ATG, RBS-motif=None
15:35:00.129 - INFO - CDS - contig=contig_1, start=31371, stop=32639, strand=+, frame=3, truncated=no, start-type=ATG, RBS-motif=None
15:35:00.129 - INFO - CDS - contig=contig_1, start=32835, stop=35684, strand=+, frame=3, truncated=no, start-type=ATG, RBS-motif=None
15:35:00.129 - INFO - CDS - contig=contig_1, start=35833, stop=36630, strand=+, frame=1, truncated=no, start-type=ATG, RBS-motif=None
15:35:00.129 - INFO - CDS - contig=contig_1, start=36623, stop=37624, strand=+, frame=2, truncated=no, start-type=ATG, RBS-motif=None
15:35:00.129 - INFO - CDS - contig=contig_1, start=37617, stop=38183, strand=+, frame=3, truncated=no, start-type=TTG, RBS-motif=None
15:35:00.129 - INFO - CDS - contig=contig_1, start=38176, stop=39276, strand=+, frame=1, truncated=no, start-type=ATG, RBS-motif=None
15:35:00.129 - INFO - CDS - contig=contig_1, start=39273, stop=39920, strand=+, frame=3, truncated=no, start-type=ATG, RBS-motif=None
15:35:00.129 - INFO - CDS - contig=contig_1, start=39907, stop=40140, strand=+, frame=1, truncated=no, start-type=ATG, RBS-motif=None
15:35:00.129 - INFO - CDS - contig=contig_1, start=40118, stop=40315, strand=+, frame=2, truncated=no, start-type=ATG, RBS-motif=None
15:35:00.129 - INFO - CDS - contig=contig_1, start=40640, stop=41275, strand=-, frame=2, truncated=no, start-type=ATG, RBS-motif=None
15:35:00.129 - INFO - CDS - contig=contig_1, start=41444, stop=42301, strand=+, frame=2, truncated=no, start-type=TTG, RBS-motif=None
15:35:00.129 - INFO - CDS - contig=contig_1, start=42298, stop=45393, strand=+, frame=1, truncated=no, start-type=ATG, RBS-motif=None
15:35:00.130 - INFO - CDS - contig=contig_1, start=45390, stop=45947, strand=+, frame=3, truncated=no, start-type=ATG, RBS-motif=None
15:35:00.130 - INFO - CDS - contig=contig_1, start=45944, stop=47119, strand=+, frame=2, truncated=no, start-type=ATG, RBS-motif=None
15:35:00.130 - INFO - CDS - contig=contig_1, start=47132, stop=47536, strand=+, frame=2, truncated=no, start-type=ATG, RBS-motif=None
15:35:00.130 - INFO - CDS - contig=contig_1, start=47538, stop=48623, strand=+, frame=3, truncated=no, start-type=ATG, RBS-motif=None
15:35:00.130 - INFO - CDS - contig=contig_1, start=48815, stop=49405, strand=+, frame=2, truncated=no, start-type=GTG, RBS-motif=None
15:35:00.130 - INFO - CDS - contig=contig_1, start=49393, stop=50634, strand=+, frame=1, truncated=no, start-type=ATG, RBS-motif=None
15:35:00.130 - INFO - CDS - contig=contig_1, start=50624, stop=51640, strand=+, frame=2, truncated=no, start-type=ATG, RBS-motif=None
15:35:00.130 - INFO - CDS - contig=contig_1, start=51597, stop=52130, strand=+, frame=3, truncated=no, start-type=ATG, RBS-motif=None
15:35:00.130 - INFO - CDS - contig=contig_1, start=52124, stop=52723, strand=+, frame=2, truncated=no, start-type=ATG, RBS-motif=None
15:35:00.130 - INFO - CDS - contig=contig_1, start=52720, stop=53442, strand=+, frame=1, truncated=no, start-type=ATG, RBS-motif=None
15:35:00.130 - INFO - CDS - contig=contig_1, start=53432, stop=54184, strand=+, frame=2, truncated=no, start-type=ATG, RBS-motif=None
15:35:00.130 - INFO - CDS - contig=contig_1, start=54181, stop=54471, strand=+, frame=1, truncated=no, start-type=ATG, RBS-motif=None
15:35:00.130 - INFO - CDS - contig=contig_1, start=54464, stop=54721, strand=+, frame=2, truncated=no, start-type=ATG, RBS-motif=None
15:35:00.130 - INFO - CDS - contig=contig_1, start=54832, stop=55698, strand=+, frame=1, truncated=no, start-type=ATG, RBS-motif=None
15:35:00.130 - INFO - CDS - contig=contig_1, start=55747, stop=56091, strand=-, frame=3, truncated=no, start-type=ATG, RBS-motif=None
15:35:00.130 - INFO - CDS - contig=contig_1, start=56088, stop=56516, strand=-, frame=1, truncated=no, start-type=TTG, RBS-motif=None
15:35:00.130 - INFO - CDS - contig=contig_1, start=56517, stop=57575, strand=-, frame=1, truncated=no, start-type=ATG, RBS-motif=None
15:35:00.130 - INFO - CDS - contig=contig_1, start=57838, stop=58131, strand=+, frame=1, truncated=no, start-type=ATG, RBS-motif=None
15:35:00.130 - INFO - CDS - contig=contig_1, start=58099, stop=58554, strand=-, frame=3, truncated=no, start-type=ATG, RBS-motif=None
15:35:00.130 - INFO - CDS - contig=contig_1, start=58554, stop=58997, strand=-, frame=1, truncated=no, start-type=ATG, RBS-motif=None
15:35:00.130 - INFO - CDS - contig=contig_1, start=58994, stop=59488, strand=-, frame=2, truncated=no, start-type=ATG, RBS-motif=None
15:35:00.130 - INFO - CDS - contig=contig_1, start=59508, stop=60560, strand=+, frame=3, truncated=no, start-type=ATG, RBS-motif=None
15:35:00.130 - INFO - CDS - contig=contig_1, start=60544, stop=61338, strand=+, frame=1, truncated=no, start-type=ATG, RBS-motif=None
15:35:00.130 - INFO - CDS - contig=contig_1, start=61332, stop=62378, strand=+, frame=3, truncated=no, start-type=ATG, RBS-motif=None
15:35:00.130 - INFO - CDS - contig=contig_1, start=62364, stop=62546, strand=-, frame=1, truncated=no, start-type=ATG, RBS-motif=None
15:35:00.130 - INFO - CDS - contig=contig_1, start=62527, stop=63810, strand=-, frame=3, truncated=no, start-type=ATG, RBS-motif=None
15:35:00.130 - INFO - CDS - contig=contig_1, start=63810, stop=65066, strand=-, frame=1, truncated=no, start-type=ATG, RBS-motif=None
15:35:00.130 - INFO - CDS - contig=contig_1, start=65066, stop=65494, strand=-, frame=2, truncated=no, start-type=ATG, RBS-motif=None
15:35:00.130 - INFO - CDS - contig=contig_1, start=65770, stop=66675, strand=-, frame=3, truncated=no, start-type=TTG, RBS-motif=None
15:35:00.130 - INFO - CDS - contig=contig_1, start=66760, stop=68028, strand=+, frame=1, truncated=no, start-type=ATG, RBS-motif=None
15:35:00.130 - INFO - CDS - contig=contig_1, start=68025, stop=69698, strand=+, frame=3, truncated=no, start-type=ATG, RBS-motif=None
15:35:00.130 - INFO - CDS - contig=contig_1, start=69716, stop=69994, strand=+, frame=2, truncated=no, start-type=ATG, RBS-motif=None
15:35:00.130 - INFO - CDS - contig=contig_1, start=69991, stop=71547, strand=+, frame=1, truncated=no, start-type=ATG, RBS-motif=None
15:35:00.131 - INFO - CDS - contig=contig_1, start=71544, stop=72818, strand=+, frame=3, truncated=no, start-type=ATG, RBS-motif=None
15:35:00.131 - INFO - CDS - contig=contig_1, start=72794, stop=73918, strand=+, frame=2, truncated=no, start-type=ATG, RBS-motif=None
15:35:00.131 - INFO - CDS - contig=contig_1, start=73915, stop=74946, strand=-, frame=3, truncated=no, start-type=ATG, RBS-motif=None
15:35:00.131 - INFO - CDS - contig=contig_1, start=75043, stop=75597, strand=+, frame=1, truncated=no, start-type=ATG, RBS-motif=None
15:35:00.131 - INFO - CDS - contig=contig_1, start=75590, stop=76558, strand=-, frame=2, truncated=no, start-type=GTG, RBS-motif=None
15:35:00.131 - INFO - CDS - contig=contig_1, start=76559, stop=78358, strand=-, frame=2, truncated=no, start-type=ATG, RBS-motif=None
15:35:00.131 - INFO - CDS - contig=contig_1, start=78355, stop=78849, strand=-, frame=3, truncated=no, start-type=ATG, RBS-motif=None
15:35:00.131 - INFO - CDS - contig=contig_1, start=78850, stop=79833, strand=+, frame=1, truncated=no, start-type=ATG, RBS-motif=None
15:35:00.131 - INFO - CDS - contig=contig_1, start=79816, stop=80781, strand=-, frame=3, truncated=no, start-type=ATG, RBS-motif=None
15:35:00.131 - INFO - CDS - contig=contig_1, start=80760, stop=81368, strand=-, frame=1, truncated=no, start-type=ATG, RBS-motif=None
15:35:00.131 - INFO - CDS - contig=contig_1, start=81346, stop=83349, strand=-, frame=3, truncated=no, start-type=ATG, RBS-motif=None
15:35:00.131 - INFO - CDS - contig=contig_1, start=83346, stop=83966, strand=-, frame=1, truncated=no, start-type=ATG, RBS-motif=None
15:35:00.131 - INFO - CDS - contig=contig_1, start=83944, stop=84552, strand=-, frame=3, truncated=no, start-type=TTG, RBS-motif=None
15:35:00.131 - INFO - CDS - contig=contig_1, start=84659, stop=85087, strand=+, frame=2, truncated=no, start-type=ATG, RBS-motif=None
15:35:00.131 - INFO - CDS - contig=contig_1, start=85068, stop=85322, strand=-, frame=1, truncated=no, start-type=ATG, RBS-motif=None
15:35:00.131 - INFO - CDS - contig=contig_1, start=85292, stop=85609, strand=-, frame=2, truncated=no, start-type=ATG, RBS-motif=None
15:35:00.131 - INFO - CDS - contig=contig_1, start=85593, stop=86270, strand=-, frame=1, truncated=no, start-type=ATG, RBS-motif=None
15:35:00.131 - INFO - CDS - contig=contig_1, start=86351, stop=87571, strand=+, frame=2, truncated=no, start-type=ATG, RBS-motif=None
15:35:00.131 - INFO - CDS - contig=contig_1, start=87822, stop=88151, strand=+, frame=3, truncated=no, start-type=ATG, RBS-motif=None
15:35:00.131 - INFO - CDS - contig=contig_1, start=92035, stop=92625, strand=+, frame=1, truncated=no, start-type=ATG, RBS-motif=None
15:35:00.131 - INFO - CDS - contig=contig_1, start=92615, stop=93172, strand=+, frame=2, truncated=no, start-type=ATG, RBS-motif=None
15:35:00.131 - INFO - CDS - contig=contig_1, start=93169, stop=93381, strand=+, frame=1, truncated=no, start-type=ATG, RBS-motif=None
15:35:00.131 - INFO - CDS - contig=contig_1, start=93344, stop=94138, strand=+, frame=2, truncated=no, start-type=ATG, RBS-motif=None
15:35:00.131 - INFO - CDS - contig=contig_1, start=94140, stop=94421, strand=+, frame=3, truncated=no, start-type=ATG, RBS-motif=None
15:35:00.131 - INFO - CDS - contig=contig_1, start=94390, stop=94728, strand=+, frame=1, truncated=no, start-type=ATG, RBS-motif=None
15:35:00.131 - INFO - CDS - contig=contig_1, start=94706, stop=95317, strand=+, frame=2, truncated=no, start-type=ATG, RBS-motif=None
15:35:00.131 - INFO - CDS - contig=contig_1, start=95314, stop=95718, strand=+, frame=1, truncated=no, start-type=ATG, RBS-motif=None
15:35:00.131 - INFO - CDS - contig=contig_1, start=95699, stop=95938, strand=+, frame=2, truncated=no, start-type=ATG, RBS-motif=None
15:35:00.131 - INFO - CDS - contig=contig_1, start=95910, stop=96272, strand=+, frame=3, truncated=no, start-type=ATG, RBS-motif=None
15:35:00.131 - INFO - CDS - contig=contig_1, start=96269, stop=96820, strand=+, frame=2, truncated=no, start-type=ATG, RBS-motif=None
15:35:00.131 - INFO - CDS - contig=contig_1, start=96813, stop=97094, strand=+, frame=3, truncated=no, start-type=ATG, RBS-motif=None
15:35:00.131 - INFO - CDS - contig=contig_1, start=97094, stop=97444, strand=+, frame=2, truncated=no, start-type=ATG, RBS-motif=None
15:35:00.131 - INFO - CDS - contig=contig_1, start=97434, stop=97961, strand=+, frame=3, truncated=no, start-type=ATG, RBS-motif=None
15:35:00.132 - INFO - CDS - contig=contig_1, start=97948, stop=98241, strand=+, frame=1, truncated=no, start-type=GTG, RBS-motif=None
15:35:00.132 - INFO - CDS - contig=contig_1, start=98234, stop=98638, strand=+, frame=2, truncated=no, start-type=ATG, RBS-motif=None
15:35:00.132 - INFO - CDS - contig=contig_1, start=98625, stop=98900, strand=+, frame=3, truncated=no, start-type=ATG, RBS-motif=None
15:35:00.132 - INFO - CDS - contig=contig_1, start=98875, stop=99084, strand=+, frame=1, truncated=no, start-type=ATG, RBS-motif=None
15:35:00.132 - INFO - CDS - contig=contig_1, start=99081, stop=99194, strand=+, frame=3, truncated=no, start-type=ATG, RBS-motif=None
15:35:00.132 - INFO - CDS - contig=contig_1, start=99166, stop=99534, strand=+, frame=1, truncated=no, start-type=ATG, RBS-motif=None
15:35:00.132 - INFO - CDS - contig=contig_1, start=99527, stop=99874, strand=+, frame=2, truncated=no, start-type=ATG, RBS-motif=None
15:35:00.132 - INFO - CDS - contig=contig_1, start=99871, stop=100386, strand=+, frame=1, truncated=no, start-type=ATG, RBS-motif=None
15:35:00.132 - INFO - CDS - contig=contig_1, start=100383, stop=100934, strand=+, frame=3, truncated=no, start-type=ATG, RBS-motif=None
15:35:00.132 - INFO - CDS - contig=contig_1, start=100931, stop=101179, strand=+, frame=2, truncated=no, start-type=ATG, RBS-motif=None
15:35:00.132 - INFO - CDS - contig=contig_1, start=101168, stop=102274, strand=-, frame=2, truncated=no, start-type=ATG, RBS-motif=None
15:35:00.132 - INFO - CDS - contig=contig_1, start=102375, stop=102740, strand=+, frame=3, truncated=no, start-type=GTG, RBS-motif=None
15:35:00.132 - INFO - CDS - contig=contig_1, start=102709, stop=103758, strand=+, frame=1, truncated=no, start-type=ATG, RBS-motif=None
15:35:00.133 - INFO - CDS - contig=contig_1, start=1, stop=1185, strand=+, nt=[ATGAAAAAAA..AGAGGTATAA]
15:35:00.133 - INFO - CDS - contig=contig_1, start=1222, stop=1605, strand=+, nt=[GTGGGTTTAA..AAATGATTAA]
15:35:00.133 - INFO - CDS - contig=contig_1, start=1598, stop=2029, strand=+, nt=[ATGATTAAAA..AAATATTTAA]
15:35:00.133 - INFO - CDS - contig=contig_1, start=2010, stop=2354, strand=+, nt=[ATGATAAAAA..AATTGAATAA]
15:35:00.133 - INFO - CDS - contig=contig_1, start=2347, stop=6132, strand=+, nt=[TTGAATAATA..TTTAAAATGA]
15:35:00.133 - INFO - CDS - contig=contig_1, start=6129, stop=9728, strand=+, nt=[ATGAATAAAT..CCAACAATAA]
15:35:00.133 - INFO - CDS - contig=contig_1, start=9716, stop=10096, strand=+, nt=[ATGCCAACAA..AAAAAAATAA]
15:35:00.133 - INFO - CDS - contig=contig_1, start=10077, stop=10547, strand=+, nt=[ATGTCAAGAA..TATTTTTTAA]
15:35:00.133 - INFO - CDS - contig=contig_1, start=10550, stop=12586, strand=+, nt=[GTGAATATAA..AAAATTATGA]
15:35:00.133 - INFO - CDS - contig=contig_1, start=12583, stop=12870, strand=+, nt=[ATGAAATTTA..TTATATATGA]
15:35:00.133 - INFO - CDS - contig=contig_1, start=12867, stop=12971, strand=+, nt=[ATGATAATTA..TTTTTTATAG]
15:35:00.133 - INFO - CDS - contig=contig_1, start=13059, stop=13505, strand=+, nt=[ATGAAAATTT..GGTAGAGTAA]
15:35:00.133 - INFO - CDS - contig=contig_1, start=13661, stop=14149, strand=-, nt=[ATGAAAGATA..TTTTTCTTAA]
15:35:00.133 - INFO - CDS - contig=contig_1, start=14139, stop=15119, strand=-, nt=[ATGATTTTAA..TGAAAGATAA]
15:35:00.133 - INFO - CDS - contig=contig_1, start=15116, stop=15511, strand=-, nt=[ATGTTAGGAT..AAAAAGATGA]
15:35:00.133 - INFO - CDS - contig=contig_1, start=15505, stop=15768, strand=-, nt=[ATGATATTTA..ATTATGTTAG]
15:35:00.133 - INFO - CDS - contig=contig_1, start=15765, stop=16490, strand=-, nt=[ATGAAATTTA..AACAATATGA]
15:35:00.133 - INFO - CDS - contig=contig_1, start=16487, stop=17032, strand=-, nt=[ATGATTTTTA..TATAAAATGA]
15:35:00.133 - INFO - CDS - contig=contig_1, start=17032, stop=17364, strand=-, nt=[ATGAAATTTT..TCCATACTAA]
15:35:00.133 - INFO - CDS - contig=contig_1, start=17379, stop=18302, strand=+, nt=[GTGGTCAAGG..ATATATATAA]
15:35:00.133 - INFO - CDS - contig=contig_1, start=18289, stop=18735, strand=+, nt=[ATGAATATAT..TAAATATTAA]
15:35:00.134 - INFO - CDS - contig=contig_1, start=18712, stop=19290, strand=-, nt=[GTGGCAATAG..TTTTATATAA]
15:35:00.134 - INFO - CDS - contig=contig_1, start=19485, stop=20456, strand=+, nt=[ATGAATAAAT..CTTCTTTTAA]
15:35:00.134 - INFO - CDS - contig=contig_1, start=20453, stop=21775, strand=-, nt=[ATGAATATAA..TTCTTTTTAA]
15:35:00.134 - INFO - CDS - contig=contig_1, start=21772, stop=22410, strand=-, nt=[ATGTTTTATT..CAAATTATGA]
15:35:00.134 - INFO - CDS - contig=contig_1, start=22398, stop=23126, strand=-, nt=[ATGTTATTAA..TTTTATTTAG]
15:35:00.134 - INFO - CDS - contig=contig_1, start=23101, stop=24048, strand=-, nt=[ATGCAAAAAA..TAAAATTTAA]
15:35:00.134 - INFO - CDS - contig=contig_1, start=24033, stop=24611, strand=-, nt=[ATGATAATTA..AAAAAATTAA]
15:35:00.134 - INFO - CDS - contig=contig_1, start=24592, stop=25833, strand=-, nt=[ATGTTTTTTA..TAATAGATAA]
15:35:00.134 - INFO - CDS - contig=contig_1, start=25815, stop=27185, strand=-, nt=[ATGATAAAAT..AAAAAAATAA]
15:35:00.134 - INFO - CDS - contig=contig_1, start=27337, stop=28587, strand=-, nt=[ATGAATAATA..TAAAATATAA]
15:35:00.134 - INFO - CDS - contig=contig_1, start=28584, stop=29489, strand=-, nt=[ATGTCAATTT..ATTATTATGA]
15:35:00.134 - INFO - CDS - contig=contig_1, start=29489, stop=30286, strand=-, nt=[TTGATAGTAA..ATTTAAATAA]
15:35:00.134 - INFO - CDS - contig=contig_1, start=30408, stop=31340, strand=+, nt=[ATGAAATATA..TTATATATAA]
15:35:00.134 - INFO - CDS - contig=contig_1, start=31371, stop=32639, strand=+, nt=[ATGAAAATAG..AGGTTATTAG]
15:35:00.134 - INFO - CDS - contig=contig_1, start=32835, stop=35684, strand=+, nt=[ATGAATATTA..AATGATGTAA]
15:35:00.134 - INFO - CDS - contig=contig_1, start=35833, stop=36630, strand=+, nt=[ATGTCTTGTT..TTATGTCTAA]
15:35:00.134 - INFO - CDS - contig=contig_1, start=36623, stop=37624, strand=+, nt=[ATGTCTAAAA..TCTTGATTAA]
15:35:00.134 - INFO - CDS - contig=contig_1, start=37617, stop=38183, strand=+, nt=[TTGATTAAAA..AAATGCCTAA]
15:35:00.134 - INFO - CDS - contig=contig_1, start=38176, stop=39276, strand=+, nt=[ATGCCTAATA..ATTTATATGA]
15:35:00.134 - INFO - CDS - contig=contig_1, start=39273, stop=39920, strand=+, nt=[ATGAATATAA..TAAAAATTAA]
15:35:00.134 - INFO - CDS - contig=contig_1, start=39907, stop=40140, strand=+, nt=[ATGTTAAAAA..TAAAAAATAA]
15:35:00.134 - INFO - CDS - contig=contig_1, start=40118, stop=40315, strand=+, nt=[ATGAAAAGAA..TTCTCTTTAA]
15:35:00.134 - INFO - CDS - contig=contig_1, start=40640, stop=41275, strand=-, nt=[ATGCATAAAA..AATAACTTAA]
15:35:00.134 - INFO - CDS - contig=contig_1, start=41444, stop=42301, strand=+, nt=[TTGATTTTAA..ATCCATATGA]
15:35:00.134 - INFO - CDS - contig=contig_1, start=42298, stop=45393, strand=+, nt=[ATGAAGAATA..CAATTTATGA]
15:35:00.134 - INFO - CDS - contig=contig_1, start=45390, stop=45947, strand=+, nt=[ATGACCCCTT..AATAAAATGA]
15:35:00.134 - INFO - CDS - contig=contig_1, start=45944, stop=47119, strand=+, nt=[ATGATATATT..AAAAAAATAG]
15:35:00.134 - INFO - CDS - contig=contig_1, start=47132, stop=47536, strand=+, nt=[ATGGATAAAG..AAATAAATAA]
15:35:00.134 - INFO - CDS - contig=contig_1, start=47538, stop=48623, strand=+, nt=[ATGAATTTAT..ACGGATTTGA]
15:35:00.134 - INFO - CDS - contig=contig_1, start=48815, stop=49405, strand=+, nt=[GTGAGTTCAA..TATATTATGA]
15:35:00.134 - INFO - CDS - contig=contig_1, start=49393, stop=50634, strand=+, nt=[ATGTATATTA..TGAAAAATAA]
15:35:00.134 - INFO - CDS - contig=contig_1, start=50624, stop=51640, strand=+, nt=[ATGAAAAATA..TTTTTATTAA]
15:35:00.134 - INFO - CDS - contig=contig_1, start=51597, stop=52130, strand=+, nt=[ATGAAAATAA..CAAATGGTGA]
15:35:00.134 - INFO - CDS - contig=contig_1, start=52124, stop=52723, strand=+, nt=[ATGGTGATAG..TTGGAAATGA]
15:35:00.134 - INFO - CDS - contig=contig_1, start=52720, stop=53442, strand=+, nt=[ATGAAAATAA..TGATTTATAA]
15:35:00.134 - INFO - CDS - contig=contig_1, start=53432, stop=54184, strand=+, nt=[ATGATTTATA..AAATATATGA]
15:35:00.134 - INFO - CDS - contig=contig_1, start=54181, stop=54471, strand=+, nt=[ATGAAATTAT..AAATGATTAA]
15:35:00.134 - INFO - CDS - contig=contig_1, start=54464, stop=54721, strand=+, nt=[ATGATTAAAA..GTCTTTTTAA]
15:35:00.134 - INFO - CDS - contig=contig_1, start=54832, stop=55698, strand=+, nt=[ATGAGTTCGA..TTGTGTGTGA]
15:35:00.134 - INFO - CDS - contig=contig_1, start=55747, stop=56091, strand=-, nt=[ATGACTCGAG..AGGTTGTTAG]
15:35:00.135 - INFO - CDS - contig=contig_1, start=56088, stop=56516, strand=-, nt=[TTGATAAAAT..TCCAAAATGA]
15:35:00.135 - INFO - CDS - contig=contig_1, start=56517, stop=57575, strand=-, nt=[ATGTCTGGAA..TTTTTTATAA]
15:35:00.135 - INFO - CDS - contig=contig_1, start=57838, stop=58131, strand=+, nt=[ATGAAAAAAC..TAATTTTTAA]
15:35:00.135 - INFO - CDS - contig=contig_1, start=58099, stop=58554, strand=-, nt=[ATGTTTTATA..GATAAAATAA]
15:35:00.135 - INFO - CDS - contig=contig_1, start=58554, stop=58997, strand=-, nt=[ATGAAATATT..TTATTATTAA]
15:35:00.135 - INFO - CDS - contig=contig_1, start=58994, stop=59488, strand=-, nt=[ATGTTAAAAA..TTTAAAATGA]
15:35:00.135 - INFO - CDS - contig=contig_1, start=59508, stop=60560, strand=+, nt=[ATGATAAATT..AAAACATTAA]
15:35:00.135 - INFO - CDS - contig=contig_1, start=60544, stop=61338, strand=+, nt=[ATGAAAAAAA..AAAATGTTAA]
15:35:00.135 - INFO - CDS - contig=contig_1, start=61332, stop=62378, strand=+, nt=[ATGTTAATTT..AAAATGTTAA]
15:35:00.135 - INFO - CDS - contig=contig_1, start=62364, stop=62546, strand=-, nt=[ATGATATTAA..ATTTTTTTAA]
15:35:00.135 - INFO - CDS - contig=contig_1, start=62527, stop=63810, strand=-, nt=[ATGAAATATA..AAATAAATAA]
15:35:00.135 - INFO - CDS - contig=contig_1, start=63810, stop=65066, strand=-, nt=[ATGTTATTTA..AGATAAATAA]
15:35:00.135 - INFO - CDS - contig=contig_1, start=65066, stop=65494, strand=-, nt=[ATGTATTTAA..ATTAAAATAA]
15:35:00.135 - INFO - CDS - contig=contig_1, start=65770, stop=66675, strand=-, nt=[TTGAATAAAA..GTCCTTTTAA]
15:35:00.135 - INFO - CDS - contig=contig_1, start=66760, stop=68028, strand=+, nt=[ATGAATATTC..AGGAAAATGA]
15:35:00.135 - INFO - CDS - contig=contig_1, start=68025, stop=69698, strand=+, nt=[ATGATAGATT..AAAATATTAA]
15:35:00.135 - INFO - CDS - contig=contig_1, start=69716, stop=69994, strand=+, nt=[ATGGCTATAT..AATTAAATGA]
15:35:00.135 - INFO - CDS - contig=contig_1, start=69991, stop=71547, strand=+, nt=[ATGAAATCTA..TTATAAATGA]
15:35:00.135 - INFO - CDS - contig=contig_1, start=71544, stop=72818, strand=+, nt=[ATGAATATTA..AAAATATTAA]
15:35:00.135 - INFO - CDS - contig=contig_1, start=72794, stop=73918, strand=+, nt=[ATGCATAAGC..TATTTATTAA]
15:35:00.135 - INFO - CDS - contig=contig_1, start=73915, stop=74946, strand=-, nt=[ATGTTAAAAA..TTATTTTTAA]
15:35:00.135 - INFO - CDS - contig=contig_1, start=75043, stop=75597, strand=+, nt=[ATGAATTTAT..TTTTATTTAA]
15:35:00.135 - INFO - CDS - contig=contig_1, start=75590, stop=76558, strand=-, nt=[GTGAAAGATT..TTTTAAATAA]
15:35:00.135 - INFO - CDS - contig=contig_1, start=76559, stop=78358, strand=-, nt=[ATGAATAAAA..TACCCTTTAG]
15:35:00.135 - INFO - CDS - contig=contig_1, start=78355, stop=78849, strand=-, nt=[ATGAAAATTT..TTTGAAATGA]
15:35:00.135 - INFO - CDS - contig=contig_1, start=78850, stop=79833, strand=+, nt=[ATGAAAATTA..AAGGATATAA]
15:35:00.135 - INFO - CDS - contig=contig_1, start=79816, stop=80781, strand=-, nt=[ATGTTTAAAA..TTTTTTTTAA]
15:35:00.135 - INFO - CDS - contig=contig_1, start=80760, stop=81368, strand=-, nt=[ATGTATTTAA..ATATATTTAA]
15:35:00.135 - INFO - CDS - contig=contig_1, start=81346, stop=83349, strand=-, nt=[ATGATTAAAT..ATGCAAATAA]
15:35:00.135 - INFO - CDS - contig=contig_1, start=83346, stop=83966, strand=-, nt=[ATGAAAATTT..TTTTATATGA]
15:35:00.135 - INFO - CDS - contig=contig_1, start=83944, stop=84552, strand=-, nt=[TTGTTTTTAA..TAATAAGTAA]
15:35:00.135 - INFO - CDS - contig=contig_1, start=84659, stop=85087, strand=+, nt=[ATGAAAAAAA..TTTGAAATAA]
15:35:00.135 - INFO - CDS - contig=contig_1, start=85068, stop=85322, strand=-, nt=[ATGGCAAAAA..TGATATATAA]
15:35:00.135 - INFO - CDS - contig=contig_1, start=85292, stop=85609, strand=-, nt=[ATGATAATAA..GGAGGATTAA]
15:35:00.135 - INFO - CDS - contig=contig_1, start=85593, stop=86270, strand=-, nt=[ATGATAAAAT..TAATATTTGA]
15:35:00.135 - INFO - CDS - contig=contig_1, start=86351, stop=87571, strand=+, nt=[ATGAATAAAA..TAAAAATTAA]
15:35:00.135 - INFO - CDS - contig=contig_1, start=87822, stop=88151, strand=+, nt=[ATGCTTTCAG..TGTGCAATAG]
15:35:00.136 - INFO - CDS - contig=contig_1, start=92035, stop=92625, strand=+, nt=[ATGATAGGTA..TGATAAATAA]
15:35:00.136 - INFO - CDS - contig=contig_1, start=92615, stop=93172, strand=+, nt=[ATGATAAATA..ATATAAATGA]
15:35:00.136 - INFO - CDS - contig=contig_1, start=93169, stop=93381, strand=+, nt=[ATGATAAATT..AAAAATATAA]
15:35:00.136 - INFO - CDS - contig=contig_1, start=93344, stop=94138, strand=+, nt=[ATGAAAAACA..AAAAAAATAA]
15:35:00.136 - INFO - CDS - contig=contig_1, start=94140, stop=94421, strand=+, nt=[ATGAAAAAAA..TAAAAAGTAA]
15:35:00.136 - INFO - CDS - contig=contig_1, start=94390, stop=94728, strand=+, nt=[ATGTTAACAT..TAAACCCTAA]
15:35:00.136 - INFO - CDS - contig=contig_1, start=94706, stop=95317, strand=+, nt=[ATGGGAAAAA..TTTTAAATGA]
15:35:00.136 - INFO - CDS - contig=contig_1, start=95314, stop=95718, strand=+, nt=[ATGAGAAAAT..TAATTTATAA]
15:35:00.136 - INFO - CDS - contig=contig_1, start=95699, stop=95938, strand=+, nt=[ATGATAGGTA..TATTAAATAA]
15:35:00.136 - INFO - CDS - contig=contig_1, start=95910, stop=96272, strand=+, nt=[ATGATACAAG..TGTTATATGA]
15:35:00.136 - INFO - CDS - contig=contig_1, start=96269, stop=96820, strand=+, nt=[ATGAAAAAAT..AAATGTCTAA]
15:35:00.136 - INFO - CDS - contig=contig_1, start=96813, stop=97094, strand=+, nt=[ATGTCTAAAA..TAGTTGGTAA]
15:35:00.136 - INFO - CDS - contig=contig_1, start=97094, stop=97444, strand=+, nt=[ATGAATATAC..TGAAATTTAA]
15:35:00.136 - INFO - CDS - contig=contig_1, start=97434, stop=97961, strand=+, nt=[ATGAAATTTA..AGAAAAATAA]
15:35:00.136 - INFO - CDS - contig=contig_1, start=97948, stop=98241, strand=+, nt=[GTGAAGAAAA..TTATGTATAA]
15:35:00.136 - INFO - CDS - contig=contig_1, start=98234, stop=98638, strand=+, nt=[ATGTATAATA..GAATAGGTAG]
15:35:00.136 - INFO - CDS - contig=contig_1, start=98625, stop=98900, strand=+, nt=[ATGAGAATAG..TATTAGGTAA]
15:35:00.136 - INFO - CDS - contig=contig_1, start=98875, stop=99084, strand=+, nt=[ATGAAGAAAA..AATAAAATGA]
15:35:00.136 - INFO - CDS - contig=contig_1, start=99081, stop=99194, strand=+, nt=[ATGAAAGTTA..ACAAGGATAA]
15:35:00.136 - INFO - CDS - contig=contig_1, start=99166, stop=99534, strand=+, nt=[ATGGTAAACA..TCATGTATAA]
15:35:00.136 - INFO - CDS - contig=contig_1, start=99527, stop=99874, strand=+, nt=[ATGTATAATT..AAGAGTATGA]
15:35:00.136 - INFO - CDS - contig=contig_1, start=99871, stop=100386, strand=+, nt=[ATGAAAAGAG..TAGAAAATGA]
15:35:00.136 - INFO - CDS - contig=contig_1, start=100383, stop=100934, strand=+, nt=[ATGAAAATAT..AAATATATGA]
15:35:00.136 - INFO - CDS - contig=contig_1, start=100931, stop=101179, strand=+, nt=[ATGAGACATA..AACTAATTAA]
15:35:00.136 - INFO - CDS - contig=contig_1, start=101168, stop=102274, strand=-, nt=[ATGAAATATA..AATTAGTTAA]
15:35:00.136 - INFO - CDS - contig=contig_1, start=102375, stop=102740, strand=+, nt=[GTGATTTTTG..CATTAAATAA]
15:35:00.136 - INFO - CDS - contig=contig_1, start=102709, stop=103758, strand=+, nt=[ATGAAAAAGA..AAACATTTAA]
15:35:00.136 - INFO - CDS - contig cds: predicted=125
15:35:00.136 - INFO - CDS - predicted=125
15:35:00.136 - INFO - ORF - write internal aa seqs: # seqs=125, path=/tmp/tmp_65ze0i3/cds.spurious.faa
15:35:00.324 - INFO - ORF - discard spurious: contig=contig_1, start=87822, stop=88151, strand=+, homology=Spurious_ORF_05, evalue=9.2e-48, bitscore=153.800000
15:35:00.324 - INFO - ORF - discarded=1
15:35:00.395 - INFO - UPS - looked-up=0
15:35:00.396 - INFO - IPS - looked-up=0
15:35:00.397 - INFO - ORF - write internal aa seqs: # seqs=124, path=/tmp/tmp_65ze0i3/cds.psc.faa
15:37:28.455 - INFO - PSC - found: PSC=0, PSCC=26
15:37:28.508 - INFO - PSC - looked-up=26
15:37:28.526 - INFO - PSCC - looked-up=23
15:37:28.527 - INFO - ORF - write internal aa seqs: # seqs=124, path=/tmp/tmp_65ze0i3/cds.expert.faa
15:37:30.380 - INFO - EXPERT-AMRFINDER - found=0
15:37:30.744 - INFO - EXPERT_AA_SEQ - found=0
15:37:30.750 - INFO - ORF - write internal aa seqs: # seqs=101, path=/tmp/tmp_65ze0i3/cds.pseudo.candidates.faa
15:40:54.232 - INFO - CDS - found: pseudogene-candidates=0
15:40:54.264 - INFO - PSC - looked-up=0
15:40:54.268 - INFO - PSCC - looked-up=0
15:40:54.272 - INFO - ORF - write internal aa seqs: # seqs=101, path=/tmp/tmp_65ze0i3/hypotheticals.faa
15:41:03.909 - INFO - CDS - pfam detected: contig=contig_1, start=47538, stop=48623, strand=+, pfam-id=PF00004.32, length=132, aa-start=38, aa-stop=175, aa-cov=0.4, hmm-cov=0.9, evalue=2.8e-10, bitscore=33.5, name=AAA
15:41:03.910 - INFO - CDS - pfam detected: contig=contig_1, start=59508, stop=60560, strand=+, pfam-id=PF00155.24, length=363, aa-start=1, aa-stop=339, aa-cov=1.0, hmm-cov=1.0, evalue=4.0e-27, bitscore=87.9, name=Aminotran_1_2
15:41:03.910 - INFO - CDS - pfam detected: contig=contig_1, start=50624, stop=51640, strand=+, pfam-id=PF00155.24, length=363, aa-start=38, aa-stop=320, aa-cov=0.8, hmm-cov=0.6, evalue=5.3e-23, bitscore=74.4, name=Aminotran_1_2
15:41:03.910 - INFO - CDS - pfam detected: contig=contig_1, start=19485, stop=20456, strand=+, pfam-id=PF00266.22, length=371, aa-start=5, aa-stop=318, aa-cov=1.0, hmm-cov=1.0, evalue=1.1e-23, bitscore=76.4, name=Aminotran_5
15:41:03.910 - INFO - CDS - pfam detected: contig=contig_1, start=25815, stop=27185, strand=-, pfam-id=PF14698.9, length=69, aa-start=357, aa-stop=430, aa-cov=0.2, hmm-cov=0.7, evalue=3.1e-10, bitscore=33.5, name=ASL_C2
15:41:03.910 - INFO - CDS - pfam detected: contig=contig_1, start=63810, stop=65066, strand=-, pfam-id=PF06745.16, length=231, aa-start=169, aa-stop=351, aa-cov=0.4, hmm-cov=0.7, evalue=3.8e-09, bitscore=28.9, name=ATPase
15:41:03.910 - INFO - CDS - pfam detected: contig=contig_1, start=69716, stop=69994, strand=+, pfam-id=PF00166.24, length=93, aa-start=13, aa-stop=91, aa-cov=0.9, hmm-cov=1.0, evalue=6.9e-08, bitscore=25.2, name=Cpn10
15:41:03.911 - INFO - CDS - pfam detected: contig=contig_1, start=42298, stop=45393, strand=+, pfam-id=PF02786.20, length=211, aa-start=123, aa-stop=333, aa-cov=0.2, hmm-cov=1.0, evalue=6.5e-64, bitscore=207.9, name=CPSase_L_D2
15:41:03.911 - INFO - CDS - pfam detected: contig=contig_1, start=42298, stop=45393, strand=+, pfam-id=PF02786.20, length=211, aa-start=664, aa-stop=862, aa-cov=0.2, hmm-cov=1.0, evalue=6.5e-64, bitscore=207.9, name=CPSase_L_D2
15:41:03.911 - INFO - CDS - pfam detected: contig=contig_1, start=42298, stop=45393, strand=+, pfam-id=PF02787.22, length=81, aa-start=420, aa-stop=497, aa-cov=0.1, hmm-cov=0.9, evalue=1.5e-13, bitscore=43.4, name=CPSase_L_D3
15:41:03.911 - INFO - CDS - pfam detected: contig=contig_1, start=41444, stop=42301, strand=+, pfam-id=PF00988.25, length=125, aa-start=1, aa-stop=78, aa-cov=0.3, hmm-cov=0.6, evalue=6.7e-15, bitscore=47.8, name=CPSase_sm_chain
15:41:03.911 - INFO - CDS - pfam detected: contig=contig_1, start=78850, stop=79833, strand=+, pfam-id=PF00793.23, length=275, aa-start=19, aa-stop=317, aa-cov=0.9, hmm-cov=0.9, evalue=3.9e-64, bitscore=208.8, name=DAHP_synth_1
15:41:03.911 - INFO - CDS - pfam detected: contig=contig_1, start=83346, stop=83966, strand=-, pfam-id=PF05173.17, length=121, aa-start=103, aa-stop=206, aa-cov=0.5, hmm-cov=0.9, evalue=5.8e-14, bitscore=44.9, name=DapB_C
15:41:03.911 - INFO - CDS - pfam detected: contig=contig_1, start=83346, stop=83966, strand=-, pfam-id=PF01113.23, length=124, aa-start=12, aa-stop=98, aa-cov=0.4, hmm-cov=0.5, evalue=5.3e-11, bitscore=35.4, name=DapB_N
15:41:03.911 - INFO - CDS - pfam detected: contig=contig_1, start=102709, stop=103758, strand=+, pfam-id=PF01761.23, length=262, aa-start=51, aa-stop=317, aa-cov=0.8, hmm-cov=1.0, evalue=2.0e-72, bitscore=236.1, name=DHQ_synthase
15:41:03.911 - INFO - CDS - pfam detected: contig=contig_1, start=63810, stop=65066, strand=-, pfam-id=PF00772.24, length=103, aa-start=4, aa-stop=101, aa-cov=0.2, hmm-cov=1.0, evalue=7.1e-20, bitscore=63.8, name=DnaB
15:41:03.911 - INFO - CDS - pfam detected: contig=contig_1, start=63810, stop=65066, strand=-, pfam-id=PF03796.18, length=254, aa-start=169, aa-stop=417, aa-cov=0.6, hmm-cov=1.0, evalue=7.4e-81, bitscore=263.8, name=DnaB_C
15:41:03.912 - INFO - CDS - pfam detected: contig=contig_1, start=75590, stop=76558, strand=-, pfam-id=PF00226.34, length=63, aa-start=3, aa-stop=64, aa-cov=0.2, hmm-cov=1.0, evalue=3.8e-23, bitscore=74.2, name=DnaJ
15:41:03.912 - INFO - CDS - pfam detected: contig=contig_1, start=75590, stop=76558, strand=-, pfam-id=PF01556.21, length=149, aa-start=99, aa-stop=303, aa-cov=0.6, hmm-cov=1.0, evalue=1.4e-30, bitscore=99.0, name=DnaJ_C
15:41:03.912 - INFO - CDS - pfam detected: contig=contig_1, start=75590, stop=76558, strand=-, pfam-id=PF00684.22, length=66, aa-start=126, aa-stop=183, aa-cov=0.2, hmm-cov=1.0, evalue=4.8e-13, bitscore=42.0, name=DnaJ_CXXCXGXG
15:41:03.912 - INFO - CDS - pfam detected: contig=contig_1, start=32835, stop=35684, strand=+, pfam-id=PF07733.15, length=260, aa-start=262, aa-stop=506, aa-cov=0.3, hmm-cov=0.9, evalue=2.4e-68, bitscore=223.1, name=DNA_pol3_alpha
15:41:03.912 - INFO - CDS - pfam detected: contig=contig_1, start=47538, stop=48623, strand=+, pfam-id=PF13177.9, length=161, aa-start=17, aa-stop=176, aa-cov=0.4, hmm-cov=1.0, evalue=1.8e-30, bitscore=98.8, name=DNA_pol3_delta2
15:41:03.912 - INFO - CDS - pfam detected: contig=contig_1, start=32835, stop=35684, strand=+, pfam-id=PF17657.4, length=166, aa-start=499, aa-stop=665, aa-cov=0.2, hmm-cov=0.9, evalue=7.7e-38, bitscore=122.1, name=DNA_pol3_finger
15:41:03.912 - INFO - CDS - pfam detected: contig=contig_1, start=66760, stop=68028, strand=+, pfam-id=PF02421.21, length=156, aa-start=216, aa-stop=348, aa-cov=0.3, hmm-cov=0.8, evalue=3.7e-10, bitscore=32.2, name=FeoB_N
15:41:03.912 - INFO - CDS - pfam detected: contig=contig_1, start=24033, stop=24611, strand=-, pfam-id=PF00117.31, length=191, aa-start=3, aa-stop=189, aa-cov=1.0, hmm-cov=1.0, evalue=3.7e-36, bitscore=117.3, name=GATase
15:41:03.913 - INFO - CDS - pfam detected: contig=contig_1, start=41444, stop=42301, strand=+, pfam-id=PF00117.31, length=191, aa-start=121, aa-stop=284, aa-cov=0.6, hmm-cov=1.0, evalue=6.8e-22, bitscore=70.8, name=GATase
15:41:03.913 - INFO - CDS - pfam detected: contig=contig_1, start=68025, stop=69698, strand=+, pfam-id=PF13932.9, length=210, aa-start=392, aa-stop=482, aa-cov=0.2, hmm-cov=0.4, evalue=6.6e-30, bitscore=97.5, name=GIDA_C
15:41:03.913 - INFO - CDS - pfam detected: contig=contig_1, start=68025, stop=69698, strand=+, pfam-id=PF13932.9, length=210, aa-start=450, aa-stop=550, aa-cov=0.2, hmm-cov=0.4, evalue=6.6e-30, bitscore=97.5, name=GIDA_C
15:41:03.913 - INFO - CDS - pfam detected: contig=contig_1, start=60544, stop=61338, strand=+, pfam-id=PF14602.9, length=34, aa-start=168, aa-stop=203, aa-cov=0.1, hmm-cov=1.0, evalue=1.0e-12, bitscore=40.3, name=Hexapep_2
15:41:03.913 - INFO - CDS - pfam detected: contig=contig_1, start=32835, stop=35684, strand=+, pfam-id=PF14579.9, length=90, aa-start=736, aa-stop=823, aa-cov=0.1, hmm-cov=0.9, evalue=2.5e-18, bitscore=58.8, name=HHH_6
15:41:03.913 - INFO - CDS - pfam detected: contig=contig_1, start=22398, stop=23126, strand=-, pfam-id=PF00218.24, length=254, aa-start=4, aa-stop=240, aa-cov=1.0, hmm-cov=0.8, evalue=1.7e-37, bitscore=121.6, name=IGPS
15:41:03.913 - INFO - CDS - pfam detected: contig=contig_1, start=94706, stop=95317, strand=+, pfam-id=PF07650.20, length=78, aa-start=37, aa-stop=107, aa-cov=0.3, hmm-cov=0.7, evalue=1.1e-10, bitscore=33.9, name=KH_2
15:41:03.913 - INFO - CDS - pfam detected: contig=contig_1, start=25815, stop=27185, strand=-, pfam-id=PF00206.23, length=312, aa-start=6, aa-stop=294, aa-cov=0.6, hmm-cov=1.0, evalue=1.0e-52, bitscore=172.1, name=Lyase_1
15:41:03.913 - INFO - CDS - pfam detected: contig=contig_1, start=35833, stop=36630, strand=+, pfam-id=PF02219.20, length=287, aa-start=2, aa-stop=262, aa-cov=1.0, hmm-cov=0.9, evalue=8.9e-22, bitscore=70.4, name=MTHFR
15:41:03.913 - INFO - CDS - pfam detected: contig=contig_1, start=18712, stop=19290, strand=-, pfam-id=PF05175.17, length=170, aa-start=44, aa-stop=182, aa-cov=0.7, hmm-cov=0.8, evalue=4.4e-10, bitscore=32.1, name=MTS
15:41:03.914 - INFO - CDS - pfam detected: contig=contig_1, start=101168, stop=102274, strand=-, pfam-id=PF02784.19, length=247, aa-start=20, aa-stop=250, aa-cov=0.6, hmm-cov=0.9, evalue=2.4e-42, bitscore=137.6, name=Orn_Arg_deC_N
15:41:03.914 - INFO - CDS - pfam detected: contig=contig_1, start=101168, stop=102274, strand=-, pfam-id=PF00278.25, length=95, aa-start=16, aa-stop=338, aa-cov=0.9, hmm-cov=1.0, evalue=1.7e-17, bitscore=56.2, name=Orn_DAP_Arg_deC
15:41:03.914 - INFO - CDS - pfam detected: contig=contig_1, start=54832, stop=55698, strand=+, pfam-id=PF00185.27, length=157, aa-start=150, aa-stop=284, aa-cov=0.5, hmm-cov=1.0, evalue=1.0e-28, bitscore=93.1, name=OTCace
15:41:03.914 - INFO - CDS - pfam detected: contig=contig_1, start=54832, stop=55698, strand=+, pfam-id=PF02729.24, length=146, aa-start=11, aa-stop=144, aa-cov=0.5, hmm-cov=1.0, evalue=6.3e-36, bitscore=116.3, name=OTCace_N
15:41:03.914 - INFO - CDS - pfam detected: contig=contig_1, start=21772, stop=22410, strand=-, pfam-id=PF03462.21, length=192, aa-start=1, aa-stop=94, aa-cov=0.4, hmm-cov=0.5, evalue=1.0e-27, bitscore=89.9, name=PCRF
15:41:03.914 - INFO - CDS - pfam detected: contig=contig_1, start=24033, stop=24611, strand=-, pfam-id=PF07722.16, length=217, aa-start=64, aa-stop=171, aa-cov=0.6, hmm-cov=0.5, evalue=1.0e-11, bitscore=37.6, name=Peptidase_C26
15:41:03.914 - INFO - CDS - pfam detected: contig=contig_1, start=13059, stop=13505, strand=+, pfam-id=PF01327.24, length=159, aa-start=1, aa-stop=148, aa-cov=1.0, hmm-cov=1.0, evalue=1.7e-24, bitscore=78.9, name=Pep_deformylase
15:41:03.914 - INFO - CDS - pfam detected: contig=contig_1, start=37617, stop=38183, strand=+, pfam-id=PF00697.25, length=193, aa-start=2, aa-stop=183, aa-cov=1.0, hmm-cov=0.7, evalue=3.0e-12, bitscore=39.3, name=PRAI
15:41:03.914 - INFO - CDS - pfam detected: contig=contig_1, start=17379, stop=18302, strand=+, pfam-id=PF13793.9, length=116, aa-start=25, aa-stop=125, aa-cov=0.3, hmm-cov=0.8, evalue=1.3e-12, bitscore=40.5, name=Pribosyltran_N
15:41:03.914 - INFO - CDS - pfam detected: contig=contig_1, start=17379, stop=18302, strand=+, pfam-id=PF14572.9, length=184, aa-start=214, aa-stop=303, aa-cov=0.3, hmm-cov=0.4, evalue=8.7e-12, bitscore=38.0, name=Pribosyl_synth
15:41:03.914 - INFO - CDS - pfam detected: contig=contig_1, start=68025, stop=69698, strand=+, pfam-id=PF07992.17, length=295, aa-start=2, aa-stop=182, aa-cov=0.3, hmm-cov=0.4, evalue=5.8e-10, bitscore=31.5, name=Pyr_redox_2
15:41:03.914 - INFO - CDS - pfam detected: contig=contig_1, start=2010, stop=2354, strand=+, pfam-id=PF00542.22, length=67, aa-start=48, aa-stop=114, aa-cov=0.6, hmm-cov=1.0, evalue=1.0e-12, bitscore=41.0, name=Ribosomal_L12
15:41:03.915 - INFO - CDS - pfam detected: contig=contig_1, start=94390, stop=94728, strand=+, pfam-id=PF00237.22, length=103, aa-start=6, aa-stop=104, aa-cov=0.9, hmm-cov=0.9, evalue=1.6e-09, bitscore=30.7, name=Ribosomal_L22
15:41:03.915 - INFO - CDS - pfam detected: contig=contig_1, start=96269, stop=96820, strand=+, pfam-id=PF00281.22, length=57, aa-start=28, aa-stop=82, aa-cov=0.3, hmm-cov=1.0, evalue=2.1e-15, bitscore=49.5, name=Ribosomal_L5
15:41:03.915 - INFO - CDS - pfam detected: contig=contig_1, start=96269, stop=96820, strand=+, pfam-id=PF00673.24, length=94, aa-start=86, aa-stop=179, aa-cov=0.5, hmm-cov=1.0, evalue=4.9e-25, bitscore=80.3, name=Ribosomal_L5_C
15:41:03.915 - INFO - CDS - pfam detected: contig=contig_1, start=12583, stop=12870, strand=+, pfam-id=PF00338.25, length=98, aa-start=2, aa-stop=94, aa-cov=1.0, hmm-cov=1.0, evalue=1.4e-17, bitscore=56.4, name=Ribosomal_S10
15:41:03.915 - INFO - CDS - pfam detected: contig=contig_1, start=95699, stop=95938, strand=+, pfam-id=PF00366.23, length=68, aa-start=4, aa-stop=69, aa-cov=0.8, hmm-cov=0.9, evalue=1.4e-09, bitscore=30.7, name=Ribosomal_S17
15:41:03.915 - INFO - CDS - pfam detected: contig=contig_1, start=94706, stop=95317, strand=+, pfam-id=PF00189.23, length=83, aa-start=116, aa-stop=199, aa-cov=0.4, hmm-cov=1.0, evalue=7.7e-25, bitscore=80.0, name=Ribosomal_S3_C
15:41:03.915 - INFO - CDS - pfam detected: contig=contig_1, start=98234, stop=98638, strand=+, pfam-id=PF00333.23, length=65, aa-start=2, aa-stop=65, aa-cov=0.5, hmm-cov=1.0, evalue=1.4e-12, bitscore=40.2, name=Ribosomal_S5
15:41:03.915 - INFO - CDS - pfam detected: contig=contig_1, start=98234, stop=98638, strand=+, pfam-id=PF03719.18, length=71, aa-start=88, aa-stop=134, aa-cov=0.4, hmm-cov=0.6, evalue=1.2e-08, bitscore=27.1, name=Ribosomal_S5_C
15:41:03.915 - INFO - CDS - pfam detected: contig=contig_1, start=10077, stop=10547, strand=+, pfam-id=PF00177.24, length=149, aa-start=1, aa-stop=149, aa-cov=1.0, hmm-cov=1.0, evalue=4.2e-35, bitscore=113.3, name=Ribosomal_S7
15:41:03.915 - INFO - CDS - pfam detected: contig=contig_1, start=97094, stop=97444, strand=+, pfam-id=PF00410.22, length=126, aa-start=1, aa-stop=114, aa-cov=1.0, hmm-cov=0.8, evalue=4.3e-10, bitscore=32.3, name=Ribosomal_S8
15:41:03.915 - INFO - CDS - pfam detected: contig=contig_1, start=6129, stop=9728, strand=+, pfam-id=PF04997.15, length=312, aa-start=1, aa-stop=327, aa-cov=0.3, hmm-cov=1.0, evalue=2.5e-72, bitscore=236.5, name=RNA_pol_Rpb1_1
15:41:03.915 - INFO - CDS - pfam detected: contig=contig_1, start=6129, stop=9728, strand=+, pfam-id=PF00623.23, length=166, aa-start=329, aa-stop=383, aa-cov=0.0, hmm-cov=0.3, evalue=3.0e-35, bitscore=114.6, name=RNA_pol_Rpb1_2
15:41:03.915 - INFO - CDS - pfam detected: contig=contig_1, start=6129, stop=9728, strand=+, pfam-id=PF00623.23, length=166, aa-start=369, aa-stop=470, aa-cov=0.1, hmm-cov=0.5, evalue=3.0e-35, bitscore=114.6, name=RNA_pol_Rpb1_2
15:41:03.916 - INFO - CDS - pfam detected: contig=contig_1, start=6129, stop=9728, strand=+, pfam-id=PF04983.21, length=157, aa-start=473, aa-stop=614, aa-cov=0.1, hmm-cov=1.0, evalue=1.4e-19, bitscore=63.3, name=RNA_pol_Rpb1_3
15:41:03.916 - INFO - CDS - pfam detected: contig=contig_1, start=6129, stop=9728, strand=+, pfam-id=PF05000.20, length=108, aa-start=633, aa-stop=731, aa-cov=0.1, hmm-cov=0.6, evalue=2.8e-08, bitscore=26.4, name=RNA_pol_Rpb1_4
15:41:03.916 - INFO - CDS - pfam detected: contig=contig_1, start=6129, stop=9728, strand=+, pfam-id=PF04998.20, length=267, aa-start=734, aa-stop=1148, aa-cov=0.3, hmm-cov=1.0, evalue=1.3e-57, bitscore=187.9, name=RNA_pol_Rpb1_5
15:41:03.916 - INFO - CDS - pfam detected: contig=contig_1, start=2347, stop=6132, strand=+, pfam-id=PF04565.19, length=68, aa-start=463, aa-stop=531, aa-cov=0.1, hmm-cov=1.0, evalue=4.7e-27, bitscore=86.8, name=RNA_pol_Rpb2_3
15:41:03.916 - INFO - CDS - pfam detected: contig=contig_1, start=2347, stop=6132, strand=+, pfam-id=PF00562.31, length=389, aa-start=671, aa-stop=1185, aa-cov=0.4, hmm-cov=0.9, evalue=2.1e-96, bitscore=315.9, name=RNA_pol_Rpb2_6
15:41:03.916 - INFO - CDS - pfam detected: contig=contig_1, start=2347, stop=6132, strand=+, pfam-id=PF04560.23, length=87, aa-start=1187, aa-stop=1261, aa-cov=0.1, hmm-cov=1.0, evalue=1.4e-23, bitscore=75.9, name=RNA_pol_Rpb2_7
15:41:03.916 - INFO - CDS - pfam detected: contig=contig_1, start=13661, stop=14149, strand=-, pfam-id=PF00398.23, length=265, aa-start=3, aa-stop=162, aa-cov=1.0, hmm-cov=0.7, evalue=3.2e-21, bitscore=68.2, name=RrnaAD
15:41:03.916 - INFO - CDS - pfam detected: contig=contig_1, start=72794, stop=73918, strand=+, pfam-id=PF00575.26, length=75, aa-start=169, aa-stop=242, aa-cov=0.2, hmm-cov=1.0, evalue=1.7e-20, bitscore=65.9, name=S1
15:41:03.916 - INFO - CDS - pfam detected: contig=contig_1, start=99871, stop=100386, strand=+, pfam-id=PF01479.28, length=48, aa-start=77, aa-stop=124, aa-cov=0.3, hmm-cov=1.0, evalue=4.5e-12, bitscore=38.3, name=S4
15:41:03.916 - INFO - CDS - pfam detected: contig=contig_1, start=36623, stop=37624, strand=+, pfam-id=PF02774.21, length=184, aa-start=134, aa-stop=315, aa-cov=0.5, hmm-cov=1.0, evalue=1.4e-33, bitscore=109.2, name=Semialdhyde_dhC
15:41:03.916 - INFO - CDS - pfam detected: contig=contig_1, start=31371, stop=32639, strand=+, pfam-id=PF04542.17, length=71, aa-start=208, aa-stop=278, aa-cov=0.2, hmm-cov=0.9, evalue=1.2e-19, bitscore=62.7, name=Sigma70_r2
15:41:03.916 - INFO - CDS - pfam detected: contig=contig_1, start=31371, stop=32639, strand=+, pfam-id=PF04545.19, length=50, aa-start=353, aa-stop=406, aa-cov=0.1, hmm-cov=1.0, evalue=1.1e-19, bitscore=62.4, name=Sigma70_r4
15:41:03.917 - INFO - CDS - pfam detected: contig=contig_1, start=17032, stop=17364, strand=-, pfam-id=PF00436.28, length=104, aa-start=4, aa-stop=96, aa-cov=0.8, hmm-cov=1.0, evalue=5.7e-19, bitscore=60.9, name=SSB
15:41:03.917 - INFO - CDS - pfam detected: contig=contig_1, start=60544, stop=61338, strand=+, pfam-id=PF14805.9, length=67, aa-start=1, aa-stop=62, aa-cov=0.2, hmm-cov=1.0, evalue=2.4e-16, bitscore=52.5, name=THDPS_N_2
15:41:03.917 - INFO - CDS - pfam detected: contig=contig_1, start=30408, stop=31340, strand=+, pfam-id=PF13662.9, length=89, aa-start=148, aa-stop=222, aa-cov=0.2, hmm-cov=0.8, evalue=8.2e-13, bitscore=41.4, name=Toprim_4
15:41:03.917 - INFO - CDS - pfam detected: contig=contig_1, start=30408, stop=31340, strand=+, pfam-id=PF08275.14, length=128, aa-start=26, aa-stop=141, aa-cov=0.4, hmm-cov=0.9, evalue=8.5e-15, bitscore=47.7, name=Toprim_N
15:41:03.917 - INFO - CDS - pfam detected: contig=contig_1, start=27337, stop=28587, strand=-, pfam-id=PF00749.24, length=314, aa-start=2, aa-stop=300, aa-cov=0.7, hmm-cov=1.0, evalue=1.2e-41, bitscore=135.2, name=tRNA-synt_1c
15:41:03.917 - INFO - CDS - pfam detected: contig=contig_1, start=65770, stop=66675, strand=-, pfam-id=PF00749.24, length=314, aa-start=48, aa-stop=216, aa-cov=0.6, hmm-cov=0.4, evalue=8.8e-13, bitscore=40.4, name=tRNA-synt_1c
15:41:03.917 - INFO - CDS - pfam detected: contig=contig_1, start=20453, stop=21775, strand=-, pfam-id=PF00152.23, length=314, aa-start=112, aa-stop=440, aa-cov=0.7, hmm-cov=1.0, evalue=1.3e-56, bitscore=184.6, name=tRNA-synt_2
15:41:03.917 - INFO - CDS - pfam detected: contig=contig_1, start=20453, stop=21775, strand=-, pfam-id=PF01336.28, length=76, aa-start=28, aa-stop=96, aa-cov=0.2, hmm-cov=1.0, evalue=1.8e-13, bitscore=43.0, name=tRNA_anti-codon
15:41:03.917 - INFO - CDS - pfam detected: contig=contig_1, start=79816, stop=80781, strand=-, pfam-id=PF03054.19, length=202, aa-start=3, aa-stop=190, aa-cov=0.6, hmm-cov=1.0, evalue=4.0e-36, bitscore=117.2, name=tRNA_Me_trans
15:41:03.917 - INFO - CDS - predicted-pfams=81, CDS-w/-pfams=49
15:41:04.024 - INFO - S_ORF - predicted=829
15:41:04.167 - INFO - S_ORF - sORF filter: # valid=29, # discarded=800
15:41:04.168 - INFO - ORF - write internal aa seqs: # seqs=29, path=/tmp/tmp_65ze0i3/sorf.spurious.faa
15:41:04.329 - INFO - ORF - discarded=0
15:41:04.354 - INFO - UPS - looked-up=0
15:41:04.356 - INFO - IPS - looked-up=0
15:41:04.356 - INFO - ORF - write internal aa seqs: # seqs=29, path=/tmp/tmp_65ze0i3/sorf.faa
15:41:04.510 - INFO - S_ORF - found=0
15:41:04.510 - INFO - PSC - looked-up=0
15:41:05.945 - INFO - ORI - predicted=0
15:41:06.040 - INFO - ORI - predicted=0
15:41:06.040 - INFO - ANNOTATION - overlap: CDS (None/hypothetical protein) [13059, 13505] overlapping tRNA (Phe_trna) [13480, 13551], [13480,13505], contig=contig_1
15:41:06.041 - INFO - ANNOTATION - overlap: CDS (None/hypothetical protein) [17379, 18302] overlapping tRNA (Gln_trna) [17365, 17436], [17379,17436], contig=contig_1
15:41:06.041 - INFO - ANNOTATION - overlap: CDS (None/hypothetical protein) [31371, 32639] overlapping tRNA (None) [32630, 32833], [32630,32639], contig=contig_1
15:41:06.041 - INFO - ANNOTATION - overlap: CDS (None/hypothetical protein) [32835, 35684] overlapping tRNA (Leu_trna) [35670, 35742], [35670,35684], contig=contig_1
15:41:06.041 - INFO - ANNOTATION - overlap: CDS (None/hypothetical protein) [40118, 40315] overlapping tRNA (Asn_trna) [40308, 40379], [40308,40315], contig=contig_1
15:41:06.041 - INFO - ANNOTATION - overlap: CDS (None/ATP-dependent Clp protease ATP-binding subunit ClpX) [45944, 47119] overlapping tRNA (Val_trna) [47118, 47190], [47118,47119], contig=contig_1
15:41:06.041 - INFO - ANNOTATION - overlap: CDS (None/hypothetical protein) [47132, 47536] overlapping tRNA (Val_trna) [47118, 47190], [47132,47190], contig=contig_1
15:41:06.041 - INFO - ANNOTATION - overlap: CDS (None/hypothetical protein) [48815, 49405] overlapping tRNA (Arg_trna) [48766, 48839], [48815,48839], contig=contig_1
15:41:06.041 - INFO - ANNOTATION - overlap: CDS (None/hypothetical protein) [54464, 54721] overlapping tRNA (Thr_trna) [54712, 54782], [54712,54721], contig=contig_1
15:41:06.041 - INFO - ANNOTATION - overlap: CDS (None/hypothetical protein) [54832, 55698] overlapping tRNA (Lys_trna) [55685, 55756], [55685,55698], contig=contig_1
15:41:06.041 - INFO - ANNOTATION - overlap: CDS (None/hypothetical protein) [55747, 56091] overlapping tRNA (Lys_trna) [55685, 55756], [55747,55756], contig=contig_1
15:41:06.041 - INFO - ANNOTATION - overlap: CDS (None/Argininosuccinate synthase) [86351, 87571] overlapping rRNA (5S_rrna) [87570, 87676], [87570,87571], contig=contig_1
15:41:06.041 - INFO - ANNOTATION - overlap: CDS (None/hypothetical protein) [102709, 103758] overlapping tRNA (Tyr_trna) [103757, 103839], [103757,103758], contig=contig_1
15:41:06.042 - INFO - UTILS - generated sequence tag prefix: prefix=PGFNOJNCOI, length=10, MD5=90F7837C8203F073005F25664E77F3AB
15:41:06.042 - INFO - MAIN - selected features=130
15:41:06.042 - INFO - MAIN - locus tag prefix=VFMEEALB1
15:41:06.042 - INFO - UTILS - genome-size=104003
15:41:06.042 - INFO - UTILS - GC=0.166
15:41:06.045 - INFO - UTILS - N=0.000
15:41:06.045 - INFO - UTILS - N50=104003
15:41:06.046 - INFO - UTILS - coding-ratio=0.879
15:41:06.048 - INFO - TSV - write tsv: path=/home/diego/Documents/metagenomes/annotation_symbio_merge/annotation_Beta/genomes/bakta_VFMEEALB1/bakta_VFMEEALB1.tsv
15:41:06.048 - INFO - GFF - write GFF3: path=/home/diego/Documents/metagenomes/annotation_symbio_merge/annotation_Beta/genomes/bakta_VFMEEALB1/bakta_VFMEEALB1.gff3
15:41:06.056 - INFO - INSDC - write GenBank: path=/home/diego/Documents/metagenomes/annotation_symbio_merge/annotation_Beta/genomes/bakta_VFMEEALB1/bakta_VFMEEALB1.gbff
15:41:06.071 - INFO - INSDC - write EMBL: path=/home/diego/Documents/metagenomes/annotation_symbio_merge/annotation_Beta/genomes/bakta_VFMEEALB1/bakta_VFMEEALB1.embl
15:41:06.083 - INFO - FASTA - write genome sequences: path=/home/diego/Documents/metagenomes/annotation_symbio_merge/annotation_Beta/genomes/bakta_VFMEEALB1/bakta_VFMEEALB1.fna, description=True, wrap=True
15:41:06.084 - INFO - FASTA - write feature nucleotide sequences: path=/home/diego/Documents/metagenomes/annotation_symbio_merge/annotation_Beta/genomes/bakta_VFMEEALB1/bakta_VFMEEALB1.ffn
15:41:06.084 - INFO - FASTA - write translated CDS/sORF: path=/home/diego/Documents/metagenomes/annotation_symbio_merge/annotation_Beta/genomes/bakta_VFMEEALB1/bakta_VFMEEALB1.faa
15:41:06.085 - INFO - TSV - write hypothetical tsv: path=/home/diego/Documents/metagenomes/annotation_symbio_merge/annotation_Beta/genomes/bakta_VFMEEALB1/bakta_VFMEEALB1.hypotheticals.tsv
15:41:06.085 - INFO - FASTA - write translated CDS/sORF: path=/home/diego/Documents/metagenomes/annotation_symbio_merge/annotation_Beta/genomes/bakta_VFMEEALB1/bakta_VFMEEALB1.hypotheticals.faa
15:41:06.086 - INFO - JSON - write JSON: path=/home/diego/Documents/metagenomes/annotation_symbio_merge/annotation_Beta/genomes/bakta_VFMEEALB1/bakta_VFMEEALB1.json
15:41:06.100 - INFO - MAIN - removed tmp dir: /tmp/tmp_65ze0i3
