Discrepancy Report Results

Summary
DISC_SOURCE_QUALS_ASNDISC:strain (all present, all unique)
DISC_SOURCE_QUALS_ASNDISC:taxname (all present, all unique)
DISC_FEATURE_COUNT:gene: 178 present
DISC_FEATURE_COUNT:CDS: 145 present
DISC_FEATURE_COUNT:tRNA: 29 present
DISC_FEATURE_COUNT:rRNA: 3 present
DISC_FEATURE_COUNT:tmRNA: 1 present
DISC_COUNT_NUCLEOTIDES:1 nucleotide Bioseqs are present
OVERLAPPING_GENES:61 genes overlap another gene on the same strand.
OVERLAPPING_CDS:2 coding regions overlap another coding region with a similar or identical name.
SUSPECT_PRODUCT_NAMES:1 product_names contain suspect phrase or characters
	May contain database identifier more appropriate in note; remove from product name
		1 features Contains underscore
DISC_QUALITY_SCORES:Quality scores are missing on all sequences.
ONCALLER_COMMENT_PRESENT:1 comment descriptors were found (all same)
SHORT_PROT_SEQUENCES:4 protein sequences are shorter than 50 aa.
MISSING_GENOMEASSEMBLY_COMMENTS:1 bioseqs are missing GenomeAssembly structured comments
MOLTYPE_NOT_MRNA:1 molecule types are not set as mRNA.
TECHNIQUE_NOT_TSA:1 technique are not set as TSA
MISSING_STRUCTURED_COMMENT:1 sequences do not include structured comments.
MISSING_PROJECT:146 sequences do not include project.
DISC_INCONSISTENT_MOLINFO_TECH:Molinfo Technique Report (some missing, all same)


Detailed Report

DiscRep_ALL:DISC_SOURCE_QUALS_ASNDISC::strain (all present, all unique)
DiscRep_SUB:DISC_SOURCE_QUALS_ASNDISC::1 sources have unique values for strain
DiscRep_ALL:DISC_SOURCE_QUALS_ASNDISC::taxname (all present, all unique)
DiscRep_SUB:DISC_SOURCE_QUALS_ASNDISC::1 sources have unique values for taxname
DiscRep_ALL:DISC_FEATURE_COUNT::gene: 178 present
DiscRep_ALL:DISC_FEATURE_COUNT::CDS: 145 present
DiscRep_ALL:DISC_FEATURE_COUNT::tRNA: 29 present
DiscRep_ALL:DISC_FEATURE_COUNT::rRNA: 3 present
DiscRep_ALL:DISC_FEATURE_COUNT::tmRNA: 1 present
DiscRep_ALL:DISC_COUNT_NUCLEOTIDES::1 nucleotide Bioseqs are present
prokka_SMOMMDIS/SMOMMDIS:Prokka:SMOMMDIS_1 (length 145652)

DiscRep_ALL:OVERLAPPING_GENES::61 genes overlap another gene on the same strand.
prokka_SMOMMDIS/SMOMMDIS:Gene	rplI	SMOMMDIS_1:c20775-20542	SMOMMDIS_00018
prokka_SMOMMDIS/SMOMMDIS:Gene	rpsR	SMOMMDIS_1:c21053-20760	SMOMMDIS_00019
prokka_SMOMMDIS/SMOMMDIS:Gene	rpsF	SMOMMDIS_1:c21384-21046	SMOMMDIS_00020
prokka_SMOMMDIS/SMOMMDIS:Gene	rpmA	SMOMMDIS_1:c21938-21687	SMOMMDIS_00022
prokka_SMOMMDIS/SMOMMDIS:Gene	rplU	SMOMMDIS_1:c22263-21928	SMOMMDIS_00023
prokka_SMOMMDIS/SMOMMDIS:Gene	der	SMOMMDIS_1:28571-29887	SMOMMDIS_00034
prokka_SMOMMDIS/SMOMMDIS:Gene	hflX	SMOMMDIS_1:29881-31029	SMOMMDIS_00035
prokka_SMOMMDIS/SMOMMDIS:Gene	maeB_1	SMOMMDIS_1:31240-31413	SMOMMDIS_00037
prokka_SMOMMDIS/SMOMMDIS:Gene	maeB_2	SMOMMDIS_1:31382-31600	SMOMMDIS_00038
prokka_SMOMMDIS/SMOMMDIS:Gene	iscS	SMOMMDIS_1:c39879-38788	SMOMMDIS_00048
prokka_SMOMMDIS/SMOMMDIS:Gene	tilS	SMOMMDIS_1:c40862-39849	SMOMMDIS_00049
prokka_SMOMMDIS/SMOMMDIS:Gene	mnmE	SMOMMDIS_1:c45947-44586	SMOMMDIS_00054
prokka_SMOMMDIS/SMOMMDIS:Gene	SMOMMDIS_00055	SMOMMDIS_1:c46776-45940	SMOMMDIS_00055
prokka_SMOMMDIS/SMOMMDIS:Gene	dnaC	SMOMMDIS_1:c48146-46776	SMOMMDIS_00056
prokka_SMOMMDIS/SMOMMDIS:Gene	grpE	SMOMMDIS_1:48195-48755	SMOMMDIS_00057
prokka_SMOMMDIS/SMOMMDIS:Gene	dnaJ	SMOMMDIS_1:48748-49863	SMOMMDIS_00058
prokka_SMOMMDIS/SMOMMDIS:Gene	rpmI	SMOMMDIS_1:c53218-53012	SMOMMDIS_00063
prokka_SMOMMDIS/SMOMMDIS:Gene	infC	SMOMMDIS_1:c53786-53163	SMOMMDIS_00064
prokka_SMOMMDIS/SMOMMDIS:Gene	rplM	SMOMMDIS_1:55792-56193	SMOMMDIS_00066
prokka_SMOMMDIS/SMOMMDIS:Gene	rpsI	SMOMMDIS_1:56193-56585	SMOMMDIS_00067
prokka_SMOMMDIS/SMOMMDIS:Gene	rpsB	SMOMMDIS_1:56597-57313	SMOMMDIS_00068
prokka_SMOMMDIS/SMOMMDIS:Gene	tsf	SMOMMDIS_1:57307-57933	SMOMMDIS_00069
prokka_SMOMMDIS/SMOMMDIS:Gene	mutS	SMOMMDIS_1:c60725-58185	SMOMMDIS_00072
prokka_SMOMMDIS/SMOMMDIS:Gene	clpX	SMOMMDIS_1:c61977-60712	SMOMMDIS_00073
prokka_SMOMMDIS/SMOMMDIS:Gene	rplK	SMOMMDIS_1:72645-73073	SMOMMDIS_00090
prokka_SMOMMDIS/SMOMMDIS:Gene	rplA	SMOMMDIS_1:73066-73704	SMOMMDIS_00091
prokka_SMOMMDIS/SMOMMDIS:Gene	rplJ	SMOMMDIS_1:73715-74251	SMOMMDIS_00092
prokka_SMOMMDIS/SMOMMDIS:Gene	rplL	SMOMMDIS_1:74241-74609	SMOMMDIS_00093
prokka_SMOMMDIS/SMOMMDIS:Gene	rpmG	SMOMMDIS_1:c84620-84435	SMOMMDIS_00099
prokka_SMOMMDIS/SMOMMDIS:Gene	rpmB	SMOMMDIS_1:c84846-84604	SMOMMDIS_00100
prokka_SMOMMDIS/SMOMMDIS:Gene	leuA	SMOMMDIS_1:91152-92330	SMOMMDIS_00105
prokka_SMOMMDIS/SMOMMDIS:Gene	leuC	SMOMMDIS_1:92308-93720	SMOMMDIS_00106
prokka_SMOMMDIS/SMOMMDIS:Gene	leuD1	SMOMMDIS_1:93707-94315	SMOMMDIS_00107
prokka_SMOMMDIS/SMOMMDIS:Gene	sufC	SMOMMDIS_1:107163-107915	SMOMMDIS_00123
prokka_SMOMMDIS/SMOMMDIS:Gene	sufD	SMOMMDIS_1:107906-109270	SMOMMDIS_00124
prokka_SMOMMDIS/SMOMMDIS:Gene	sufS	SMOMMDIS_1:109249-110475	SMOMMDIS_00125
prokka_SMOMMDIS/SMOMMDIS:Gene	sigA	SMOMMDIS_1:c115283-114387	SMOMMDIS_00133
prokka_SMOMMDIS/SMOMMDIS:Gene	pnp	SMOMMDIS_1:c117369-115267	SMOMMDIS_00134
prokka_SMOMMDIS/SMOMMDIS:Gene	SMOMMDIS_00135	SMOMMDIS_1:c117563-117354	SMOMMDIS_00135
prokka_SMOMMDIS/SMOMMDIS:Gene	rpsJ	SMOMMDIS_1:121937-122233	SMOMMDIS_00141
prokka_SMOMMDIS/SMOMMDIS:Gene	rplC	SMOMMDIS_1:122227-122853	SMOMMDIS_00142
prokka_SMOMMDIS/SMOMMDIS:Gene	rpsS	SMOMMDIS_1:124651-124956	SMOMMDIS_00145
prokka_SMOMMDIS/SMOMMDIS:Gene	rplV	SMOMMDIS_1:124949-125326	SMOMMDIS_00146
prokka_SMOMMDIS/SMOMMDIS:Gene	rpsC	SMOMMDIS_1:125311-126033	SMOMMDIS_00147
prokka_SMOMMDIS/SMOMMDIS:Gene	rplP	SMOMMDIS_1:126011-126421	SMOMMDIS_00148
prokka_SMOMMDIS/SMOMMDIS:Gene	rpsQ	SMOMMDIS_1:126415-126660	SMOMMDIS_00149
prokka_SMOMMDIS/SMOMMDIS:Gene	SMOMMDIS_00151	SMOMMDIS_1:127045-127413	SMOMMDIS_00151
prokka_SMOMMDIS/SMOMMDIS:Gene	rplE	SMOMMDIS_1:127362-127919	SMOMMDIS_00152
prokka_SMOMMDIS/SMOMMDIS:Gene	rpsN2	SMOMMDIS_1:127912-128181	SMOMMDIS_00153
prokka_SMOMMDIS/SMOMMDIS:Gene	rpsE	SMOMMDIS_1:129485-130006	SMOMMDIS_00157
prokka_SMOMMDIS/SMOMMDIS:Gene	rplO	SMOMMDIS_1:129978-130439	SMOMMDIS_00158
prokka_SMOMMDIS/SMOMMDIS:Gene	SMOMMDIS_00159	SMOMMDIS_1:130480-130572	SMOMMDIS_00159
prokka_SMOMMDIS/SMOMMDIS:Gene	infA	SMOMMDIS_1:130559-130696	SMOMMDIS_00160
prokka_SMOMMDIS/SMOMMDIS:Gene	rpmJ	SMOMMDIS_1:130644-130760	SMOMMDIS_00161
prokka_SMOMMDIS/SMOMMDIS:Gene	rpsM	SMOMMDIS_1:130764-131174	SMOMMDIS_00162
prokka_SMOMMDIS/SMOMMDIS:Gene	rpsK	SMOMMDIS_1:131138-131488	SMOMMDIS_00163
prokka_SMOMMDIS/SMOMMDIS:Gene	rpoA	SMOMMDIS_1:132125-133126	SMOMMDIS_00165
prokka_SMOMMDIS/SMOMMDIS:Gene	rplQ	SMOMMDIS_1:133096-133476	SMOMMDIS_00166
prokka_SMOMMDIS/SMOMMDIS:Gene	rsmH	SMOMMDIS_1:133446-134342	SMOMMDIS_00167
prokka_SMOMMDIS/SMOMMDIS:Gene	ilvB	SMOMMDIS_1:c143892-142216	SMOMMDIS_00177
prokka_SMOMMDIS/SMOMMDIS:Gene	ilvD	SMOMMDIS_1:c145618-143867	SMOMMDIS_00178

DiscRep_ALL:OVERLAPPING_CDS::2 coding regions overlap another coding region with a similar or identical name.
DiscRep_SUB:OVERLAPPING_CDS::2 coding regions overlap another coding region with a similar or identical name that do not have the appropriate note text
prokka_SMOMMDIS/SMOMMDIS:CDS	NADP-dependent malic enzyme	SMOMMDIS_1:31240-31413	SMOMMDIS_00037
prokka_SMOMMDIS/SMOMMDIS:CDS	NADP-dependent malic enzyme	SMOMMDIS_1:31382-31600	SMOMMDIS_00038

DiscRep_ALL:SUSPECT_PRODUCT_NAMES::1 product_names contain suspect phrase or characters
DiscRep_SUB:SUSPECT_PRODUCT_NAMES::May contain database identifier more appropriate in note; remove from product name
DiscRep_SUB:SUSPECT_PRODUCT_NAMES::1 features Contains underscore
prokka_SMOMMDIS/SMOMMDIS:CDS	Putative O-methyltransferase/MSMEI_4947	SMOMMDIS_1:5962-6585	SMOMMDIS_00005

DiscRep_ALL:DISC_QUALITY_SCORES::Quality scores are missing on all sequences.

DiscRep_ALL:ONCALLER_COMMENT_PRESENT::1 comment descriptors were found (all same)
prokka_SMOMMDIS/SMOMMDIS:Prokka:SMOMMDIS_1:Annotated using prokka 1.13 from https://github.com/tseemann/prokka

DiscRep_ALL:SHORT_PROT_SEQUENCES::4 protein sequences are shorter than 50 aa.
prokka_SMOMMDIS/SMOMMDIS:Prokka:SMOMMDIS_00028 (length 30)
prokka_SMOMMDIS/SMOMMDIS:Prokka:SMOMMDIS_00159 (length 30)
prokka_SMOMMDIS/SMOMMDIS:Prokka:SMOMMDIS_00160 (length 45)
prokka_SMOMMDIS/SMOMMDIS:Prokka:SMOMMDIS_00161 (length 38)

DiscRep_ALL:MISSING_GENOMEASSEMBLY_COMMENTS::1 bioseqs are missing GenomeAssembly structured comments
prokka_SMOMMDIS/SMOMMDIS:Prokka:SMOMMDIS_1 (length 145652)

DiscRep_ALL:MOLTYPE_NOT_MRNA::1 molecule types are not set as mRNA.
prokka_SMOMMDIS/SMOMMDIS:Prokka:SMOMMDIS_1 (length 145652)

DiscRep_ALL:TECHNIQUE_NOT_TSA::1 technique are not set as TSA
prokka_SMOMMDIS/SMOMMDIS:Prokka:SMOMMDIS_1 (length 145652)

DiscRep_ALL:MISSING_STRUCTURED_COMMENT::1 sequences do not include structured comments.
prokka_SMOMMDIS/SMOMMDIS:Prokka:SMOMMDIS_1 (length 145652)

DiscRep_ALL:MISSING_PROJECT::146 sequences do not include project.
prokka_SMOMMDIS/SMOMMDIS:Prokka:SMOMMDIS_1 (length 145652)
prokka_SMOMMDIS/SMOMMDIS:Prokka:SMOMMDIS_00001 (length 1092)
prokka_SMOMMDIS/SMOMMDIS:Prokka:SMOMMDIS_00002 (length 110)
prokka_SMOMMDIS/SMOMMDIS:Prokka:SMOMMDIS_00003 (length 367)
prokka_SMOMMDIS/SMOMMDIS:Prokka:SMOMMDIS_00004 (length 382)
prokka_SMOMMDIS/SMOMMDIS:Prokka:SMOMMDIS_00005 (length 207)
prokka_SMOMMDIS/SMOMMDIS:Prokka:SMOMMDIS_00006 (length 394)
prokka_SMOMMDIS/SMOMMDIS:Prokka:SMOMMDIS_00007 (length 351)
prokka_SMOMMDIS/SMOMMDIS:Prokka:SMOMMDIS_00008 (length 257)
prokka_SMOMMDIS/SMOMMDIS:Prokka:SMOMMDIS_00010 (length 1124)
prokka_SMOMMDIS/SMOMMDIS:Prokka:SMOMMDIS_00012 (length 370)
prokka_SMOMMDIS/SMOMMDIS:Prokka:SMOMMDIS_00013 (length 410)
prokka_SMOMMDIS/SMOMMDIS:Prokka:SMOMMDIS_00014 (length 1151)
prokka_SMOMMDIS/SMOMMDIS:Prokka:SMOMMDIS_00015 (length 133)
prokka_SMOMMDIS/SMOMMDIS:Prokka:SMOMMDIS_00017 (length 199)
prokka_SMOMMDIS/SMOMMDIS:Prokka:SMOMMDIS_00018 (length 77)
prokka_SMOMMDIS/SMOMMDIS:Prokka:SMOMMDIS_00019 (length 97)
prokka_SMOMMDIS/SMOMMDIS:Prokka:SMOMMDIS_00020 (length 112)
prokka_SMOMMDIS/SMOMMDIS:Prokka:SMOMMDIS_00022 (length 83)
prokka_SMOMMDIS/SMOMMDIS:Prokka:SMOMMDIS_00023 (length 111)
prokka_SMOMMDIS/SMOMMDIS:Prokka:SMOMMDIS_00025 (length 182)
prokka_SMOMMDIS/SMOMMDIS:Prokka:SMOMMDIS_00026 (length 320)
prokka_SMOMMDIS/SMOMMDIS:Prokka:SMOMMDIS_00027 (length 580)
prokka_SMOMMDIS/SMOMMDIS:Prokka:SMOMMDIS_00028 (length 30)
prokka_SMOMMDIS/SMOMMDIS:Prokka:SMOMMDIS_00031 (length 209)
prokka_SMOMMDIS/SMOMMDIS:Prokka:SMOMMDIS_00032 (length 256)
prokka_SMOMMDIS/SMOMMDIS:Prokka:SMOMMDIS_00033 (length 282)
prokka_SMOMMDIS/SMOMMDIS:Prokka:SMOMMDIS_00034 (length 438)
prokka_SMOMMDIS/SMOMMDIS:Prokka:SMOMMDIS_00035 (length 382)
prokka_SMOMMDIS/SMOMMDIS:Prokka:SMOMMDIS_00036 (length 58)
prokka_SMOMMDIS/SMOMMDIS:Prokka:SMOMMDIS_00037 (length 57)
prokka_SMOMMDIS/SMOMMDIS:Prokka:SMOMMDIS_00038 (length 72)
prokka_SMOMMDIS/SMOMMDIS:Prokka:SMOMMDIS_00042 (length 67)
prokka_SMOMMDIS/SMOMMDIS:Prokka:SMOMMDIS_00043 (length 104)
prokka_SMOMMDIS/SMOMMDIS:Prokka:SMOMMDIS_00044 (length 438)
prokka_SMOMMDIS/SMOMMDIS:Prokka:SMOMMDIS_00045 (length 594)
prokka_SMOMMDIS/SMOMMDIS:Prokka:SMOMMDIS_00047 (length 484)
prokka_SMOMMDIS/SMOMMDIS:Prokka:SMOMMDIS_00048 (length 363)
prokka_SMOMMDIS/SMOMMDIS:Prokka:SMOMMDIS_00049 (length 337)
prokka_SMOMMDIS/SMOMMDIS:Prokka:SMOMMDIS_00052 (length 1103)
prokka_SMOMMDIS/SMOMMDIS:Prokka:SMOMMDIS_00054 (length 453)
prokka_SMOMMDIS/SMOMMDIS:Prokka:SMOMMDIS_00055 (length 278)
prokka_SMOMMDIS/SMOMMDIS:Prokka:SMOMMDIS_00056 (length 456)
prokka_SMOMMDIS/SMOMMDIS:Prokka:SMOMMDIS_00057 (length 186)
prokka_SMOMMDIS/SMOMMDIS:Prokka:SMOMMDIS_00058 (length 371)
prokka_SMOMMDIS/SMOMMDIS:Prokka:SMOMMDIS_00059 (length 394)
prokka_SMOMMDIS/SMOMMDIS:Prokka:SMOMMDIS_00060 (length 352)
prokka_SMOMMDIS/SMOMMDIS:Prokka:SMOMMDIS_00061 (length 151)
prokka_SMOMMDIS/SMOMMDIS:Prokka:SMOMMDIS_00062 (length 115)
prokka_SMOMMDIS/SMOMMDIS:Prokka:SMOMMDIS_00063 (length 68)
prokka_SMOMMDIS/SMOMMDIS:Prokka:SMOMMDIS_00064 (length 207)
prokka_SMOMMDIS/SMOMMDIS:Prokka:SMOMMDIS_00065 (length 623)
prokka_SMOMMDIS/SMOMMDIS:Prokka:SMOMMDIS_00066 (length 133)
prokka_SMOMMDIS/SMOMMDIS:Prokka:SMOMMDIS_00067 (length 130)
prokka_SMOMMDIS/SMOMMDIS:Prokka:SMOMMDIS_00068 (length 238)
prokka_SMOMMDIS/SMOMMDIS:Prokka:SMOMMDIS_00069 (length 208)
prokka_SMOMMDIS/SMOMMDIS:Prokka:SMOMMDIS_00072 (length 846)
prokka_SMOMMDIS/SMOMMDIS:Prokka:SMOMMDIS_00073 (length 421)
prokka_SMOMMDIS/SMOMMDIS:Prokka:SMOMMDIS_00074 (length 220)
prokka_SMOMMDIS/SMOMMDIS:Prokka:SMOMMDIS_00075 (length 349)
prokka_SMOMMDIS/SMOMMDIS:Prokka:SMOMMDIS_00081 (length 426)
prokka_SMOMMDIS/SMOMMDIS:Prokka:SMOMMDIS_00082 (length 137)
prokka_SMOMMDIS/SMOMMDIS:Prokka:SMOMMDIS_00083 (length 205)
prokka_SMOMMDIS/SMOMMDIS:Prokka:SMOMMDIS_00088 (length 395)
prokka_SMOMMDIS/SMOMMDIS:Prokka:SMOMMDIS_00090 (length 142)
prokka_SMOMMDIS/SMOMMDIS:Prokka:SMOMMDIS_00091 (length 212)
prokka_SMOMMDIS/SMOMMDIS:Prokka:SMOMMDIS_00092 (length 178)
prokka_SMOMMDIS/SMOMMDIS:Prokka:SMOMMDIS_00093 (length 122)
prokka_SMOMMDIS/SMOMMDIS:Prokka:SMOMMDIS_00094 (length 1231)
prokka_SMOMMDIS/SMOMMDIS:Prokka:SMOMMDIS_00095 (length 1357)
prokka_SMOMMDIS/SMOMMDIS:Prokka:SMOMMDIS_00096 (length 250)
prokka_SMOMMDIS/SMOMMDIS:Prokka:SMOMMDIS_00097 (length 331)
prokka_SMOMMDIS/SMOMMDIS:Prokka:SMOMMDIS_00099 (length 61)
prokka_SMOMMDIS/SMOMMDIS:Prokka:SMOMMDIS_00100 (length 80)
prokka_SMOMMDIS/SMOMMDIS:Prokka:SMOMMDIS_00101 (length 414)
prokka_SMOMMDIS/SMOMMDIS:Prokka:SMOMMDIS_00102 (length 279)
prokka_SMOMMDIS/SMOMMDIS:Prokka:SMOMMDIS_00104 (length 420)
prokka_SMOMMDIS/SMOMMDIS:Prokka:SMOMMDIS_00105 (length 392)
prokka_SMOMMDIS/SMOMMDIS:Prokka:SMOMMDIS_00106 (length 470)
prokka_SMOMMDIS/SMOMMDIS:Prokka:SMOMMDIS_00107 (length 202)
prokka_SMOMMDIS/SMOMMDIS:Prokka:SMOMMDIS_00108 (length 357)
prokka_SMOMMDIS/SMOMMDIS:Prokka:SMOMMDIS_00109 (length 140)
prokka_SMOMMDIS/SMOMMDIS:Prokka:SMOMMDIS_00110 (length 331)
prokka_SMOMMDIS/SMOMMDIS:Prokka:SMOMMDIS_00111 (length 63)
prokka_SMOMMDIS/SMOMMDIS:Prokka:SMOMMDIS_00112 (length 320)
prokka_SMOMMDIS/SMOMMDIS:Prokka:SMOMMDIS_00113 (length 460)
prokka_SMOMMDIS/SMOMMDIS:Prokka:SMOMMDIS_00116 (length 146)
prokka_SMOMMDIS/SMOMMDIS:Prokka:SMOMMDIS_00117 (length 53)
prokka_SMOMMDIS/SMOMMDIS:Prokka:SMOMMDIS_00118 (length 213)
prokka_SMOMMDIS/SMOMMDIS:Prokka:SMOMMDIS_00119 (length 546)
prokka_SMOMMDIS/SMOMMDIS:Prokka:SMOMMDIS_00120 (length 89)
prokka_SMOMMDIS/SMOMMDIS:Prokka:SMOMMDIS_00121 (length 438)
prokka_SMOMMDIS/SMOMMDIS:Prokka:SMOMMDIS_00122 (length 472)
prokka_SMOMMDIS/SMOMMDIS:Prokka:SMOMMDIS_00123 (length 250)
prokka_SMOMMDIS/SMOMMDIS:Prokka:SMOMMDIS_00124 (length 454)
prokka_SMOMMDIS/SMOMMDIS:Prokka:SMOMMDIS_00125 (length 408)
prokka_SMOMMDIS/SMOMMDIS:Prokka:SMOMMDIS_00126 (length 562)
prokka_SMOMMDIS/SMOMMDIS:Prokka:SMOMMDIS_00127 (length 80)
prokka_SMOMMDIS/SMOMMDIS:Prokka:SMOMMDIS_00129 (length 89)
prokka_SMOMMDIS/SMOMMDIS:Prokka:SMOMMDIS_00131 (length 79)
prokka_SMOMMDIS/SMOMMDIS:Prokka:SMOMMDIS_00132 (length 328)
prokka_SMOMMDIS/SMOMMDIS:Prokka:SMOMMDIS_00133 (length 298)
prokka_SMOMMDIS/SMOMMDIS:Prokka:SMOMMDIS_00134 (length 700)
prokka_SMOMMDIS/SMOMMDIS:Prokka:SMOMMDIS_00135 (length 69)
prokka_SMOMMDIS/SMOMMDIS:Prokka:SMOMMDIS_00136 (length 98)
prokka_SMOMMDIS/SMOMMDIS:Prokka:SMOMMDIS_00137 (length 334)
prokka_SMOMMDIS/SMOMMDIS:Prokka:SMOMMDIS_00138 (length 126)
prokka_SMOMMDIS/SMOMMDIS:Prokka:SMOMMDIS_00139 (length 156)
prokka_SMOMMDIS/SMOMMDIS:Prokka:SMOMMDIS_00140 (length 694)
prokka_SMOMMDIS/SMOMMDIS:Prokka:SMOMMDIS_00141 (length 98)
prokka_SMOMMDIS/SMOMMDIS:Prokka:SMOMMDIS_00142 (length 208)
prokka_SMOMMDIS/SMOMMDIS:Prokka:SMOMMDIS_00143 (length 215)
prokka_SMOMMDIS/SMOMMDIS:Prokka:SMOMMDIS_00144 (length 275)
prokka_SMOMMDIS/SMOMMDIS:Prokka:SMOMMDIS_00145 (length 101)
prokka_SMOMMDIS/SMOMMDIS:Prokka:SMOMMDIS_00146 (length 125)
prokka_SMOMMDIS/SMOMMDIS:Prokka:SMOMMDIS_00147 (length 240)
prokka_SMOMMDIS/SMOMMDIS:Prokka:SMOMMDIS_00148 (length 136)
prokka_SMOMMDIS/SMOMMDIS:Prokka:SMOMMDIS_00149 (length 81)
prokka_SMOMMDIS/SMOMMDIS:Prokka:SMOMMDIS_00150 (length 122)
prokka_SMOMMDIS/SMOMMDIS:Prokka:SMOMMDIS_00151 (length 122)
prokka_SMOMMDIS/SMOMMDIS:Prokka:SMOMMDIS_00152 (length 185)
prokka_SMOMMDIS/SMOMMDIS:Prokka:SMOMMDIS_00153 (length 89)
prokka_SMOMMDIS/SMOMMDIS:Prokka:SMOMMDIS_00154 (length 129)
prokka_SMOMMDIS/SMOMMDIS:Prokka:SMOMMDIS_00155 (length 185)
prokka_SMOMMDIS/SMOMMDIS:Prokka:SMOMMDIS_00156 (length 98)
prokka_SMOMMDIS/SMOMMDIS:Prokka:SMOMMDIS_00157 (length 173)
prokka_SMOMMDIS/SMOMMDIS:Prokka:SMOMMDIS_00158 (length 153)
prokka_SMOMMDIS/SMOMMDIS:Prokka:SMOMMDIS_00159 (length 30)
prokka_SMOMMDIS/SMOMMDIS:Prokka:SMOMMDIS_00160 (length 45)
prokka_SMOMMDIS/SMOMMDIS:Prokka:SMOMMDIS_00161 (length 38)
prokka_SMOMMDIS/SMOMMDIS:Prokka:SMOMMDIS_00162 (length 136)
prokka_SMOMMDIS/SMOMMDIS:Prokka:SMOMMDIS_00163 (length 116)
prokka_SMOMMDIS/SMOMMDIS:Prokka:SMOMMDIS_00164 (length 206)
prokka_SMOMMDIS/SMOMMDIS:Prokka:SMOMMDIS_00165 (length 333)
prokka_SMOMMDIS/SMOMMDIS:Prokka:SMOMMDIS_00166 (length 126)
prokka_SMOMMDIS/SMOMMDIS:Prokka:SMOMMDIS_00167 (length 298)
prokka_SMOMMDIS/SMOMMDIS:Prokka:SMOMMDIS_00168 (length 542)
prokka_SMOMMDIS/SMOMMDIS:Prokka:SMOMMDIS_00169 (length 487)
prokka_SMOMMDIS/SMOMMDIS:Prokka:SMOMMDIS_00171 (length 329)
prokka_SMOMMDIS/SMOMMDIS:Prokka:SMOMMDIS_00172 (length 359)
prokka_SMOMMDIS/SMOMMDIS:Prokka:SMOMMDIS_00173 (length 138)
prokka_SMOMMDIS/SMOMMDIS:Prokka:SMOMMDIS_00174 (length 96)
prokka_SMOMMDIS/SMOMMDIS:Prokka:SMOMMDIS_00175 (length 344)
prokka_SMOMMDIS/SMOMMDIS:Prokka:SMOMMDIS_00176 (length 78)
prokka_SMOMMDIS/SMOMMDIS:Prokka:SMOMMDIS_00177 (length 558)
prokka_SMOMMDIS/SMOMMDIS:Prokka:SMOMMDIS_00178 (length 583)

DiscRep_ALL:DISC_INCONSISTENT_MOLINFO_TECH::Molinfo Technique Report (some missing, all same)
DiscRep_SUB:DISC_INCONSISTENT_MOLINFO_TECH::technique (all missing)
DiscRep_SUB:DISC_INCONSISTENT_MOLINFO_TECH::1 Molinfos are missing field technique
prokka_SMOMMDIS/SMOMMDIS:Prokka:SMOMMDIS_1 (length 145652)

