[20:21:12] This is prokka 1.14.6
[20:21:12] Written by Torsten Seemann <torsten.seemann@gmail.com>
[20:21:12] Homepage is https://github.com/tseemann/prokka
[20:21:12] Local time is Tue Aug  9 20:21:12 2022
[20:21:12] You are diego
[20:21:12] Operating system is linux
[20:21:12] You have BioPerl 1.007002
[20:21:12] System has 12 cores.
[20:21:12] Will use maximum of 8 cores.
[20:21:12] Annotating as >>> Bacteria <<<
[20:21:12] Enabling options to ensure Genbank/ENA/DDJB submission compliance.
[20:21:12] Creating new output folder: prokka_VFMEEALB1_pseudofinder
[20:21:12] Running: mkdir -p prokka_VFMEEALB1_pseudofinder
[20:21:12] Using filename prefix: VFMEEALB1.XXX
[20:21:12] Setting HMMER_NCPU=1
[20:21:12] Writing log to: prokka_VFMEEALB1_pseudofinder/VFMEEALB1.log
[20:21:12] Command: /home/diego/miniconda3/envs/prokka_env/bin/prokka VFMEEALB1.fasta --prefix VFMEEALB1 --locustag VFMEEALB1 --outdir prokka_VFMEEALB1_pseudofinder -gcode 11 --compliant --rfam --cdsrnaolap --force
[20:21:12] Appending to PATH: /home/diego/miniconda3/envs/prokka_env/bin
[20:21:12] Looking for 'aragorn' - found /home/diego/miniconda3/envs/prokka_env/bin/aragorn
[20:21:12] Determined aragorn version is 001002 from 'ARAGORN v1.2.38 Dean Laslett'
[20:21:12] Looking for 'barrnap' - found /home/diego/miniconda3/envs/prokka_env/bin/barrnap
[20:21:12] Determined barrnap version is 000009 from 'barrnap 0.9'
[20:21:12] Looking for 'blastp' - found /home/diego/miniconda3/envs/prokka_env/bin/blastp
[20:21:12] Determined blastp version is 002010 from 'blastp: 2.10.1+'
[20:21:12] Looking for 'cmpress' - found /home/diego/miniconda3/envs/prokka_env/bin/cmpress
[20:21:12] Determined cmpress version is 001001 from '# INFERNAL 1.1.3 (Nov 2019)'
[20:21:12] Looking for 'cmscan' - found /home/diego/miniconda3/envs/prokka_env/bin/cmscan
[20:21:12] Determined cmscan version is 001001 from '# INFERNAL 1.1.3 (Nov 2019)'
[20:21:12] Looking for 'egrep' - found /usr/bin/egrep
[20:21:12] Looking for 'find' - found /usr/bin/find
[20:21:12] Looking for 'grep' - found /usr/bin/grep
[20:21:12] Looking for 'hmmpress' - found /home/diego/miniconda3/envs/prokka_env/bin/hmmpress
[20:21:12] Determined hmmpress version is 003003 from '# HMMER 3.3.2 (Nov 2020); http://hmmer.org/'
[20:21:12] Looking for 'hmmscan' - found /home/diego/miniconda3/envs/prokka_env/bin/hmmscan
[20:21:12] Determined hmmscan version is 003003 from '# HMMER 3.3.2 (Nov 2020); http://hmmer.org/'
[20:21:12] Looking for 'java' - found /home/diego/miniconda3/envs/prokka_env/bin/java
[20:21:12] Looking for 'makeblastdb' - found /home/diego/miniconda3/envs/prokka_env/bin/makeblastdb
[20:21:12] Determined makeblastdb version is 002010 from 'makeblastdb: 2.10.1+'
[20:21:12] Looking for 'minced' - found /home/diego/miniconda3/envs/prokka_env/bin/minced
[20:21:12] Determined minced version is 004002 from 'minced 0.4.2'
[20:21:12] Looking for 'parallel' - found /home/diego/miniconda3/envs/prokka_env/bin/parallel
[20:21:12] Determined parallel version is 20201122 from 'GNU parallel 20201122'
[20:21:12] Looking for 'prodigal' - found /home/diego/miniconda3/envs/prokka_env/bin/prodigal
[20:21:12] Determined prodigal version is 002006 from 'Prodigal V2.6.3: February, 2016'
[20:21:12] Looking for 'prokka-genbank_to_fasta_db' - found /home/diego/miniconda3/envs/prokka_env/bin/prokka-genbank_to_fasta_db
[20:21:12] Looking for 'rnammer' - found /home/diego/rnammer-1.2.src/rnammer
[20:21:12] Determined rnammer version is 001002 from 'This rnammer 1.2, running from '/home/diego/rnammer-1.2.src/''
[20:21:12] Looking for 'sed' - found /usr/bin/sed
[20:21:12] Looking for 'tbl2asn' - found /home/diego/tbl2asn
[20:21:12] Determined tbl2asn version is 025008 from 'tbl2asn 25.8   arguments:'
[20:21:12] Using genetic code table 11.
[20:21:12] Loading and checking input file: VFMEEALB1.fasta
[20:21:12] Wrote 1 contigs totalling 104003 bp.
[20:21:12] Predicting tRNAs and tmRNAs
[20:21:12] Running: aragorn -l -gc11  -w prokka_VFMEEALB1_pseudofinder\/VFMEEALB1\.fna
[20:21:12] 1 tRNA-Phe [13480,13551] 33 (gaa)
[20:21:12] 2 tRNA-Gln [17365,17436] 34 (ttg)
[20:21:12] 3 tRNA-Leu [35669,35743] 35 (tag)
[20:21:12] 4 tRNA-Ser [35744,35832] 35 (aga)
[20:21:12] 5 tRNA-Asn c[40307,40380] 34 (gtt)
[20:21:12] 6 tRNA-Cys c[40510,40582] 34 (gca)
[20:21:12] 7 tRNA-Gly c[40584,40654] 33 (gcc)
[20:21:12] 8 tRNA-Val [47117,47191] 35 (tac)
[20:21:12] 9 tRNA-Leu c[48604,48680] 36 (caa)
[20:21:12] 10 tRNA-Ser c[48681,48764] 35 (tga)
[20:21:12] 11 tRNA-Arg [48766,48839] 35 (acg)
[20:21:12] 12 tRNA-Thr [54711,54783] 34 (tgt)
[20:21:12] 13 tRNA-His [54784,54856] 35 (gtg)
[20:21:12] 14 tRNA-Lys c[55684,55757] 34 (ttt)
[20:21:12] 15 tRNA-Arg c[57580,57650] 33 (tct)
[20:21:12] 16 tRNA-Met c[57653,57728] 35 (cat)
[20:21:12] 17 tRNA-Pro [57764,57837] 34 (tgg)
[20:21:12] 18 tRNA-Asp c[65636,65707] 33 (gtc)
[20:21:12] 19 tRNA-Glu c[65707,65780] 35 (ttc)
[20:21:12] 20 tRNA-Ala c[86277,86344] 30 (tgc)
[20:21:12] 21 tRNA-Ile c[90423,90493] 33 (gat)
[20:21:12] 22 tRNA-Tyr [103756,103840] 36 (gta)
[20:21:12] 23 tRNA-Gly [103841,103912] 34 (tcc)
[20:21:12] 24 tRNA-Thr [103924,103997] 35 (agt)
[20:21:12] Found 24 tRNAs
[20:21:12] Predicting Ribosomal RNAs
[20:21:12] Running Barrnap with 8 threads
[20:21:13] 1 gnl|Prokka|VFMEEALB1_1 87724 23S ribosomal RNA
[20:21:13] 2 gnl|Prokka|VFMEEALB1_1 90500 16S ribosomal RNA
[20:21:13] Found 2 rRNAs
[20:21:13] Scanning for ncRNAs... please be patient.
[20:21:13] Running: cmscan -Z 0.208006 --cut_ga --rfam --nohmmonly --fmt 2 --cpu 8 --tblout /dev/stdout -o /dev/null --noali /home/diego/miniconda3/envs/prokka_env/db/cm/Bacteria prokka_VFMEEALB1_pseudofinder\/VFMEEALB1\.fna
[20:21:17] Found 0 ncRNAs.
[20:21:17] Total of 26 tRNA + rRNA features
[20:21:17] Searching for CRISPR repeats
[20:21:17] Found 0 CRISPRs
[20:21:17] Predicting coding sequences
[20:21:17] Contigs total 104003 bp, so using single mode
[20:21:17] Running: prodigal -i prokka_VFMEEALB1_pseudofinder\/VFMEEALB1\.fna -c -m -g 11 -p single -f sco -q
[20:21:17] Found 125 CDS
[20:21:17] Connecting features back to sequences
[20:21:17] Not using genus-specific database. Try --usegenus to enable it.
[20:21:17] Annotating CDS, please be patient.
[20:21:17] Will use 8 CPUs for similarity searching.
[20:21:17] There are still 125 unannotated CDS left (started with 125)
[20:21:17] Will use blast to search against /home/diego/miniconda3/envs/prokka_env/db/kingdom/Bacteria/IS with 8 CPUs
[20:21:17] Running: cat prokka_VFMEEALB1_pseudofinder\/VFMEEALB1\.IS\.tmp\.206017\.faa | parallel --gnu --plain -j 8 --block 2067 --recstart '>' --pipe blastp -query - -db /home/diego/miniconda3/envs/prokka_env/db/kingdom/Bacteria/IS -evalue 1e-30 -qcov_hsp_perc 90 -num_threads 1 -num_descriptions 1 -num_alignments 1 -seg no > prokka_VFMEEALB1_pseudofinder\/VFMEEALB1\.IS\.tmp\.206017\.blast 2> /dev/null
[20:21:18] Deleting unwanted file: prokka_VFMEEALB1_pseudofinder/VFMEEALB1.IS.tmp.206017.faa
[20:21:18] Deleting unwanted file: prokka_VFMEEALB1_pseudofinder/VFMEEALB1.IS.tmp.206017.blast
[20:21:18] There are still 125 unannotated CDS left (started with 125)
[20:21:18] Will use blast to search against /home/diego/miniconda3/envs/prokka_env/db/kingdom/Bacteria/AMR with 8 CPUs
[20:21:18] Running: cat prokka_VFMEEALB1_pseudofinder\/VFMEEALB1\.AMR\.tmp\.206017\.faa | parallel --gnu --plain -j 8 --block 2067 --recstart '>' --pipe blastp -query - -db /home/diego/miniconda3/envs/prokka_env/db/kingdom/Bacteria/AMR -evalue 9.99999999999999e-301 -qcov_hsp_perc 90 -num_threads 1 -num_descriptions 1 -num_alignments 1 -seg no > prokka_VFMEEALB1_pseudofinder\/VFMEEALB1\.AMR\.tmp\.206017\.blast 2> /dev/null
[20:21:19] Deleting unwanted file: prokka_VFMEEALB1_pseudofinder/VFMEEALB1.AMR.tmp.206017.faa
[20:21:19] Deleting unwanted file: prokka_VFMEEALB1_pseudofinder/VFMEEALB1.AMR.tmp.206017.blast
[20:21:19] There are still 125 unannotated CDS left (started with 125)
[20:21:19] Will use blast to search against /home/diego/miniconda3/envs/prokka_env/db/kingdom/Bacteria/sprot with 8 CPUs
[20:21:19] Running: cat prokka_VFMEEALB1_pseudofinder\/VFMEEALB1\.sprot\.tmp\.206017\.faa | parallel --gnu --plain -j 8 --block 2067 --recstart '>' --pipe blastp -query - -db /home/diego/miniconda3/envs/prokka_env/db/kingdom/Bacteria/sprot -evalue 1e-09 -qcov_hsp_perc 80 -num_threads 1 -num_descriptions 1 -num_alignments 1 -seg no > prokka_VFMEEALB1_pseudofinder\/VFMEEALB1\.sprot\.tmp\.206017\.blast 2> /dev/null
[20:21:21] Deleting unwanted file: prokka_VFMEEALB1_pseudofinder/VFMEEALB1.sprot.tmp.206017.faa
[20:21:21] Deleting unwanted file: prokka_VFMEEALB1_pseudofinder/VFMEEALB1.sprot.tmp.206017.blast
[20:21:21] There are still 48 unannotated CDS left (started with 125)
[20:21:21] Will use hmmer3 to search against /home/diego/miniconda3/envs/prokka_env/db/hmm/HAMAP.hmm with 8 CPUs
[20:21:21] Running: cat prokka_VFMEEALB1_pseudofinder\/VFMEEALB1\.HAMAP\.hmm\.tmp\.206017\.faa | parallel --gnu --plain -j 8 --block 536 --recstart '>' --pipe hmmscan --noali --notextw --acc -E 1e-09 --cpu 1 /home/diego/miniconda3/envs/prokka_env/db/hmm/HAMAP.hmm /dev/stdin > prokka_VFMEEALB1_pseudofinder\/VFMEEALB1\.HAMAP\.hmm\.tmp\.206017\.hmmer3 2> /dev/null
[20:21:22] Deleting unwanted file: prokka_VFMEEALB1_pseudofinder/VFMEEALB1.HAMAP.hmm.tmp.206017.faa
[20:21:22] Deleting unwanted file: prokka_VFMEEALB1_pseudofinder/VFMEEALB1.HAMAP.hmm.tmp.206017.hmmer3
[20:21:22] Labelling remaining 39 proteins as 'hypothetical protein'
[20:21:22] Found 86 unique /gene codes.
[20:21:22] Fixed 0 colliding /gene names.
[20:21:22] Adding /locus_tag identifiers
[20:21:22] Assigned 151 locus_tags to CDS and RNA features.
[20:21:22] Writing outputs to prokka_VFMEEALB1_pseudofinder/
[20:21:22] Generating annotation statistics file
[20:21:22] Generating Genbank and Sequin files
[20:21:22] Running: tbl2asn -V b -a r10k -l paired-ends -M n -N 1 -y 'Annotated using prokka 1.14.6 from https://github.com/tseemann/prokka' -Z prokka_VFMEEALB1_pseudofinder\/VFMEEALB1\.err -i prokka_VFMEEALB1_pseudofinder\/VFMEEALB1\.fsa 2> /dev/null
[20:21:22] Deleting unwanted file: prokka_VFMEEALB1_pseudofinder/errorsummary.val
[20:21:22] Deleting unwanted file: prokka_VFMEEALB1_pseudofinder/VFMEEALB1.dr
[20:21:22] Deleting unwanted file: prokka_VFMEEALB1_pseudofinder/VFMEEALB1.fixedproducts
[20:21:22] Deleting unwanted file: prokka_VFMEEALB1_pseudofinder/VFMEEALB1.ecn
[20:21:22] Deleting unwanted file: prokka_VFMEEALB1_pseudofinder/VFMEEALB1.val
[20:21:22] Repairing broken .GBK output that tbl2asn produces...
[20:21:22] Running: sed 's/COORDINATES: profile/COORDINATES:profile/' < prokka_VFMEEALB1_pseudofinder\/VFMEEALB1\.gbf > prokka_VFMEEALB1_pseudofinder\/VFMEEALB1\.gbk
[20:21:22] Deleting unwanted file: prokka_VFMEEALB1_pseudofinder/VFMEEALB1.gbf
[20:21:22] Output files:
[20:21:22] prokka_VFMEEALB1_pseudofinder/VFMEEALB1.gff
[20:21:22] prokka_VFMEEALB1_pseudofinder/VFMEEALB1.txt
[20:21:22] prokka_VFMEEALB1_pseudofinder/VFMEEALB1.tbl
[20:21:22] prokka_VFMEEALB1_pseudofinder/VFMEEALB1.tsv
[20:21:22] prokka_VFMEEALB1_pseudofinder/VFMEEALB1.fsa
[20:21:22] prokka_VFMEEALB1_pseudofinder/VFMEEALB1.fna
[20:21:22] prokka_VFMEEALB1_pseudofinder/VFMEEALB1.faa
[20:21:22] prokka_VFMEEALB1_pseudofinder/VFMEEALB1.log
[20:21:22] prokka_VFMEEALB1_pseudofinder/VFMEEALB1.sqn
[20:21:22] prokka_VFMEEALB1_pseudofinder/VFMEEALB1.err
[20:21:22] prokka_VFMEEALB1_pseudofinder/VFMEEALB1.ffn
[20:21:22] prokka_VFMEEALB1_pseudofinder/VFMEEALB1.gbk
[20:21:22] Annotation finished successfully.
[20:21:22] Walltime used: 0.17 minutes
[20:21:22] If you use this result please cite the Prokka paper:
[20:21:22] Seemann T (2014) Prokka: rapid prokaryotic genome annotation. Bioinformatics. 30(14):2068-9.
[20:21:22] Type 'prokka --citation' for more details.
[20:21:22] Thank you, come again.
