[13:48:39] This is prokka 1.14.6
[13:48:39] Written by Torsten Seemann <torsten.seemann@gmail.com>
[13:48:39] Homepage is https://github.com/tseemann/prokka
[13:48:39] Local time is Thu Nov 10 13:48:39 2022
[13:48:39] You are diego
[13:48:39] Operating system is linux
[13:48:39] You have BioPerl 1.007002
[13:48:39] System has 12 cores.
[13:48:39] Will use maximum of 8 cores.
[13:48:39] Annotating as >>> Bacteria <<<
[13:48:39] Creating new output folder: prokka_VFPENROR
[13:48:39] Running: mkdir -p prokka_VFPENROR
[13:48:39] Using filename prefix: VFPENROR.XXX
[13:48:39] Setting HMMER_NCPU=1
[13:48:39] Writing log to: prokka_VFPENROR/VFPENROR.log
[13:48:39] Command: /home/diego/miniconda3/envs/prokka_env/bin/prokka VFPENROR.fasta --prefix VFPENROR --outdir prokka_VFPENROR --cpus 8 --locustag VFPENROR
[13:48:39] Appending to PATH: /home/diego/miniconda3/envs/prokka_env/bin
[13:48:39] Looking for 'aragorn' - found /home/diego/miniconda3/envs/prokka_env/bin/aragorn
[13:48:39] Determined aragorn version is 001002 from 'ARAGORN v1.2.38 Dean Laslett'
[13:48:39] Looking for 'barrnap' - found /home/diego/miniconda3/envs/prokka_env/bin/barrnap
[13:48:39] Determined barrnap version is 000009 from 'barrnap 0.9'
[13:48:39] Looking for 'blastp' - found /home/diego/miniconda3/envs/prokka_env/bin/blastp
[13:48:39] Determined blastp version is 002010 from 'blastp: 2.10.1+'
[13:48:39] Looking for 'cmpress' - found /home/diego/miniconda3/envs/prokka_env/bin/cmpress
[13:48:39] Determined cmpress version is 001001 from '# INFERNAL 1.1.3 (Nov 2019)'
[13:48:39] Looking for 'cmscan' - found /home/diego/miniconda3/envs/prokka_env/bin/cmscan
[13:48:39] Determined cmscan version is 001001 from '# INFERNAL 1.1.3 (Nov 2019)'
[13:48:39] Looking for 'egrep' - found /usr/bin/egrep
[13:48:39] Looking for 'find' - found /usr/bin/find
[13:48:39] Looking for 'grep' - found /usr/bin/grep
[13:48:39] Looking for 'hmmpress' - found /home/diego/miniconda3/envs/prokka_env/bin/hmmpress
[13:48:39] Determined hmmpress version is 003003 from '# HMMER 3.3.2 (Nov 2020); http://hmmer.org/'
[13:48:39] Looking for 'hmmscan' - found /home/diego/miniconda3/envs/prokka_env/bin/hmmscan
[13:48:39] Determined hmmscan version is 003003 from '# HMMER 3.3.2 (Nov 2020); http://hmmer.org/'
[13:48:39] Looking for 'java' - found /home/diego/miniconda3/envs/prokka_env/bin/java
[13:48:39] Looking for 'makeblastdb' - found /home/diego/miniconda3/envs/prokka_env/bin/makeblastdb
[13:48:39] Determined makeblastdb version is 002010 from 'makeblastdb: 2.10.1+'
[13:48:39] Looking for 'minced' - found /home/diego/miniconda3/envs/prokka_env/bin/minced
[13:48:40] Determined minced version is 004002 from 'minced 0.4.2'
[13:48:40] Looking for 'parallel' - found /home/diego/miniconda3/envs/prokka_env/bin/parallel
[13:48:40] Determined parallel version is 20201122 from 'GNU parallel 20201122'
[13:48:40] Looking for 'prodigal' - found /home/diego/miniconda3/envs/prokka_env/bin/prodigal
[13:48:40] Determined prodigal version is 002006 from 'Prodigal V2.6.3: February, 2016'
[13:48:40] Looking for 'prokka-genbank_to_fasta_db' - found /home/diego/miniconda3/envs/prokka_env/bin/prokka-genbank_to_fasta_db
[13:48:40] Looking for 'rnammer' - found /home/diego/rnammer-1.2.src/rnammer
[13:48:40] Determined rnammer version is 001002 from 'This rnammer 1.2, running from '/home/diego/rnammer-1.2.src/''
[13:48:40] Looking for 'sed' - found /usr/bin/sed
[13:48:40] Looking for 'tbl2asn' - found /home/diego/tbl2asn
[13:48:40] Determined tbl2asn version is 025008 from 'tbl2asn 25.8   arguments:'
[13:48:40] Using genetic code table 11.
[13:48:40] Loading and checking input file: VFPENROR.fasta
[13:48:40] Wrote 1 contigs totalling 132221 bp.
[13:48:40] Predicting tRNAs and tmRNAs
[13:48:40] Running: aragorn -l -gc11  -w prokka_VFPENROR\/VFPENROR\.fna
[13:48:40] 1 tRNA-Trp [1190,1261] 33 (cca)
[13:48:40] 2 tRNA-Phe [14424,14498] 35 (gaa)
[13:48:40] 3 tRNA-Gln [21635,21707] 34 (ttg)
[13:48:40] 4 tRNA-Ser [30182,30266] 35 (gct)
[13:48:40] 5 tRNA-Leu [53025,53099] 35 (tag)
[13:48:40] 6 tRNA-Ser [53100,53186] 36 (aga)
[13:48:40] 7 tRNA-Asn c[60380,60452] 34 (gtt)
[13:48:40] 8 tRNA-Cys c[61153,61223] 33 (gca)
[13:48:40] 9 tRNA-Gly c[61223,61297] 35 (gcc)
[13:48:40] 10 tRNA-Val [68265,68339] 35 (tac)
[13:48:40] 11 tRNA-Leu c[69921,70003] 35 (caa)
[13:48:40] 12 tRNA-Ser c[70004,70089] 35 (tga)
[13:48:40] 13 tRNA-Arg [70182,70252] 33 (acg)
[13:48:40] 14 tRNA-Thr [76226,76296] 33 (tgt)
[13:48:40] 15 tRNA-His [76308,76380] 33 (gtg)
[13:48:40] 16 tRNA-Lys c[77225,77297] 34 (ttt)
[13:48:40] 17 tRNA-Lys c[77298,77370] 33 (ctt)
[13:48:40] 18 tRNA-Val c[80542,80613] 33 (aac)
[13:48:40] 19 tRNA-Arg c[81621,81691] 33 (tct)
[13:48:40] 20 tRNA-Met c[81808,81880] 34 (cat)
[13:48:40] 21 tRNA-Pro [81934,82008] 36 (tgg)
[13:48:40] 22 tRNA-Asp c[92399,92471] 34 (gtc)
[13:48:40] 23 tRNA-Glu c[92473,92546] 35 (ttc)
[13:48:40] 24 tRNA-Ile c[117319,117389] 33 (gat)
[13:48:40] 25 tRNA-Ala c[117391,117464] 34 (tgc)
[13:48:40] 26 tRNA-Met c[131885,131958] 35 (cat)
[13:48:40] 27 tRNA-Tyr [131972,132059] 36 (gta)
[13:48:40] 28 tRNA-Gly [132058,132130] 34 (tcc)
[13:48:40] 29 tRNA-Thr [132141,132214] 34 (agt)
[13:48:40] Found 29 tRNAs
[13:48:40] Predicting Ribosomal RNAs
[13:48:40] Running Barrnap with 8 threads
[13:48:40] 1 VFPENROR 114463 23S ribosomal RNA
[13:48:40] 2 VFPENROR 117491 16S ribosomal RNA
[13:48:40] Found 2 rRNAs
[13:48:40] Skipping ncRNA search, enable with --rfam if desired.
[13:48:40] Total of 31 tRNA + rRNA features
[13:48:40] Searching for CRISPR repeats
[13:48:41] Found 0 CRISPRs
[13:48:41] Predicting coding sequences
[13:48:41] Contigs total 132221 bp, so using single mode
[13:48:41] Running: prodigal -i prokka_VFPENROR\/VFPENROR\.fna -c -m -g 11 -p single -f sco -q
[13:48:41] Excluding CDS which overlaps existing RNA (tRNA) at VFPENROR:1..1191 on + strand
[13:48:41] Excluding CDS which overlaps existing RNA (tRNA) at VFPENROR:14003..14431 on + strand
[13:48:41] Excluding CDS which overlaps existing RNA (tRNA) at VFPENROR:30265..32583 on - strand
[13:48:41] Excluding CDS which overlaps existing RNA (tRNA) at VFPENROR:53159..54262 on - strand
[13:48:41] Excluding CDS which overlaps existing RNA (tRNA) at VFPENROR:60172..60387 on + strand
[13:48:41] Excluding CDS which overlaps existing RNA (tRNA) at VFPENROR:61293..61874 on - strand
[13:48:41] Excluding CDS which overlaps existing RNA (tRNA) at VFPENROR:67112..68275 on + strand
[13:48:41] Excluding CDS which overlaps existing RNA (tRNA) at VFPENROR:68879..69970 on + strand
[13:48:41] Excluding CDS which overlaps existing RNA (tRNA) at VFPENROR:70226..70852 on + strand
[13:48:41] Excluding CDS which overlaps existing RNA (tRNA) at VFPENROR:75945..76235 on + strand
[13:48:41] Excluding CDS which overlaps existing RNA (tRNA) at VFPENROR:76389..77243 on + strand
[13:48:41] Excluding CDS which overlaps existing RNA (tRNA) at VFPENROR:77361..78758 on - strand
[13:48:41] Excluding CDS which overlaps existing RNA (tRNA) at VFPENROR:80613..81629 on - strand
[13:48:41] Excluding CDS which overlaps existing RNA (tRNA) at VFPENROR:81713..81826 on + strand
[13:48:41] Excluding CDS which overlaps existing RNA (tRNA) at VFPENROR:92221..92406 on + strand
[13:48:41] Excluding CDS which overlaps existing RNA (tRNA) at VFPENROR:92497..93630 on - strand
[13:48:41] Excluding CDS which overlaps existing RNA (rRNA) at VFPENROR:114667..114933 on + strand
[13:48:41] Excluding CDS which overlaps existing RNA (rRNA) at VFPENROR:115955..116182 on - strand
[13:48:41] Excluding CDS which overlaps existing RNA (rRNA) at VFPENROR:116426..116617 on + strand
[13:48:41] Found 139 CDS
[13:48:41] Connecting features back to sequences
[13:48:41] Not using genus-specific database. Try --usegenus to enable it.
[13:48:41] Annotating CDS, please be patient.
[13:48:41] Will use 8 CPUs for similarity searching.
[13:48:41] There are still 139 unannotated CDS left (started with 139)
[13:48:41] Will use blast to search against /home/diego/miniconda3/envs/prokka_env/db/kingdom/Bacteria/IS with 8 CPUs
[13:48:41] Running: cat prokka_VFPENROR\/VFPENROR\.IS\.tmp\.129137\.faa | parallel --gnu --plain -j 8 --block 2307 --recstart '>' --pipe blastp -query - -db /home/diego/miniconda3/envs/prokka_env/db/kingdom/Bacteria/IS -evalue 1e-30 -qcov_hsp_perc 90 -num_threads 1 -num_descriptions 1 -num_alignments 1 -seg no > prokka_VFPENROR\/VFPENROR\.IS\.tmp\.129137\.blast 2> /dev/null
[13:48:43] Deleting unwanted file: prokka_VFPENROR/VFPENROR.IS.tmp.129137.faa
[13:48:43] Deleting unwanted file: prokka_VFPENROR/VFPENROR.IS.tmp.129137.blast
[13:48:43] There are still 139 unannotated CDS left (started with 139)
[13:48:43] Will use blast to search against /home/diego/miniconda3/envs/prokka_env/db/kingdom/Bacteria/AMR with 8 CPUs
[13:48:43] Running: cat prokka_VFPENROR\/VFPENROR\.AMR\.tmp\.129137\.faa | parallel --gnu --plain -j 8 --block 2307 --recstart '>' --pipe blastp -query - -db /home/diego/miniconda3/envs/prokka_env/db/kingdom/Bacteria/AMR -evalue 9.99999999999999e-301 -qcov_hsp_perc 90 -num_threads 1 -num_descriptions 1 -num_alignments 1 -seg no > prokka_VFPENROR\/VFPENROR\.AMR\.tmp\.129137\.blast 2> /dev/null
[13:48:44] Deleting unwanted file: prokka_VFPENROR/VFPENROR.AMR.tmp.129137.faa
[13:48:44] Deleting unwanted file: prokka_VFPENROR/VFPENROR.AMR.tmp.129137.blast
[13:48:44] There are still 139 unannotated CDS left (started with 139)
[13:48:44] Will use blast to search against /home/diego/miniconda3/envs/prokka_env/db/kingdom/Bacteria/sprot with 8 CPUs
[13:48:44] Running: cat prokka_VFPENROR\/VFPENROR\.sprot\.tmp\.129137\.faa | parallel --gnu --plain -j 8 --block 2307 --recstart '>' --pipe blastp -query - -db /home/diego/miniconda3/envs/prokka_env/db/kingdom/Bacteria/sprot -evalue 1e-09 -qcov_hsp_perc 80 -num_threads 1 -num_descriptions 1 -num_alignments 1 -seg no > prokka_VFPENROR\/VFPENROR\.sprot\.tmp\.129137\.blast 2> /dev/null
[13:48:47] Deleting unwanted file: prokka_VFPENROR/VFPENROR.sprot.tmp.129137.faa
[13:48:47] Deleting unwanted file: prokka_VFPENROR/VFPENROR.sprot.tmp.129137.blast
[13:48:47] There are still 53 unannotated CDS left (started with 139)
[13:48:47] Will use hmmer3 to search against /home/diego/miniconda3/envs/prokka_env/db/hmm/HAMAP.hmm with 8 CPUs
[13:48:47] Running: cat prokka_VFPENROR\/VFPENROR\.HAMAP\.hmm\.tmp\.129137\.faa | parallel --gnu --plain -j 8 --block 630 --recstart '>' --pipe hmmscan --noali --notextw --acc -E 1e-09 --cpu 1 /home/diego/miniconda3/envs/prokka_env/db/hmm/HAMAP.hmm /dev/stdin > prokka_VFPENROR\/VFPENROR\.HAMAP\.hmm\.tmp\.129137\.hmmer3 2> /dev/null
[13:48:48] Deleting unwanted file: prokka_VFPENROR/VFPENROR.HAMAP.hmm.tmp.129137.faa
[13:48:48] Deleting unwanted file: prokka_VFPENROR/VFPENROR.HAMAP.hmm.tmp.129137.hmmer3
[13:48:48] Labelling remaining 38 proteins as 'hypothetical protein'
[13:48:48] Possible /pseudo 'tRNA-2-methylthio-N(6)-dimethylallyladenosine synthase' at VFPENROR position 14818
[13:48:48] Found 98 unique /gene codes.
[13:48:48] Fixed 2 duplicate /gene - prfA_1 prfA_2
[13:48:48] Fixed 2 duplicate /gene - rpoB_1 rpoB_2
[13:48:48] Fixed 2 duplicate /gene - miaB_1 miaB_2
[13:48:48] Fixed 3 colliding /gene names.
[13:48:48] Adding /locus_tag identifiers
[13:48:48] Assigned 170 locus_tags to CDS and RNA features.
[13:48:48] Writing outputs to prokka_VFPENROR/
[13:48:48] Generating annotation statistics file
[13:48:48] Generating Genbank and Sequin files
[13:48:48] Running: tbl2asn -V b -a r10k -l paired-ends -M n -N 1 -y 'Annotated using prokka 1.14.6 from https://github.com/tseemann/prokka' -Z prokka_VFPENROR\/VFPENROR\.err -i prokka_VFPENROR\/VFPENROR\.fsa 2> /dev/null
[13:48:49] Deleting unwanted file: prokka_VFPENROR/errorsummary.val
[13:48:49] Deleting unwanted file: prokka_VFPENROR/VFPENROR.dr
[13:48:49] Deleting unwanted file: prokka_VFPENROR/VFPENROR.fixedproducts
[13:48:49] Deleting unwanted file: prokka_VFPENROR/VFPENROR.ecn
[13:48:49] Deleting unwanted file: prokka_VFPENROR/VFPENROR.val
[13:48:49] Repairing broken .GBK output that tbl2asn produces...
[13:48:49] Running: sed 's/COORDINATES: profile/COORDINATES:profile/' < prokka_VFPENROR\/VFPENROR\.gbf > prokka_VFPENROR\/VFPENROR\.gbk
[13:48:49] Deleting unwanted file: prokka_VFPENROR/VFPENROR.gbf
[13:48:49] Output files:
[13:48:49] prokka_VFPENROR/VFPENROR.txt
[13:48:49] prokka_VFPENROR/VFPENROR.tbl
[13:48:49] prokka_VFPENROR/VFPENROR.ffn
[13:48:49] prokka_VFPENROR/VFPENROR.tsv
[13:48:49] prokka_VFPENROR/VFPENROR.fna
[13:48:49] prokka_VFPENROR/VFPENROR.fsa
[13:48:49] prokka_VFPENROR/VFPENROR.log
[13:48:49] prokka_VFPENROR/VFPENROR.gff
[13:48:49] prokka_VFPENROR/VFPENROR.gbk
[13:48:49] prokka_VFPENROR/VFPENROR.err
[13:48:49] prokka_VFPENROR/VFPENROR.sqn
[13:48:49] prokka_VFPENROR/VFPENROR.faa
[13:48:49] Annotation finished successfully.
[13:48:49] Walltime used: 0.17 minutes
[13:48:49] If you use this result please cite the Prokka paper:
[13:48:49] Seemann T (2014) Prokka: rapid prokaryotic genome annotation. Bioinformatics. 30(14):2068-9.
[13:48:49] Type 'prokka --citation' for more details.
[13:48:49] Thank you, come again.
