[13:47:15] This is prokka 1.14.6
[13:47:15] Written by Torsten Seemann <torsten.seemann@gmail.com>
[13:47:15] Homepage is https://github.com/tseemann/prokka
[13:47:15] Local time is Thu Nov 10 13:47:15 2022
[13:47:15] You are diego
[13:47:15] Operating system is linux
[13:47:15] You have BioPerl 1.007002
[13:47:15] System has 12 cores.
[13:47:15] Will use maximum of 8 cores.
[13:47:15] Annotating as >>> Bacteria <<<
[13:47:15] Creating new output folder: prokka_VFKELVIT
[13:47:15] Running: mkdir -p prokka_VFKELVIT
[13:47:15] Using filename prefix: VFKELVIT.XXX
[13:47:15] Setting HMMER_NCPU=1
[13:47:15] Writing log to: prokka_VFKELVIT/VFKELVIT.log
[13:47:15] Command: /home/diego/miniconda3/envs/prokka_env/bin/prokka VFKELVIT.fasta --prefix VFKELVIT --outdir prokka_VFKELVIT --cpus 8 --locustag VFKELVIT
[13:47:15] Appending to PATH: /home/diego/miniconda3/envs/prokka_env/bin
[13:47:15] Looking for 'aragorn' - found /home/diego/miniconda3/envs/prokka_env/bin/aragorn
[13:47:15] Determined aragorn version is 001002 from 'ARAGORN v1.2.38 Dean Laslett'
[13:47:15] Looking for 'barrnap' - found /home/diego/miniconda3/envs/prokka_env/bin/barrnap
[13:47:15] Determined barrnap version is 000009 from 'barrnap 0.9'
[13:47:15] Looking for 'blastp' - found /home/diego/miniconda3/envs/prokka_env/bin/blastp
[13:47:16] Determined blastp version is 002010 from 'blastp: 2.10.1+'
[13:47:16] Looking for 'cmpress' - found /home/diego/miniconda3/envs/prokka_env/bin/cmpress
[13:47:16] Determined cmpress version is 001001 from '# INFERNAL 1.1.3 (Nov 2019)'
[13:47:16] Looking for 'cmscan' - found /home/diego/miniconda3/envs/prokka_env/bin/cmscan
[13:47:16] Determined cmscan version is 001001 from '# INFERNAL 1.1.3 (Nov 2019)'
[13:47:16] Looking for 'egrep' - found /usr/bin/egrep
[13:47:16] Looking for 'find' - found /usr/bin/find
[13:47:16] Looking for 'grep' - found /usr/bin/grep
[13:47:16] Looking for 'hmmpress' - found /home/diego/miniconda3/envs/prokka_env/bin/hmmpress
[13:47:16] Determined hmmpress version is 003003 from '# HMMER 3.3.2 (Nov 2020); http://hmmer.org/'
[13:47:16] Looking for 'hmmscan' - found /home/diego/miniconda3/envs/prokka_env/bin/hmmscan
[13:47:16] Determined hmmscan version is 003003 from '# HMMER 3.3.2 (Nov 2020); http://hmmer.org/'
[13:47:16] Looking for 'java' - found /home/diego/miniconda3/envs/prokka_env/bin/java
[13:47:16] Looking for 'makeblastdb' - found /home/diego/miniconda3/envs/prokka_env/bin/makeblastdb
[13:47:16] Determined makeblastdb version is 002010 from 'makeblastdb: 2.10.1+'
[13:47:16] Looking for 'minced' - found /home/diego/miniconda3/envs/prokka_env/bin/minced
[13:47:16] Determined minced version is 004002 from 'minced 0.4.2'
[13:47:16] Looking for 'parallel' - found /home/diego/miniconda3/envs/prokka_env/bin/parallel
[13:47:16] Determined parallel version is 20201122 from 'GNU parallel 20201122'
[13:47:16] Looking for 'prodigal' - found /home/diego/miniconda3/envs/prokka_env/bin/prodigal
[13:47:16] Determined prodigal version is 002006 from 'Prodigal V2.6.3: February, 2016'
[13:47:16] Looking for 'prokka-genbank_to_fasta_db' - found /home/diego/miniconda3/envs/prokka_env/bin/prokka-genbank_to_fasta_db
[13:47:16] Looking for 'rnammer' - found /home/diego/rnammer-1.2.src/rnammer
[13:47:16] Determined rnammer version is 001002 from 'This rnammer 1.2, running from '/home/diego/rnammer-1.2.src/''
[13:47:16] Looking for 'sed' - found /usr/bin/sed
[13:47:16] Looking for 'tbl2asn' - found /home/diego/tbl2asn
[13:47:16] Determined tbl2asn version is 025008 from 'tbl2asn 25.8   arguments:'
[13:47:16] Using genetic code table 11.
[13:47:16] Loading and checking input file: VFKELVIT.fasta
[13:47:16] Wrote 1 contigs totalling 102682 bp.
[13:47:16] Predicting tRNAs and tmRNAs
[13:47:16] Running: aragorn -l -gc11  -w prokka_VFKELVIT\/VFKELVIT\.fna
[13:47:16] 1 tRNA-Leu c[40633,40710] 37 (taa)
[13:47:16] 2 tRNA-Met c[40830,40901] 33 (cat)
[13:47:16] 3 tRNA-Gln c[68595,68673] 36 (ttg)
[13:47:16] 4 tRNA-Ala c[68675,68747] 33 (tgc)
[13:47:16] Found 4 tRNAs
[13:47:16] Predicting Ribosomal RNAs
[13:47:16] Running Barrnap with 8 threads
[13:47:17] 1 VFKELVIT 65674 23S ribosomal RNA
[13:47:17] 2 VFKELVIT 68780 16S ribosomal RNA
[13:47:17] Found 2 rRNAs
[13:47:17] Skipping ncRNA search, enable with --rfam if desired.
[13:47:17] Total of 6 tRNA + rRNA features
[13:47:17] Searching for CRISPR repeats
[13:47:17] Found 0 CRISPRs
[13:47:17] Predicting coding sequences
[13:47:17] Contigs total 102682 bp, so using single mode
[13:47:17] Running: prodigal -i prokka_VFKELVIT\/VFKELVIT\.fna -c -m -g 11 -p single -f sco -q
[13:47:18] Excluding CDS which overlaps existing RNA (tRNA) at VFKELVIT:40710..40841 on + strand
[13:47:18] Excluding CDS which overlaps existing RNA (rRNA) at VFKELVIT:65821..66162 on + strand
[13:47:18] Found 131 CDS
[13:47:18] Connecting features back to sequences
[13:47:18] Not using genus-specific database. Try --usegenus to enable it.
[13:47:18] Annotating CDS, please be patient.
[13:47:18] Will use 8 CPUs for similarity searching.
[13:47:18] There are still 131 unannotated CDS left (started with 131)
[13:47:18] Will use blast to search against /home/diego/miniconda3/envs/prokka_env/db/kingdom/Bacteria/IS with 8 CPUs
[13:47:18] Running: cat prokka_VFKELVIT\/VFKELVIT\.IS\.tmp\.122184\.faa | parallel --gnu --plain -j 8 --block 1857 --recstart '>' --pipe blastp -query - -db /home/diego/miniconda3/envs/prokka_env/db/kingdom/Bacteria/IS -evalue 1e-30 -qcov_hsp_perc 90 -num_threads 1 -num_descriptions 1 -num_alignments 1 -seg no > prokka_VFKELVIT\/VFKELVIT\.IS\.tmp\.122184\.blast 2> /dev/null
[13:47:19] Deleting unwanted file: prokka_VFKELVIT/VFKELVIT.IS.tmp.122184.faa
[13:47:19] Deleting unwanted file: prokka_VFKELVIT/VFKELVIT.IS.tmp.122184.blast
[13:47:19] There are still 131 unannotated CDS left (started with 131)
[13:47:19] Will use blast to search against /home/diego/miniconda3/envs/prokka_env/db/kingdom/Bacteria/AMR with 8 CPUs
[13:47:19] Running: cat prokka_VFKELVIT\/VFKELVIT\.AMR\.tmp\.122184\.faa | parallel --gnu --plain -j 8 --block 1857 --recstart '>' --pipe blastp -query - -db /home/diego/miniconda3/envs/prokka_env/db/kingdom/Bacteria/AMR -evalue 9.99999999999999e-301 -qcov_hsp_perc 90 -num_threads 1 -num_descriptions 1 -num_alignments 1 -seg no > prokka_VFKELVIT\/VFKELVIT\.AMR\.tmp\.122184\.blast 2> /dev/null
[13:47:20] Deleting unwanted file: prokka_VFKELVIT/VFKELVIT.AMR.tmp.122184.faa
[13:47:20] Deleting unwanted file: prokka_VFKELVIT/VFKELVIT.AMR.tmp.122184.blast
[13:47:20] There are still 131 unannotated CDS left (started with 131)
[13:47:20] Will use blast to search against /home/diego/miniconda3/envs/prokka_env/db/kingdom/Bacteria/sprot with 8 CPUs
[13:47:20] Running: cat prokka_VFKELVIT\/VFKELVIT\.sprot\.tmp\.122184\.faa | parallel --gnu --plain -j 8 --block 1857 --recstart '>' --pipe blastp -query - -db /home/diego/miniconda3/envs/prokka_env/db/kingdom/Bacteria/sprot -evalue 1e-09 -qcov_hsp_perc 80 -num_threads 1 -num_descriptions 1 -num_alignments 1 -seg no > prokka_VFKELVIT\/VFKELVIT\.sprot\.tmp\.122184\.blast 2> /dev/null
[13:47:22] Modify product: Probable phosphatase Rv3661 => putative phosphatase
[13:47:22] Cleaned 1 /product names
[13:47:22] Deleting unwanted file: prokka_VFKELVIT/VFKELVIT.sprot.tmp.122184.faa
[13:47:22] Deleting unwanted file: prokka_VFKELVIT/VFKELVIT.sprot.tmp.122184.blast
[13:47:22] There are still 69 unannotated CDS left (started with 131)
[13:47:22] Will use hmmer3 to search against /home/diego/miniconda3/envs/prokka_env/db/hmm/HAMAP.hmm with 8 CPUs
[13:47:22] Running: cat prokka_VFKELVIT\/VFKELVIT\.HAMAP\.hmm\.tmp\.122184\.faa | parallel --gnu --plain -j 8 --block 609 --recstart '>' --pipe hmmscan --noali --notextw --acc -E 1e-09 --cpu 1 /home/diego/miniconda3/envs/prokka_env/db/hmm/HAMAP.hmm /dev/stdin > prokka_VFKELVIT\/VFKELVIT\.HAMAP\.hmm\.tmp\.122184\.hmmer3 2> /dev/null
[13:47:23] Deleting unwanted file: prokka_VFKELVIT/VFKELVIT.HAMAP.hmm.tmp.122184.faa
[13:47:23] Deleting unwanted file: prokka_VFKELVIT/VFKELVIT.HAMAP.hmm.tmp.122184.hmmer3
[13:47:23] Labelling remaining 58 proteins as 'hypothetical protein'
[13:47:23] Found 71 unique /gene codes.
[13:47:23] Fixed 0 colliding /gene names.
[13:47:23] Adding /locus_tag identifiers
[13:47:23] Assigned 137 locus_tags to CDS and RNA features.
[13:47:23] Writing outputs to prokka_VFKELVIT/
[13:47:23] Generating annotation statistics file
[13:47:23] Generating Genbank and Sequin files
[13:47:23] Running: tbl2asn -V b -a r10k -l paired-ends -M n -N 1 -y 'Annotated using prokka 1.14.6 from https://github.com/tseemann/prokka' -Z prokka_VFKELVIT\/VFKELVIT\.err -i prokka_VFKELVIT\/VFKELVIT\.fsa 2> /dev/null
[13:47:24] Deleting unwanted file: prokka_VFKELVIT/errorsummary.val
[13:47:24] Deleting unwanted file: prokka_VFKELVIT/VFKELVIT.dr
[13:47:24] Deleting unwanted file: prokka_VFKELVIT/VFKELVIT.fixedproducts
[13:47:24] Deleting unwanted file: prokka_VFKELVIT/VFKELVIT.ecn
[13:47:24] Deleting unwanted file: prokka_VFKELVIT/VFKELVIT.val
[13:47:24] Repairing broken .GBK output that tbl2asn produces...
[13:47:24] Running: sed 's/COORDINATES: profile/COORDINATES:profile/' < prokka_VFKELVIT\/VFKELVIT\.gbf > prokka_VFKELVIT\/VFKELVIT\.gbk
[13:47:24] Deleting unwanted file: prokka_VFKELVIT/VFKELVIT.gbf
[13:47:24] Output files:
[13:47:24] prokka_VFKELVIT/VFKELVIT.gbk
[13:47:24] prokka_VFKELVIT/VFKELVIT.err
[13:47:24] prokka_VFKELVIT/VFKELVIT.tsv
[13:47:24] prokka_VFKELVIT/VFKELVIT.fsa
[13:47:24] prokka_VFKELVIT/VFKELVIT.ffn
[13:47:24] prokka_VFKELVIT/VFKELVIT.tbl
[13:47:24] prokka_VFKELVIT/VFKELVIT.txt
[13:47:24] prokka_VFKELVIT/VFKELVIT.faa
[13:47:24] prokka_VFKELVIT/VFKELVIT.gff
[13:47:24] prokka_VFKELVIT/VFKELVIT.sqn
[13:47:24] prokka_VFKELVIT/VFKELVIT.log
[13:47:24] prokka_VFKELVIT/VFKELVIT.fna
[13:47:24] Annotation finished successfully.
[13:47:24] Walltime used: 0.15 minutes
[13:47:24] If you use this result please cite the Prokka paper:
[13:47:24] Seemann T (2014) Prokka: rapid prokaryotic genome annotation. Bioinformatics. 30(14):2068-9.
[13:47:24] Type 'prokka --citation' for more details.
[13:47:24] Share and enjoy!
