Discrepancy Report Results

Summary
DISC_SOURCE_QUALS_ASNDISC:strain (all present, all unique)
DISC_SOURCE_QUALS_ASNDISC:taxname (all present, all unique)
DISC_FEATURE_COUNT:gene: 299 present
DISC_FEATURE_COUNT:CDS: 264 present
DISC_FEATURE_COUNT:tRNA: 30 present
DISC_FEATURE_COUNT:rRNA: 3 present
DISC_FEATURE_COUNT:misc_RNA: 1 present
DISC_FEATURE_COUNT:tmRNA: 1 present
DISC_COUNT_NUCLEOTIDES:1 nucleotide Bioseqs are present
OVERLAPPING_GENES:71 genes overlap another gene on the same strand.
FATAL: RNA_CDS_OVERLAP:6 coding regions overlap RNA features
DISC_QUALITY_SCORES:Quality scores are missing on all sequences.
ONCALLER_COMMENT_PRESENT:1 comment descriptors were found (all same)
SHORT_PROT_SEQUENCES:4 protein sequences are shorter than 50 aa.
MISSING_GENOMEASSEMBLY_COMMENTS:1 bioseqs are missing GenomeAssembly structured comments
TEST_UNUSUAL_MISC_RNA:1 unexpected misc_RNA features found.  misc_RNAs are unusual in a genome, consider using ncRNA, misc_binding, or misc_feature as appropriate.
FIND_OVERLAPPED_GENES:2 genes completely overlapped by other genes
MOLTYPE_NOT_MRNA:1 molecule types are not set as mRNA.
TECHNIQUE_NOT_TSA:1 technique are not set as TSA
MISSING_STRUCTURED_COMMENT:1 sequences do not include structured comments.
MISSING_PROJECT:265 sequences do not include project.
DISC_INCONSISTENT_MOLINFO_TECH:Molinfo Technique Report (some missing, all same)


Detailed Report

DiscRep_ALL:DISC_SOURCE_QUALS_ASNDISC::strain (all present, all unique)
DiscRep_SUB:DISC_SOURCE_QUALS_ASNDISC::1 sources have unique values for strain
DiscRep_ALL:DISC_SOURCE_QUALS_ASNDISC::taxname (all present, all unique)
DiscRep_SUB:DISC_SOURCE_QUALS_ASNDISC::1 sources have unique values for taxname
DiscRep_ALL:DISC_FEATURE_COUNT::gene: 299 present
DiscRep_ALL:DISC_FEATURE_COUNT::CDS: 264 present
DiscRep_ALL:DISC_FEATURE_COUNT::tRNA: 30 present
DiscRep_ALL:DISC_FEATURE_COUNT::rRNA: 3 present
DiscRep_ALL:DISC_FEATURE_COUNT::misc_RNA: 1 present
DiscRep_ALL:DISC_FEATURE_COUNT::tmRNA: 1 present
DiscRep_ALL:DISC_COUNT_NUCLEOTIDES::1 nucleotide Bioseqs are present
prokka_SMPSPU_pseudofinder/SMPSPU:Prokka:SMPSPU_1 (length 285352)

DiscRep_ALL:OVERLAPPING_GENES::71 genes overlap another gene on the same strand.
prokka_SMPSPU_pseudofinder/SMPSPU:Gene	rpsA	SMPSPU_1:13155-14855	SMPSPU_00009
prokka_SMPSPU_pseudofinder/SMPSPU:Gene	SMPSPU_00010	SMPSPU_1:14852-16117	SMPSPU_00010
prokka_SMPSPU_pseudofinder/SMPSPU:Gene	SMPSPU_00018	SMPSPU_1:c23284-22952	SMPSPU_00018
prokka_SMPSPU_pseudofinder/SMPSPU:Gene	atpD	SMPSPU_1:c24749-23259	SMPSPU_00019
prokka_SMPSPU_pseudofinder/SMPSPU:Gene	rlhA	SMPSPU_1:32911-34155	SMPSPU_00028
prokka_SMPSPU_pseudofinder/SMPSPU:Gene	SMPSPU_00029	SMPSPU_1:34155-34385	SMPSPU_00029
prokka_SMPSPU_pseudofinder/SMPSPU:Gene	glnS	SMPSPU_1:c36031-34391	SMPSPU_00030
prokka_SMPSPU_pseudofinder/SMPSPU:Gene	mnmG	SMPSPU_1:c37884-36028	SMPSPU_00031
prokka_SMPSPU_pseudofinder/SMPSPU:Gene	ybeY	SMPSPU_1:c38299-37874	SMPSPU_00032
prokka_SMPSPU_pseudofinder/SMPSPU:Gene	rplY	SMPSPU_1:40109-40681	SMPSPU_00036
prokka_SMPSPU_pseudofinder/SMPSPU:Gene	metG	SMPSPU_1:40671-42338	SMPSPU_00037
prokka_SMPSPU_pseudofinder/SMPSPU:Gene	atpA	SMPSPU_1:c47614-46028	SMPSPU_00042
prokka_SMPSPU_pseudofinder/SMPSPU:Gene	SMPSPU_00043	SMPSPU_1:c48137-47592	SMPSPU_00043
prokka_SMPSPU_pseudofinder/SMPSPU:Gene	leuC	SMPSPU_1:c58420-57011	SMPSPU_00053
prokka_SMPSPU_pseudofinder/SMPSPU:Gene	leuA	SMPSPU_1:c59571-58420	SMPSPU_00054
prokka_SMPSPU_pseudofinder/SMPSPU:Gene	SMPSPU_00055	SMPSPU_1:c59905-59543	SMPSPU_00055
prokka_SMPSPU_pseudofinder/SMPSPU:Gene	tuf	SMPSPU_1:c85859-84570	SMPSPU_00080
prokka_SMPSPU_pseudofinder/SMPSPU:Gene	SMPSPU_00081	SMPSPU_1:c85847-85775	SMPSPU_00081
prokka_SMPSPU_pseudofinder/SMPSPU:Gene	SMPSPU_00088	SMPSPU_1:91995-92534	SMPSPU_00088
prokka_SMPSPU_pseudofinder/SMPSPU:Gene	SMPSPU_00089	SMPSPU_1:92527-93114	SMPSPU_00089
prokka_SMPSPU_pseudofinder/SMPSPU:Gene	clpX	SMPSPU_1:104009-105043	SMPSPU_00102
prokka_SMPSPU_pseudofinder/SMPSPU:Gene	mutS	SMPSPU_1:105007-107667	SMPSPU_00103
prokka_SMPSPU_pseudofinder/SMPSPU:Gene	SMPSPU_00104	SMPSPU_1:107645-107821	SMPSPU_00104
prokka_SMPSPU_pseudofinder/SMPSPU:Gene	SMPSPU_00105	SMPSPU_1:107699-107772	SMPSPU_00105
prokka_SMPSPU_pseudofinder/SMPSPU:Gene	SMPSPU_00106	SMPSPU_1:107775-107862	SMPSPU_00106
prokka_SMPSPU_pseudofinder/SMPSPU:Gene	def	SMPSPU_1:c115920-115402	SMPSPU_00115
prokka_SMPSPU_pseudofinder/SMPSPU:Gene	yrrK	SMPSPU_1:c116333-115917	SMPSPU_00116
prokka_SMPSPU_pseudofinder/SMPSPU:Gene	pta	SMPSPU_1:127575-128570	SMPSPU_00127
prokka_SMPSPU_pseudofinder/SMPSPU:Gene	ackA	SMPSPU_1:128567-129772	SMPSPU_00128
prokka_SMPSPU_pseudofinder/SMPSPU:Gene	mnmE	SMPSPU_1:129732-131129	SMPSPU_00129
prokka_SMPSPU_pseudofinder/SMPSPU:Gene	argC	SMPSPU_1:139396-140367	SMPSPU_00134
prokka_SMPSPU_pseudofinder/SMPSPU:Gene	argD	SMPSPU_1:140367-141512	SMPSPU_00135
prokka_SMPSPU_pseudofinder/SMPSPU:Gene	carA	SMPSPU_1:141502-142584	SMPSPU_00136
prokka_SMPSPU_pseudofinder/SMPSPU:Gene	argF'	SMPSPU_1:145805-146746	SMPSPU_00138
prokka_SMPSPU_pseudofinder/SMPSPU:Gene	argB	SMPSPU_1:146743-147516	SMPSPU_00139
prokka_SMPSPU_pseudofinder/SMPSPU:Gene	dapE	SMPSPU_1:147507-148580	SMPSPU_00140
prokka_SMPSPU_pseudofinder/SMPSPU:Gene	lon2	SMPSPU_1:152825-155176	SMPSPU_00147
prokka_SMPSPU_pseudofinder/SMPSPU:Gene	lysA	SMPSPU_1:155169-156380	SMPSPU_00148
prokka_SMPSPU_pseudofinder/SMPSPU:Gene	mtaB	SMPSPU_1:c160808-159504	SMPSPU_00152
prokka_SMPSPU_pseudofinder/SMPSPU:Gene	secA	SMPSPU_1:c163840-160805	SMPSPU_00153
prokka_SMPSPU_pseudofinder/SMPSPU:Gene	maeB	SMPSPU_1:c173537-172263	SMPSPU_00164
prokka_SMPSPU_pseudofinder/SMPSPU:Gene	SMPSPU_00165	SMPSPU_1:c174210-173530	SMPSPU_00165
prokka_SMPSPU_pseudofinder/SMPSPU:Gene	apbC	SMPSPU_1:c188396-187386	SMPSPU_00179
prokka_SMPSPU_pseudofinder/SMPSPU:Gene	trpS	SMPSPU_1:c189370-188393	SMPSPU_00180
prokka_SMPSPU_pseudofinder/SMPSPU:Gene	frr	SMPSPU_1:195583-196137	SMPSPU_00186
prokka_SMPSPU_pseudofinder/SMPSPU:Gene	asnS	SMPSPU_1:196137-197540	SMPSPU_00187
prokka_SMPSPU_pseudofinder/SMPSPU:Gene	SMPSPU_00197	SMPSPU_1:c202357-201470	SMPSPU_00197
prokka_SMPSPU_pseudofinder/SMPSPU:Gene	dapA	SMPSPU_1:c203240-202341	SMPSPU_00198
prokka_SMPSPU_pseudofinder/SMPSPU:Gene	SMPSPU_00203	SMPSPU_1:206640-206837	SMPSPU_00203
prokka_SMPSPU_pseudofinder/SMPSPU:Gene	aroE	SMPSPU_1:206830-207582	SMPSPU_00204
prokka_SMPSPU_pseudofinder/SMPSPU:Gene	alaS	SMPSPU_1:210637-211977	SMPSPU_00210
prokka_SMPSPU_pseudofinder/SMPSPU:Gene	sucA	SMPSPU_1:211977-214700	SMPSPU_00211
prokka_SMPSPU_pseudofinder/SMPSPU:Gene	aroA	SMPSPU_1:c232708-231455	SMPSPU_00230
prokka_SMPSPU_pseudofinder/SMPSPU:Gene	SMPSPU_00231	SMPSPU_1:c233036-232695	SMPSPU_00231
prokka_SMPSPU_pseudofinder/SMPSPU:Gene	gyrB	SMPSPU_1:c235536-233620	SMPSPU_00234
prokka_SMPSPU_pseudofinder/SMPSPU:Gene	rsmG	SMPSPU_1:c236165-235533	SMPSPU_00235
prokka_SMPSPU_pseudofinder/SMPSPU:Gene	rplC	SMPSPU_1:249338-249958	SMPSPU_00251
prokka_SMPSPU_pseudofinder/SMPSPU:Gene	rplD	SMPSPU_1:249955-250578	SMPSPU_00252
prokka_SMPSPU_pseudofinder/SMPSPU:Gene	rpsS	SMPSPU_1:251658-251939	SMPSPU_00255
prokka_SMPSPU_pseudofinder/SMPSPU:Gene	rplV	SMPSPU_1:251939-252313	SMPSPU_00256
prokka_SMPSPU_pseudofinder/SMPSPU:Gene	rplN	SMPSPU_1:253696-254064	SMPSPU_00260
prokka_SMPSPU_pseudofinder/SMPSPU:Gene	rplX	SMPSPU_1:254061-254306	SMPSPU_00261
prokka_SMPSPU_pseudofinder/SMPSPU:Gene	rplE	SMPSPU_1:254303-254851	SMPSPU_00262
prokka_SMPSPU_pseudofinder/SMPSPU:Gene	SMPSPU_00271	SMPSPU_1:259060-259176	SMPSPU_00271
prokka_SMPSPU_pseudofinder/SMPSPU:Gene	rpsM	SMPSPU_1:259176-259556	SMPSPU_00272
prokka_SMPSPU_pseudofinder/SMPSPU:Gene	trxB	SMPSPU_1:276676-277605	SMPSPU_00292
prokka_SMPSPU_pseudofinder/SMPSPU:Gene	rlmB	SMPSPU_1:277602-278342	SMPSPU_00293
prokka_SMPSPU_pseudofinder/SMPSPU:Gene	pheS	SMPSPU_1:c279319-278339	SMPSPU_00294
prokka_SMPSPU_pseudofinder/SMPSPU:Gene	ilvA	SMPSPU_1:c280572-279319	SMPSPU_00295
prokka_SMPSPU_pseudofinder/SMPSPU:Gene	SMPSPU_00297	SMPSPU_1:c281936-281691	SMPSPU_00297
prokka_SMPSPU_pseudofinder/SMPSPU:Gene	ilvB	SMPSPU_1:c283626-281929	SMPSPU_00298

FATAL: DiscRep_ALL:RNA_CDS_OVERLAP::6 coding regions overlap RNA features
FATAL: DiscRep_SUB:RNA_CDS_OVERLAP::2 coding regions completely contain tRNAs
prokka_SMPSPU_pseudofinder/SMPSPU:CDS	Elongation factor Tu	SMPSPU_1:c85859-84570	SMPSPU_00080
prokka_SMPSPU_pseudofinder/SMPSPU:tRNA	Thr	SMPSPU_1:c85847-85775	SMPSPU_00081
prokka_SMPSPU_pseudofinder/SMPSPU:CDS	hypothetical protein	SMPSPU_1:107645-107821	SMPSPU_00104
prokka_SMPSPU_pseudofinder/SMPSPU:tRNA	Gly	SMPSPU_1:107699-107772	SMPSPU_00105

DiscRep_SUB:RNA_CDS_OVERLAP::4 coding regions overlap RNAs (no containment)
DiscRep_SUB:RNA_CDS_OVERLAP::1 coding regions overlap RNAs on the same strand (no containment)
prokka_SMPSPU_pseudofinder/SMPSPU:CDS	hypothetical protein	SMPSPU_1:107645-107821	SMPSPU_00104
prokka_SMPSPU_pseudofinder/SMPSPU:tRNA	Leu	SMPSPU_1:107775-107862	SMPSPU_00106

DiscRep_SUB:RNA_CDS_OVERLAP::3 coding regions overlap RNAs on the opposite strand (no containment)
prokka_SMPSPU_pseudofinder/SMPSPU:CDS	Lipoprotein signal peptidase	SMPSPU_1:29313-29942	SMPSPU_00023
prokka_SMPSPU_pseudofinder/SMPSPU:tRNA	Asn	SMPSPU_1:c29962-29887	SMPSPU_00024
prokka_SMPSPU_pseudofinder/SMPSPU:CDS	hypothetical protein	SMPSPU_1:71642-71794	SMPSPU_00068
prokka_SMPSPU_pseudofinder/SMPSPU:tRNA	His	SMPSPU_1:c71868-71794	SMPSPU_00069
prokka_SMPSPU_pseudofinder/SMPSPU:CDS	Ribosomal RNA small subunit methyltransferase H	SMPSPU_1:262885-263805	SMPSPU_00278
prokka_SMPSPU_pseudofinder/SMPSPU:RNA	RNaseP_bact_a	SMPSPU_1:c264112-263803	SMPSPU_00279

DiscRep_ALL:DISC_QUALITY_SCORES::Quality scores are missing on all sequences.

DiscRep_ALL:ONCALLER_COMMENT_PRESENT::1 comment descriptors were found (all same)
prokka_SMPSPU_pseudofinder/SMPSPU:Prokka:SMPSPU_1:Annotated using prokka 1.14.6 from https://github.com/tseemann/prokka

DiscRep_ALL:SHORT_PROT_SEQUENCES::4 protein sequences are shorter than 50 aa.
prokka_SMPSPU_pseudofinder/SMPSPU:Prokka:SMPSPU_00169 (length 46)
prokka_SMPSPU_pseudofinder/SMPSPU:Prokka:SMPSPU_00177 (length 29)
prokka_SMPSPU_pseudofinder/SMPSPU:Prokka:SMPSPU_00183 (length 47)
prokka_SMPSPU_pseudofinder/SMPSPU:Prokka:SMPSPU_00271 (length 38)

DiscRep_ALL:MISSING_GENOMEASSEMBLY_COMMENTS::1 bioseqs are missing GenomeAssembly structured comments
prokka_SMPSPU_pseudofinder/SMPSPU:Prokka:SMPSPU_1 (length 285352)

DiscRep_ALL:TEST_UNUSUAL_MISC_RNA::1 unexpected misc_RNA features found.  misc_RNAs are unusual in a genome, consider using ncRNA, misc_binding, or misc_feature as appropriate.
prokka_SMPSPU_pseudofinder/SMPSPU:RNA	RNaseP_bact_a	SMPSPU_1:c264112-263803	SMPSPU_00279

DiscRep_ALL:FIND_OVERLAPPED_GENES::2 genes completely overlapped by other genes
prokka_SMPSPU_pseudofinder/SMPSPU:Gene	SMPSPU_00081	SMPSPU_1:c85847-85775	SMPSPU_00081
prokka_SMPSPU_pseudofinder/SMPSPU:Gene	SMPSPU_00105	SMPSPU_1:107699-107772	SMPSPU_00105

DiscRep_ALL:MOLTYPE_NOT_MRNA::1 molecule types are not set as mRNA.
prokka_SMPSPU_pseudofinder/SMPSPU:Prokka:SMPSPU_1 (length 285352)

DiscRep_ALL:TECHNIQUE_NOT_TSA::1 technique are not set as TSA
prokka_SMPSPU_pseudofinder/SMPSPU:Prokka:SMPSPU_1 (length 285352)

DiscRep_ALL:MISSING_STRUCTURED_COMMENT::1 sequences do not include structured comments.
prokka_SMPSPU_pseudofinder/SMPSPU:Prokka:SMPSPU_1 (length 285352)

DiscRep_ALL:MISSING_PROJECT::265 sequences do not include project.
prokka_SMPSPU_pseudofinder/SMPSPU:Prokka:SMPSPU_1 (length 285352)
prokka_SMPSPU_pseudofinder/SMPSPU:Prokka:SMPSPU_00001 (length 225)
prokka_SMPSPU_pseudofinder/SMPSPU:Prokka:SMPSPU_00002 (length 538)
prokka_SMPSPU_pseudofinder/SMPSPU:Prokka:SMPSPU_00003 (length 445)
prokka_SMPSPU_pseudofinder/SMPSPU:Prokka:SMPSPU_00004 (length 872)
prokka_SMPSPU_pseudofinder/SMPSPU:Prokka:SMPSPU_00005 (length 372)
prokka_SMPSPU_pseudofinder/SMPSPU:Prokka:SMPSPU_00006 (length 672)
prokka_SMPSPU_pseudofinder/SMPSPU:Prokka:SMPSPU_00007 (length 356)
prokka_SMPSPU_pseudofinder/SMPSPU:Prokka:SMPSPU_00008 (length 799)
prokka_SMPSPU_pseudofinder/SMPSPU:Prokka:SMPSPU_00009 (length 566)
prokka_SMPSPU_pseudofinder/SMPSPU:Prokka:SMPSPU_00010 (length 421)
prokka_SMPSPU_pseudofinder/SMPSPU:Prokka:SMPSPU_00011 (length 356)
prokka_SMPSPU_pseudofinder/SMPSPU:Prokka:SMPSPU_00012 (length 355)
prokka_SMPSPU_pseudofinder/SMPSPU:Prokka:SMPSPU_00013 (length 552)
prokka_SMPSPU_pseudofinder/SMPSPU:Prokka:SMPSPU_00014 (length 138)
prokka_SMPSPU_pseudofinder/SMPSPU:Prokka:SMPSPU_00015 (length 185)
prokka_SMPSPU_pseudofinder/SMPSPU:Prokka:SMPSPU_00016 (length 416)
prokka_SMPSPU_pseudofinder/SMPSPU:Prokka:SMPSPU_00017 (length 84)
prokka_SMPSPU_pseudofinder/SMPSPU:Prokka:SMPSPU_00018 (length 110)
prokka_SMPSPU_pseudofinder/SMPSPU:Prokka:SMPSPU_00019 (length 496)
prokka_SMPSPU_pseudofinder/SMPSPU:Prokka:SMPSPU_00020 (length 252)
prokka_SMPSPU_pseudofinder/SMPSPU:Prokka:SMPSPU_00022 (length 1128)
prokka_SMPSPU_pseudofinder/SMPSPU:Prokka:SMPSPU_00023 (length 209)
prokka_SMPSPU_pseudofinder/SMPSPU:Prokka:SMPSPU_00025 (length 372)
prokka_SMPSPU_pseudofinder/SMPSPU:Prokka:SMPSPU_00026 (length 99)
prokka_SMPSPU_pseudofinder/SMPSPU:Prokka:SMPSPU_00027 (length 354)
prokka_SMPSPU_pseudofinder/SMPSPU:Prokka:SMPSPU_00028 (length 414)
prokka_SMPSPU_pseudofinder/SMPSPU:Prokka:SMPSPU_00029 (length 76)
prokka_SMPSPU_pseudofinder/SMPSPU:Prokka:SMPSPU_00030 (length 546)
prokka_SMPSPU_pseudofinder/SMPSPU:Prokka:SMPSPU_00031 (length 618)
prokka_SMPSPU_pseudofinder/SMPSPU:Prokka:SMPSPU_00032 (length 141)
prokka_SMPSPU_pseudofinder/SMPSPU:Prokka:SMPSPU_00033 (length 231)
prokka_SMPSPU_pseudofinder/SMPSPU:Prokka:SMPSPU_00035 (length 279)
prokka_SMPSPU_pseudofinder/SMPSPU:Prokka:SMPSPU_00036 (length 190)
prokka_SMPSPU_pseudofinder/SMPSPU:Prokka:SMPSPU_00037 (length 555)
prokka_SMPSPU_pseudofinder/SMPSPU:Prokka:SMPSPU_00038 (length 90)
prokka_SMPSPU_pseudofinder/SMPSPU:Prokka:SMPSPU_00039 (length 289)
prokka_SMPSPU_pseudofinder/SMPSPU:Prokka:SMPSPU_00040 (length 500)
prokka_SMPSPU_pseudofinder/SMPSPU:Prokka:SMPSPU_00041 (length 267)
prokka_SMPSPU_pseudofinder/SMPSPU:Prokka:SMPSPU_00042 (length 528)
prokka_SMPSPU_pseudofinder/SMPSPU:Prokka:SMPSPU_00043 (length 181)
prokka_SMPSPU_pseudofinder/SMPSPU:Prokka:SMPSPU_00044 (length 157)
prokka_SMPSPU_pseudofinder/SMPSPU:Prokka:SMPSPU_00045 (length 73)
prokka_SMPSPU_pseudofinder/SMPSPU:Prokka:SMPSPU_00046 (length 491)
prokka_SMPSPU_pseudofinder/SMPSPU:Prokka:SMPSPU_00047 (length 607)
prokka_SMPSPU_pseudofinder/SMPSPU:Prokka:SMPSPU_00048 (length 415)
prokka_SMPSPU_pseudofinder/SMPSPU:Prokka:SMPSPU_00049 (length 200)
prokka_SMPSPU_pseudofinder/SMPSPU:Prokka:SMPSPU_00050 (length 260)
prokka_SMPSPU_pseudofinder/SMPSPU:Prokka:SMPSPU_00051 (length 352)
prokka_SMPSPU_pseudofinder/SMPSPU:Prokka:SMPSPU_00052 (length 195)
prokka_SMPSPU_pseudofinder/SMPSPU:Prokka:SMPSPU_00053 (length 469)
prokka_SMPSPU_pseudofinder/SMPSPU:Prokka:SMPSPU_00054 (length 383)
prokka_SMPSPU_pseudofinder/SMPSPU:Prokka:SMPSPU_00055 (length 120)
prokka_SMPSPU_pseudofinder/SMPSPU:Prokka:SMPSPU_00056 (length 422)
prokka_SMPSPU_pseudofinder/SMPSPU:Prokka:SMPSPU_00057 (length 268)
prokka_SMPSPU_pseudofinder/SMPSPU:Prokka:SMPSPU_00058 (length 941)
prokka_SMPSPU_pseudofinder/SMPSPU:Prokka:SMPSPU_00059 (length 472)
prokka_SMPSPU_pseudofinder/SMPSPU:Prokka:SMPSPU_00060 (length 284)
prokka_SMPSPU_pseudofinder/SMPSPU:Prokka:SMPSPU_00061 (length 321)
prokka_SMPSPU_pseudofinder/SMPSPU:Prokka:SMPSPU_00063 (length 237)
prokka_SMPSPU_pseudofinder/SMPSPU:Prokka:SMPSPU_00064 (length 319)
prokka_SMPSPU_pseudofinder/SMPSPU:Prokka:SMPSPU_00065 (length 425)
prokka_SMPSPU_pseudofinder/SMPSPU:Prokka:SMPSPU_00066 (length 75)
prokka_SMPSPU_pseudofinder/SMPSPU:Prokka:SMPSPU_00067 (length 60)
prokka_SMPSPU_pseudofinder/SMPSPU:Prokka:SMPSPU_00068 (length 50)
prokka_SMPSPU_pseudofinder/SMPSPU:Prokka:SMPSPU_00070 (length 117)
prokka_SMPSPU_pseudofinder/SMPSPU:Prokka:SMPSPU_00071 (length 252)
prokka_SMPSPU_pseudofinder/SMPSPU:Prokka:SMPSPU_00072 (length 1407)
prokka_SMPSPU_pseudofinder/SMPSPU:Prokka:SMPSPU_00073 (length 1277)
prokka_SMPSPU_pseudofinder/SMPSPU:Prokka:SMPSPU_00074 (length 124)
prokka_SMPSPU_pseudofinder/SMPSPU:Prokka:SMPSPU_00075 (length 168)
prokka_SMPSPU_pseudofinder/SMPSPU:Prokka:SMPSPU_00076 (length 223)
prokka_SMPSPU_pseudofinder/SMPSPU:Prokka:SMPSPU_00077 (length 141)
prokka_SMPSPU_pseudofinder/SMPSPU:Prokka:SMPSPU_00078 (length 160)
prokka_SMPSPU_pseudofinder/SMPSPU:Prokka:SMPSPU_00080 (length 429)
prokka_SMPSPU_pseudofinder/SMPSPU:Prokka:SMPSPU_00085 (length 439)
prokka_SMPSPU_pseudofinder/SMPSPU:Prokka:SMPSPU_00086 (length 982)
prokka_SMPSPU_pseudofinder/SMPSPU:Prokka:SMPSPU_00087 (length 454)
prokka_SMPSPU_pseudofinder/SMPSPU:Prokka:SMPSPU_00088 (length 179)
prokka_SMPSPU_pseudofinder/SMPSPU:Prokka:SMPSPU_00089 (length 195)
prokka_SMPSPU_pseudofinder/SMPSPU:Prokka:SMPSPU_00090 (length 408)
prokka_SMPSPU_pseudofinder/SMPSPU:Prokka:SMPSPU_00091 (length 137)
prokka_SMPSPU_pseudofinder/SMPSPU:Prokka:SMPSPU_00092 (length 326)
prokka_SMPSPU_pseudofinder/SMPSPU:Prokka:SMPSPU_00098 (length 385)
prokka_SMPSPU_pseudofinder/SMPSPU:Prokka:SMPSPU_00099 (length 347)
prokka_SMPSPU_pseudofinder/SMPSPU:Prokka:SMPSPU_00100 (length 50)
prokka_SMPSPU_pseudofinder/SMPSPU:Prokka:SMPSPU_00101 (length 217)
prokka_SMPSPU_pseudofinder/SMPSPU:Prokka:SMPSPU_00102 (length 344)
prokka_SMPSPU_pseudofinder/SMPSPU:Prokka:SMPSPU_00103 (length 886)
prokka_SMPSPU_pseudofinder/SMPSPU:Prokka:SMPSPU_00104 (length 58)
prokka_SMPSPU_pseudofinder/SMPSPU:Prokka:SMPSPU_00107 (length 272)
prokka_SMPSPU_pseudofinder/SMPSPU:Prokka:SMPSPU_00108 (length 231)
prokka_SMPSPU_pseudofinder/SMPSPU:Prokka:SMPSPU_00109 (length 129)
prokka_SMPSPU_pseudofinder/SMPSPU:Prokka:SMPSPU_00110 (length 153)
prokka_SMPSPU_pseudofinder/SMPSPU:Prokka:SMPSPU_00111 (length 666)
prokka_SMPSPU_pseudofinder/SMPSPU:Prokka:SMPSPU_00112 (length 641)
prokka_SMPSPU_pseudofinder/SMPSPU:Prokka:SMPSPU_00113 (length 65)
prokka_SMPSPU_pseudofinder/SMPSPU:Prokka:SMPSPU_00114 (length 114)
prokka_SMPSPU_pseudofinder/SMPSPU:Prokka:SMPSPU_00115 (length 172)
prokka_SMPSPU_pseudofinder/SMPSPU:Prokka:SMPSPU_00116 (length 138)
prokka_SMPSPU_pseudofinder/SMPSPU:Prokka:SMPSPU_00117 (length 274)
prokka_SMPSPU_pseudofinder/SMPSPU:Prokka:SMPSPU_00118 (length 349)
prokka_SMPSPU_pseudofinder/SMPSPU:Prokka:SMPSPU_00119 (length 442)
prokka_SMPSPU_pseudofinder/SMPSPU:Prokka:SMPSPU_00120 (length 387)
prokka_SMPSPU_pseudofinder/SMPSPU:Prokka:SMPSPU_00121 (length 377)
prokka_SMPSPU_pseudofinder/SMPSPU:Prokka:SMPSPU_00122 (length 162)
prokka_SMPSPU_pseudofinder/SMPSPU:Prokka:SMPSPU_00123 (length 325)
prokka_SMPSPU_pseudofinder/SMPSPU:Prokka:SMPSPU_00124 (length 465)
prokka_SMPSPU_pseudofinder/SMPSPU:Prokka:SMPSPU_00125 (length 443)
prokka_SMPSPU_pseudofinder/SMPSPU:Prokka:SMPSPU_00126 (length 326)
prokka_SMPSPU_pseudofinder/SMPSPU:Prokka:SMPSPU_00127 (length 331)
prokka_SMPSPU_pseudofinder/SMPSPU:Prokka:SMPSPU_00128 (length 401)
prokka_SMPSPU_pseudofinder/SMPSPU:Prokka:SMPSPU_00129 (length 465)
prokka_SMPSPU_pseudofinder/SMPSPU:Prokka:SMPSPU_00130 (length 703)
prokka_SMPSPU_pseudofinder/SMPSPU:Prokka:SMPSPU_00132 (length 1406)
prokka_SMPSPU_pseudofinder/SMPSPU:Prokka:SMPSPU_00133 (length 584)
prokka_SMPSPU_pseudofinder/SMPSPU:Prokka:SMPSPU_00134 (length 323)
prokka_SMPSPU_pseudofinder/SMPSPU:Prokka:SMPSPU_00135 (length 381)
prokka_SMPSPU_pseudofinder/SMPSPU:Prokka:SMPSPU_00136 (length 360)
prokka_SMPSPU_pseudofinder/SMPSPU:Prokka:SMPSPU_00137 (length 1068)
prokka_SMPSPU_pseudofinder/SMPSPU:Prokka:SMPSPU_00138 (length 313)
prokka_SMPSPU_pseudofinder/SMPSPU:Prokka:SMPSPU_00139 (length 257)
prokka_SMPSPU_pseudofinder/SMPSPU:Prokka:SMPSPU_00140 (length 357)
prokka_SMPSPU_pseudofinder/SMPSPU:Prokka:SMPSPU_00143 (length 161)
prokka_SMPSPU_pseudofinder/SMPSPU:Prokka:SMPSPU_00144 (length 436)
prokka_SMPSPU_pseudofinder/SMPSPU:Prokka:SMPSPU_00145 (length 194)
prokka_SMPSPU_pseudofinder/SMPSPU:Prokka:SMPSPU_00146 (length 489)
prokka_SMPSPU_pseudofinder/SMPSPU:Prokka:SMPSPU_00147 (length 783)
prokka_SMPSPU_pseudofinder/SMPSPU:Prokka:SMPSPU_00148 (length 403)
prokka_SMPSPU_pseudofinder/SMPSPU:Prokka:SMPSPU_00150 (length 352)
prokka_SMPSPU_pseudofinder/SMPSPU:Prokka:SMPSPU_00151 (length 620)
prokka_SMPSPU_pseudofinder/SMPSPU:Prokka:SMPSPU_00152 (length 434)
prokka_SMPSPU_pseudofinder/SMPSPU:Prokka:SMPSPU_00153 (length 1011)
prokka_SMPSPU_pseudofinder/SMPSPU:Prokka:SMPSPU_00154 (length 111)
prokka_SMPSPU_pseudofinder/SMPSPU:Prokka:SMPSPU_00155 (length 115)
prokka_SMPSPU_pseudofinder/SMPSPU:Prokka:SMPSPU_00156 (length 497)
prokka_SMPSPU_pseudofinder/SMPSPU:Prokka:SMPSPU_00157 (length 299)
prokka_SMPSPU_pseudofinder/SMPSPU:Prokka:SMPSPU_00158 (length 435)
prokka_SMPSPU_pseudofinder/SMPSPU:Prokka:SMPSPU_00159 (length 310)
prokka_SMPSPU_pseudofinder/SMPSPU:Prokka:SMPSPU_00160 (length 818)
prokka_SMPSPU_pseudofinder/SMPSPU:Prokka:SMPSPU_00164 (length 424)
prokka_SMPSPU_pseudofinder/SMPSPU:Prokka:SMPSPU_00165 (length 226)
prokka_SMPSPU_pseudofinder/SMPSPU:Prokka:SMPSPU_00166 (length 269)
prokka_SMPSPU_pseudofinder/SMPSPU:Prokka:SMPSPU_00167 (length 726)
prokka_SMPSPU_pseudofinder/SMPSPU:Prokka:SMPSPU_00168 (length 794)
prokka_SMPSPU_pseudofinder/SMPSPU:Prokka:SMPSPU_00169 (length 46)
prokka_SMPSPU_pseudofinder/SMPSPU:Prokka:SMPSPU_00170 (length 436)
prokka_SMPSPU_pseudofinder/SMPSPU:Prokka:SMPSPU_00171 (length 283)
prokka_SMPSPU_pseudofinder/SMPSPU:Prokka:SMPSPU_00172 (length 51)
prokka_SMPSPU_pseudofinder/SMPSPU:Prokka:SMPSPU_00173 (length 188)
prokka_SMPSPU_pseudofinder/SMPSPU:Prokka:SMPSPU_00174 (length 293)
prokka_SMPSPU_pseudofinder/SMPSPU:Prokka:SMPSPU_00175 (length 257)
prokka_SMPSPU_pseudofinder/SMPSPU:Prokka:SMPSPU_00177 (length 29)
prokka_SMPSPU_pseudofinder/SMPSPU:Prokka:SMPSPU_00178 (length 581)
prokka_SMPSPU_pseudofinder/SMPSPU:Prokka:SMPSPU_00179 (length 336)
prokka_SMPSPU_pseudofinder/SMPSPU:Prokka:SMPSPU_00180 (length 325)
prokka_SMPSPU_pseudofinder/SMPSPU:Prokka:SMPSPU_00181 (length 440)
prokka_SMPSPU_pseudofinder/SMPSPU:Prokka:SMPSPU_00182 (length 589)
prokka_SMPSPU_pseudofinder/SMPSPU:Prokka:SMPSPU_00183 (length 47)
prokka_SMPSPU_pseudofinder/SMPSPU:Prokka:SMPSPU_00184 (length 54)
prokka_SMPSPU_pseudofinder/SMPSPU:Prokka:SMPSPU_00185 (length 820)
prokka_SMPSPU_pseudofinder/SMPSPU:Prokka:SMPSPU_00186 (length 184)
prokka_SMPSPU_pseudofinder/SMPSPU:Prokka:SMPSPU_00187 (length 467)
prokka_SMPSPU_pseudofinder/SMPSPU:Prokka:SMPSPU_00190 (length 105)
prokka_SMPSPU_pseudofinder/SMPSPU:Prokka:SMPSPU_00191 (length 83)
prokka_SMPSPU_pseudofinder/SMPSPU:Prokka:SMPSPU_00193 (length 113)
prokka_SMPSPU_pseudofinder/SMPSPU:Prokka:SMPSPU_00194 (length 425)
prokka_SMPSPU_pseudofinder/SMPSPU:Prokka:SMPSPU_00195 (length 146)
prokka_SMPSPU_pseudofinder/SMPSPU:Prokka:SMPSPU_00196 (length 110)
prokka_SMPSPU_pseudofinder/SMPSPU:Prokka:SMPSPU_00197 (length 295)
prokka_SMPSPU_pseudofinder/SMPSPU:Prokka:SMPSPU_00198 (length 299)
prokka_SMPSPU_pseudofinder/SMPSPU:Prokka:SMPSPU_00200 (length 333)
prokka_SMPSPU_pseudofinder/SMPSPU:Prokka:SMPSPU_00201 (length 237)
prokka_SMPSPU_pseudofinder/SMPSPU:Prokka:SMPSPU_00202 (length 403)
prokka_SMPSPU_pseudofinder/SMPSPU:Prokka:SMPSPU_00203 (length 65)
prokka_SMPSPU_pseudofinder/SMPSPU:Prokka:SMPSPU_00204 (length 250)
prokka_SMPSPU_pseudofinder/SMPSPU:Prokka:SMPSPU_00205 (length 326)
prokka_SMPSPU_pseudofinder/SMPSPU:Prokka:SMPSPU_00206 (length 464)
prokka_SMPSPU_pseudofinder/SMPSPU:Prokka:SMPSPU_00208 (length 125)
prokka_SMPSPU_pseudofinder/SMPSPU:Prokka:SMPSPU_00210 (length 446)
prokka_SMPSPU_pseudofinder/SMPSPU:Prokka:SMPSPU_00211 (length 907)
prokka_SMPSPU_pseudofinder/SMPSPU:Prokka:SMPSPU_00212 (length 373)
prokka_SMPSPU_pseudofinder/SMPSPU:Prokka:SMPSPU_00213 (length 256)
prokka_SMPSPU_pseudofinder/SMPSPU:Prokka:SMPSPU_00214 (length 149)
prokka_SMPSPU_pseudofinder/SMPSPU:Prokka:SMPSPU_00215 (length 101)
prokka_SMPSPU_pseudofinder/SMPSPU:Prokka:SMPSPU_00216 (length 109)
prokka_SMPSPU_pseudofinder/SMPSPU:Prokka:SMPSPU_00217 (length 545)
prokka_SMPSPU_pseudofinder/SMPSPU:Prokka:SMPSPU_00218 (length 100)
prokka_SMPSPU_pseudofinder/SMPSPU:Prokka:SMPSPU_00219 (length 460)
prokka_SMPSPU_pseudofinder/SMPSPU:Prokka:SMPSPU_00220 (length 481)
prokka_SMPSPU_pseudofinder/SMPSPU:Prokka:SMPSPU_00221 (length 246)
prokka_SMPSPU_pseudofinder/SMPSPU:Prokka:SMPSPU_00222 (length 434)
prokka_SMPSPU_pseudofinder/SMPSPU:Prokka:SMPSPU_00223 (length 406)
prokka_SMPSPU_pseudofinder/SMPSPU:Prokka:SMPSPU_00224 (length 558)
prokka_SMPSPU_pseudofinder/SMPSPU:Prokka:SMPSPU_00225 (length 348)
prokka_SMPSPU_pseudofinder/SMPSPU:Prokka:SMPSPU_00226 (length 277)
prokka_SMPSPU_pseudofinder/SMPSPU:Prokka:SMPSPU_00227 (length 329)
prokka_SMPSPU_pseudofinder/SMPSPU:Prokka:SMPSPU_00228 (length 78)
prokka_SMPSPU_pseudofinder/SMPSPU:Prokka:SMPSPU_00230 (length 417)
prokka_SMPSPU_pseudofinder/SMPSPU:Prokka:SMPSPU_00231 (length 113)
prokka_SMPSPU_pseudofinder/SMPSPU:Prokka:SMPSPU_00233 (length 158)
prokka_SMPSPU_pseudofinder/SMPSPU:Prokka:SMPSPU_00234 (length 638)
prokka_SMPSPU_pseudofinder/SMPSPU:Prokka:SMPSPU_00235 (length 210)
prokka_SMPSPU_pseudofinder/SMPSPU:Prokka:SMPSPU_00236 (length 393)
prokka_SMPSPU_pseudofinder/SMPSPU:Prokka:SMPSPU_00237 (length 264)
prokka_SMPSPU_pseudofinder/SMPSPU:Prokka:SMPSPU_00238 (length 71)
prokka_SMPSPU_pseudofinder/SMPSPU:Prokka:SMPSPU_00239 (length 326)
prokka_SMPSPU_pseudofinder/SMPSPU:Prokka:SMPSPU_00240 (length 356)
prokka_SMPSPU_pseudofinder/SMPSPU:Prokka:SMPSPU_00241 (length 292)
prokka_SMPSPU_pseudofinder/SMPSPU:Prokka:SMPSPU_00242 (length 288)
prokka_SMPSPU_pseudofinder/SMPSPU:Prokka:SMPSPU_00243 (length 707)
prokka_SMPSPU_pseudofinder/SMPSPU:Prokka:SMPSPU_00244 (length 89)
prokka_SMPSPU_pseudofinder/SMPSPU:Prokka:SMPSPU_00245 (length 240)
prokka_SMPSPU_pseudofinder/SMPSPU:Prokka:SMPSPU_00246 (length 82)
prokka_SMPSPU_pseudofinder/SMPSPU:Prokka:SMPSPU_00247 (length 126)
prokka_SMPSPU_pseudofinder/SMPSPU:Prokka:SMPSPU_00248 (length 158)
prokka_SMPSPU_pseudofinder/SMPSPU:Prokka:SMPSPU_00249 (length 696)
prokka_SMPSPU_pseudofinder/SMPSPU:Prokka:SMPSPU_00250 (length 102)
prokka_SMPSPU_pseudofinder/SMPSPU:Prokka:SMPSPU_00251 (length 206)
prokka_SMPSPU_pseudofinder/SMPSPU:Prokka:SMPSPU_00252 (length 207)
prokka_SMPSPU_pseudofinder/SMPSPU:Prokka:SMPSPU_00253 (length 80)
prokka_SMPSPU_pseudofinder/SMPSPU:Prokka:SMPSPU_00254 (length 273)
prokka_SMPSPU_pseudofinder/SMPSPU:Prokka:SMPSPU_00255 (length 93)
prokka_SMPSPU_pseudofinder/SMPSPU:Prokka:SMPSPU_00256 (length 124)
prokka_SMPSPU_pseudofinder/SMPSPU:Prokka:SMPSPU_00257 (length 223)
prokka_SMPSPU_pseudofinder/SMPSPU:Prokka:SMPSPU_00258 (length 139)
prokka_SMPSPU_pseudofinder/SMPSPU:Prokka:SMPSPU_00259 (length 86)
prokka_SMPSPU_pseudofinder/SMPSPU:Prokka:SMPSPU_00260 (length 122)
prokka_SMPSPU_pseudofinder/SMPSPU:Prokka:SMPSPU_00261 (length 81)
prokka_SMPSPU_pseudofinder/SMPSPU:Prokka:SMPSPU_00262 (length 182)
prokka_SMPSPU_pseudofinder/SMPSPU:Prokka:SMPSPU_00263 (length 89)
prokka_SMPSPU_pseudofinder/SMPSPU:Prokka:SMPSPU_00264 (length 133)
prokka_SMPSPU_pseudofinder/SMPSPU:Prokka:SMPSPU_00265 (length 182)
prokka_SMPSPU_pseudofinder/SMPSPU:Prokka:SMPSPU_00266 (length 109)
prokka_SMPSPU_pseudofinder/SMPSPU:Prokka:SMPSPU_00267 (length 170)
prokka_SMPSPU_pseudofinder/SMPSPU:Prokka:SMPSPU_00268 (length 149)
prokka_SMPSPU_pseudofinder/SMPSPU:Prokka:SMPSPU_00269 (length 435)
prokka_SMPSPU_pseudofinder/SMPSPU:Prokka:SMPSPU_00270 (length 71)
prokka_SMPSPU_pseudofinder/SMPSPU:Prokka:SMPSPU_00271 (length 38)
prokka_SMPSPU_pseudofinder/SMPSPU:Prokka:SMPSPU_00272 (length 126)
prokka_SMPSPU_pseudofinder/SMPSPU:Prokka:SMPSPU_00273 (length 120)
prokka_SMPSPU_pseudofinder/SMPSPU:Prokka:SMPSPU_00274 (length 204)
prokka_SMPSPU_pseudofinder/SMPSPU:Prokka:SMPSPU_00275 (length 333)
prokka_SMPSPU_pseudofinder/SMPSPU:Prokka:SMPSPU_00276 (length 124)
prokka_SMPSPU_pseudofinder/SMPSPU:Prokka:SMPSPU_00277 (length 258)
prokka_SMPSPU_pseudofinder/SMPSPU:Prokka:SMPSPU_00278 (length 306)
prokka_SMPSPU_pseudofinder/SMPSPU:Prokka:SMPSPU_00280 (length 512)
prokka_SMPSPU_pseudofinder/SMPSPU:Prokka:SMPSPU_00281 (length 544)
prokka_SMPSPU_pseudofinder/SMPSPU:Prokka:SMPSPU_00282 (length 445)
prokka_SMPSPU_pseudofinder/SMPSPU:Prokka:SMPSPU_00283 (length 493)
prokka_SMPSPU_pseudofinder/SMPSPU:Prokka:SMPSPU_00285 (length 324)
prokka_SMPSPU_pseudofinder/SMPSPU:Prokka:SMPSPU_00286 (length 364)
prokka_SMPSPU_pseudofinder/SMPSPU:Prokka:SMPSPU_00287 (length 242)
prokka_SMPSPU_pseudofinder/SMPSPU:Prokka:SMPSPU_00288 (length 325)
prokka_SMPSPU_pseudofinder/SMPSPU:Prokka:SMPSPU_00289 (length 334)
prokka_SMPSPU_pseudofinder/SMPSPU:Prokka:SMPSPU_00290 (length 139)
prokka_SMPSPU_pseudofinder/SMPSPU:Prokka:SMPSPU_00291 (length 280)
prokka_SMPSPU_pseudofinder/SMPSPU:Prokka:SMPSPU_00292 (length 309)
prokka_SMPSPU_pseudofinder/SMPSPU:Prokka:SMPSPU_00293 (length 246)
prokka_SMPSPU_pseudofinder/SMPSPU:Prokka:SMPSPU_00294 (length 326)
prokka_SMPSPU_pseudofinder/SMPSPU:Prokka:SMPSPU_00295 (length 417)
prokka_SMPSPU_pseudofinder/SMPSPU:Prokka:SMPSPU_00296 (length 344)
prokka_SMPSPU_pseudofinder/SMPSPU:Prokka:SMPSPU_00297 (length 81)
prokka_SMPSPU_pseudofinder/SMPSPU:Prokka:SMPSPU_00298 (length 565)
prokka_SMPSPU_pseudofinder/SMPSPU:Prokka:SMPSPU_00299 (length 560)

DiscRep_ALL:DISC_INCONSISTENT_MOLINFO_TECH::Molinfo Technique Report (some missing, all same)
DiscRep_SUB:DISC_INCONSISTENT_MOLINFO_TECH::technique (all missing)
DiscRep_SUB:DISC_INCONSISTENT_MOLINFO_TECH::1 Molinfos are missing field technique
prokka_SMPSPU_pseudofinder/SMPSPU:Prokka:SMPSPU_1 (length 285352)

