[10:04:48] This is prokka 1.13
[10:04:48] Written by Torsten Seemann <torsten.seemann@gmail.com>
[10:04:48] Homepage is https://github.com/tseemann/prokka
[10:04:48] Local time is Mon Dec 18 10:04:48 2023
[10:04:48] You are diego
[10:04:48] Operating system is linux
[10:04:48] You have BioPerl 1.007002
[10:04:48] System has 32 cores.
[10:04:48] Option --cpu asked for 40 cores, but system only has 32
[10:04:48] Will use maximum of 32 cores.
[10:04:48] Annotating as >>> Bacteria <<<
[10:04:48] Enabling options to ensure Genbank/ENA/DDJB submission compliance.
[10:04:48] Creating new output folder: prokka_SMTETIMP
[10:04:48] Running: mkdir -p prokka_SMTETIMP
[10:04:48] Using filename prefix: prokka_SMTETIMP.XXX
[10:04:48] Setting HMMER_NCPU=1
[10:04:48] Writing log to: prokka_SMTETIMP/prokka_SMTETIMP.log
[10:04:48] Command: /home/diego/miniconda3/envs/prokka_env/bin/prokka SMTETIMP.fasta --prefix prokka_SMTETIMP --outdir prokka_SMTETIMP --cpus 40 --locustag SMTETIMP --compliant --gcode 11
[10:04:48] Appending to PATH: /home/diego/miniconda3/envs/prokka_env/bin
[10:04:48] Looking for 'aragorn' - found /home/diego/miniconda3/envs/prokka_env/bin/aragorn
[10:04:48] Determined aragorn version is 1.2
[10:04:48] Looking for 'barrnap' - found /home/diego/miniconda3/envs/prokka_env/bin/barrnap
[10:04:48] Determined barrnap version is 0.9
[10:04:48] Looking for 'blastp' - found /home/diego/miniconda3/envs/prokka_env/bin/blastp
[10:04:48] Determined blastp version is 2.14
[10:04:48] Looking for 'cmpress' - found /home/diego/miniconda3/envs/prokka_env/bin/cmpress
[10:04:48] Determined cmpress version is 1.1
[10:04:48] Looking for 'cmscan' - found /home/diego/miniconda3/envs/prokka_env/bin/cmscan
[10:04:48] Determined cmscan version is 1.1
[10:04:48] Looking for 'egrep' - found /usr/bin/egrep
[10:04:48] Looking for 'find' - found /usr/bin/find
[10:04:48] Looking for 'grep' - found /usr/bin/grep
[10:04:48] Looking for 'hmmpress' - found /home/diego/miniconda3/envs/prokka_env/bin/hmmpress
[10:04:48] Determined hmmpress version is 3.3
[10:04:48] Looking for 'hmmscan' - found /home/diego/miniconda3/envs/prokka_env/bin/hmmscan
[10:04:48] Determined hmmscan version is 3.3
[10:04:48] Looking for 'java' - found /home/diego/miniconda3/envs/prokka_env/bin/java
[10:04:48] Looking for 'less' - found /usr/bin/less
[10:04:48] Looking for 'makeblastdb' - found /home/diego/miniconda3/envs/prokka_env/bin/makeblastdb
[10:04:48] Determined makeblastdb version is 2.14
[10:04:48] Looking for 'minced' - found /home/diego/miniconda3/envs/prokka_env/bin/minced
[10:04:48] Determined minced version is 4.2
[10:04:48] Looking for 'parallel' - found /home/diego/miniconda3/envs/prokka_env/bin/parallel
[10:04:48] Determined parallel version is 20160622
[10:04:48] Looking for 'prodigal' - found /home/diego/miniconda3/envs/prokka_env/bin/prodigal
[10:04:48] Determined prodigal version is 2.6
[10:04:48] Looking for 'prokka-genbank_to_fasta_db' - found /home/diego/miniconda3/envs/prokka_env/bin/prokka-genbank_to_fasta_db
[10:04:48] Looking for 'rnammer' - found /home/diego/rnammer-1.2.src/rnammer
[10:04:48] Determined rnammer version is 1.2
[10:04:48] Looking for 'sed' - found /usr/bin/sed
[10:04:48] Looking for 'tbl2asn' - found /home/diego/miniconda3/envs/prokka_env/bin/tbl2asn
[10:04:48] Determined tbl2asn version is 25.8
[10:04:48] Using genetic code table 11.
[10:04:48] Loading and checking input file: SMTETIMP.fasta
[10:04:48] Wrote 1 contigs totalling 147097 bp.
[10:04:48] Predicting tRNAs and tmRNAs
[10:04:48] Running: aragorn -l -gc11  -w prokka_SMTETIMP\/prokka_SMTETIMP\.fna
[10:04:48] 1 tRNA-Met [9800,9874] 35 (cat)
[10:04:48] 2 tRNA-Asn c[13420,13495] 36 (gtt)
[10:04:48] 3 tRNA-Cys c[20077,20147] 33 (gca)
[10:04:48] 4 tmRNA c[21787,22070] 98,124 GKNYSLAA*
[10:04:48] 5 tRNA-Met c[22709,22784] 36 (cat)
[10:04:48] 6 tRNA-Leu [25722,25806] 35 (tag)
[10:04:48] 7 tRNA-Leu [25811,25889] 36 (caa)
[10:04:48] 8 tRNA-Ser [31269,31351] 34 (gct)
[10:04:48] 9 tRNA-Pro [31357,31431] 36 (tgg)
[10:04:48] 10 tRNA-Arg [31453,31527] 35 (tct)
[10:04:48] 11 tRNA-Ser c[36971,37057] 36 (tga)
[10:04:48] 12 tRNA-Lys [40867,40939] 34 (ttt)
[10:04:48] 13 tRNA-Asp c[40945,41018] 35 (gtc)
[10:04:48] 14 tRNA-Val c[44461,44535] 36 (tac)
[10:04:48] 15 tRNA-Leu c[59440,59524] 35 (taa)
[10:04:48] 16 tRNA-Gly c[59530,59602] 34 (gcc)
[10:04:48] 17 tRNA-Ala c[68352,68425] 35 (tgc)
[10:04:48] 18 tRNA-Ile c[68430,68503] 35 (gat)
[10:04:48] 19 tRNA-Thr [72295,72368] 35 (tgt)
[10:04:48] 20 tRNA-Tyr [72379,72460] 35 (gta)
[10:04:48] 21 tRNA-Gly [72498,72571] 35 (tcc)
[10:04:48] 22 tRNA-Thr [72582,72656] 35 (ggt)
[10:04:48] 23 tRNA-Trp [73876,73948] 34 (cca)
[10:04:48] 24 tRNA-His [85776,85851] 36 (gtg)
[10:04:48] 25 tRNA-Phe c[88667,88738] 34 (gaa)
[10:04:48] 26 tRNA-Leu c[101615,101688] 35 (gag)
[10:04:48] 27 tRNA-Met [101803,101878] 36 (cat)
[10:04:48] 28 tRNA-Glu c[113369,113440] 34 (ttc)
[10:04:48] 29 tRNA-Gln [113848,113918] 33 (ttg)
[10:04:48] 30 tRNA-Arg c[138525,138598] 35 (acg)
[10:04:48] Found 30 tRNAs
[10:04:48] Predicting Ribosomal RNAs
[10:04:48] Running Barrnap with 32 threads
[10:04:49] 1 gnl|Prokka|SMTETIMP_1 65265 5S ribosomal RNA
[10:04:49] 2 gnl|Prokka|SMTETIMP_1 65434 23S ribosomal RNA
[10:04:49] 3 gnl|Prokka|SMTETIMP_1 68549 16S ribosomal RNA
[10:04:49] Found 3 rRNAs
[10:04:49] Skipping ncRNA search, enable with --rfam if desired.
[10:04:49] Total of 32 tRNA + rRNA features
[10:04:49] Searching for CRISPR repeats
[10:04:49] Found 0 CRISPRs
[10:04:49] Predicting coding sequences
[10:04:49] Contigs total 147097 bp, so using single mode
[10:04:49] Running: prodigal -i prokka_SMTETIMP\/prokka_SMTETIMP\.fna -c -m -g 11 -p single -f sco -q
[10:04:49] Excluding CDS which overlaps existing RNA (tRNA) at gnl|Prokka|SMTETIMP_1:31524..33002 on - strand
[10:04:49] Excluding CDS which overlaps existing RNA (rRNA) at gnl|Prokka|SMTETIMP_1:65212..65391 on - strand
[10:04:49] Excluding CDS which overlaps existing RNA (rRNA) at gnl|Prokka|SMTETIMP_1:65557..66015 on + strand
[10:04:49] Excluding CDS which overlaps existing RNA (tRNA) at gnl|Prokka|SMTETIMP_1:73891..74391 on + strand
[10:04:49] Excluding CDS which overlaps existing RNA (tRNA) at gnl|Prokka|SMTETIMP_1:85846..85968 on - strand
[10:04:49] Found 143 CDS
[10:04:49] Connecting features back to sequences
[10:04:49] Not using genus-specific database. Try --usegenus to enable it.
[10:04:49] Annotating CDS, please be patient.
[10:04:49] Will use 32 CPUs for similarity searching.
[10:04:49] There are still 143 unannotated CDS left (started with 143)
[10:04:49] Will use blast to search against /home/diego/miniconda3/envs/prokka_env/bin/../db/kingdom/Bacteria/sprot with 32 CPUs
[10:04:49] Running: cat prokka_SMTETIMP\/sprot\.faa | parallel --gnu --plain -j 32 --block 657 --recstart '>' --pipe blastp -query - -db /home/diego/miniconda3/envs/prokka_env/bin/../db/kingdom/Bacteria/sprot -evalue 1e-06 -num_threads 1 -num_descriptions 1 -num_alignments 1 -seg no > prokka_SMTETIMP\/sprot\.blast 2> /dev/null
[10:04:51] Modify product: Putative O-methyltransferase MSMEG_5073/MSMEI_4947 => Putative O-methyltransferase/MSMEI_4947
[10:04:51] Modify product: Uncharacterized protease YdcP => putative protease YdcP
[10:04:51] Modify product: Probable ATP-dependent transporter SufC => putative ATP-dependent transporter SufC
[10:04:51] Cleaned 3 /product names
[10:04:51] Deleting unwanted file: prokka_SMTETIMP/sprot.faa
[10:04:51] Deleting unwanted file: prokka_SMTETIMP/sprot.blast
[10:04:51] There are still 22 unannotated CDS left (started with 143)
[10:04:51] Will use hmmer3 to search against /home/diego/miniconda3/envs/prokka_env/bin/../db/hmm/HAMAP.hmm with 32 CPUs
[10:04:51] Running: cat prokka_SMTETIMP\/HAMAP\.hmm\.faa | parallel --gnu --plain -j 32 --block 41 --recstart '>' --pipe hmmscan --noali --notextw --acc -E 1e-06 --cpu 1 /home/diego/miniconda3/envs/prokka_env/bin/../db/hmm/HAMAP.hmm /dev/stdin > prokka_SMTETIMP\/HAMAP\.hmm\.hmmer3 2> /dev/null
[10:04:51] Deleting unwanted file: prokka_SMTETIMP/HAMAP.hmm.faa
[10:04:51] Deleting unwanted file: prokka_SMTETIMP/HAMAP.hmm.hmmer3
[10:04:51] Labelling remaining 15 proteins as 'hypothetical protein'
[10:04:51] Possible /pseudo 'Polyribonucleotide nucleotidyltransferase' at gnl|Prokka|SMTETIMP_1 position 117481
[10:04:51] Possible /pseudo 'Polyribonucleotide nucleotidyltransferase' at gnl|Prokka|SMTETIMP_1 position 117825
[10:04:51] Possible /pseudo 'Polyribonucleotide nucleotidyltransferase' at gnl|Prokka|SMTETIMP_1 position 118067
[10:04:51] Found 123 unique /gene codes.
[10:04:51] Fixed 4 duplicate /gene - pnp_1 pnp_2 pnp_3 pnp_4
[10:04:51] Fixed 1 colliding /gene names.
[10:04:51] Adding /locus_tag identifiers
[10:04:51] Assigned 176 locus_tags to CDS and RNA features.
[10:04:51] Writing outputs to prokka_SMTETIMP/
[10:04:51] Generating annotation statistics file
[10:04:51] Generating Genbank and Sequin files
[10:04:51] Running: tbl2asn -V b -a r10k -l paired-ends -M n -N 1 -y 'Annotated using prokka 1.13 from https://github.com/tseemann/prokka' -Z prokka_SMTETIMP\/prokka_SMTETIMP\.err -i prokka_SMTETIMP\/prokka_SMTETIMP\.fsa 2> /dev/null
[10:04:52] Deleting unwanted file: prokka_SMTETIMP/errorsummary.val
[10:04:52] Deleting unwanted file: prokka_SMTETIMP/prokka_SMTETIMP.dr
[10:04:52] Deleting unwanted file: prokka_SMTETIMP/prokka_SMTETIMP.fixedproducts
[10:04:52] Deleting unwanted file: prokka_SMTETIMP/prokka_SMTETIMP.ecn
[10:04:52] Deleting unwanted file: prokka_SMTETIMP/prokka_SMTETIMP.val
[10:04:52] Repairing broken .GBK output that tbl2asn produces...
[10:04:52] Running: sed 's/COORDINATES: profile/COORDINATES:profile/' < prokka_SMTETIMP\/prokka_SMTETIMP\.gbf > prokka_SMTETIMP\/prokka_SMTETIMP\.gbk
[10:04:52] Deleting unwanted file: prokka_SMTETIMP/prokka_SMTETIMP.gbf
[10:04:52] Output files:
[10:04:52] prokka_SMTETIMP/prokka_SMTETIMP.err
[10:04:52] prokka_SMTETIMP/prokka_SMTETIMP.ffn
[10:04:52] prokka_SMTETIMP/prokka_SMTETIMP.faa
[10:04:52] prokka_SMTETIMP/prokka_SMTETIMP.txt
[10:04:52] prokka_SMTETIMP/prokka_SMTETIMP.fsa
[10:04:52] prokka_SMTETIMP/prokka_SMTETIMP.tbl
[10:04:52] prokka_SMTETIMP/prokka_SMTETIMP.sqn
[10:04:52] prokka_SMTETIMP/prokka_SMTETIMP.log
[10:04:52] prokka_SMTETIMP/prokka_SMTETIMP.fna
[10:04:52] prokka_SMTETIMP/prokka_SMTETIMP.gff
[10:04:52] prokka_SMTETIMP/prokka_SMTETIMP.tsv
[10:04:52] prokka_SMTETIMP/prokka_SMTETIMP.gbk
[10:04:52] Annotation finished successfully.
[10:04:52] Walltime used: 0.07 minutes
[10:04:52] If you use this result please cite the Prokka paper:
[10:04:52] Seemann T (2014) Prokka: rapid prokaryotic genome annotation. Bioinformatics. 30(14):2068-9.
[10:04:52] Type 'prokka --citation' for more details.
[10:04:52] Thank you, come again.
