Discrepancy Report Results

Summary
DISC_SOURCE_QUALS_ASNDISC:strain (all present, all unique)
DISC_SOURCE_QUALS_ASNDISC:taxname (all present, all unique)
DISC_FEATURE_COUNT:gene: 177 present
DISC_FEATURE_COUNT:CDS: 144 present
DISC_FEATURE_COUNT:tRNA: 29 present
DISC_FEATURE_COUNT:rRNA: 3 present
DISC_FEATURE_COUNT:tmRNA: 1 present
DISC_COUNT_NUCLEOTIDES:1 nucleotide Bioseqs are present
OVERLAPPING_GENES:48 genes overlap another gene on the same strand.
SUSPECT_PRODUCT_NAMES:1 product_names contain suspect phrase or characters
	May contain database identifier more appropriate in note; remove from product name
		1 features Contains underscore
DISC_QUALITY_SCORES:Quality scores are missing on all sequences.
ONCALLER_COMMENT_PRESENT:1 comment descriptors were found (all same)
SHORT_PROT_SEQUENCES:7 protein sequences are shorter than 50 aa.
MISSING_GENOMEASSEMBLY_COMMENTS:1 bioseqs are missing GenomeAssembly structured comments
MOLTYPE_NOT_MRNA:1 molecule types are not set as mRNA.
TECHNIQUE_NOT_TSA:1 technique are not set as TSA
MISSING_STRUCTURED_COMMENT:1 sequences do not include structured comments.
MISSING_PROJECT:145 sequences do not include project.
DISC_INCONSISTENT_MOLINFO_TECH:Molinfo Technique Report (some missing, all same)


Detailed Report

DiscRep_ALL:DISC_SOURCE_QUALS_ASNDISC::strain (all present, all unique)
DiscRep_SUB:DISC_SOURCE_QUALS_ASNDISC::1 sources have unique values for strain
DiscRep_ALL:DISC_SOURCE_QUALS_ASNDISC::taxname (all present, all unique)
DiscRep_SUB:DISC_SOURCE_QUALS_ASNDISC::1 sources have unique values for taxname
DiscRep_ALL:DISC_FEATURE_COUNT::gene: 177 present
DiscRep_ALL:DISC_FEATURE_COUNT::CDS: 144 present
DiscRep_ALL:DISC_FEATURE_COUNT::tRNA: 29 present
DiscRep_ALL:DISC_FEATURE_COUNT::rRNA: 3 present
DiscRep_ALL:DISC_FEATURE_COUNT::tmRNA: 1 present
DiscRep_ALL:DISC_COUNT_NUCLEOTIDES::1 nucleotide Bioseqs are present
prokka_SMTETIMP/SMTETIMP:Prokka:SMTETIMP_1 (length 147097)

DiscRep_ALL:OVERLAPPING_GENES::48 genes overlap another gene on the same strand.
prokka_SMTETIMP/SMTETIMP:Gene	glnS	SMTETIMP_1:c17778-16168	SMTETIMP_00015
prokka_SMTETIMP/SMTETIMP:Gene	mnmG	SMTETIMP_1:c19636-17732	SMTETIMP_00016
prokka_SMTETIMP/SMTETIMP:Gene	rplI	SMTETIMP_1:c21149-20949	SMTETIMP_00020
prokka_SMTETIMP/SMTETIMP:Gene	rpsR	SMTETIMP_1:c21427-21134	SMTETIMP_00021
prokka_SMTETIMP/SMTETIMP:Gene	rpsF	SMTETIMP_1:c21770-21420	SMTETIMP_00022
prokka_SMTETIMP/SMTETIMP:Gene	rpmA	SMTETIMP_1:c22339-22088	SMTETIMP_00024
prokka_SMTETIMP/SMTETIMP:Gene	rplU	SMTETIMP_1:c22667-22329	SMTETIMP_00025
prokka_SMTETIMP/SMTETIMP:Gene	hflX	SMTETIMP_1:29427-30566	SMTETIMP_00037
prokka_SMTETIMP/SMTETIMP:Gene	SMTETIMP_00038	SMTETIMP_1:30508-30681	SMTETIMP_00038
prokka_SMTETIMP/SMTETIMP:Gene	iscS	SMTETIMP_1:c39838-38705	SMTETIMP_00048
prokka_SMTETIMP/SMTETIMP:Gene	tilS	SMTETIMP_1:c40763-39813	SMTETIMP_00049
prokka_SMTETIMP/SMTETIMP:Gene	grpE	SMTETIMP_1:49465-50055	SMTETIMP_00058
prokka_SMTETIMP/SMTETIMP:Gene	dnaJ	SMTETIMP_1:50015-51130	SMTETIMP_00059
prokka_SMTETIMP/SMTETIMP:Gene	rplM	SMTETIMP_1:57235-57636	SMTETIMP_00067
prokka_SMTETIMP/SMTETIMP:Gene	rpsI	SMTETIMP_1:57636-58028	SMTETIMP_00068
prokka_SMTETIMP/SMTETIMP:Gene	rpsB	SMTETIMP_1:57982-58767	SMTETIMP_00069
prokka_SMTETIMP/SMTETIMP:Gene	mutS	SMTETIMP_1:c62219-59604	SMTETIMP_00072
prokka_SMTETIMP/SMTETIMP:Gene	clpX	SMTETIMP_1:c63474-62194	SMTETIMP_00073
prokka_SMTETIMP/SMTETIMP:Gene	rplJ	SMTETIMP_1:75038-75592	SMTETIMP_00090
prokka_SMTETIMP/SMTETIMP:Gene	rplL	SMTETIMP_1:75582-75950	SMTETIMP_00091
prokka_SMTETIMP/SMTETIMP:Gene	rpmG	SMTETIMP_1:c86165-85980	SMTETIMP_00097
prokka_SMTETIMP/SMTETIMP:Gene	rpmB	SMTETIMP_1:c86391-86155	SMTETIMP_00098
prokka_SMTETIMP/SMTETIMP:Gene	leuS	SMTETIMP_1:c91488-88747	SMTETIMP_00101
prokka_SMTETIMP/SMTETIMP:Gene	tyrS1	SMTETIMP_1:c92740-91478	SMTETIMP_00102
prokka_SMTETIMP/SMTETIMP:Gene	leuA	SMTETIMP_1:92848-94062	SMTETIMP_00103
prokka_SMTETIMP/SMTETIMP:Gene	leuC	SMTETIMP_1:94004-95419	SMTETIMP_00104
prokka_SMTETIMP/SMTETIMP:Gene	leuD1	SMTETIMP_1:95406-96014	SMTETIMP_00105
prokka_SMTETIMP/SMTETIMP:Gene	sufC	SMTETIMP_1:107963-108715	SMTETIMP_00119
prokka_SMTETIMP/SMTETIMP:Gene	sufD	SMTETIMP_1:108706-110082	SMTETIMP_00120
prokka_SMTETIMP/SMTETIMP:Gene	sufS	SMTETIMP_1:110030-111241	SMTETIMP_00121
prokka_SMTETIMP/SMTETIMP:Gene	SMTETIMP_00133	SMTETIMP_1:c118343-118212	SMTETIMP_00133
prokka_SMTETIMP/SMTETIMP:Gene	SMTETIMP_00134	SMTETIMP_1:c118552-118328	SMTETIMP_00134
prokka_SMTETIMP/SMTETIMP:Gene	rpsJ	SMTETIMP_1:122382-122678	SMTETIMP_00140
prokka_SMTETIMP/SMTETIMP:Gene	rplC	SMTETIMP_1:122672-123298	SMTETIMP_00141
prokka_SMTETIMP/SMTETIMP:Gene	SMTETIMP_00143	SMTETIMP_1:123956-124318	SMTETIMP_00143
prokka_SMTETIMP/SMTETIMP:Gene	rplB	SMTETIMP_1:124308-125135	SMTETIMP_00144
prokka_SMTETIMP/SMTETIMP:Gene	rpsS	SMTETIMP_1:125147-125446	SMTETIMP_00145
prokka_SMTETIMP/SMTETIMP:Gene	SMTETIMP_00146	SMTETIMP_1:125439-125816	SMTETIMP_00146
prokka_SMTETIMP/SMTETIMP:Gene	rpsC	SMTETIMP_1:125801-126478	SMTETIMP_00147
prokka_SMTETIMP/SMTETIMP:Gene	rplP	SMTETIMP_1:126498-126908	SMTETIMP_00148
prokka_SMTETIMP/SMTETIMP:Gene	rpsQ	SMTETIMP_1:126902-127147	SMTETIMP_00149
prokka_SMTETIMP/SMTETIMP:Gene	SMTETIMP_00151	SMTETIMP_1:127532-127885	SMTETIMP_00151
prokka_SMTETIMP/SMTETIMP:Gene	rplE	SMTETIMP_1:127869-128426	SMTETIMP_00152
prokka_SMTETIMP/SMTETIMP:Gene	rpsN2	SMTETIMP_1:128419-128688	SMTETIMP_00153
prokka_SMTETIMP/SMTETIMP:Gene	rpsM	SMTETIMP_1:131441-131860	SMTETIMP_00161
prokka_SMTETIMP/SMTETIMP:Gene	rpsK	SMTETIMP_1:131815-132174	SMTETIMP_00162
prokka_SMTETIMP/SMTETIMP:Gene	rpoA	SMTETIMP_1:132851-133852	SMTETIMP_00164
prokka_SMTETIMP/SMTETIMP:Gene	rplQ	SMTETIMP_1:133822-134172	SMTETIMP_00165

DiscRep_ALL:SUSPECT_PRODUCT_NAMES::1 product_names contain suspect phrase or characters
DiscRep_SUB:SUSPECT_PRODUCT_NAMES::May contain database identifier more appropriate in note; remove from product name
DiscRep_SUB:SUSPECT_PRODUCT_NAMES::1 features Contains underscore
prokka_SMTETIMP/SMTETIMP:CDS	Putative O-methyltransferase/MSMEI_4947	SMTETIMP_1:6006-6641	SMTETIMP_00006

DiscRep_ALL:DISC_QUALITY_SCORES::Quality scores are missing on all sequences.

DiscRep_ALL:ONCALLER_COMMENT_PRESENT::1 comment descriptors were found (all same)
prokka_SMTETIMP/SMTETIMP:Prokka:SMTETIMP_1:Annotated using prokka 1.13 from https://github.com/tseemann/prokka

DiscRep_ALL:SHORT_PROT_SEQUENCES::7 protein sequences are shorter than 50 aa.
prokka_SMTETIMP/SMTETIMP:Prokka:SMTETIMP_00029 (length 47)
prokka_SMTETIMP/SMTETIMP:Prokka:SMTETIMP_00030 (length 32)
prokka_SMTETIMP/SMTETIMP:Prokka:SMTETIMP_00034 (length 47)
prokka_SMTETIMP/SMTETIMP:Prokka:SMTETIMP_00132 (length 40)
prokka_SMTETIMP/SMTETIMP:Prokka:SMTETIMP_00133 (length 43)
prokka_SMTETIMP/SMTETIMP:Prokka:SMTETIMP_00136 (length 32)
prokka_SMTETIMP/SMTETIMP:Prokka:SMTETIMP_00160 (length 38)

DiscRep_ALL:MISSING_GENOMEASSEMBLY_COMMENTS::1 bioseqs are missing GenomeAssembly structured comments
prokka_SMTETIMP/SMTETIMP:Prokka:SMTETIMP_1 (length 147097)

DiscRep_ALL:MOLTYPE_NOT_MRNA::1 molecule types are not set as mRNA.
prokka_SMTETIMP/SMTETIMP:Prokka:SMTETIMP_1 (length 147097)

DiscRep_ALL:TECHNIQUE_NOT_TSA::1 technique are not set as TSA
prokka_SMTETIMP/SMTETIMP:Prokka:SMTETIMP_1 (length 147097)

DiscRep_ALL:MISSING_STRUCTURED_COMMENT::1 sequences do not include structured comments.
prokka_SMTETIMP/SMTETIMP:Prokka:SMTETIMP_1 (length 147097)

DiscRep_ALL:MISSING_PROJECT::145 sequences do not include project.
prokka_SMTETIMP/SMTETIMP:Prokka:SMTETIMP_1 (length 147097)
prokka_SMTETIMP/SMTETIMP:Prokka:SMTETIMP_00001 (length 159)
prokka_SMTETIMP/SMTETIMP:Prokka:SMTETIMP_00002 (length 862)
prokka_SMTETIMP/SMTETIMP:Prokka:SMTETIMP_00003 (length 110)
prokka_SMTETIMP/SMTETIMP:Prokka:SMTETIMP_00004 (length 369)
prokka_SMTETIMP/SMTETIMP:Prokka:SMTETIMP_00005 (length 384)
prokka_SMTETIMP/SMTETIMP:Prokka:SMTETIMP_00006 (length 211)
prokka_SMTETIMP/SMTETIMP:Prokka:SMTETIMP_00007 (length 398)
prokka_SMTETIMP/SMTETIMP:Prokka:SMTETIMP_00008 (length 352)
prokka_SMTETIMP/SMTETIMP:Prokka:SMTETIMP_00009 (length 257)
prokka_SMTETIMP/SMTETIMP:Prokka:SMTETIMP_00011 (length 1148)
prokka_SMTETIMP/SMTETIMP:Prokka:SMTETIMP_00013 (length 378)
prokka_SMTETIMP/SMTETIMP:Prokka:SMTETIMP_00014 (length 410)
prokka_SMTETIMP/SMTETIMP:Prokka:SMTETIMP_00015 (length 536)
prokka_SMTETIMP/SMTETIMP:Prokka:SMTETIMP_00016 (length 634)
prokka_SMTETIMP/SMTETIMP:Prokka:SMTETIMP_00017 (length 133)
prokka_SMTETIMP/SMTETIMP:Prokka:SMTETIMP_00019 (length 200)
prokka_SMTETIMP/SMTETIMP:Prokka:SMTETIMP_00020 (length 66)
prokka_SMTETIMP/SMTETIMP:Prokka:SMTETIMP_00021 (length 97)
prokka_SMTETIMP/SMTETIMP:Prokka:SMTETIMP_00022 (length 116)
prokka_SMTETIMP/SMTETIMP:Prokka:SMTETIMP_00024 (length 83)
prokka_SMTETIMP/SMTETIMP:Prokka:SMTETIMP_00025 (length 112)
prokka_SMTETIMP/SMTETIMP:Prokka:SMTETIMP_00027 (length 201)
prokka_SMTETIMP/SMTETIMP:Prokka:SMTETIMP_00028 (length 323)
prokka_SMTETIMP/SMTETIMP:Prokka:SMTETIMP_00029 (length 47)
prokka_SMTETIMP/SMTETIMP:Prokka:SMTETIMP_00030 (length 32)
prokka_SMTETIMP/SMTETIMP:Prokka:SMTETIMP_00033 (length 58)
prokka_SMTETIMP/SMTETIMP:Prokka:SMTETIMP_00034 (length 47)
prokka_SMTETIMP/SMTETIMP:Prokka:SMTETIMP_00035 (length 259)
prokka_SMTETIMP/SMTETIMP:Prokka:SMTETIMP_00036 (length 435)
prokka_SMTETIMP/SMTETIMP:Prokka:SMTETIMP_00037 (length 379)
prokka_SMTETIMP/SMTETIMP:Prokka:SMTETIMP_00038 (length 57)
prokka_SMTETIMP/SMTETIMP:Prokka:SMTETIMP_00042 (length 67)
prokka_SMTETIMP/SMTETIMP:Prokka:SMTETIMP_00043 (length 104)
prokka_SMTETIMP/SMTETIMP:Prokka:SMTETIMP_00044 (length 454)
prokka_SMTETIMP/SMTETIMP:Prokka:SMTETIMP_00045 (length 599)
prokka_SMTETIMP/SMTETIMP:Prokka:SMTETIMP_00047 (length 484)
prokka_SMTETIMP/SMTETIMP:Prokka:SMTETIMP_00048 (length 377)
prokka_SMTETIMP/SMTETIMP:Prokka:SMTETIMP_00049 (length 316)
prokka_SMTETIMP/SMTETIMP:Prokka:SMTETIMP_00052 (length 1122)
prokka_SMTETIMP/SMTETIMP:Prokka:SMTETIMP_00054 (length 460)
prokka_SMTETIMP/SMTETIMP:Prokka:SMTETIMP_00055 (length 339)
prokka_SMTETIMP/SMTETIMP:Prokka:SMTETIMP_00056 (length 295)
prokka_SMTETIMP/SMTETIMP:Prokka:SMTETIMP_00057 (length 458)
prokka_SMTETIMP/SMTETIMP:Prokka:SMTETIMP_00058 (length 196)
prokka_SMTETIMP/SMTETIMP:Prokka:SMTETIMP_00059 (length 371)
prokka_SMTETIMP/SMTETIMP:Prokka:SMTETIMP_00060 (length 394)
prokka_SMTETIMP/SMTETIMP:Prokka:SMTETIMP_00061 (length 352)
prokka_SMTETIMP/SMTETIMP:Prokka:SMTETIMP_00062 (length 153)
prokka_SMTETIMP/SMTETIMP:Prokka:SMTETIMP_00063 (length 114)
prokka_SMTETIMP/SMTETIMP:Prokka:SMTETIMP_00064 (length 68)
prokka_SMTETIMP/SMTETIMP:Prokka:SMTETIMP_00065 (length 183)
prokka_SMTETIMP/SMTETIMP:Prokka:SMTETIMP_00066 (length 626)
prokka_SMTETIMP/SMTETIMP:Prokka:SMTETIMP_00067 (length 133)
prokka_SMTETIMP/SMTETIMP:Prokka:SMTETIMP_00068 (length 130)
prokka_SMTETIMP/SMTETIMP:Prokka:SMTETIMP_00069 (length 261)
prokka_SMTETIMP/SMTETIMP:Prokka:SMTETIMP_00072 (length 871)
prokka_SMTETIMP/SMTETIMP:Prokka:SMTETIMP_00073 (length 426)
prokka_SMTETIMP/SMTETIMP:Prokka:SMTETIMP_00074 (length 216)
prokka_SMTETIMP/SMTETIMP:Prokka:SMTETIMP_00075 (length 356)
prokka_SMTETIMP/SMTETIMP:Prokka:SMTETIMP_00081 (length 440)
prokka_SMTETIMP/SMTETIMP:Prokka:SMTETIMP_00082 (length 138)
prokka_SMTETIMP/SMTETIMP:Prokka:SMTETIMP_00087 (length 395)
prokka_SMTETIMP/SMTETIMP:Prokka:SMTETIMP_00089 (length 211)
prokka_SMTETIMP/SMTETIMP:Prokka:SMTETIMP_00090 (length 184)
prokka_SMTETIMP/SMTETIMP:Prokka:SMTETIMP_00091 (length 122)
prokka_SMTETIMP/SMTETIMP:Prokka:SMTETIMP_00092 (length 1234)
prokka_SMTETIMP/SMTETIMP:Prokka:SMTETIMP_00093 (length 1360)
prokka_SMTETIMP/SMTETIMP:Prokka:SMTETIMP_00094 (length 250)
prokka_SMTETIMP/SMTETIMP:Prokka:SMTETIMP_00095 (length 324)
prokka_SMTETIMP/SMTETIMP:Prokka:SMTETIMP_00097 (length 61)
prokka_SMTETIMP/SMTETIMP:Prokka:SMTETIMP_00098 (length 78)
prokka_SMTETIMP/SMTETIMP:Prokka:SMTETIMP_00099 (length 414)
prokka_SMTETIMP/SMTETIMP:Prokka:SMTETIMP_00101 (length 913)
prokka_SMTETIMP/SMTETIMP:Prokka:SMTETIMP_00102 (length 420)
prokka_SMTETIMP/SMTETIMP:Prokka:SMTETIMP_00103 (length 404)
prokka_SMTETIMP/SMTETIMP:Prokka:SMTETIMP_00104 (length 471)
prokka_SMTETIMP/SMTETIMP:Prokka:SMTETIMP_00105 (length 202)
prokka_SMTETIMP/SMTETIMP:Prokka:SMTETIMP_00106 (length 360)
prokka_SMTETIMP/SMTETIMP:Prokka:SMTETIMP_00107 (length 126)
prokka_SMTETIMP/SMTETIMP:Prokka:SMTETIMP_00108 (length 336)
prokka_SMTETIMP/SMTETIMP:Prokka:SMTETIMP_00109 (length 63)
prokka_SMTETIMP/SMTETIMP:Prokka:SMTETIMP_00110 (length 316)
prokka_SMTETIMP/SMTETIMP:Prokka:SMTETIMP_00111 (length 460)
prokka_SMTETIMP/SMTETIMP:Prokka:SMTETIMP_00114 (length 154)
prokka_SMTETIMP/SMTETIMP:Prokka:SMTETIMP_00115 (length 546)
prokka_SMTETIMP/SMTETIMP:Prokka:SMTETIMP_00116 (length 89)
prokka_SMTETIMP/SMTETIMP:Prokka:SMTETIMP_00117 (length 440)
prokka_SMTETIMP/SMTETIMP:Prokka:SMTETIMP_00118 (length 475)
prokka_SMTETIMP/SMTETIMP:Prokka:SMTETIMP_00119 (length 250)
prokka_SMTETIMP/SMTETIMP:Prokka:SMTETIMP_00120 (length 458)
prokka_SMTETIMP/SMTETIMP:Prokka:SMTETIMP_00121 (length 403)
prokka_SMTETIMP/SMTETIMP:Prokka:SMTETIMP_00122 (length 583)
prokka_SMTETIMP/SMTETIMP:Prokka:SMTETIMP_00123 (length 80)
prokka_SMTETIMP/SMTETIMP:Prokka:SMTETIMP_00125 (length 109)
prokka_SMTETIMP/SMTETIMP:Prokka:SMTETIMP_00127 (length 61)
prokka_SMTETIMP/SMTETIMP:Prokka:SMTETIMP_00128 (length 326)
prokka_SMTETIMP/SMTETIMP:Prokka:SMTETIMP_00129 (length 330)
prokka_SMTETIMP/SMTETIMP:Prokka:SMTETIMP_00130 (length 90)
prokka_SMTETIMP/SMTETIMP:Prokka:SMTETIMP_00131 (length 50)
prokka_SMTETIMP/SMTETIMP:Prokka:SMTETIMP_00132 (length 40)
prokka_SMTETIMP/SMTETIMP:Prokka:SMTETIMP_00133 (length 43)
prokka_SMTETIMP/SMTETIMP:Prokka:SMTETIMP_00134 (length 74)
prokka_SMTETIMP/SMTETIMP:Prokka:SMTETIMP_00135 (length 99)
prokka_SMTETIMP/SMTETIMP:Prokka:SMTETIMP_00136 (length 32)
prokka_SMTETIMP/SMTETIMP:Prokka:SMTETIMP_00137 (length 126)
prokka_SMTETIMP/SMTETIMP:Prokka:SMTETIMP_00138 (length 156)
prokka_SMTETIMP/SMTETIMP:Prokka:SMTETIMP_00139 (length 694)
prokka_SMTETIMP/SMTETIMP:Prokka:SMTETIMP_00140 (length 98)
prokka_SMTETIMP/SMTETIMP:Prokka:SMTETIMP_00141 (length 208)
prokka_SMTETIMP/SMTETIMP:Prokka:SMTETIMP_00142 (length 215)
prokka_SMTETIMP/SMTETIMP:Prokka:SMTETIMP_00143 (length 120)
prokka_SMTETIMP/SMTETIMP:Prokka:SMTETIMP_00144 (length 275)
prokka_SMTETIMP/SMTETIMP:Prokka:SMTETIMP_00145 (length 99)
prokka_SMTETIMP/SMTETIMP:Prokka:SMTETIMP_00146 (length 125)
prokka_SMTETIMP/SMTETIMP:Prokka:SMTETIMP_00147 (length 225)
prokka_SMTETIMP/SMTETIMP:Prokka:SMTETIMP_00148 (length 136)
prokka_SMTETIMP/SMTETIMP:Prokka:SMTETIMP_00149 (length 81)
prokka_SMTETIMP/SMTETIMP:Prokka:SMTETIMP_00150 (length 122)
prokka_SMTETIMP/SMTETIMP:Prokka:SMTETIMP_00151 (length 117)
prokka_SMTETIMP/SMTETIMP:Prokka:SMTETIMP_00152 (length 185)
prokka_SMTETIMP/SMTETIMP:Prokka:SMTETIMP_00153 (length 89)
prokka_SMTETIMP/SMTETIMP:Prokka:SMTETIMP_00154 (length 129)
prokka_SMTETIMP/SMTETIMP:Prokka:SMTETIMP_00155 (length 188)
prokka_SMTETIMP/SMTETIMP:Prokka:SMTETIMP_00156 (length 102)
prokka_SMTETIMP/SMTETIMP:Prokka:SMTETIMP_00157 (length 158)
prokka_SMTETIMP/SMTETIMP:Prokka:SMTETIMP_00158 (length 165)
prokka_SMTETIMP/SMTETIMP:Prokka:SMTETIMP_00159 (length 71)
prokka_SMTETIMP/SMTETIMP:Prokka:SMTETIMP_00160 (length 38)
prokka_SMTETIMP/SMTETIMP:Prokka:SMTETIMP_00161 (length 139)
prokka_SMTETIMP/SMTETIMP:Prokka:SMTETIMP_00162 (length 119)
prokka_SMTETIMP/SMTETIMP:Prokka:SMTETIMP_00163 (length 198)
prokka_SMTETIMP/SMTETIMP:Prokka:SMTETIMP_00164 (length 333)
prokka_SMTETIMP/SMTETIMP:Prokka:SMTETIMP_00165 (length 116)
prokka_SMTETIMP/SMTETIMP:Prokka:SMTETIMP_00166 (length 298)
prokka_SMTETIMP/SMTETIMP:Prokka:SMTETIMP_00167 (length 560)
prokka_SMTETIMP/SMTETIMP:Prokka:SMTETIMP_00168 (length 490)
prokka_SMTETIMP/SMTETIMP:Prokka:SMTETIMP_00170 (length 333)
prokka_SMTETIMP/SMTETIMP:Prokka:SMTETIMP_00171 (length 361)
prokka_SMTETIMP/SMTETIMP:Prokka:SMTETIMP_00172 (length 134)
prokka_SMTETIMP/SMTETIMP:Prokka:SMTETIMP_00173 (length 84)
prokka_SMTETIMP/SMTETIMP:Prokka:SMTETIMP_00174 (length 344)
prokka_SMTETIMP/SMTETIMP:Prokka:SMTETIMP_00175 (length 78)
prokka_SMTETIMP/SMTETIMP:Prokka:SMTETIMP_00176 (length 559)
prokka_SMTETIMP/SMTETIMP:Prokka:SMTETIMP_00177 (length 586)

DiscRep_ALL:DISC_INCONSISTENT_MOLINFO_TECH::Molinfo Technique Report (some missing, all same)
DiscRep_SUB:DISC_INCONSISTENT_MOLINFO_TECH::technique (all missing)
DiscRep_SUB:DISC_INCONSISTENT_MOLINFO_TECH::1 Molinfos are missing field technique
prokka_SMTETIMP/SMTETIMP:Prokka:SMTETIMP_1 (length 147097)

