[10:02:48] This is prokka 1.13
[10:02:48] Written by Torsten Seemann <torsten.seemann@gmail.com>
[10:02:48] Homepage is https://github.com/tseemann/prokka
[10:02:48] Local time is Mon Dec 18 10:02:48 2023
[10:02:48] You are diego
[10:02:48] Operating system is linux
[10:02:48] You have BioPerl 1.007002
[10:02:48] System has 32 cores.
[10:02:48] Option --cpu asked for 40 cores, but system only has 32
[10:02:48] Will use maximum of 32 cores.
[10:02:48] Annotating as >>> Bacteria <<<
[10:02:48] Enabling options to ensure Genbank/ENA/DDJB submission compliance.
[10:02:48] Creating new output folder: prokka_SMMYCPAL
[10:02:48] Running: mkdir -p prokka_SMMYCPAL
[10:02:48] Using filename prefix: prokka_SMMYCPAL.XXX
[10:02:48] Setting HMMER_NCPU=1
[10:02:48] Writing log to: prokka_SMMYCPAL/prokka_SMMYCPAL.log
[10:02:48] Command: /home/diego/miniconda3/envs/prokka_env/bin/prokka SMMYCPAL.fasta --prefix prokka_SMMYCPAL --outdir prokka_SMMYCPAL --cpus 40 --locustag SMMYCPAL --compliant --gcode 11
[10:02:48] Appending to PATH: /home/diego/miniconda3/envs/prokka_env/bin
[10:02:48] Looking for 'aragorn' - found /home/diego/miniconda3/envs/prokka_env/bin/aragorn
[10:02:48] Determined aragorn version is 1.2
[10:02:48] Looking for 'barrnap' - found /home/diego/miniconda3/envs/prokka_env/bin/barrnap
[10:02:48] Determined barrnap version is 0.9
[10:02:48] Looking for 'blastp' - found /home/diego/miniconda3/envs/prokka_env/bin/blastp
[10:02:48] Determined blastp version is 2.14
[10:02:48] Looking for 'cmpress' - found /home/diego/miniconda3/envs/prokka_env/bin/cmpress
[10:02:48] Determined cmpress version is 1.1
[10:02:48] Looking for 'cmscan' - found /home/diego/miniconda3/envs/prokka_env/bin/cmscan
[10:02:48] Determined cmscan version is 1.1
[10:02:48] Looking for 'egrep' - found /usr/bin/egrep
[10:02:48] Looking for 'find' - found /usr/bin/find
[10:02:48] Looking for 'grep' - found /usr/bin/grep
[10:02:48] Looking for 'hmmpress' - found /home/diego/miniconda3/envs/prokka_env/bin/hmmpress
[10:02:48] Determined hmmpress version is 3.3
[10:02:48] Looking for 'hmmscan' - found /home/diego/miniconda3/envs/prokka_env/bin/hmmscan
[10:02:48] Determined hmmscan version is 3.3
[10:02:48] Looking for 'java' - found /home/diego/miniconda3/envs/prokka_env/bin/java
[10:02:48] Looking for 'less' - found /usr/bin/less
[10:02:48] Looking for 'makeblastdb' - found /home/diego/miniconda3/envs/prokka_env/bin/makeblastdb
[10:02:48] Determined makeblastdb version is 2.14
[10:02:48] Looking for 'minced' - found /home/diego/miniconda3/envs/prokka_env/bin/minced
[10:02:48] Determined minced version is 4.2
[10:02:48] Looking for 'parallel' - found /home/diego/miniconda3/envs/prokka_env/bin/parallel
[10:02:48] Determined parallel version is 20160622
[10:02:48] Looking for 'prodigal' - found /home/diego/miniconda3/envs/prokka_env/bin/prodigal
[10:02:48] Determined prodigal version is 2.6
[10:02:48] Looking for 'prokka-genbank_to_fasta_db' - found /home/diego/miniconda3/envs/prokka_env/bin/prokka-genbank_to_fasta_db
[10:02:48] Looking for 'rnammer' - found /home/diego/rnammer-1.2.src/rnammer
[10:02:48] Determined rnammer version is 1.2
[10:02:48] Looking for 'sed' - found /usr/bin/sed
[10:02:48] Looking for 'tbl2asn' - found /home/diego/miniconda3/envs/prokka_env/bin/tbl2asn
[10:02:48] Determined tbl2asn version is 25.8
[10:02:48] Using genetic code table 11.
[10:02:48] Loading and checking input file: SMMYCPAL.fasta
[10:02:48] Wrote 1 contigs totalling 140602 bp.
[10:02:48] Predicting tRNAs and tmRNAs
[10:02:48] Running: aragorn -l -gc11  -w prokka_SMMYCPAL\/prokka_SMMYCPAL\.fna
[10:02:48] 1 tRNA-Met [9208,9283] 35 (cat)
[10:02:48] 2 tRNA-Asn c[12823,12898] 36 (gtt)
[10:02:48] 3 tRNA-Cys c[16860,16930] 33 (gca)
[10:02:48] 4 tmRNA c[18628,18931] 98,124 GKNYSLAA*
[10:02:48] 5 tRNA-Met c[19569,19644] 36 (cat)
[10:02:48] 6 tRNA-Leu [21995,22080] 36 (tag)
[10:02:48] 7 tRNA-Leu [22094,22177] 35 (caa)
[10:02:48] 8 tRNA-Ser [27309,27391] 35 (gct)
[10:02:48] 9 tRNA-Pro [27396,27470] 36 (tgg)
[10:02:48] 10 tRNA-Arg [27500,27574] 34 (tct)
[10:02:48] 11 tRNA-Ser c[32821,32907] 36 (tga)
[10:02:48] 12 tRNA-Lys [36770,36842] 34 (ttt)
[10:02:48] 13 tRNA-Asp c[36848,36921] 35 (gtc)
[10:02:48] 14 tRNA-Val c[40397,40471] 36 (tac)
[10:02:48] 15 tRNA-Leu c[54102,54184] 35 (taa)
[10:02:48] 16 tRNA-Gly c[54202,54274] 34 (gcc)
[10:02:48] 17 tRNA-Ala c[63184,63257] 35 (tgc)
[10:02:48] 18 tRNA-Ile c[63261,63334] 35 (gat)
[10:02:48] 19 tRNA-Thr [66855,66928] 35 (tgt)
[10:02:48] 20 tRNA-Tyr [66939,67020] 35 (gta)
[10:02:48] 21 tRNA-Gly [67041,67114] 35 (tcc)
[10:02:48] 22 tRNA-Thr [67125,67199] 35 (ggt)
[10:02:48] 23 tRNA-Trp [68421,68493] 34 (cca)
[10:02:48] 24 tRNA-His [80131,80206] 36 (gtg)
[10:02:48] 25 tRNA-Phe c[82249,82322] 35 (gaa)
[10:02:48] 26 tRNA-Leu c[94781,94854] 35 (gag)
[10:02:48] 27 tRNA-Met [94970,95046] 36 (cat)
[10:02:48] 28 tRNA-Glu c[106392,106463] 34 (ttc)
[10:02:48] 29 tRNA-Gln [106839,106909] 33 (ttg)
[10:02:48] 30 tRNA-Arg c[132493,132566] 35 (acg)
[10:02:48] Found 30 tRNAs
[10:02:48] Predicting Ribosomal RNAs
[10:02:48] Running Barrnap with 32 threads
[10:02:49] 1 gnl|Prokka|SMMYCPAL_1 60102 5S ribosomal RNA
[10:02:49] 2 gnl|Prokka|SMMYCPAL_1 60263 23S ribosomal RNA
[10:02:49] 3 gnl|Prokka|SMMYCPAL_1 63368 16S ribosomal RNA
[10:02:49] Found 3 rRNAs
[10:02:49] Skipping ncRNA search, enable with --rfam if desired.
[10:02:49] Total of 32 tRNA + rRNA features
[10:02:49] Searching for CRISPR repeats
[10:02:49] Found 0 CRISPRs
[10:02:49] Predicting coding sequences
[10:02:49] Contigs total 140602 bp, so using single mode
[10:02:49] Running: prodigal -i prokka_SMMYCPAL\/prokka_SMMYCPAL\.fna -c -m -g 11 -p single -f sco -q
[10:02:49] Excluding CDS which overlaps existing RNA (tRNA) at gnl|Prokka|SMMYCPAL_1:9224..9343 on + strand
[10:02:49] Excluding CDS which overlaps existing RNA (tRNA) at gnl|Prokka|SMMYCPAL_1:27570..29042 on - strand
[10:02:49] Excluding CDS which overlaps existing RNA (rRNA) at gnl|Prokka|SMMYCPAL_1:60385..60843 on + strand
[10:02:49] Excluding CDS which overlaps existing RNA (rRNA) at gnl|Prokka|SMMYCPAL_1:60996..61253 on + strand
[10:02:49] Excluding CDS which overlaps existing RNA (tRNA) at gnl|Prokka|SMMYCPAL_1:80206..80328 on - strand
[10:02:49] Excluding CDS which overlaps existing RNA (tRNA) at gnl|Prokka|SMMYCPAL_1:82322..85066 on - strand
[10:02:49] Found 139 CDS
[10:02:49] Connecting features back to sequences
[10:02:49] Not using genus-specific database. Try --usegenus to enable it.
[10:02:49] Annotating CDS, please be patient.
[10:02:49] Will use 32 CPUs for similarity searching.
[10:02:49] There are still 139 unannotated CDS left (started with 139)
[10:02:49] Will use blast to search against /home/diego/miniconda3/envs/prokka_env/bin/../db/kingdom/Bacteria/sprot with 32 CPUs
[10:02:49] Running: cat prokka_SMMYCPAL\/sprot\.faa | parallel --gnu --plain -j 32 --block 638 --recstart '>' --pipe blastp -query - -db /home/diego/miniconda3/envs/prokka_env/bin/../db/kingdom/Bacteria/sprot -evalue 1e-06 -num_threads 1 -num_descriptions 1 -num_alignments 1 -seg no > prokka_SMMYCPAL\/sprot\.blast 2> /dev/null
[10:02:51] Modify product: Probable ATP-dependent transporter SufC => putative ATP-dependent transporter SufC
[10:02:51] Cleaned 1 /product names
[10:02:51] Deleting unwanted file: prokka_SMMYCPAL/sprot.faa
[10:02:51] Deleting unwanted file: prokka_SMMYCPAL/sprot.blast
[10:02:51] There are still 19 unannotated CDS left (started with 139)
[10:02:51] Will use hmmer3 to search against /home/diego/miniconda3/envs/prokka_env/bin/../db/hmm/HAMAP.hmm with 32 CPUs
[10:02:51] Running: cat prokka_SMMYCPAL\/HAMAP\.hmm\.faa | parallel --gnu --plain -j 32 --block 35 --recstart '>' --pipe hmmscan --noali --notextw --acc -E 1e-06 --cpu 1 /home/diego/miniconda3/envs/prokka_env/bin/../db/hmm/HAMAP.hmm /dev/stdin > prokka_SMMYCPAL\/HAMAP\.hmm\.hmmer3 2> /dev/null
[10:02:51] Deleting unwanted file: prokka_SMMYCPAL/HAMAP.hmm.faa
[10:02:51] Deleting unwanted file: prokka_SMMYCPAL/HAMAP.hmm.hmmer3
[10:02:51] Labelling remaining 11 proteins as 'hypothetical protein'
[10:02:51] Possible /pseudo 'Lysine--tRNA ligase, heat inducible' at gnl|Prokka|SMMYCPAL_1 position 131293
[10:02:51] Found 126 unique /gene codes.
[10:02:51] Fixed 2 duplicate /gene - lysU_1 lysU_2
[10:02:51] Fixed 1 colliding /gene names.
[10:02:51] Adding /locus_tag identifiers
[10:02:51] Assigned 172 locus_tags to CDS and RNA features.
[10:02:51] Writing outputs to prokka_SMMYCPAL/
[10:02:51] Generating annotation statistics file
[10:02:51] Generating Genbank and Sequin files
[10:02:51] Running: tbl2asn -V b -a r10k -l paired-ends -M n -N 1 -y 'Annotated using prokka 1.13 from https://github.com/tseemann/prokka' -Z prokka_SMMYCPAL\/prokka_SMMYCPAL\.err -i prokka_SMMYCPAL\/prokka_SMMYCPAL\.fsa 2> /dev/null
[10:02:52] Deleting unwanted file: prokka_SMMYCPAL/errorsummary.val
[10:02:52] Deleting unwanted file: prokka_SMMYCPAL/prokka_SMMYCPAL.dr
[10:02:52] Deleting unwanted file: prokka_SMMYCPAL/prokka_SMMYCPAL.fixedproducts
[10:02:52] Deleting unwanted file: prokka_SMMYCPAL/prokka_SMMYCPAL.ecn
[10:02:52] Deleting unwanted file: prokka_SMMYCPAL/prokka_SMMYCPAL.val
[10:02:52] Repairing broken .GBK output that tbl2asn produces...
[10:02:52] Running: sed 's/COORDINATES: profile/COORDINATES:profile/' < prokka_SMMYCPAL\/prokka_SMMYCPAL\.gbf > prokka_SMMYCPAL\/prokka_SMMYCPAL\.gbk
[10:02:52] Deleting unwanted file: prokka_SMMYCPAL/prokka_SMMYCPAL.gbf
[10:02:52] Output files:
[10:02:52] prokka_SMMYCPAL/prokka_SMMYCPAL.err
[10:02:52] prokka_SMMYCPAL/prokka_SMMYCPAL.sqn
[10:02:52] prokka_SMMYCPAL/prokka_SMMYCPAL.tbl
[10:02:52] prokka_SMMYCPAL/prokka_SMMYCPAL.faa
[10:02:52] prokka_SMMYCPAL/prokka_SMMYCPAL.tsv
[10:02:52] prokka_SMMYCPAL/prokka_SMMYCPAL.gff
[10:02:52] prokka_SMMYCPAL/prokka_SMMYCPAL.fsa
[10:02:52] prokka_SMMYCPAL/prokka_SMMYCPAL.gbk
[10:02:52] prokka_SMMYCPAL/prokka_SMMYCPAL.log
[10:02:52] prokka_SMMYCPAL/prokka_SMMYCPAL.txt
[10:02:52] prokka_SMMYCPAL/prokka_SMMYCPAL.fna
[10:02:52] prokka_SMMYCPAL/prokka_SMMYCPAL.ffn
[10:02:52] Annotation finished successfully.
[10:02:52] Walltime used: 0.07 minutes
[10:02:52] If you use this result please cite the Prokka paper:
[10:02:52] Seemann T (2014) Prokka: rapid prokaryotic genome annotation. Bioinformatics. 30(14):2068-9.
[10:02:52] Type 'prokka --citation' for more details.
[10:02:52] Thank you, come again.
