[20:35:14] This is prokka 1.13
[20:35:14] Written by Torsten Seemann <torsten.seemann@gmail.com>
[20:35:14] Homepage is https://github.com/tseemann/prokka
[20:35:14] Local time is Tue Nov  7 20:35:14 2023
[20:35:14] You are diego
[20:35:14] Operating system is linux
[20:35:14] You have BioPerl 1.007002
[20:35:14] System has 32 cores.
[20:35:14] Will use maximum of 30 cores.
[20:35:14] Annotating as >>> Bacteria <<<
[20:35:14] Enabling options to ensure Genbank/ENA/DDJB submission compliance.
[20:35:14] Re-using existing --outdir annotation_prokka/prokka_VFSTELAU
[20:35:14] Using filename prefix: prokka_VFSTELAU.XXX
[20:35:14] Setting HMMER_NCPU=1
[20:35:14] Writing log to: annotation_prokka/prokka_VFSTELAU/prokka_VFSTELAU.log
[20:35:14] Command: /home/diego/miniconda3/envs/prokka_env/bin/prokka VFSTELAU.fasta --prefix prokka_VFSTELAU --outdir annotation_prokka/prokka_VFSTELAU --cpus 30 --locustag VFSTELAU --gcode 11 --force --compliant
[20:35:14] Appending to PATH: /home/diego/miniconda3/envs/prokka_env/bin
[20:35:14] Looking for 'aragorn' - found /home/diego/miniconda3/envs/prokka_env/bin/aragorn
[20:35:14] Determined aragorn version is 1.2
[20:35:14] Looking for 'barrnap' - found /home/diego/miniconda3/envs/prokka_env/bin/barrnap
[20:35:14] Determined barrnap version is 0.9
[20:35:14] Looking for 'blastp' - found /home/diego/miniconda3/envs/prokka_env/bin/blastp
[20:35:14] Determined blastp version is 2.14
[20:35:14] Looking for 'cmpress' - found /home/diego/miniconda3/envs/prokka_env/bin/cmpress
[20:35:14] Determined cmpress version is 1.1
[20:35:14] Looking for 'cmscan' - found /home/diego/miniconda3/envs/prokka_env/bin/cmscan
[20:35:14] Determined cmscan version is 1.1
[20:35:14] Looking for 'egrep' - found /usr/bin/egrep
[20:35:14] Looking for 'find' - found /usr/bin/find
[20:35:14] Looking for 'grep' - found /usr/bin/grep
[20:35:14] Looking for 'hmmpress' - found /home/diego/miniconda3/envs/prokka_env/bin/hmmpress
[20:35:14] Determined hmmpress version is 3.3
[20:35:14] Looking for 'hmmscan' - found /home/diego/miniconda3/envs/prokka_env/bin/hmmscan
[20:35:14] Determined hmmscan version is 3.3
[20:35:14] Looking for 'java' - found /home/diego/miniconda3/envs/prokka_env/bin/java
[20:35:14] Looking for 'less' - found /usr/bin/less
[20:35:14] Looking for 'makeblastdb' - found /home/diego/miniconda3/envs/prokka_env/bin/makeblastdb
[20:35:14] Determined makeblastdb version is 2.14
[20:35:14] Looking for 'minced' - found /home/diego/miniconda3/envs/prokka_env/bin/minced
[20:35:14] Determined minced version is 4.2
[20:35:14] Looking for 'parallel' - found /home/diego/miniconda3/envs/prokka_env/bin/parallel
[20:35:14] Determined parallel version is 20160622
[20:35:14] Looking for 'prodigal' - found /home/diego/miniconda3/envs/prokka_env/bin/prodigal
[20:35:14] Determined prodigal version is 2.6
[20:35:14] Looking for 'prokka-genbank_to_fasta_db' - found /home/diego/miniconda3/envs/prokka_env/bin/prokka-genbank_to_fasta_db
[20:35:14] Looking for 'rnammer' - found /home/diego/rnammer-1.2.src/rnammer
[20:35:14] Determined rnammer version is 1.2
[20:35:14] Looking for 'sed' - found /usr/bin/sed
[20:35:14] Looking for 'tbl2asn' - found /home/diego/miniconda3/envs/prokka_env/bin/tbl2asn
[20:35:14] Determined tbl2asn version is 25.8
[20:35:14] Using genetic code table 11.
[20:35:14] Loading and checking input file: VFSTELAU.fasta
[20:35:14] Wrote 1 contigs totalling 86948 bp.
[20:35:14] Predicting tRNAs and tmRNAs
[20:35:14] Running: aragorn -l -gc11  -w annotation_prokka\/prokka_VFSTELAU\/prokka_VFSTELAU\.fna
[20:35:14] tRNA c[46862,46936] is a pseudo/wacky gene - skipping.
[20:35:14] 2 tRNA-Met c[47055,47128] 34 (cat)
[20:35:14] 3 tRNA-Tyr c[73275,73346] 34 (ata)
[20:35:14] 4 tRNA-Ala c[73347,73418] 33 (tgc)
[20:35:14] Found 3 tRNAs
[20:35:14] Predicting Ribosomal RNAs
[20:35:14] Running Barrnap with 30 threads
[20:35:14] 1 gnl|Prokka|VFSTELAU_1 70419 23S ribosomal RNA
[20:35:14] 2 gnl|Prokka|VFSTELAU_1 73450 16S ribosomal RNA
[20:35:14] Found 2 rRNAs
[20:35:14] Skipping ncRNA search, enable with --rfam if desired.
[20:35:14] Total of 5 tRNA + rRNA features
[20:35:14] Searching for CRISPR repeats
[20:35:14] Found 0 CRISPRs
[20:35:14] Predicting coding sequences
[20:35:14] Contigs total 86948 bp, so using meta mode
[20:35:14] Running: prodigal -i annotation_prokka\/prokka_VFSTELAU\/prokka_VFSTELAU\.fna -c -m -g 11 -p meta -f sco -q
[20:35:14] Found 105 CDS
[20:35:14] Connecting features back to sequences
[20:35:14] Not using genus-specific database. Try --usegenus to enable it.
[20:35:14] Annotating CDS, please be patient.
[20:35:14] Will use 30 CPUs for similarity searching.
[20:35:14] There are still 105 unannotated CDS left (started with 105)
[20:35:14] Will use blast to search against /home/diego/miniconda3/envs/prokka_env/bin/../db/kingdom/Bacteria/sprot with 30 CPUs
[20:35:14] Running: cat annotation_prokka\/prokka_VFSTELAU\/sprot\.faa | parallel --gnu --plain -j 30 --block 448 --recstart '>' --pipe blastp -query - -db /home/diego/miniconda3/envs/prokka_env/bin/../db/kingdom/Bacteria/sprot -evalue 1e-06 -num_threads 1 -num_descriptions 1 -num_alignments 1 -seg no > annotation_prokka\/prokka_VFSTELAU\/sprot\.blast 2> /dev/null
[20:35:15] Modify product: Probable phosphatase Rv3661 => putative phosphatase
[20:35:15] Cleaned 1 /product names
[20:35:15] Deleting unwanted file: annotation_prokka/prokka_VFSTELAU/sprot.faa
[20:35:15] Deleting unwanted file: annotation_prokka/prokka_VFSTELAU/sprot.blast
[20:35:15] There are still 32 unannotated CDS left (started with 105)
[20:35:15] Will use hmmer3 to search against /home/diego/miniconda3/envs/prokka_env/bin/../db/hmm/HAMAP.hmm with 30 CPUs
[20:35:15] Running: cat annotation_prokka\/prokka_VFSTELAU\/HAMAP\.hmm\.faa | parallel --gnu --plain -j 30 --block 79 --recstart '>' --pipe hmmscan --noali --notextw --acc -E 1e-06 --cpu 1 /home/diego/miniconda3/envs/prokka_env/bin/../db/hmm/HAMAP.hmm /dev/stdin > annotation_prokka\/prokka_VFSTELAU\/HAMAP\.hmm\.hmmer3 2> /dev/null
[20:35:15] Deleting unwanted file: annotation_prokka/prokka_VFSTELAU/HAMAP.hmm.faa
[20:35:15] Deleting unwanted file: annotation_prokka/prokka_VFSTELAU/HAMAP.hmm.hmmer3
[20:35:15] Labelling remaining 22 proteins as 'hypothetical protein'
[20:35:15] Found 82 unique /gene codes.
[20:35:15] Fixed 0 colliding /gene names.
[20:35:15] Adding /locus_tag identifiers
[20:35:15] Assigned 110 locus_tags to CDS and RNA features.
[20:35:15] Writing outputs to annotation_prokka/prokka_VFSTELAU/
[20:35:15] Generating annotation statistics file
[20:35:15] Generating Genbank and Sequin files
[20:35:15] Running: tbl2asn -V b -a r10k -l paired-ends -M n -N 1 -y 'Annotated using prokka 1.13 from https://github.com/tseemann/prokka' -Z annotation_prokka\/prokka_VFSTELAU\/prokka_VFSTELAU\.err -i annotation_prokka\/prokka_VFSTELAU\/prokka_VFSTELAU\.fsa 2> /dev/null
[20:35:15] Deleting unwanted file: annotation_prokka/prokka_VFSTELAU/errorsummary.val
[20:35:15] Deleting unwanted file: annotation_prokka/prokka_VFSTELAU/prokka_VFSTELAU.dr
[20:35:15] Deleting unwanted file: annotation_prokka/prokka_VFSTELAU/prokka_VFSTELAU.fixedproducts
[20:35:15] Deleting unwanted file: annotation_prokka/prokka_VFSTELAU/prokka_VFSTELAU.ecn
[20:35:15] Deleting unwanted file: annotation_prokka/prokka_VFSTELAU/prokka_VFSTELAU.val
[20:35:15] Repairing broken .GBK output that tbl2asn produces...
[20:35:15] Running: sed 's/COORDINATES: profile/COORDINATES:profile/' < annotation_prokka\/prokka_VFSTELAU\/prokka_VFSTELAU\.gbf > annotation_prokka\/prokka_VFSTELAU\/prokka_VFSTELAU\.gbk
[20:35:15] Deleting unwanted file: annotation_prokka/prokka_VFSTELAU/prokka_VFSTELAU.gbf
[20:35:15] Output files:
[20:35:15] annotation_prokka/prokka_VFSTELAU/prokka_VFSTELAU.gbk
[20:35:15] annotation_prokka/prokka_VFSTELAU/prokka_VFSTELAU.tbl
[20:35:15] annotation_prokka/prokka_VFSTELAU/prokka_VFSTELAU.faa
[20:35:15] annotation_prokka/prokka_VFSTELAU/prokka_VFSTELAU.gff
[20:35:15] annotation_prokka/prokka_VFSTELAU/prokka_VFSTELAU.fna
[20:35:15] annotation_prokka/prokka_VFSTELAU/prokka_VFSTELAU.txt
[20:35:15] annotation_prokka/prokka_VFSTELAU/prokka_VFSTELAU.tsv
[20:35:15] annotation_prokka/prokka_VFSTELAU/prokka_VFSTELAU.ffn
[20:35:15] annotation_prokka/prokka_VFSTELAU/prokka_VFSTELAU.log
[20:35:15] annotation_prokka/prokka_VFSTELAU/prokka_VFSTELAU.err
[20:35:15] annotation_prokka/prokka_VFSTELAU/prokka_VFSTELAU.sqn
[20:35:15] annotation_prokka/prokka_VFSTELAU/prokka_VFSTELAU.fsa
[20:35:15] Annotation finished successfully.
[20:35:15] Walltime used: 0.02 minutes
[20:35:15] If you use this result please cite the Prokka paper:
[20:35:15] Seemann T (2014) Prokka: rapid prokaryotic genome annotation. Bioinformatics. 30(14):2068-9.
[20:35:15] Type 'prokka --citation' for more details.
[20:35:15] Share and enjoy!
