[18:35:06] This is prokka 1.13
[18:35:06] Written by Torsten Seemann <torsten.seemann@gmail.com>
[18:35:06] Homepage is https://github.com/tseemann/prokka
[18:35:06] Local time is Wed Feb 21 18:35:06 2024
[18:35:06] You are diego
[18:35:06] Operating system is linux
[18:35:06] You have BioPerl 1.007002
[18:35:06] System has 32 cores.
[18:35:06] Will use maximum of 30 cores.
[18:35:06] Annotating as >>> Bacteria <<<
[18:35:06] Enabling options to ensure Genbank/ENA/DDJB submission compliance.
[18:35:06] Creating new output folder: prokka_SMPYRCLA
[18:35:06] Running: mkdir -p prokka_SMPYRCLA
[18:35:06] Using filename prefix: SMPYRCLA.XXX
[18:35:06] Setting HMMER_NCPU=1
[18:35:06] Writing log to: prokka_SMPYRCLA/SMPYRCLA.log
[18:35:06] Command: /home/diego/miniconda3/envs/prokka_env/bin/prokka SMPYRCLA.fasta --outdir prokka_SMPYRCLA --prefix SMPYRCLA --gcode 4 --compliant --cpus 30 --locustag SMPYRCLA
[18:35:06] Appending to PATH: /home/diego/miniconda3/envs/prokka_env/bin
[18:35:06] Looking for 'aragorn' - found /home/diego/miniconda3/envs/prokka_env/bin/aragorn
[18:35:06] Determined aragorn version is 1.2
[18:35:06] Looking for 'barrnap' - found /home/diego/miniconda3/envs/prokka_env/bin/barrnap
[18:35:06] Determined barrnap version is 0.9
[18:35:06] Looking for 'blastp' - found /home/diego/miniconda3/envs/prokka_env/bin/blastp
[18:35:06] Determined blastp version is 2.14
[18:35:06] Looking for 'cmpress' - found /home/diego/miniconda3/envs/prokka_env/bin/cmpress
[18:35:06] Determined cmpress version is 1.1
[18:35:06] Looking for 'cmscan' - found /home/diego/miniconda3/envs/prokka_env/bin/cmscan
[18:35:06] Determined cmscan version is 1.1
[18:35:06] Looking for 'egrep' - found /usr/bin/egrep
[18:35:06] Looking for 'find' - found /usr/bin/find
[18:35:06] Looking for 'grep' - found /usr/bin/grep
[18:35:06] Looking for 'hmmpress' - found /home/diego/miniconda3/envs/prokka_env/bin/hmmpress
[18:35:06] Determined hmmpress version is 3.3
[18:35:06] Looking for 'hmmscan' - found /home/diego/miniconda3/envs/prokka_env/bin/hmmscan
[18:35:06] Determined hmmscan version is 3.3
[18:35:06] Looking for 'java' - found /home/diego/miniconda3/envs/prokka_env/bin/java
[18:35:06] Looking for 'less' - found /usr/bin/less
[18:35:06] Looking for 'makeblastdb' - found /home/diego/miniconda3/envs/prokka_env/bin/makeblastdb
[18:35:06] Determined makeblastdb version is 2.14
[18:35:06] Looking for 'minced' - found /home/diego/miniconda3/envs/prokka_env/bin/minced
[18:35:06] Determined minced version is 4.2
[18:35:06] Looking for 'parallel' - found /home/diego/miniconda3/envs/prokka_env/bin/parallel
[18:35:06] Determined parallel version is 20160622
[18:35:06] Looking for 'prodigal' - found /home/diego/miniconda3/envs/prokka_env/bin/prodigal
[18:35:06] Determined prodigal version is 2.6
[18:35:06] Looking for 'prokka-genbank_to_fasta_db' - found /home/diego/miniconda3/envs/prokka_env/bin/prokka-genbank_to_fasta_db
[18:35:06] Looking for 'rnammer' - found /home/diego/rnammer-1.2.src/rnammer
[18:35:06] Determined rnammer version is 1.2
[18:35:06] Looking for 'sed' - found /usr/bin/sed
[18:35:06] Looking for 'tbl2asn' - found /home/diego/miniconda3/envs/prokka_env/bin/tbl2asn
[18:35:06] Determined tbl2asn version is 25.8
[18:35:06] Using genetic code table 4.
[18:35:06] Loading and checking input file: SMPYRCLA.fasta
[18:35:06] Wrote 1 contigs totalling 156700 bp.
[18:35:06] Predicting tRNAs and tmRNAs
[18:35:06] Running: aragorn -l -gc4  -w prokka_SMPYRCLA\/SMPYRCLA\.fna
[18:35:06] 1 tRNA-Met [9944,10017] 34 (cat)
[18:35:06] 2 tRNA-Val [14382,14456] 36 (tac)
[18:35:06] 3 tRNA-Asp [18507,18580] 35 (gtc)
[18:35:06] 4 tRNA-Lys c[18586,18658] 34 (ttt)
[18:35:06] 5 tRNA-Ser [22897,22981] 35 (tga)
[18:35:06] 6 tRNA-Arg c[28737,28811] 35 (tct)
[18:35:06] 7 tRNA-Pro c[28815,28889] 36 (tgg)
[18:35:06] 8 tRNA-Ser c[28912,28994] 35 (gct)
[18:35:06] 9 tRNA-Leu c[34834,34916] 35 (caa)
[18:35:06] 10 tRNA-Leu c[34920,35005] 36 (tag)
[18:35:06] 11 tRNA-Met [38334,38409] 36 (cat)
[18:35:06] 12 tmRNA [39024,39321] 98,130 GKNYSLKLAA*
[18:35:06] 13 tRNA-Cys [42998,43068] 33 (gca)
[18:35:06] 14 tRNA-Asn [49890,49966] 37 (gtt)
[18:35:06] 15 tRNA-Leu c[64211,64297] 35 (taa)
[18:35:06] 16 tRNA-Gly c[64302,64375] 35 (gcc)
[18:35:06] 17 tRNA-Ala c[73612,73685] 35 (tgc)
[18:35:06] 18 tRNA-Ile c[73690,73764] 36 (gat)
[18:35:06] 19 tRNA-Thr [78081,78157] 35 (tgt)
[18:35:06] 20 tRNA-Tyr [78162,78243] 35 (gta)
[18:35:06] 21 tRNA-Gly [78251,78324] 35 (tcc)
[18:35:06] 22 tRNA-Thr [78331,78405] 35 (ggt)
[18:35:06] 23 tRNA-Trp [79627,79700] 35 (cca)
[18:35:06] 24 tRNA-His [91355,91430] 36 (gtg)
[18:35:06] 25 tRNA-Phe c[93459,93530] 33 (gaa)
[18:35:06] 26 tRNA-Leu c[106862,106935] 35 (gag)
[18:35:06] 27 tRNA-Met [106995,107069] 35 (cat)
[18:35:06] 28 tRNA-Glu c[120054,120125] 34 (ttc)
[18:35:06] 29 tRNA-Gln [120496,120566] 33 (ttg)
[18:35:06] 30 tRNA-Arg c[145557,145630] 35 (acg)
[18:35:06] Found 30 tRNAs
[18:35:06] Predicting Ribosomal RNAs
[18:35:06] Running Barrnap with 30 threads
[18:35:07] 1 gnl|Prokka|SMPYRCLA_1 70231 5S ribosomal RNA
[18:35:07] 2 gnl|Prokka|SMPYRCLA_1 70705 23S ribosomal RNA
[18:35:07] 3 gnl|Prokka|SMPYRCLA_1 73825 16S ribosomal RNA
[18:35:07] Found 3 rRNAs
[18:35:07] Skipping ncRNA search, enable with --rfam if desired.
[18:35:07] Total of 32 tRNA + rRNA features
[18:35:07] Searching for CRISPR repeats
[18:35:07] Found 0 CRISPRs
[18:35:07] Predicting coding sequences
[18:35:07] Contigs total 156700 bp, so using single mode
[18:35:07] Running: prodigal -i prokka_SMPYRCLA\/SMPYRCLA\.fna -c -m -g 4 -p single -f sco -q
[18:35:07] Excluding CDS which overlaps existing RNA (tRNA) at gnl|Prokka|SMPYRCLA_1:9141..9953 on + strand
[18:35:08] Excluding CDS which overlaps existing RNA (rRNA) at gnl|Prokka|SMPYRCLA_1:70827..71372 on + strand
[18:35:08] Excluding CDS which overlaps existing RNA (rRNA) at gnl|Prokka|SMPYRCLA_1:72090..72494 on + strand
[18:35:08] Excluding CDS which overlaps existing RNA (tRNA) at gnl|Prokka|SMPYRCLA_1:90284..91378 on + strand
[18:35:08] Found 145 CDS
[18:35:08] Connecting features back to sequences
[18:35:08] Not using genus-specific database. Try --usegenus to enable it.
[18:35:08] Annotating CDS, please be patient.
[18:35:08] Will use 30 CPUs for similarity searching.
[18:35:08] There are still 145 unannotated CDS left (started with 145)
[18:35:08] Will use blast to search against /home/diego/miniconda3/envs/prokka_env/bin/../db/kingdom/Bacteria/sprot with 30 CPUs
[18:35:08] Running: cat prokka_SMPYRCLA\/sprot\.faa | parallel --gnu --plain -j 30 --block 765 --recstart '>' --pipe blastp -query - -db /home/diego/miniconda3/envs/prokka_env/bin/../db/kingdom/Bacteria/sprot -evalue 1e-06 -num_threads 1 -num_descriptions 1 -num_alignments 1 -seg no > prokka_SMPYRCLA\/sprot\.blast 2> /dev/null
[18:35:09] Modify product: Probable ATP-dependent transporter SufC => putative ATP-dependent transporter SufC
[18:35:09] Cleaned 1 /product names
[18:35:09] Deleting unwanted file: prokka_SMPYRCLA/sprot.faa
[18:35:09] Deleting unwanted file: prokka_SMPYRCLA/sprot.blast
[18:35:09] There are still 24 unannotated CDS left (started with 145)
[18:35:09] Will use hmmer3 to search against /home/diego/miniconda3/envs/prokka_env/bin/../db/hmm/HAMAP.hmm with 30 CPUs
[18:35:09] Running: cat prokka_SMPYRCLA\/HAMAP\.hmm\.faa | parallel --gnu --plain -j 30 --block 52 --recstart '>' --pipe hmmscan --noali --notextw --acc -E 1e-06 --cpu 1 /home/diego/miniconda3/envs/prokka_env/bin/../db/hmm/HAMAP.hmm /dev/stdin > prokka_SMPYRCLA\/HAMAP\.hmm\.hmmer3 2> /dev/null
[18:35:10] Deleting unwanted file: prokka_SMPYRCLA/HAMAP.hmm.faa
[18:35:10] Deleting unwanted file: prokka_SMPYRCLA/HAMAP.hmm.hmmer3
[18:35:10] Labelling remaining 16 proteins as 'hypothetical protein'
[18:35:10] Found 128 unique /gene codes.
[18:35:10] Fixed 0 colliding /gene names.
[18:35:10] Adding /locus_tag identifiers
[18:35:10] Assigned 178 locus_tags to CDS and RNA features.
[18:35:10] Writing outputs to prokka_SMPYRCLA/
[18:35:10] Generating annotation statistics file
[18:35:10] Generating Genbank and Sequin files
[18:35:10] Running: tbl2asn -V b -a r10k -l paired-ends -M n -N 1 -y 'Annotated using prokka 1.13 from https://github.com/tseemann/prokka' -Z prokka_SMPYRCLA\/SMPYRCLA\.err -i prokka_SMPYRCLA\/SMPYRCLA\.fsa 2> /dev/null
[18:35:10] Deleting unwanted file: prokka_SMPYRCLA/errorsummary.val
[18:35:10] Deleting unwanted file: prokka_SMPYRCLA/SMPYRCLA.dr
[18:35:10] Deleting unwanted file: prokka_SMPYRCLA/SMPYRCLA.fixedproducts
[18:35:10] Deleting unwanted file: prokka_SMPYRCLA/SMPYRCLA.ecn
[18:35:10] Deleting unwanted file: prokka_SMPYRCLA/SMPYRCLA.val
[18:35:10] Repairing broken .GBK output that tbl2asn produces...
[18:35:10] Running: sed 's/COORDINATES: profile/COORDINATES:profile/' < prokka_SMPYRCLA\/SMPYRCLA\.gbf > prokka_SMPYRCLA\/SMPYRCLA\.gbk
[18:35:10] Deleting unwanted file: prokka_SMPYRCLA/SMPYRCLA.gbf
[18:35:10] Output files:
[18:35:10] prokka_SMPYRCLA/SMPYRCLA.fsa
[18:35:10] prokka_SMPYRCLA/SMPYRCLA.gff
[18:35:10] prokka_SMPYRCLA/SMPYRCLA.sqn
[18:35:10] prokka_SMPYRCLA/SMPYRCLA.ffn
[18:35:10] prokka_SMPYRCLA/SMPYRCLA.gbk
[18:35:10] prokka_SMPYRCLA/SMPYRCLA.err
[18:35:10] prokka_SMPYRCLA/SMPYRCLA.tsv
[18:35:10] prokka_SMPYRCLA/SMPYRCLA.faa
[18:35:10] prokka_SMPYRCLA/SMPYRCLA.log
[18:35:10] prokka_SMPYRCLA/SMPYRCLA.fna
[18:35:10] prokka_SMPYRCLA/SMPYRCLA.tbl
[18:35:10] prokka_SMPYRCLA/SMPYRCLA.txt
[18:35:10] Annotation finished successfully.
[18:35:10] Walltime used: 0.07 minutes
[18:35:10] If you use this result please cite the Prokka paper:
[18:35:10] Seemann T (2014) Prokka: rapid prokaryotic genome annotation. Bioinformatics. 30(14):2068-9.
[18:35:10] Type 'prokka --citation' for more details.
[18:35:10] Thank you, come again.
