[15:16:44] This is prokka 1.14.6
[15:16:44] Written by Torsten Seemann <torsten.seemann@gmail.com>
[15:16:44] Homepage is https://github.com/tseemann/prokka
[15:16:44] Local time is Wed Aug 10 15:16:44 2022
[15:16:44] You are diego
[15:16:44] Operating system is linux
[15:16:44] You have BioPerl 1.007002
[15:16:44] System has 12 cores.
[15:16:44] Will use maximum of 8 cores.
[15:16:44] Annotating as >>> Bacteria <<<
[15:16:44] Enabling options to ensure Genbank/ENA/DDJB submission compliance.
[15:16:44] Creating new output folder: prokka_SMTETHEX_pseudofinder
[15:16:44] Running: mkdir -p prokka_SMTETHEX_pseudofinder
[15:16:44] Using filename prefix: SMTETHEX.XXX
[15:16:44] Setting HMMER_NCPU=1
[15:16:44] Writing log to: prokka_SMTETHEX_pseudofinder/SMTETHEX.log
[15:16:44] Command: /home/diego/miniconda3/envs/prokka_env/bin/prokka SMTETHEX.fasta --prefix SMTETHEX --locustag SMTETHEX --outdir prokka_SMTETHEX_pseudofinder -gcode 11 --compliant --rfam --cdsrnaolap --force
[15:16:44] Appending to PATH: /home/diego/miniconda3/envs/prokka_env/bin
[15:16:44] Looking for 'aragorn' - found /home/diego/miniconda3/envs/prokka_env/bin/aragorn
[15:16:44] Determined aragorn version is 001002 from 'ARAGORN v1.2.38 Dean Laslett'
[15:16:44] Looking for 'barrnap' - found /home/diego/miniconda3/envs/prokka_env/bin/barrnap
[15:16:44] Determined barrnap version is 000009 from 'barrnap 0.9'
[15:16:44] Looking for 'blastp' - found /home/diego/miniconda3/envs/prokka_env/bin/blastp
[15:16:44] Determined blastp version is 002010 from 'blastp: 2.10.1+'
[15:16:44] Looking for 'cmpress' - found /home/diego/miniconda3/envs/prokka_env/bin/cmpress
[15:16:44] Determined cmpress version is 001001 from '# INFERNAL 1.1.3 (Nov 2019)'
[15:16:44] Looking for 'cmscan' - found /home/diego/miniconda3/envs/prokka_env/bin/cmscan
[15:16:44] Determined cmscan version is 001001 from '# INFERNAL 1.1.3 (Nov 2019)'
[15:16:44] Looking for 'egrep' - found /usr/bin/egrep
[15:16:44] Looking for 'find' - found /usr/bin/find
[15:16:44] Looking for 'grep' - found /usr/bin/grep
[15:16:44] Looking for 'hmmpress' - found /home/diego/miniconda3/envs/prokka_env/bin/hmmpress
[15:16:44] Determined hmmpress version is 003003 from '# HMMER 3.3.2 (Nov 2020); http://hmmer.org/'
[15:16:44] Looking for 'hmmscan' - found /home/diego/miniconda3/envs/prokka_env/bin/hmmscan
[15:16:44] Determined hmmscan version is 003003 from '# HMMER 3.3.2 (Nov 2020); http://hmmer.org/'
[15:16:44] Looking for 'java' - found /home/diego/miniconda3/envs/prokka_env/bin/java
[15:16:44] Looking for 'makeblastdb' - found /home/diego/miniconda3/envs/prokka_env/bin/makeblastdb
[15:16:44] Determined makeblastdb version is 002010 from 'makeblastdb: 2.10.1+'
[15:16:44] Looking for 'minced' - found /home/diego/miniconda3/envs/prokka_env/bin/minced
[15:16:44] Determined minced version is 004002 from 'minced 0.4.2'
[15:16:44] Looking for 'parallel' - found /home/diego/miniconda3/envs/prokka_env/bin/parallel
[15:16:44] Determined parallel version is 20201122 from 'GNU parallel 20201122'
[15:16:44] Looking for 'prodigal' - found /home/diego/miniconda3/envs/prokka_env/bin/prodigal
[15:16:44] Determined prodigal version is 002006 from 'Prodigal V2.6.3: February, 2016'
[15:16:44] Looking for 'prokka-genbank_to_fasta_db' - found /home/diego/miniconda3/envs/prokka_env/bin/prokka-genbank_to_fasta_db
[15:16:44] Looking for 'rnammer' - found /home/diego/rnammer-1.2.src/rnammer
[15:16:44] Determined rnammer version is 001002 from 'This rnammer 1.2, running from '/home/diego/rnammer-1.2.src/''
[15:16:44] Looking for 'sed' - found /usr/bin/sed
[15:16:44] Looking for 'tbl2asn' - found /home/diego/tbl2asn
[15:16:44] Determined tbl2asn version is 025008 from 'tbl2asn 25.8   arguments:'
[15:16:44] Using genetic code table 11.
[15:16:44] Loading and checking input file: SMTETHEX.fasta
[15:16:45] Wrote 1 contigs totalling 147784 bp.
[15:16:45] Predicting tRNAs and tmRNAs
[15:16:45] Running: aragorn -l -gc11  -w prokka_SMTETHEX_pseudofinder\/SMTETHEX\.fna
[15:16:45] 1 tRNA-Met [9775,9849] 35 (cat)
[15:16:45] 2 tRNA-Asn c[13409,13485] 36 (gtt)
[15:16:45] 3 tRNA-Cys c[20083,20153] 33 (gca)
[15:16:45] 4 tmRNA c[21832,22115] 98,124 GKNYSLAA*
[15:16:45] 5 tRNA-Met c[22752,22829] 36 (cat)
[15:16:45] 6 tRNA-Leu [25787,25871] 35 (tag)
[15:16:45] 7 tRNA-Leu [25876,25954] 36 (caa)
[15:16:45] 8 tRNA-Ser [31453,31535] 34 (gct)
[15:16:45] 9 tRNA-Pro [31541,31615] 36 (tgg)
[15:16:45] 10 tRNA-Arg [31637,31711] 35 (tct)
[15:16:45] 11 tRNA-Ser c[37150,37237] 36 (tga)
[15:16:45] 12 tRNA-Lys [41034,41106] 34 (ttt)
[15:16:45] 13 tRNA-Asp c[41112,41185] 35 (gtc)
[15:16:45] 14 tRNA-Val c[44628,44702] 36 (tac)
[15:16:45] 15 tRNA-Leu c[59848,59932] 35 (taa)
[15:16:45] 16 tRNA-Gly c[59938,60010] 34 (gcc)
[15:16:45] 17 tRNA-Ala c[68762,68835] 35 (tgc)
[15:16:45] 18 tRNA-Ile c[68840,68913] 35 (gat)
[15:16:45] 19 tRNA-Thr [72688,72761] 35 (tgt)
[15:16:45] 20 tRNA-Tyr [72772,72853] 35 (gta)
[15:16:45] 21 tRNA-Gly [72891,72964] 35 (tcc)
[15:16:45] 22 tRNA-Thr [72975,73049] 35 (ggt)
[15:16:45] 23 tRNA-Trp [74269,74341] 34 (cca)
[15:16:45] 24 tRNA-His [86601,86676] 36 (gtg)
[15:16:45] 25 tRNA-Phe c[89577,89648] 34 (gaa)
[15:16:45] 26 tRNA-Leu c[102270,102343] 35 (gag)
[15:16:45] 27 tRNA-Met [102454,102529] 36 (cat)
[15:16:45] 28 tRNA-Glu c[114062,114133] 34 (ttc)
[15:16:45] 29 tRNA-Gln [114541,114611] 33 (ttg)
[15:16:45] 30 tRNA-Arg c[139213,139286] 35 (acg)
[15:16:45] Found 30 tRNAs
[15:16:45] Predicting Ribosomal RNAs
[15:16:45] Running Barrnap with 8 threads
[15:16:45] 1 gnl|Prokka|SMTETHEX_1 65669 5S ribosomal RNA
[15:16:45] 2 gnl|Prokka|SMTETHEX_1 65838 23S ribosomal RNA
[15:16:45] 3 gnl|Prokka|SMTETHEX_1 68959 16S ribosomal RNA
[15:16:45] Found 3 rRNAs
[15:16:45] Scanning for ncRNAs... please be patient.
[15:16:45] Running: cmscan -Z 0.295568 --cut_ga --rfam --nohmmonly --fmt 2 --cpu 8 --tblout /dev/stdout -o /dev/null --noali /home/diego/miniconda3/envs/prokka_env/db/cm/Bacteria prokka_SMTETHEX_pseudofinder\/SMTETHEX\.fna
[15:16:51] 1 ncRNA 1 gnl|Prokka|SMTETHEX_1 1..367
[15:16:51] Found 1 ncRNAs.
[15:16:51] Total of 32 tRNA + rRNA features
[15:16:51] Searching for CRISPR repeats
[15:16:51] Found 0 CRISPRs
[15:16:51] Predicting coding sequences
[15:16:51] Contigs total 147784 bp, so using single mode
[15:16:51] Running: prodigal -i prokka_SMTETHEX_pseudofinder\/SMTETHEX\.fna -c -m -g 11 -p single -f sco -q
[15:16:52] Found 152 CDS
[15:16:52] Connecting features back to sequences
[15:16:52] Not using genus-specific database. Try --usegenus to enable it.
[15:16:52] Annotating CDS, please be patient.
[15:16:52] Will use 8 CPUs for similarity searching.
[15:16:52] There are still 152 unannotated CDS left (started with 152)
[15:16:52] Will use blast to search against /home/diego/miniconda3/envs/prokka_env/db/kingdom/Bacteria/IS with 8 CPUs
[15:16:52] Running: cat prokka_SMTETHEX_pseudofinder\/SMTETHEX\.IS\.tmp\.34194\.faa | parallel --gnu --plain -j 8 --block 2712 --recstart '>' --pipe blastp -query - -db /home/diego/miniconda3/envs/prokka_env/db/kingdom/Bacteria/IS -evalue 1e-30 -qcov_hsp_perc 90 -num_threads 1 -num_descriptions 1 -num_alignments 1 -seg no > prokka_SMTETHEX_pseudofinder\/SMTETHEX\.IS\.tmp\.34194\.blast 2> /dev/null
[15:16:52] Deleting unwanted file: prokka_SMTETHEX_pseudofinder/SMTETHEX.IS.tmp.34194.faa
[15:16:52] Deleting unwanted file: prokka_SMTETHEX_pseudofinder/SMTETHEX.IS.tmp.34194.blast
[15:16:53] There are still 152 unannotated CDS left (started with 152)
[15:16:53] Will use blast to search against /home/diego/miniconda3/envs/prokka_env/db/kingdom/Bacteria/AMR with 8 CPUs
[15:16:53] Running: cat prokka_SMTETHEX_pseudofinder\/SMTETHEX\.AMR\.tmp\.34194\.faa | parallel --gnu --plain -j 8 --block 2712 --recstart '>' --pipe blastp -query - -db /home/diego/miniconda3/envs/prokka_env/db/kingdom/Bacteria/AMR -evalue 9.99999999999999e-301 -qcov_hsp_perc 90 -num_threads 1 -num_descriptions 1 -num_alignments 1 -seg no > prokka_SMTETHEX_pseudofinder\/SMTETHEX\.AMR\.tmp\.34194\.blast 2> /dev/null
[15:16:53] Deleting unwanted file: prokka_SMTETHEX_pseudofinder/SMTETHEX.AMR.tmp.34194.faa
[15:16:53] Deleting unwanted file: prokka_SMTETHEX_pseudofinder/SMTETHEX.AMR.tmp.34194.blast
[15:16:53] There are still 152 unannotated CDS left (started with 152)
[15:16:53] Will use blast to search against /home/diego/miniconda3/envs/prokka_env/db/kingdom/Bacteria/sprot with 8 CPUs
[15:16:53] Running: cat prokka_SMTETHEX_pseudofinder\/SMTETHEX\.sprot\.tmp\.34194\.faa | parallel --gnu --plain -j 8 --block 2712 --recstart '>' --pipe blastp -query - -db /home/diego/miniconda3/envs/prokka_env/db/kingdom/Bacteria/sprot -evalue 1e-09 -qcov_hsp_perc 80 -num_threads 1 -num_descriptions 1 -num_alignments 1 -seg no > prokka_SMTETHEX_pseudofinder\/SMTETHEX\.sprot\.tmp\.34194\.blast 2> /dev/null
[15:16:56] Modify product: 23S rRNA 5-hydroxycytidine C2501 synthase => 23S rRNA 5-hydroxycytidine synthase
[15:16:56] Modify product: Probable ATP-dependent transporter SufC => putative ATP-dependent transporter SufC
[15:16:56] Cleaned 2 /product names
[15:16:56] Deleting unwanted file: prokka_SMTETHEX_pseudofinder/SMTETHEX.sprot.tmp.34194.faa
[15:16:56] Deleting unwanted file: prokka_SMTETHEX_pseudofinder/SMTETHEX.sprot.tmp.34194.blast
[15:16:56] There are still 44 unannotated CDS left (started with 152)
[15:16:56] Will use hmmer3 to search against /home/diego/miniconda3/envs/prokka_env/db/hmm/HAMAP.hmm with 8 CPUs
[15:16:56] Running: cat prokka_SMTETHEX_pseudofinder\/SMTETHEX\.HAMAP\.hmm\.tmp\.34194\.faa | parallel --gnu --plain -j 8 --block 386 --recstart '>' --pipe hmmscan --noali --notextw --acc -E 1e-09 --cpu 1 /home/diego/miniconda3/envs/prokka_env/db/hmm/HAMAP.hmm /dev/stdin > prokka_SMTETHEX_pseudofinder\/SMTETHEX\.HAMAP\.hmm\.tmp\.34194\.hmmer3 2> /dev/null
[15:16:57] Deleting unwanted file: prokka_SMTETHEX_pseudofinder/SMTETHEX.HAMAP.hmm.tmp.34194.faa
[15:16:57] Deleting unwanted file: prokka_SMTETHEX_pseudofinder/SMTETHEX.HAMAP.hmm.tmp.34194.hmmer3
[15:16:57] Labelling remaining 35 proteins as 'hypothetical protein'
[15:16:57] Possible /pseudo 'Polyribonucleotide nucleotidyltransferase' at gnl|Prokka|SMTETHEX_1 position 118021
[15:16:57] Found 115 unique /gene codes.
[15:16:57] Fixed 2 duplicate /gene - pnp_1 pnp_2
[15:16:57] Fixed 1 colliding /gene names.
[15:16:57] Adding /locus_tag identifiers
[15:16:57] Assigned 186 locus_tags to CDS and RNA features.
[15:16:57] Writing outputs to prokka_SMTETHEX_pseudofinder/
[15:16:57] Generating annotation statistics file
[15:16:57] Generating Genbank and Sequin files
[15:16:57] Running: tbl2asn -V b -a r10k -l paired-ends -M n -N 1 -y 'Annotated using prokka 1.14.6 from https://github.com/tseemann/prokka' -Z prokka_SMTETHEX_pseudofinder\/SMTETHEX\.err -i prokka_SMTETHEX_pseudofinder\/SMTETHEX\.fsa 2> /dev/null
[15:16:57] Deleting unwanted file: prokka_SMTETHEX_pseudofinder/errorsummary.val
[15:16:57] Deleting unwanted file: prokka_SMTETHEX_pseudofinder/SMTETHEX.dr
[15:16:57] Deleting unwanted file: prokka_SMTETHEX_pseudofinder/SMTETHEX.fixedproducts
[15:16:57] Deleting unwanted file: prokka_SMTETHEX_pseudofinder/SMTETHEX.ecn
[15:16:57] Deleting unwanted file: prokka_SMTETHEX_pseudofinder/SMTETHEX.val
[15:16:57] Repairing broken .GBK output that tbl2asn produces...
[15:16:57] Running: sed 's/COORDINATES: profile/COORDINATES:profile/' < prokka_SMTETHEX_pseudofinder\/SMTETHEX\.gbf > prokka_SMTETHEX_pseudofinder\/SMTETHEX\.gbk
[15:16:57] Deleting unwanted file: prokka_SMTETHEX_pseudofinder/SMTETHEX.gbf
[15:16:57] Output files:
[15:16:57] prokka_SMTETHEX_pseudofinder/SMTETHEX.fsa
[15:16:57] prokka_SMTETHEX_pseudofinder/SMTETHEX.tsv
[15:16:57] prokka_SMTETHEX_pseudofinder/SMTETHEX.txt
[15:16:57] prokka_SMTETHEX_pseudofinder/SMTETHEX.gff
[15:16:57] prokka_SMTETHEX_pseudofinder/SMTETHEX.sqn
[15:16:57] prokka_SMTETHEX_pseudofinder/SMTETHEX.tbl
[15:16:57] prokka_SMTETHEX_pseudofinder/SMTETHEX.err
[15:16:57] prokka_SMTETHEX_pseudofinder/SMTETHEX.ffn
[15:16:57] prokka_SMTETHEX_pseudofinder/SMTETHEX.gbk
[15:16:57] prokka_SMTETHEX_pseudofinder/SMTETHEX.log
[15:16:57] prokka_SMTETHEX_pseudofinder/SMTETHEX.faa
[15:16:57] prokka_SMTETHEX_pseudofinder/SMTETHEX.fna
[15:16:57] Annotation finished successfully.
[15:16:57] Walltime used: 0.22 minutes
[15:16:57] If you use this result please cite the Prokka paper:
[15:16:57] Seemann T (2014) Prokka: rapid prokaryotic genome annotation. Bioinformatics. 30(14):2068-9.
[15:16:57] Type 'prokka --citation' for more details.
[15:16:57] Share and enjoy!
