Discrepancy Report Results

Summary
DISC_SOURCE_QUALS_ASNDISC:strain (all present, all unique)
DISC_SOURCE_QUALS_ASNDISC:taxname (all present, all unique)
DISC_FEATURE_COUNT:gene: 182 present
DISC_FEATURE_COUNT:CDS: 149 present
DISC_FEATURE_COUNT:tRNA: 29 present
DISC_FEATURE_COUNT:rRNA: 3 present
DISC_FEATURE_COUNT:tmRNA: 1 present
DISC_COUNT_NUCLEOTIDES:1 nucleotide Bioseqs are present
OVERLAPPING_GENES:39 genes overlap another gene on the same strand.
DISC_QUALITY_SCORES:Quality scores are missing on all sequences.
ONCALLER_COMMENT_PRESENT:1 comment descriptors were found (all same)
SHORT_PROT_SEQUENCES:3 protein sequences are shorter than 50 aa.
MISSING_GENOMEASSEMBLY_COMMENTS:1 bioseqs are missing GenomeAssembly structured comments
MOLTYPE_NOT_MRNA:1 molecule types are not set as mRNA.
TECHNIQUE_NOT_TSA:1 technique are not set as TSA
MISSING_STRUCTURED_COMMENT:1 sequences do not include structured comments.
MISSING_PROJECT:150 sequences do not include project.
DISC_INCONSISTENT_MOLINFO_TECH:Molinfo Technique Report (some missing, all same)


Detailed Report

DiscRep_ALL:DISC_SOURCE_QUALS_ASNDISC::strain (all present, all unique)
DiscRep_SUB:DISC_SOURCE_QUALS_ASNDISC::1 sources have unique values for strain
DiscRep_ALL:DISC_SOURCE_QUALS_ASNDISC::taxname (all present, all unique)
DiscRep_SUB:DISC_SOURCE_QUALS_ASNDISC::1 sources have unique values for taxname
DiscRep_ALL:DISC_FEATURE_COUNT::gene: 182 present
DiscRep_ALL:DISC_FEATURE_COUNT::CDS: 149 present
DiscRep_ALL:DISC_FEATURE_COUNT::tRNA: 29 present
DiscRep_ALL:DISC_FEATURE_COUNT::rRNA: 3 present
DiscRep_ALL:DISC_FEATURE_COUNT::tmRNA: 1 present
DiscRep_ALL:DISC_COUNT_NUCLEOTIDES::1 nucleotide Bioseqs are present
prokka_SMOLIH/prokka_SMOLIH:Prokka:SMOLIH_1 (length 156579, 2 other)

DiscRep_ALL:OVERLAPPING_GENES::39 genes overlap another gene on the same strand.
prokka_SMOLIH/prokka_SMOLIH:Gene	gltX	SMOLIH_1:c27553-26042	SMOLIH_00022
prokka_SMOLIH/prokka_SMOLIH:Gene	rplI	SMOLIH_1:c27759-27550	SMOLIH_00023
prokka_SMOLIH/prokka_SMOLIH:Gene	rpsR	SMOLIH_1:c28050-27781	SMOLIH_00024
prokka_SMOLIH/prokka_SMOLIH:Gene	rpsF	SMOLIH_1:c28399-28043	SMOLIH_00025
prokka_SMOLIH/prokka_SMOLIH:Gene	rpmA	SMOLIH_1:c28978-28733	SMOLIH_00027
prokka_SMOLIH/prokka_SMOLIH:Gene	rplU	SMOLIH_1:c29294-28947	SMOLIH_00028
prokka_SMOLIH/prokka_SMOLIH:Gene	iscS	SMOLIH_1:c46567-45422	SMOLIH_00049
prokka_SMOLIH/prokka_SMOLIH:Gene	tilS	SMOLIH_1:c47498-46560	SMOLIH_00050
prokka_SMOLIH/prokka_SMOLIH:Gene	rpmI	SMOLIH_1:c60848-60657	SMOLIH_00064
prokka_SMOLIH/prokka_SMOLIH:Gene	infC	SMOLIH_1:c61183-60845	SMOLIH_00065
prokka_SMOLIH/prokka_SMOLIH:Gene	rplM	SMOLIH_1:63564-63983	SMOLIH_00067
prokka_SMOLIH/prokka_SMOLIH:Gene	rpsI	SMOLIH_1:63983-64345	SMOLIH_00068
prokka_SMOLIH/prokka_SMOLIH:Gene	rpsB	SMOLIH_1:64299-65063	SMOLIH_00069
prokka_SMOLIH/prokka_SMOLIH:Gene	rplJ	SMOLIH_1:81985-82527	SMOLIH_00093
prokka_SMOLIH/prokka_SMOLIH:Gene	rplL	SMOLIH_1:82505-82882	SMOLIH_00094
prokka_SMOLIH/prokka_SMOLIH:Gene	rpoB	SMOLIH_1:82893-86609	SMOLIH_00095
prokka_SMOLIH/prokka_SMOLIH:Gene	SMOLIH_00096	SMOLIH_1:86606-86857	SMOLIH_00096
prokka_SMOLIH/prokka_SMOLIH:Gene	rpmG	SMOLIH_1:c93370-93137	SMOLIH_00101
prokka_SMOLIH/prokka_SMOLIH:Gene	rpmB	SMOLIH_1:c93554-93312	SMOLIH_00102
prokka_SMOLIH/prokka_SMOLIH:Gene	leuC	SMOLIH_1:100506-101903	SMOLIH_00107
prokka_SMOLIH/prokka_SMOLIH:Gene	leuD1	SMOLIH_1:101890-102471	SMOLIH_00108
prokka_SMOLIH/prokka_SMOLIH:Gene	sufC	SMOLIH_1:114343-115017	SMOLIH_00123
prokka_SMOLIH/prokka_SMOLIH:Gene	sufD	SMOLIH_1:115014-116324	SMOLIH_00124
prokka_SMOLIH/prokka_SMOLIH:Gene	sufS	SMOLIH_1:116344-117561	SMOLIH_00125
prokka_SMOLIH/prokka_SMOLIH:Gene	infB	SMOLIH_1:117540-119261	SMOLIH_00126
prokka_SMOLIH/prokka_SMOLIH:Gene	rpsJ	SMOLIH_1:130209-130508	SMOLIH_00142
prokka_SMOLIH/prokka_SMOLIH:Gene	rplC	SMOLIH_1:130502-131149	SMOLIH_00143
prokka_SMOLIH/prokka_SMOLIH:Gene	rplD	SMOLIH_1:131127-131774	SMOLIH_00144
prokka_SMOLIH/prokka_SMOLIH:Gene	rpsC	SMOLIH_1:133577-134293	SMOLIH_00149
prokka_SMOLIH/prokka_SMOLIH:Gene	rplP	SMOLIH_1:134265-134669	SMOLIH_00150
prokka_SMOLIH/prokka_SMOLIH:Gene	rpsQ	SMOLIH_1:134666-134938	SMOLIH_00151
prokka_SMOLIH/prokka_SMOLIH:Gene	rplN	SMOLIH_1:134913-135281	SMOLIH_00152
prokka_SMOLIH/prokka_SMOLIH:Gene	SMOLIH_00153	SMOLIH_1:135293-135631	SMOLIH_00153
prokka_SMOLIH/prokka_SMOLIH:Gene	rplE	SMOLIH_1:135628-136167	SMOLIH_00154
prokka_SMOLIH/prokka_SMOLIH:Gene	rpoA	SMOLIH_1:140432-141544	SMOLIH_00166
prokka_SMOLIH/prokka_SMOLIH:Gene	rplQ	SMOLIH_1:141528-141908	SMOLIH_00167
prokka_SMOLIH/prokka_SMOLIH:Gene	SMOLIH_00180	SMOLIH_1:c153121-152849	SMOLIH_00180
prokka_SMOLIH/prokka_SMOLIH:Gene	ilvB	SMOLIH_1:c154746-153112	SMOLIH_00181
prokka_SMOLIH/prokka_SMOLIH:Gene	ilvD	SMOLIH_1:c156440-154743	SMOLIH_00182

DiscRep_ALL:DISC_QUALITY_SCORES::Quality scores are missing on all sequences.

DiscRep_ALL:ONCALLER_COMMENT_PRESENT::1 comment descriptors were found (all same)
prokka_SMOLIH/prokka_SMOLIH:Prokka:SMOLIH_1:Annotated using prokka 1.13 from https://github.com/tseemann/prokka

DiscRep_ALL:SHORT_PROT_SEQUENCES::3 protein sequences are shorter than 50 aa.
prokka_SMOLIH/prokka_SMOLIH:Prokka:SMOLIH_00033 (length 29)
prokka_SMOLIH/prokka_SMOLIH:Prokka:SMOLIH_00112 (length 41)
prokka_SMOLIH/prokka_SMOLIH:Prokka:SMOLIH_00162 (length 38)

DiscRep_ALL:MISSING_GENOMEASSEMBLY_COMMENTS::1 bioseqs are missing GenomeAssembly structured comments
prokka_SMOLIH/prokka_SMOLIH:Prokka:SMOLIH_1 (length 156579, 2 other)

DiscRep_ALL:MOLTYPE_NOT_MRNA::1 molecule types are not set as mRNA.
prokka_SMOLIH/prokka_SMOLIH:Prokka:SMOLIH_1 (length 156579, 2 other)

DiscRep_ALL:TECHNIQUE_NOT_TSA::1 technique are not set as TSA
prokka_SMOLIH/prokka_SMOLIH:Prokka:SMOLIH_1 (length 156579, 2 other)

DiscRep_ALL:MISSING_STRUCTURED_COMMENT::1 sequences do not include structured comments.
prokka_SMOLIH/prokka_SMOLIH:Prokka:SMOLIH_1 (length 156579, 2 other)

DiscRep_ALL:MISSING_PROJECT::150 sequences do not include project.
prokka_SMOLIH/prokka_SMOLIH:Prokka:SMOLIH_1 (length 156579, 2 other)
prokka_SMOLIH/prokka_SMOLIH:Prokka:SMOLIH_00001 (length 225)
prokka_SMOLIH/prokka_SMOLIH:Prokka:SMOLIH_00002 (length 443)
prokka_SMOLIH/prokka_SMOLIH:Prokka:SMOLIH_00003 (length 867)
prokka_SMOLIH/prokka_SMOLIH:Prokka:SMOLIH_00004 (length 100)
prokka_SMOLIH/prokka_SMOLIH:Prokka:SMOLIH_00005 (length 375)
prokka_SMOLIH/prokka_SMOLIH:Prokka:SMOLIH_00006 (length 690)
prokka_SMOLIH/prokka_SMOLIH:Prokka:SMOLIH_00007 (length 400)
prokka_SMOLIH/prokka_SMOLIH:Prokka:SMOLIH_00008 (length 398)
prokka_SMOLIH/prokka_SMOLIH:Prokka:SMOLIH_00009 (length 62)
prokka_SMOLIH/prokka_SMOLIH:Prokka:SMOLIH_00010 (length 250)
prokka_SMOLIH/prokka_SMOLIH:Prokka:SMOLIH_00011 (length 558)
prokka_SMOLIH/prokka_SMOLIH:Prokka:SMOLIH_00012 (length 254)
prokka_SMOLIH/prokka_SMOLIH:Prokka:SMOLIH_00014 (length 1132)
prokka_SMOLIH/prokka_SMOLIH:Prokka:SMOLIH_00016 (length 597)
prokka_SMOLIH/prokka_SMOLIH:Prokka:SMOLIH_00017 (length 358)
prokka_SMOLIH/prokka_SMOLIH:Prokka:SMOLIH_00018 (length 533)
prokka_SMOLIH/prokka_SMOLIH:Prokka:SMOLIH_00019 (length 578)
prokka_SMOLIH/prokka_SMOLIH:Prokka:SMOLIH_00021 (length 206)
prokka_SMOLIH/prokka_SMOLIH:Prokka:SMOLIH_00022 (length 503)
prokka_SMOLIH/prokka_SMOLIH:Prokka:SMOLIH_00023 (length 69)
prokka_SMOLIH/prokka_SMOLIH:Prokka:SMOLIH_00024 (length 89)
prokka_SMOLIH/prokka_SMOLIH:Prokka:SMOLIH_00025 (length 118)
prokka_SMOLIH/prokka_SMOLIH:Prokka:SMOLIH_00027 (length 81)
prokka_SMOLIH/prokka_SMOLIH:Prokka:SMOLIH_00028 (length 115)
prokka_SMOLIH/prokka_SMOLIH:Prokka:SMOLIH_00030 (length 446)
prokka_SMOLIH/prokka_SMOLIH:Prokka:SMOLIH_00031 (length 187)
prokka_SMOLIH/prokka_SMOLIH:Prokka:SMOLIH_00032 (length 315)
prokka_SMOLIH/prokka_SMOLIH:Prokka:SMOLIH_00033 (length 29)
prokka_SMOLIH/prokka_SMOLIH:Prokka:SMOLIH_00036 (length 254)
prokka_SMOLIH/prokka_SMOLIH:Prokka:SMOLIH_00037 (length 281)
prokka_SMOLIH/prokka_SMOLIH:Prokka:SMOLIH_00038 (length 309)
prokka_SMOLIH/prokka_SMOLIH:Prokka:SMOLIH_00039 (length 448)
prokka_SMOLIH/prokka_SMOLIH:Prokka:SMOLIH_00040 (length 374)
prokka_SMOLIH/prokka_SMOLIH:Prokka:SMOLIH_00044 (length 112)
prokka_SMOLIH/prokka_SMOLIH:Prokka:SMOLIH_00045 (length 452)
prokka_SMOLIH/prokka_SMOLIH:Prokka:SMOLIH_00046 (length 605)
prokka_SMOLIH/prokka_SMOLIH:Prokka:SMOLIH_00048 (length 489)
prokka_SMOLIH/prokka_SMOLIH:Prokka:SMOLIH_00049 (length 381)
prokka_SMOLIH/prokka_SMOLIH:Prokka:SMOLIH_00050 (length 312)
prokka_SMOLIH/prokka_SMOLIH:Prokka:SMOLIH_00053 (length 1271)
prokka_SMOLIH/prokka_SMOLIH:Prokka:SMOLIH_00055 (length 450)
prokka_SMOLIH/prokka_SMOLIH:Prokka:SMOLIH_00056 (length 305)
prokka_SMOLIH/prokka_SMOLIH:Prokka:SMOLIH_00057 (length 453)
prokka_SMOLIH/prokka_SMOLIH:Prokka:SMOLIH_00058 (length 182)
prokka_SMOLIH/prokka_SMOLIH:Prokka:SMOLIH_00059 (length 368)
prokka_SMOLIH/prokka_SMOLIH:Prokka:SMOLIH_00060 (length 394)
prokka_SMOLIH/prokka_SMOLIH:Prokka:SMOLIH_00061 (length 322)
prokka_SMOLIH/prokka_SMOLIH:Prokka:SMOLIH_00062 (length 163)
prokka_SMOLIH/prokka_SMOLIH:Prokka:SMOLIH_00063 (length 103)
prokka_SMOLIH/prokka_SMOLIH:Prokka:SMOLIH_00064 (length 63)
prokka_SMOLIH/prokka_SMOLIH:Prokka:SMOLIH_00065 (length 112)
prokka_SMOLIH/prokka_SMOLIH:Prokka:SMOLIH_00066 (length 626)
prokka_SMOLIH/prokka_SMOLIH:Prokka:SMOLIH_00067 (length 139)
prokka_SMOLIH/prokka_SMOLIH:Prokka:SMOLIH_00068 (length 120)
prokka_SMOLIH/prokka_SMOLIH:Prokka:SMOLIH_00069 (length 254)
prokka_SMOLIH/prokka_SMOLIH:Prokka:SMOLIH_00070 (length 214)
prokka_SMOLIH/prokka_SMOLIH:Prokka:SMOLIH_00073 (length 862)
prokka_SMOLIH/prokka_SMOLIH:Prokka:SMOLIH_00074 (length 396)
prokka_SMOLIH/prokka_SMOLIH:Prokka:SMOLIH_00075 (length 220)
prokka_SMOLIH/prokka_SMOLIH:Prokka:SMOLIH_00076 (length 359)
prokka_SMOLIH/prokka_SMOLIH:Prokka:SMOLIH_00082 (length 410)
prokka_SMOLIH/prokka_SMOLIH:Prokka:SMOLIH_00083 (length 138)
prokka_SMOLIH/prokka_SMOLIH:Prokka:SMOLIH_00084 (length 212)
prokka_SMOLIH/prokka_SMOLIH:Prokka:SMOLIH_00089 (length 395)
prokka_SMOLIH/prokka_SMOLIH:Prokka:SMOLIH_00091 (length 141)
prokka_SMOLIH/prokka_SMOLIH:Prokka:SMOLIH_00092 (length 211)
prokka_SMOLIH/prokka_SMOLIH:Prokka:SMOLIH_00093 (length 180)
prokka_SMOLIH/prokka_SMOLIH:Prokka:SMOLIH_00094 (length 125)
prokka_SMOLIH/prokka_SMOLIH:Prokka:SMOLIH_00095 (length 1238)
prokka_SMOLIH/prokka_SMOLIH:Prokka:SMOLIH_00096 (length 83)
prokka_SMOLIH/prokka_SMOLIH:Prokka:SMOLIH_00097 (length 1366)
prokka_SMOLIH/prokka_SMOLIH:Prokka:SMOLIH_00098 (length 262)
prokka_SMOLIH/prokka_SMOLIH:Prokka:SMOLIH_00099 (length 323)
prokka_SMOLIH/prokka_SMOLIH:Prokka:SMOLIH_00101 (length 77)
prokka_SMOLIH/prokka_SMOLIH:Prokka:SMOLIH_00102 (length 80)
prokka_SMOLIH/prokka_SMOLIH:Prokka:SMOLIH_00103 (length 411)
prokka_SMOLIH/prokka_SMOLIH:Prokka:SMOLIH_00105 (length 420)
prokka_SMOLIH/prokka_SMOLIH:Prokka:SMOLIH_00106 (length 386)
prokka_SMOLIH/prokka_SMOLIH:Prokka:SMOLIH_00107 (length 465)
prokka_SMOLIH/prokka_SMOLIH:Prokka:SMOLIH_00108 (length 193)
prokka_SMOLIH/prokka_SMOLIH:Prokka:SMOLIH_00109 (length 357)
prokka_SMOLIH/prokka_SMOLIH:Prokka:SMOLIH_00110 (length 110)
prokka_SMOLIH/prokka_SMOLIH:Prokka:SMOLIH_00111 (length 363)
prokka_SMOLIH/prokka_SMOLIH:Prokka:SMOLIH_00112 (length 41)
prokka_SMOLIH/prokka_SMOLIH:Prokka:SMOLIH_00113 (length 463)
prokka_SMOLIH/prokka_SMOLIH:Prokka:SMOLIH_00116 (length 434)
prokka_SMOLIH/prokka_SMOLIH:Prokka:SMOLIH_00117 (length 116)
prokka_SMOLIH/prokka_SMOLIH:Prokka:SMOLIH_00118 (length 103)
prokka_SMOLIH/prokka_SMOLIH:Prokka:SMOLIH_00119 (length 546)
prokka_SMOLIH/prokka_SMOLIH:Prokka:SMOLIH_00120 (length 90)
prokka_SMOLIH/prokka_SMOLIH:Prokka:SMOLIH_00121 (length 445)
prokka_SMOLIH/prokka_SMOLIH:Prokka:SMOLIH_00122 (length 474)
prokka_SMOLIH/prokka_SMOLIH:Prokka:SMOLIH_00123 (length 224)
prokka_SMOLIH/prokka_SMOLIH:Prokka:SMOLIH_00124 (length 436)
prokka_SMOLIH/prokka_SMOLIH:Prokka:SMOLIH_00125 (length 405)
prokka_SMOLIH/prokka_SMOLIH:Prokka:SMOLIH_00126 (length 573)
prokka_SMOLIH/prokka_SMOLIH:Prokka:SMOLIH_00127 (length 82)
prokka_SMOLIH/prokka_SMOLIH:Prokka:SMOLIH_00129 (length 97)
prokka_SMOLIH/prokka_SMOLIH:Prokka:SMOLIH_00131 (length 178)
prokka_SMOLIH/prokka_SMOLIH:Prokka:SMOLIH_00132 (length 250)
prokka_SMOLIH/prokka_SMOLIH:Prokka:SMOLIH_00133 (length 59)
prokka_SMOLIH/prokka_SMOLIH:Prokka:SMOLIH_00134 (length 326)
prokka_SMOLIH/prokka_SMOLIH:Prokka:SMOLIH_00135 (length 232)
prokka_SMOLIH/prokka_SMOLIH:Prokka:SMOLIH_00136 (length 703)
prokka_SMOLIH/prokka_SMOLIH:Prokka:SMOLIH_00137 (length 62)
prokka_SMOLIH/prokka_SMOLIH:Prokka:SMOLIH_00138 (length 332)
prokka_SMOLIH/prokka_SMOLIH:Prokka:SMOLIH_00139 (length 124)
prokka_SMOLIH/prokka_SMOLIH:Prokka:SMOLIH_00140 (length 161)
prokka_SMOLIH/prokka_SMOLIH:Prokka:SMOLIH_00141 (length 694)
prokka_SMOLIH/prokka_SMOLIH:Prokka:SMOLIH_00142 (length 99)
prokka_SMOLIH/prokka_SMOLIH:Prokka:SMOLIH_00143 (length 215)
prokka_SMOLIH/prokka_SMOLIH:Prokka:SMOLIH_00144 (length 215)
prokka_SMOLIH/prokka_SMOLIH:Prokka:SMOLIH_00145 (length 105)
prokka_SMOLIH/prokka_SMOLIH:Prokka:SMOLIH_00146 (length 275)
prokka_SMOLIH/prokka_SMOLIH:Prokka:SMOLIH_00147 (length 94)
prokka_SMOLIH/prokka_SMOLIH:Prokka:SMOLIH_00148 (length 111)
prokka_SMOLIH/prokka_SMOLIH:Prokka:SMOLIH_00149 (length 238)
prokka_SMOLIH/prokka_SMOLIH:Prokka:SMOLIH_00150 (length 134)
prokka_SMOLIH/prokka_SMOLIH:Prokka:SMOLIH_00151 (length 90)
prokka_SMOLIH/prokka_SMOLIH:Prokka:SMOLIH_00152 (length 122)
prokka_SMOLIH/prokka_SMOLIH:Prokka:SMOLIH_00153 (length 112)
prokka_SMOLIH/prokka_SMOLIH:Prokka:SMOLIH_00154 (length 179)
prokka_SMOLIH/prokka_SMOLIH:Prokka:SMOLIH_00155 (length 89)
prokka_SMOLIH/prokka_SMOLIH:Prokka:SMOLIH_00156 (length 133)
prokka_SMOLIH/prokka_SMOLIH:Prokka:SMOLIH_00157 (length 185)
prokka_SMOLIH/prokka_SMOLIH:Prokka:SMOLIH_00158 (length 101)
prokka_SMOLIH/prokka_SMOLIH:Prokka:SMOLIH_00159 (length 157)
prokka_SMOLIH/prokka_SMOLIH:Prokka:SMOLIH_00160 (length 150)
prokka_SMOLIH/prokka_SMOLIH:Prokka:SMOLIH_00161 (length 71)
prokka_SMOLIH/prokka_SMOLIH:Prokka:SMOLIH_00162 (length 38)
prokka_SMOLIH/prokka_SMOLIH:Prokka:SMOLIH_00163 (length 127)
prokka_SMOLIH/prokka_SMOLIH:Prokka:SMOLIH_00164 (length 118)
prokka_SMOLIH/prokka_SMOLIH:Prokka:SMOLIH_00165 (length 189)
prokka_SMOLIH/prokka_SMOLIH:Prokka:SMOLIH_00166 (length 370)
prokka_SMOLIH/prokka_SMOLIH:Prokka:SMOLIH_00167 (length 126)
prokka_SMOLIH/prokka_SMOLIH:Prokka:SMOLIH_00168 (length 80)
prokka_SMOLIH/prokka_SMOLIH:Prokka:SMOLIH_00169 (length 552)
prokka_SMOLIH/prokka_SMOLIH:Prokka:SMOLIH_00170 (length 501)
prokka_SMOLIH/prokka_SMOLIH:Prokka:SMOLIH_00172 (length 329)
prokka_SMOLIH/prokka_SMOLIH:Prokka:SMOLIH_00173 (length 387)
prokka_SMOLIH/prokka_SMOLIH:Prokka:SMOLIH_00174 (length 150)
prokka_SMOLIH/prokka_SMOLIH:Prokka:SMOLIH_00175 (length 78)
prokka_SMOLIH/prokka_SMOLIH:Prokka:SMOLIH_00176 (length 318)
prokka_SMOLIH/prokka_SMOLIH:Prokka:SMOLIH_00177 (length 320)
prokka_SMOLIH/prokka_SMOLIH:Prokka:SMOLIH_00178 (length 60)
prokka_SMOLIH/prokka_SMOLIH:Prokka:SMOLIH_00179 (length 345)
prokka_SMOLIH/prokka_SMOLIH:Prokka:SMOLIH_00180 (length 90)
prokka_SMOLIH/prokka_SMOLIH:Prokka:SMOLIH_00181 (length 544)
prokka_SMOLIH/prokka_SMOLIH:Prokka:SMOLIH_00182 (length 565)

DiscRep_ALL:DISC_INCONSISTENT_MOLINFO_TECH::Molinfo Technique Report (some missing, all same)
DiscRep_SUB:DISC_INCONSISTENT_MOLINFO_TECH::technique (all missing)
DiscRep_SUB:DISC_INCONSISTENT_MOLINFO_TECH::1 Molinfos are missing field technique
prokka_SMOLIH/prokka_SMOLIH:Prokka:SMOLIH_1 (length 156579, 2 other)

