[18:34:11] This is prokka 1.13
[18:34:11] Written by Torsten Seemann <torsten.seemann@gmail.com>
[18:34:11] Homepage is https://github.com/tseemann/prokka
[18:34:11] Local time is Wed Feb 21 18:34:11 2024
[18:34:11] You are diego
[18:34:11] Operating system is linux
[18:34:11] You have BioPerl 1.007002
[18:34:11] System has 32 cores.
[18:34:11] Will use maximum of 30 cores.
[18:34:11] Annotating as >>> Bacteria <<<
[18:34:11] Enabling options to ensure Genbank/ENA/DDJB submission compliance.
[18:34:11] Creating new output folder: prokka_SMOLIH
[18:34:11] Running: mkdir -p prokka_SMOLIH
[18:34:11] Using filename prefix: SMOLIH.XXX
[18:34:11] Setting HMMER_NCPU=1
[18:34:11] Writing log to: prokka_SMOLIH/SMOLIH.log
[18:34:11] Command: /home/diego/miniconda3/envs/prokka_env/bin/prokka SMOLIH.fasta --outdir prokka_SMOLIH --prefix SMOLIH --gcode 4 --compliant --cpus 30 --locustag SMOLIH
[18:34:11] Appending to PATH: /home/diego/miniconda3/envs/prokka_env/bin
[18:34:11] Looking for 'aragorn' - found /home/diego/miniconda3/envs/prokka_env/bin/aragorn
[18:34:11] Determined aragorn version is 1.2
[18:34:11] Looking for 'barrnap' - found /home/diego/miniconda3/envs/prokka_env/bin/barrnap
[18:34:11] Determined barrnap version is 0.9
[18:34:11] Looking for 'blastp' - found /home/diego/miniconda3/envs/prokka_env/bin/blastp
[18:34:11] Determined blastp version is 2.14
[18:34:11] Looking for 'cmpress' - found /home/diego/miniconda3/envs/prokka_env/bin/cmpress
[18:34:11] Determined cmpress version is 1.1
[18:34:11] Looking for 'cmscan' - found /home/diego/miniconda3/envs/prokka_env/bin/cmscan
[18:34:11] Determined cmscan version is 1.1
[18:34:11] Looking for 'egrep' - found /usr/bin/egrep
[18:34:11] Looking for 'find' - found /usr/bin/find
[18:34:11] Looking for 'grep' - found /usr/bin/grep
[18:34:11] Looking for 'hmmpress' - found /home/diego/miniconda3/envs/prokka_env/bin/hmmpress
[18:34:11] Determined hmmpress version is 3.3
[18:34:11] Looking for 'hmmscan' - found /home/diego/miniconda3/envs/prokka_env/bin/hmmscan
[18:34:11] Determined hmmscan version is 3.3
[18:34:11] Looking for 'java' - found /home/diego/miniconda3/envs/prokka_env/bin/java
[18:34:11] Looking for 'less' - found /usr/bin/less
[18:34:11] Looking for 'makeblastdb' - found /home/diego/miniconda3/envs/prokka_env/bin/makeblastdb
[18:34:11] Determined makeblastdb version is 2.14
[18:34:11] Looking for 'minced' - found /home/diego/miniconda3/envs/prokka_env/bin/minced
[18:34:11] Determined minced version is 4.2
[18:34:11] Looking for 'parallel' - found /home/diego/miniconda3/envs/prokka_env/bin/parallel
[18:34:11] Determined parallel version is 20160622
[18:34:11] Looking for 'prodigal' - found /home/diego/miniconda3/envs/prokka_env/bin/prodigal
[18:34:11] Determined prodigal version is 2.6
[18:34:11] Looking for 'prokka-genbank_to_fasta_db' - found /home/diego/miniconda3/envs/prokka_env/bin/prokka-genbank_to_fasta_db
[18:34:11] Looking for 'rnammer' - found /home/diego/rnammer-1.2.src/rnammer
[18:34:11] Determined rnammer version is 1.2
[18:34:11] Looking for 'sed' - found /usr/bin/sed
[18:34:11] Looking for 'tbl2asn' - found /home/diego/miniconda3/envs/prokka_env/bin/tbl2asn
[18:34:11] Determined tbl2asn version is 25.8
[18:34:11] Using genetic code table 4.
[18:34:11] Loading and checking input file: SMOLIH.fasta
[18:34:11] Wrote 1 contigs totalling 156579 bp.
[18:34:11] Predicting tRNAs and tmRNAs
[18:34:11] Running: aragorn -l -gc4  -w prokka_SMOLIH\/SMOLIH\.fna
[18:34:12] 1 tRNA-Met [14851,14925] 35 (cat)
[18:34:12] 2 tRNA-Asn c[18451,18526] 36 (gtt)
[18:34:12] 3 tRNA-Cys c[25108,25178] 33 (gca)
[18:34:12] 4 tmRNA c[28424,28722] 98,130 GETKNYSLAA*
[18:34:12] 5 tRNA-Met c[29319,29393] 36 (cat)
[18:34:12] 6 tRNA-Leu [32649,32733] 35 (tag)
[18:34:12] 7 tRNA-Leu [32747,32830] 35 (caa)
[18:34:12] 8 tRNA-Ser [38156,38236] 34 (gct)
[18:34:12] 9 tRNA-Pro [38239,38313] 36 (tgg)
[18:34:12] 10 tRNA-Arg [38337,38411] 35 (tct)
[18:34:12] 11 tRNA-Ser c[43650,43734] 35 (tga)
[18:34:12] 12 tRNA-Lys [47583,47655] 34 (ttt)
[18:34:12] 13 tRNA-Asp c[47666,47739] 35 (gtc)
[18:34:12] 14 tRNA-Val c[51658,51732] 36 (tac)
[18:34:12] 15 tRNA-Leu c[65730,65816] 35 (taa)
[18:34:12] 16 tRNA-Gly c[65834,65907] 35 (gcc)
[18:34:12] 17 tRNA-Ala c[74958,75033] 36 (tgc)
[18:34:12] 18 tRNA-Ile c[75038,75111] 35 (gat)
[18:34:12] 19 tRNA-Thr [79233,79306] 35 (tgt)
[18:34:12] 20 tRNA-Tyr [79326,79407] 35 (gta)
[18:34:12] 21 tRNA-Gly [79416,79488] 34 (tcc)
[18:34:12] 22 tRNA-Thr [79497,79571] 35 (ggt)
[18:34:12] 23 tRNA-Trp [80796,80871] 36 (cca)
[18:34:12] 24 tRNA-His [92888,92962] 35 (gtg)
[18:34:12] 25 tRNA-Phe c[95148,95222] 35 (gaa)
[18:34:12] 26 tRNA-Leu c[106821,106894] 35 (gag)
[18:34:12] 27 tRNA-Met [107108,107183] 36 (cat)
[18:34:12] 28 tRNA-Glu c[119551,119624] 35 (ttc)
[18:34:12] 29 tRNA-Gln [120009,120079] 33 (ttg)
[18:34:12] 30 tRNA-Arg c[146232,146305] 35 (acg)
[18:34:12] Found 30 tRNAs
[18:34:12] Predicting Ribosomal RNAs
[18:34:12] Running Barrnap with 30 threads
[18:34:12] 1 gnl|Prokka|SMOLIH_1 71889 5S ribosomal RNA
[18:34:12] 2 gnl|Prokka|SMOLIH_1 72055 23S ribosomal RNA
[18:34:12] 3 gnl|Prokka|SMOLIH_1 75146 16S ribosomal RNA
[18:34:12] Found 3 rRNAs
[18:34:12] Skipping ncRNA search, enable with --rfam if desired.
[18:34:12] Total of 32 tRNA + rRNA features
[18:34:12] Searching for CRISPR repeats
[18:34:12] Found 0 CRISPRs
[18:34:12] Predicting coding sequences
[18:34:12] Contigs total 156579 bp, so using single mode
[18:34:12] Running: prodigal -i prokka_SMOLIH\/SMOLIH\.fna -c -m -g 4 -p single -f sco -q
[18:34:13] Excluding CDS which overlaps existing RNA (tRNA) at gnl|Prokka|SMOLIH_1:14867..18388 on + strand
[18:34:13] Excluding CDS which overlaps existing RNA (tRNA) at gnl|Prokka|SMOLIH_1:38372..39883 on - strand
[18:34:13] Excluding CDS which overlaps existing RNA (rRNA) at gnl|Prokka|SMOLIH_1:72180..72725 on + strand
[18:34:13] Excluding CDS which overlaps existing RNA (rRNA) at gnl|Prokka|SMOLIH_1:73276..73416 on - strand
[18:34:13] Excluding CDS which overlaps existing RNA (rRNA) at gnl|Prokka|SMOLIH_1:73497..73733 on - strand
[18:34:13] Excluding CDS which overlaps existing RNA (tRNA) at gnl|Prokka|SMOLIH_1:92885..93049 on + strand
[18:34:13] Excluding CDS which overlaps existing RNA (tRNA) at gnl|Prokka|SMOLIH_1:95222..97933 on - strand
[18:34:13] Found 146 CDS
[18:34:13] Connecting features back to sequences
[18:34:13] Not using genus-specific database. Try --usegenus to enable it.
[18:34:13] Annotating CDS, please be patient.
[18:34:13] Will use 30 CPUs for similarity searching.
[18:34:13] There are still 146 unannotated CDS left (started with 146)
[18:34:13] Will use blast to search against /home/diego/miniconda3/envs/prokka_env/bin/../db/kingdom/Bacteria/sprot with 30 CPUs
[18:34:13] Running: cat prokka_SMOLIH\/sprot\.faa | parallel --gnu --plain -j 30 --block 748 --recstart '>' --pipe blastp -query - -db /home/diego/miniconda3/envs/prokka_env/bin/../db/kingdom/Bacteria/sprot -evalue 1e-06 -num_threads 1 -num_descriptions 1 -num_alignments 1 -seg no > prokka_SMOLIH\/sprot\.blast 2> /dev/null
[18:34:14] Modify product: Probable ATP-dependent transporter SufC => putative ATP-dependent transporter SufC
[18:34:15] Cleaned 1 /product names
[18:34:15] Deleting unwanted file: prokka_SMOLIH/sprot.faa
[18:34:15] Deleting unwanted file: prokka_SMOLIH/sprot.blast
[18:34:15] There are still 24 unannotated CDS left (started with 146)
[18:34:15] Will use hmmer3 to search against /home/diego/miniconda3/envs/prokka_env/bin/../db/hmm/HAMAP.hmm with 30 CPUs
[18:34:15] Running: cat prokka_SMOLIH\/HAMAP\.hmm\.faa | parallel --gnu --plain -j 30 --block 53 --recstart '>' --pipe hmmscan --noali --notextw --acc -E 1e-06 --cpu 1 /home/diego/miniconda3/envs/prokka_env/bin/../db/hmm/HAMAP.hmm /dev/stdin > prokka_SMOLIH\/HAMAP\.hmm\.hmmer3 2> /dev/null
[18:34:15] Deleting unwanted file: prokka_SMOLIH/HAMAP.hmm.faa
[18:34:15] Deleting unwanted file: prokka_SMOLIH/HAMAP.hmm.hmmer3
[18:34:15] Labelling remaining 16 proteins as 'hypothetical protein'
[18:34:15] Found 129 unique /gene codes.
[18:34:15] Fixed 0 colliding /gene names.
[18:34:15] Adding /locus_tag identifiers
[18:34:15] Assigned 179 locus_tags to CDS and RNA features.
[18:34:15] Writing outputs to prokka_SMOLIH/
[18:34:15] Generating annotation statistics file
[18:34:15] Generating Genbank and Sequin files
[18:34:15] Running: tbl2asn -V b -a r10k -l paired-ends -M n -N 1 -y 'Annotated using prokka 1.13 from https://github.com/tseemann/prokka' -Z prokka_SMOLIH\/SMOLIH\.err -i prokka_SMOLIH\/SMOLIH\.fsa 2> /dev/null
[18:34:16] Deleting unwanted file: prokka_SMOLIH/errorsummary.val
[18:34:16] Deleting unwanted file: prokka_SMOLIH/SMOLIH.dr
[18:34:16] Deleting unwanted file: prokka_SMOLIH/SMOLIH.fixedproducts
[18:34:16] Deleting unwanted file: prokka_SMOLIH/SMOLIH.ecn
[18:34:16] Deleting unwanted file: prokka_SMOLIH/SMOLIH.val
[18:34:16] Repairing broken .GBK output that tbl2asn produces...
[18:34:16] Running: sed 's/COORDINATES: profile/COORDINATES:profile/' < prokka_SMOLIH\/SMOLIH\.gbf > prokka_SMOLIH\/SMOLIH\.gbk
[18:34:16] Deleting unwanted file: prokka_SMOLIH/SMOLIH.gbf
[18:34:16] Output files:
[18:34:16] prokka_SMOLIH/SMOLIH.ffn
[18:34:16] prokka_SMOLIH/SMOLIH.sqn
[18:34:16] prokka_SMOLIH/SMOLIH.fsa
[18:34:16] prokka_SMOLIH/SMOLIH.err
[18:34:16] prokka_SMOLIH/SMOLIH.tsv
[18:34:16] prokka_SMOLIH/SMOLIH.gbk
[18:34:16] prokka_SMOLIH/SMOLIH.txt
[18:34:16] prokka_SMOLIH/SMOLIH.fna
[18:34:16] prokka_SMOLIH/SMOLIH.tbl
[18:34:16] prokka_SMOLIH/SMOLIH.log
[18:34:16] prokka_SMOLIH/SMOLIH.gff
[18:34:16] prokka_SMOLIH/SMOLIH.faa
[18:34:16] Annotation finished successfully.
[18:34:16] Walltime used: 0.08 minutes
[18:34:16] If you use this result please cite the Prokka paper:
[18:34:16] Seemann T (2014) Prokka: rapid prokaryotic genome annotation. Bioinformatics. 30(14):2068-9.
[18:34:16] Type 'prokka --citation' for more details.
[18:34:16] Share and enjoy!
