Discrepancy Report Results

Summary
DISC_SOURCE_QUALS_ASNDISC:strain (all present, all unique)
DISC_SOURCE_QUALS_ASNDISC:taxname (all present, all unique)
DISC_FEATURE_COUNT:gene: 169 present
DISC_FEATURE_COUNT:CDS: 137 present
DISC_FEATURE_COUNT:tRNA: 28 present
DISC_FEATURE_COUNT:rRNA: 3 present
DISC_FEATURE_COUNT:tmRNA: 1 present
DISC_COUNT_NUCLEOTIDES:1 nucleotide Bioseqs are present
OVERLAPPING_GENES:61 genes overlap another gene on the same strand.
DISC_QUALITY_SCORES:Quality scores are missing on all sequences.
ONCALLER_COMMENT_PRESENT:1 comment descriptors were found (all same)
SHORT_PROT_SEQUENCES:3 protein sequences are shorter than 50 aa.
MISSING_GENOMEASSEMBLY_COMMENTS:1 bioseqs are missing GenomeAssembly structured comments
MOLTYPE_NOT_MRNA:1 molecule types are not set as mRNA.
TECHNIQUE_NOT_TSA:1 technique are not set as TSA
MISSING_STRUCTURED_COMMENT:1 sequences do not include structured comments.
MISSING_PROJECT:138 sequences do not include project.
DISC_INCONSISTENT_MOLINFO_TECH:Molinfo Technique Report (some missing, all same)


Detailed Report

DiscRep_ALL:DISC_SOURCE_QUALS_ASNDISC::strain (all present, all unique)
DiscRep_SUB:DISC_SOURCE_QUALS_ASNDISC::1 sources have unique values for strain
DiscRep_ALL:DISC_SOURCE_QUALS_ASNDISC::taxname (all present, all unique)
DiscRep_SUB:DISC_SOURCE_QUALS_ASNDISC::1 sources have unique values for taxname
DiscRep_ALL:DISC_FEATURE_COUNT::gene: 169 present
DiscRep_ALL:DISC_FEATURE_COUNT::CDS: 137 present
DiscRep_ALL:DISC_FEATURE_COUNT::tRNA: 28 present
DiscRep_ALL:DISC_FEATURE_COUNT::rRNA: 3 present
DiscRep_ALL:DISC_FEATURE_COUNT::tmRNA: 1 present
DiscRep_ALL:DISC_COUNT_NUCLEOTIDES::1 nucleotide Bioseqs are present
prokka_SMQUISP/prokka_SMQUISP:Prokka:SMQUISP_1 (length 149421)

DiscRep_ALL:OVERLAPPING_GENES::61 genes overlap another gene on the same strand.
prokka_SMQUISP/prokka_SMQUISP:Gene	rpsU	SMQUISP_1:c9772-9578	SMQUISP_00009
prokka_SMQUISP/prokka_SMQUISP:Gene	prfB	SMQUISP_1:c10725-9769	SMQUISP_00010
prokka_SMQUISP/prokka_SMQUISP:Gene	SMQUISP_00013	SMQUISP_1:c11971-11684	SMQUISP_00013
prokka_SMQUISP/prokka_SMQUISP:Gene	leuB	SMQUISP_1:c13029-11953	SMQUISP_00014
prokka_SMQUISP/prokka_SMQUISP:Gene	leuD1	SMQUISP_1:c13656-13063	SMQUISP_00015
prokka_SMQUISP/prokka_SMQUISP:Gene	leuC	SMQUISP_1:c15058-13643	SMQUISP_00016
prokka_SMQUISP/prokka_SMQUISP:Gene	tyrS	SMQUISP_1:16273-17538	SMQUISP_00018
prokka_SMQUISP/prokka_SMQUISP:Gene	leuS	SMQUISP_1:17528-20242	SMQUISP_00019
prokka_SMQUISP/prokka_SMQUISP:Gene	korB	SMQUISP_1:20344-21258	SMQUISP_00021
prokka_SMQUISP/prokka_SMQUISP:Gene	serS	SMQUISP_1:21245-22489	SMQUISP_00022
prokka_SMQUISP/prokka_SMQUISP:Gene	rpoB	SMQUISP_1:c32492-28611	SMQUISP_00027
prokka_SMQUISP/prokka_SMQUISP:Gene	rplL	SMQUISP_1:c32863-32489	SMQUISP_00028
prokka_SMQUISP/prokka_SMQUISP:Gene	rplJ	SMQUISP_1:c33389-32853	SMQUISP_00029
prokka_SMQUISP/prokka_SMQUISP:Gene	rpsI	SMQUISP_1:c50233-49841	SMQUISP_00050
prokka_SMQUISP/prokka_SMQUISP:Gene	rplM	SMQUISP_1:c50628-50233	SMQUISP_00051
prokka_SMQUISP/prokka_SMQUISP:Gene	infC	SMQUISP_1:52596-53123	SMQUISP_00053
prokka_SMQUISP/prokka_SMQUISP:Gene	rpmI	SMQUISP_1:53120-53326	SMQUISP_00054
prokka_SMQUISP/prokka_SMQUISP:Gene	rplT	SMQUISP_1:53310-53660	SMQUISP_00055
prokka_SMQUISP/prokka_SMQUISP:Gene	mnmA	SMQUISP_1:c56372-55185	SMQUISP_00058
prokka_SMQUISP/prokka_SMQUISP:Gene	dnaJ	SMQUISP_1:c57463-56369	SMQUISP_00059
prokka_SMQUISP/prokka_SMQUISP:Gene	dnaC	SMQUISP_1:58135-59472	SMQUISP_00061
prokka_SMQUISP/prokka_SMQUISP:Gene	SMQUISP_00062	SMQUISP_1:59465-60307	SMQUISP_00062
prokka_SMQUISP/prokka_SMQUISP:Gene	tilS	SMQUISP_1:66271-67194	SMQUISP_00067
prokka_SMQUISP/prokka_SMQUISP:Gene	iscS	SMQUISP_1:67175-68305	SMQUISP_00068
prokka_SMQUISP/prokka_SMQUISP:Gene	maeB	SMQUISP_1:c76727-75459	SMQUISP_00078
prokka_SMQUISP/prokka_SMQUISP:Gene	hflX	SMQUISP_1:c77838-76708	SMQUISP_00079
prokka_SMQUISP/prokka_SMQUISP:Gene	rplU	SMQUISP_1:86843-87166	SMQUISP_00089
prokka_SMQUISP/prokka_SMQUISP:Gene	rpmA	SMQUISP_1:87156-87401	SMQUISP_00090
prokka_SMQUISP/prokka_SMQUISP:Gene	rpsF	SMQUISP_1:87729-88082	SMQUISP_00092
prokka_SMQUISP/prokka_SMQUISP:Gene	rpsR	SMQUISP_1:88075-88332	SMQUISP_00093
prokka_SMQUISP/prokka_SMQUISP:Gene	rplI	SMQUISP_1:88336-88782	SMQUISP_00094
prokka_SMQUISP/prokka_SMQUISP:Gene	gltX	SMQUISP_1:88769-90274	SMQUISP_00095
prokka_SMQUISP/prokka_SMQUISP:Gene	sufC	SMQUISP_1:111142-111888	SMQUISP_00115
prokka_SMQUISP/prokka_SMQUISP:Gene	sufD	SMQUISP_1:111885-113159	SMQUISP_00116
prokka_SMQUISP/prokka_SMQUISP:Gene	sigA	SMQUISP_1:c118842-117811	SMQUISP_00125
prokka_SMQUISP/prokka_SMQUISP:Gene	pnp	SMQUISP_1:c120908-118839	SMQUISP_00126
prokka_SMQUISP/prokka_SMQUISP:Gene	SMQUISP_00127	SMQUISP_1:c121087-120905	SMQUISP_00127
prokka_SMQUISP/prokka_SMQUISP:Gene	rpsL	SMQUISP_1:121752-122123	SMQUISP_00129
prokka_SMQUISP/prokka_SMQUISP:Gene	rpsG	SMQUISP_1:122120-122590	SMQUISP_00130
prokka_SMQUISP/prokka_SMQUISP:Gene	fusA	SMQUISP_1:122596-124683	SMQUISP_00131
prokka_SMQUISP/prokka_SMQUISP:Gene	rpsJ	SMQUISP_1:124677-124973	SMQUISP_00132
prokka_SMQUISP/prokka_SMQUISP:Gene	rplC	SMQUISP_1:124967-125593	SMQUISP_00133
prokka_SMQUISP/prokka_SMQUISP:Gene	rplD	SMQUISP_1:125571-126218	SMQUISP_00134
prokka_SMQUISP/prokka_SMQUISP:Gene	SMQUISP_00135	SMQUISP_1:126226-126519	SMQUISP_00135
prokka_SMQUISP/prokka_SMQUISP:Gene	rplB	SMQUISP_1:126509-127330	SMQUISP_00136
prokka_SMQUISP/prokka_SMQUISP:Gene	rpsS	SMQUISP_1:127333-127623	SMQUISP_00137
prokka_SMQUISP/prokka_SMQUISP:Gene	SMQUISP_00138	SMQUISP_1:127616-127969	SMQUISP_00138
prokka_SMQUISP/prokka_SMQUISP:Gene	rpsC	SMQUISP_1:127954-128607	SMQUISP_00139
prokka_SMQUISP/prokka_SMQUISP:Gene	rplP	SMQUISP_1:128601-129008	SMQUISP_00140
prokka_SMQUISP/prokka_SMQUISP:Gene	rpsQ	SMQUISP_1:129008-129250	SMQUISP_00141
prokka_SMQUISP/prokka_SMQUISP:Gene	SMQUISP_00143	SMQUISP_1:129620-129967	SMQUISP_00143
prokka_SMQUISP/prokka_SMQUISP:Gene	rplE	SMQUISP_1:129951-130496	SMQUISP_00144
prokka_SMQUISP/prokka_SMQUISP:Gene	rplF	SMQUISP_1:131189-131734	SMQUISP_00147
prokka_SMQUISP/prokka_SMQUISP:Gene	rplR	SMQUISP_1:131734-132039	SMQUISP_00148
prokka_SMQUISP/prokka_SMQUISP:Gene	rpsE	SMQUISP_1:132043-132531	SMQUISP_00149
prokka_SMQUISP/prokka_SMQUISP:Gene	rplO	SMQUISP_1:132528-132989	SMQUISP_00150
prokka_SMQUISP/prokka_SMQUISP:Gene	rpoA	SMQUISP_1:134800-135825	SMQUISP_00156
prokka_SMQUISP/prokka_SMQUISP:Gene	rplQ	SMQUISP_1:135822-136172	SMQUISP_00157
prokka_SMQUISP/prokka_SMQUISP:Gene	rsmH	SMQUISP_1:136169-137062	SMQUISP_00158
prokka_SMQUISP/prokka_SMQUISP:Gene	mutL	SMQUISP_1:c139008-137404	SMQUISP_00159
prokka_SMQUISP/prokka_SMQUISP:Gene	lysS	SMQUISP_1:c140465-138981	SMQUISP_00160

DiscRep_ALL:DISC_QUALITY_SCORES::Quality scores are missing on all sequences.

DiscRep_ALL:ONCALLER_COMMENT_PRESENT::1 comment descriptors were found (all same)
prokka_SMQUISP/prokka_SMQUISP:Prokka:SMQUISP_1:Annotated using prokka 1.13 from https://github.com/tseemann/prokka

DiscRep_ALL:SHORT_PROT_SEQUENCES::3 protein sequences are shorter than 50 aa.
prokka_SMQUISP/prokka_SMQUISP:Prokka:SMQUISP_00006 (length 35)
prokka_SMQUISP/prokka_SMQUISP:Prokka:SMQUISP_00122 (length 37)
prokka_SMQUISP/prokka_SMQUISP:Prokka:SMQUISP_00152 (length 38)

DiscRep_ALL:MISSING_GENOMEASSEMBLY_COMMENTS::1 bioseqs are missing GenomeAssembly structured comments
prokka_SMQUISP/prokka_SMQUISP:Prokka:SMQUISP_1 (length 149421)

DiscRep_ALL:MOLTYPE_NOT_MRNA::1 molecule types are not set as mRNA.
prokka_SMQUISP/prokka_SMQUISP:Prokka:SMQUISP_1 (length 149421)

DiscRep_ALL:TECHNIQUE_NOT_TSA::1 technique are not set as TSA
prokka_SMQUISP/prokka_SMQUISP:Prokka:SMQUISP_1 (length 149421)

DiscRep_ALL:MISSING_STRUCTURED_COMMENT::1 sequences do not include structured comments.
prokka_SMQUISP/prokka_SMQUISP:Prokka:SMQUISP_1 (length 149421)

DiscRep_ALL:MISSING_PROJECT::138 sequences do not include project.
prokka_SMQUISP/prokka_SMQUISP:Prokka:SMQUISP_1 (length 149421)
prokka_SMQUISP/prokka_SMQUISP:Prokka:SMQUISP_00001 (length 224)
prokka_SMQUISP/prokka_SMQUISP:Prokka:SMQUISP_00002 (length 856)
prokka_SMQUISP/prokka_SMQUISP:Prokka:SMQUISP_00003 (length 122)
prokka_SMQUISP/prokka_SMQUISP:Prokka:SMQUISP_00004 (length 369)
prokka_SMQUISP/prokka_SMQUISP:Prokka:SMQUISP_00005 (length 370)
prokka_SMQUISP/prokka_SMQUISP:Prokka:SMQUISP_00006 (length 35)
prokka_SMQUISP/prokka_SMQUISP:Prokka:SMQUISP_00007 (length 392)
prokka_SMQUISP/prokka_SMQUISP:Prokka:SMQUISP_00008 (length 358)
prokka_SMQUISP/prokka_SMQUISP:Prokka:SMQUISP_00009 (length 64)
prokka_SMQUISP/prokka_SMQUISP:Prokka:SMQUISP_00010 (length 318)
prokka_SMQUISP/prokka_SMQUISP:Prokka:SMQUISP_00011 (length 121)
prokka_SMQUISP/prokka_SMQUISP:Prokka:SMQUISP_00012 (length 148)
prokka_SMQUISP/prokka_SMQUISP:Prokka:SMQUISP_00013 (length 95)
prokka_SMQUISP/prokka_SMQUISP:Prokka:SMQUISP_00014 (length 358)
prokka_SMQUISP/prokka_SMQUISP:Prokka:SMQUISP_00015 (length 197)
prokka_SMQUISP/prokka_SMQUISP:Prokka:SMQUISP_00016 (length 471)
prokka_SMQUISP/prokka_SMQUISP:Prokka:SMQUISP_00017 (length 384)
prokka_SMQUISP/prokka_SMQUISP:Prokka:SMQUISP_00018 (length 421)
prokka_SMQUISP/prokka_SMQUISP:Prokka:SMQUISP_00019 (length 904)
prokka_SMQUISP/prokka_SMQUISP:Prokka:SMQUISP_00021 (length 304)
prokka_SMQUISP/prokka_SMQUISP:Prokka:SMQUISP_00022 (length 414)
prokka_SMQUISP/prokka_SMQUISP:Prokka:SMQUISP_00023 (length 67)
prokka_SMQUISP/prokka_SMQUISP:Prokka:SMQUISP_00025 (length 245)
prokka_SMQUISP/prokka_SMQUISP:Prokka:SMQUISP_00026 (length 1362)
prokka_SMQUISP/prokka_SMQUISP:Prokka:SMQUISP_00027 (length 1293)
prokka_SMQUISP/prokka_SMQUISP:Prokka:SMQUISP_00028 (length 124)
prokka_SMQUISP/prokka_SMQUISP:Prokka:SMQUISP_00029 (length 178)
prokka_SMQUISP/prokka_SMQUISP:Prokka:SMQUISP_00031 (length 395)
prokka_SMQUISP/prokka_SMQUISP:Prokka:SMQUISP_00036 (length 137)
prokka_SMQUISP/prokka_SMQUISP:Prokka:SMQUISP_00037 (length 398)
prokka_SMQUISP/prokka_SMQUISP:Prokka:SMQUISP_00043 (length 483)
prokka_SMQUISP/prokka_SMQUISP:Prokka:SMQUISP_00044 (length 215)
prokka_SMQUISP/prokka_SMQUISP:Prokka:SMQUISP_00045 (length 405)
prokka_SMQUISP/prokka_SMQUISP:Prokka:SMQUISP_00046 (length 834)
prokka_SMQUISP/prokka_SMQUISP:Prokka:SMQUISP_00049 (length 240)
prokka_SMQUISP/prokka_SMQUISP:Prokka:SMQUISP_00050 (length 130)
prokka_SMQUISP/prokka_SMQUISP:Prokka:SMQUISP_00051 (length 131)
prokka_SMQUISP/prokka_SMQUISP:Prokka:SMQUISP_00052 (length 619)
prokka_SMQUISP/prokka_SMQUISP:Prokka:SMQUISP_00053 (length 175)
prokka_SMQUISP/prokka_SMQUISP:Prokka:SMQUISP_00054 (length 68)
prokka_SMQUISP/prokka_SMQUISP:Prokka:SMQUISP_00055 (length 116)
prokka_SMQUISP/prokka_SMQUISP:Prokka:SMQUISP_00056 (length 144)
prokka_SMQUISP/prokka_SMQUISP:Prokka:SMQUISP_00057 (length 352)
prokka_SMQUISP/prokka_SMQUISP:Prokka:SMQUISP_00058 (length 395)
prokka_SMQUISP/prokka_SMQUISP:Prokka:SMQUISP_00059 (length 364)
prokka_SMQUISP/prokka_SMQUISP:Prokka:SMQUISP_00060 (length 178)
prokka_SMQUISP/prokka_SMQUISP:Prokka:SMQUISP_00061 (length 445)
prokka_SMQUISP/prokka_SMQUISP:Prokka:SMQUISP_00062 (length 280)
prokka_SMQUISP/prokka_SMQUISP:Prokka:SMQUISP_00063 (length 452)
prokka_SMQUISP/prokka_SMQUISP:Prokka:SMQUISP_00067 (length 307)
prokka_SMQUISP/prokka_SMQUISP:Prokka:SMQUISP_00068 (length 376)
prokka_SMQUISP/prokka_SMQUISP:Prokka:SMQUISP_00069 (length 483)
prokka_SMQUISP/prokka_SMQUISP:Prokka:SMQUISP_00071 (length 609)
prokka_SMQUISP/prokka_SMQUISP:Prokka:SMQUISP_00072 (length 434)
prokka_SMQUISP/prokka_SMQUISP:Prokka:SMQUISP_00073 (length 107)
prokka_SMQUISP/prokka_SMQUISP:Prokka:SMQUISP_00074 (length 67)
prokka_SMQUISP/prokka_SMQUISP:Prokka:SMQUISP_00078 (length 422)
prokka_SMQUISP/prokka_SMQUISP:Prokka:SMQUISP_00079 (length 376)
prokka_SMQUISP/prokka_SMQUISP:Prokka:SMQUISP_00080 (length 433)
prokka_SMQUISP/prokka_SMQUISP:Prokka:SMQUISP_00081 (length 281)
prokka_SMQUISP/prokka_SMQUISP:Prokka:SMQUISP_00082 (length 252)
prokka_SMQUISP/prokka_SMQUISP:Prokka:SMQUISP_00083 (length 210)
prokka_SMQUISP/prokka_SMQUISP:Prokka:SMQUISP_00085 (length 316)
prokka_SMQUISP/prokka_SMQUISP:Prokka:SMQUISP_00086 (length 183)
prokka_SMQUISP/prokka_SMQUISP:Prokka:SMQUISP_00087 (length 449)
prokka_SMQUISP/prokka_SMQUISP:Prokka:SMQUISP_00089 (length 107)
prokka_SMQUISP/prokka_SMQUISP:Prokka:SMQUISP_00090 (length 81)
prokka_SMQUISP/prokka_SMQUISP:Prokka:SMQUISP_00092 (length 117)
prokka_SMQUISP/prokka_SMQUISP:Prokka:SMQUISP_00093 (length 85)
prokka_SMQUISP/prokka_SMQUISP:Prokka:SMQUISP_00094 (length 148)
prokka_SMQUISP/prokka_SMQUISP:Prokka:SMQUISP_00095 (length 501)
prokka_SMQUISP/prokka_SMQUISP:Prokka:SMQUISP_00096 (length 550)
prokka_SMQUISP/prokka_SMQUISP:Prokka:SMQUISP_00097 (length 201)
prokka_SMQUISP/prokka_SMQUISP:Prokka:SMQUISP_00099 (length 612)
prokka_SMQUISP/prokka_SMQUISP:Prokka:SMQUISP_00100 (length 528)
prokka_SMQUISP/prokka_SMQUISP:Prokka:SMQUISP_00101 (length 413)
prokka_SMQUISP/prokka_SMQUISP:Prokka:SMQUISP_00104 (length 254)
prokka_SMQUISP/prokka_SMQUISP:Prokka:SMQUISP_00105 (length 461)
prokka_SMQUISP/prokka_SMQUISP:Prokka:SMQUISP_00108 (length 430)
prokka_SMQUISP/prokka_SMQUISP:Prokka:SMQUISP_00109 (length 151)
prokka_SMQUISP/prokka_SMQUISP:Prokka:SMQUISP_00110 (length 101)
prokka_SMQUISP/prokka_SMQUISP:Prokka:SMQUISP_00111 (length 546)
prokka_SMQUISP/prokka_SMQUISP:Prokka:SMQUISP_00112 (length 89)
prokka_SMQUISP/prokka_SMQUISP:Prokka:SMQUISP_00113 (length 436)
prokka_SMQUISP/prokka_SMQUISP:Prokka:SMQUISP_00114 (length 470)
prokka_SMQUISP/prokka_SMQUISP:Prokka:SMQUISP_00115 (length 248)
prokka_SMQUISP/prokka_SMQUISP:Prokka:SMQUISP_00116 (length 424)
prokka_SMQUISP/prokka_SMQUISP:Prokka:SMQUISP_00117 (length 405)
prokka_SMQUISP/prokka_SMQUISP:Prokka:SMQUISP_00118 (length 79)
prokka_SMQUISP/prokka_SMQUISP:Prokka:SMQUISP_00120 (length 88)
prokka_SMQUISP/prokka_SMQUISP:Prokka:SMQUISP_00122 (length 37)
prokka_SMQUISP/prokka_SMQUISP:Prokka:SMQUISP_00123 (length 72)
prokka_SMQUISP/prokka_SMQUISP:Prokka:SMQUISP_00124 (length 326)
prokka_SMQUISP/prokka_SMQUISP:Prokka:SMQUISP_00125 (length 343)
prokka_SMQUISP/prokka_SMQUISP:Prokka:SMQUISP_00126 (length 689)
prokka_SMQUISP/prokka_SMQUISP:Prokka:SMQUISP_00127 (length 60)
prokka_SMQUISP/prokka_SMQUISP:Prokka:SMQUISP_00128 (length 86)
prokka_SMQUISP/prokka_SMQUISP:Prokka:SMQUISP_00129 (length 123)
prokka_SMQUISP/prokka_SMQUISP:Prokka:SMQUISP_00130 (length 156)
prokka_SMQUISP/prokka_SMQUISP:Prokka:SMQUISP_00131 (length 695)
prokka_SMQUISP/prokka_SMQUISP:Prokka:SMQUISP_00132 (length 98)
prokka_SMQUISP/prokka_SMQUISP:Prokka:SMQUISP_00133 (length 208)
prokka_SMQUISP/prokka_SMQUISP:Prokka:SMQUISP_00134 (length 215)
prokka_SMQUISP/prokka_SMQUISP:Prokka:SMQUISP_00135 (length 97)
prokka_SMQUISP/prokka_SMQUISP:Prokka:SMQUISP_00136 (length 273)
prokka_SMQUISP/prokka_SMQUISP:Prokka:SMQUISP_00137 (length 96)
prokka_SMQUISP/prokka_SMQUISP:Prokka:SMQUISP_00138 (length 117)
prokka_SMQUISP/prokka_SMQUISP:Prokka:SMQUISP_00139 (length 217)
prokka_SMQUISP/prokka_SMQUISP:Prokka:SMQUISP_00140 (length 135)
prokka_SMQUISP/prokka_SMQUISP:Prokka:SMQUISP_00141 (length 80)
prokka_SMQUISP/prokka_SMQUISP:Prokka:SMQUISP_00142 (length 120)
prokka_SMQUISP/prokka_SMQUISP:Prokka:SMQUISP_00143 (length 115)
prokka_SMQUISP/prokka_SMQUISP:Prokka:SMQUISP_00144 (length 181)
prokka_SMQUISP/prokka_SMQUISP:Prokka:SMQUISP_00145 (length 89)
prokka_SMQUISP/prokka_SMQUISP:Prokka:SMQUISP_00146 (length 129)
prokka_SMQUISP/prokka_SMQUISP:Prokka:SMQUISP_00147 (length 181)
prokka_SMQUISP/prokka_SMQUISP:Prokka:SMQUISP_00148 (length 101)
prokka_SMQUISP/prokka_SMQUISP:Prokka:SMQUISP_00149 (length 162)
prokka_SMQUISP/prokka_SMQUISP:Prokka:SMQUISP_00150 (length 153)
prokka_SMQUISP/prokka_SMQUISP:Prokka:SMQUISP_00151 (length 69)
prokka_SMQUISP/prokka_SMQUISP:Prokka:SMQUISP_00152 (length 38)
prokka_SMQUISP/prokka_SMQUISP:Prokka:SMQUISP_00153 (length 116)
prokka_SMQUISP/prokka_SMQUISP:Prokka:SMQUISP_00154 (length 113)
prokka_SMQUISP/prokka_SMQUISP:Prokka:SMQUISP_00155 (length 196)
prokka_SMQUISP/prokka_SMQUISP:Prokka:SMQUISP_00156 (length 341)
prokka_SMQUISP/prokka_SMQUISP:Prokka:SMQUISP_00157 (length 116)
prokka_SMQUISP/prokka_SMQUISP:Prokka:SMQUISP_00158 (length 297)
prokka_SMQUISP/prokka_SMQUISP:Prokka:SMQUISP_00159 (length 534)
prokka_SMQUISP/prokka_SMQUISP:Prokka:SMQUISP_00160 (length 494)
prokka_SMQUISP/prokka_SMQUISP:Prokka:SMQUISP_00162 (length 331)
prokka_SMQUISP/prokka_SMQUISP:Prokka:SMQUISP_00163 (length 358)
prokka_SMQUISP/prokka_SMQUISP:Prokka:SMQUISP_00164 (length 144)
prokka_SMQUISP/prokka_SMQUISP:Prokka:SMQUISP_00165 (length 311)
prokka_SMQUISP/prokka_SMQUISP:Prokka:SMQUISP_00166 (length 344)
prokka_SMQUISP/prokka_SMQUISP:Prokka:SMQUISP_00167 (length 78)
prokka_SMQUISP/prokka_SMQUISP:Prokka:SMQUISP_00168 (length 557)
prokka_SMQUISP/prokka_SMQUISP:Prokka:SMQUISP_00169 (length 560)

DiscRep_ALL:DISC_INCONSISTENT_MOLINFO_TECH::Molinfo Technique Report (some missing, all same)
DiscRep_SUB:DISC_INCONSISTENT_MOLINFO_TECH::technique (all missing)
DiscRep_SUB:DISC_INCONSISTENT_MOLINFO_TECH::1 Molinfos are missing field technique
prokka_SMQUISP/prokka_SMQUISP:Prokka:SMQUISP_1 (length 149421)

