[13:50:38] This is prokka 1.14.6
[13:50:38] Written by Torsten Seemann <torsten.seemann@gmail.com>
[13:50:38] Homepage is https://github.com/tseemann/prokka
[13:50:38] Local time is Thu Nov 10 13:50:38 2022
[13:50:38] You are diego
[13:50:38] Operating system is linux
[13:50:38] You have BioPerl 1.007002
[13:50:38] System has 12 cores.
[13:50:38] Will use maximum of 8 cores.
[13:50:38] Annotating as >>> Bacteria <<<
[13:50:38] Creating new output folder: prokka_VFZOPTEN
[13:50:38] Running: mkdir -p prokka_VFZOPTEN
[13:50:38] Using filename prefix: VFZOPTEN.XXX
[13:50:38] Setting HMMER_NCPU=1
[13:50:38] Writing log to: prokka_VFZOPTEN/VFZOPTEN.log
[13:50:38] Command: /home/diego/miniconda3/envs/prokka_env/bin/prokka VFZOPTEN.fasta --prefix VFZOPTEN --outdir prokka_VFZOPTEN --cpus 8 --locustag VFZOPTEN
[13:50:38] Appending to PATH: /home/diego/miniconda3/envs/prokka_env/bin
[13:50:38] Looking for 'aragorn' - found /home/diego/miniconda3/envs/prokka_env/bin/aragorn
[13:50:38] Determined aragorn version is 001002 from 'ARAGORN v1.2.38 Dean Laslett'
[13:50:38] Looking for 'barrnap' - found /home/diego/miniconda3/envs/prokka_env/bin/barrnap
[13:50:38] Determined barrnap version is 000009 from 'barrnap 0.9'
[13:50:38] Looking for 'blastp' - found /home/diego/miniconda3/envs/prokka_env/bin/blastp
[13:50:38] Determined blastp version is 002010 from 'blastp: 2.10.1+'
[13:50:38] Looking for 'cmpress' - found /home/diego/miniconda3/envs/prokka_env/bin/cmpress
[13:50:38] Determined cmpress version is 001001 from '# INFERNAL 1.1.3 (Nov 2019)'
[13:50:38] Looking for 'cmscan' - found /home/diego/miniconda3/envs/prokka_env/bin/cmscan
[13:50:38] Determined cmscan version is 001001 from '# INFERNAL 1.1.3 (Nov 2019)'
[13:50:38] Looking for 'egrep' - found /usr/bin/egrep
[13:50:38] Looking for 'find' - found /usr/bin/find
[13:50:38] Looking for 'grep' - found /usr/bin/grep
[13:50:38] Looking for 'hmmpress' - found /home/diego/miniconda3/envs/prokka_env/bin/hmmpress
[13:50:38] Determined hmmpress version is 003003 from '# HMMER 3.3.2 (Nov 2020); http://hmmer.org/'
[13:50:38] Looking for 'hmmscan' - found /home/diego/miniconda3/envs/prokka_env/bin/hmmscan
[13:50:38] Determined hmmscan version is 003003 from '# HMMER 3.3.2 (Nov 2020); http://hmmer.org/'
[13:50:38] Looking for 'java' - found /home/diego/miniconda3/envs/prokka_env/bin/java
[13:50:38] Looking for 'makeblastdb' - found /home/diego/miniconda3/envs/prokka_env/bin/makeblastdb
[13:50:38] Determined makeblastdb version is 002010 from 'makeblastdb: 2.10.1+'
[13:50:38] Looking for 'minced' - found /home/diego/miniconda3/envs/prokka_env/bin/minced
[13:50:38] Determined minced version is 004002 from 'minced 0.4.2'
[13:50:38] Looking for 'parallel' - found /home/diego/miniconda3/envs/prokka_env/bin/parallel
[13:50:38] Determined parallel version is 20201122 from 'GNU parallel 20201122'
[13:50:38] Looking for 'prodigal' - found /home/diego/miniconda3/envs/prokka_env/bin/prodigal
[13:50:38] Determined prodigal version is 002006 from 'Prodigal V2.6.3: February, 2016'
[13:50:38] Looking for 'prokka-genbank_to_fasta_db' - found /home/diego/miniconda3/envs/prokka_env/bin/prokka-genbank_to_fasta_db
[13:50:38] Looking for 'rnammer' - found /home/diego/rnammer-1.2.src/rnammer
[13:50:38] Determined rnammer version is 001002 from 'This rnammer 1.2, running from '/home/diego/rnammer-1.2.src/''
[13:50:38] Looking for 'sed' - found /usr/bin/sed
[13:50:38] Looking for 'tbl2asn' - found /home/diego/tbl2asn
[13:50:38] Determined tbl2asn version is 025008 from 'tbl2asn 25.8   arguments:'
[13:50:38] Using genetic code table 11.
[13:50:38] Loading and checking input file: VFZOPTEN.fasta
[13:50:38] Wrote 1 contigs totalling 118320 bp.
[13:50:38] Predicting tRNAs and tmRNAs
[13:50:38] Running: aragorn -l -gc11  -w prokka_VFZOPTEN\/VFZOPTEN\.fna
[13:50:39] 1 tRNA-Trp [1178,1250] 34 (cca)
[13:50:39] 2 tRNA-Phe [14114,14186] 34 (gaa)
[13:50:39] 3 tRNA-Gln [18463,18534] 34 (ttg)
[13:50:39] 4 tRNA-Ser [25296,25381] 36 (gct)
[13:50:39] 5 tRNA-Met [42823,42894] 33 (cat)
[13:50:39] 6 tRNA-Leu [45986,46058] 34 (tag)
[13:50:39] 7 tRNA-Ser [46060,46143] 35 (aga)
[13:50:39] 8 tRNA-Asn c[50775,50848] 34 (gtt)
[13:50:39] 9 tRNA-Cys c[50955,51025] 33 (gca)
[13:50:39] 10 tRNA-Gly c[51025,51097] 34 (gcc)
[13:50:39] 11 tRNA-Val [57858,57928] 33 (tac)
[13:50:39] 12 tRNA-Leu c[59676,59756] 35 (caa)
[13:50:39] 13 tRNA-Ser c[59757,59839] 35 (tga)
[13:50:39] 14 tRNA-Arg [59846,59919] 35 (acg)
[13:50:39] 15 tRNA-Thr [65791,65862] 33 (tgt)
[13:50:39] 16 tRNA-His [65864,65935] 33 (gtg)
[13:50:39] 17 tRNA-Lys c[66741,66816] 36 (ttt)
[13:50:39] 18 tRNA-Arg c[68852,68925] 35 (tct)
[13:50:39] 19 tRNA-Met c[69041,69114] 34 (cat)
[13:50:39] 20 tRNA-Pro [69149,69220] 33 (tgg)
[13:50:39] 21 tRNA-Asp c[78591,78663] 34 (gtc)
[13:50:39] 22 tRNA-Glu c[78663,78735] 34 (ttc)
[13:50:39] 23 tRNA-Ala c[100248,100320] 34 (tgc)
[13:50:39] 24 tRNA-Ile c[104406,104477] 33 (gat)
[13:50:39] 25 tRNA-Met [118080,118151] 34 (cat)
[13:50:39] 26 tRNA-Tyr [118154,118239] 35 (gta)
[13:50:39] 27 tRNA-Gly [118242,118312] 33 (tcc)
[13:50:39] Found 27 tRNAs
[13:50:39] Predicting Ribosomal RNAs
[13:50:39] Running Barrnap with 8 threads
[13:50:39] 1 VFZOPTEN 101648 23S ribosomal RNA
[13:50:39] 2 VFZOPTEN 104493 16S ribosomal RNA
[13:50:39] Found 2 rRNAs
[13:50:39] Skipping ncRNA search, enable with --rfam if desired.
[13:50:39] Total of 29 tRNA + rRNA features
[13:50:39] Searching for CRISPR repeats
[13:50:40] Found 0 CRISPRs
[13:50:40] Predicting coding sequences
[13:50:40] Contigs total 118320 bp, so using single mode
[13:50:40] Running: prodigal -i prokka_VFZOPTEN\/VFZOPTEN\.fna -c -m -g 11 -p single -f sco -q
[13:50:40] Excluding CDS which overlaps existing RNA (tRNA) at VFZOPTEN:1..1188 on + strand
[13:50:40] Excluding CDS which overlaps existing RNA (tRNA) at VFZOPTEN:13721..14131 on + strand
[13:50:40] Excluding CDS which overlaps existing RNA (tRNA) at VFZOPTEN:23213..25297 on + strand
[13:50:40] Excluding CDS which overlaps existing RNA (tRNA) at VFZOPTEN:25362..25535 on - strand
[13:50:40] Excluding CDS which overlaps existing RNA (tRNA) at VFZOPTEN:41420..42832 on + strand
[13:50:40] Excluding CDS which overlaps existing RNA (tRNA) at VFZOPTEN:42872..43744 on + strand
[13:50:40] Excluding CDS which overlaps existing RNA (tRNA) at VFZOPTEN:45825..45998 on + strand
[13:50:40] Excluding CDS which overlaps existing RNA (tRNA) at VFZOPTEN:46000..46095 on + strand
[13:50:40] Excluding CDS which overlaps existing RNA (tRNA) at VFZOPTEN:50545..50775 on + strand
[13:50:40] Excluding CDS which overlaps existing RNA (tRNA) at VFZOPTEN:50848..50973 on + strand
[13:50:40] Excluding CDS which overlaps existing RNA (tRNA) at VFZOPTEN:51069..51530 on - strand
[13:50:40] Excluding CDS which overlaps existing RNA (tRNA) at VFZOPTEN:56725..57867 on + strand
[13:50:40] Excluding CDS which overlaps existing RNA (tRNA) at VFZOPTEN:58607..59683 on + strand
[13:50:40] Excluding CDS which overlaps existing RNA (tRNA) at VFZOPTEN:59874..60527 on + strand
[13:50:40] Excluding CDS which overlaps existing RNA (tRNA) at VFZOPTEN:65525..65800 on + strand
[13:50:40] Excluding CDS which overlaps existing RNA (tRNA) at VFZOPTEN:65941..66744 on + strand
[13:50:40] Excluding CDS which overlaps existing RNA (tRNA) at VFZOPTEN:66806..67153 on - strand
[13:50:40] Excluding CDS which overlaps existing RNA (tRNA) at VFZOPTEN:68925..69053 on + strand
[13:50:40] Excluding CDS which overlaps existing RNA (tRNA) at VFZOPTEN:78387..78629 on + strand
[13:50:40] Excluding CDS which overlaps existing RNA (rRNA) at VFZOPTEN:101810..102205 on + strand
[13:50:40] Excluding CDS which overlaps existing RNA (rRNA) at VFZOPTEN:102623..102913 on + strand
[13:50:40] Excluding CDS which overlaps existing RNA (tRNA) at VFZOPTEN:117092..118093 on + strand
[13:50:40] Found 121 CDS
[13:50:40] Connecting features back to sequences
[13:50:40] Not using genus-specific database. Try --usegenus to enable it.
[13:50:40] Annotating CDS, please be patient.
[13:50:40] Will use 8 CPUs for similarity searching.
[13:50:40] There are still 121 unannotated CDS left (started with 121)
[13:50:40] Will use blast to search against /home/diego/miniconda3/envs/prokka_env/db/kingdom/Bacteria/IS with 8 CPUs
[13:50:40] Running: cat prokka_VFZOPTEN\/VFZOPTEN\.IS\.tmp\.138984\.faa | parallel --gnu --plain -j 8 --block 2076 --recstart '>' --pipe blastp -query - -db /home/diego/miniconda3/envs/prokka_env/db/kingdom/Bacteria/IS -evalue 1e-30 -qcov_hsp_perc 90 -num_threads 1 -num_descriptions 1 -num_alignments 1 -seg no > prokka_VFZOPTEN\/VFZOPTEN\.IS\.tmp\.138984\.blast 2> /dev/null
[13:50:41] Deleting unwanted file: prokka_VFZOPTEN/VFZOPTEN.IS.tmp.138984.faa
[13:50:41] Deleting unwanted file: prokka_VFZOPTEN/VFZOPTEN.IS.tmp.138984.blast
[13:50:41] There are still 121 unannotated CDS left (started with 121)
[13:50:41] Will use blast to search against /home/diego/miniconda3/envs/prokka_env/db/kingdom/Bacteria/AMR with 8 CPUs
[13:50:41] Running: cat prokka_VFZOPTEN\/VFZOPTEN\.AMR\.tmp\.138984\.faa | parallel --gnu --plain -j 8 --block 2076 --recstart '>' --pipe blastp -query - -db /home/diego/miniconda3/envs/prokka_env/db/kingdom/Bacteria/AMR -evalue 9.99999999999999e-301 -qcov_hsp_perc 90 -num_threads 1 -num_descriptions 1 -num_alignments 1 -seg no > prokka_VFZOPTEN\/VFZOPTEN\.AMR\.tmp\.138984\.blast 2> /dev/null
[13:50:42] Deleting unwanted file: prokka_VFZOPTEN/VFZOPTEN.AMR.tmp.138984.faa
[13:50:42] Deleting unwanted file: prokka_VFZOPTEN/VFZOPTEN.AMR.tmp.138984.blast
[13:50:42] There are still 121 unannotated CDS left (started with 121)
[13:50:42] Will use blast to search against /home/diego/miniconda3/envs/prokka_env/db/kingdom/Bacteria/sprot with 8 CPUs
[13:50:42] Running: cat prokka_VFZOPTEN\/VFZOPTEN\.sprot\.tmp\.138984\.faa | parallel --gnu --plain -j 8 --block 2076 --recstart '>' --pipe blastp -query - -db /home/diego/miniconda3/envs/prokka_env/db/kingdom/Bacteria/sprot -evalue 1e-09 -qcov_hsp_perc 80 -num_threads 1 -num_descriptions 1 -num_alignments 1 -seg no > prokka_VFZOPTEN\/VFZOPTEN\.sprot\.tmp\.138984\.blast 2> /dev/null
[13:50:45] Deleting unwanted file: prokka_VFZOPTEN/VFZOPTEN.sprot.tmp.138984.faa
[13:50:45] Deleting unwanted file: prokka_VFZOPTEN/VFZOPTEN.sprot.tmp.138984.blast
[13:50:45] There are still 50 unannotated CDS left (started with 121)
[13:50:45] Will use hmmer3 to search against /home/diego/miniconda3/envs/prokka_env/db/hmm/HAMAP.hmm with 8 CPUs
[13:50:45] Running: cat prokka_VFZOPTEN\/VFZOPTEN\.HAMAP\.hmm\.tmp\.138984\.faa | parallel --gnu --plain -j 8 --block 631 --recstart '>' --pipe hmmscan --noali --notextw --acc -E 1e-09 --cpu 1 /home/diego/miniconda3/envs/prokka_env/db/hmm/HAMAP.hmm /dev/stdin > prokka_VFZOPTEN\/VFZOPTEN\.HAMAP\.hmm\.tmp\.138984\.hmmer3 2> /dev/null
[13:50:45] Deleting unwanted file: prokka_VFZOPTEN/VFZOPTEN.HAMAP.hmm.tmp.138984.faa
[13:50:45] Deleting unwanted file: prokka_VFZOPTEN/VFZOPTEN.HAMAP.hmm.tmp.138984.hmmer3
[13:50:45] Labelling remaining 38 proteins as 'hypothetical protein'
[13:50:45] Found 83 unique /gene codes.
[13:50:45] Fixed 0 colliding /gene names.
[13:50:45] Adding /locus_tag identifiers
[13:50:45] Assigned 150 locus_tags to CDS and RNA features.
[13:50:45] Writing outputs to prokka_VFZOPTEN/
[13:50:45] Generating annotation statistics file
[13:50:45] Generating Genbank and Sequin files
[13:50:45] Running: tbl2asn -V b -a r10k -l paired-ends -M n -N 1 -y 'Annotated using prokka 1.14.6 from https://github.com/tseemann/prokka' -Z prokka_VFZOPTEN\/VFZOPTEN\.err -i prokka_VFZOPTEN\/VFZOPTEN\.fsa 2> /dev/null
[13:50:46] Deleting unwanted file: prokka_VFZOPTEN/errorsummary.val
[13:50:46] Deleting unwanted file: prokka_VFZOPTEN/VFZOPTEN.dr
[13:50:46] Deleting unwanted file: prokka_VFZOPTEN/VFZOPTEN.fixedproducts
[13:50:46] Deleting unwanted file: prokka_VFZOPTEN/VFZOPTEN.ecn
[13:50:46] Deleting unwanted file: prokka_VFZOPTEN/VFZOPTEN.val
[13:50:46] Repairing broken .GBK output that tbl2asn produces...
[13:50:46] Running: sed 's/COORDINATES: profile/COORDINATES:profile/' < prokka_VFZOPTEN\/VFZOPTEN\.gbf > prokka_VFZOPTEN\/VFZOPTEN\.gbk
[13:50:46] Deleting unwanted file: prokka_VFZOPTEN/VFZOPTEN.gbf
[13:50:46] Output files:
[13:50:46] prokka_VFZOPTEN/VFZOPTEN.txt
[13:50:46] prokka_VFZOPTEN/VFZOPTEN.tsv
[13:50:46] prokka_VFZOPTEN/VFZOPTEN.err
[13:50:46] prokka_VFZOPTEN/VFZOPTEN.gff
[13:50:46] prokka_VFZOPTEN/VFZOPTEN.ffn
[13:50:46] prokka_VFZOPTEN/VFZOPTEN.fna
[13:50:46] prokka_VFZOPTEN/VFZOPTEN.sqn
[13:50:46] prokka_VFZOPTEN/VFZOPTEN.tbl
[13:50:46] prokka_VFZOPTEN/VFZOPTEN.log
[13:50:46] prokka_VFZOPTEN/VFZOPTEN.faa
[13:50:46] prokka_VFZOPTEN/VFZOPTEN.fsa
[13:50:46] prokka_VFZOPTEN/VFZOPTEN.gbk
[13:50:46] Annotation finished successfully.
[13:50:46] Walltime used: 0.13 minutes
[13:50:46] If you use this result please cite the Prokka paper:
[13:50:46] Seemann T (2014) Prokka: rapid prokaryotic genome annotation. Bioinformatics. 30(14):2068-9.
[13:50:46] Type 'prokka --citation' for more details.
[13:50:46] Thank you, come again.
