14:02:42.067 - INFO - UTILS - version=1.5.0
14:02:42.067 - INFO - UTILS - developer: Oliver Schwengers, github.com/oschwengers
14:02:42.067 - INFO - UTILS - command: /home/diego/miniconda3/envs/bakta/bin/bakta VFCALBON1.fasta --prefix bakta_VFCALBON1 --output bakta_VFCALBON1 -t 8 --locus-tag VFCALBON1
14:02:42.067 - INFO - UTILS - local time: 2022-11-10 14:02:42
14:02:42.070 - INFO - UTILS - machine: type=x86_64, cores=12
14:02:42.070 - INFO - UTILS - system: type=Linux, release=5.15.0-52-generic
14:02:42.070 - INFO - UTILS - python: version=3.10.6, implementation=CPython
14:02:42.070 - INFO - CONFIG - threads=8
14:02:42.070 - INFO - CONFIG - verbose=False
14:02:42.070 - INFO - CONFIG - database: type=environment, path=/home/diego/bakta_db/db/db
14:02:42.071 - INFO - CONFIG - tmp-path=/tmp/tmpu8xytqwf
14:02:42.071 - INFO - CONFIG - genome-path=/home/diego/Documents/metagenomes/annotation_symbio_merge/annotation_Beta/genomes/VFCALBON1.fasta
14:02:42.071 - INFO - CONFIG - min_contig_length=1
14:02:42.071 - INFO - CONFIG - prefix=bakta_VFCALBON1
14:02:42.071 - INFO - CONFIG - output-path=/home/diego/Documents/metagenomes/annotation_symbio_merge/annotation_Beta/genomes/bakta_VFCALBON1
14:02:42.071 - INFO - CONFIG - genus=None
14:02:42.071 - INFO - CONFIG - species=None
14:02:42.071 - INFO - CONFIG - strain=None
14:02:42.071 - INFO - CONFIG - plasmid=None
14:02:42.071 - INFO - CONFIG - complete=False
14:02:42.071 - INFO - CONFIG - prodigal_tf=None
14:02:42.071 - INFO - CONFIG - translation_table=11
14:02:42.071 - INFO - CONFIG - gram=?
14:02:42.071 - INFO - CONFIG - compliant=False
14:02:42.071 - INFO - CONFIG - locus=None
14:02:42.071 - INFO - CONFIG - locus-tag=VFCALBON1
14:02:42.071 - INFO - CONFIG - keep_contig_headers=False
14:02:42.071 - INFO - CONFIG - replicon-table=None
14:02:42.071 - INFO - CONFIG - skip-tRNA=False
14:02:42.071 - INFO - CONFIG - skip-tmRNA=False
14:02:42.071 - INFO - CONFIG - skip-rRNA=False
14:02:42.071 - INFO - CONFIG - skip-ncRNA=False
14:02:42.071 - INFO - CONFIG - skip-ncRNA-region=False
14:02:42.071 - INFO - CONFIG - skip-CRISPR=False
14:02:42.071 - INFO - CONFIG - skip-CDS=False
14:02:42.071 - INFO - CONFIG - skip-pseudo=False
14:02:42.071 - INFO - CONFIG - skip-sORF=False
14:02:42.072 - INFO - CONFIG - skip-gap=False
14:02:42.072 - INFO - CONFIG - skip-ori=False
14:02:42.072 - INFO - DB - detected: major=4, minor=0, date=2022-08-25
14:02:42.179 - INFO - UTILS - dependency: tool=tRNAscan-SE, version=v2.0.9
14:02:42.182 - INFO - UTILS - dependency: tool=aragorn, version=v1.2.41
14:02:42.187 - INFO - UTILS - dependency: tool=cmscan, version=v1.1.4
14:02:42.189 - INFO - UTILS - dependency: tool=pilercr, version=v1.6.0
14:02:42.192 - INFO - UTILS - dependency: tool=prodigal, version=v2.6.3
14:02:42.195 - INFO - UTILS - dependency: tool=amrfinder, version=v3.10.40
14:02:42.219 - INFO - UTILS - dependency: tool=hmmsearch, version=v3.3.2
14:02:42.222 - INFO - UTILS - dependency: tool=diamond, version=v2.0.15
14:02:42.257 - INFO - UTILS - dependency: tool=blastn, version=v2.13.0
14:02:42.269 - INFO - FASTA - imported: id=VFCALBON1, length=117426, description=, genomic=True, dna=True
14:02:42.269 - INFO - MAIN - imported sequences=1
14:02:42.269 - INFO - UTILS - qc: revised sequence: id=contig_1, orig-id=VFCALBON1, type=contig, complete=False, topology=linear, name=, description='[gcode=11]', orig-description=''
14:02:42.269 - INFO - FASTA - write genome sequences: path=/tmp/tmpu8xytqwf/contigs.fna, description=False, wrap=False
14:02:55.188 - INFO - T_RNA - contig=contig_1, start=1176, stop=1247, strand=+, gene=Trp_trna, product=tRNA-Trp, score=60.5, nt=[AGAGACATAG..TCTGTCTCTA]
14:02:55.189 - INFO - T_RNA - contig=contig_1, start=13959, stop=14031, strand=+, gene=Phe_trna, product=tRNA-Phe, score=66.8, nt=[GGCTTAATAA..CTTTAAGCCA]
14:02:55.189 - INFO - T_RNA - contig=contig_1, start=18377, stop=18448, strand=+, gene=Gln_trna, product=tRNA-Gln, score=61.7, nt=[AGGGAAATAA..ACTTTCCTAA]
14:02:55.189 - INFO - T_RNA - contig=contig_1, start=26361, stop=26443, strand=+, gene=Ser_trna, product=tRNA-Ser, score=57.7, nt=[GGAGATATGA..ACTGTCTCCT]
14:02:55.189 - INFO - T_RNA - contig=contig_1, start=43548, stop=43798, strand=+, gene=None, product=tRNA-Xxx, score=40.9, nt=[AGGTCGTTAG..GCACGACCTA]
14:02:55.189 - INFO - T_RNA - contig=contig_1, start=46851, stop=46923, strand=+, gene=Leu_trna, product=tRNA-Leu, score=49.7, nt=[ACCGATGTGG..ATCATCGGTA]
14:02:55.189 - INFO - T_RNA - contig=contig_1, start=46924, stop=46996, strand=+, gene=Leu_trna, product=tRNA-Leu, score=56.8, nt=[ACGAGTGTGG..ACTACTCGTA]
14:02:55.189 - INFO - T_RNA - contig=contig_1, start=46997, stop=47080, strand=+, gene=Ser_trna, product=tRNA-Ser, score=54.5, nt=[GGAGAAGTTG..TTCTTCTCTT]
14:02:55.189 - INFO - T_RNA - contig=contig_1, start=59207, stop=59278, strand=+, gene=Val_trna, product=tRNA-Val, score=57.5, nt=[AGGTATTTAA..TCAATACCTA]
14:02:55.189 - INFO - T_RNA - contig=contig_1, start=65391, stop=65464, strand=+, gene=His_trna, product=(pseudo) tRNA-His, score=40.7, nt=[GATGCTTATA..TTGAGCATCA]
14:02:55.189 - INFO - T_RNA - contig=contig_1, start=68715, stop=68789, strand=+, gene=Pro_trna, product=tRNA-Pro, score=70.2, nt=[CGGAAAGTAT..TTTCCGACCA]
14:02:55.189 - INFO - T_RNA - contig=contig_1, start=117152, stop=117224, strand=+, gene=Met_trna, product=tRNA-Met, score=44.2, nt=[GGCGAATTAG..TGATTCGCTA]
14:02:55.189 - INFO - T_RNA - contig=contig_1, start=117265, stop=117348, strand=+, gene=Tyr_trna, product=tRNA-Tyr, score=65.0, nt=[GAAGGAATGC..ACTTCCTTCA]
14:02:55.189 - INFO - T_RNA - contig=contig_1, start=117350, stop=117420, strand=+, gene=Gly_trna, product=tRNA-Gly, score=50.0, nt=[GCGAATATAT..TTTATTCGCT]
14:02:55.189 - INFO - T_RNA - contig=contig_1, start=103708, stop=103779, strand=-, gene=Ile_trna, product=tRNA-Ile, score=55.6, nt=[AGGTCTATGG..ATTAGGCCTA]
14:02:55.189 - INFO - T_RNA - contig=contig_1, start=99404, stop=99475, strand=-, gene=Ala_trna, product=tRNA-Ala, score=50.8, nt=[GGGGAAATAT..ATTTTCTCCA]
14:02:55.189 - INFO - T_RNA - contig=contig_1, start=78808, stop=78879, strand=-, gene=Glu_trna, product=tRNA-Glu, score=47.0, nt=[GTCCTTTTAA..CTAAAGGATA]
14:02:55.189 - INFO - T_RNA - contig=contig_1, start=78735, stop=78807, strand=-, gene=Asp_trna, product=tRNA-Asp, score=56.0, nt=[GAGATGGTAG..GTCCATTTCG]
14:02:55.189 - INFO - T_RNA - contig=contig_1, start=68607, stop=68679, strand=-, gene=fMet_trna, product=tRNA-fMet, score=59.3, nt=[CGTGAGGTAG..ATCTTCGCAA]
14:02:55.189 - INFO - T_RNA - contig=contig_1, start=68415, stop=68486, strand=-, gene=Arg_trna, product=tRNA-Arg, score=50.2, nt=[CTCCTTATAG..CGTAGGGAGG]
14:02:55.189 - INFO - T_RNA - contig=contig_1, start=67308, stop=67379, strand=-, gene=Val_trna, product=tRNA-Val, score=53.5, nt=[GGGCTTGTAG..ATCAAGCTCA]
14:02:55.189 - INFO - T_RNA - contig=contig_1, start=66319, stop=66390, strand=-, gene=Lys_trna, product=tRNA-Lys, score=76.9, nt=[AGGTCGTTAG..GCACGACCTA]
14:02:55.189 - INFO - T_RNA - contig=contig_1, start=59361, stop=59444, strand=-, gene=Ser_trna, product=tRNA-Ser, score=56.0, nt=[GAAGATATGA..ACTATCTTCT]
14:02:55.189 - INFO - T_RNA - contig=contig_1, start=59279, stop=59359, strand=-, gene=Leu_trna, product=tRNA-Leu, score=40.7, nt=[GTCTGTGTGG..CTCTCAGACA]
14:02:55.189 - INFO - T_RNA - contig=contig_1, start=52237, stop=52308, strand=-, gene=Gly_trna, product=tRNA-Gly, score=42.2, nt=[GCAAGGGTAT..ATTCCTTGCT]
14:02:55.189 - INFO - T_RNA - contig=contig_1, start=52166, stop=52236, strand=-, gene=Cys_trna, product=tRNA-Cys, score=41.1, nt=[GGTGATATGA..GTTTTCACCT]
14:02:55.189 - INFO - T_RNA - contig=contig_1, start=51522, stop=51593, strand=-, gene=Asn_trna, product=tRNA-Asn, score=63.1, nt=[TCCTCAGTAG..AGCTGAGGAG]
14:02:55.190 - INFO - T_RNA - contig=contig_1, start=20280, stop=20510, strand=-, gene=None, product=(pseudo) tRNA-Xxx, score=34.5, nt=[ACCGAAGTGA..GTCTTCGGTA]
14:02:55.190 - INFO - T_RNA - predicted=28
14:02:55.208 - INFO - TM_RNA - predicted=0
14:02:57.660 - INFO - R_RNA - contig=contig_1, start=103785, stop=105276, strand=-, gene=16S_rrna, product=16S ribosomal RNA, length=1492, coverage=0.973, truncated=None, score=1329.2, evalue=7.1e-43, nt=[TTTTATGTGA..TTTTATTTTT]
14:02:57.660 - INFO - R_RNA - contig=contig_1, start=100915, stop=103694, strand=-, gene=23S_rrna, product=23S ribosomal RNA, length=2780, coverage=0.950, truncated=None, score=2246.1, evalue=5.9e-05, nt=[TATTAAATAT..GTTTATTATT]
14:02:57.660 - INFO - R_RNA - predicted=2
14:02:59.771 - INFO - NC_RNA - predicted=0
14:03:00.231 - INFO - NC_RNA_REGION - predicted=0
14:03:00.288 - INFO - CRISPR - predicted=0
14:03:00.288 - INFO - CDS - create prodigal training file: file=/tmp/tmpu8xytqwf/prodigal.tf
14:03:00.472 - INFO - FASTA - write genome sequences: path=/tmp/tmpu8xytqwf/contigs.fasta, description=False, wrap=False
14:03:00.473 - INFO - CDS - run prodigal: type=contigs, # sequences=1
14:03:00.532 - INFO - CDS - contig=contig_1, start=1, stop=1185, strand=+, frame=1, truncated=no, start-type=ATG, RBS-motif=None
14:03:00.532 - INFO - CDS - contig=contig_1, start=1221, stop=1637, strand=+, frame=3, truncated=no, start-type=ATG, RBS-motif=AAA
14:03:00.532 - INFO - CDS - contig=contig_1, start=1618, stop=2229, strand=+, frame=1, truncated=no, start-type=ATG, RBS-motif=None
14:03:00.532 - INFO - CDS - contig=contig_1, start=2198, stop=2644, strand=+, frame=2, truncated=no, start-type=ATG, RBS-motif=None
14:03:00.532 - INFO - CDS - contig=contig_1, start=2619, stop=2984, strand=+, frame=3, truncated=no, start-type=ATG, RBS-motif=AACAA
14:03:00.532 - INFO - CDS - contig=contig_1, start=2987, stop=6565, strand=+, frame=2, truncated=no, start-type=ATG, RBS-motif=AAA
14:03:00.532 - INFO - CDS - contig=contig_1, start=6562, stop=10392, strand=+, frame=1, truncated=no, start-type=ATG, RBS-motif=AAA
14:03:00.532 - INFO - CDS - contig=contig_1, start=10358, stop=10756, strand=+, frame=2, truncated=no, start-type=ATG, RBS-motif=None
14:03:00.532 - INFO - CDS - contig=contig_1, start=10722, stop=11204, strand=+, frame=3, truncated=no, start-type=ATG, RBS-motif=AAA
14:03:00.532 - INFO - CDS - contig=contig_1, start=11204, stop=13255, strand=+, frame=2, truncated=no, start-type=ATG, RBS-motif=None
14:03:00.532 - INFO - CDS - contig=contig_1, start=13260, stop=13571, strand=+, frame=3, truncated=no, start-type=ATG, RBS-motif=AACAA
14:03:00.532 - INFO - CDS - contig=contig_1, start=13552, stop=13965, strand=+, frame=1, truncated=no, start-type=ATG, RBS-motif=AAA
14:03:00.532 - INFO - CDS - contig=contig_1, start=14002, stop=14457, strand=+, frame=1, truncated=no, start-type=ATG, RBS-motif=None
14:03:00.532 - INFO - CDS - contig=contig_1, start=14420, stop=15172, strand=-, frame=3, truncated=no, start-type=ATG, RBS-motif=None
14:03:00.533 - INFO - CDS - contig=contig_1, start=15165, stop=16268, strand=-, frame=2, truncated=no, start-type=ATG, RBS-motif=None
14:03:00.533 - INFO - CDS - contig=contig_1, start=16268, stop=16657, strand=-, frame=3, truncated=no, start-type=ATG, RBS-motif=None
14:03:00.533 - INFO - CDS - contig=contig_1, start=16654, stop=16965, strand=-, frame=1, truncated=no, start-type=ATG, RBS-motif=None
14:03:00.533 - INFO - CDS - contig=contig_1, start=16962, stop=17738, strand=-, frame=2, truncated=no, start-type=ATG, RBS-motif=None
14:03:00.533 - INFO - CDS - contig=contig_1, start=17735, stop=18334, strand=-, frame=3, truncated=no, start-type=ATG, RBS-motif=AAA
14:03:00.533 - INFO - CDS - contig=contig_1, start=18453, stop=19328, strand=+, frame=3, truncated=no, start-type=ATG, RBS-motif=None
14:03:00.533 - INFO - CDS - contig=contig_1, start=19297, stop=19767, strand=+, frame=1, truncated=no, start-type=ATG, RBS-motif=AAA
14:03:00.533 - INFO - CDS - contig=contig_1, start=19744, stop=20268, strand=-, frame=1, truncated=no, start-type=ATG, RBS-motif=None
14:03:00.533 - INFO - CDS - contig=contig_1, start=20549, stop=21628, strand=+, frame=2, truncated=no, start-type=ATG, RBS-motif=AAAA
14:03:00.533 - INFO - CDS - contig=contig_1, start=21609, stop=22832, strand=-, frame=2, truncated=no, start-type=ATG, RBS-motif=None
14:03:00.533 - INFO - CDS - contig=contig_1, start=22829, stop=23491, strand=-, frame=3, truncated=no, start-type=ATG, RBS-motif=None
14:03:00.533 - INFO - CDS - contig=contig_1, start=23481, stop=24314, strand=-, frame=2, truncated=no, start-type=ATG, RBS-motif=None
14:03:00.533 - INFO - CDS - contig=contig_1, start=24352, stop=26361, strand=+, frame=1, truncated=no, start-type=ATG, RBS-motif=None
14:03:00.533 - INFO - CDS - contig=contig_1, start=26432, stop=26599, strand=-, frame=3, truncated=no, start-type=ATG, RBS-motif=AAAA
14:03:00.533 - INFO - CDS - contig=contig_1, start=26592, stop=28859, strand=-, frame=2, truncated=no, start-type=ATG, RBS-motif=AAA
14:03:00.533 - INFO - CDS - contig=contig_1, start=28868, stop=29029, strand=-, frame=3, truncated=no, start-type=ATG, RBS-motif=AAA
14:03:00.533 - INFO - CDS - contig=contig_1, start=29022, stop=29171, strand=-, frame=2, truncated=no, start-type=ATG, RBS-motif=AAA
14:03:00.533 - INFO - CDS - contig=contig_1, start=29206, stop=31410, strand=+, frame=1, truncated=no, start-type=ATG, RBS-motif=AAA
14:03:00.533 - INFO - CDS - contig=contig_1, start=31635, stop=32294, strand=+, frame=3, truncated=no, start-type=ATG, RBS-motif=None
14:03:00.533 - INFO - CDS - contig=contig_1, start=32291, stop=33412, strand=+, frame=2, truncated=no, start-type=ATG, RBS-motif=AAAA
14:03:00.533 - INFO - CDS - contig=contig_1, start=33398, stop=34198, strand=-, frame=3, truncated=no, start-type=ATG, RBS-motif=None
14:03:00.533 - INFO - CDS - contig=contig_1, start=34191, stop=34925, strand=-, frame=2, truncated=no, start-type=ATG, RBS-motif=None
14:03:00.533 - INFO - CDS - contig=contig_1, start=34903, stop=35859, strand=-, frame=1, truncated=no, start-type=ATG, RBS-motif=None
14:03:00.533 - INFO - CDS - contig=contig_1, start=35837, stop=36415, strand=-, frame=3, truncated=no, start-type=GTG, RBS-motif=None
14:03:00.533 - INFO - CDS - contig=contig_1, start=36412, stop=37578, strand=-, frame=1, truncated=no, start-type=ATG, RBS-motif=None
14:03:00.533 - INFO - CDS - contig=contig_1, start=37575, stop=38936, strand=-, frame=2, truncated=no, start-type=ATG, RBS-motif=None
14:03:00.533 - INFO - CDS - contig=contig_1, start=39159, stop=40454, strand=-, frame=2, truncated=no, start-type=ATG, RBS-motif=None
14:03:00.533 - INFO - CDS - contig=contig_1, start=40423, stop=41325, strand=-, frame=1, truncated=no, start-type=ATG, RBS-motif=None
14:03:00.533 - INFO - CDS - contig=contig_1, start=41304, stop=42215, strand=-, frame=2, truncated=no, start-type=ATG, RBS-motif=None
14:03:00.533 - INFO - CDS - contig=contig_1, start=42301, stop=43557, strand=+, frame=1, truncated=no, start-type=ATG, RBS-motif=None
14:03:00.533 - INFO - CDS - contig=contig_1, start=43656, stop=43757, strand=+, frame=3, truncated=no, start-type=ATG, RBS-motif=AACAA
14:03:00.534 - INFO - CDS - contig=contig_1, start=43809, stop=46724, strand=+, frame=3, truncated=no, start-type=ATG, RBS-motif=None
14:03:00.534 - INFO - CDS - contig=contig_1, start=46721, stop=46885, strand=+, frame=2, truncated=no, start-type=ATG, RBS-motif=None
14:03:00.534 - INFO - CDS - contig=contig_1, start=47086, stop=47823, strand=+, frame=1, truncated=no, start-type=ATG, RBS-motif=None
14:03:00.534 - INFO - CDS - contig=contig_1, start=47820, stop=48839, strand=+, frame=3, truncated=no, start-type=ATG, RBS-motif=None
14:03:00.534 - INFO - CDS - contig=contig_1, start=48805, stop=49395, strand=+, frame=1, truncated=no, start-type=ATG, RBS-motif=AAA
14:03:00.534 - INFO - CDS - contig=contig_1, start=49338, stop=50462, strand=+, frame=3, truncated=no, start-type=ATG, RBS-motif=None
14:03:00.534 - INFO - CDS - contig=contig_1, start=50459, stop=51076, strand=+, frame=2, truncated=no, start-type=GTG, RBS-motif=None
14:03:00.534 - INFO - CDS - contig=contig_1, start=51079, stop=51321, strand=+, frame=1, truncated=no, start-type=ATG, RBS-motif=AAAAA
14:03:00.534 - INFO - CDS - contig=contig_1, start=51302, stop=51514, strand=+, frame=2, truncated=no, start-type=ATG, RBS-motif=AAA
14:03:00.534 - INFO - CDS - contig=contig_1, start=51605, stop=52138, strand=+, frame=2, truncated=no, start-type=ATG, RBS-motif=None
14:03:00.534 - INFO - CDS - contig=contig_1, start=52294, stop=52803, strand=-, frame=1, truncated=no, start-type=TTG, RBS-motif=None
14:03:00.534 - INFO - CDS - contig=contig_1, start=52817, stop=53863, strand=+, frame=2, truncated=no, start-type=ATG, RBS-motif=None
14:03:00.534 - INFO - CDS - contig=contig_1, start=53860, stop=56946, strand=+, frame=1, truncated=no, start-type=ATG, RBS-motif=None
14:03:00.534 - INFO - CDS - contig=contig_1, start=56954, stop=57490, strand=+, frame=2, truncated=no, start-type=ATG, RBS-motif=AAA
14:03:00.534 - INFO - CDS - contig=contig_1, start=57436, stop=58056, strand=+, frame=1, truncated=no, start-type=ATG, RBS-motif=AAA
14:03:00.534 - INFO - CDS - contig=contig_1, start=58053, stop=59216, strand=+, frame=3, truncated=no, start-type=ATG, RBS-motif=None
14:03:00.534 - INFO - CDS - contig=contig_1, start=59249, stop=59362, strand=+, frame=2, truncated=no, start-type=ATG, RBS-motif=None
14:03:00.534 - INFO - CDS - contig=contig_1, start=59689, stop=60093, strand=+, frame=1, truncated=no, start-type=ATG, RBS-motif=None
14:03:00.534 - INFO - CDS - contig=contig_1, start=60075, stop=61313, strand=+, frame=3, truncated=no, start-type=ATG, RBS-motif=AAA
14:03:00.534 - INFO - CDS - contig=contig_1, start=61306, stop=62229, strand=+, frame=1, truncated=no, start-type=ATG, RBS-motif=AAA
14:03:00.534 - INFO - CDS - contig=contig_1, start=62226, stop=62786, strand=+, frame=3, truncated=no, start-type=ATG, RBS-motif=AAA
14:03:00.534 - INFO - CDS - contig=contig_1, start=62783, stop=63427, strand=+, frame=2, truncated=no, start-type=ATG, RBS-motif=AAA
14:03:00.534 - INFO - CDS - contig=contig_1, start=63405, stop=64106, strand=+, frame=3, truncated=no, start-type=ATG, RBS-motif=AAAA
14:03:00.534 - INFO - CDS - contig=contig_1, start=64103, stop=64849, strand=+, frame=2, truncated=no, start-type=ATG, RBS-motif=AAA
14:03:00.534 - INFO - CDS - contig=contig_1, start=64846, stop=65133, strand=+, frame=1, truncated=no, start-type=ATG, RBS-motif=None
14:03:00.534 - INFO - CDS - contig=contig_1, start=65120, stop=65392, strand=+, frame=2, truncated=no, start-type=ATG, RBS-motif=None
14:03:00.534 - INFO - CDS - contig=contig_1, start=65478, stop=66332, strand=+, frame=3, truncated=no, start-type=ATG, RBS-motif=None
14:03:00.534 - INFO - CDS - contig=contig_1, start=66381, stop=66728, strand=-, frame=2, truncated=no, start-type=ATG, RBS-motif=None
14:03:00.534 - INFO - CDS - contig=contig_1, start=66700, stop=66867, strand=-, frame=1, truncated=no, start-type=ATG, RBS-motif=None
14:03:00.534 - INFO - CDS - contig=contig_1, start=66845, stop=67300, strand=-, frame=3, truncated=no, start-type=ATG, RBS-motif=None
14:03:00.534 - INFO - CDS - contig=contig_1, start=67379, stop=68407, strand=-, frame=3, truncated=no, start-type=ATG, RBS-motif=None
14:03:00.534 - INFO - CDS - contig=contig_1, start=68487, stop=68618, strand=+, frame=3, truncated=no, start-type=ATG, RBS-motif=AAA
14:03:00.534 - INFO - CDS - contig=contig_1, start=69021, stop=69389, strand=+, frame=3, truncated=no, start-type=ATG, RBS-motif=AAA
14:03:00.534 - INFO - CDS - contig=contig_1, start=69364, stop=69882, strand=-, frame=1, truncated=no, start-type=ATG, RBS-motif=None
14:03:00.535 - INFO - CDS - contig=contig_1, start=69879, stop=70715, strand=-, frame=2, truncated=no, start-type=ATG, RBS-motif=None
14:03:00.535 - INFO - CDS - contig=contig_1, start=70843, stop=71895, strand=+, frame=1, truncated=no, start-type=ATG, RBS-motif=AAA
14:03:00.535 - INFO - CDS - contig=contig_1, start=71877, stop=72668, strand=+, frame=3, truncated=no, start-type=ATG, RBS-motif=AAAA
14:03:00.535 - INFO - CDS - contig=contig_1, start=72773, stop=73873, strand=+, frame=2, truncated=no, start-type=ATG, RBS-motif=AAA
14:03:00.535 - INFO - CDS - contig=contig_1, start=73863, stop=74099, strand=-, frame=2, truncated=no, start-type=ATG, RBS-motif=None
14:03:00.535 - INFO - CDS - contig=contig_1, start=74096, stop=75454, strand=-, frame=3, truncated=no, start-type=ATG, RBS-motif=None
14:03:00.535 - INFO - CDS - contig=contig_1, start=75459, stop=76607, strand=-, frame=2, truncated=no, start-type=ATG, RBS-motif=None
14:03:00.535 - INFO - CDS - contig=contig_1, start=76607, stop=77800, strand=-, frame=3, truncated=no, start-type=ATG, RBS-motif=None
14:03:00.535 - INFO - CDS - contig=contig_1, start=77790, stop=77951, strand=-, frame=2, truncated=no, start-type=GTG, RBS-motif=AAAA
14:03:00.535 - INFO - CDS - contig=contig_1, start=77948, stop=78247, strand=-, frame=3, truncated=no, start-type=ATG, RBS-motif=AAA
14:03:00.535 - INFO - CDS - contig=contig_1, start=78248, stop=78541, strand=+, frame=2, truncated=no, start-type=ATG, RBS-motif=None
14:03:00.535 - INFO - CDS - contig=contig_1, start=78534, stop=78773, strand=+, frame=3, truncated=no, start-type=ATG, RBS-motif=None
14:03:00.535 - INFO - CDS - contig=contig_1, start=78907, stop=80247, strand=+, frame=1, truncated=no, start-type=ATG, RBS-motif=None
14:03:00.535 - INFO - CDS - contig=contig_1, start=80244, stop=82016, strand=+, frame=3, truncated=no, start-type=ATG, RBS-motif=None
14:03:00.535 - INFO - CDS - contig=contig_1, start=81991, stop=82263, strand=+, frame=1, truncated=no, start-type=ATG, RBS-motif=None
14:03:00.535 - INFO - CDS - contig=contig_1, start=82256, stop=83851, strand=+, frame=2, truncated=no, start-type=ATG, RBS-motif=None
14:03:00.535 - INFO - CDS - contig=contig_1, start=83852, stop=85153, strand=+, frame=2, truncated=no, start-type=ATG, RBS-motif=None
14:03:00.535 - INFO - CDS - contig=contig_1, start=85134, stop=86195, strand=+, frame=3, truncated=no, start-type=ATG, RBS-motif=None
14:03:00.535 - INFO - CDS - contig=contig_1, start=86187, stop=87248, strand=-, frame=2, truncated=no, start-type=ATG, RBS-motif=None
14:03:00.535 - INFO - CDS - contig=contig_1, start=87372, stop=87995, strand=+, frame=3, truncated=no, start-type=ATG, RBS-motif=AAAA
14:03:00.535 - INFO - CDS - contig=contig_1, start=87981, stop=88979, strand=-, frame=2, truncated=no, start-type=ATG, RBS-motif=AACAA
14:03:00.535 - INFO - CDS - contig=contig_1, start=88976, stop=90790, strand=-, frame=3, truncated=no, start-type=ATG, RBS-motif=None
14:03:00.535 - INFO - CDS - contig=contig_1, start=90792, stop=91235, strand=-, frame=2, truncated=no, start-type=ATG, RBS-motif=None
14:03:00.535 - INFO - CDS - contig=contig_1, start=91242, stop=92135, strand=+, frame=3, truncated=no, start-type=ATG, RBS-motif=None
14:03:00.535 - INFO - CDS - contig=contig_1, start=92130, stop=93134, strand=-, frame=2, truncated=no, start-type=ATG, RBS-motif=None
14:03:00.535 - INFO - CDS - contig=contig_1, start=93103, stop=95118, strand=-, frame=1, truncated=no, start-type=ATG, RBS-motif=AAAAA
14:03:00.535 - INFO - CDS - contig=contig_1, start=95109, stop=95765, strand=-, frame=2, truncated=no, start-type=ATG, RBS-motif=None
14:03:00.535 - INFO - CDS - contig=contig_1, start=95762, stop=96973, strand=-, frame=3, truncated=no, start-type=ATG, RBS-motif=AAA
14:03:00.535 - INFO - CDS - contig=contig_1, start=96924, stop=97700, strand=-, frame=2, truncated=no, start-type=ATG, RBS-motif=None
14:03:00.535 - INFO - CDS - contig=contig_1, start=97735, stop=98118, strand=+, frame=1, truncated=no, start-type=ATG, RBS-motif=AAA
14:03:00.535 - INFO - CDS - contig=contig_1, start=98105, stop=98347, strand=-, frame=3, truncated=no, start-type=ATG, RBS-motif=None
14:03:00.535 - INFO - CDS - contig=contig_1, start=98326, stop=98643, strand=-, frame=1, truncated=no, start-type=ATG, RBS-motif=None
14:03:00.535 - INFO - CDS - contig=contig_1, start=98640, stop=99404, strand=-, frame=2, truncated=no, start-type=ATG, RBS-motif=None
14:03:00.535 - INFO - CDS - contig=contig_1, start=99478, stop=100689, strand=+, frame=1, truncated=no, start-type=ATG, RBS-motif=None
14:03:00.536 - INFO - CDS - contig=contig_1, start=101325, stop=101483, strand=+, frame=3, truncated=no, start-type=ATG, RBS-motif=None
14:03:00.536 - INFO - CDS - contig=contig_1, start=101709, stop=101852, strand=+, frame=3, truncated=no, start-type=ATG, RBS-motif=AAA
14:03:00.536 - INFO - CDS - contig=contig_1, start=103643, stop=103765, strand=-, frame=3, truncated=no, start-type=ATG, RBS-motif=None
14:03:00.536 - INFO - CDS - contig=contig_1, start=104148, stop=104315, strand=-, frame=2, truncated=no, start-type=ATG, RBS-motif=None
14:03:00.536 - INFO - CDS - contig=contig_1, start=105343, stop=105768, strand=+, frame=1, truncated=no, start-type=ATG, RBS-motif=AAAAA
14:03:00.536 - INFO - CDS - contig=contig_1, start=105773, stop=106255, strand=+, frame=2, truncated=no, start-type=GTG, RBS-motif=None
14:03:00.536 - INFO - CDS - contig=contig_1, start=106252, stop=106437, strand=+, frame=1, truncated=no, start-type=ATG, RBS-motif=None
14:03:00.536 - INFO - CDS - contig=contig_1, start=106440, stop=107234, strand=+, frame=3, truncated=no, start-type=ATG, RBS-motif=None
14:03:00.536 - INFO - CDS - contig=contig_1, start=107221, stop=107514, strand=+, frame=1, truncated=no, start-type=ATG, RBS-motif=AAAAA
14:03:00.536 - INFO - CDS - contig=contig_1, start=107516, stop=107845, strand=+, frame=2, truncated=no, start-type=ATG, RBS-motif=AAA
14:03:00.536 - INFO - CDS - contig=contig_1, start=107838, stop=108464, strand=+, frame=3, truncated=no, start-type=ATG, RBS-motif=None
14:03:00.536 - INFO - CDS - contig=contig_1, start=108436, stop=108864, strand=+, frame=1, truncated=no, start-type=ATG, RBS-motif=AAAA
14:03:00.536 - INFO - CDS - contig=contig_1, start=108861, stop=109088, strand=+, frame=3, truncated=no, start-type=ATG, RBS-motif=AAAA
14:03:00.536 - INFO - CDS - contig=contig_1, start=109085, stop=109450, strand=+, frame=2, truncated=no, start-type=ATG, RBS-motif=AACAA
14:03:00.536 - INFO - CDS - contig=contig_1, start=109447, stop=109989, strand=+, frame=1, truncated=no, start-type=ATG, RBS-motif=None
14:03:00.536 - INFO - CDS - contig=contig_1, start=109995, stop=110300, strand=+, frame=3, truncated=no, start-type=ATG, RBS-motif=None
14:03:00.536 - INFO - CDS - contig=contig_1, start=110300, stop=110674, strand=+, frame=2, truncated=no, start-type=ATG, RBS-motif=AAA
14:03:00.536 - INFO - CDS - contig=contig_1, start=110667, stop=111224, strand=+, frame=3, truncated=no, start-type=ATG, RBS-motif=None
14:03:00.536 - INFO - CDS - contig=contig_1, start=111184, stop=111489, strand=+, frame=1, truncated=no, start-type=ATG, RBS-motif=AAA
14:03:00.536 - INFO - CDS - contig=contig_1, start=111455, stop=111943, strand=+, frame=2, truncated=no, start-type=ATG, RBS-motif=AAA
14:03:00.536 - INFO - CDS - contig=contig_1, start=111891, stop=112211, strand=+, frame=3, truncated=no, start-type=GTG, RBS-motif=AAAAA
14:03:00.536 - INFO - CDS - contig=contig_1, start=112201, stop=112422, strand=+, frame=1, truncated=no, start-type=ATG, RBS-motif=AAA
14:03:00.536 - INFO - CDS - contig=contig_1, start=112419, stop=112532, strand=+, frame=3, truncated=no, start-type=ATG, RBS-motif=None
14:03:00.536 - INFO - CDS - contig=contig_1, start=112529, stop=112864, strand=+, frame=2, truncated=no, start-type=ATG, RBS-motif=AAA
14:03:00.536 - INFO - CDS - contig=contig_1, start=112871, stop=113212, strand=+, frame=2, truncated=no, start-type=ATG, RBS-motif=AAAA
14:03:00.536 - INFO - CDS - contig=contig_1, start=113209, stop=113745, strand=+, frame=1, truncated=no, start-type=ATG, RBS-motif=AAAAA
14:03:00.536 - INFO - CDS - contig=contig_1, start=113729, stop=114340, strand=+, frame=2, truncated=no, start-type=ATG, RBS-motif=AAA
14:03:00.536 - INFO - CDS - contig=contig_1, start=114337, stop=114642, strand=+, frame=1, truncated=no, start-type=ATG, RBS-motif=AAA
14:03:00.536 - INFO - CDS - contig=contig_1, start=114631, stop=115764, strand=-, frame=1, truncated=no, start-type=ATG, RBS-motif=None
14:03:00.536 - INFO - CDS - contig=contig_1, start=115765, stop=116151, strand=+, frame=1, truncated=no, start-type=ATG, RBS-motif=None
14:03:00.536 - INFO - CDS - contig=contig_1, start=116144, stop=117190, strand=+, frame=2, truncated=no, start-type=ATG, RBS-motif=AAAAA
14:03:00.538 - INFO - CDS - contig=contig_1, start=1, stop=1185, strand=+, nt=[ATGAAAAAAG..AGAGACATAG]
14:03:00.538 - INFO - CDS - contig=contig_1, start=1221, stop=1637, strand=+, nt=[ATGAGGGTTC..TATGGAATAA]
14:03:00.538 - INFO - CDS - contig=contig_1, start=1618, stop=2229, strand=+, nt=[ATGAATATAT..AGGATCTTAA]
14:03:00.538 - INFO - CDS - contig=contig_1, start=2198, stop=2644, strand=+, nt=[ATGGTAAATG..TAATAGATAA]
14:03:00.538 - INFO - CDS - contig=contig_1, start=2619, stop=2984, strand=+, nt=[ATGAAAATAA..AATAATATAA]
14:03:00.538 - INFO - CDS - contig=contig_1, start=2987, stop=6565, strand=+, nt=[ATGATAATAA..TAACAAATGA]
14:03:00.538 - INFO - CDS - contig=contig_1, start=6562, stop=10392, strand=+, nt=[ATGAAAATAA..AAAGATGTAG]
14:03:00.538 - INFO - CDS - contig=contig_1, start=10358, stop=10756, strand=+, nt=[ATGGCAACAA..AGAAACATAA]
14:03:00.538 - INFO - CDS - contig=contig_1, start=10722, stop=11204, strand=+, nt=[ATGTCAAGAA..TGTATTCTAA]
14:03:00.538 - INFO - CDS - contig=contig_1, start=11204, stop=13255, strand=+, nt=[ATGGAAATAA..AAATATATAA]
14:03:00.538 - INFO - CDS - contig=contig_1, start=13260, stop=13571, strand=+, nt=[ATGATTAAGA..AAAACAATAA]
14:03:00.538 - INFO - CDS - contig=contig_1, start=13552, stop=13965, strand=+, nt=[ATGCTAATAA..AAGGGCTTAA]
14:03:00.538 - INFO - CDS - contig=contig_1, start=14002, stop=14457, strand=+, nt=[ATGTCAGTGG..CAATAAATAG]
14:03:00.538 - INFO - CDS - contig=contig_1, start=14420, stop=15172, strand=-, nt=[ATGTATAAGC..ATCTTACTAA]
14:03:00.538 - INFO - CDS - contig=contig_1, start=15165, stop=16268, strand=-, nt=[ATGAAATATT..TTATGTATAA]
14:03:00.538 - INFO - CDS - contig=contig_1, start=16268, stop=16657, strand=-, nt=[ATGATTGGTA..TAAGAGGTAA]
14:03:00.538 - INFO - CDS - contig=contig_1, start=16654, stop=16965, strand=-, nt=[ATGATCTTTG..TGTTTTATGA]
14:03:00.538 - INFO - CDS - contig=contig_1, start=16962, stop=17738, strand=-, nt=[ATGAAGTTAA..ATGTCTATGA]
14:03:00.538 - INFO - CDS - contig=contig_1, start=17735, stop=18334, strand=-, nt=[ATGTTATGCA..TATATTATGA]
14:03:00.538 - INFO - CDS - contig=contig_1, start=18453, stop=19328, strand=+, nt=[ATGATTATAA..AAAGAAATAA]
14:03:00.538 - INFO - CDS - contig=contig_1, start=19297, stop=19767, strand=+, nt=[ATGATAAGAA..TACAAAATAG]
14:03:00.538 - INFO - CDS - contig=contig_1, start=19744, stop=20268, strand=-, nt=[ATGAAGATAT..TAGCTATTAA]
14:03:00.538 - INFO - CDS - contig=contig_1, start=20549, stop=21628, strand=+, nt=[ATGATATATT..AGGAAAATAA]
14:03:00.538 - INFO - CDS - contig=contig_1, start=21609, stop=22832, strand=-, nt=[ATGATTCATA..TCATGGTTAG]
14:03:00.538 - INFO - CDS - contig=contig_1, start=22829, stop=23491, strand=-, nt=[ATGATTTATA..GTTAAGATGA]
14:03:00.538 - INFO - CDS - contig=contig_1, start=23481, stop=24314, strand=-, nt=[ATGAATATAT..TGATTTATAA]
14:03:00.538 - INFO - CDS - contig=contig_1, start=24352, stop=26361, strand=+, nt=[ATGAGCAAAG..AATAATATAG]
14:03:00.538 - INFO - CDS - contig=contig_1, start=26432, stop=26599, strand=-, nt=[ATGAGTAAAA..GAGACAGTAG]
14:03:00.538 - INFO - CDS - contig=contig_1, start=26592, stop=28859, strand=-, nt=[ATGTTTAGTA..TAATGAGTAA]
14:03:00.538 - INFO - CDS - contig=contig_1, start=28868, stop=29029, strand=-, nt=[ATGTCTAGTA..ATCCAAATAA]
14:03:00.538 - INFO - CDS - contig=contig_1, start=29022, stop=29171, strand=-, nt=[ATGTTATCTA..AAATGTCTAG]
14:03:00.538 - INFO - CDS - contig=contig_1, start=29206, stop=31410, strand=+, nt=[ATGAAGATTA..TAAAACATAG]
14:03:00.538 - INFO - CDS - contig=contig_1, start=31635, stop=32294, strand=+, nt=[ATGATAAAAA..AATATTATGA]
14:03:00.538 - INFO - CDS - contig=contig_1, start=32291, stop=33412, strand=+, nt=[ATGAAAAAAA..GAATATTTAA]
14:03:00.538 - INFO - CDS - contig=contig_1, start=33398, stop=34198, strand=-, nt=[ATGATTAAAC..TATTCTTTAA]
14:03:00.538 - INFO - CDS - contig=contig_1, start=34191, stop=34925, strand=-, nt=[ATGTTATTAA..TAATGATTAA]
14:03:00.539 - INFO - CDS - contig=contig_1, start=34903, stop=35859, strand=-, nt=[ATGAGTTTAT..CAATAATTAA]
14:03:00.539 - INFO - CDS - contig=contig_1, start=35837, stop=36415, strand=-, nt=[GTGATCTTAT..TTCAATCTAG]
14:03:00.539 - INFO - CDS - contig=contig_1, start=36412, stop=37578, strand=-, nt=[ATGATTATGT..ACTATTGTGA]
14:03:00.539 - INFO - CDS - contig=contig_1, start=37575, stop=38936, strand=-, nt=[ATGAAATGGT..TATATTATGA]
14:03:00.539 - INFO - CDS - contig=contig_1, start=39159, stop=40454, strand=-, nt=[ATGAAAAATT..TTCAGTTTAA]
14:03:00.539 - INFO - CDS - contig=contig_1, start=40423, stop=41325, strand=-, nt=[ATGGCAGTAT..AGATTTCTAG]
14:03:00.539 - INFO - CDS - contig=contig_1, start=41304, stop=42215, strand=-, nt=[ATGATTATAT..ACTGCCATAG]
14:03:00.539 - INFO - CDS - contig=contig_1, start=42301, stop=43557, strand=+, nt=[ATGCTTTTCT..AGGTCGTTAG]
14:03:00.539 - INFO - CDS - contig=contig_1, start=43656, stop=43757, strand=+, nt=[ATGCTAATTA..TATATATTAA]
14:03:00.539 - INFO - CDS - contig=contig_1, start=43809, stop=46724, strand=+, nt=[ATGTTTGGTA..TAAAATATGA]
14:03:00.539 - INFO - CDS - contig=contig_1, start=46721, stop=46885, strand=+, nt=[ATGAATGAAA..AATACTTTAA]
14:03:00.539 - INFO - CDS - contig=contig_1, start=47086, stop=47823, strand=+, nt=[ATGAAGATAA..ATATAAATGA]
14:03:00.539 - INFO - CDS - contig=contig_1, start=47820, stop=48839, strand=+, nt=[ATGAAAAAAT..TAAAAGATAA]
14:03:00.539 - INFO - CDS - contig=contig_1, start=48805, stop=49395, strand=+, nt=[ATGATCAATA..GCATATGTAA]
14:03:00.539 - INFO - CDS - contig=contig_1, start=49338, stop=50462, strand=+, nt=[ATGTATAAGT..AATAAGGTGA]
14:03:00.539 - INFO - CDS - contig=contig_1, start=50459, stop=51076, strand=+, nt=[GTGATAATAC..CAAAAAATAA]
14:03:00.539 - INFO - CDS - contig=contig_1, start=51079, stop=51321, strand=+, nt=[ATGATACCTT..GATTCTGTAA]
14:03:00.539 - INFO - CDS - contig=contig_1, start=51302, stop=51514, strand=+, nt=[ATGATATACA..CTTACAATAA]
14:03:00.539 - INFO - CDS - contig=contig_1, start=51605, stop=52138, strand=+, nt=[ATGATAATAA..AAAAGAATAA]
14:03:00.539 - INFO - CDS - contig=contig_1, start=52294, stop=52803, strand=-, nt=[TTGGATACAG..GGTATCTTAA]
14:03:00.539 - INFO - CDS - contig=contig_1, start=52817, stop=53863, strand=+, nt=[ATGAGGTGTT..ATTATTATGA]
14:03:00.539 - INFO - CDS - contig=contig_1, start=53860, stop=56946, strand=+, nt=[ATGAATAATA..ATATAAATAA]
14:03:00.539 - INFO - CDS - contig=contig_1, start=56954, stop=57490, strand=+, nt=[ATGATAACCA..ACTAAGATGA]
14:03:00.539 - INFO - CDS - contig=contig_1, start=57436, stop=58056, strand=+, nt=[ATGTTCAAAA..AAAAAGATGA]
14:03:00.539 - INFO - CDS - contig=contig_1, start=58053, stop=59216, strand=+, nt=[ATGAATAATA..AGGTATTTAA]
14:03:00.539 - INFO - CDS - contig=contig_1, start=59249, stop=59362, strand=+, nt=[ATGATGGGAG..CACAGACTAG]
14:03:00.539 - INFO - CDS - contig=contig_1, start=59689, stop=60093, strand=+, nt=[ATGTACTATG..AAAATATTAA]
14:03:00.539 - INFO - CDS - contig=contig_1, start=60075, stop=61313, strand=+, nt=[ATGTCAAGAA..AGATGAATAA]
14:03:00.539 - INFO - CDS - contig=contig_1, start=61306, stop=62229, strand=+, nt=[ATGAATAATA..ACTACTATGA]
14:03:00.539 - INFO - CDS - contig=contig_1, start=62226, stop=62786, strand=+, nt=[ATGATCTTTA..AACGAAATGA]
14:03:00.539 - INFO - CDS - contig=contig_1, start=62783, stop=63427, strand=+, nt=[ATGAATATAG..CAGCCTTTGA]
14:03:00.539 - INFO - CDS - contig=contig_1, start=63405, stop=64106, strand=+, nt=[ATGATAATTA..ACAAATATGA]
14:03:00.539 - INFO - CDS - contig=contig_1, start=64103, stop=64849, strand=+, nt=[ATGATATGTA..TAGAATATGA]
14:03:00.539 - INFO - CDS - contig=contig_1, start=64846, stop=65133, strand=+, nt=[ATGATTATAC..ATATAATTAA]
14:03:00.539 - INFO - CDS - contig=contig_1, start=65120, stop=65392, strand=+, nt=[ATGAATATAA..TAATATATGA]
14:03:00.539 - INFO - CDS - contig=contig_1, start=65478, stop=66332, strand=+, nt=[ATGAAAAATT..TCGTGCGTGA]
14:03:00.539 - INFO - CDS - contig=contig_1, start=66381, stop=66728, strand=-, nt=[ATGTCAAGGG..AGGTCGTTAG]
14:03:00.539 - INFO - CDS - contig=contig_1, start=66700, stop=66867, strand=-, nt=[ATGCTAAAAA..GTTTAGTTAG]
14:03:00.539 - INFO - CDS - contig=contig_1, start=66845, stop=67300, strand=-, nt=[ATGCAAGTAA..AAACCAATAA]
14:03:00.539 - INFO - CDS - contig=contig_1, start=67379, stop=68407, strand=-, nt=[ATGAGTAATT..ATTAATTTAG]
14:03:00.539 - INFO - CDS - contig=contig_1, start=68487, stop=68618, strand=+, nt=[ATGAAAGTAA..GCGAAGATAG]
14:03:00.540 - INFO - CDS - contig=contig_1, start=69021, stop=69389, strand=+, nt=[ATGAAAGACA..ATATTATTAA]
14:03:00.540 - INFO - CDS - contig=contig_1, start=69364, stop=69882, strand=-, nt=[ATGATTATTA..TCTTTCTTAG]
14:03:00.540 - INFO - CDS - contig=contig_1, start=69879, stop=70715, strand=-, nt=[ATGGTTTATG..TGCTAAATGA]
14:03:00.540 - INFO - CDS - contig=contig_1, start=70843, stop=71895, strand=+, nt=[ATGAAAAAAA..AAAAAATTAA]
14:03:00.540 - INFO - CDS - contig=contig_1, start=71877, stop=72668, strand=+, nt=[ATGTCAAAGA..AAATAATTAA]
14:03:00.540 - INFO - CDS - contig=contig_1, start=72773, stop=73873, strand=+, nt=[ATGATTATAA..CATATTATAA]
14:03:00.540 - INFO - CDS - contig=contig_1, start=73863, stop=74099, strand=-, nt=[ATGATTATTA..TATAATATGA]
14:03:00.540 - INFO - CDS - contig=contig_1, start=74096, stop=75454, strand=-, nt=[ATGAAATATA..TAGTCAATGA]
14:03:00.540 - INFO - CDS - contig=contig_1, start=75459, stop=76607, strand=-, nt=[ATGATCTGTT..GGTTCTGTAG]
14:03:00.540 - INFO - CDS - contig=contig_1, start=76607, stop=77800, strand=-, nt=[ATGATAATTA..GTTTATTTAA]
14:03:00.540 - INFO - CDS - contig=contig_1, start=77790, stop=77951, strand=-, nt=[GTGATAATAA..TGATAATTAG]
14:03:00.540 - INFO - CDS - contig=contig_1, start=77948, stop=78247, strand=-, nt=[ATGATTTATG..CTTGGAGTGA]
14:03:00.540 - INFO - CDS - contig=contig_1, start=78248, stop=78541, strand=+, nt=[ATGAAAAAAA..GTATGAATAA]
14:03:00.540 - INFO - CDS - contig=contig_1, start=78534, stop=78773, strand=+, nt=[ATGAATAAAA..ATCGGTATGA]
14:03:00.540 - INFO - CDS - contig=contig_1, start=78907, stop=80247, strand=+, nt=[ATGTCAAATG..TGGTAAATGA]
14:03:00.540 - INFO - CDS - contig=contig_1, start=80244, stop=82016, strand=+, nt=[ATGAAATATC..CATTAAATGA]
14:03:00.540 - INFO - CDS - contig=contig_1, start=81991, stop=82263, strand=+, nt=[ATGAAAATAA..CAATGAATAA]
14:03:00.540 - INFO - CDS - contig=contig_1, start=82256, stop=83851, strand=+, nt=[ATGAATAACA..TAATATATAG]
14:03:00.540 - INFO - CDS - contig=contig_1, start=83852, stop=85153, strand=+, nt=[ATGAATATAA..AAATAATTAA]
14:03:00.540 - INFO - CDS - contig=contig_1, start=85134, stop=86195, strand=+, nt=[ATGAAAATAA..ACTAAAATAG]
14:03:00.540 - INFO - CDS - contig=contig_1, start=86187, stop=87248, strand=-, nt=[ATGAAAATAT..ACTATTTTAG]
14:03:00.540 - INFO - CDS - contig=contig_1, start=87372, stop=87995, strand=+, nt=[ATGTATATAA..TATTAAATAA]
14:03:00.540 - INFO - CDS - contig=contig_1, start=87981, stop=88979, strand=-, nt=[ATGATAGGTA..TAATAAATAG]
14:03:00.540 - INFO - CDS - contig=contig_1, start=88976, stop=90790, strand=-, nt=[ATGAAAAAAA..TAACAAATGA]
14:03:00.540 - INFO - CDS - contig=contig_1, start=90792, stop=91235, strand=-, nt=[ATGAAGTCTA..TAGTCTTTAA]
14:03:00.540 - INFO - CDS - contig=contig_1, start=91242, stop=92135, strand=+, nt=[ATGATTAATA..GAAACTATAG]
14:03:00.540 - INFO - CDS - contig=contig_1, start=92130, stop=93134, strand=-, nt=[ATGGTTCTAT..ACTTCTATAG]
14:03:00.540 - INFO - CDS - contig=contig_1, start=93103, stop=95118, strand=-, nt=[ATGTCTATAA..TCCATCATAA]
14:03:00.541 - INFO - CDS - contig=contig_1, start=95109, stop=95765, strand=-, nt=[ATGAAAGTAT..ATGTCTATAA]
14:03:00.541 - INFO - CDS - contig=contig_1, start=95762, stop=96973, strand=-, nt=[ATGAAATCAA..ATCTTTATGA]
14:03:00.541 - INFO - CDS - contig=contig_1, start=96924, stop=97700, strand=-, nt=[ATGTCTTTCA..TATATCATAG]
14:03:00.541 - INFO - CDS - contig=contig_1, start=97735, stop=98118, strand=+, nt=[ATGCTTGGTG..TAAATGCTAA]
14:03:00.541 - INFO - CDS - contig=contig_1, start=98105, stop=98347, strand=-, nt=[ATGGCAAAGA..CATTTATTAG]
14:03:00.541 - INFO - CDS - contig=contig_1, start=98326, stop=98643, strand=-, nt=[ATGATAGTAT..AAAGCAGTAG]
14:03:00.541 - INFO - CDS - contig=contig_1, start=98640, stop=99404, strand=-, nt=[ATGTTATATA..TAGGTTATGA]
14:03:00.541 - INFO - CDS - contig=contig_1, start=99478, stop=100689, strand=+, nt=[ATGAAGATTA..TCTTGTGTAA]
14:03:00.541 - INFO - CDS - contig=contig_1, start=101325, stop=101483, strand=+, nt=[ATGAACTCTT..TTACACTTAA]
14:03:00.541 - INFO - CDS - contig=contig_1, start=101709, stop=101852, strand=+, nt=[ATGGGGTCTT..GCTACCTTAG]
14:03:00.541 - INFO - CDS - contig=contig_1, start=103643, stop=103765, strand=-, nt=[ATGGCAAAGC..TAGGCTATGA]
14:03:00.541 - INFO - CDS - contig=contig_1, start=104148, stop=104315, strand=-, nt=[ATGTATAGAA..AGACTGCTAA]
14:03:00.541 - INFO - CDS - contig=contig_1, start=105343, stop=105768, strand=+, nt=[ATGCTAAAAT..ATTTATTTAG]
14:03:00.541 - INFO - CDS - contig=contig_1, start=105773, stop=106255, strand=+, nt=[GTGATTAAGA..AGCACAATGA]
14:03:00.541 - INFO - CDS - contig=contig_1, start=106252, stop=106437, strand=+, nt=[ATGAAGATTA..ATTAATATAG]
14:03:00.541 - INFO - CDS - contig=contig_1, start=106440, stop=107234, strand=+, nt=[ATGAGAAACA..CAAAAAATAA]
14:03:00.541 - INFO - CDS - contig=contig_1, start=107221, stop=107514, strand=+, nt=[ATGTCAAAAA..AAACAAATAA]
14:03:00.541 - INFO - CDS - contig=contig_1, start=107516, stop=107845, strand=+, nt=[ATGAAAGAAA..ACATGGGTAA]
14:03:00.541 - INFO - CDS - contig=contig_1, start=107838, stop=108464, strand=+, nt=[ATGGGTAATA..AAAAATTTAA]
14:03:00.541 - INFO - CDS - contig=contig_1, start=108436, stop=108864, strand=+, nt=[ATGAGCTTTA..AATGCGATGA]
14:03:00.541 - INFO - CDS - contig=contig_1, start=108861, stop=109088, strand=+, nt=[ATGATAGGAA..ATATAAATGA]
14:03:00.541 - INFO - CDS - contig=contig_1, start=109085, stop=109450, strand=+, nt=[ATGATATATA..TCTAATATGA]
14:03:00.541 - INFO - CDS - contig=contig_1, start=109447, stop=109989, strand=+, nt=[ATGAAATACG..TCCTTTTTAA]
14:03:00.541 - INFO - CDS - contig=contig_1, start=109995, stop=110300, strand=+, nt=[ATGGCAAAAA..TTGTTGGTAA]
14:03:00.541 - INFO - CDS - contig=contig_1, start=110300, stop=110674, strand=+, nt=[ATGTCTTATT..AAATGTCTAG]
14:03:00.541 - INFO - CDS - contig=contig_1, start=110667, stop=111224, strand=+, nt=[ATGTCTAGAA..GAAACAATAG]
14:03:00.541 - INFO - CDS - contig=contig_1, start=111184, stop=111489, strand=+, nt=[ATGAAAAAAA..TATTCAGTAG]
14:03:00.541 - INFO - CDS - contig=contig_1, start=111455, stop=111943, strand=+, nt=[ATGACGAAAT..GAGGAAATAA]
14:03:00.541 - INFO - CDS - contig=contig_1, start=111891, stop=112211, strand=+, nt=[GTGGGGAGAG..TGTTAAATAA]
14:03:00.541 - INFO - CDS - contig=contig_1, start=112201, stop=112422, strand=+, nt=[ATGTTAAATA..GATAAGATGA]
14:03:00.541 - INFO - CDS - contig=contig_1, start=112419, stop=112532, strand=+, nt=[ATGAAAGTAA..ACAGGGATGA]
14:03:00.541 - INFO - CDS - contig=contig_1, start=112529, stop=112864, strand=+, nt=[ATGAATATTA..GAAAAAATAA]
14:03:00.541 - INFO - CDS - contig=contig_1, start=112871, stop=113212, strand=+, nt=[ATGAAAGCAA..AAGAGTATGA]
14:03:00.541 - INFO - CDS - contig=contig_1, start=113209, stop=113745, strand=+, nt=[ATGAAAGCAA..ACAAAAGTAA]
14:03:00.541 - INFO - CDS - contig=contig_1, start=113729, stop=114340, strand=+, nt=[ATGAAATACA..ACAAGTATGA]
14:03:00.541 - INFO - CDS - contig=contig_1, start=114337, stop=114642, strand=+, nt=[ATGAGACATA..AGATAAATAA]
14:03:00.541 - INFO - CDS - contig=contig_1, start=114631, stop=115764, strand=-, nt=[ATGGATATTA..ATTTATCTAG]
14:03:00.541 - INFO - CDS - contig=contig_1, start=115765, stop=116151, strand=+, nt=[ATGAAAATAA..AAATGCATAA]
14:03:00.541 - INFO - CDS - contig=contig_1, start=116144, stop=117190, strand=+, nt=[ATGCATAAAG..GGAATCATAA]
14:03:00.542 - INFO - CDS - contig cds: predicted=144
14:03:00.542 - INFO - CDS - predicted=144
14:03:00.542 - INFO - ORF - write internal aa seqs: # seqs=144, path=/tmp/tmpu8xytqwf/cds.spurious.faa
14:03:00.740 - INFO - ORF - discarded=0
14:03:00.830 - INFO - UPS - looked-up=0
14:03:00.831 - INFO - IPS - looked-up=0
14:03:00.831 - INFO - ORF - write internal aa seqs: # seqs=144, path=/tmp/tmpu8xytqwf/cds.psc.faa
14:05:27.378 - INFO - PSC - found: PSC=0, PSCC=24
14:05:27.412 - INFO - PSC - looked-up=24
14:05:27.428 - INFO - PSCC - looked-up=18
14:05:27.429 - INFO - ORF - write internal aa seqs: # seqs=144, path=/tmp/tmpu8xytqwf/cds.expert.faa
14:05:29.362 - INFO - EXPERT-AMRFINDER - found=0
14:05:29.726 - INFO - EXPERT_AA_SEQ - found=0
14:05:29.731 - INFO - ORF - write internal aa seqs: # seqs=126, path=/tmp/tmpu8xytqwf/cds.pseudo.candidates.faa
14:08:07.099 - INFO - CDS - found: pseudogene-candidates=0
14:08:07.105 - INFO - PSC - looked-up=0
14:08:07.106 - INFO - PSCC - looked-up=0
14:08:07.106 - INFO - ORF - write internal aa seqs: # seqs=126, path=/tmp/tmpu8xytqwf/hypotheticals.faa
14:08:15.619 - INFO - CDS - pfam detected: contig=contig_1, start=61306, stop=62229, strand=+, pfam-id=PF04864.16, length=363, aa-start=27, aa-stop=265, aa-cov=0.8, hmm-cov=0.5, evalue=1.5e-11, bitscore=36.7, name=Alliinase_C
14:08:15.620 - INFO - CDS - pfam detected: contig=contig_1, start=70843, stop=71895, strand=+, pfam-id=PF00155.24, length=363, aa-start=17, aa-stop=339, aa-cov=0.9, hmm-cov=0.9, evalue=2.5e-31, bitscore=102.1, name=Aminotran_1_2
14:08:15.620 - INFO - CDS - pfam detected: contig=contig_1, start=61306, stop=62229, strand=+, pfam-id=PF00155.24, length=363, aa-start=2, aa-stop=259, aa-cov=0.8, hmm-cov=0.6, evalue=8.6e-22, bitscore=70.7, name=Aminotran_1_2
14:08:15.620 - INFO - CDS - pfam detected: contig=contig_1, start=32291, stop=33412, strand=+, pfam-id=PF00155.24, length=363, aa-start=7, aa-stop=206, aa-cov=0.5, hmm-cov=0.4, evalue=1.2e-06, bitscore=20.8, name=Aminotran_1_2
14:08:15.620 - INFO - CDS - pfam detected: contig=contig_1, start=20549, stop=21628, strand=+, pfam-id=PF00266.22, length=371, aa-start=2, aa-stop=342, aa-cov=0.9, hmm-cov=1.0, evalue=4.1e-46, bitscore=150.5, name=Aminotran_5
14:08:15.620 - INFO - CDS - pfam detected: contig=contig_1, start=37575, stop=38936, strand=-, pfam-id=PF14698.9, length=69, aa-start=360, aa-stop=427, aa-cov=0.2, hmm-cov=0.5, evalue=2.2e-10, bitscore=34.2, name=ASL_C2
14:08:15.620 - INFO - CDS - pfam detected: contig=contig_1, start=76607, stop=77800, strand=-, pfam-id=PF06745.16, length=231, aa-start=155, aa-stop=340, aa-cov=0.5, hmm-cov=0.5, evalue=3.8e-10, bitscore=32.5, name=ATPase
14:08:15.620 - INFO - CDS - pfam detected: contig=contig_1, start=53860, stop=56946, strand=+, pfam-id=PF15632.9, length=131, aa-start=743, aa-stop=870, aa-cov=0.1, hmm-cov=0.5, evalue=2.2e-15, bitscore=49.6, name=ATPgrasp_Ter
14:08:15.620 - INFO - CDS - pfam detected: contig=contig_1, start=53860, stop=56946, strand=+, pfam-id=PF02786.20, length=211, aa-start=124, aa-stop=334, aa-cov=0.2, hmm-cov=1.0, evalue=1.3e-70, bitscore=230.1, name=CPSase_L_D2
14:08:15.620 - INFO - CDS - pfam detected: contig=contig_1, start=53860, stop=56946, strand=+, pfam-id=PF02786.20, length=211, aa-start=663, aa-stop=852, aa-cov=0.2, hmm-cov=0.9, evalue=1.3e-70, bitscore=230.1, name=CPSase_L_D2
14:08:15.620 - INFO - CDS - pfam detected: contig=contig_1, start=53860, stop=56946, strand=+, pfam-id=PF02787.22, length=81, aa-start=420, aa-stop=498, aa-cov=0.1, hmm-cov=1.0, evalue=2.0e-14, bitscore=46.4, name=CPSase_L_D3
14:08:15.620 - INFO - CDS - pfam detected: contig=contig_1, start=52817, stop=53863, strand=+, pfam-id=PF00988.25, length=125, aa-start=7, aa-stop=128, aa-cov=0.4, hmm-cov=0.9, evalue=2.4e-27, bitscore=88.3, name=CPSase_sm_chain
14:08:15.620 - INFO - CDS - pfam detected: contig=contig_1, start=32291, stop=33412, strand=+, pfam-id=PF01053.23, length=382, aa-start=2, aa-stop=371, aa-cov=1.0, hmm-cov=1.0, evalue=4.9e-63, bitscore=205.9, name=Cys_Met_Meta_PP
14:08:15.621 - INFO - CDS - pfam detected: contig=contig_1, start=91242, stop=92135, strand=+, pfam-id=PF00793.23, length=275, aa-start=1, aa-stop=289, aa-cov=1.0, hmm-cov=1.0, evalue=4.2e-66, bitscore=215.6, name=DAHP_synth_1
14:08:15.621 - INFO - CDS - pfam detected: contig=contig_1, start=95109, stop=95765, strand=-, pfam-id=PF05173.17, length=121, aa-start=103, aa-stop=213, aa-cov=0.5, hmm-cov=0.9, evalue=1.0e-17, bitscore=57.3, name=DapB_C
14:08:15.621 - INFO - CDS - pfam detected: contig=contig_1, start=95109, stop=95765, strand=-, pfam-id=PF01113.23, length=124, aa-start=1, aa-stop=99, aa-cov=0.5, hmm-cov=0.5, evalue=6.8e-15, bitscore=48.3, name=DapB_N
14:08:15.621 - INFO - CDS - pfam detected: contig=contig_1, start=23481, stop=24314, strand=-, pfam-id=PF00701.25, length=289, aa-start=1, aa-stop=277, aa-cov=1.0, hmm-cov=0.9, evalue=1.2e-59, bitscore=194.3, name=DHDPS
14:08:15.621 - INFO - CDS - pfam detected: contig=contig_1, start=116144, stop=117190, strand=+, pfam-id=PF01761.23, length=262, aa-start=45, aa-stop=305, aa-cov=0.8, hmm-cov=1.0, evalue=4.7e-81, bitscore=264.8, name=DHQ_synthase
14:08:15.621 - INFO - CDS - pfam detected: contig=contig_1, start=76607, stop=77800, strand=-, pfam-id=PF03796.18, length=254, aa-start=155, aa-stop=397, aa-cov=0.6, hmm-cov=1.0, evalue=1.8e-74, bitscore=243.2, name=DnaB_C
14:08:15.621 - INFO - CDS - pfam detected: contig=contig_1, start=87981, stop=88979, strand=-, pfam-id=PF00226.34, length=63, aa-start=6, aa-stop=66, aa-cov=0.2, hmm-cov=0.9, evalue=4.8e-25, bitscore=80.6, name=DnaJ
14:08:15.621 - INFO - CDS - pfam detected: contig=contig_1, start=87981, stop=88979, strand=-, pfam-id=PF01556.21, length=149, aa-start=43, aa-stop=297, aa-cov=0.8, hmm-cov=0.6, evalue=3.7e-10, bitscore=33.1, name=DnaJ_C
14:08:15.621 - INFO - CDS - pfam detected: contig=contig_1, start=43809, stop=46724, strand=+, pfam-id=PF07733.15, length=260, aa-start=271, aa-stop=522, aa-cov=0.3, hmm-cov=1.0, evalue=5.5e-83, bitscore=271.5, name=DNA_pol3_alpha
14:08:15.621 - INFO - CDS - pfam detected: contig=contig_1, start=43809, stop=46724, strand=+, pfam-id=PF17657.4, length=166, aa-start=525, aa-stop=680, aa-cov=0.2, hmm-cov=1.0, evalue=1.0e-40, bitscore=131.8, name=DNA_pol3_finger
14:08:15.621 - INFO - CDS - pfam detected: contig=contig_1, start=52817, stop=53863, strand=+, pfam-id=PF00117.31, length=191, aa-start=175, aa-stop=347, aa-cov=0.5, hmm-cov=1.0, evalue=8.2e-29, bitscore=93.7, name=GATase
14:08:15.621 - INFO - CDS - pfam detected: contig=contig_1, start=62783, stop=63427, strand=+, pfam-id=PF00117.31, length=191, aa-start=4, aa-stop=208, aa-cov=1.0, hmm-cov=1.0, evalue=2.3e-19, bitscore=62.9, name=GATase
14:08:15.621 - INFO - CDS - pfam detected: contig=contig_1, start=35837, stop=36415, strand=-, pfam-id=PF00117.31, length=191, aa-start=3, aa-stop=186, aa-cov=1.0, hmm-cov=0.9, evalue=1.5e-12, bitscore=40.7, name=GATase
14:08:15.621 - INFO - CDS - pfam detected: contig=contig_1, start=80244, stop=82016, strand=+, pfam-id=PF13932.9, length=210, aa-start=384, aa-stop=579, aa-cov=0.3, hmm-cov=1.0, evalue=1.9e-20, bitscore=66.9, name=GIDA_C
14:08:15.621 - INFO - CDS - pfam detected: contig=contig_1, start=71877, stop=72668, strand=+, pfam-id=PF00132.27, length=36, aa-start=166, aa-stop=201, aa-cov=0.1, hmm-cov=0.9, evalue=3.5e-15, bitscore=48.2, name=Hexapep
14:08:15.621 - INFO - CDS - pfam detected: contig=contig_1, start=71877, stop=72668, strand=+, pfam-id=PF14602.9, length=34, aa-start=166, aa-stop=201, aa-cov=0.1, hmm-cov=1.0, evalue=7.0e-15, bitscore=47.6, name=Hexapep_2
14:08:15.622 - INFO - CDS - pfam detected: contig=contig_1, start=43809, stop=46724, strand=+, pfam-id=PF14579.9, length=90, aa-start=744, aa-stop=833, aa-cov=0.1, hmm-cov=0.9, evalue=6.2e-21, bitscore=67.5, name=HHH_6
14:08:15.622 - INFO - CDS - pfam detected: contig=contig_1, start=75459, stop=76607, strand=-, pfam-id=PF00742.22, length=173, aa-start=128, aa-stop=296, aa-cov=0.4, hmm-cov=0.9, evalue=1.1e-20, bitscore=67.2, name=Homoserine_dh
14:08:15.622 - INFO - CDS - pfam detected: contig=contig_1, start=66845, stop=67300, strand=-, pfam-id=PF05198.19, length=70, aa-start=1, aa-stop=61, aa-cov=0.4, hmm-cov=0.8, evalue=6.7e-17, bitscore=54.6, name=IF3_N
14:08:15.622 - INFO - CDS - pfam detected: contig=contig_1, start=34191, stop=34925, strand=-, pfam-id=PF00218.24, length=254, aa-start=3, aa-stop=241, aa-cov=1.0, hmm-cov=1.0, evalue=3.1e-19, bitscore=62.1, name=IGPS
14:08:15.622 - INFO - CDS - pfam detected: contig=contig_1, start=107838, stop=108464, strand=+, pfam-id=PF07650.20, length=78, aa-start=26, aa-stop=103, aa-cov=0.4, hmm-cov=0.7, evalue=2.1e-10, bitscore=33.3, name=KH_2
14:08:15.622 - INFO - CDS - pfam detected: contig=contig_1, start=37575, stop=38936, strand=-, pfam-id=PF00206.23, length=312, aa-start=64, aa-stop=297, aa-cov=0.5, hmm-cov=0.7, evalue=4.8e-46, bitscore=150.5, name=Lyase_1
14:08:15.622 - INFO - CDS - pfam detected: contig=contig_1, start=72773, stop=73873, strand=+, pfam-id=PF07687.17, length=109, aa-start=175, aa-stop=279, aa-cov=0.3, hmm-cov=1.0, evalue=8.2e-15, bitscore=47.7, name=M20_dimer
14:08:15.622 - INFO - CDS - pfam detected: contig=contig_1, start=95762, stop=96973, strand=-, pfam-id=PF00390.22, length=182, aa-start=21, aa-stop=120, aa-cov=0.2, hmm-cov=0.6, evalue=3.0e-29, bitscore=95.1, name=malic
14:08:15.622 - INFO - CDS - pfam detected: contig=contig_1, start=95762, stop=96973, strand=-, pfam-id=PF03949.18, length=258, aa-start=166, aa-stop=387, aa-cov=0.6, hmm-cov=0.9, evalue=3.6e-16, bitscore=52.2, name=Malic_M
14:08:15.622 - INFO - CDS - pfam detected: contig=contig_1, start=29206, stop=31410, strand=+, pfam-id=PF08267.15, length=313, aa-start=4, aa-stop=305, aa-cov=0.4, hmm-cov=1.0, evalue=3.8e-57, bitscore=187.1, name=Meth_synt_1
14:08:15.622 - INFO - CDS - pfam detected: contig=contig_1, start=29206, stop=31410, strand=+, pfam-id=PF01717.21, length=324, aa-start=412, aa-stop=729, aa-cov=0.4, hmm-cov=1.0, evalue=3.0e-93, bitscore=305.6, name=Meth_synt_2
14:08:15.622 - INFO - CDS - pfam detected: contig=contig_1, start=114631, stop=115764, strand=-, pfam-id=PF02784.19, length=247, aa-start=30, aa-stop=258, aa-cov=0.6, hmm-cov=0.9, evalue=1.4e-39, bitscore=128.9, name=Orn_Arg_deC_N
14:08:15.622 - INFO - CDS - pfam detected: contig=contig_1, start=114631, stop=115764, strand=-, pfam-id=PF00278.25, length=95, aa-start=8, aa-stop=348, aa-cov=0.9, hmm-cov=1.0, evalue=9.8e-19, bitscore=60.5, name=Orn_DAP_Arg_deC
14:08:15.622 - INFO - CDS - pfam detected: contig=contig_1, start=65478, stop=66332, strand=+, pfam-id=PF00185.27, length=157, aa-start=150, aa-stop=281, aa-cov=0.5, hmm-cov=1.0, evalue=3.5e-21, bitscore=68.9, name=OTCace
14:08:15.622 - INFO - CDS - pfam detected: contig=contig_1, start=65478, stop=66332, strand=+, pfam-id=PF02729.24, length=146, aa-start=2, aa-stop=145, aa-cov=0.5, hmm-cov=1.0, evalue=5.0e-34, bitscore=110.5, name=OTCace_N
14:08:15.623 - INFO - CDS - pfam detected: contig=contig_1, start=33398, stop=34198, strand=-, pfam-id=PF03462.21, length=192, aa-start=4, aa-stop=118, aa-cov=0.4, hmm-cov=0.5, evalue=1.5e-28, bitscore=92.9, name=PCRF
14:08:15.623 - INFO - CDS - pfam detected: contig=contig_1, start=13552, stop=13965, strand=+, pfam-id=PF01327.24, length=159, aa-start=3, aa-stop=137, aa-cov=1.0, hmm-cov=0.8, evalue=1.5e-15, bitscore=50.1, name=Pep_deformylase
14:08:15.623 - INFO - CDS - pfam detected: contig=contig_1, start=48805, stop=49395, strand=+, pfam-id=PF00697.25, length=193, aa-start=4, aa-stop=175, aa-cov=0.9, hmm-cov=0.9, evalue=4.8e-13, bitscore=42.2, name=PRAI
14:08:15.623 - INFO - CDS - pfam detected: contig=contig_1, start=18453, stop=19328, strand=+, pfam-id=PF13793.9, length=116, aa-start=7, aa-stop=104, aa-cov=0.3, hmm-cov=0.7, evalue=3.4e-12, bitscore=39.4, name=Pribosyltran_N
14:08:15.623 - INFO - CDS - pfam detected: contig=contig_1, start=1221, stop=1637, strand=+, pfam-id=PF03946.17, length=58, aa-start=13, aa-stop=71, aa-cov=0.4, hmm-cov=0.9, evalue=2.1e-16, bitscore=52.6, name=Ribosomal_L11_N
14:08:15.623 - INFO - CDS - pfam detected: contig=contig_1, start=2619, stop=2984, strand=+, pfam-id=PF00542.22, length=67, aa-start=55, aa-stop=121, aa-cov=0.6, hmm-cov=1.0, evalue=2.6e-15, bitscore=49.6, name=Ribosomal_L12
14:08:15.623 - INFO - CDS - pfam detected: contig=contig_1, start=108436, stop=108864, strand=+, pfam-id=PF00252.21, length=132, aa-start=4, aa-stop=132, aa-cov=0.9, hmm-cov=1.0, evalue=4.7e-33, bitscore=107.1, name=Ribosomal_L16
14:08:15.623 - INFO - CDS - pfam detected: contig=contig_1, start=107516, stop=107845, strand=+, pfam-id=PF00237.22, length=103, aa-start=6, aa-stop=108, aa-cov=0.9, hmm-cov=1.0, evalue=7.7e-16, bitscore=51.3, name=Ribosomal_L22
14:08:15.623 - INFO - CDS - pfam detected: contig=contig_1, start=112419, stop=112532, strand=+, pfam-id=PF00444.21, length=38, aa-start=1, aa-stop=37, aa-cov=1.0, hmm-cov=1.0, evalue=1.2e-17, bitscore=56.8, name=Ribosomal_L36
14:08:15.623 - INFO - CDS - pfam detected: contig=contig_1, start=13260, stop=13571, strand=+, pfam-id=PF00338.25, length=98, aa-start=3, aa-stop=97, aa-cov=0.9, hmm-cov=1.0, evalue=6.3e-22, bitscore=70.7, name=Ribosomal_S10
14:08:15.623 - INFO - CDS - pfam detected: contig=contig_1, start=46721, stop=46885, strand=+, pfam-id=PF00312.25, length=81, aa-start=3, aa-stop=45, aa-cov=0.8, hmm-cov=0.5, evalue=3.2e-11, bitscore=36.4, name=Ribosomal_S15
14:08:15.623 - INFO - CDS - pfam detected: contig=contig_1, start=107838, stop=108464, strand=+, pfam-id=PF00189.23, length=83, aa-start=116, aa-stop=198, aa-cov=0.4, hmm-cov=1.0, evalue=3.3e-21, bitscore=68.7, name=Ribosomal_S3_C
14:08:15.623 - INFO - CDS - pfam detected: contig=contig_1, start=111455, stop=111943, strand=+, pfam-id=PF00333.23, length=65, aa-start=4, aa-stop=67, aa-cov=0.4, hmm-cov=0.9, evalue=6.3e-09, bitscore=28.8, name=Ribosomal_S5
14:08:15.623 - INFO - CDS - pfam detected: contig=contig_1, start=111455, stop=111943, strand=+, pfam-id=PF03719.18, length=71, aa-start=80, aa-stop=136, aa-cov=0.4, hmm-cov=0.7, evalue=4.9e-12, bitscore=38.2, name=Ribosomal_S5_C
14:08:15.624 - INFO - CDS - pfam detected: contig=contig_1, start=10722, stop=11204, strand=+, pfam-id=PF00177.24, length=149, aa-start=1, aa-stop=153, aa-cov=1.0, hmm-cov=1.0, evalue=1.3e-38, bitscore=125.0, name=Ribosomal_S7
14:08:15.624 - INFO - CDS - pfam detected: contig=contig_1, start=110300, stop=110674, strand=+, pfam-id=PF00410.22, length=126, aa-start=5, aa-stop=123, aa-cov=1.0, hmm-cov=1.0, evalue=9.8e-18, bitscore=57.3, name=Ribosomal_S8
14:08:15.624 - INFO - CDS - pfam detected: contig=contig_1, start=113729, stop=114340, strand=+, pfam-id=PF01000.29, length=112, aa-start=46, aa-stop=152, aa-cov=0.5, hmm-cov=0.9, evalue=5.4e-13, bitscore=42.4, name=RNA_pol_A_bac
14:08:15.624 - INFO - CDS - pfam detected: contig=contig_1, start=113729, stop=114340, strand=+, pfam-id=PF01193.27, length=74, aa-start=20, aa-stop=203, aa-cov=0.9, hmm-cov=0.9, evalue=2.2e-11, bitscore=36.5, name=RNA_pol_L
14:08:15.624 - INFO - CDS - pfam detected: contig=contig_1, start=6562, stop=10392, strand=+, pfam-id=PF04997.15, length=312, aa-start=1, aa-stop=319, aa-cov=0.2, hmm-cov=1.0, evalue=1.8e-65, bitscore=214.3, name=RNA_pol_Rpb1_1
14:08:15.624 - INFO - CDS - pfam detected: contig=contig_1, start=6562, stop=10392, strand=+, pfam-id=PF00623.23, length=166, aa-start=321, aa-stop=463, aa-cov=0.1, hmm-cov=1.0, evalue=8.9e-34, bitscore=110.1, name=RNA_pol_Rpb1_2
14:08:15.624 - INFO - CDS - pfam detected: contig=contig_1, start=6562, stop=10392, strand=+, pfam-id=PF04983.21, length=157, aa-start=466, aa-stop=607, aa-cov=0.1, hmm-cov=1.0, evalue=4.7e-18, bitscore=58.6, name=RNA_pol_Rpb1_3
14:08:15.624 - INFO - CDS - pfam detected: contig=contig_1, start=6562, stop=10392, strand=+, pfam-id=PF04998.20, length=267, aa-start=707, aa-stop=1216, aa-cov=0.4, hmm-cov=0.9, evalue=8.7e-44, bitscore=142.9, name=RNA_pol_Rpb1_5
14:08:15.624 - INFO - CDS - pfam detected: contig=contig_1, start=2987, stop=6565, strand=+, pfam-id=PF04565.19, length=68, aa-start=416, aa-stop=484, aa-cov=0.1, hmm-cov=1.0, evalue=6.0e-26, bitscore=83.5, name=RNA_pol_Rpb2_3
14:08:15.624 - INFO - CDS - pfam detected: contig=contig_1, start=2987, stop=6565, strand=+, pfam-id=PF00562.31, length=389, aa-start=560, aa-stop=1109, aa-cov=0.5, hmm-cov=1.0, evalue=3.6e-89, bitscore=292.4, name=RNA_pol_Rpb2_6
14:08:15.624 - INFO - CDS - pfam detected: contig=contig_1, start=2987, stop=6565, strand=+, pfam-id=PF04560.23, length=87, aa-start=1111, aa-stop=1187, aa-cov=0.1, hmm-cov=1.0, evalue=2.0e-24, bitscore=78.9, name=RNA_pol_Rpb2_7
14:08:15.624 - INFO - CDS - pfam detected: contig=contig_1, start=14420, stop=15172, strand=-, pfam-id=PF00398.23, length=265, aa-start=2, aa-stop=171, aa-cov=0.7, hmm-cov=0.4, evalue=2.0e-08, bitscore=26.6, name=RrnaAD
14:08:15.624 - INFO - CDS - pfam detected: contig=contig_1, start=113209, stop=113745, strand=+, pfam-id=PF01479.28, length=48, aa-start=83, aa-stop=130, aa-cov=0.3, hmm-cov=1.0, evalue=1.7e-14, bitscore=46.4, name=S4
14:08:15.624 - INFO - CDS - pfam detected: contig=contig_1, start=47820, stop=48839, strand=+, pfam-id=PF01118.27, length=121, aa-start=26, aa-stop=102, aa-cov=0.2, hmm-cov=0.5, evalue=1.3e-11, bitscore=38.1, name=Semialdhyde_dh
14:08:15.624 - INFO - CDS - pfam detected: contig=contig_1, start=47820, stop=48839, strand=+, pfam-id=PF02774.21, length=184, aa-start=121, aa-stop=315, aa-cov=0.6, hmm-cov=1.0, evalue=1.7e-31, bitscore=102.7, name=Semialdhyde_dhC
14:08:15.624 - INFO - CDS - pfam detected: contig=contig_1, start=42301, stop=43557, strand=+, pfam-id=PF04542.17, length=71, aa-start=189, aa-stop=259, aa-cov=0.2, hmm-cov=1.0, evalue=1.4e-23, bitscore=75.6, name=Sigma70_r2
14:08:15.624 - INFO - CDS - pfam detected: contig=contig_1, start=42301, stop=43557, strand=+, pfam-id=PF04545.19, length=50, aa-start=351, aa-stop=401, aa-cov=0.1, hmm-cov=0.9, evalue=1.3e-16, bitscore=52.9, name=Sigma70_r4
14:08:15.624 - INFO - CDS - pfam detected: contig=contig_1, start=115765, stop=116151, strand=+, pfam-id=PF01202.25, length=158, aa-start=7, aa-stop=125, aa-cov=0.9, hmm-cov=0.5, evalue=5.9e-07, bitscore=22.7, name=SKI
14:08:15.625 - INFO - CDS - pfam detected: contig=contig_1, start=71877, stop=72668, strand=+, pfam-id=PF14805.9, length=67, aa-start=2, aa-stop=66, aa-cov=0.2, hmm-cov=1.0, evalue=3.7e-11, bitscore=36.2, name=THDPS_N_2
14:08:15.625 - INFO - CDS - pfam detected: contig=contig_1, start=78248, stop=78541, strand=+, pfam-id=PF00085.23, length=103, aa-start=1, aa-stop=92, aa-cov=0.9, hmm-cov=0.8, evalue=5.3e-13, bitscore=41.9, name=Thioredoxin
14:08:15.625 - INFO - CDS - pfam detected: contig=contig_1, start=74096, stop=75454, strand=-, pfam-id=PF14821.9, length=79, aa-start=2, aa-stop=71, aa-cov=0.2, hmm-cov=0.8, evalue=4.4e-11, bitscore=35.9, name=Thr_synth_N
14:08:15.625 - INFO - CDS - pfam detected: contig=contig_1, start=39159, stop=40454, strand=-, pfam-id=PF00749.24, length=314, aa-start=15, aa-stop=320, aa-cov=0.7, hmm-cov=0.9, evalue=4.7e-43, bitscore=140.2, name=tRNA-synt_1c
14:08:15.625 - INFO - CDS - pfam detected: contig=contig_1, start=21609, stop=22832, strand=-, pfam-id=PF00152.23, length=314, aa-start=95, aa-stop=406, aa-cov=0.8, hmm-cov=1.0, evalue=4.6e-43, bitscore=140.4, name=tRNA-synt_2
14:08:15.625 - INFO - CDS - pfam detected: contig=contig_1, start=92130, stop=93134, strand=-, pfam-id=PF03054.19, length=202, aa-start=11, aa-stop=189, aa-cov=0.5, hmm-cov=1.0, evalue=8.4e-24, bitscore=77.3, name=tRNA_Me_trans
14:08:15.625 - INFO - CDS - predicted-pfams=82, CDS-w/-pfams=54
14:08:15.738 - INFO - S_ORF - predicted=1341
14:08:15.825 - INFO - S_ORF - sORF filter: # valid=41, # discarded=1300
14:08:15.825 - INFO - ORF - write internal aa seqs: # seqs=41, path=/tmp/tmpu8xytqwf/sorf.spurious.faa
14:08:15.950 - INFO - ORF - discarded=0
14:08:15.971 - INFO - UPS - looked-up=0
14:08:15.972 - INFO - IPS - looked-up=0
14:08:15.972 - INFO - ORF - write internal aa seqs: # seqs=41, path=/tmp/tmpu8xytqwf/sorf.faa
14:08:16.102 - INFO - S_ORF - found=0
14:08:16.103 - INFO - PSC - looked-up=0
14:08:17.615 - INFO - ORI - predicted=0
14:08:17.711 - INFO - ORI - predicted=0
14:08:17.711 - INFO - ANNOTATION - overlap: CDS (None/Elongation factor Tu) [1, 1185] overlapping tRNA (Trp_trna) [1176, 1247], [1176,1185], contig=contig_1
14:08:17.711 - INFO - ANNOTATION - overlap: CDS (None/hypothetical protein) [1221, 1637] overlapping tRNA (Trp_trna) [1176, 1247], [1221,1247], contig=contig_1
14:08:17.711 - INFO - ANNOTATION - overlap: CDS (None/hypothetical protein) [13552, 13965] overlapping tRNA (Phe_trna) [13959, 14031], [13959,13965], contig=contig_1
14:08:17.711 - INFO - ANNOTATION - overlap: CDS (None/hypothetical protein) [14002, 14457] overlapping tRNA (Phe_trna) [13959, 14031], [14002,14031], contig=contig_1
14:08:17.711 - INFO - ANNOTATION - overlap: CDS (None/hypothetical protein) [24352, 26361] overlapping tRNA (Ser_trna) [26361, 26443], [26361,26361], contig=contig_1
14:08:17.711 - INFO - ANNOTATION - overlap: CDS (None/hypothetical protein) [26432, 26599] overlapping tRNA (Ser_trna) [26361, 26443], [26432,26443], contig=contig_1
14:08:17.712 - INFO - ANNOTATION - overlap: CDS (None/hypothetical protein) [42301, 43557] overlapping tRNA (None) [43548, 43798], [43548,43557], contig=contig_1
14:08:17.712 - INFO - ANNOTATION - overlap: CDS (None/hypothetical protein) [43656, 43757] overlapping tRNA (None) [43548, 43798], [43656,43757], contig=contig_1
14:08:17.712 - INFO - ANNOTATION - overlap: CDS (None/hypothetical protein) [46721, 46885] overlapping tRNA (Leu_trna) [46851, 46923], [46851,46885], contig=contig_1
14:08:17.712 - INFO - ANNOTATION - overlap: CDS (None/hypothetical protein) [52294, 52803] overlapping tRNA (Gly_trna) [52237, 52308], [52294,52308], contig=contig_1
14:08:17.712 - INFO - ANNOTATION - overlap: CDS (None/ATP-dependent Clp protease ATP-binding subunit ClpX) [58053, 59216] overlapping tRNA (Val_trna) [59207, 59278], [59207,59216], contig=contig_1
14:08:17.712 - INFO - ANNOTATION - overlap: CDS (None/hypothetical protein) [59249, 59362] overlapping tRNA (Val_trna) [59207, 59278], [59249,59278], contig=contig_1
14:08:17.712 - INFO - ANNOTATION - overlap: CDS (None/hypothetical protein) [59249, 59362] overlapping tRNA (Ser_trna) [59361, 59444], [59361,59362], contig=contig_1
14:08:17.712 - INFO - ANNOTATION - overlap: CDS (None/hypothetical protein) [59249, 59362] overlapping tRNA (Leu_trna) [59279, 59359], [59279,59359], contig=contig_1
14:08:17.712 - INFO - ANNOTATION - overlap: CDS (None/hypothetical protein) [65120, 65392] overlapping tRNA (His_trna) [65391, 65464], [65391,65392], contig=contig_1
14:08:17.712 - INFO - ANNOTATION - overlap: CDS (None/hypothetical protein) [65478, 66332] overlapping tRNA (Lys_trna) [66319, 66390], [66319,66332], contig=contig_1
14:08:17.712 - INFO - ANNOTATION - overlap: CDS (None/hypothetical protein) [66381, 66728] overlapping tRNA (Lys_trna) [66319, 66390], [66381,66390], contig=contig_1
14:08:17.712 - INFO - ANNOTATION - overlap: CDS (None/Chorismate synthase) [67379, 68407] overlapping tRNA (Val_trna) [67308, 67379], [67379,67379], contig=contig_1
14:08:17.712 - INFO - ANNOTATION - overlap: CDS (None/hypothetical protein) [68487, 68618] overlapping tRNA (fMet_trna) [68607, 68679], [68607,68618], contig=contig_1
14:08:17.712 - INFO - ANNOTATION - overlap: CDS (None/hypothetical protein) [78534, 78773] overlapping tRNA (Asp_trna) [78735, 78807], [78735,78773], contig=contig_1
14:08:17.712 - INFO - ANNOTATION - overlap: CDS (None/hypothetical protein) [98640, 99404] overlapping tRNA (Ala_trna) [99404, 99475], [99404,99404], contig=contig_1
14:08:17.713 - INFO - ANNOTATION - overlap: CDS (None/hypothetical protein) [101325, 101483] overlapping rRNA (23S_rrna) [100915, 103694], [101325,101483], contig=contig_1
14:08:17.713 - INFO - ANNOTATION - overlap: CDS (None/hypothetical protein) [101709, 101852] overlapping rRNA (23S_rrna) [100915, 103694], [101709,101852], contig=contig_1
14:08:17.713 - INFO - ANNOTATION - overlap: CDS (None/hypothetical protein) [103643, 103765] overlapping tRNA (Ile_trna) [103708, 103779], [103708,103765], contig=contig_1
14:08:17.713 - INFO - ANNOTATION - overlap: CDS (None/hypothetical protein) [103643, 103765] overlapping rRNA (23S_rrna) [100915, 103694], [103643,103694], contig=contig_1
14:08:17.713 - INFO - ANNOTATION - overlap: CDS (None/hypothetical protein) [104148, 104315] overlapping rRNA (16S_rrna) [103785, 105276], [104148,104315], contig=contig_1
14:08:17.713 - INFO - ANNOTATION - overlap: CDS (None/hypothetical protein) [116144, 117190] overlapping tRNA (Met_trna) [117152, 117224], [117152,117190], contig=contig_1
14:08:17.713 - INFO - UTILS - generated sequence tag prefix: prefix=CPJOAPLBBM, length=10, MD5=C938A95BB6D6039EF62D929182A9FBEF
14:08:17.713 - INFO - MAIN - selected features=150
14:08:17.713 - INFO - MAIN - locus tag prefix=VFCALBON1
14:08:17.714 - INFO - UTILS - genome-size=117426
14:08:17.714 - INFO - UTILS - GC=0.251
14:08:17.716 - INFO - UTILS - N=0.000
14:08:17.716 - INFO - UTILS - N50=117426
14:08:17.716 - INFO - UTILS - coding-ratio=0.890
14:08:17.718 - INFO - TSV - write tsv: path=/home/diego/Documents/metagenomes/annotation_symbio_merge/annotation_Beta/genomes/bakta_VFCALBON1/bakta_VFCALBON1.tsv
14:08:17.718 - INFO - GFF - write GFF3: path=/home/diego/Documents/metagenomes/annotation_symbio_merge/annotation_Beta/genomes/bakta_VFCALBON1/bakta_VFCALBON1.gff3
14:08:17.873 - INFO - INSDC - write GenBank: path=/home/diego/Documents/metagenomes/annotation_symbio_merge/annotation_Beta/genomes/bakta_VFCALBON1/bakta_VFCALBON1.gbff
14:08:17.883 - INFO - INSDC - write EMBL: path=/home/diego/Documents/metagenomes/annotation_symbio_merge/annotation_Beta/genomes/bakta_VFCALBON1/bakta_VFCALBON1.embl
14:08:17.895 - INFO - FASTA - write genome sequences: path=/home/diego/Documents/metagenomes/annotation_symbio_merge/annotation_Beta/genomes/bakta_VFCALBON1/bakta_VFCALBON1.fna, description=True, wrap=True
14:08:17.895 - INFO - FASTA - write feature nucleotide sequences: path=/home/diego/Documents/metagenomes/annotation_symbio_merge/annotation_Beta/genomes/bakta_VFCALBON1/bakta_VFCALBON1.ffn
14:08:17.896 - INFO - FASTA - write translated CDS/sORF: path=/home/diego/Documents/metagenomes/annotation_symbio_merge/annotation_Beta/genomes/bakta_VFCALBON1/bakta_VFCALBON1.faa
14:08:17.896 - INFO - TSV - write hypothetical tsv: path=/home/diego/Documents/metagenomes/annotation_symbio_merge/annotation_Beta/genomes/bakta_VFCALBON1/bakta_VFCALBON1.hypotheticals.tsv
14:08:17.896 - INFO - FASTA - write translated CDS/sORF: path=/home/diego/Documents/metagenomes/annotation_symbio_merge/annotation_Beta/genomes/bakta_VFCALBON1/bakta_VFCALBON1.hypotheticals.faa
14:08:17.897 - INFO - JSON - write JSON: path=/home/diego/Documents/metagenomes/annotation_symbio_merge/annotation_Beta/genomes/bakta_VFCALBON1/bakta_VFCALBON1.json
14:08:17.908 - INFO - MAIN - removed tmp dir: /tmp/tmpu8xytqwf
