18:20:49.591 - INFO - UTILS - version=1.8.2
18:20:49.591 - INFO - UTILS - developer: Oliver Schwengers, github.com/oschwengers
18:20:49.591 - INFO - UTILS - command: /home/diego/miniconda3/envs/bakta/bin/bakta VFCALBON1.fasta --complete --translation-table 11 --keep-contig-headers --compliant --threads 30 --output annotation_bakta/bakta_VFCALBON1
18:20:49.591 - INFO - UTILS - local time: 2023-11-07 18:20:49
18:20:49.592 - INFO - UTILS - machine: type=x86_64, cores=32
18:20:49.592 - INFO - UTILS - system: type=Linux, release=6.5.0-10-generic
18:20:49.592 - INFO - UTILS - python: version=3.10.12, implementation=CPython
18:20:49.592 - INFO - CONFIG - threads=30
18:20:49.592 - INFO - CONFIG - verbose=False
18:20:49.592 - INFO - CONFIG - debug=False
18:20:49.592 - INFO - CONFIG - database: type=environment, path=/mnt/ssd/databases/bakta_db
18:20:49.592 - INFO - CONFIG - tmp-path=/tmp/tmpz_v7hn5q
18:20:49.592 - INFO - CONFIG - genome-path=/home/diego/Documents/metagenomes/annotation_symbio_merge/annotation_Beta/genomes/VFCALBON1.fasta
18:20:49.592 - INFO - CONFIG - min_contig_length=1
18:20:49.592 - INFO - CONFIG - prefix=VFCALBON1
18:20:49.592 - INFO - CONFIG - output-path=/home/diego/Documents/metagenomes/annotation_symbio_merge/annotation_Beta/genomes/annotation_bakta/bakta_VFCALBON1
18:20:49.592 - INFO - CONFIG - force=False
18:20:49.592 - INFO - CONFIG - genus=None
18:20:49.592 - INFO - CONFIG - species=None
18:20:49.592 - INFO - CONFIG - strain=None
18:20:49.592 - INFO - CONFIG - plasmid=None
18:20:49.592 - INFO - CONFIG - complete=True
18:20:49.592 - INFO - CONFIG - prodigal_tf=None
18:20:49.592 - INFO - CONFIG - translation_table=11
18:20:49.592 - INFO - CONFIG - gram=?
18:20:49.592 - INFO - CONFIG - compliant=True
18:20:49.592 - INFO - CONFIG - compliant mode! min_contig_length=200
18:20:49.592 - INFO - CONFIG - meta=False
18:20:49.592 - INFO - CONFIG - locus=None
18:20:49.592 - INFO - CONFIG - locus-tag=None
18:20:49.592 - INFO - CONFIG - keep_contig_headers=True
18:20:49.592 - INFO - CONFIG - replicon-table=None
18:20:49.592 - INFO - CONFIG - skip-tRNA=False
18:20:49.592 - INFO - CONFIG - skip-tmRNA=False
18:20:49.592 - INFO - CONFIG - skip-rRNA=False
18:20:49.592 - INFO - CONFIG - skip-ncRNA=False
18:20:49.592 - INFO - CONFIG - skip-ncRNA-region=False
18:20:49.592 - INFO - CONFIG - skip-CRISPR=False
18:20:49.592 - INFO - CONFIG - skip-CDS=False
18:20:49.592 - INFO - CONFIG - skip-pseudo=False
18:20:49.592 - INFO - CONFIG - skip-sORF=False
18:20:49.592 - INFO - CONFIG - skip-gap=False
18:20:49.592 - INFO - CONFIG - skip-ori=False
18:20:49.592 - INFO - CONFIG - skip-plot=False
18:20:49.592 - INFO - DB - detected: major=5, minor=0, type=full, date=2023-02-20
18:20:49.626 - INFO - UTILS - dependency: tool=tRNAscan-SE, version=v2.0.12, path=/home/diego/miniconda3/envs/bakta/bin/tRNAscan-SE
18:20:49.627 - INFO - UTILS - dependency: tool=Aragorn, version=v1.2.41, path=/home/diego/miniconda3/envs/bakta/bin/aragorn
18:20:49.628 - INFO - UTILS - dependency: tool=CMscan, version=v1.1.4, path=/home/diego/miniconda3/envs/bakta/bin/cmscan
18:20:49.629 - INFO - UTILS - dependency: tool=PilerCR, version=v1.6.0, path=/home/diego/miniconda3/envs/bakta/bin/pilercr
18:20:49.655 - INFO - UTILS - dependency: tool=Pyrodigal, version=v2.3.0, path=/home/diego/miniconda3/envs/bakta/bin/python
18:20:49.657 - INFO - UTILS - dependency: tool=AMRFinderPlus, version=v3.11.18, path=/home/diego/miniconda3/envs/bakta/bin/amrfinder
18:20:49.685 - INFO - UTILS - dependency: tool=Pyhmmer, version=v0.10.2, path=/home/diego/miniconda3/envs/bakta/bin/python
18:20:49.687 - INFO - UTILS - dependency: tool=Diamond, version=v2.1.8, path=/home/diego/miniconda3/envs/bakta/bin/diamond
18:20:49.731 - INFO - UTILS - dependency: tool=Blastn, version=v2.14.1, path=/home/diego/miniconda3/envs/bakta/bin/blastn
18:20:49.881 - INFO - UTILS - dependency: tool=Circos, version=v0.69.8, path=/home/diego/miniconda3/envs/bakta/bin/circos
18:20:49.892 - INFO - FASTA - imported: id=VFCALBON1, length=117426, description=, genomic=True, dna=True
18:20:49.892 - INFO - MAIN - imported sequences=1
18:20:49.893 - INFO - UTILS - qc: revised sequence: id=VFCALBON1, orig-id=, type=contig, complete=True, topology=circular, name=, description='', orig-description=''
18:20:49.893 - INFO - FASTA - write genome sequences: path=/tmp/tmpz_v7hn5q/contigs.fna, description=False, wrap=False
18:20:56.915 - INFO - T_RNA - contig=VFCALBON1, start=1176, stop=1247, strand=+, gene=trnW, product=tRNA-Trp(cca), score=60.5, nt=[AGAGACATAG..TCTGTCTCTA]
18:20:56.915 - INFO - T_RNA - contig=VFCALBON1, start=13959, stop=14031, strand=+, gene=trnF, product=tRNA-Phe(gaa), score=66.8, nt=[GGCTTAATAA..CTTTAAGCCA]
18:20:56.915 - INFO - T_RNA - contig=VFCALBON1, start=18377, stop=18448, strand=+, gene=trnQ, product=tRNA-Gln(ttg), score=61.7, nt=[AGGGAAATAA..ACTTTCCTAA]
18:20:56.915 - INFO - T_RNA - contig=VFCALBON1, start=26361, stop=26443, strand=+, gene=trnS, product=tRNA-Ser(gct), score=57.7, nt=[GGAGATATGA..ACTGTCTCCT]
18:20:56.915 - INFO - T_RNA - contig=VFCALBON1, start=43548, stop=43798, strand=+, gene=None, product=tRNA-Xxx, score=40.9, nt=[AGGTCGTTAG..GCACGACCTA]
18:20:56.915 - INFO - T_RNA - contig=VFCALBON1, start=46851, stop=46923, strand=+, gene=trnL, product=tRNA-Leu(aag), score=49.7, nt=[ACCGATGTGG..ATCATCGGTA]
18:20:56.915 - INFO - T_RNA - contig=VFCALBON1, start=46924, stop=46996, strand=+, gene=trnL, product=tRNA-Leu(tag), score=56.8, nt=[ACGAGTGTGG..ACTACTCGTA]
18:20:56.915 - INFO - T_RNA - contig=VFCALBON1, start=46997, stop=47080, strand=+, gene=trnS, product=tRNA-Ser(aga), score=54.5, nt=[GGAGAAGTTG..TTCTTCTCTT]
18:20:56.915 - INFO - T_RNA - contig=VFCALBON1, start=59207, stop=59278, strand=+, gene=trnV, product=tRNA-Val(tac), score=57.5, nt=[AGGTATTTAA..TCAATACCTA]
18:20:56.915 - INFO - T_RNA - contig=VFCALBON1, start=65391, stop=65464, strand=+, gene=trnH, product=tRNA-His(gtg), score=40.7, nt=[GATGCTTATA..TTGAGCATCA]
18:20:56.915 - INFO - T_RNA - contig=VFCALBON1, start=68715, stop=68789, strand=+, gene=trnP, product=tRNA-Pro(tgg), score=70.2, nt=[CGGAAAGTAT..TTTCCGACCA]
18:20:56.915 - INFO - T_RNA - contig=VFCALBON1, start=117152, stop=117224, strand=+, gene=trnM, product=tRNA-Met(cat), score=44.2, nt=[GGCGAATTAG..TGATTCGCTA]
18:20:56.915 - INFO - T_RNA - contig=VFCALBON1, start=117265, stop=117348, strand=+, gene=trnY, product=tRNA-Tyr(gta), score=65.0, nt=[GAAGGAATGC..ACTTCCTTCA]
18:20:56.915 - INFO - T_RNA - contig=VFCALBON1, start=117350, stop=117420, strand=+, gene=trnG, product=tRNA-Gly(tcc), score=50.0, nt=[GCGAATATAT..TTTATTCGCT]
18:20:56.915 - INFO - T_RNA - contig=VFCALBON1, start=103708, stop=103779, strand=-, gene=trnI, product=tRNA-Ile(gat), score=55.6, nt=[AGGTCTATGG..ATTAGGCCTA]
18:20:56.915 - INFO - T_RNA - contig=VFCALBON1, start=99404, stop=99475, strand=-, gene=trnA, product=tRNA-Ala(tgc), score=50.8, nt=[GGGGAAATAT..ATTTTCTCCA]
18:20:56.915 - INFO - T_RNA - contig=VFCALBON1, start=78808, stop=78879, strand=-, gene=trnE, product=tRNA-Glu(ttc), score=47.0, nt=[GTCCTTTTAA..CTAAAGGATA]
18:20:56.915 - INFO - T_RNA - contig=VFCALBON1, start=78735, stop=78807, strand=-, gene=trnD, product=tRNA-Asp(gtc), score=56.0, nt=[GAGATGGTAG..GTCCATTTCG]
18:20:56.915 - INFO - T_RNA - contig=VFCALBON1, start=68607, stop=68679, strand=-, gene=trnfM, product=tRNA-fMet(cat), score=59.3, nt=[CGTGAGGTAG..ATCTTCGCAA]
18:20:56.915 - INFO - T_RNA - contig=VFCALBON1, start=68415, stop=68486, strand=-, gene=trnR, product=tRNA-Arg(tct), score=50.2, nt=[CTCCTTATAG..CGTAGGGAGG]
18:20:56.915 - INFO - T_RNA - contig=VFCALBON1, start=67308, stop=67379, strand=-, gene=trnV, product=tRNA-Val(gac), score=53.5, nt=[GGGCTTGTAG..ATCAAGCTCA]
18:20:56.915 - INFO - T_RNA - contig=VFCALBON1, start=66319, stop=66390, strand=-, gene=trnK, product=tRNA-Lys(ttt), score=76.9, nt=[AGGTCGTTAG..GCACGACCTA]
18:20:56.915 - INFO - T_RNA - contig=VFCALBON1, start=59361, stop=59444, strand=-, gene=trnS, product=tRNA-Ser(tga), score=56.0, nt=[GAAGATATGA..ACTATCTTCT]
18:20:56.915 - INFO - T_RNA - contig=VFCALBON1, start=59279, stop=59359, strand=-, gene=trnL, product=tRNA-Leu(caa), score=40.7, nt=[GTCTGTGTGG..CTCTCAGACA]
18:20:56.915 - INFO - T_RNA - contig=VFCALBON1, start=52237, stop=52308, strand=-, gene=trnG, product=tRNA-Gly(gcc), score=42.2, nt=[GCAAGGGTAT..ATTCCTTGCT]
18:20:56.915 - INFO - T_RNA - contig=VFCALBON1, start=52166, stop=52236, strand=-, gene=trnC, product=tRNA-Cys(gca), score=41.1, nt=[GGTGATATGA..GTTTTCACCT]
18:20:56.915 - INFO - T_RNA - contig=VFCALBON1, start=51522, stop=51593, strand=-, gene=trnN, product=tRNA-Asn(gtt), score=63.1, nt=[TCCTCAGTAG..AGCTGAGGAG]
18:20:56.915 - INFO - T_RNA - contig=VFCALBON1, start=20280, stop=20510, strand=-, gene=None, product=tRNA-Xxx, score=34.5, nt=[ACCGAAGTGA..GTCTTCGGTA]
18:20:56.916 - INFO - T_RNA - predicted=28
18:20:56.926 - INFO - TM_RNA - predicted=0
18:20:58.078 - INFO - R_RNA - contig=VFCALBON1, start=103785, stop=105276, strand=-, gene=rrs, product=16S ribosomal RNA, length=1492, coverage=0.973, truncated=None, score=1326.4, evalue=7.3e-42, nt=[TTTTATGTGA..TTTTATTTTT]
18:20:58.078 - INFO - R_RNA - contig=VFCALBON1, start=100915, stop=103694, strand=-, gene=rrl, product=23S ribosomal RNA, length=2780, coverage=0.950, truncated=None, score=2246.1, evalue=5.9e-05, nt=[TATTAAATAT..GTTTATTATT]
18:20:58.078 - INFO - R_RNA - predicted=2
18:20:58.604 - INFO - NC_RNA - predicted=0
18:20:58.740 - INFO - NC_RNA_REGION - predicted=0
18:20:58.776 - INFO - CRISPR - predicted=0
18:20:58.776 - INFO - CDS - create prodigal training info object: meta=False, closed=False
18:20:58.890 - INFO - CDS - contig=VFCALBON1, start=1, stop=1185, strand=+, frame=1, truncated=5-prime, start-type=Edge, RBS-motif=None
18:20:58.891 - INFO - CDS - contig=VFCALBON1, start=1221, stop=1637, strand=+, frame=3, truncated=no, start-type=ATG, RBS-motif=AAA
18:20:58.891 - INFO - CDS - contig=VFCALBON1, start=1618, stop=2229, strand=+, frame=1, truncated=no, start-type=ATG, RBS-motif=None
18:20:58.891 - INFO - CDS - contig=VFCALBON1, start=2198, stop=2644, strand=+, frame=2, truncated=no, start-type=ATG, RBS-motif=None
18:20:58.891 - INFO - CDS - contig=VFCALBON1, start=2619, stop=2984, strand=+, frame=3, truncated=no, start-type=ATG, RBS-motif=AACAA
18:20:58.891 - INFO - CDS - contig=VFCALBON1, start=2987, stop=6565, strand=+, frame=2, truncated=no, start-type=ATG, RBS-motif=AAA
18:20:58.891 - INFO - CDS - contig=VFCALBON1, start=6562, stop=10392, strand=+, frame=1, truncated=no, start-type=ATG, RBS-motif=AAA
18:20:58.891 - INFO - CDS - contig=VFCALBON1, start=10358, stop=10756, strand=+, frame=2, truncated=no, start-type=ATG, RBS-motif=None
18:20:58.891 - INFO - CDS - contig=VFCALBON1, start=10722, stop=11204, strand=+, frame=3, truncated=no, start-type=ATG, RBS-motif=AAA
18:20:58.891 - INFO - CDS - contig=VFCALBON1, start=11204, stop=13255, strand=+, frame=2, truncated=no, start-type=ATG, RBS-motif=None
18:20:58.891 - INFO - CDS - contig=VFCALBON1, start=13260, stop=13571, strand=+, frame=3, truncated=no, start-type=ATG, RBS-motif=AACAA
18:20:58.891 - INFO - CDS - contig=VFCALBON1, start=13552, stop=13965, strand=+, frame=1, truncated=no, start-type=ATG, RBS-motif=AAA
18:20:58.891 - INFO - CDS - contig=VFCALBON1, start=14002, stop=14457, strand=+, frame=1, truncated=no, start-type=ATG, RBS-motif=None
18:20:58.891 - INFO - CDS - contig=VFCALBON1, start=14420, stop=15172, strand=-, frame=3, truncated=no, start-type=ATG, RBS-motif=None
18:20:58.891 - INFO - CDS - contig=VFCALBON1, start=15165, stop=16268, strand=-, frame=2, truncated=no, start-type=ATG, RBS-motif=None
18:20:58.891 - INFO - CDS - contig=VFCALBON1, start=16268, stop=16657, strand=-, frame=3, truncated=no, start-type=ATG, RBS-motif=None
18:20:58.891 - INFO - CDS - contig=VFCALBON1, start=16654, stop=16965, strand=-, frame=1, truncated=no, start-type=ATG, RBS-motif=None
18:20:58.891 - INFO - CDS - contig=VFCALBON1, start=16962, stop=17738, strand=-, frame=2, truncated=no, start-type=ATG, RBS-motif=None
18:20:58.891 - INFO - CDS - contig=VFCALBON1, start=17735, stop=18334, strand=-, frame=3, truncated=no, start-type=ATG, RBS-motif=AAA
18:20:58.891 - INFO - CDS - contig=VFCALBON1, start=18453, stop=19328, strand=+, frame=3, truncated=no, start-type=ATG, RBS-motif=None
18:20:58.891 - INFO - CDS - contig=VFCALBON1, start=19297, stop=19767, strand=+, frame=1, truncated=no, start-type=ATG, RBS-motif=AAA
18:20:58.891 - INFO - CDS - contig=VFCALBON1, start=19744, stop=20268, strand=-, frame=1, truncated=no, start-type=ATG, RBS-motif=None
18:20:58.891 - INFO - CDS - contig=VFCALBON1, start=20549, stop=21628, strand=+, frame=2, truncated=no, start-type=ATG, RBS-motif=AAAA
18:20:58.891 - INFO - CDS - contig=VFCALBON1, start=21609, stop=22832, strand=-, frame=2, truncated=no, start-type=ATG, RBS-motif=None
18:20:58.891 - INFO - CDS - contig=VFCALBON1, start=22829, stop=23491, strand=-, frame=3, truncated=no, start-type=ATG, RBS-motif=None
18:20:58.891 - INFO - CDS - contig=VFCALBON1, start=23481, stop=24314, strand=-, frame=2, truncated=no, start-type=ATG, RBS-motif=None
18:20:58.891 - INFO - CDS - contig=VFCALBON1, start=24352, stop=26361, strand=+, frame=1, truncated=no, start-type=ATG, RBS-motif=None
18:20:58.891 - INFO - CDS - contig=VFCALBON1, start=26432, stop=26641, strand=-, frame=3, truncated=no, start-type=ATG, RBS-motif=None
18:20:58.891 - INFO - CDS - contig=VFCALBON1, start=26592, stop=28859, strand=-, frame=2, truncated=no, start-type=ATG, RBS-motif=AAA
18:20:58.891 - INFO - CDS - contig=VFCALBON1, start=28868, stop=29029, strand=-, frame=3, truncated=no, start-type=ATG, RBS-motif=AAA
18:20:58.891 - INFO - CDS - contig=VFCALBON1, start=29022, stop=29171, strand=-, frame=2, truncated=no, start-type=ATG, RBS-motif=AAA
18:20:58.891 - INFO - CDS - contig=VFCALBON1, start=29206, stop=31410, strand=+, frame=1, truncated=no, start-type=ATG, RBS-motif=AAA
18:20:58.891 - INFO - CDS - contig=VFCALBON1, start=31635, stop=32294, strand=+, frame=3, truncated=no, start-type=ATG, RBS-motif=None
18:20:58.891 - INFO - CDS - contig=VFCALBON1, start=32291, stop=33412, strand=+, frame=2, truncated=no, start-type=ATG, RBS-motif=AAAA
18:20:58.891 - INFO - CDS - contig=VFCALBON1, start=33398, stop=34198, strand=-, frame=3, truncated=no, start-type=ATG, RBS-motif=None
18:20:58.891 - INFO - CDS - contig=VFCALBON1, start=34191, stop=34925, strand=-, frame=2, truncated=no, start-type=ATG, RBS-motif=None
18:20:58.891 - INFO - CDS - contig=VFCALBON1, start=34903, stop=35859, strand=-, frame=1, truncated=no, start-type=ATG, RBS-motif=None
18:20:58.891 - INFO - CDS - contig=VFCALBON1, start=35837, stop=36415, strand=-, frame=3, truncated=no, start-type=GTG, RBS-motif=None
18:20:58.891 - INFO - CDS - contig=VFCALBON1, start=36412, stop=37578, strand=-, frame=1, truncated=no, start-type=ATG, RBS-motif=None
18:20:58.891 - INFO - CDS - contig=VFCALBON1, start=37575, stop=38936, strand=-, frame=2, truncated=no, start-type=ATG, RBS-motif=None
18:20:58.891 - INFO - CDS - contig=VFCALBON1, start=39159, stop=40454, strand=-, frame=2, truncated=no, start-type=ATG, RBS-motif=None
18:20:58.891 - INFO - CDS - contig=VFCALBON1, start=40423, stop=41325, strand=-, frame=1, truncated=no, start-type=ATG, RBS-motif=None
18:20:58.891 - INFO - CDS - contig=VFCALBON1, start=41304, stop=42215, strand=-, frame=2, truncated=no, start-type=ATG, RBS-motif=None
18:20:58.891 - INFO - CDS - contig=VFCALBON1, start=42301, stop=43557, strand=+, frame=1, truncated=no, start-type=ATG, RBS-motif=None
18:20:58.891 - INFO - CDS - contig=VFCALBON1, start=43656, stop=43757, strand=+, frame=3, truncated=no, start-type=ATG, RBS-motif=AACAA
18:20:58.891 - INFO - CDS - contig=VFCALBON1, start=43809, stop=46724, strand=+, frame=3, truncated=no, start-type=ATG, RBS-motif=None
18:20:58.891 - INFO - CDS - contig=VFCALBON1, start=46721, stop=46885, strand=+, frame=2, truncated=no, start-type=ATG, RBS-motif=None
18:20:58.891 - INFO - CDS - contig=VFCALBON1, start=47086, stop=47823, strand=+, frame=1, truncated=no, start-type=ATG, RBS-motif=None
18:20:58.891 - INFO - CDS - contig=VFCALBON1, start=47820, stop=48839, strand=+, frame=3, truncated=no, start-type=ATG, RBS-motif=None
18:20:58.891 - INFO - CDS - contig=VFCALBON1, start=48805, stop=49395, strand=+, frame=1, truncated=no, start-type=ATG, RBS-motif=AAA
18:20:58.891 - INFO - CDS - contig=VFCALBON1, start=49338, stop=50462, strand=+, frame=3, truncated=no, start-type=ATG, RBS-motif=None
18:20:58.891 - INFO - CDS - contig=VFCALBON1, start=50459, stop=51076, strand=+, frame=2, truncated=no, start-type=GTG, RBS-motif=None
18:20:58.891 - INFO - CDS - contig=VFCALBON1, start=51079, stop=51321, strand=+, frame=1, truncated=no, start-type=ATG, RBS-motif=AAA
18:20:58.891 - INFO - CDS - contig=VFCALBON1, start=51302, stop=51514, strand=+, frame=2, truncated=no, start-type=ATG, RBS-motif=AAA
18:20:58.891 - INFO - CDS - contig=VFCALBON1, start=51605, stop=52138, strand=+, frame=2, truncated=no, start-type=ATG, RBS-motif=None
18:20:58.891 - INFO - CDS - contig=VFCALBON1, start=52294, stop=52803, strand=-, frame=1, truncated=no, start-type=TTG, RBS-motif=None
18:20:58.891 - INFO - CDS - contig=VFCALBON1, start=52817, stop=53863, strand=+, frame=2, truncated=no, start-type=ATG, RBS-motif=None
18:20:58.891 - INFO - CDS - contig=VFCALBON1, start=53860, stop=56946, strand=+, frame=1, truncated=no, start-type=ATG, RBS-motif=None
18:20:58.891 - INFO - CDS - contig=VFCALBON1, start=56954, stop=57490, strand=+, frame=2, truncated=no, start-type=ATG, RBS-motif=AAA
18:20:58.892 - INFO - CDS - contig=VFCALBON1, start=57436, stop=58056, strand=+, frame=1, truncated=no, start-type=ATG, RBS-motif=AAA
18:20:58.892 - INFO - CDS - contig=VFCALBON1, start=58053, stop=59216, strand=+, frame=3, truncated=no, start-type=ATG, RBS-motif=None
18:20:58.892 - INFO - CDS - contig=VFCALBON1, start=59249, stop=59362, strand=+, frame=2, truncated=no, start-type=ATG, RBS-motif=None
18:20:58.892 - INFO - CDS - contig=VFCALBON1, start=59689, stop=60093, strand=+, frame=1, truncated=no, start-type=ATG, RBS-motif=None
18:20:58.892 - INFO - CDS - contig=VFCALBON1, start=60075, stop=61313, strand=+, frame=3, truncated=no, start-type=ATG, RBS-motif=AAA
18:20:58.892 - INFO - CDS - contig=VFCALBON1, start=61306, stop=62229, strand=+, frame=1, truncated=no, start-type=ATG, RBS-motif=AAA
18:20:58.892 - INFO - CDS - contig=VFCALBON1, start=62226, stop=62786, strand=+, frame=3, truncated=no, start-type=ATG, RBS-motif=AAA
18:20:58.892 - INFO - CDS - contig=VFCALBON1, start=62783, stop=63427, strand=+, frame=2, truncated=no, start-type=ATG, RBS-motif=AAA
18:20:58.892 - INFO - CDS - contig=VFCALBON1, start=63405, stop=64106, strand=+, frame=3, truncated=no, start-type=ATG, RBS-motif=AAAA
18:20:58.892 - INFO - CDS - contig=VFCALBON1, start=64103, stop=64849, strand=+, frame=2, truncated=no, start-type=ATG, RBS-motif=AAA
18:20:58.892 - INFO - CDS - contig=VFCALBON1, start=64846, stop=65133, strand=+, frame=1, truncated=no, start-type=ATG, RBS-motif=None
18:20:58.892 - INFO - CDS - contig=VFCALBON1, start=65120, stop=65392, strand=+, frame=2, truncated=no, start-type=ATG, RBS-motif=None
18:20:58.892 - INFO - CDS - contig=VFCALBON1, start=65478, stop=66332, strand=+, frame=3, truncated=no, start-type=ATG, RBS-motif=None
18:20:58.892 - INFO - CDS - contig=VFCALBON1, start=66381, stop=66728, strand=-, frame=2, truncated=no, start-type=ATG, RBS-motif=None
18:20:58.892 - INFO - CDS - contig=VFCALBON1, start=66700, stop=66867, strand=-, frame=1, truncated=no, start-type=ATG, RBS-motif=None
18:20:58.892 - INFO - CDS - contig=VFCALBON1, start=66845, stop=67300, strand=-, frame=3, truncated=no, start-type=ATG, RBS-motif=None
18:20:58.892 - INFO - CDS - contig=VFCALBON1, start=67379, stop=68407, strand=-, frame=3, truncated=no, start-type=ATG, RBS-motif=None
18:20:58.892 - INFO - CDS - contig=VFCALBON1, start=68487, stop=68618, strand=+, frame=3, truncated=no, start-type=ATG, RBS-motif=AAA
18:20:58.892 - INFO - CDS - contig=VFCALBON1, start=69021, stop=69389, strand=+, frame=3, truncated=no, start-type=ATG, RBS-motif=AAA
18:20:58.892 - INFO - CDS - contig=VFCALBON1, start=69364, stop=69882, strand=-, frame=1, truncated=no, start-type=ATG, RBS-motif=None
18:20:58.892 - INFO - CDS - contig=VFCALBON1, start=69879, stop=70715, strand=-, frame=2, truncated=no, start-type=ATG, RBS-motif=None
18:20:58.892 - INFO - CDS - contig=VFCALBON1, start=70843, stop=71895, strand=+, frame=1, truncated=no, start-type=ATG, RBS-motif=AAA
18:20:58.892 - INFO - CDS - contig=VFCALBON1, start=71877, stop=72668, strand=+, frame=3, truncated=no, start-type=ATG, RBS-motif=AAAA
18:20:58.892 - INFO - CDS - contig=VFCALBON1, start=72773, stop=73873, strand=+, frame=2, truncated=no, start-type=ATG, RBS-motif=AAA
18:20:58.892 - INFO - CDS - contig=VFCALBON1, start=73863, stop=74099, strand=-, frame=2, truncated=no, start-type=ATG, RBS-motif=None
18:20:58.892 - INFO - CDS - contig=VFCALBON1, start=74096, stop=75454, strand=-, frame=3, truncated=no, start-type=ATG, RBS-motif=None
18:20:58.892 - INFO - CDS - contig=VFCALBON1, start=75459, stop=76607, strand=-, frame=2, truncated=no, start-type=ATG, RBS-motif=None
18:20:58.892 - INFO - CDS - contig=VFCALBON1, start=76607, stop=77800, strand=-, frame=3, truncated=no, start-type=ATG, RBS-motif=None
18:20:58.892 - INFO - CDS - contig=VFCALBON1, start=77790, stop=77951, strand=-, frame=2, truncated=no, start-type=GTG, RBS-motif=AAAA
18:20:58.892 - INFO - CDS - contig=VFCALBON1, start=77948, stop=78247, strand=-, frame=3, truncated=no, start-type=ATG, RBS-motif=AAA
18:20:58.892 - INFO - CDS - contig=VFCALBON1, start=78248, stop=78541, strand=+, frame=2, truncated=no, start-type=ATG, RBS-motif=None
18:20:58.892 - INFO - CDS - contig=VFCALBON1, start=78534, stop=78773, strand=+, frame=3, truncated=no, start-type=ATG, RBS-motif=None
18:20:58.892 - INFO - CDS - contig=VFCALBON1, start=78907, stop=80247, strand=+, frame=1, truncated=no, start-type=ATG, RBS-motif=None
18:20:58.892 - INFO - CDS - contig=VFCALBON1, start=80244, stop=82016, strand=+, frame=3, truncated=no, start-type=ATG, RBS-motif=None
18:20:58.892 - INFO - CDS - contig=VFCALBON1, start=81991, stop=82263, strand=+, frame=1, truncated=no, start-type=ATG, RBS-motif=None
18:20:58.892 - INFO - CDS - contig=VFCALBON1, start=82256, stop=83851, strand=+, frame=2, truncated=no, start-type=ATG, RBS-motif=None
18:20:58.892 - INFO - CDS - contig=VFCALBON1, start=83852, stop=85153, strand=+, frame=2, truncated=no, start-type=ATG, RBS-motif=None
18:20:58.892 - INFO - CDS - contig=VFCALBON1, start=85134, stop=86195, strand=+, frame=3, truncated=no, start-type=ATG, RBS-motif=None
18:20:58.892 - INFO - CDS - contig=VFCALBON1, start=86187, stop=87248, strand=-, frame=2, truncated=no, start-type=ATG, RBS-motif=None
18:20:58.892 - INFO - CDS - contig=VFCALBON1, start=87372, stop=87995, strand=+, frame=3, truncated=no, start-type=ATG, RBS-motif=AAAA
18:20:58.892 - INFO - CDS - contig=VFCALBON1, start=87981, stop=88979, strand=-, frame=2, truncated=no, start-type=ATG, RBS-motif=AACAA
18:20:58.892 - INFO - CDS - contig=VFCALBON1, start=88976, stop=90790, strand=-, frame=3, truncated=no, start-type=ATG, RBS-motif=None
18:20:58.892 - INFO - CDS - contig=VFCALBON1, start=90792, stop=91235, strand=-, frame=2, truncated=no, start-type=ATG, RBS-motif=None
18:20:58.892 - INFO - CDS - contig=VFCALBON1, start=91242, stop=92135, strand=+, frame=3, truncated=no, start-type=ATG, RBS-motif=None
18:20:58.892 - INFO - CDS - contig=VFCALBON1, start=92130, stop=93134, strand=-, frame=2, truncated=no, start-type=ATG, RBS-motif=None
18:20:58.892 - INFO - CDS - contig=VFCALBON1, start=93103, stop=95118, strand=-, frame=1, truncated=no, start-type=ATG, RBS-motif=AAA
18:20:58.892 - INFO - CDS - contig=VFCALBON1, start=95109, stop=95765, strand=-, frame=2, truncated=no, start-type=ATG, RBS-motif=None
18:20:58.892 - INFO - CDS - contig=VFCALBON1, start=95762, stop=96973, strand=-, frame=3, truncated=no, start-type=ATG, RBS-motif=AAA
18:20:58.892 - INFO - CDS - contig=VFCALBON1, start=96924, stop=97700, strand=-, frame=2, truncated=no, start-type=ATG, RBS-motif=None
18:20:58.892 - INFO - CDS - contig=VFCALBON1, start=97735, stop=98118, strand=+, frame=1, truncated=no, start-type=ATG, RBS-motif=AAA
18:20:58.892 - INFO - CDS - contig=VFCALBON1, start=98105, stop=98347, strand=-, frame=3, truncated=no, start-type=ATG, RBS-motif=None
18:20:58.892 - INFO - CDS - contig=VFCALBON1, start=98326, stop=98643, strand=-, frame=1, truncated=no, start-type=ATG, RBS-motif=None
18:20:58.892 - INFO - CDS - contig=VFCALBON1, start=98640, stop=99404, strand=-, frame=2, truncated=no, start-type=ATG, RBS-motif=None
18:20:58.892 - INFO - CDS - contig=VFCALBON1, start=99478, stop=100689, strand=+, frame=1, truncated=no, start-type=ATG, RBS-motif=None
18:20:58.892 - INFO - CDS - contig=VFCALBON1, start=101325, stop=101483, strand=+, frame=3, truncated=no, start-type=ATG, RBS-motif=None
18:20:58.892 - INFO - CDS - contig=VFCALBON1, start=101709, stop=101852, strand=+, frame=3, truncated=no, start-type=ATG, RBS-motif=AAA
18:20:58.892 - INFO - CDS - contig=VFCALBON1, start=103643, stop=103765, strand=-, frame=3, truncated=no, start-type=ATG, RBS-motif=None
18:20:58.892 - INFO - CDS - contig=VFCALBON1, start=104148, stop=104315, strand=-, frame=2, truncated=no, start-type=ATG, RBS-motif=None
18:20:58.892 - INFO - CDS - contig=VFCALBON1, start=105343, stop=105768, strand=+, frame=1, truncated=no, start-type=ATG, RBS-motif=AAA
18:20:58.892 - INFO - CDS - contig=VFCALBON1, start=105773, stop=106255, strand=+, frame=2, truncated=no, start-type=GTG, RBS-motif=None
18:20:58.892 - INFO - CDS - contig=VFCALBON1, start=106252, stop=106437, strand=+, frame=1, truncated=no, start-type=ATG, RBS-motif=None
18:20:58.892 - INFO - CDS - contig=VFCALBON1, start=106440, stop=107234, strand=+, frame=3, truncated=no, start-type=ATG, RBS-motif=None
18:20:58.892 - INFO - CDS - contig=VFCALBON1, start=107221, stop=107514, strand=+, frame=1, truncated=no, start-type=ATG, RBS-motif=AAA
18:20:58.892 - INFO - CDS - contig=VFCALBON1, start=107516, stop=107845, strand=+, frame=2, truncated=no, start-type=ATG, RBS-motif=AAA
18:20:58.892 - INFO - CDS - contig=VFCALBON1, start=107838, stop=108464, strand=+, frame=3, truncated=no, start-type=ATG, RBS-motif=None
18:20:58.892 - INFO - CDS - contig=VFCALBON1, start=108436, stop=108864, strand=+, frame=1, truncated=no, start-type=ATG, RBS-motif=AAAA
18:20:58.892 - INFO - CDS - contig=VFCALBON1, start=108861, stop=109088, strand=+, frame=3, truncated=no, start-type=ATG, RBS-motif=AAAA
18:20:58.892 - INFO - CDS - contig=VFCALBON1, start=109085, stop=109450, strand=+, frame=2, truncated=no, start-type=ATG, RBS-motif=AACAA
18:20:58.892 - INFO - CDS - contig=VFCALBON1, start=109447, stop=109989, strand=+, frame=1, truncated=no, start-type=ATG, RBS-motif=None
18:20:58.892 - INFO - CDS - contig=VFCALBON1, start=109995, stop=110300, strand=+, frame=3, truncated=no, start-type=ATG, RBS-motif=None
18:20:58.892 - INFO - CDS - contig=VFCALBON1, start=110300, stop=110674, strand=+, frame=2, truncated=no, start-type=ATG, RBS-motif=AAA
18:20:58.892 - INFO - CDS - contig=VFCALBON1, start=110667, stop=111224, strand=+, frame=3, truncated=no, start-type=ATG, RBS-motif=None
18:20:58.892 - INFO - CDS - contig=VFCALBON1, start=111184, stop=111489, strand=+, frame=1, truncated=no, start-type=ATG, RBS-motif=AAA
18:20:58.893 - INFO - CDS - contig=VFCALBON1, start=111455, stop=111943, strand=+, frame=2, truncated=no, start-type=ATG, RBS-motif=AAA
18:20:58.893 - INFO - CDS - contig=VFCALBON1, start=111891, stop=112211, strand=+, frame=3, truncated=no, start-type=GTG, RBS-motif=AAA
18:20:58.893 - INFO - CDS - contig=VFCALBON1, start=112201, stop=112422, strand=+, frame=1, truncated=no, start-type=ATG, RBS-motif=AAA
18:20:58.893 - INFO - CDS - contig=VFCALBON1, start=112419, stop=112532, strand=+, frame=3, truncated=no, start-type=ATG, RBS-motif=None
18:20:58.893 - INFO - CDS - contig=VFCALBON1, start=112529, stop=112864, strand=+, frame=2, truncated=no, start-type=ATG, RBS-motif=AAA
18:20:58.893 - INFO - CDS - contig=VFCALBON1, start=112871, stop=113212, strand=+, frame=2, truncated=no, start-type=ATG, RBS-motif=AAAA
18:20:58.893 - INFO - CDS - contig=VFCALBON1, start=113209, stop=113745, strand=+, frame=1, truncated=no, start-type=ATG, RBS-motif=AAA
18:20:58.893 - INFO - CDS - contig=VFCALBON1, start=113729, stop=114340, strand=+, frame=2, truncated=no, start-type=ATG, RBS-motif=AAA
18:20:58.893 - INFO - CDS - contig=VFCALBON1, start=114337, stop=114642, strand=+, frame=1, truncated=no, start-type=ATG, RBS-motif=AAA
18:20:58.893 - INFO - CDS - contig=VFCALBON1, start=114631, stop=115764, strand=-, frame=1, truncated=no, start-type=ATG, RBS-motif=None
18:20:58.893 - INFO - CDS - contig=VFCALBON1, start=115765, stop=116151, strand=+, frame=1, truncated=no, start-type=ATG, RBS-motif=None
18:20:58.893 - INFO - CDS - contig=VFCALBON1, start=116144, stop=117190, strand=+, frame=2, truncated=no, start-type=ATG, RBS-motif=AAA
18:20:58.893 - INFO - CDS - contig=VFCALBON1, start=117348, stop=117425, strand=+, frame=3, truncated=3-prime, start-type=ATG, RBS-motif=None
18:20:58.893 - INFO - CDS - truncated CDS: contig=VFCALBON1, start=1, stop=1185, strand=+, frame=1, truncated=5-prime, start-type=Edge, RBS-motif=None, aa-hexdigest=0f80732d668ea8834b521e4f63bf05a2, aa=[MKKVFERKKI..GAGLVTEIET]
18:20:58.893 - INFO - CDS - truncated CDS: contig=VFCALBON1, start=117348, stop=117425, strand=+, frame=3, truncated=3-prime, start-type=ATG, RBS-motif=None, aa-hexdigest=ba70bbd16050607769d39fc6b77c617f, aa=[MRIYLKGKVK..KGSIPFIRLK]
18:20:58.893 - INFO - CDS - contig=VFCALBON1, start=1221, stop=1637, strand=+, nt=[ATGAGGGTTC..TATGGAATAA]
18:20:58.893 - INFO - CDS - contig=VFCALBON1, start=1618, stop=2229, strand=+, nt=[ATGAATATAT..AGGATCTTAA]
18:20:58.893 - INFO - CDS - contig=VFCALBON1, start=2198, stop=2644, strand=+, nt=[ATGGTAAATG..TAATAGATAA]
18:20:58.893 - INFO - CDS - contig=VFCALBON1, start=2619, stop=2984, strand=+, nt=[ATGAAAATAA..AATAATATAA]
18:20:58.893 - INFO - CDS - contig=VFCALBON1, start=2987, stop=6565, strand=+, nt=[ATGATAATAA..TAACAAATGA]
18:20:58.893 - INFO - CDS - contig=VFCALBON1, start=6562, stop=10392, strand=+, nt=[ATGAAAATAA..AAAGATGTAG]
18:20:58.893 - INFO - CDS - contig=VFCALBON1, start=10358, stop=10756, strand=+, nt=[ATGGCAACAA..AGAAACATAA]
18:20:58.893 - INFO - CDS - contig=VFCALBON1, start=10722, stop=11204, strand=+, nt=[ATGTCAAGAA..TGTATTCTAA]
18:20:58.893 - INFO - CDS - contig=VFCALBON1, start=11204, stop=13255, strand=+, nt=[ATGGAAATAA..AAATATATAA]
18:20:58.893 - INFO - CDS - contig=VFCALBON1, start=13260, stop=13571, strand=+, nt=[ATGATTAAGA..AAAACAATAA]
18:20:58.893 - INFO - CDS - contig=VFCALBON1, start=13552, stop=13965, strand=+, nt=[ATGCTAATAA..AAGGGCTTAA]
18:20:58.893 - INFO - CDS - contig=VFCALBON1, start=14002, stop=14457, strand=+, nt=[ATGTCAGTGG..CAATAAATAG]
18:20:58.893 - INFO - CDS - contig=VFCALBON1, start=14420, stop=15172, strand=-, nt=[ATGTATAAGC..ATCTTACTAA]
18:20:58.893 - INFO - CDS - contig=VFCALBON1, start=15165, stop=16268, strand=-, nt=[ATGAAATATT..TTATGTATAA]
18:20:58.893 - INFO - CDS - contig=VFCALBON1, start=16268, stop=16657, strand=-, nt=[ATGATTGGTA..TAAGAGGTAA]
18:20:58.893 - INFO - CDS - contig=VFCALBON1, start=16654, stop=16965, strand=-, nt=[ATGATCTTTG..TGTTTTATGA]
18:20:58.893 - INFO - CDS - contig=VFCALBON1, start=16962, stop=17738, strand=-, nt=[ATGAAGTTAA..ATGTCTATGA]
18:20:58.893 - INFO - CDS - contig=VFCALBON1, start=17735, stop=18334, strand=-, nt=[ATGTTATGCA..TATATTATGA]
18:20:58.893 - INFO - CDS - contig=VFCALBON1, start=18453, stop=19328, strand=+, nt=[ATGATTATAA..AAAGAAATAA]
18:20:58.893 - INFO - CDS - contig=VFCALBON1, start=19297, stop=19767, strand=+, nt=[ATGATAAGAA..TACAAAATAG]
18:20:58.893 - INFO - CDS - contig=VFCALBON1, start=19744, stop=20268, strand=-, nt=[ATGAAGATAT..TAGCTATTAA]
18:20:58.893 - INFO - CDS - contig=VFCALBON1, start=20549, stop=21628, strand=+, nt=[ATGATATATT..AGGAAAATAA]
18:20:58.893 - INFO - CDS - contig=VFCALBON1, start=21609, stop=22832, strand=-, nt=[ATGATTCATA..TCATGGTTAG]
18:20:58.893 - INFO - CDS - contig=VFCALBON1, start=22829, stop=23491, strand=-, nt=[ATGATTTATA..GTTAAGATGA]
18:20:58.893 - INFO - CDS - contig=VFCALBON1, start=23481, stop=24314, strand=-, nt=[ATGAATATAT..TGATTTATAA]
18:20:58.893 - INFO - CDS - contig=VFCALBON1, start=24352, stop=26361, strand=+, nt=[ATGAGCAAAG..AATAATATAG]
18:20:58.893 - INFO - CDS - contig=VFCALBON1, start=26432, stop=26641, strand=-, nt=[ATGATTTATT..GAGACAGTAG]
18:20:58.893 - INFO - CDS - contig=VFCALBON1, start=26592, stop=28859, strand=-, nt=[ATGTTTAGTA..TAATGAGTAA]
18:20:58.893 - INFO - CDS - contig=VFCALBON1, start=28868, stop=29029, strand=-, nt=[ATGTCTAGTA..ATCCAAATAA]
18:20:58.893 - INFO - CDS - contig=VFCALBON1, start=29022, stop=29171, strand=-, nt=[ATGTTATCTA..AAATGTCTAG]
18:20:58.893 - INFO - CDS - contig=VFCALBON1, start=29206, stop=31410, strand=+, nt=[ATGAAGATTA..TAAAACATAG]
18:20:58.893 - INFO - CDS - contig=VFCALBON1, start=31635, stop=32294, strand=+, nt=[ATGATAAAAA..AATATTATGA]
18:20:58.893 - INFO - CDS - contig=VFCALBON1, start=32291, stop=33412, strand=+, nt=[ATGAAAAAAA..GAATATTTAA]
18:20:58.893 - INFO - CDS - contig=VFCALBON1, start=33398, stop=34198, strand=-, nt=[ATGATTAAAC..TATTCTTTAA]
18:20:58.893 - INFO - CDS - contig=VFCALBON1, start=34191, stop=34925, strand=-, nt=[ATGTTATTAA..TAATGATTAA]
18:20:58.893 - INFO - CDS - contig=VFCALBON1, start=34903, stop=35859, strand=-, nt=[ATGAGTTTAT..CAATAATTAA]
18:20:58.893 - INFO - CDS - contig=VFCALBON1, start=35837, stop=36415, strand=-, nt=[GTGATCTTAT..TTCAATCTAG]
18:20:58.893 - INFO - CDS - contig=VFCALBON1, start=36412, stop=37578, strand=-, nt=[ATGATTATGT..ACTATTGTGA]
18:20:58.893 - INFO - CDS - contig=VFCALBON1, start=37575, stop=38936, strand=-, nt=[ATGAAATGGT..TATATTATGA]
18:20:58.893 - INFO - CDS - contig=VFCALBON1, start=39159, stop=40454, strand=-, nt=[ATGAAAAATT..TTCAGTTTAA]
18:20:58.893 - INFO - CDS - contig=VFCALBON1, start=40423, stop=41325, strand=-, nt=[ATGGCAGTAT..AGATTTCTAG]
18:20:58.893 - INFO - CDS - contig=VFCALBON1, start=41304, stop=42215, strand=-, nt=[ATGATTATAT..ACTGCCATAG]
18:20:58.893 - INFO - CDS - contig=VFCALBON1, start=42301, stop=43557, strand=+, nt=[ATGCTTTTCT..AGGTCGTTAG]
18:20:58.893 - INFO - CDS - contig=VFCALBON1, start=43656, stop=43757, strand=+, nt=[ATGCTAATTA..TATATATTAA]
18:20:58.893 - INFO - CDS - contig=VFCALBON1, start=43809, stop=46724, strand=+, nt=[ATGTTTGGTA..TAAAATATGA]
18:20:58.893 - INFO - CDS - contig=VFCALBON1, start=46721, stop=46885, strand=+, nt=[ATGAATGAAA..AATACTTTAA]
18:20:58.893 - INFO - CDS - contig=VFCALBON1, start=47086, stop=47823, strand=+, nt=[ATGAAGATAA..ATATAAATGA]
18:20:58.893 - INFO - CDS - contig=VFCALBON1, start=47820, stop=48839, strand=+, nt=[ATGAAAAAAT..TAAAAGATAA]
18:20:58.893 - INFO - CDS - contig=VFCALBON1, start=48805, stop=49395, strand=+, nt=[ATGATCAATA..GCATATGTAA]
18:20:58.893 - INFO - CDS - contig=VFCALBON1, start=49338, stop=50462, strand=+, nt=[ATGTATAAGT..AATAAGGTGA]
18:20:58.893 - INFO - CDS - contig=VFCALBON1, start=50459, stop=51076, strand=+, nt=[GTGATAATAC..CAAAAAATAA]
18:20:58.893 - INFO - CDS - contig=VFCALBON1, start=51079, stop=51321, strand=+, nt=[ATGATACCTT..GATTCTGTAA]
18:20:58.893 - INFO - CDS - contig=VFCALBON1, start=51302, stop=51514, strand=+, nt=[ATGATATACA..CTTACAATAA]
18:20:58.893 - INFO - CDS - contig=VFCALBON1, start=51605, stop=52138, strand=+, nt=[ATGATAATAA..AAAAGAATAA]
18:20:58.893 - INFO - CDS - contig=VFCALBON1, start=52294, stop=52803, strand=-, nt=[TTGGATACAG..GGTATCTTAA]
18:20:58.893 - INFO - CDS - contig=VFCALBON1, start=52817, stop=53863, strand=+, nt=[ATGAGGTGTT..ATTATTATGA]
18:20:58.893 - INFO - CDS - contig=VFCALBON1, start=53860, stop=56946, strand=+, nt=[ATGAATAATA..ATATAAATAA]
18:20:58.893 - INFO - CDS - contig=VFCALBON1, start=56954, stop=57490, strand=+, nt=[ATGATAACCA..ACTAAGATGA]
18:20:58.893 - INFO - CDS - contig=VFCALBON1, start=57436, stop=58056, strand=+, nt=[ATGTTCAAAA..AAAAAGATGA]
18:20:58.893 - INFO - CDS - contig=VFCALBON1, start=58053, stop=59216, strand=+, nt=[ATGAATAATA..AGGTATTTAA]
18:20:58.893 - INFO - CDS - contig=VFCALBON1, start=59249, stop=59362, strand=+, nt=[ATGATGGGAG..CACAGACTAG]
18:20:58.893 - INFO - CDS - contig=VFCALBON1, start=59689, stop=60093, strand=+, nt=[ATGTACTATG..AAAATATTAA]
18:20:58.893 - INFO - CDS - contig=VFCALBON1, start=60075, stop=61313, strand=+, nt=[ATGTCAAGAA..AGATGAATAA]
18:20:58.893 - INFO - CDS - contig=VFCALBON1, start=61306, stop=62229, strand=+, nt=[ATGAATAATA..ACTACTATGA]
18:20:58.893 - INFO - CDS - contig=VFCALBON1, start=62226, stop=62786, strand=+, nt=[ATGATCTTTA..AACGAAATGA]
18:20:58.893 - INFO - CDS - contig=VFCALBON1, start=62783, stop=63427, strand=+, nt=[ATGAATATAG..CAGCCTTTGA]
18:20:58.893 - INFO - CDS - contig=VFCALBON1, start=63405, stop=64106, strand=+, nt=[ATGATAATTA..ACAAATATGA]
18:20:58.893 - INFO - CDS - contig=VFCALBON1, start=64103, stop=64849, strand=+, nt=[ATGATATGTA..TAGAATATGA]
18:20:58.893 - INFO - CDS - contig=VFCALBON1, start=64846, stop=65133, strand=+, nt=[ATGATTATAC..ATATAATTAA]
18:20:58.893 - INFO - CDS - contig=VFCALBON1, start=65120, stop=65392, strand=+, nt=[ATGAATATAA..TAATATATGA]
18:20:58.893 - INFO - CDS - contig=VFCALBON1, start=65478, stop=66332, strand=+, nt=[ATGAAAAATT..TCGTGCGTGA]
18:20:58.893 - INFO - CDS - contig=VFCALBON1, start=66381, stop=66728, strand=-, nt=[ATGTCAAGGG..AGGTCGTTAG]
18:20:58.893 - INFO - CDS - contig=VFCALBON1, start=66700, stop=66867, strand=-, nt=[ATGCTAAAAA..GTTTAGTTAG]
18:20:58.893 - INFO - CDS - contig=VFCALBON1, start=66845, stop=67300, strand=-, nt=[ATGCAAGTAA..AAACCAATAA]
18:20:58.893 - INFO - CDS - contig=VFCALBON1, start=67379, stop=68407, strand=-, nt=[ATGAGTAATT..ATTAATTTAG]
18:20:58.893 - INFO - CDS - contig=VFCALBON1, start=68487, stop=68618, strand=+, nt=[ATGAAAGTAA..GCGAAGATAG]
18:20:58.893 - INFO - CDS - contig=VFCALBON1, start=69021, stop=69389, strand=+, nt=[ATGAAAGACA..ATATTATTAA]
18:20:58.893 - INFO - CDS - contig=VFCALBON1, start=69364, stop=69882, strand=-, nt=[ATGATTATTA..TCTTTCTTAG]
18:20:58.893 - INFO - CDS - contig=VFCALBON1, start=69879, stop=70715, strand=-, nt=[ATGGTTTATG..TGCTAAATGA]
18:20:58.893 - INFO - CDS - contig=VFCALBON1, start=70843, stop=71895, strand=+, nt=[ATGAAAAAAA..AAAAAATTAA]
18:20:58.893 - INFO - CDS - contig=VFCALBON1, start=71877, stop=72668, strand=+, nt=[ATGTCAAAGA..AAATAATTAA]
18:20:58.893 - INFO - CDS - contig=VFCALBON1, start=72773, stop=73873, strand=+, nt=[ATGATTATAA..CATATTATAA]
18:20:58.893 - INFO - CDS - contig=VFCALBON1, start=73863, stop=74099, strand=-, nt=[ATGATTATTA..TATAATATGA]
18:20:58.893 - INFO - CDS - contig=VFCALBON1, start=74096, stop=75454, strand=-, nt=[ATGAAATATA..TAGTCAATGA]
18:20:58.894 - INFO - CDS - contig=VFCALBON1, start=75459, stop=76607, strand=-, nt=[ATGATCTGTT..GGTTCTGTAG]
18:20:58.894 - INFO - CDS - contig=VFCALBON1, start=76607, stop=77800, strand=-, nt=[ATGATAATTA..GTTTATTTAA]
18:20:58.894 - INFO - CDS - contig=VFCALBON1, start=77790, stop=77951, strand=-, nt=[GTGATAATAA..TGATAATTAG]
18:20:58.894 - INFO - CDS - contig=VFCALBON1, start=77948, stop=78247, strand=-, nt=[ATGATTTATG..CTTGGAGTGA]
18:20:58.894 - INFO - CDS - contig=VFCALBON1, start=78248, stop=78541, strand=+, nt=[ATGAAAAAAA..GTATGAATAA]
18:20:58.894 - INFO - CDS - contig=VFCALBON1, start=78534, stop=78773, strand=+, nt=[ATGAATAAAA..ATCGGTATGA]
18:20:58.894 - INFO - CDS - contig=VFCALBON1, start=78907, stop=80247, strand=+, nt=[ATGTCAAATG..TGGTAAATGA]
18:20:58.894 - INFO - CDS - contig=VFCALBON1, start=80244, stop=82016, strand=+, nt=[ATGAAATATC..CATTAAATGA]
18:20:58.894 - INFO - CDS - contig=VFCALBON1, start=81991, stop=82263, strand=+, nt=[ATGAAAATAA..CAATGAATAA]
18:20:58.894 - INFO - CDS - contig=VFCALBON1, start=82256, stop=83851, strand=+, nt=[ATGAATAACA..TAATATATAG]
18:20:58.894 - INFO - CDS - contig=VFCALBON1, start=83852, stop=85153, strand=+, nt=[ATGAATATAA..AAATAATTAA]
18:20:58.894 - INFO - CDS - contig=VFCALBON1, start=85134, stop=86195, strand=+, nt=[ATGAAAATAA..ACTAAAATAG]
18:20:58.894 - INFO - CDS - contig=VFCALBON1, start=86187, stop=87248, strand=-, nt=[ATGAAAATAT..ACTATTTTAG]
18:20:58.894 - INFO - CDS - contig=VFCALBON1, start=87372, stop=87995, strand=+, nt=[ATGTATATAA..TATTAAATAA]
18:20:58.894 - INFO - CDS - contig=VFCALBON1, start=87981, stop=88979, strand=-, nt=[ATGATAGGTA..TAATAAATAG]
18:20:58.894 - INFO - CDS - contig=VFCALBON1, start=88976, stop=90790, strand=-, nt=[ATGAAAAAAA..TAACAAATGA]
18:20:58.894 - INFO - CDS - contig=VFCALBON1, start=90792, stop=91235, strand=-, nt=[ATGAAGTCTA..TAGTCTTTAA]
18:20:58.894 - INFO - CDS - contig=VFCALBON1, start=91242, stop=92135, strand=+, nt=[ATGATTAATA..GAAACTATAG]
18:20:58.894 - INFO - CDS - contig=VFCALBON1, start=92130, stop=93134, strand=-, nt=[ATGGTTCTAT..ACTTCTATAG]
18:20:58.894 - INFO - CDS - contig=VFCALBON1, start=93103, stop=95118, strand=-, nt=[ATGTCTATAA..TCCATCATAA]
18:20:58.894 - INFO - CDS - contig=VFCALBON1, start=95109, stop=95765, strand=-, nt=[ATGAAAGTAT..ATGTCTATAA]
18:20:58.894 - INFO - CDS - contig=VFCALBON1, start=95762, stop=96973, strand=-, nt=[ATGAAATCAA..ATCTTTATGA]
18:20:58.894 - INFO - CDS - contig=VFCALBON1, start=96924, stop=97700, strand=-, nt=[ATGTCTTTCA..TATATCATAG]
18:20:58.894 - INFO - CDS - contig=VFCALBON1, start=97735, stop=98118, strand=+, nt=[ATGCTTGGTG..TAAATGCTAA]
18:20:58.894 - INFO - CDS - contig=VFCALBON1, start=98105, stop=98347, strand=-, nt=[ATGGCAAAGA..CATTTATTAG]
18:20:58.894 - INFO - CDS - contig=VFCALBON1, start=98326, stop=98643, strand=-, nt=[ATGATAGTAT..AAAGCAGTAG]
18:20:58.894 - INFO - CDS - contig=VFCALBON1, start=98640, stop=99404, strand=-, nt=[ATGTTATATA..TAGGTTATGA]
18:20:58.894 - INFO - CDS - contig=VFCALBON1, start=99478, stop=100689, strand=+, nt=[ATGAAGATTA..TCTTGTGTAA]
18:20:58.894 - INFO - CDS - contig=VFCALBON1, start=101325, stop=101483, strand=+, nt=[ATGAACTCTT..TTACACTTAA]
18:20:58.894 - INFO - CDS - contig=VFCALBON1, start=101709, stop=101852, strand=+, nt=[ATGGGGTCTT..GCTACCTTAG]
18:20:58.894 - INFO - CDS - contig=VFCALBON1, start=103643, stop=103765, strand=-, nt=[ATGGCAAAGC..TAGGCTATGA]
18:20:58.894 - INFO - CDS - contig=VFCALBON1, start=104148, stop=104315, strand=-, nt=[ATGTATAGAA..AGACTGCTAA]
18:20:58.894 - INFO - CDS - contig=VFCALBON1, start=105343, stop=105768, strand=+, nt=[ATGCTAAAAT..ATTTATTTAG]
18:20:58.894 - INFO - CDS - contig=VFCALBON1, start=105773, stop=106255, strand=+, nt=[GTGATTAAGA..AGCACAATGA]
18:20:58.894 - INFO - CDS - contig=VFCALBON1, start=106252, stop=106437, strand=+, nt=[ATGAAGATTA..ATTAATATAG]
18:20:58.894 - INFO - CDS - contig=VFCALBON1, start=106440, stop=107234, strand=+, nt=[ATGAGAAACA..CAAAAAATAA]
18:20:58.894 - INFO - CDS - contig=VFCALBON1, start=107221, stop=107514, strand=+, nt=[ATGTCAAAAA..AAACAAATAA]
18:20:58.894 - INFO - CDS - contig=VFCALBON1, start=107516, stop=107845, strand=+, nt=[ATGAAAGAAA..ACATGGGTAA]
18:20:58.894 - INFO - CDS - contig=VFCALBON1, start=107838, stop=108464, strand=+, nt=[ATGGGTAATA..AAAAATTTAA]
18:20:58.894 - INFO - CDS - contig=VFCALBON1, start=108436, stop=108864, strand=+, nt=[ATGAGCTTTA..AATGCGATGA]
18:20:58.894 - INFO - CDS - contig=VFCALBON1, start=108861, stop=109088, strand=+, nt=[ATGATAGGAA..ATATAAATGA]
18:20:58.894 - INFO - CDS - contig=VFCALBON1, start=109085, stop=109450, strand=+, nt=[ATGATATATA..TCTAATATGA]
18:20:58.894 - INFO - CDS - contig=VFCALBON1, start=109447, stop=109989, strand=+, nt=[ATGAAATACG..TCCTTTTTAA]
18:20:58.894 - INFO - CDS - contig=VFCALBON1, start=109995, stop=110300, strand=+, nt=[ATGGCAAAAA..TTGTTGGTAA]
18:20:58.894 - INFO - CDS - contig=VFCALBON1, start=110300, stop=110674, strand=+, nt=[ATGTCTTATT..AAATGTCTAG]
18:20:58.894 - INFO - CDS - contig=VFCALBON1, start=110667, stop=111224, strand=+, nt=[ATGTCTAGAA..GAAACAATAG]
18:20:58.894 - INFO - CDS - contig=VFCALBON1, start=111184, stop=111489, strand=+, nt=[ATGAAAAAAA..TATTCAGTAG]
18:20:58.894 - INFO - CDS - contig=VFCALBON1, start=111455, stop=111943, strand=+, nt=[ATGACGAAAT..GAGGAAATAA]
18:20:58.894 - INFO - CDS - contig=VFCALBON1, start=111891, stop=112211, strand=+, nt=[GTGGGGAGAG..TGTTAAATAA]
18:20:58.894 - INFO - CDS - contig=VFCALBON1, start=112201, stop=112422, strand=+, nt=[ATGTTAAATA..GATAAGATGA]
18:20:58.894 - INFO - CDS - contig=VFCALBON1, start=112419, stop=112532, strand=+, nt=[ATGAAAGTAA..ACAGGGATGA]
18:20:58.894 - INFO - CDS - contig=VFCALBON1, start=112529, stop=112864, strand=+, nt=[ATGAATATTA..GAAAAAATAA]
18:20:58.894 - INFO - CDS - contig=VFCALBON1, start=112871, stop=113212, strand=+, nt=[ATGAAAGCAA..AAGAGTATGA]
18:20:58.894 - INFO - CDS - contig=VFCALBON1, start=113209, stop=113745, strand=+, nt=[ATGAAAGCAA..ACAAAAGTAA]
18:20:58.894 - INFO - CDS - contig=VFCALBON1, start=113729, stop=114340, strand=+, nt=[ATGAAATACA..ACAAGTATGA]
18:20:58.894 - INFO - CDS - contig=VFCALBON1, start=114337, stop=114642, strand=+, nt=[ATGAGACATA..AGATAAATAA]
18:20:58.894 - INFO - CDS - contig=VFCALBON1, start=114631, stop=115764, strand=-, nt=[ATGGATATTA..ATTTATCTAG]
18:20:58.894 - INFO - CDS - contig=VFCALBON1, start=115765, stop=116151, strand=+, nt=[ATGAAAATAA..AAATGCATAA]
18:20:58.894 - INFO - CDS - contig=VFCALBON1, start=116144, stop=117190, strand=+, nt=[ATGCATAAAG..GGAATCATAA]
18:20:58.894 - INFO - CDS - contig=VFCALBON1, start=1, stop=1185, strand=+, nt=[ATGAAAAAAG..AGAGACATAG]
18:20:58.894 - INFO - CDS - contig=VFCALBON1, start=117348, stop=117425, strand=+, nt=[ATGCGAATAT..TCGCTTAAAG]
18:20:58.909 - INFO - CDS - predicted=145
18:20:58.956 - INFO - ORF - discarded=0
18:20:59.015 - INFO - UPS - looked-up=0
18:20:59.016 - INFO - IPS - looked-up=0
18:20:59.017 - INFO - ORF - write internal aa seqs: # seqs=145, path=/tmp/tmpz_v7hn5q/cds.psc.faa
18:21:38.596 - INFO - PSC - found: PSC=0, PSCC=23
18:21:38.610 - INFO - PSC - looked-up=23
18:21:38.613 - INFO - PSCC - looked-up=19
18:21:38.613 - INFO - ORF - write internal aa seqs: # seqs=145, path=/tmp/tmpz_v7hn5q/cds.expert.faa
18:21:39.142 - INFO - EXPERT-AMRFINDER - found=0
18:21:39.597 - INFO - EXPERT_AA_SEQ - found=0
18:21:39.597 - INFO - ANNOTATION - marked as hypothetical: contig=VFCALBON1, start=1221, stop=1637, strand=+
18:21:39.597 - INFO - ANNOTATION - marked as hypothetical: contig=VFCALBON1, start=1618, stop=2229, strand=+
18:21:39.597 - INFO - ANNOTATION - marked as hypothetical: contig=VFCALBON1, start=2198, stop=2644, strand=+
18:21:39.597 - INFO - ANNOTATION - marked as hypothetical: contig=VFCALBON1, start=2619, stop=2984, strand=+
18:21:39.597 - INFO - ANNOTATION - marked as hypothetical: contig=VFCALBON1, start=2987, stop=6565, strand=+
18:21:39.597 - INFO - ANNOTATION - marked as hypothetical: contig=VFCALBON1, start=6562, stop=10392, strand=+
18:21:39.597 - INFO - ANNOTATION - marked as hypothetical: contig=VFCALBON1, start=10358, stop=10756, strand=+
18:21:39.597 - INFO - ANNOTATION - marked as hypothetical: contig=VFCALBON1, start=10722, stop=11204, strand=+
18:21:39.598 - INFO - ANNOTATION - marked as hypothetical: contig=VFCALBON1, start=13260, stop=13571, strand=+
18:21:39.598 - INFO - ANNOTATION - marked as hypothetical: contig=VFCALBON1, start=13552, stop=13965, strand=+
18:21:39.598 - INFO - ANNOTATION - marked as hypothetical: contig=VFCALBON1, start=14002, stop=14457, strand=+
18:21:39.598 - INFO - ANNOTATION - marked as hypothetical: contig=VFCALBON1, start=14420, stop=15172, strand=-
18:21:39.598 - INFO - ANNOTATION - marked as hypothetical: contig=VFCALBON1, start=15165, stop=16268, strand=-
18:21:39.598 - INFO - ANNOTATION - marked as hypothetical: contig=VFCALBON1, start=16268, stop=16657, strand=-
18:21:39.598 - INFO - ANNOTATION - marked as hypothetical: contig=VFCALBON1, start=16654, stop=16965, strand=-
18:21:39.598 - INFO - ANNOTATION - marked as hypothetical: contig=VFCALBON1, start=16962, stop=17738, strand=-
18:21:39.598 - INFO - ANNOTATION - marked as hypothetical: contig=VFCALBON1, start=17735, stop=18334, strand=-
18:21:39.598 - INFO - ANNOTATION - marked as hypothetical: contig=VFCALBON1, start=18453, stop=19328, strand=+
18:21:39.598 - INFO - ANNOTATION - marked as hypothetical: contig=VFCALBON1, start=19297, stop=19767, strand=+
18:21:39.598 - INFO - ANNOTATION - marked as hypothetical: contig=VFCALBON1, start=19744, stop=20268, strand=-
18:21:39.598 - INFO - ANNOTATION - marked as hypothetical: contig=VFCALBON1, start=20549, stop=21628, strand=+
18:21:39.598 - INFO - ANNOTATION - marked as hypothetical: contig=VFCALBON1, start=21609, stop=22832, strand=-
18:21:39.598 - INFO - ANNOTATION - marked as hypothetical: contig=VFCALBON1, start=22829, stop=23491, strand=-
18:21:39.598 - INFO - ANNOTATION - marked as hypothetical: contig=VFCALBON1, start=23481, stop=24314, strand=-
18:21:39.598 - INFO - ANNOTATION - marked as hypothetical: contig=VFCALBON1, start=24352, stop=26361, strand=+
18:21:39.598 - INFO - ANNOTATION - marked as hypothetical: contig=VFCALBON1, start=26432, stop=26641, strand=-
18:21:39.598 - INFO - ANNOTATION - marked as hypothetical: contig=VFCALBON1, start=26592, stop=28859, strand=-
18:21:39.598 - INFO - ANNOTATION - marked as hypothetical: contig=VFCALBON1, start=28868, stop=29029, strand=-
18:21:39.598 - INFO - ANNOTATION - marked as hypothetical: contig=VFCALBON1, start=29022, stop=29171, strand=-
18:21:39.598 - INFO - ANNOTATION - marked as hypothetical: contig=VFCALBON1, start=29206, stop=31410, strand=+
18:21:39.598 - INFO - ANNOTATION - marked as hypothetical: contig=VFCALBON1, start=31635, stop=32294, strand=+
18:21:39.598 - INFO - ANNOTATION - marked as hypothetical: contig=VFCALBON1, start=32291, stop=33412, strand=+
18:21:39.598 - INFO - ANNOTATION - marked as hypothetical: contig=VFCALBON1, start=33398, stop=34198, strand=-
18:21:39.598 - INFO - ANNOTATION - marked as hypothetical: contig=VFCALBON1, start=34191, stop=34925, strand=-
18:21:39.598 - INFO - ANNOTATION - marked as hypothetical: contig=VFCALBON1, start=34903, stop=35859, strand=-
18:21:39.598 - INFO - ANNOTATION - marked as hypothetical: contig=VFCALBON1, start=35837, stop=36415, strand=-
18:21:39.598 - INFO - ANNOTATION - marked as hypothetical: contig=VFCALBON1, start=36412, stop=37578, strand=-
18:21:39.598 - INFO - ANNOTATION - marked as hypothetical: contig=VFCALBON1, start=37575, stop=38936, strand=-
18:21:39.598 - INFO - ANNOTATION - marked as hypothetical: contig=VFCALBON1, start=39159, stop=40454, strand=-
18:21:39.598 - INFO - ANNOTATION - marked as hypothetical: contig=VFCALBON1, start=40423, stop=41325, strand=-
18:21:39.598 - INFO - ANNOTATION - marked as hypothetical: contig=VFCALBON1, start=41304, stop=42215, strand=-
18:21:39.598 - INFO - ANNOTATION - marked as hypothetical: contig=VFCALBON1, start=42301, stop=43557, strand=+
18:21:39.598 - INFO - ANNOTATION - marked as hypothetical: contig=VFCALBON1, start=43656, stop=43757, strand=+
18:21:39.598 - INFO - ANNOTATION - marked as hypothetical: contig=VFCALBON1, start=43809, stop=46724, strand=+
18:21:39.598 - INFO - ANNOTATION - marked as hypothetical: contig=VFCALBON1, start=46721, stop=46885, strand=+
18:21:39.598 - INFO - ANNOTATION - marked as hypothetical: contig=VFCALBON1, start=47086, stop=47823, strand=+
18:21:39.598 - INFO - ANNOTATION - marked as hypothetical: contig=VFCALBON1, start=47820, stop=48839, strand=+
18:21:39.598 - INFO - ANNOTATION - marked as hypothetical: contig=VFCALBON1, start=48805, stop=49395, strand=+
18:21:39.598 - INFO - ANNOTATION - marked as hypothetical: contig=VFCALBON1, start=50459, stop=51076, strand=+
18:21:39.598 - INFO - ANNOTATION - marked as hypothetical: contig=VFCALBON1, start=51079, stop=51321, strand=+
18:21:39.598 - INFO - ANNOTATION - marked as hypothetical: contig=VFCALBON1, start=51302, stop=51514, strand=+
18:21:39.598 - INFO - ANNOTATION - marked as hypothetical: contig=VFCALBON1, start=51605, stop=52138, strand=+
18:21:39.598 - INFO - ANNOTATION - marked as hypothetical: contig=VFCALBON1, start=52294, stop=52803, strand=-
18:21:39.598 - INFO - ANNOTATION - marked as hypothetical: contig=VFCALBON1, start=52817, stop=53863, strand=+
18:21:39.598 - INFO - ANNOTATION - marked as hypothetical: contig=VFCALBON1, start=53860, stop=56946, strand=+
18:21:39.598 - INFO - ANNOTATION - marked as hypothetical: contig=VFCALBON1, start=56954, stop=57490, strand=+
18:21:39.598 - INFO - ANNOTATION - fix gene: extract symbol from protein name. symbol=clpX
18:21:39.598 - INFO - ANNOTATION - marked as hypothetical: contig=VFCALBON1, start=59249, stop=59362, strand=+
18:21:39.598 - INFO - ANNOTATION - marked as hypothetical: contig=VFCALBON1, start=59689, stop=60093, strand=+
18:21:39.598 - INFO - ANNOTATION - marked as hypothetical: contig=VFCALBON1, start=60075, stop=61313, strand=+
18:21:39.598 - INFO - ANNOTATION - marked as hypothetical: contig=VFCALBON1, start=61306, stop=62229, strand=+
18:21:39.598 - INFO - ANNOTATION - marked as hypothetical: contig=VFCALBON1, start=62226, stop=62786, strand=+
18:21:39.598 - INFO - ANNOTATION - marked as hypothetical: contig=VFCALBON1, start=62783, stop=63427, strand=+
18:21:39.598 - INFO - ANNOTATION - marked as hypothetical: contig=VFCALBON1, start=63405, stop=64106, strand=+
18:21:39.598 - INFO - ANNOTATION - marked as hypothetical: contig=VFCALBON1, start=65120, stop=65392, strand=+
18:21:39.598 - INFO - ANNOTATION - marked as hypothetical: contig=VFCALBON1, start=65478, stop=66332, strand=+
18:21:39.598 - INFO - ANNOTATION - marked as hypothetical: contig=VFCALBON1, start=66381, stop=66728, strand=-
18:21:39.598 - INFO - ANNOTATION - marked as hypothetical: contig=VFCALBON1, start=66700, stop=66867, strand=-
18:21:39.598 - INFO - ANNOTATION - marked as hypothetical: contig=VFCALBON1, start=66845, stop=67300, strand=-
18:21:39.598 - INFO - ANNOTATION - marked as hypothetical: contig=VFCALBON1, start=68487, stop=68618, strand=+
18:21:39.598 - INFO - ANNOTATION - marked as hypothetical: contig=VFCALBON1, start=69021, stop=69389, strand=+
18:21:39.598 - INFO - ANNOTATION - marked as hypothetical: contig=VFCALBON1, start=69364, stop=69882, strand=-
18:21:39.598 - INFO - ANNOTATION - marked as hypothetical: contig=VFCALBON1, start=69879, stop=70715, strand=-
18:21:39.598 - INFO - ANNOTATION - marked as hypothetical: contig=VFCALBON1, start=70843, stop=71895, strand=+
18:21:39.598 - INFO - ANNOTATION - marked as hypothetical: contig=VFCALBON1, start=72773, stop=73873, strand=+
18:21:39.598 - INFO - ANNOTATION - marked as hypothetical: contig=VFCALBON1, start=73863, stop=74099, strand=-
18:21:39.598 - INFO - ANNOTATION - marked as hypothetical: contig=VFCALBON1, start=74096, stop=75454, strand=-
18:21:39.598 - INFO - ANNOTATION - marked as hypothetical: contig=VFCALBON1, start=75459, stop=76607, strand=-
18:21:39.598 - INFO - ANNOTATION - marked as hypothetical: contig=VFCALBON1, start=76607, stop=77800, strand=-
18:21:39.598 - INFO - ANNOTATION - marked as hypothetical: contig=VFCALBON1, start=77790, stop=77951, strand=-
18:21:39.598 - INFO - ANNOTATION - marked as hypothetical: contig=VFCALBON1, start=77948, stop=78247, strand=-
18:21:39.598 - INFO - ANNOTATION - marked as hypothetical: contig=VFCALBON1, start=78248, stop=78541, strand=+
18:21:39.598 - INFO - ANNOTATION - marked as hypothetical: contig=VFCALBON1, start=78534, stop=78773, strand=+
18:21:39.598 - INFO - ANNOTATION - marked as hypothetical: contig=VFCALBON1, start=78907, stop=80247, strand=+
18:21:39.598 - INFO - ANNOTATION - marked as hypothetical: contig=VFCALBON1, start=80244, stop=82016, strand=+
18:21:39.599 - INFO - ANNOTATION - marked as hypothetical: contig=VFCALBON1, start=81991, stop=82263, strand=+
18:21:39.599 - INFO - ANNOTATION - marked as hypothetical: contig=VFCALBON1, start=83852, stop=85153, strand=+
18:21:39.599 - INFO - ANNOTATION - marked as hypothetical: contig=VFCALBON1, start=85134, stop=86195, strand=+
18:21:39.599 - INFO - ANNOTATION - marked as hypothetical: contig=VFCALBON1, start=86187, stop=87248, strand=-
18:21:39.599 - INFO - ANNOTATION - marked as hypothetical: contig=VFCALBON1, start=87372, stop=87995, strand=+
18:21:39.599 - INFO - ANNOTATION - marked as hypothetical: contig=VFCALBON1, start=87981, stop=88979, strand=-
18:21:39.599 - INFO - ANNOTATION - fix gene: extract symbol from protein name. symbol=dnaK
18:21:39.599 - INFO - ANNOTATION - marked as hypothetical: contig=VFCALBON1, start=90792, stop=91235, strand=-
18:21:39.599 - INFO - ANNOTATION - marked as hypothetical: contig=VFCALBON1, start=91242, stop=92135, strand=+
18:21:39.599 - INFO - ANNOTATION - marked as hypothetical: contig=VFCALBON1, start=92130, stop=93134, strand=-
18:21:39.599 - INFO - ANNOTATION - marked as hypothetical: contig=VFCALBON1, start=93103, stop=95118, strand=-
18:21:39.599 - INFO - ANNOTATION - marked as hypothetical: contig=VFCALBON1, start=95109, stop=95765, strand=-
18:21:39.599 - INFO - ANNOTATION - marked as hypothetical: contig=VFCALBON1, start=96924, stop=97700, strand=-
18:21:39.599 - INFO - ANNOTATION - marked as hypothetical: contig=VFCALBON1, start=98105, stop=98347, strand=-
18:21:39.599 - INFO - ANNOTATION - marked as hypothetical: contig=VFCALBON1, start=98326, stop=98643, strand=-
18:21:39.599 - INFO - ANNOTATION - marked as hypothetical: contig=VFCALBON1, start=98640, stop=99404, strand=-
18:21:39.599 - INFO - ANNOTATION - marked as hypothetical: contig=VFCALBON1, start=99478, stop=100689, strand=+
18:21:39.599 - INFO - ANNOTATION - marked as hypothetical: contig=VFCALBON1, start=101325, stop=101483, strand=+
18:21:39.599 - INFO - ANNOTATION - marked as hypothetical: contig=VFCALBON1, start=101709, stop=101852, strand=+
18:21:39.599 - INFO - ANNOTATION - marked as hypothetical: contig=VFCALBON1, start=103643, stop=103765, strand=-
18:21:39.599 - INFO - ANNOTATION - marked as hypothetical: contig=VFCALBON1, start=104148, stop=104315, strand=-
18:21:39.599 - INFO - ANNOTATION - marked as hypothetical: contig=VFCALBON1, start=105343, stop=105768, strand=+
18:21:39.599 - INFO - ANNOTATION - marked as hypothetical: contig=VFCALBON1, start=105773, stop=106255, strand=+
18:21:39.599 - INFO - ANNOTATION - marked as hypothetical: contig=VFCALBON1, start=106252, stop=106437, strand=+
18:21:39.599 - INFO - ANNOTATION - marked as hypothetical: contig=VFCALBON1, start=107516, stop=107845, strand=+
18:21:39.599 - INFO - ANNOTATION - marked as hypothetical: contig=VFCALBON1, start=107838, stop=108464, strand=+
18:21:39.599 - INFO - ANNOTATION - marked as hypothetical: contig=VFCALBON1, start=108436, stop=108864, strand=+
18:21:39.599 - INFO - ANNOTATION - marked as hypothetical: contig=VFCALBON1, start=108861, stop=109088, strand=+
18:21:39.599 - INFO - ANNOTATION - marked as hypothetical: contig=VFCALBON1, start=109995, stop=110300, strand=+
18:21:39.599 - INFO - ANNOTATION - marked as hypothetical: contig=VFCALBON1, start=110300, stop=110674, strand=+
18:21:39.599 - INFO - ANNOTATION - marked as hypothetical: contig=VFCALBON1, start=110667, stop=111224, strand=+
18:21:39.599 - INFO - ANNOTATION - marked as hypothetical: contig=VFCALBON1, start=111184, stop=111489, strand=+
18:21:39.599 - INFO - ANNOTATION - marked as hypothetical: contig=VFCALBON1, start=111455, stop=111943, strand=+
18:21:39.599 - INFO - ANNOTATION - marked as hypothetical: contig=VFCALBON1, start=111891, stop=112211, strand=+
18:21:39.599 - INFO - ANNOTATION - marked as hypothetical: contig=VFCALBON1, start=112419, stop=112532, strand=+
18:21:39.599 - INFO - ANNOTATION - marked as hypothetical: contig=VFCALBON1, start=112529, stop=112864, strand=+
18:21:39.599 - INFO - ANNOTATION - marked as hypothetical: contig=VFCALBON1, start=113209, stop=113745, strand=+
18:21:39.599 - INFO - ANNOTATION - marked as hypothetical: contig=VFCALBON1, start=113729, stop=114340, strand=+
18:21:39.599 - INFO - ANNOTATION - marked as hypothetical: contig=VFCALBON1, start=114337, stop=114642, strand=+
18:21:39.599 - INFO - ANNOTATION - marked as hypothetical: contig=VFCALBON1, start=114631, stop=115764, strand=-
18:21:39.599 - INFO - ANNOTATION - marked as hypothetical: contig=VFCALBON1, start=115765, stop=116151, strand=+
18:21:39.599 - INFO - ANNOTATION - marked as hypothetical: contig=VFCALBON1, start=116144, stop=117190, strand=+
18:21:39.599 - INFO - ANNOTATION - marked as hypothetical: contig=VFCALBON1, start=117348, stop=117425, strand=+
18:21:39.599 - INFO - ORF - write internal aa seqs: # seqs=126, path=/tmp/tmpz_v7hn5q/cds.pseudo.candidates.faa
18:22:26.260 - INFO - CDS - found: pseudogene-candidates=0
18:22:26.260 - INFO - PSC - looked-up=0
18:22:26.260 - INFO - PSCC - looked-up=0
18:22:26.314 - INFO - CDS - pfam detected: contig=VFCALBON1, start=61306, stop=62229, strand=+, pfam-id=PF04864.16, length=196, aa-start=56, aa-stop=239, aa-cov=0.6, hmm-cov=0.9, evalue=1.5e-11, bitscore=36.7, name=Alliinase_C
18:22:26.319 - INFO - CDS - pfam detected: contig=VFCALBON1, start=70843, stop=71895, strand=+, pfam-id=PF00155.24, length=316, aa-start=33, aa-stop=325, aa-cov=0.8, hmm-cov=1.0, evalue=2.5e-31, bitscore=102.1, name=Aminotran_1_2
18:22:26.320 - INFO - CDS - pfam detected: contig=VFCALBON1, start=61306, stop=62229, strand=+, pfam-id=PF00155.24, length=228, aa-start=36, aa-stop=227, aa-cov=0.6, hmm-cov=1.0, evalue=8.6e-22, bitscore=70.7, name=Aminotran_1_2
18:22:26.320 - INFO - CDS - pfam detected: contig=VFCALBON1, start=32291, stop=33412, strand=+, pfam-id=PF00155.24, length=161, aa-start=61, aa-stop=204, aa-cov=0.4, hmm-cov=0.9, evalue=1.2e-06, bitscore=20.8, name=Aminotran_1_2
18:22:26.320 - INFO - CDS - pfam detected: contig=VFCALBON1, start=20549, stop=21628, strand=+, pfam-id=PF00266.22, length=385, aa-start=2, aa-stop=339, aa-cov=0.9, hmm-cov=1.0, evalue=4.1e-46, bitscore=150.5, name=Aminotran_5
18:22:26.335 - INFO - CDS - pfam detected: contig=VFCALBON1, start=37575, stop=38936, strand=-, pfam-id=PF14698.9, length=36, aa-start=360, aa-stop=395, aa-cov=0.1, hmm-cov=1.0, evalue=2.2e-10, bitscore=34.2, name=ASL_C2
18:22:26.340 - INFO - CDS - pfam detected: contig=VFCALBON1, start=76607, stop=77800, strand=-, pfam-id=PF06745.16, length=106, aa-start=155, aa-stop=257, aa-cov=0.3, hmm-cov=1.0, evalue=3.8e-10, bitscore=32.5, name=ATPase
18:22:26.341 - INFO - CDS - pfam detected: contig=VFCALBON1, start=53860, stop=56946, strand=+, pfam-id=PF15632.9, length=68, aa-start=792, aa-stop=859, aa-cov=0.1, hmm-cov=1.0, evalue=2.2e-15, bitscore=49.6, name=ATPgrasp_Ter
18:22:26.404 - INFO - CDS - pfam detected: contig=VFCALBON1, start=53860, stop=56946, strand=+, pfam-id=PF02786.20, length=217, aa-start=125, aa-stop=333, aa-cov=0.2, hmm-cov=1.0, evalue=1.3e-70, bitscore=230.1, name=CPSase_L_D2
18:22:26.404 - INFO - CDS - pfam detected: contig=VFCALBON1, start=53860, stop=56946, strand=+, pfam-id=PF02787.22, length=78, aa-start=421, aa-stop=496, aa-cov=0.1, hmm-cov=1.0, evalue=2.0e-14, bitscore=46.4, name=CPSase_L_D3
18:22:26.404 - INFO - CDS - pfam detected: contig=VFCALBON1, start=52817, stop=53863, strand=+, pfam-id=PF00988.25, length=113, aa-start=10, aa-stop=122, aa-cov=0.3, hmm-cov=1.0, evalue=2.4e-27, bitscore=88.3, name=CPSase_sm_chain
18:22:26.414 - INFO - CDS - pfam detected: contig=VFCALBON1, start=32291, stop=33412, strand=+, pfam-id=PF01053.23, length=372, aa-start=6, aa-stop=371, aa-cov=1.0, hmm-cov=1.0, evalue=4.9e-63, bitscore=205.9, name=Cys_Met_Meta_PP
18:22:26.416 - INFO - CDS - pfam detected: contig=VFCALBON1, start=91242, stop=92135, strand=+, pfam-id=PF00793.23, length=287, aa-start=6, aa-stop=287, aa-cov=0.9, hmm-cov=0.9, evalue=4.2e-66, bitscore=215.6, name=DAHP_synth_1
18:22:26.416 - INFO - CDS - pfam detected: contig=VFCALBON1, start=95109, stop=95765, strand=-, pfam-id=PF05173.17, length=113, aa-start=107, aa-stop=211, aa-cov=0.5, hmm-cov=1.0, evalue=1.0e-17, bitscore=57.3, name=DapB_C
18:22:26.416 - INFO - CDS - pfam detected: contig=VFCALBON1, start=95109, stop=95765, strand=-, pfam-id=PF01113.23, length=64, aa-start=36, aa-stop=98, aa-cov=0.3, hmm-cov=1.0, evalue=6.8e-15, bitscore=48.3, name=DapB_N
18:22:26.422 - INFO - CDS - pfam detected: contig=VFCALBON1, start=23481, stop=24314, strand=-, pfam-id=PF00701.25, length=274, aa-start=2, aa-stop=274, aa-cov=1.0, hmm-cov=1.0, evalue=1.2e-59, bitscore=194.3, name=DHDPS
18:22:26.422 - INFO - CDS - pfam detected: contig=VFCALBON1, start=116144, stop=117190, strand=+, pfam-id=PF01761.23, length=260, aa-start=48, aa-stop=304, aa-cov=0.7, hmm-cov=1.0, evalue=4.7e-81, bitscore=264.8, name=DHQ_synthase
18:22:26.425 - INFO - CDS - pfam detected: contig=VFCALBON1, start=76607, stop=77800, strand=-, pfam-id=PF03796.18, length=252, aa-start=155, aa-stop=396, aa-cov=0.6, hmm-cov=1.0, evalue=1.8e-74, bitscore=243.2, name=DnaB_C
18:22:26.425 - INFO - CDS - pfam detected: contig=VFCALBON1, start=87981, stop=88979, strand=-, pfam-id=PF00226.34, length=56, aa-start=6, aa-stop=61, aa-cov=0.2, hmm-cov=1.0, evalue=4.8e-25, bitscore=80.6, name=DnaJ
18:22:26.426 - INFO - CDS - pfam detected: contig=VFCALBON1, start=87981, stop=88979, strand=-, pfam-id=PF01556.21, length=106, aa-start=185, aa-stop=290, aa-cov=0.3, hmm-cov=0.9, evalue=3.7e-10, bitscore=33.1, name=DnaJ_C
18:22:26.433 - INFO - CDS - pfam detected: contig=VFCALBON1, start=43809, stop=46724, strand=+, pfam-id=PF07733.15, length=261, aa-start=272, aa-stop=522, aa-cov=0.3, hmm-cov=1.0, evalue=5.5e-83, bitscore=271.5, name=DNA_pol3_alpha
18:22:26.433 - INFO - CDS - pfam detected: contig=VFCALBON1, start=43809, stop=46724, strand=+, pfam-id=PF17657.4, length=161, aa-start=525, aa-stop=677, aa-cov=0.2, hmm-cov=1.0, evalue=1.0e-40, bitscore=131.8, name=DNA_pol3_finger
18:22:26.512 - INFO - CDS - pfam detected: contig=VFCALBON1, start=53860, stop=56946, strand=+, pfam-id=PF01071.22, length=151, aa-start=126, aa-stop=267, aa-cov=0.1, hmm-cov=1.0, evalue=1.3e-09, bitscore=31.0, name=GARS_A
18:22:26.513 - INFO - CDS - pfam detected: contig=VFCALBON1, start=52817, stop=53863, strand=+, pfam-id=PF00117.31, length=189, aa-start=176, aa-stop=345, aa-cov=0.5, hmm-cov=1.0, evalue=8.2e-29, bitscore=93.7, name=GATase
18:22:26.513 - INFO - CDS - pfam detected: contig=VFCALBON1, start=62783, stop=63427, strand=+, pfam-id=PF00117.31, length=220, aa-start=6, aa-stop=205, aa-cov=0.9, hmm-cov=0.8, evalue=2.3e-19, bitscore=62.9, name=GATase
18:22:26.513 - INFO - CDS - pfam detected: contig=VFCALBON1, start=35837, stop=36415, strand=-, pfam-id=PF00117.31, length=181, aa-start=4, aa-stop=174, aa-cov=0.9, hmm-cov=1.0, evalue=1.5e-12, bitscore=40.7, name=GATase
18:22:26.517 - INFO - CDS - pfam detected: contig=VFCALBON1, start=80244, stop=82016, strand=+, pfam-id=PF13932.9, length=203, aa-start=388, aa-stop=576, aa-cov=0.3, hmm-cov=1.0, evalue=1.9e-20, bitscore=66.9, name=GIDA_C
18:22:26.540 - INFO - CDS - pfam detected: contig=VFCALBON1, start=43809, stop=46724, strand=+, pfam-id=PF14579.9, length=85, aa-start=746, aa-stop=829, aa-cov=0.1, hmm-cov=1.0, evalue=6.2e-21, bitscore=67.5, name=HHH_6
18:22:26.543 - INFO - CDS - pfam detected: contig=VFCALBON1, start=75459, stop=76607, strand=-, pfam-id=PF00742.22, length=162, aa-start=135, aa-stop=294, aa-cov=0.4, hmm-cov=1.0, evalue=1.1e-20, bitscore=67.2, name=Homoserine_dh
18:22:26.553 - INFO - CDS - pfam detected: contig=VFCALBON1, start=66845, stop=67300, strand=-, pfam-id=PF05198.19, length=57, aa-start=2, aa-stop=58, aa-cov=0.4, hmm-cov=1.0, evalue=6.7e-17, bitscore=54.6, name=IF3_N
18:22:26.553 - INFO - CDS - pfam detected: contig=VFCALBON1, start=34191, stop=34925, strand=-, pfam-id=PF00218.24, length=248, aa-start=4, aa-stop=237, aa-cov=1.0, hmm-cov=1.0, evalue=3.1e-19, bitscore=62.1, name=IGPS
18:22:26.564 - INFO - CDS - pfam detected: contig=VFCALBON1, start=107838, stop=108464, strand=+, pfam-id=PF07650.20, length=58, aa-start=35, aa-stop=92, aa-cov=0.3, hmm-cov=1.0, evalue=2.1e-10, bitscore=33.3, name=KH_2
18:22:26.578 - INFO - CDS - pfam detected: contig=VFCALBON1, start=37575, stop=38936, strand=-, pfam-id=PF00206.23, length=216, aa-start=91, aa-stop=297, aa-cov=0.5, hmm-cov=1.0, evalue=4.8e-46, bitscore=150.5, name=Lyase_1
18:22:26.580 - INFO - CDS - pfam detected: contig=VFCALBON1, start=72773, stop=73873, strand=+, pfam-id=PF07687.17, length=105, aa-start=175, aa-stop=274, aa-cov=0.3, hmm-cov=1.0, evalue=8.2e-15, bitscore=47.7, name=M20_dimer
18:22:26.591 - INFO - CDS - pfam detected: contig=VFCALBON1, start=29206, stop=31410, strand=+, pfam-id=PF08267.15, length=313, aa-start=5, aa-stop=302, aa-cov=0.4, hmm-cov=1.0, evalue=3.8e-57, bitscore=187.1, name=Meth_synt_1
18:22:26.591 - INFO - CDS - pfam detected: contig=VFCALBON1, start=29206, stop=31410, strand=+, pfam-id=PF01717.21, length=326, aa-start=412, aa-stop=727, aa-cov=0.4, hmm-cov=1.0, evalue=3.0e-93, bitscore=305.6, name=Meth_synt_2
18:22:26.632 - INFO - CDS - pfam detected: contig=VFCALBON1, start=114631, stop=115764, strand=-, pfam-id=PF02784.19, length=230, aa-start=43, aa-stop=258, aa-cov=0.6, hmm-cov=1.0, evalue=1.4e-39, bitscore=128.9, name=Orn_Arg_deC_N
18:22:26.632 - INFO - CDS - pfam detected: contig=VFCALBON1, start=114631, stop=115764, strand=-, pfam-id=PF00278.25, length=145, aa-start=206, aa-stop=348, aa-cov=0.4, hmm-cov=0.6, evalue=9.8e-19, bitscore=60.5, name=Orn_DAP_Arg_deC
18:22:26.632 - INFO - CDS - pfam detected: contig=VFCALBON1, start=65478, stop=66332, strand=+, pfam-id=PF00185.27, length=155, aa-start=151, aa-stop=280, aa-cov=0.5, hmm-cov=1.0, evalue=3.5e-21, bitscore=68.9, name=OTCace
18:22:26.633 - INFO - CDS - pfam detected: contig=VFCALBON1, start=65478, stop=66332, strand=+, pfam-id=PF02729.24, length=152, aa-start=2, aa-stop=145, aa-cov=0.5, hmm-cov=1.0, evalue=5.0e-34, bitscore=110.5, name=OTCace_N
18:22:26.647 - INFO - CDS - pfam detected: contig=VFCALBON1, start=33398, stop=34198, strand=-, pfam-id=PF03462.21, length=93, aa-start=25, aa-stop=116, aa-cov=0.3, hmm-cov=1.0, evalue=1.5e-28, bitscore=92.9, name=PCRF
18:22:26.648 - INFO - CDS - pfam detected: contig=VFCALBON1, start=22829, stop=23491, strand=-, pfam-id=PF03462.21, length=92, aa-start=6, aa-stop=87, aa-cov=0.4, hmm-cov=1.0, evalue=6.9e-08, bitscore=25.5, name=PCRF
18:22:26.660 - INFO - CDS - pfam detected: contig=VFCALBON1, start=13552, stop=13965, strand=+, pfam-id=PF01327.24, length=122, aa-start=24, aa-stop=134, aa-cov=0.8, hmm-cov=1.0, evalue=1.5e-15, bitscore=50.1, name=Pep_deformylase
18:22:26.716 - INFO - CDS - pfam detected: contig=VFCALBON1, start=48805, stop=49395, strand=+, pfam-id=PF00697.25, length=170, aa-start=20, aa-stop=174, aa-cov=0.8, hmm-cov=1.0, evalue=4.8e-13, bitscore=42.2, name=PRAI
18:22:26.719 - INFO - CDS - pfam detected: contig=VFCALBON1, start=18453, stop=19328, strand=+, pfam-id=PF13793.9, length=83, aa-start=16, aa-stop=98, aa-cov=0.3, hmm-cov=1.0, evalue=3.4e-12, bitscore=39.4, name=Pribosyltran_N
18:22:26.771 - INFO - CDS - pfam detected: contig=VFCALBON1, start=1221, stop=1637, strand=+, pfam-id=PF03946.17, length=54, aa-start=14, aa-stop=67, aa-cov=0.4, hmm-cov=1.0, evalue=2.1e-16, bitscore=52.6, name=Ribosomal_L11_N
18:22:26.772 - INFO - CDS - pfam detected: contig=VFCALBON1, start=2619, stop=2984, strand=+, pfam-id=PF00542.22, length=64, aa-start=57, aa-stop=120, aa-cov=0.5, hmm-cov=1.0, evalue=2.6e-15, bitscore=49.6, name=Ribosomal_L12
18:22:26.773 - INFO - CDS - pfam detected: contig=VFCALBON1, start=108436, stop=108864, strand=+, pfam-id=PF00252.21, length=131, aa-start=5, aa-stop=132, aa-cov=0.9, hmm-cov=1.0, evalue=4.7e-33, bitscore=107.1, name=Ribosomal_L16
18:22:26.773 - INFO - CDS - pfam detected: contig=VFCALBON1, start=107516, stop=107845, strand=+, pfam-id=PF00237.22, length=98, aa-start=8, aa-stop=105, aa-cov=0.9, hmm-cov=1.0, evalue=7.7e-16, bitscore=51.3, name=Ribosomal_L22
18:22:26.774 - INFO - CDS - pfam detected: contig=VFCALBON1, start=112419, stop=112532, strand=+, pfam-id=PF00444.21, length=38, aa-start=1, aa-stop=37, aa-cov=1.0, hmm-cov=1.0, evalue=1.2e-17, bitscore=56.8, name=Ribosomal_L36
18:22:26.775 - INFO - CDS - pfam detected: contig=VFCALBON1, start=13260, stop=13571, strand=+, pfam-id=PF00338.25, length=97, aa-start=4, aa-stop=97, aa-cov=0.9, hmm-cov=1.0, evalue=6.3e-22, bitscore=70.7, name=Ribosomal_S10
18:22:26.775 - INFO - CDS - pfam detected: contig=VFCALBON1, start=46721, stop=46885, strand=+, pfam-id=PF00312.25, length=37, aa-start=5, aa-stop=41, aa-cov=0.7, hmm-cov=1.0, evalue=3.2e-11, bitscore=36.4, name=Ribosomal_S15
18:22:26.776 - INFO - CDS - pfam detected: contig=VFCALBON1, start=107838, stop=108464, strand=+, pfam-id=PF00189.23, length=82, aa-start=117, aa-stop=198, aa-cov=0.4, hmm-cov=1.0, evalue=3.3e-21, bitscore=68.7, name=Ribosomal_S3_C
18:22:26.776 - INFO - CDS - pfam detected: contig=VFCALBON1, start=111455, stop=111943, strand=+, pfam-id=PF00333.23, length=61, aa-start=6, aa-stop=66, aa-cov=0.4, hmm-cov=1.0, evalue=6.3e-09, bitscore=28.8, name=Ribosomal_S5
18:22:26.776 - INFO - CDS - pfam detected: contig=VFCALBON1, start=111455, stop=111943, strand=+, pfam-id=PF03719.18, length=52, aa-start=81, aa-stop=131, aa-cov=0.3, hmm-cov=1.0, evalue=4.9e-12, bitscore=38.2, name=Ribosomal_S5_C
18:22:26.777 - INFO - CDS - pfam detected: contig=VFCALBON1, start=10722, stop=11204, strand=+, pfam-id=PF00177.24, length=153, aa-start=1, aa-stop=153, aa-cov=1.0, hmm-cov=1.0, evalue=1.3e-38, bitscore=125.0, name=Ribosomal_S7
18:22:26.777 - INFO - CDS - pfam detected: contig=VFCALBON1, start=110300, stop=110674, strand=+, pfam-id=PF00410.22, length=123, aa-start=6, aa-stop=122, aa-cov=0.9, hmm-cov=1.0, evalue=9.8e-18, bitscore=57.3, name=Ribosomal_S8
18:22:26.780 - INFO - CDS - pfam detected: contig=VFCALBON1, start=113729, stop=114340, strand=+, pfam-id=PF01000.29, length=105, aa-start=51, aa-stop=143, aa-cov=0.5, hmm-cov=1.0, evalue=5.4e-13, bitscore=42.4, name=RNA_pol_A_bac
18:22:26.781 - INFO - CDS - pfam detected: contig=VFCALBON1, start=113729, stop=114340, strand=+, pfam-id=PF01193.27, length=186, aa-start=21, aa-stop=202, aa-cov=0.9, hmm-cov=0.4, evalue=2.2e-11, bitscore=36.5, name=RNA_pol_L
18:22:26.781 - INFO - CDS - pfam detected: contig=VFCALBON1, start=6562, stop=10392, strand=+, pfam-id=PF04997.15, length=348, aa-start=2, aa-stop=319, aa-cov=0.2, hmm-cov=0.9, evalue=1.8e-65, bitscore=214.3, name=RNA_pol_Rpb1_1
18:22:26.781 - INFO - CDS - pfam detected: contig=VFCALBON1, start=6562, stop=10392, strand=+, pfam-id=PF00623.23, length=164, aa-start=321, aa-stop=461, aa-cov=0.1, hmm-cov=1.0, evalue=8.9e-34, bitscore=110.1, name=RNA_pol_Rpb1_2
18:22:26.781 - INFO - CDS - pfam detected: contig=VFCALBON1, start=6562, stop=10392, strand=+, pfam-id=PF04983.21, length=164, aa-start=466, aa-stop=607, aa-cov=0.1, hmm-cov=1.0, evalue=4.7e-18, bitscore=58.6, name=RNA_pol_Rpb1_3
18:22:26.785 - INFO - CDS - pfam detected: contig=VFCALBON1, start=6562, stop=10392, strand=+, pfam-id=PF04998.20, length=503, aa-start=707, aa-stop=1183, aa-cov=0.4, hmm-cov=0.5, evalue=8.7e-44, bitscore=142.9, name=RNA_pol_Rpb1_5
18:22:26.785 - INFO - CDS - pfam detected: contig=VFCALBON1, start=2987, stop=6565, strand=+, pfam-id=PF04565.19, length=69, aa-start=416, aa-stop=484, aa-cov=0.1, hmm-cov=1.0, evalue=6.0e-26, bitscore=83.5, name=RNA_pol_Rpb2_3
18:22:26.786 - INFO - CDS - pfam detected: contig=VFCALBON1, start=2987, stop=6565, strand=+, pfam-id=PF00562.31, length=561, aa-start=563, aa-stop=1109, aa-cov=0.5, hmm-cov=0.7, evalue=3.6e-89, bitscore=292.4, name=RNA_pol_Rpb2_6
18:22:26.786 - INFO - CDS - pfam detected: contig=VFCALBON1, start=2987, stop=6565, strand=+, pfam-id=PF04560.23, length=85, aa-start=1111, aa-stop=1185, aa-cov=0.1, hmm-cov=1.0, evalue=2.0e-24, bitscore=78.9, name=RNA_pol_Rpb2_7
18:22:26.789 - INFO - CDS - pfam detected: contig=VFCALBON1, start=14420, stop=15172, strand=-, pfam-id=PF00398.23, length=112, aa-start=31, aa-stop=132, aa-cov=0.4, hmm-cov=1.0, evalue=2.0e-08, bitscore=26.6, name=RrnaAD
18:22:26.794 - INFO - CDS - pfam detected: contig=VFCALBON1, start=113209, stop=113745, strand=+, pfam-id=PF01479.28, length=47, aa-start=84, aa-stop=130, aa-cov=0.3, hmm-cov=1.0, evalue=1.7e-14, bitscore=46.4, name=S4
18:22:26.803 - INFO - CDS - pfam detected: contig=VFCALBON1, start=47820, stop=48839, strand=+, pfam-id=PF01118.27, length=68, aa-start=34, aa-stop=101, aa-cov=0.2, hmm-cov=1.0, evalue=1.3e-11, bitscore=38.1, name=Semialdhyde_dh
18:22:26.803 - INFO - CDS - pfam detected: contig=VFCALBON1, start=47820, stop=48839, strand=+, pfam-id=PF02774.21, length=194, aa-start=128, aa-stop=315, aa-cov=0.6, hmm-cov=0.9, evalue=1.7e-31, bitscore=102.7, name=Semialdhyde_dhC
18:22:26.809 - INFO - CDS - pfam detected: contig=VFCALBON1, start=42301, stop=43557, strand=+, pfam-id=PF04542.17, length=70, aa-start=189, aa-stop=258, aa-cov=0.2, hmm-cov=1.0, evalue=1.4e-23, bitscore=75.6, name=Sigma70_r2
18:22:26.810 - INFO - CDS - pfam detected: contig=VFCALBON1, start=42301, stop=43557, strand=+, pfam-id=PF04545.19, length=50, aa-start=352, aa-stop=401, aa-cov=0.1, hmm-cov=0.9, evalue=1.3e-16, bitscore=52.9, name=Sigma70_r4
18:22:26.811 - INFO - CDS - pfam detected: contig=VFCALBON1, start=115765, stop=116151, strand=+, pfam-id=PF01202.25, length=74, aa-start=8, aa-stop=73, aa-cov=0.5, hmm-cov=1.0, evalue=5.9e-07, bitscore=22.7, name=SKI
18:22:26.850 - INFO - CDS - pfam detected: contig=VFCALBON1, start=78248, stop=78541, strand=+, pfam-id=PF00085.23, length=85, aa-start=7, aa-stop=91, aa-cov=0.9, hmm-cov=1.0, evalue=5.3e-13, bitscore=41.9, name=Thioredoxin
18:22:26.852 - INFO - CDS - pfam detected: contig=VFCALBON1, start=74096, stop=75454, strand=-, pfam-id=PF14821.9, length=64, aa-start=2, aa-stop=65, aa-cov=0.1, hmm-cov=1.0, evalue=4.4e-11, bitscore=35.9, name=Thr_synth_N
18:22:26.869 - INFO - CDS - pfam detected: contig=VFCALBON1, start=39159, stop=40454, strand=-, pfam-id=PF00749.24, length=299, aa-start=16, aa-stop=302, aa-cov=0.7, hmm-cov=1.0, evalue=4.7e-43, bitscore=140.2, name=tRNA-synt_1c
18:22:26.870 - INFO - CDS - pfam detected: contig=VFCALBON1, start=21609, stop=22832, strand=-, pfam-id=PF00152.23, length=321, aa-start=99, aa-stop=404, aa-cov=0.8, hmm-cov=1.0, evalue=4.6e-43, bitscore=140.4, name=tRNA-synt_2
18:22:26.870 - INFO - CDS - pfam detected: contig=VFCALBON1, start=21609, stop=22832, strand=-, pfam-id=PF01409.23, length=34, aa-start=185, aa-stop=218, aa-cov=0.1, hmm-cov=1.0, evalue=3.7e-07, bitscore=22.8, name=tRNA-synt_2d
18:22:26.871 - INFO - CDS - pfam detected: contig=VFCALBON1, start=92130, stop=93134, strand=-, pfam-id=PF03054.19, length=199, aa-start=13, aa-stop=188, aa-cov=0.5, hmm-cov=1.0, evalue=8.4e-24, bitscore=77.3, name=tRNA_Me_trans
18:22:26.873 - INFO - CDS - pfam detected: contig=VFCALBON1, start=50459, stop=51076, strand=+, pfam-id=PF00290.23, length=114, aa-start=2, aa-stop=103, aa-cov=0.5, hmm-cov=1.0, evalue=2.5e-10, bitscore=32.7, name=Trp_syntA
18:22:26.902 - INFO - CDS - predicted-pfams=80, CDS-w/-pfams=54
18:22:26.958 - INFO - S_ORF - predicted=1341
18:22:27.018 - INFO - S_ORF - sORF filter: # valid=41, # discarded=1300
18:22:27.044 - INFO - ORF - discarded=0
18:22:27.069 - INFO - UPS - looked-up=0
18:22:27.070 - INFO - IPS - looked-up=0
18:22:27.070 - INFO - ORF - write internal aa seqs: # seqs=41, path=/tmp/tmpz_v7hn5q/sorf.faa
18:22:27.150 - INFO - S_ORF - found=0
18:22:27.150 - INFO - PSC - looked-up=0
18:22:27.150 - INFO - PSCC - looked-up=0
18:22:27.644 - INFO - ORI - predicted=0
18:22:27.706 - INFO - ORI - predicted=0
18:22:27.707 - INFO - ANNOTATION - overlap: CDS (None/hypothetical protein) [1221, 1637] overlapping tRNA (trnW) [1176, 1247], [1221,1247], contig=VFCALBON1
18:22:27.707 - INFO - ANNOTATION - overlap: CDS (None/hypothetical protein) [13552, 13965] overlapping tRNA (trnF) [13959, 14031], [13959,13965], contig=VFCALBON1
18:22:27.707 - INFO - ANNOTATION - overlap: CDS (None/hypothetical protein) [14002, 14457] overlapping tRNA (trnF) [13959, 14031], [14002,14031], contig=VFCALBON1
18:22:27.707 - INFO - ANNOTATION - overlap: CDS (None/hypothetical protein) [24352, 26361] overlapping tRNA (trnS) [26361, 26443], [26361,26361], contig=VFCALBON1
18:22:27.707 - INFO - ANNOTATION - overlap: CDS (None/hypothetical protein) [26432, 26641] overlapping tRNA (trnS) [26361, 26443], [26432,26443], contig=VFCALBON1
18:22:27.707 - INFO - ANNOTATION - overlap: CDS (None/hypothetical protein) [42301, 43557] overlapping tRNA (None) [43548, 43798], [43548,43557], contig=VFCALBON1
18:22:27.707 - INFO - ANNOTATION - overlap: CDS (None/hypothetical protein) [43656, 43757] overlapping tRNA (None) [43548, 43798], [43656,43757], contig=VFCALBON1
18:22:27.707 - INFO - ANNOTATION - overlap: CDS (None/hypothetical protein) [46721, 46885] overlapping tRNA (trnL) [46851, 46923], [46851,46885], contig=VFCALBON1
18:22:27.707 - INFO - ANNOTATION - overlap: CDS (None/hypothetical protein) [52294, 52803] overlapping tRNA (trnG) [52237, 52308], [52294,52308], contig=VFCALBON1
18:22:27.707 - INFO - ANNOTATION - overlap: CDS (clpX/ATP-dependent Clp protease ATP-binding subunit ClpX) [58053, 59216] overlapping tRNA (trnV) [59207, 59278], [59207,59216], contig=VFCALBON1
18:22:27.707 - INFO - ANNOTATION - overlap: CDS (None/hypothetical protein) [59249, 59362] overlapping tRNA (trnV) [59207, 59278], [59249,59278], contig=VFCALBON1
18:22:27.707 - INFO - ANNOTATION - overlap: CDS (None/hypothetical protein) [59249, 59362] overlapping tRNA (trnS) [59361, 59444], [59361,59362], contig=VFCALBON1
18:22:27.707 - INFO - ANNOTATION - overlap: CDS (None/hypothetical protein) [59249, 59362] overlapping tRNA (trnL) [59279, 59359], [59279,59359], contig=VFCALBON1
18:22:27.707 - INFO - ANNOTATION - overlap: CDS (None/hypothetical protein) [65120, 65392] overlapping tRNA (trnH) [65391, 65464], [65391,65392], contig=VFCALBON1
18:22:27.707 - INFO - ANNOTATION - overlap: CDS (None/hypothetical protein) [65478, 66332] overlapping tRNA (trnK) [66319, 66390], [66319,66332], contig=VFCALBON1
18:22:27.707 - INFO - ANNOTATION - overlap: CDS (None/hypothetical protein) [66381, 66728] overlapping tRNA (trnK) [66319, 66390], [66381,66390], contig=VFCALBON1
18:22:27.707 - INFO - ANNOTATION - overlap: CDS (None/Chorismate synthase) [67379, 68407] overlapping tRNA (trnV) [67308, 67379], [67379,67379], contig=VFCALBON1
18:22:27.707 - INFO - ANNOTATION - overlap: CDS (None/hypothetical protein) [68487, 68618] overlapping tRNA (trnfM) [68607, 68679], [68607,68618], contig=VFCALBON1
18:22:27.707 - INFO - ANNOTATION - overlap: CDS (None/hypothetical protein) [78534, 78773] overlapping tRNA (trnD) [78735, 78807], [78735,78773], contig=VFCALBON1
18:22:27.707 - INFO - ANNOTATION - overlap: CDS (None/hypothetical protein) [98640, 99404] overlapping tRNA (trnA) [99404, 99475], [99404,99404], contig=VFCALBON1
18:22:27.707 - INFO - ANNOTATION - overlap: CDS (None/hypothetical protein) [101325, 101483] overlapping rRNA (rrl) [100915, 103694], [101325,101483], contig=VFCALBON1
18:22:27.707 - INFO - ANNOTATION - overlap: CDS (None/hypothetical protein) [101709, 101852] overlapping rRNA (rrl) [100915, 103694], [101709,101852], contig=VFCALBON1
18:22:27.707 - INFO - ANNOTATION - overlap: CDS (None/hypothetical protein) [103643, 103765] overlapping tRNA (trnI) [103708, 103779], [103708,103765], contig=VFCALBON1
18:22:27.707 - INFO - ANNOTATION - overlap: CDS (None/hypothetical protein) [103643, 103765] overlapping rRNA (rrl) [100915, 103694], [103643,103694], contig=VFCALBON1
18:22:27.707 - INFO - ANNOTATION - overlap: CDS (None/hypothetical protein) [104148, 104315] overlapping rRNA (rrs) [103785, 105276], [104148,104315], contig=VFCALBON1
18:22:27.708 - INFO - ANNOTATION - overlap: CDS (None/hypothetical protein) [116144, 117190] overlapping tRNA (trnM) [117152, 117224], [117152,117190], contig=VFCALBON1
18:22:27.708 - INFO - ANNOTATION - overlap: CDS (None/Elongation factor Tu) [1, 1185] overlapping tRNA (trnW) [1176, 1247], [1176,1185], contig=VFCALBON1
18:22:27.708 - INFO - ANNOTATION - overlap: CDS (None/hypothetical protein) [117348, 117425] overlapping tRNA (trnY) [117265, 117348], [117348,117348], contig=VFCALBON1
18:22:27.708 - INFO - ANNOTATION - overlap: CDS (None/hypothetical protein) [117348, 117425] overlapping tRNA (trnG) [117350, 117420], [117350,117420], contig=VFCALBON1
18:22:27.708 - INFO - UTILS - generated sequence tag prefix: prefix=CPJOAPLBBM, length=10, MD5=C938A95BB6D6039EF62D929182A9FBEF
18:22:27.708 - INFO - MAIN - selected features=150
18:22:27.708 - INFO - UTILS - generated sequence tag prefix: prefix=CPJOAP, length=6, MD5=C938A95BB6D6039EF62D929182A9FBEF
18:22:27.708 - INFO - MAIN - locus tag prefix=CPJOAP
18:22:27.708 - INFO - UTILS - genome-size=117426
18:22:27.709 - INFO - UTILS - GC=0.251
18:22:27.709 - INFO - UTILS - N=0.000
18:22:27.709 - INFO - UTILS - N50=117426
18:22:27.709 - INFO - UTILS - coding-ratio=0.890
18:22:27.709 - INFO - TSV - write tsv: path=/home/diego/Documents/metagenomes/annotation_symbio_merge/annotation_Beta/genomes/annotation_bakta/bakta_VFCALBON1/VFCALBON1.tsv
18:22:27.709 - INFO - GFF - write GFF3: path=/home/diego/Documents/metagenomes/annotation_symbio_merge/annotation_Beta/genomes/annotation_bakta/bakta_VFCALBON1/VFCALBON1.gff3
18:22:27.712 - INFO - INSDC - write GenBank: path=/home/diego/Documents/metagenomes/annotation_symbio_merge/annotation_Beta/genomes/annotation_bakta/bakta_VFCALBON1/VFCALBON1.gbff
18:22:27.717 - INFO - INSDC - write EMBL: path=/home/diego/Documents/metagenomes/annotation_symbio_merge/annotation_Beta/genomes/annotation_bakta/bakta_VFCALBON1/VFCALBON1.embl
18:22:27.723 - INFO - FASTA - write genome sequences: path=/home/diego/Documents/metagenomes/annotation_symbio_merge/annotation_Beta/genomes/annotation_bakta/bakta_VFCALBON1/VFCALBON1.fna, description=True, wrap=True
18:22:27.723 - INFO - FASTA - write feature nucleotide sequences: path=/home/diego/Documents/metagenomes/annotation_symbio_merge/annotation_Beta/genomes/annotation_bakta/bakta_VFCALBON1/VFCALBON1.ffn
18:22:27.724 - INFO - FASTA - write translated CDS/sORF: path=/home/diego/Documents/metagenomes/annotation_symbio_merge/annotation_Beta/genomes/annotation_bakta/bakta_VFCALBON1/VFCALBON1.faa
18:22:27.743 - INFO - PLOT - write circular genome plot: file-name=VFCALBON1, output-dir=/home/diego/Documents/metagenomes/annotation_symbio_merge/annotation_Beta/genomes/annotation_bakta/bakta_VFCALBON1
18:22:30.774 - INFO - TSV - write hypothetical tsv: path=/home/diego/Documents/metagenomes/annotation_symbio_merge/annotation_Beta/genomes/annotation_bakta/bakta_VFCALBON1/VFCALBON1.hypotheticals.tsv
18:22:30.775 - INFO - FASTA - write translated CDS/sORF: path=/home/diego/Documents/metagenomes/annotation_symbio_merge/annotation_Beta/genomes/annotation_bakta/bakta_VFCALBON1/VFCALBON1.hypotheticals.faa
18:22:30.775 - INFO - JSON - write JSON: path=/home/diego/Documents/metagenomes/annotation_symbio_merge/annotation_Beta/genomes/annotation_bakta/bakta_VFCALBON1/VFCALBON1.json
18:22:30.780 - INFO - MAIN - removed tmp dir: /tmp/tmpz_v7hn5q
