[10:03:19] This is prokka 1.13
[10:03:19] Written by Torsten Seemann <torsten.seemann@gmail.com>
[10:03:19] Homepage is https://github.com/tseemann/prokka
[10:03:19] Local time is Mon Dec 18 10:03:19 2023
[10:03:19] You are diego
[10:03:19] Operating system is linux
[10:03:19] You have BioPerl 1.007002
[10:03:19] System has 32 cores.
[10:03:19] Option --cpu asked for 40 cores, but system only has 32
[10:03:19] Will use maximum of 32 cores.
[10:03:19] Annotating as >>> Bacteria <<<
[10:03:19] Enabling options to ensure Genbank/ENA/DDJB submission compliance.
[10:03:19] Creating new output folder: prokka_SMPARIOC
[10:03:19] Running: mkdir -p prokka_SMPARIOC
[10:03:19] Using filename prefix: prokka_SMPARIOC.XXX
[10:03:19] Setting HMMER_NCPU=1
[10:03:19] Writing log to: prokka_SMPARIOC/prokka_SMPARIOC.log
[10:03:19] Command: /home/diego/miniconda3/envs/prokka_env/bin/prokka SMPARIOC.fasta --prefix prokka_SMPARIOC --outdir prokka_SMPARIOC --cpus 40 --locustag SMPARIOC --compliant --gcode 11
[10:03:19] Appending to PATH: /home/diego/miniconda3/envs/prokka_env/bin
[10:03:19] Looking for 'aragorn' - found /home/diego/miniconda3/envs/prokka_env/bin/aragorn
[10:03:19] Determined aragorn version is 1.2
[10:03:19] Looking for 'barrnap' - found /home/diego/miniconda3/envs/prokka_env/bin/barrnap
[10:03:19] Determined barrnap version is 0.9
[10:03:19] Looking for 'blastp' - found /home/diego/miniconda3/envs/prokka_env/bin/blastp
[10:03:19] Determined blastp version is 2.14
[10:03:19] Looking for 'cmpress' - found /home/diego/miniconda3/envs/prokka_env/bin/cmpress
[10:03:19] Determined cmpress version is 1.1
[10:03:19] Looking for 'cmscan' - found /home/diego/miniconda3/envs/prokka_env/bin/cmscan
[10:03:19] Determined cmscan version is 1.1
[10:03:19] Looking for 'egrep' - found /usr/bin/egrep
[10:03:19] Looking for 'find' - found /usr/bin/find
[10:03:19] Looking for 'grep' - found /usr/bin/grep
[10:03:19] Looking for 'hmmpress' - found /home/diego/miniconda3/envs/prokka_env/bin/hmmpress
[10:03:19] Determined hmmpress version is 3.3
[10:03:19] Looking for 'hmmscan' - found /home/diego/miniconda3/envs/prokka_env/bin/hmmscan
[10:03:19] Determined hmmscan version is 3.3
[10:03:19] Looking for 'java' - found /home/diego/miniconda3/envs/prokka_env/bin/java
[10:03:19] Looking for 'less' - found /usr/bin/less
[10:03:19] Looking for 'makeblastdb' - found /home/diego/miniconda3/envs/prokka_env/bin/makeblastdb
[10:03:19] Determined makeblastdb version is 2.14
[10:03:19] Looking for 'minced' - found /home/diego/miniconda3/envs/prokka_env/bin/minced
[10:03:19] Determined minced version is 4.2
[10:03:19] Looking for 'parallel' - found /home/diego/miniconda3/envs/prokka_env/bin/parallel
[10:03:19] Determined parallel version is 20160622
[10:03:19] Looking for 'prodigal' - found /home/diego/miniconda3/envs/prokka_env/bin/prodigal
[10:03:19] Determined prodigal version is 2.6
[10:03:19] Looking for 'prokka-genbank_to_fasta_db' - found /home/diego/miniconda3/envs/prokka_env/bin/prokka-genbank_to_fasta_db
[10:03:19] Looking for 'rnammer' - found /home/diego/rnammer-1.2.src/rnammer
[10:03:19] Determined rnammer version is 1.2
[10:03:19] Looking for 'sed' - found /usr/bin/sed
[10:03:19] Looking for 'tbl2asn' - found /home/diego/miniconda3/envs/prokka_env/bin/tbl2asn
[10:03:19] Determined tbl2asn version is 25.8
[10:03:19] Using genetic code table 11.
[10:03:19] Loading and checking input file: SMPARIOC.fasta
[10:03:19] Wrote 1 contigs totalling 144413 bp.
[10:03:19] Predicting tRNAs and tmRNAs
[10:03:19] Running: aragorn -l -gc11  -w prokka_SMPARIOC\/prokka_SMPARIOC\.fna
[10:03:19] 1 tRNA-Met [9285,9357] 34 (cat)
[10:03:19] 2 tRNA-Asn c[12866,12942] 37 (gtt)
[10:03:19] 3 tRNA-Cys c[19606,19676] 33 (gca)
[10:03:19] 4 tmRNA c[21374,21692] 98,124 GKNYSLAA*
[10:03:19] 5 tRNA-Met c[22305,22380] 36 (cat)
[10:03:19] 6 tRNA-Leu [25991,26076] 36 (tag)
[10:03:19] 7 tRNA-Leu [26083,26165] 34 (caa)
[10:03:19] 8 tRNA-Ser [31987,32068] 34 (gct)
[10:03:19] 9 tRNA-Pro [32072,32146] 36 (tgg)
[10:03:19] 10 tRNA-Arg [32161,32236] 35 (tct)
[10:03:19] 11 tRNA-Ser c[37610,37697] 36 (tga)
[10:03:19] 12 tRNA-Lys [41495,41566] 33 (ttt)
[10:03:19] 13 tRNA-Asp c[41572,41645] 35 (gtc)
[10:03:19] 14 tRNA-Val c[45135,45209] 36 (tac)
[10:03:19] 15 tRNA-Leu c[58757,58844] 35 (taa)
[10:03:19] 16 tRNA-Gly c[58850,58921] 33 (gcc)
[10:03:19] 17 tRNA-Ala c[67704,67777] 35 (tgc)
[10:03:19] 18 tRNA-Ile c[67781,67856] 36 (gat)
[10:03:19] 19 tRNA-Thr [72116,72189] 35 (tgt)
[10:03:19] 20 tRNA-Tyr [72199,72280] 35 (gta)
[10:03:19] 21 tRNA-Gly [72289,72361] 34 (tcc)
[10:03:19] 22 tRNA-Thr [72372,72445] 34 (ggt)
[10:03:19] 23 tRNA-Trp [73654,73727] 34 (cca)
[10:03:19] 24 tRNA-His [84211,84286] 36 (gtg)
[10:03:19] 25 tRNA-Phe c[87068,87140] 35 (gaa)
[10:03:19] 26 tRNA-Leu c[99994,100067] 35 (gag)
[10:03:19] 27 tRNA-Met [100166,100240] 36 (cat)
[10:03:19] 28 tRNA-Glu c[111490,111561] 34 (ttc)
[10:03:19] 29 tRNA-Gln [111952,112022] 33 (ttg)
[10:03:19] 30 tRNA-Arg c[135193,135266] 35 (acg)
[10:03:19] Found 30 tRNAs
[10:03:19] Predicting Ribosomal RNAs
[10:03:19] Running Barrnap with 32 threads
[10:03:20] 1 gnl|Prokka|SMPARIOC_1 64655 5S ribosomal RNA (partial)
[10:03:20] 2 gnl|Prokka|SMPARIOC_1 64789 23S ribosomal RNA
[10:03:20] 3 gnl|Prokka|SMPARIOC_1 67883 16S ribosomal RNA
[10:03:20] Found 3 rRNAs
[10:03:20] Skipping ncRNA search, enable with --rfam if desired.
[10:03:20] Total of 32 tRNA + rRNA features
[10:03:20] Searching for CRISPR repeats
[10:03:20] Found 0 CRISPRs
[10:03:20] Predicting coding sequences
[10:03:20] Contigs total 144413 bp, so using single mode
[10:03:20] Running: prodigal -i prokka_SMPARIOC\/prokka_SMPARIOC\.fna -c -m -g 11 -p single -f sco -q
[10:03:21] Excluding CDS which overlaps existing RNA (tRNA) at gnl|Prokka|SMPARIOC_1:9421..12885 on + strand
[10:03:21] Excluding CDS which overlaps existing RNA (tRNA) at gnl|Prokka|SMPARIOC_1:32232..33692 on - strand
[10:03:21] Excluding CDS which overlaps existing RNA (tRNA) at gnl|Prokka|SMPARIOC_1:37547..37714 on - strand
[10:03:21] Excluding CDS which overlaps existing RNA (rRNA) at gnl|Prokka|SMPARIOC_1:64912..65370 on + strand
[10:03:21] Excluding CDS which overlaps existing RNA (tRNA) at gnl|Prokka|SMPARIOC_1:84286..84408 on - strand
[10:03:21] Excluding CDS which overlaps existing RNA (tRNA) at gnl|Prokka|SMPARIOC_1:100024..100203 on - strand
[10:03:21] Found 146 CDS
[10:03:21] Connecting features back to sequences
[10:03:21] Not using genus-specific database. Try --usegenus to enable it.
[10:03:21] Annotating CDS, please be patient.
[10:03:21] Will use 32 CPUs for similarity searching.
[10:03:21] There are still 146 unannotated CDS left (started with 146)
[10:03:21] Will use blast to search against /home/diego/miniconda3/envs/prokka_env/bin/../db/kingdom/Bacteria/sprot with 32 CPUs
[10:03:21] Running: cat prokka_SMPARIOC\/sprot\.faa | parallel --gnu --plain -j 32 --block 656 --recstart '>' --pipe blastp -query - -db /home/diego/miniconda3/envs/prokka_env/bin/../db/kingdom/Bacteria/sprot -evalue 1e-06 -num_threads 1 -num_descriptions 1 -num_alignments 1 -seg no > prokka_SMPARIOC\/sprot\.blast 2> /dev/null
[10:03:22] Modify product: Uncharacterized protease YdcP => putative protease YdcP
[10:03:22] Modify product: Probable ATP-dependent transporter SufC => putative ATP-dependent transporter SufC
[10:03:22] Cleaned 2 /product names
[10:03:22] Deleting unwanted file: prokka_SMPARIOC/sprot.faa
[10:03:22] Deleting unwanted file: prokka_SMPARIOC/sprot.blast
[10:03:22] There are still 24 unannotated CDS left (started with 146)
[10:03:22] Will use hmmer3 to search against /home/diego/miniconda3/envs/prokka_env/bin/../db/hmm/HAMAP.hmm with 32 CPUs
[10:03:22] Running: cat prokka_SMPARIOC\/HAMAP\.hmm\.faa | parallel --gnu --plain -j 32 --block 42 --recstart '>' --pipe hmmscan --noali --notextw --acc -E 1e-06 --cpu 1 /home/diego/miniconda3/envs/prokka_env/bin/../db/hmm/HAMAP.hmm /dev/stdin > prokka_SMPARIOC\/HAMAP\.hmm\.hmmer3 2> /dev/null
[10:03:23] Deleting unwanted file: prokka_SMPARIOC/HAMAP.hmm.faa
[10:03:23] Deleting unwanted file: prokka_SMPARIOC/HAMAP.hmm.hmmer3
[10:03:23] Labelling remaining 16 proteins as 'hypothetical protein'
[10:03:23] Possible /pseudo 'NADP-dependent malic enzyme' at gnl|Prokka|SMPARIOC_1 position 31711
[10:03:23] Found 128 unique /gene codes.
[10:03:23] Fixed 2 duplicate /gene - maeB_1 maeB_2
[10:03:23] Fixed 1 colliding /gene names.
[10:03:23] Adding /locus_tag identifiers
[10:03:23] Assigned 179 locus_tags to CDS and RNA features.
[10:03:23] Writing outputs to prokka_SMPARIOC/
[10:03:23] Generating annotation statistics file
[10:03:23] Generating Genbank and Sequin files
[10:03:23] Running: tbl2asn -V b -a r10k -l paired-ends -M n -N 1 -y 'Annotated using prokka 1.13 from https://github.com/tseemann/prokka' -Z prokka_SMPARIOC\/prokka_SMPARIOC\.err -i prokka_SMPARIOC\/prokka_SMPARIOC\.fsa 2> /dev/null
[10:03:23] Deleting unwanted file: prokka_SMPARIOC/errorsummary.val
[10:03:23] Deleting unwanted file: prokka_SMPARIOC/prokka_SMPARIOC.dr
[10:03:23] Deleting unwanted file: prokka_SMPARIOC/prokka_SMPARIOC.fixedproducts
[10:03:23] Deleting unwanted file: prokka_SMPARIOC/prokka_SMPARIOC.ecn
[10:03:23] Deleting unwanted file: prokka_SMPARIOC/prokka_SMPARIOC.val
[10:03:23] Repairing broken .GBK output that tbl2asn produces...
[10:03:23] Running: sed 's/COORDINATES: profile/COORDINATES:profile/' < prokka_SMPARIOC\/prokka_SMPARIOC\.gbf > prokka_SMPARIOC\/prokka_SMPARIOC\.gbk
[10:03:23] Deleting unwanted file: prokka_SMPARIOC/prokka_SMPARIOC.gbf
[10:03:23] Output files:
[10:03:23] prokka_SMPARIOC/prokka_SMPARIOC.log
[10:03:23] prokka_SMPARIOC/prokka_SMPARIOC.gbk
[10:03:23] prokka_SMPARIOC/prokka_SMPARIOC.tsv
[10:03:23] prokka_SMPARIOC/prokka_SMPARIOC.fna
[10:03:23] prokka_SMPARIOC/prokka_SMPARIOC.gff
[10:03:23] prokka_SMPARIOC/prokka_SMPARIOC.tbl
[10:03:23] prokka_SMPARIOC/prokka_SMPARIOC.err
[10:03:23] prokka_SMPARIOC/prokka_SMPARIOC.sqn
[10:03:23] prokka_SMPARIOC/prokka_SMPARIOC.txt
[10:03:23] prokka_SMPARIOC/prokka_SMPARIOC.faa
[10:03:23] prokka_SMPARIOC/prokka_SMPARIOC.ffn
[10:03:23] prokka_SMPARIOC/prokka_SMPARIOC.fsa
[10:03:23] Annotation finished successfully.
[10:03:23] Walltime used: 0.07 minutes
[10:03:23] If you use this result please cite the Prokka paper:
[10:03:23] Seemann T (2014) Prokka: rapid prokaryotic genome annotation. Bioinformatics. 30(14):2068-9.
[10:03:23] Type 'prokka --citation' for more details.
[10:03:23] Thank you, come again.
