Discrepancy Report Results

Summary
DISC_SOURCE_QUALS_ASNDISC:strain (all present, all unique)
DISC_SOURCE_QUALS_ASNDISC:taxname (all present, all unique)
DISC_FEATURE_COUNT:gene: 162 present
DISC_FEATURE_COUNT:CDS: 130 present
DISC_FEATURE_COUNT:tRNA: 28 present
DISC_FEATURE_COUNT:rRNA: 3 present
DISC_FEATURE_COUNT:tmRNA: 1 present
DISC_COUNT_NUCLEOTIDES:1 nucleotide Bioseqs are present
OVERLAPPING_GENES:62 genes overlap another gene on the same strand.
DISC_QUALITY_SCORES:Quality scores are missing on all sequences.
ONCALLER_COMMENT_PRESENT:1 comment descriptors were found (all same)
SHORT_PROT_SEQUENCES:1 protein sequences are shorter than 50 aa.
MISSING_GENOMEASSEMBLY_COMMENTS:1 bioseqs are missing GenomeAssembly structured comments
MOLTYPE_NOT_MRNA:1 molecule types are not set as mRNA.
TECHNIQUE_NOT_TSA:1 technique are not set as TSA
MISSING_STRUCTURED_COMMENT:1 sequences do not include structured comments.
MISSING_PROJECT:131 sequences do not include project.
DISC_INCONSISTENT_MOLINFO_TECH:Molinfo Technique Report (some missing, all same)


Detailed Report

DiscRep_ALL:DISC_SOURCE_QUALS_ASNDISC::strain (all present, all unique)
DiscRep_SUB:DISC_SOURCE_QUALS_ASNDISC::1 sources have unique values for strain
DiscRep_ALL:DISC_SOURCE_QUALS_ASNDISC::taxname (all present, all unique)
DiscRep_SUB:DISC_SOURCE_QUALS_ASNDISC::1 sources have unique values for taxname
DiscRep_ALL:DISC_FEATURE_COUNT::gene: 162 present
DiscRep_ALL:DISC_FEATURE_COUNT::CDS: 130 present
DiscRep_ALL:DISC_FEATURE_COUNT::tRNA: 28 present
DiscRep_ALL:DISC_FEATURE_COUNT::rRNA: 3 present
DiscRep_ALL:DISC_FEATURE_COUNT::tmRNA: 1 present
DiscRep_ALL:DISC_COUNT_NUCLEOTIDES::1 nucleotide Bioseqs are present
prokka_SMOECSP1/SMOECSP1:Prokka:SMOECSP1_1 (length 146587)

DiscRep_ALL:OVERLAPPING_GENES::62 genes overlap another gene on the same strand.
prokka_SMOECSP1/SMOECSP1:Gene	glnS	SMOECSP1_1:c16131-14542	SMOECSP1_00011
prokka_SMOECSP1/SMOECSP1:Gene	mnmG	SMOECSP1_1:c17960-16113	SMOECSP1_00012
prokka_SMOECSP1/SMOECSP1:Gene	gltX	SMOECSP1_1:c20359-18860	SMOECSP1_00015
prokka_SMOECSP1/SMOECSP1:Gene	rplI	SMOECSP1_1:c20798-20346	SMOECSP1_00016
prokka_SMOECSP1/SMOECSP1:Gene	rpsR	SMOECSP1_1:c21071-20802	SMOECSP1_00017
prokka_SMOECSP1/SMOECSP1:Gene	rpsF	SMOECSP1_1:c21424-21041	SMOECSP1_00018
prokka_SMOECSP1/SMOECSP1:Gene	rpmA	SMOECSP1_1:c21988-21743	SMOECSP1_00020
prokka_SMOECSP1/SMOECSP1:Gene	rplU	SMOECSP1_1:c22301-21933	SMOECSP1_00021
prokka_SMOECSP1/SMOECSP1:Gene	hflX	SMOECSP1_1:30750-31862	SMOECSP1_00030
prokka_SMOECSP1/SMOECSP1:Gene	maeB	SMOECSP1_1:31862-33130	SMOECSP1_00031
prokka_SMOECSP1/SMOECSP1:Gene	iscS	SMOECSP1_1:c41359-40226	SMOECSP1_00041
prokka_SMOECSP1/SMOECSP1:Gene	tilS	SMOECSP1_1:c42308-41337	SMOECSP1_00042
prokka_SMOECSP1/SMOECSP1:Gene	SMOECSP1_00047	SMOECSP1_1:c48874-48026	SMOECSP1_00047
prokka_SMOECSP1/SMOECSP1:Gene	dnaC	SMOECSP1_1:c50210-48867	SMOECSP1_00048
prokka_SMOECSP1/SMOECSP1:Gene	dnaJ	SMOECSP1_1:50843-51961	SMOECSP1_00050
prokka_SMOECSP1/SMOECSP1:Gene	mnmA	SMOECSP1_1:51949-53133	SMOECSP1_00051
prokka_SMOECSP1/SMOECSP1:Gene	rplT	SMOECSP1_1:c55001-54651	SMOECSP1_00054
prokka_SMOECSP1/SMOECSP1:Gene	rpmI	SMOECSP1_1:c55194-54985	SMOECSP1_00055
prokka_SMOECSP1/SMOECSP1:Gene	infC	SMOECSP1_1:c55711-55181	SMOECSP1_00056
prokka_SMOECSP1/SMOECSP1:Gene	rplM	SMOECSP1_1:57664-58059	SMOECSP1_00058
prokka_SMOECSP1/SMOECSP1:Gene	rpsI	SMOECSP1_1:58059-58451	SMOECSP1_00059
prokka_SMOECSP1/SMOECSP1:Gene	rpsB	SMOECSP1_1:58405-59187	SMOECSP1_00060
prokka_SMOECSP1/SMOECSP1:Gene	SMOECSP1_00074	SMOECSP1_1:73129-73204	SMOECSP1_00074
prokka_SMOECSP1/SMOECSP1:Gene	SMOECSP1_00075	SMOECSP1_1:73204-73287	SMOECSP1_00075
prokka_SMOECSP1/SMOECSP1:Gene	rplJ	SMOECSP1_1:74753-75289	SMOECSP1_00080
prokka_SMOECSP1/SMOECSP1:Gene	rplL	SMOECSP1_1:75279-75638	SMOECSP1_00081
prokka_SMOECSP1/SMOECSP1:Gene	serS	SMOECSP1_1:c86962-85718	SMOECSP1_00089
prokka_SMOECSP1/SMOECSP1:Gene	korB	SMOECSP1_1:c87854-86931	SMOECSP1_00090
prokka_SMOECSP1/SMOECSP1:Gene	leuS	SMOECSP1_1:c90671-87960	SMOECSP1_00092
prokka_SMOECSP1/SMOECSP1:Gene	tyrS1	SMOECSP1_1:c91920-90661	SMOECSP1_00093
prokka_SMOECSP1/SMOECSP1:Gene	leuA	SMOECSP1_1:91984-93162	SMOECSP1_00094
prokka_SMOECSP1/SMOECSP1:Gene	leuC	SMOECSP1_1:93140-94543	SMOECSP1_00095
prokka_SMOECSP1/SMOECSP1:Gene	leuD1	SMOECSP1_1:94530-95168	SMOECSP1_00096
prokka_SMOECSP1/SMOECSP1:Gene	leuB	SMOECSP1_1:95162-96247	SMOECSP1_00097
prokka_SMOECSP1/SMOECSP1:Gene	rlmB	SMOECSP1_1:96231-97034	SMOECSP1_00098
prokka_SMOECSP1/SMOECSP1:Gene	sufC	SMOECSP1_1:107673-108425	SMOECSP1_00111
prokka_SMOECSP1/SMOECSP1:Gene	sufS	SMOECSP1_1:108416-110932	SMOECSP1_00112
prokka_SMOECSP1/SMOECSP1:Gene	sigA	SMOECSP1_1:c115909-114902	SMOECSP1_00119
prokka_SMOECSP1/SMOECSP1:Gene	pnp	SMOECSP1_1:c117978-115900	SMOECSP1_00120
prokka_SMOECSP1/SMOECSP1:Gene	SMOECSP1_00121	SMOECSP1_1:c118157-117963	SMOECSP1_00121
prokka_SMOECSP1/SMOECSP1:Gene	fusA	SMOECSP1_1:120336-122426	SMOECSP1_00126
prokka_SMOECSP1/SMOECSP1:Gene	rpsJ	SMOECSP1_1:122413-122709	SMOECSP1_00127
prokka_SMOECSP1/SMOECSP1:Gene	rplC	SMOECSP1_1:122703-123335	SMOECSP1_00128
prokka_SMOECSP1/SMOECSP1:Gene	rplD	SMOECSP1_1:123313-123963	SMOECSP1_00129
prokka_SMOECSP1/SMOECSP1:Gene	SMOECSP1_00130	SMOECSP1_1:123965-124261	SMOECSP1_00130
prokka_SMOECSP1/SMOECSP1:Gene	rplB	SMOECSP1_1:124251-125069	SMOECSP1_00131
prokka_SMOECSP1/SMOECSP1:Gene	rpsS	SMOECSP1_1:125072-125353	SMOECSP1_00132
prokka_SMOECSP1/SMOECSP1:Gene	rplV	SMOECSP1_1:125346-125711	SMOECSP1_00133
prokka_SMOECSP1/SMOECSP1:Gene	rpsC	SMOECSP1_1:125680-126333	SMOECSP1_00134
prokka_SMOECSP1/SMOECSP1:Gene	rplP	SMOECSP1_1:126327-126758	SMOECSP1_00135
prokka_SMOECSP1/SMOECSP1:Gene	rpsQ	SMOECSP1_1:126749-126976	SMOECSP1_00136
prokka_SMOECSP1/SMOECSP1:Gene	SMOECSP1_00138	SMOECSP1_1:127345-127674	SMOECSP1_00138
prokka_SMOECSP1/SMOECSP1:Gene	rplE	SMOECSP1_1:127658-128203	SMOECSP1_00139
prokka_SMOECSP1/SMOECSP1:Gene	rplF	SMOECSP1_1:128898-129443	SMOECSP1_00142
prokka_SMOECSP1/SMOECSP1:Gene	rplR	SMOECSP1_1:129443-129760	SMOECSP1_00143
prokka_SMOECSP1/SMOECSP1:Gene	rpsE	SMOECSP1_1:129745-130239	SMOECSP1_00144
prokka_SMOECSP1/SMOECSP1:Gene	rplO	SMOECSP1_1:130221-130679	SMOECSP1_00145
prokka_SMOECSP1/SMOECSP1:Gene	rpsD	SMOECSP1_1:131816-132412	SMOECSP1_00149
prokka_SMOECSP1/SMOECSP1:Gene	rpoA	SMOECSP1_1:132412-133446	SMOECSP1_00150
prokka_SMOECSP1/SMOECSP1:Gene	rplQ	SMOECSP1_1:133428-133775	SMOECSP1_00151
prokka_SMOECSP1/SMOECSP1:Gene	SMOECSP1_00160	SMOECSP1_1:c143171-142920	SMOECSP1_00160
prokka_SMOECSP1/SMOECSP1:Gene	ilvB	SMOECSP1_1:c144832-143159	SMOECSP1_00161

DiscRep_ALL:DISC_QUALITY_SCORES::Quality scores are missing on all sequences.

DiscRep_ALL:ONCALLER_COMMENT_PRESENT::1 comment descriptors were found (all same)
prokka_SMOECSP1/SMOECSP1:Prokka:SMOECSP1_1:Annotated using prokka 1.13 from https://github.com/tseemann/prokka

DiscRep_ALL:SHORT_PROT_SEQUENCES::1 protein sequences are shorter than 50 aa.
prokka_SMOECSP1/SMOECSP1:Prokka:SMOECSP1_00147 (length 38)

DiscRep_ALL:MISSING_GENOMEASSEMBLY_COMMENTS::1 bioseqs are missing GenomeAssembly structured comments
prokka_SMOECSP1/SMOECSP1:Prokka:SMOECSP1_1 (length 146587)

DiscRep_ALL:MOLTYPE_NOT_MRNA::1 molecule types are not set as mRNA.
prokka_SMOECSP1/SMOECSP1:Prokka:SMOECSP1_1 (length 146587)

DiscRep_ALL:TECHNIQUE_NOT_TSA::1 technique are not set as TSA
prokka_SMOECSP1/SMOECSP1:Prokka:SMOECSP1_1 (length 146587)

DiscRep_ALL:MISSING_STRUCTURED_COMMENT::1 sequences do not include structured comments.
prokka_SMOECSP1/SMOECSP1:Prokka:SMOECSP1_1 (length 146587)

DiscRep_ALL:MISSING_PROJECT::131 sequences do not include project.
prokka_SMOECSP1/SMOECSP1:Prokka:SMOECSP1_1 (length 146587)
prokka_SMOECSP1/SMOECSP1:Prokka:SMOECSP1_00001 (length 221)
prokka_SMOECSP1/SMOECSP1:Prokka:SMOECSP1_00002 (length 981)
prokka_SMOECSP1/SMOECSP1:Prokka:SMOECSP1_00003 (length 111)
prokka_SMOECSP1/SMOECSP1:Prokka:SMOECSP1_00004 (length 372)
prokka_SMOECSP1/SMOECSP1:Prokka:SMOECSP1_00005 (length 378)
prokka_SMOECSP1/SMOECSP1:Prokka:SMOECSP1_00006 (length 394)
prokka_SMOECSP1/SMOECSP1:Prokka:SMOECSP1_00007 (length 343)
prokka_SMOECSP1/SMOECSP1:Prokka:SMOECSP1_00010 (length 405)
prokka_SMOECSP1/SMOECSP1:Prokka:SMOECSP1_00011 (length 529)
prokka_SMOECSP1/SMOECSP1:Prokka:SMOECSP1_00012 (length 615)
prokka_SMOECSP1/SMOECSP1:Prokka:SMOECSP1_00014 (length 232)
prokka_SMOECSP1/SMOECSP1:Prokka:SMOECSP1_00015 (length 499)
prokka_SMOECSP1/SMOECSP1:Prokka:SMOECSP1_00016 (length 150)
prokka_SMOECSP1/SMOECSP1:Prokka:SMOECSP1_00017 (length 89)
prokka_SMOECSP1/SMOECSP1:Prokka:SMOECSP1_00018 (length 127)
prokka_SMOECSP1/SMOECSP1:Prokka:SMOECSP1_00020 (length 81)
prokka_SMOECSP1/SMOECSP1:Prokka:SMOECSP1_00021 (length 122)
prokka_SMOECSP1/SMOECSP1:Prokka:SMOECSP1_00023 (length 449)
prokka_SMOECSP1/SMOECSP1:Prokka:SMOECSP1_00024 (length 182)
prokka_SMOECSP1/SMOECSP1:Prokka:SMOECSP1_00025 (length 352)
prokka_SMOECSP1/SMOECSP1:Prokka:SMOECSP1_00027 (length 254)
prokka_SMOECSP1/SMOECSP1:Prokka:SMOECSP1_00028 (length 279)
prokka_SMOECSP1/SMOECSP1:Prokka:SMOECSP1_00029 (length 435)
prokka_SMOECSP1/SMOECSP1:Prokka:SMOECSP1_00030 (length 370)
prokka_SMOECSP1/SMOECSP1:Prokka:SMOECSP1_00031 (length 422)
prokka_SMOECSP1/SMOECSP1:Prokka:SMOECSP1_00035 (length 64)
prokka_SMOECSP1/SMOECSP1:Prokka:SMOECSP1_00036 (length 106)
prokka_SMOECSP1/SMOECSP1:Prokka:SMOECSP1_00037 (length 436)
prokka_SMOECSP1/SMOECSP1:Prokka:SMOECSP1_00038 (length 647)
prokka_SMOECSP1/SMOECSP1:Prokka:SMOECSP1_00040 (length 483)
prokka_SMOECSP1/SMOECSP1:Prokka:SMOECSP1_00041 (length 377)
prokka_SMOECSP1/SMOECSP1:Prokka:SMOECSP1_00042 (length 323)
prokka_SMOECSP1/SMOECSP1:Prokka:SMOECSP1_00046 (length 451)
prokka_SMOECSP1/SMOECSP1:Prokka:SMOECSP1_00047 (length 282)
prokka_SMOECSP1/SMOECSP1:Prokka:SMOECSP1_00048 (length 447)
prokka_SMOECSP1/SMOECSP1:Prokka:SMOECSP1_00049 (length 178)
prokka_SMOECSP1/SMOECSP1:Prokka:SMOECSP1_00050 (length 372)
prokka_SMOECSP1/SMOECSP1:Prokka:SMOECSP1_00051 (length 394)
prokka_SMOECSP1/SMOECSP1:Prokka:SMOECSP1_00052 (length 352)
prokka_SMOECSP1/SMOECSP1:Prokka:SMOECSP1_00053 (length 144)
prokka_SMOECSP1/SMOECSP1:Prokka:SMOECSP1_00054 (length 116)
prokka_SMOECSP1/SMOECSP1:Prokka:SMOECSP1_00055 (length 69)
prokka_SMOECSP1/SMOECSP1:Prokka:SMOECSP1_00056 (length 176)
prokka_SMOECSP1/SMOECSP1:Prokka:SMOECSP1_00057 (length 618)
prokka_SMOECSP1/SMOECSP1:Prokka:SMOECSP1_00058 (length 131)
prokka_SMOECSP1/SMOECSP1:Prokka:SMOECSP1_00059 (length 130)
prokka_SMOECSP1/SMOECSP1:Prokka:SMOECSP1_00060 (length 260)
prokka_SMOECSP1/SMOECSP1:Prokka:SMOECSP1_00063 (length 843)
prokka_SMOECSP1/SMOECSP1:Prokka:SMOECSP1_00064 (length 412)
prokka_SMOECSP1/SMOECSP1:Prokka:SMOECSP1_00065 (length 217)
prokka_SMOECSP1/SMOECSP1:Prokka:SMOECSP1_00066 (length 501)
prokka_SMOECSP1/SMOECSP1:Prokka:SMOECSP1_00072 (length 402)
prokka_SMOECSP1/SMOECSP1:Prokka:SMOECSP1_00073 (length 137)
prokka_SMOECSP1/SMOECSP1:Prokka:SMOECSP1_00078 (length 395)
prokka_SMOECSP1/SMOECSP1:Prokka:SMOECSP1_00080 (length 178)
prokka_SMOECSP1/SMOECSP1:Prokka:SMOECSP1_00081 (length 119)
prokka_SMOECSP1/SMOECSP1:Prokka:SMOECSP1_00082 (length 1285)
prokka_SMOECSP1/SMOECSP1:Prokka:SMOECSP1_00083 (length 1355)
prokka_SMOECSP1/SMOECSP1:Prokka:SMOECSP1_00084 (length 250)
prokka_SMOECSP1/SMOECSP1:Prokka:SMOECSP1_00085 (length 248)
prokka_SMOECSP1/SMOECSP1:Prokka:SMOECSP1_00087 (length 61)
prokka_SMOECSP1/SMOECSP1:Prokka:SMOECSP1_00088 (length 66)
prokka_SMOECSP1/SMOECSP1:Prokka:SMOECSP1_00089 (length 414)
prokka_SMOECSP1/SMOECSP1:Prokka:SMOECSP1_00090 (length 307)
prokka_SMOECSP1/SMOECSP1:Prokka:SMOECSP1_00092 (length 903)
prokka_SMOECSP1/SMOECSP1:Prokka:SMOECSP1_00093 (length 419)
prokka_SMOECSP1/SMOECSP1:Prokka:SMOECSP1_00094 (length 392)
prokka_SMOECSP1/SMOECSP1:Prokka:SMOECSP1_00095 (length 467)
prokka_SMOECSP1/SMOECSP1:Prokka:SMOECSP1_00096 (length 212)
prokka_SMOECSP1/SMOECSP1:Prokka:SMOECSP1_00097 (length 361)
prokka_SMOECSP1/SMOECSP1:Prokka:SMOECSP1_00098 (length 267)
prokka_SMOECSP1/SMOECSP1:Prokka:SMOECSP1_00099 (length 122)
prokka_SMOECSP1/SMOECSP1:Prokka:SMOECSP1_00100 (length 335)
prokka_SMOECSP1/SMOECSP1:Prokka:SMOECSP1_00101 (length 357)
prokka_SMOECSP1/SMOECSP1:Prokka:SMOECSP1_00102 (length 463)
prokka_SMOECSP1/SMOECSP1:Prokka:SMOECSP1_00105 (length 142)
prokka_SMOECSP1/SMOECSP1:Prokka:SMOECSP1_00106 (length 101)
prokka_SMOECSP1/SMOECSP1:Prokka:SMOECSP1_00107 (length 546)
prokka_SMOECSP1/SMOECSP1:Prokka:SMOECSP1_00108 (length 89)
prokka_SMOECSP1/SMOECSP1:Prokka:SMOECSP1_00109 (length 440)
prokka_SMOECSP1/SMOECSP1:Prokka:SMOECSP1_00110 (length 469)
prokka_SMOECSP1/SMOECSP1:Prokka:SMOECSP1_00111 (length 250)
prokka_SMOECSP1/SMOECSP1:Prokka:SMOECSP1_00112 (length 838)
prokka_SMOECSP1/SMOECSP1:Prokka:SMOECSP1_00113 (length 79)
prokka_SMOECSP1/SMOECSP1:Prokka:SMOECSP1_00116 (length 394)
prokka_SMOECSP1/SMOECSP1:Prokka:SMOECSP1_00117 (length 78)
prokka_SMOECSP1/SMOECSP1:Prokka:SMOECSP1_00118 (length 326)
prokka_SMOECSP1/SMOECSP1:Prokka:SMOECSP1_00119 (length 335)
prokka_SMOECSP1/SMOECSP1:Prokka:SMOECSP1_00120 (length 692)
prokka_SMOECSP1/SMOECSP1:Prokka:SMOECSP1_00121 (length 64)
prokka_SMOECSP1/SMOECSP1:Prokka:SMOECSP1_00122 (length 89)
prokka_SMOECSP1/SMOECSP1:Prokka:SMOECSP1_00123 (length 332)
prokka_SMOECSP1/SMOECSP1:Prokka:SMOECSP1_00124 (length 133)
prokka_SMOECSP1/SMOECSP1:Prokka:SMOECSP1_00125 (length 155)
prokka_SMOECSP1/SMOECSP1:Prokka:SMOECSP1_00126 (length 696)
prokka_SMOECSP1/SMOECSP1:Prokka:SMOECSP1_00127 (length 98)
prokka_SMOECSP1/SMOECSP1:Prokka:SMOECSP1_00128 (length 210)
prokka_SMOECSP1/SMOECSP1:Prokka:SMOECSP1_00129 (length 216)
prokka_SMOECSP1/SMOECSP1:Prokka:SMOECSP1_00130 (length 98)
prokka_SMOECSP1/SMOECSP1:Prokka:SMOECSP1_00131 (length 272)
prokka_SMOECSP1/SMOECSP1:Prokka:SMOECSP1_00132 (length 93)
prokka_SMOECSP1/SMOECSP1:Prokka:SMOECSP1_00133 (length 121)
prokka_SMOECSP1/SMOECSP1:Prokka:SMOECSP1_00134 (length 217)
prokka_SMOECSP1/SMOECSP1:Prokka:SMOECSP1_00135 (length 143)
prokka_SMOECSP1/SMOECSP1:Prokka:SMOECSP1_00136 (length 75)
prokka_SMOECSP1/SMOECSP1:Prokka:SMOECSP1_00137 (length 120)
prokka_SMOECSP1/SMOECSP1:Prokka:SMOECSP1_00138 (length 109)
prokka_SMOECSP1/SMOECSP1:Prokka:SMOECSP1_00139 (length 181)
prokka_SMOECSP1/SMOECSP1:Prokka:SMOECSP1_00140 (length 89)
prokka_SMOECSP1/SMOECSP1:Prokka:SMOECSP1_00141 (length 129)
prokka_SMOECSP1/SMOECSP1:Prokka:SMOECSP1_00142 (length 181)
prokka_SMOECSP1/SMOECSP1:Prokka:SMOECSP1_00143 (length 105)
prokka_SMOECSP1/SMOECSP1:Prokka:SMOECSP1_00144 (length 164)
prokka_SMOECSP1/SMOECSP1:Prokka:SMOECSP1_00145 (length 152)
prokka_SMOECSP1/SMOECSP1:Prokka:SMOECSP1_00146 (length 69)
prokka_SMOECSP1/SMOECSP1:Prokka:SMOECSP1_00147 (length 38)
prokka_SMOECSP1/SMOECSP1:Prokka:SMOECSP1_00148 (length 117)
prokka_SMOECSP1/SMOECSP1:Prokka:SMOECSP1_00149 (length 198)
prokka_SMOECSP1/SMOECSP1:Prokka:SMOECSP1_00150 (length 344)
prokka_SMOECSP1/SMOECSP1:Prokka:SMOECSP1_00151 (length 115)
prokka_SMOECSP1/SMOECSP1:Prokka:SMOECSP1_00152 (length 297)
prokka_SMOECSP1/SMOECSP1:Prokka:SMOECSP1_00153 (length 528)
prokka_SMOECSP1/SMOECSP1:Prokka:SMOECSP1_00154 (length 496)
prokka_SMOECSP1/SMOECSP1:Prokka:SMOECSP1_00156 (length 331)
prokka_SMOECSP1/SMOECSP1:Prokka:SMOECSP1_00157 (length 360)
prokka_SMOECSP1/SMOECSP1:Prokka:SMOECSP1_00158 (length 329)
prokka_SMOECSP1/SMOECSP1:Prokka:SMOECSP1_00159 (length 348)
prokka_SMOECSP1/SMOECSP1:Prokka:SMOECSP1_00160 (length 83)
prokka_SMOECSP1/SMOECSP1:Prokka:SMOECSP1_00161 (length 557)
prokka_SMOECSP1/SMOECSP1:Prokka:SMOECSP1_00162 (length 567)

DiscRep_ALL:DISC_INCONSISTENT_MOLINFO_TECH::Molinfo Technique Report (some missing, all same)
DiscRep_SUB:DISC_INCONSISTENT_MOLINFO_TECH::technique (all missing)
DiscRep_SUB:DISC_INCONSISTENT_MOLINFO_TECH::1 Molinfos are missing field technique
prokka_SMOECSP1/SMOECSP1:Prokka:SMOECSP1_1 (length 146587)

