Discrepancy Report Results

Summary
DISC_SOURCE_QUALS_ASNDISC:strain (all present, all unique)
DISC_SOURCE_QUALS_ASNDISC:taxname (all present, all unique)
DISC_FEATURE_COUNT:gene: 175 present
DISC_FEATURE_COUNT:CDS: 142 present
DISC_FEATURE_COUNT:tRNA: 29 present
DISC_FEATURE_COUNT:rRNA: 3 present
DISC_FEATURE_COUNT:tmRNA: 1 present
DISC_COUNT_NUCLEOTIDES:1 nucleotide Bioseqs are present
OVERLAPPING_GENES:58 genes overlap another gene on the same strand.
OVERLAPPING_CDS:2 coding regions overlap another coding region with a similar or identical name.
SUSPECT_PRODUCT_NAMES:1 product_names contain suspect phrase or characters
	May contain database identifier more appropriate in note; remove from product name
		1 features Contains underscore
DISC_QUALITY_SCORES:Quality scores are missing on all sequences.
ONCALLER_COMMENT_PRESENT:1 comment descriptors were found (all same)
SHORT_PROT_SEQUENCES:4 protein sequences are shorter than 50 aa.
MISSING_GENOMEASSEMBLY_COMMENTS:1 bioseqs are missing GenomeAssembly structured comments
MOLTYPE_NOT_MRNA:1 molecule types are not set as mRNA.
TECHNIQUE_NOT_TSA:1 technique are not set as TSA
MISSING_STRUCTURED_COMMENT:1 sequences do not include structured comments.
MISSING_PROJECT:143 sequences do not include project.
DISC_INCONSISTENT_MOLINFO_TECH:Molinfo Technique Report (some missing, all same)


Detailed Report

DiscRep_ALL:DISC_SOURCE_QUALS_ASNDISC::strain (all present, all unique)
DiscRep_SUB:DISC_SOURCE_QUALS_ASNDISC::1 sources have unique values for strain
DiscRep_ALL:DISC_SOURCE_QUALS_ASNDISC::taxname (all present, all unique)
DiscRep_SUB:DISC_SOURCE_QUALS_ASNDISC::1 sources have unique values for taxname
DiscRep_ALL:DISC_FEATURE_COUNT::gene: 175 present
DiscRep_ALL:DISC_FEATURE_COUNT::CDS: 142 present
DiscRep_ALL:DISC_FEATURE_COUNT::tRNA: 29 present
DiscRep_ALL:DISC_FEATURE_COUNT::rRNA: 3 present
DiscRep_ALL:DISC_FEATURE_COUNT::tmRNA: 1 present
DiscRep_ALL:DISC_COUNT_NUCLEOTIDES::1 nucleotide Bioseqs are present
prokka_SMCALBON1/SMCALBON1:Prokka:SMCALBON1_1 (length 144704)

DiscRep_ALL:OVERLAPPING_GENES::58 genes overlap another gene on the same strand.
prokka_SMCALBON1/SMCALBON1:Gene	prfA	SMCALBON1_1:7749-8831	SMCALBON1_00007
prokka_SMCALBON1/SMCALBON1:Gene	rsmA	SMCALBON1_1:8810-9583	SMCALBON1_00008
prokka_SMCALBON1/SMCALBON1:Gene	rplI	SMCALBON1_1:c20693-20469	SMCALBON1_00018
prokka_SMCALBON1/SMCALBON1:Gene	rpsR	SMCALBON1_1:c20971-20678	SMCALBON1_00019
prokka_SMCALBON1/SMCALBON1:Gene	rpsF	SMCALBON1_1:c21302-20964	SMCALBON1_00020
prokka_SMCALBON1/SMCALBON1:Gene	rpmA	SMCALBON1_1:c21864-21613	SMCALBON1_00022
prokka_SMCALBON1/SMCALBON1:Gene	rplU	SMCALBON1_1:c22180-21854	SMCALBON1_00023
prokka_SMCALBON1/SMCALBON1:Gene	glyQS	SMCALBON1_1:c34062-32605	SMCALBON1_00041
prokka_SMCALBON1/SMCALBON1:Gene	fdx	SMCALBON1_1:c34255-34052	SMCALBON1_00042
prokka_SMCALBON1/SMCALBON1:Gene	iscS	SMCALBON1_1:c40612-39479	SMCALBON1_00048
prokka_SMCALBON1/SMCALBON1:Gene	tilS	SMCALBON1_1:c41552-40587	SMCALBON1_00049
prokka_SMCALBON1/SMCALBON1:Gene	mnmE	SMCALBON1_1:c46631-45276	SMCALBON1_00054
prokka_SMCALBON1/SMCALBON1:Gene	SMCALBON1_00055	SMCALBON1_1:c47478-46624	SMCALBON1_00055
prokka_SMCALBON1/SMCALBON1:Gene	dnaC	SMCALBON1_1:c48848-47478	SMCALBON1_00056
prokka_SMCALBON1/SMCALBON1:Gene	grpE	SMCALBON1_1:48901-49491	SMCALBON1_00057
prokka_SMCALBON1/SMCALBON1:Gene	dnaJ	SMCALBON1_1:49484-50599	SMCALBON1_00058
prokka_SMCALBON1/SMCALBON1:Gene	rpmI	SMCALBON1_1:c53940-53728	SMCALBON1_00063
prokka_SMCALBON1/SMCALBON1:Gene	infC	SMCALBON1_1:c54502-53915	SMCALBON1_00064
prokka_SMCALBON1/SMCALBON1:Gene	rplM	SMCALBON1_1:56527-56916	SMCALBON1_00066
prokka_SMCALBON1/SMCALBON1:Gene	rpsI	SMCALBON1_1:56916-57308	SMCALBON1_00067
prokka_SMCALBON1/SMCALBON1:Gene	rpsB	SMCALBON1_1:57320-58024	SMCALBON1_00068
prokka_SMCALBON1/SMCALBON1:Gene	tsf	SMCALBON1_1:58024-58650	SMCALBON1_00069
prokka_SMCALBON1/SMCALBON1:Gene	mutS	SMCALBON1_1:c61426-58898	SMCALBON1_00072
prokka_SMCALBON1/SMCALBON1:Gene	clpX	SMCALBON1_1:c62678-61413	SMCALBON1_00073
prokka_SMCALBON1/SMCALBON1:Gene	rplK	SMCALBON1_1:73322-73750	SMCALBON1_00090
prokka_SMCALBON1/SMCALBON1:Gene	rplA	SMCALBON1_1:73743-74387	SMCALBON1_00091
prokka_SMCALBON1/SMCALBON1:Gene	rplJ	SMCALBON1_1:74392-74928	SMCALBON1_00092
prokka_SMCALBON1/SMCALBON1:Gene	rplL	SMCALBON1_1:74918-75286	SMCALBON1_00093
prokka_SMCALBON1/SMCALBON1:Gene	rpmG	SMCALBON1_1:c85325-85140	SMCALBON1_00099
prokka_SMCALBON1/SMCALBON1:Gene	rpmB	SMCALBON1_1:c85551-85315	SMCALBON1_00100
prokka_SMCALBON1/SMCALBON1:Gene	leuS	SMCALBON1_1:c90507-87778	SMCALBON1_00103
prokka_SMCALBON1/SMCALBON1:Gene	tyrS1	SMCALBON1_1:c91759-90497	SMCALBON1_00104
prokka_SMCALBON1/SMCALBON1:Gene	leuA	SMCALBON1_1:91865-93043	SMCALBON1_00105
prokka_SMCALBON1/SMCALBON1:Gene	leuC	SMCALBON1_1:93015-94436	SMCALBON1_00106
prokka_SMCALBON1/SMCALBON1:Gene	leuD1	SMCALBON1_1:94423-95031	SMCALBON1_00107
prokka_SMCALBON1/SMCALBON1:Gene	sufC	SMCALBON1_1:106165-106917	SMCALBON1_00122
prokka_SMCALBON1/SMCALBON1:Gene	sufD	SMCALBON1_1:106908-108233	SMCALBON1_00123
prokka_SMCALBON1/SMCALBON1:Gene	sigA	SMCALBON1_1:c114281-113340	SMCALBON1_00130
prokka_SMCALBON1/SMCALBON1:Gene	pnp	SMCALBON1_1:c116358-114244	SMCALBON1_00131
prokka_SMCALBON1/SMCALBON1:Gene	SMCALBON1_00132	SMCALBON1_1:c116552-116343	SMCALBON1_00132
prokka_SMCALBON1/SMCALBON1:Gene	fusA_1	SMCALBON1_1:118804-119730	SMCALBON1_00137
prokka_SMCALBON1/SMCALBON1:Gene	fusA_2	SMCALBON1_1:119693-120898	SMCALBON1_00138
prokka_SMCALBON1/SMCALBON1:Gene	rpsJ	SMCALBON1_1:120892-121188	SMCALBON1_00139
prokka_SMCALBON1/SMCALBON1:Gene	rplC	SMCALBON1_1:121182-121817	SMCALBON1_00140
prokka_SMCALBON1/SMCALBON1:Gene	rplD	SMCALBON1_1:121811-122458	SMCALBON1_00141
prokka_SMCALBON1/SMCALBON1:Gene	rpsS	SMCALBON1_1:123606-123911	SMCALBON1_00143
prokka_SMCALBON1/SMCALBON1:Gene	rplV	SMCALBON1_1:123904-124287	SMCALBON1_00144
prokka_SMCALBON1/SMCALBON1:Gene	rpsC	SMCALBON1_1:124272-124994	SMCALBON1_00145
prokka_SMCALBON1/SMCALBON1:Gene	rplP	SMCALBON1_1:124972-125382	SMCALBON1_00146
prokka_SMCALBON1/SMCALBON1:Gene	rpsQ	SMCALBON1_1:125376-125621	SMCALBON1_00147
prokka_SMCALBON1/SMCALBON1:Gene	SMCALBON1_00149	SMCALBON1_1:126006-126374	SMCALBON1_00149
prokka_SMCALBON1/SMCALBON1:Gene	rplE	SMCALBON1_1:126323-126868	SMCALBON1_00150
prokka_SMCALBON1/SMCALBON1:Gene	rpsE	SMCALBON1_1:128446-128952	SMCALBON1_00155
prokka_SMCALBON1/SMCALBON1:Gene	rplO	SMCALBON1_1:128939-129469	SMCALBON1_00156
prokka_SMCALBON1/SMCALBON1:Gene	infA	SMCALBON1_1:129433-129579	SMCALBON1_00157
prokka_SMCALBON1/SMCALBON1:Gene	rpoA	SMCALBON1_1:131103-132107	SMCALBON1_00162
prokka_SMCALBON1/SMCALBON1:Gene	rplQ	SMCALBON1_1:132077-132457	SMCALBON1_00163
prokka_SMCALBON1/SMCALBON1:Gene	rsmH	SMCALBON1_1:132427-133323	SMCALBON1_00164

DiscRep_ALL:OVERLAPPING_CDS::2 coding regions overlap another coding region with a similar or identical name.
DiscRep_SUB:OVERLAPPING_CDS::2 coding regions overlap another coding region with a similar or identical name that do not have the appropriate note text
prokka_SMCALBON1/SMCALBON1:CDS	Elongation factor G	SMCALBON1_1:118804-119730	SMCALBON1_00137
prokka_SMCALBON1/SMCALBON1:CDS	Elongation factor G	SMCALBON1_1:119693-120898	SMCALBON1_00138

DiscRep_ALL:SUSPECT_PRODUCT_NAMES::1 product_names contain suspect phrase or characters
DiscRep_SUB:SUSPECT_PRODUCT_NAMES::May contain database identifier more appropriate in note; remove from product name
DiscRep_SUB:SUSPECT_PRODUCT_NAMES::1 features Contains underscore
prokka_SMCALBON1/SMCALBON1:CDS	Putative O-methyltransferase/MSMEI_4947	SMCALBON1_1:5880-6503	SMCALBON1_00005

DiscRep_ALL:DISC_QUALITY_SCORES::Quality scores are missing on all sequences.

DiscRep_ALL:ONCALLER_COMMENT_PRESENT::1 comment descriptors were found (all same)
prokka_SMCALBON1/SMCALBON1:Prokka:SMCALBON1_1:Annotated using prokka 1.13 from https://github.com/tseemann/prokka

DiscRep_ALL:SHORT_PROT_SEQUENCES::4 protein sequences are shorter than 50 aa.
prokka_SMCALBON1/SMCALBON1:Prokka:SMCALBON1_00028 (length 30)
prokka_SMCALBON1/SMCALBON1:Prokka:SMCALBON1_00036 (length 43)
prokka_SMCALBON1/SMCALBON1:Prokka:SMCALBON1_00157 (length 48)
prokka_SMCALBON1/SMCALBON1:Prokka:SMCALBON1_00158 (length 38)

DiscRep_ALL:MISSING_GENOMEASSEMBLY_COMMENTS::1 bioseqs are missing GenomeAssembly structured comments
prokka_SMCALBON1/SMCALBON1:Prokka:SMCALBON1_1 (length 144704)

DiscRep_ALL:MOLTYPE_NOT_MRNA::1 molecule types are not set as mRNA.
prokka_SMCALBON1/SMCALBON1:Prokka:SMCALBON1_1 (length 144704)

DiscRep_ALL:TECHNIQUE_NOT_TSA::1 technique are not set as TSA
prokka_SMCALBON1/SMCALBON1:Prokka:SMCALBON1_1 (length 144704)

DiscRep_ALL:MISSING_STRUCTURED_COMMENT::1 sequences do not include structured comments.
prokka_SMCALBON1/SMCALBON1:Prokka:SMCALBON1_1 (length 144704)

DiscRep_ALL:MISSING_PROJECT::143 sequences do not include project.
prokka_SMCALBON1/SMCALBON1:Prokka:SMCALBON1_1 (length 144704)
prokka_SMCALBON1/SMCALBON1:Prokka:SMCALBON1_00001 (length 1027)
prokka_SMCALBON1/SMCALBON1:Prokka:SMCALBON1_00002 (length 110)
prokka_SMCALBON1/SMCALBON1:Prokka:SMCALBON1_00003 (length 367)
prokka_SMCALBON1/SMCALBON1:Prokka:SMCALBON1_00004 (length 382)
prokka_SMCALBON1/SMCALBON1:Prokka:SMCALBON1_00005 (length 207)
prokka_SMCALBON1/SMCALBON1:Prokka:SMCALBON1_00006 (length 394)
prokka_SMCALBON1/SMCALBON1:Prokka:SMCALBON1_00007 (length 360)
prokka_SMCALBON1/SMCALBON1:Prokka:SMCALBON1_00008 (length 257)
prokka_SMCALBON1/SMCALBON1:Prokka:SMCALBON1_00010 (length 1121)
prokka_SMCALBON1/SMCALBON1:Prokka:SMCALBON1_00012 (length 374)
prokka_SMCALBON1/SMCALBON1:Prokka:SMCALBON1_00013 (length 410)
prokka_SMCALBON1/SMCALBON1:Prokka:SMCALBON1_00014 (length 1151)
prokka_SMCALBON1/SMCALBON1:Prokka:SMCALBON1_00015 (length 133)
prokka_SMCALBON1/SMCALBON1:Prokka:SMCALBON1_00017 (length 199)
prokka_SMCALBON1/SMCALBON1:Prokka:SMCALBON1_00018 (length 74)
prokka_SMCALBON1/SMCALBON1:Prokka:SMCALBON1_00019 (length 97)
prokka_SMCALBON1/SMCALBON1:Prokka:SMCALBON1_00020 (length 112)
prokka_SMCALBON1/SMCALBON1:Prokka:SMCALBON1_00022 (length 83)
prokka_SMCALBON1/SMCALBON1:Prokka:SMCALBON1_00023 (length 108)
prokka_SMCALBON1/SMCALBON1:Prokka:SMCALBON1_00025 (length 208)
prokka_SMCALBON1/SMCALBON1:Prokka:SMCALBON1_00026 (length 320)
prokka_SMCALBON1/SMCALBON1:Prokka:SMCALBON1_00027 (length 580)
prokka_SMCALBON1/SMCALBON1:Prokka:SMCALBON1_00028 (length 30)
prokka_SMCALBON1/SMCALBON1:Prokka:SMCALBON1_00031 (length 209)
prokka_SMCALBON1/SMCALBON1:Prokka:SMCALBON1_00032 (length 256)
prokka_SMCALBON1/SMCALBON1:Prokka:SMCALBON1_00033 (length 282)
prokka_SMCALBON1/SMCALBON1:Prokka:SMCALBON1_00034 (length 435)
prokka_SMCALBON1/SMCALBON1:Prokka:SMCALBON1_00035 (length 379)
prokka_SMCALBON1/SMCALBON1:Prokka:SMCALBON1_00036 (length 43)
prokka_SMCALBON1/SMCALBON1:Prokka:SMCALBON1_00037 (length 84)
prokka_SMCALBON1/SMCALBON1:Prokka:SMCALBON1_00041 (length 485)
prokka_SMCALBON1/SMCALBON1:Prokka:SMCALBON1_00042 (length 67)
prokka_SMCALBON1/SMCALBON1:Prokka:SMCALBON1_00043 (length 104)
prokka_SMCALBON1/SMCALBON1:Prokka:SMCALBON1_00044 (length 438)
prokka_SMCALBON1/SMCALBON1:Prokka:SMCALBON1_00045 (length 594)
prokka_SMCALBON1/SMCALBON1:Prokka:SMCALBON1_00047 (length 484)
prokka_SMCALBON1/SMCALBON1:Prokka:SMCALBON1_00048 (length 377)
prokka_SMCALBON1/SMCALBON1:Prokka:SMCALBON1_00049 (length 321)
prokka_SMCALBON1/SMCALBON1:Prokka:SMCALBON1_00052 (length 1103)
prokka_SMCALBON1/SMCALBON1:Prokka:SMCALBON1_00054 (length 451)
prokka_SMCALBON1/SMCALBON1:Prokka:SMCALBON1_00055 (length 284)
prokka_SMCALBON1/SMCALBON1:Prokka:SMCALBON1_00056 (length 456)
prokka_SMCALBON1/SMCALBON1:Prokka:SMCALBON1_00057 (length 196)
prokka_SMCALBON1/SMCALBON1:Prokka:SMCALBON1_00058 (length 371)
prokka_SMCALBON1/SMCALBON1:Prokka:SMCALBON1_00059 (length 394)
prokka_SMCALBON1/SMCALBON1:Prokka:SMCALBON1_00060 (length 352)
prokka_SMCALBON1/SMCALBON1:Prokka:SMCALBON1_00061 (length 149)
prokka_SMCALBON1/SMCALBON1:Prokka:SMCALBON1_00062 (length 113)
prokka_SMCALBON1/SMCALBON1:Prokka:SMCALBON1_00063 (length 70)
prokka_SMCALBON1/SMCALBON1:Prokka:SMCALBON1_00064 (length 195)
prokka_SMCALBON1/SMCALBON1:Prokka:SMCALBON1_00065 (length 623)
prokka_SMCALBON1/SMCALBON1:Prokka:SMCALBON1_00066 (length 129)
prokka_SMCALBON1/SMCALBON1:Prokka:SMCALBON1_00067 (length 130)
prokka_SMCALBON1/SMCALBON1:Prokka:SMCALBON1_00068 (length 234)
prokka_SMCALBON1/SMCALBON1:Prokka:SMCALBON1_00069 (length 208)
prokka_SMCALBON1/SMCALBON1:Prokka:SMCALBON1_00072 (length 842)
prokka_SMCALBON1/SMCALBON1:Prokka:SMCALBON1_00073 (length 421)
prokka_SMCALBON1/SMCALBON1:Prokka:SMCALBON1_00074 (length 222)
prokka_SMCALBON1/SMCALBON1:Prokka:SMCALBON1_00075 (length 349)
prokka_SMCALBON1/SMCALBON1:Prokka:SMCALBON1_00081 (length 433)
prokka_SMCALBON1/SMCALBON1:Prokka:SMCALBON1_00082 (length 137)
prokka_SMCALBON1/SMCALBON1:Prokka:SMCALBON1_00083 (length 205)
prokka_SMCALBON1/SMCALBON1:Prokka:SMCALBON1_00088 (length 395)
prokka_SMCALBON1/SMCALBON1:Prokka:SMCALBON1_00090 (length 142)
prokka_SMCALBON1/SMCALBON1:Prokka:SMCALBON1_00091 (length 214)
prokka_SMCALBON1/SMCALBON1:Prokka:SMCALBON1_00092 (length 178)
prokka_SMCALBON1/SMCALBON1:Prokka:SMCALBON1_00093 (length 122)
prokka_SMCALBON1/SMCALBON1:Prokka:SMCALBON1_00094 (length 1231)
prokka_SMCALBON1/SMCALBON1:Prokka:SMCALBON1_00095 (length 1359)
prokka_SMCALBON1/SMCALBON1:Prokka:SMCALBON1_00096 (length 247)
prokka_SMCALBON1/SMCALBON1:Prokka:SMCALBON1_00097 (length 330)
prokka_SMCALBON1/SMCALBON1:Prokka:SMCALBON1_00099 (length 61)
prokka_SMCALBON1/SMCALBON1:Prokka:SMCALBON1_00100 (length 78)
prokka_SMCALBON1/SMCALBON1:Prokka:SMCALBON1_00101 (length 414)
prokka_SMCALBON1/SMCALBON1:Prokka:SMCALBON1_00103 (length 909)
prokka_SMCALBON1/SMCALBON1:Prokka:SMCALBON1_00104 (length 420)
prokka_SMCALBON1/SMCALBON1:Prokka:SMCALBON1_00105 (length 392)
prokka_SMCALBON1/SMCALBON1:Prokka:SMCALBON1_00106 (length 473)
prokka_SMCALBON1/SMCALBON1:Prokka:SMCALBON1_00107 (length 202)
prokka_SMCALBON1/SMCALBON1:Prokka:SMCALBON1_00108 (length 359)
prokka_SMCALBON1/SMCALBON1:Prokka:SMCALBON1_00109 (length 142)
prokka_SMCALBON1/SMCALBON1:Prokka:SMCALBON1_00110 (length 331)
prokka_SMCALBON1/SMCALBON1:Prokka:SMCALBON1_00111 (length 63)
prokka_SMCALBON1/SMCALBON1:Prokka:SMCALBON1_00112 (length 322)
prokka_SMCALBON1/SMCALBON1:Prokka:SMCALBON1_00113 (length 460)
prokka_SMCALBON1/SMCALBON1:Prokka:SMCALBON1_00116 (length 147)
prokka_SMCALBON1/SMCALBON1:Prokka:SMCALBON1_00117 (length 109)
prokka_SMCALBON1/SMCALBON1:Prokka:SMCALBON1_00118 (length 546)
prokka_SMCALBON1/SMCALBON1:Prokka:SMCALBON1_00119 (length 89)
prokka_SMCALBON1/SMCALBON1:Prokka:SMCALBON1_00120 (length 438)
prokka_SMCALBON1/SMCALBON1:Prokka:SMCALBON1_00121 (length 472)
prokka_SMCALBON1/SMCALBON1:Prokka:SMCALBON1_00122 (length 250)
prokka_SMCALBON1/SMCALBON1:Prokka:SMCALBON1_00123 (length 441)
prokka_SMCALBON1/SMCALBON1:Prokka:SMCALBON1_00124 (length 412)
prokka_SMCALBON1/SMCALBON1:Prokka:SMCALBON1_00125 (length 565)
prokka_SMCALBON1/SMCALBON1:Prokka:SMCALBON1_00128 (length 59)
prokka_SMCALBON1/SMCALBON1:Prokka:SMCALBON1_00129 (length 326)
prokka_SMCALBON1/SMCALBON1:Prokka:SMCALBON1_00130 (length 313)
prokka_SMCALBON1/SMCALBON1:Prokka:SMCALBON1_00131 (length 704)
prokka_SMCALBON1/SMCALBON1:Prokka:SMCALBON1_00132 (length 69)
prokka_SMCALBON1/SMCALBON1:Prokka:SMCALBON1_00133 (length 98)
prokka_SMCALBON1/SMCALBON1:Prokka:SMCALBON1_00134 (length 334)
prokka_SMCALBON1/SMCALBON1:Prokka:SMCALBON1_00135 (length 126)
prokka_SMCALBON1/SMCALBON1:Prokka:SMCALBON1_00136 (length 156)
prokka_SMCALBON1/SMCALBON1:Prokka:SMCALBON1_00137 (length 308)
prokka_SMCALBON1/SMCALBON1:Prokka:SMCALBON1_00138 (length 401)
prokka_SMCALBON1/SMCALBON1:Prokka:SMCALBON1_00139 (length 98)
prokka_SMCALBON1/SMCALBON1:Prokka:SMCALBON1_00140 (length 211)
prokka_SMCALBON1/SMCALBON1:Prokka:SMCALBON1_00141 (length 215)
prokka_SMCALBON1/SMCALBON1:Prokka:SMCALBON1_00142 (length 275)
prokka_SMCALBON1/SMCALBON1:Prokka:SMCALBON1_00143 (length 101)
prokka_SMCALBON1/SMCALBON1:Prokka:SMCALBON1_00144 (length 127)
prokka_SMCALBON1/SMCALBON1:Prokka:SMCALBON1_00145 (length 240)
prokka_SMCALBON1/SMCALBON1:Prokka:SMCALBON1_00146 (length 136)
prokka_SMCALBON1/SMCALBON1:Prokka:SMCALBON1_00147 (length 81)
prokka_SMCALBON1/SMCALBON1:Prokka:SMCALBON1_00148 (length 122)
prokka_SMCALBON1/SMCALBON1:Prokka:SMCALBON1_00149 (length 122)
prokka_SMCALBON1/SMCALBON1:Prokka:SMCALBON1_00150 (length 181)
prokka_SMCALBON1/SMCALBON1:Prokka:SMCALBON1_00151 (length 89)
prokka_SMCALBON1/SMCALBON1:Prokka:SMCALBON1_00152 (length 129)
prokka_SMCALBON1/SMCALBON1:Prokka:SMCALBON1_00153 (length 185)
prokka_SMCALBON1/SMCALBON1:Prokka:SMCALBON1_00154 (length 98)
prokka_SMCALBON1/SMCALBON1:Prokka:SMCALBON1_00155 (length 168)
prokka_SMCALBON1/SMCALBON1:Prokka:SMCALBON1_00156 (length 176)
prokka_SMCALBON1/SMCALBON1:Prokka:SMCALBON1_00157 (length 48)
prokka_SMCALBON1/SMCALBON1:Prokka:SMCALBON1_00158 (length 38)
prokka_SMCALBON1/SMCALBON1:Prokka:SMCALBON1_00159 (length 145)
prokka_SMCALBON1/SMCALBON1:Prokka:SMCALBON1_00160 (length 94)
prokka_SMCALBON1/SMCALBON1:Prokka:SMCALBON1_00161 (length 200)
prokka_SMCALBON1/SMCALBON1:Prokka:SMCALBON1_00162 (length 334)
prokka_SMCALBON1/SMCALBON1:Prokka:SMCALBON1_00163 (length 126)
prokka_SMCALBON1/SMCALBON1:Prokka:SMCALBON1_00164 (length 298)
prokka_SMCALBON1/SMCALBON1:Prokka:SMCALBON1_00165 (length 542)
prokka_SMCALBON1/SMCALBON1:Prokka:SMCALBON1_00166 (length 487)
prokka_SMCALBON1/SMCALBON1:Prokka:SMCALBON1_00168 (length 329)
prokka_SMCALBON1/SMCALBON1:Prokka:SMCALBON1_00169 (length 359)
prokka_SMCALBON1/SMCALBON1:Prokka:SMCALBON1_00170 (length 138)
prokka_SMCALBON1/SMCALBON1:Prokka:SMCALBON1_00171 (length 106)
prokka_SMCALBON1/SMCALBON1:Prokka:SMCALBON1_00172 (length 344)
prokka_SMCALBON1/SMCALBON1:Prokka:SMCALBON1_00173 (length 78)
prokka_SMCALBON1/SMCALBON1:Prokka:SMCALBON1_00174 (length 558)
prokka_SMCALBON1/SMCALBON1:Prokka:SMCALBON1_00175 (length 571)

DiscRep_ALL:DISC_INCONSISTENT_MOLINFO_TECH::Molinfo Technique Report (some missing, all same)
DiscRep_SUB:DISC_INCONSISTENT_MOLINFO_TECH::technique (all missing)
DiscRep_SUB:DISC_INCONSISTENT_MOLINFO_TECH::1 Molinfos are missing field technique
prokka_SMCALBON1/SMCALBON1:Prokka:SMCALBON1_1 (length 144704)

