[20:35:17] This is prokka 1.13
[20:35:17] Written by Torsten Seemann <torsten.seemann@gmail.com>
[20:35:17] Homepage is https://github.com/tseemann/prokka
[20:35:17] Local time is Tue Nov  7 20:35:17 2023
[20:35:17] You are diego
[20:35:17] Operating system is linux
[20:35:17] You have BioPerl 1.007002
[20:35:17] System has 32 cores.
[20:35:17] Will use maximum of 30 cores.
[20:35:17] Annotating as >>> Bacteria <<<
[20:35:17] Enabling options to ensure Genbank/ENA/DDJB submission compliance.
[20:35:17] Re-using existing --outdir annotation_prokka/prokka_VFTETHEX
[20:35:17] Using filename prefix: prokka_VFTETHEX.XXX
[20:35:17] Setting HMMER_NCPU=1
[20:35:17] Writing log to: annotation_prokka/prokka_VFTETHEX/prokka_VFTETHEX.log
[20:35:17] Command: /home/diego/miniconda3/envs/prokka_env/bin/prokka VFTETHEX.fasta --prefix prokka_VFTETHEX --outdir annotation_prokka/prokka_VFTETHEX --cpus 30 --locustag VFTETHEX --gcode 11 --force --compliant
[20:35:17] Appending to PATH: /home/diego/miniconda3/envs/prokka_env/bin
[20:35:17] Looking for 'aragorn' - found /home/diego/miniconda3/envs/prokka_env/bin/aragorn
[20:35:17] Determined aragorn version is 1.2
[20:35:17] Looking for 'barrnap' - found /home/diego/miniconda3/envs/prokka_env/bin/barrnap
[20:35:18] Determined barrnap version is 0.9
[20:35:18] Looking for 'blastp' - found /home/diego/miniconda3/envs/prokka_env/bin/blastp
[20:35:18] Determined blastp version is 2.14
[20:35:18] Looking for 'cmpress' - found /home/diego/miniconda3/envs/prokka_env/bin/cmpress
[20:35:18] Determined cmpress version is 1.1
[20:35:18] Looking for 'cmscan' - found /home/diego/miniconda3/envs/prokka_env/bin/cmscan
[20:35:18] Determined cmscan version is 1.1
[20:35:18] Looking for 'egrep' - found /usr/bin/egrep
[20:35:18] Looking for 'find' - found /usr/bin/find
[20:35:18] Looking for 'grep' - found /usr/bin/grep
[20:35:18] Looking for 'hmmpress' - found /home/diego/miniconda3/envs/prokka_env/bin/hmmpress
[20:35:18] Determined hmmpress version is 3.3
[20:35:18] Looking for 'hmmscan' - found /home/diego/miniconda3/envs/prokka_env/bin/hmmscan
[20:35:18] Determined hmmscan version is 3.3
[20:35:18] Looking for 'java' - found /home/diego/miniconda3/envs/prokka_env/bin/java
[20:35:18] Looking for 'less' - found /usr/bin/less
[20:35:18] Looking for 'makeblastdb' - found /home/diego/miniconda3/envs/prokka_env/bin/makeblastdb
[20:35:18] Determined makeblastdb version is 2.14
[20:35:18] Looking for 'minced' - found /home/diego/miniconda3/envs/prokka_env/bin/minced
[20:35:18] Determined minced version is 4.2
[20:35:18] Looking for 'parallel' - found /home/diego/miniconda3/envs/prokka_env/bin/parallel
[20:35:18] Determined parallel version is 20160622
[20:35:18] Looking for 'prodigal' - found /home/diego/miniconda3/envs/prokka_env/bin/prodigal
[20:35:18] Determined prodigal version is 2.6
[20:35:18] Looking for 'prokka-genbank_to_fasta_db' - found /home/diego/miniconda3/envs/prokka_env/bin/prokka-genbank_to_fasta_db
[20:35:18] Looking for 'rnammer' - found /home/diego/rnammer-1.2.src/rnammer
[20:35:18] Determined rnammer version is 1.2
[20:35:18] Looking for 'sed' - found /usr/bin/sed
[20:35:18] Looking for 'tbl2asn' - found /home/diego/miniconda3/envs/prokka_env/bin/tbl2asn
[20:35:18] Determined tbl2asn version is 25.8
[20:35:18] Using genetic code table 11.
[20:35:18] Loading and checking input file: VFTETHEX.fasta
[20:35:18] Wrote 1 contigs totalling 107268 bp.
[20:35:18] Predicting tRNAs and tmRNAs
[20:35:18] Running: aragorn -l -gc11  -w annotation_prokka\/prokka_VFTETHEX\/prokka_VFTETHEX\.fna
[20:35:18] 1 tRNA-Trp [1178,1251] 35 (cca)
[20:35:18] 2 tRNA-Phe [14421,14493] 34 (gaa)
[20:35:18] 3 tRNA-Gln [20334,20407] 35 (ttg)
[20:35:18] 4 tRNA-Ser [28579,28662] 35 (gct)
[20:35:18] 5 tRNA-Asn c[46133,46204] 33 (gtt)
[20:35:18] 6 tRNA-Cys c[46307,46381] 35 (gca)
[20:35:18] 7 tRNA-Gly c[46381,46452] 33 (gcc)
[20:35:18] 8 tRNA-Val [49204,49275] 33 (tac)
[20:35:18] 9 tRNA-Ser c[51155,51237] 35 (tga)
[20:35:18] 10 tRNA-His [57186,57258] 34 (gtg)
[20:35:18] 11 tRNA-Lys c[57257,57331] 35 (ttt)
[20:35:18] 12 tRNA-Val c[58273,58347] 35 (aac)
[20:35:18] 13 tRNA-Arg c[59406,59479] 35 (tct)
[20:35:18] 14 tRNA-Met c[59598,59673] 34 (cat)
[20:35:18] 15 tRNA-Pro [59712,59785] 34 (tgg)
[20:35:18] 16 tRNA-Asp c[68839,68912] 35 (gtc)
[20:35:18] 17 tRNA-Glu c[68917,68987] 33 (ttc)
[20:35:18] 18 tRNA-Ala c[86011,86082] 33 (tgc)
[20:35:18] 19 tRNA-Ile c[88969,89040] 33 (gat)
[20:35:18] 20 tRNA-Met [107029,107100] 34 (cat)
[20:35:18] 21 tRNA-Tyr [107103,107188] 35 (gta)
[20:35:18] 22 tRNA-Gly [107190,107260] 33 (tcc)
[20:35:18] Found 22 tRNAs
[20:35:18] Predicting Ribosomal RNAs
[20:35:18] Running Barrnap with 30 threads
[20:35:18] 1 gnl|Prokka|VFTETHEX_1 86226 23S ribosomal RNA
[20:35:18] 2 gnl|Prokka|VFTETHEX_1 89056 16S ribosomal RNA
[20:35:18] Found 2 rRNAs
[20:35:18] Skipping ncRNA search, enable with --rfam if desired.
[20:35:18] Total of 24 tRNA + rRNA features
[20:35:18] Searching for CRISPR repeats
[20:35:18] Found 0 CRISPRs
[20:35:18] Predicting coding sequences
[20:35:18] Contigs total 107268 bp, so using single mode
[20:35:18] Running: prodigal -i annotation_prokka\/prokka_VFTETHEX\/prokka_VFTETHEX\.fna -c -m -g 11 -p single -f sco -q
[20:35:18] Excluding CDS which overlaps existing RNA (tRNA) at gnl|Prokka|VFTETHEX_1:1..1188 on + strand
[20:35:18] Excluding CDS which overlaps existing RNA (tRNA) at gnl|Prokka|VFTETHEX_1:14003..14455 on + strand
[20:35:18] Excluding CDS which overlaps existing RNA (tRNA) at gnl|Prokka|VFTETHEX_1:20349..21284 on + strand
[20:35:18] Excluding CDS which overlaps existing RNA (tRNA) at gnl|Prokka|VFTETHEX_1:26511..28580 on + strand
[20:35:18] Excluding CDS which overlaps existing RNA (tRNA) at gnl|Prokka|VFTETHEX_1:28654..28851 on - strand
[20:35:18] Excluding CDS which overlaps existing RNA (tRNA) at gnl|Prokka|VFTETHEX_1:46438..46974 on - strand
[20:35:18] Excluding CDS which overlaps existing RNA (tRNA) at gnl|Prokka|VFTETHEX_1:48062..49213 on + strand
[20:35:18] Excluding CDS which overlaps existing RNA (tRNA) at gnl|Prokka|VFTETHEX_1:57321..57674 on - strand
[20:35:18] Excluding CDS which overlaps existing RNA (tRNA) at gnl|Prokka|VFTETHEX_1:58345..59400 on - strand
[20:35:18] Excluding CDS which overlaps existing RNA (tRNA) at gnl|Prokka|VFTETHEX_1:59479..59598 on + strand
[20:35:18] Excluding CDS which overlaps existing RNA (tRNA) at gnl|Prokka|VFTETHEX_1:59744..60082 on + strand
[20:35:18] Excluding CDS which overlaps existing RNA (tRNA) at gnl|Prokka|VFTETHEX_1:68630..68857 on + strand
[20:35:18] Excluding CDS which overlaps existing RNA (rRNA) at gnl|Prokka|VFTETHEX_1:86391..86783 on + strand
[20:35:18] Excluding CDS which overlaps existing RNA (rRNA) at gnl|Prokka|VFTETHEX_1:86963..87208 on + strand
[20:35:18] Excluding CDS which overlaps existing RNA (rRNA) at gnl|Prokka|VFTETHEX_1:88023..88316 on + strand
[20:35:18] Excluding CDS which overlaps existing RNA (tRNA) at gnl|Prokka|VFTETHEX_1:106030..107052 on + strand
[20:35:18] Found 114 CDS
[20:35:18] Connecting features back to sequences
[20:35:18] Not using genus-specific database. Try --usegenus to enable it.
[20:35:18] Annotating CDS, please be patient.
[20:35:18] Will use 30 CPUs for similarity searching.
[20:35:18] There are still 114 unannotated CDS left (started with 114)
[20:35:18] Will use blast to search against /home/diego/miniconda3/envs/prokka_env/bin/../db/kingdom/Bacteria/sprot with 30 CPUs
[20:35:18] Running: cat annotation_prokka\/prokka_VFTETHEX\/sprot\.faa | parallel --gnu --plain -j 30 --block 497 --recstart '>' --pipe blastp -query - -db /home/diego/miniconda3/envs/prokka_env/bin/../db/kingdom/Bacteria/sprot -evalue 1e-06 -num_threads 1 -num_descriptions 1 -num_alignments 1 -seg no > annotation_prokka\/prokka_VFTETHEX\/sprot\.blast 2> /dev/null
[20:35:19] Deleting unwanted file: annotation_prokka/prokka_VFTETHEX/sprot.faa
[20:35:19] Deleting unwanted file: annotation_prokka/prokka_VFTETHEX/sprot.blast
[20:35:19] There are still 27 unannotated CDS left (started with 114)
[20:35:19] Will use hmmer3 to search against /home/diego/miniconda3/envs/prokka_env/bin/../db/hmm/HAMAP.hmm with 30 CPUs
[20:35:19] Running: cat annotation_prokka\/prokka_VFTETHEX\/HAMAP\.hmm\.faa | parallel --gnu --plain -j 30 --block 76 --recstart '>' --pipe hmmscan --noali --notextw --acc -E 1e-06 --cpu 1 /home/diego/miniconda3/envs/prokka_env/bin/../db/hmm/HAMAP.hmm /dev/stdin > annotation_prokka\/prokka_VFTETHEX\/HAMAP\.hmm\.hmmer3 2> /dev/null
[20:35:19] Deleting unwanted file: annotation_prokka/prokka_VFTETHEX/HAMAP.hmm.faa
[20:35:19] Deleting unwanted file: annotation_prokka/prokka_VFTETHEX/HAMAP.hmm.hmmer3
[20:35:19] Labelling remaining 20 proteins as 'hypothetical protein'
[20:35:19] Found 93 unique /gene codes.
[20:35:19] Fixed 2 duplicate /gene - hisI_1 hisI_2
[20:35:19] Fixed 1 colliding /gene names.
[20:35:19] Adding /locus_tag identifiers
[20:35:19] Assigned 138 locus_tags to CDS and RNA features.
[20:35:19] Writing outputs to annotation_prokka/prokka_VFTETHEX/
[20:35:19] Generating annotation statistics file
[20:35:19] Generating Genbank and Sequin files
[20:35:19] Running: tbl2asn -V b -a r10k -l paired-ends -M n -N 1 -y 'Annotated using prokka 1.13 from https://github.com/tseemann/prokka' -Z annotation_prokka\/prokka_VFTETHEX\/prokka_VFTETHEX\.err -i annotation_prokka\/prokka_VFTETHEX\/prokka_VFTETHEX\.fsa 2> /dev/null
[20:35:19] Deleting unwanted file: annotation_prokka/prokka_VFTETHEX/errorsummary.val
[20:35:19] Deleting unwanted file: annotation_prokka/prokka_VFTETHEX/prokka_VFTETHEX.dr
[20:35:19] Deleting unwanted file: annotation_prokka/prokka_VFTETHEX/prokka_VFTETHEX.fixedproducts
[20:35:19] Deleting unwanted file: annotation_prokka/prokka_VFTETHEX/prokka_VFTETHEX.ecn
[20:35:19] Deleting unwanted file: annotation_prokka/prokka_VFTETHEX/prokka_VFTETHEX.val
[20:35:19] Repairing broken .GBK output that tbl2asn produces...
[20:35:19] Running: sed 's/COORDINATES: profile/COORDINATES:profile/' < annotation_prokka\/prokka_VFTETHEX\/prokka_VFTETHEX\.gbf > annotation_prokka\/prokka_VFTETHEX\/prokka_VFTETHEX\.gbk
[20:35:19] Deleting unwanted file: annotation_prokka/prokka_VFTETHEX/prokka_VFTETHEX.gbf
[20:35:19] Output files:
[20:35:19] annotation_prokka/prokka_VFTETHEX/prokka_VFTETHEX.log
[20:35:19] annotation_prokka/prokka_VFTETHEX/prokka_VFTETHEX.txt
[20:35:19] annotation_prokka/prokka_VFTETHEX/prokka_VFTETHEX.faa
[20:35:19] annotation_prokka/prokka_VFTETHEX/prokka_VFTETHEX.fna
[20:35:19] annotation_prokka/prokka_VFTETHEX/prokka_VFTETHEX.fsa
[20:35:19] annotation_prokka/prokka_VFTETHEX/prokka_VFTETHEX.gbk
[20:35:19] annotation_prokka/prokka_VFTETHEX/prokka_VFTETHEX.gff
[20:35:19] annotation_prokka/prokka_VFTETHEX/prokka_VFTETHEX.tbl
[20:35:19] annotation_prokka/prokka_VFTETHEX/prokka_VFTETHEX.err
[20:35:19] annotation_prokka/prokka_VFTETHEX/prokka_VFTETHEX.tsv
[20:35:19] annotation_prokka/prokka_VFTETHEX/prokka_VFTETHEX.ffn
[20:35:19] annotation_prokka/prokka_VFTETHEX/prokka_VFTETHEX.sqn
[20:35:19] Annotation finished successfully.
[20:35:19] Walltime used: 0.03 minutes
[20:35:19] If you use this result please cite the Prokka paper:
[20:35:19] Seemann T (2014) Prokka: rapid prokaryotic genome annotation. Bioinformatics. 30(14):2068-9.
[20:35:19] Type 'prokka --citation' for more details.
[20:35:19] Thank you, come again.
