Discrepancy Report Results

Summary
DISC_SOURCE_QUALS_ASNDISC:strain (all present, all unique)
DISC_SOURCE_QUALS_ASNDISC:taxname (all present, all unique)
DISC_FEATURE_COUNT:gene: 138 present
DISC_FEATURE_COUNT:CDS: 114 present
DISC_FEATURE_COUNT:tRNA: 22 present
DISC_FEATURE_COUNT:rRNA: 2 present
DISC_COUNT_NUCLEOTIDES:1 nucleotide Bioseqs are present
OVERLAPPING_GENES:95 genes overlap another gene on the same strand.
DISC_QUALITY_SCORES:Quality scores are missing on all sequences.
ONCALLER_COMMENT_PRESENT:1 comment descriptors were found (all same)
SHORT_PROT_SEQUENCES:3 protein sequences are shorter than 50 aa.
MISSING_GENOMEASSEMBLY_COMMENTS:1 bioseqs are missing GenomeAssembly structured comments
MOLTYPE_NOT_MRNA:1 molecule types are not set as mRNA.
TECHNIQUE_NOT_TSA:1 technique are not set as TSA
MISSING_STRUCTURED_COMMENT:1 sequences do not include structured comments.
MISSING_PROJECT:115 sequences do not include project.
DISC_INCONSISTENT_MOLINFO_TECH:Molinfo Technique Report (some missing, all same)


Detailed Report

DiscRep_ALL:DISC_SOURCE_QUALS_ASNDISC::strain (all present, all unique)
DiscRep_SUB:DISC_SOURCE_QUALS_ASNDISC::1 sources have unique values for strain
DiscRep_ALL:DISC_SOURCE_QUALS_ASNDISC::taxname (all present, all unique)
DiscRep_SUB:DISC_SOURCE_QUALS_ASNDISC::1 sources have unique values for taxname
DiscRep_ALL:DISC_FEATURE_COUNT::gene: 138 present
DiscRep_ALL:DISC_FEATURE_COUNT::CDS: 114 present
DiscRep_ALL:DISC_FEATURE_COUNT::tRNA: 22 present
DiscRep_ALL:DISC_FEATURE_COUNT::rRNA: 2 present
DiscRep_ALL:DISC_COUNT_NUCLEOTIDES::1 nucleotide Bioseqs are present
annotation_prokka/prokka_VFTETHEX/prokka_VFTETHEX:Prokka:VFTETHEX_1 (length 107268)

DiscRep_ALL:OVERLAPPING_GENES::95 genes overlap another gene on the same strand.
annotation_prokka/prokka_VFTETHEX/prokka_VFTETHEX:Gene	rplK	VFTETHEX_1:1258-1641	VFTETHEX_00002
annotation_prokka/prokka_VFTETHEX/prokka_VFTETHEX:Gene	VFTETHEX_00003	VFTETHEX_1:1634-2275	VFTETHEX_00003
annotation_prokka/prokka_VFTETHEX/prokka_VFTETHEX:Gene	VFTETHEX_00004	VFTETHEX_1:2268-2714	VFTETHEX_00004
annotation_prokka/prokka_VFTETHEX/prokka_VFTETHEX:Gene	rplL	VFTETHEX_1:2692-3048	VFTETHEX_00005
annotation_prokka/prokka_VFTETHEX/prokka_VFTETHEX:Gene	rpoB	VFTETHEX_1:3045-6938	VFTETHEX_00006
annotation_prokka/prokka_VFTETHEX/prokka_VFTETHEX:Gene	rpoC	VFTETHEX_1:6935-10837	VFTETHEX_00007
annotation_prokka/prokka_VFTETHEX/prokka_VFTETHEX:Gene	rpsL	VFTETHEX_1:10834-11229	VFTETHEX_00008
annotation_prokka/prokka_VFTETHEX/prokka_VFTETHEX:Gene	rpsG	VFTETHEX_1:11198-11671	VFTETHEX_00009
annotation_prokka/prokka_VFTETHEX/prokka_VFTETHEX:Gene	fusA	VFTETHEX_1:11671-13722	VFTETHEX_00010
annotation_prokka/prokka_VFTETHEX/prokka_VFTETHEX:Gene	rpsJ	VFTETHEX_1:13710-14006	VFTETHEX_00011
annotation_prokka/prokka_VFTETHEX/prokka_VFTETHEX:Gene	rsmA	VFTETHEX_1:c15528-14833	VFTETHEX_00014
annotation_prokka/prokka_VFTETHEX/prokka_VFTETHEX:Gene	tyrS	VFTETHEX_1:c16631-15525	VFTETHEX_00015
annotation_prokka/prokka_VFTETHEX/prokka_VFTETHEX:Gene	rpsI	VFTETHEX_1:c17011-16628	VFTETHEX_00016
annotation_prokka/prokka_VFTETHEX/prokka_VFTETHEX:Gene	rplM	VFTETHEX_1:c17352-17017	VFTETHEX_00017
annotation_prokka/prokka_VFTETHEX/prokka_VFTETHEX:Gene	dapF	VFTETHEX_1:c18142-17339	VFTETHEX_00018
annotation_prokka/prokka_VFTETHEX/prokka_VFTETHEX:Gene	rpiA	VFTETHEX_1:c18772-18143	VFTETHEX_00019
annotation_prokka/prokka_VFTETHEX/prokka_VFTETHEX:Gene	infB	VFTETHEX_1:c20300-18762	VFTETHEX_00020
annotation_prokka/prokka_VFTETHEX/prokka_VFTETHEX:Gene	prfB	VFTETHEX_1:c25591-24893	VFTETHEX_00026
annotation_prokka/prokka_VFTETHEX/prokka_VFTETHEX:Gene	dapA	VFTETHEX_1:c26477-25569	VFTETHEX_00027
annotation_prokka/prokka_VFTETHEX/prokka_VFTETHEX:Gene	rpmG	VFTETHEX_1:c29014-28874	VFTETHEX_00029
annotation_prokka/prokka_VFTETHEX/prokka_VFTETHEX:Gene	rpmB	VFTETHEX_1:c29190-28996	VFTETHEX_00030
annotation_prokka/prokka_VFTETHEX/prokka_VFTETHEX:Gene	VFTETHEX_00032	VFTETHEX_1:31636-32379	VFTETHEX_00032
annotation_prokka/prokka_VFTETHEX/prokka_VFTETHEX:Gene	metC	VFTETHEX_1:32376-33509	VFTETHEX_00033
annotation_prokka/prokka_VFTETHEX/prokka_VFTETHEX:Gene	pabA	VFTETHEX_1:c34913-34356	VFTETHEX_00035
annotation_prokka/prokka_VFTETHEX/prokka_VFTETHEX:Gene	trpE	VFTETHEX_1:c36187-34907	VFTETHEX_00036
annotation_prokka/prokka_VFTETHEX/prokka_VFTETHEX:Gene	dnaE	VFTETHEX_1:40431-43427	VFTETHEX_00041
annotation_prokka/prokka_VFTETHEX/prokka_VFTETHEX:Gene	rpsO	VFTETHEX_1:43420-43590	VFTETHEX_00042
annotation_prokka/prokka_VFTETHEX/prokka_VFTETHEX:Gene	VFTETHEX_00043	VFTETHEX_1:43671-44399	VFTETHEX_00043
annotation_prokka/prokka_VFTETHEX/prokka_VFTETHEX:Gene	asd	VFTETHEX_1:44396-45436	VFTETHEX_00044
annotation_prokka/prokka_VFTETHEX/prokka_VFTETHEX:Gene	rpsP	VFTETHEX_1:45673-45933	VFTETHEX_00045
annotation_prokka/prokka_VFTETHEX/prokka_VFTETHEX:Gene	VFTETHEX_00046	VFTETHEX_1:45914-46132	VFTETHEX_00046
annotation_prokka/prokka_VFTETHEX/prokka_VFTETHEX:Gene	VFTETHEX_00048	VFTETHEX_1:c46381-46307	VFTETHEX_00048
annotation_prokka/prokka_VFTETHEX/prokka_VFTETHEX:Gene	VFTETHEX_00049	VFTETHEX_1:c46452-46381	VFTETHEX_00049
annotation_prokka/prokka_VFTETHEX/prokka_VFTETHEX:Gene	rlmE	VFTETHEX_1:47030-47509	VFTETHEX_00050
annotation_prokka/prokka_VFTETHEX/prokka_VFTETHEX:Gene	clpP	VFTETHEX_1:47499-48065	VFTETHEX_00051
annotation_prokka/prokka_VFTETHEX/prokka_VFTETHEX:Gene	VFTETHEX_00053	VFTETHEX_1:49279-50079	VFTETHEX_00053
annotation_prokka/prokka_VFTETHEX/prokka_VFTETHEX:Gene	dnaX	VFTETHEX_1:50051-51091	VFTETHEX_00054
annotation_prokka/prokka_VFTETHEX/prokka_VFTETHEX:Gene	hisG	VFTETHEX_1:51247-51846	VFTETHEX_00056
annotation_prokka/prokka_VFTETHEX/prokka_VFTETHEX:Gene	hisD	VFTETHEX_1:51843-53066	VFTETHEX_00057
annotation_prokka/prokka_VFTETHEX/prokka_VFTETHEX:Gene	hisC2	VFTETHEX_1:53053-54021	VFTETHEX_00058
annotation_prokka/prokka_VFTETHEX/prokka_VFTETHEX:Gene	hisB	VFTETHEX_1:54018-54608	VFTETHEX_00059
annotation_prokka/prokka_VFTETHEX/prokka_VFTETHEX:Gene	hisH	VFTETHEX_1:54605-55201	VFTETHEX_00060
annotation_prokka/prokka_VFTETHEX/prokka_VFTETHEX:Gene	hisA	VFTETHEX_1:55198-55911	VFTETHEX_00061
annotation_prokka/prokka_VFTETHEX/prokka_VFTETHEX:Gene	hisF	VFTETHEX_1:55901-56647	VFTETHEX_00062
annotation_prokka/prokka_VFTETHEX/prokka_VFTETHEX:Gene	hisI_1	VFTETHEX_1:56644-56952	VFTETHEX_00063
annotation_prokka/prokka_VFTETHEX/prokka_VFTETHEX:Gene	hisI_2	VFTETHEX_1:56918-57181	VFTETHEX_00064
annotation_prokka/prokka_VFTETHEX/prokka_VFTETHEX:Gene	rpmI	VFTETHEX_1:c57823-57662	VFTETHEX_00067
annotation_prokka/prokka_VFTETHEX/prokka_VFTETHEX:Gene	infC	VFTETHEX_1:c58262-57804	VFTETHEX_00068
annotation_prokka/prokka_VFTETHEX/prokka_VFTETHEX:Gene	VFTETHEX_00073	VFTETHEX_1:c60599-60066	VFTETHEX_00073
annotation_prokka/prokka_VFTETHEX/prokka_VFTETHEX:Gene	rpsB	VFTETHEX_1:c61444-60596	VFTETHEX_00074
annotation_prokka/prokka_VFTETHEX/prokka_VFTETHEX:Gene	aspC	VFTETHEX_1:61548-62642	VFTETHEX_00075
annotation_prokka/prokka_VFTETHEX/prokka_VFTETHEX:Gene	dapD	VFTETHEX_1:62621-63409	VFTETHEX_00076
annotation_prokka/prokka_VFTETHEX/prokka_VFTETHEX:Gene	thrC	VFTETHEX_1:c65758-64481	VFTETHEX_00078
annotation_prokka/prokka_VFTETHEX/prokka_VFTETHEX:Gene	hom	VFTETHEX_1:c66933-65755	VFTETHEX_00079
annotation_prokka/prokka_VFTETHEX/prokka_VFTETHEX:Gene	dnaC	VFTETHEX_1:c68149-66923	VFTETHEX_00080
annotation_prokka/prokka_VFTETHEX/prokka_VFTETHEX:Gene	rpsR	VFTETHEX_1:c68321-68142	VFTETHEX_00081
annotation_prokka/prokka_VFTETHEX/prokka_VFTETHEX:Gene	rpsF	VFTETHEX_1:c68623-68318	VFTETHEX_00082
annotation_prokka/prokka_VFTETHEX/prokka_VFTETHEX:Gene	mnmE	VFTETHEX_1:69027-70337	VFTETHEX_00085
annotation_prokka/prokka_VFTETHEX/prokka_VFTETHEX:Gene	mnmG	VFTETHEX_1:70337-72190	VFTETHEX_00086
annotation_prokka/prokka_VFTETHEX/prokka_VFTETHEX:Gene	aroA	VFTETHEX_1:72290-73561	VFTETHEX_00087
annotation_prokka/prokka_VFTETHEX/prokka_VFTETHEX:Gene	VFTETHEX_00088	VFTETHEX_1:73558-74745	VFTETHEX_00088
annotation_prokka/prokka_VFTETHEX/prokka_VFTETHEX:Gene	rpmH	VFTETHEX_1:75825-75962	VFTETHEX_00090
annotation_prokka/prokka_VFTETHEX/prokka_VFTETHEX:Gene	VFTETHEX_00091	VFTETHEX_1:75955-76557	VFTETHEX_00091
annotation_prokka/prokka_VFTETHEX/prokka_VFTETHEX:Gene	dnaJ	VFTETHEX_1:c77568-76549	VFTETHEX_00092
annotation_prokka/prokka_VFTETHEX/prokka_VFTETHEX:Gene	dnaK	VFTETHEX_1:c79360-77561	VFTETHEX_00093
annotation_prokka/prokka_VFTETHEX/prokka_VFTETHEX:Gene	dapB	VFTETHEX_1:c83063-82401	VFTETHEX_00098
annotation_prokka/prokka_VFTETHEX/prokka_VFTETHEX:Gene	aroE	VFTETHEX_1:c83839-83060	VFTETHEX_00099
annotation_prokka/prokka_VFTETHEX/prokka_VFTETHEX:Gene	VFTETHEX_00101	VFTETHEX_1:c84669-84280	VFTETHEX_00101
annotation_prokka/prokka_VFTETHEX/prokka_VFTETHEX:Gene	rpmA	VFTETHEX_1:c84907-84659	VFTETHEX_00102
annotation_prokka/prokka_VFTETHEX/prokka_VFTETHEX:Gene	rplU	VFTETHEX_1:c85212-84886	VFTETHEX_00103
annotation_prokka/prokka_VFTETHEX/prokka_VFTETHEX:Gene	rsmH	VFTETHEX_1:c86009-85209	VFTETHEX_00104
annotation_prokka/prokka_VFTETHEX/prokka_VFTETHEX:Gene	rplC	VFTETHEX_1:90651-91058	VFTETHEX_00109
annotation_prokka/prokka_VFTETHEX/prokka_VFTETHEX:Gene	rplD	VFTETHEX_1:91051-91644	VFTETHEX_00110
annotation_prokka/prokka_VFTETHEX/prokka_VFTETHEX:Gene	VFTETHEX_00111	VFTETHEX_1:91646-91825	VFTETHEX_00111
annotation_prokka/prokka_VFTETHEX/prokka_VFTETHEX:Gene	rplB	VFTETHEX_1:91822-92616	VFTETHEX_00112
annotation_prokka/prokka_VFTETHEX/prokka_VFTETHEX:Gene	rpsS	VFTETHEX_1:92600-92863	VFTETHEX_00113
annotation_prokka/prokka_VFTETHEX/prokka_VFTETHEX:Gene	rplV	VFTETHEX_1:97266-97583	VFTETHEX_00115
annotation_prokka/prokka_VFTETHEX/prokka_VFTETHEX:Gene	rpsC	VFTETHEX_1:97583-98188	VFTETHEX_00116
annotation_prokka/prokka_VFTETHEX/prokka_VFTETHEX:Gene	rplP	VFTETHEX_1:98185-98604	VFTETHEX_00117
annotation_prokka/prokka_VFTETHEX/prokka_VFTETHEX:Gene	VFTETHEX_00118	VFTETHEX_1:98605-98835	VFTETHEX_00118
annotation_prokka/prokka_VFTETHEX/prokka_VFTETHEX:Gene	rplN	VFTETHEX_1:98832-99197	VFTETHEX_00119
annotation_prokka/prokka_VFTETHEX/prokka_VFTETHEX:Gene	rplE	VFTETHEX_1:99187-99741	VFTETHEX_00120
annotation_prokka/prokka_VFTETHEX/prokka_VFTETHEX:Gene	rpsN	VFTETHEX_1:99741-100043	VFTETHEX_00121
annotation_prokka/prokka_VFTETHEX/prokka_VFTETHEX:Gene	VFTETHEX_00122	VFTETHEX_1:100043-100414	VFTETHEX_00122
annotation_prokka/prokka_VFTETHEX/prokka_VFTETHEX:Gene	rplF	VFTETHEX_1:100407-100937	VFTETHEX_00123
annotation_prokka/prokka_VFTETHEX/prokka_VFTETHEX:Gene	VFTETHEX_00124	VFTETHEX_1:100900-101232	VFTETHEX_00124
annotation_prokka/prokka_VFTETHEX/prokka_VFTETHEX:Gene	rpsE	VFTETHEX_1:101235-101666	VFTETHEX_00125
annotation_prokka/prokka_VFTETHEX/prokka_VFTETHEX:Gene	rplO	VFTETHEX_1:101659-102006	VFTETHEX_00126
annotation_prokka/prokka_VFTETHEX/prokka_VFTETHEX:Gene	infA	VFTETHEX_1:101996-102211	VFTETHEX_00127
annotation_prokka/prokka_VFTETHEX/prokka_VFTETHEX:Gene	rpmJ	VFTETHEX_1:102208-102321	VFTETHEX_00128
annotation_prokka/prokka_VFTETHEX/prokka_VFTETHEX:Gene	rpsM	VFTETHEX_1:102318-102662	VFTETHEX_00129
annotation_prokka/prokka_VFTETHEX/prokka_VFTETHEX:Gene	rpsK	VFTETHEX_1:102659-103000	VFTETHEX_00130
annotation_prokka/prokka_VFTETHEX/prokka_VFTETHEX:Gene	rpsD	VFTETHEX_1:103001-103549	VFTETHEX_00131
annotation_prokka/prokka_VFTETHEX/prokka_VFTETHEX:Gene	rpoA	VFTETHEX_1:103536-104162	VFTETHEX_00132
annotation_prokka/prokka_VFTETHEX/prokka_VFTETHEX:Gene	VFTETHEX_00133	VFTETHEX_1:104152-104466	VFTETHEX_00133

DiscRep_ALL:DISC_QUALITY_SCORES::Quality scores are missing on all sequences.

DiscRep_ALL:ONCALLER_COMMENT_PRESENT::1 comment descriptors were found (all same)
annotation_prokka/prokka_VFTETHEX/prokka_VFTETHEX:Prokka:VFTETHEX_1:Annotated using prokka 1.13 from https://github.com/tseemann/prokka

DiscRep_ALL:SHORT_PROT_SEQUENCES::3 protein sequences are shorter than 50 aa.
annotation_prokka/prokka_VFTETHEX/prokka_VFTETHEX:Prokka:VFTETHEX_00029 (length 46)
annotation_prokka/prokka_VFTETHEX/prokka_VFTETHEX:Prokka:VFTETHEX_00090 (length 45)
annotation_prokka/prokka_VFTETHEX/prokka_VFTETHEX:Prokka:VFTETHEX_00128 (length 37)

DiscRep_ALL:MISSING_GENOMEASSEMBLY_COMMENTS::1 bioseqs are missing GenomeAssembly structured comments
annotation_prokka/prokka_VFTETHEX/prokka_VFTETHEX:Prokka:VFTETHEX_1 (length 107268)

DiscRep_ALL:MOLTYPE_NOT_MRNA::1 molecule types are not set as mRNA.
annotation_prokka/prokka_VFTETHEX/prokka_VFTETHEX:Prokka:VFTETHEX_1 (length 107268)

DiscRep_ALL:TECHNIQUE_NOT_TSA::1 technique are not set as TSA
annotation_prokka/prokka_VFTETHEX/prokka_VFTETHEX:Prokka:VFTETHEX_1 (length 107268)

DiscRep_ALL:MISSING_STRUCTURED_COMMENT::1 sequences do not include structured comments.
annotation_prokka/prokka_VFTETHEX/prokka_VFTETHEX:Prokka:VFTETHEX_1 (length 107268)

DiscRep_ALL:MISSING_PROJECT::115 sequences do not include project.
annotation_prokka/prokka_VFTETHEX/prokka_VFTETHEX:Prokka:VFTETHEX_1 (length 107268)
annotation_prokka/prokka_VFTETHEX/prokka_VFTETHEX:Prokka:VFTETHEX_00002 (length 127)
annotation_prokka/prokka_VFTETHEX/prokka_VFTETHEX:Prokka:VFTETHEX_00003 (length 213)
annotation_prokka/prokka_VFTETHEX/prokka_VFTETHEX:Prokka:VFTETHEX_00004 (length 148)
annotation_prokka/prokka_VFTETHEX/prokka_VFTETHEX:Prokka:VFTETHEX_00005 (length 118)
annotation_prokka/prokka_VFTETHEX/prokka_VFTETHEX:Prokka:VFTETHEX_00006 (length 1297)
annotation_prokka/prokka_VFTETHEX/prokka_VFTETHEX:Prokka:VFTETHEX_00007 (length 1300)
annotation_prokka/prokka_VFTETHEX/prokka_VFTETHEX:Prokka:VFTETHEX_00008 (length 131)
annotation_prokka/prokka_VFTETHEX/prokka_VFTETHEX:Prokka:VFTETHEX_00009 (length 157)
annotation_prokka/prokka_VFTETHEX/prokka_VFTETHEX:Prokka:VFTETHEX_00010 (length 683)
annotation_prokka/prokka_VFTETHEX/prokka_VFTETHEX:Prokka:VFTETHEX_00011 (length 98)
annotation_prokka/prokka_VFTETHEX/prokka_VFTETHEX:Prokka:VFTETHEX_00013 (length 111)
annotation_prokka/prokka_VFTETHEX/prokka_VFTETHEX:Prokka:VFTETHEX_00014 (length 231)
annotation_prokka/prokka_VFTETHEX/prokka_VFTETHEX:Prokka:VFTETHEX_00015 (length 368)
annotation_prokka/prokka_VFTETHEX/prokka_VFTETHEX:Prokka:VFTETHEX_00016 (length 127)
annotation_prokka/prokka_VFTETHEX/prokka_VFTETHEX:Prokka:VFTETHEX_00017 (length 111)
annotation_prokka/prokka_VFTETHEX/prokka_VFTETHEX:Prokka:VFTETHEX_00018 (length 267)
annotation_prokka/prokka_VFTETHEX/prokka_VFTETHEX:Prokka:VFTETHEX_00019 (length 209)
annotation_prokka/prokka_VFTETHEX/prokka_VFTETHEX:Prokka:VFTETHEX_00020 (length 512)
annotation_prokka/prokka_VFTETHEX/prokka_VFTETHEX:Prokka:VFTETHEX_00022 (length 166)
annotation_prokka/prokka_VFTETHEX/prokka_VFTETHEX:Prokka:VFTETHEX_00023 (length 186)
annotation_prokka/prokka_VFTETHEX/prokka_VFTETHEX:Prokka:VFTETHEX_00024 (length 374)
annotation_prokka/prokka_VFTETHEX/prokka_VFTETHEX:Prokka:VFTETHEX_00025 (length 432)
annotation_prokka/prokka_VFTETHEX/prokka_VFTETHEX:Prokka:VFTETHEX_00026 (length 232)
annotation_prokka/prokka_VFTETHEX/prokka_VFTETHEX:Prokka:VFTETHEX_00027 (length 302)
annotation_prokka/prokka_VFTETHEX/prokka_VFTETHEX:Prokka:VFTETHEX_00029 (length 46)
annotation_prokka/prokka_VFTETHEX/prokka_VFTETHEX:Prokka:VFTETHEX_00030 (length 64)
annotation_prokka/prokka_VFTETHEX/prokka_VFTETHEX:Prokka:VFTETHEX_00031 (length 738)
annotation_prokka/prokka_VFTETHEX/prokka_VFTETHEX:Prokka:VFTETHEX_00032 (length 247)
annotation_prokka/prokka_VFTETHEX/prokka_VFTETHEX:Prokka:VFTETHEX_00033 (length 377)
annotation_prokka/prokka_VFTETHEX/prokka_VFTETHEX:Prokka:VFTETHEX_00034 (length 268)
annotation_prokka/prokka_VFTETHEX/prokka_VFTETHEX:Prokka:VFTETHEX_00035 (length 185)
annotation_prokka/prokka_VFTETHEX/prokka_VFTETHEX:Prokka:VFTETHEX_00036 (length 426)
annotation_prokka/prokka_VFTETHEX/prokka_VFTETHEX:Prokka:VFTETHEX_00037 (length 485)
annotation_prokka/prokka_VFTETHEX/prokka_VFTETHEX:Prokka:VFTETHEX_00038 (length 303)
annotation_prokka/prokka_VFTETHEX/prokka_VFTETHEX:Prokka:VFTETHEX_00039 (length 474)
annotation_prokka/prokka_VFTETHEX/prokka_VFTETHEX:Prokka:VFTETHEX_00040 (length 56)
annotation_prokka/prokka_VFTETHEX/prokka_VFTETHEX:Prokka:VFTETHEX_00041 (length 998)
annotation_prokka/prokka_VFTETHEX/prokka_VFTETHEX:Prokka:VFTETHEX_00042 (length 56)
annotation_prokka/prokka_VFTETHEX/prokka_VFTETHEX:Prokka:VFTETHEX_00043 (length 242)
annotation_prokka/prokka_VFTETHEX/prokka_VFTETHEX:Prokka:VFTETHEX_00044 (length 346)
annotation_prokka/prokka_VFTETHEX/prokka_VFTETHEX:Prokka:VFTETHEX_00045 (length 86)
annotation_prokka/prokka_VFTETHEX/prokka_VFTETHEX:Prokka:VFTETHEX_00046 (length 72)
annotation_prokka/prokka_VFTETHEX/prokka_VFTETHEX:Prokka:VFTETHEX_00050 (length 159)
annotation_prokka/prokka_VFTETHEX/prokka_VFTETHEX:Prokka:VFTETHEX_00051 (length 188)
annotation_prokka/prokka_VFTETHEX/prokka_VFTETHEX:Prokka:VFTETHEX_00053 (length 266)
annotation_prokka/prokka_VFTETHEX/prokka_VFTETHEX:Prokka:VFTETHEX_00054 (length 346)
annotation_prokka/prokka_VFTETHEX/prokka_VFTETHEX:Prokka:VFTETHEX_00056 (length 199)
annotation_prokka/prokka_VFTETHEX/prokka_VFTETHEX:Prokka:VFTETHEX_00057 (length 407)
annotation_prokka/prokka_VFTETHEX/prokka_VFTETHEX:Prokka:VFTETHEX_00058 (length 322)
annotation_prokka/prokka_VFTETHEX/prokka_VFTETHEX:Prokka:VFTETHEX_00059 (length 196)
annotation_prokka/prokka_VFTETHEX/prokka_VFTETHEX:Prokka:VFTETHEX_00060 (length 198)
annotation_prokka/prokka_VFTETHEX/prokka_VFTETHEX:Prokka:VFTETHEX_00061 (length 237)
annotation_prokka/prokka_VFTETHEX/prokka_VFTETHEX:Prokka:VFTETHEX_00062 (length 248)
annotation_prokka/prokka_VFTETHEX/prokka_VFTETHEX:Prokka:VFTETHEX_00063 (length 102)
annotation_prokka/prokka_VFTETHEX/prokka_VFTETHEX:Prokka:VFTETHEX_00064 (length 87)
annotation_prokka/prokka_VFTETHEX/prokka_VFTETHEX:Prokka:VFTETHEX_00067 (length 53)
annotation_prokka/prokka_VFTETHEX/prokka_VFTETHEX:Prokka:VFTETHEX_00068 (length 152)
annotation_prokka/prokka_VFTETHEX/prokka_VFTETHEX:Prokka:VFTETHEX_00073 (length 177)
annotation_prokka/prokka_VFTETHEX/prokka_VFTETHEX:Prokka:VFTETHEX_00074 (length 282)
annotation_prokka/prokka_VFTETHEX/prokka_VFTETHEX:Prokka:VFTETHEX_00075 (length 364)
annotation_prokka/prokka_VFTETHEX/prokka_VFTETHEX:Prokka:VFTETHEX_00076 (length 262)
annotation_prokka/prokka_VFTETHEX/prokka_VFTETHEX:Prokka:VFTETHEX_00077 (length 351)
annotation_prokka/prokka_VFTETHEX/prokka_VFTETHEX:Prokka:VFTETHEX_00078 (length 425)
annotation_prokka/prokka_VFTETHEX/prokka_VFTETHEX:Prokka:VFTETHEX_00079 (length 392)
annotation_prokka/prokka_VFTETHEX/prokka_VFTETHEX:Prokka:VFTETHEX_00080 (length 408)
annotation_prokka/prokka_VFTETHEX/prokka_VFTETHEX:Prokka:VFTETHEX_00081 (length 59)
annotation_prokka/prokka_VFTETHEX/prokka_VFTETHEX:Prokka:VFTETHEX_00082 (length 101)
annotation_prokka/prokka_VFTETHEX/prokka_VFTETHEX:Prokka:VFTETHEX_00085 (length 436)
annotation_prokka/prokka_VFTETHEX/prokka_VFTETHEX:Prokka:VFTETHEX_00086 (length 617)
annotation_prokka/prokka_VFTETHEX/prokka_VFTETHEX:Prokka:VFTETHEX_00087 (length 423)
annotation_prokka/prokka_VFTETHEX/prokka_VFTETHEX:Prokka:VFTETHEX_00088 (length 395)
annotation_prokka/prokka_VFTETHEX/prokka_VFTETHEX:Prokka:VFTETHEX_00089 (length 360)
annotation_prokka/prokka_VFTETHEX/prokka_VFTETHEX:Prokka:VFTETHEX_00090 (length 45)
annotation_prokka/prokka_VFTETHEX/prokka_VFTETHEX:Prokka:VFTETHEX_00091 (length 200)
annotation_prokka/prokka_VFTETHEX/prokka_VFTETHEX:Prokka:VFTETHEX_00092 (length 339)
annotation_prokka/prokka_VFTETHEX/prokka_VFTETHEX:Prokka:VFTETHEX_00093 (length 599)
annotation_prokka/prokka_VFTETHEX/prokka_VFTETHEX:Prokka:VFTETHEX_00094 (length 146)
annotation_prokka/prokka_VFTETHEX/prokka_VFTETHEX:Prokka:VFTETHEX_00095 (length 316)
annotation_prokka/prokka_VFTETHEX/prokka_VFTETHEX:Prokka:VFTETHEX_00096 (length 333)
annotation_prokka/prokka_VFTETHEX/prokka_VFTETHEX:Prokka:VFTETHEX_00097 (length 197)
annotation_prokka/prokka_VFTETHEX/prokka_VFTETHEX:Prokka:VFTETHEX_00098 (length 220)
annotation_prokka/prokka_VFTETHEX/prokka_VFTETHEX:Prokka:VFTETHEX_00099 (length 259)
annotation_prokka/prokka_VFTETHEX/prokka_VFTETHEX:Prokka:VFTETHEX_00100 (length 145)
annotation_prokka/prokka_VFTETHEX/prokka_VFTETHEX:Prokka:VFTETHEX_00101 (length 129)
annotation_prokka/prokka_VFTETHEX/prokka_VFTETHEX:Prokka:VFTETHEX_00102 (length 82)
annotation_prokka/prokka_VFTETHEX/prokka_VFTETHEX:Prokka:VFTETHEX_00103 (length 108)
annotation_prokka/prokka_VFTETHEX/prokka_VFTETHEX:Prokka:VFTETHEX_00104 (length 266)
annotation_prokka/prokka_VFTETHEX/prokka_VFTETHEX:Prokka:VFTETHEX_00109 (length 135)
annotation_prokka/prokka_VFTETHEX/prokka_VFTETHEX:Prokka:VFTETHEX_00110 (length 197)
annotation_prokka/prokka_VFTETHEX/prokka_VFTETHEX:Prokka:VFTETHEX_00111 (length 59)
annotation_prokka/prokka_VFTETHEX/prokka_VFTETHEX:Prokka:VFTETHEX_00112 (length 264)
annotation_prokka/prokka_VFTETHEX/prokka_VFTETHEX:Prokka:VFTETHEX_00113 (length 87)
annotation_prokka/prokka_VFTETHEX/prokka_VFTETHEX:Prokka:VFTETHEX_00114 (length 646)
annotation_prokka/prokka_VFTETHEX/prokka_VFTETHEX:Prokka:VFTETHEX_00115 (length 105)
annotation_prokka/prokka_VFTETHEX/prokka_VFTETHEX:Prokka:VFTETHEX_00116 (length 201)
annotation_prokka/prokka_VFTETHEX/prokka_VFTETHEX:Prokka:VFTETHEX_00117 (length 139)
annotation_prokka/prokka_VFTETHEX/prokka_VFTETHEX:Prokka:VFTETHEX_00118 (length 76)
annotation_prokka/prokka_VFTETHEX/prokka_VFTETHEX:Prokka:VFTETHEX_00119 (length 121)
annotation_prokka/prokka_VFTETHEX/prokka_VFTETHEX:Prokka:VFTETHEX_00120 (length 184)
annotation_prokka/prokka_VFTETHEX/prokka_VFTETHEX:Prokka:VFTETHEX_00121 (length 100)
annotation_prokka/prokka_VFTETHEX/prokka_VFTETHEX:Prokka:VFTETHEX_00122 (length 123)
annotation_prokka/prokka_VFTETHEX/prokka_VFTETHEX:Prokka:VFTETHEX_00123 (length 176)
annotation_prokka/prokka_VFTETHEX/prokka_VFTETHEX:Prokka:VFTETHEX_00124 (length 110)
annotation_prokka/prokka_VFTETHEX/prokka_VFTETHEX:Prokka:VFTETHEX_00125 (length 143)
annotation_prokka/prokka_VFTETHEX/prokka_VFTETHEX:Prokka:VFTETHEX_00126 (length 115)
annotation_prokka/prokka_VFTETHEX/prokka_VFTETHEX:Prokka:VFTETHEX_00127 (length 71)
annotation_prokka/prokka_VFTETHEX/prokka_VFTETHEX:Prokka:VFTETHEX_00128 (length 37)
annotation_prokka/prokka_VFTETHEX/prokka_VFTETHEX:Prokka:VFTETHEX_00129 (length 114)
annotation_prokka/prokka_VFTETHEX/prokka_VFTETHEX:Prokka:VFTETHEX_00130 (length 113)
annotation_prokka/prokka_VFTETHEX/prokka_VFTETHEX:Prokka:VFTETHEX_00131 (length 182)
annotation_prokka/prokka_VFTETHEX/prokka_VFTETHEX:Prokka:VFTETHEX_00132 (length 208)
annotation_prokka/prokka_VFTETHEX/prokka_VFTETHEX:Prokka:VFTETHEX_00133 (length 104)
annotation_prokka/prokka_VFTETHEX/prokka_VFTETHEX:Prokka:VFTETHEX_00134 (length 381)
annotation_prokka/prokka_VFTETHEX/prokka_VFTETHEX:Prokka:VFTETHEX_00135 (length 145)

DiscRep_ALL:DISC_INCONSISTENT_MOLINFO_TECH::Molinfo Technique Report (some missing, all same)
DiscRep_SUB:DISC_INCONSISTENT_MOLINFO_TECH::technique (all missing)
DiscRep_SUB:DISC_INCONSISTENT_MOLINFO_TECH::1 Molinfos are missing field technique
annotation_prokka/prokka_VFTETHEX/prokka_VFTETHEX:Prokka:VFTETHEX_1 (length 107268)

