Discrepancy Report Results

Summary
DISC_SOURCE_QUALS_ASNDISC:strain (all present, all unique)
DISC_SOURCE_QUALS_ASNDISC:taxname (all present, all unique)
DISC_FEATURE_COUNT:gene: 178 present
DISC_FEATURE_COUNT:CDS: 144 present
DISC_FEATURE_COUNT:tRNA: 29 present
DISC_FEATURE_COUNT:rRNA: 3 present
DISC_FEATURE_COUNT:misc_RNA: 1 present
DISC_FEATURE_COUNT:tmRNA: 1 present
DISC_COUNT_NUCLEOTIDES:1 nucleotide Bioseqs are present
OVERLAPPING_GENES:46 genes overlap another gene on the same strand.
RNA_CDS_OVERLAP:6 coding regions overlap RNA features
DISC_QUALITY_SCORES:Quality scores are missing on all sequences.
DISC_BAD_BACTERIAL_GENE_NAME:1 bacterial genes do not start with lowercase letters
ONCALLER_COMMENT_PRESENT:1 comment descriptors were found (all same)
SHORT_PROT_SEQUENCES:3 protein sequences are shorter than 50 aa.
MISSING_GENOMEASSEMBLY_COMMENTS:1 bioseqs are missing GenomeAssembly structured comments
TEST_UNUSUAL_MISC_RNA:1 unexpected misc_RNA features found.  misc_RNAs are unusual in a genome, consider using ncRNA, misc_binding, or misc_feature as appropriate.
MOLTYPE_NOT_MRNA:1 molecule types are not set as mRNA.
TECHNIQUE_NOT_TSA:1 technique are not set as TSA
MISSING_STRUCTURED_COMMENT:1 sequences do not include structured comments.
MISSING_PROJECT:145 sequences do not include project.
DISC_INCONSISTENT_MOLINFO_TECH:Molinfo Technique Report (some missing, all same)


Detailed Report

DiscRep_ALL:DISC_SOURCE_QUALS_ASNDISC::strain (all present, all unique)
DiscRep_SUB:DISC_SOURCE_QUALS_ASNDISC::1 sources have unique values for strain
DiscRep_ALL:DISC_SOURCE_QUALS_ASNDISC::taxname (all present, all unique)
DiscRep_SUB:DISC_SOURCE_QUALS_ASNDISC::1 sources have unique values for taxname
DiscRep_ALL:DISC_FEATURE_COUNT::gene: 178 present
DiscRep_ALL:DISC_FEATURE_COUNT::CDS: 144 present
DiscRep_ALL:DISC_FEATURE_COUNT::tRNA: 29 present
DiscRep_ALL:DISC_FEATURE_COUNT::rRNA: 3 present
DiscRep_ALL:DISC_FEATURE_COUNT::misc_RNA: 1 present
DiscRep_ALL:DISC_FEATURE_COUNT::tmRNA: 1 present
DiscRep_ALL:DISC_COUNT_NUCLEOTIDES::1 nucleotide Bioseqs are present
prokka_SMAGAHAV_pseudofinder/SMAGAHAV:Prokka:SMAGAHAV_1 (length 142878)

DiscRep_ALL:OVERLAPPING_GENES::46 genes overlap another gene on the same strand.
prokka_SMAGAHAV_pseudofinder/SMAGAHAV:Gene	prfA	SMAGAHAV_1:7306-8388	SMAGAHAV_00007
prokka_SMAGAHAV_pseudofinder/SMAGAHAV:Gene	rsmA	SMAGAHAV_1:8375-9133	SMAGAHAV_00008
prokka_SMAGAHAV_pseudofinder/SMAGAHAV:Gene	rpmA	SMAGAHAV_1:c19237-18980	SMAGAHAV_00021
prokka_SMAGAHAV_pseudofinder/SMAGAHAV:Gene	rplU	SMAGAHAV_1:c19574-19227	SMAGAHAV_00022
prokka_SMAGAHAV_pseudofinder/SMAGAHAV:Gene	grpE	SMAGAHAV_1:45576-46130	SMAGAHAV_00054
prokka_SMAGAHAV_pseudofinder/SMAGAHAV:Gene	dnaJ	SMAGAHAV_1:46123-47262	SMAGAHAV_00055
prokka_SMAGAHAV_pseudofinder/SMAGAHAV:Gene	SMAGAHAV_00060	SMAGAHAV_1:c50624-50418	SMAGAHAV_00060
prokka_SMAGAHAV_pseudofinder/SMAGAHAV:Gene	infC	SMAGAHAV_1:c51186-50605	SMAGAHAV_00061
prokka_SMAGAHAV_pseudofinder/SMAGAHAV:Gene	rplM	SMAGAHAV_1:53211-53612	SMAGAHAV_00063
prokka_SMAGAHAV_pseudofinder/SMAGAHAV:Gene	rpsI	SMAGAHAV_1:53612-54004	SMAGAHAV_00064
prokka_SMAGAHAV_pseudofinder/SMAGAHAV:Gene	rpsB	SMAGAHAV_1:54010-54735	SMAGAHAV_00065
prokka_SMAGAHAV_pseudofinder/SMAGAHAV:Gene	TSFM	SMAGAHAV_1:54719-55345	SMAGAHAV_00066
prokka_SMAGAHAV_pseudofinder/SMAGAHAV:Gene	rplK	SMAGAHAV_1:69783-70196	SMAGAHAV_00087
prokka_SMAGAHAV_pseudofinder/SMAGAHAV:Gene	SMAGAHAV_00088	SMAGAHAV_1:70189-70635	SMAGAHAV_00088
prokka_SMAGAHAV_pseudofinder/SMAGAHAV:Gene	SMAGAHAV_00089	SMAGAHAV_1:70632-71174	SMAGAHAV_00089
prokka_SMAGAHAV_pseudofinder/SMAGAHAV:Gene	rplL	SMAGAHAV_1:71164-71532	SMAGAHAV_00090
prokka_SMAGAHAV_pseudofinder/SMAGAHAV:Gene	SMAGAHAV_00097	SMAGAHAV_1:c81568-81383	SMAGAHAV_00097
prokka_SMAGAHAV_pseudofinder/SMAGAHAV:Gene	SMAGAHAV_00098	SMAGAHAV_1:c81788-81552	SMAGAHAV_00098
prokka_SMAGAHAV_pseudofinder/SMAGAHAV:Gene	korB	SMAGAHAV_1:c84016-83117	SMAGAHAV_00100
prokka_SMAGAHAV_pseudofinder/SMAGAHAV:Gene	SMAGAHAV_00101	SMAGAHAV_1:c84032-83959	SMAGAHAV_00101
prokka_SMAGAHAV_pseudofinder/SMAGAHAV:Gene	leuS	SMAGAHAV_1:c86776-84032	SMAGAHAV_00102
prokka_SMAGAHAV_pseudofinder/SMAGAHAV:Gene	tyrS1	SMAGAHAV_1:c88028-86766	SMAGAHAV_00103
prokka_SMAGAHAV_pseudofinder/SMAGAHAV:Gene	leuC	SMAGAHAV_1:89284-90693	SMAGAHAV_00105
prokka_SMAGAHAV_pseudofinder/SMAGAHAV:Gene	leuD1	SMAGAHAV_1:90680-91264	SMAGAHAV_00106
prokka_SMAGAHAV_pseudofinder/SMAGAHAV:Gene	sufC	SMAGAHAV_1:103857-104603	SMAGAHAV_00122
prokka_SMAGAHAV_pseudofinder/SMAGAHAV:Gene	SMAGAHAV_00123	SMAGAHAV_1:104600-105949	SMAGAHAV_00123
prokka_SMAGAHAV_pseudofinder/SMAGAHAV:Gene	sufS	SMAGAHAV_1:105936-107165	SMAGAHAV_00124
prokka_SMAGAHAV_pseudofinder/SMAGAHAV:Gene	pnp	SMAGAHAV_1:c114255-112135	SMAGAHAV_00133
prokka_SMAGAHAV_pseudofinder/SMAGAHAV:Gene	SMAGAHAV_00134	SMAGAHAV_1:c114458-114252	SMAGAHAV_00134
prokka_SMAGAHAV_pseudofinder/SMAGAHAV:Gene	rpsJ	SMAGAHAV_1:118505-118801	SMAGAHAV_00140
prokka_SMAGAHAV_pseudofinder/SMAGAHAV:Gene	rplC	SMAGAHAV_1:118795-119430	SMAGAHAV_00141
prokka_SMAGAHAV_pseudofinder/SMAGAHAV:Gene	rplD	SMAGAHAV_1:119424-120071	SMAGAHAV_00142
prokka_SMAGAHAV_pseudofinder/SMAGAHAV:Gene	rpsS	SMAGAHAV_1:121213-121518	SMAGAHAV_00145
prokka_SMAGAHAV_pseudofinder/SMAGAHAV:Gene	SMAGAHAV_00146	SMAGAHAV_1:121511-121891	SMAGAHAV_00146
prokka_SMAGAHAV_pseudofinder/SMAGAHAV:Gene	rpsC	SMAGAHAV_1:121876-122574	SMAGAHAV_00147
prokka_SMAGAHAV_pseudofinder/SMAGAHAV:Gene	rplP	SMAGAHAV_1:122552-122956	SMAGAHAV_00148
prokka_SMAGAHAV_pseudofinder/SMAGAHAV:Gene	rpsQ	SMAGAHAV_1:122956-123228	SMAGAHAV_00149
prokka_SMAGAHAV_pseudofinder/SMAGAHAV:Gene	rplN	SMAGAHAV_1:123203-123571	SMAGAHAV_00150
prokka_SMAGAHAV_pseudofinder/SMAGAHAV:Gene	SMAGAHAV_00151	SMAGAHAV_1:123595-123942	SMAGAHAV_00151
prokka_SMAGAHAV_pseudofinder/SMAGAHAV:Gene	rplE	SMAGAHAV_1:123926-124471	SMAGAHAV_00152
prokka_SMAGAHAV_pseudofinder/SMAGAHAV:Gene	rpsM	SMAGAHAV_1:127516-127893	SMAGAHAV_00161
prokka_SMAGAHAV_pseudofinder/SMAGAHAV:Gene	rpsK	SMAGAHAV_1:127890-128249	SMAGAHAV_00162
prokka_SMAGAHAV_pseudofinder/SMAGAHAV:Gene	rpoA	SMAGAHAV_1:128919-129905	SMAGAHAV_00164
prokka_SMAGAHAV_pseudofinder/SMAGAHAV:Gene	rplQ	SMAGAHAV_1:129902-130252	SMAGAHAV_00165
prokka_SMAGAHAV_pseudofinder/SMAGAHAV:Gene	mutL	SMAGAHAV_1:c133167-131470	SMAGAHAV_00168
prokka_SMAGAHAV_pseudofinder/SMAGAHAV:Gene	lysS	SMAGAHAV_1:c134624-133164	SMAGAHAV_00169

DiscRep_ALL:RNA_CDS_OVERLAP::6 coding regions overlap RNA features
FATAL: DiscRep_SUB:RNA_CDS_OVERLAP::1 coding regions are completely contained in RNAs
prokka_SMAGAHAV_pseudofinder/SMAGAHAV:CDS	hypothetical protein	SMAGAHAV_1:61585-62043	SMAGAHAV_00075
prokka_SMAGAHAV_pseudofinder/SMAGAHAV:rRNA	23S ribosomal RNA	SMAGAHAV_1:c64322-61462	SMAGAHAV_00074

DiscRep_SUB:RNA_CDS_OVERLAP::5 coding regions overlap RNAs (no containment)
DiscRep_SUB:RNA_CDS_OVERLAP::2 coding regions overlap RNAs on the same strand (no containment)
prokka_SMAGAHAV_pseudofinder/SMAGAHAV:CDS	2-oxoglutarate oxidoreductase subunit KorB	SMAGAHAV_1:c84016-83117	SMAGAHAV_00100
prokka_SMAGAHAV_pseudofinder/SMAGAHAV:tRNA	Phe	SMAGAHAV_1:c84032-83959	SMAGAHAV_00101
prokka_SMAGAHAV_pseudofinder/SMAGAHAV:CDS	Leucine--tRNA ligase	SMAGAHAV_1:c86776-84032	SMAGAHAV_00102
prokka_SMAGAHAV_pseudofinder/SMAGAHAV:tRNA	Phe	SMAGAHAV_1:c84032-83959	SMAGAHAV_00101

DiscRep_SUB:RNA_CDS_OVERLAP::3 coding regions overlap RNAs on the opposite strand (no containment)
prokka_SMAGAHAV_pseudofinder/SMAGAHAV:CDS	Glycine--tRNA ligase	SMAGAHAV_1:c30426-28954	SMAGAHAV_00038
prokka_SMAGAHAV_pseudofinder/SMAGAHAV:tRNA	Arg	SMAGAHAV_1:28883-28958	SMAGAHAV_00037
prokka_SMAGAHAV_pseudofinder/SMAGAHAV:CDS	hypothetical protein	SMAGAHAV_1:c81377-81255	SMAGAHAV_00096
prokka_SMAGAHAV_pseudofinder/SMAGAHAV:tRNA	His	SMAGAHAV_1:81180-81255	SMAGAHAV_00095
prokka_SMAGAHAV_pseudofinder/SMAGAHAV:CDS	DNA mismatch repair protein MutL	SMAGAHAV_1:c133167-131470	SMAGAHAV_00168
prokka_SMAGAHAV_pseudofinder/SMAGAHAV:RNA	RNaseP_bact_a	SMAGAHAV_1:131198-131504	SMAGAHAV_00167

DiscRep_ALL:DISC_QUALITY_SCORES::Quality scores are missing on all sequences.

DiscRep_ALL:DISC_BAD_BACTERIAL_GENE_NAME::1 bacterial genes do not start with lowercase letters
prokka_SMAGAHAV_pseudofinder/SMAGAHAV:Gene	TSFM	SMAGAHAV_1:54719-55345	SMAGAHAV_00066

DiscRep_ALL:ONCALLER_COMMENT_PRESENT::1 comment descriptors were found (all same)
prokka_SMAGAHAV_pseudofinder/SMAGAHAV:Prokka:SMAGAHAV_1:Annotated using prokka 1.14.6 from https://github.com/tseemann/prokka

DiscRep_ALL:SHORT_PROT_SEQUENCES::3 protein sequences are shorter than 50 aa.
prokka_SMAGAHAV_pseudofinder/SMAGAHAV:Prokka:SMAGAHAV_00027 (length 30)
prokka_SMAGAHAV_pseudofinder/SMAGAHAV:Prokka:SMAGAHAV_00096 (length 40)
prokka_SMAGAHAV_pseudofinder/SMAGAHAV:Prokka:SMAGAHAV_00160 (length 38)

DiscRep_ALL:MISSING_GENOMEASSEMBLY_COMMENTS::1 bioseqs are missing GenomeAssembly structured comments
prokka_SMAGAHAV_pseudofinder/SMAGAHAV:Prokka:SMAGAHAV_1 (length 142878)

DiscRep_ALL:TEST_UNUSUAL_MISC_RNA::1 unexpected misc_RNA features found.  misc_RNAs are unusual in a genome, consider using ncRNA, misc_binding, or misc_feature as appropriate.
prokka_SMAGAHAV_pseudofinder/SMAGAHAV:RNA	RNaseP_bact_a	SMAGAHAV_1:131198-131504	SMAGAHAV_00167

DiscRep_ALL:MOLTYPE_NOT_MRNA::1 molecule types are not set as mRNA.
prokka_SMAGAHAV_pseudofinder/SMAGAHAV:Prokka:SMAGAHAV_1 (length 142878)

DiscRep_ALL:TECHNIQUE_NOT_TSA::1 technique are not set as TSA
prokka_SMAGAHAV_pseudofinder/SMAGAHAV:Prokka:SMAGAHAV_1 (length 142878)

DiscRep_ALL:MISSING_STRUCTURED_COMMENT::1 sequences do not include structured comments.
prokka_SMAGAHAV_pseudofinder/SMAGAHAV:Prokka:SMAGAHAV_1 (length 142878)

DiscRep_ALL:MISSING_PROJECT::145 sequences do not include project.
prokka_SMAGAHAV_pseudofinder/SMAGAHAV:Prokka:SMAGAHAV_1 (length 142878)
prokka_SMAGAHAV_pseudofinder/SMAGAHAV:Prokka:SMAGAHAV_00001 (length 216)
prokka_SMAGAHAV_pseudofinder/SMAGAHAV:Prokka:SMAGAHAV_00002 (length 870)
prokka_SMAGAHAV_pseudofinder/SMAGAHAV:Prokka:SMAGAHAV_00003 (length 110)
prokka_SMAGAHAV_pseudofinder/SMAGAHAV:Prokka:SMAGAHAV_00004 (length 369)
prokka_SMAGAHAV_pseudofinder/SMAGAHAV:Prokka:SMAGAHAV_00005 (length 375)
prokka_SMAGAHAV_pseudofinder/SMAGAHAV:Prokka:SMAGAHAV_00006 (length 420)
prokka_SMAGAHAV_pseudofinder/SMAGAHAV:Prokka:SMAGAHAV_00007 (length 360)
prokka_SMAGAHAV_pseudofinder/SMAGAHAV:Prokka:SMAGAHAV_00008 (length 252)
prokka_SMAGAHAV_pseudofinder/SMAGAHAV:Prokka:SMAGAHAV_00010 (length 1141)
prokka_SMAGAHAV_pseudofinder/SMAGAHAV:Prokka:SMAGAHAV_00012 (length 531)
prokka_SMAGAHAV_pseudofinder/SMAGAHAV:Prokka:SMAGAHAV_00013 (length 620)
prokka_SMAGAHAV_pseudofinder/SMAGAHAV:Prokka:SMAGAHAV_00014 (length 133)
prokka_SMAGAHAV_pseudofinder/SMAGAHAV:Prokka:SMAGAHAV_00016 (length 222)
prokka_SMAGAHAV_pseudofinder/SMAGAHAV:Prokka:SMAGAHAV_00017 (length 68)
prokka_SMAGAHAV_pseudofinder/SMAGAHAV:Prokka:SMAGAHAV_00018 (length 89)
prokka_SMAGAHAV_pseudofinder/SMAGAHAV:Prokka:SMAGAHAV_00019 (length 109)
prokka_SMAGAHAV_pseudofinder/SMAGAHAV:Prokka:SMAGAHAV_00021 (length 85)
prokka_SMAGAHAV_pseudofinder/SMAGAHAV:Prokka:SMAGAHAV_00022 (length 115)
prokka_SMAGAHAV_pseudofinder/SMAGAHAV:Prokka:SMAGAHAV_00024 (length 184)
prokka_SMAGAHAV_pseudofinder/SMAGAHAV:Prokka:SMAGAHAV_00025 (length 326)
prokka_SMAGAHAV_pseudofinder/SMAGAHAV:Prokka:SMAGAHAV_00026 (length 588)
prokka_SMAGAHAV_pseudofinder/SMAGAHAV:Prokka:SMAGAHAV_00027 (length 30)
prokka_SMAGAHAV_pseudofinder/SMAGAHAV:Prokka:SMAGAHAV_00030 (length 209)
prokka_SMAGAHAV_pseudofinder/SMAGAHAV:Prokka:SMAGAHAV_00031 (length 274)
prokka_SMAGAHAV_pseudofinder/SMAGAHAV:Prokka:SMAGAHAV_00032 (length 282)
prokka_SMAGAHAV_pseudofinder/SMAGAHAV:Prokka:SMAGAHAV_00033 (length 435)
prokka_SMAGAHAV_pseudofinder/SMAGAHAV:Prokka:SMAGAHAV_00034 (length 370)
prokka_SMAGAHAV_pseudofinder/SMAGAHAV:Prokka:SMAGAHAV_00038 (length 490)
prokka_SMAGAHAV_pseudofinder/SMAGAHAV:Prokka:SMAGAHAV_00039 (length 65)
prokka_SMAGAHAV_pseudofinder/SMAGAHAV:Prokka:SMAGAHAV_00040 (length 97)
prokka_SMAGAHAV_pseudofinder/SMAGAHAV:Prokka:SMAGAHAV_00041 (length 440)
prokka_SMAGAHAV_pseudofinder/SMAGAHAV:Prokka:SMAGAHAV_00042 (length 592)
prokka_SMAGAHAV_pseudofinder/SMAGAHAV:Prokka:SMAGAHAV_00044 (length 484)
prokka_SMAGAHAV_pseudofinder/SMAGAHAV:Prokka:SMAGAHAV_00045 (length 377)
prokka_SMAGAHAV_pseudofinder/SMAGAHAV:Prokka:SMAGAHAV_00046 (length 307)
prokka_SMAGAHAV_pseudofinder/SMAGAHAV:Prokka:SMAGAHAV_00049 (length 1128)
prokka_SMAGAHAV_pseudofinder/SMAGAHAV:Prokka:SMAGAHAV_00051 (length 453)
prokka_SMAGAHAV_pseudofinder/SMAGAHAV:Prokka:SMAGAHAV_00052 (length 286)
prokka_SMAGAHAV_pseudofinder/SMAGAHAV:Prokka:SMAGAHAV_00053 (length 456)
prokka_SMAGAHAV_pseudofinder/SMAGAHAV:Prokka:SMAGAHAV_00054 (length 184)
prokka_SMAGAHAV_pseudofinder/SMAGAHAV:Prokka:SMAGAHAV_00055 (length 379)
prokka_SMAGAHAV_pseudofinder/SMAGAHAV:Prokka:SMAGAHAV_00056 (length 394)
prokka_SMAGAHAV_pseudofinder/SMAGAHAV:Prokka:SMAGAHAV_00057 (length 352)
prokka_SMAGAHAV_pseudofinder/SMAGAHAV:Prokka:SMAGAHAV_00058 (length 156)
prokka_SMAGAHAV_pseudofinder/SMAGAHAV:Prokka:SMAGAHAV_00059 (length 114)
prokka_SMAGAHAV_pseudofinder/SMAGAHAV:Prokka:SMAGAHAV_00060 (length 68)
prokka_SMAGAHAV_pseudofinder/SMAGAHAV:Prokka:SMAGAHAV_00061 (length 193)
prokka_SMAGAHAV_pseudofinder/SMAGAHAV:Prokka:SMAGAHAV_00062 (length 621)
prokka_SMAGAHAV_pseudofinder/SMAGAHAV:Prokka:SMAGAHAV_00063 (length 133)
prokka_SMAGAHAV_pseudofinder/SMAGAHAV:Prokka:SMAGAHAV_00064 (length 130)
prokka_SMAGAHAV_pseudofinder/SMAGAHAV:Prokka:SMAGAHAV_00065 (length 241)
prokka_SMAGAHAV_pseudofinder/SMAGAHAV:Prokka:SMAGAHAV_00066 (length 208)
prokka_SMAGAHAV_pseudofinder/SMAGAHAV:Prokka:SMAGAHAV_00069 (length 865)
prokka_SMAGAHAV_pseudofinder/SMAGAHAV:Prokka:SMAGAHAV_00070 (length 408)
prokka_SMAGAHAV_pseudofinder/SMAGAHAV:Prokka:SMAGAHAV_00071 (length 218)
prokka_SMAGAHAV_pseudofinder/SMAGAHAV:Prokka:SMAGAHAV_00072 (length 348)
prokka_SMAGAHAV_pseudofinder/SMAGAHAV:Prokka:SMAGAHAV_00075 (length 152)
prokka_SMAGAHAV_pseudofinder/SMAGAHAV:Prokka:SMAGAHAV_00079 (length 392)
prokka_SMAGAHAV_pseudofinder/SMAGAHAV:Prokka:SMAGAHAV_00080 (length 137)
prokka_SMAGAHAV_pseudofinder/SMAGAHAV:Prokka:SMAGAHAV_00085 (length 395)
prokka_SMAGAHAV_pseudofinder/SMAGAHAV:Prokka:SMAGAHAV_00087 (length 137)
prokka_SMAGAHAV_pseudofinder/SMAGAHAV:Prokka:SMAGAHAV_00088 (length 148)
prokka_SMAGAHAV_pseudofinder/SMAGAHAV:Prokka:SMAGAHAV_00089 (length 180)
prokka_SMAGAHAV_pseudofinder/SMAGAHAV:Prokka:SMAGAHAV_00090 (length 122)
prokka_SMAGAHAV_pseudofinder/SMAGAHAV:Prokka:SMAGAHAV_00091 (length 1243)
prokka_SMAGAHAV_pseudofinder/SMAGAHAV:Prokka:SMAGAHAV_00092 (length 1364)
prokka_SMAGAHAV_pseudofinder/SMAGAHAV:Prokka:SMAGAHAV_00093 (length 250)
prokka_SMAGAHAV_pseudofinder/SMAGAHAV:Prokka:SMAGAHAV_00094 (length 324)
prokka_SMAGAHAV_pseudofinder/SMAGAHAV:Prokka:SMAGAHAV_00096 (length 40)
prokka_SMAGAHAV_pseudofinder/SMAGAHAV:Prokka:SMAGAHAV_00097 (length 61)
prokka_SMAGAHAV_pseudofinder/SMAGAHAV:Prokka:SMAGAHAV_00098 (length 78)
prokka_SMAGAHAV_pseudofinder/SMAGAHAV:Prokka:SMAGAHAV_00099 (length 414)
prokka_SMAGAHAV_pseudofinder/SMAGAHAV:Prokka:SMAGAHAV_00100 (length 299)
prokka_SMAGAHAV_pseudofinder/SMAGAHAV:Prokka:SMAGAHAV_00102 (length 914)
prokka_SMAGAHAV_pseudofinder/SMAGAHAV:Prokka:SMAGAHAV_00103 (length 420)
prokka_SMAGAHAV_pseudofinder/SMAGAHAV:Prokka:SMAGAHAV_00104 (length 384)
prokka_SMAGAHAV_pseudofinder/SMAGAHAV:Prokka:SMAGAHAV_00105 (length 469)
prokka_SMAGAHAV_pseudofinder/SMAGAHAV:Prokka:SMAGAHAV_00106 (length 194)
prokka_SMAGAHAV_pseudofinder/SMAGAHAV:Prokka:SMAGAHAV_00107 (length 362)
prokka_SMAGAHAV_pseudofinder/SMAGAHAV:Prokka:SMAGAHAV_00108 (length 132)
prokka_SMAGAHAV_pseudofinder/SMAGAHAV:Prokka:SMAGAHAV_00109 (length 325)
prokka_SMAGAHAV_pseudofinder/SMAGAHAV:Prokka:SMAGAHAV_00110 (length 63)
prokka_SMAGAHAV_pseudofinder/SMAGAHAV:Prokka:SMAGAHAV_00111 (length 320)
prokka_SMAGAHAV_pseudofinder/SMAGAHAV:Prokka:SMAGAHAV_00112 (length 460)
prokka_SMAGAHAV_pseudofinder/SMAGAHAV:Prokka:SMAGAHAV_00115 (length 145)
prokka_SMAGAHAV_pseudofinder/SMAGAHAV:Prokka:SMAGAHAV_00116 (length 109)
prokka_SMAGAHAV_pseudofinder/SMAGAHAV:Prokka:SMAGAHAV_00117 (length 546)
prokka_SMAGAHAV_pseudofinder/SMAGAHAV:Prokka:SMAGAHAV_00118 (length 93)
prokka_SMAGAHAV_pseudofinder/SMAGAHAV:Prokka:SMAGAHAV_00119 (length 432)
prokka_SMAGAHAV_pseudofinder/SMAGAHAV:Prokka:SMAGAHAV_00120 (length 162)
prokka_SMAGAHAV_pseudofinder/SMAGAHAV:Prokka:SMAGAHAV_00121 (length 379)
prokka_SMAGAHAV_pseudofinder/SMAGAHAV:Prokka:SMAGAHAV_00122 (length 248)
prokka_SMAGAHAV_pseudofinder/SMAGAHAV:Prokka:SMAGAHAV_00123 (length 449)
prokka_SMAGAHAV_pseudofinder/SMAGAHAV:Prokka:SMAGAHAV_00124 (length 409)
prokka_SMAGAHAV_pseudofinder/SMAGAHAV:Prokka:SMAGAHAV_00125 (length 573)
prokka_SMAGAHAV_pseudofinder/SMAGAHAV:Prokka:SMAGAHAV_00126 (length 80)
prokka_SMAGAHAV_pseudofinder/SMAGAHAV:Prokka:SMAGAHAV_00128 (length 94)
prokka_SMAGAHAV_pseudofinder/SMAGAHAV:Prokka:SMAGAHAV_00130 (length 61)
prokka_SMAGAHAV_pseudofinder/SMAGAHAV:Prokka:SMAGAHAV_00131 (length 326)
prokka_SMAGAHAV_pseudofinder/SMAGAHAV:Prokka:SMAGAHAV_00132 (length 304)
prokka_SMAGAHAV_pseudofinder/SMAGAHAV:Prokka:SMAGAHAV_00133 (length 706)
prokka_SMAGAHAV_pseudofinder/SMAGAHAV:Prokka:SMAGAHAV_00134 (length 68)
prokka_SMAGAHAV_pseudofinder/SMAGAHAV:Prokka:SMAGAHAV_00135 (length 96)
prokka_SMAGAHAV_pseudofinder/SMAGAHAV:Prokka:SMAGAHAV_00136 (length 57)
prokka_SMAGAHAV_pseudofinder/SMAGAHAV:Prokka:SMAGAHAV_00137 (length 126)
prokka_SMAGAHAV_pseudofinder/SMAGAHAV:Prokka:SMAGAHAV_00138 (length 156)
prokka_SMAGAHAV_pseudofinder/SMAGAHAV:Prokka:SMAGAHAV_00139 (length 694)
prokka_SMAGAHAV_pseudofinder/SMAGAHAV:Prokka:SMAGAHAV_00140 (length 98)
prokka_SMAGAHAV_pseudofinder/SMAGAHAV:Prokka:SMAGAHAV_00141 (length 211)
prokka_SMAGAHAV_pseudofinder/SMAGAHAV:Prokka:SMAGAHAV_00142 (length 215)
prokka_SMAGAHAV_pseudofinder/SMAGAHAV:Prokka:SMAGAHAV_00143 (length 97)
prokka_SMAGAHAV_pseudofinder/SMAGAHAV:Prokka:SMAGAHAV_00144 (length 275)
prokka_SMAGAHAV_pseudofinder/SMAGAHAV:Prokka:SMAGAHAV_00145 (length 101)
prokka_SMAGAHAV_pseudofinder/SMAGAHAV:Prokka:SMAGAHAV_00146 (length 126)
prokka_SMAGAHAV_pseudofinder/SMAGAHAV:Prokka:SMAGAHAV_00147 (length 232)
prokka_SMAGAHAV_pseudofinder/SMAGAHAV:Prokka:SMAGAHAV_00148 (length 134)
prokka_SMAGAHAV_pseudofinder/SMAGAHAV:Prokka:SMAGAHAV_00149 (length 90)
prokka_SMAGAHAV_pseudofinder/SMAGAHAV:Prokka:SMAGAHAV_00150 (length 122)
prokka_SMAGAHAV_pseudofinder/SMAGAHAV:Prokka:SMAGAHAV_00151 (length 115)
prokka_SMAGAHAV_pseudofinder/SMAGAHAV:Prokka:SMAGAHAV_00152 (length 181)
prokka_SMAGAHAV_pseudofinder/SMAGAHAV:Prokka:SMAGAHAV_00153 (length 89)
prokka_SMAGAHAV_pseudofinder/SMAGAHAV:Prokka:SMAGAHAV_00154 (length 129)
prokka_SMAGAHAV_pseudofinder/SMAGAHAV:Prokka:SMAGAHAV_00155 (length 192)
prokka_SMAGAHAV_pseudofinder/SMAGAHAV:Prokka:SMAGAHAV_00156 (length 107)
prokka_SMAGAHAV_pseudofinder/SMAGAHAV:Prokka:SMAGAHAV_00157 (length 162)
prokka_SMAGAHAV_pseudofinder/SMAGAHAV:Prokka:SMAGAHAV_00158 (length 150)
prokka_SMAGAHAV_pseudofinder/SMAGAHAV:Prokka:SMAGAHAV_00159 (length 71)
prokka_SMAGAHAV_pseudofinder/SMAGAHAV:Prokka:SMAGAHAV_00160 (length 38)
prokka_SMAGAHAV_pseudofinder/SMAGAHAV:Prokka:SMAGAHAV_00161 (length 125)
prokka_SMAGAHAV_pseudofinder/SMAGAHAV:Prokka:SMAGAHAV_00162 (length 119)
prokka_SMAGAHAV_pseudofinder/SMAGAHAV:Prokka:SMAGAHAV_00163 (length 198)
prokka_SMAGAHAV_pseudofinder/SMAGAHAV:Prokka:SMAGAHAV_00164 (length 328)
prokka_SMAGAHAV_pseudofinder/SMAGAHAV:Prokka:SMAGAHAV_00165 (length 116)
prokka_SMAGAHAV_pseudofinder/SMAGAHAV:Prokka:SMAGAHAV_00166 (length 311)
prokka_SMAGAHAV_pseudofinder/SMAGAHAV:Prokka:SMAGAHAV_00168 (length 565)
prokka_SMAGAHAV_pseudofinder/SMAGAHAV:Prokka:SMAGAHAV_00169 (length 486)
prokka_SMAGAHAV_pseudofinder/SMAGAHAV:Prokka:SMAGAHAV_00171 (length 329)
prokka_SMAGAHAV_pseudofinder/SMAGAHAV:Prokka:SMAGAHAV_00172 (length 361)
prokka_SMAGAHAV_pseudofinder/SMAGAHAV:Prokka:SMAGAHAV_00173 (length 152)
prokka_SMAGAHAV_pseudofinder/SMAGAHAV:Prokka:SMAGAHAV_00174 (length 92)
prokka_SMAGAHAV_pseudofinder/SMAGAHAV:Prokka:SMAGAHAV_00175 (length 344)
prokka_SMAGAHAV_pseudofinder/SMAGAHAV:Prokka:SMAGAHAV_00176 (length 77)
prokka_SMAGAHAV_pseudofinder/SMAGAHAV:Prokka:SMAGAHAV_00177 (length 571)
prokka_SMAGAHAV_pseudofinder/SMAGAHAV:Prokka:SMAGAHAV_00178 (length 571)

DiscRep_ALL:DISC_INCONSISTENT_MOLINFO_TECH::Molinfo Technique Report (some missing, all same)
DiscRep_SUB:DISC_INCONSISTENT_MOLINFO_TECH::technique (all missing)
DiscRep_SUB:DISC_INCONSISTENT_MOLINFO_TECH::1 Molinfos are missing field technique
prokka_SMAGAHAV_pseudofinder/SMAGAHAV:Prokka:SMAGAHAV_1 (length 142878)

