[20:34:53] This is prokka 1.13
[20:34:53] Written by Torsten Seemann <torsten.seemann@gmail.com>
[20:34:53] Homepage is https://github.com/tseemann/prokka
[20:34:53] Local time is Tue Nov  7 20:34:53 2023
[20:34:53] You are diego
[20:34:53] Operating system is linux
[20:34:53] You have BioPerl 1.007002
[20:34:53] System has 32 cores.
[20:34:53] Will use maximum of 30 cores.
[20:34:53] Annotating as >>> Bacteria <<<
[20:34:53] Enabling options to ensure Genbank/ENA/DDJB submission compliance.
[20:34:53] Re-using existing --outdir annotation_prokka/prokka_VFPENVAR
[20:34:53] Using filename prefix: prokka_VFPENVAR.XXX
[20:34:53] Setting HMMER_NCPU=1
[20:34:53] Writing log to: annotation_prokka/prokka_VFPENVAR/prokka_VFPENVAR.log
[20:34:53] Command: /home/diego/miniconda3/envs/prokka_env/bin/prokka VFPENVAR.fasta --prefix prokka_VFPENVAR --outdir annotation_prokka/prokka_VFPENVAR --cpus 30 --locustag VFPENVAR --gcode 11 --force --compliant
[20:34:53] Appending to PATH: /home/diego/miniconda3/envs/prokka_env/bin
[20:34:53] Looking for 'aragorn' - found /home/diego/miniconda3/envs/prokka_env/bin/aragorn
[20:34:53] Determined aragorn version is 1.2
[20:34:53] Looking for 'barrnap' - found /home/diego/miniconda3/envs/prokka_env/bin/barrnap
[20:34:53] Determined barrnap version is 0.9
[20:34:53] Looking for 'blastp' - found /home/diego/miniconda3/envs/prokka_env/bin/blastp
[20:34:53] Determined blastp version is 2.14
[20:34:53] Looking for 'cmpress' - found /home/diego/miniconda3/envs/prokka_env/bin/cmpress
[20:34:53] Determined cmpress version is 1.1
[20:34:53] Looking for 'cmscan' - found /home/diego/miniconda3/envs/prokka_env/bin/cmscan
[20:34:53] Determined cmscan version is 1.1
[20:34:53] Looking for 'egrep' - found /usr/bin/egrep
[20:34:53] Looking for 'find' - found /usr/bin/find
[20:34:53] Looking for 'grep' - found /usr/bin/grep
[20:34:53] Looking for 'hmmpress' - found /home/diego/miniconda3/envs/prokka_env/bin/hmmpress
[20:34:53] Determined hmmpress version is 3.3
[20:34:53] Looking for 'hmmscan' - found /home/diego/miniconda3/envs/prokka_env/bin/hmmscan
[20:34:53] Determined hmmscan version is 3.3
[20:34:53] Looking for 'java' - found /home/diego/miniconda3/envs/prokka_env/bin/java
[20:34:53] Looking for 'less' - found /usr/bin/less
[20:34:53] Looking for 'makeblastdb' - found /home/diego/miniconda3/envs/prokka_env/bin/makeblastdb
[20:34:53] Determined makeblastdb version is 2.14
[20:34:53] Looking for 'minced' - found /home/diego/miniconda3/envs/prokka_env/bin/minced
[20:34:53] Determined minced version is 4.2
[20:34:53] Looking for 'parallel' - found /home/diego/miniconda3/envs/prokka_env/bin/parallel
[20:34:53] Determined parallel version is 20160622
[20:34:53] Looking for 'prodigal' - found /home/diego/miniconda3/envs/prokka_env/bin/prodigal
[20:34:53] Determined prodigal version is 2.6
[20:34:53] Looking for 'prokka-genbank_to_fasta_db' - found /home/diego/miniconda3/envs/prokka_env/bin/prokka-genbank_to_fasta_db
[20:34:53] Looking for 'rnammer' - found /home/diego/rnammer-1.2.src/rnammer
[20:34:53] Determined rnammer version is 1.2
[20:34:53] Looking for 'sed' - found /usr/bin/sed
[20:34:53] Looking for 'tbl2asn' - found /home/diego/miniconda3/envs/prokka_env/bin/tbl2asn
[20:34:53] Determined tbl2asn version is 25.8
[20:34:53] Using genetic code table 11.
[20:34:53] Loading and checking input file: VFPENVAR.fasta
[20:34:53] Wrote 1 contigs totalling 131963 bp.
[20:34:53] Predicting tRNAs and tmRNAs
[20:34:53] Running: aragorn -l -gc11  -w annotation_prokka\/prokka_VFPENVAR\/prokka_VFPENVAR\.fna
[20:34:53] 1 tRNA-Trp [1186,1258] 34 (cca)
[20:34:53] 2 tRNA-Phe [14286,14358] 34 (gaa)
[20:34:53] 3 tRNA-Gln [20828,20901] 34 (ttg)
[20:34:53] 4 tRNA-Ser [29116,29200] 36 (gct)
[20:34:53] 5 tRNA-Leu [56712,56794] 36 (aag)
[20:34:53] 6 tRNA-Leu [56795,56884] 35 (tag)
[20:34:53] 7 tRNA-Ser [56885,56971] 35 (aga)
[20:34:53] 8 tRNA-Asn c[61638,61709] 33 (gtt)
[20:34:53] 9 tRNA-Cys c[62326,62397] 33 (gca)
[20:34:53] 10 tRNA-Gly c[62397,62469] 34 (gcc)
[20:34:53] 11 tRNA-Val [69341,69412] 33 (tac)
[20:34:53] 12 tRNA-Leu c[72233,72316] 37 (caa)
[20:34:53] 13 tRNA-Ser c[72320,72402] 35 (tga)
[20:34:53] 14 tRNA-Arg [72405,72478] 35 (acg)
[20:34:53] 15 tRNA-Thr [78366,78438] 34 (tgt)
[20:34:53] 16 tRNA-His [78454,78526] 34 (gtg)
[20:34:53] 17 tRNA-Lys c[79399,79472] 35 (ttt)
[20:34:53] 18 tRNA-Val c[80424,80497] 34 (aac)
[20:34:53] 19 tRNA-Arg c[81560,81631] 33 (tct)
[20:34:53] 20 tRNA-Met c[81760,81832] 34 (cat)
[20:34:53] 21 tRNA-Pro [81867,81940] 34 (tgg)
[20:34:53] 22 tRNA-Asp c[90966,91041] 36 (gtc)
[20:34:53] 23 tRNA-Glu c[91041,91113] 34 (ttc)
[20:34:53] 24 tRNA-Ala c[113348,113419] 33 (tgc)
[20:34:53] 25 tRNA-Ile c[117674,117747] 34 (gat)
[20:34:53] 26 tRNA-Met [131721,131792] 34 (cat)
[20:34:53] 27 tRNA-Tyr [131793,131878] 36 (gta)
[20:34:53] 28 tRNA-Gly [131881,131951] 33 (tcc)
[20:34:53] Found 28 tRNAs
[20:34:53] Predicting Ribosomal RNAs
[20:34:53] Running Barrnap with 30 threads
[20:34:53] 1 gnl|Prokka|VFPENVAR_1 114831 23S ribosomal RNA
[20:34:53] 2 gnl|Prokka|VFPENVAR_1 117760 16S ribosomal RNA
[20:34:53] Found 2 rRNAs
[20:34:53] Skipping ncRNA search, enable with --rfam if desired.
[20:34:53] Total of 30 tRNA + rRNA features
[20:34:53] Searching for CRISPR repeats
[20:34:53] Found 0 CRISPRs
[20:34:53] Predicting coding sequences
[20:34:53] Contigs total 131963 bp, so using single mode
[20:34:53] Running: prodigal -i annotation_prokka\/prokka_VFPENVAR\/prokka_VFPENVAR\.fna -c -m -g 11 -p single -f sco -q
[20:34:54] Excluding CDS which overlaps existing RNA (tRNA) at gnl|Prokka|VFPENVAR_1:1..1188 on + strand
[20:34:54] Excluding CDS which overlaps existing RNA (tRNA) at gnl|Prokka|VFPENVAR_1:13864..14295 on + strand
[20:34:54] Excluding CDS which overlaps existing RNA (tRNA) at gnl|Prokka|VFPENVAR_1:29173..29385 on - strand
[20:34:54] Excluding CDS which overlaps existing RNA (tRNA) at gnl|Prokka|VFPENVAR_1:56564..56734 on + strand
[20:34:54] Excluding CDS which overlaps existing RNA (tRNA) at gnl|Prokka|VFPENVAR_1:61409..61645 on + strand
[20:34:54] Excluding CDS which overlaps existing RNA (tRNA) at gnl|Prokka|VFPENVAR_1:61709..62200 on + strand
[20:34:54] Excluding CDS which overlaps existing RNA (tRNA) at gnl|Prokka|VFPENVAR_1:62201..62344 on + strand
[20:34:54] Excluding CDS which overlaps existing RNA (tRNA) at gnl|Prokka|VFPENVAR_1:69376..70188 on + strand
[20:34:54] Excluding CDS which overlaps existing RNA (tRNA) at gnl|Prokka|VFPENVAR_1:71214..72242 on + strand
[20:34:54] Excluding CDS which overlaps existing RNA (tRNA) at gnl|Prokka|VFPENVAR_1:72473..73060 on + strand
[20:34:54] Excluding CDS which overlaps existing RNA (tRNA) at gnl|Prokka|VFPENVAR_1:78095..78376 on + strand
[20:34:54] Excluding CDS which overlaps existing RNA (tRNA) at gnl|Prokka|VFPENVAR_1:78537..79412 on + strand
[20:34:54] Excluding CDS which overlaps existing RNA (tRNA) at gnl|Prokka|VFPENVAR_1:80495..81553 on - strand
[20:34:54] Excluding CDS which overlaps existing RNA (tRNA) at gnl|Prokka|VFPENVAR_1:81643..81786 on + strand
[20:34:54] Excluding CDS which overlaps existing RNA (tRNA) at gnl|Prokka|VFPENVAR_1:81909..82307 on + strand
[20:34:54] Excluding CDS which overlaps existing RNA (tRNA) at gnl|Prokka|VFPENVAR_1:90746..90985 on + strand
[20:34:54] Excluding CDS which overlaps existing RNA (tRNA) at gnl|Prokka|VFPENVAR_1:91112..92302 on - strand
[20:34:54] Excluding CDS which overlaps existing RNA (tRNA) at gnl|Prokka|VFPENVAR_1:112596..113348 on - strand
[20:34:54] Excluding CDS which overlaps existing RNA (rRNA) at gnl|Prokka|VFPENVAR_1:119211..119750 on + strand
[20:34:54] Excluding CDS which overlaps existing RNA (tRNA) at gnl|Prokka|VFPENVAR_1:130671..131738 on + strand
[20:34:54] Found 130 CDS
[20:34:54] Connecting features back to sequences
[20:34:54] Not using genus-specific database. Try --usegenus to enable it.
[20:34:54] Annotating CDS, please be patient.
[20:34:54] Will use 30 CPUs for similarity searching.
[20:34:54] There are still 130 unannotated CDS left (started with 130)
[20:34:54] Will use blast to search against /home/diego/miniconda3/envs/prokka_env/bin/../db/kingdom/Bacteria/sprot with 30 CPUs
[20:34:54] Running: cat annotation_prokka\/prokka_VFPENVAR\/sprot\.faa | parallel --gnu --plain -j 30 --block 603 --recstart '>' --pipe blastp -query - -db /home/diego/miniconda3/envs/prokka_env/bin/../db/kingdom/Bacteria/sprot -evalue 1e-06 -num_threads 1 -num_descriptions 1 -num_alignments 1 -seg no > annotation_prokka\/prokka_VFPENVAR\/sprot\.blast 2> /dev/null
[20:34:54] Deleting unwanted file: annotation_prokka/prokka_VFPENVAR/sprot.faa
[20:34:54] Deleting unwanted file: annotation_prokka/prokka_VFPENVAR/sprot.blast
[20:34:54] There are still 32 unannotated CDS left (started with 130)
[20:34:54] Will use hmmer3 to search against /home/diego/miniconda3/envs/prokka_env/bin/../db/hmm/HAMAP.hmm with 30 CPUs
[20:34:54] Running: cat annotation_prokka\/prokka_VFPENVAR\/HAMAP\.hmm\.faa | parallel --gnu --plain -j 30 --block 79 --recstart '>' --pipe hmmscan --noali --notextw --acc -E 1e-06 --cpu 1 /home/diego/miniconda3/envs/prokka_env/bin/../db/hmm/HAMAP.hmm /dev/stdin > annotation_prokka\/prokka_VFPENVAR\/HAMAP\.hmm\.hmmer3 2> /dev/null
[20:34:54] Deleting unwanted file: annotation_prokka/prokka_VFPENVAR/HAMAP.hmm.faa
[20:34:54] Deleting unwanted file: annotation_prokka/prokka_VFPENVAR/HAMAP.hmm.hmmer3
[20:34:54] Labelling remaining 28 proteins as 'hypothetical protein'
[20:34:54] Possible /pseudo 'Lysine--tRNA ligase' at gnl|Prokka|VFPENVAR_1 position 24488
[20:34:54] Found 101 unique /gene codes.
[20:34:54] Fixed 2 duplicate /gene - lysS_1 lysS_2
[20:34:54] Fixed 1 colliding /gene names.
[20:34:54] Adding /locus_tag identifiers
[20:34:54] Assigned 160 locus_tags to CDS and RNA features.
[20:34:54] Writing outputs to annotation_prokka/prokka_VFPENVAR/
[20:34:54] Generating annotation statistics file
[20:34:54] Generating Genbank and Sequin files
[20:34:54] Running: tbl2asn -V b -a r10k -l paired-ends -M n -N 1 -y 'Annotated using prokka 1.13 from https://github.com/tseemann/prokka' -Z annotation_prokka\/prokka_VFPENVAR\/prokka_VFPENVAR\.err -i annotation_prokka\/prokka_VFPENVAR\/prokka_VFPENVAR\.fsa 2> /dev/null
[20:34:55] Deleting unwanted file: annotation_prokka/prokka_VFPENVAR/errorsummary.val
[20:34:55] Deleting unwanted file: annotation_prokka/prokka_VFPENVAR/prokka_VFPENVAR.dr
[20:34:55] Deleting unwanted file: annotation_prokka/prokka_VFPENVAR/prokka_VFPENVAR.fixedproducts
[20:34:55] Deleting unwanted file: annotation_prokka/prokka_VFPENVAR/prokka_VFPENVAR.ecn
[20:34:55] Deleting unwanted file: annotation_prokka/prokka_VFPENVAR/prokka_VFPENVAR.val
[20:34:55] Repairing broken .GBK output that tbl2asn produces...
[20:34:55] Running: sed 's/COORDINATES: profile/COORDINATES:profile/' < annotation_prokka\/prokka_VFPENVAR\/prokka_VFPENVAR\.gbf > annotation_prokka\/prokka_VFPENVAR\/prokka_VFPENVAR\.gbk
[20:34:55] Deleting unwanted file: annotation_prokka/prokka_VFPENVAR/prokka_VFPENVAR.gbf
[20:34:55] Output files:
[20:34:55] annotation_prokka/prokka_VFPENVAR/prokka_VFPENVAR.tsv
[20:34:55] annotation_prokka/prokka_VFPENVAR/prokka_VFPENVAR.tbl
[20:34:55] annotation_prokka/prokka_VFPENVAR/prokka_VFPENVAR.gbk
[20:34:55] annotation_prokka/prokka_VFPENVAR/prokka_VFPENVAR.txt
[20:34:55] annotation_prokka/prokka_VFPENVAR/prokka_VFPENVAR.log
[20:34:55] annotation_prokka/prokka_VFPENVAR/prokka_VFPENVAR.fna
[20:34:55] annotation_prokka/prokka_VFPENVAR/prokka_VFPENVAR.ffn
[20:34:55] annotation_prokka/prokka_VFPENVAR/prokka_VFPENVAR.faa
[20:34:55] annotation_prokka/prokka_VFPENVAR/prokka_VFPENVAR.err
[20:34:55] annotation_prokka/prokka_VFPENVAR/prokka_VFPENVAR.sqn
[20:34:55] annotation_prokka/prokka_VFPENVAR/prokka_VFPENVAR.fsa
[20:34:55] annotation_prokka/prokka_VFPENVAR/prokka_VFPENVAR.gff
[20:34:55] Annotation finished successfully.
[20:34:55] Walltime used: 0.03 minutes
[20:34:55] If you use this result please cite the Prokka paper:
[20:34:55] Seemann T (2014) Prokka: rapid prokaryotic genome annotation. Bioinformatics. 30(14):2068-9.
[20:34:55] Type 'prokka --citation' for more details.
[20:34:55] Thank you, come again.
