Discrepancy Report Results

Summary
DISC_SOURCE_QUALS_ASNDISC:strain (all present, all unique)
DISC_SOURCE_QUALS_ASNDISC:taxname (all present, all unique)
DISC_FEATURE_COUNT:gene: 179 present
DISC_FEATURE_COUNT:CDS: 146 present
DISC_FEATURE_COUNT:tRNA: 29 present
DISC_FEATURE_COUNT:rRNA: 3 present
DISC_FEATURE_COUNT:tmRNA: 1 present
DISC_COUNT_NUCLEOTIDES:1 nucleotide Bioseqs are present
OVERLAPPING_GENES:50 genes overlap another gene on the same strand.
OVERLAPPING_CDS:2 coding regions overlap another coding region with a similar or identical name.
SUSPECT_PRODUCT_NAMES:1 product_names contain suspect phrase or characters
	May contain database identifier more appropriate in note; remove from product name
		1 features Contains underscore
DISC_QUALITY_SCORES:Quality scores are missing on all sequences.
ONCALLER_COMMENT_PRESENT:1 comment descriptors were found (all same)
SHORT_PROT_SEQUENCES:3 protein sequences are shorter than 50 aa.
MISSING_GENOMEASSEMBLY_COMMENTS:1 bioseqs are missing GenomeAssembly structured comments
MOLTYPE_NOT_MRNA:1 molecule types are not set as mRNA.
TECHNIQUE_NOT_TSA:1 technique are not set as TSA
MISSING_STRUCTURED_COMMENT:1 sequences do not include structured comments.
MISSING_PROJECT:147 sequences do not include project.
DISC_INCONSISTENT_MOLINFO_TECH:Molinfo Technique Report (some missing, all same)


Detailed Report

DiscRep_ALL:DISC_SOURCE_QUALS_ASNDISC::strain (all present, all unique)
DiscRep_SUB:DISC_SOURCE_QUALS_ASNDISC::1 sources have unique values for strain
DiscRep_ALL:DISC_SOURCE_QUALS_ASNDISC::taxname (all present, all unique)
DiscRep_SUB:DISC_SOURCE_QUALS_ASNDISC::1 sources have unique values for taxname
DiscRep_ALL:DISC_FEATURE_COUNT::gene: 179 present
DiscRep_ALL:DISC_FEATURE_COUNT::CDS: 146 present
DiscRep_ALL:DISC_FEATURE_COUNT::tRNA: 29 present
DiscRep_ALL:DISC_FEATURE_COUNT::rRNA: 3 present
DiscRep_ALL:DISC_FEATURE_COUNT::tmRNA: 1 present
DiscRep_ALL:DISC_COUNT_NUCLEOTIDES::1 nucleotide Bioseqs are present
prokka_SMOMMLON/prokka_SMOMMLON:Prokka:SMOMMLON_1 (length 144250)

DiscRep_ALL:OVERLAPPING_GENES::50 genes overlap another gene on the same strand.
prokka_SMOMMLON/prokka_SMOMMLON:Gene	rplI	SMOMMLON_1:c20788-20555	SMOMMLON_00020
prokka_SMOMMLON/prokka_SMOMMLON:Gene	rpsR	SMOMMLON_1:c21066-20785	SMOMMLON_00021
prokka_SMOMMLON/prokka_SMOMMLON:Gene	rpsF	SMOMMLON_1:c21397-21059	SMOMMLON_00022
prokka_SMOMMLON/prokka_SMOMMLON:Gene	rpmA	SMOMMLON_1:c21951-21700	SMOMMLON_00024
prokka_SMOMMLON/prokka_SMOMMLON:Gene	rplU	SMOMMLON_1:c22276-21941	SMOMMLON_00025
prokka_SMOMMLON/prokka_SMOMMLON:Gene	maeB_1	SMOMMLON_1:31239-31412	SMOMMLON_00039
prokka_SMOMMLON/prokka_SMOMMLON:Gene	maeB_2	SMOMMLON_1:31381-31587	SMOMMLON_00040
prokka_SMOMMLON/prokka_SMOMMLON:Gene	iscS	SMOMMLON_1:c39920-38787	SMOMMLON_00050
prokka_SMOMMLON/prokka_SMOMMLON:Gene	tilS	SMOMMLON_1:c40861-39917	SMOMMLON_00051
prokka_SMOMMLON/prokka_SMOMMLON:Gene	mnmE	SMOMMLON_1:c45946-44585	SMOMMLON_00056
prokka_SMOMMLON/prokka_SMOMMLON:Gene	SMOMMLON_00057	SMOMMLON_1:c46775-45939	SMOMMLON_00057
prokka_SMOMMLON/prokka_SMOMMLON:Gene	dnaC	SMOMMLON_1:c48145-46775	SMOMMLON_00058
prokka_SMOMMLON/prokka_SMOMMLON:Gene	grpE	SMOMMLON_1:48194-48754	SMOMMLON_00059
prokka_SMOMMLON/prokka_SMOMMLON:Gene	dnaJ	SMOMMLON_1:48747-49862	SMOMMLON_00060
prokka_SMOMMLON/prokka_SMOMMLON:Gene	rpmI	SMOMMLON_1:c53217-53011	SMOMMLON_00065
prokka_SMOMMLON/prokka_SMOMMLON:Gene	infC	SMOMMLON_1:c53785-53162	SMOMMLON_00066
prokka_SMOMMLON/prokka_SMOMMLON:Gene	rplM	SMOMMLON_1:55791-56192	SMOMMLON_00068
prokka_SMOMMLON/prokka_SMOMMLON:Gene	rpsI	SMOMMLON_1:56192-56584	SMOMMLON_00069
prokka_SMOMMLON/prokka_SMOMMLON:Gene	rpsB	SMOMMLON_1:56596-57309	SMOMMLON_00070
prokka_SMOMMLON/prokka_SMOMMLON:Gene	tsf	SMOMMLON_1:57306-57932	SMOMMLON_00071
prokka_SMOMMLON/prokka_SMOMMLON:Gene	rplK	SMOMMLON_1:72637-73065	SMOMMLON_00092
prokka_SMOMMLON/prokka_SMOMMLON:Gene	rplA	SMOMMLON_1:73058-73696	SMOMMLON_00093
prokka_SMOMMLON/prokka_SMOMMLON:Gene	rplJ	SMOMMLON_1:73707-74243	SMOMMLON_00094
prokka_SMOMMLON/prokka_SMOMMLON:Gene	rplL	SMOMMLON_1:74233-74601	SMOMMLON_00095
prokka_SMOMMLON/prokka_SMOMMLON:Gene	rpmG	SMOMMLON_1:c84612-84427	SMOMMLON_00101
prokka_SMOMMLON/prokka_SMOMMLON:Gene	rpmB	SMOMMLON_1:c84838-84596	SMOMMLON_00102
prokka_SMOMMLON/prokka_SMOMMLON:Gene	leuC	SMOMMLON_1:92300-93712	SMOMMLON_00108
prokka_SMOMMLON/prokka_SMOMMLON:Gene	leuD1	SMOMMLON_1:93699-94283	SMOMMLON_00109
prokka_SMOMMLON/prokka_SMOMMLON:Gene	sufC	SMOMMLON_1:105519-106265	SMOMMLON_00124
prokka_SMOMMLON/prokka_SMOMMLON:Gene	sufD	SMOMMLON_1:106262-107584	SMOMMLON_00125
prokka_SMOMMLON/prokka_SMOMMLON:Gene	sigA	SMOMMLON_1:c113639-112743	SMOMMLON_00134
prokka_SMOMMLON/prokka_SMOMMLON:Gene	pnp	SMOMMLON_1:c115725-113623	SMOMMLON_00135
prokka_SMOMMLON/prokka_SMOMMLON:Gene	SMOMMLON_00136	SMOMMLON_1:c115919-115722	SMOMMLON_00136
prokka_SMOMMLON/prokka_SMOMMLON:Gene	rpsJ	SMOMMLON_1:120293-120589	SMOMMLON_00142
prokka_SMOMMLON/prokka_SMOMMLON:Gene	rplC	SMOMMLON_1:120583-121209	SMOMMLON_00143
prokka_SMOMMLON/prokka_SMOMMLON:Gene	rpsS	SMOMMLON_1:123007-123312	SMOMMLON_00147
prokka_SMOMMLON/prokka_SMOMMLON:Gene	rplV	SMOMMLON_1:123305-123682	SMOMMLON_00148
prokka_SMOMMLON/prokka_SMOMMLON:Gene	rpsC	SMOMMLON_1:123667-124389	SMOMMLON_00149
prokka_SMOMMLON/prokka_SMOMMLON:Gene	rplP	SMOMMLON_1:124367-124771	SMOMMLON_00150
prokka_SMOMMLON/prokka_SMOMMLON:Gene	rpsQ	SMOMMLON_1:124771-125016	SMOMMLON_00151
prokka_SMOMMLON/prokka_SMOMMLON:Gene	SMOMMLON_00153	SMOMMLON_1:125401-125721	SMOMMLON_00153
prokka_SMOMMLON/prokka_SMOMMLON:Gene	rplE	SMOMMLON_1:125718-126275	SMOMMLON_00154
prokka_SMOMMLON/prokka_SMOMMLON:Gene	rpsN2	SMOMMLON_1:126268-126537	SMOMMLON_00155
prokka_SMOMMLON/prokka_SMOMMLON:Gene	SMOMMLON_00161	SMOMMLON_1:128836-128928	SMOMMLON_00161
prokka_SMOMMLON/prokka_SMOMMLON:Gene	infA	SMOMMLON_1:128909-129052	SMOMMLON_00162
prokka_SMOMMLON/prokka_SMOMMLON:Gene	rpsM	SMOMMLON_1:129120-129497	SMOMMLON_00163
prokka_SMOMMLON/prokka_SMOMMLON:Gene	rpsK	SMOMMLON_1:129494-129844	SMOMMLON_00164
prokka_SMOMMLON/prokka_SMOMMLON:Gene	rpoA	SMOMMLON_1:130481-131455	SMOMMLON_00166
prokka_SMOMMLON/prokka_SMOMMLON:Gene	rplQ	SMOMMLON_1:131452-131805	SMOMMLON_00167
prokka_SMOMMLON/prokka_SMOMMLON:Gene	rsmH	SMOMMLON_1:131802-132698	SMOMMLON_00168

DiscRep_ALL:OVERLAPPING_CDS::2 coding regions overlap another coding region with a similar or identical name.
DiscRep_SUB:OVERLAPPING_CDS::2 coding regions overlap another coding region with a similar or identical name that do not have the appropriate note text
prokka_SMOMMLON/prokka_SMOMMLON:CDS	NADP-dependent malic enzyme	SMOMMLON_1:31239-31412	SMOMMLON_00039
prokka_SMOMMLON/prokka_SMOMMLON:CDS	NADP-dependent malic enzyme	SMOMMLON_1:31381-31587	SMOMMLON_00040

DiscRep_ALL:SUSPECT_PRODUCT_NAMES::1 product_names contain suspect phrase or characters
DiscRep_SUB:SUSPECT_PRODUCT_NAMES::May contain database identifier more appropriate in note; remove from product name
DiscRep_SUB:SUSPECT_PRODUCT_NAMES::1 features Contains underscore
prokka_SMOMMLON/prokka_SMOMMLON:CDS	Putative O-methyltransferase/MSMEI_4947	SMOMMLON_1:5975-6598	SMOMMLON_00006

DiscRep_ALL:DISC_QUALITY_SCORES::Quality scores are missing on all sequences.

DiscRep_ALL:ONCALLER_COMMENT_PRESENT::1 comment descriptors were found (all same)
prokka_SMOMMLON/prokka_SMOMMLON:Prokka:SMOMMLON_1:Annotated using prokka 1.13 from https://github.com/tseemann/prokka

DiscRep_ALL:SHORT_PROT_SEQUENCES::3 protein sequences are shorter than 50 aa.
prokka_SMOMMLON/prokka_SMOMMLON:Prokka:SMOMMLON_00030 (length 30)
prokka_SMOMMLON/prokka_SMOMMLON:Prokka:SMOMMLON_00161 (length 30)
prokka_SMOMMLON/prokka_SMOMMLON:Prokka:SMOMMLON_00162 (length 47)

DiscRep_ALL:MISSING_GENOMEASSEMBLY_COMMENTS::1 bioseqs are missing GenomeAssembly structured comments
prokka_SMOMMLON/prokka_SMOMMLON:Prokka:SMOMMLON_1 (length 144250)

DiscRep_ALL:MOLTYPE_NOT_MRNA::1 molecule types are not set as mRNA.
prokka_SMOMMLON/prokka_SMOMMLON:Prokka:SMOMMLON_1 (length 144250)

DiscRep_ALL:TECHNIQUE_NOT_TSA::1 technique are not set as TSA
prokka_SMOMMLON/prokka_SMOMMLON:Prokka:SMOMMLON_1 (length 144250)

DiscRep_ALL:MISSING_STRUCTURED_COMMENT::1 sequences do not include structured comments.
prokka_SMOMMLON/prokka_SMOMMLON:Prokka:SMOMMLON_1 (length 144250)

DiscRep_ALL:MISSING_PROJECT::147 sequences do not include project.
prokka_SMOMMLON/prokka_SMOMMLON:Prokka:SMOMMLON_1 (length 144250)
prokka_SMOMMLON/prokka_SMOMMLON:Prokka:SMOMMLON_00001 (length 221)
prokka_SMOMMLON/prokka_SMOMMLON:Prokka:SMOMMLON_00002 (length 855)
prokka_SMOMMLON/prokka_SMOMMLON:Prokka:SMOMMLON_00003 (length 110)
prokka_SMOMMLON/prokka_SMOMMLON:Prokka:SMOMMLON_00004 (length 367)
prokka_SMOMMLON/prokka_SMOMMLON:Prokka:SMOMMLON_00005 (length 382)
prokka_SMOMMLON/prokka_SMOMMLON:Prokka:SMOMMLON_00006 (length 207)
prokka_SMOMMLON/prokka_SMOMMLON:Prokka:SMOMMLON_00007 (length 394)
prokka_SMOMMLON/prokka_SMOMMLON:Prokka:SMOMMLON_00008 (length 351)
prokka_SMOMMLON/prokka_SMOMMLON:Prokka:SMOMMLON_00009 (length 252)
prokka_SMOMMLON/prokka_SMOMMLON:Prokka:SMOMMLON_00011 (length 1136)
prokka_SMOMMLON/prokka_SMOMMLON:Prokka:SMOMMLON_00013 (length 370)
prokka_SMOMMLON/prokka_SMOMMLON:Prokka:SMOMMLON_00014 (length 410)
prokka_SMOMMLON/prokka_SMOMMLON:Prokka:SMOMMLON_00015 (length 533)
prokka_SMOMMLON/prokka_SMOMMLON:Prokka:SMOMMLON_00016 (length 616)
prokka_SMOMMLON/prokka_SMOMMLON:Prokka:SMOMMLON_00017 (length 133)
prokka_SMOMMLON/prokka_SMOMMLON:Prokka:SMOMMLON_00019 (length 199)
prokka_SMOMMLON/prokka_SMOMMLON:Prokka:SMOMMLON_00020 (length 77)
prokka_SMOMMLON/prokka_SMOMMLON:Prokka:SMOMMLON_00021 (length 93)
prokka_SMOMMLON/prokka_SMOMMLON:Prokka:SMOMMLON_00022 (length 112)
prokka_SMOMMLON/prokka_SMOMMLON:Prokka:SMOMMLON_00024 (length 83)
prokka_SMOMMLON/prokka_SMOMMLON:Prokka:SMOMMLON_00025 (length 111)
prokka_SMOMMLON/prokka_SMOMMLON:Prokka:SMOMMLON_00027 (length 182)
prokka_SMOMMLON/prokka_SMOMMLON:Prokka:SMOMMLON_00028 (length 320)
prokka_SMOMMLON/prokka_SMOMMLON:Prokka:SMOMMLON_00029 (length 580)
prokka_SMOMMLON/prokka_SMOMMLON:Prokka:SMOMMLON_00030 (length 30)
prokka_SMOMMLON/prokka_SMOMMLON:Prokka:SMOMMLON_00033 (length 209)
prokka_SMOMMLON/prokka_SMOMMLON:Prokka:SMOMMLON_00034 (length 256)
prokka_SMOMMLON/prokka_SMOMMLON:Prokka:SMOMMLON_00035 (length 282)
prokka_SMOMMLON/prokka_SMOMMLON:Prokka:SMOMMLON_00036 (length 433)
prokka_SMOMMLON/prokka_SMOMMLON:Prokka:SMOMMLON_00037 (length 382)
prokka_SMOMMLON/prokka_SMOMMLON:Prokka:SMOMMLON_00038 (length 58)
prokka_SMOMMLON/prokka_SMOMMLON:Prokka:SMOMMLON_00039 (length 57)
prokka_SMOMMLON/prokka_SMOMMLON:Prokka:SMOMMLON_00040 (length 68)
prokka_SMOMMLON/prokka_SMOMMLON:Prokka:SMOMMLON_00044 (length 67)
prokka_SMOMMLON/prokka_SMOMMLON:Prokka:SMOMMLON_00045 (length 104)
prokka_SMOMMLON/prokka_SMOMMLON:Prokka:SMOMMLON_00046 (length 438)
prokka_SMOMMLON/prokka_SMOMMLON:Prokka:SMOMMLON_00047 (length 594)
prokka_SMOMMLON/prokka_SMOMMLON:Prokka:SMOMMLON_00049 (length 484)
prokka_SMOMMLON/prokka_SMOMMLON:Prokka:SMOMMLON_00050 (length 377)
prokka_SMOMMLON/prokka_SMOMMLON:Prokka:SMOMMLON_00051 (length 314)
prokka_SMOMMLON/prokka_SMOMMLON:Prokka:SMOMMLON_00054 (length 1103)
prokka_SMOMMLON/prokka_SMOMMLON:Prokka:SMOMMLON_00056 (length 453)
prokka_SMOMMLON/prokka_SMOMMLON:Prokka:SMOMMLON_00057 (length 278)
prokka_SMOMMLON/prokka_SMOMMLON:Prokka:SMOMMLON_00058 (length 456)
prokka_SMOMMLON/prokka_SMOMMLON:Prokka:SMOMMLON_00059 (length 186)
prokka_SMOMMLON/prokka_SMOMMLON:Prokka:SMOMMLON_00060 (length 371)
prokka_SMOMMLON/prokka_SMOMMLON:Prokka:SMOMMLON_00061 (length 394)
prokka_SMOMMLON/prokka_SMOMMLON:Prokka:SMOMMLON_00062 (length 352)
prokka_SMOMMLON/prokka_SMOMMLON:Prokka:SMOMMLON_00063 (length 151)
prokka_SMOMMLON/prokka_SMOMMLON:Prokka:SMOMMLON_00064 (length 115)
prokka_SMOMMLON/prokka_SMOMMLON:Prokka:SMOMMLON_00065 (length 68)
prokka_SMOMMLON/prokka_SMOMMLON:Prokka:SMOMMLON_00066 (length 207)
prokka_SMOMMLON/prokka_SMOMMLON:Prokka:SMOMMLON_00067 (length 623)
prokka_SMOMMLON/prokka_SMOMMLON:Prokka:SMOMMLON_00068 (length 133)
prokka_SMOMMLON/prokka_SMOMMLON:Prokka:SMOMMLON_00069 (length 130)
prokka_SMOMMLON/prokka_SMOMMLON:Prokka:SMOMMLON_00070 (length 237)
prokka_SMOMMLON/prokka_SMOMMLON:Prokka:SMOMMLON_00071 (length 208)
prokka_SMOMMLON/prokka_SMOMMLON:Prokka:SMOMMLON_00074 (length 846)
prokka_SMOMMLON/prokka_SMOMMLON:Prokka:SMOMMLON_00075 (length 403)
prokka_SMOMMLON/prokka_SMOMMLON:Prokka:SMOMMLON_00076 (length 220)
prokka_SMOMMLON/prokka_SMOMMLON:Prokka:SMOMMLON_00077 (length 348)
prokka_SMOMMLON/prokka_SMOMMLON:Prokka:SMOMMLON_00083 (length 426)
prokka_SMOMMLON/prokka_SMOMMLON:Prokka:SMOMMLON_00084 (length 137)
prokka_SMOMMLON/prokka_SMOMMLON:Prokka:SMOMMLON_00085 (length 205)
prokka_SMOMMLON/prokka_SMOMMLON:Prokka:SMOMMLON_00090 (length 395)
prokka_SMOMMLON/prokka_SMOMMLON:Prokka:SMOMMLON_00092 (length 142)
prokka_SMOMMLON/prokka_SMOMMLON:Prokka:SMOMMLON_00093 (length 212)
prokka_SMOMMLON/prokka_SMOMMLON:Prokka:SMOMMLON_00094 (length 178)
prokka_SMOMMLON/prokka_SMOMMLON:Prokka:SMOMMLON_00095 (length 122)
prokka_SMOMMLON/prokka_SMOMMLON:Prokka:SMOMMLON_00096 (length 1231)
prokka_SMOMMLON/prokka_SMOMMLON:Prokka:SMOMMLON_00097 (length 1357)
prokka_SMOMMLON/prokka_SMOMMLON:Prokka:SMOMMLON_00098 (length 250)
prokka_SMOMMLON/prokka_SMOMMLON:Prokka:SMOMMLON_00099 (length 331)
prokka_SMOMMLON/prokka_SMOMMLON:Prokka:SMOMMLON_00101 (length 61)
prokka_SMOMMLON/prokka_SMOMMLON:Prokka:SMOMMLON_00102 (length 80)
prokka_SMOMMLON/prokka_SMOMMLON:Prokka:SMOMMLON_00103 (length 414)
prokka_SMOMMLON/prokka_SMOMMLON:Prokka:SMOMMLON_00104 (length 279)
prokka_SMOMMLON/prokka_SMOMMLON:Prokka:SMOMMLON_00106 (length 420)
prokka_SMOMMLON/prokka_SMOMMLON:Prokka:SMOMMLON_00107 (length 384)
prokka_SMOMMLON/prokka_SMOMMLON:Prokka:SMOMMLON_00108 (length 470)
prokka_SMOMMLON/prokka_SMOMMLON:Prokka:SMOMMLON_00109 (length 194)
prokka_SMOMMLON/prokka_SMOMMLON:Prokka:SMOMMLON_00110 (length 357)
prokka_SMOMMLON/prokka_SMOMMLON:Prokka:SMOMMLON_00111 (length 129)
prokka_SMOMMLON/prokka_SMOMMLON:Prokka:SMOMMLON_00112 (length 331)
prokka_SMOMMLON/prokka_SMOMMLON:Prokka:SMOMMLON_00113 (length 63)
prokka_SMOMMLON/prokka_SMOMMLON:Prokka:SMOMMLON_00114 (length 313)
prokka_SMOMMLON/prokka_SMOMMLON:Prokka:SMOMMLON_00115 (length 460)
prokka_SMOMMLON/prokka_SMOMMLON:Prokka:SMOMMLON_00118 (length 146)
prokka_SMOMMLON/prokka_SMOMMLON:Prokka:SMOMMLON_00119 (length 106)
prokka_SMOMMLON/prokka_SMOMMLON:Prokka:SMOMMLON_00120 (length 546)
prokka_SMOMMLON/prokka_SMOMMLON:Prokka:SMOMMLON_00121 (length 89)
prokka_SMOMMLON/prokka_SMOMMLON:Prokka:SMOMMLON_00122 (length 438)
prokka_SMOMMLON/prokka_SMOMMLON:Prokka:SMOMMLON_00123 (length 472)
prokka_SMOMMLON/prokka_SMOMMLON:Prokka:SMOMMLON_00124 (length 248)
prokka_SMOMMLON/prokka_SMOMMLON:Prokka:SMOMMLON_00125 (length 440)
prokka_SMOMMLON/prokka_SMOMMLON:Prokka:SMOMMLON_00126 (length 408)
prokka_SMOMMLON/prokka_SMOMMLON:Prokka:SMOMMLON_00127 (length 562)
prokka_SMOMMLON/prokka_SMOMMLON:Prokka:SMOMMLON_00128 (length 80)
prokka_SMOMMLON/prokka_SMOMMLON:Prokka:SMOMMLON_00130 (length 88)
prokka_SMOMMLON/prokka_SMOMMLON:Prokka:SMOMMLON_00132 (length 60)
prokka_SMOMMLON/prokka_SMOMMLON:Prokka:SMOMMLON_00133 (length 328)
prokka_SMOMMLON/prokka_SMOMMLON:Prokka:SMOMMLON_00134 (length 298)
prokka_SMOMMLON/prokka_SMOMMLON:Prokka:SMOMMLON_00135 (length 700)
prokka_SMOMMLON/prokka_SMOMMLON:Prokka:SMOMMLON_00136 (length 65)
prokka_SMOMMLON/prokka_SMOMMLON:Prokka:SMOMMLON_00137 (length 98)
prokka_SMOMMLON/prokka_SMOMMLON:Prokka:SMOMMLON_00138 (length 334)
prokka_SMOMMLON/prokka_SMOMMLON:Prokka:SMOMMLON_00139 (length 126)
prokka_SMOMMLON/prokka_SMOMMLON:Prokka:SMOMMLON_00140 (length 156)
prokka_SMOMMLON/prokka_SMOMMLON:Prokka:SMOMMLON_00141 (length 694)
prokka_SMOMMLON/prokka_SMOMMLON:Prokka:SMOMMLON_00142 (length 98)
prokka_SMOMMLON/prokka_SMOMMLON:Prokka:SMOMMLON_00143 (length 208)
prokka_SMOMMLON/prokka_SMOMMLON:Prokka:SMOMMLON_00144 (length 215)
prokka_SMOMMLON/prokka_SMOMMLON:Prokka:SMOMMLON_00145 (length 99)
prokka_SMOMMLON/prokka_SMOMMLON:Prokka:SMOMMLON_00146 (length 275)
prokka_SMOMMLON/prokka_SMOMMLON:Prokka:SMOMMLON_00147 (length 101)
prokka_SMOMMLON/prokka_SMOMMLON:Prokka:SMOMMLON_00148 (length 125)
prokka_SMOMMLON/prokka_SMOMMLON:Prokka:SMOMMLON_00149 (length 240)
prokka_SMOMMLON/prokka_SMOMMLON:Prokka:SMOMMLON_00150 (length 134)
prokka_SMOMMLON/prokka_SMOMMLON:Prokka:SMOMMLON_00151 (length 81)
prokka_SMOMMLON/prokka_SMOMMLON:Prokka:SMOMMLON_00152 (length 122)
prokka_SMOMMLON/prokka_SMOMMLON:Prokka:SMOMMLON_00153 (length 106)
prokka_SMOMMLON/prokka_SMOMMLON:Prokka:SMOMMLON_00154 (length 185)
prokka_SMOMMLON/prokka_SMOMMLON:Prokka:SMOMMLON_00155 (length 89)
prokka_SMOMMLON/prokka_SMOMMLON:Prokka:SMOMMLON_00156 (length 129)
prokka_SMOMMLON/prokka_SMOMMLON:Prokka:SMOMMLON_00157 (length 185)
prokka_SMOMMLON/prokka_SMOMMLON:Prokka:SMOMMLON_00158 (length 98)
prokka_SMOMMLON/prokka_SMOMMLON:Prokka:SMOMMLON_00159 (length 159)
prokka_SMOMMLON/prokka_SMOMMLON:Prokka:SMOMMLON_00160 (length 150)
prokka_SMOMMLON/prokka_SMOMMLON:Prokka:SMOMMLON_00161 (length 30)
prokka_SMOMMLON/prokka_SMOMMLON:Prokka:SMOMMLON_00162 (length 47)
prokka_SMOMMLON/prokka_SMOMMLON:Prokka:SMOMMLON_00163 (length 125)
prokka_SMOMMLON/prokka_SMOMMLON:Prokka:SMOMMLON_00164 (length 116)
prokka_SMOMMLON/prokka_SMOMMLON:Prokka:SMOMMLON_00165 (length 200)
prokka_SMOMMLON/prokka_SMOMMLON:Prokka:SMOMMLON_00166 (length 324)
prokka_SMOMMLON/prokka_SMOMMLON:Prokka:SMOMMLON_00167 (length 117)
prokka_SMOMMLON/prokka_SMOMMLON:Prokka:SMOMMLON_00168 (length 298)
prokka_SMOMMLON/prokka_SMOMMLON:Prokka:SMOMMLON_00169 (length 542)
prokka_SMOMMLON/prokka_SMOMMLON:Prokka:SMOMMLON_00170 (length 487)
prokka_SMOMMLON/prokka_SMOMMLON:Prokka:SMOMMLON_00172 (length 414)
prokka_SMOMMLON/prokka_SMOMMLON:Prokka:SMOMMLON_00173 (length 359)
prokka_SMOMMLON/prokka_SMOMMLON:Prokka:SMOMMLON_00174 (length 138)
prokka_SMOMMLON/prokka_SMOMMLON:Prokka:SMOMMLON_00175 (length 96)
prokka_SMOMMLON/prokka_SMOMMLON:Prokka:SMOMMLON_00176 (length 344)
prokka_SMOMMLON/prokka_SMOMMLON:Prokka:SMOMMLON_00177 (length 78)
prokka_SMOMMLON/prokka_SMOMMLON:Prokka:SMOMMLON_00178 (length 558)
prokka_SMOMMLON/prokka_SMOMMLON:Prokka:SMOMMLON_00179 (length 571)

DiscRep_ALL:DISC_INCONSISTENT_MOLINFO_TECH::Molinfo Technique Report (some missing, all same)
DiscRep_SUB:DISC_INCONSISTENT_MOLINFO_TECH::technique (all missing)
DiscRep_SUB:DISC_INCONSISTENT_MOLINFO_TECH::1 Molinfos are missing field technique
prokka_SMOMMLON/prokka_SMOMMLON:Prokka:SMOMMLON_1 (length 144250)

