[13:49:53] This is prokka 1.14.6
[13:49:53] Written by Torsten Seemann <torsten.seemann@gmail.com>
[13:49:53] Homepage is https://github.com/tseemann/prokka
[13:49:53] Local time is Thu Nov 10 13:49:53 2022
[13:49:53] You are diego
[13:49:53] Operating system is linux
[13:49:53] You have BioPerl 1.007002
[13:49:53] System has 12 cores.
[13:49:53] Will use maximum of 8 cores.
[13:49:53] Annotating as >>> Bacteria <<<
[13:49:53] Creating new output folder: prokka_VFSTEMIN
[13:49:53] Running: mkdir -p prokka_VFSTEMIN
[13:49:53] Using filename prefix: VFSTEMIN.XXX
[13:49:53] Setting HMMER_NCPU=1
[13:49:53] Writing log to: prokka_VFSTEMIN/VFSTEMIN.log
[13:49:53] Command: /home/diego/miniconda3/envs/prokka_env/bin/prokka VFSTEMIN.fasta --prefix VFSTEMIN --outdir prokka_VFSTEMIN --cpus 8 --locustag VFSTEMIN
[13:49:53] Appending to PATH: /home/diego/miniconda3/envs/prokka_env/bin
[13:49:53] Looking for 'aragorn' - found /home/diego/miniconda3/envs/prokka_env/bin/aragorn
[13:49:53] Determined aragorn version is 001002 from 'ARAGORN v1.2.38 Dean Laslett'
[13:49:53] Looking for 'barrnap' - found /home/diego/miniconda3/envs/prokka_env/bin/barrnap
[13:49:53] Determined barrnap version is 000009 from 'barrnap 0.9'
[13:49:53] Looking for 'blastp' - found /home/diego/miniconda3/envs/prokka_env/bin/blastp
[13:49:53] Determined blastp version is 002010 from 'blastp: 2.10.1+'
[13:49:53] Looking for 'cmpress' - found /home/diego/miniconda3/envs/prokka_env/bin/cmpress
[13:49:53] Determined cmpress version is 001001 from '# INFERNAL 1.1.3 (Nov 2019)'
[13:49:53] Looking for 'cmscan' - found /home/diego/miniconda3/envs/prokka_env/bin/cmscan
[13:49:53] Determined cmscan version is 001001 from '# INFERNAL 1.1.3 (Nov 2019)'
[13:49:53] Looking for 'egrep' - found /usr/bin/egrep
[13:49:53] Looking for 'find' - found /usr/bin/find
[13:49:53] Looking for 'grep' - found /usr/bin/grep
[13:49:53] Looking for 'hmmpress' - found /home/diego/miniconda3/envs/prokka_env/bin/hmmpress
[13:49:53] Determined hmmpress version is 003003 from '# HMMER 3.3.2 (Nov 2020); http://hmmer.org/'
[13:49:53] Looking for 'hmmscan' - found /home/diego/miniconda3/envs/prokka_env/bin/hmmscan
[13:49:53] Determined hmmscan version is 003003 from '# HMMER 3.3.2 (Nov 2020); http://hmmer.org/'
[13:49:53] Looking for 'java' - found /home/diego/miniconda3/envs/prokka_env/bin/java
[13:49:53] Looking for 'makeblastdb' - found /home/diego/miniconda3/envs/prokka_env/bin/makeblastdb
[13:49:53] Determined makeblastdb version is 002010 from 'makeblastdb: 2.10.1+'
[13:49:53] Looking for 'minced' - found /home/diego/miniconda3/envs/prokka_env/bin/minced
[13:49:54] Determined minced version is 004002 from 'minced 0.4.2'
[13:49:54] Looking for 'parallel' - found /home/diego/miniconda3/envs/prokka_env/bin/parallel
[13:49:54] Determined parallel version is 20201122 from 'GNU parallel 20201122'
[13:49:54] Looking for 'prodigal' - found /home/diego/miniconda3/envs/prokka_env/bin/prodigal
[13:49:54] Determined prodigal version is 002006 from 'Prodigal V2.6.3: February, 2016'
[13:49:54] Looking for 'prokka-genbank_to_fasta_db' - found /home/diego/miniconda3/envs/prokka_env/bin/prokka-genbank_to_fasta_db
[13:49:54] Looking for 'rnammer' - found /home/diego/rnammer-1.2.src/rnammer
[13:49:54] Determined rnammer version is 001002 from 'This rnammer 1.2, running from '/home/diego/rnammer-1.2.src/''
[13:49:54] Looking for 'sed' - found /usr/bin/sed
[13:49:54] Looking for 'tbl2asn' - found /home/diego/tbl2asn
[13:49:54] Determined tbl2asn version is 025008 from 'tbl2asn 25.8   arguments:'
[13:49:54] Using genetic code table 11.
[13:49:54] Loading and checking input file: VFSTEMIN.fasta
[13:49:54] Wrote 1 contigs totalling 97122 bp.
[13:49:54] Predicting tRNAs and tmRNAs
[13:49:54] Running: aragorn -l -gc11  -w prokka_VFSTEMIN\/VFSTEMIN\.fna
[13:49:54] 1 tmRNA* c[27478,27961] 364,393 VHNLAQYFF*
[13:49:54] 2 tRNA-Thr c[57037,57105] 32 (ggt)
[13:49:54] 3 tRNA-Met c[57229,57302] 34 (cat)
[13:49:54] 4 tRNA-Ala c[83544,83615] 33 (tgc)
[13:49:54] Found 4 tRNAs
[13:49:54] Predicting Ribosomal RNAs
[13:49:54] Running Barrnap with 8 threads
[13:49:54] 1 VFSTEMIN 80594 23S ribosomal RNA
[13:49:54] 2 VFSTEMIN 83645 16S ribosomal RNA
[13:49:54] Found 2 rRNAs
[13:49:54] Skipping ncRNA search, enable with --rfam if desired.
[13:49:54] Total of 5 tRNA + rRNA features
[13:49:54] Searching for CRISPR repeats
[13:49:54] Found 0 CRISPRs
[13:49:54] Predicting coding sequences
[13:49:54] Contigs total 97122 bp, so using meta mode
[13:49:54] Running: prodigal -i prokka_VFSTEMIN\/VFSTEMIN\.fna -c -m -g 11 -p meta -f sco -q
[13:49:55] Excluding CDS which overlaps existing RNA (rRNA) at VFSTEMIN:81069..81167 on - strand
[13:49:55] Found 115 CDS
[13:49:55] Connecting features back to sequences
[13:49:55] Not using genus-specific database. Try --usegenus to enable it.
[13:49:55] Annotating CDS, please be patient.
[13:49:55] Will use 8 CPUs for similarity searching.
[13:49:55] There are still 115 unannotated CDS left (started with 115)
[13:49:55] Will use blast to search against /home/diego/miniconda3/envs/prokka_env/db/kingdom/Bacteria/IS with 8 CPUs
[13:49:55] Running: cat prokka_VFSTEMIN\/VFSTEMIN\.IS\.tmp\.135003\.faa | parallel --gnu --plain -j 8 --block 1891 --recstart '>' --pipe blastp -query - -db /home/diego/miniconda3/envs/prokka_env/db/kingdom/Bacteria/IS -evalue 1e-30 -qcov_hsp_perc 90 -num_threads 1 -num_descriptions 1 -num_alignments 1 -seg no > prokka_VFSTEMIN\/VFSTEMIN\.IS\.tmp\.135003\.blast 2> /dev/null
[13:49:56] Deleting unwanted file: prokka_VFSTEMIN/VFSTEMIN.IS.tmp.135003.faa
[13:49:56] Deleting unwanted file: prokka_VFSTEMIN/VFSTEMIN.IS.tmp.135003.blast
[13:49:56] There are still 115 unannotated CDS left (started with 115)
[13:49:56] Will use blast to search against /home/diego/miniconda3/envs/prokka_env/db/kingdom/Bacteria/AMR with 8 CPUs
[13:49:56] Running: cat prokka_VFSTEMIN\/VFSTEMIN\.AMR\.tmp\.135003\.faa | parallel --gnu --plain -j 8 --block 1891 --recstart '>' --pipe blastp -query - -db /home/diego/miniconda3/envs/prokka_env/db/kingdom/Bacteria/AMR -evalue 9.99999999999999e-301 -qcov_hsp_perc 90 -num_threads 1 -num_descriptions 1 -num_alignments 1 -seg no > prokka_VFSTEMIN\/VFSTEMIN\.AMR\.tmp\.135003\.blast 2> /dev/null
[13:49:56] Deleting unwanted file: prokka_VFSTEMIN/VFSTEMIN.AMR.tmp.135003.faa
[13:49:56] Deleting unwanted file: prokka_VFSTEMIN/VFSTEMIN.AMR.tmp.135003.blast
[13:49:56] There are still 115 unannotated CDS left (started with 115)
[13:49:56] Will use blast to search against /home/diego/miniconda3/envs/prokka_env/db/kingdom/Bacteria/sprot with 8 CPUs
[13:49:56] Running: cat prokka_VFSTEMIN\/VFSTEMIN\.sprot\.tmp\.135003\.faa | parallel --gnu --plain -j 8 --block 1891 --recstart '>' --pipe blastp -query - -db /home/diego/miniconda3/envs/prokka_env/db/kingdom/Bacteria/sprot -evalue 1e-09 -qcov_hsp_perc 80 -num_threads 1 -num_descriptions 1 -num_alignments 1 -seg no > prokka_VFSTEMIN\/VFSTEMIN\.sprot\.tmp\.135003\.blast 2> /dev/null
[13:49:59] Deleting unwanted file: prokka_VFSTEMIN/VFSTEMIN.sprot.tmp.135003.faa
[13:49:59] Deleting unwanted file: prokka_VFSTEMIN/VFSTEMIN.sprot.tmp.135003.blast
[13:49:59] There are still 57 unannotated CDS left (started with 115)
[13:49:59] Will use hmmer3 to search against /home/diego/miniconda3/envs/prokka_env/db/hmm/HAMAP.hmm with 8 CPUs
[13:49:59] Running: cat prokka_VFSTEMIN\/VFSTEMIN\.HAMAP\.hmm\.tmp\.135003\.faa | parallel --gnu --plain -j 8 --block 667 --recstart '>' --pipe hmmscan --noali --notextw --acc -E 1e-09 --cpu 1 /home/diego/miniconda3/envs/prokka_env/db/hmm/HAMAP.hmm /dev/stdin > prokka_VFSTEMIN\/VFSTEMIN\.HAMAP\.hmm\.tmp\.135003\.hmmer3 2> /dev/null
[13:49:59] Deleting unwanted file: prokka_VFSTEMIN/VFSTEMIN.HAMAP.hmm.tmp.135003.faa
[13:49:59] Deleting unwanted file: prokka_VFSTEMIN/VFSTEMIN.HAMAP.hmm.tmp.135003.hmmer3
[13:49:59] Labelling remaining 42 proteins as 'hypothetical protein'
[13:49:59] Found 72 unique /gene codes.
[13:49:59] Fixed 2 duplicate /gene - prfA_1 prfA_2
[13:49:59] Fixed 1 colliding /gene names.
[13:49:59] Adding /locus_tag identifiers
[13:49:59] Assigned 121 locus_tags to CDS and RNA features.
[13:49:59] Writing outputs to prokka_VFSTEMIN/
[13:50:00] Generating annotation statistics file
[13:50:00] Generating Genbank and Sequin files
[13:50:00] Running: tbl2asn -V b -a r10k -l paired-ends -M n -N 1 -y 'Annotated using prokka 1.14.6 from https://github.com/tseemann/prokka' -Z prokka_VFSTEMIN\/VFSTEMIN\.err -i prokka_VFSTEMIN\/VFSTEMIN\.fsa 2> /dev/null
[13:50:00] Deleting unwanted file: prokka_VFSTEMIN/errorsummary.val
[13:50:00] Deleting unwanted file: prokka_VFSTEMIN/VFSTEMIN.dr
[13:50:00] Deleting unwanted file: prokka_VFSTEMIN/VFSTEMIN.fixedproducts
[13:50:00] Deleting unwanted file: prokka_VFSTEMIN/VFSTEMIN.ecn
[13:50:00] Deleting unwanted file: prokka_VFSTEMIN/VFSTEMIN.val
[13:50:00] Repairing broken .GBK output that tbl2asn produces...
[13:50:00] Running: sed 's/COORDINATES: profile/COORDINATES:profile/' < prokka_VFSTEMIN\/VFSTEMIN\.gbf > prokka_VFSTEMIN\/VFSTEMIN\.gbk
[13:50:00] Deleting unwanted file: prokka_VFSTEMIN/VFSTEMIN.gbf
[13:50:00] Output files:
[13:50:00] prokka_VFSTEMIN/VFSTEMIN.fna
[13:50:00] prokka_VFSTEMIN/VFSTEMIN.sqn
[13:50:00] prokka_VFSTEMIN/VFSTEMIN.gff
[13:50:00] prokka_VFSTEMIN/VFSTEMIN.err
[13:50:00] prokka_VFSTEMIN/VFSTEMIN.fsa
[13:50:00] prokka_VFSTEMIN/VFSTEMIN.log
[13:50:00] prokka_VFSTEMIN/VFSTEMIN.txt
[13:50:00] prokka_VFSTEMIN/VFSTEMIN.gbk
[13:50:00] prokka_VFSTEMIN/VFSTEMIN.faa
[13:50:00] prokka_VFSTEMIN/VFSTEMIN.tsv
[13:50:00] prokka_VFSTEMIN/VFSTEMIN.ffn
[13:50:00] prokka_VFSTEMIN/VFSTEMIN.tbl
[13:50:00] Annotation finished successfully.
[13:50:00] Walltime used: 0.12 minutes
[13:50:00] If you use this result please cite the Prokka paper:
[13:50:00] Seemann T (2014) Prokka: rapid prokaryotic genome annotation. Bioinformatics. 30(14):2068-9.
[13:50:00] Type 'prokka --citation' for more details.
[13:50:00] Share and enjoy!
