[20:34:47] This is prokka 1.13
[20:34:47] Written by Torsten Seemann <torsten.seemann@gmail.com>
[20:34:47] Homepage is https://github.com/tseemann/prokka
[20:34:47] Local time is Tue Nov  7 20:34:47 2023
[20:34:47] You are diego
[20:34:47] Operating system is linux
[20:34:47] You have BioPerl 1.007002
[20:34:47] System has 32 cores.
[20:34:47] Will use maximum of 30 cores.
[20:34:47] Annotating as >>> Bacteria <<<
[20:34:47] Enabling options to ensure Genbank/ENA/DDJB submission compliance.
[20:34:47] Re-using existing --outdir annotation_prokka/prokka_VFPARIOC
[20:34:47] Using filename prefix: prokka_VFPARIOC.XXX
[20:34:47] Setting HMMER_NCPU=1
[20:34:47] Writing log to: annotation_prokka/prokka_VFPARIOC/prokka_VFPARIOC.log
[20:34:47] Command: /home/diego/miniconda3/envs/prokka_env/bin/prokka VFPARIOC.fasta --prefix prokka_VFPARIOC --outdir annotation_prokka/prokka_VFPARIOC --cpus 30 --locustag VFPARIOC --gcode 11 --force --compliant
[20:34:47] Appending to PATH: /home/diego/miniconda3/envs/prokka_env/bin
[20:34:47] Looking for 'aragorn' - found /home/diego/miniconda3/envs/prokka_env/bin/aragorn
[20:34:47] Determined aragorn version is 1.2
[20:34:47] Looking for 'barrnap' - found /home/diego/miniconda3/envs/prokka_env/bin/barrnap
[20:34:47] Determined barrnap version is 0.9
[20:34:47] Looking for 'blastp' - found /home/diego/miniconda3/envs/prokka_env/bin/blastp
[20:34:47] Determined blastp version is 2.14
[20:34:47] Looking for 'cmpress' - found /home/diego/miniconda3/envs/prokka_env/bin/cmpress
[20:34:47] Determined cmpress version is 1.1
[20:34:47] Looking for 'cmscan' - found /home/diego/miniconda3/envs/prokka_env/bin/cmscan
[20:34:47] Determined cmscan version is 1.1
[20:34:47] Looking for 'egrep' - found /usr/bin/egrep
[20:34:47] Looking for 'find' - found /usr/bin/find
[20:34:47] Looking for 'grep' - found /usr/bin/grep
[20:34:47] Looking for 'hmmpress' - found /home/diego/miniconda3/envs/prokka_env/bin/hmmpress
[20:34:47] Determined hmmpress version is 3.3
[20:34:47] Looking for 'hmmscan' - found /home/diego/miniconda3/envs/prokka_env/bin/hmmscan
[20:34:47] Determined hmmscan version is 3.3
[20:34:47] Looking for 'java' - found /home/diego/miniconda3/envs/prokka_env/bin/java
[20:34:47] Looking for 'less' - found /usr/bin/less
[20:34:47] Looking for 'makeblastdb' - found /home/diego/miniconda3/envs/prokka_env/bin/makeblastdb
[20:34:47] Determined makeblastdb version is 2.14
[20:34:47] Looking for 'minced' - found /home/diego/miniconda3/envs/prokka_env/bin/minced
[20:34:47] Determined minced version is 4.2
[20:34:47] Looking for 'parallel' - found /home/diego/miniconda3/envs/prokka_env/bin/parallel
[20:34:47] Determined parallel version is 20160622
[20:34:47] Looking for 'prodigal' - found /home/diego/miniconda3/envs/prokka_env/bin/prodigal
[20:34:47] Determined prodigal version is 2.6
[20:34:47] Looking for 'prokka-genbank_to_fasta_db' - found /home/diego/miniconda3/envs/prokka_env/bin/prokka-genbank_to_fasta_db
[20:34:47] Looking for 'rnammer' - found /home/diego/rnammer-1.2.src/rnammer
[20:34:47] Determined rnammer version is 1.2
[20:34:47] Looking for 'sed' - found /usr/bin/sed
[20:34:47] Looking for 'tbl2asn' - found /home/diego/miniconda3/envs/prokka_env/bin/tbl2asn
[20:34:47] Determined tbl2asn version is 25.8
[20:34:47] Using genetic code table 11.
[20:34:47] Loading and checking input file: VFPARIOC.fasta
[20:34:47] Wrote 1 contigs totalling 125205 bp.
[20:34:47] Predicting tRNAs and tmRNAs
[20:34:47] Running: aragorn -l -gc11  -w annotation_prokka\/prokka_VFPARIOC\/prokka_VFPARIOC\.fna
[20:34:47] 1 tRNA-Trp [1178,1250] 34 (cca)
[20:34:47] 2 tRNA-Phe [14243,14315] 34 (gaa)
[20:34:47] 3 tRNA-Gln [22466,22537] 34 (ttg)
[20:34:47] 4 tRNA-Ser [30618,30703] 36 (gct)
[20:34:47] 5 tRNA-Met [49233,49304] 33 (cat)
[20:34:47] 6 tRNA-Leu [52411,52483] 34 (tag)
[20:34:47] 7 tRNA-Ser [52486,52573] 36 (aga)
[20:34:47] 8 tRNA-Asn c[57165,57236] 33 (gtt)
[20:34:47] 9 tRNA-Cys c[57335,57408] 34 (gca)
[20:34:47] 10 tRNA-Gly c[57408,57481] 34 (gcc)
[20:34:47] 11 tRNA-Val [64288,64360] 34 (tac)
[20:34:47] 12 tRNA-Leu c[66140,66220] 35 (caa)
[20:34:47] 13 tRNA-Ser c[66220,66302] 35 (tga)
[20:34:47] 14 tRNA-Arg [66303,66374] 33 (acg)
[20:34:47] 15 tRNA-Thr [72230,72300] 33 (tgt)
[20:34:47] 16 tRNA-His [72303,72373] 33 (gtg)
[20:34:47] 17 tRNA-Lys c[73193,73267] 35 (ttt)
[20:34:47] 18 tRNA-Val c[74191,74263] 34 (aac)
[20:34:47] 19 tRNA-Arg c[75328,75401] 35 (tct)
[20:34:47] 20 tRNA-Met c[75523,75594] 33 (cat)
[20:34:47] 21 tRNA-Pro [75631,75704] 34 (tgg)
[20:34:47] 22 tRNA-Asp c[84820,84893] 35 (gtc)
[20:34:47] 23 tRNA-Glu c[84894,84965] 34 (ttc)
[20:34:47] 24 tRNA-Ala c[107229,107300] 33 (tgc)
[20:34:47] 25 tRNA-Ile c[111415,111486] 33 (gat)
[20:34:47] 26 tRNA-Met [124965,125036] 34 (cat)
[20:34:47] 27 tRNA-Tyr [125040,125125] 35 (gta)
[20:34:47] 28 tRNA-Gly [125126,125196] 33 (tcc)
[20:34:47] Found 28 tRNAs
[20:34:47] Predicting Ribosomal RNAs
[20:34:47] Running Barrnap with 30 threads
[20:34:48] 1 gnl|Prokka|VFPARIOC_1 108637 23S ribosomal RNA
[20:34:48] 2 gnl|Prokka|VFPARIOC_1 111509 16S ribosomal RNA
[20:34:48] Found 2 rRNAs
[20:34:48] Skipping ncRNA search, enable with --rfam if desired.
[20:34:48] Total of 30 tRNA + rRNA features
[20:34:48] Searching for CRISPR repeats
[20:34:48] Found 0 CRISPRs
[20:34:48] Predicting coding sequences
[20:34:48] Contigs total 125205 bp, so using single mode
[20:34:48] Running: prodigal -i annotation_prokka\/prokka_VFPARIOC\/prokka_VFPARIOC\.fna -c -m -g 11 -p single -f sco -q
[20:34:48] Excluding CDS which overlaps existing RNA (tRNA) at gnl|Prokka|VFPARIOC_1:1..1188 on + strand
[20:34:48] Excluding CDS which overlaps existing RNA (tRNA) at gnl|Prokka|VFPARIOC_1:13845..14252 on + strand
[20:34:48] Excluding CDS which overlaps existing RNA (tRNA) at gnl|Prokka|VFPARIOC_1:14285..14698 on + strand
[20:34:48] Excluding CDS which overlaps existing RNA (tRNA) at gnl|Prokka|VFPARIOC_1:20941..22479 on - strand
[20:34:48] Excluding CDS which overlaps existing RNA (tRNA) at gnl|Prokka|VFPARIOC_1:28535..30628 on + strand
[20:34:48] Excluding CDS which overlaps existing RNA (tRNA) at gnl|Prokka|VFPARIOC_1:30694..30882 on - strand
[20:34:48] Excluding CDS which overlaps existing RNA (tRNA) at gnl|Prokka|VFPARIOC_1:48013..49242 on + strand
[20:34:48] Excluding CDS which overlaps existing RNA (tRNA) at gnl|Prokka|VFPARIOC_1:52571..53320 on + strand
[20:34:48] Excluding CDS which overlaps existing RNA (tRNA) at gnl|Prokka|VFPARIOC_1:57466..57804 on - strand
[20:34:48] Excluding CDS which overlaps existing RNA (tRNA) at gnl|Prokka|VFPARIOC_1:63131..64297 on + strand
[20:34:48] Excluding CDS which overlaps existing RNA (tRNA) at gnl|Prokka|VFPARIOC_1:65087..66172 on + strand
[20:34:48] Excluding CDS which overlaps existing RNA (tRNA) at gnl|Prokka|VFPARIOC_1:71973..72239 on + strand
[20:34:48] Excluding CDS which overlaps existing RNA (tRNA) at gnl|Prokka|VFPARIOC_1:72375..73196 on + strand
[20:34:48] Excluding CDS which overlaps existing RNA (tRNA) at gnl|Prokka|VFPARIOC_1:74263..75321 on - strand
[20:34:48] Excluding CDS which overlaps existing RNA (tRNA) at gnl|Prokka|VFPARIOC_1:84964..86274 on + strand
[20:34:48] Excluding CDS which overlaps existing RNA (rRNA) at gnl|Prokka|VFPARIOC_1:108798..109307 on + strand
[20:34:48] Excluding CDS which overlaps existing RNA (tRNA) at gnl|Prokka|VFPARIOC_1:123966..124988 on + strand
[20:34:48] Found 124 CDS
[20:34:48] Connecting features back to sequences
[20:34:48] Not using genus-specific database. Try --usegenus to enable it.
[20:34:48] Annotating CDS, please be patient.
[20:34:48] Will use 30 CPUs for similarity searching.
[20:34:48] There are still 124 unannotated CDS left (started with 124)
[20:34:48] Will use blast to search against /home/diego/miniconda3/envs/prokka_env/bin/../db/kingdom/Bacteria/sprot with 30 CPUs
[20:34:48] Running: cat annotation_prokka\/prokka_VFPARIOC\/sprot\.faa | parallel --gnu --plain -j 30 --block 570 --recstart '>' --pipe blastp -query - -db /home/diego/miniconda3/envs/prokka_env/bin/../db/kingdom/Bacteria/sprot -evalue 1e-06 -num_threads 1 -num_descriptions 1 -num_alignments 1 -seg no > annotation_prokka\/prokka_VFPARIOC\/sprot\.blast 2> /dev/null
[20:34:48] Modify product: Uncharacterized RNA pseudouridine synthase HP_0347 => putative RNA pseudouridine synthase
[20:34:48] Cleaned 1 /product names
[20:34:48] Deleting unwanted file: annotation_prokka/prokka_VFPARIOC/sprot.faa
[20:34:48] Deleting unwanted file: annotation_prokka/prokka_VFPARIOC/sprot.blast
[20:34:48] There are still 30 unannotated CDS left (started with 124)
[20:34:48] Will use hmmer3 to search against /home/diego/miniconda3/envs/prokka_env/bin/../db/hmm/HAMAP.hmm with 30 CPUs
[20:34:48] Running: cat annotation_prokka\/prokka_VFPARIOC\/HAMAP\.hmm\.faa | parallel --gnu --plain -j 30 --block 78 --recstart '>' --pipe hmmscan --noali --notextw --acc -E 1e-06 --cpu 1 /home/diego/miniconda3/envs/prokka_env/bin/../db/hmm/HAMAP.hmm /dev/stdin > annotation_prokka\/prokka_VFPARIOC\/HAMAP\.hmm\.hmmer3 2> /dev/null
[20:34:49] Deleting unwanted file: annotation_prokka/prokka_VFPARIOC/HAMAP.hmm.faa
[20:34:49] Deleting unwanted file: annotation_prokka/prokka_VFPARIOC/HAMAP.hmm.hmmer3
[20:34:49] Labelling remaining 25 proteins as 'hypothetical protein'
[20:34:49] Possible /pseudo 'tRNA-specific 2-thiouridylase MnmA' at gnl|Prokka|VFPARIOC_1 position 98410
[20:34:49] Found 97 unique /gene codes.
[20:34:49] Fixed 2 duplicate /gene - mnmA_1 mnmA_2
[20:34:49] Fixed 1 colliding /gene names.
[20:34:49] Adding /locus_tag identifiers
[20:34:49] Assigned 154 locus_tags to CDS and RNA features.
[20:34:49] Writing outputs to annotation_prokka/prokka_VFPARIOC/
[20:34:49] Generating annotation statistics file
[20:34:49] Generating Genbank and Sequin files
[20:34:49] Running: tbl2asn -V b -a r10k -l paired-ends -M n -N 1 -y 'Annotated using prokka 1.13 from https://github.com/tseemann/prokka' -Z annotation_prokka\/prokka_VFPARIOC\/prokka_VFPARIOC\.err -i annotation_prokka\/prokka_VFPARIOC\/prokka_VFPARIOC\.fsa 2> /dev/null
[20:34:49] Deleting unwanted file: annotation_prokka/prokka_VFPARIOC/errorsummary.val
[20:34:49] Deleting unwanted file: annotation_prokka/prokka_VFPARIOC/prokka_VFPARIOC.dr
[20:34:49] Deleting unwanted file: annotation_prokka/prokka_VFPARIOC/prokka_VFPARIOC.fixedproducts
[20:34:49] Deleting unwanted file: annotation_prokka/prokka_VFPARIOC/prokka_VFPARIOC.ecn
[20:34:49] Deleting unwanted file: annotation_prokka/prokka_VFPARIOC/prokka_VFPARIOC.val
[20:34:49] Repairing broken .GBK output that tbl2asn produces...
[20:34:49] Running: sed 's/COORDINATES: profile/COORDINATES:profile/' < annotation_prokka\/prokka_VFPARIOC\/prokka_VFPARIOC\.gbf > annotation_prokka\/prokka_VFPARIOC\/prokka_VFPARIOC\.gbk
[20:34:49] Deleting unwanted file: annotation_prokka/prokka_VFPARIOC/prokka_VFPARIOC.gbf
[20:34:49] Output files:
[20:34:49] annotation_prokka/prokka_VFPARIOC/prokka_VFPARIOC.gbk
[20:34:49] annotation_prokka/prokka_VFPARIOC/prokka_VFPARIOC.sqn
[20:34:49] annotation_prokka/prokka_VFPARIOC/prokka_VFPARIOC.log
[20:34:49] annotation_prokka/prokka_VFPARIOC/prokka_VFPARIOC.fsa
[20:34:49] annotation_prokka/prokka_VFPARIOC/prokka_VFPARIOC.faa
[20:34:49] annotation_prokka/prokka_VFPARIOC/prokka_VFPARIOC.ffn
[20:34:49] annotation_prokka/prokka_VFPARIOC/prokka_VFPARIOC.gff
[20:34:49] annotation_prokka/prokka_VFPARIOC/prokka_VFPARIOC.err
[20:34:49] annotation_prokka/prokka_VFPARIOC/prokka_VFPARIOC.fna
[20:34:49] annotation_prokka/prokka_VFPARIOC/prokka_VFPARIOC.tsv
[20:34:49] annotation_prokka/prokka_VFPARIOC/prokka_VFPARIOC.tbl
[20:34:49] annotation_prokka/prokka_VFPARIOC/prokka_VFPARIOC.txt
[20:34:49] Annotation finished successfully.
[20:34:49] Walltime used: 0.03 minutes
[20:34:49] If you use this result please cite the Prokka paper:
[20:34:49] Seemann T (2014) Prokka: rapid prokaryotic genome annotation. Bioinformatics. 30(14):2068-9.
[20:34:49] Type 'prokka --citation' for more details.
[20:34:49] Thank you, come again.
