16:26:20.679 - INFO - UTILS - version=1.5.0
16:26:20.679 - INFO - UTILS - developer: Oliver Schwengers, github.com/oschwengers
16:26:20.679 - INFO - UTILS - command: /home/diego/miniconda3/envs/bakta/bin/bakta VFPENVAR.fasta --prefix bakta_VFPENVAR --output bakta_VFPENVAR -t 8 --locus-tag VFPENVAR
16:26:20.679 - INFO - UTILS - local time: 2022-11-10 16:26:20
16:26:20.681 - INFO - UTILS - machine: type=x86_64, cores=12
16:26:20.681 - INFO - UTILS - system: type=Linux, release=5.15.0-52-generic
16:26:20.681 - INFO - UTILS - python: version=3.10.6, implementation=CPython
16:26:20.681 - INFO - CONFIG - threads=8
16:26:20.681 - INFO - CONFIG - verbose=False
16:26:20.681 - INFO - CONFIG - database: type=environment, path=/home/diego/bakta_db/db/db
16:26:20.682 - INFO - CONFIG - tmp-path=/tmp/tmpav4x1yqs
16:26:20.682 - INFO - CONFIG - genome-path=/home/diego/Documents/metagenomes/annotation_symbio_merge/annotation_Beta/genomes/VFPENVAR.fasta
16:26:20.682 - INFO - CONFIG - min_contig_length=1
16:26:20.682 - INFO - CONFIG - prefix=bakta_VFPENVAR
16:26:20.682 - INFO - CONFIG - output-path=/home/diego/Documents/metagenomes/annotation_symbio_merge/annotation_Beta/genomes/bakta_VFPENVAR
16:26:20.682 - INFO - CONFIG - genus=None
16:26:20.682 - INFO - CONFIG - species=None
16:26:20.682 - INFO - CONFIG - strain=None
16:26:20.682 - INFO - CONFIG - plasmid=None
16:26:20.682 - INFO - CONFIG - complete=False
16:26:20.682 - INFO - CONFIG - prodigal_tf=None
16:26:20.682 - INFO - CONFIG - translation_table=11
16:26:20.682 - INFO - CONFIG - gram=?
16:26:20.682 - INFO - CONFIG - compliant=False
16:26:20.682 - INFO - CONFIG - locus=None
16:26:20.682 - INFO - CONFIG - locus-tag=VFPENVAR
16:26:20.683 - INFO - CONFIG - keep_contig_headers=False
16:26:20.683 - INFO - CONFIG - replicon-table=None
16:26:20.683 - INFO - CONFIG - skip-tRNA=False
16:26:20.683 - INFO - CONFIG - skip-tmRNA=False
16:26:20.683 - INFO - CONFIG - skip-rRNA=False
16:26:20.683 - INFO - CONFIG - skip-ncRNA=False
16:26:20.683 - INFO - CONFIG - skip-ncRNA-region=False
16:26:20.683 - INFO - CONFIG - skip-CRISPR=False
16:26:20.683 - INFO - CONFIG - skip-CDS=False
16:26:20.683 - INFO - CONFIG - skip-pseudo=False
16:26:20.683 - INFO - CONFIG - skip-sORF=False
16:26:20.683 - INFO - CONFIG - skip-gap=False
16:26:20.683 - INFO - CONFIG - skip-ori=False
16:26:20.683 - INFO - DB - detected: major=4, minor=0, date=2022-08-25
16:26:20.759 - INFO - UTILS - dependency: tool=tRNAscan-SE, version=v2.0.9
16:26:20.761 - INFO - UTILS - dependency: tool=aragorn, version=v1.2.41
16:26:20.766 - INFO - UTILS - dependency: tool=cmscan, version=v1.1.4
16:26:20.768 - INFO - UTILS - dependency: tool=pilercr, version=v1.6.0
16:26:20.770 - INFO - UTILS - dependency: tool=prodigal, version=v2.6.3
16:26:20.773 - INFO - UTILS - dependency: tool=amrfinder, version=v3.10.40
16:26:20.795 - INFO - UTILS - dependency: tool=hmmsearch, version=v3.3.2
16:26:20.798 - INFO - UTILS - dependency: tool=diamond, version=v2.0.15
16:26:20.831 - INFO - UTILS - dependency: tool=blastn, version=v2.13.0
16:26:20.840 - INFO - FASTA - imported: id=VFPENVAR, length=131963, description=, genomic=True, dna=True
16:26:20.840 - INFO - MAIN - imported sequences=1
16:26:20.840 - INFO - UTILS - qc: revised sequence: id=contig_1, orig-id=VFPENVAR, type=contig, complete=False, topology=linear, name=, description='[gcode=11]', orig-description=''
16:26:20.840 - INFO - FASTA - write genome sequences: path=/tmp/tmpav4x1yqs/contigs.fna, description=False, wrap=False
16:26:33.340 - INFO - T_RNA - contig=contig_1, start=1187, stop=1257, strand=+, gene=Trp_trna, product=tRNA-Trp, score=53.5, nt=[AGAGATATAT..TCTGTCTCTG]
16:26:33.340 - INFO - T_RNA - contig=contig_1, start=14286, stop=14358, strand=+, gene=Phe_trna, product=tRNA-Phe, score=67.8, nt=[GGTTCAATAG..CTTTGAACCA]
16:26:33.340 - INFO - T_RNA - contig=contig_1, start=20829, stop=20900, strand=+, gene=Gln_trna, product=tRNA-Gln, score=67.2, nt=[CGGGAAGTAG..GTCTTCCTTG]
16:26:33.340 - INFO - T_RNA - contig=contig_1, start=29117, stop=29199, strand=+, gene=Ser_trna, product=tRNA-Ser, score=51.6, nt=[AGAGATATGA..GTTGTCTCTT]
16:26:33.340 - INFO - T_RNA - contig=contig_1, start=53370, stop=53608, strand=+, gene=None, product=tRNA-Xxx, score=51.4, nt=[AGGTCGTTAG..GCACGACCTA]
16:26:33.340 - INFO - T_RNA - contig=contig_1, start=56712, stop=56794, strand=+, gene=Leu_trna, product=tRNA-Leu, score=51.3, nt=[ACCGATGTGG..ACCATCGGTA]
16:26:33.340 - INFO - T_RNA - contig=contig_1, start=56795, stop=56883, strand=+, gene=Leu_trna, product=tRNA-Leu, score=50.0, nt=[GTGAGTATGG..ACTACTCACA]
16:26:33.340 - INFO - T_RNA - contig=contig_1, start=56885, stop=56971, strand=+, gene=Ser_trna, product=tRNA-Ser, score=62.9, nt=[GGAAGTATGG..TTTTCTTCCT]
16:26:33.340 - INFO - T_RNA - contig=contig_1, start=69341, stop=69412, strand=+, gene=None, product=tRNA-Xxx, score=53.8, nt=[AGGTGTTTAA..TTAACACCTA]
16:26:33.340 - INFO - T_RNA - contig=contig_1, start=72406, stop=72477, strand=+, gene=Arg_trna, product=tRNA-Arg, score=47.5, nt=[ACAACTATAA..ACTAGTTGTT]
16:26:33.340 - INFO - T_RNA - contig=contig_1, start=78367, stop=78437, strand=+, gene=Thr_trna, product=tRNA-Thr, score=64.1, nt=[GCCGAATTAA..ATATTCGGCT]
16:26:33.340 - INFO - T_RNA - contig=contig_1, start=78454, stop=78526, strand=+, gene=His_trna, product=tRNA-His, score=40.2, nt=[GATGAATGTA..CCATTCATCG]
16:26:33.340 - INFO - T_RNA - contig=contig_1, start=81868, stop=81939, strand=+, gene=Pro_trna, product=tRNA-Pro, score=62.1, nt=[CGGGAGATAG..GTTCTCCCGT]
16:26:33.340 - INFO - T_RNA - contig=contig_1, start=131794, stop=131877, strand=+, gene=Tyr_trna, product=tRNA-Tyr, score=60.6, nt=[GGAGGAATTC..GCTTCCTTCA]
16:26:33.340 - INFO - T_RNA - contig=contig_1, start=131881, stop=131951, strand=+, gene=Gly_trna, product=tRNA-Gly, score=48.3, nt=[GCGATTGTAT..TTTAATCGCT]
16:26:33.340 - INFO - T_RNA - contig=contig_1, start=117675, stop=117746, strand=-, gene=Ile_trna, product=tRNA-Ile, score=54.6, nt=[AGGTCTATAG..ATTAGACCTA]
16:26:33.340 - INFO - T_RNA - contig=contig_1, start=113348, stop=113419, strand=-, gene=Ala_trna, product=tRNA-Ala, score=65.0, nt=[GGGGAAATAA..GTTTTCTCCA]
16:26:33.340 - INFO - T_RNA - contig=contig_1, start=90967, stop=91040, strand=-, gene=Asp_trna, product=tRNA-Asp, score=64.6, nt=[GAAATAGTAG..GTCTATTTCG]
16:26:33.340 - INFO - T_RNA - contig=contig_1, start=81760, stop=81832, strand=-, gene=fMet_trna, product=tRNA-fMet, score=52.4, nt=[TGCGAGATAG..ATTTTCGCAT]
16:26:33.340 - INFO - T_RNA - contig=contig_1, start=81561, stop=81631, strand=-, gene=Arg_trna, product=tRNA-Arg, score=44.8, nt=[CTCCTTGTAG..CGTAGGGAGT]
16:26:33.340 - INFO - T_RNA - contig=contig_1, start=80425, stop=80496, strand=-, gene=Val_trna, product=tRNA-Val, score=60.0, nt=[AGGTTTGTAA..ATTGAACCTA]
16:26:33.340 - INFO - T_RNA - contig=contig_1, start=79399, stop=79472, strand=-, gene=Lys_trna, product=tRNA-Lys, score=69.8, nt=[GGGTTGTTAG..ATACAACCTA]
16:26:33.340 - INFO - T_RNA - contig=contig_1, start=72320, stop=72402, strand=-, gene=Ser_trna, product=tRNA-Ser, score=58.6, nt=[GAAAATGTGG..ATCATTTTCT]
16:26:33.340 - INFO - T_RNA - contig=contig_1, start=61638, stop=61709, strand=-, gene=Asn_trna, product=tRNA-Asn, score=52.1, nt=[TTCCTGGTAA..AGCTAGGAAG]
16:26:33.341 - INFO - T_RNA - contig=contig_1, start=22833, stop=23080, strand=-, gene=None, product=(pseudo) tRNA-Xxx, score=30.6, nt=[ACCGAAGTGA..GTCTTCGGTA]
16:26:33.341 - INFO - T_RNA - predicted=25
16:26:33.365 - INFO - TM_RNA - predicted=0
16:26:35.886 - INFO - R_RNA - contig=contig_1, start=117752, stop=119259, strand=-, gene=16S_rrna, product=16S ribosomal RNA, length=1508, coverage=0.984, truncated=None, score=1331.0, evalue=7.1e-43, nt=[TTTTATAAGA..TATTAATTAA]
16:26:35.886 - INFO - R_RNA - contig=contig_1, start=114820, stop=117656, strand=-, gene=23S_rrna, product=23S ribosomal RNA, length=2837, coverage=0.970, truncated=None, score=2375.7, evalue=3.4e-05, nt=[TTTTAGTAAA..AGCTAAGTAC]
16:26:35.886 - INFO - R_RNA - predicted=2
16:26:39.098 - INFO - NC_RNA - predicted=0
16:26:39.791 - INFO - NC_RNA_REGION - predicted=0
16:26:39.861 - INFO - CRISPR - predicted=0
16:26:39.861 - INFO - CDS - create prodigal training file: file=/tmp/tmpav4x1yqs/prodigal.tf
16:26:40.008 - INFO - FASTA - write genome sequences: path=/tmp/tmpav4x1yqs/contigs.fasta, description=False, wrap=False
16:26:40.008 - INFO - CDS - run prodigal: type=contigs, # sequences=1
16:26:40.069 - INFO - CDS - contig=contig_1, start=1, stop=1188, strand=+, frame=1, truncated=no, start-type=ATG, RBS-motif=None
16:26:40.069 - INFO - CDS - contig=contig_1, start=1269, stop=1685, strand=+, frame=3, truncated=no, start-type=GTG, RBS-motif=TTTT
16:26:40.069 - INFO - CDS - contig=contig_1, start=1675, stop=2265, strand=+, frame=1, truncated=no, start-type=ATG, RBS-motif=TTTT
16:26:40.069 - INFO - CDS - contig=contig_1, start=2258, stop=2719, strand=+, frame=2, truncated=no, start-type=ATG, RBS-motif=None
16:26:40.069 - INFO - CDS - contig=contig_1, start=2694, stop=3053, strand=+, frame=3, truncated=no, start-type=ATG, RBS-motif=None
16:26:40.069 - INFO - CDS - contig=contig_1, start=3055, stop=6834, strand=+, frame=1, truncated=no, start-type=ATG, RBS-motif=None
16:26:40.069 - INFO - CDS - contig=contig_1, start=6834, stop=10667, strand=+, frame=3, truncated=no, start-type=ATG, RBS-motif=AAAAA
16:26:40.069 - INFO - CDS - contig=contig_1, start=10669, stop=11064, strand=+, frame=1, truncated=no, start-type=ATG, RBS-motif=TTTT
16:26:40.069 - INFO - CDS - contig=contig_1, start=11036, stop=11506, strand=+, frame=2, truncated=no, start-type=ATG, RBS-motif=AACAA
16:26:40.069 - INFO - CDS - contig=contig_1, start=11507, stop=13567, strand=+, frame=2, truncated=no, start-type=ATG, RBS-motif=TTTT
16:26:40.069 - INFO - CDS - contig=contig_1, start=13557, stop=13889, strand=+, frame=3, truncated=no, start-type=ATG, RBS-motif=AAAA
16:26:40.069 - INFO - CDS - contig=contig_1, start=13864, stop=14295, strand=+, frame=1, truncated=no, start-type=ATG, RBS-motif=TTGTT
16:26:40.069 - INFO - CDS - contig=contig_1, start=14367, stop=14765, strand=+, frame=3, truncated=no, start-type=ATG, RBS-motif=None
16:26:40.069 - INFO - CDS - contig=contig_1, start=14758, stop=15669, strand=+, frame=1, truncated=no, start-type=ATG, RBS-motif=TTATT
16:26:40.070 - INFO - CDS - contig=contig_1, start=15640, stop=16332, strand=-, frame=3, truncated=no, start-type=TTG, RBS-motif=None
16:26:40.070 - INFO - CDS - contig=contig_1, start=16319, stop=17425, strand=-, frame=2, truncated=no, start-type=ATG, RBS-motif=None
16:26:40.070 - INFO - CDS - contig=contig_1, start=17422, stop=17814, strand=-, frame=3, truncated=no, start-type=ATG, RBS-motif=TTTT
16:26:40.070 - INFO - CDS - contig=contig_1, start=17814, stop=18113, strand=-, frame=1, truncated=no, start-type=ATG, RBS-motif=None
16:26:40.070 - INFO - CDS - contig=contig_1, start=18094, stop=18897, strand=-, frame=3, truncated=no, start-type=ATG, RBS-motif=None
16:26:40.070 - INFO - CDS - contig=contig_1, start=18887, stop=19444, strand=-, frame=2, truncated=no, start-type=ATG, RBS-motif=AAAAA
16:26:40.070 - INFO - CDS - contig=contig_1, start=19441, stop=20799, strand=-, frame=3, truncated=no, start-type=ATG, RBS-motif=None
16:26:40.070 - INFO - CDS - contig=contig_1, start=20908, stop=21774, strand=+, frame=1, truncated=no, start-type=ATG, RBS-motif=None
16:26:40.070 - INFO - CDS - contig=contig_1, start=21762, stop=22280, strand=+, frame=3, truncated=no, start-type=ATG, RBS-motif=None
16:26:40.070 - INFO - CDS - contig=contig_1, start=22282, stop=22824, strand=-, frame=3, truncated=no, start-type=ATG, RBS-motif=None
16:26:40.070 - INFO - CDS - contig=contig_1, start=23118, stop=24239, strand=+, frame=3, truncated=no, start-type=ATG, RBS-motif=AAAA
16:26:40.070 - INFO - CDS - contig=contig_1, start=24231, stop=24347, strand=-, frame=1, truncated=no, start-type=ATG, RBS-motif=TTTT
16:26:40.070 - INFO - CDS - contig=contig_1, start=24488, stop=25531, strand=-, frame=2, truncated=no, start-type=ATG, RBS-motif=TTATT
16:26:40.070 - INFO - CDS - contig=contig_1, start=25528, stop=26226, strand=-, frame=3, truncated=no, start-type=ATG, RBS-motif=AAAA
16:26:40.070 - INFO - CDS - contig=contig_1, start=26223, stop=26819, strand=-, frame=1, truncated=no, start-type=TTG, RBS-motif=AAAA
16:26:40.070 - INFO - CDS - contig=contig_1, start=26965, stop=28005, strand=+, frame=1, truncated=no, start-type=ATG, RBS-motif=TTGTT
16:26:40.070 - INFO - CDS - contig=contig_1, start=27986, stop=28726, strand=+, frame=2, truncated=no, start-type=ATG, RBS-motif=None
16:26:40.070 - INFO - CDS - contig=contig_1, start=28723, stop=29115, strand=+, frame=1, truncated=no, start-type=ATG, RBS-motif=AACAA
16:26:40.070 - INFO - CDS - contig=contig_1, start=29173, stop=29385, strand=-, frame=3, truncated=no, start-type=ATG, RBS-motif=AAAA
16:26:40.070 - INFO - CDS - contig=contig_1, start=29389, stop=31728, strand=-, frame=3, truncated=no, start-type=ATG, RBS-motif=AACAA
16:26:40.070 - INFO - CDS - contig=contig_1, start=31700, stop=31882, strand=-, frame=2, truncated=no, start-type=ATG, RBS-motif=None
16:26:40.070 - INFO - CDS - contig=contig_1, start=31879, stop=32019, strand=-, frame=3, truncated=no, start-type=ATG, RBS-motif=None
16:26:40.070 - INFO - CDS - contig=contig_1, start=32025, stop=34214, strand=+, frame=3, truncated=no, start-type=ATG, RBS-motif=TTTT
16:26:40.070 - INFO - CDS - contig=contig_1, start=34416, stop=35117, strand=+, frame=3, truncated=no, start-type=ATG, RBS-motif=None
16:26:40.070 - INFO - CDS - contig=contig_1, start=35114, stop=36244, strand=+, frame=2, truncated=no, start-type=ATG, RBS-motif=AAAA
16:26:40.070 - INFO - CDS - contig=contig_1, start=36236, stop=37087, strand=-, frame=2, truncated=no, start-type=ATG, RBS-motif=AAAA
16:26:40.070 - INFO - CDS - contig=contig_1, start=37032, stop=37799, strand=-, frame=1, truncated=no, start-type=ATG, RBS-motif=AAAA
16:26:40.071 - INFO - CDS - contig=contig_1, start=37789, stop=38787, strand=-, frame=3, truncated=no, start-type=ATG, RBS-motif=TTTT
16:26:40.071 - INFO - CDS - contig=contig_1, start=38771, stop=39346, strand=-, frame=2, truncated=no, start-type=ATG, RBS-motif=AAAAA
16:26:40.071 - INFO - CDS - contig=contig_1, start=39327, stop=40559, strand=-, frame=1, truncated=no, start-type=ATG, RBS-motif=None
16:26:40.071 - INFO - CDS - contig=contig_1, start=40556, stop=41938, strand=-, frame=2, truncated=no, start-type=ATG, RBS-motif=None
16:26:40.071 - INFO - CDS - contig=contig_1, start=41938, stop=42903, strand=-, frame=3, truncated=no, start-type=ATG, RBS-motif=TTATT
16:26:40.071 - INFO - CDS - contig=contig_1, start=46941, stop=47192, strand=-, frame=1, truncated=no, start-type=ATG, RBS-motif=AAAAA
16:26:40.071 - INFO - CDS - contig=contig_1, start=48458, stop=49825, strand=-, frame=2, truncated=no, start-type=ATG, RBS-motif=None
16:26:40.071 - INFO - CDS - contig=contig_1, start=49785, stop=50759, strand=-, frame=1, truncated=no, start-type=ATG, RBS-motif=AAAAA
16:26:40.071 - INFO - CDS - contig=contig_1, start=50775, stop=52058, strand=+, frame=3, truncated=no, start-type=ATG, RBS-motif=TTTT
16:26:40.071 - INFO - CDS - contig=contig_1, start=52045, stop=53379, strand=+, frame=1, truncated=no, start-type=ATG, RBS-motif=None
16:26:40.071 - INFO - CDS - contig=contig_1, start=53611, stop=56571, strand=+, frame=1, truncated=no, start-type=ATG, RBS-motif=None
16:26:40.071 - INFO - CDS - contig=contig_1, start=56564, stop=56734, strand=+, frame=2, truncated=no, start-type=ATG, RBS-motif=AAAAA
16:26:40.071 - INFO - CDS - contig=contig_1, start=57069, stop=57746, strand=+, frame=3, truncated=no, start-type=TTG, RBS-motif=None
16:26:40.071 - INFO - CDS - contig=contig_1, start=57721, stop=58743, strand=+, frame=1, truncated=no, start-type=ATG, RBS-motif=TTATT
16:26:40.071 - INFO - CDS - contig=contig_1, start=58710, stop=59354, strand=+, frame=3, truncated=no, start-type=ATG, RBS-motif=TTATT
16:26:40.071 - INFO - CDS - contig=contig_1, start=59344, stop=60489, strand=+, frame=1, truncated=no, start-type=ATG, RBS-motif=None
16:26:40.071 - INFO - CDS - contig=contig_1, start=60489, stop=61199, strand=+, frame=3, truncated=no, start-type=ATG, RBS-motif=AAAA
16:26:40.071 - INFO - CDS - contig=contig_1, start=61165, stop=61428, strand=+, frame=1, truncated=no, start-type=ATG, RBS-motif=AAAA
16:26:40.071 - INFO - CDS - contig=contig_1, start=61409, stop=61645, strand=+, frame=2, truncated=no, start-type=ATG, RBS-motif=TTTT
16:26:40.071 - INFO - CDS - contig=contig_1, start=61709, stop=62200, strand=+, frame=2, truncated=no, start-type=ATG, RBS-motif=None
16:26:40.071 - INFO - CDS - contig=contig_1, start=62201, stop=62344, strand=+, frame=2, truncated=no, start-type=ATG, RBS-motif=None
16:26:40.071 - INFO - CDS - contig=contig_1, start=62987, stop=64024, strand=+, frame=2, truncated=no, start-type=ATG, RBS-motif=None
16:26:40.071 - INFO - CDS - contig=contig_1, start=64021, stop=67092, strand=+, frame=1, truncated=no, start-type=ATG, RBS-motif=TTTT
16:26:40.071 - INFO - CDS - contig=contig_1, start=67089, stop=67646, strand=+, frame=3, truncated=no, start-type=ATG, RBS-motif=None
16:26:40.071 - INFO - CDS - contig=contig_1, start=67636, stop=68085, strand=+, frame=1, truncated=no, start-type=ATG, RBS-motif=AAAAA
16:26:40.071 - INFO - CDS - contig=contig_1, start=68162, stop=69337, strand=+, frame=2, truncated=no, start-type=ATG, RBS-motif=None
16:26:40.071 - INFO - CDS - contig=contig_1, start=69376, stop=70188, strand=+, frame=1, truncated=no, start-type=ATG, RBS-motif=None
16:26:40.071 - INFO - CDS - contig=contig_1, start=70181, stop=71224, strand=+, frame=2, truncated=no, start-type=ATG, RBS-motif=TTTT
16:26:40.071 - INFO - CDS - contig=contig_1, start=71214, stop=72242, strand=+, frame=3, truncated=no, start-type=ATG, RBS-motif=TTTT
16:26:40.071 - INFO - CDS - contig=contig_1, start=72473, stop=73060, strand=+, frame=2, truncated=no, start-type=TTG, RBS-motif=None
16:26:40.071 - INFO - CDS - contig=contig_1, start=73057, stop=74304, strand=+, frame=1, truncated=no, start-type=ATG, RBS-motif=TTTT
16:26:40.071 - INFO - CDS - contig=contig_1, start=74297, stop=75268, strand=+, frame=2, truncated=no, start-type=ATG, RBS-motif=AAAA
16:26:40.072 - INFO - CDS - contig=contig_1, start=75234, stop=75806, strand=+, frame=3, truncated=no, start-type=ATG, RBS-motif=AAAA
16:26:40.072 - INFO - CDS - contig=contig_1, start=75809, stop=76408, strand=+, frame=2, truncated=no, start-type=ATG, RBS-motif=AAAA
16:26:40.072 - INFO - CDS - contig=contig_1, start=76405, stop=77094, strand=+, frame=1, truncated=no, start-type=ATG, RBS-motif=TTTT
16:26:40.072 - INFO - CDS - contig=contig_1, start=77079, stop=77816, strand=+, frame=3, truncated=no, start-type=ATG, RBS-motif=TTTT
16:26:40.072 - INFO - CDS - contig=contig_1, start=77806, stop=78102, strand=+, frame=1, truncated=no, start-type=ATG, RBS-motif=AAAA
16:26:40.072 - INFO - CDS - contig=contig_1, start=78095, stop=78376, strand=+, frame=2, truncated=no, start-type=ATG, RBS-motif=None
16:26:40.072 - INFO - CDS - contig=contig_1, start=78537, stop=79412, strand=+, frame=3, truncated=no, start-type=ATG, RBS-motif=TTTT
16:26:40.072 - INFO - CDS - contig=contig_1, start=79482, stop=79835, strand=-, frame=1, truncated=no, start-type=ATG, RBS-motif=TTTT
16:26:40.072 - INFO - CDS - contig=contig_1, start=79828, stop=79977, strand=-, frame=3, truncated=no, start-type=ATG, RBS-motif=None
16:26:40.072 - INFO - CDS - contig=contig_1, start=79958, stop=80407, strand=-, frame=2, truncated=no, start-type=GTG, RBS-motif=AAAAA
16:26:40.072 - INFO - CDS - contig=contig_1, start=80495, stop=81553, strand=-, frame=2, truncated=no, start-type=ATG, RBS-motif=None
16:26:40.072 - INFO - CDS - contig=contig_1, start=81643, stop=81786, strand=+, frame=1, truncated=no, start-type=ATG, RBS-motif=None
16:26:40.072 - INFO - CDS - contig=contig_1, start=81909, stop=82307, strand=+, frame=3, truncated=no, start-type=ATG, RBS-motif=None
16:26:40.072 - INFO - CDS - contig=contig_1, start=82266, stop=82760, strand=-, frame=1, truncated=no, start-type=ATG, RBS-motif=TTTT
16:26:40.072 - INFO - CDS - contig=contig_1, start=82757, stop=83695, strand=-, frame=2, truncated=no, start-type=ATG, RBS-motif=None
16:26:40.072 - INFO - CDS - contig=contig_1, start=83716, stop=84738, strand=+, frame=1, truncated=no, start-type=ATG, RBS-motif=TTTT
16:26:40.072 - INFO - CDS - contig=contig_1, start=84729, stop=84899, strand=+, frame=3, truncated=no, start-type=ATG, RBS-motif=None
16:26:40.072 - INFO - CDS - contig=contig_1, start=84899, stop=85507, strand=+, frame=2, truncated=no, start-type=ATG, RBS-motif=AAAA
16:26:40.072 - INFO - CDS - contig=contig_1, start=85501, stop=86532, strand=+, frame=1, truncated=no, start-type=ATG, RBS-motif=None
16:26:40.072 - INFO - CDS - contig=contig_1, start=86529, stop=87866, strand=-, frame=1, truncated=no, start-type=ATG, RBS-motif=TTTT
16:26:40.072 - INFO - CDS - contig=contig_1, start=87863, stop=89011, strand=-, frame=2, truncated=no, start-type=ATG, RBS-motif=AACAA
16:26:40.072 - INFO - CDS - contig=contig_1, start=89004, stop=90269, strand=-, frame=1, truncated=no, start-type=ATG, RBS-motif=AAAA
16:26:40.072 - INFO - CDS - contig=contig_1, start=90266, stop=90448, strand=-, frame=2, truncated=no, start-type=ATG, RBS-motif=AAAAA
16:26:40.072 - INFO - CDS - contig=contig_1, start=90445, stop=90744, strand=-, frame=3, truncated=no, start-type=ATG, RBS-motif=TTGTT
16:26:40.072 - INFO - CDS - contig=contig_1, start=90746, stop=90985, strand=+, frame=2, truncated=no, start-type=ATG, RBS-motif=None
16:26:40.072 - INFO - CDS - contig=contig_1, start=91112, stop=92302, strand=-, frame=2, truncated=no, start-type=ATG, RBS-motif=None
16:26:40.072 - INFO - CDS - contig=contig_1, start=92303, stop=93604, strand=+, frame=2, truncated=no, start-type=ATG, RBS-motif=TTGTT
16:26:40.072 - INFO - CDS - contig=contig_1, start=93601, stop=95361, strand=+, frame=1, truncated=no, start-type=ATG, RBS-motif=TTTT
16:26:40.072 - INFO - CDS - contig=contig_1, start=95383, stop=95643, strand=+, frame=1, truncated=no, start-type=ATG, RBS-motif=None
16:26:40.072 - INFO - CDS - contig=contig_1, start=95633, stop=97225, strand=+, frame=2, truncated=no, start-type=ATG, RBS-motif=TTTT
16:26:40.072 - INFO - CDS - contig=contig_1, start=97229, stop=98479, strand=+, frame=2, truncated=no, start-type=ATG, RBS-motif=AAAA
16:26:40.073 - INFO - CDS - contig=contig_1, start=98472, stop=99452, strand=+, frame=3, truncated=no, start-type=ATG, RBS-motif=None
16:26:40.073 - INFO - CDS - contig=contig_1, start=99445, stop=100572, strand=-, frame=3, truncated=no, start-type=ATG, RBS-motif=AAAAA
16:26:40.073 - INFO - CDS - contig=contig_1, start=100659, stop=101300, strand=+, frame=3, truncated=no, start-type=ATG, RBS-motif=None
16:26:40.073 - INFO - CDS - contig=contig_1, start=101293, stop=102300, strand=-, frame=3, truncated=no, start-type=ATG, RBS-motif=None
16:26:40.073 - INFO - CDS - contig=contig_1, start=102304, stop=104106, strand=-, frame=3, truncated=no, start-type=ATG, RBS-motif=None
16:26:40.073 - INFO - CDS - contig=contig_1, start=104107, stop=104529, strand=-, frame=3, truncated=no, start-type=ATG, RBS-motif=None
16:26:40.073 - INFO - CDS - contig=contig_1, start=104597, stop=105547, strand=+, frame=2, truncated=no, start-type=ATG, RBS-motif=AAAAA
16:26:40.073 - INFO - CDS - contig=contig_1, start=105540, stop=106505, strand=-, frame=1, truncated=no, start-type=ATG, RBS-motif=None
16:26:40.073 - INFO - CDS - contig=contig_1, start=106496, stop=106999, strand=-, frame=2, truncated=no, start-type=ATG, RBS-motif=None
16:26:40.073 - INFO - CDS - contig=contig_1, start=106996, stop=109128, strand=-, frame=3, truncated=no, start-type=ATG, RBS-motif=TTTT
16:26:40.073 - INFO - CDS - contig=contig_1, start=109121, stop=109738, strand=-, frame=2, truncated=no, start-type=ATG, RBS-motif=AAAA
16:26:40.073 - INFO - CDS - contig=contig_1, start=109735, stop=110943, strand=-, frame=3, truncated=no, start-type=ATG, RBS-motif=AAAAA
16:26:40.073 - INFO - CDS - contig=contig_1, start=110930, stop=111613, strand=-, frame=2, truncated=no, start-type=TTG, RBS-motif=None
16:26:40.073 - INFO - CDS - contig=contig_1, start=111648, stop=112097, strand=+, frame=3, truncated=no, start-type=ATG, RBS-motif=None
16:26:40.073 - INFO - CDS - contig=contig_1, start=112083, stop=112325, strand=-, frame=1, truncated=no, start-type=ATG, RBS-motif=None
16:26:40.073 - INFO - CDS - contig=contig_1, start=112325, stop=112618, strand=-, frame=2, truncated=no, start-type=ATG, RBS-motif=TTTT
16:26:40.073 - INFO - CDS - contig=contig_1, start=112596, stop=113348, strand=-, frame=1, truncated=no, start-type=ATG, RBS-motif=None
16:26:40.073 - INFO - CDS - contig=contig_1, start=113432, stop=114688, strand=+, frame=2, truncated=no, start-type=ATG, RBS-motif=None
16:26:40.073 - INFO - CDS - contig=contig_1, start=119211, stop=119750, strand=+, frame=3, truncated=no, start-type=ATG, RBS-motif=None
16:26:40.073 - INFO - CDS - contig=contig_1, start=119737, stop=120291, strand=+, frame=1, truncated=no, start-type=ATG, RBS-motif=None
16:26:40.073 - INFO - CDS - contig=contig_1, start=120291, stop=120494, strand=+, frame=3, truncated=no, start-type=ATG, RBS-motif=AAAAA
16:26:40.073 - INFO - CDS - contig=contig_1, start=120497, stop=121312, strand=+, frame=2, truncated=no, start-type=ATG, RBS-motif=None
16:26:40.073 - INFO - CDS - contig=contig_1, start=121309, stop=121599, strand=+, frame=1, truncated=no, start-type=ATG, RBS-motif=AAAA
16:26:40.073 - INFO - CDS - contig=contig_1, start=121602, stop=121928, strand=+, frame=3, truncated=no, start-type=ATG, RBS-motif=None
16:26:40.073 - INFO - CDS - contig=contig_1, start=121928, stop=122530, strand=+, frame=2, truncated=no, start-type=ATG, RBS-motif=None
16:26:40.073 - INFO - CDS - contig=contig_1, start=122511, stop=122912, strand=+, frame=3, truncated=no, start-type=ATG, RBS-motif=None
16:26:40.073 - INFO - CDS - contig=contig_1, start=122912, stop=123142, strand=+, frame=2, truncated=no, start-type=ATG, RBS-motif=None
16:26:40.073 - INFO - CDS - contig=contig_1, start=123139, stop=123504, strand=+, frame=1, truncated=no, start-type=ATG, RBS-motif=TTGTT
16:26:40.073 - INFO - CDS - contig=contig_1, start=123507, stop=124046, strand=+, frame=3, truncated=no, start-type=ATG, RBS-motif=None
16:26:40.073 - INFO - CDS - contig=contig_1, start=124046, stop=124315, strand=+, frame=2, truncated=no, start-type=ATG, RBS-motif=None
16:26:40.073 - INFO - CDS - contig=contig_1, start=124315, stop=124713, strand=+, frame=1, truncated=no, start-type=ATG, RBS-motif=AAAA
16:26:40.073 - INFO - CDS - contig=contig_1, start=124706, stop=125254, strand=+, frame=2, truncated=no, start-type=ATG, RBS-motif=TTGTT
16:26:40.073 - INFO - CDS - contig=contig_1, start=125259, stop=125567, strand=+, frame=3, truncated=no, start-type=ATG, RBS-motif=AAAA
16:26:40.073 - INFO - CDS - contig=contig_1, start=125564, stop=126004, strand=+, frame=2, truncated=no, start-type=ATG, RBS-motif=AAAAA
16:26:40.074 - INFO - CDS - contig=contig_1, start=125979, stop=126344, strand=+, frame=3, truncated=no, start-type=ATG, RBS-motif=AAAA
16:26:40.074 - INFO - CDS - contig=contig_1, start=126341, stop=126448, strand=+, frame=2, truncated=no, start-type=ATG, RBS-motif=None
16:26:40.074 - INFO - CDS - contig=contig_1, start=126483, stop=126596, strand=+, frame=3, truncated=no, start-type=ATG, RBS-motif=AAAA
16:26:40.074 - INFO - CDS - contig=contig_1, start=126593, stop=126706, strand=+, frame=2, truncated=no, start-type=ATG, RBS-motif=None
16:26:40.074 - INFO - CDS - contig=contig_1, start=126703, stop=127041, strand=+, frame=1, truncated=no, start-type=ATG, RBS-motif=AACAA
16:26:40.074 - INFO - CDS - contig=contig_1, start=127038, stop=127373, strand=+, frame=3, truncated=no, start-type=ATG, RBS-motif=None
16:26:40.074 - INFO - CDS - contig=contig_1, start=127370, stop=127936, strand=+, frame=2, truncated=no, start-type=ATG, RBS-motif=AAAA
16:26:40.074 - INFO - CDS - contig=contig_1, start=127933, stop=128787, strand=+, frame=1, truncated=no, start-type=ATG, RBS-motif=TTTT
16:26:40.074 - INFO - CDS - contig=contig_1, start=128784, stop=129041, strand=+, frame=3, truncated=no, start-type=ATG, RBS-motif=None
16:26:40.074 - INFO - CDS - contig=contig_1, start=129038, stop=129166, strand=+, frame=2, truncated=no, start-type=ATG, RBS-motif=None
16:26:40.074 - INFO - CDS - contig=contig_1, start=129159, stop=130256, strand=-, frame=1, truncated=no, start-type=ATG, RBS-motif=None
16:26:40.074 - INFO - CDS - contig=contig_1, start=130671, stop=131738, strand=+, frame=3, truncated=no, start-type=ATG, RBS-motif=None
16:26:40.075 - INFO - CDS - contig=contig_1, start=1, stop=1188, strand=+, nt=[ATGAAAGAAA..ATTAGTTTAG]
16:26:40.075 - INFO - CDS - contig=contig_1, start=1269, stop=1685, strand=+, nt=[GTGATTATTA..TGATAAATAA]
16:26:40.075 - INFO - CDS - contig=contig_1, start=1675, stop=2265, strand=+, nt=[ATGATAAATA..TTATGAATAA]
16:26:40.075 - INFO - CDS - contig=contig_1, start=2258, stop=2719, strand=+, nt=[ATGAATAAAG..ACATATTTAA]
16:26:40.075 - INFO - CDS - contig=contig_1, start=2694, stop=3053, strand=+, nt=[ATGAAAAAAG..TATTGAATAA]
16:26:40.075 - INFO - CDS - contig=contig_1, start=3055, stop=6834, strand=+, nt=[ATGATTTTAA..TAAAAAATAA]
16:26:40.075 - INFO - CDS - contig=contig_1, start=6834, stop=10667, strand=+, nt=[ATGAAAAAAT..TTTTTTTTAA]
16:26:40.075 - INFO - CDS - contig=contig_1, start=10669, stop=11064, strand=+, nt=[ATGTCTACAA..GTTACGTTAA]
16:26:40.075 - INFO - CDS - contig=contig_1, start=11036, stop=11506, strand=+, nt=[ATGTCAAGAA..TTCATTTTAA]
16:26:40.075 - INFO - CDS - contig=contig_1, start=11507, stop=13567, strand=+, nt=[ATGTTAAATT..TGATAAATAA]
16:26:40.075 - INFO - CDS - contig=contig_1, start=13557, stop=13889, strand=+, nt=[ATGATAAATA..TATTTCCTAA]
16:26:40.075 - INFO - CDS - contig=contig_1, start=13864, stop=14295, strand=+, nt=[ATGAAAAAAA..GGTTCAATAG]
16:26:40.075 - INFO - CDS - contig=contig_1, start=14367, stop=14765, strand=+, nt=[ATGAAAGAAA..ATATGATTAG]
16:26:40.075 - INFO - CDS - contig=contig_1, start=14758, stop=15669, strand=+, nt=[ATGATTAGAA..TATACAATAG]
16:26:40.075 - INFO - CDS - contig=contig_1, start=15640, stop=16332, strand=-, nt=[TTGAAAAAAG..ATTTTTTTAA]
16:26:40.075 - INFO - CDS - contig=contig_1, start=16319, stop=17425, strand=-, nt=[ATGAAAAATA..AAAAAGATAA]
16:26:40.076 - INFO - CDS - contig=contig_1, start=17422, stop=17814, strand=-, nt=[ATGATTGGAG..TAAAAGATGA]
16:26:40.076 - INFO - CDS - contig=contig_1, start=17814, stop=18113, strand=-, nt=[ATGATAAAAA..TTTTGATTAA]
16:26:40.076 - INFO - CDS - contig=contig_1, start=18094, stop=18897, strand=-, nt=[ATGAAAATTA..TAAATCTTAA]
16:26:40.076 - INFO - CDS - contig=contig_1, start=18887, stop=19444, strand=-, nt=[ATGATAAAAA..TGAAAATTAA]
16:26:40.076 - INFO - CDS - contig=contig_1, start=19441, stop=20799, strand=-, nt=[ATGTTTAGTA..AATAATATGA]
16:26:40.076 - INFO - CDS - contig=contig_1, start=20908, stop=21774, strand=+, nt=[ATGCTTTTTT..CGTAAAATAA]
16:26:40.076 - INFO - CDS - contig=contig_1, start=21762, stop=22280, strand=+, nt=[ATGCGTAAAA..AAGAAAATAA]
16:26:40.076 - INFO - CDS - contig=contig_1, start=22282, stop=22824, strand=-, nt=[ATGAAAATAT..TAAGAAATAG]
16:26:40.076 - INFO - CDS - contig=contig_1, start=23118, stop=24239, strand=+, nt=[ATGAGCAAAA..ACTACTTTAA]
16:26:40.076 - INFO - CDS - contig=contig_1, start=24231, stop=24347, strand=-, nt=[ATGAAATTTG..GTTAAAGTAG]
16:26:40.076 - INFO - CDS - contig=contig_1, start=24488, stop=25531, strand=-, nt=[ATGAAGTTTT..CCTTATTTAG]
16:26:40.076 - INFO - CDS - contig=contig_1, start=25528, stop=26226, strand=-, nt=[ATGATTGGTA..AAAAAAATGA]
16:26:40.076 - INFO - CDS - contig=contig_1, start=26223, stop=26819, strand=-, nt=[TTGATTAATT..TGAAAAATGA]
16:26:40.076 - INFO - CDS - contig=contig_1, start=26965, stop=28005, strand=+, nt=[ATGTTTTTAA..AAGTTCATAA]
16:26:40.076 - INFO - CDS - contig=contig_1, start=27986, stop=28726, strand=+, nt=[ATGAAAATAA..CATAAAATGA]
16:26:40.076 - INFO - CDS - contig=contig_1, start=28723, stop=29115, strand=+, nt=[ATGATTAAAG..TTTTAAATAA]
16:26:40.076 - INFO - CDS - contig=contig_1, start=29173, stop=29385, strand=-, nt=[ATGATTAATA..GAACCTGTGA]
16:26:40.076 - INFO - CDS - contig=contig_1, start=29389, stop=31728, strand=-, nt=[ATGTTTTTTT..ATATTTTTAA]
16:26:40.076 - INFO - CDS - contig=contig_1, start=31700, stop=31882, strand=-, nt=[ATGAAAAAAA..AAAAAAGTAA]
16:26:40.076 - INFO - CDS - contig=contig_1, start=31879, stop=32019, strand=-, nt=[ATGAAAAAAA..AAAAATATGA]
16:26:40.076 - INFO - CDS - contig=contig_1, start=32025, stop=34214, strand=+, nt=[ATGTTTCAAA..TACTATTTAA]
16:26:40.076 - INFO - CDS - contig=contig_1, start=34416, stop=35117, strand=+, nt=[ATGTACAAAG..ATTAAAATGA]
16:26:40.076 - INFO - CDS - contig=contig_1, start=35114, stop=36244, strand=+, nt=[ATGAAAGACA..ATTAAAATAA]
16:26:40.076 - INFO - CDS - contig=contig_1, start=36236, stop=37087, strand=-, nt=[ATGAAAAAGG..ATTATTTTAA]
16:26:40.076 - INFO - CDS - contig=contig_1, start=37032, stop=37799, strand=-, nt=[ATGTTATATA..AAAAAATTAA]
16:26:40.076 - INFO - CDS - contig=contig_1, start=37789, stop=38787, strand=-, nt=[ATGATATTAT..TGTTATATAA]
16:26:40.076 - INFO - CDS - contig=contig_1, start=38771, stop=39346, strand=-, nt=[ATGATACTCT..TATTAAATAA]
16:26:40.076 - INFO - CDS - contig=contig_1, start=39327, stop=40559, strand=-, nt=[ATGAAATTTT..TAATAGATAA]
16:26:40.076 - INFO - CDS - contig=contig_1, start=40556, stop=41938, strand=-, nt=[ATGTCATTAT..ATTATTATGA]
16:26:40.076 - INFO - CDS - contig=contig_1, start=41938, stop=42903, strand=-, nt=[ATGAAAAAAA..ATTTTTTTAA]
16:26:40.076 - INFO - CDS - contig=contig_1, start=46941, stop=47192, strand=-, nt=[ATGAATGCAG..GAAAGTTTAG]
16:26:40.076 - INFO - CDS - contig=contig_1, start=48458, stop=49825, strand=-, nt=[ATGAATATAC..ATTATATTAA]
16:26:40.076 - INFO - CDS - contig=contig_1, start=49785, stop=50759, strand=-, nt=[ATGGCATTCT..AAATAATTAA]
16:26:40.076 - INFO - CDS - contig=contig_1, start=50775, stop=52058, strand=+, nt=[ATGAATCTTT..AAATATTTAA]
16:26:40.077 - INFO - CDS - contig=contig_1, start=52045, stop=53379, strand=+, nt=[ATGAAAATAT..AGGTCGTTAG]
16:26:40.077 - INFO - CDS - contig=contig_1, start=53611, stop=56571, strand=+, nt=[ATGATTGTAG..TAATGATTAA]
16:26:40.077 - INFO - CDS - contig=contig_1, start=56564, stop=56734, strand=+, nt=[ATGATTAAAA..AATTTGGTAA]
16:26:40.077 - INFO - CDS - contig=contig_1, start=57069, stop=57746, strand=+, nt=[TTGGAAAAAG..TAGGATATAG]
16:26:40.077 - INFO - CDS - contig=contig_1, start=57721, stop=58743, strand=+, nt=[ATGAAATTAG..AGACCACTAA]
16:26:40.077 - INFO - CDS - contig=contig_1, start=58710, stop=59354, strand=+, nt=[ATGTATTTTA..TGGAATATAA]
16:26:40.077 - INFO - CDS - contig=contig_1, start=59344, stop=60489, strand=+, nt=[ATGGAATATA..TTTTTTATAA]
16:26:40.077 - INFO - CDS - contig=contig_1, start=60489, stop=61199, strand=+, nt=[ATGAATAAAG..TAGGAAATAA]
16:26:40.077 - INFO - CDS - contig=contig_1, start=61165, stop=61428, strand=+, nt=[ATGTTAAGAA..AATACTATAA]
16:26:40.077 - INFO - CDS - contig=contig_1, start=61409, stop=61645, strand=+, nt=[ATGAAATTAA..TACTTCCTAG]
16:26:40.077 - INFO - CDS - contig=contig_1, start=61709, stop=62200, strand=+, nt=[ATGAATCATA..AAATATATAA]
16:26:40.077 - INFO - CDS - contig=contig_1, start=62201, stop=62344, strand=+, nt=[ATGGCAGCAC..TCGGAATTGA]
16:26:40.077 - INFO - CDS - contig=contig_1, start=62987, stop=64024, strand=+, nt=[ATGAGAAATG..AAAAAAATGA]
16:26:40.077 - INFO - CDS - contig=contig_1, start=64021, stop=67092, strand=+, nt=[ATGAAAAAAA..ATATTTATGA]
16:26:40.077 - INFO - CDS - contig=contig_1, start=67089, stop=67646, strand=+, nt=[ATGAAAAAAA..TGAGTTATAG]
16:26:40.077 - INFO - CDS - contig=contig_1, start=67636, stop=68085, strand=+, nt=[ATGAGTTATA..AAAAAAATAG]
16:26:40.077 - INFO - CDS - contig=contig_1, start=68162, stop=69337, strand=+, nt=[ATGAATCAAA..CTTTAAATAA]
16:26:40.077 - INFO - CDS - contig=contig_1, start=69376, stop=70188, strand=+, nt=[ATGACGATTG..AAATGAATAA]
16:26:40.077 - INFO - CDS - contig=contig_1, start=70181, stop=71224, strand=+, nt=[ATGAATAATA..TGACACCTAG]
16:26:40.077 - INFO - CDS - contig=contig_1, start=71214, stop=72242, strand=+, nt=[ATGACACCTA..CTATTCGTGA]
16:26:40.077 - INFO - CDS - contig=contig_1, start=72473, stop=73060, strand=+, nt=[TTGTTTTTTT..TTTTAAATGA]
16:26:40.077 - INFO - CDS - contig=contig_1, start=73057, stop=74304, strand=+, nt=[ATGAATTTTA..TTATGATTAA]
16:26:40.077 - INFO - CDS - contig=contig_1, start=74297, stop=75268, strand=+, nt=[ATGATTAAAT..GGAATACTAA]
16:26:40.077 - INFO - CDS - contig=contig_1, start=75234, stop=75806, strand=+, nt=[ATGAAGGAAG..AGATATATAA]
16:26:40.077 - INFO - CDS - contig=contig_1, start=75809, stop=76408, strand=+, nt=[ATGATAGGTA..TTTAAAATGA]
16:26:40.077 - INFO - CDS - contig=contig_1, start=76405, stop=77094, strand=+, nt=[ATGAAAATAA..AAAAGAATAA]
16:26:40.077 - INFO - CDS - contig=contig_1, start=77079, stop=77816, strand=+, nt=[ATGTATAAAA..TGTCAGATAA]
16:26:40.077 - INFO - CDS - contig=contig_1, start=77806, stop=78102, strand=+, nt=[ATGTCAGATA..AAATGTTTAA]
16:26:40.077 - INFO - CDS - contig=contig_1, start=78095, stop=78376, strand=+, nt=[ATGTTTAAAA..GCCGAATTAA]
16:26:40.077 - INFO - CDS - contig=contig_1, start=78537, stop=79412, strand=+, nt=[ATGAAAAAAA..TTGTATGTGA]
16:26:40.077 - INFO - CDS - contig=contig_1, start=79482, stop=79835, strand=-, nt=[ATGTCTAGAG..TATAAGATAG]
16:26:40.077 - INFO - CDS - contig=contig_1, start=79828, stop=79977, strand=-, nt=[ATGAAAAAAA..AAATGTCTAG]
16:26:40.077 - INFO - CDS - contig=contig_1, start=79958, stop=80407, strand=-, nt=[GTGTTAATTA..AAACAAATAA]
16:26:40.077 - INFO - CDS - contig=contig_1, start=80495, stop=81553, strand=-, nt=[ATGTATAACA..TTTTGTATAG]
16:26:40.077 - INFO - CDS - contig=contig_1, start=81643, stop=81786, strand=+, nt=[ATGAAGGTGA..GAACCAATAA]
16:26:40.077 - INFO - CDS - contig=contig_1, start=81909, stop=82307, strand=+, nt=[ATGGTCGCAG..TATTTTTTAA]
16:26:40.077 - INFO - CDS - contig=contig_1, start=82266, stop=82760, strand=-, nt=[ATGAACAATG..TATCATCTGA]
16:26:40.078 - INFO - CDS - contig=contig_1, start=82757, stop=83695, strand=-, nt=[ATGAAAAAAA..TGTGAAATGA]
16:26:40.078 - INFO - CDS - contig=contig_1, start=83716, stop=84738, strand=+, nt=[ATGCTTATAG..ATGTTGTTGA]
16:26:40.078 - INFO - CDS - contig=contig_1, start=84729, stop=84899, strand=+, nt=[ATGTTGTTGA..TCTATATTAA]
16:26:40.078 - INFO - CDS - contig=contig_1, start=84899, stop=85507, strand=+, nt=[ATGTTTTTCG..AAGATGTTAG]
16:26:40.078 - INFO - CDS - contig=contig_1, start=85501, stop=86532, strand=+, nt=[ATGTTAGAAA..AAACTATTAA]
16:26:40.078 - INFO - CDS - contig=contig_1, start=86529, stop=87866, strand=-, nt=[ATGAAATTTA..TAAAAATTAA]
16:26:40.078 - INFO - CDS - contig=contig_1, start=87863, stop=89011, strand=-, nt=[ATGAATAAAA..AAGTGAATGA]
16:26:40.078 - INFO - CDS - contig=contig_1, start=89004, stop=90269, strand=-, nt=[ATGAATGTCT..TGATGAATAA]
16:26:40.078 - INFO - CDS - contig=contig_1, start=90266, stop=90448, strand=-, nt=[ATGATATACC..TAATAAATGA]
16:26:40.078 - INFO - CDS - contig=contig_1, start=90445, stop=90744, strand=-, nt=[ATGTACTACG..AAAAAAATGA]
16:26:40.078 - INFO - CDS - contig=contig_1, start=90746, stop=90985, strand=+, nt=[ATGAAAGAAT..CGGGAGTTGA]
16:26:40.078 - INFO - CDS - contig=contig_1, start=91112, stop=92302, strand=-, nt=[ATGTTTATAA..TAATTTTTAG]
16:26:40.078 - INFO - CDS - contig=contig_1, start=92303, stop=93604, strand=+, nt=[ATGAAAATAA..TGGGAAATGA]
16:26:40.078 - INFO - CDS - contig=contig_1, start=93601, stop=95361, strand=+, nt=[ATGAAAGAAT..AAAAAAATAA]
16:26:40.078 - INFO - CDS - contig=contig_1, start=95383, stop=95643, strand=+, nt=[ATGAAAAAAG..TGGAAAATAA]
16:26:40.078 - INFO - CDS - contig=contig_1, start=95633, stop=97225, strand=+, nt=[ATGGAAAATA..AATAACATAA]
16:26:40.078 - INFO - CDS - contig=contig_1, start=97229, stop=98479, strand=+, nt=[ATGAATTATA..AAATGTATAG]
16:26:40.078 - INFO - CDS - contig=contig_1, start=98472, stop=99452, strand=+, nt=[ATGTATAGAA..TATTAATTAA]
16:26:40.078 - INFO - CDS - contig=contig_1, start=99445, stop=100572, strand=-, nt=[ATGACGTTTT..AATTAATTAA]
16:26:40.078 - INFO - CDS - contig=contig_1, start=100659, stop=101300, strand=+, nt=[ATGAAGAACA..TATTAAATAA]
16:26:40.078 - INFO - CDS - contig=contig_1, start=101293, stop=102300, strand=-, nt=[ATGGATAAAT..GTTTATTTAA]
16:26:40.078 - INFO - CDS - contig=contig_1, start=102304, stop=104106, strand=-, nt=[ATGAAAAAAA..TGATAAATAA]
16:26:40.078 - INFO - CDS - contig=contig_1, start=104107, stop=104529, strand=-, nt=[ATGAATAAAA..CATAACATAA]
16:26:40.078 - INFO - CDS - contig=contig_1, start=104597, stop=105547, strand=+, nt=[ATGTCTGTTA..AATTAGATAA]
16:26:40.078 - INFO - CDS - contig=contig_1, start=105540, stop=106505, strand=-, nt=[ATGTATATAA..TGTTATCTAA]
16:26:40.078 - INFO - CDS - contig=contig_1, start=106496, stop=106999, strand=-, nt=[ATGATAATAA..ATGTATATAA]
16:26:40.078 - INFO - CDS - contig=contig_1, start=106996, stop=109128, strand=-, nt=[ATGATTAATA..CGTGATATGA]
16:26:40.078 - INFO - CDS - contig=contig_1, start=109121, stop=109738, strand=-, nt=[ATGAAAATTC..ATATGATTAA]
16:26:40.078 - INFO - CDS - contig=contig_1, start=109735, stop=110943, strand=-, nt=[ATGAATCCCT..AAAGTTATGA]
16:26:40.078 - INFO - CDS - contig=contig_1, start=110930, stop=111613, strand=-, nt=[TTGTTTAAGA..ATCCCTTTAA]
16:26:40.078 - INFO - CDS - contig=contig_1, start=111648, stop=112097, strand=+, nt=[ATGTTATTTC..TTGTAATTAA]
16:26:40.078 - INFO - CDS - contig=contig_1, start=112083, stop=112325, strand=-, nt=[ATGGCAAAAA..TACAATATAG]
16:26:40.078 - INFO - CDS - contig=contig_1, start=112325, stop=112618, strand=-, nt=[ATGATAATAA..GATTTATTAA]
16:26:40.078 - INFO - CDS - contig=contig_1, start=112596, stop=113348, strand=-, nt=[ATGATATTTA..TCGAATATAA]
16:26:40.078 - INFO - CDS - contig=contig_1, start=113432, stop=114688, strand=+, nt=[ATGAAAATAA..AAAACCTTGA]
16:26:40.078 - INFO - CDS - contig=contig_1, start=119211, stop=119750, strand=+, nt=[ATGCATACCG..TAAAATTTAA]
16:26:40.078 - INFO - CDS - contig=contig_1, start=119737, stop=120291, strand=+, nt=[ATGATAAAAT..AAAAATATAA]
16:26:40.078 - INFO - CDS - contig=contig_1, start=120291, stop=120494, strand=+, nt=[ATGAAAATAA..AATTATATAA]
16:26:40.079 - INFO - CDS - contig=contig_1, start=120497, stop=121312, strand=+, nt=[ATGAAAAAAC..TAAGAGATGA]
16:26:40.079 - INFO - CDS - contig=contig_1, start=121309, stop=121599, strand=+, nt=[ATGATGAAAA..AAAAAAATAA]
16:26:40.079 - INFO - CDS - contig=contig_1, start=121602, stop=121928, strand=+, nt=[ATGAAATTTT..ATATATATAA]
16:26:40.079 - INFO - CDS - contig=contig_1, start=121928, stop=122530, strand=+, nt=[ATGGGAAATA..AATTTACTAA]
16:26:40.079 - INFO - CDS - contig=contig_1, start=122511, stop=122912, strand=+, nt=[ATGAAAAAAA..TATTTTTTAA]
16:26:40.079 - INFO - CDS - contig=contig_1, start=122912, stop=123142, strand=+, nt=[ATGAAATTCA..AATAAAATGA]
16:26:40.079 - INFO - CDS - contig=contig_1, start=123139, stop=123504, strand=+, nt=[ATGATAATTA..TGTATTTTAA]
16:26:40.079 - INFO - CDS - contig=contig_1, start=123507, stop=124046, strand=+, nt=[ATGATTAAAA..ATTTTTCTAA]
16:26:40.079 - INFO - CDS - contig=contig_1, start=124046, stop=124315, strand=+, nt=[ATGTCTAAAA..TAGTTGGTAA]
16:26:40.079 - INFO - CDS - contig=contig_1, start=124315, stop=124713, strand=+, nt=[ATGAAAAAAT..AAATGTCTAA]
16:26:40.079 - INFO - CDS - contig=contig_1, start=124706, stop=125254, strand=+, nt=[ATGTCTAAAA..AAAAAAATAA]
16:26:40.079 - INFO - CDS - contig=contig_1, start=125259, stop=125567, strand=+, nt=[ATGTATAGTA..AAAAAAATGA]
16:26:40.079 - INFO - CDS - contig=contig_1, start=125564, stop=126004, strand=+, nt=[ATGAATTATG..AAATATTTAA]
16:26:40.079 - INFO - CDS - contig=contig_1, start=125979, stop=126344, strand=+, nt=[ATGAACATAA..TATTAAATGA]
16:26:40.079 - INFO - CDS - contig=contig_1, start=126341, stop=126448, strand=+, nt=[ATGATAAATA..AAATTACTAA]
16:26:40.079 - INFO - CDS - contig=contig_1, start=126483, stop=126596, strand=+, nt=[ATGTCAGGAA..AATAAGATGA]
16:26:40.079 - INFO - CDS - contig=contig_1, start=126593, stop=126706, strand=+, nt=[ATGAAAGTTA..GCAAGGATGA]
16:26:40.079 - INFO - CDS - contig=contig_1, start=126703, stop=127041, strand=+, nt=[ATGAATATTT..AAAAATATGA]
16:26:40.079 - INFO - CDS - contig=contig_1, start=127038, stop=127373, strand=+, nt=[ATGATAATAC..AAGAACATGA]
16:26:40.079 - INFO - CDS - contig=contig_1, start=127370, stop=127936, strand=+, nt=[ATGAAAATAT..AAATAAATGA]
16:26:40.079 - INFO - CDS - contig=contig_1, start=127933, stop=128787, strand=+, nt=[ATGATCTTGA..AATTAAATGA]
16:26:40.079 - INFO - CDS - contig=contig_1, start=128784, stop=129041, strand=+, nt=[ATGAGACATA..AAAAAAATGA]
16:26:40.079 - INFO - CDS - contig=contig_1, start=129038, stop=129166, strand=+, nt=[ATGATAATAA..ATTTATATAA]
16:26:40.079 - INFO - CDS - contig=contig_1, start=129159, stop=130256, strand=-, nt=[ATGAAAATAA..ATTTATATAA]
16:26:40.079 - INFO - CDS - contig=contig_1, start=130671, stop=131738, strand=+, nt=[ATGTATAATT..AGTTAATTAG]
16:26:40.079 - INFO - CDS - contig cds: predicted=150
16:26:40.079 - INFO - CDS - predicted=150
16:26:40.079 - INFO - ORF - write internal aa seqs: # seqs=150, path=/tmp/tmpav4x1yqs/cds.spurious.faa
16:26:40.306 - INFO - ORF - discarded=0
16:26:40.392 - INFO - UPS - looked-up=0
16:26:40.393 - INFO - IPS - looked-up=0
16:26:40.393 - INFO - ORF - write internal aa seqs: # seqs=150, path=/tmp/tmpav4x1yqs/cds.psc.faa
16:29:04.531 - INFO - PSC - found: PSC=0, PSCC=35
16:29:04.556 - INFO - PSC - looked-up=35
16:29:04.567 - INFO - PSCC - looked-up=29
16:29:04.567 - INFO - ORF - write internal aa seqs: # seqs=150, path=/tmp/tmpav4x1yqs/cds.expert.faa
16:29:06.638 - INFO - EXPERT-AMRFINDER - found=0
16:29:06.960 - INFO - EXPERT_AA_SEQ - found=0
16:29:06.978 - INFO - ORF - write internal aa seqs: # seqs=121, path=/tmp/tmpav4x1yqs/cds.pseudo.candidates.faa
16:31:41.985 - INFO - CDS - found: pseudogene-candidates=0
16:31:42.005 - INFO - PSC - looked-up=0
16:31:42.008 - INFO - PSCC - looked-up=0
16:31:42.009 - INFO - ORF - write internal aa seqs: # seqs=121, path=/tmp/tmpav4x1yqs/hypotheticals.faa
16:31:52.791 - INFO - CDS - pfam detected: contig=contig_1, start=68162, stop=69337, strand=+, pfam-id=PF00004.32, length=132, aa-start=109, aa-stop=245, aa-cov=0.4, hmm-cov=0.8, evalue=2.9e-17, bitscore=56.3, name=AAA
16:31:52.792 - INFO - CDS - pfam detected: contig=contig_1, start=70181, stop=71224, strand=+, pfam-id=PF00004.32, length=132, aa-start=41, aa-stop=176, aa-cov=0.4, hmm-cov=0.9, evalue=2.7e-13, bitscore=43.5, name=AAA
16:31:52.792 - INFO - CDS - pfam detected: contig=contig_1, start=68162, stop=69337, strand=+, pfam-id=PF07724.17, length=171, aa-start=104, aa-stop=287, aa-cov=0.5, hmm-cov=1.0, evalue=2.1e-49, bitscore=160.9, name=AAA_2
16:31:52.792 - INFO - CDS - pfam detected: contig=contig_1, start=89004, stop=90269, strand=-, pfam-id=PF13481.9, length=194, aa-start=165, aa-stop=349, aa-cov=0.4, hmm-cov=0.9, evalue=4.1e-09, bitscore=29.2, name=AAA_25
16:31:52.792 - INFO - CDS - pfam detected: contig=contig_1, start=83716, stop=84738, strand=+, pfam-id=PF00155.24, length=363, aa-start=9, aa-stop=324, aa-cov=0.9, hmm-cov=0.8, evalue=4.3e-33, bitscore=107.8, name=Aminotran_1_2
16:31:52.792 - INFO - CDS - pfam detected: contig=contig_1, start=74297, stop=75268, strand=+, pfam-id=PF00155.24, length=363, aa-start=5, aa-stop=305, aa-cov=0.9, hmm-cov=0.8, evalue=2.5e-30, bitscore=98.8, name=Aminotran_1_2
16:31:52.792 - INFO - CDS - pfam detected: contig=contig_1, start=35114, stop=36244, strand=+, pfam-id=PF00155.24, length=363, aa-start=30, aa-stop=207, aa-cov=0.5, hmm-cov=0.4, evalue=3.4e-07, bitscore=22.6, name=Aminotran_1_2
16:31:52.792 - INFO - CDS - pfam detected: contig=contig_1, start=23118, stop=24239, strand=+, pfam-id=PF00266.22, length=371, aa-start=5, aa-stop=360, aa-cov=1.0, hmm-cov=1.0, evalue=7.8e-58, bitscore=189.0, name=Aminotran_5
16:31:52.793 - INFO - CDS - pfam detected: contig=contig_1, start=29389, stop=31728, strand=-, pfam-id=PF08264.16, length=152, aa-start=555, aa-stop=709, aa-cov=0.2, hmm-cov=0.9, evalue=5.4e-20, bitscore=64.9, name=Anticodon_1
16:31:52.793 - INFO - CDS - pfam detected: contig=contig_1, start=71214, stop=72242, strand=+, pfam-id=PF00025.24, length=175, aa-start=122, aa-stop=289, aa-cov=0.5, hmm-cov=0.9, evalue=6.9e-08, bitscore=25.1, name=Arf
16:31:52.793 - INFO - CDS - pfam detected: contig=contig_1, start=89004, stop=90269, strand=-, pfam-id=PF06745.16, length=231, aa-start=171, aa-stop=356, aa-cov=0.4, hmm-cov=0.7, evalue=5.5e-09, bitscore=28.6, name=ATPase
16:31:52.793 - INFO - CDS - pfam detected: contig=contig_1, start=68162, stop=69337, strand=+, pfam-id=PF10431.12, length=81, aa-start=293, aa-stop=364, aa-cov=0.2, hmm-cov=0.8, evalue=7.2e-08, bitscore=25.4, name=ClpB_D2-small
16:31:52.793 - INFO - CDS - pfam detected: contig=contig_1, start=64021, stop=67092, strand=+, pfam-id=PF02786.20, length=211, aa-start=121, aa-stop=333, aa-cov=0.2, hmm-cov=1.0, evalue=3.3e-57, bitscore=186.3, name=CPSase_L_D2
16:31:52.793 - INFO - CDS - pfam detected: contig=contig_1, start=64021, stop=67092, strand=+, pfam-id=PF02786.20, length=211, aa-start=662, aa-stop=852, aa-cov=0.2, hmm-cov=0.9, evalue=3.3e-57, bitscore=186.3, name=CPSase_L_D2
16:31:52.793 - INFO - CDS - pfam detected: contig=contig_1, start=62987, stop=64024, strand=+, pfam-id=PF00988.25, length=125, aa-start=6, aa-stop=131, aa-cov=0.4, hmm-cov=1.0, evalue=7.8e-28, bitscore=89.8, name=CPSase_sm_chain
16:31:52.793 - INFO - CDS - pfam detected: contig=contig_1, start=35114, stop=36244, strand=+, pfam-id=PF01053.23, length=382, aa-start=4, aa-stop=370, aa-cov=1.0, hmm-cov=1.0, evalue=4.0e-69, bitscore=225.8, name=Cys_Met_Meta_PP
16:31:52.793 - INFO - CDS - pfam detected: contig=contig_1, start=109121, stop=109738, strand=-, pfam-id=PF05173.17, length=121, aa-start=97, aa-stop=204, aa-cov=0.5, hmm-cov=1.0, evalue=1.3e-16, bitscore=53.7, name=DapB_C
16:31:52.793 - INFO - CDS - pfam detected: contig=contig_1, start=109121, stop=109738, strand=-, pfam-id=PF01113.23, length=124, aa-start=7, aa-stop=94, aa-cov=0.4, hmm-cov=0.5, evalue=2.6e-14, bitscore=46.3, name=DapB_N
16:31:52.793 - INFO - CDS - pfam detected: contig=contig_1, start=26223, stop=26819, strand=-, pfam-id=PF00701.25, length=289, aa-start=5, aa-stop=195, aa-cov=1.0, hmm-cov=0.7, evalue=1.4e-35, bitscore=115.3, name=DHDPS
16:31:52.793 - INFO - CDS - pfam detected: contig=contig_1, start=130671, stop=131738, strand=+, pfam-id=PF01761.23, length=262, aa-start=56, aa-stop=316, aa-cov=0.7, hmm-cov=1.0, evalue=1.2e-73, bitscore=240.5, name=DHQ_synthase
16:31:52.794 - INFO - CDS - pfam detected: contig=contig_1, start=89004, stop=90269, strand=-, pfam-id=PF00772.24, length=103, aa-start=5, aa-stop=99, aa-cov=0.2, hmm-cov=0.9, evalue=8.3e-14, bitscore=44.6, name=DnaB
16:31:52.794 - INFO - CDS - pfam detected: contig=contig_1, start=89004, stop=90269, strand=-, pfam-id=PF03796.18, length=254, aa-start=171, aa-stop=420, aa-cov=0.6, hmm-cov=1.0, evalue=2.2e-82, bitscore=269.1, name=DnaB_C
16:31:52.794 - INFO - CDS - pfam detected: contig=contig_1, start=101293, stop=102300, strand=-, pfam-id=PF00226.34, length=63, aa-start=3, aa-stop=63, aa-cov=0.2, hmm-cov=0.9, evalue=5.9e-25, bitscore=80.2, name=DnaJ
16:31:52.794 - INFO - CDS - pfam detected: contig=contig_1, start=101293, stop=102300, strand=-, pfam-id=PF01556.21, length=149, aa-start=101, aa-stop=316, aa-cov=0.6, hmm-cov=0.9, evalue=2.4e-19, bitscore=62.8, name=DnaJ_C
16:31:52.794 - INFO - CDS - pfam detected: contig=contig_1, start=101293, stop=102300, strand=-, pfam-id=PF00684.22, length=66, aa-start=128, aa-stop=188, aa-cov=0.2, hmm-cov=1.0, evalue=9.2e-13, bitscore=41.3, name=DnaJ_CXXCXGXG
16:31:52.794 - INFO - CDS - pfam detected: contig=contig_1, start=53611, stop=56571, strand=+, pfam-id=PF07733.15, length=260, aa-start=268, aa-stop=524, aa-cov=0.3, hmm-cov=1.0, evalue=1.8e-71, bitscore=233.7, name=DNA_pol3_alpha
16:31:52.794 - INFO - CDS - pfam detected: contig=contig_1, start=70181, stop=71224, strand=+, pfam-id=PF13177.9, length=161, aa-start=20, aa-stop=177, aa-cov=0.5, hmm-cov=1.0, evalue=4.9e-27, bitscore=87.9, name=DNA_pol3_delta2
16:31:52.794 - INFO - CDS - pfam detected: contig=contig_1, start=53611, stop=56571, strand=+, pfam-id=PF17657.4, length=166, aa-start=515, aa-stop=679, aa-cov=0.2, hmm-cov=0.9, evalue=6.3e-35, bitscore=112.9, name=DNA_pol3_finger
16:31:52.794 - INFO - CDS - pfam detected: contig=contig_1, start=92303, stop=93604, strand=+, pfam-id=PF02421.21, length=156, aa-start=212, aa-stop=354, aa-cov=0.3, hmm-cov=0.5, evalue=3.4e-11, bitscore=35.9, name=FeoB_N
16:31:52.794 - INFO - CDS - pfam detected: contig=contig_1, start=38771, stop=39346, strand=-, pfam-id=PF00117.31, length=191, aa-start=3, aa-stop=187, aa-cov=1.0, hmm-cov=1.0, evalue=1.4e-36, bitscore=119.0, name=GATase
16:31:52.794 - INFO - CDS - pfam detected: contig=contig_1, start=62987, stop=64024, strand=+, pfam-id=PF00117.31, length=191, aa-start=171, aa-stop=341, aa-cov=0.5, hmm-cov=0.9, evalue=8.7e-29, bitscore=93.6, name=GATase
16:31:52.794 - INFO - CDS - pfam detected: contig=contig_1, start=75809, stop=76408, strand=+, pfam-id=PF00117.31, length=191, aa-start=4, aa-stop=199, aa-cov=1.0, hmm-cov=0.9, evalue=6.7e-12, bitscore=38.5, name=GATase
16:31:52.794 - INFO - CDS - pfam detected: contig=contig_1, start=19441, stop=20799, strand=-, pfam-id=PF00009.30, length=195, aa-start=8, aa-stop=170, aa-cov=0.4, hmm-cov=1.0, evalue=3.7e-19, bitscore=62.0, name=GTP_EFTU
16:31:52.795 - INFO - CDS - pfam detected: contig=contig_1, start=84899, stop=85507, strand=+, pfam-id=PF14602.9, length=34, aa-start=107, aa-stop=142, aa-cov=0.2, hmm-cov=1.0, evalue=1.2e-16, bitscore=53.2, name=Hexapep_2
16:31:52.795 - INFO - CDS - pfam detected: contig=contig_1, start=53611, stop=56571, strand=+, pfam-id=PF14579.9, length=90, aa-start=751, aa-stop=839, aa-cov=0.1, hmm-cov=0.9, evalue=1.7e-22, bitscore=72.5, name=HHH_6
16:31:52.795 - INFO - CDS - pfam detected: contig=contig_1, start=87863, stop=89011, strand=-, pfam-id=PF00742.22, length=173, aa-start=127, aa-stop=302, aa-cov=0.5, hmm-cov=1.0, evalue=1.8e-32, bitscore=105.6, name=Homoserine_dh
16:31:52.795 - INFO - CDS - pfam detected: contig=contig_1, start=37032, stop=37799, strand=-, pfam-id=PF00218.24, length=254, aa-start=4, aa-stop=239, aa-cov=0.9, hmm-cov=0.9, evalue=1.0e-28, bitscore=93.1, name=IGPS
16:31:52.795 - INFO - CDS - pfam detected: contig=contig_1, start=109735, stop=110943, strand=-, pfam-id=PF00390.22, length=182, aa-start=12, aa-stop=114, aa-cov=0.3, hmm-cov=0.6, evalue=3.2e-29, bitscore=94.9, name=malic
16:31:52.795 - INFO - CDS - pfam detected: contig=contig_1, start=109735, stop=110943, strand=-, pfam-id=PF03949.18, length=258, aa-start=157, aa-stop=382, aa-cov=0.6, hmm-cov=1.0, evalue=6.4e-22, bitscore=70.9, name=Malic_M
16:31:52.795 - INFO - CDS - pfam detected: contig=contig_1, start=68162, stop=69337, strand=+, pfam-id=PF00493.26, length=224, aa-start=49, aa-stop=212, aa-cov=0.4, hmm-cov=0.5, evalue=1.1e-10, bitscore=33.9, name=MCM
16:31:52.795 - INFO - CDS - pfam detected: contig=contig_1, start=22282, stop=22824, strand=-, pfam-id=PF08241.15, length=96, aa-start=48, aa-stop=146, aa-cov=0.6, hmm-cov=1.0, evalue=1.1e-06, bitscore=22.2, name=Methyltransf_11
16:31:52.795 - INFO - CDS - pfam detected: contig=contig_1, start=22282, stop=22824, strand=-, pfam-id=PF13649.9, length=97, aa-start=47, aa-stop=142, aa-cov=0.5, hmm-cov=1.0, evalue=4.6e-09, bitscore=29.9, name=Methyltransf_25
16:31:52.795 - INFO - CDS - pfam detected: contig=contig_1, start=22282, stop=22824, strand=-, pfam-id=PF13847.9, length=152, aa-start=41, aa-stop=176, aa-cov=0.8, hmm-cov=0.7, evalue=6.0e-13, bitscore=41.8, name=Methyltransf_31
16:31:52.795 - INFO - CDS - pfam detected: contig=contig_1, start=32025, stop=34214, strand=+, pfam-id=PF08267.15, length=313, aa-start=3, aa-stop=298, aa-cov=0.4, hmm-cov=1.0, evalue=2.0e-54, bitscore=178.1, name=Meth_synt_1
16:31:52.795 - INFO - CDS - pfam detected: contig=contig_1, start=32025, stop=34214, strand=+, pfam-id=PF01717.21, length=324, aa-start=395, aa-stop=720, aa-cov=0.4, hmm-cov=1.0, evalue=2.4e-78, bitscore=256.5, name=Meth_synt_2
16:31:52.795 - INFO - CDS - pfam detected: contig=contig_1, start=22282, stop=22824, strand=-, pfam-id=PF05175.17, length=170, aa-start=14, aa-stop=173, aa-cov=0.9, hmm-cov=0.7, evalue=3.0e-11, bitscore=36.2, name=MTS
16:31:52.795 - INFO - CDS - pfam detected: contig=contig_1, start=129159, stop=130256, strand=-, pfam-id=PF02784.19, length=247, aa-start=20, aa-stop=254, aa-cov=0.6, hmm-cov=1.0, evalue=2.5e-48, bitscore=157.5, name=Orn_Arg_deC_N
16:31:52.795 - INFO - CDS - pfam detected: contig=contig_1, start=129159, stop=130256, strand=-, pfam-id=PF00278.25, length=95, aa-start=16, aa-stop=343, aa-cov=0.9, hmm-cov=1.0, evalue=1.0e-20, bitscore=66.7, name=Orn_DAP_Arg_deC
16:31:52.796 - INFO - CDS - pfam detected: contig=contig_1, start=78537, stop=79412, strand=+, pfam-id=PF00185.27, length=157, aa-start=146, aa-stop=286, aa-cov=0.5, hmm-cov=1.0, evalue=3.8e-29, bitscore=94.7, name=OTCace
16:31:52.796 - INFO - CDS - pfam detected: contig=contig_1, start=78537, stop=79412, strand=+, pfam-id=PF02729.24, length=146, aa-start=4, aa-stop=140, aa-cov=0.5, hmm-cov=1.0, evalue=3.8e-32, bitscore=104.3, name=OTCace_N
16:31:52.796 - INFO - CDS - pfam detected: contig=contig_1, start=25528, stop=26226, strand=-, pfam-id=PF03462.21, length=192, aa-start=5, aa-stop=101, aa-cov=0.4, hmm-cov=0.5, evalue=7.3e-17, bitscore=54.7, name=PCRF
16:31:52.796 - INFO - CDS - pfam detected: contig=contig_1, start=19441, stop=20799, strand=-, pfam-id=PF10662.12, length=143, aa-start=9, aa-stop=166, aa-cov=0.3, hmm-cov=0.9, evalue=9.0e-08, bitscore=25.0, name=PduV-EutP
16:31:52.796 - INFO - CDS - pfam detected: contig=contig_1, start=13864, stop=14295, strand=+, pfam-id=PF01327.24, length=159, aa-start=1, aa-stop=143, aa-cov=1.0, hmm-cov=1.0, evalue=2.7e-38, bitscore=124.0, name=Pep_deformylase
16:31:52.796 - INFO - CDS - pfam detected: contig=contig_1, start=58710, stop=59354, strand=+, pfam-id=PF00697.25, length=193, aa-start=12, aa-stop=210, aa-cov=0.9, hmm-cov=1.0, evalue=2.3e-33, bitscore=108.4, name=PRAI
16:31:52.796 - INFO - CDS - pfam detected: contig=contig_1, start=20908, stop=21774, strand=+, pfam-id=PF13793.9, length=116, aa-start=1, aa-stop=119, aa-cov=0.4, hmm-cov=1.0, evalue=7.9e-26, bitscore=83.3, name=Pribosyltran_N
16:31:52.796 - INFO - CDS - pfam detected: contig=contig_1, start=20908, stop=21774, strand=+, pfam-id=PF14572.9, length=184, aa-start=171, aa-stop=288, aa-cov=0.4, hmm-cov=0.6, evalue=9.0e-10, bitscore=31.7, name=Pribosyl_synth
16:31:52.796 - INFO - CDS - pfam detected: contig=contig_1, start=1269, stop=1685, strand=+, pfam-id=PF03946.17, length=58, aa-start=3, aa-stop=61, aa-cov=0.4, hmm-cov=0.9, evalue=4.8e-16, bitscore=51.4, name=Ribosomal_L11_N
16:31:52.796 - INFO - CDS - pfam detected: contig=contig_1, start=2694, stop=3053, strand=+, pfam-id=PF00542.22, length=67, aa-start=55, aa-stop=119, aa-cov=0.5, hmm-cov=0.9, evalue=1.8e-14, bitscore=46.9, name=Ribosomal_L12
16:31:52.796 - INFO - CDS - pfam detected: contig=contig_1, start=121602, stop=121928, strand=+, pfam-id=PF00237.22, length=103, aa-start=2, aa-stop=107, aa-cov=1.0, hmm-cov=1.0, evalue=1.6e-09, bitscore=31.0, name=Ribosomal_L22
16:31:52.796 - INFO - CDS - pfam detected: contig=contig_1, start=126593, stop=126706, strand=+, pfam-id=PF00444.21, length=38, aa-start=1, aa-stop=37, aa-cov=1.0, hmm-cov=1.0, evalue=1.2e-16, bitscore=53.6, name=Ribosomal_L36
16:31:52.796 - INFO - CDS - pfam detected: contig=contig_1, start=13557, stop=13889, strand=+, pfam-id=PF00338.25, length=98, aa-start=6, aa-stop=99, aa-cov=0.9, hmm-cov=0.9, evalue=5.2e-17, bitscore=54.9, name=Ribosomal_S10
16:31:52.796 - INFO - CDS - pfam detected: contig=contig_1, start=122912, stop=123142, strand=+, pfam-id=PF00366.23, length=68, aa-start=15, aa-stop=73, aa-cov=0.8, hmm-cov=0.8, evalue=1.9e-10, bitscore=33.7, name=Ribosomal_S17
16:31:52.796 - INFO - CDS - pfam detected: contig=contig_1, start=121928, stop=122530, strand=+, pfam-id=PF00189.23, length=83, aa-start=112, aa-stop=193, aa-cov=0.4, hmm-cov=1.0, evalue=1.8e-20, bitscore=66.2, name=Ribosomal_S3_C
16:31:52.797 - INFO - CDS - pfam detected: contig=contig_1, start=125564, stop=126004, strand=+, pfam-id=PF00333.23, length=65, aa-start=1, aa-stop=63, aa-cov=0.4, hmm-cov=0.9, evalue=2.8e-09, bitscore=29.9, name=Ribosomal_S5
16:31:52.797 - INFO - CDS - pfam detected: contig=contig_1, start=125564, stop=126004, strand=+, pfam-id=PF03719.18, length=71, aa-start=75, aa-stop=145, aa-cov=0.5, hmm-cov=0.9, evalue=6.1e-12, bitscore=37.9, name=Ribosomal_S5_C
16:31:52.797 - INFO - CDS - pfam detected: contig=contig_1, start=11036, stop=11506, strand=+, pfam-id=PF00177.24, length=149, aa-start=1, aa-stop=149, aa-cov=1.0, hmm-cov=1.0, evalue=1.0e-45, bitscore=148.0, name=Ribosomal_S7
16:31:52.797 - INFO - CDS - pfam detected: contig=contig_1, start=124315, stop=124713, strand=+, pfam-id=PF00410.22, length=126, aa-start=5, aa-stop=129, aa-cov=0.9, hmm-cov=1.0, evalue=4.2e-16, bitscore=52.0, name=Ribosomal_S8
16:31:52.797 - INFO - CDS - pfam detected: contig=contig_1, start=127933, stop=128787, strand=+, pfam-id=PF01000.29, length=112, aa-start=51, aa-stop=148, aa-cov=0.3, hmm-cov=0.9, evalue=1.8e-11, bitscore=37.4, name=RNA_pol_A_bac
16:31:52.797 - INFO - CDS - pfam detected: contig=contig_1, start=6834, stop=10667, strand=+, pfam-id=PF04997.15, length=312, aa-start=1, aa-stop=319, aa-cov=0.2, hmm-cov=1.0, evalue=1.0e-62, bitscore=205.2, name=RNA_pol_Rpb1_1
16:31:52.797 - INFO - CDS - pfam detected: contig=contig_1, start=6834, stop=10667, strand=+, pfam-id=PF00623.23, length=166, aa-start=321, aa-stop=372, aa-cov=0.0, hmm-cov=0.2, evalue=7.0e-36, bitscore=116.9, name=RNA_pol_Rpb1_2
16:31:52.797 - INFO - CDS - pfam detected: contig=contig_1, start=6834, stop=10667, strand=+, pfam-id=PF00623.23, length=166, aa-start=363, aa-stop=463, aa-cov=0.1, hmm-cov=0.5, evalue=7.0e-36, bitscore=116.9, name=RNA_pol_Rpb1_2
16:31:52.797 - INFO - CDS - pfam detected: contig=contig_1, start=6834, stop=10667, strand=+, pfam-id=PF04983.21, length=157, aa-start=466, aa-stop=607, aa-cov=0.1, hmm-cov=1.0, evalue=2.6e-15, bitscore=49.7, name=RNA_pol_Rpb1_3
16:31:52.797 - INFO - CDS - pfam detected: contig=contig_1, start=6834, stop=10667, strand=+, pfam-id=PF05000.20, length=108, aa-start=625, aa-stop=736, aa-cov=0.1, hmm-cov=0.6, evalue=1.3e-09, bitscore=30.9, name=RNA_pol_Rpb1_4
16:31:52.797 - INFO - CDS - pfam detected: contig=contig_1, start=6834, stop=10667, strand=+, pfam-id=PF04998.20, length=267, aa-start=726, aa-stop=1228, aa-cov=0.4, hmm-cov=1.0, evalue=6.3e-57, bitscore=185.9, name=RNA_pol_Rpb1_5
16:31:52.797 - INFO - CDS - pfam detected: contig=contig_1, start=3055, stop=6834, strand=+, pfam-id=PF04565.19, length=68, aa-start=474, aa-stop=542, aa-cov=0.1, hmm-cov=1.0, evalue=1.8e-21, bitscore=69.1, name=RNA_pol_Rpb2_3
16:31:52.797 - INFO - CDS - pfam detected: contig=contig_1, start=3055, stop=6834, strand=+, pfam-id=PF00562.31, length=389, aa-start=625, aa-stop=1182, aa-cov=0.4, hmm-cov=1.0, evalue=2.6e-103, bitscore=339.0, name=RNA_pol_Rpb2_6
16:31:52.797 - INFO - CDS - pfam detected: contig=contig_1, start=3055, stop=6834, strand=+, pfam-id=PF04560.23, length=87, aa-start=1184, aa-stop=1259, aa-cov=0.1, hmm-cov=1.0, evalue=3.9e-26, bitscore=84.3, name=RNA_pol_Rpb2_7
16:31:52.797 - INFO - CDS - pfam detected: contig=contig_1, start=15640, stop=16332, strand=-, pfam-id=PF00398.23, length=265, aa-start=2, aa-stop=219, aa-cov=0.9, hmm-cov=0.8, evalue=1.2e-26, bitscore=86.3, name=RrnaAD
16:31:52.797 - INFO - CDS - pfam detected: contig=contig_1, start=127370, stop=127936, strand=+, pfam-id=PF01479.28, length=48, aa-start=90, aa-stop=137, aa-cov=0.3, hmm-cov=1.0, evalue=9.8e-20, bitscore=63.1, name=S4
16:31:52.797 - INFO - CDS - pfam detected: contig=contig_1, start=57721, stop=58743, strand=+, pfam-id=PF01118.27, length=121, aa-start=2, aa-stop=109, aa-cov=0.3, hmm-cov=1.0, evalue=1.6e-11, bitscore=37.6, name=Semialdhyde_dh
16:31:52.798 - INFO - CDS - pfam detected: contig=contig_1, start=57721, stop=58743, strand=+, pfam-id=PF02774.21, length=184, aa-start=131, aa-stop=319, aa-cov=0.6, hmm-cov=1.0, evalue=1.6e-24, bitscore=79.9, name=Semialdhyde_dhC
16:31:52.798 - INFO - CDS - pfam detected: contig=contig_1, start=52045, stop=53379, strand=+, pfam-id=PF04542.17, length=71, aa-start=207, aa-stop=277, aa-cov=0.2, hmm-cov=1.0, evalue=1.9e-21, bitscore=68.7, name=Sigma70_r2
16:31:52.798 - INFO - CDS - pfam detected: contig=contig_1, start=52045, stop=53379, strand=+, pfam-id=PF04545.19, length=50, aa-start=377, aa-stop=430, aa-cov=0.1, hmm-cov=1.0, evalue=1.0e-19, bitscore=62.8, name=Sigma70_r4
16:31:52.798 - INFO - CDS - pfam detected: contig=contig_1, start=48458, stop=49825, strand=-, pfam-id=PF00749.24, length=314, aa-start=17, aa-stop=327, aa-cov=0.7, hmm-cov=1.0, evalue=8.4e-64, bitscore=208.3, name=tRNA-synt_1c
16:31:52.798 - INFO - CDS - pfam detected: contig=contig_1, start=91112, stop=92302, strand=-, pfam-id=PF00749.24, length=314, aa-start=2, aa-stop=101, aa-cov=0.3, hmm-cov=0.3, evalue=1.1e-56, bitscore=184.9, name=tRNA-synt_1c
16:31:52.798 - INFO - CDS - pfam detected: contig=contig_1, start=91112, stop=92302, strand=-, pfam-id=PF00749.24, length=314, aa-start=97, aa-stop=266, aa-cov=0.4, hmm-cov=0.5, evalue=1.1e-56, bitscore=184.9, name=tRNA-synt_1c
16:31:52.798 - INFO - CDS - pfam detected: contig=contig_1, start=24488, stop=25531, strand=-, pfam-id=PF00152.23, length=314, aa-start=106, aa-stop=346, aa-cov=0.7, hmm-cov=0.7, evalue=6.6e-38, bitscore=123.4, name=tRNA-synt_2
16:31:52.798 - INFO - CDS - pfam detected: contig=contig_1, start=24231, stop=24347, strand=-, pfam-id=PF00152.23, length=314, aa-start=1, aa-stop=38, aa-cov=1.0, hmm-cov=0.1, evalue=3.3e-11, bitscore=35.7, name=tRNA-synt_2
16:31:52.798 - INFO - CDS - pfam detected: contig=contig_1, start=105540, stop=106505, strand=-, pfam-id=PF03054.19, length=202, aa-start=1, aa-stop=182, aa-cov=0.6, hmm-cov=1.0, evalue=1.4e-40, bitscore=132.0, name=tRNA_Me_trans
16:31:52.798 - INFO - CDS - pfam detected: contig=contig_1, start=105540, stop=106505, strand=-, pfam-id=PF20258.1, length=77, aa-start=249, aa-stop=321, aa-cov=0.2, hmm-cov=0.7, evalue=1.2e-06, bitscore=21.8, name=tRNA_Me_trans_C
16:31:52.798 - INFO - CDS - pfam detected: contig=contig_1, start=60489, stop=61199, strand=+, pfam-id=PF00290.23, length=259, aa-start=4, aa-stop=233, aa-cov=1.0, hmm-cov=0.8, evalue=7.7e-11, bitscore=34.3, name=Trp_syntA
16:31:52.798 - INFO - CDS - pfam detected: contig=contig_1, start=68162, stop=69337, strand=+, pfam-id=PF06689.16, length=39, aa-start=4, aa-stop=41, aa-cov=0.1, hmm-cov=1.0, evalue=3.6e-12, bitscore=39.0, name=zf-C4_ClpX
16:31:52.798 - INFO - CDS - pfam detected: contig=contig_1, start=50775, stop=52058, strand=+, pfam-id=PF01807.23, length=98, aa-start=1, aa-stop=86, aa-cov=0.2, hmm-cov=0.5, evalue=2.6e-14, bitscore=45.9, name=zf-CHC2
16:31:52.798 - INFO - CDS - predicted-pfams=93, CDS-w/-pfams=56
16:31:52.915 - INFO - S_ORF - predicted=1191
16:31:53.042 - INFO - S_ORF - sORF filter: # valid=95, # discarded=1096
16:31:53.042 - INFO - ORF - write internal aa seqs: # seqs=95, path=/tmp/tmpav4x1yqs/sorf.spurious.faa
16:31:53.156 - INFO - ORF - discarded=0
16:31:53.217 - INFO - UPS - looked-up=0
16:31:53.219 - INFO - IPS - looked-up=0
16:31:53.219 - INFO - ORF - write internal aa seqs: # seqs=95, path=/tmp/tmpav4x1yqs/sorf.faa
16:31:53.384 - INFO - S_ORF - found=0
16:31:53.385 - INFO - PSC - looked-up=0
16:31:54.773 - INFO - ORI - predicted=0
16:31:54.862 - INFO - ORI - predicted=0
16:31:54.862 - INFO - ANNOTATION - overlap: CDS (None/Elongation factor Tu) [1, 1188] overlapping tRNA (Trp_trna) [1187, 1257], [1187,1188], contig=contig_1
16:31:54.862 - INFO - ANNOTATION - overlap: CDS (None/hypothetical protein) [13864, 14295] overlapping tRNA (Phe_trna) [14286, 14358], [14286,14295], contig=contig_1
16:31:54.863 - INFO - ANNOTATION - overlap: CDS (None/hypothetical protein) [29173, 29385] overlapping tRNA (Ser_trna) [29117, 29199], [29173,29199], contig=contig_1
16:31:54.863 - INFO - ANNOTATION - overlap: CDS (None/hypothetical protein) [52045, 53379] overlapping tRNA (None) [53370, 53608], [53370,53379], contig=contig_1
16:31:54.863 - INFO - ANNOTATION - overlap: CDS (None/hypothetical protein) [56564, 56734] overlapping tRNA (Leu_trna) [56712, 56794], [56712,56734], contig=contig_1
16:31:54.863 - INFO - ANNOTATION - overlap: CDS (None/hypothetical protein) [61409, 61645] overlapping tRNA (Asn_trna) [61638, 61709], [61638,61645], contig=contig_1
16:31:54.863 - INFO - ANNOTATION - overlap: CDS (None/hypothetical protein) [61709, 62200] overlapping tRNA (Asn_trna) [61638, 61709], [61709,61709], contig=contig_1
16:31:54.863 - INFO - ANNOTATION - overlap: CDS (None/hypothetical protein) [69376, 70188] overlapping tRNA (None) [69341, 69412], [69376,69412], contig=contig_1
16:31:54.863 - INFO - ANNOTATION - overlap: CDS (None/hypothetical protein) [72473, 73060] overlapping tRNA (Arg_trna) [72406, 72477], [72473,72477], contig=contig_1
16:31:54.863 - INFO - ANNOTATION - overlap: CDS (None/Phosphoribosyl-ATP diphosphatase) [78095, 78376] overlapping tRNA (Thr_trna) [78367, 78437], [78367,78376], contig=contig_1
16:31:54.863 - INFO - ANNOTATION - overlap: CDS (None/hypothetical protein) [78537, 79412] overlapping tRNA (Lys_trna) [79399, 79472], [79399,79412], contig=contig_1
16:31:54.863 - INFO - ANNOTATION - overlap: CDS (None/Chorismate synthase) [80495, 81553] overlapping tRNA (Val_trna) [80425, 80496], [80495,80496], contig=contig_1
16:31:54.863 - INFO - ANNOTATION - overlap: CDS (None/hypothetical protein) [81643, 81786] overlapping tRNA (fMet_trna) [81760, 81832], [81760,81786], contig=contig_1
16:31:54.863 - INFO - ANNOTATION - overlap: CDS (None/hypothetical protein) [81909, 82307] overlapping tRNA (Pro_trna) [81868, 81939], [81909,81939], contig=contig_1
16:31:54.863 - INFO - ANNOTATION - overlap: CDS (None/hypothetical protein) [90746, 90985] overlapping tRNA (Asp_trna) [90967, 91040], [90967,90985], contig=contig_1
16:31:54.863 - INFO - ANNOTATION - overlap: CDS (None/hypothetical protein) [112596, 113348] overlapping tRNA (Ala_trna) [113348, 113419], [113348,113348], contig=contig_1
16:31:54.863 - INFO - ANNOTATION - overlap: CDS (None/hypothetical protein) [119211, 119750] overlapping rRNA (16S_rrna) [117752, 119259], [119211,119259], contig=contig_1
16:31:54.864 - INFO - UTILS - generated sequence tag prefix: prefix=CNIOOCLIOE, length=10, MD5=C7288C528E2C787C2F31AB79A85DE494
16:31:54.864 - INFO - MAIN - selected features=160
16:31:54.864 - INFO - MAIN - locus tag prefix=VFPENVAR
16:31:54.864 - INFO - UTILS - genome-size=131963
16:31:54.865 - INFO - UTILS - GC=0.206
16:31:54.867 - INFO - UTILS - N=0.000
16:31:54.867 - INFO - UTILS - N50=131963
16:31:54.867 - INFO - UTILS - coding-ratio=0.876
16:31:54.869 - INFO - TSV - write tsv: path=/home/diego/Documents/metagenomes/annotation_symbio_merge/annotation_Beta/genomes/bakta_VFPENVAR/bakta_VFPENVAR.tsv
16:31:54.869 - INFO - GFF - write GFF3: path=/home/diego/Documents/metagenomes/annotation_symbio_merge/annotation_Beta/genomes/bakta_VFPENVAR/bakta_VFPENVAR.gff3
16:31:55.090 - INFO - INSDC - write GenBank: path=/home/diego/Documents/metagenomes/annotation_symbio_merge/annotation_Beta/genomes/bakta_VFPENVAR/bakta_VFPENVAR.gbff
16:31:55.110 - INFO - INSDC - write EMBL: path=/home/diego/Documents/metagenomes/annotation_symbio_merge/annotation_Beta/genomes/bakta_VFPENVAR/bakta_VFPENVAR.embl
16:31:55.126 - INFO - FASTA - write genome sequences: path=/home/diego/Documents/metagenomes/annotation_symbio_merge/annotation_Beta/genomes/bakta_VFPENVAR/bakta_VFPENVAR.fna, description=True, wrap=True
16:31:55.126 - INFO - FASTA - write feature nucleotide sequences: path=/home/diego/Documents/metagenomes/annotation_symbio_merge/annotation_Beta/genomes/bakta_VFPENVAR/bakta_VFPENVAR.ffn
16:31:55.127 - INFO - FASTA - write translated CDS/sORF: path=/home/diego/Documents/metagenomes/annotation_symbio_merge/annotation_Beta/genomes/bakta_VFPENVAR/bakta_VFPENVAR.faa
16:31:55.127 - INFO - TSV - write hypothetical tsv: path=/home/diego/Documents/metagenomes/annotation_symbio_merge/annotation_Beta/genomes/bakta_VFPENVAR/bakta_VFPENVAR.hypotheticals.tsv
16:31:55.127 - INFO - FASTA - write translated CDS/sORF: path=/home/diego/Documents/metagenomes/annotation_symbio_merge/annotation_Beta/genomes/bakta_VFPENVAR/bakta_VFPENVAR.hypotheticals.faa
16:31:55.128 - INFO - JSON - write JSON: path=/home/diego/Documents/metagenomes/annotation_symbio_merge/annotation_Beta/genomes/bakta_VFPENVAR/bakta_VFPENVAR.json
16:31:55.137 - INFO - MAIN - removed tmp dir: /tmp/tmpav4x1yqs
