19:24:03.132 - INFO - UTILS - version=1.8.2
19:24:03.132 - INFO - UTILS - developer: Oliver Schwengers, github.com/oschwengers
19:24:03.132 - INFO - UTILS - command: /home/diego/miniconda3/envs/bakta/bin/bakta VFPENVAR.fasta --complete --translation-table 11 --keep-contig-headers --compliant --threads 30 --output annotation_bakta/bakta_VFPENVAR
19:24:03.132 - INFO - UTILS - local time: 2023-11-07 19:24:03
19:24:03.133 - INFO - UTILS - machine: type=x86_64, cores=32
19:24:03.133 - INFO - UTILS - system: type=Linux, release=6.5.0-10-generic
19:24:03.133 - INFO - UTILS - python: version=3.10.12, implementation=CPython
19:24:03.133 - INFO - CONFIG - threads=30
19:24:03.133 - INFO - CONFIG - verbose=False
19:24:03.133 - INFO - CONFIG - debug=False
19:24:03.133 - INFO - CONFIG - database: type=environment, path=/mnt/ssd/databases/bakta_db
19:24:03.133 - INFO - CONFIG - tmp-path=/tmp/tmp84wh1vyy
19:24:03.133 - INFO - CONFIG - genome-path=/home/diego/Documents/metagenomes/annotation_symbio_merge/annotation_Beta/genomes/VFPENVAR.fasta
19:24:03.133 - INFO - CONFIG - min_contig_length=1
19:24:03.133 - INFO - CONFIG - prefix=VFPENVAR
19:24:03.133 - INFO - CONFIG - output-path=/home/diego/Documents/metagenomes/annotation_symbio_merge/annotation_Beta/genomes/annotation_bakta/bakta_VFPENVAR
19:24:03.133 - INFO - CONFIG - force=False
19:24:03.133 - INFO - CONFIG - genus=None
19:24:03.133 - INFO - CONFIG - species=None
19:24:03.133 - INFO - CONFIG - strain=None
19:24:03.133 - INFO - CONFIG - plasmid=None
19:24:03.133 - INFO - CONFIG - complete=True
19:24:03.133 - INFO - CONFIG - prodigal_tf=None
19:24:03.133 - INFO - CONFIG - translation_table=11
19:24:03.134 - INFO - CONFIG - gram=?
19:24:03.134 - INFO - CONFIG - compliant=True
19:24:03.134 - INFO - CONFIG - compliant mode! min_contig_length=200
19:24:03.134 - INFO - CONFIG - meta=False
19:24:03.134 - INFO - CONFIG - locus=None
19:24:03.134 - INFO - CONFIG - locus-tag=None
19:24:03.134 - INFO - CONFIG - keep_contig_headers=True
19:24:03.134 - INFO - CONFIG - replicon-table=None
19:24:03.134 - INFO - CONFIG - skip-tRNA=False
19:24:03.134 - INFO - CONFIG - skip-tmRNA=False
19:24:03.134 - INFO - CONFIG - skip-rRNA=False
19:24:03.134 - INFO - CONFIG - skip-ncRNA=False
19:24:03.134 - INFO - CONFIG - skip-ncRNA-region=False
19:24:03.134 - INFO - CONFIG - skip-CRISPR=False
19:24:03.134 - INFO - CONFIG - skip-CDS=False
19:24:03.134 - INFO - CONFIG - skip-pseudo=False
19:24:03.134 - INFO - CONFIG - skip-sORF=False
19:24:03.134 - INFO - CONFIG - skip-gap=False
19:24:03.134 - INFO - CONFIG - skip-ori=False
19:24:03.134 - INFO - CONFIG - skip-plot=False
19:24:03.134 - INFO - DB - detected: major=5, minor=0, type=full, date=2023-02-20
19:24:03.168 - INFO - UTILS - dependency: tool=tRNAscan-SE, version=v2.0.12, path=/home/diego/miniconda3/envs/bakta/bin/tRNAscan-SE
19:24:03.168 - INFO - UTILS - dependency: tool=Aragorn, version=v1.2.41, path=/home/diego/miniconda3/envs/bakta/bin/aragorn
19:24:03.170 - INFO - UTILS - dependency: tool=CMscan, version=v1.1.4, path=/home/diego/miniconda3/envs/bakta/bin/cmscan
19:24:03.171 - INFO - UTILS - dependency: tool=PilerCR, version=v1.6.0, path=/home/diego/miniconda3/envs/bakta/bin/pilercr
19:24:03.197 - INFO - UTILS - dependency: tool=Pyrodigal, version=v2.3.0, path=/home/diego/miniconda3/envs/bakta/bin/python
19:24:03.198 - INFO - UTILS - dependency: tool=AMRFinderPlus, version=v3.11.18, path=/home/diego/miniconda3/envs/bakta/bin/amrfinder
19:24:03.226 - INFO - UTILS - dependency: tool=Pyhmmer, version=v0.10.2, path=/home/diego/miniconda3/envs/bakta/bin/python
19:24:03.227 - INFO - UTILS - dependency: tool=Diamond, version=v2.1.8, path=/home/diego/miniconda3/envs/bakta/bin/diamond
19:24:03.270 - INFO - UTILS - dependency: tool=Blastn, version=v2.14.1, path=/home/diego/miniconda3/envs/bakta/bin/blastn
19:24:03.420 - INFO - UTILS - dependency: tool=Circos, version=v0.69.8, path=/home/diego/miniconda3/envs/bakta/bin/circos
19:24:03.434 - INFO - FASTA - imported: id=VFPENVAR, length=131963, description=, genomic=True, dna=True
19:24:03.434 - INFO - MAIN - imported sequences=1
19:24:03.435 - INFO - UTILS - qc: revised sequence: id=VFPENVAR, orig-id=, type=contig, complete=True, topology=circular, name=, description='', orig-description=''
19:24:03.435 - INFO - FASTA - write genome sequences: path=/tmp/tmp84wh1vyy/contigs.fna, description=False, wrap=False
19:24:10.687 - INFO - T_RNA - contig=VFPENVAR, start=1187, stop=1257, strand=+, gene=trnW, product=tRNA-Trp(cca), score=53.5, nt=[AGAGATATAT..TCTGTCTCTG]
19:24:10.687 - INFO - T_RNA - contig=VFPENVAR, start=14286, stop=14358, strand=+, gene=trnF, product=tRNA-Phe(gaa), score=67.8, nt=[GGTTCAATAG..CTTTGAACCA]
19:24:10.687 - INFO - T_RNA - contig=VFPENVAR, start=20829, stop=20900, strand=+, gene=trnQ, product=tRNA-Gln(ttg), score=67.2, nt=[CGGGAAGTAG..GTCTTCCTTG]
19:24:10.687 - INFO - T_RNA - contig=VFPENVAR, start=29117, stop=29199, strand=+, gene=trnS, product=tRNA-Ser(gct), score=51.6, nt=[AGAGATATGA..GTTGTCTCTT]
19:24:10.687 - INFO - T_RNA - contig=VFPENVAR, start=53370, stop=53608, strand=+, gene=None, product=tRNA-Xxx, score=51.4, nt=[AGGTCGTTAG..GCACGACCTA]
19:24:10.687 - INFO - T_RNA - contig=VFPENVAR, start=56712, stop=56794, strand=+, gene=trnL, product=tRNA-Leu(aag), score=51.3, nt=[ACCGATGTGG..ACCATCGGTA]
19:24:10.687 - INFO - T_RNA - contig=VFPENVAR, start=56795, stop=56883, strand=+, gene=trnL, product=tRNA-Leu(tag), score=50.0, nt=[GTGAGTATGG..ACTACTCACA]
19:24:10.687 - INFO - T_RNA - contig=VFPENVAR, start=56885, stop=56971, strand=+, gene=trnS, product=tRNA-Ser(aga), score=62.9, nt=[GGAAGTATGG..TTTTCTTCCT]
19:24:10.687 - INFO - T_RNA - contig=VFPENVAR, start=69341, stop=69412, strand=+, gene=None, product=tRNA-Xxx, score=53.8, nt=[AGGTGTTTAA..TTAACACCTA]
19:24:10.687 - INFO - T_RNA - contig=VFPENVAR, start=72406, stop=72477, strand=+, gene=trnR, product=tRNA-Arg(acg), score=47.5, nt=[ACAACTATAA..ACTAGTTGTT]
19:24:10.687 - INFO - T_RNA - contig=VFPENVAR, start=78367, stop=78437, strand=+, gene=trnT, product=tRNA-Thr(tgt), score=64.1, nt=[GCCGAATTAA..ATATTCGGCT]
19:24:10.687 - INFO - T_RNA - contig=VFPENVAR, start=78454, stop=78526, strand=+, gene=trnH, product=tRNA-His(gtg), score=40.2, nt=[GATGAATGTA..CCATTCATCG]
19:24:10.687 - INFO - T_RNA - contig=VFPENVAR, start=81868, stop=81939, strand=+, gene=trnP, product=tRNA-Pro(tgg), score=62.1, nt=[CGGGAGATAG..GTTCTCCCGT]
19:24:10.687 - INFO - T_RNA - contig=VFPENVAR, start=131794, stop=131877, strand=+, gene=trnY, product=tRNA-Tyr(gta), score=60.6, nt=[GGAGGAATTC..GCTTCCTTCA]
19:24:10.687 - INFO - T_RNA - contig=VFPENVAR, start=131881, stop=131951, strand=+, gene=trnG, product=tRNA-Gly(tcc), score=48.3, nt=[GCGATTGTAT..TTTAATCGCT]
19:24:10.687 - INFO - T_RNA - contig=VFPENVAR, start=117675, stop=117746, strand=-, gene=trnI, product=tRNA-Ile(gat), score=54.6, nt=[AGGTCTATAG..ATTAGACCTA]
19:24:10.687 - INFO - T_RNA - contig=VFPENVAR, start=113348, stop=113419, strand=-, gene=trnA, product=tRNA-Ala(tgc), score=65.0, nt=[GGGGAAATAA..GTTTTCTCCA]
19:24:10.687 - INFO - T_RNA - contig=VFPENVAR, start=90967, stop=91040, strand=-, gene=trnD, product=tRNA-Asp(gtc), score=64.6, nt=[GAAATAGTAG..GTCTATTTCG]
19:24:10.687 - INFO - T_RNA - contig=VFPENVAR, start=81760, stop=81832, strand=-, gene=trnfM, product=tRNA-fMet(cat), score=52.4, nt=[TGCGAGATAG..ATTTTCGCAT]
19:24:10.687 - INFO - T_RNA - contig=VFPENVAR, start=81561, stop=81631, strand=-, gene=trnR, product=tRNA-Arg(tct), score=44.8, nt=[CTCCTTGTAG..CGTAGGGAGT]
19:24:10.687 - INFO - T_RNA - contig=VFPENVAR, start=80425, stop=80496, strand=-, gene=trnV, product=tRNA-Val(aac), score=60.0, nt=[AGGTTTGTAA..ATTGAACCTA]
19:24:10.687 - INFO - T_RNA - contig=VFPENVAR, start=79399, stop=79472, strand=-, gene=trnK, product=tRNA-Lys(ttt), score=69.8, nt=[GGGTTGTTAG..ATACAACCTA]
19:24:10.687 - INFO - T_RNA - contig=VFPENVAR, start=72320, stop=72402, strand=-, gene=trnS, product=tRNA-Ser(tga), score=58.6, nt=[GAAAATGTGG..ATCATTTTCT]
19:24:10.687 - INFO - T_RNA - contig=VFPENVAR, start=61638, stop=61709, strand=-, gene=trnN, product=tRNA-Asn(gtt), score=52.1, nt=[TTCCTGGTAA..AGCTAGGAAG]
19:24:10.687 - INFO - T_RNA - contig=VFPENVAR, start=22833, stop=23080, strand=-, gene=None, product=tRNA-Xxx, score=30.6, nt=[ACCGAAGTGA..GTCTTCGGTA]
19:24:10.687 - INFO - T_RNA - predicted=25
19:24:10.703 - INFO - TM_RNA - predicted=0
19:24:11.891 - INFO - R_RNA - contig=VFPENVAR, start=117752, stop=119259, strand=-, gene=rrs, product=16S ribosomal RNA, length=1508, coverage=0.984, truncated=None, score=1328.4, evalue=7.2e-42, nt=[TTTTATAAGA..TATTAATTAA]
19:24:11.891 - INFO - R_RNA - contig=VFPENVAR, start=114820, stop=117656, strand=-, gene=rrl, product=23S ribosomal RNA, length=2837, coverage=0.970, truncated=None, score=2375.7, evalue=3.4e-05, nt=[TTTTAGTAAA..AGCTAAGTAC]
19:24:11.891 - INFO - R_RNA - predicted=2
19:24:12.635 - INFO - NC_RNA - predicted=0
19:24:12.862 - INFO - NC_RNA_REGION - predicted=0
19:24:12.907 - INFO - CRISPR - predicted=0
19:24:12.907 - INFO - CDS - create prodigal training info object: meta=False, closed=False
19:24:13.017 - INFO - CDS - contig=VFPENVAR, start=1, stop=1188, strand=+, frame=1, truncated=5-prime, start-type=Edge, RBS-motif=None
19:24:13.018 - INFO - CDS - contig=VFPENVAR, start=1269, stop=1685, strand=+, frame=3, truncated=no, start-type=GTG, RBS-motif=None
19:24:13.018 - INFO - CDS - contig=VFPENVAR, start=1675, stop=2265, strand=+, frame=1, truncated=no, start-type=ATG, RBS-motif=None
19:24:13.018 - INFO - CDS - contig=VFPENVAR, start=2258, stop=2719, strand=+, frame=2, truncated=no, start-type=ATG, RBS-motif=None
19:24:13.018 - INFO - CDS - contig=VFPENVAR, start=2694, stop=3053, strand=+, frame=3, truncated=no, start-type=ATG, RBS-motif=None
19:24:13.018 - INFO - CDS - contig=VFPENVAR, start=3055, stop=6834, strand=+, frame=1, truncated=no, start-type=ATG, RBS-motif=None
19:24:13.018 - INFO - CDS - contig=VFPENVAR, start=6834, stop=10667, strand=+, frame=3, truncated=no, start-type=ATG, RBS-motif=None
19:24:13.018 - INFO - CDS - contig=VFPENVAR, start=10669, stop=11064, strand=+, frame=1, truncated=no, start-type=ATG, RBS-motif=None
19:24:13.018 - INFO - CDS - contig=VFPENVAR, start=11036, stop=11506, strand=+, frame=2, truncated=no, start-type=ATG, RBS-motif=None
19:24:13.018 - INFO - CDS - contig=VFPENVAR, start=11507, stop=13567, strand=+, frame=2, truncated=no, start-type=ATG, RBS-motif=None
19:24:13.018 - INFO - CDS - contig=VFPENVAR, start=13557, stop=13889, strand=+, frame=3, truncated=no, start-type=ATG, RBS-motif=None
19:24:13.018 - INFO - CDS - contig=VFPENVAR, start=13864, stop=14295, strand=+, frame=1, truncated=no, start-type=ATG, RBS-motif=None
19:24:13.018 - INFO - CDS - contig=VFPENVAR, start=14367, stop=14765, strand=+, frame=3, truncated=no, start-type=ATG, RBS-motif=None
19:24:13.018 - INFO - CDS - contig=VFPENVAR, start=14758, stop=15669, strand=+, frame=1, truncated=no, start-type=ATG, RBS-motif=None
19:24:13.018 - INFO - CDS - contig=VFPENVAR, start=15640, stop=16332, strand=-, frame=3, truncated=no, start-type=TTG, RBS-motif=None
19:24:13.018 - INFO - CDS - contig=VFPENVAR, start=16319, stop=17425, strand=-, frame=2, truncated=no, start-type=ATG, RBS-motif=None
19:24:13.018 - INFO - CDS - contig=VFPENVAR, start=17422, stop=17814, strand=-, frame=3, truncated=no, start-type=ATG, RBS-motif=None
19:24:13.018 - INFO - CDS - contig=VFPENVAR, start=17814, stop=18113, strand=-, frame=1, truncated=no, start-type=ATG, RBS-motif=None
19:24:13.018 - INFO - CDS - contig=VFPENVAR, start=18094, stop=18897, strand=-, frame=3, truncated=no, start-type=ATG, RBS-motif=None
19:24:13.018 - INFO - CDS - contig=VFPENVAR, start=18887, stop=19444, strand=-, frame=2, truncated=no, start-type=ATG, RBS-motif=None
19:24:13.018 - INFO - CDS - contig=VFPENVAR, start=19441, stop=20799, strand=-, frame=3, truncated=no, start-type=ATG, RBS-motif=None
19:24:13.018 - INFO - CDS - contig=VFPENVAR, start=20908, stop=21774, strand=+, frame=1, truncated=no, start-type=ATG, RBS-motif=None
19:24:13.018 - INFO - CDS - contig=VFPENVAR, start=21762, stop=22280, strand=+, frame=3, truncated=no, start-type=ATG, RBS-motif=None
19:24:13.018 - INFO - CDS - contig=VFPENVAR, start=22282, stop=22824, strand=-, frame=3, truncated=no, start-type=ATG, RBS-motif=None
19:24:13.018 - INFO - CDS - contig=VFPENVAR, start=23118, stop=24239, strand=+, frame=3, truncated=no, start-type=ATG, RBS-motif=None
19:24:13.018 - INFO - CDS - contig=VFPENVAR, start=24231, stop=24347, strand=-, frame=1, truncated=no, start-type=ATG, RBS-motif=None
19:24:13.018 - INFO - CDS - contig=VFPENVAR, start=24488, stop=25531, strand=-, frame=2, truncated=no, start-type=ATG, RBS-motif=None
19:24:13.018 - INFO - CDS - contig=VFPENVAR, start=25528, stop=26226, strand=-, frame=3, truncated=no, start-type=ATG, RBS-motif=None
19:24:13.018 - INFO - CDS - contig=VFPENVAR, start=26223, stop=26819, strand=-, frame=1, truncated=no, start-type=TTG, RBS-motif=None
19:24:13.018 - INFO - CDS - contig=VFPENVAR, start=26965, stop=28005, strand=+, frame=1, truncated=no, start-type=ATG, RBS-motif=None
19:24:13.018 - INFO - CDS - contig=VFPENVAR, start=27986, stop=28726, strand=+, frame=2, truncated=no, start-type=ATG, RBS-motif=None
19:24:13.018 - INFO - CDS - contig=VFPENVAR, start=28723, stop=29115, strand=+, frame=1, truncated=no, start-type=ATG, RBS-motif=None
19:24:13.018 - INFO - CDS - contig=VFPENVAR, start=29173, stop=29385, strand=-, frame=3, truncated=no, start-type=ATG, RBS-motif=None
19:24:13.018 - INFO - CDS - contig=VFPENVAR, start=29389, stop=31728, strand=-, frame=3, truncated=no, start-type=ATG, RBS-motif=None
19:24:13.018 - INFO - CDS - contig=VFPENVAR, start=31700, stop=31882, strand=-, frame=2, truncated=no, start-type=ATG, RBS-motif=None
19:24:13.018 - INFO - CDS - contig=VFPENVAR, start=31879, stop=32019, strand=-, frame=3, truncated=no, start-type=ATG, RBS-motif=None
19:24:13.018 - INFO - CDS - contig=VFPENVAR, start=32025, stop=34214, strand=+, frame=3, truncated=no, start-type=ATG, RBS-motif=None
19:24:13.018 - INFO - CDS - contig=VFPENVAR, start=34416, stop=35117, strand=+, frame=3, truncated=no, start-type=ATG, RBS-motif=None
19:24:13.018 - INFO - CDS - contig=VFPENVAR, start=35114, stop=36244, strand=+, frame=2, truncated=no, start-type=ATG, RBS-motif=None
19:24:13.018 - INFO - CDS - contig=VFPENVAR, start=36236, stop=37087, strand=-, frame=2, truncated=no, start-type=ATG, RBS-motif=None
19:24:13.018 - INFO - CDS - contig=VFPENVAR, start=37032, stop=37799, strand=-, frame=1, truncated=no, start-type=ATG, RBS-motif=None
19:24:13.018 - INFO - CDS - contig=VFPENVAR, start=37789, stop=38787, strand=-, frame=3, truncated=no, start-type=ATG, RBS-motif=None
19:24:13.018 - INFO - CDS - contig=VFPENVAR, start=38771, stop=39346, strand=-, frame=2, truncated=no, start-type=ATG, RBS-motif=None
19:24:13.018 - INFO - CDS - contig=VFPENVAR, start=39327, stop=40559, strand=-, frame=1, truncated=no, start-type=ATG, RBS-motif=None
19:24:13.018 - INFO - CDS - contig=VFPENVAR, start=40556, stop=41938, strand=-, frame=2, truncated=no, start-type=ATG, RBS-motif=None
19:24:13.018 - INFO - CDS - contig=VFPENVAR, start=41938, stop=42915, strand=-, frame=3, truncated=no, start-type=ATG, RBS-motif=None
19:24:13.018 - INFO - CDS - contig=VFPENVAR, start=46941, stop=47192, strand=-, frame=1, truncated=no, start-type=ATG, RBS-motif=None
19:24:13.018 - INFO - CDS - contig=VFPENVAR, start=48458, stop=49825, strand=-, frame=2, truncated=no, start-type=ATG, RBS-motif=None
19:24:13.018 - INFO - CDS - contig=VFPENVAR, start=49785, stop=50759, strand=-, frame=1, truncated=no, start-type=ATG, RBS-motif=None
19:24:13.018 - INFO - CDS - contig=VFPENVAR, start=50775, stop=52058, strand=+, frame=3, truncated=no, start-type=ATG, RBS-motif=None
19:24:13.018 - INFO - CDS - contig=VFPENVAR, start=52045, stop=53379, strand=+, frame=1, truncated=no, start-type=ATG, RBS-motif=None
19:24:13.018 - INFO - CDS - contig=VFPENVAR, start=53611, stop=56571, strand=+, frame=1, truncated=no, start-type=ATG, RBS-motif=None
19:24:13.018 - INFO - CDS - contig=VFPENVAR, start=56564, stop=56734, strand=+, frame=2, truncated=no, start-type=ATG, RBS-motif=None
19:24:13.018 - INFO - CDS - contig=VFPENVAR, start=57069, stop=57746, strand=+, frame=3, truncated=no, start-type=TTG, RBS-motif=None
19:24:13.018 - INFO - CDS - contig=VFPENVAR, start=57721, stop=58743, strand=+, frame=1, truncated=no, start-type=ATG, RBS-motif=None
19:24:13.019 - INFO - CDS - contig=VFPENVAR, start=58710, stop=59354, strand=+, frame=3, truncated=no, start-type=ATG, RBS-motif=None
19:24:13.019 - INFO - CDS - contig=VFPENVAR, start=59344, stop=60489, strand=+, frame=1, truncated=no, start-type=ATG, RBS-motif=None
19:24:13.019 - INFO - CDS - contig=VFPENVAR, start=60489, stop=61199, strand=+, frame=3, truncated=no, start-type=ATG, RBS-motif=None
19:24:13.019 - INFO - CDS - contig=VFPENVAR, start=61165, stop=61428, strand=+, frame=1, truncated=no, start-type=ATG, RBS-motif=None
19:24:13.019 - INFO - CDS - contig=VFPENVAR, start=61409, stop=61645, strand=+, frame=2, truncated=no, start-type=ATG, RBS-motif=None
19:24:13.019 - INFO - CDS - contig=VFPENVAR, start=61709, stop=62200, strand=+, frame=2, truncated=no, start-type=ATG, RBS-motif=None
19:24:13.019 - INFO - CDS - contig=VFPENVAR, start=62201, stop=62344, strand=+, frame=2, truncated=no, start-type=ATG, RBS-motif=None
19:24:13.019 - INFO - CDS - contig=VFPENVAR, start=62987, stop=64024, strand=+, frame=2, truncated=no, start-type=ATG, RBS-motif=None
19:24:13.019 - INFO - CDS - contig=VFPENVAR, start=64021, stop=67092, strand=+, frame=1, truncated=no, start-type=ATG, RBS-motif=None
19:24:13.019 - INFO - CDS - contig=VFPENVAR, start=67089, stop=67646, strand=+, frame=3, truncated=no, start-type=ATG, RBS-motif=None
19:24:13.019 - INFO - CDS - contig=VFPENVAR, start=67636, stop=68085, strand=+, frame=1, truncated=no, start-type=ATG, RBS-motif=None
19:24:13.019 - INFO - CDS - contig=VFPENVAR, start=68162, stop=69337, strand=+, frame=2, truncated=no, start-type=ATG, RBS-motif=None
19:24:13.019 - INFO - CDS - contig=VFPENVAR, start=69376, stop=70188, strand=+, frame=1, truncated=no, start-type=ATG, RBS-motif=None
19:24:13.019 - INFO - CDS - contig=VFPENVAR, start=70181, stop=71224, strand=+, frame=2, truncated=no, start-type=ATG, RBS-motif=None
19:24:13.019 - INFO - CDS - contig=VFPENVAR, start=71214, stop=72242, strand=+, frame=3, truncated=no, start-type=ATG, RBS-motif=None
19:24:13.019 - INFO - CDS - contig=VFPENVAR, start=72473, stop=73060, strand=+, frame=2, truncated=no, start-type=TTG, RBS-motif=None
19:24:13.019 - INFO - CDS - contig=VFPENVAR, start=73057, stop=74304, strand=+, frame=1, truncated=no, start-type=ATG, RBS-motif=None
19:24:13.019 - INFO - CDS - contig=VFPENVAR, start=74297, stop=75268, strand=+, frame=2, truncated=no, start-type=ATG, RBS-motif=None
19:24:13.019 - INFO - CDS - contig=VFPENVAR, start=75234, stop=75806, strand=+, frame=3, truncated=no, start-type=ATG, RBS-motif=None
19:24:13.019 - INFO - CDS - contig=VFPENVAR, start=75809, stop=76408, strand=+, frame=2, truncated=no, start-type=ATG, RBS-motif=None
19:24:13.019 - INFO - CDS - contig=VFPENVAR, start=76405, stop=77094, strand=+, frame=1, truncated=no, start-type=ATG, RBS-motif=None
19:24:13.019 - INFO - CDS - contig=VFPENVAR, start=77079, stop=77816, strand=+, frame=3, truncated=no, start-type=ATG, RBS-motif=None
19:24:13.019 - INFO - CDS - contig=VFPENVAR, start=77806, stop=78102, strand=+, frame=1, truncated=no, start-type=ATG, RBS-motif=None
19:24:13.019 - INFO - CDS - contig=VFPENVAR, start=78095, stop=78376, strand=+, frame=2, truncated=no, start-type=ATG, RBS-motif=None
19:24:13.019 - INFO - CDS - contig=VFPENVAR, start=78537, stop=79412, strand=+, frame=3, truncated=no, start-type=ATG, RBS-motif=None
19:24:13.019 - INFO - CDS - contig=VFPENVAR, start=79482, stop=79835, strand=-, frame=1, truncated=no, start-type=ATG, RBS-motif=None
19:24:13.019 - INFO - CDS - contig=VFPENVAR, start=79828, stop=79977, strand=-, frame=3, truncated=no, start-type=ATG, RBS-motif=None
19:24:13.019 - INFO - CDS - contig=VFPENVAR, start=79958, stop=80407, strand=-, frame=2, truncated=no, start-type=GTG, RBS-motif=None
19:24:13.019 - INFO - CDS - contig=VFPENVAR, start=80495, stop=81553, strand=-, frame=2, truncated=no, start-type=ATG, RBS-motif=None
19:24:13.019 - INFO - CDS - contig=VFPENVAR, start=81643, stop=81786, strand=+, frame=1, truncated=no, start-type=ATG, RBS-motif=None
19:24:13.019 - INFO - CDS - contig=VFPENVAR, start=81909, stop=82307, strand=+, frame=3, truncated=no, start-type=ATG, RBS-motif=None
19:24:13.019 - INFO - CDS - contig=VFPENVAR, start=82266, stop=82760, strand=-, frame=1, truncated=no, start-type=ATG, RBS-motif=None
19:24:13.019 - INFO - CDS - contig=VFPENVAR, start=82757, stop=83695, strand=-, frame=2, truncated=no, start-type=ATG, RBS-motif=None
19:24:13.019 - INFO - CDS - contig=VFPENVAR, start=83716, stop=84738, strand=+, frame=1, truncated=no, start-type=ATG, RBS-motif=None
19:24:13.019 - INFO - CDS - contig=VFPENVAR, start=84729, stop=84899, strand=+, frame=3, truncated=no, start-type=ATG, RBS-motif=None
19:24:13.019 - INFO - CDS - contig=VFPENVAR, start=84899, stop=85507, strand=+, frame=2, truncated=no, start-type=ATG, RBS-motif=None
19:24:13.019 - INFO - CDS - contig=VFPENVAR, start=85501, stop=86532, strand=+, frame=1, truncated=no, start-type=ATG, RBS-motif=None
19:24:13.019 - INFO - CDS - contig=VFPENVAR, start=86529, stop=87866, strand=-, frame=1, truncated=no, start-type=ATG, RBS-motif=None
19:24:13.019 - INFO - CDS - contig=VFPENVAR, start=87863, stop=89011, strand=-, frame=2, truncated=no, start-type=ATG, RBS-motif=None
19:24:13.019 - INFO - CDS - contig=VFPENVAR, start=89004, stop=90269, strand=-, frame=1, truncated=no, start-type=ATG, RBS-motif=None
19:24:13.019 - INFO - CDS - contig=VFPENVAR, start=90266, stop=90448, strand=-, frame=2, truncated=no, start-type=ATG, RBS-motif=None
19:24:13.019 - INFO - CDS - contig=VFPENVAR, start=90445, stop=90744, strand=-, frame=3, truncated=no, start-type=ATG, RBS-motif=None
19:24:13.019 - INFO - CDS - contig=VFPENVAR, start=90746, stop=90985, strand=+, frame=2, truncated=no, start-type=ATG, RBS-motif=None
19:24:13.019 - INFO - CDS - contig=VFPENVAR, start=91112, stop=92302, strand=-, frame=2, truncated=no, start-type=ATG, RBS-motif=None
19:24:13.019 - INFO - CDS - contig=VFPENVAR, start=92303, stop=93604, strand=+, frame=2, truncated=no, start-type=ATG, RBS-motif=None
19:24:13.019 - INFO - CDS - contig=VFPENVAR, start=93601, stop=95361, strand=+, frame=1, truncated=no, start-type=ATG, RBS-motif=None
19:24:13.019 - INFO - CDS - contig=VFPENVAR, start=95383, stop=95643, strand=+, frame=1, truncated=no, start-type=ATG, RBS-motif=None
19:24:13.019 - INFO - CDS - contig=VFPENVAR, start=95633, stop=97225, strand=+, frame=2, truncated=no, start-type=ATG, RBS-motif=None
19:24:13.019 - INFO - CDS - contig=VFPENVAR, start=97229, stop=98479, strand=+, frame=2, truncated=no, start-type=ATG, RBS-motif=None
19:24:13.019 - INFO - CDS - contig=VFPENVAR, start=98472, stop=99452, strand=+, frame=3, truncated=no, start-type=ATG, RBS-motif=None
19:24:13.019 - INFO - CDS - contig=VFPENVAR, start=99445, stop=100572, strand=-, frame=3, truncated=no, start-type=ATG, RBS-motif=None
19:24:13.019 - INFO - CDS - contig=VFPENVAR, start=100659, stop=101300, strand=+, frame=3, truncated=no, start-type=ATG, RBS-motif=None
19:24:13.019 - INFO - CDS - contig=VFPENVAR, start=101293, stop=102300, strand=-, frame=3, truncated=no, start-type=ATG, RBS-motif=None
19:24:13.019 - INFO - CDS - contig=VFPENVAR, start=102304, stop=104106, strand=-, frame=3, truncated=no, start-type=ATG, RBS-motif=None
19:24:13.019 - INFO - CDS - contig=VFPENVAR, start=104107, stop=104529, strand=-, frame=3, truncated=no, start-type=ATG, RBS-motif=None
19:24:13.019 - INFO - CDS - contig=VFPENVAR, start=104597, stop=105547, strand=+, frame=2, truncated=no, start-type=ATG, RBS-motif=None
19:24:13.019 - INFO - CDS - contig=VFPENVAR, start=105540, stop=106505, strand=-, frame=1, truncated=no, start-type=ATG, RBS-motif=None
19:24:13.020 - INFO - CDS - contig=VFPENVAR, start=106496, stop=106999, strand=-, frame=2, truncated=no, start-type=ATG, RBS-motif=None
19:24:13.020 - INFO - CDS - contig=VFPENVAR, start=106996, stop=109128, strand=-, frame=3, truncated=no, start-type=ATG, RBS-motif=None
19:24:13.020 - INFO - CDS - contig=VFPENVAR, start=109121, stop=109738, strand=-, frame=2, truncated=no, start-type=ATG, RBS-motif=None
19:24:13.020 - INFO - CDS - contig=VFPENVAR, start=109735, stop=110943, strand=-, frame=3, truncated=no, start-type=ATG, RBS-motif=None
19:24:13.020 - INFO - CDS - contig=VFPENVAR, start=110930, stop=111613, strand=-, frame=2, truncated=no, start-type=TTG, RBS-motif=None
19:24:13.020 - INFO - CDS - contig=VFPENVAR, start=111648, stop=112097, strand=+, frame=3, truncated=no, start-type=ATG, RBS-motif=None
19:24:13.020 - INFO - CDS - contig=VFPENVAR, start=112083, stop=112325, strand=-, frame=1, truncated=no, start-type=ATG, RBS-motif=None
19:24:13.020 - INFO - CDS - contig=VFPENVAR, start=112325, stop=112618, strand=-, frame=2, truncated=no, start-type=ATG, RBS-motif=None
19:24:13.020 - INFO - CDS - contig=VFPENVAR, start=112596, stop=113348, strand=-, frame=1, truncated=no, start-type=ATG, RBS-motif=None
19:24:13.020 - INFO - CDS - contig=VFPENVAR, start=113432, stop=114688, strand=+, frame=2, truncated=no, start-type=ATG, RBS-motif=None
19:24:13.020 - INFO - CDS - contig=VFPENVAR, start=117613, stop=117732, strand=-, frame=3, truncated=no, start-type=ATG, RBS-motif=None
19:24:13.020 - INFO - CDS - contig=VFPENVAR, start=119211, stop=119750, strand=+, frame=3, truncated=no, start-type=ATG, RBS-motif=None
19:24:13.020 - INFO - CDS - contig=VFPENVAR, start=119737, stop=120291, strand=+, frame=1, truncated=no, start-type=ATG, RBS-motif=None
19:24:13.020 - INFO - CDS - contig=VFPENVAR, start=120291, stop=120494, strand=+, frame=3, truncated=no, start-type=ATG, RBS-motif=None
19:24:13.020 - INFO - CDS - contig=VFPENVAR, start=120497, stop=121312, strand=+, frame=2, truncated=no, start-type=ATG, RBS-motif=None
19:24:13.020 - INFO - CDS - contig=VFPENVAR, start=121309, stop=121599, strand=+, frame=1, truncated=no, start-type=ATG, RBS-motif=None
19:24:13.020 - INFO - CDS - contig=VFPENVAR, start=121602, stop=121928, strand=+, frame=3, truncated=no, start-type=ATG, RBS-motif=None
19:24:13.020 - INFO - CDS - contig=VFPENVAR, start=121928, stop=122530, strand=+, frame=2, truncated=no, start-type=ATG, RBS-motif=None
19:24:13.020 - INFO - CDS - contig=VFPENVAR, start=122511, stop=122912, strand=+, frame=3, truncated=no, start-type=ATG, RBS-motif=None
19:24:13.020 - INFO - CDS - contig=VFPENVAR, start=122912, stop=123142, strand=+, frame=2, truncated=no, start-type=ATG, RBS-motif=None
19:24:13.020 - INFO - CDS - contig=VFPENVAR, start=123139, stop=123504, strand=+, frame=1, truncated=no, start-type=ATG, RBS-motif=None
19:24:13.020 - INFO - CDS - contig=VFPENVAR, start=123507, stop=124046, strand=+, frame=3, truncated=no, start-type=ATG, RBS-motif=None
19:24:13.020 - INFO - CDS - contig=VFPENVAR, start=124046, stop=124315, strand=+, frame=2, truncated=no, start-type=ATG, RBS-motif=None
19:24:13.020 - INFO - CDS - contig=VFPENVAR, start=124315, stop=124713, strand=+, frame=1, truncated=no, start-type=ATG, RBS-motif=None
19:24:13.020 - INFO - CDS - contig=VFPENVAR, start=124706, stop=125254, strand=+, frame=2, truncated=no, start-type=ATG, RBS-motif=None
19:24:13.020 - INFO - CDS - contig=VFPENVAR, start=125259, stop=125567, strand=+, frame=3, truncated=no, start-type=ATG, RBS-motif=None
19:24:13.020 - INFO - CDS - contig=VFPENVAR, start=125564, stop=126004, strand=+, frame=2, truncated=no, start-type=ATG, RBS-motif=None
19:24:13.020 - INFO - CDS - contig=VFPENVAR, start=125979, stop=126344, strand=+, frame=3, truncated=no, start-type=ATG, RBS-motif=None
19:24:13.020 - INFO - CDS - contig=VFPENVAR, start=126341, stop=126448, strand=+, frame=2, truncated=no, start-type=ATG, RBS-motif=None
19:24:13.020 - INFO - CDS - contig=VFPENVAR, start=126405, stop=126596, strand=+, frame=3, truncated=no, start-type=TTG, RBS-motif=None
19:24:13.020 - INFO - CDS - contig=VFPENVAR, start=126593, stop=126706, strand=+, frame=2, truncated=no, start-type=ATG, RBS-motif=None
19:24:13.020 - INFO - CDS - contig=VFPENVAR, start=126703, stop=127041, strand=+, frame=1, truncated=no, start-type=ATG, RBS-motif=None
19:24:13.020 - INFO - CDS - contig=VFPENVAR, start=127038, stop=127373, strand=+, frame=3, truncated=no, start-type=ATG, RBS-motif=None
19:24:13.020 - INFO - CDS - contig=VFPENVAR, start=127370, stop=127936, strand=+, frame=2, truncated=no, start-type=ATG, RBS-motif=None
19:24:13.020 - INFO - CDS - contig=VFPENVAR, start=127933, stop=128787, strand=+, frame=1, truncated=no, start-type=ATG, RBS-motif=None
19:24:13.020 - INFO - CDS - contig=VFPENVAR, start=128784, stop=129041, strand=+, frame=3, truncated=no, start-type=ATG, RBS-motif=None
19:24:13.020 - INFO - CDS - contig=VFPENVAR, start=129038, stop=129166, strand=+, frame=2, truncated=no, start-type=ATG, RBS-motif=None
19:24:13.020 - INFO - CDS - contig=VFPENVAR, start=129159, stop=130256, strand=-, frame=1, truncated=no, start-type=ATG, RBS-motif=None
19:24:13.020 - INFO - CDS - contig=VFPENVAR, start=130671, stop=131738, strand=+, frame=3, truncated=no, start-type=ATG, RBS-motif=None
19:24:13.020 - INFO - CDS - truncated CDS: contig=VFPENVAR, start=1, stop=1188, strand=+, frame=1, truncated=5-prime, start-type=Edge, RBS-motif=None, aa-hexdigest=337a91e566ea9285d3ee2f73c7196e33, aa=[MKEKFFRNKE..GAGVVTEILV]
19:24:13.020 - INFO - CDS - contig=VFPENVAR, start=1269, stop=1685, strand=+, nt=[GTGATTATTA..TGATAAATAA]
19:24:13.020 - INFO - CDS - contig=VFPENVAR, start=1675, stop=2265, strand=+, nt=[ATGATAAATA..TTATGAATAA]
19:24:13.020 - INFO - CDS - contig=VFPENVAR, start=2258, stop=2719, strand=+, nt=[ATGAATAAAG..ACATATTTAA]
19:24:13.020 - INFO - CDS - contig=VFPENVAR, start=2694, stop=3053, strand=+, nt=[ATGAAAAAAG..TATTGAATAA]
19:24:13.020 - INFO - CDS - contig=VFPENVAR, start=3055, stop=6834, strand=+, nt=[ATGATTTTAA..TAAAAAATAA]
19:24:13.020 - INFO - CDS - contig=VFPENVAR, start=6834, stop=10667, strand=+, nt=[ATGAAAAAAT..TTTTTTTTAA]
19:24:13.020 - INFO - CDS - contig=VFPENVAR, start=10669, stop=11064, strand=+, nt=[ATGTCTACAA..GTTACGTTAA]
19:24:13.020 - INFO - CDS - contig=VFPENVAR, start=11036, stop=11506, strand=+, nt=[ATGTCAAGAA..TTCATTTTAA]
19:24:13.020 - INFO - CDS - contig=VFPENVAR, start=11507, stop=13567, strand=+, nt=[ATGTTAAATT..TGATAAATAA]
19:24:13.020 - INFO - CDS - contig=VFPENVAR, start=13557, stop=13889, strand=+, nt=[ATGATAAATA..TATTTCCTAA]
19:24:13.020 - INFO - CDS - contig=VFPENVAR, start=13864, stop=14295, strand=+, nt=[ATGAAAAAAA..GGTTCAATAG]
19:24:13.020 - INFO - CDS - contig=VFPENVAR, start=14367, stop=14765, strand=+, nt=[ATGAAAGAAA..ATATGATTAG]
19:24:13.020 - INFO - CDS - contig=VFPENVAR, start=14758, stop=15669, strand=+, nt=[ATGATTAGAA..TATACAATAG]
19:24:13.020 - INFO - CDS - contig=VFPENVAR, start=15640, stop=16332, strand=-, nt=[TTGAAAAAAG..ATTTTTTTAA]
19:24:13.020 - INFO - CDS - contig=VFPENVAR, start=16319, stop=17425, strand=-, nt=[ATGAAAAATA..AAAAAGATAA]
19:24:13.020 - INFO - CDS - contig=VFPENVAR, start=17422, stop=17814, strand=-, nt=[ATGATTGGAG..TAAAAGATGA]
19:24:13.020 - INFO - CDS - contig=VFPENVAR, start=17814, stop=18113, strand=-, nt=[ATGATAAAAA..TTTTGATTAA]
19:24:13.020 - INFO - CDS - contig=VFPENVAR, start=18094, stop=18897, strand=-, nt=[ATGAAAATTA..TAAATCTTAA]
19:24:13.021 - INFO - CDS - contig=VFPENVAR, start=18887, stop=19444, strand=-, nt=[ATGATAAAAA..TGAAAATTAA]
19:24:13.021 - INFO - CDS - contig=VFPENVAR, start=19441, stop=20799, strand=-, nt=[ATGTTTAGTA..AATAATATGA]
19:24:13.021 - INFO - CDS - contig=VFPENVAR, start=20908, stop=21774, strand=+, nt=[ATGCTTTTTT..CGTAAAATAA]
19:24:13.021 - INFO - CDS - contig=VFPENVAR, start=21762, stop=22280, strand=+, nt=[ATGCGTAAAA..AAGAAAATAA]
19:24:13.021 - INFO - CDS - contig=VFPENVAR, start=22282, stop=22824, strand=-, nt=[ATGAAAATAT..TAAGAAATAG]
19:24:13.021 - INFO - CDS - contig=VFPENVAR, start=23118, stop=24239, strand=+, nt=[ATGAGCAAAA..ACTACTTTAA]
19:24:13.021 - INFO - CDS - contig=VFPENVAR, start=24231, stop=24347, strand=-, nt=[ATGAAATTTG..GTTAAAGTAG]
19:24:13.021 - INFO - CDS - contig=VFPENVAR, start=24488, stop=25531, strand=-, nt=[ATGAAGTTTT..CCTTATTTAG]
19:24:13.021 - INFO - CDS - contig=VFPENVAR, start=25528, stop=26226, strand=-, nt=[ATGATTGGTA..AAAAAAATGA]
19:24:13.021 - INFO - CDS - contig=VFPENVAR, start=26223, stop=26819, strand=-, nt=[TTGATTAATT..TGAAAAATGA]
19:24:13.021 - INFO - CDS - contig=VFPENVAR, start=26965, stop=28005, strand=+, nt=[ATGTTTTTAA..AAGTTCATAA]
19:24:13.021 - INFO - CDS - contig=VFPENVAR, start=27986, stop=28726, strand=+, nt=[ATGAAAATAA..CATAAAATGA]
19:24:13.021 - INFO - CDS - contig=VFPENVAR, start=28723, stop=29115, strand=+, nt=[ATGATTAAAG..TTTTAAATAA]
19:24:13.021 - INFO - CDS - contig=VFPENVAR, start=29173, stop=29385, strand=-, nt=[ATGATTAATA..GAACCTGTGA]
19:24:13.021 - INFO - CDS - contig=VFPENVAR, start=29389, stop=31728, strand=-, nt=[ATGTTTTTTT..ATATTTTTAA]
19:24:13.021 - INFO - CDS - contig=VFPENVAR, start=31700, stop=31882, strand=-, nt=[ATGAAAAAAA..AAAAAAGTAA]
19:24:13.021 - INFO - CDS - contig=VFPENVAR, start=31879, stop=32019, strand=-, nt=[ATGAAAAAAA..AAAAATATGA]
19:24:13.021 - INFO - CDS - contig=VFPENVAR, start=32025, stop=34214, strand=+, nt=[ATGTTTCAAA..TACTATTTAA]
19:24:13.021 - INFO - CDS - contig=VFPENVAR, start=34416, stop=35117, strand=+, nt=[ATGTACAAAG..ATTAAAATGA]
19:24:13.021 - INFO - CDS - contig=VFPENVAR, start=35114, stop=36244, strand=+, nt=[ATGAAAGACA..ATTAAAATAA]
19:24:13.021 - INFO - CDS - contig=VFPENVAR, start=36236, stop=37087, strand=-, nt=[ATGAAAAAGG..ATTATTTTAA]
19:24:13.021 - INFO - CDS - contig=VFPENVAR, start=37032, stop=37799, strand=-, nt=[ATGTTATATA..AAAAAATTAA]
19:24:13.021 - INFO - CDS - contig=VFPENVAR, start=37789, stop=38787, strand=-, nt=[ATGATATTAT..TGTTATATAA]
19:24:13.021 - INFO - CDS - contig=VFPENVAR, start=38771, stop=39346, strand=-, nt=[ATGATACTCT..TATTAAATAA]
19:24:13.021 - INFO - CDS - contig=VFPENVAR, start=39327, stop=40559, strand=-, nt=[ATGAAATTTT..TAATAGATAA]
19:24:13.021 - INFO - CDS - contig=VFPENVAR, start=40556, stop=41938, strand=-, nt=[ATGTCATTAT..ATTATTATGA]
19:24:13.021 - INFO - CDS - contig=VFPENVAR, start=41938, stop=42915, strand=-, nt=[ATGAATAAGA..ATTTTTTTAA]
19:24:13.021 - INFO - CDS - contig=VFPENVAR, start=46941, stop=47192, strand=-, nt=[ATGAATGCAG..GAAAGTTTAG]
19:24:13.021 - INFO - CDS - contig=VFPENVAR, start=48458, stop=49825, strand=-, nt=[ATGAATATAC..ATTATATTAA]
19:24:13.021 - INFO - CDS - contig=VFPENVAR, start=49785, stop=50759, strand=-, nt=[ATGGCATTCT..AAATAATTAA]
19:24:13.021 - INFO - CDS - contig=VFPENVAR, start=50775, stop=52058, strand=+, nt=[ATGAATCTTT..AAATATTTAA]
19:24:13.021 - INFO - CDS - contig=VFPENVAR, start=52045, stop=53379, strand=+, nt=[ATGAAAATAT..AGGTCGTTAG]
19:24:13.021 - INFO - CDS - contig=VFPENVAR, start=53611, stop=56571, strand=+, nt=[ATGATTGTAG..TAATGATTAA]
19:24:13.021 - INFO - CDS - contig=VFPENVAR, start=56564, stop=56734, strand=+, nt=[ATGATTAAAA..AATTTGGTAA]
19:24:13.021 - INFO - CDS - contig=VFPENVAR, start=57069, stop=57746, strand=+, nt=[TTGGAAAAAG..TAGGATATAG]
19:24:13.021 - INFO - CDS - contig=VFPENVAR, start=57721, stop=58743, strand=+, nt=[ATGAAATTAG..AGACCACTAA]
19:24:13.021 - INFO - CDS - contig=VFPENVAR, start=58710, stop=59354, strand=+, nt=[ATGTATTTTA..TGGAATATAA]
19:24:13.021 - INFO - CDS - contig=VFPENVAR, start=59344, stop=60489, strand=+, nt=[ATGGAATATA..TTTTTTATAA]
19:24:13.021 - INFO - CDS - contig=VFPENVAR, start=60489, stop=61199, strand=+, nt=[ATGAATAAAG..TAGGAAATAA]
19:24:13.021 - INFO - CDS - contig=VFPENVAR, start=61165, stop=61428, strand=+, nt=[ATGTTAAGAA..AATACTATAA]
19:24:13.021 - INFO - CDS - contig=VFPENVAR, start=61409, stop=61645, strand=+, nt=[ATGAAATTAA..TACTTCCTAG]
19:24:13.021 - INFO - CDS - contig=VFPENVAR, start=61709, stop=62200, strand=+, nt=[ATGAATCATA..AAATATATAA]
19:24:13.021 - INFO - CDS - contig=VFPENVAR, start=62201, stop=62344, strand=+, nt=[ATGGCAGCAC..TCGGAATTGA]
19:24:13.021 - INFO - CDS - contig=VFPENVAR, start=62987, stop=64024, strand=+, nt=[ATGAGAAATG..AAAAAAATGA]
19:24:13.021 - INFO - CDS - contig=VFPENVAR, start=64021, stop=67092, strand=+, nt=[ATGAAAAAAA..ATATTTATGA]
19:24:13.021 - INFO - CDS - contig=VFPENVAR, start=67089, stop=67646, strand=+, nt=[ATGAAAAAAA..TGAGTTATAG]
19:24:13.021 - INFO - CDS - contig=VFPENVAR, start=67636, stop=68085, strand=+, nt=[ATGAGTTATA..AAAAAAATAG]
19:24:13.021 - INFO - CDS - contig=VFPENVAR, start=68162, stop=69337, strand=+, nt=[ATGAATCAAA..CTTTAAATAA]
19:24:13.021 - INFO - CDS - contig=VFPENVAR, start=69376, stop=70188, strand=+, nt=[ATGACGATTG..AAATGAATAA]
19:24:13.021 - INFO - CDS - contig=VFPENVAR, start=70181, stop=71224, strand=+, nt=[ATGAATAATA..TGACACCTAG]
19:24:13.021 - INFO - CDS - contig=VFPENVAR, start=71214, stop=72242, strand=+, nt=[ATGACACCTA..CTATTCGTGA]
19:24:13.021 - INFO - CDS - contig=VFPENVAR, start=72473, stop=73060, strand=+, nt=[TTGTTTTTTT..TTTTAAATGA]
19:24:13.021 - INFO - CDS - contig=VFPENVAR, start=73057, stop=74304, strand=+, nt=[ATGAATTTTA..TTATGATTAA]
19:24:13.021 - INFO - CDS - contig=VFPENVAR, start=74297, stop=75268, strand=+, nt=[ATGATTAAAT..GGAATACTAA]
19:24:13.021 - INFO - CDS - contig=VFPENVAR, start=75234, stop=75806, strand=+, nt=[ATGAAGGAAG..AGATATATAA]
19:24:13.021 - INFO - CDS - contig=VFPENVAR, start=75809, stop=76408, strand=+, nt=[ATGATAGGTA..TTTAAAATGA]
19:24:13.021 - INFO - CDS - contig=VFPENVAR, start=76405, stop=77094, strand=+, nt=[ATGAAAATAA..AAAAGAATAA]
19:24:13.021 - INFO - CDS - contig=VFPENVAR, start=77079, stop=77816, strand=+, nt=[ATGTATAAAA..TGTCAGATAA]
19:24:13.021 - INFO - CDS - contig=VFPENVAR, start=77806, stop=78102, strand=+, nt=[ATGTCAGATA..AAATGTTTAA]
19:24:13.021 - INFO - CDS - contig=VFPENVAR, start=78095, stop=78376, strand=+, nt=[ATGTTTAAAA..GCCGAATTAA]
19:24:13.021 - INFO - CDS - contig=VFPENVAR, start=78537, stop=79412, strand=+, nt=[ATGAAAAAAA..TTGTATGTGA]
19:24:13.021 - INFO - CDS - contig=VFPENVAR, start=79482, stop=79835, strand=-, nt=[ATGTCTAGAG..TATAAGATAG]
19:24:13.021 - INFO - CDS - contig=VFPENVAR, start=79828, stop=79977, strand=-, nt=[ATGAAAAAAA..AAATGTCTAG]
19:24:13.021 - INFO - CDS - contig=VFPENVAR, start=79958, stop=80407, strand=-, nt=[GTGTTAATTA..AAACAAATAA]
19:24:13.021 - INFO - CDS - contig=VFPENVAR, start=80495, stop=81553, strand=-, nt=[ATGTATAACA..TTTTGTATAG]
19:24:13.021 - INFO - CDS - contig=VFPENVAR, start=81643, stop=81786, strand=+, nt=[ATGAAGGTGA..GAACCAATAA]
19:24:13.021 - INFO - CDS - contig=VFPENVAR, start=81909, stop=82307, strand=+, nt=[ATGGTCGCAG..TATTTTTTAA]
19:24:13.021 - INFO - CDS - contig=VFPENVAR, start=82266, stop=82760, strand=-, nt=[ATGAACAATG..TATCATCTGA]
19:24:13.021 - INFO - CDS - contig=VFPENVAR, start=82757, stop=83695, strand=-, nt=[ATGAAAAAAA..TGTGAAATGA]
19:24:13.021 - INFO - CDS - contig=VFPENVAR, start=83716, stop=84738, strand=+, nt=[ATGCTTATAG..ATGTTGTTGA]
19:24:13.021 - INFO - CDS - contig=VFPENVAR, start=84729, stop=84899, strand=+, nt=[ATGTTGTTGA..TCTATATTAA]
19:24:13.021 - INFO - CDS - contig=VFPENVAR, start=84899, stop=85507, strand=+, nt=[ATGTTTTTCG..AAGATGTTAG]
19:24:13.021 - INFO - CDS - contig=VFPENVAR, start=85501, stop=86532, strand=+, nt=[ATGTTAGAAA..AAACTATTAA]
19:24:13.021 - INFO - CDS - contig=VFPENVAR, start=86529, stop=87866, strand=-, nt=[ATGAAATTTA..TAAAAATTAA]
19:24:13.022 - INFO - CDS - contig=VFPENVAR, start=87863, stop=89011, strand=-, nt=[ATGAATAAAA..AAGTGAATGA]
19:24:13.022 - INFO - CDS - contig=VFPENVAR, start=89004, stop=90269, strand=-, nt=[ATGAATGTCT..TGATGAATAA]
19:24:13.022 - INFO - CDS - contig=VFPENVAR, start=90266, stop=90448, strand=-, nt=[ATGATATACC..TAATAAATGA]
19:24:13.022 - INFO - CDS - contig=VFPENVAR, start=90445, stop=90744, strand=-, nt=[ATGTACTACG..AAAAAAATGA]
19:24:13.022 - INFO - CDS - contig=VFPENVAR, start=90746, stop=90985, strand=+, nt=[ATGAAAGAAT..CGGGAGTTGA]
19:24:13.022 - INFO - CDS - contig=VFPENVAR, start=91112, stop=92302, strand=-, nt=[ATGTTTATAA..TAATTTTTAG]
19:24:13.022 - INFO - CDS - contig=VFPENVAR, start=92303, stop=93604, strand=+, nt=[ATGAAAATAA..TGGGAAATGA]
19:24:13.022 - INFO - CDS - contig=VFPENVAR, start=93601, stop=95361, strand=+, nt=[ATGAAAGAAT..AAAAAAATAA]
19:24:13.022 - INFO - CDS - contig=VFPENVAR, start=95383, stop=95643, strand=+, nt=[ATGAAAAAAG..TGGAAAATAA]
19:24:13.022 - INFO - CDS - contig=VFPENVAR, start=95633, stop=97225, strand=+, nt=[ATGGAAAATA..AATAACATAA]
19:24:13.022 - INFO - CDS - contig=VFPENVAR, start=97229, stop=98479, strand=+, nt=[ATGAATTATA..AAATGTATAG]
19:24:13.022 - INFO - CDS - contig=VFPENVAR, start=98472, stop=99452, strand=+, nt=[ATGTATAGAA..TATTAATTAA]
19:24:13.022 - INFO - CDS - contig=VFPENVAR, start=99445, stop=100572, strand=-, nt=[ATGACGTTTT..AATTAATTAA]
19:24:13.022 - INFO - CDS - contig=VFPENVAR, start=100659, stop=101300, strand=+, nt=[ATGAAGAACA..TATTAAATAA]
19:24:13.022 - INFO - CDS - contig=VFPENVAR, start=101293, stop=102300, strand=-, nt=[ATGGATAAAT..GTTTATTTAA]
19:24:13.022 - INFO - CDS - contig=VFPENVAR, start=102304, stop=104106, strand=-, nt=[ATGAAAAAAA..TGATAAATAA]
19:24:13.022 - INFO - CDS - contig=VFPENVAR, start=104107, stop=104529, strand=-, nt=[ATGAATAAAA..CATAACATAA]
19:24:13.022 - INFO - CDS - contig=VFPENVAR, start=104597, stop=105547, strand=+, nt=[ATGTCTGTTA..AATTAGATAA]
19:24:13.022 - INFO - CDS - contig=VFPENVAR, start=105540, stop=106505, strand=-, nt=[ATGTATATAA..TGTTATCTAA]
19:24:13.022 - INFO - CDS - contig=VFPENVAR, start=106496, stop=106999, strand=-, nt=[ATGATAATAA..ATGTATATAA]
19:24:13.022 - INFO - CDS - contig=VFPENVAR, start=106996, stop=109128, strand=-, nt=[ATGATTAATA..CGTGATATGA]
19:24:13.022 - INFO - CDS - contig=VFPENVAR, start=109121, stop=109738, strand=-, nt=[ATGAAAATTC..ATATGATTAA]
19:24:13.022 - INFO - CDS - contig=VFPENVAR, start=109735, stop=110943, strand=-, nt=[ATGAATCCCT..AAAGTTATGA]
19:24:13.022 - INFO - CDS - contig=VFPENVAR, start=110930, stop=111613, strand=-, nt=[TTGTTTAAGA..ATCCCTTTAA]
19:24:13.022 - INFO - CDS - contig=VFPENVAR, start=111648, stop=112097, strand=+, nt=[ATGTTATTTC..TTGTAATTAA]
19:24:13.022 - INFO - CDS - contig=VFPENVAR, start=112083, stop=112325, strand=-, nt=[ATGGCAAAAA..TACAATATAG]
19:24:13.022 - INFO - CDS - contig=VFPENVAR, start=112325, stop=112618, strand=-, nt=[ATGATAATAA..GATTTATTAA]
19:24:13.022 - INFO - CDS - contig=VFPENVAR, start=112596, stop=113348, strand=-, nt=[ATGATATTTA..TCGAATATAA]
19:24:13.022 - INFO - CDS - contig=VFPENVAR, start=113432, stop=114688, strand=+, nt=[ATGAAAATAA..AAAACCTTGA]
19:24:13.022 - INFO - CDS - contig=VFPENVAR, start=117613, stop=117732, strand=-, nt=[ATGGTAGAGT..AGGCAGTTGA]
19:24:13.022 - INFO - CDS - contig=VFPENVAR, start=119211, stop=119750, strand=+, nt=[ATGCATACCG..TAAAATTTAA]
19:24:13.022 - INFO - CDS - contig=VFPENVAR, start=119737, stop=120291, strand=+, nt=[ATGATAAAAT..AAAAATATAA]
19:24:13.022 - INFO - CDS - contig=VFPENVAR, start=120291, stop=120494, strand=+, nt=[ATGAAAATAA..AATTATATAA]
19:24:13.022 - INFO - CDS - contig=VFPENVAR, start=120497, stop=121312, strand=+, nt=[ATGAAAAAAC..TAAGAGATGA]
19:24:13.022 - INFO - CDS - contig=VFPENVAR, start=121309, stop=121599, strand=+, nt=[ATGATGAAAA..AAAAAAATAA]
19:24:13.022 - INFO - CDS - contig=VFPENVAR, start=121602, stop=121928, strand=+, nt=[ATGAAATTTT..ATATATATAA]
19:24:13.022 - INFO - CDS - contig=VFPENVAR, start=121928, stop=122530, strand=+, nt=[ATGGGAAATA..AATTTACTAA]
19:24:13.022 - INFO - CDS - contig=VFPENVAR, start=122511, stop=122912, strand=+, nt=[ATGAAAAAAA..TATTTTTTAA]
19:24:13.022 - INFO - CDS - contig=VFPENVAR, start=122912, stop=123142, strand=+, nt=[ATGAAATTCA..AATAAAATGA]
19:24:13.022 - INFO - CDS - contig=VFPENVAR, start=123139, stop=123504, strand=+, nt=[ATGATAATTA..TGTATTTTAA]
19:24:13.022 - INFO - CDS - contig=VFPENVAR, start=123507, stop=124046, strand=+, nt=[ATGATTAAAA..ATTTTTCTAA]
19:24:13.022 - INFO - CDS - contig=VFPENVAR, start=124046, stop=124315, strand=+, nt=[ATGTCTAAAA..TAGTTGGTAA]
19:24:13.022 - INFO - CDS - contig=VFPENVAR, start=124315, stop=124713, strand=+, nt=[ATGAAAAAAT..AAATGTCTAA]
19:24:13.022 - INFO - CDS - contig=VFPENVAR, start=124706, stop=125254, strand=+, nt=[ATGTCTAAAA..AAAAAAATAA]
19:24:13.022 - INFO - CDS - contig=VFPENVAR, start=125259, stop=125567, strand=+, nt=[ATGTATAGTA..AAAAAAATGA]
19:24:13.022 - INFO - CDS - contig=VFPENVAR, start=125564, stop=126004, strand=+, nt=[ATGAATTATG..AAATATTTAA]
19:24:13.022 - INFO - CDS - contig=VFPENVAR, start=125979, stop=126344, strand=+, nt=[ATGAACATAA..TATTAAATGA]
19:24:13.022 - INFO - CDS - contig=VFPENVAR, start=126341, stop=126448, strand=+, nt=[ATGATAAATA..AAATTACTAA]
19:24:13.022 - INFO - CDS - contig=VFPENVAR, start=126405, stop=126596, strand=+, nt=[TTGAAAAATC..AATAAGATGA]
19:24:13.022 - INFO - CDS - contig=VFPENVAR, start=126593, stop=126706, strand=+, nt=[ATGAAAGTTA..GCAAGGATGA]
19:24:13.022 - INFO - CDS - contig=VFPENVAR, start=126703, stop=127041, strand=+, nt=[ATGAATATTT..AAAAATATGA]
19:24:13.022 - INFO - CDS - contig=VFPENVAR, start=127038, stop=127373, strand=+, nt=[ATGATAATAC..AAGAACATGA]
19:24:13.022 - INFO - CDS - contig=VFPENVAR, start=127370, stop=127936, strand=+, nt=[ATGAAAATAT..AAATAAATGA]
19:24:13.022 - INFO - CDS - contig=VFPENVAR, start=127933, stop=128787, strand=+, nt=[ATGATCTTGA..AATTAAATGA]
19:24:13.022 - INFO - CDS - contig=VFPENVAR, start=128784, stop=129041, strand=+, nt=[ATGAGACATA..AAAAAAATGA]
19:24:13.022 - INFO - CDS - contig=VFPENVAR, start=129038, stop=129166, strand=+, nt=[ATGATAATAA..ATTTATATAA]
19:24:13.022 - INFO - CDS - contig=VFPENVAR, start=129159, stop=130256, strand=-, nt=[ATGAAAATAA..ATTTATATAA]
19:24:13.022 - INFO - CDS - contig=VFPENVAR, start=130671, stop=131738, strand=+, nt=[ATGTATAATT..AGTTAATTAG]
19:24:13.022 - INFO - CDS - contig=VFPENVAR, start=1, stop=1188, strand=+, nt=[ATGAAAGAAA..ATTAGTTTAG]
19:24:13.043 - INFO - CDS - predicted=151
19:24:13.101 - INFO - ORF - discarded=0
19:24:13.173 - INFO - UPS - looked-up=0
19:24:13.174 - INFO - IPS - looked-up=0
19:24:13.175 - INFO - ORF - write internal aa seqs: # seqs=151, path=/tmp/tmp84wh1vyy/cds.psc.faa
19:24:55.401 - INFO - PSC - found: PSC=0, PSCC=23
19:24:55.415 - INFO - PSC - looked-up=23
19:24:55.417 - INFO - PSCC - looked-up=18
19:24:55.417 - INFO - ORF - write internal aa seqs: # seqs=151, path=/tmp/tmp84wh1vyy/cds.expert.faa
19:24:56.041 - INFO - EXPERT-AMRFINDER - found=0
19:24:56.536 - INFO - EXPERT_AA_SEQ - found=0
19:24:56.536 - INFO - ANNOTATION - marked as hypothetical: contig=VFPENVAR, start=1269, stop=1685, strand=+
19:24:56.536 - INFO - ANNOTATION - marked as hypothetical: contig=VFPENVAR, start=1675, stop=2265, strand=+
19:24:56.536 - INFO - ANNOTATION - marked as hypothetical: contig=VFPENVAR, start=2258, stop=2719, strand=+
19:24:56.536 - INFO - ANNOTATION - marked as hypothetical: contig=VFPENVAR, start=2694, stop=3053, strand=+
19:24:56.536 - INFO - ANNOTATION - marked as hypothetical: contig=VFPENVAR, start=3055, stop=6834, strand=+
19:24:56.536 - INFO - ANNOTATION - marked as hypothetical: contig=VFPENVAR, start=6834, stop=10667, strand=+
19:24:56.536 - INFO - ANNOTATION - marked as hypothetical: contig=VFPENVAR, start=10669, stop=11064, strand=+
19:24:56.536 - INFO - ANNOTATION - marked as hypothetical: contig=VFPENVAR, start=11036, stop=11506, strand=+
19:24:56.536 - INFO - ANNOTATION - marked as hypothetical: contig=VFPENVAR, start=13557, stop=13889, strand=+
19:24:56.536 - INFO - ANNOTATION - marked as hypothetical: contig=VFPENVAR, start=13864, stop=14295, strand=+
19:24:56.536 - INFO - ANNOTATION - marked as hypothetical: contig=VFPENVAR, start=14367, stop=14765, strand=+
19:24:56.536 - INFO - ANNOTATION - marked as hypothetical: contig=VFPENVAR, start=14758, stop=15669, strand=+
19:24:56.536 - INFO - ANNOTATION - marked as hypothetical: contig=VFPENVAR, start=15640, stop=16332, strand=-
19:24:56.536 - INFO - ANNOTATION - marked as hypothetical: contig=VFPENVAR, start=16319, stop=17425, strand=-
19:24:56.536 - INFO - ANNOTATION - marked as hypothetical: contig=VFPENVAR, start=17422, stop=17814, strand=-
19:24:56.536 - INFO - ANNOTATION - marked as hypothetical: contig=VFPENVAR, start=17814, stop=18113, strand=-
19:24:56.536 - INFO - ANNOTATION - marked as hypothetical: contig=VFPENVAR, start=18094, stop=18897, strand=-
19:24:56.536 - INFO - ANNOTATION - marked as hypothetical: contig=VFPENVAR, start=18887, stop=19444, strand=-
19:24:56.536 - INFO - ANNOTATION - marked as hypothetical: contig=VFPENVAR, start=19441, stop=20799, strand=-
19:24:56.536 - INFO - ANNOTATION - marked as hypothetical: contig=VFPENVAR, start=20908, stop=21774, strand=+
19:24:56.536 - INFO - ANNOTATION - marked as hypothetical: contig=VFPENVAR, start=21762, stop=22280, strand=+
19:24:56.536 - INFO - ANNOTATION - marked as hypothetical: contig=VFPENVAR, start=22282, stop=22824, strand=-
19:24:56.536 - INFO - ANNOTATION - marked as hypothetical: contig=VFPENVAR, start=23118, stop=24239, strand=+
19:24:56.536 - INFO - ANNOTATION - marked as hypothetical: contig=VFPENVAR, start=24231, stop=24347, strand=-
19:24:56.536 - INFO - ANNOTATION - marked as hypothetical: contig=VFPENVAR, start=24488, stop=25531, strand=-
19:24:56.536 - INFO - ANNOTATION - marked as hypothetical: contig=VFPENVAR, start=25528, stop=26226, strand=-
19:24:56.536 - INFO - ANNOTATION - marked as hypothetical: contig=VFPENVAR, start=26223, stop=26819, strand=-
19:24:56.536 - INFO - ANNOTATION - marked as hypothetical: contig=VFPENVAR, start=26965, stop=28005, strand=+
19:24:56.536 - INFO - ANNOTATION - marked as hypothetical: contig=VFPENVAR, start=27986, stop=28726, strand=+
19:24:56.536 - INFO - ANNOTATION - marked as hypothetical: contig=VFPENVAR, start=28723, stop=29115, strand=+
19:24:56.536 - INFO - ANNOTATION - marked as hypothetical: contig=VFPENVAR, start=29173, stop=29385, strand=-
19:24:56.537 - INFO - ANNOTATION - marked as hypothetical: contig=VFPENVAR, start=29389, stop=31728, strand=-
19:24:56.537 - INFO - ANNOTATION - marked as hypothetical: contig=VFPENVAR, start=31700, stop=31882, strand=-
19:24:56.537 - INFO - ANNOTATION - marked as hypothetical: contig=VFPENVAR, start=31879, stop=32019, strand=-
19:24:56.537 - INFO - ANNOTATION - marked as hypothetical: contig=VFPENVAR, start=32025, stop=34214, strand=+
19:24:56.537 - INFO - ANNOTATION - marked as hypothetical: contig=VFPENVAR, start=34416, stop=35117, strand=+
19:24:56.537 - INFO - ANNOTATION - marked as hypothetical: contig=VFPENVAR, start=35114, stop=36244, strand=+
19:24:56.537 - INFO - ANNOTATION - marked as hypothetical: contig=VFPENVAR, start=36236, stop=37087, strand=-
19:24:56.537 - INFO - ANNOTATION - marked as hypothetical: contig=VFPENVAR, start=37032, stop=37799, strand=-
19:24:56.537 - INFO - ANNOTATION - marked as hypothetical: contig=VFPENVAR, start=37789, stop=38787, strand=-
19:24:56.537 - INFO - ANNOTATION - marked as hypothetical: contig=VFPENVAR, start=38771, stop=39346, strand=-
19:24:56.537 - INFO - ANNOTATION - marked as hypothetical: contig=VFPENVAR, start=39327, stop=40559, strand=-
19:24:56.537 - INFO - ANNOTATION - marked as hypothetical: contig=VFPENVAR, start=40556, stop=41938, strand=-
19:24:56.537 - INFO - ANNOTATION - marked as hypothetical: contig=VFPENVAR, start=41938, stop=42915, strand=-
19:24:56.537 - INFO - ANNOTATION - marked as hypothetical: contig=VFPENVAR, start=46941, stop=47192, strand=-
19:24:56.537 - INFO - ANNOTATION - marked as hypothetical: contig=VFPENVAR, start=48458, stop=49825, strand=-
19:24:56.537 - INFO - ANNOTATION - marked as hypothetical: contig=VFPENVAR, start=49785, stop=50759, strand=-
19:24:56.537 - INFO - ANNOTATION - marked as hypothetical: contig=VFPENVAR, start=50775, stop=52058, strand=+
19:24:56.537 - INFO - ANNOTATION - marked as hypothetical: contig=VFPENVAR, start=52045, stop=53379, strand=+
19:24:56.537 - INFO - ANNOTATION - marked as hypothetical: contig=VFPENVAR, start=53611, stop=56571, strand=+
19:24:56.537 - INFO - ANNOTATION - marked as hypothetical: contig=VFPENVAR, start=56564, stop=56734, strand=+
19:24:56.537 - INFO - ANNOTATION - marked as hypothetical: contig=VFPENVAR, start=57069, stop=57746, strand=+
19:24:56.537 - INFO - ANNOTATION - marked as hypothetical: contig=VFPENVAR, start=57721, stop=58743, strand=+
19:24:56.537 - INFO - ANNOTATION - marked as hypothetical: contig=VFPENVAR, start=58710, stop=59354, strand=+
19:24:56.537 - INFO - ANNOTATION - marked as hypothetical: contig=VFPENVAR, start=59344, stop=60489, strand=+
19:24:56.537 - INFO - ANNOTATION - marked as hypothetical: contig=VFPENVAR, start=60489, stop=61199, strand=+
19:24:56.537 - INFO - ANNOTATION - marked as hypothetical: contig=VFPENVAR, start=61165, stop=61428, strand=+
19:24:56.537 - INFO - ANNOTATION - marked as hypothetical: contig=VFPENVAR, start=61409, stop=61645, strand=+
19:24:56.537 - INFO - ANNOTATION - marked as hypothetical: contig=VFPENVAR, start=61709, stop=62200, strand=+
19:24:56.537 - INFO - ANNOTATION - marked as hypothetical: contig=VFPENVAR, start=62201, stop=62344, strand=+
19:24:56.537 - INFO - ANNOTATION - marked as hypothetical: contig=VFPENVAR, start=62987, stop=64024, strand=+
19:24:56.537 - INFO - ANNOTATION - marked as hypothetical: contig=VFPENVAR, start=64021, stop=67092, strand=+
19:24:56.537 - INFO - ANNOTATION - marked as hypothetical: contig=VFPENVAR, start=67089, stop=67646, strand=+
19:24:56.537 - INFO - ANNOTATION - fix gene: extract symbol from protein name. symbol=clpX
19:24:56.537 - INFO - ANNOTATION - marked as hypothetical: contig=VFPENVAR, start=69376, stop=70188, strand=+
19:24:56.537 - INFO - ANNOTATION - marked as hypothetical: contig=VFPENVAR, start=70181, stop=71224, strand=+
19:24:56.537 - INFO - ANNOTATION - marked as hypothetical: contig=VFPENVAR, start=71214, stop=72242, strand=+
19:24:56.537 - INFO - ANNOTATION - marked as hypothetical: contig=VFPENVAR, start=72473, stop=73060, strand=+
19:24:56.537 - INFO - ANNOTATION - marked as hypothetical: contig=VFPENVAR, start=73057, stop=74304, strand=+
19:24:56.537 - INFO - ANNOTATION - marked as hypothetical: contig=VFPENVAR, start=74297, stop=75268, strand=+
19:24:56.537 - INFO - ANNOTATION - marked as hypothetical: contig=VFPENVAR, start=75234, stop=75806, strand=+
19:24:56.537 - INFO - ANNOTATION - marked as hypothetical: contig=VFPENVAR, start=75809, stop=76408, strand=+
19:24:56.537 - INFO - ANNOTATION - marked as hypothetical: contig=VFPENVAR, start=76405, stop=77094, strand=+
19:24:56.537 - INFO - ANNOTATION - marked as hypothetical: contig=VFPENVAR, start=78095, stop=78376, strand=+
19:24:56.537 - INFO - ANNOTATION - marked as hypothetical: contig=VFPENVAR, start=78537, stop=79412, strand=+
19:24:56.537 - INFO - ANNOTATION - marked as hypothetical: contig=VFPENVAR, start=79828, stop=79977, strand=-
19:24:56.537 - INFO - ANNOTATION - marked as hypothetical: contig=VFPENVAR, start=79958, stop=80407, strand=-
19:24:56.537 - INFO - ANNOTATION - marked as hypothetical: contig=VFPENVAR, start=81643, stop=81786, strand=+
19:24:56.537 - INFO - ANNOTATION - marked as hypothetical: contig=VFPENVAR, start=81909, stop=82307, strand=+
19:24:56.537 - INFO - ANNOTATION - marked as hypothetical: contig=VFPENVAR, start=82266, stop=82760, strand=-
19:24:56.537 - INFO - ANNOTATION - marked as hypothetical: contig=VFPENVAR, start=82757, stop=83695, strand=-
19:24:56.537 - INFO - ANNOTATION - marked as hypothetical: contig=VFPENVAR, start=83716, stop=84738, strand=+
19:24:56.537 - INFO - ANNOTATION - marked as hypothetical: contig=VFPENVAR, start=84729, stop=84899, strand=+
19:24:56.537 - INFO - ANNOTATION - marked as hypothetical: contig=VFPENVAR, start=84899, stop=85507, strand=+
19:24:56.537 - INFO - ANNOTATION - marked as hypothetical: contig=VFPENVAR, start=85501, stop=86532, strand=+
19:24:56.537 - INFO - ANNOTATION - marked as hypothetical: contig=VFPENVAR, start=86529, stop=87866, strand=-
19:24:56.537 - INFO - ANNOTATION - marked as hypothetical: contig=VFPENVAR, start=87863, stop=89011, strand=-
19:24:56.537 - INFO - ANNOTATION - marked as hypothetical: contig=VFPENVAR, start=89004, stop=90269, strand=-
19:24:56.537 - INFO - ANNOTATION - marked as hypothetical: contig=VFPENVAR, start=90266, stop=90448, strand=-
19:24:56.537 - INFO - ANNOTATION - marked as hypothetical: contig=VFPENVAR, start=90445, stop=90744, strand=-
19:24:56.537 - INFO - ANNOTATION - marked as hypothetical: contig=VFPENVAR, start=90746, stop=90985, strand=+
19:24:56.537 - INFO - ANNOTATION - marked as hypothetical: contig=VFPENVAR, start=91112, stop=92302, strand=-
19:24:56.537 - INFO - ANNOTATION - marked as hypothetical: contig=VFPENVAR, start=92303, stop=93604, strand=+
19:24:56.537 - INFO - ANNOTATION - marked as hypothetical: contig=VFPENVAR, start=93601, stop=95361, strand=+
19:24:56.537 - INFO - ANNOTATION - marked as hypothetical: contig=VFPENVAR, start=95383, stop=95643, strand=+
19:24:56.537 - INFO - ANNOTATION - marked as hypothetical: contig=VFPENVAR, start=97229, stop=98479, strand=+
19:24:56.537 - INFO - ANNOTATION - marked as hypothetical: contig=VFPENVAR, start=98472, stop=99452, strand=+
19:24:56.537 - INFO - ANNOTATION - marked as hypothetical: contig=VFPENVAR, start=99445, stop=100572, strand=-
19:24:56.537 - INFO - ANNOTATION - marked as hypothetical: contig=VFPENVAR, start=100659, stop=101300, strand=+
19:24:56.537 - INFO - ANNOTATION - marked as hypothetical: contig=VFPENVAR, start=101293, stop=102300, strand=-
19:24:56.537 - INFO - ANNOTATION - fix gene: extract symbol from protein name. symbol=dnaK
19:24:56.537 - INFO - ANNOTATION - marked as hypothetical: contig=VFPENVAR, start=104107, stop=104529, strand=-
19:24:56.537 - INFO - ANNOTATION - marked as hypothetical: contig=VFPENVAR, start=104597, stop=105547, strand=+
19:24:56.537 - INFO - ANNOTATION - marked as hypothetical: contig=VFPENVAR, start=105540, stop=106505, strand=-
19:24:56.537 - INFO - ANNOTATION - marked as hypothetical: contig=VFPENVAR, start=106496, stop=106999, strand=-
19:24:56.537 - INFO - ANNOTATION - marked as hypothetical: contig=VFPENVAR, start=106996, stop=109128, strand=-
19:24:56.538 - INFO - ANNOTATION - marked as hypothetical: contig=VFPENVAR, start=109121, stop=109738, strand=-
19:24:56.538 - INFO - ANNOTATION - marked as hypothetical: contig=VFPENVAR, start=110930, stop=111613, strand=-
19:24:56.538 - INFO - ANNOTATION - marked as hypothetical: contig=VFPENVAR, start=112083, stop=112325, strand=-
19:24:56.538 - INFO - ANNOTATION - marked as hypothetical: contig=VFPENVAR, start=112325, stop=112618, strand=-
19:24:56.538 - INFO - ANNOTATION - marked as hypothetical: contig=VFPENVAR, start=112596, stop=113348, strand=-
19:24:56.538 - INFO - ANNOTATION - marked as hypothetical: contig=VFPENVAR, start=117613, stop=117732, strand=-
19:24:56.538 - INFO - ANNOTATION - marked as hypothetical: contig=VFPENVAR, start=119211, stop=119750, strand=+
19:24:56.538 - INFO - ANNOTATION - marked as hypothetical: contig=VFPENVAR, start=119737, stop=120291, strand=+
19:24:56.538 - INFO - ANNOTATION - marked as hypothetical: contig=VFPENVAR, start=120291, stop=120494, strand=+
19:24:56.538 - INFO - ANNOTATION - marked as hypothetical: contig=VFPENVAR, start=121602, stop=121928, strand=+
19:24:56.538 - INFO - ANNOTATION - marked as hypothetical: contig=VFPENVAR, start=121928, stop=122530, strand=+
19:24:56.538 - INFO - ANNOTATION - marked as hypothetical: contig=VFPENVAR, start=122912, stop=123142, strand=+
19:24:56.538 - INFO - ANNOTATION - marked as hypothetical: contig=VFPENVAR, start=123507, stop=124046, strand=+
19:24:56.538 - INFO - ANNOTATION - marked as hypothetical: contig=VFPENVAR, start=124046, stop=124315, strand=+
19:24:56.538 - INFO - ANNOTATION - marked as hypothetical: contig=VFPENVAR, start=124315, stop=124713, strand=+
19:24:56.538 - INFO - ANNOTATION - marked as hypothetical: contig=VFPENVAR, start=124706, stop=125254, strand=+
19:24:56.538 - INFO - ANNOTATION - marked as hypothetical: contig=VFPENVAR, start=125259, stop=125567, strand=+
19:24:56.538 - INFO - ANNOTATION - marked as hypothetical: contig=VFPENVAR, start=125564, stop=126004, strand=+
19:24:56.538 - INFO - ANNOTATION - marked as hypothetical: contig=VFPENVAR, start=125979, stop=126344, strand=+
19:24:56.538 - INFO - ANNOTATION - marked as hypothetical: contig=VFPENVAR, start=126341, stop=126448, strand=+
19:24:56.538 - INFO - ANNOTATION - marked as hypothetical: contig=VFPENVAR, start=126593, stop=126706, strand=+
19:24:56.538 - INFO - ANNOTATION - marked as hypothetical: contig=VFPENVAR, start=126703, stop=127041, strand=+
19:24:56.538 - INFO - ANNOTATION - marked as hypothetical: contig=VFPENVAR, start=127370, stop=127936, strand=+
19:24:56.538 - INFO - ANNOTATION - marked as hypothetical: contig=VFPENVAR, start=127933, stop=128787, strand=+
19:24:56.538 - INFO - ANNOTATION - marked as hypothetical: contig=VFPENVAR, start=128784, stop=129041, strand=+
19:24:56.538 - INFO - ANNOTATION - marked as hypothetical: contig=VFPENVAR, start=129038, stop=129166, strand=+
19:24:56.538 - INFO - ANNOTATION - marked as hypothetical: contig=VFPENVAR, start=129159, stop=130256, strand=-
19:24:56.538 - INFO - ANNOTATION - marked as hypothetical: contig=VFPENVAR, start=130671, stop=131738, strand=+
19:24:56.538 - INFO - ANNOTATION - marked as hypothetical: contig=VFPENVAR, start=1, stop=1188, strand=+
19:24:56.538 - INFO - ORF - write internal aa seqs: # seqs=132, path=/tmp/tmp84wh1vyy/cds.pseudo.candidates.faa
19:25:44.714 - INFO - CDS - found: pseudogene-candidates=0
19:25:44.714 - INFO - PSC - looked-up=0
19:25:44.714 - INFO - PSCC - looked-up=0
19:25:44.736 - INFO - CDS - pfam detected: contig=VFPENVAR, start=70181, stop=71224, strand=+, pfam-id=PF00004.32, length=146, aa-start=42, aa-stop=168, aa-cov=0.4, hmm-cov=0.8, evalue=2.9e-13, bitscore=43.5, name=AAA
19:25:44.737 - INFO - CDS - pfam detected: contig=VFPENVAR, start=89004, stop=90269, strand=-, pfam-id=PF13481.9, length=186, aa-start=175, aa-stop=347, aa-cov=0.4, hmm-cov=0.9, evalue=4.5e-09, bitscore=29.2, name=AAA_25
19:25:44.774 - INFO - CDS - pfam detected: contig=VFPENVAR, start=83716, stop=84738, strand=+, pfam-id=PF00155.24, length=302, aa-start=41, aa-stop=321, aa-cov=0.8, hmm-cov=1.0, evalue=4.7e-33, bitscore=107.8, name=Aminotran_1_2
19:25:44.774 - INFO - CDS - pfam detected: contig=VFPENVAR, start=74297, stop=75268, strand=+, pfam-id=PF00155.24, length=283, aa-start=21, aa-stop=270, aa-cov=0.8, hmm-cov=1.0, evalue=2.7e-30, bitscore=98.8, name=Aminotran_1_2
19:25:44.774 - INFO - CDS - pfam detected: contig=VFPENVAR, start=35114, stop=36244, strand=+, pfam-id=PF00155.24, length=150, aa-start=54, aa-stop=177, aa-cov=0.3, hmm-cov=1.0, evalue=3.7e-07, bitscore=22.6, name=Aminotran_1_2
19:25:44.774 - INFO - CDS - pfam detected: contig=VFPENVAR, start=23118, stop=24239, strand=+, pfam-id=PF00266.22, length=384, aa-start=5, aa-stop=359, aa-cov=1.0, hmm-cov=1.0, evalue=8.5e-58, bitscore=189.0, name=Aminotran_5
19:25:44.776 - INFO - CDS - pfam detected: contig=VFPENVAR, start=29389, stop=31728, strand=-, pfam-id=PF08264.16, length=135, aa-start=555, aa-stop=679, aa-cov=0.2, hmm-cov=1.0, evalue=5.9e-20, bitscore=64.9, name=Anticodon_1
19:25:44.780 - INFO - CDS - pfam detected: contig=VFPENVAR, start=71214, stop=72242, strand=+, pfam-id=PF00025.24, length=164, aa-start=125, aa-stop=280, aa-cov=0.5, hmm-cov=0.9, evalue=7.6e-08, bitscore=25.1, name=Arf
19:25:44.787 - INFO - CDS - pfam detected: contig=VFPENVAR, start=89004, stop=90269, strand=-, pfam-id=PF06745.16, length=176, aa-start=172, aa-stop=346, aa-cov=0.4, hmm-cov=0.9, evalue=6.0e-09, bitscore=28.6, name=ATPase
19:25:44.787 - INFO - CDS - pfam detected: contig=VFPENVAR, start=64021, stop=67092, strand=+, pfam-id=PF15632.9, length=76, aa-start=793, aa-stop=868, aa-cov=0.1, hmm-cov=1.0, evalue=2.2e-12, bitscore=39.9, name=ATPgrasp_Ter
19:25:44.887 - INFO - CDS - pfam detected: contig=VFPENVAR, start=64021, stop=67092, strand=+, pfam-id=PF02786.20, length=216, aa-start=122, aa-stop=331, aa-cov=0.2, hmm-cov=1.0, evalue=3.6e-57, bitscore=186.3, name=CPSase_L_D2
19:25:44.888 - INFO - CDS - pfam detected: contig=VFPENVAR, start=62987, stop=64024, strand=+, pfam-id=PF00988.25, length=120, aa-start=7, aa-stop=126, aa-cov=0.3, hmm-cov=1.0, evalue=8.6e-28, bitscore=89.8, name=CPSase_sm_chain
19:25:44.907 - INFO - CDS - pfam detected: contig=VFPENVAR, start=35114, stop=36244, strand=+, pfam-id=PF01053.23, length=382, aa-start=5, aa-stop=369, aa-cov=1.0, hmm-cov=1.0, evalue=4.4e-69, bitscore=225.8, name=Cys_Met_Meta_PP
19:25:44.911 - INFO - CDS - pfam detected: contig=VFPENVAR, start=104597, stop=105547, strand=+, pfam-id=PF00793.23, length=293, aa-start=12, aa-stop=299, aa-cov=0.9, hmm-cov=0.9, evalue=1.1e-71, bitscore=234.0, name=DAHP_synth_1
19:25:44.912 - INFO - CDS - pfam detected: contig=VFPENVAR, start=109121, stop=109738, strand=-, pfam-id=PF05173.17, length=115, aa-start=100, aa-stop=203, aa-cov=0.5, hmm-cov=1.0, evalue=1.4e-16, bitscore=53.7, name=DapB_C
19:25:44.912 - INFO - CDS - pfam detected: contig=VFPENVAR, start=109121, stop=109738, strand=-, pfam-id=PF01113.23, length=67, aa-start=28, aa-stop=94, aa-cov=0.3, hmm-cov=1.0, evalue=2.9e-14, bitscore=46.3, name=DapB_N
19:25:44.913 - INFO - CDS - pfam detected: contig=VFPENVAR, start=18094, stop=18897, strand=-, pfam-id=PF01678.22, length=98, aa-start=7, aa-stop=95, aa-cov=0.3, hmm-cov=1.0, evalue=3.2e-15, bitscore=49.5, name=DAP_epimerase
19:25:44.923 - INFO - CDS - pfam detected: contig=VFPENVAR, start=26223, stop=26819, strand=-, pfam-id=PF00701.25, length=194, aa-start=11, aa-stop=194, aa-cov=0.9, hmm-cov=1.0, evalue=1.5e-35, bitscore=115.3, name=DHDPS
19:25:44.923 - INFO - CDS - pfam detected: contig=VFPENVAR, start=130671, stop=131738, strand=+, pfam-id=PF01761.23, length=260, aa-start=58, aa-stop=315, aa-cov=0.7, hmm-cov=1.0, evalue=1.3e-73, bitscore=240.5, name=DHQ_synthase
19:25:44.930 - INFO - CDS - pfam detected: contig=VFPENVAR, start=89004, stop=90269, strand=-, pfam-id=PF00772.24, length=96, aa-start=8, aa-stop=98, aa-cov=0.2, hmm-cov=1.0, evalue=9.1e-14, bitscore=44.6, name=DnaB
19:25:44.931 - INFO - CDS - pfam detected: contig=VFPENVAR, start=89004, stop=90269, strand=-, pfam-id=PF03796.18, length=252, aa-start=172, aa-stop=419, aa-cov=0.6, hmm-cov=1.0, evalue=2.4e-82, bitscore=269.1, name=DnaB_C
19:25:44.932 - INFO - CDS - pfam detected: contig=VFPENVAR, start=101293, stop=102300, strand=-, pfam-id=PF00226.34, length=57, aa-start=3, aa-stop=58, aa-cov=0.2, hmm-cov=1.0, evalue=6.4e-25, bitscore=80.2, name=DnaJ
19:25:44.933 - INFO - CDS - pfam detected: contig=VFPENVAR, start=101293, stop=102300, strand=-, pfam-id=PF01556.21, length=189, aa-start=129, aa-stop=316, aa-cov=0.6, hmm-cov=0.7, evalue=2.7e-19, bitscore=62.8, name=DnaJ_C
19:25:44.933 - INFO - CDS - pfam detected: contig=VFPENVAR, start=101293, stop=102300, strand=-, pfam-id=PF00684.22, length=66, aa-start=128, aa-stop=188, aa-cov=0.2, hmm-cov=1.0, evalue=1.0e-12, bitscore=41.3, name=DnaJ_CXXCXGXG
19:25:44.936 - INFO - CDS - pfam detected: contig=VFPENVAR, start=53611, stop=56571, strand=+, pfam-id=PF07733.15, length=259, aa-start=276, aa-stop=524, aa-cov=0.3, hmm-cov=1.0, evalue=2.0e-71, bitscore=233.7, name=DNA_pol3_alpha
19:25:44.938 - INFO - CDS - pfam detected: contig=VFPENVAR, start=70181, stop=71224, strand=+, pfam-id=PF13177.9, length=160, aa-start=20, aa-stop=176, aa-cov=0.5, hmm-cov=1.0, evalue=5.4e-27, bitscore=87.9, name=DNA_pol3_delta2
19:25:44.938 - INFO - CDS - pfam detected: contig=VFPENVAR, start=53611, stop=56571, strand=+, pfam-id=PF17657.4, length=156, aa-start=531, aa-stop=677, aa-cov=0.1, hmm-cov=1.0, evalue=6.9e-35, bitscore=112.9, name=DNA_pol3_finger
19:25:45.135 - INFO - CDS - pfam detected: contig=VFPENVAR, start=92303, stop=93604, strand=+, pfam-id=PF02421.21, length=84, aa-start=213, aa-stop=295, aa-cov=0.2, hmm-cov=1.0, evalue=3.7e-11, bitscore=35.9, name=FeoB_N
19:25:45.208 - INFO - CDS - pfam detected: contig=VFPENVAR, start=38771, stop=39346, strand=-, pfam-id=PF00117.31, length=191, aa-start=3, aa-stop=186, aa-cov=1.0, hmm-cov=1.0, evalue=1.6e-36, bitscore=119.0, name=GATase
19:25:45.209 - INFO - CDS - pfam detected: contig=VFPENVAR, start=62987, stop=64024, strand=+, pfam-id=PF00117.31, length=165, aa-start=193, aa-stop=339, aa-cov=0.4, hmm-cov=1.0, evalue=9.5e-29, bitscore=93.6, name=GATase
19:25:45.209 - INFO - CDS - pfam detected: contig=VFPENVAR, start=75809, stop=76408, strand=+, pfam-id=PF00117.31, length=191, aa-start=13, aa-stop=187, aa-cov=0.9, hmm-cov=0.9, evalue=7.3e-12, bitscore=38.5, name=GATase
19:25:45.223 - INFO - CDS - pfam detected: contig=VFPENVAR, start=93601, stop=95361, strand=+, pfam-id=PF13932.9, length=205, aa-start=396, aa-stop=574, aa-cov=0.3, hmm-cov=1.0, evalue=7.9e-26, bitscore=84.6, name=GIDA_C
19:25:45.248 - INFO - CDS - pfam detected: contig=VFPENVAR, start=1, stop=1188, strand=+, pfam-id=PF00009.30, length=206, aa-start=9, aa-stop=202, aa-cov=0.5, hmm-cov=0.9, evalue=3.2e-57, bitscore=186.3, name=GTP_EFTU
19:25:45.248 - INFO - CDS - pfam detected: contig=VFPENVAR, start=19441, stop=20799, strand=-, pfam-id=PF00009.30, length=190, aa-start=10, aa-stop=167, aa-cov=0.3, hmm-cov=1.0, evalue=4.0e-19, bitscore=62.0, name=GTP_EFTU
19:25:45.248 - INFO - CDS - pfam detected: contig=VFPENVAR, start=1, stop=1188, strand=+, pfam-id=PF03144.28, length=73, aa-start=226, aa-stop=294, aa-cov=0.2, hmm-cov=1.0, evalue=7.4e-17, bitscore=54.7, name=GTP_EFTU_D2
19:25:45.248 - INFO - CDS - pfam detected: contig=VFPENVAR, start=1, stop=1188, strand=+, pfam-id=PF03143.20, length=105, aa-start=301, aa-stop=393, aa-cov=0.2, hmm-cov=1.0, evalue=1.0e-34, bitscore=112.2, name=GTP_EFTU_D3
19:25:45.267 - INFO - CDS - pfam detected: contig=VFPENVAR, start=84899, stop=85507, strand=+, pfam-id=PF00132.27, length=35, aa-start=108, aa-stop=142, aa-cov=0.2, hmm-cov=1.0, evalue=2.9e-14, bitscore=45.4, name=Hexapep
19:25:45.268 - INFO - CDS - pfam detected: contig=VFPENVAR, start=84899, stop=85507, strand=+, pfam-id=PF14602.9, length=35, aa-start=107, aa-stop=141, aa-cov=0.2, hmm-cov=0.9, evalue=1.3e-16, bitscore=53.2, name=Hexapep_2
19:25:45.272 - INFO - CDS - pfam detected: contig=VFPENVAR, start=53611, stop=56571, strand=+, pfam-id=PF14579.9, length=87, aa-start=751, aa-stop=835, aa-cov=0.1, hmm-cov=1.0, evalue=1.8e-22, bitscore=72.5, name=HHH_6
19:25:45.284 - INFO - CDS - pfam detected: contig=VFPENVAR, start=87863, stop=89011, strand=-, pfam-id=PF00742.22, length=180, aa-start=127, aa-stop=301, aa-cov=0.5, hmm-cov=1.0, evalue=1.9e-32, bitscore=105.6, name=Homoserine_dh
19:25:45.315 - INFO - CDS - pfam detected: contig=VFPENVAR, start=37032, stop=37799, strand=-, pfam-id=PF00218.24, length=237, aa-start=8, aa-stop=233, aa-cov=0.9, hmm-cov=1.0, evalue=1.1e-28, bitscore=93.1, name=IGPS
19:25:45.403 - INFO - CDS - pfam detected: contig=VFPENVAR, start=40556, stop=41938, strand=-, pfam-id=PF00206.23, length=307, aa-start=8, aa-stop=297, aa-cov=0.6, hmm-cov=1.0, evalue=1.1e-49, bitscore=162.6, name=Lyase_1
19:25:45.408 - INFO - CDS - pfam detected: contig=VFPENVAR, start=78095, stop=78376, strand=+, pfam-id=PF03819.20, length=60, aa-start=30, aa-stop=85, aa-cov=0.6, hmm-cov=1.0, evalue=3.0e-07, bitscore=23.7, name=MazG
19:25:45.414 - INFO - CDS - pfam detected: contig=VFPENVAR, start=22282, stop=22824, strand=-, pfam-id=PF08241.15, length=97, aa-start=49, aa-stop=145, aa-cov=0.5, hmm-cov=1.0, evalue=1.2e-06, bitscore=22.2, name=Methyltransf_11
19:25:45.415 - INFO - CDS - pfam detected: contig=VFPENVAR, start=22282, stop=22824, strand=-, pfam-id=PF13649.9, length=99, aa-start=48, aa-stop=142, aa-cov=0.5, hmm-cov=1.0, evalue=5.1e-09, bitscore=29.9, name=Methyltransf_25
19:25:45.415 - INFO - CDS - pfam detected: contig=VFPENVAR, start=22282, stop=22824, strand=-, pfam-id=PF13847.9, length=112, aa-start=43, aa-stop=150, aa-cov=0.6, hmm-cov=1.0, evalue=6.6e-13, bitscore=41.8, name=Methyltransf_31
19:25:45.416 - INFO - CDS - pfam detected: contig=VFPENVAR, start=32025, stop=34214, strand=+, pfam-id=PF08267.15, length=309, aa-start=4, aa-stop=296, aa-cov=0.4, hmm-cov=1.0, evalue=2.2e-54, bitscore=178.1, name=Meth_synt_1
19:25:45.416 - INFO - CDS - pfam detected: contig=VFPENVAR, start=32025, stop=34214, strand=+, pfam-id=PF01717.21, length=326, aa-start=395, aa-stop=719, aa-cov=0.4, hmm-cov=1.0, evalue=2.7e-78, bitscore=256.5, name=Meth_synt_2
19:25:45.431 - INFO - CDS - pfam detected: contig=VFPENVAR, start=22282, stop=22824, strand=-, pfam-id=PF05175.17, length=119, aa-start=33, aa-stop=145, aa-cov=0.6, hmm-cov=1.0, evalue=3.3e-11, bitscore=36.2, name=MTS
19:25:45.479 - INFO - CDS - pfam detected: contig=VFPENVAR, start=129159, stop=130256, strand=-, pfam-id=PF02784.19, length=240, aa-start=26, aa-stop=254, aa-cov=0.6, hmm-cov=1.0, evalue=2.8e-48, bitscore=157.5, name=Orn_Arg_deC_N
19:25:45.479 - INFO - CDS - pfam detected: contig=VFPENVAR, start=129159, stop=130256, strand=-, pfam-id=PF00278.25, length=95, aa-start=250, aa-stop=343, aa-cov=0.3, hmm-cov=1.0, evalue=1.1e-20, bitscore=66.7, name=Orn_DAP_Arg_deC
19:25:45.480 - INFO - CDS - pfam detected: contig=VFPENVAR, start=78537, stop=79412, strand=+, pfam-id=PF00185.27, length=156, aa-start=147, aa-stop=285, aa-cov=0.5, hmm-cov=1.0, evalue=4.1e-29, bitscore=94.7, name=OTCace
19:25:45.480 - INFO - CDS - pfam detected: contig=VFPENVAR, start=78537, stop=79412, strand=+, pfam-id=PF02729.24, length=145, aa-start=4, aa-stop=139, aa-cov=0.5, hmm-cov=1.0, evalue=4.2e-32, bitscore=104.3, name=OTCace_N
19:25:45.504 - INFO - CDS - pfam detected: contig=VFPENVAR, start=36236, stop=37087, strand=-, pfam-id=PF03462.21, length=99, aa-start=48, aa-stop=145, aa-cov=0.3, hmm-cov=1.0, evalue=7.5e-34, bitscore=110.3, name=PCRF
19:25:45.504 - INFO - CDS - pfam detected: contig=VFPENVAR, start=25528, stop=26226, strand=-, pfam-id=PF03462.21, length=92, aa-start=8, aa-stop=99, aa-cov=0.4, hmm-cov=1.0, evalue=8.1e-17, bitscore=54.7, name=PCRF
19:25:45.509 - INFO - CDS - pfam detected: contig=VFPENVAR, start=19441, stop=20799, strand=-, pfam-id=PF10662.12, length=152, aa-start=15, aa-stop=162, aa-cov=0.3, hmm-cov=0.9, evalue=9.9e-08, bitscore=25.0, name=PduV-EutP
19:25:45.517 - INFO - CDS - pfam detected: contig=VFPENVAR, start=38771, stop=39346, strand=-, pfam-id=PF07722.16, length=119, aa-start=66, aa-stop=168, aa-cov=0.5, hmm-cov=1.0, evalue=1.2e-06, bitscore=21.5, name=Peptidase_C26
19:25:45.526 - INFO - CDS - pfam detected: contig=VFPENVAR, start=13864, stop=14295, strand=+, pfam-id=PF01327.24, length=152, aa-start=1, aa-stop=141, aa-cov=1.0, hmm-cov=1.0, evalue=3.0e-38, bitscore=124.0, name=Pep_deformylase
19:25:45.581 - INFO - CDS - pfam detected: contig=VFPENVAR, start=58710, stop=59354, strand=+, pfam-id=PF00697.25, length=200, aa-start=13, aa-stop=209, aa-cov=0.9, hmm-cov=1.0, evalue=2.5e-33, bitscore=108.4, name=PRAI
19:25:45.584 - INFO - CDS - pfam detected: contig=VFPENVAR, start=20908, stop=21774, strand=+, pfam-id=PF13793.9, length=118, aa-start=2, aa-stop=119, aa-cov=0.4, hmm-cov=1.0, evalue=8.6e-26, bitscore=83.3, name=Pribosyltran_N
19:25:45.586 - INFO - CDS - pfam detected: contig=VFPENVAR, start=20908, stop=21774, strand=+, pfam-id=PF14572.9, length=103, aa-start=188, aa-stop=284, aa-cov=0.3, hmm-cov=1.0, evalue=9.9e-10, bitscore=31.7, name=Pribosyl_synth
19:25:45.622 - INFO - CDS - pfam detected: contig=VFPENVAR, start=1269, stop=1685, strand=+, pfam-id=PF03946.17, length=51, aa-start=3, aa-stop=53, aa-cov=0.4, hmm-cov=1.0, evalue=5.3e-16, bitscore=51.4, name=Ribosomal_L11_N
19:25:45.623 - INFO - CDS - pfam detected: contig=VFPENVAR, start=2694, stop=3053, strand=+, pfam-id=PF00542.22, length=63, aa-start=57, aa-stop=119, aa-cov=0.5, hmm-cov=1.0, evalue=2.0e-14, bitscore=46.9, name=Ribosomal_L12
19:25:45.623 - INFO - CDS - pfam detected: contig=VFPENVAR, start=121602, stop=121928, strand=+, pfam-id=PF00237.22, length=100, aa-start=8, aa-stop=106, aa-cov=0.9, hmm-cov=1.0, evalue=1.7e-09, bitscore=31.0, name=Ribosomal_L22
19:25:45.624 - INFO - CDS - pfam detected: contig=VFPENVAR, start=126593, stop=126706, strand=+, pfam-id=PF00444.21, length=38, aa-start=1, aa-stop=37, aa-cov=1.0, hmm-cov=1.0, evalue=1.3e-16, bitscore=53.6, name=Ribosomal_L36
19:25:45.624 - INFO - CDS - pfam detected: contig=VFPENVAR, start=123507, stop=124046, strand=+, pfam-id=PF00281.22, length=57, aa-start=23, aa-stop=78, aa-cov=0.3, hmm-cov=1.0, evalue=2.2e-13, bitscore=43.5, name=Ribosomal_L5
19:25:45.624 - INFO - CDS - pfam detected: contig=VFPENVAR, start=123507, stop=124046, strand=+, pfam-id=PF00673.24, length=95, aa-start=84, aa-stop=178, aa-cov=0.5, hmm-cov=1.0, evalue=8.0e-22, bitscore=70.4, name=Ribosomal_L5_C
19:25:45.625 - INFO - CDS - pfam detected: contig=VFPENVAR, start=13557, stop=13889, strand=+, pfam-id=PF00338.25, length=92, aa-start=7, aa-stop=95, aa-cov=0.8, hmm-cov=1.0, evalue=5.7e-17, bitscore=54.9, name=Ribosomal_S10
19:25:45.625 - INFO - CDS - pfam detected: contig=VFPENVAR, start=122912, stop=123142, strand=+, pfam-id=PF00366.23, length=51, aa-start=23, aa-stop=73, aa-cov=0.7, hmm-cov=1.0, evalue=2.1e-10, bitscore=33.7, name=Ribosomal_S17
19:25:45.625 - INFO - CDS - pfam detected: contig=VFPENVAR, start=121928, stop=122530, strand=+, pfam-id=PF00189.23, length=82, aa-start=113, aa-stop=193, aa-cov=0.4, hmm-cov=1.0, evalue=2.0e-20, bitscore=66.2, name=Ribosomal_S3_C
19:25:45.625 - INFO - CDS - pfam detected: contig=VFPENVAR, start=125564, stop=126004, strand=+, pfam-id=PF00333.23, length=61, aa-start=3, aa-stop=62, aa-cov=0.4, hmm-cov=1.0, evalue=3.1e-09, bitscore=29.9, name=Ribosomal_S5
19:25:45.625 - INFO - CDS - pfam detected: contig=VFPENVAR, start=125564, stop=126004, strand=+, pfam-id=PF03719.18, length=66, aa-start=76, aa-stop=141, aa-cov=0.5, hmm-cov=1.0, evalue=6.8e-12, bitscore=37.9, name=Ribosomal_S5_C
19:25:45.626 - INFO - CDS - pfam detected: contig=VFPENVAR, start=11036, stop=11506, strand=+, pfam-id=PF00177.24, length=149, aa-start=1, aa-stop=149, aa-cov=1.0, hmm-cov=1.0, evalue=1.1e-45, bitscore=148.0, name=Ribosomal_S7
19:25:45.626 - INFO - CDS - pfam detected: contig=VFPENVAR, start=124315, stop=124713, strand=+, pfam-id=PF00410.22, length=126, aa-start=6, aa-stop=128, aa-cov=0.9, hmm-cov=1.0, evalue=4.6e-16, bitscore=52.0, name=Ribosomal_S8
19:25:45.631 - INFO - CDS - pfam detected: contig=VFPENVAR, start=127933, stop=128787, strand=+, pfam-id=PF01000.29, length=105, aa-start=52, aa-stop=143, aa-cov=0.3, hmm-cov=1.0, evalue=2.0e-11, bitscore=37.4, name=RNA_pol_A_bac
19:25:45.631 - INFO - CDS - pfam detected: contig=VFPENVAR, start=6834, stop=10667, strand=+, pfam-id=PF04997.15, length=337, aa-start=2, aa-stop=319, aa-cov=0.2, hmm-cov=0.9, evalue=1.1e-62, bitscore=205.2, name=RNA_pol_Rpb1_1
19:25:45.632 - INFO - CDS - pfam detected: contig=VFPENVAR, start=6834, stop=10667, strand=+, pfam-id=PF00623.23, length=77, aa-start=385, aa-stop=461, aa-cov=0.1, hmm-cov=1.0, evalue=7.7e-36, bitscore=116.9, name=RNA_pol_Rpb1_2
19:25:45.632 - INFO - CDS - pfam detected: contig=VFPENVAR, start=6834, stop=10667, strand=+, pfam-id=PF04983.21, length=158, aa-start=466, aa-stop=607, aa-cov=0.1, hmm-cov=1.0, evalue=2.8e-15, bitscore=49.7, name=RNA_pol_Rpb1_3
19:25:45.632 - INFO - CDS - pfam detected: contig=VFPENVAR, start=6834, stop=10667, strand=+, pfam-id=PF05000.20, length=64, aa-start=654, aa-stop=717, aa-cov=0.1, hmm-cov=1.0, evalue=1.5e-09, bitscore=30.9, name=RNA_pol_Rpb1_4
19:25:45.632 - INFO - CDS - pfam detected: contig=VFPENVAR, start=6834, stop=10667, strand=+, pfam-id=PF04998.20, length=518, aa-start=726, aa-stop=1200, aa-cov=0.4, hmm-cov=0.5, evalue=6.9e-57, bitscore=185.9, name=RNA_pol_Rpb1_5
19:25:45.633 - INFO - CDS - pfam detected: contig=VFPENVAR, start=3055, stop=6834, strand=+, pfam-id=PF04565.19, length=68, aa-start=474, aa-stop=541, aa-cov=0.1, hmm-cov=1.0, evalue=2.0e-21, bitscore=69.1, name=RNA_pol_Rpb2_3
19:25:45.634 - INFO - CDS - pfam detected: contig=VFPENVAR, start=3055, stop=6834, strand=+, pfam-id=PF00562.31, length=557, aa-start=628, aa-stop=1181, aa-cov=0.4, hmm-cov=0.7, evalue=2.8e-103, bitscore=339.0, name=RNA_pol_Rpb2_6
19:25:45.634 - INFO - CDS - pfam detected: contig=VFPENVAR, start=3055, stop=6834, strand=+, pfam-id=PF04560.23, length=84, aa-start=1184, aa-stop=1257, aa-cov=0.1, hmm-cov=1.0, evalue=4.3e-26, bitscore=84.3, name=RNA_pol_Rpb2_7
19:25:45.637 - INFO - CDS - pfam detected: contig=VFPENVAR, start=15640, stop=16332, strand=-, pfam-id=PF00398.23, length=212, aa-start=7, aa-stop=195, aa-cov=0.8, hmm-cov=1.0, evalue=1.3e-26, bitscore=86.3, name=RrnaAD
19:25:45.643 - INFO - CDS - pfam detected: contig=VFPENVAR, start=127370, stop=127936, strand=+, pfam-id=PF01479.28, length=47, aa-start=91, aa-stop=137, aa-cov=0.2, hmm-cov=1.0, evalue=1.1e-19, bitscore=63.1, name=S4
19:25:45.651 - INFO - CDS - pfam detected: contig=VFPENVAR, start=57721, stop=58743, strand=+, pfam-id=PF01118.27, length=120, aa-start=2, aa-stop=106, aa-cov=0.3, hmm-cov=1.0, evalue=1.8e-11, bitscore=37.6, name=Semialdhyde_dh
19:25:45.651 - INFO - CDS - pfam detected: contig=VFPENVAR, start=57721, stop=58743, strand=+, pfam-id=PF02774.21, length=190, aa-start=139, aa-stop=319, aa-cov=0.5, hmm-cov=0.9, evalue=1.7e-24, bitscore=79.9, name=Semialdhyde_dhC
19:25:45.661 - INFO - CDS - pfam detected: contig=VFPENVAR, start=52045, stop=53379, strand=+, pfam-id=PF04542.17, length=70, aa-start=207, aa-stop=276, aa-cov=0.2, hmm-cov=1.0, evalue=2.1e-21, bitscore=68.7, name=Sigma70_r2
19:25:45.661 - INFO - CDS - pfam detected: contig=VFPENVAR, start=52045, stop=53379, strand=+, pfam-id=PF04545.19, length=52, aa-start=378, aa-stop=429, aa-cov=0.1, hmm-cov=0.9, evalue=1.1e-19, bitscore=62.8, name=Sigma70_r4
19:25:45.711 - INFO - CDS - pfam detected: contig=VFPENVAR, start=86529, stop=87866, strand=-, pfam-id=PF14821.9, length=80, aa-start=2, aa-stop=78, aa-cov=0.2, hmm-cov=1.0, evalue=1.8e-14, bitscore=46.9, name=Thr_synth_N
19:25:45.724 - INFO - CDS - pfam detected: contig=VFPENVAR, start=48458, stop=49825, strand=-, pfam-id=PF00749.24, length=319, aa-start=17, aa-stop=325, aa-cov=0.7, hmm-cov=1.0, evalue=9.2e-64, bitscore=208.3, name=tRNA-synt_1c
19:25:45.725 - INFO - CDS - pfam detected: contig=VFPENVAR, start=91112, stop=92302, strand=-, pfam-id=PF00749.24, length=167, aa-start=103, aa-stop=266, aa-cov=0.4, hmm-cov=1.0, evalue=1.2e-56, bitscore=184.9, name=tRNA-synt_1c
19:25:45.725 - INFO - CDS - pfam detected: contig=VFPENVAR, start=24488, stop=25531, strand=-, pfam-id=PF00152.23, length=257, aa-start=109, aa-stop=345, aa-cov=0.7, hmm-cov=0.9, evalue=7.2e-38, bitscore=123.4, name=tRNA-synt_2
19:25:45.725 - INFO - CDS - pfam detected: contig=VFPENVAR, start=24231, stop=24347, strand=-, pfam-id=PF00152.23, length=37, aa-start=1, aa-stop=37, aa-cov=1.0, hmm-cov=1.0, evalue=3.6e-11, bitscore=35.7, name=tRNA-synt_2
19:25:45.726 - INFO - CDS - pfam detected: contig=VFPENVAR, start=105540, stop=106505, strand=-, pfam-id=PF03054.19, length=199, aa-start=3, aa-stop=181, aa-cov=0.6, hmm-cov=1.0, evalue=1.5e-40, bitscore=132.0, name=tRNA_Me_trans
19:25:45.726 - INFO - CDS - pfam detected: contig=VFPENVAR, start=105540, stop=106505, strand=-, pfam-id=PF20258.1, length=52, aa-start=267, aa-stop=317, aa-cov=0.2, hmm-cov=1.0, evalue=1.3e-06, bitscore=21.8, name=tRNA_Me_trans_C
19:25:45.727 - INFO - CDS - pfam detected: contig=VFPENVAR, start=60489, stop=61199, strand=+, pfam-id=PF00290.23, length=217, aa-start=12, aa-stop=210, aa-cov=0.8, hmm-cov=1.0, evalue=8.4e-11, bitscore=34.3, name=Trp_syntA
19:25:45.752 - INFO - CDS - pfam detected: contig=VFPENVAR, start=50775, stop=52058, strand=+, pfam-id=PF01807.23, length=52, aa-start=15, aa-stop=63, aa-cov=0.1, hmm-cov=1.0, evalue=2.8e-14, bitscore=45.9, name=zf-CHC2
19:25:45.755 - INFO - CDS - predicted-pfams=98, CDS-w/-pfams=63
19:25:45.818 - INFO - S_ORF - predicted=1191
19:25:45.872 - INFO - S_ORF - sORF filter: # valid=94, # discarded=1097
19:25:45.905 - INFO - ORF - discarded=0
19:25:45.949 - INFO - UPS - looked-up=0
19:25:45.950 - INFO - IPS - looked-up=0
19:25:45.950 - INFO - ORF - write internal aa seqs: # seqs=94, path=/tmp/tmp84wh1vyy/sorf.faa
19:25:46.017 - INFO - S_ORF - found=0
19:25:46.017 - INFO - PSC - looked-up=0
19:25:46.017 - INFO - PSCC - looked-up=0
19:25:46.499 - INFO - ORI - predicted=0
19:25:46.564 - INFO - ORI - predicted=0
19:25:46.564 - INFO - ANNOTATION - overlap: CDS (None/hypothetical protein) [13864, 14295] overlapping tRNA (trnF) [14286, 14358], [14286,14295], contig=VFPENVAR
19:25:46.564 - INFO - ANNOTATION - overlap: CDS (None/hypothetical protein) [29173, 29385] overlapping tRNA (trnS) [29117, 29199], [29173,29199], contig=VFPENVAR
19:25:46.565 - INFO - ANNOTATION - overlap: CDS (None/hypothetical protein) [52045, 53379] overlapping tRNA (None) [53370, 53608], [53370,53379], contig=VFPENVAR
19:25:46.565 - INFO - ANNOTATION - overlap: CDS (None/hypothetical protein) [56564, 56734] overlapping tRNA (trnL) [56712, 56794], [56712,56734], contig=VFPENVAR
19:25:46.565 - INFO - ANNOTATION - overlap: CDS (None/hypothetical protein) [61409, 61645] overlapping tRNA (trnN) [61638, 61709], [61638,61645], contig=VFPENVAR
19:25:46.565 - INFO - ANNOTATION - overlap: CDS (None/hypothetical protein) [61709, 62200] overlapping tRNA (trnN) [61638, 61709], [61709,61709], contig=VFPENVAR
19:25:46.565 - INFO - ANNOTATION - overlap: CDS (None/hypothetical protein) [69376, 70188] overlapping tRNA (None) [69341, 69412], [69376,69412], contig=VFPENVAR
19:25:46.565 - INFO - ANNOTATION - overlap: CDS (None/hypothetical protein) [72473, 73060] overlapping tRNA (trnR) [72406, 72477], [72473,72477], contig=VFPENVAR
19:25:46.565 - INFO - ANNOTATION - overlap: CDS (None/hypothetical protein) [78095, 78376] overlapping tRNA (trnT) [78367, 78437], [78367,78376], contig=VFPENVAR
19:25:46.565 - INFO - ANNOTATION - overlap: CDS (None/hypothetical protein) [78537, 79412] overlapping tRNA (trnK) [79399, 79472], [79399,79412], contig=VFPENVAR
19:25:46.565 - INFO - ANNOTATION - overlap: CDS (None/Chorismate synthase) [80495, 81553] overlapping tRNA (trnV) [80425, 80496], [80495,80496], contig=VFPENVAR
19:25:46.565 - INFO - ANNOTATION - overlap: CDS (None/hypothetical protein) [81643, 81786] overlapping tRNA (trnfM) [81760, 81832], [81760,81786], contig=VFPENVAR
19:25:46.565 - INFO - ANNOTATION - overlap: CDS (None/hypothetical protein) [81909, 82307] overlapping tRNA (trnP) [81868, 81939], [81909,81939], contig=VFPENVAR
19:25:46.565 - INFO - ANNOTATION - overlap: CDS (None/hypothetical protein) [90746, 90985] overlapping tRNA (trnD) [90967, 91040], [90967,90985], contig=VFPENVAR
19:25:46.565 - INFO - ANNOTATION - overlap: CDS (None/hypothetical protein) [112596, 113348] overlapping tRNA (trnA) [113348, 113419], [113348,113348], contig=VFPENVAR
19:25:46.565 - INFO - ANNOTATION - overlap: CDS (None/hypothetical protein) [117613, 117732] overlapping tRNA (trnI) [117675, 117746], [117675,117732], contig=VFPENVAR
19:25:46.565 - INFO - ANNOTATION - overlap: CDS (None/hypothetical protein) [117613, 117732] overlapping rRNA (rrl) [114820, 117656], [117613,117656], contig=VFPENVAR
19:25:46.565 - INFO - ANNOTATION - overlap: CDS (None/hypothetical protein) [119211, 119750] overlapping rRNA (rrs) [117752, 119259], [119211,119259], contig=VFPENVAR
19:25:46.565 - INFO - ANNOTATION - overlap: CDS (None/hypothetical protein) [1, 1188] overlapping tRNA (trnW) [1187, 1257], [1187,1188], contig=VFPENVAR
19:25:46.565 - INFO - UTILS - generated sequence tag prefix: prefix=CNIOOCLIOE, length=10, MD5=C7288C528E2C787C2F31AB79A85DE494
19:25:46.565 - INFO - MAIN - selected features=160
19:25:46.565 - INFO - UTILS - generated sequence tag prefix: prefix=CNIOOC, length=6, MD5=C7288C528E2C787C2F31AB79A85DE494
19:25:46.565 - INFO - MAIN - locus tag prefix=CNIOOC
19:25:46.565 - INFO - UTILS - genome-size=131963
19:25:46.566 - INFO - UTILS - GC=0.206
19:25:46.566 - INFO - UTILS - N=0.000
19:25:46.566 - INFO - UTILS - N50=131963
19:25:46.566 - INFO - UTILS - coding-ratio=0.877
19:25:46.566 - INFO - TSV - write tsv: path=/home/diego/Documents/metagenomes/annotation_symbio_merge/annotation_Beta/genomes/annotation_bakta/bakta_VFPENVAR/VFPENVAR.tsv
19:25:46.566 - INFO - GFF - write GFF3: path=/home/diego/Documents/metagenomes/annotation_symbio_merge/annotation_Beta/genomes/annotation_bakta/bakta_VFPENVAR/VFPENVAR.gff3
19:25:46.568 - INFO - INSDC - write GenBank: path=/home/diego/Documents/metagenomes/annotation_symbio_merge/annotation_Beta/genomes/annotation_bakta/bakta_VFPENVAR/VFPENVAR.gbff
19:25:46.573 - INFO - INSDC - write EMBL: path=/home/diego/Documents/metagenomes/annotation_symbio_merge/annotation_Beta/genomes/annotation_bakta/bakta_VFPENVAR/VFPENVAR.embl
19:25:46.579 - INFO - FASTA - write genome sequences: path=/home/diego/Documents/metagenomes/annotation_symbio_merge/annotation_Beta/genomes/annotation_bakta/bakta_VFPENVAR/VFPENVAR.fna, description=True, wrap=True
19:25:46.579 - INFO - FASTA - write feature nucleotide sequences: path=/home/diego/Documents/metagenomes/annotation_symbio_merge/annotation_Beta/genomes/annotation_bakta/bakta_VFPENVAR/VFPENVAR.ffn
19:25:46.579 - INFO - FASTA - write translated CDS/sORF: path=/home/diego/Documents/metagenomes/annotation_symbio_merge/annotation_Beta/genomes/annotation_bakta/bakta_VFPENVAR/VFPENVAR.faa
19:25:46.598 - INFO - PLOT - write circular genome plot: file-name=VFPENVAR, output-dir=/home/diego/Documents/metagenomes/annotation_symbio_merge/annotation_Beta/genomes/annotation_bakta/bakta_VFPENVAR
19:25:49.650 - INFO - TSV - write hypothetical tsv: path=/home/diego/Documents/metagenomes/annotation_symbio_merge/annotation_Beta/genomes/annotation_bakta/bakta_VFPENVAR/VFPENVAR.hypotheticals.tsv
19:25:49.651 - INFO - FASTA - write translated CDS/sORF: path=/home/diego/Documents/metagenomes/annotation_symbio_merge/annotation_Beta/genomes/annotation_bakta/bakta_VFPENVAR/VFPENVAR.hypotheticals.faa
19:25:49.651 - INFO - JSON - write JSON: path=/home/diego/Documents/metagenomes/annotation_symbio_merge/annotation_Beta/genomes/annotation_bakta/bakta_VFPENVAR/VFPENVAR.json
19:25:49.655 - INFO - MAIN - removed tmp dir: /tmp/tmp84wh1vyy
