Discrepancy Report Results

Summary
FATAL: MISSING_PROTEIN_ID:125 proteins have invalid IDs.
DISC_SOURCE_QUALS_ASNDISC:strain (all present, all unique)
DISC_SOURCE_QUALS_ASNDISC:taxname (all present, all unique)
DISC_FEATURE_COUNT:CDS: 125 present
DISC_FEATURE_COUNT:tRNA: 26 present
DISC_FEATURE_COUNT:rRNA: 2 present
DISC_COUNT_NUCLEOTIDES:1 nucleotide Bioseqs are present
FEATURE_LOCATION_CONFLICT:153 features have inconsistent gene locations.
DISC_QUALITY_SCORES:Quality scores are missing on all sequences.
ONCALLER_COMMENT_PRESENT:1 comment descriptors were found (all same)
SHORT_PROT_SEQUENCES:2 protein sequences are shorter than 50 aa.
MISSING_GENOMEASSEMBLY_COMMENTS:1 bioseqs are missing GenomeAssembly structured comments
MOLTYPE_NOT_MRNA:1 molecule types are not set as mRNA.
TECHNIQUE_NOT_TSA:1 technique are not set as TSA
MISSING_STRUCTURED_COMMENT:1 sequences do not include structured comments.
MISSING_PROJECT:126 sequences do not include project.
DISC_INCONSISTENT_MOLINFO_TECH:Molinfo Technique Report (some missing, all same)


Detailed Report

FATAL: DiscRep_ALL:MISSING_PROTEIN_ID::125 proteins have invalid IDs.
prokka_VFOMMLON/VFOMMLON:VFOMMLON_1 (length 184)
prokka_VFOMMLON/VFOMMLON:VFOMMLON_2 (length 142)
prokka_VFOMMLON/VFOMMLON:VFOMMLON_3 (length 111)
prokka_VFOMMLON/VFOMMLON:VFOMMLON_4 (length 1150)
prokka_VFOMMLON/VFOMMLON:VFOMMLON_5 (length 1210)
prokka_VFOMMLON/VFOMMLON:VFOMMLON_6 (length 127)
prokka_VFOMMLON/VFOMMLON:VFOMMLON_7 (length 157)
prokka_VFOMMLON/VFOMMLON:VFOMMLON_8 (length 665)
prokka_VFOMMLON/VFOMMLON:VFOMMLON_9 (length 96)
prokka_VFOMMLON/VFOMMLON:VFOMMLON_10 (length 121)
prokka_VFOMMLON/VFOMMLON:VFOMMLON_11 (length 264)
prokka_VFOMMLON/VFOMMLON:VFOMMLON_12 (length 225)
prokka_VFOMMLON/VFOMMLON:VFOMMLON_13 (length 356)
prokka_VFOMMLON/VFOMMLON:VFOMMLON_14 (length 129)
prokka_VFOMMLON/VFOMMLON:VFOMMLON_15 (length 91)
prokka_VFOMMLON/VFOMMLON:VFOMMLON_16 (length 237)
prokka_VFOMMLON/VFOMMLON:VFOMMLON_17 (length 200)
prokka_VFOMMLON/VFOMMLON:VFOMMLON_18 (length 455)
prokka_VFOMMLON/VFOMMLON:VFOMMLON_19 (length 239)
prokka_VFOMMLON/VFOMMLON:VFOMMLON_20 (length 148)
prokka_VFOMMLON/VFOMMLON:VFOMMLON_21 (length 168)
prokka_VFOMMLON/VFOMMLON:VFOMMLON_22 (length 348)
prokka_VFOMMLON/VFOMMLON:VFOMMLON_23 (length 367)
prokka_VFOMMLON/VFOMMLON:VFOMMLON_24 (length 211)
prokka_VFOMMLON/VFOMMLON:VFOMMLON_25 (length 291)
prokka_VFOMMLON/VFOMMLON:VFOMMLON_26 (length 741)
prokka_VFOMMLON/VFOMMLON:VFOMMLON_27 (length 46)
prokka_VFOMMLON/VFOMMLON:VFOMMLON_28 (length 52)
prokka_VFOMMLON/VFOMMLON:VFOMMLON_29 (length 708)
prokka_VFOMMLON/VFOMMLON:VFOMMLON_30 (length 211)
prokka_VFOMMLON/VFOMMLON:VFOMMLON_31 (length 355)
prokka_VFOMMLON/VFOMMLON:VFOMMLON_32 (length 275)
prokka_VFOMMLON/VFOMMLON:VFOMMLON_33 (length 223)
prokka_VFOMMLON/VFOMMLON:VFOMMLON_34 (length 308)
prokka_VFOMMLON/VFOMMLON:VFOMMLON_35 (length 180)
prokka_VFOMMLON/VFOMMLON:VFOMMLON_36 (length 371)
prokka_VFOMMLON/VFOMMLON:VFOMMLON_37 (length 446)
prokka_VFOMMLON/VFOMMLON:VFOMMLON_38 (length 429)
prokka_VFOMMLON/VFOMMLON:VFOMMLON_39 (length 275)
prokka_VFOMMLON/VFOMMLON:VFOMMLON_40 (length 279)
prokka_VFOMMLON/VFOMMLON:VFOMMLON_41 (length 364)
prokka_VFOMMLON/VFOMMLON:VFOMMLON_42 (length 439)
prokka_VFOMMLON/VFOMMLON:VFOMMLON_43 (length 934)
prokka_VFOMMLON/VFOMMLON:VFOMMLON_44 (length 325)
prokka_VFOMMLON/VFOMMLON:VFOMMLON_45 (length 168)
prokka_VFOMMLON/VFOMMLON:VFOMMLON_46 (length 373)
prokka_VFOMMLON/VFOMMLON:VFOMMLON_47 (length 198)
prokka_VFOMMLON/VFOMMLON:VFOMMLON_48 (length 77)
prokka_VFOMMLON/VFOMMLON:VFOMMLON_49 (length 71)
prokka_VFOMMLON/VFOMMLON:VFOMMLON_50 (length 339)
prokka_VFOMMLON/VFOMMLON:VFOMMLON_51 (length 1012)
prokka_VFOMMLON/VFOMMLON:VFOMMLON_52 (length 169)
prokka_VFOMMLON/VFOMMLON:VFOMMLON_53 (length 187)
prokka_VFOMMLON/VFOMMLON:VFOMMLON_54 (length 196)
prokka_VFOMMLON/VFOMMLON:VFOMMLON_55 (length 393)
prokka_VFOMMLON/VFOMMLON:VFOMMLON_56 (length 288)
prokka_VFOMMLON/VFOMMLON:VFOMMLON_57 (length 184)
prokka_VFOMMLON/VFOMMLON:VFOMMLON_58 (length 191)
prokka_VFOMMLON/VFOMMLON:VFOMMLON_59 (length 227)
prokka_VFOMMLON/VFOMMLON:VFOMMLON_60 (length 239)
prokka_VFOMMLON/VFOMMLON:VFOMMLON_61 (length 93)
prokka_VFOMMLON/VFOMMLON:VFOMMLON_62 (length 55)
prokka_VFOMMLON/VFOMMLON:VFOMMLON_63 (length 141)
prokka_VFOMMLON/VFOMMLON:VFOMMLON_64 (length 342)
prokka_VFOMMLON/VFOMMLON:VFOMMLON_65 (length 96)
prokka_VFOMMLON/VFOMMLON:VFOMMLON_66 (length 164)
prokka_VFOMMLON/VFOMMLON:VFOMMLON_67 (length 286)
prokka_VFOMMLON/VFOMMLON:VFOMMLON_68 (length 348)
prokka_VFOMMLON/VFOMMLON:VFOMMLON_69 (length 241)
prokka_VFOMMLON/VFOMMLON:VFOMMLON_70 (length 355)
prokka_VFOMMLON/VFOMMLON:VFOMMLON_71 (length 72)
prokka_VFOMMLON/VFOMMLON:VFOMMLON_72 (length 417)
prokka_VFOMMLON/VFOMMLON:VFOMMLON_73 (length 374)
prokka_VFOMMLON/VFOMMLON:VFOMMLON_74 (length 394)
prokka_VFOMMLON/VFOMMLON:VFOMMLON_75 (length 53)
prokka_VFOMMLON/VFOMMLON:VFOMMLON_76 (length 90)
prokka_VFOMMLON/VFOMMLON:VFOMMLON_77 (length 98)
prokka_VFOMMLON/VFOMMLON:VFOMMLON_78 (length 419)
prokka_VFOMMLON/VFOMMLON:VFOMMLON_79 (length 581)
prokka_VFOMMLON/VFOMMLON:VFOMMLON_80 (length 83)
prokka_VFOMMLON/VFOMMLON:VFOMMLON_81 (length 524)
prokka_VFOMMLON/VFOMMLON:VFOMMLON_82 (length 406)
prokka_VFOMMLON/VFOMMLON:VFOMMLON_83 (length 317)
prokka_VFOMMLON/VFOMMLON:VFOMMLON_84 (length 281)
prokka_VFOMMLON/VFOMMLON:VFOMMLON_85 (length 194)
prokka_VFOMMLON/VFOMMLON:VFOMMLON_86 (length 324)
prokka_VFOMMLON/VFOMMLON:VFOMMLON_87 (length 596)
prokka_VFOMMLON/VFOMMLON:VFOMMLON_88 (length 146)
prokka_VFOMMLON/VFOMMLON:VFOMMLON_89 (length 301)
prokka_VFOMMLON/VFOMMLON:VFOMMLON_90 (length 278)
prokka_VFOMMLON/VFOMMLON:VFOMMLON_91 (length 624)
prokka_VFOMMLON/VFOMMLON:VFOMMLON_92 (length 211)
prokka_VFOMMLON/VFOMMLON:VFOMMLON_93 (length 403)
prokka_VFOMMLON/VFOMMLON:VFOMMLON_94 (length 239)
prokka_VFOMMLON/VFOMMLON:VFOMMLON_95 (length 129)
prokka_VFOMMLON/VFOMMLON:VFOMMLON_96 (length 84)
prokka_VFOMMLON/VFOMMLON:VFOMMLON_97 (length 101)
prokka_VFOMMLON/VFOMMLON:VFOMMLON_98 (length 225)
prokka_VFOMMLON/VFOMMLON:VFOMMLON_99 (length 400)
prokka_VFOMMLON/VFOMMLON:VFOMMLON_100 (length 129)
prokka_VFOMMLON/VFOMMLON:VFOMMLON_101 (length 173)
prokka_VFOMMLON/VFOMMLON:VFOMMLON_102 (length 54)
prokka_VFOMMLON/VFOMMLON:VFOMMLON_103 (length 257)
prokka_VFOMMLON/VFOMMLON:VFOMMLON_104 (length 83)
prokka_VFOMMLON/VFOMMLON:VFOMMLON_105 (length 110)
prokka_VFOMMLON/VFOMMLON:VFOMMLON_106 (length 208)
prokka_VFOMMLON/VFOMMLON:VFOMMLON_107 (length 141)
prokka_VFOMMLON/VFOMMLON:VFOMMLON_108 (length 72)
prokka_VFOMMLON/VFOMMLON:VFOMMLON_109 (length 120)
prokka_VFOMMLON/VFOMMLON:VFOMMLON_110 (length 178)
prokka_VFOMMLON/VFOMMLON:VFOMMLON_111 (length 98)
prokka_VFOMMLON/VFOMMLON:VFOMMLON_112 (length 125)
prokka_VFOMMLON/VFOMMLON:VFOMMLON_113 (length 172)
prokka_VFOMMLON/VFOMMLON:VFOMMLON_114 (length 95)
prokka_VFOMMLON/VFOMMLON:VFOMMLON_115 (length 144)
prokka_VFOMMLON/VFOMMLON:VFOMMLON_116 (length 111)
prokka_VFOMMLON/VFOMMLON:VFOMMLON_117 (length 74)
prokka_VFOMMLON/VFOMMLON:VFOMMLON_118 (length 37)
prokka_VFOMMLON/VFOMMLON:VFOMMLON_119 (length 109)
prokka_VFOMMLON/VFOMMLON:VFOMMLON_120 (length 113)
prokka_VFOMMLON/VFOMMLON:VFOMMLON_121 (length 160)
prokka_VFOMMLON/VFOMMLON:VFOMMLON_122 (length 201)
prokka_VFOMMLON/VFOMMLON:VFOMMLON_123 (length 97)
prokka_VFOMMLON/VFOMMLON:VFOMMLON_124 (length 330)
prokka_VFOMMLON/VFOMMLON:VFOMMLON_125 (length 128)

DiscRep_ALL:DISC_SOURCE_QUALS_ASNDISC::strain (all present, all unique)
DiscRep_SUB:DISC_SOURCE_QUALS_ASNDISC::1 sources have unique values for strain
DiscRep_ALL:DISC_SOURCE_QUALS_ASNDISC::taxname (all present, all unique)
DiscRep_SUB:DISC_SOURCE_QUALS_ASNDISC::1 sources have unique values for taxname
DiscRep_ALL:DISC_FEATURE_COUNT::CDS: 125 present
DiscRep_ALL:DISC_FEATURE_COUNT::tRNA: 26 present
DiscRep_ALL:DISC_FEATURE_COUNT::rRNA: 2 present
DiscRep_ALL:DISC_COUNT_NUCLEOTIDES::1 nucleotide Bioseqs are present
prokka_VFOMMLON/VFOMMLON:VFOMMLON (length 115190)

DiscRep_ALL:FEATURE_LOCATION_CONFLICT::153 features have inconsistent gene locations.
DiscRep_SUB:FEATURE_LOCATION_CONFLICT::Coding region xref gene does not exist
prokka_VFOMMLON/VFOMMLON:CDS	hypothetical protein	VFOMMLON:1614-2168	VFOMMLON_00002

DiscRep_SUB:FEATURE_LOCATION_CONFLICT::Coding region xref gene does not exist
prokka_VFOMMLON/VFOMMLON:CDS	hypothetical protein	VFOMMLON:2149-2577	VFOMMLON_00003

DiscRep_SUB:FEATURE_LOCATION_CONFLICT::Coding region xref gene does not exist
prokka_VFOMMLON/VFOMMLON:CDS	hypothetical protein	VFOMMLON:2555-2890	VFOMMLON_00004

DiscRep_SUB:FEATURE_LOCATION_CONFLICT::Coding region xref gene does not exist
prokka_VFOMMLON/VFOMMLON:CDS	DNA-directed RNA polymerase subunit beta	VFOMMLON:2887-6339	VFOMMLON_00005

DiscRep_SUB:FEATURE_LOCATION_CONFLICT::Coding region xref gene does not exist
prokka_VFOMMLON/VFOMMLON:CDS	DNA-directed RNA polymerase subunit beta'	VFOMMLON:6336-9968	VFOMMLON_00006

DiscRep_SUB:FEATURE_LOCATION_CONFLICT::Coding region xref gene does not exist
prokka_VFOMMLON/VFOMMLON:CDS	30S ribosomal protein S12	VFOMMLON:9943-10326	VFOMMLON_00007

DiscRep_SUB:FEATURE_LOCATION_CONFLICT::Coding region xref gene does not exist
prokka_VFOMMLON/VFOMMLON:CDS	30S ribosomal protein S7	VFOMMLON:10304-10777	VFOMMLON_00008

DiscRep_SUB:FEATURE_LOCATION_CONFLICT::Coding region xref gene does not exist
prokka_VFOMMLON/VFOMMLON:CDS	Elongation factor G	VFOMMLON:10777-12774	VFOMMLON_00009

DiscRep_SUB:FEATURE_LOCATION_CONFLICT::Coding region xref gene does not exist
prokka_VFOMMLON/VFOMMLON:CDS	30S ribosomal protein S10	VFOMMLON:12771-13061	VFOMMLON_00010

DiscRep_SUB:FEATURE_LOCATION_CONFLICT::Coding region xref gene does not exist
prokka_VFOMMLON/VFOMMLON:CDS	hypothetical protein	VFOMMLON:13522-13887	VFOMMLON_00012

DiscRep_SUB:FEATURE_LOCATION_CONFLICT::Coding region xref gene does not exist
prokka_VFOMMLON/VFOMMLON:CDS	hypothetical protein	VFOMMLON:13871-14665	VFOMMLON_00013

DiscRep_SUB:FEATURE_LOCATION_CONFLICT::Coding region xref gene does not exist
prokka_VFOMMLON/VFOMMLON:CDS	Ribosomal RNA small subunit methyltransferase A	VFOMMLON:c15311-14634	VFOMMLON_00014

DiscRep_SUB:FEATURE_LOCATION_CONFLICT::Coding region xref gene does not exist
prokka_VFOMMLON/VFOMMLON:CDS	hypothetical protein	VFOMMLON:c16362-15292	VFOMMLON_00015

DiscRep_SUB:FEATURE_LOCATION_CONFLICT::Coding region xref gene does not exist
prokka_VFOMMLON/VFOMMLON:CDS	30S ribosomal protein S9	VFOMMLON:c16748-16359	VFOMMLON_00016

DiscRep_SUB:FEATURE_LOCATION_CONFLICT::Coding region xref gene does not exist
prokka_VFOMMLON/VFOMMLON:CDS	hypothetical protein	VFOMMLON:c17020-16745	VFOMMLON_00017

DiscRep_SUB:FEATURE_LOCATION_CONFLICT::Coding region xref gene does not exist
prokka_VFOMMLON/VFOMMLON:CDS	Diaminopimelate epimerase	VFOMMLON:c17723-17010	VFOMMLON_00018

DiscRep_SUB:FEATURE_LOCATION_CONFLICT::Coding region xref gene does not exist
prokka_VFOMMLON/VFOMMLON:CDS	Ribose-5-phosphate isomerase A	VFOMMLON:c18322-17720	VFOMMLON_00019

DiscRep_SUB:FEATURE_LOCATION_CONFLICT::Coding region xref gene does not exist
prokka_VFOMMLON/VFOMMLON:CDS	Translation initiation factor IF-2	VFOMMLON:c19686-18319	VFOMMLON_00020

DiscRep_SUB:FEATURE_LOCATION_CONFLICT::Coding region xref gene does not exist
prokka_VFOMMLON/VFOMMLON:CDS	Putative ribose-phosphate pyrophosphokinase	VFOMMLON:19801-20520	VFOMMLON_00022

DiscRep_SUB:FEATURE_LOCATION_CONFLICT::Coding region xref gene does not exist
prokka_VFOMMLON/VFOMMLON:CDS	hypothetical protein	VFOMMLON:20517-20963	VFOMMLON_00023

DiscRep_SUB:FEATURE_LOCATION_CONFLICT::Coding region xref gene does not exist
prokka_VFOMMLON/VFOMMLON:CDS	Ribosomal RNA small subunit methyltransferase D	VFOMMLON:c21455-20949	VFOMMLON_00024

DiscRep_SUB:FEATURE_LOCATION_CONFLICT::Coding region xref gene does not exist
prokka_VFOMMLON/VFOMMLON:CDS	Cysteine desulfurase IscS	VFOMMLON:21719-22765	VFOMMLON_00025

DiscRep_SUB:FEATURE_LOCATION_CONFLICT::Coding region xref gene does not exist
prokka_VFOMMLON/VFOMMLON:CDS	Lysine--tRNA ligase	VFOMMLON:c23857-22754	VFOMMLON_00026

DiscRep_SUB:FEATURE_LOCATION_CONFLICT::Coding region xref gene does not exist
prokka_VFOMMLON/VFOMMLON:CDS	Peptide chain release factor 2	VFOMMLON:c24489-23854	VFOMMLON_00027

DiscRep_SUB:FEATURE_LOCATION_CONFLICT::Coding region xref gene does not exist
prokka_VFOMMLON/VFOMMLON:CDS	4-hydroxy-tetrahydrodipicolinate synthase	VFOMMLON:c25357-24482	VFOMMLON_00028

DiscRep_SUB:FEATURE_LOCATION_CONFLICT::Coding region xref gene does not exist
prokka_VFOMMLON/VFOMMLON:CDS	hypothetical protein	VFOMMLON:c29685-27460	VFOMMLON_00030

DiscRep_SUB:FEATURE_LOCATION_CONFLICT::Coding region xref gene does not exist
prokka_VFOMMLON/VFOMMLON:CDS	hypothetical protein	VFOMMLON:c29822-29682	VFOMMLON_00031

DiscRep_SUB:FEATURE_LOCATION_CONFLICT::Coding region xref gene does not exist
prokka_VFOMMLON/VFOMMLON:CDS	hypothetical protein	VFOMMLON:c29959-29801	VFOMMLON_00032

DiscRep_SUB:FEATURE_LOCATION_CONFLICT::Coding region xref gene does not exist
prokka_VFOMMLON/VFOMMLON:CDS	5-methyltetrahydropteroyltriglutamate--homocysteine methyltransferase	VFOMMLON:29991-32117	VFOMMLON_00033

DiscRep_SUB:FEATURE_LOCATION_CONFLICT::Coding region xref gene does not exist
prokka_VFOMMLON/VFOMMLON:CDS	hypothetical protein	VFOMMLON:32317-32952	VFOMMLON_00034

DiscRep_SUB:FEATURE_LOCATION_CONFLICT::Coding region xref gene does not exist
prokka_VFOMMLON/VFOMMLON:CDS	Cystathionine beta-lyase	VFOMMLON:32949-34016	VFOMMLON_00035

DiscRep_SUB:FEATURE_LOCATION_CONFLICT::Coding region xref gene does not exist
prokka_VFOMMLON/VFOMMLON:CDS	Peptide chain release factor 1	VFOMMLON:c34826-33999	VFOMMLON_00036

DiscRep_SUB:FEATURE_LOCATION_CONFLICT::Coding region xref gene does not exist
prokka_VFOMMLON/VFOMMLON:CDS	Indole-3-glycerol phosphate synthase	VFOMMLON:c35487-34816	VFOMMLON_00037

DiscRep_SUB:FEATURE_LOCATION_CONFLICT::Coding region xref gene does not exist
prokka_VFOMMLON/VFOMMLON:CDS	Anthranilate phosphoribosyltransferase	VFOMMLON:c36385-35459	VFOMMLON_00038

DiscRep_SUB:FEATURE_LOCATION_CONFLICT::Coding region xref gene does not exist
prokka_VFOMMLON/VFOMMLON:CDS	Anthranilate synthase component 2	VFOMMLON:c36875-36333	VFOMMLON_00039

DiscRep_SUB:FEATURE_LOCATION_CONFLICT::Coding region xref gene does not exist
prokka_VFOMMLON/VFOMMLON:CDS	Isochorismate synthase MenF	VFOMMLON:c37987-36872	VFOMMLON_00040

DiscRep_SUB:FEATURE_LOCATION_CONFLICT::Coding region xref gene does not exist
prokka_VFOMMLON/VFOMMLON:CDS	Argininosuccinate lyase	VFOMMLON:c39324-37984	VFOMMLON_00041

DiscRep_SUB:FEATURE_LOCATION_CONFLICT::Coding region xref gene does not exist
prokka_VFOMMLON/VFOMMLON:CDS	Glutamyl-Q tRNA(Asp) synthetase	VFOMMLON:c40830-39541	VFOMMLON_00042

DiscRep_SUB:FEATURE_LOCATION_CONFLICT::Coding region xref gene does not exist
prokka_VFOMMLON/VFOMMLON:CDS	Homoserine kinase	VFOMMLON:c41638-40811	VFOMMLON_00043

DiscRep_SUB:FEATURE_LOCATION_CONFLICT::Coding region xref gene does not exist
prokka_VFOMMLON/VFOMMLON:CDS	tRNA N6-adenosine threonylcarbamoyltransferase	VFOMMLON:c42462-41623	VFOMMLON_00044

DiscRep_SUB:FEATURE_LOCATION_CONFLICT::Coding region xref gene does not exist
prokka_VFOMMLON/VFOMMLON:CDS	DNA primase	VFOMMLON:42503-43597	VFOMMLON_00045

DiscRep_SUB:FEATURE_LOCATION_CONFLICT::Coding region xref gene does not exist
prokka_VFOMMLON/VFOMMLON:CDS	RNA polymerase sigma factor RpoD	VFOMMLON:43594-44913	VFOMMLON_00046

DiscRep_SUB:FEATURE_LOCATION_CONFLICT::Coding region xref gene does not exist
prokka_VFOMMLON/VFOMMLON:CDS	DNA polymerase III subunit alpha	VFOMMLON:45141-47945	VFOMMLON_00047

DiscRep_SUB:FEATURE_LOCATION_CONFLICT::Coding region xref gene does not exist
prokka_VFOMMLON/VFOMMLON:CDS	Aspartate-semialdehyde dehydrogenase	VFOMMLON:48960-49937	VFOMMLON_00051

DiscRep_SUB:FEATURE_LOCATION_CONFLICT::Coding region xref gene does not exist
prokka_VFOMMLON/VFOMMLON:CDS	N-(5'-phosphoribosyl)anthranilate isomerase	VFOMMLON:49897-50403	VFOMMLON_00052

DiscRep_SUB:FEATURE_LOCATION_CONFLICT::Coding region xref gene does not exist
prokka_VFOMMLON/VFOMMLON:CDS	Tryptophan synthase beta chain	VFOMMLON:50396-51517	VFOMMLON_00053

DiscRep_SUB:FEATURE_LOCATION_CONFLICT::Coding region xref gene does not exist
prokka_VFOMMLON/VFOMMLON:CDS	Tryptophan synthase alpha chain	VFOMMLON:51514-52110	VFOMMLON_00054

DiscRep_SUB:FEATURE_LOCATION_CONFLICT::Coding region xref gene does not exist
prokka_VFOMMLON/VFOMMLON:CDS	hypothetical protein	VFOMMLON:52092-52325	VFOMMLON_00055

DiscRep_SUB:FEATURE_LOCATION_CONFLICT::Coding region xref gene does not exist
prokka_VFOMMLON/VFOMMLON:CDS	hypothetical protein	VFOMMLON:52306-52521	VFOMMLON_00056

DiscRep_SUB:FEATURE_LOCATION_CONFLICT::Coding region xref gene does not exist
prokka_VFOMMLON/VFOMMLON:CDS	Carbamoyl-phosphate synthase small chain	VFOMMLON:53740-54759	VFOMMLON_00060

DiscRep_SUB:FEATURE_LOCATION_CONFLICT::Coding region xref gene does not exist
prokka_VFOMMLON/VFOMMLON:CDS	Carbamoyl-phosphate synthase large chain	VFOMMLON:54756-57794	VFOMMLON_00061

DiscRep_SUB:FEATURE_LOCATION_CONFLICT::Coding region xref gene does not exist
prokka_VFOMMLON/VFOMMLON:CDS	Ribosomal RNA large subunit methyltransferase E	VFOMMLON:57772-58281	VFOMMLON_00062

DiscRep_SUB:FEATURE_LOCATION_CONFLICT::Coding region xref gene does not exist
prokka_VFOMMLON/VFOMMLON:CDS	ATP-dependent Clp protease proteolytic subunit	VFOMMLON:58275-58838	VFOMMLON_00063

DiscRep_SUB:FEATURE_LOCATION_CONFLICT::Coding region xref gene does not exist
prokka_VFOMMLON/VFOMMLON:CDS	ATP phosphoribosyltransferase	VFOMMLON:60153-60743	VFOMMLON_00067

DiscRep_SUB:FEATURE_LOCATION_CONFLICT::Coding region xref gene does not exist
prokka_VFOMMLON/VFOMMLON:CDS	Histidinol dehydrogenase	VFOMMLON:60730-61911	VFOMMLON_00068

DiscRep_SUB:FEATURE_LOCATION_CONFLICT::Coding region xref gene does not exist
prokka_VFOMMLON/VFOMMLON:CDS	Histidinol-phosphate aminotransferase	VFOMMLON:61904-62770	VFOMMLON_00069

DiscRep_SUB:FEATURE_LOCATION_CONFLICT::Coding region xref gene does not exist
prokka_VFOMMLON/VFOMMLON:CDS	Imidazoleglycerol-phosphate dehydratase	VFOMMLON:62767-63321	VFOMMLON_00070

DiscRep_SUB:FEATURE_LOCATION_CONFLICT::Coding region xref gene does not exist
prokka_VFOMMLON/VFOMMLON:CDS	Imidazole glycerol phosphate synthase subunit HisH	VFOMMLON:63318-63893	VFOMMLON_00071

DiscRep_SUB:FEATURE_LOCATION_CONFLICT::Coding region xref gene does not exist
prokka_VFOMMLON/VFOMMLON:CDS	1-(5-phosphoribosyl)-5-[(5-phosphoribosylamino)methylideneamino] imidazole-4-carboxamide isomerase	VFOMMLON:63890-64573	VFOMMLON_00072

DiscRep_SUB:FEATURE_LOCATION_CONFLICT::Coding region xref gene does not exist
prokka_VFOMMLON/VFOMMLON:CDS	Imidazole glycerol phosphate synthase subunit HisF	VFOMMLON:64570-65289	VFOMMLON_00073

DiscRep_SUB:FEATURE_LOCATION_CONFLICT::Coding region xref gene does not exist
prokka_VFOMMLON/VFOMMLON:CDS	Phosphoribosyl-AMP cyclohydrolase	VFOMMLON:65286-65567	VFOMMLON_00074

DiscRep_SUB:FEATURE_LOCATION_CONFLICT::Coding region xref gene does not exist
prokka_VFOMMLON/VFOMMLON:CDS	hypothetical protein	VFOMMLON:c67203-67036	VFOMMLON_00077

DiscRep_SUB:FEATURE_LOCATION_CONFLICT::Coding region xref gene does not exist
prokka_VFOMMLON/VFOMMLON:CDS	Translation initiation factor IF-3	VFOMMLON:c67622-67197	VFOMMLON_00078

DiscRep_SUB:FEATURE_LOCATION_CONFLICT::Coding region xref gene does not exist
prokka_VFOMMLON/VFOMMLON:CDS	Chorismate synthase	VFOMMLON:c68726-67698	VFOMMLON_00080

DiscRep_SUB:FEATURE_LOCATION_CONFLICT::Coding region xref gene does not exist
prokka_VFOMMLON/VFOMMLON:CDS	hypothetical protein	VFOMMLON:69105-69395	VFOMMLON_00084

DiscRep_SUB:FEATURE_LOCATION_CONFLICT::Coding region xref gene does not exist
prokka_VFOMMLON/VFOMMLON:CDS	hypothetical protein	VFOMMLON:c69861-69367	VFOMMLON_00085

DiscRep_SUB:FEATURE_LOCATION_CONFLICT::Coding region xref gene does not exist
prokka_VFOMMLON/VFOMMLON:CDS	hypothetical protein	VFOMMLON:c70702-69842	VFOMMLON_00086

DiscRep_SUB:FEATURE_LOCATION_CONFLICT::Coding region xref gene does not exist
prokka_VFOMMLON/VFOMMLON:CDS	Aspartate aminotransferase	VFOMMLON:70800-71846	VFOMMLON_00087

DiscRep_SUB:FEATURE_LOCATION_CONFLICT::Coding region xref gene does not exist
prokka_VFOMMLON/VFOMMLON:CDS	2,3,4,5-tetrahydropyridine-2,6-dicarboxylate N-succinyltransferase	VFOMMLON:71815-72540	VFOMMLON_00088

DiscRep_SUB:FEATURE_LOCATION_CONFLICT::Coding region xref gene does not exist
prokka_VFOMMLON/VFOMMLON:CDS	Succinyl-diaminopimelate desuccinylase	VFOMMLON:72530-73597	VFOMMLON_00089

DiscRep_SUB:FEATURE_LOCATION_CONFLICT::Coding region xref gene does not exist
prokka_VFOMMLON/VFOMMLON:CDS	hypothetical protein	VFOMMLON:c73805-73587	VFOMMLON_00090

DiscRep_SUB:FEATURE_LOCATION_CONFLICT::Coding region xref gene does not exist
prokka_VFOMMLON/VFOMMLON:CDS	Threonine synthase	VFOMMLON:c75036-73783	VFOMMLON_00091

DiscRep_SUB:FEATURE_LOCATION_CONFLICT::Coding region xref gene does not exist
prokka_VFOMMLON/VFOMMLON:CDS	hypothetical protein	VFOMMLON:c76157-75033	VFOMMLON_00092

DiscRep_SUB:FEATURE_LOCATION_CONFLICT::Coding region xref gene does not exist
prokka_VFOMMLON/VFOMMLON:CDS	Replicative DNA helicase	VFOMMLON:c77338-76154	VFOMMLON_00093

DiscRep_SUB:FEATURE_LOCATION_CONFLICT::Coding region xref gene does not exist
prokka_VFOMMLON/VFOMMLON:CDS	hypothetical protein	VFOMMLON:c77489-77328	VFOMMLON_00094

DiscRep_SUB:FEATURE_LOCATION_CONFLICT::Coding region xref gene does not exist
prokka_VFOMMLON/VFOMMLON:CDS	hypothetical protein	VFOMMLON:c77758-77486	VFOMMLON_00095

DiscRep_SUB:FEATURE_LOCATION_CONFLICT::Coding region xref gene does not exist
prokka_VFOMMLON/VFOMMLON:CDS	Thioredoxin	VFOMMLON:77778-78074	VFOMMLON_00096

DiscRep_SUB:FEATURE_LOCATION_CONFLICT::Coding region xref gene does not exist
prokka_VFOMMLON/VFOMMLON:CDS	tRNA modification GTPase MnmE	VFOMMLON:78435-79694	VFOMMLON_00099

DiscRep_SUB:FEATURE_LOCATION_CONFLICT::Coding region xref gene does not exist
prokka_VFOMMLON/VFOMMLON:CDS	tRNA uridine 5-carboxymethylaminomethyl modification enzyme MnmG	VFOMMLON:79691-81436	VFOMMLON_00100

DiscRep_SUB:FEATURE_LOCATION_CONFLICT::Coding region xref gene does not exist
prokka_VFOMMLON/VFOMMLON:CDS	hypothetical protein	VFOMMLON:81433-81684	VFOMMLON_00101

DiscRep_SUB:FEATURE_LOCATION_CONFLICT::Coding region xref gene does not exist
prokka_VFOMMLON/VFOMMLON:CDS	60 kDa chaperonin	VFOMMLON:81665-83239	VFOMMLON_00102

DiscRep_SUB:FEATURE_LOCATION_CONFLICT::Coding region xref gene does not exist
prokka_VFOMMLON/VFOMMLON:CDS	3-phosphoshikimate 1-carboxyvinyltransferase	VFOMMLON:83240-84460	VFOMMLON_00103

DiscRep_SUB:FEATURE_LOCATION_CONFLICT::Coding region xref gene does not exist
prokka_VFOMMLON/VFOMMLON:CDS	hypothetical protein	VFOMMLON:84457-85410	VFOMMLON_00104

DiscRep_SUB:FEATURE_LOCATION_CONFLICT::Coding region xref gene does not exist
prokka_VFOMMLON/VFOMMLON:CDS	hypothetical protein	VFOMMLON:c86247-85402	VFOMMLON_00105

DiscRep_SUB:FEATURE_LOCATION_CONFLICT::Coding region xref gene does not exist
prokka_VFOMMLON/VFOMMLON:CDS	hypothetical protein	VFOMMLON:86371-86955	VFOMMLON_00106

DiscRep_SUB:FEATURE_LOCATION_CONFLICT::Coding region xref gene does not exist
prokka_VFOMMLON/VFOMMLON:CDS	Chaperone protein DnaJ	VFOMMLON:c87891-86917	VFOMMLON_00107

DiscRep_SUB:FEATURE_LOCATION_CONFLICT::Coding region xref gene does not exist
prokka_VFOMMLON/VFOMMLON:CDS	Chaperone protein DnaK	VFOMMLON:c89668-87878	VFOMMLON_00108

DiscRep_SUB:FEATURE_LOCATION_CONFLICT::Coding region xref gene does not exist
prokka_VFOMMLON/VFOMMLON:CDS	Protein GrpE	VFOMMLON:c90109-89669	VFOMMLON_00109

DiscRep_SUB:FEATURE_LOCATION_CONFLICT::Coding region xref gene does not exist
prokka_VFOMMLON/VFOMMLON:CDS	Phospho-2-dehydro-3-deoxyheptonate aldolase, Tyr-sensitive	VFOMMLON:90110-91015	VFOMMLON_00110

DiscRep_SUB:FEATURE_LOCATION_CONFLICT::Coding region xref gene does not exist
prokka_VFOMMLON/VFOMMLON:CDS	tRNA-specific 2-thiouridylase MnmA	VFOMMLON:c91846-91010	VFOMMLON_00111

DiscRep_SUB:FEATURE_LOCATION_CONFLICT::Coding region xref gene does not exist
prokka_VFOMMLON/VFOMMLON:CDS	hypothetical protein	VFOMMLON:c93717-91843	VFOMMLON_00112

DiscRep_SUB:FEATURE_LOCATION_CONFLICT::Coding region xref gene does not exist
prokka_VFOMMLON/VFOMMLON:CDS	4-hydroxy-tetrahydrodipicolinate reductase	VFOMMLON:c94349-93714	VFOMMLON_00113

DiscRep_SUB:FEATURE_LOCATION_CONFLICT::Coding region xref gene does not exist
prokka_VFOMMLON/VFOMMLON:CDS	NADP-dependent malic enzyme	VFOMMLON:c95557-94346	VFOMMLON_00114

DiscRep_SUB:FEATURE_LOCATION_CONFLICT::Coding region xref gene does not exist
prokka_VFOMMLON/VFOMMLON:CDS	Shikimate dehydrogenase (NADP(+))	VFOMMLON:c96227-95508	VFOMMLON_00115

DiscRep_SUB:FEATURE_LOCATION_CONFLICT::Coding region xref gene does not exist
prokka_VFOMMLON/VFOMMLON:CDS	3-dehydroquinate dehydratase	VFOMMLON:96256-96645	VFOMMLON_00116

DiscRep_SUB:FEATURE_LOCATION_CONFLICT::Coding region xref gene does not exist
prokka_VFOMMLON/VFOMMLON:CDS	50S ribosomal protein L27	VFOMMLON:c96865-96611	VFOMMLON_00117

DiscRep_SUB:FEATURE_LOCATION_CONFLICT::Coding region xref gene does not exist
prokka_VFOMMLON/VFOMMLON:CDS	hypothetical protein	VFOMMLON:c97149-96844	VFOMMLON_00118

DiscRep_SUB:FEATURE_LOCATION_CONFLICT::Coding region xref gene does not exist
prokka_VFOMMLON/VFOMMLON:CDS	Ribosomal RNA small subunit methyltransferase H	VFOMMLON:c97819-97142	VFOMMLON_00119

DiscRep_SUB:FEATURE_LOCATION_CONFLICT::Coding region xref gene does not exist
prokka_VFOMMLON/VFOMMLON:CDS	Argininosuccinate synthase	VFOMMLON:97897-99099	VFOMMLON_00121

DiscRep_SUB:FEATURE_LOCATION_CONFLICT::Coding region xref gene does not exist
prokka_VFOMMLON/VFOMMLON:CDS	hypothetical protein	VFOMMLON:103581-103970	VFOMMLON_00125

DiscRep_SUB:FEATURE_LOCATION_CONFLICT::Coding region xref gene does not exist
prokka_VFOMMLON/VFOMMLON:CDS	hypothetical protein	VFOMMLON:103964-104485	VFOMMLON_00126

DiscRep_SUB:FEATURE_LOCATION_CONFLICT::Coding region xref gene does not exist
prokka_VFOMMLON/VFOMMLON:CDS	hypothetical protein	VFOMMLON:104454-104618	VFOMMLON_00127

DiscRep_SUB:FEATURE_LOCATION_CONFLICT::Coding region xref gene does not exist
prokka_VFOMMLON/VFOMMLON:CDS	50S ribosomal protein L2	VFOMMLON:104615-105388	VFOMMLON_00128

DiscRep_SUB:FEATURE_LOCATION_CONFLICT::Coding region xref gene does not exist
prokka_VFOMMLON/VFOMMLON:CDS	30S ribosomal protein S19	VFOMMLON:105385-105636	VFOMMLON_00129

DiscRep_SUB:FEATURE_LOCATION_CONFLICT::Coding region xref gene does not exist
prokka_VFOMMLON/VFOMMLON:CDS	hypothetical protein	VFOMMLON:105633-105965	VFOMMLON_00130

DiscRep_SUB:FEATURE_LOCATION_CONFLICT::Coding region xref gene does not exist
prokka_VFOMMLON/VFOMMLON:CDS	30S ribosomal protein S3	VFOMMLON:105950-106576	VFOMMLON_00131

DiscRep_SUB:FEATURE_LOCATION_CONFLICT::Coding region xref gene does not exist
prokka_VFOMMLON/VFOMMLON:CDS	50S ribosomal protein L16	VFOMMLON:106548-106973	VFOMMLON_00132

DiscRep_SUB:FEATURE_LOCATION_CONFLICT::Coding region xref gene does not exist
prokka_VFOMMLON/VFOMMLON:CDS	hypothetical protein	VFOMMLON:106954-107172	VFOMMLON_00133

DiscRep_SUB:FEATURE_LOCATION_CONFLICT::Coding region xref gene does not exist
prokka_VFOMMLON/VFOMMLON:CDS	50S ribosomal protein L14	VFOMMLON:107169-107531	VFOMMLON_00134

DiscRep_SUB:FEATURE_LOCATION_CONFLICT::Coding region xref gene does not exist
prokka_VFOMMLON/VFOMMLON:CDS	50S ribosomal protein L5	VFOMMLON:107528-108064	VFOMMLON_00135

DiscRep_SUB:FEATURE_LOCATION_CONFLICT::Coding region xref gene does not exist
prokka_VFOMMLON/VFOMMLON:CDS	30S ribosomal protein S14	VFOMMLON:108064-108360	VFOMMLON_00136

DiscRep_SUB:FEATURE_LOCATION_CONFLICT::Coding region xref gene does not exist
prokka_VFOMMLON/VFOMMLON:CDS	30S ribosomal protein S8	VFOMMLON:108361-108738	VFOMMLON_00137

DiscRep_SUB:FEATURE_LOCATION_CONFLICT::Coding region xref gene does not exist
prokka_VFOMMLON/VFOMMLON:CDS	hypothetical protein	VFOMMLON:108719-109237	VFOMMLON_00138

DiscRep_SUB:FEATURE_LOCATION_CONFLICT::Coding region xref gene does not exist
prokka_VFOMMLON/VFOMMLON:CDS	hypothetical protein	VFOMMLON:109200-109487	VFOMMLON_00139

DiscRep_SUB:FEATURE_LOCATION_CONFLICT::Coding region xref gene does not exist
prokka_VFOMMLON/VFOMMLON:CDS	30S ribosomal protein S5	VFOMMLON:109456-109890	VFOMMLON_00140

DiscRep_SUB:FEATURE_LOCATION_CONFLICT::Coding region xref gene does not exist
prokka_VFOMMLON/VFOMMLON:CDS	50S ribosomal protein L15	VFOMMLON:109874-110209	VFOMMLON_00141

DiscRep_SUB:FEATURE_LOCATION_CONFLICT::Coding region xref gene does not exist
prokka_VFOMMLON/VFOMMLON:CDS	Translation initiation factor IF-1	VFOMMLON:110190-110414	VFOMMLON_00142

DiscRep_SUB:FEATURE_LOCATION_CONFLICT::Coding region xref gene does not exist
prokka_VFOMMLON/VFOMMLON:CDS	hypothetical protein	VFOMMLON:110411-110524	VFOMMLON_00143

DiscRep_SUB:FEATURE_LOCATION_CONFLICT::Coding region xref gene does not exist
prokka_VFOMMLON/VFOMMLON:CDS	30S ribosomal protein S13	VFOMMLON:110521-110850	VFOMMLON_00144

DiscRep_SUB:FEATURE_LOCATION_CONFLICT::Coding region xref gene does not exist
prokka_VFOMMLON/VFOMMLON:CDS	30S ribosomal protein S11	VFOMMLON:110847-111188	VFOMMLON_00145

DiscRep_SUB:FEATURE_LOCATION_CONFLICT::Coding region xref gene does not exist
prokka_VFOMMLON/VFOMMLON:CDS	hypothetical protein	VFOMMLON:111185-111667	VFOMMLON_00146

DiscRep_SUB:FEATURE_LOCATION_CONFLICT::Coding region xref gene does not exist
prokka_VFOMMLON/VFOMMLON:CDS	DNA-directed RNA polymerase subunit alpha	VFOMMLON:111657-112262	VFOMMLON_00147

DiscRep_SUB:FEATURE_LOCATION_CONFLICT::Coding region xref gene does not exist
prokka_VFOMMLON/VFOMMLON:CDS	hypothetical protein	VFOMMLON:112228-112521	VFOMMLON_00148

DiscRep_SUB:FEATURE_LOCATION_CONFLICT::Coding region xref gene does not exist
prokka_VFOMMLON/VFOMMLON:CDS	Diaminopimelate decarboxylase	VFOMMLON:c113485-112493	VFOMMLON_00149

DiscRep_SUB:FEATURE_LOCATION_CONFLICT::Coding region xref gene does not exist
prokka_VFOMMLON/VFOMMLON:CDS	hypothetical protein	VFOMMLON:113574-113960	VFOMMLON_00150

DiscRep_SUB:FEATURE_LOCATION_CONFLICT::RNA feature xref gene does not exist
prokka_VFOMMLON/VFOMMLON:tRNA	Trp	VFOMMLON:1181-1254	VFOMMLON_00001

DiscRep_SUB:FEATURE_LOCATION_CONFLICT::RNA feature xref gene does not exist
prokka_VFOMMLON/VFOMMLON:tRNA	Phe	VFOMMLON:13441-13513	VFOMMLON_00011

DiscRep_SUB:FEATURE_LOCATION_CONFLICT::RNA feature xref gene does not exist
prokka_VFOMMLON/VFOMMLON:tRNA	Gln	VFOMMLON:19721-19794	VFOMMLON_00021

DiscRep_SUB:FEATURE_LOCATION_CONFLICT::RNA feature xref gene does not exist
prokka_VFOMMLON/VFOMMLON:tRNA	Ser	VFOMMLON:27244-27327	VFOMMLON_00029

DiscRep_SUB:FEATURE_LOCATION_CONFLICT::RNA feature xref gene does not exist
prokka_VFOMMLON/VFOMMLON:tRNA	Leu	VFOMMLON:48044-48116	VFOMMLON_00048

DiscRep_SUB:FEATURE_LOCATION_CONFLICT::RNA feature xref gene does not exist
prokka_VFOMMLON/VFOMMLON:tRNA	Leu	VFOMMLON:48117-48189	VFOMMLON_00049

DiscRep_SUB:FEATURE_LOCATION_CONFLICT::RNA feature xref gene does not exist
prokka_VFOMMLON/VFOMMLON:tRNA	Ser	VFOMMLON:48190-48272	VFOMMLON_00050

DiscRep_SUB:FEATURE_LOCATION_CONFLICT::RNA feature xref gene does not exist
prokka_VFOMMLON/VFOMMLON:tRNA	Asn	VFOMMLON:c52596-52525	VFOMMLON_00057

DiscRep_SUB:FEATURE_LOCATION_CONFLICT::RNA feature xref gene does not exist
prokka_VFOMMLON/VFOMMLON:tRNA	Cys	VFOMMLON:c53165-53095	VFOMMLON_00058

DiscRep_SUB:FEATURE_LOCATION_CONFLICT::RNA feature xref gene does not exist
prokka_VFOMMLON/VFOMMLON:tRNA	Gly	VFOMMLON:c53238-53165	VFOMMLON_00059

DiscRep_SUB:FEATURE_LOCATION_CONFLICT::RNA feature xref gene does not exist
prokka_VFOMMLON/VFOMMLON:tRNA	Val	VFOMMLON:59914-59985	VFOMMLON_00064

DiscRep_SUB:FEATURE_LOCATION_CONFLICT::RNA feature xref gene does not exist
prokka_VFOMMLON/VFOMMLON:tRNA	Leu	VFOMMLON:c60059-59985	VFOMMLON_00065

DiscRep_SUB:FEATURE_LOCATION_CONFLICT::RNA feature xref gene does not exist
prokka_VFOMMLON/VFOMMLON:tRNA	Ser	VFOMMLON:c60144-60060	VFOMMLON_00066

DiscRep_SUB:FEATURE_LOCATION_CONFLICT::RNA feature xref gene does not exist
prokka_VFOMMLON/VFOMMLON:tRNA	His	VFOMMLON:65819-65891	VFOMMLON_00075

DiscRep_SUB:FEATURE_LOCATION_CONFLICT::RNA feature xref gene does not exist
prokka_VFOMMLON/VFOMMLON:tRNA	Lys	VFOMMLON:c66748-66675	VFOMMLON_00076

DiscRep_SUB:FEATURE_LOCATION_CONFLICT::RNA feature xref gene does not exist
prokka_VFOMMLON/VFOMMLON:tRNA	Val	VFOMMLON:c67695-67624	VFOMMLON_00079

DiscRep_SUB:FEATURE_LOCATION_CONFLICT::RNA feature xref gene does not exist
prokka_VFOMMLON/VFOMMLON:tRNA	Arg	VFOMMLON:c68806-68733	VFOMMLON_00081

DiscRep_SUB:FEATURE_LOCATION_CONFLICT::RNA feature xref gene does not exist
prokka_VFOMMLON/VFOMMLON:tRNA	Met	VFOMMLON:c68997-68926	VFOMMLON_00082

DiscRep_SUB:FEATURE_LOCATION_CONFLICT::RNA feature xref gene does not exist
prokka_VFOMMLON/VFOMMLON:tRNA	Pro	VFOMMLON:69032-69103	VFOMMLON_00083

DiscRep_SUB:FEATURE_LOCATION_CONFLICT::RNA feature xref gene does not exist
prokka_VFOMMLON/VFOMMLON:tRNA	Asp	VFOMMLON:c78332-78258	VFOMMLON_00097

DiscRep_SUB:FEATURE_LOCATION_CONFLICT::RNA feature xref gene does not exist
prokka_VFOMMLON/VFOMMLON:tRNA	Glu	VFOMMLON:c78404-78334	VFOMMLON_00098

DiscRep_SUB:FEATURE_LOCATION_CONFLICT::RNA feature xref gene does not exist
prokka_VFOMMLON/VFOMMLON:tRNA	Ala	VFOMMLON:c97893-97821	VFOMMLON_00120

DiscRep_SUB:FEATURE_LOCATION_CONFLICT::RNA feature xref gene does not exist
prokka_VFOMMLON/VFOMMLON:rRNA	23S ribosomal RNA	VFOMMLON:c101912-99200	VFOMMLON_00122

DiscRep_SUB:FEATURE_LOCATION_CONFLICT::RNA feature xref gene does not exist
prokka_VFOMMLON/VFOMMLON:tRNA	Ile	VFOMMLON:c102005-101934	VFOMMLON_00123

DiscRep_SUB:FEATURE_LOCATION_CONFLICT::RNA feature xref gene does not exist
prokka_VFOMMLON/VFOMMLON:rRNA	16S ribosomal RNA	VFOMMLON:c103499-102019	VFOMMLON_00124

DiscRep_SUB:FEATURE_LOCATION_CONFLICT::RNA feature xref gene does not exist
prokka_VFOMMLON/VFOMMLON:tRNA	Met	VFOMMLON:114916-114987	VFOMMLON_00151

DiscRep_SUB:FEATURE_LOCATION_CONFLICT::RNA feature xref gene does not exist
prokka_VFOMMLON/VFOMMLON:tRNA	Tyr	VFOMMLON:115025-115110	VFOMMLON_00152

DiscRep_SUB:FEATURE_LOCATION_CONFLICT::RNA feature xref gene does not exist
prokka_VFOMMLON/VFOMMLON:tRNA	Gly	VFOMMLON:115113-115183	VFOMMLON_00153

DiscRep_ALL:DISC_QUALITY_SCORES::Quality scores are missing on all sequences.

DiscRep_ALL:ONCALLER_COMMENT_PRESENT::1 comment descriptors were found (all same)
prokka_VFOMMLON/VFOMMLON:VFOMMLON:Annotated using prokka 1.14.6 from https://github.com/tseemann/prokka

DiscRep_ALL:SHORT_PROT_SEQUENCES::2 protein sequences are shorter than 50 aa.
prokka_VFOMMLON/VFOMMLON:VFOMMLON_27 (length 46)
prokka_VFOMMLON/VFOMMLON:VFOMMLON_118 (length 37)

DiscRep_ALL:MISSING_GENOMEASSEMBLY_COMMENTS::1 bioseqs are missing GenomeAssembly structured comments
prokka_VFOMMLON/VFOMMLON:VFOMMLON (length 115190)

DiscRep_ALL:MOLTYPE_NOT_MRNA::1 molecule types are not set as mRNA.
prokka_VFOMMLON/VFOMMLON:VFOMMLON (length 115190)

DiscRep_ALL:TECHNIQUE_NOT_TSA::1 technique are not set as TSA
prokka_VFOMMLON/VFOMMLON:VFOMMLON (length 115190)

DiscRep_ALL:MISSING_STRUCTURED_COMMENT::1 sequences do not include structured comments.
prokka_VFOMMLON/VFOMMLON:VFOMMLON (length 115190)

DiscRep_ALL:MISSING_PROJECT::126 sequences do not include project.
prokka_VFOMMLON/VFOMMLON:VFOMMLON (length 115190)
prokka_VFOMMLON/VFOMMLON:VFOMMLON_1 (length 184)
prokka_VFOMMLON/VFOMMLON:VFOMMLON_2 (length 142)
prokka_VFOMMLON/VFOMMLON:VFOMMLON_3 (length 111)
prokka_VFOMMLON/VFOMMLON:VFOMMLON_4 (length 1150)
prokka_VFOMMLON/VFOMMLON:VFOMMLON_5 (length 1210)
prokka_VFOMMLON/VFOMMLON:VFOMMLON_6 (length 127)
prokka_VFOMMLON/VFOMMLON:VFOMMLON_7 (length 157)
prokka_VFOMMLON/VFOMMLON:VFOMMLON_8 (length 665)
prokka_VFOMMLON/VFOMMLON:VFOMMLON_9 (length 96)
prokka_VFOMMLON/VFOMMLON:VFOMMLON_10 (length 121)
prokka_VFOMMLON/VFOMMLON:VFOMMLON_11 (length 264)
prokka_VFOMMLON/VFOMMLON:VFOMMLON_12 (length 225)
prokka_VFOMMLON/VFOMMLON:VFOMMLON_13 (length 356)
prokka_VFOMMLON/VFOMMLON:VFOMMLON_14 (length 129)
prokka_VFOMMLON/VFOMMLON:VFOMMLON_15 (length 91)
prokka_VFOMMLON/VFOMMLON:VFOMMLON_16 (length 237)
prokka_VFOMMLON/VFOMMLON:VFOMMLON_17 (length 200)
prokka_VFOMMLON/VFOMMLON:VFOMMLON_18 (length 455)
prokka_VFOMMLON/VFOMMLON:VFOMMLON_19 (length 239)
prokka_VFOMMLON/VFOMMLON:VFOMMLON_20 (length 148)
prokka_VFOMMLON/VFOMMLON:VFOMMLON_21 (length 168)
prokka_VFOMMLON/VFOMMLON:VFOMMLON_22 (length 348)
prokka_VFOMMLON/VFOMMLON:VFOMMLON_23 (length 367)
prokka_VFOMMLON/VFOMMLON:VFOMMLON_24 (length 211)
prokka_VFOMMLON/VFOMMLON:VFOMMLON_25 (length 291)
prokka_VFOMMLON/VFOMMLON:VFOMMLON_26 (length 741)
prokka_VFOMMLON/VFOMMLON:VFOMMLON_27 (length 46)
prokka_VFOMMLON/VFOMMLON:VFOMMLON_28 (length 52)
prokka_VFOMMLON/VFOMMLON:VFOMMLON_29 (length 708)
prokka_VFOMMLON/VFOMMLON:VFOMMLON_30 (length 211)
prokka_VFOMMLON/VFOMMLON:VFOMMLON_31 (length 355)
prokka_VFOMMLON/VFOMMLON:VFOMMLON_32 (length 275)
prokka_VFOMMLON/VFOMMLON:VFOMMLON_33 (length 223)
prokka_VFOMMLON/VFOMMLON:VFOMMLON_34 (length 308)
prokka_VFOMMLON/VFOMMLON:VFOMMLON_35 (length 180)
prokka_VFOMMLON/VFOMMLON:VFOMMLON_36 (length 371)
prokka_VFOMMLON/VFOMMLON:VFOMMLON_37 (length 446)
prokka_VFOMMLON/VFOMMLON:VFOMMLON_38 (length 429)
prokka_VFOMMLON/VFOMMLON:VFOMMLON_39 (length 275)
prokka_VFOMMLON/VFOMMLON:VFOMMLON_40 (length 279)
prokka_VFOMMLON/VFOMMLON:VFOMMLON_41 (length 364)
prokka_VFOMMLON/VFOMMLON:VFOMMLON_42 (length 439)
prokka_VFOMMLON/VFOMMLON:VFOMMLON_43 (length 934)
prokka_VFOMMLON/VFOMMLON:VFOMMLON_44 (length 325)
prokka_VFOMMLON/VFOMMLON:VFOMMLON_45 (length 168)
prokka_VFOMMLON/VFOMMLON:VFOMMLON_46 (length 373)
prokka_VFOMMLON/VFOMMLON:VFOMMLON_47 (length 198)
prokka_VFOMMLON/VFOMMLON:VFOMMLON_48 (length 77)
prokka_VFOMMLON/VFOMMLON:VFOMMLON_49 (length 71)
prokka_VFOMMLON/VFOMMLON:VFOMMLON_50 (length 339)
prokka_VFOMMLON/VFOMMLON:VFOMMLON_51 (length 1012)
prokka_VFOMMLON/VFOMMLON:VFOMMLON_52 (length 169)
prokka_VFOMMLON/VFOMMLON:VFOMMLON_53 (length 187)
prokka_VFOMMLON/VFOMMLON:VFOMMLON_54 (length 196)
prokka_VFOMMLON/VFOMMLON:VFOMMLON_55 (length 393)
prokka_VFOMMLON/VFOMMLON:VFOMMLON_56 (length 288)
prokka_VFOMMLON/VFOMMLON:VFOMMLON_57 (length 184)
prokka_VFOMMLON/VFOMMLON:VFOMMLON_58 (length 191)
prokka_VFOMMLON/VFOMMLON:VFOMMLON_59 (length 227)
prokka_VFOMMLON/VFOMMLON:VFOMMLON_60 (length 239)
prokka_VFOMMLON/VFOMMLON:VFOMMLON_61 (length 93)
prokka_VFOMMLON/VFOMMLON:VFOMMLON_62 (length 55)
prokka_VFOMMLON/VFOMMLON:VFOMMLON_63 (length 141)
prokka_VFOMMLON/VFOMMLON:VFOMMLON_64 (length 342)
prokka_VFOMMLON/VFOMMLON:VFOMMLON_65 (length 96)
prokka_VFOMMLON/VFOMMLON:VFOMMLON_66 (length 164)
prokka_VFOMMLON/VFOMMLON:VFOMMLON_67 (length 286)
prokka_VFOMMLON/VFOMMLON:VFOMMLON_68 (length 348)
prokka_VFOMMLON/VFOMMLON:VFOMMLON_69 (length 241)
prokka_VFOMMLON/VFOMMLON:VFOMMLON_70 (length 355)
prokka_VFOMMLON/VFOMMLON:VFOMMLON_71 (length 72)
prokka_VFOMMLON/VFOMMLON:VFOMMLON_72 (length 417)
prokka_VFOMMLON/VFOMMLON:VFOMMLON_73 (length 374)
prokka_VFOMMLON/VFOMMLON:VFOMMLON_74 (length 394)
prokka_VFOMMLON/VFOMMLON:VFOMMLON_75 (length 53)
prokka_VFOMMLON/VFOMMLON:VFOMMLON_76 (length 90)
prokka_VFOMMLON/VFOMMLON:VFOMMLON_77 (length 98)
prokka_VFOMMLON/VFOMMLON:VFOMMLON_78 (length 419)
prokka_VFOMMLON/VFOMMLON:VFOMMLON_79 (length 581)
prokka_VFOMMLON/VFOMMLON:VFOMMLON_80 (length 83)
prokka_VFOMMLON/VFOMMLON:VFOMMLON_81 (length 524)
prokka_VFOMMLON/VFOMMLON:VFOMMLON_82 (length 406)
prokka_VFOMMLON/VFOMMLON:VFOMMLON_83 (length 317)
prokka_VFOMMLON/VFOMMLON:VFOMMLON_84 (length 281)
prokka_VFOMMLON/VFOMMLON:VFOMMLON_85 (length 194)
prokka_VFOMMLON/VFOMMLON:VFOMMLON_86 (length 324)
prokka_VFOMMLON/VFOMMLON:VFOMMLON_87 (length 596)
prokka_VFOMMLON/VFOMMLON:VFOMMLON_88 (length 146)
prokka_VFOMMLON/VFOMMLON:VFOMMLON_89 (length 301)
prokka_VFOMMLON/VFOMMLON:VFOMMLON_90 (length 278)
prokka_VFOMMLON/VFOMMLON:VFOMMLON_91 (length 624)
prokka_VFOMMLON/VFOMMLON:VFOMMLON_92 (length 211)
prokka_VFOMMLON/VFOMMLON:VFOMMLON_93 (length 403)
prokka_VFOMMLON/VFOMMLON:VFOMMLON_94 (length 239)
prokka_VFOMMLON/VFOMMLON:VFOMMLON_95 (length 129)
prokka_VFOMMLON/VFOMMLON:VFOMMLON_96 (length 84)
prokka_VFOMMLON/VFOMMLON:VFOMMLON_97 (length 101)
prokka_VFOMMLON/VFOMMLON:VFOMMLON_98 (length 225)
prokka_VFOMMLON/VFOMMLON:VFOMMLON_99 (length 400)
prokka_VFOMMLON/VFOMMLON:VFOMMLON_100 (length 129)
prokka_VFOMMLON/VFOMMLON:VFOMMLON_101 (length 173)
prokka_VFOMMLON/VFOMMLON:VFOMMLON_102 (length 54)
prokka_VFOMMLON/VFOMMLON:VFOMMLON_103 (length 257)
prokka_VFOMMLON/VFOMMLON:VFOMMLON_104 (length 83)
prokka_VFOMMLON/VFOMMLON:VFOMMLON_105 (length 110)
prokka_VFOMMLON/VFOMMLON:VFOMMLON_106 (length 208)
prokka_VFOMMLON/VFOMMLON:VFOMMLON_107 (length 141)
prokka_VFOMMLON/VFOMMLON:VFOMMLON_108 (length 72)
prokka_VFOMMLON/VFOMMLON:VFOMMLON_109 (length 120)
prokka_VFOMMLON/VFOMMLON:VFOMMLON_110 (length 178)
prokka_VFOMMLON/VFOMMLON:VFOMMLON_111 (length 98)
prokka_VFOMMLON/VFOMMLON:VFOMMLON_112 (length 125)
prokka_VFOMMLON/VFOMMLON:VFOMMLON_113 (length 172)
prokka_VFOMMLON/VFOMMLON:VFOMMLON_114 (length 95)
prokka_VFOMMLON/VFOMMLON:VFOMMLON_115 (length 144)
prokka_VFOMMLON/VFOMMLON:VFOMMLON_116 (length 111)
prokka_VFOMMLON/VFOMMLON:VFOMMLON_117 (length 74)
prokka_VFOMMLON/VFOMMLON:VFOMMLON_118 (length 37)
prokka_VFOMMLON/VFOMMLON:VFOMMLON_119 (length 109)
prokka_VFOMMLON/VFOMMLON:VFOMMLON_120 (length 113)
prokka_VFOMMLON/VFOMMLON:VFOMMLON_121 (length 160)
prokka_VFOMMLON/VFOMMLON:VFOMMLON_122 (length 201)
prokka_VFOMMLON/VFOMMLON:VFOMMLON_123 (length 97)
prokka_VFOMMLON/VFOMMLON:VFOMMLON_124 (length 330)
prokka_VFOMMLON/VFOMMLON:VFOMMLON_125 (length 128)

DiscRep_ALL:DISC_INCONSISTENT_MOLINFO_TECH::Molinfo Technique Report (some missing, all same)
DiscRep_SUB:DISC_INCONSISTENT_MOLINFO_TECH::technique (all missing)
DiscRep_SUB:DISC_INCONSISTENT_MOLINFO_TECH::1 Molinfos are missing field technique
prokka_VFOMMLON/VFOMMLON:VFOMMLON (length 115190)

