[11:27:37] This is prokka 1.13
[11:27:37] Written by Torsten Seemann <torsten.seemann@gmail.com>
[11:27:37] Homepage is https://github.com/tseemann/prokka
[11:27:37] Local time is Fri Dec 15 11:27:37 2023
[11:27:37] You are diego
[11:27:37] Operating system is linux
[11:27:37] You have BioPerl 1.007002
[11:27:37] System has 32 cores.
[11:27:37] Will use maximum of 32 cores.
[11:27:37] Annotating as >>> Bacteria <<<
[11:27:37] Enabling options to ensure Genbank/ENA/DDJB submission compliance.
[11:27:37] Re-using existing --outdir annotation_prokka/prokka_VFIDISP1
[11:27:37] Using filename prefix: prokka_VFIDISP1.XXX
[11:27:37] Setting HMMER_NCPU=1
[11:27:37] Writing log to: annotation_prokka/prokka_VFIDISP1/prokka_VFIDISP1.log
[11:27:37] Command: /home/diego/miniconda3/envs/prokka_env/bin/prokka VFIDISP1.fasta --prefix prokka_VFIDISP1 --outdir annotation_prokka/prokka_VFIDISP1 --cpus 32 --locustag VFIDISP1 --gcode 11 --compliant --force
[11:27:37] Appending to PATH: /home/diego/miniconda3/envs/prokka_env/bin
[11:27:37] Looking for 'aragorn' - found /home/diego/miniconda3/envs/prokka_env/bin/aragorn
[11:27:37] Determined aragorn version is 1.2
[11:27:37] Looking for 'barrnap' - found /home/diego/miniconda3/envs/prokka_env/bin/barrnap
[11:27:37] Determined barrnap version is 0.9
[11:27:37] Looking for 'blastp' - found /home/diego/miniconda3/envs/prokka_env/bin/blastp
[11:27:37] Determined blastp version is 2.14
[11:27:37] Looking for 'cmpress' - found /home/diego/miniconda3/envs/prokka_env/bin/cmpress
[11:27:37] Determined cmpress version is 1.1
[11:27:37] Looking for 'cmscan' - found /home/diego/miniconda3/envs/prokka_env/bin/cmscan
[11:27:37] Determined cmscan version is 1.1
[11:27:37] Looking for 'egrep' - found /usr/bin/egrep
[11:27:37] Looking for 'find' - found /usr/bin/find
[11:27:37] Looking for 'grep' - found /usr/bin/grep
[11:27:37] Looking for 'hmmpress' - found /home/diego/miniconda3/envs/prokka_env/bin/hmmpress
[11:27:37] Determined hmmpress version is 3.3
[11:27:37] Looking for 'hmmscan' - found /home/diego/miniconda3/envs/prokka_env/bin/hmmscan
[11:27:37] Determined hmmscan version is 3.3
[11:27:37] Looking for 'java' - found /home/diego/miniconda3/envs/prokka_env/bin/java
[11:27:37] Looking for 'less' - found /usr/bin/less
[11:27:37] Looking for 'makeblastdb' - found /home/diego/miniconda3/envs/prokka_env/bin/makeblastdb
[11:27:37] Determined makeblastdb version is 2.14
[11:27:37] Looking for 'minced' - found /home/diego/miniconda3/envs/prokka_env/bin/minced
[11:27:37] Determined minced version is 4.2
[11:27:37] Looking for 'parallel' - found /home/diego/miniconda3/envs/prokka_env/bin/parallel
[11:27:38] Determined parallel version is 20160622
[11:27:38] Looking for 'prodigal' - found /home/diego/miniconda3/envs/prokka_env/bin/prodigal
[11:27:38] Determined prodigal version is 2.6
[11:27:38] Looking for 'prokka-genbank_to_fasta_db' - found /home/diego/miniconda3/envs/prokka_env/bin/prokka-genbank_to_fasta_db
[11:27:38] Looking for 'rnammer' - found /home/diego/rnammer-1.2.src/rnammer
[11:27:38] Determined rnammer version is 1.2
[11:27:38] Looking for 'sed' - found /usr/bin/sed
[11:27:38] Looking for 'tbl2asn' - found /home/diego/miniconda3/envs/prokka_env/bin/tbl2asn
[11:27:38] Determined tbl2asn version is 25.8
[11:27:38] Using genetic code table 11.
[11:27:38] Loading and checking input file: VFIDISP1.fasta
[11:27:38] Wrote 1 contigs totalling 119682 bp.
[11:27:38] Predicting tRNAs and tmRNAs
[11:27:38] Running: aragorn -l -gc11  -w annotation_prokka\/prokka_VFIDISP1\/prokka_VFIDISP1\.fna
[11:27:38] 1 tRNA-Trp [1192,1264] 34 (cca)
[11:27:38] 2 tRNA-Phe [13906,13978] 34 (gaa)
[11:27:38] 3 tRNA-Gln [17595,17666] 34 (ttg)
[11:27:38] 4 tRNA-Ser [24489,24571] 35 (gct)
[11:27:38] 5 tRNA-Thr c[26766,26837] 33 (cgt)
[11:27:38] 6 tRNA-Leu [45078,45150] 34 (tag)
[11:27:38] 7 tRNA-Ser [45151,45234] 35 (aga)
[11:27:38] 8 tRNA-Asn c[49795,49866] 33 (gtt)
[11:27:38] 9 tRNA-Cys c[50565,50638] 35 (gca)
[11:27:38] 10 tRNA-Gly c[50641,50713] 34 (gcc)
[11:27:38] 11 tRNA-Val [57565,57638] 34 (tac)
[11:27:38] 12 tRNA-Leu c[59105,59179] 35 (caa)
[11:27:38] 13 tRNA-Ser c[59181,59263] 35 (tga)
[11:27:38] 14 tRNA-Arg [59326,59397] 34 (acg)
[11:27:38] 15 tRNA-Thr [65285,65358] 35 (tgt)
[11:27:38] 16 tRNA-His [65358,65433] 36 (gtg)
[11:27:38] 17 tRNA-Lys c[66265,66337] 34 (ttt)
[11:27:38] 18 tRNA-Lys c[66339,66413] 35 (ctt)
[11:27:38] 19 tRNA-Val c[69382,69455] 34 (gac)
[11:27:38] 20 tRNA-Arg c[70503,70575] 34 (tct)
[11:27:38] 21 tRNA-Met c[70695,70766] 33 (cat)
[11:27:38] 22 tRNA-Pro [70802,70875] 34 (tgg)
[11:27:38] 23 tRNA-Asp c[80821,80895] 35 (gtc)
[11:27:38] 24 tRNA-Glu c[80897,80970] 35 (ttc)
[11:27:38] 25 tRNA-Ile c[105594,105666] 34 (gat)
[11:27:38] 26 tRNA-Ala c[105670,105742] 33 (tgc)
[11:27:38] 27 tRNA-Met c[119288,119361] 35 (cat)
[11:27:38] 28 tRNA-Tyr [119433,119517] 36 (gta)
[11:27:38] 29 tRNA-Gly [119528,119599] 34 (tcc)
[11:27:38] 30 tRNA-Thr [119599,119674] 36 (agt)
[11:27:38] Found 30 tRNAs
[11:27:38] Predicting Ribosomal RNAs
[11:27:38] Running Barrnap with 32 threads
[11:27:38] 1 gnl|Prokka|VFIDISP1_1 102796 23S ribosomal RNA
[11:27:38] 2 gnl|Prokka|VFIDISP1_1 105772 16S ribosomal RNA
[11:27:38] Found 2 rRNAs
[11:27:38] Skipping ncRNA search, enable with --rfam if desired.
[11:27:38] Total of 32 tRNA + rRNA features
[11:27:38] Searching for CRISPR repeats
[11:27:39] Found 0 CRISPRs
[11:27:39] Predicting coding sequences
[11:27:39] Contigs total 119682 bp, so using single mode
[11:27:39] Running: prodigal -i annotation_prokka\/prokka_VFIDISP1\/prokka_VFIDISP1\.fna -c -m -g 11 -p single -f sco -q
[11:27:39] Excluding CDS which overlaps existing RNA (tRNA) at gnl|Prokka|VFIDISP1_1:1..1194 on + strand
[11:27:39] Excluding CDS which overlaps existing RNA (tRNA) at gnl|Prokka|VFIDISP1_1:23393..24511 on + strand
[11:27:39] Excluding CDS which overlaps existing RNA (tRNA) at gnl|Prokka|VFIDISP1_1:24569..26620 on - strand
[11:27:39] Excluding CDS which overlaps existing RNA (tRNA) at gnl|Prokka|VFIDISP1_1:26837..29029 on + strand
[11:27:39] Excluding CDS which overlaps existing RNA (tRNA) at gnl|Prokka|VFIDISP1_1:44959..45078 on + strand
[11:27:39] Excluding CDS which overlaps existing RNA (tRNA) at gnl|Prokka|VFIDISP1_1:49578..49802 on + strand
[11:27:39] Excluding CDS which overlaps existing RNA (tRNA) at gnl|Prokka|VFIDISP1_1:49866..50468 on + strand
[11:27:39] Excluding CDS which overlaps existing RNA (tRNA) at gnl|Prokka|VFIDISP1_1:50455..50598 on + strand
[11:27:39] Excluding CDS which overlaps existing RNA (tRNA) at gnl|Prokka|VFIDISP1_1:50699..51085 on - strand
[11:27:39] Excluding CDS which overlaps existing RNA (tRNA) at gnl|Prokka|VFIDISP1_1:56440..57567 on + strand
[11:27:39] Excluding CDS which overlaps existing RNA (tRNA) at gnl|Prokka|VFIDISP1_1:58132..59112 on + strand
[11:27:39] Excluding CDS which overlaps existing RNA (tRNA) at gnl|Prokka|VFIDISP1_1:65026..65295 on + strand
[11:27:39] Excluding CDS which overlaps existing RNA (tRNA) at gnl|Prokka|VFIDISP1_1:66375..67607 on - strand
[11:27:39] Excluding CDS which overlaps existing RNA (tRNA) at gnl|Prokka|VFIDISP1_1:69453..70499 on - strand
[11:27:39] Excluding CDS which overlaps existing RNA (tRNA) at gnl|Prokka|VFIDISP1_1:70575..70706 on + strand
[11:27:39] Excluding CDS which overlaps existing RNA (tRNA) at gnl|Prokka|VFIDISP1_1:80581..80829 on + strand
[11:27:39] Excluding CDS which overlaps existing RNA (tRNA) at gnl|Prokka|VFIDISP1_1:80955..82082 on - strand
[11:27:39] Excluding CDS which overlaps existing RNA (rRNA) at gnl|Prokka|VFIDISP1_1:103184..103411 on - strand
[11:27:39] Excluding CDS which overlaps existing RNA (rRNA) at gnl|Prokka|VFIDISP1_1:103789..103890 on - strand
[11:27:39] Excluding CDS which overlaps existing RNA (tRNA) at gnl|Prokka|VFIDISP1_1:118284..119291 on + strand
[11:27:39] Found 126 CDS
[11:27:39] Connecting features back to sequences
[11:27:39] Not using genus-specific database. Try --usegenus to enable it.
[11:27:39] Annotating CDS, please be patient.
[11:27:39] Will use 32 CPUs for similarity searching.
[11:27:39] There are still 126 unannotated CDS left (started with 126)
[11:27:39] Will use blast to search against /home/diego/miniconda3/envs/prokka_env/bin/../db/kingdom/Bacteria/sprot with 32 CPUs
[11:27:39] Running: cat annotation_prokka\/prokka_VFIDISP1\/sprot\.faa | parallel --gnu --plain -j 32 --block 504 --recstart '>' --pipe blastp -query - -db /home/diego/miniconda3/envs/prokka_env/bin/../db/kingdom/Bacteria/sprot -evalue 1e-06 -num_threads 1 -num_descriptions 1 -num_alignments 1 -seg no > annotation_prokka\/prokka_VFIDISP1\/sprot\.blast 2> /dev/null
[11:27:40] Deleting unwanted file: annotation_prokka/prokka_VFIDISP1/sprot.faa
[11:27:40] Deleting unwanted file: annotation_prokka/prokka_VFIDISP1/sprot.blast
[11:27:40] There are still 29 unannotated CDS left (started with 126)
[11:27:40] Will use hmmer3 to search against /home/diego/miniconda3/envs/prokka_env/bin/../db/hmm/HAMAP.hmm with 32 CPUs
[11:27:40] Running: cat annotation_prokka\/prokka_VFIDISP1\/HAMAP\.hmm\.faa | parallel --gnu --plain -j 32 --block 57 --recstart '>' --pipe hmmscan --noali --notextw --acc -E 1e-06 --cpu 1 /home/diego/miniconda3/envs/prokka_env/bin/../db/hmm/HAMAP.hmm /dev/stdin > annotation_prokka\/prokka_VFIDISP1\/HAMAP\.hmm\.hmmer3 2> /dev/null
[11:27:40] Deleting unwanted file: annotation_prokka/prokka_VFIDISP1/HAMAP.hmm.faa
[11:27:40] Deleting unwanted file: annotation_prokka/prokka_VFIDISP1/HAMAP.hmm.hmmer3
[11:27:40] Labelling remaining 25 proteins as 'hypothetical protein'
[11:27:40] Possible /pseudo 'Leucine--tRNA ligase' at gnl|Prokka|VFIDISP1_1 position 96205
[11:27:40] Found 99 unique /gene codes.
[11:27:40] Fixed 2 duplicate /gene - prfA_1 prfA_2
[11:27:40] Fixed 2 duplicate /gene - leuS_1 leuS_2
[11:27:40] Fixed 2 colliding /gene names.
[11:27:40] Adding /locus_tag identifiers
[11:27:40] Assigned 158 locus_tags to CDS and RNA features.
[11:27:40] Writing outputs to annotation_prokka/prokka_VFIDISP1/
[11:27:40] Generating annotation statistics file
[11:27:41] Generating Genbank and Sequin files
[11:27:41] Running: tbl2asn -V b -a r10k -l paired-ends -M n -N 1 -y 'Annotated using prokka 1.13 from https://github.com/tseemann/prokka' -Z annotation_prokka\/prokka_VFIDISP1\/prokka_VFIDISP1\.err -i annotation_prokka\/prokka_VFIDISP1\/prokka_VFIDISP1\.fsa 2> /dev/null
[11:27:41] Deleting unwanted file: annotation_prokka/prokka_VFIDISP1/errorsummary.val
[11:27:41] Deleting unwanted file: annotation_prokka/prokka_VFIDISP1/prokka_VFIDISP1.dr
[11:27:41] Deleting unwanted file: annotation_prokka/prokka_VFIDISP1/prokka_VFIDISP1.fixedproducts
[11:27:41] Deleting unwanted file: annotation_prokka/prokka_VFIDISP1/prokka_VFIDISP1.ecn
[11:27:41] Deleting unwanted file: annotation_prokka/prokka_VFIDISP1/prokka_VFIDISP1.val
[11:27:41] Repairing broken .GBK output that tbl2asn produces...
[11:27:41] Running: sed 's/COORDINATES: profile/COORDINATES:profile/' < annotation_prokka\/prokka_VFIDISP1\/prokka_VFIDISP1\.gbf > annotation_prokka\/prokka_VFIDISP1\/prokka_VFIDISP1\.gbk
[11:27:41] Deleting unwanted file: annotation_prokka/prokka_VFIDISP1/prokka_VFIDISP1.gbf
[11:27:41] Output files:
[11:27:41] annotation_prokka/prokka_VFIDISP1/prokka_VFIDISP1.txt
[11:27:41] annotation_prokka/prokka_VFIDISP1/prokka_VFIDISP1.gbk
[11:27:41] annotation_prokka/prokka_VFIDISP1/prokka_VFIDISP1.fna
[11:27:41] annotation_prokka/prokka_VFIDISP1/prokka_VFIDISP1.faa
[11:27:41] annotation_prokka/prokka_VFIDISP1/prokka_VFIDISP1.err
[11:27:41] annotation_prokka/prokka_VFIDISP1/prokka_VFIDISP1.fsa
[11:27:41] annotation_prokka/prokka_VFIDISP1/prokka_VFIDISP1.log
[11:27:41] annotation_prokka/prokka_VFIDISP1/prokka_VFIDISP1.ffn
[11:27:41] annotation_prokka/prokka_VFIDISP1/prokka_VFIDISP1.tbl
[11:27:41] annotation_prokka/prokka_VFIDISP1/prokka_VFIDISP1.sqn
[11:27:41] annotation_prokka/prokka_VFIDISP1/prokka_VFIDISP1.tsv
[11:27:41] annotation_prokka/prokka_VFIDISP1/prokka_VFIDISP1.gff
[11:27:41] Annotation finished successfully.
[11:27:41] Walltime used: 0.07 minutes
[11:27:41] If you use this result please cite the Prokka paper:
[11:27:41] Seemann T (2014) Prokka: rapid prokaryotic genome annotation. Bioinformatics. 30(14):2068-9.
[11:27:41] Type 'prokka --citation' for more details.
[11:27:41] Thank you, come again.
