Discrepancy Report Results

Summary
DISC_SOURCE_QUALS_ASNDISC:strain (all present, all unique)
DISC_SOURCE_QUALS_ASNDISC:taxname (all present, all unique)
DISC_FEATURE_COUNT:gene: 186 present
DISC_FEATURE_COUNT:CDS: 152 present
DISC_FEATURE_COUNT:tRNA: 29 present
DISC_FEATURE_COUNT:rRNA: 3 present
DISC_FEATURE_COUNT:misc_RNA: 1 present
DISC_FEATURE_COUNT:tmRNA: 1 present
DISC_COUNT_NUCLEOTIDES:1 nucleotide Bioseqs are present
OVERLAPPING_GENES:49 genes overlap another gene on the same strand.
RNA_CDS_OVERLAP:3 coding regions overlap RNA features
DISC_QUALITY_SCORES:Quality scores are missing on all sequences.
DISC_BAD_BACTERIAL_GENE_NAME:1 bacterial genes do not start with lowercase letters
ONCALLER_COMMENT_PRESENT:1 comment descriptors were found (all same)
SHORT_PROT_SEQUENCES:5 protein sequences are shorter than 50 aa.
MISSING_GENOMEASSEMBLY_COMMENTS:1 bioseqs are missing GenomeAssembly structured comments
TEST_UNUSUAL_MISC_RNA:1 unexpected misc_RNA features found.  misc_RNAs are unusual in a genome, consider using ncRNA, misc_binding, or misc_feature as appropriate.
MOLTYPE_NOT_MRNA:1 molecule types are not set as mRNA.
TECHNIQUE_NOT_TSA:1 technique are not set as TSA
MISSING_STRUCTURED_COMMENT:1 sequences do not include structured comments.
MISSING_PROJECT:153 sequences do not include project.
DISC_INCONSISTENT_MOLINFO_TECH:Molinfo Technique Report (some missing, all same)


Detailed Report

DiscRep_ALL:DISC_SOURCE_QUALS_ASNDISC::strain (all present, all unique)
DiscRep_SUB:DISC_SOURCE_QUALS_ASNDISC::1 sources have unique values for strain
DiscRep_ALL:DISC_SOURCE_QUALS_ASNDISC::taxname (all present, all unique)
DiscRep_SUB:DISC_SOURCE_QUALS_ASNDISC::1 sources have unique values for taxname
DiscRep_ALL:DISC_FEATURE_COUNT::gene: 186 present
DiscRep_ALL:DISC_FEATURE_COUNT::CDS: 152 present
DiscRep_ALL:DISC_FEATURE_COUNT::tRNA: 29 present
DiscRep_ALL:DISC_FEATURE_COUNT::rRNA: 3 present
DiscRep_ALL:DISC_FEATURE_COUNT::misc_RNA: 1 present
DiscRep_ALL:DISC_FEATURE_COUNT::tmRNA: 1 present
DiscRep_ALL:DISC_COUNT_NUCLEOTIDES::1 nucleotide Bioseqs are present
prokka_SMPYRCLA_pseudofinder/SMPYRCLA:Prokka:SMPYRCLA_1 (length 156700)

DiscRep_ALL:OVERLAPPING_GENES::49 genes overlap another gene on the same strand.
prokka_SMPYRCLA_pseudofinder/SMPYRCLA:Gene	SMPYRCLA_00009	SMPYRCLA_1:9944-10017	SMPYRCLA_00009
prokka_SMPYRCLA_pseudofinder/SMPYRCLA:Gene	SMPYRCLA_00010	SMPYRCLA_1:9959-10060	SMPYRCLA_00010
prokka_SMPYRCLA_pseudofinder/SMPYRCLA:Gene	dnaC	SMPYRCLA_1:10183-11661	SMPYRCLA_00011
prokka_SMPYRCLA_pseudofinder/SMPYRCLA:Gene	SMPYRCLA_00012	SMPYRCLA_1:11654-12490	SMPYRCLA_00012
prokka_SMPYRCLA_pseudofinder/SMPYRCLA:Gene	tilS	SMPYRCLA_1:18749-19714	SMPYRCLA_00018
prokka_SMPYRCLA_pseudofinder/SMPYRCLA:Gene	iscS	SMPYRCLA_1:19689-20822	SMPYRCLA_00019
prokka_SMPYRCLA_pseudofinder/SMPYRCLA:Gene	rplU	SMPYRCLA_1:38439-38771	SMPYRCLA_00042
prokka_SMPYRCLA_pseudofinder/SMPYRCLA:Gene	rpmA	SMPYRCLA_1:38761-39018	SMPYRCLA_00043
prokka_SMPYRCLA_pseudofinder/SMPYRCLA:Gene	SMPYRCLA_00045	SMPYRCLA_1:39363-39719	SMPYRCLA_00045
prokka_SMPYRCLA_pseudofinder/SMPYRCLA:Gene	SMPYRCLA_00046	SMPYRCLA_1:39712-39981	SMPYRCLA_00046
prokka_SMPYRCLA_pseudofinder/SMPYRCLA:Gene	rplI	SMPYRCLA_1:39986-40441	SMPYRCLA_00047
prokka_SMPYRCLA_pseudofinder/SMPYRCLA:Gene	gltX	SMPYRCLA_1:40438-41943	SMPYRCLA_00048
prokka_SMPYRCLA_pseudofinder/SMPYRCLA:Gene	ybeY	SMPYRCLA_1:43104-43496	SMPYRCLA_00051
prokka_SMPYRCLA_pseudofinder/SMPYRCLA:Gene	mnmG	SMPYRCLA_1:43472-45319	SMPYRCLA_00052
prokka_SMPYRCLA_pseudofinder/SMPYRCLA:Gene	SMPYRCLA_00054	SMPYRCLA_1:46988-48064	SMPYRCLA_00054
prokka_SMPYRCLA_pseudofinder/SMPYRCLA:Gene	lepA	SMPYRCLA_1:48061-49857	SMPYRCLA_00055
prokka_SMPYRCLA_pseudofinder/SMPYRCLA:Gene	rplM	SMPYRCLA_1:62072-62467	SMPYRCLA_00067
prokka_SMPYRCLA_pseudofinder/SMPYRCLA:Gene	rpsI	SMPYRCLA_1:62467-62847	SMPYRCLA_00068
prokka_SMPYRCLA_pseudofinder/SMPYRCLA:Gene	rplK	SMPYRCLA_1:79715-80146	SMPYRCLA_00092
prokka_SMPYRCLA_pseudofinder/SMPYRCLA:Gene	rplA	SMPYRCLA_1:80136-80768	SMPYRCLA_00093
prokka_SMPYRCLA_pseudofinder/SMPYRCLA:Gene	SMPYRCLA_00094	SMPYRCLA_1:80795-81334	SMPYRCLA_00094
prokka_SMPYRCLA_pseudofinder/SMPYRCLA:Gene	rplL	SMPYRCLA_1:81324-81692	SMPYRCLA_00095
prokka_SMPYRCLA_pseudofinder/SMPYRCLA:Gene	SMPYRCLA_00101	SMPYRCLA_1:c91722-91543	SMPYRCLA_00101
prokka_SMPYRCLA_pseudofinder/SMPYRCLA:Gene	SMPYRCLA_00102	SMPYRCLA_1:c91936-91712	SMPYRCLA_00102
prokka_SMPYRCLA_pseudofinder/SMPYRCLA:Gene	leuS	SMPYRCLA_1:c96276-93553	SMPYRCLA_00105
prokka_SMPYRCLA_pseudofinder/SMPYRCLA:Gene	tyrS1	SMPYRCLA_1:c97528-96266	SMPYRCLA_00106
prokka_SMPYRCLA_pseudofinder/SMPYRCLA:Gene	leuC	SMPYRCLA_1:98829-100244	SMPYRCLA_00108
prokka_SMPYRCLA_pseudofinder/SMPYRCLA:Gene	leuD1	SMPYRCLA_1:100231-100815	SMPYRCLA_00109
prokka_SMPYRCLA_pseudofinder/SMPYRCLA:Gene	leuB	SMPYRCLA_1:100855-101955	SMPYRCLA_00110
prokka_SMPYRCLA_pseudofinder/SMPYRCLA:Gene	SMPYRCLA_00111	SMPYRCLA_1:101930-102223	SMPYRCLA_00111
prokka_SMPYRCLA_pseudofinder/SMPYRCLA:Gene	rpsL	SMPYRCLA_1:126578-126952	SMPYRCLA_00143
prokka_SMPYRCLA_pseudofinder/SMPYRCLA:Gene	rpsG	SMPYRCLA_1:126952-127422	SMPYRCLA_00144
prokka_SMPYRCLA_pseudofinder/SMPYRCLA:Gene	rpsJ	SMPYRCLA_1:129523-129816	SMPYRCLA_00146
prokka_SMPYRCLA_pseudofinder/SMPYRCLA:Gene	rplC	SMPYRCLA_1:129810-130457	SMPYRCLA_00147
prokka_SMPYRCLA_pseudofinder/SMPYRCLA:Gene	rplD	SMPYRCLA_1:130435-131082	SMPYRCLA_00148
prokka_SMPYRCLA_pseudofinder/SMPYRCLA:Gene	rpsS	SMPYRCLA_1:132258-132548	SMPYRCLA_00151
prokka_SMPYRCLA_pseudofinder/SMPYRCLA:Gene	SMPYRCLA_00152	SMPYRCLA_1:132548-132916	SMPYRCLA_00152
prokka_SMPYRCLA_pseudofinder/SMPYRCLA:Gene	rpsC	SMPYRCLA_1:132901-133593	SMPYRCLA_00153
prokka_SMPYRCLA_pseudofinder/SMPYRCLA:Gene	rplP	SMPYRCLA_1:133571-133978	SMPYRCLA_00154
prokka_SMPYRCLA_pseudofinder/SMPYRCLA:Gene	rpsQ	SMPYRCLA_1:133975-134214	SMPYRCLA_00155
prokka_SMPYRCLA_pseudofinder/SMPYRCLA:Gene	SMPYRCLA_00157	SMPYRCLA_1:134606-134938	SMPYRCLA_00157
prokka_SMPYRCLA_pseudofinder/SMPYRCLA:Gene	rplE	SMPYRCLA_1:134922-135467	SMPYRCLA_00158
prokka_SMPYRCLA_pseudofinder/SMPYRCLA:Gene	rpoA	SMPYRCLA_1:139738-140763	SMPYRCLA_00169
prokka_SMPYRCLA_pseudofinder/SMPYRCLA:Gene	rplQ	SMPYRCLA_1:140747-141097	SMPYRCLA_00170
prokka_SMPYRCLA_pseudofinder/SMPYRCLA:Gene	rsmH	SMPYRCLA_1:141097-141999	SMPYRCLA_00171
prokka_SMPYRCLA_pseudofinder/SMPYRCLA:Gene	SMPYRCLA_00179	SMPYRCLA_1:148385-149257	SMPYRCLA_00179
prokka_SMPYRCLA_pseudofinder/SMPYRCLA:Gene	trxB	SMPYRCLA_1:149221-150162	SMPYRCLA_00180
prokka_SMPYRCLA_pseudofinder/SMPYRCLA:Gene	ilvB	SMPYRCLA_1:c154981-153302	SMPYRCLA_00185
prokka_SMPYRCLA_pseudofinder/SMPYRCLA:Gene	ilvD	SMPYRCLA_1:c156699-154978	SMPYRCLA_00186

DiscRep_ALL:RNA_CDS_OVERLAP::3 coding regions overlap RNA features
FATAL: DiscRep_SUB:RNA_CDS_OVERLAP::1 coding regions are completely contained in RNAs
prokka_SMPYRCLA_pseudofinder/SMPYRCLA:CDS	hypothetical protein	SMPYRCLA_1:70827-71285	SMPYRCLA_00079
prokka_SMPYRCLA_pseudofinder/SMPYRCLA:rRNA	23S ribosomal RNA	SMPYRCLA_1:c73574-70705	SMPYRCLA_00078

DiscRep_SUB:RNA_CDS_OVERLAP::2 coding regions overlap RNAs (no containment)
DiscRep_SUB:RNA_CDS_OVERLAP::1 coding regions overlap RNAs on the same strand (no containment)
prokka_SMPYRCLA_pseudofinder/SMPYRCLA:CDS	hypothetical protein	SMPYRCLA_1:9959-10060	SMPYRCLA_00010
prokka_SMPYRCLA_pseudofinder/SMPYRCLA:tRNA	Met	SMPYRCLA_1:9944-10017	SMPYRCLA_00009

DiscRep_SUB:RNA_CDS_OVERLAP::1 coding regions overlap RNAs on the opposite strand (no containment)
prokka_SMPYRCLA_pseudofinder/SMPYRCLA:CDS	DNA mismatch repair protein MutL	SMPYRCLA_1:c144035-142374	SMPYRCLA_00173
prokka_SMPYRCLA_pseudofinder/SMPYRCLA:RNA	RNaseP_bact_a	SMPYRCLA_1:142062-142374	SMPYRCLA_00172

DiscRep_ALL:DISC_QUALITY_SCORES::Quality scores are missing on all sequences.

DiscRep_ALL:DISC_BAD_BACTERIAL_GENE_NAME::1 bacterial genes do not start with lowercase letters
prokka_SMPYRCLA_pseudofinder/SMPYRCLA:Gene	TSFM	SMPYRCLA_1:63581-64201	SMPYRCLA_00070

DiscRep_ALL:ONCALLER_COMMENT_PRESENT::1 comment descriptors were found (all same)
prokka_SMPYRCLA_pseudofinder/SMPYRCLA:Prokka:SMPYRCLA_1:Annotated using prokka 1.14.6 from https://github.com/tseemann/prokka

DiscRep_ALL:SHORT_PROT_SEQUENCES::5 protein sequences are shorter than 50 aa.
prokka_SMPYRCLA_pseudofinder/SMPYRCLA:Prokka:SMPYRCLA_00010 (length 33)
prokka_SMPYRCLA_pseudofinder/SMPYRCLA:Prokka:SMPYRCLA_00033 (length 32)
prokka_SMPYRCLA_pseudofinder/SMPYRCLA:Prokka:SMPYRCLA_00037 (length 29)
prokka_SMPYRCLA_pseudofinder/SMPYRCLA:Prokka:SMPYRCLA_00165 (length 38)
prokka_SMPYRCLA_pseudofinder/SMPYRCLA:Prokka:SMPYRCLA_00182 (length 44)

DiscRep_ALL:MISSING_GENOMEASSEMBLY_COMMENTS::1 bioseqs are missing GenomeAssembly structured comments
prokka_SMPYRCLA_pseudofinder/SMPYRCLA:Prokka:SMPYRCLA_1 (length 156700)

DiscRep_ALL:TEST_UNUSUAL_MISC_RNA::1 unexpected misc_RNA features found.  misc_RNAs are unusual in a genome, consider using ncRNA, misc_binding, or misc_feature as appropriate.
prokka_SMPYRCLA_pseudofinder/SMPYRCLA:RNA	RNaseP_bact_a	SMPYRCLA_1:142062-142374	SMPYRCLA_00172

DiscRep_ALL:MOLTYPE_NOT_MRNA::1 molecule types are not set as mRNA.
prokka_SMPYRCLA_pseudofinder/SMPYRCLA:Prokka:SMPYRCLA_1 (length 156700)

DiscRep_ALL:TECHNIQUE_NOT_TSA::1 technique are not set as TSA
prokka_SMPYRCLA_pseudofinder/SMPYRCLA:Prokka:SMPYRCLA_1 (length 156700)

DiscRep_ALL:MISSING_STRUCTURED_COMMENT::1 sequences do not include structured comments.
prokka_SMPYRCLA_pseudofinder/SMPYRCLA:Prokka:SMPYRCLA_1 (length 156700)

DiscRep_ALL:MISSING_PROJECT::153 sequences do not include project.
prokka_SMPYRCLA_pseudofinder/SMPYRCLA:Prokka:SMPYRCLA_1 (length 156700)
prokka_SMPYRCLA_pseudofinder/SMPYRCLA:Prokka:SMPYRCLA_00001 (length 186)
prokka_SMPYRCLA_pseudofinder/SMPYRCLA:Prokka:SMPYRCLA_00002 (length 882)
prokka_SMPYRCLA_pseudofinder/SMPYRCLA:Prokka:SMPYRCLA_00003 (length 110)
prokka_SMPYRCLA_pseudofinder/SMPYRCLA:Prokka:SMPYRCLA_00004 (length 369)
prokka_SMPYRCLA_pseudofinder/SMPYRCLA:Prokka:SMPYRCLA_00005 (length 373)
prokka_SMPYRCLA_pseudofinder/SMPYRCLA:Prokka:SMPYRCLA_00006 (length 391)
prokka_SMPYRCLA_pseudofinder/SMPYRCLA:Prokka:SMPYRCLA_00007 (length 353)
prokka_SMPYRCLA_pseudofinder/SMPYRCLA:Prokka:SMPYRCLA_00008 (length 253)
prokka_SMPYRCLA_pseudofinder/SMPYRCLA:Prokka:SMPYRCLA_00010 (length 33)
prokka_SMPYRCLA_pseudofinder/SMPYRCLA:Prokka:SMPYRCLA_00011 (length 492)
prokka_SMPYRCLA_pseudofinder/SMPYRCLA:Prokka:SMPYRCLA_00012 (length 278)
prokka_SMPYRCLA_pseudofinder/SMPYRCLA:Prokka:SMPYRCLA_00013 (length 451)
prokka_SMPYRCLA_pseudofinder/SMPYRCLA:Prokka:SMPYRCLA_00015 (length 1311)
prokka_SMPYRCLA_pseudofinder/SMPYRCLA:Prokka:SMPYRCLA_00018 (length 321)
prokka_SMPYRCLA_pseudofinder/SMPYRCLA:Prokka:SMPYRCLA_00019 (length 377)
prokka_SMPYRCLA_pseudofinder/SMPYRCLA:Prokka:SMPYRCLA_00020 (length 485)
prokka_SMPYRCLA_pseudofinder/SMPYRCLA:Prokka:SMPYRCLA_00022 (length 600)
prokka_SMPYRCLA_pseudofinder/SMPYRCLA:Prokka:SMPYRCLA_00023 (length 474)
prokka_SMPYRCLA_pseudofinder/SMPYRCLA:Prokka:SMPYRCLA_00024 (length 120)
prokka_SMPYRCLA_pseudofinder/SMPYRCLA:Prokka:SMPYRCLA_00025 (length 652)
prokka_SMPYRCLA_pseudofinder/SMPYRCLA:Prokka:SMPYRCLA_00029 (length 417)
prokka_SMPYRCLA_pseudofinder/SMPYRCLA:Prokka:SMPYRCLA_00030 (length 444)
prokka_SMPYRCLA_pseudofinder/SMPYRCLA:Prokka:SMPYRCLA_00031 (length 282)
prokka_SMPYRCLA_pseudofinder/SMPYRCLA:Prokka:SMPYRCLA_00032 (length 260)
prokka_SMPYRCLA_pseudofinder/SMPYRCLA:Prokka:SMPYRCLA_00033 (length 32)
prokka_SMPYRCLA_pseudofinder/SMPYRCLA:Prokka:SMPYRCLA_00034 (length 210)
prokka_SMPYRCLA_pseudofinder/SMPYRCLA:Prokka:SMPYRCLA_00037 (length 29)
prokka_SMPYRCLA_pseudofinder/SMPYRCLA:Prokka:SMPYRCLA_00038 (length 318)
prokka_SMPYRCLA_pseudofinder/SMPYRCLA:Prokka:SMPYRCLA_00039 (length 177)
prokka_SMPYRCLA_pseudofinder/SMPYRCLA:Prokka:SMPYRCLA_00040 (length 439)
prokka_SMPYRCLA_pseudofinder/SMPYRCLA:Prokka:SMPYRCLA_00042 (length 110)
prokka_SMPYRCLA_pseudofinder/SMPYRCLA:Prokka:SMPYRCLA_00043 (length 85)
prokka_SMPYRCLA_pseudofinder/SMPYRCLA:Prokka:SMPYRCLA_00045 (length 118)
prokka_SMPYRCLA_pseudofinder/SMPYRCLA:Prokka:SMPYRCLA_00046 (length 89)
prokka_SMPYRCLA_pseudofinder/SMPYRCLA:Prokka:SMPYRCLA_00047 (length 151)
prokka_SMPYRCLA_pseudofinder/SMPYRCLA:Prokka:SMPYRCLA_00048 (length 501)
prokka_SMPYRCLA_pseudofinder/SMPYRCLA:Prokka:SMPYRCLA_00049 (length 249)
prokka_SMPYRCLA_pseudofinder/SMPYRCLA:Prokka:SMPYRCLA_00051 (length 130)
prokka_SMPYRCLA_pseudofinder/SMPYRCLA:Prokka:SMPYRCLA_00052 (length 615)
prokka_SMPYRCLA_pseudofinder/SMPYRCLA:Prokka:SMPYRCLA_00053 (length 539)
prokka_SMPYRCLA_pseudofinder/SMPYRCLA:Prokka:SMPYRCLA_00054 (length 358)
prokka_SMPYRCLA_pseudofinder/SMPYRCLA:Prokka:SMPYRCLA_00055 (length 598)
prokka_SMPYRCLA_pseudofinder/SMPYRCLA:Prokka:SMPYRCLA_00057 (length 1143)
prokka_SMPYRCLA_pseudofinder/SMPYRCLA:Prokka:SMPYRCLA_00058 (length 215)
prokka_SMPYRCLA_pseudofinder/SMPYRCLA:Prokka:SMPYRCLA_00059 (length 365)
prokka_SMPYRCLA_pseudofinder/SMPYRCLA:Prokka:SMPYRCLA_00060 (length 390)
prokka_SMPYRCLA_pseudofinder/SMPYRCLA:Prokka:SMPYRCLA_00061 (length 352)
prokka_SMPYRCLA_pseudofinder/SMPYRCLA:Prokka:SMPYRCLA_00062 (length 150)
prokka_SMPYRCLA_pseudofinder/SMPYRCLA:Prokka:SMPYRCLA_00063 (length 113)
prokka_SMPYRCLA_pseudofinder/SMPYRCLA:Prokka:SMPYRCLA_00064 (length 68)
prokka_SMPYRCLA_pseudofinder/SMPYRCLA:Prokka:SMPYRCLA_00065 (length 184)
prokka_SMPYRCLA_pseudofinder/SMPYRCLA:Prokka:SMPYRCLA_00066 (length 628)
prokka_SMPYRCLA_pseudofinder/SMPYRCLA:Prokka:SMPYRCLA_00067 (length 131)
prokka_SMPYRCLA_pseudofinder/SMPYRCLA:Prokka:SMPYRCLA_00068 (length 126)
prokka_SMPYRCLA_pseudofinder/SMPYRCLA:Prokka:SMPYRCLA_00069 (length 235)
prokka_SMPYRCLA_pseudofinder/SMPYRCLA:Prokka:SMPYRCLA_00070 (length 206)
prokka_SMPYRCLA_pseudofinder/SMPYRCLA:Prokka:SMPYRCLA_00073 (length 840)
prokka_SMPYRCLA_pseudofinder/SMPYRCLA:Prokka:SMPYRCLA_00074 (length 404)
prokka_SMPYRCLA_pseudofinder/SMPYRCLA:Prokka:SMPYRCLA_00075 (length 216)
prokka_SMPYRCLA_pseudofinder/SMPYRCLA:Prokka:SMPYRCLA_00076 (length 343)
prokka_SMPYRCLA_pseudofinder/SMPYRCLA:Prokka:SMPYRCLA_00079 (length 152)
prokka_SMPYRCLA_pseudofinder/SMPYRCLA:Prokka:SMPYRCLA_00083 (length 527)
prokka_SMPYRCLA_pseudofinder/SMPYRCLA:Prokka:SMPYRCLA_00084 (length 137)
prokka_SMPYRCLA_pseudofinder/SMPYRCLA:Prokka:SMPYRCLA_00085 (length 207)
prokka_SMPYRCLA_pseudofinder/SMPYRCLA:Prokka:SMPYRCLA_00090 (length 395)
prokka_SMPYRCLA_pseudofinder/SMPYRCLA:Prokka:SMPYRCLA_00092 (length 143)
prokka_SMPYRCLA_pseudofinder/SMPYRCLA:Prokka:SMPYRCLA_00093 (length 210)
prokka_SMPYRCLA_pseudofinder/SMPYRCLA:Prokka:SMPYRCLA_00094 (length 179)
prokka_SMPYRCLA_pseudofinder/SMPYRCLA:Prokka:SMPYRCLA_00095 (length 122)
prokka_SMPYRCLA_pseudofinder/SMPYRCLA:Prokka:SMPYRCLA_00096 (length 1231)
prokka_SMPYRCLA_pseudofinder/SMPYRCLA:Prokka:SMPYRCLA_00097 (length 1372)
prokka_SMPYRCLA_pseudofinder/SMPYRCLA:Prokka:SMPYRCLA_00098 (length 248)
prokka_SMPYRCLA_pseudofinder/SMPYRCLA:Prokka:SMPYRCLA_00099 (length 324)
prokka_SMPYRCLA_pseudofinder/SMPYRCLA:Prokka:SMPYRCLA_00101 (length 59)
prokka_SMPYRCLA_pseudofinder/SMPYRCLA:Prokka:SMPYRCLA_00102 (length 74)
prokka_SMPYRCLA_pseudofinder/SMPYRCLA:Prokka:SMPYRCLA_00103 (length 414)
prokka_SMPYRCLA_pseudofinder/SMPYRCLA:Prokka:SMPYRCLA_00105 (length 907)
prokka_SMPYRCLA_pseudofinder/SMPYRCLA:Prokka:SMPYRCLA_00106 (length 420)
prokka_SMPYRCLA_pseudofinder/SMPYRCLA:Prokka:SMPYRCLA_00107 (length 386)
prokka_SMPYRCLA_pseudofinder/SMPYRCLA:Prokka:SMPYRCLA_00108 (length 471)
prokka_SMPYRCLA_pseudofinder/SMPYRCLA:Prokka:SMPYRCLA_00109 (length 194)
prokka_SMPYRCLA_pseudofinder/SMPYRCLA:Prokka:SMPYRCLA_00110 (length 366)
prokka_SMPYRCLA_pseudofinder/SMPYRCLA:Prokka:SMPYRCLA_00111 (length 97)
prokka_SMPYRCLA_pseudofinder/SMPYRCLA:Prokka:SMPYRCLA_00112 (length 148)
prokka_SMPYRCLA_pseudofinder/SMPYRCLA:Prokka:SMPYRCLA_00113 (length 143)
prokka_SMPYRCLA_pseudofinder/SMPYRCLA:Prokka:SMPYRCLA_00114 (length 263)
prokka_SMPYRCLA_pseudofinder/SMPYRCLA:Prokka:SMPYRCLA_00115 (length 64)
prokka_SMPYRCLA_pseudofinder/SMPYRCLA:Prokka:SMPYRCLA_00116 (length 321)
prokka_SMPYRCLA_pseudofinder/SMPYRCLA:Prokka:SMPYRCLA_00117 (length 463)
prokka_SMPYRCLA_pseudofinder/SMPYRCLA:Prokka:SMPYRCLA_00120 (length 107)
prokka_SMPYRCLA_pseudofinder/SMPYRCLA:Prokka:SMPYRCLA_00121 (length 57)
prokka_SMPYRCLA_pseudofinder/SMPYRCLA:Prokka:SMPYRCLA_00122 (length 157)
prokka_SMPYRCLA_pseudofinder/SMPYRCLA:Prokka:SMPYRCLA_00123 (length 127)
prokka_SMPYRCLA_pseudofinder/SMPYRCLA:Prokka:SMPYRCLA_00124 (length 548)
prokka_SMPYRCLA_pseudofinder/SMPYRCLA:Prokka:SMPYRCLA_00125 (length 90)
prokka_SMPYRCLA_pseudofinder/SMPYRCLA:Prokka:SMPYRCLA_00126 (length 434)
prokka_SMPYRCLA_pseudofinder/SMPYRCLA:Prokka:SMPYRCLA_00127 (length 481)
prokka_SMPYRCLA_pseudofinder/SMPYRCLA:Prokka:SMPYRCLA_00128 (length 247)
prokka_SMPYRCLA_pseudofinder/SMPYRCLA:Prokka:SMPYRCLA_00129 (length 439)
prokka_SMPYRCLA_pseudofinder/SMPYRCLA:Prokka:SMPYRCLA_00130 (length 402)
prokka_SMPYRCLA_pseudofinder/SMPYRCLA:Prokka:SMPYRCLA_00131 (length 567)
prokka_SMPYRCLA_pseudofinder/SMPYRCLA:Prokka:SMPYRCLA_00132 (length 74)
prokka_SMPYRCLA_pseudofinder/SMPYRCLA:Prokka:SMPYRCLA_00134 (length 92)
prokka_SMPYRCLA_pseudofinder/SMPYRCLA:Prokka:SMPYRCLA_00136 (length 61)
prokka_SMPYRCLA_pseudofinder/SMPYRCLA:Prokka:SMPYRCLA_00137 (length 326)
prokka_SMPYRCLA_pseudofinder/SMPYRCLA:Prokka:SMPYRCLA_00138 (length 308)
prokka_SMPYRCLA_pseudofinder/SMPYRCLA:Prokka:SMPYRCLA_00139 (length 706)
prokka_SMPYRCLA_pseudofinder/SMPYRCLA:Prokka:SMPYRCLA_00140 (length 58)
prokka_SMPYRCLA_pseudofinder/SMPYRCLA:Prokka:SMPYRCLA_00141 (length 85)
prokka_SMPYRCLA_pseudofinder/SMPYRCLA:Prokka:SMPYRCLA_00142 (length 334)
prokka_SMPYRCLA_pseudofinder/SMPYRCLA:Prokka:SMPYRCLA_00143 (length 124)
prokka_SMPYRCLA_pseudofinder/SMPYRCLA:Prokka:SMPYRCLA_00144 (length 156)
prokka_SMPYRCLA_pseudofinder/SMPYRCLA:Prokka:SMPYRCLA_00145 (length 694)
prokka_SMPYRCLA_pseudofinder/SMPYRCLA:Prokka:SMPYRCLA_00146 (length 97)
prokka_SMPYRCLA_pseudofinder/SMPYRCLA:Prokka:SMPYRCLA_00147 (length 215)
prokka_SMPYRCLA_pseudofinder/SMPYRCLA:Prokka:SMPYRCLA_00148 (length 215)
prokka_SMPYRCLA_pseudofinder/SMPYRCLA:Prokka:SMPYRCLA_00149 (length 110)
prokka_SMPYRCLA_pseudofinder/SMPYRCLA:Prokka:SMPYRCLA_00150 (length 275)
prokka_SMPYRCLA_pseudofinder/SMPYRCLA:Prokka:SMPYRCLA_00151 (length 96)
prokka_SMPYRCLA_pseudofinder/SMPYRCLA:Prokka:SMPYRCLA_00152 (length 122)
prokka_SMPYRCLA_pseudofinder/SMPYRCLA:Prokka:SMPYRCLA_00153 (length 230)
prokka_SMPYRCLA_pseudofinder/SMPYRCLA:Prokka:SMPYRCLA_00154 (length 135)
prokka_SMPYRCLA_pseudofinder/SMPYRCLA:Prokka:SMPYRCLA_00155 (length 79)
prokka_SMPYRCLA_pseudofinder/SMPYRCLA:Prokka:SMPYRCLA_00156 (length 122)
prokka_SMPYRCLA_pseudofinder/SMPYRCLA:Prokka:SMPYRCLA_00157 (length 110)
prokka_SMPYRCLA_pseudofinder/SMPYRCLA:Prokka:SMPYRCLA_00158 (length 181)
prokka_SMPYRCLA_pseudofinder/SMPYRCLA:Prokka:SMPYRCLA_00159 (length 89)
prokka_SMPYRCLA_pseudofinder/SMPYRCLA:Prokka:SMPYRCLA_00160 (length 129)
prokka_SMPYRCLA_pseudofinder/SMPYRCLA:Prokka:SMPYRCLA_00161 (length 188)
prokka_SMPYRCLA_pseudofinder/SMPYRCLA:Prokka:SMPYRCLA_00162 (length 95)
prokka_SMPYRCLA_pseudofinder/SMPYRCLA:Prokka:SMPYRCLA_00163 (length 164)
prokka_SMPYRCLA_pseudofinder/SMPYRCLA:Prokka:SMPYRCLA_00164 (length 150)
prokka_SMPYRCLA_pseudofinder/SMPYRCLA:Prokka:SMPYRCLA_00165 (length 38)
prokka_SMPYRCLA_pseudofinder/SMPYRCLA:Prokka:SMPYRCLA_00166 (length 127)
prokka_SMPYRCLA_pseudofinder/SMPYRCLA:Prokka:SMPYRCLA_00167 (length 117)
prokka_SMPYRCLA_pseudofinder/SMPYRCLA:Prokka:SMPYRCLA_00168 (length 198)
prokka_SMPYRCLA_pseudofinder/SMPYRCLA:Prokka:SMPYRCLA_00169 (length 341)
prokka_SMPYRCLA_pseudofinder/SMPYRCLA:Prokka:SMPYRCLA_00170 (length 116)
prokka_SMPYRCLA_pseudofinder/SMPYRCLA:Prokka:SMPYRCLA_00171 (length 300)
prokka_SMPYRCLA_pseudofinder/SMPYRCLA:Prokka:SMPYRCLA_00173 (length 553)
prokka_SMPYRCLA_pseudofinder/SMPYRCLA:Prokka:SMPYRCLA_00174 (length 493)
prokka_SMPYRCLA_pseudofinder/SMPYRCLA:Prokka:SMPYRCLA_00176 (length 329)
prokka_SMPYRCLA_pseudofinder/SMPYRCLA:Prokka:SMPYRCLA_00177 (length 364)
prokka_SMPYRCLA_pseudofinder/SMPYRCLA:Prokka:SMPYRCLA_00178 (length 133)
prokka_SMPYRCLA_pseudofinder/SMPYRCLA:Prokka:SMPYRCLA_00179 (length 290)
prokka_SMPYRCLA_pseudofinder/SMPYRCLA:Prokka:SMPYRCLA_00180 (length 313)
prokka_SMPYRCLA_pseudofinder/SMPYRCLA:Prokka:SMPYRCLA_00181 (length 59)
prokka_SMPYRCLA_pseudofinder/SMPYRCLA:Prokka:SMPYRCLA_00182 (length 44)
prokka_SMPYRCLA_pseudofinder/SMPYRCLA:Prokka:SMPYRCLA_00183 (length 344)
prokka_SMPYRCLA_pseudofinder/SMPYRCLA:Prokka:SMPYRCLA_00184 (length 78)
prokka_SMPYRCLA_pseudofinder/SMPYRCLA:Prokka:SMPYRCLA_00185 (length 559)
prokka_SMPYRCLA_pseudofinder/SMPYRCLA:Prokka:SMPYRCLA_00186 (length 573)

DiscRep_ALL:DISC_INCONSISTENT_MOLINFO_TECH::Molinfo Technique Report (some missing, all same)
DiscRep_SUB:DISC_INCONSISTENT_MOLINFO_TECH::technique (all missing)
DiscRep_SUB:DISC_INCONSISTENT_MOLINFO_TECH::1 Molinfos are missing field technique
prokka_SMPYRCLA_pseudofinder/SMPYRCLA:Prokka:SMPYRCLA_1 (length 156700)

