[10:01:14] This is prokka 1.13
[10:01:14] Written by Torsten Seemann <torsten.seemann@gmail.com>
[10:01:14] Homepage is https://github.com/tseemann/prokka
[10:01:14] Local time is Mon Dec 18 10:01:14 2023
[10:01:14] You are diego
[10:01:14] Operating system is linux
[10:01:14] You have BioPerl 1.007002
[10:01:14] System has 32 cores.
[10:01:14] Option --cpu asked for 40 cores, but system only has 32
[10:01:14] Will use maximum of 32 cores.
[10:01:14] Annotating as >>> Bacteria <<<
[10:01:14] Enabling options to ensure Genbank/ENA/DDJB submission compliance.
[10:01:14] Creating new output folder: prokka_SMCATAR1
[10:01:14] Running: mkdir -p prokka_SMCATAR1
[10:01:14] Using filename prefix: prokka_SMCATAR1.XXX
[10:01:14] Setting HMMER_NCPU=1
[10:01:14] Writing log to: prokka_SMCATAR1/prokka_SMCATAR1.log
[10:01:14] Command: /home/diego/miniconda3/envs/prokka_env/bin/prokka SMCATAR1.fasta --prefix prokka_SMCATAR1 --outdir prokka_SMCATAR1 --cpus 40 --locustag SMCATAR1 --compliant --gcode 11
[10:01:14] Appending to PATH: /home/diego/miniconda3/envs/prokka_env/bin
[10:01:14] Looking for 'aragorn' - found /home/diego/miniconda3/envs/prokka_env/bin/aragorn
[10:01:14] Determined aragorn version is 1.2
[10:01:14] Looking for 'barrnap' - found /home/diego/miniconda3/envs/prokka_env/bin/barrnap
[10:01:14] Determined barrnap version is 0.9
[10:01:14] Looking for 'blastp' - found /home/diego/miniconda3/envs/prokka_env/bin/blastp
[10:01:14] Determined blastp version is 2.14
[10:01:14] Looking for 'cmpress' - found /home/diego/miniconda3/envs/prokka_env/bin/cmpress
[10:01:14] Determined cmpress version is 1.1
[10:01:14] Looking for 'cmscan' - found /home/diego/miniconda3/envs/prokka_env/bin/cmscan
[10:01:14] Determined cmscan version is 1.1
[10:01:14] Looking for 'egrep' - found /usr/bin/egrep
[10:01:14] Looking for 'find' - found /usr/bin/find
[10:01:14] Looking for 'grep' - found /usr/bin/grep
[10:01:14] Looking for 'hmmpress' - found /home/diego/miniconda3/envs/prokka_env/bin/hmmpress
[10:01:14] Determined hmmpress version is 3.3
[10:01:14] Looking for 'hmmscan' - found /home/diego/miniconda3/envs/prokka_env/bin/hmmscan
[10:01:14] Determined hmmscan version is 3.3
[10:01:14] Looking for 'java' - found /home/diego/miniconda3/envs/prokka_env/bin/java
[10:01:14] Looking for 'less' - found /usr/bin/less
[10:01:14] Looking for 'makeblastdb' - found /home/diego/miniconda3/envs/prokka_env/bin/makeblastdb
[10:01:14] Determined makeblastdb version is 2.14
[10:01:14] Looking for 'minced' - found /home/diego/miniconda3/envs/prokka_env/bin/minced
[10:01:14] Determined minced version is 4.2
[10:01:14] Looking for 'parallel' - found /home/diego/miniconda3/envs/prokka_env/bin/parallel
[10:01:14] Determined parallel version is 20160622
[10:01:14] Looking for 'prodigal' - found /home/diego/miniconda3/envs/prokka_env/bin/prodigal
[10:01:14] Determined prodigal version is 2.6
[10:01:14] Looking for 'prokka-genbank_to_fasta_db' - found /home/diego/miniconda3/envs/prokka_env/bin/prokka-genbank_to_fasta_db
[10:01:14] Looking for 'rnammer' - found /home/diego/rnammer-1.2.src/rnammer
[10:01:14] Determined rnammer version is 1.2
[10:01:14] Looking for 'sed' - found /usr/bin/sed
[10:01:14] Looking for 'tbl2asn' - found /home/diego/miniconda3/envs/prokka_env/bin/tbl2asn
[10:01:14] Determined tbl2asn version is 25.8
[10:01:14] Using genetic code table 11.
[10:01:14] Loading and checking input file: SMCATAR1.fasta
[10:01:14] Wrote 1 contigs totalling 161808 bp.
[10:01:14] Predicting tRNAs and tmRNAs
[10:01:14] Running: aragorn -l -gc11  -w prokka_SMCATAR1\/prokka_SMCATAR1\.fna
[10:01:14] 1 tRNA-Glu [35150,35223] 35 (ttc)
[10:01:14] 2 tRNA-Leu c[51278,51351] 35 (gag)
[10:01:14] 3 tRNA-Met [52184,52257] 35 (cat)
[10:01:14] 4 tRNA-Leu [62225,62313] 35 (taa)
[10:01:14] 5 tRNA-His c[65254,65329] 36 (gtg)
[10:01:14] 6 tRNA-Trp c[76937,77009] 34 (cca)
[10:01:14] 7 tRNA-Gly c[78433,78506] 35 (tcc)
[10:01:14] 8 tRNA-Tyr c[78571,78652] 35 (gta)
[10:01:14] 9 tRNA-Thr c[78728,78803] 36 (tgt)
[10:01:14] 10 tRNA-Ile [82802,82876] 36 (gat)
[10:01:14] 11 tRNA-Ala [83569,83642] 35 (tgc)
[10:01:14] 12 tRNA-Gly [92730,92802] 34 (gcc)
[10:01:14] 13 tRNA-Leu [93051,93133] 35 (taa)
[10:01:14] 14 tRNA-Pro c[98061,98135] 36 (tgg)
[10:01:14] 15 tRNA-Ser c[98234,98315] 34 (gct)
[10:01:14] 16 tRNA-Arg c[98831,98905] 35 (tct)
[10:01:14] 17 tRNA-Val [110298,110372] 36 (tac)
[10:01:14] 18 tRNA-Asp [114507,114580] 35 (gtc)
[10:01:14] 19 tRNA-Lys c[114609,114681] 34 (ttt)
[10:01:14] 20 tRNA-Ser [118533,118619] 36 (tga)
[10:01:14] 21 tRNA-Leu c[131694,131777] 35 (caa)
[10:01:14] 22 tRNA-Leu c[131810,131895] 36 (tag)
[10:01:14] 23 tRNA-Met [136378,136453] 36 (cat)
[10:01:14] 24 tmRNA [137165,137442] 99,125 GKNYSLAA*
[10:01:14] 25 tRNA-Cys [139557,139627] 33 (gca)
[10:01:14] 26 tRNA-Asn [146246,146321] 35 (gtt)
[10:01:14] 27 tRNA-Met c[150058,150132] 35 (cat)
[10:01:14] Found 27 tRNAs
[10:01:14] Predicting Ribosomal RNAs
[10:01:14] Running Barrnap with 32 threads
[10:01:15] 1 gnl|Prokka|SMCATAR1_1 81140 16S ribosomal RNA
[10:01:15] 2 gnl|Prokka|SMCATAR1_1 83695 23S ribosomal RNA
[10:01:15] 3 gnl|Prokka|SMCATAR1_1 86658 5S ribosomal RNA
[10:01:15] Found 3 rRNAs
[10:01:15] Skipping ncRNA search, enable with --rfam if desired.
[10:01:15] Total of 29 tRNA + rRNA features
[10:01:15] Searching for CRISPR repeats
[10:01:15] Found 0 CRISPRs
[10:01:15] Predicting coding sequences
[10:01:15] Contigs total 161808 bp, so using single mode
[10:01:15] Running: prodigal -i prokka_SMCATAR1\/prokka_SMCATAR1\.fna -c -m -g 11 -p single -f sco -q
[10:01:15] Excluding CDS which overlaps existing RNA (tRNA) at gnl|Prokka|SMCATAR1_1:35215..35499 on + strand
[10:01:15] Excluding CDS which overlaps existing RNA (tRNA) at gnl|Prokka|SMCATAR1_1:59502..62225 on + strand
[10:01:15] Excluding CDS which overlaps existing RNA (tRNA) at gnl|Prokka|SMCATAR1_1:65212..65331 on - strand
[10:01:15] Excluding CDS which overlaps existing RNA (tRNA) at gnl|Prokka|SMCATAR1_1:65306..66322 on - strand
[10:01:15] Found 146 CDS
[10:01:15] Connecting features back to sequences
[10:01:15] Not using genus-specific database. Try --usegenus to enable it.
[10:01:15] Annotating CDS, please be patient.
[10:01:15] Will use 32 CPUs for similarity searching.
[10:01:16] There are still 146 unannotated CDS left (started with 146)
[10:01:16] Will use blast to search against /home/diego/miniconda3/envs/prokka_env/bin/../db/kingdom/Bacteria/sprot with 32 CPUs
[10:01:16] Running: cat prokka_SMCATAR1\/sprot\.faa | parallel --gnu --plain -j 32 --block 640 --recstart '>' --pipe blastp -query - -db /home/diego/miniconda3/envs/prokka_env/bin/../db/kingdom/Bacteria/sprot -evalue 1e-06 -num_threads 1 -num_descriptions 1 -num_alignments 1 -seg no > prokka_SMCATAR1\/sprot\.blast 2> /dev/null
[10:01:17] Modify product: Probable ATP-dependent transporter SufC => putative ATP-dependent transporter SufC
[10:01:17] Cleaned 1 /product names
[10:01:17] Deleting unwanted file: prokka_SMCATAR1/sprot.faa
[10:01:17] Deleting unwanted file: prokka_SMCATAR1/sprot.blast
[10:01:17] There are still 25 unannotated CDS left (started with 146)
[10:01:17] Will use hmmer3 to search against /home/diego/miniconda3/envs/prokka_env/bin/../db/hmm/HAMAP.hmm with 32 CPUs
[10:01:17] Running: cat prokka_SMCATAR1\/HAMAP\.hmm\.faa | parallel --gnu --plain -j 32 --block 43 --recstart '>' --pipe hmmscan --noali --notextw --acc -E 1e-06 --cpu 1 /home/diego/miniconda3/envs/prokka_env/bin/../db/hmm/HAMAP.hmm /dev/stdin > prokka_SMCATAR1\/HAMAP\.hmm\.hmmer3 2> /dev/null
[10:01:18] Deleting unwanted file: prokka_SMCATAR1/HAMAP.hmm.faa
[10:01:18] Deleting unwanted file: prokka_SMCATAR1/HAMAP.hmm.hmmer3
[10:01:18] Labelling remaining 16 proteins as 'hypothetical protein'
[10:01:18] Possible /pseudo 'Valine--tRNA ligase' at gnl|Prokka|SMCATAR1_1 position 2576
[10:01:18] Possible /pseudo 'Polyribonucleotide nucleotidyltransferase' at gnl|Prokka|SMCATAR1_1 position 30299
[10:01:18] Possible /pseudo 'Polyribonucleotide nucleotidyltransferase' at gnl|Prokka|SMCATAR1_1 position 30851
[10:01:18] Possible /pseudo 'Polyribonucleotide nucleotidyltransferase' at gnl|Prokka|SMCATAR1_1 position 31067
[10:01:18] Found 125 unique /gene codes.
[10:01:18] Fixed 2 duplicate /gene - valS_1 valS_2
[10:01:18] Fixed 4 duplicate /gene - pnp_1 pnp_2 pnp_3 pnp_4
[10:01:18] Fixed 2 colliding /gene names.
[10:01:18] Adding /locus_tag identifiers
[10:01:18] Assigned 176 locus_tags to CDS and RNA features.
[10:01:18] Writing outputs to prokka_SMCATAR1/
[10:01:18] Generating annotation statistics file
[10:01:18] Generating Genbank and Sequin files
[10:01:18] Running: tbl2asn -V b -a r10k -l paired-ends -M n -N 1 -y 'Annotated using prokka 1.13 from https://github.com/tseemann/prokka' -Z prokka_SMCATAR1\/prokka_SMCATAR1\.err -i prokka_SMCATAR1\/prokka_SMCATAR1\.fsa 2> /dev/null
[10:01:18] Deleting unwanted file: prokka_SMCATAR1/errorsummary.val
[10:01:18] Deleting unwanted file: prokka_SMCATAR1/prokka_SMCATAR1.dr
[10:01:18] Deleting unwanted file: prokka_SMCATAR1/prokka_SMCATAR1.fixedproducts
[10:01:18] Deleting unwanted file: prokka_SMCATAR1/prokka_SMCATAR1.ecn
[10:01:18] Deleting unwanted file: prokka_SMCATAR1/prokka_SMCATAR1.val
[10:01:18] Repairing broken .GBK output that tbl2asn produces...
[10:01:18] Running: sed 's/COORDINATES: profile/COORDINATES:profile/' < prokka_SMCATAR1\/prokka_SMCATAR1\.gbf > prokka_SMCATAR1\/prokka_SMCATAR1\.gbk
[10:01:18] Deleting unwanted file: prokka_SMCATAR1/prokka_SMCATAR1.gbf
[10:01:18] Output files:
[10:01:18] prokka_SMCATAR1/prokka_SMCATAR1.tbl
[10:01:18] prokka_SMCATAR1/prokka_SMCATAR1.log
[10:01:18] prokka_SMCATAR1/prokka_SMCATAR1.fsa
[10:01:18] prokka_SMCATAR1/prokka_SMCATAR1.err
[10:01:18] prokka_SMCATAR1/prokka_SMCATAR1.gbk
[10:01:18] prokka_SMCATAR1/prokka_SMCATAR1.faa
[10:01:18] prokka_SMCATAR1/prokka_SMCATAR1.tsv
[10:01:18] prokka_SMCATAR1/prokka_SMCATAR1.ffn
[10:01:18] prokka_SMCATAR1/prokka_SMCATAR1.fna
[10:01:18] prokka_SMCATAR1/prokka_SMCATAR1.sqn
[10:01:18] prokka_SMCATAR1/prokka_SMCATAR1.txt
[10:01:18] prokka_SMCATAR1/prokka_SMCATAR1.gff
[10:01:18] Annotation finished successfully.
[10:01:18] Walltime used: 0.07 minutes
[10:01:18] If you use this result please cite the Prokka paper:
[10:01:18] Seemann T (2014) Prokka: rapid prokaryotic genome annotation. Bioinformatics. 30(14):2068-9.
[10:01:18] Type 'prokka --citation' for more details.
[10:01:18] Thank you, come again.
